00001 
00002 RDSEED32 is broken. Disabling the corresponding CPUID bit.
00003 init: failed to load nvme_core
00003 init: failed to load nvme
00003 init: failed to load zfs
00005 LNetError: 1:0:(lib-socket.c:619:lnet_inet_enumerate()) lnet: Can't find any usable interfaces, rc = -ENOENT
00005 LNetError: Error -100 starting up LNI tcp
00005 LustreError: 1:0:(events.c:627:ptlrpc_init_portals()) network initialisation failed: rc = -100
00006 init: finit_module /lib/modules/7.0.0-ktest-00e7a19-6330a45-20260723-dirty/updates/ptlrpc.ko: Network is down
00006 init: failed to load lustre
00006 init: failed to load osd_zfs
00006 init: failed to load iwlwifi
00006 init: failed to load iwlmvm
00006 init: failed to load mt7921e
00006 init: failed to load i915
00006 init: failed to load nouveau
00020 tlp: vm.laptop_mode is deprecated. Ignoring setting.
00020 Kernel version: 7.0.0-ktest-00e7a19-6330a45-20260723-dirty
00020 hook init_noop
00020 
00020 Running tests mgs-setup
00020 
00021 ========= TEST   mgs-setup
00021 /host/home/ktest/git/lustre-release/lustre/tests/test-framework.sh: line 6934: cd: HOME not set
00021 /host/home/ktest/git/lustre-release/lustre/tests/test-framework.sh: line 6934: cd: HOME not set
00021 /host/home/ktest/git/lustre-release/lustre/tests/test-framework.sh: line 6934: cd: HOME not set
00023 MGS_OS_VERSION_ID=24.04
00023 MGS_OS_ID=ubuntu
00023 MGS_OS_VERSION_CODE=402915328
00023 MGS_OS_ID_LIKE=debian ubuntu
00023 MDS1_OS_ID=ubuntu
00023 MDS1_OS_VERSION_CODE=402915328
00023 MDS1_OS_ID_LIKE=debian ubuntu
00023 MDS1_OS_VERSION_ID=24.04
00023 OST1_OS_VERSION_ID=24.04
00023 OST1_OS_VERSION_CODE=402915328
00023 OST1_OS_ID=ubuntu
00023 OST1_OS_ID_LIKE=debian ubuntu
00023 CLIENT_OS_VERSION_ID=24.04
00023 CLIENT_OS_ID_LIKE=debian ubuntu
00023 CLIENT_OS_ID=ubuntu
00023 CLIENT_OS_VERSION_CODE=402915328
00023 Loading modules from /host/home/ktest/git/lustre-release/lustre
00023 detected 16 online CPUs by sysfs
00023 MODOPTS_LIBCFS=
00023 libcfs will create CPU partition based on online CPUs
00024 LNet: Added LNI 10.0.2.15@tcp [8/256/0/180]
00024 gss/krb5 is not supported
00025 Lustre: Echo OBD driver; http://www.lustre.org/
00026 
00026 
00031 
00031 
00031 
00031 Lustre: server umount MGS0000 complete
00031 
00031 Removed directory: /mnt/lustre-VLhJWw-MGS0000
00031 
00031 ========= PASSED mgs-setup in 12s
00031 
00031 Passed: mgs-setup
00031 Failed: 
00031 NOTICE: Automounting of tracing to debugfs is deprecated and will be removed in 2030
00031 Kernel version: 7.0.0-ktest-00e7a19-6330a45-20260723-dirty
00031 TEST SUCCESS
