CLI: ./podman-ktest --podman-socket unix:///run/podman/podman.sock --shared-filesystem /tmp --tarball-input job lustre-ci --output /var/www/ci-lustre/upstream-patch-review --git-hash 00f07e744918cd1fb602e4651ba98a29c0cecd3a --change-id 64320_00f07e744918cd1fb602e4651ba98a29c0cecd3a --subject LU-19921 target: add target verification

  Checking /dev/kvm exists... OK
  Checking /dev/kvm permissions... OK
  Creating ccache directory... OK
  Checking ccache directory writable... OK

Environment validated successfully
Creating kernel tarball at /tmp/ktest-kernel.tar.gz...
Creating lustre tarball at /tmp/ktest-lustre.tar.gz...
Executing 16 jobs
Jobs will start as soon as their dependencies are satisfied
Using tarball input mode

START lustre_mainline_strict build tests/fs/lustre/boot-strict.ktest
START checkpatch tool checkpatch
START u24 build tests/fs/lustre/boot.ktest
START al2023 build tests/fs/lustre/boot.ktest
START lustre_mainline build tests/fs/lustre/boot.ktest
START lustre_mainline_native build tests/fs/lustre/boot.ktest
PUT /tmp/ktest-kernel.tar.gz 8s
PUT /tmp/ktest-kernel.tar.gz 8s
PUT /tmp/ktest-kernel.tar.gz 8s
PUT /tmp/ktest-kernel.tar.gz 8s
PUT /tmp/ktest-kernel.tar.gz 9s
PUT /tmp/ktest-kernel.tar.gz 9s
PUT /tmp/ktest-lustre.tar.gz 2s
PUT /tmp/ktest-lustre.tar.gz 2s
PUT /tmp/ktest-lustre.tar.gz 2s
PUT /tmp/ktest-lustre.tar.gz 2s
PUT /tmp/ktest-lustre.tar.gz 2s
PUT /tmp/ktest-lustre.tar.gz 2s
END checkpatch tool checkpatch FAIL 13s (exit code: 1)
END al2023 build tests/fs/lustre/boot.ktest PASS 66s
END u24 build tests/fs/lustre/boot.ktest PASS 71s
GET /tmp/ktest_lustre_mainline_strict_bm0cll0e.tar 5s
END lustre_mainline_strict build tests/fs/lustre/boot-strict.ktest FAIL 100s (exit code: 1)
GET /tmp/ktest_lustre_mainline_w7e33zda.tar 4s
GET /tmp/ktest_lustre_mainline_native_k81dabs2.tar 4s
END lustre_mainline build tests/fs/lustre/boot.ktest PASS 103s
END lustre_mainline_native build tests/fs/lustre/boot.ktest PASS 104s
START clang-tidy tool clang-tidy
START cc-plugin tool cc-plugin
START boot run tests/fs/lustre/boot.ktest
START llmount run tests/fs/lustre/llmount.ktest
START llog-unit run tests/fs/lustre/llog-unit.ktest
START mgs-setup run tests/fs/lustre/mgs-setup.ktest
START sanity-1 run tests/fs/lustre/sanity/sanity-1.ktest
START sanity-2 run tests/fs/lustre/sanity/sanity-2.ktest
START sanity-3 run tests/fs/lustre/sanity/sanity-3.ktest
START sanity-4 run tests/fs/lustre/sanity/sanity-4.ktest
PUT /tmp/ktest-kernel.tar.gz 15s
PUT /tmp/ktest-kernel.tar.gz 17s
PUT /tmp/ktest_lustre_mainline_native_k81dabs2.tar 17s
PUT /tmp/ktest_lustre_mainline_native_k81dabs2.tar 17s
PUT /tmp/ktest_lustre_mainline_native_k81dabs2.tar 17s
PUT /tmp/ktest_lustre_mainline_native_k81dabs2.tar 17s
PUT /tmp/ktest_lustre_mainline_native_k81dabs2.tar 17s
PUT /tmp/ktest_lustre_mainline_native_k81dabs2.tar 17s
PUT /tmp/ktest_lustre_mainline_native_k81dabs2.tar 17s
PUT /tmp/ktest_lustre_mainline_native_k81dabs2.tar 17s
PUT /tmp/ktest-lustre.tar.gz 30s
PUT /tmp/ktest-lustre.tar.gz 33s
PUT /tmp/ktest_lustre_mainline_native_k81dabs2.tar 4s
PUT /tmp/ktest_lustre_mainline_native_k81dabs2.tar 10s
END cc-plugin tool cc-plugin FAIL 58s (exit code: 127)
END clang-tidy tool clang-tidy PASS 74s
END boot run tests/fs/lustre/boot.ktest PASS 75s
END mgs-setup run tests/fs/lustre/mgs-setup.ktest PASS 81s
END sanity-3 run tests/fs/lustre/sanity/sanity-3.ktest PASS 93s
END sanity-1 run tests/fs/lustre/sanity/sanity-1.ktest PASS 94s
END sanity-2 run tests/fs/lustre/sanity/sanity-2.ktest PASS 95s
END sanity-4 run tests/fs/lustre/sanity/sanity-4.ktest PASS 102s
END llmount run tests/fs/lustre/llmount.ktest PASS 163s
END llog-unit run tests/fs/lustre/llog-unit.ktest PASS 169s

============================================================
Final Results:
  checkpatch: FAIL (13s) (log: /var/www/ci-lustre/upstream-patch-review/00f07e744918cd1fb602e4651ba98a29c0cecd3a_checkpatch.log)
  u24: PASS (71s) (log: /var/www/ci-lustre/upstream-patch-review/00f07e744918cd1fb602e4651ba98a29c0cecd3a_u24.log)
  al2023: PASS (66s) (log: /var/www/ci-lustre/upstream-patch-review/00f07e744918cd1fb602e4651ba98a29c0cecd3a_al2023.log)
  lustre_mainline_strict: FAIL (100s) (log: /var/www/ci-lustre/upstream-patch-review/00f07e744918cd1fb602e4651ba98a29c0cecd3a_lustre_mainline_strict.log)
  lustre_mainline: PASS (103s) (log: /var/www/ci-lustre/upstream-patch-review/00f07e744918cd1fb602e4651ba98a29c0cecd3a_lustre_mainline.log)
  lustre_mainline_native: PASS (104s) (log: /var/www/ci-lustre/upstream-patch-review/00f07e744918cd1fb602e4651ba98a29c0cecd3a_lustre_mainline_native.log)
  clang-tidy: PASS (74s) (log: /var/www/ci-lustre/upstream-patch-review/00f07e744918cd1fb602e4651ba98a29c0cecd3a_clang-tidy.log)
  cc-plugin: FAIL (58s) (log: /var/www/ci-lustre/upstream-patch-review/00f07e744918cd1fb602e4651ba98a29c0cecd3a_cc-plugin.log)
  boot: PASS (75s) (log: /var/www/ci-lustre/upstream-patch-review/00f07e744918cd1fb602e4651ba98a29c0cecd3a_boot.log)
  llmount: PASS (163s) (log: /var/www/ci-lustre/upstream-patch-review/00f07e744918cd1fb602e4651ba98a29c0cecd3a_llmount.log)
  llog-unit: PASS (169s) (log: /var/www/ci-lustre/upstream-patch-review/00f07e744918cd1fb602e4651ba98a29c0cecd3a_llog-unit.log)
  mgs-setup: PASS (81s) (log: /var/www/ci-lustre/upstream-patch-review/00f07e744918cd1fb602e4651ba98a29c0cecd3a_mgs-setup.log)
  sanity-1: PASS (94s) (log: /var/www/ci-lustre/upstream-patch-review/00f07e744918cd1fb602e4651ba98a29c0cecd3a_sanity-1.log)
  sanity-2: PASS (95s) (log: /var/www/ci-lustre/upstream-patch-review/00f07e744918cd1fb602e4651ba98a29c0cecd3a_sanity-2.log)
  sanity-3: PASS (93s) (log: /var/www/ci-lustre/upstream-patch-review/00f07e744918cd1fb602e4651ba98a29c0cecd3a_sanity-3.log)
  sanity-4: PASS (102s) (log: /var/www/ci-lustre/upstream-patch-review/00f07e744918cd1fb602e4651ba98a29c0cecd3a_sanity-4.log)

Total execution time: 304s
