CLI: ./podman-ktest --podman-socket unix:///run/podman/podman.sock --shared-filesystem /tmp --tarball-input job lustre-ci --output /var/www/ci-lustre/upstream-patch-review --git-hash 015d1893c84135c1e3bc83caf18d91fa5731dca6 --change-id 64969_015d1893c84135c1e3bc83caf18d91fa5731dca6 --subject LU-12668 lov: batch EC data reads per stripe

  Checking /dev/kvm exists... OK
  Checking /dev/kvm permissions... OK
  Creating ccache directory... OK
  Checking ccache directory writable... OK

Environment validated successfully
Creating kernel tarball at /tmp/ktest-kernel.tar.gz...
Creating lustre tarball at /tmp/ktest-lustre.tar.gz...
Executing 16 jobs
Jobs will start as soon as their dependencies are satisfied
Using tarball input mode

START checkpatch tool checkpatch
START lustre_mainline build tests/fs/lustre/boot.ktest
START lustre_mainline_native build tests/fs/lustre/boot.ktest
START al2023 build tests/fs/lustre/boot.ktest
START lustre_mainline_strict build tests/fs/lustre/boot-strict.ktest
START u24 build tests/fs/lustre/boot.ktest
PUT /tmp/ktest-kernel.tar.gz 11s
PUT /tmp/ktest-kernel.tar.gz 11s
PUT /tmp/ktest-kernel.tar.gz 11s
PUT /tmp/ktest-kernel.tar.gz 11s
PUT /tmp/ktest-kernel.tar.gz 11s
PUT /tmp/ktest-kernel.tar.gz 12s
PUT /tmp/ktest-lustre.tar.gz 4s
PUT /tmp/ktest-lustre.tar.gz 5s
PUT /tmp/ktest-lustre.tar.gz 4s
PUT /tmp/ktest-lustre.tar.gz 5s
PUT /tmp/ktest-lustre.tar.gz 4s
PUT /tmp/ktest-lustre.tar.gz 4s
END checkpatch tool checkpatch FAIL 19s (exit code: 1)
END al2023 build tests/fs/lustre/boot.ktest FAIL 77s (exit code: 2)
END u24 build tests/fs/lustre/boot.ktest FAIL 78s (exit code: 2)
GET /tmp/ktest_lustre_mainline_strict_abz418rp.tar 7s
GET /tmp/ktest_lustre_mainline_native_fqeqossd.tar 7s
GET /tmp/ktest_lustre_mainline_liheed1g.tar 7s
END lustre_mainline_strict build tests/fs/lustre/boot-strict.ktest FAIL 124s (exit code: 1)
END lustre_mainline_native build tests/fs/lustre/boot.ktest FAIL 125s (exit code: 1)
END lustre_mainline build tests/fs/lustre/boot.ktest FAIL 127s (exit code: 1)

============================================================
Final Results:
  checkpatch: FAIL (19s) (log: /var/www/ci-lustre/upstream-patch-review/015d1893c84135c1e3bc83caf18d91fa5731dca6_checkpatch.log)
  u24: FAIL (78s) (log: /var/www/ci-lustre/upstream-patch-review/015d1893c84135c1e3bc83caf18d91fa5731dca6_u24.log)
  al2023: FAIL (77s) (log: /var/www/ci-lustre/upstream-patch-review/015d1893c84135c1e3bc83caf18d91fa5731dca6_al2023.log)
  lustre_mainline_strict: FAIL (124s) (log: /var/www/ci-lustre/upstream-patch-review/015d1893c84135c1e3bc83caf18d91fa5731dca6_lustre_mainline_strict.log)
  lustre_mainline: FAIL (127s) (log: /var/www/ci-lustre/upstream-patch-review/015d1893c84135c1e3bc83caf18d91fa5731dca6_lustre_mainline.log)
  lustre_mainline_native: FAIL (125s) (log: /var/www/ci-lustre/upstream-patch-review/015d1893c84135c1e3bc83caf18d91fa5731dca6_lustre_mainline_native.log)
  clang-tidy: SKIPPED (due to dependency failure)
  cc-plugin: SKIPPED (due to dependency failure)
  boot: SKIPPED (due to dependency failure)
  llmount: SKIPPED (due to dependency failure)
  llog-unit: SKIPPED (due to dependency failure)
  mgs-setup: SKIPPED (due to dependency failure)
  sanity-1: SKIPPED (due to dependency failure)
  sanity-2: SKIPPED (due to dependency failure)
  sanity-3: SKIPPED (due to dependency failure)
  sanity-4: SKIPPED (due to dependency failure)

Total execution time: 160s
