CLI: ./podman-ktest --podman-socket unix:///run/podman/podman.sock --shared-filesystem /tmp --tarball-input job lustre-ci --output /var/www/ci-lustre/upstream-patch-review --git-hash 027544de58e75d6742384dddfcc0f9d03fe14db6 --change-id 67241_027544de58e75d6742384dddfcc0f9d03fe14db6 --subject LU-20290 tests: cover target_nid_policy=servicenode

Environment validated successfully
Creating kernel tarball at /tmp/ktest-kernel.tar.gz...
Creating lustre tarball at /tmp/ktest-lustre.tar.gz...
Creating ZFS tarball at /tmp/ktest-zfs.tar.gz...
Executing 14 jobs
Jobs will start as soon as their dependencies are satisfied
Using tarball input mode

START checkpatch:checkpatch tool checkpatch
START al2023:al2023 build tests/fs/lustre/boot.ktest
START u24:u24 build tests/fs/lustre/boot.ktest
START ml-strict:lustre_mainline build tests/fs/lustre/boot-strict.ktest
START ml-miscvm:lustre_mainline_native build tests/fs/lustre/boot.ktest
START ml:lustre_mainline build tests/fs/lustre/boot.ktest
PUT /tmp/ktest-lustre.tar.gz 1s
PUT /tmp/ktest-lustre.tar.gz 1s
PUT /tmp/ktest-kernel.tar.gz 7s
PUT /tmp/ktest-kernel.tar.gz 7s
PUT /tmp/ktest-kernel.tar.gz 7s
PUT /tmp/ktest-kernel.tar.gz 7s
PUT /tmp/ktest-lustre.tar.gz 1s
PUT /tmp/ktest-lustre.tar.gz 1s
PUT /tmp/ktest-lustre.tar.gz 1s
PUT /tmp/ktest-lustre.tar.gz 1s
PUT /tmp/ktest-zfs.tar.gz 0s
PUT /tmp/ktest-zfs.tar.gz 0s
PUT /tmp/ktest-zfs.tar.gz 0s
END checkpatch:checkpatch tool checkpatch FAIL 10s (exit code: 1)
END al2023:al2023 build tests/fs/lustre/boot.ktest PASS 51s
END u24:u24 build tests/fs/lustre/boot.ktest PASS 54s
GET /tmp/ktest_ml:lustre_mainline_x2dtt1yn.tar 0s
END ml:lustre_mainline build tests/fs/lustre/boot.ktest PASS 207s
GET /tmp/ktest_ml-miscvm:lustre_mainline_native_6ykqaiwn.tar 1s
GET /tmp/ktest_ml-strict:lustre_mainline_o433fc95.tar 4s
END ml-miscvm:lustre_mainline_native build tests/fs/lustre/boot.ktest PASS 209s
START ml-miscvm:boot run tests/fs/lustre/boot.ktest
START ml-miscvm:llmount run tests/fs/lustre/llmount.ktest
START ml-miscvm:llog-unit run tests/fs/lustre/llog-unit.ktest
START ml-miscvm:mgs-setup run tests/fs/lustre/mgs-setup.ktest
START ml-miscvm:sanity-1 run tests/fs/lustre/sanity/sanity-1.ktest
START ml-miscvm:sanity-2 run tests/fs/lustre/sanity/sanity-2.ktest
START ml-miscvm:sanity-3 run tests/fs/lustre/sanity/sanity-3.ktest
START ml-miscvm:sanity-4 run tests/fs/lustre/sanity/sanity-4.ktest
END ml-strict:lustre_mainline build tests/fs/lustre/boot-strict.ktest FAIL 210s (exit code: 1)
PUT /tmp/ktest-kernel.tar.gz 9s
PUT /tmp/ktest-kernel.tar.gz 9s
PUT /tmp/ktest-kernel.tar.gz 9s
PUT /tmp/ktest-kernel.tar.gz 9s
PUT /tmp/ktest-kernel.tar.gz 9s
PUT /tmp/ktest-kernel.tar.gz 10s
PUT /tmp/ktest-kernel.tar.gz 10s
PUT /tmp/ktest-kernel.tar.gz 10s
PUT /tmp/ktest-lustre.tar.gz 2s
PUT /tmp/ktest-lustre.tar.gz 1s
PUT /tmp/ktest-lustre.tar.gz 1s
PUT /tmp/ktest-lustre.tar.gz 2s
PUT /tmp/ktest-lustre.tar.gz 1s
PUT /tmp/ktest-lustre.tar.gz 1s
PUT /tmp/ktest-lustre.tar.gz 2s
PUT /tmp/ktest-lustre.tar.gz 2s
PUT /tmp/ktest_ml-miscvm:lustre_mainline_native_6ykqaiwn.tar 0s
PUT /tmp/ktest_ml-miscvm:lustre_mainline_native_6ykqaiwn.tar 0s
PUT /tmp/ktest_ml-miscvm:lustre_mainline_native_6ykqaiwn.tar 0s
PUT /tmp/ktest_ml-miscvm:lustre_mainline_native_6ykqaiwn.tar 0s
PUT /tmp/ktest_ml-miscvm:lustre_mainline_native_6ykqaiwn.tar 0s
PUT /tmp/ktest_ml-miscvm:lustre_mainline_native_6ykqaiwn.tar 0s
PUT /tmp/ktest_ml-miscvm:lustre_mainline_native_6ykqaiwn.tar 0s
PUT /tmp/ktest_ml-miscvm:lustre_mainline_native_6ykqaiwn.tar 0s
END ml-miscvm:boot run tests/fs/lustre/boot.ktest PASS 68s
END ml-miscvm:sanity-1 run tests/fs/lustre/sanity/sanity-1.ktest PASS 106s
END ml-miscvm:sanity-2 run tests/fs/lustre/sanity/sanity-2.ktest PASS 107s
END ml-miscvm:mgs-setup run tests/fs/lustre/mgs-setup.ktest PASS 110s
END ml-miscvm:sanity-4 run tests/fs/lustre/sanity/sanity-4.ktest PASS 117s
END ml-miscvm:sanity-3 run tests/fs/lustre/sanity/sanity-3.ktest PASS 119s
END ml-miscvm:llmount run tests/fs/lustre/llmount.ktest PASS 131s
END ml-miscvm:llog-unit run tests/fs/lustre/llog-unit.ktest FAIL 156s (exit code: 1)

============================================================
Final Results:
  checkpatch:checkpatch: FAIL (10s) (log: /var/www/ci-lustre/upstream-patch-review/027544de58e75d6742384dddfcc0f9d03fe14db6_checkpatch:checkpatch.log)
  u24:u24: PASS (54s) (log: /var/www/ci-lustre/upstream-patch-review/027544de58e75d6742384dddfcc0f9d03fe14db6_u24:u24.log)
  al2023:al2023: PASS (51s) (log: /var/www/ci-lustre/upstream-patch-review/027544de58e75d6742384dddfcc0f9d03fe14db6_al2023:al2023.log)
  ml-strict:lustre_mainline: FAIL (210s) (log: /var/www/ci-lustre/upstream-patch-review/027544de58e75d6742384dddfcc0f9d03fe14db6_ml-strict:lustre_mainline.log)
  ml:lustre_mainline: PASS (207s) (log: /var/www/ci-lustre/upstream-patch-review/027544de58e75d6742384dddfcc0f9d03fe14db6_ml:lustre_mainline.log)
  ml-miscvm:lustre_mainline_native: PASS (209s) (log: /var/www/ci-lustre/upstream-patch-review/027544de58e75d6742384dddfcc0f9d03fe14db6_ml-miscvm:lustre_mainline_native.log)
  ml-miscvm:boot: PASS (68s) (log: /var/www/ci-lustre/upstream-patch-review/027544de58e75d6742384dddfcc0f9d03fe14db6_ml-miscvm:boot.log)
  ml-miscvm:llmount: PASS (131s) (log: /var/www/ci-lustre/upstream-patch-review/027544de58e75d6742384dddfcc0f9d03fe14db6_ml-miscvm:llmount.log)
  ml-miscvm:llog-unit: FAIL (156s) (log: /var/www/ci-lustre/upstream-patch-review/027544de58e75d6742384dddfcc0f9d03fe14db6_ml-miscvm:llog-unit.log)
  ml-miscvm:mgs-setup: PASS (110s) (log: /var/www/ci-lustre/upstream-patch-review/027544de58e75d6742384dddfcc0f9d03fe14db6_ml-miscvm:mgs-setup.log)
  ml-miscvm:sanity-1: PASS (106s) (log: /var/www/ci-lustre/upstream-patch-review/027544de58e75d6742384dddfcc0f9d03fe14db6_ml-miscvm:sanity-1.log)
  ml-miscvm:sanity-2: PASS (107s) (log: /var/www/ci-lustre/upstream-patch-review/027544de58e75d6742384dddfcc0f9d03fe14db6_ml-miscvm:sanity-2.log)
  ml-miscvm:sanity-3: PASS (119s) (log: /var/www/ci-lustre/upstream-patch-review/027544de58e75d6742384dddfcc0f9d03fe14db6_ml-miscvm:sanity-3.log)
  ml-miscvm:sanity-4: PASS (117s) (log: /var/www/ci-lustre/upstream-patch-review/027544de58e75d6742384dddfcc0f9d03fe14db6_ml-miscvm:sanity-4.log)

Total execution time: 394s
