CLI: ./podman-ktest --podman-socket unix:///run/podman/podman.sock --shared-filesystem /tmp --tarball-input job lustre-ci --output /var/www/ci-lustre/upstream-patch-review --git-hash 03038890296d38c74408028ce4e9e8d23320ea5f --change-id 65861_03038890296d38c74408028ce4e9e8d23320ea5f --subject LU-20253 llite: remove d_compare() for overlayfs support

  Checking /dev/kvm exists... OK
  Checking /dev/kvm permissions... OK
  Creating ccache directory... OK
  Checking ccache directory writable... OK
  Creating package output directory... OK

Environment validated successfully
Creating kernel tarball at /tmp/ktest-kernel.tar.gz...
Creating lustre tarball at /tmp/ktest-lustre.tar.gz...
Creating ZFS tarball at /tmp/ktest-zfs.tar.gz...
Executing 13 jobs
Jobs will start as soon as their dependencies are satisfied
Using tarball input mode

START al2023 build tests/fs/lustre/boot.ktest
START lustre_mainline build tests/fs/lustre/boot.ktest
START lustre_mainline_native build tests/fs/lustre/boot.ktest
START u24 build tests/fs/lustre/boot.ktest
START lustre_mainline_strict build tests/fs/lustre/boot-strict.ktest
START checkpatch tool checkpatch
PUT /tmp/ktest-lustre.tar.gz 2s
PUT /tmp/ktest-lustre.tar.gz 2s
PUT /tmp/ktest-kernel.tar.gz 6s
PUT /tmp/ktest-kernel.tar.gz 6s
PUT /tmp/ktest-kernel.tar.gz 6s
PUT /tmp/ktest-kernel.tar.gz 6s
PUT /tmp/ktest-lustre.tar.gz 1s
PUT /tmp/ktest-lustre.tar.gz 1s
PUT /tmp/ktest-lustre.tar.gz 1s
PUT /tmp/ktest-lustre.tar.gz 1s
PUT /tmp/ktest-zfs.tar.gz 0s
PUT /tmp/ktest-zfs.tar.gz 0s
PUT /tmp/ktest-zfs.tar.gz 0s
END checkpatch tool checkpatch PASS 10s
END al2023 build tests/fs/lustre/boot.ktest PASS 64s
END u24 build tests/fs/lustre/boot.ktest PASS 66s
GET /tmp/ktest_lustre_mainline_strict_2_2yyuaa.tar 6s
END lustre_mainline_strict build tests/fs/lustre/boot-strict.ktest FAIL 131s (exit code: 1)
GET /tmp/ktest_lustre_mainline_native_2vsby9op.tar 0s
GET /tmp/ktest_lustre_mainline_qf8ll54e.tar 0s
END lustre_mainline_native build tests/fs/lustre/boot.ktest PASS 142s
START boot run tests/fs/lustre/boot.ktest
START llmount run tests/fs/lustre/llmount.ktest
START mgs-setup run tests/fs/lustre/mgs-setup.ktest
START sanity-1 run tests/fs/lustre/sanity/sanity-1.ktest
START sanity-2 run tests/fs/lustre/sanity/sanity-2.ktest
START sanity-3 run tests/fs/lustre/sanity/sanity-3.ktest
START sanity-4 run tests/fs/lustre/sanity/sanity-4.ktest
END lustre_mainline build tests/fs/lustre/boot.ktest PASS 143s
PUT /tmp/ktest-kernel.tar.gz 23s
PUT /tmp/ktest-kernel.tar.gz 23s
PUT /tmp/ktest-kernel.tar.gz 23s
PUT /tmp/ktest-kernel.tar.gz 23s
PUT /tmp/ktest-kernel.tar.gz 23s
PUT /tmp/ktest-kernel.tar.gz 24s
PUT /tmp/ktest-kernel.tar.gz 23s
PUT /tmp/ktest-lustre.tar.gz 10s
PUT /tmp/ktest-lustre.tar.gz 10s
PUT /tmp/ktest-lustre.tar.gz 10s
PUT /tmp/ktest-lustre.tar.gz 10s
PUT /tmp/ktest-lustre.tar.gz 10s
PUT /tmp/ktest-lustre.tar.gz 10s
PUT /tmp/ktest-lustre.tar.gz 9s
PUT /tmp/ktest_lustre_mainline_native_2vsby9op.tar 1s
PUT /tmp/ktest_lustre_mainline_native_2vsby9op.tar 1s
PUT /tmp/ktest_lustre_mainline_native_2vsby9op.tar 1s
PUT /tmp/ktest_lustre_mainline_native_2vsby9op.tar 1s
PUT /tmp/ktest_lustre_mainline_native_2vsby9op.tar 1s
PUT /tmp/ktest_lustre_mainline_native_2vsby9op.tar 1s
PUT /tmp/ktest_lustre_mainline_native_2vsby9op.tar 1s
END boot run tests/fs/lustre/boot.ktest PASS 136s
END mgs-setup run tests/fs/lustre/mgs-setup.ktest PASS 145s
END sanity-3 run tests/fs/lustre/sanity/sanity-3.ktest PASS 172s
END sanity-1 run tests/fs/lustre/sanity/sanity-1.ktest PASS 174s
END sanity-4 run tests/fs/lustre/sanity/sanity-4.ktest PASS 183s
END llmount run tests/fs/lustre/llmount.ktest PASS 184s
END sanity-2 run tests/fs/lustre/sanity/sanity-2.ktest PASS 194s

============================================================
Final Results:
  checkpatch: PASS (10s) (log: /var/www/ci-lustre/upstream-patch-review/03038890296d38c74408028ce4e9e8d23320ea5f_checkpatch.log)
  u24: PASS (66s) (log: /var/www/ci-lustre/upstream-patch-review/03038890296d38c74408028ce4e9e8d23320ea5f_u24.log)
  al2023: PASS (64s) (log: /var/www/ci-lustre/upstream-patch-review/03038890296d38c74408028ce4e9e8d23320ea5f_al2023.log)
  lustre_mainline_strict: FAIL (131s) (log: /var/www/ci-lustre/upstream-patch-review/03038890296d38c74408028ce4e9e8d23320ea5f_lustre_mainline_strict.log)
  lustre_mainline: PASS (143s) (log: /var/www/ci-lustre/upstream-patch-review/03038890296d38c74408028ce4e9e8d23320ea5f_lustre_mainline.log)
  lustre_mainline_native: PASS (142s) (log: /var/www/ci-lustre/upstream-patch-review/03038890296d38c74408028ce4e9e8d23320ea5f_lustre_mainline_native.log)
  boot: PASS (136s) (log: /var/www/ci-lustre/upstream-patch-review/03038890296d38c74408028ce4e9e8d23320ea5f_boot.log)
  llmount: PASS (184s) (log: /var/www/ci-lustre/upstream-patch-review/03038890296d38c74408028ce4e9e8d23320ea5f_llmount.log)
  mgs-setup: PASS (145s) (log: /var/www/ci-lustre/upstream-patch-review/03038890296d38c74408028ce4e9e8d23320ea5f_mgs-setup.log)
  sanity-1: PASS (174s) (log: /var/www/ci-lustre/upstream-patch-review/03038890296d38c74408028ce4e9e8d23320ea5f_sanity-1.log)
  sanity-2: PASS (194s) (log: /var/www/ci-lustre/upstream-patch-review/03038890296d38c74408028ce4e9e8d23320ea5f_sanity-2.log)
  sanity-3: PASS (172s) (log: /var/www/ci-lustre/upstream-patch-review/03038890296d38c74408028ce4e9e8d23320ea5f_sanity-3.log)
  sanity-4: PASS (183s) (log: /var/www/ci-lustre/upstream-patch-review/03038890296d38c74408028ce4e9e8d23320ea5f_sanity-4.log)

Total execution time: 368s
