CLI: ./podman-ktest --podman-socket unix:///run/podman/podman.sock --shared-filesystem /tmp --tarball-input job lustre-ci --output /var/www/ci-lustre/upstream-patch-review --git-hash 032c13004bc9dbe3a63df98ea91b185be4ff46b8 --change-id 64955_032c13004bc9dbe3a63df98ea91b185be4ff46b8 --subject LU-19921 tests: add GSSIAM security test

  Checking /dev/kvm exists... OK
  Checking /dev/kvm permissions... OK
  Creating ccache directory... OK
  Checking ccache directory writable... OK

Environment validated successfully
Creating kernel tarball at /tmp/ktest-kernel.tar.gz...
Creating lustre tarball at /tmp/ktest-lustre.tar.gz...
Creating ZFS tarball at /tmp/ktest-zfs.tar.gz...
Executing 15 jobs
Jobs will start as soon as their dependencies are satisfied
Using tarball input mode

START u24 build tests/fs/lustre/boot.ktest
START lustre_mainline build tests/fs/lustre/boot.ktest
START checkpatch tool checkpatch
START lustre_mainline_native build tests/fs/lustre/boot.ktest
START al2023 build tests/fs/lustre/boot.ktest
START lustre_mainline_strict build tests/fs/lustre/boot-strict.ktest
PUT /tmp/ktest-lustre.tar.gz 1s
PUT /tmp/ktest-lustre.tar.gz 1s
PUT /tmp/ktest-kernel.tar.gz 6s
PUT /tmp/ktest-kernel.tar.gz 7s
PUT /tmp/ktest-kernel.tar.gz 7s
PUT /tmp/ktest-kernel.tar.gz 7s
PUT /tmp/ktest-lustre.tar.gz 5s
PUT /tmp/ktest-lustre.tar.gz 6s
PUT /tmp/ktest-lustre.tar.gz 6s
PUT /tmp/ktest-lustre.tar.gz 5s
PUT /tmp/ktest-zfs.tar.gz 0s
PUT /tmp/ktest-zfs.tar.gz 0s
PUT /tmp/ktest-zfs.tar.gz 0s
END checkpatch tool checkpatch FAIL 16s (exit code: 1)
END al2023 build tests/fs/lustre/boot.ktest PASS 72s
END u24 build tests/fs/lustre/boot.ktest PASS 72s
GET /tmp/ktest_lustre_mainline_strict_4mq_cnce.tar 5s
END lustre_mainline_strict build tests/fs/lustre/boot-strict.ktest FAIL 186s (exit code: 1)
GET /tmp/ktest_lustre_mainline_xkaqdd38.tar 6s
GET /tmp/ktest_lustre_mainline_native_uetamqdq.tar 3s
END lustre_mainline build tests/fs/lustre/boot.ktest PASS 192s
END lustre_mainline_native build tests/fs/lustre/boot.ktest PASS 194s
START clang-tidy tool clang-tidy
START cc-plugin tool cc-plugin
START boot run tests/fs/lustre/boot.ktest
START llmount run tests/fs/lustre/llmount.ktest
START mgs-setup run tests/fs/lustre/mgs-setup.ktest
START sanity-1 run tests/fs/lustre/sanity/sanity-1.ktest
START sanity-2 run tests/fs/lustre/sanity/sanity-2.ktest
START sanity-3 run tests/fs/lustre/sanity/sanity-3.ktest
START sanity-4 run tests/fs/lustre/sanity/sanity-4.ktest
PUT /tmp/ktest-kernel.tar.gz 37s
PUT /tmp/ktest_lustre_mainline_native_uetamqdq.tar 51s
PUT /tmp/ktest_lustre_mainline_native_uetamqdq.tar 51s
PUT /tmp/ktest_lustre_mainline_native_uetamqdq.tar 44s
PUT /tmp/ktest_lustre_mainline_native_uetamqdq.tar 51s
PUT /tmp/ktest-kernel.tar.gz 51s
PUT /tmp/ktest_lustre_mainline_native_uetamqdq.tar 48s
PUT /tmp/ktest_lustre_mainline_native_uetamqdq.tar 51s
PUT /tmp/ktest_lustre_mainline_native_uetamqdq.tar 51s
PUT /tmp/ktest-lustre.tar.gz 68s
PUT /tmp/ktest-lustre.tar.gz 117s
PUT /tmp/ktest_lustre_mainline_native_uetamqdq.tar 53s
PUT /tmp/ktest_lustre_mainline_native_uetamqdq.tar 18s
END cc-plugin tool cc-plugin FAIL 176s (exit code: 127)
END boot run tests/fs/lustre/boot.ktest PASS 185s
END mgs-setup run tests/fs/lustre/mgs-setup.ktest PASS 205s
END clang-tidy tool clang-tidy PASS 208s
END sanity-3 run tests/fs/lustre/sanity/sanity-3.ktest PASS 211s
END sanity-4 run tests/fs/lustre/sanity/sanity-4.ktest PASS 216s
END sanity-2 run tests/fs/lustre/sanity/sanity-2.ktest PASS 217s
END sanity-1 run tests/fs/lustre/sanity/sanity-1.ktest PASS 231s
END llmount run tests/fs/lustre/llmount.ktest PASS 290s

============================================================
Final Results:
  checkpatch: FAIL (16s) (log: /var/www/ci-lustre/upstream-patch-review/032c13004bc9dbe3a63df98ea91b185be4ff46b8_checkpatch.log)
  u24: PASS (72s) (log: /var/www/ci-lustre/upstream-patch-review/032c13004bc9dbe3a63df98ea91b185be4ff46b8_u24.log)
  al2023: PASS (72s) (log: /var/www/ci-lustre/upstream-patch-review/032c13004bc9dbe3a63df98ea91b185be4ff46b8_al2023.log)
  lustre_mainline_strict: FAIL (186s) (log: /var/www/ci-lustre/upstream-patch-review/032c13004bc9dbe3a63df98ea91b185be4ff46b8_lustre_mainline_strict.log)
  lustre_mainline: PASS (192s) (log: /var/www/ci-lustre/upstream-patch-review/032c13004bc9dbe3a63df98ea91b185be4ff46b8_lustre_mainline.log)
  lustre_mainline_native: PASS (194s) (log: /var/www/ci-lustre/upstream-patch-review/032c13004bc9dbe3a63df98ea91b185be4ff46b8_lustre_mainline_native.log)
  clang-tidy: PASS (208s) (log: /var/www/ci-lustre/upstream-patch-review/032c13004bc9dbe3a63df98ea91b185be4ff46b8_clang-tidy.log)
  cc-plugin: FAIL (176s) (log: /var/www/ci-lustre/upstream-patch-review/032c13004bc9dbe3a63df98ea91b185be4ff46b8_cc-plugin.log)
  boot: PASS (185s) (log: /var/www/ci-lustre/upstream-patch-review/032c13004bc9dbe3a63df98ea91b185be4ff46b8_boot.log)
  llmount: PASS (290s) (log: /var/www/ci-lustre/upstream-patch-review/032c13004bc9dbe3a63df98ea91b185be4ff46b8_llmount.log)
  mgs-setup: PASS (205s) (log: /var/www/ci-lustre/upstream-patch-review/032c13004bc9dbe3a63df98ea91b185be4ff46b8_mgs-setup.log)
  sanity-1: PASS (231s) (log: /var/www/ci-lustre/upstream-patch-review/032c13004bc9dbe3a63df98ea91b185be4ff46b8_sanity-1.log)
  sanity-2: PASS (217s) (log: /var/www/ci-lustre/upstream-patch-review/032c13004bc9dbe3a63df98ea91b185be4ff46b8_sanity-2.log)
  sanity-3: PASS (211s) (log: /var/www/ci-lustre/upstream-patch-review/032c13004bc9dbe3a63df98ea91b185be4ff46b8_sanity-3.log)
  sanity-4: PASS (216s) (log: /var/www/ci-lustre/upstream-patch-review/032c13004bc9dbe3a63df98ea91b185be4ff46b8_sanity-4.log)

Total execution time: 517s
