CLI: ./podman-ktest --podman-socket unix:///run/podman/podman.sock --shared-filesystem /tmp --tarball-input job lustre-ci --output /var/www/ci-lustre/upstream-patch-review --git-hash 0372f80a723a1e4e44e7d0233a55f4da6c74a934 --change-id 64321_0372f80a723a1e4e44e7d0233a55f4da6c74a934 --subject LU-19921 ptlrpc: register gssiam policy

  Checking /dev/kvm exists... OK
  Checking /dev/kvm permissions... OK
  Creating ccache directory... OK
  Checking ccache directory writable... OK

Environment validated successfully
Creating kernel tarball at /tmp/ktest-kernel.tar.gz...
Creating lustre tarball at /tmp/ktest-lustre.tar.gz...
Creating ZFS tarball at /tmp/ktest-zfs.tar.gz...
Executing 13 jobs
Jobs will start as soon as their dependencies are satisfied
Using tarball input mode

START u24 build tests/fs/lustre/boot.ktest
START checkpatch tool checkpatch
START al2023 build tests/fs/lustre/boot.ktest
START lustre_mainline_strict build tests/fs/lustre/boot-strict.ktest
START lustre_mainline_native build tests/fs/lustre/boot.ktest
START lustre_mainline build tests/fs/lustre/boot.ktest
PUT /tmp/ktest-lustre.tar.gz 1s
PUT /tmp/ktest-lustre.tar.gz 2s
PUT /tmp/ktest-kernel.tar.gz 6s
PUT /tmp/ktest-kernel.tar.gz 6s
PUT /tmp/ktest-kernel.tar.gz 6s
PUT /tmp/ktest-kernel.tar.gz 6s
PUT /tmp/ktest-lustre.tar.gz 2s
PUT /tmp/ktest-lustre.tar.gz 2s
PUT /tmp/ktest-lustre.tar.gz 2s
PUT /tmp/ktest-lustre.tar.gz 2s
PUT /tmp/ktest-zfs.tar.gz 0s
PUT /tmp/ktest-zfs.tar.gz 0s
PUT /tmp/ktest-zfs.tar.gz 0s
END checkpatch tool checkpatch PASS 11s
END al2023 build tests/fs/lustre/boot.ktest PASS 64s
END u24 build tests/fs/lustre/boot.ktest PASS 66s
GET /tmp/ktest_lustre_mainline_strict_8bzrefsn.tar 6s
END lustre_mainline_strict build tests/fs/lustre/boot-strict.ktest FAIL 146s (exit code: 1)
GET /tmp/ktest_lustre_mainline_native__71l_oe_.tar 1s
GET /tmp/ktest_lustre_mainline_g4bdfu70.tar 0s
END lustre_mainline_native build tests/fs/lustre/boot.ktest PASS 159s
START boot run tests/fs/lustre/boot.ktest
START llmount run tests/fs/lustre/llmount.ktest
START mgs-setup run tests/fs/lustre/mgs-setup.ktest
START sanity-1 run tests/fs/lustre/sanity/sanity-1.ktest
START sanity-2 run tests/fs/lustre/sanity/sanity-2.ktest
START sanity-3 run tests/fs/lustre/sanity/sanity-3.ktest
START sanity-4 run tests/fs/lustre/sanity/sanity-4.ktest
END lustre_mainline build tests/fs/lustre/boot.ktest PASS 161s
PUT /tmp/ktest_lustre_mainline_native__71l_oe_.tar 7s
PUT /tmp/ktest_lustre_mainline_native__71l_oe_.tar 7s
PUT /tmp/ktest_lustre_mainline_native__71l_oe_.tar 7s
PUT /tmp/ktest_lustre_mainline_native__71l_oe_.tar 7s
PUT /tmp/ktest_lustre_mainline_native__71l_oe_.tar 7s
PUT /tmp/ktest_lustre_mainline_native__71l_oe_.tar 3s
PUT /tmp/ktest_lustre_mainline_native__71l_oe_.tar 2s
END boot run tests/fs/lustre/boot.ktest PASS 26s
END mgs-setup run tests/fs/lustre/mgs-setup.ktest PASS 35s
END sanity-2 run tests/fs/lustre/sanity/sanity-2.ktest PASS 45s
END sanity-1 run tests/fs/lustre/sanity/sanity-1.ktest PASS 63s
END sanity-3 run tests/fs/lustre/sanity/sanity-3.ktest PASS 70s
END sanity-4 run tests/fs/lustre/sanity/sanity-4.ktest PASS 71s
END llmount run tests/fs/lustre/llmount.ktest PASS 113s

============================================================
Final Results:
  checkpatch: PASS (11s) (log: /var/www/ci-lustre/upstream-patch-review/0372f80a723a1e4e44e7d0233a55f4da6c74a934_checkpatch.log)
  u24: PASS (66s) (log: /var/www/ci-lustre/upstream-patch-review/0372f80a723a1e4e44e7d0233a55f4da6c74a934_u24.log)
  al2023: PASS (64s) (log: /var/www/ci-lustre/upstream-patch-review/0372f80a723a1e4e44e7d0233a55f4da6c74a934_al2023.log)
  lustre_mainline_strict: FAIL (146s) (log: /var/www/ci-lustre/upstream-patch-review/0372f80a723a1e4e44e7d0233a55f4da6c74a934_lustre_mainline_strict.log)
  lustre_mainline: PASS (161s) (log: /var/www/ci-lustre/upstream-patch-review/0372f80a723a1e4e44e7d0233a55f4da6c74a934_lustre_mainline.log)
  lustre_mainline_native: PASS (159s) (log: /var/www/ci-lustre/upstream-patch-review/0372f80a723a1e4e44e7d0233a55f4da6c74a934_lustre_mainline_native.log)
  boot: PASS (26s) (log: /var/www/ci-lustre/upstream-patch-review/0372f80a723a1e4e44e7d0233a55f4da6c74a934_boot.log)
  llmount: PASS (113s) (log: /var/www/ci-lustre/upstream-patch-review/0372f80a723a1e4e44e7d0233a55f4da6c74a934_llmount.log)
  mgs-setup: PASS (35s) (log: /var/www/ci-lustre/upstream-patch-review/0372f80a723a1e4e44e7d0233a55f4da6c74a934_mgs-setup.log)
  sanity-1: PASS (63s) (log: /var/www/ci-lustre/upstream-patch-review/0372f80a723a1e4e44e7d0233a55f4da6c74a934_sanity-1.log)
  sanity-2: PASS (45s) (log: /var/www/ci-lustre/upstream-patch-review/0372f80a723a1e4e44e7d0233a55f4da6c74a934_sanity-2.log)
  sanity-3: PASS (70s) (log: /var/www/ci-lustre/upstream-patch-review/0372f80a723a1e4e44e7d0233a55f4da6c74a934_sanity-3.log)
  sanity-4: PASS (71s) (log: /var/www/ci-lustre/upstream-patch-review/0372f80a723a1e4e44e7d0233a55f4da6c74a934_sanity-4.log)

Total execution time: 304s
