CLI: ./podman-ktest --podman-socket unix:///run/podman/podman.sock --shared-filesystem /tmp --tarball-input job lustre-ci --output /var/www/ci-lustre/upstream-patch-review --git-hash 040019ee138aa4acb1d8fbe782cdde02084185f7 --change-id 66081_040019ee138aa4acb1d8fbe782cdde02084185f7 --subject LU-20296 ptlrpc: also force reconnect if ctx nego timeout

Environment validated successfully
Creating kernel tarball at /tmp/ktest-kernel.tar.gz...
Creating lustre tarball at /tmp/ktest-lustre.tar.gz...
Creating ZFS tarball at /tmp/ktest-zfs.tar.gz...
Executing 14 jobs
Jobs will start as soon as their dependencies are satisfied
Using tarball input mode

START ml-strict:lustre_mainline build tests/fs/lustre/boot-strict.ktest
START ml:lustre_mainline build tests/fs/lustre/boot.ktest
START al2023:al2023 build tests/fs/lustre/boot.ktest
START checkpatch:checkpatch tool checkpatch
START ml-miscvm:lustre_mainline_native build tests/fs/lustre/boot.ktest
START u24:u24 build tests/fs/lustre/boot.ktest
PUT /tmp/ktest-lustre.tar.gz 1s
PUT /tmp/ktest-lustre.tar.gz 1s
PUT /tmp/ktest-kernel.tar.gz 7s
PUT /tmp/ktest-kernel.tar.gz 7s
PUT /tmp/ktest-kernel.tar.gz 7s
PUT /tmp/ktest-kernel.tar.gz 8s
PUT /tmp/ktest-lustre.tar.gz 4s
PUT /tmp/ktest-lustre.tar.gz 4s
PUT /tmp/ktest-lustre.tar.gz 3s
PUT /tmp/ktest-lustre.tar.gz 3s
PUT /tmp/ktest-zfs.tar.gz 0s
PUT /tmp/ktest-zfs.tar.gz 0s
PUT /tmp/ktest-zfs.tar.gz 0s
END checkpatch:checkpatch tool checkpatch PASS 14s
END al2023:al2023 build tests/fs/lustre/boot.ktest PASS 57s
END u24:u24 build tests/fs/lustre/boot.ktest PASS 59s
GET /tmp/ktest_ml:lustre_mainline_rj1dag0u.tar 0s
END ml:lustre_mainline build tests/fs/lustre/boot.ktest PASS 163s
GET /tmp/ktest_ml-strict:lustre_mainline_e8tl7xwb.tar 5s
END ml-strict:lustre_mainline build tests/fs/lustre/boot-strict.ktest FAIL 168s (exit code: 1)
GET /tmp/ktest_ml-miscvm:lustre_mainline_native_45sg1_2w.tar 7s
END ml-miscvm:lustre_mainline_native build tests/fs/lustre/boot.ktest PASS 175s
START ml-miscvm:boot run tests/fs/lustre/boot.ktest
START ml-miscvm:llmount run tests/fs/lustre/llmount.ktest
START ml-miscvm:llog-unit run tests/fs/lustre/llog-unit.ktest
START ml-miscvm:mgs-setup run tests/fs/lustre/mgs-setup.ktest
START ml-miscvm:sanity-1 run tests/fs/lustre/sanity/sanity-1.ktest
START ml-miscvm:sanity-2 run tests/fs/lustre/sanity/sanity-2.ktest
START ml-miscvm:sanity-3 run tests/fs/lustre/sanity/sanity-3.ktest
START ml-miscvm:sanity-4 run tests/fs/lustre/sanity/sanity-4.ktest
PUT /tmp/ktest-kernel.tar.gz 26s
PUT /tmp/ktest-kernel.tar.gz 26s
PUT /tmp/ktest-kernel.tar.gz 26s
PUT /tmp/ktest-kernel.tar.gz 26s
PUT /tmp/ktest-kernel.tar.gz 26s
PUT /tmp/ktest-kernel.tar.gz 27s
PUT /tmp/ktest-kernel.tar.gz 26s
PUT /tmp/ktest-kernel.tar.gz 27s
PUT /tmp/ktest-lustre.tar.gz 12s
PUT /tmp/ktest-lustre.tar.gz 11s
PUT /tmp/ktest-lustre.tar.gz 11s
PUT /tmp/ktest-lustre.tar.gz 11s
PUT /tmp/ktest-lustre.tar.gz 11s
PUT /tmp/ktest-lustre.tar.gz 11s
PUT /tmp/ktest-lustre.tar.gz 11s
PUT /tmp/ktest-lustre.tar.gz 11s
PUT /tmp/ktest_ml-miscvm:lustre_mainline_native_45sg1_2w.tar 0s
PUT /tmp/ktest_ml-miscvm:lustre_mainline_native_45sg1_2w.tar 1s
PUT /tmp/ktest_ml-miscvm:lustre_mainline_native_45sg1_2w.tar 1s
PUT /tmp/ktest_ml-miscvm:lustre_mainline_native_45sg1_2w.tar 1s
PUT /tmp/ktest_ml-miscvm:lustre_mainline_native_45sg1_2w.tar 1s
PUT /tmp/ktest_ml-miscvm:lustre_mainline_native_45sg1_2w.tar 1s
PUT /tmp/ktest_ml-miscvm:lustre_mainline_native_45sg1_2w.tar 1s
PUT /tmp/ktest_ml-miscvm:lustre_mainline_native_45sg1_2w.tar 1s
END ml-miscvm:boot run tests/fs/lustre/boot.ktest PASS 85s
END ml-miscvm:mgs-setup run tests/fs/lustre/mgs-setup.ktest PASS 93s
END ml-miscvm:sanity-4 run tests/fs/lustre/sanity/sanity-4.ktest PASS 117s
END ml-miscvm:sanity-3 run tests/fs/lustre/sanity/sanity-3.ktest PASS 122s
END ml-miscvm:sanity-2 run tests/fs/lustre/sanity/sanity-2.ktest PASS 123s
END ml-miscvm:llmount run tests/fs/lustre/llmount.ktest PASS 130s
END ml-miscvm:sanity-1 run tests/fs/lustre/sanity/sanity-1.ktest PASS 131s
END ml-miscvm:llog-unit run tests/fs/lustre/llog-unit.ktest FAIL 171s (exit code: 1)

============================================================
Final Results:
  checkpatch:checkpatch: PASS (14s) (log: /var/www/ci-lustre/upstream-patch-review/040019ee138aa4acb1d8fbe782cdde02084185f7_checkpatch:checkpatch.log)
  u24:u24: PASS (59s) (log: /var/www/ci-lustre/upstream-patch-review/040019ee138aa4acb1d8fbe782cdde02084185f7_u24:u24.log)
  al2023:al2023: PASS (57s) (log: /var/www/ci-lustre/upstream-patch-review/040019ee138aa4acb1d8fbe782cdde02084185f7_al2023:al2023.log)
  ml-strict:lustre_mainline: FAIL (168s) (log: /var/www/ci-lustre/upstream-patch-review/040019ee138aa4acb1d8fbe782cdde02084185f7_ml-strict:lustre_mainline.log)
  ml:lustre_mainline: PASS (163s) (log: /var/www/ci-lustre/upstream-patch-review/040019ee138aa4acb1d8fbe782cdde02084185f7_ml:lustre_mainline.log)
  ml-miscvm:lustre_mainline_native: PASS (175s) (log: /var/www/ci-lustre/upstream-patch-review/040019ee138aa4acb1d8fbe782cdde02084185f7_ml-miscvm:lustre_mainline_native.log)
  ml-miscvm:boot: PASS (85s) (log: /var/www/ci-lustre/upstream-patch-review/040019ee138aa4acb1d8fbe782cdde02084185f7_ml-miscvm:boot.log)
  ml-miscvm:llmount: PASS (130s) (log: /var/www/ci-lustre/upstream-patch-review/040019ee138aa4acb1d8fbe782cdde02084185f7_ml-miscvm:llmount.log)
  ml-miscvm:llog-unit: FAIL (171s) (log: /var/www/ci-lustre/upstream-patch-review/040019ee138aa4acb1d8fbe782cdde02084185f7_ml-miscvm:llog-unit.log)
  ml-miscvm:mgs-setup: PASS (93s) (log: /var/www/ci-lustre/upstream-patch-review/040019ee138aa4acb1d8fbe782cdde02084185f7_ml-miscvm:mgs-setup.log)
  ml-miscvm:sanity-1: PASS (131s) (log: /var/www/ci-lustre/upstream-patch-review/040019ee138aa4acb1d8fbe782cdde02084185f7_ml-miscvm:sanity-1.log)
  ml-miscvm:sanity-2: PASS (123s) (log: /var/www/ci-lustre/upstream-patch-review/040019ee138aa4acb1d8fbe782cdde02084185f7_ml-miscvm:sanity-2.log)
  ml-miscvm:sanity-3: PASS (122s) (log: /var/www/ci-lustre/upstream-patch-review/040019ee138aa4acb1d8fbe782cdde02084185f7_ml-miscvm:sanity-3.log)
  ml-miscvm:sanity-4: PASS (117s) (log: /var/www/ci-lustre/upstream-patch-review/040019ee138aa4acb1d8fbe782cdde02084185f7_ml-miscvm:sanity-4.log)

Total execution time: 376s
