CLI: ./podman-ktest --podman-socket unix:///run/podman/podman.sock --shared-filesystem /tmp --tarball-input job lustre-ci --output /var/www/ci-lustre/upstream-patch-review --git-hash 0471153e9175c8a623d5c4d1fe235604e35426e7 --change-id 62095_0471153e9175c8a623d5c4d1fe235604e35426e7 --subject LU-19536 obdclass: use wait queue for DIO copy sync

  Checking /dev/kvm exists... OK
  Checking /dev/kvm permissions... OK
  Creating ccache directory... OK
  Checking ccache directory writable... OK

Environment validated successfully
Creating kernel tarball at /tmp/ktest-kernel.tar.gz...
Creating lustre tarball at /tmp/ktest-lustre.tar.gz...
Executing 16 jobs
Jobs will start as soon as their dependencies are satisfied
Using tarball input mode

START lustre_mainline_native build tests/fs/lustre/boot.ktest
START lustre_al2023 build tests/fs/lustre/boot.ktest
START lustre_u24 build tests/fs/lustre/boot.ktest
START lustre_mainline build tests/fs/lustre/boot.ktest
START lustre_mainline_strict build tests/fs/lustre/boot-strict.ktest
START checkpatch tool checkpatch
PUT /tmp/ktest-kernel.tar.gz 8s
PUT /tmp/ktest-kernel.tar.gz 8s
PUT /tmp/ktest-kernel.tar.gz 8s
PUT /tmp/ktest-kernel.tar.gz 8s
PUT /tmp/ktest-kernel.tar.gz 8s
PUT /tmp/ktest-kernel.tar.gz 8s
PUT /tmp/ktest-lustre.tar.gz 2s
PUT /tmp/ktest-lustre.tar.gz 2s
PUT /tmp/ktest-lustre.tar.gz 2s
PUT /tmp/ktest-lustre.tar.gz 2s
PUT /tmp/ktest-lustre.tar.gz 2s
PUT /tmp/ktest-lustre.tar.gz 2s
END checkpatch tool checkpatch PASS 13s
END lustre_al2023 build tests/fs/lustre/boot.ktest PASS 67s
END lustre_u24 build tests/fs/lustre/boot.ktest PASS 70s
GET /tmp/ktest_lustre_mainline_strict_ylnp427f.tar 5s
END lustre_mainline_strict build tests/fs/lustre/boot-strict.ktest FAIL 145s (exit code: 1)
GET /tmp/ktest_lustre_mainline_h3_bo1u8.tar 4s
GET /tmp/ktest_lustre_mainline_native_4drml109.tar 4s
END lustre_mainline build tests/fs/lustre/boot.ktest PASS 148s
END lustre_mainline_native build tests/fs/lustre/boot.ktest PASS 149s
START clang-tidy tool clang-tidy
START cc-plugin tool cc-plugin
START boot run tests/fs/lustre/boot.ktest
START llmount run tests/fs/lustre/llmount.ktest
START llog-unit run tests/fs/lustre/llog-unit.ktest
START mgs-setup run tests/fs/lustre/mgs-setup.ktest
START sanity-1 run tests/fs/lustre/sanity/sanity-1.ktest
START sanity-2 run tests/fs/lustre/sanity/sanity-2.ktest
START sanity-3 run tests/fs/lustre/sanity/sanity-3.ktest
START sanity-4 run tests/fs/lustre/sanity/sanity-4.ktest
PUT /tmp/ktest-kernel.tar.gz 9s
PUT /tmp/ktest-kernel.tar.gz 9s
PUT /tmp/ktest_lustre_mainline_native_4drml109.tar 9s
PUT /tmp/ktest_lustre_mainline_native_4drml109.tar 9s
PUT /tmp/ktest_lustre_mainline_native_4drml109.tar 10s
PUT /tmp/ktest_lustre_mainline_native_4drml109.tar 9s
PUT /tmp/ktest_lustre_mainline_native_4drml109.tar 9s
PUT /tmp/ktest_lustre_mainline_native_4drml109.tar 9s
PUT /tmp/ktest_lustre_mainline_native_4drml109.tar 10s
PUT /tmp/ktest_lustre_mainline_native_4drml109.tar 9s
PUT /tmp/ktest-lustre.tar.gz 25s
PUT /tmp/ktest-lustre.tar.gz 24s
PUT /tmp/ktest_lustre_mainline_native_4drml109.tar 5s
PUT /tmp/ktest_lustre_mainline_native_4drml109.tar 4s
END cc-plugin tool cc-plugin FAIL 42s (exit code: 127)
END boot run tests/fs/lustre/boot.ktest PASS 64s
END clang-tidy tool clang-tidy PASS 68s
END mgs-setup run tests/fs/lustre/mgs-setup.ktest PASS 70s
END sanity-2 run tests/fs/lustre/sanity/sanity-2.ktest PASS 74s
END sanity-4 run tests/fs/lustre/sanity/sanity-4.ktest PASS 91s
END sanity-1 run tests/fs/lustre/sanity/sanity-1.ktest PASS 92s
END sanity-3 run tests/fs/lustre/sanity/sanity-3.ktest PASS 98s
END llmount run tests/fs/lustre/llmount.ktest PASS 152s
END llog-unit run tests/fs/lustre/llog-unit.ktest PASS 158s

============================================================
Final Results:
  checkpatch: PASS (13s) (log: /var/www/ci-lustre/upstream-patch-review/0471153e9175c8a623d5c4d1fe235604e35426e7_checkpatch.log)
  lustre_u24: PASS (70s) (log: /var/www/ci-lustre/upstream-patch-review/0471153e9175c8a623d5c4d1fe235604e35426e7_lustre_u24.log)
  lustre_al2023: PASS (67s) (log: /var/www/ci-lustre/upstream-patch-review/0471153e9175c8a623d5c4d1fe235604e35426e7_lustre_al2023.log)
  lustre_mainline_strict: FAIL (145s) (log: /var/www/ci-lustre/upstream-patch-review/0471153e9175c8a623d5c4d1fe235604e35426e7_lustre_mainline_strict.log)
  lustre_mainline: PASS (148s) (log: /var/www/ci-lustre/upstream-patch-review/0471153e9175c8a623d5c4d1fe235604e35426e7_lustre_mainline.log)
  lustre_mainline_native: PASS (149s) (log: /var/www/ci-lustre/upstream-patch-review/0471153e9175c8a623d5c4d1fe235604e35426e7_lustre_mainline_native.log)
  clang-tidy: PASS (68s) (log: /var/www/ci-lustre/upstream-patch-review/0471153e9175c8a623d5c4d1fe235604e35426e7_clang-tidy.log)
  cc-plugin: FAIL (42s) (log: /var/www/ci-lustre/upstream-patch-review/0471153e9175c8a623d5c4d1fe235604e35426e7_cc-plugin.log)
  boot: PASS (64s) (log: /var/www/ci-lustre/upstream-patch-review/0471153e9175c8a623d5c4d1fe235604e35426e7_boot.log)
  llmount: PASS (152s) (log: /var/www/ci-lustre/upstream-patch-review/0471153e9175c8a623d5c4d1fe235604e35426e7_llmount.log)
  llog-unit: PASS (158s) (log: /var/www/ci-lustre/upstream-patch-review/0471153e9175c8a623d5c4d1fe235604e35426e7_llog-unit.log)
  mgs-setup: PASS (70s) (log: /var/www/ci-lustre/upstream-patch-review/0471153e9175c8a623d5c4d1fe235604e35426e7_mgs-setup.log)
  sanity-1: PASS (92s) (log: /var/www/ci-lustre/upstream-patch-review/0471153e9175c8a623d5c4d1fe235604e35426e7_sanity-1.log)
  sanity-2: PASS (74s) (log: /var/www/ci-lustre/upstream-patch-review/0471153e9175c8a623d5c4d1fe235604e35426e7_sanity-2.log)
  sanity-3: PASS (98s) (log: /var/www/ci-lustre/upstream-patch-review/0471153e9175c8a623d5c4d1fe235604e35426e7_sanity-3.log)
  sanity-4: PASS (91s) (log: /var/www/ci-lustre/upstream-patch-review/0471153e9175c8a623d5c4d1fe235604e35426e7_sanity-4.log)

Total execution time: 339s
