CLI: ./podman-ktest --podman-socket unix:///run/podman/podman.sock --shared-filesystem /tmp --tarball-input job lustre-ci --output /var/www/ci-lustre/upstream-patch-review --git-hash 04d3fb94db5311dfcd6eb99febc51ed5329a74f0 --change-id 66247_04d3fb94db5311dfcd6eb99febc51ed5329a74f0 --subject LU-19507 nodemap: add immutable_flags RBAC

Environment validated successfully
Creating kernel tarball at /tmp/ktest-kernel.tar.gz...
Creating lustre tarball at /tmp/ktest-lustre.tar.gz...
Creating ZFS tarball at /tmp/ktest-zfs.tar.gz...
Executing 14 jobs
Jobs will start as soon as their dependencies are satisfied
Using tarball input mode

START ml-miscvm:lustre_mainline_native build tests/fs/lustre/boot.ktest
START al2023:al2023 build tests/fs/lustre/boot.ktest
START ml-strict:lustre_mainline build tests/fs/lustre/boot-strict.ktest
START checkpatch:checkpatch tool checkpatch
START u24:u24 build tests/fs/lustre/boot.ktest
START ml:lustre_mainline build tests/fs/lustre/boot.ktest
PUT /tmp/ktest-lustre.tar.gz 1s
PUT /tmp/ktest-lustre.tar.gz 1s
PUT /tmp/ktest-kernel.tar.gz 7s
PUT /tmp/ktest-kernel.tar.gz 7s
PUT /tmp/ktest-kernel.tar.gz 7s
PUT /tmp/ktest-kernel.tar.gz 7s
PUT /tmp/ktest-lustre.tar.gz 2s
PUT /tmp/ktest-lustre.tar.gz 2s
PUT /tmp/ktest-lustre.tar.gz 1s
PUT /tmp/ktest-lustre.tar.gz 2s
PUT /tmp/ktest-zfs.tar.gz 0s
PUT /tmp/ktest-zfs.tar.gz 0s
PUT /tmp/ktest-zfs.tar.gz 0s
END checkpatch:checkpatch tool checkpatch FAIL 12s (exit code: 1)
END al2023:al2023 build tests/fs/lustre/boot.ktest PASS 56s
END u24:u24 build tests/fs/lustre/boot.ktest PASS 65s
GET /tmp/ktest_ml:lustre_mainline_rc8t_b24.tar 6s
GET /tmp/ktest_ml-miscvm:lustre_mainline_native_ty7ygv36.tar 6s
GET /tmp/ktest_ml-strict:lustre_mainline_ut8eymm8.tar 6s
END ml-miscvm:lustre_mainline_native build tests/fs/lustre/boot.ktest FAIL 151s (exit code: 1)
END ml:lustre_mainline build tests/fs/lustre/boot.ktest FAIL 152s (exit code: 1)
END ml-strict:lustre_mainline build tests/fs/lustre/boot-strict.ktest FAIL 154s (exit code: 1)

============================================================
Final Results:
  checkpatch:checkpatch: FAIL (12s) (log: /var/www/ci-lustre/upstream-patch-review/04d3fb94db5311dfcd6eb99febc51ed5329a74f0_checkpatch:checkpatch.log)
  u24:u24: PASS (65s) (log: /var/www/ci-lustre/upstream-patch-review/04d3fb94db5311dfcd6eb99febc51ed5329a74f0_u24:u24.log)
  al2023:al2023: PASS (56s) (log: /var/www/ci-lustre/upstream-patch-review/04d3fb94db5311dfcd6eb99febc51ed5329a74f0_al2023:al2023.log)
  ml-strict:lustre_mainline: FAIL (154s) (log: /var/www/ci-lustre/upstream-patch-review/04d3fb94db5311dfcd6eb99febc51ed5329a74f0_ml-strict:lustre_mainline.log)
  ml:lustre_mainline: FAIL (152s) (log: /var/www/ci-lustre/upstream-patch-review/04d3fb94db5311dfcd6eb99febc51ed5329a74f0_ml:lustre_mainline.log)
  ml-miscvm:lustre_mainline_native: FAIL (151s) (log: /var/www/ci-lustre/upstream-patch-review/04d3fb94db5311dfcd6eb99febc51ed5329a74f0_ml-miscvm:lustre_mainline_native.log)
  ml-miscvm:boot: SKIPPED (due to dependency failure)
  ml-miscvm:llmount: SKIPPED (due to dependency failure)
  ml-miscvm:llog-unit: SKIPPED (due to dependency failure)
  ml-miscvm:mgs-setup: SKIPPED (due to dependency failure)
  ml-miscvm:sanity-1: SKIPPED (due to dependency failure)
  ml-miscvm:sanity-2: SKIPPED (due to dependency failure)
  ml-miscvm:sanity-3: SKIPPED (due to dependency failure)
  ml-miscvm:sanity-4: SKIPPED (due to dependency failure)

Total execution time: 184s
