CLI: ./podman-ktest --podman-socket unix:///run/podman/podman.sock --shared-filesystem /tmp --tarball-input job lustre-ci --output /var/www/ci-lustre/upstream-patch-review --git-hash 0523e0f2940d860ef66d69af8d6c64327180a128 --change-id 58508_0523e0f2940d860ef66d69af8d6c64327180a128 --subject LU-16049 llite: add sync_on_close option

  Checking /dev/kvm exists... OK
  Checking /dev/kvm permissions... OK
  Creating ccache directory... OK
  Checking ccache directory writable... OK

Environment validated successfully
Creating kernel tarball at /tmp/ktest-kernel.tar.gz...
Creating lustre tarball at /tmp/ktest-lustre.tar.gz...
Creating ZFS tarball at /tmp/ktest-zfs.tar.gz...
Executing 15 jobs
Jobs will start as soon as their dependencies are satisfied
Using tarball input mode

START al2023 build tests/fs/lustre/boot.ktest
START lustre_mainline build tests/fs/lustre/boot.ktest
START checkpatch tool checkpatch
START u24 build tests/fs/lustre/boot.ktest
START lustre_mainline_strict build tests/fs/lustre/boot-strict.ktest
START lustre_mainline_native build tests/fs/lustre/boot.ktest
PUT /tmp/ktest-lustre.tar.gz 15s
PUT /tmp/ktest-kernel.tar.gz 16s
PUT /tmp/ktest-kernel.tar.gz 16s
PUT /tmp/ktest-lustre.tar.gz 16s
PUT /tmp/ktest-kernel.tar.gz 16s
PUT /tmp/ktest-kernel.tar.gz 16s
PUT /tmp/ktest-lustre.tar.gz 3s
PUT /tmp/ktest-lustre.tar.gz 3s
PUT /tmp/ktest-lustre.tar.gz 3s
PUT /tmp/ktest-lustre.tar.gz 3s
PUT /tmp/ktest-zfs.tar.gz 0s
PUT /tmp/ktest-zfs.tar.gz 0s
PUT /tmp/ktest-zfs.tar.gz 0s
END checkpatch tool checkpatch PASS 22s
END al2023 build tests/fs/lustre/boot.ktest FAIL 71s (exit code: 2)
END u24 build tests/fs/lustre/boot.ktest FAIL 71s (exit code: 2)
GET /tmp/ktest_lustre_mainline_lvggygx9.tar 13s
GET /tmp/ktest_lustre_mainline_strict_c0jdb44j.tar 14s
GET /tmp/ktest_lustre_mainline_native_utblzggo.tar 14s
END lustre_mainline_strict build tests/fs/lustre/boot-strict.ktest FAIL 136s (exit code: 1)
END lustre_mainline build tests/fs/lustre/boot.ktest FAIL 137s (exit code: 1)
END lustre_mainline_native build tests/fs/lustre/boot.ktest FAIL 139s (exit code: 1)

============================================================
Final Results:
  checkpatch: PASS (22s) (log: /var/www/ci-lustre/upstream-patch-review/0523e0f2940d860ef66d69af8d6c64327180a128_checkpatch.log)
  u24: FAIL (71s) (log: /var/www/ci-lustre/upstream-patch-review/0523e0f2940d860ef66d69af8d6c64327180a128_u24.log)
  al2023: FAIL (71s) (log: /var/www/ci-lustre/upstream-patch-review/0523e0f2940d860ef66d69af8d6c64327180a128_al2023.log)
  lustre_mainline_strict: FAIL (136s) (log: /var/www/ci-lustre/upstream-patch-review/0523e0f2940d860ef66d69af8d6c64327180a128_lustre_mainline_strict.log)
  lustre_mainline: FAIL (137s) (log: /var/www/ci-lustre/upstream-patch-review/0523e0f2940d860ef66d69af8d6c64327180a128_lustre_mainline.log)
  lustre_mainline_native: FAIL (139s) (log: /var/www/ci-lustre/upstream-patch-review/0523e0f2940d860ef66d69af8d6c64327180a128_lustre_mainline_native.log)
  clang-tidy: SKIPPED (due to dependency failure)
  cc-plugin: SKIPPED (due to dependency failure)
  boot: SKIPPED (due to dependency failure)
  llmount: SKIPPED (due to dependency failure)
  mgs-setup: SKIPPED (due to dependency failure)
  sanity-1: SKIPPED (due to dependency failure)
  sanity-2: SKIPPED (due to dependency failure)
  sanity-3: SKIPPED (due to dependency failure)
  sanity-4: SKIPPED (due to dependency failure)

Total execution time: 171s
