CLI: ./podman-ktest --podman-socket unix:///run/podman/podman.sock --shared-filesystem /tmp --tarball-input job lustre-ci --output /var/www/ci-lustre/upstream-patch-review --git-hash 05731af2b7c8658bb521e2e218ce2d2db947bb6b --change-id 66834_05731af2b7c8658bb521e2e218ce2d2db947bb6b --subject LU-19616 ldiskfs: return error if journal start fails

Environment validated successfully
Creating kernel tarball at /tmp/ktest-kernel.tar.gz...
Creating lustre tarball at /tmp/ktest-lustre.tar.gz...
Creating ZFS tarball at /tmp/ktest-zfs.tar.gz...
Executing 14 jobs
Jobs will start as soon as their dependencies are satisfied
Using tarball input mode

START ml-strict:lustre_mainline build tests/fs/lustre/boot-strict.ktest
START checkpatch:checkpatch tool checkpatch
START ml-miscvm:lustre_mainline_native build tests/fs/lustre/boot.ktest
START u24:u24 build tests/fs/lustre/boot.ktest
START al2023:al2023 build tests/fs/lustre/boot.ktest
START ml:lustre_mainline build tests/fs/lustre/boot.ktest
PUT /tmp/ktest-lustre.tar.gz 1s
PUT /tmp/ktest-lustre.tar.gz 1s
PUT /tmp/ktest-kernel.tar.gz 6s
PUT /tmp/ktest-kernel.tar.gz 6s
PUT /tmp/ktest-kernel.tar.gz 7s
PUT /tmp/ktest-kernel.tar.gz 6s
PUT /tmp/ktest-lustre.tar.gz 2s
PUT /tmp/ktest-lustre.tar.gz 2s
PUT /tmp/ktest-lustre.tar.gz 2s
PUT /tmp/ktest-lustre.tar.gz 2s
PUT /tmp/ktest-zfs.tar.gz 1s
PUT /tmp/ktest-zfs.tar.gz 1s
PUT /tmp/ktest-zfs.tar.gz 1s
END checkpatch:checkpatch tool checkpatch PASS 11s
END al2023:al2023 build tests/fs/lustre/boot.ktest PASS 54s
END u24:u24 build tests/fs/lustre/boot.ktest PASS 55s
GET /tmp/ktest_ml-miscvm:lustre_mainline_native_y97vob5v.tar 0s
GET /tmp/ktest_ml:lustre_mainline_dhkt1e2u.tar 0s
END ml-miscvm:lustre_mainline_native build tests/fs/lustre/boot.ktest PASS 182s
START ml-miscvm:boot run tests/fs/lustre/boot.ktest
START ml-miscvm:llmount run tests/fs/lustre/llmount.ktest
START ml-miscvm:llog-unit run tests/fs/lustre/llog-unit.ktest
START ml-miscvm:mgs-setup run tests/fs/lustre/mgs-setup.ktest
START ml-miscvm:sanity-1 run tests/fs/lustre/sanity/sanity-1.ktest
START ml-miscvm:sanity-2 run tests/fs/lustre/sanity/sanity-2.ktest
START ml-miscvm:sanity-3 run tests/fs/lustre/sanity/sanity-3.ktest
START ml-miscvm:sanity-4 run tests/fs/lustre/sanity/sanity-4.ktest
END ml:lustre_mainline build tests/fs/lustre/boot.ktest PASS 184s
GET /tmp/ktest_ml-strict:lustre_mainline_i0c4l6lm.tar 9s
END ml-strict:lustre_mainline build tests/fs/lustre/boot-strict.ktest FAIL 192s (exit code: 1)
PUT /tmp/ktest-kernel.tar.gz 45s
PUT /tmp/ktest-kernel.tar.gz 45s
PUT /tmp/ktest-kernel.tar.gz 46s
PUT /tmp/ktest-kernel.tar.gz 45s
PUT /tmp/ktest-kernel.tar.gz 46s
PUT /tmp/ktest-kernel.tar.gz 45s
PUT /tmp/ktest-kernel.tar.gz 46s
PUT /tmp/ktest-kernel.tar.gz 46s
PUT /tmp/ktest-lustre.tar.gz 10s
PUT /tmp/ktest-lustre.tar.gz 10s
PUT /tmp/ktest-lustre.tar.gz 9s
PUT /tmp/ktest-lustre.tar.gz 10s
PUT /tmp/ktest-lustre.tar.gz 9s
PUT /tmp/ktest-lustre.tar.gz 10s
PUT /tmp/ktest-lustre.tar.gz 10s
PUT /tmp/ktest-lustre.tar.gz 9s
PUT /tmp/ktest_ml-miscvm:lustre_mainline_native_y97vob5v.tar 0s
PUT /tmp/ktest_ml-miscvm:lustre_mainline_native_y97vob5v.tar 1s
PUT /tmp/ktest_ml-miscvm:lustre_mainline_native_y97vob5v.tar 1s
PUT /tmp/ktest_ml-miscvm:lustre_mainline_native_y97vob5v.tar 1s
PUT /tmp/ktest_ml-miscvm:lustre_mainline_native_y97vob5v.tar 1s
PUT /tmp/ktest_ml-miscvm:lustre_mainline_native_y97vob5v.tar 1s
PUT /tmp/ktest_ml-miscvm:lustre_mainline_native_y97vob5v.tar 1s
PUT /tmp/ktest_ml-miscvm:lustre_mainline_native_y97vob5v.tar 1s
END ml-miscvm:boot run tests/fs/lustre/boot.ktest PASS 103s
END ml-miscvm:mgs-setup run tests/fs/lustre/mgs-setup.ktest PASS 112s
END ml-miscvm:sanity-4 run tests/fs/lustre/sanity/sanity-4.ktest PASS 141s
END ml-miscvm:sanity-1 run tests/fs/lustre/sanity/sanity-1.ktest PASS 143s
END ml-miscvm:sanity-3 run tests/fs/lustre/sanity/sanity-3.ktest PASS 144s
END ml-miscvm:sanity-2 run tests/fs/lustre/sanity/sanity-2.ktest PASS 152s
END ml-miscvm:llmount run tests/fs/lustre/llmount.ktest PASS 162s
END ml-miscvm:llog-unit run tests/fs/lustre/llog-unit.ktest FAIL 187s (exit code: 1)

============================================================
Final Results:
  checkpatch:checkpatch: PASS (11s) (log: /var/www/ci-lustre/upstream-patch-review/05731af2b7c8658bb521e2e218ce2d2db947bb6b_checkpatch:checkpatch.log)
  u24:u24: PASS (55s) (log: /var/www/ci-lustre/upstream-patch-review/05731af2b7c8658bb521e2e218ce2d2db947bb6b_u24:u24.log)
  al2023:al2023: PASS (54s) (log: /var/www/ci-lustre/upstream-patch-review/05731af2b7c8658bb521e2e218ce2d2db947bb6b_al2023:al2023.log)
  ml-strict:lustre_mainline: FAIL (192s) (log: /var/www/ci-lustre/upstream-patch-review/05731af2b7c8658bb521e2e218ce2d2db947bb6b_ml-strict:lustre_mainline.log)
  ml:lustre_mainline: PASS (184s) (log: /var/www/ci-lustre/upstream-patch-review/05731af2b7c8658bb521e2e218ce2d2db947bb6b_ml:lustre_mainline.log)
  ml-miscvm:lustre_mainline_native: PASS (182s) (log: /var/www/ci-lustre/upstream-patch-review/05731af2b7c8658bb521e2e218ce2d2db947bb6b_ml-miscvm:lustre_mainline_native.log)
  ml-miscvm:boot: PASS (103s) (log: /var/www/ci-lustre/upstream-patch-review/05731af2b7c8658bb521e2e218ce2d2db947bb6b_ml-miscvm:boot.log)
  ml-miscvm:llmount: PASS (162s) (log: /var/www/ci-lustre/upstream-patch-review/05731af2b7c8658bb521e2e218ce2d2db947bb6b_ml-miscvm:llmount.log)
  ml-miscvm:llog-unit: FAIL (187s) (log: /var/www/ci-lustre/upstream-patch-review/05731af2b7c8658bb521e2e218ce2d2db947bb6b_ml-miscvm:llog-unit.log)
  ml-miscvm:mgs-setup: PASS (112s) (log: /var/www/ci-lustre/upstream-patch-review/05731af2b7c8658bb521e2e218ce2d2db947bb6b_ml-miscvm:mgs-setup.log)
  ml-miscvm:sanity-1: PASS (143s) (log: /var/www/ci-lustre/upstream-patch-review/05731af2b7c8658bb521e2e218ce2d2db947bb6b_ml-miscvm:sanity-1.log)
  ml-miscvm:sanity-2: PASS (152s) (log: /var/www/ci-lustre/upstream-patch-review/05731af2b7c8658bb521e2e218ce2d2db947bb6b_ml-miscvm:sanity-2.log)
  ml-miscvm:sanity-3: PASS (144s) (log: /var/www/ci-lustre/upstream-patch-review/05731af2b7c8658bb521e2e218ce2d2db947bb6b_ml-miscvm:sanity-3.log)
  ml-miscvm:sanity-4: PASS (141s) (log: /var/www/ci-lustre/upstream-patch-review/05731af2b7c8658bb521e2e218ce2d2db947bb6b_ml-miscvm:sanity-4.log)

Total execution time: 400s
