CLI: ./podman-ktest --podman-socket unix:///run/podman/podman.sock --shared-filesystem /tmp --tarball-input job lustre-ci --output /var/www/ci-lustre/upstream-patch-review --git-hash 078175e875383e953a96a2e7327719766345b35f --change-id 64315_078175e875383e953a96a2e7327719766345b35f --subject LU-19921 lmv: move register observer before obd_connect

  Checking /dev/kvm exists... OK
  Checking /dev/kvm permissions... OK
  Creating ccache directory... OK
  Checking ccache directory writable... OK

Environment validated successfully
Creating kernel tarball at /tmp/ktest-kernel.tar.gz...
Creating lustre tarball at /tmp/ktest-lustre.tar.gz...
Executing 16 jobs
Jobs will start as soon as their dependencies are satisfied
Using tarball input mode

START lustre_mainline_strict build tests/fs/lustre/boot-strict.ktest
START lustre_mainline build tests/fs/lustre/boot.ktest
START lustre_mainline_native build tests/fs/lustre/boot.ktest
START checkpatch tool checkpatch
START u24 build tests/fs/lustre/boot.ktest
START al2023 build tests/fs/lustre/boot.ktest
PUT /tmp/ktest-lustre.tar.gz 3s
PUT /tmp/ktest-lustre.tar.gz 4s
PUT /tmp/ktest-kernel.tar.gz 5s
PUT /tmp/ktest-kernel.tar.gz 5s
PUT /tmp/ktest-kernel.tar.gz 5s
PUT /tmp/ktest-kernel.tar.gz 5s
PUT /tmp/ktest-lustre.tar.gz 4s
PUT /tmp/ktest-lustre.tar.gz 4s
PUT /tmp/ktest-lustre.tar.gz 4s
PUT /tmp/ktest-lustre.tar.gz 4s
END checkpatch tool checkpatch PASS 12s
END al2023 build tests/fs/lustre/boot.ktest PASS 71s
END u24 build tests/fs/lustre/boot.ktest PASS 71s
GET /tmp/ktest_lustre_mainline_strict_vkbo40ky.tar 5s
END lustre_mainline_strict build tests/fs/lustre/boot-strict.ktest FAIL 141s (exit code: 1)
GET /tmp/ktest_lustre_mainline_izfvb4nq.tar 5s
GET /tmp/ktest_lustre_mainline_native_k298q85s.tar 5s
END lustre_mainline build tests/fs/lustre/boot.ktest PASS 146s
END lustre_mainline_native build tests/fs/lustre/boot.ktest PASS 148s
START clang-tidy tool clang-tidy
START cc-plugin tool cc-plugin
START boot run tests/fs/lustre/boot.ktest
START llmount run tests/fs/lustre/llmount.ktest
START llog-unit run tests/fs/lustre/llog-unit.ktest
START mgs-setup run tests/fs/lustre/mgs-setup.ktest
START sanity-1 run tests/fs/lustre/sanity/sanity-1.ktest
START sanity-2 run tests/fs/lustre/sanity/sanity-2.ktest
START sanity-3 run tests/fs/lustre/sanity/sanity-3.ktest
START sanity-4 run tests/fs/lustre/sanity/sanity-4.ktest
PUT /tmp/ktest-kernel.tar.gz 38s
PUT /tmp/ktest_lustre_mainline_native_k298q85s.tar 46s
PUT /tmp/ktest_lustre_mainline_native_k298q85s.tar 47s
PUT /tmp/ktest_lustre_mainline_native_k298q85s.tar 47s
PUT /tmp/ktest_lustre_mainline_native_k298q85s.tar 47s
PUT /tmp/ktest_lustre_mainline_native_k298q85s.tar 47s
PUT /tmp/ktest_lustre_mainline_native_k298q85s.tar 47s
PUT /tmp/ktest-kernel.tar.gz 47s
PUT /tmp/ktest_lustre_mainline_native_k298q85s.tar 47s
PUT /tmp/ktest_lustre_mainline_native_k298q85s.tar 47s
PUT /tmp/ktest-lustre.tar.gz 99s
PUT /tmp/ktest-lustre.tar.gz 108s
PUT /tmp/ktest_lustre_mainline_native_k298q85s.tar 29s
PUT /tmp/ktest_lustre_mainline_native_k298q85s.tar 29s
END cc-plugin tool cc-plugin FAIL 180s (exit code: 127)
END boot run tests/fs/lustre/boot.ktest PASS 195s
END clang-tidy tool clang-tidy PASS 202s
END mgs-setup run tests/fs/lustre/mgs-setup.ktest PASS 207s
END sanity-3 run tests/fs/lustre/sanity/sanity-3.ktest PASS 225s
END sanity-2 run tests/fs/lustre/sanity/sanity-2.ktest PASS 228s
END sanity-1 run tests/fs/lustre/sanity/sanity-1.ktest PASS 229s
END sanity-4 run tests/fs/lustre/sanity/sanity-4.ktest PASS 229s
END llog-unit run tests/fs/lustre/llog-unit.ktest PASS 294s
END llmount run tests/fs/lustre/llmount.ktest PASS 296s

============================================================
Final Results:
  checkpatch: PASS (12s) (log: /var/www/ci-lustre/upstream-patch-review/078175e875383e953a96a2e7327719766345b35f_checkpatch.log)
  u24: PASS (71s) (log: /var/www/ci-lustre/upstream-patch-review/078175e875383e953a96a2e7327719766345b35f_u24.log)
  al2023: PASS (71s) (log: /var/www/ci-lustre/upstream-patch-review/078175e875383e953a96a2e7327719766345b35f_al2023.log)
  lustre_mainline_strict: FAIL (141s) (log: /var/www/ci-lustre/upstream-patch-review/078175e875383e953a96a2e7327719766345b35f_lustre_mainline_strict.log)
  lustre_mainline: PASS (146s) (log: /var/www/ci-lustre/upstream-patch-review/078175e875383e953a96a2e7327719766345b35f_lustre_mainline.log)
  lustre_mainline_native: PASS (148s) (log: /var/www/ci-lustre/upstream-patch-review/078175e875383e953a96a2e7327719766345b35f_lustre_mainline_native.log)
  clang-tidy: PASS (202s) (log: /var/www/ci-lustre/upstream-patch-review/078175e875383e953a96a2e7327719766345b35f_clang-tidy.log)
  cc-plugin: FAIL (180s) (log: /var/www/ci-lustre/upstream-patch-review/078175e875383e953a96a2e7327719766345b35f_cc-plugin.log)
  boot: PASS (195s) (log: /var/www/ci-lustre/upstream-patch-review/078175e875383e953a96a2e7327719766345b35f_boot.log)
  llmount: PASS (296s) (log: /var/www/ci-lustre/upstream-patch-review/078175e875383e953a96a2e7327719766345b35f_llmount.log)
  llog-unit: PASS (294s) (log: /var/www/ci-lustre/upstream-patch-review/078175e875383e953a96a2e7327719766345b35f_llog-unit.log)
  mgs-setup: PASS (207s) (log: /var/www/ci-lustre/upstream-patch-review/078175e875383e953a96a2e7327719766345b35f_mgs-setup.log)
  sanity-1: PASS (229s) (log: /var/www/ci-lustre/upstream-patch-review/078175e875383e953a96a2e7327719766345b35f_sanity-1.log)
  sanity-2: PASS (228s) (log: /var/www/ci-lustre/upstream-patch-review/078175e875383e953a96a2e7327719766345b35f_sanity-2.log)
  sanity-3: PASS (225s) (log: /var/www/ci-lustre/upstream-patch-review/078175e875383e953a96a2e7327719766345b35f_sanity-3.log)
  sanity-4: PASS (229s) (log: /var/www/ci-lustre/upstream-patch-review/078175e875383e953a96a2e7327719766345b35f_sanity-4.log)

Total execution time: 476s
