CLI: ./podman-ktest --podman-socket unix:///run/podman/podman.sock --shared-filesystem /tmp --tarball-input job lustre-ci --output /var/www/ci-lustre/upstream-patch-review --git-hash 086e29d15de4790415a7e0a20ec6a604877b4052 --change-id 62860_086e29d15de4790415a7e0a20ec6a604877b4052 --subject LU-18857 mgs: add allow_register tunable parameter

  Checking /dev/kvm exists... OK
  Checking /dev/kvm permissions... OK
  Creating ccache directory... OK
  Checking ccache directory writable... OK

Environment validated successfully
Creating kernel tarball at /tmp/ktest-kernel.tar.gz...
Creating lustre tarball at /tmp/ktest-lustre.tar.gz...
Executing 16 jobs
Jobs will start as soon as their dependencies are satisfied
Using tarball input mode

START lustre_al2023 build tests/fs/lustre/boot.ktest
START lustre_mainline build tests/fs/lustre/boot.ktest
START checkpatch tool checkpatch
START lustre_mainline_strict build tests/fs/lustre/boot-strict.ktest
START lustre_mainline_native build tests/fs/lustre/boot.ktest
START lustre_u24 build tests/fs/lustre/boot.ktest
PUT /tmp/ktest-kernel.tar.gz 9s
PUT /tmp/ktest-kernel.tar.gz 9s
PUT /tmp/ktest-kernel.tar.gz 9s
PUT /tmp/ktest-kernel.tar.gz 9s
PUT /tmp/ktest-kernel.tar.gz 9s
PUT /tmp/ktest-kernel.tar.gz 9s
PUT /tmp/ktest-lustre.tar.gz 3s
PUT /tmp/ktest-lustre.tar.gz 4s
PUT /tmp/ktest-lustre.tar.gz 3s
PUT /tmp/ktest-lustre.tar.gz 3s
PUT /tmp/ktest-lustre.tar.gz 3s
PUT /tmp/ktest-lustre.tar.gz 3s
END checkpatch tool checkpatch FAIL 15s (exit code: 1)
END lustre_u24 build tests/fs/lustre/boot.ktest PASS 75s
END lustre_al2023 build tests/fs/lustre/boot.ktest PASS 77s
GET /tmp/ktest_lustre_mainline_strict_gskhpsgh.tar 6s
END lustre_mainline_strict build tests/fs/lustre/boot-strict.ktest FAIL 146s (exit code: 1)
GET /tmp/ktest_lustre_mainline_native_igz74wej.tar 3s
GET /tmp/ktest_lustre_mainline_74o6wcps.tar 3s
END lustre_mainline_native build tests/fs/lustre/boot.ktest PASS 162s
START clang-tidy tool clang-tidy
START cc-plugin tool cc-plugin
START boot run tests/fs/lustre/boot.ktest
START llmount run tests/fs/lustre/llmount.ktest
START llog-unit run tests/fs/lustre/llog-unit.ktest
START mgs-setup run tests/fs/lustre/mgs-setup.ktest
START sanity-1 run tests/fs/lustre/sanity/sanity-1.ktest
START sanity-2 run tests/fs/lustre/sanity/sanity-2.ktest
START sanity-3 run tests/fs/lustre/sanity/sanity-3.ktest
START sanity-4 run tests/fs/lustre/sanity/sanity-4.ktest
END lustre_mainline build tests/fs/lustre/boot.ktest PASS 164s
PUT /tmp/ktest-kernel.tar.gz 18s
PUT /tmp/ktest_lustre_mainline_native_igz74wej.tar 27s
PUT /tmp/ktest_lustre_mainline_native_igz74wej.tar 27s
PUT /tmp/ktest_lustre_mainline_native_igz74wej.tar 27s
PUT /tmp/ktest_lustre_mainline_native_igz74wej.tar 27s
PUT /tmp/ktest_lustre_mainline_native_igz74wej.tar 27s
PUT /tmp/ktest_lustre_mainline_native_igz74wej.tar 27s
PUT /tmp/ktest-kernel.tar.gz 27s
PUT /tmp/ktest_lustre_mainline_native_igz74wej.tar 27s
PUT /tmp/ktest_lustre_mainline_native_igz74wej.tar 27s
PUT /tmp/ktest-lustre.tar.gz 74s
PUT /tmp/ktest-lustre.tar.gz 90s
PUT /tmp/ktest_lustre_mainline_native_igz74wej.tar 11s
PUT /tmp/ktest_lustre_mainline_native_igz74wej.tar 17s
END boot run tests/fs/lustre/boot.ktest PASS 123s
END cc-plugin tool cc-plugin FAIL 125s (exit code: 127)
END mgs-setup run tests/fs/lustre/mgs-setup.ktest PASS 142s
END clang-tidy tool clang-tidy PASS 151s
END sanity-4 run tests/fs/lustre/sanity/sanity-4.ktest PASS 150s
END sanity-1 run tests/fs/lustre/sanity/sanity-1.ktest PASS 153s
END sanity-3 run tests/fs/lustre/sanity/sanity-3.ktest PASS 154s
END sanity-2 run tests/fs/lustre/sanity/sanity-2.ktest PASS 163s
END llog-unit run tests/fs/lustre/llog-unit.ktest PASS 221s
END llmount run tests/fs/lustre/llmount.ktest PASS 223s

============================================================
Final Results:
  checkpatch: FAIL (15s) (log: /var/www/ci-lustre/upstream-patch-review/086e29d15de4790415a7e0a20ec6a604877b4052_checkpatch.log)
  lustre_u24: PASS (75s) (log: /var/www/ci-lustre/upstream-patch-review/086e29d15de4790415a7e0a20ec6a604877b4052_lustre_u24.log)
  lustre_al2023: PASS (77s) (log: /var/www/ci-lustre/upstream-patch-review/086e29d15de4790415a7e0a20ec6a604877b4052_lustre_al2023.log)
  lustre_mainline_strict: FAIL (146s) (log: /var/www/ci-lustre/upstream-patch-review/086e29d15de4790415a7e0a20ec6a604877b4052_lustre_mainline_strict.log)
  lustre_mainline: PASS (164s) (log: /var/www/ci-lustre/upstream-patch-review/086e29d15de4790415a7e0a20ec6a604877b4052_lustre_mainline.log)
  lustre_mainline_native: PASS (162s) (log: /var/www/ci-lustre/upstream-patch-review/086e29d15de4790415a7e0a20ec6a604877b4052_lustre_mainline_native.log)
  clang-tidy: PASS (151s) (log: /var/www/ci-lustre/upstream-patch-review/086e29d15de4790415a7e0a20ec6a604877b4052_clang-tidy.log)
  cc-plugin: FAIL (125s) (log: /var/www/ci-lustre/upstream-patch-review/086e29d15de4790415a7e0a20ec6a604877b4052_cc-plugin.log)
  boot: PASS (123s) (log: /var/www/ci-lustre/upstream-patch-review/086e29d15de4790415a7e0a20ec6a604877b4052_boot.log)
  llmount: PASS (223s) (log: /var/www/ci-lustre/upstream-patch-review/086e29d15de4790415a7e0a20ec6a604877b4052_llmount.log)
  llog-unit: PASS (221s) (log: /var/www/ci-lustre/upstream-patch-review/086e29d15de4790415a7e0a20ec6a604877b4052_llog-unit.log)
  mgs-setup: PASS (142s) (log: /var/www/ci-lustre/upstream-patch-review/086e29d15de4790415a7e0a20ec6a604877b4052_mgs-setup.log)
  sanity-1: PASS (153s) (log: /var/www/ci-lustre/upstream-patch-review/086e29d15de4790415a7e0a20ec6a604877b4052_sanity-1.log)
  sanity-2: PASS (163s) (log: /var/www/ci-lustre/upstream-patch-review/086e29d15de4790415a7e0a20ec6a604877b4052_sanity-2.log)
  sanity-3: PASS (154s) (log: /var/www/ci-lustre/upstream-patch-review/086e29d15de4790415a7e0a20ec6a604877b4052_sanity-3.log)
  sanity-4: PASS (150s) (log: /var/www/ci-lustre/upstream-patch-review/086e29d15de4790415a7e0a20ec6a604877b4052_sanity-4.log)

Total execution time: 416s
