CLI: ./podman-ktest --podman-socket unix:///run/podman/podman.sock --shared-filesystem /tmp --tarball-input job lustre-ci --output /var/www/ci-lustre/upstream-patch-review --git-hash 0967fde74ef7ad61431b290f18443a149f21c599 --change-id 66690_0967fde74ef7ad61431b290f18443a149f21c599 --subject LU-20400 o2iblnd: fix descriptor leak on FastReg map error

  Checking /dev/kvm exists... OK
  Checking /dev/kvm permissions... OK
  Creating ccache directory... OK
  Checking ccache directory writable... OK
  Creating package output directory... OK

Environment validated successfully
Creating kernel tarball at /tmp/ktest-kernel.tar.gz...
Creating lustre tarball at /tmp/ktest-lustre.tar.gz...
Creating ZFS tarball at /tmp/ktest-zfs.tar.gz...
Executing 13 jobs
Jobs will start as soon as their dependencies are satisfied
Using tarball input mode

START lustre_mainline_native build tests/fs/lustre/boot.ktest
START lustre_mainline_strict build tests/fs/lustre/boot-strict.ktest
START lustre_mainline build tests/fs/lustre/boot.ktest
START u24 build tests/fs/lustre/boot.ktest
START checkpatch tool checkpatch
START al2023 build tests/fs/lustre/boot.ktest
PUT /tmp/ktest-lustre.tar.gz 1s
PUT /tmp/ktest-lustre.tar.gz 1s
PUT /tmp/ktest-kernel.tar.gz 6s
PUT /tmp/ktest-kernel.tar.gz 6s
PUT /tmp/ktest-kernel.tar.gz 7s
PUT /tmp/ktest-kernel.tar.gz 7s
PUT /tmp/ktest-lustre.tar.gz 4s
PUT /tmp/ktest-lustre.tar.gz 4s
PUT /tmp/ktest-lustre.tar.gz 4s
PUT /tmp/ktest-lustre.tar.gz 4s
PUT /tmp/ktest-zfs.tar.gz 0s
PUT /tmp/ktest-zfs.tar.gz 0s
PUT /tmp/ktest-zfs.tar.gz 0s
END checkpatch tool checkpatch PASS 14s
END al2023 build tests/fs/lustre/boot.ktest PASS 69s
END u24 build tests/fs/lustre/boot.ktest PASS 75s
GET /tmp/ktest_lustre_mainline_strict_s0br7nbc.tar 6s
END lustre_mainline_strict build tests/fs/lustre/boot-strict.ktest FAIL 168s (exit code: 1)
GET /tmp/ktest_lustre_mainline_native_nrx4t_54.tar 0s
GET /tmp/ktest_lustre_mainline_yjvopj8x.tar 0s
END lustre_mainline_native build tests/fs/lustre/boot.ktest PASS 172s
START boot run tests/fs/lustre/boot.ktest
START llmount run tests/fs/lustre/llmount.ktest
START mgs-setup run tests/fs/lustre/mgs-setup.ktest
START sanity-1 run tests/fs/lustre/sanity/sanity-1.ktest
START sanity-2 run tests/fs/lustre/sanity/sanity-2.ktest
START sanity-3 run tests/fs/lustre/sanity/sanity-3.ktest
START sanity-4 run tests/fs/lustre/sanity/sanity-4.ktest
END lustre_mainline build tests/fs/lustre/boot.ktest PASS 173s
PUT /tmp/ktest-kernel.tar.gz 38s
PUT /tmp/ktest-kernel.tar.gz 37s
PUT /tmp/ktest-kernel.tar.gz 38s
PUT /tmp/ktest-kernel.tar.gz 38s
PUT /tmp/ktest-kernel.tar.gz 38s
PUT /tmp/ktest-kernel.tar.gz 38s
PUT /tmp/ktest-kernel.tar.gz 38s
PUT /tmp/ktest-lustre.tar.gz 7s
PUT /tmp/ktest-lustre.tar.gz 7s
PUT /tmp/ktest-lustre.tar.gz 7s
PUT /tmp/ktest-lustre.tar.gz 7s
PUT /tmp/ktest-lustre.tar.gz 7s
PUT /tmp/ktest-lustre.tar.gz 7s
PUT /tmp/ktest-lustre.tar.gz 7s
PUT /tmp/ktest_lustre_mainline_native_nrx4t_54.tar 1s
PUT /tmp/ktest_lustre_mainline_native_nrx4t_54.tar 1s
PUT /tmp/ktest_lustre_mainline_native_nrx4t_54.tar 1s
PUT /tmp/ktest_lustre_mainline_native_nrx4t_54.tar 1s
PUT /tmp/ktest_lustre_mainline_native_nrx4t_54.tar 1s
PUT /tmp/ktest_lustre_mainline_native_nrx4t_54.tar 1s
PUT /tmp/ktest_lustre_mainline_native_nrx4t_54.tar 1s
END boot run tests/fs/lustre/boot.ktest PASS 88s
END sanity-1 run tests/fs/lustre/sanity/sanity-1.ktest PASS 91s
END sanity-4 run tests/fs/lustre/sanity/sanity-4.ktest FAIL 98s (exit code: 1)
END sanity-3 run tests/fs/lustre/sanity/sanity-3.ktest PASS 126s
END sanity-2 run tests/fs/lustre/sanity/sanity-2.ktest PASS 127s
END mgs-setup run tests/fs/lustre/mgs-setup.ktest FAIL 129s (exit code: 1)
END llmount run tests/fs/lustre/llmount.ktest FAIL 134s (exit code: 1)

============================================================
Final Results:
  checkpatch: PASS (14s) (log: /var/www/ci-lustre/upstream-patch-review/0967fde74ef7ad61431b290f18443a149f21c599_checkpatch.log)
  u24: PASS (75s) (log: /var/www/ci-lustre/upstream-patch-review/0967fde74ef7ad61431b290f18443a149f21c599_u24.log)
  al2023: PASS (69s) (log: /var/www/ci-lustre/upstream-patch-review/0967fde74ef7ad61431b290f18443a149f21c599_al2023.log)
  lustre_mainline_strict: FAIL (168s) (log: /var/www/ci-lustre/upstream-patch-review/0967fde74ef7ad61431b290f18443a149f21c599_lustre_mainline_strict.log)
  lustre_mainline: PASS (173s) (log: /var/www/ci-lustre/upstream-patch-review/0967fde74ef7ad61431b290f18443a149f21c599_lustre_mainline.log)
  lustre_mainline_native: PASS (172s) (log: /var/www/ci-lustre/upstream-patch-review/0967fde74ef7ad61431b290f18443a149f21c599_lustre_mainline_native.log)
  boot: PASS (88s) (log: /var/www/ci-lustre/upstream-patch-review/0967fde74ef7ad61431b290f18443a149f21c599_boot.log)
  llmount: FAIL (134s) (log: /var/www/ci-lustre/upstream-patch-review/0967fde74ef7ad61431b290f18443a149f21c599_llmount.log)
  mgs-setup: FAIL (129s) (log: /var/www/ci-lustre/upstream-patch-review/0967fde74ef7ad61431b290f18443a149f21c599_mgs-setup.log)
  sanity-1: PASS (91s) (log: /var/www/ci-lustre/upstream-patch-review/0967fde74ef7ad61431b290f18443a149f21c599_sanity-1.log)
  sanity-2: PASS (127s) (log: /var/www/ci-lustre/upstream-patch-review/0967fde74ef7ad61431b290f18443a149f21c599_sanity-2.log)
  sanity-3: PASS (126s) (log: /var/www/ci-lustre/upstream-patch-review/0967fde74ef7ad61431b290f18443a149f21c599_sanity-3.log)
  sanity-4: FAIL (98s) (log: /var/www/ci-lustre/upstream-patch-review/0967fde74ef7ad61431b290f18443a149f21c599_sanity-4.log)

Total execution time: 335s
