CLI: ./podman-ktest --podman-socket unix:///run/podman/podman.sock --shared-filesystem /tmp --tarball-input job lustre-ci --output /var/www/ci-lustre/upstream-patch-review --git-hash 0a5e8d0befc9a894abcc9e5890e7b5c7ecf39fa8 --change-id 64405_0a5e8d0befc9a894abcc9e5890e7b5c7ecf39fa8 --subject LU-930 doc: update lctl-set_param with more details

  Checking /dev/kvm exists... OK
  Checking /dev/kvm permissions... OK
  Creating ccache directory... OK
  Checking ccache directory writable... OK

Environment validated successfully
Creating kernel tarball at /tmp/ktest-kernel.tar.gz...
Creating lustre tarball at /tmp/ktest-lustre.tar.gz...
Executing 16 jobs
Jobs will start as soon as their dependencies are satisfied
Using tarball input mode

START lustre_al2023 build tests/fs/lustre/boot.ktest
START checkpatch tool checkpatch
START lustre_mainline build tests/fs/lustre/boot.ktest
START lustre_mainline_native build tests/fs/lustre/boot.ktest
START lustre_u24 build tests/fs/lustre/boot.ktest
START lustre_mainline_strict build tests/fs/lustre/boot-strict.ktest
PUT /tmp/ktest-kernel.tar.gz 8s
PUT /tmp/ktest-kernel.tar.gz 8s
PUT /tmp/ktest-kernel.tar.gz 8s
PUT /tmp/ktest-kernel.tar.gz 8s
PUT /tmp/ktest-kernel.tar.gz 8s
PUT /tmp/ktest-kernel.tar.gz 8s
PUT /tmp/ktest-lustre.tar.gz 3s
PUT /tmp/ktest-lustre.tar.gz 3s
PUT /tmp/ktest-lustre.tar.gz 3s
PUT /tmp/ktest-lustre.tar.gz 3s
PUT /tmp/ktest-lustre.tar.gz 3s
PUT /tmp/ktest-lustre.tar.gz 3s
END checkpatch tool checkpatch FAIL 14s (exit code: 1)
END lustre_al2023 build tests/fs/lustre/boot.ktest PASS 71s
END lustre_u24 build tests/fs/lustre/boot.ktest PASS 73s
GET /tmp/ktest_lustre_mainline_strict_7alaxcgi.tar 4s
END lustre_mainline_strict build tests/fs/lustre/boot-strict.ktest FAIL 113s (exit code: 1)
GET /tmp/ktest_lustre_mainline_native_oho3ymww.tar 3s
GET /tmp/ktest_lustre_mainline_gvct2flc.tar 3s
END lustre_mainline_native build tests/fs/lustre/boot.ktest PASS 124s
START clang-tidy tool clang-tidy
START cc-plugin tool cc-plugin
START boot run tests/fs/lustre/boot.ktest
START llmount run tests/fs/lustre/llmount.ktest
START llog-unit run tests/fs/lustre/llog-unit.ktest
START mgs-setup run tests/fs/lustre/mgs-setup.ktest
START sanity-1 run tests/fs/lustre/sanity/sanity-1.ktest
START sanity-2 run tests/fs/lustre/sanity/sanity-2.ktest
START sanity-3 run tests/fs/lustre/sanity/sanity-3.ktest
START sanity-4 run tests/fs/lustre/sanity/sanity-4.ktest
END lustre_mainline build tests/fs/lustre/boot.ktest PASS 125s
PUT /tmp/ktest-kernel.tar.gz 12s
PUT /tmp/ktest_lustre_mainline_native_oho3ymww.tar 16s
PUT /tmp/ktest_lustre_mainline_native_oho3ymww.tar 16s
PUT /tmp/ktest-kernel.tar.gz 16s
PUT /tmp/ktest_lustre_mainline_native_oho3ymww.tar 16s
PUT /tmp/ktest_lustre_mainline_native_oho3ymww.tar 16s
PUT /tmp/ktest_lustre_mainline_native_oho3ymww.tar 16s
PUT /tmp/ktest_lustre_mainline_native_oho3ymww.tar 16s
PUT /tmp/ktest_lustre_mainline_native_oho3ymww.tar 16s
PUT /tmp/ktest_lustre_mainline_native_oho3ymww.tar 16s
PUT /tmp/ktest-lustre.tar.gz 26s
PUT /tmp/ktest-lustre.tar.gz 23s
PUT /tmp/ktest_lustre_mainline_native_oho3ymww.tar 8s
PUT /tmp/ktest_lustre_mainline_native_oho3ymww.tar 8s
END cc-plugin tool cc-plugin FAIL 51s (exit code: 127)
END clang-tidy tool clang-tidy PASS 68s
END boot run tests/fs/lustre/boot.ktest PASS 69s
END mgs-setup run tests/fs/lustre/mgs-setup.ktest PASS 76s
END sanity-2 run tests/fs/lustre/sanity/sanity-2.ktest PASS 90s
END sanity-4 run tests/fs/lustre/sanity/sanity-4.ktest PASS 90s
END sanity-3 run tests/fs/lustre/sanity/sanity-3.ktest PASS 99s
END sanity-1 run tests/fs/lustre/sanity/sanity-1.ktest PASS 111s
END llmount run tests/fs/lustre/llmount.ktest PASS 157s
END llog-unit run tests/fs/lustre/llog-unit.ktest PASS 169s

============================================================
Final Results:
  checkpatch: FAIL (14s) (log: /var/www/ci-lustre/upstream-patch-review/0a5e8d0befc9a894abcc9e5890e7b5c7ecf39fa8_checkpatch.log)
  lustre_u24: PASS (73s) (log: /var/www/ci-lustre/upstream-patch-review/0a5e8d0befc9a894abcc9e5890e7b5c7ecf39fa8_lustre_u24.log)
  lustre_al2023: PASS (71s) (log: /var/www/ci-lustre/upstream-patch-review/0a5e8d0befc9a894abcc9e5890e7b5c7ecf39fa8_lustre_al2023.log)
  lustre_mainline_strict: FAIL (113s) (log: /var/www/ci-lustre/upstream-patch-review/0a5e8d0befc9a894abcc9e5890e7b5c7ecf39fa8_lustre_mainline_strict.log)
  lustre_mainline: PASS (125s) (log: /var/www/ci-lustre/upstream-patch-review/0a5e8d0befc9a894abcc9e5890e7b5c7ecf39fa8_lustre_mainline.log)
  lustre_mainline_native: PASS (124s) (log: /var/www/ci-lustre/upstream-patch-review/0a5e8d0befc9a894abcc9e5890e7b5c7ecf39fa8_lustre_mainline_native.log)
  clang-tidy: PASS (68s) (log: /var/www/ci-lustre/upstream-patch-review/0a5e8d0befc9a894abcc9e5890e7b5c7ecf39fa8_clang-tidy.log)
  cc-plugin: FAIL (51s) (log: /var/www/ci-lustre/upstream-patch-review/0a5e8d0befc9a894abcc9e5890e7b5c7ecf39fa8_cc-plugin.log)
  boot: PASS (69s) (log: /var/www/ci-lustre/upstream-patch-review/0a5e8d0befc9a894abcc9e5890e7b5c7ecf39fa8_boot.log)
  llmount: PASS (157s) (log: /var/www/ci-lustre/upstream-patch-review/0a5e8d0befc9a894abcc9e5890e7b5c7ecf39fa8_llmount.log)
  llog-unit: PASS (169s) (log: /var/www/ci-lustre/upstream-patch-review/0a5e8d0befc9a894abcc9e5890e7b5c7ecf39fa8_llog-unit.log)
  mgs-setup: PASS (76s) (log: /var/www/ci-lustre/upstream-patch-review/0a5e8d0befc9a894abcc9e5890e7b5c7ecf39fa8_mgs-setup.log)
  sanity-1: PASS (111s) (log: /var/www/ci-lustre/upstream-patch-review/0a5e8d0befc9a894abcc9e5890e7b5c7ecf39fa8_sanity-1.log)
  sanity-2: PASS (90s) (log: /var/www/ci-lustre/upstream-patch-review/0a5e8d0befc9a894abcc9e5890e7b5c7ecf39fa8_sanity-2.log)
  sanity-3: PASS (99s) (log: /var/www/ci-lustre/upstream-patch-review/0a5e8d0befc9a894abcc9e5890e7b5c7ecf39fa8_sanity-3.log)
  sanity-4: PASS (90s) (log: /var/www/ci-lustre/upstream-patch-review/0a5e8d0befc9a894abcc9e5890e7b5c7ecf39fa8_sanity-4.log)

Total execution time: 325s
