CLI: ./podman-ktest --podman-socket unix:///run/podman/podman.sock --shared-filesystem /tmp --tarball-input job lustre-ci --output /var/www/ci-lustre/upstream-patch-review --git-hash 0b7c3fea10e26ed1129f3796875a10389fb7bf20 --change-id 64970_0b7c3fea10e26ed1129f3796875a10389fb7bf20 --subject LU-12668 lov: batch parity reads per-stripe for EC

  Checking /dev/kvm exists... OK
  Checking /dev/kvm permissions... OK
  Creating ccache directory... OK
  Checking ccache directory writable... OK

Environment validated successfully
Creating kernel tarball at /tmp/ktest-kernel.tar.gz...
Creating lustre tarball at /tmp/ktest-lustre.tar.gz...
Executing 16 jobs
Jobs will start as soon as their dependencies are satisfied
Using tarball input mode

START u24 build tests/fs/lustre/boot.ktest
START al2023 build tests/fs/lustre/boot.ktest
START lustre_mainline_native build tests/fs/lustre/boot.ktest
START lustre_mainline_strict build tests/fs/lustre/boot-strict.ktest
START lustre_mainline build tests/fs/lustre/boot.ktest
START checkpatch tool checkpatch
PUT /tmp/ktest-kernel.tar.gz 7s
PUT /tmp/ktest-kernel.tar.gz 7s
PUT /tmp/ktest-kernel.tar.gz 8s
PUT /tmp/ktest-kernel.tar.gz 8s
PUT /tmp/ktest-kernel.tar.gz 8s
PUT /tmp/ktest-kernel.tar.gz 8s
PUT /tmp/ktest-lustre.tar.gz 2s
PUT /tmp/ktest-lustre.tar.gz 2s
PUT /tmp/ktest-lustre.tar.gz 2s
PUT /tmp/ktest-lustre.tar.gz 2s
PUT /tmp/ktest-lustre.tar.gz 1s
PUT /tmp/ktest-lustre.tar.gz 2s
END checkpatch tool checkpatch PASS 12s
END al2023 build tests/fs/lustre/boot.ktest PASS 69s
END u24 build tests/fs/lustre/boot.ktest PASS 72s
GET /tmp/ktest_lustre_mainline_native_gaj0zlrt.tar 6s
GET /tmp/ktest_lustre_mainline_strict_gbwjlexc.tar 6s
GET /tmp/ktest_lustre_mainline_iy6l2wja.tar 6s
END lustre_mainline_native build tests/fs/lustre/boot.ktest FAIL 101s (exit code: 1)
END lustre_mainline build tests/fs/lustre/boot.ktest FAIL 102s (exit code: 1)
END lustre_mainline_strict build tests/fs/lustre/boot-strict.ktest FAIL 103s (exit code: 1)

============================================================
Final Results:
  checkpatch: PASS (12s) (log: /var/www/ci-lustre/upstream-patch-review/0b7c3fea10e26ed1129f3796875a10389fb7bf20_checkpatch.log)
  u24: PASS (72s) (log: /var/www/ci-lustre/upstream-patch-review/0b7c3fea10e26ed1129f3796875a10389fb7bf20_u24.log)
  al2023: PASS (69s) (log: /var/www/ci-lustre/upstream-patch-review/0b7c3fea10e26ed1129f3796875a10389fb7bf20_al2023.log)
  lustre_mainline_strict: FAIL (103s) (log: /var/www/ci-lustre/upstream-patch-review/0b7c3fea10e26ed1129f3796875a10389fb7bf20_lustre_mainline_strict.log)
  lustre_mainline: FAIL (102s) (log: /var/www/ci-lustre/upstream-patch-review/0b7c3fea10e26ed1129f3796875a10389fb7bf20_lustre_mainline.log)
  lustre_mainline_native: FAIL (101s) (log: /var/www/ci-lustre/upstream-patch-review/0b7c3fea10e26ed1129f3796875a10389fb7bf20_lustre_mainline_native.log)
  clang-tidy: SKIPPED (due to dependency failure)
  cc-plugin: SKIPPED (due to dependency failure)
  boot: SKIPPED (due to dependency failure)
  llmount: SKIPPED (due to dependency failure)
  llog-unit: SKIPPED (due to dependency failure)
  mgs-setup: SKIPPED (due to dependency failure)
  sanity-1: SKIPPED (due to dependency failure)
  sanity-2: SKIPPED (due to dependency failure)
  sanity-3: SKIPPED (due to dependency failure)
  sanity-4: SKIPPED (due to dependency failure)

Total execution time: 134s
