CLI: ./podman-ktest --podman-socket unix:///run/podman/podman.sock --shared-filesystem /tmp --tarball-input job lustre-ci --output /var/www/ci-lustre/upstream-patch-review --git-hash 0cffcc01b7e4440a09a21511e49de14b5b75c223 --change-id 64473_0cffcc01b7e4440a09a21511e49de14b5b75c223 --subject LU-19929 build: Add RISC-V to SUBARCH mapping

  Checking /dev/kvm exists... OK
  Checking /dev/kvm permissions... OK
  Creating ccache directory... OK
  Checking ccache directory writable... OK

Environment validated successfully
Creating kernel tarball at /tmp/ktest-kernel.tar.gz...
Creating lustre tarball at /tmp/ktest-lustre.tar.gz...
Executing 16 jobs
Jobs will start as soon as their dependencies are satisfied
Using tarball input mode

START lustre_mainline build tests/fs/lustre/boot.ktest
START al2023 build tests/fs/lustre/boot.ktest
START checkpatch tool checkpatch
START u24 build tests/fs/lustre/boot.ktest
START lustre_mainline_native build tests/fs/lustre/boot.ktest
START lustre_mainline_strict build tests/fs/lustre/boot-strict.ktest
PUT /tmp/ktest-kernel.tar.gz 8s
PUT /tmp/ktest-kernel.tar.gz 8s
PUT /tmp/ktest-kernel.tar.gz 8s
PUT /tmp/ktest-kernel.tar.gz 8s
PUT /tmp/ktest-kernel.tar.gz 8s
PUT /tmp/ktest-kernel.tar.gz 8s
PUT /tmp/ktest-lustre.tar.gz 1s
PUT /tmp/ktest-lustre.tar.gz 2s
PUT /tmp/ktest-lustre.tar.gz 2s
PUT /tmp/ktest-lustre.tar.gz 2s
PUT /tmp/ktest-lustre.tar.gz 2s
PUT /tmp/ktest-lustre.tar.gz 2s
END checkpatch tool checkpatch PASS 13s
END al2023 build tests/fs/lustre/boot.ktest PASS 65s
END u24 build tests/fs/lustre/boot.ktest PASS 69s
GET /tmp/ktest_lustre_mainline_strict_zn9l426x.tar 5s
END lustre_mainline_strict build tests/fs/lustre/boot-strict.ktest FAIL 112s (exit code: 1)
GET /tmp/ktest_lustre_mainline_ps4b3z8v.tar 4s
GET /tmp/ktest_lustre_mainline_native_xpmzuht7.tar 4s
END lustre_mainline build tests/fs/lustre/boot.ktest PASS 115s
END lustre_mainline_native build tests/fs/lustre/boot.ktest PASS 116s
START clang-tidy tool clang-tidy
START cc-plugin tool cc-plugin
START boot run tests/fs/lustre/boot.ktest
START llmount run tests/fs/lustre/llmount.ktest
START llog-unit run tests/fs/lustre/llog-unit.ktest
START mgs-setup run tests/fs/lustre/mgs-setup.ktest
START sanity-1 run tests/fs/lustre/sanity/sanity-1.ktest
START sanity-2 run tests/fs/lustre/sanity/sanity-2.ktest
START sanity-3 run tests/fs/lustre/sanity/sanity-3.ktest
START sanity-4 run tests/fs/lustre/sanity/sanity-4.ktest
PUT /tmp/ktest-kernel.tar.gz 9s
PUT /tmp/ktest_lustre_mainline_native_xpmzuht7.tar 10s
PUT /tmp/ktest_lustre_mainline_native_xpmzuht7.tar 10s
PUT /tmp/ktest_lustre_mainline_native_xpmzuht7.tar 10s
PUT /tmp/ktest_lustre_mainline_native_xpmzuht7.tar 10s
PUT /tmp/ktest_lustre_mainline_native_xpmzuht7.tar 10s
PUT /tmp/ktest_lustre_mainline_native_xpmzuht7.tar 10s
PUT /tmp/ktest-kernel.tar.gz 10s
PUT /tmp/ktest_lustre_mainline_native_xpmzuht7.tar 10s
PUT /tmp/ktest_lustre_mainline_native_xpmzuht7.tar 10s
PUT /tmp/ktest-lustre.tar.gz 26s
PUT /tmp/ktest-lustre.tar.gz 32s
PUT /tmp/ktest_lustre_mainline_native_xpmzuht7.tar 9s
PUT /tmp/ktest_lustre_mainline_native_xpmzuht7.tar 4s
END clang-tidy tool clang-tidy FAIL 48s (exit code: 1)
END cc-plugin tool cc-plugin FAIL 49s (exit code: 127)
END boot run tests/fs/lustre/boot.ktest PASS 59s
END mgs-setup run tests/fs/lustre/mgs-setup.ktest PASS 67s
END sanity-4 run tests/fs/lustre/sanity/sanity-4.ktest PASS 76s
END sanity-3 run tests/fs/lustre/sanity/sanity-3.ktest PASS 86s
END sanity-2 run tests/fs/lustre/sanity/sanity-2.ktest PASS 89s
END sanity-1 run tests/fs/lustre/sanity/sanity-1.ktest PASS 90s
END llmount run tests/fs/lustre/llmount.ktest PASS 148s
END llog-unit run tests/fs/lustre/llog-unit.ktest PASS 149s

============================================================
Final Results:
  checkpatch: PASS (13s) (log: /var/www/ci-lustre/upstream-patch-review/0cffcc01b7e4440a09a21511e49de14b5b75c223_checkpatch.log)
  u24: PASS (69s) (log: /var/www/ci-lustre/upstream-patch-review/0cffcc01b7e4440a09a21511e49de14b5b75c223_u24.log)
  al2023: PASS (65s) (log: /var/www/ci-lustre/upstream-patch-review/0cffcc01b7e4440a09a21511e49de14b5b75c223_al2023.log)
  lustre_mainline_strict: FAIL (112s) (log: /var/www/ci-lustre/upstream-patch-review/0cffcc01b7e4440a09a21511e49de14b5b75c223_lustre_mainline_strict.log)
  lustre_mainline: PASS (115s) (log: /var/www/ci-lustre/upstream-patch-review/0cffcc01b7e4440a09a21511e49de14b5b75c223_lustre_mainline.log)
  lustre_mainline_native: PASS (116s) (log: /var/www/ci-lustre/upstream-patch-review/0cffcc01b7e4440a09a21511e49de14b5b75c223_lustre_mainline_native.log)
  clang-tidy: FAIL (48s) (log: /var/www/ci-lustre/upstream-patch-review/0cffcc01b7e4440a09a21511e49de14b5b75c223_clang-tidy.log)
  cc-plugin: FAIL (49s) (log: /var/www/ci-lustre/upstream-patch-review/0cffcc01b7e4440a09a21511e49de14b5b75c223_cc-plugin.log)
  boot: PASS (59s) (log: /var/www/ci-lustre/upstream-patch-review/0cffcc01b7e4440a09a21511e49de14b5b75c223_boot.log)
  llmount: PASS (148s) (log: /var/www/ci-lustre/upstream-patch-review/0cffcc01b7e4440a09a21511e49de14b5b75c223_llmount.log)
  llog-unit: PASS (149s) (log: /var/www/ci-lustre/upstream-patch-review/0cffcc01b7e4440a09a21511e49de14b5b75c223_llog-unit.log)
  mgs-setup: PASS (67s) (log: /var/www/ci-lustre/upstream-patch-review/0cffcc01b7e4440a09a21511e49de14b5b75c223_mgs-setup.log)
  sanity-1: PASS (90s) (log: /var/www/ci-lustre/upstream-patch-review/0cffcc01b7e4440a09a21511e49de14b5b75c223_sanity-1.log)
  sanity-2: PASS (89s) (log: /var/www/ci-lustre/upstream-patch-review/0cffcc01b7e4440a09a21511e49de14b5b75c223_sanity-2.log)
  sanity-3: PASS (86s) (log: /var/www/ci-lustre/upstream-patch-review/0cffcc01b7e4440a09a21511e49de14b5b75c223_sanity-3.log)
  sanity-4: PASS (76s) (log: /var/www/ci-lustre/upstream-patch-review/0cffcc01b7e4440a09a21511e49de14b5b75c223_sanity-4.log)

Total execution time: 297s
