CLI: ./podman-ktest --podman-socket unix:///run/podman/podman.sock --shared-filesystem /tmp --tarball-input job lustre-ci --output /var/www/ci-lustre/upstream-patch-review --git-hash 0d6801a87bd0649677f6d64ff41eeeb517d12739 --change-id 62179_0d6801a87bd0649677f6d64ff41eeeb517d12739 --subject LU-17514 target: add expected_clients parameter and max client tracking

  Checking /dev/kvm exists... OK
  Checking /dev/kvm permissions... OK
  Creating ccache directory... OK
  Checking ccache directory writable... OK

Environment validated successfully
Creating kernel tarball at /tmp/ktest-kernel.tar.gz...
Creating lustre tarball at /tmp/ktest-lustre.tar.gz...
Executing 16 jobs
Jobs will start as soon as their dependencies are satisfied
Using tarball input mode

START lustre_al2023 build tests/fs/lustre/boot.ktest
START checkpatch tool checkpatch
START lustre_mainline_native build tests/fs/lustre/boot.ktest
START lustre_mainline_strict build tests/fs/lustre/boot-strict.ktest
START lustre_u24 build tests/fs/lustre/boot.ktest
START lustre_mainline build tests/fs/lustre/boot.ktest
PUT /tmp/ktest-kernel.tar.gz 10s
PUT /tmp/ktest-kernel.tar.gz 10s
PUT /tmp/ktest-kernel.tar.gz 10s
PUT /tmp/ktest-kernel.tar.gz 10s
PUT /tmp/ktest-kernel.tar.gz 10s
PUT /tmp/ktest-kernel.tar.gz 10s
PUT /tmp/ktest-lustre.tar.gz 3s
PUT /tmp/ktest-lustre.tar.gz 3s
PUT /tmp/ktest-lustre.tar.gz 3s
PUT /tmp/ktest-lustre.tar.gz 3s
PUT /tmp/ktest-lustre.tar.gz 4s
PUT /tmp/ktest-lustre.tar.gz 3s
END checkpatch tool checkpatch FAIL 16s (exit code: 1)
END lustre_u24 build tests/fs/lustre/boot.ktest PASS 76s
END lustre_al2023 build tests/fs/lustre/boot.ktest PASS 78s
GET /tmp/ktest_lustre_mainline_strict_fvtv45x3.tar 5s
END lustre_mainline_strict build tests/fs/lustre/boot-strict.ktest FAIL 146s (exit code: 1)
GET /tmp/ktest_lustre_mainline_nyyp_9sp.tar 3s
GET /tmp/ktest_lustre_mainline_native_zyc0gx47.tar 3s
END lustre_mainline build tests/fs/lustre/boot.ktest PASS 157s
END lustre_mainline_native build tests/fs/lustre/boot.ktest PASS 158s
START clang-tidy tool clang-tidy
START cc-plugin tool cc-plugin
START boot run tests/fs/lustre/boot.ktest
START llmount run tests/fs/lustre/llmount.ktest
START llog-unit run tests/fs/lustre/llog-unit.ktest
START mgs-setup run tests/fs/lustre/mgs-setup.ktest
START sanity-1 run tests/fs/lustre/sanity/sanity-1.ktest
START sanity-2 run tests/fs/lustre/sanity/sanity-2.ktest
START sanity-3 run tests/fs/lustre/sanity/sanity-3.ktest
START sanity-4 run tests/fs/lustre/sanity/sanity-4.ktest
PUT /tmp/ktest-kernel.tar.gz 12s
PUT /tmp/ktest_lustre_mainline_native_zyc0gx47.tar 16s
PUT /tmp/ktest_lustre_mainline_native_zyc0gx47.tar 16s
PUT /tmp/ktest_lustre_mainline_native_zyc0gx47.tar 16s
PUT /tmp/ktest_lustre_mainline_native_zyc0gx47.tar 16s
PUT /tmp/ktest_lustre_mainline_native_zyc0gx47.tar 16s
PUT /tmp/ktest_lustre_mainline_native_zyc0gx47.tar 16s
PUT /tmp/ktest-kernel.tar.gz 17s
PUT /tmp/ktest_lustre_mainline_native_zyc0gx47.tar 16s
PUT /tmp/ktest_lustre_mainline_native_zyc0gx47.tar 16s
PUT /tmp/ktest-lustre.tar.gz 32s
PUT /tmp/ktest-lustre.tar.gz 36s
PUT /tmp/ktest_lustre_mainline_native_zyc0gx47.tar 5s
PUT /tmp/ktest_lustre_mainline_native_zyc0gx47.tar 14s
END cc-plugin tool cc-plugin FAIL 62s (exit code: 127)
END boot run tests/fs/lustre/boot.ktest PASS 80s
END mgs-setup run tests/fs/lustre/mgs-setup.ktest PASS 88s
END clang-tidy tool clang-tidy PASS 89s
END sanity-1 run tests/fs/lustre/sanity/sanity-1.ktest PASS 91s
END sanity-4 run tests/fs/lustre/sanity/sanity-4.ktest PASS 95s
END sanity-2 run tests/fs/lustre/sanity/sanity-2.ktest PASS 108s
END sanity-3 run tests/fs/lustre/sanity/sanity-3.ktest PASS 118s
END llmount run tests/fs/lustre/llmount.ktest PASS 165s
END llog-unit run tests/fs/lustre/llog-unit.ktest PASS 170s

============================================================
Final Results:
  checkpatch: FAIL (16s) (log: /var/www/ci-lustre/upstream-patch-review/0d6801a87bd0649677f6d64ff41eeeb517d12739_checkpatch.log)
  lustre_u24: PASS (76s) (log: /var/www/ci-lustre/upstream-patch-review/0d6801a87bd0649677f6d64ff41eeeb517d12739_lustre_u24.log)
  lustre_al2023: PASS (78s) (log: /var/www/ci-lustre/upstream-patch-review/0d6801a87bd0649677f6d64ff41eeeb517d12739_lustre_al2023.log)
  lustre_mainline_strict: FAIL (146s) (log: /var/www/ci-lustre/upstream-patch-review/0d6801a87bd0649677f6d64ff41eeeb517d12739_lustre_mainline_strict.log)
  lustre_mainline: PASS (157s) (log: /var/www/ci-lustre/upstream-patch-review/0d6801a87bd0649677f6d64ff41eeeb517d12739_lustre_mainline.log)
  lustre_mainline_native: PASS (158s) (log: /var/www/ci-lustre/upstream-patch-review/0d6801a87bd0649677f6d64ff41eeeb517d12739_lustre_mainline_native.log)
  clang-tidy: PASS (89s) (log: /var/www/ci-lustre/upstream-patch-review/0d6801a87bd0649677f6d64ff41eeeb517d12739_clang-tidy.log)
  cc-plugin: FAIL (62s) (log: /var/www/ci-lustre/upstream-patch-review/0d6801a87bd0649677f6d64ff41eeeb517d12739_cc-plugin.log)
  boot: PASS (80s) (log: /var/www/ci-lustre/upstream-patch-review/0d6801a87bd0649677f6d64ff41eeeb517d12739_boot.log)
  llmount: PASS (165s) (log: /var/www/ci-lustre/upstream-patch-review/0d6801a87bd0649677f6d64ff41eeeb517d12739_llmount.log)
  llog-unit: PASS (170s) (log: /var/www/ci-lustre/upstream-patch-review/0d6801a87bd0649677f6d64ff41eeeb517d12739_llog-unit.log)
  mgs-setup: PASS (88s) (log: /var/www/ci-lustre/upstream-patch-review/0d6801a87bd0649677f6d64ff41eeeb517d12739_mgs-setup.log)
  sanity-1: PASS (91s) (log: /var/www/ci-lustre/upstream-patch-review/0d6801a87bd0649677f6d64ff41eeeb517d12739_sanity-1.log)
  sanity-2: PASS (108s) (log: /var/www/ci-lustre/upstream-patch-review/0d6801a87bd0649677f6d64ff41eeeb517d12739_sanity-2.log)
  sanity-3: PASS (118s) (log: /var/www/ci-lustre/upstream-patch-review/0d6801a87bd0649677f6d64ff41eeeb517d12739_sanity-3.log)
  sanity-4: PASS (95s) (log: /var/www/ci-lustre/upstream-patch-review/0d6801a87bd0649677f6d64ff41eeeb517d12739_sanity-4.log)

Total execution time: 359s
