CLI: ./podman-ktest --podman-socket unix:///run/podman/podman.sock --shared-filesystem /tmp --tarball-input job lustre-ci --output /var/www/ci-lustre/upstream-patch-review --git-hash 0d753e94a8ba8cf8710ccac5cd1703f45ff7db6b --change-id 64201_0d753e94a8ba8cf8710ccac5cd1703f45ff7db6b --subject LU-19915 mgc: attach local storage per cld

  Checking /dev/kvm exists... OK
  Checking /dev/kvm permissions... OK
  Creating ccache directory... OK
  Checking ccache directory writable... OK

Environment validated successfully
Creating kernel tarball at /tmp/ktest-kernel.tar.gz...
Creating lustre tarball at /tmp/ktest-lustre.tar.gz...
Executing 16 jobs
Jobs will start as soon as their dependencies are satisfied
Using tarball input mode

START lustre_mainline build tests/fs/lustre/boot.ktest
START checkpatch tool checkpatch
START lustre_mainline_strict build tests/fs/lustre/boot-strict.ktest
START u24 build tests/fs/lustre/boot.ktest
START lustre_mainline_native build tests/fs/lustre/boot.ktest
START al2023 build tests/fs/lustre/boot.ktest
PUT /tmp/ktest-kernel.tar.gz 8s
PUT /tmp/ktest-kernel.tar.gz 8s
PUT /tmp/ktest-kernel.tar.gz 8s
PUT /tmp/ktest-kernel.tar.gz 8s
PUT /tmp/ktest-kernel.tar.gz 8s
PUT /tmp/ktest-kernel.tar.gz 8s
PUT /tmp/ktest-lustre.tar.gz 2s
PUT /tmp/ktest-lustre.tar.gz 2s
PUT /tmp/ktest-lustre.tar.gz 2s
PUT /tmp/ktest-lustre.tar.gz 2s
PUT /tmp/ktest-lustre.tar.gz 2s
PUT /tmp/ktest-lustre.tar.gz 2s
END checkpatch tool checkpatch PASS 13s
END al2023 build tests/fs/lustre/boot.ktest PASS 66s
END u24 build tests/fs/lustre/boot.ktest PASS 71s
GET /tmp/ktest_lustre_mainline_strict_klsmyeqo.tar 5s
END lustre_mainline_strict build tests/fs/lustre/boot-strict.ktest FAIL 100s (exit code: 1)
GET /tmp/ktest_lustre_mainline_7qrvlqvp.tar 5s
GET /tmp/ktest_lustre_mainline_native_go1x05em.tar 5s
END lustre_mainline build tests/fs/lustre/boot.ktest PASS 103s
END lustre_mainline_native build tests/fs/lustre/boot.ktest PASS 104s
START clang-tidy tool clang-tidy
START cc-plugin tool cc-plugin
START boot run tests/fs/lustre/boot.ktest
START llmount run tests/fs/lustre/llmount.ktest
START llog-unit run tests/fs/lustre/llog-unit.ktest
START mgs-setup run tests/fs/lustre/mgs-setup.ktest
START sanity-1 run tests/fs/lustre/sanity/sanity-1.ktest
START sanity-2 run tests/fs/lustre/sanity/sanity-2.ktest
START sanity-3 run tests/fs/lustre/sanity/sanity-3.ktest
START sanity-4 run tests/fs/lustre/sanity/sanity-4.ktest
PUT /tmp/ktest-kernel.tar.gz 18s
PUT /tmp/ktest_lustre_mainline_native_go1x05em.tar 18s
PUT /tmp/ktest_lustre_mainline_native_go1x05em.tar 18s
PUT /tmp/ktest_lustre_mainline_native_go1x05em.tar 19s
PUT /tmp/ktest_lustre_mainline_native_go1x05em.tar 19s
PUT /tmp/ktest_lustre_mainline_native_go1x05em.tar 19s
PUT /tmp/ktest_lustre_mainline_native_go1x05em.tar 19s
PUT /tmp/ktest_lustre_mainline_native_go1x05em.tar 19s
PUT /tmp/ktest-kernel.tar.gz 19s
PUT /tmp/ktest_lustre_mainline_native_go1x05em.tar 19s
PUT /tmp/ktest-lustre.tar.gz 29s
PUT /tmp/ktest-lustre.tar.gz 29s
PUT /tmp/ktest_lustre_mainline_native_go1x05em.tar 9s
PUT /tmp/ktest_lustre_mainline_native_go1x05em.tar 7s
END cc-plugin tool cc-plugin FAIL 59s (exit code: 127)
END clang-tidy tool clang-tidy PASS 76s
END boot run tests/fs/lustre/boot.ktest PASS 77s
END mgs-setup run tests/fs/lustre/mgs-setup.ktest PASS 86s
END sanity-4 run tests/fs/lustre/sanity/sanity-4.ktest PASS 93s
END sanity-1 run tests/fs/lustre/sanity/sanity-1.ktest PASS 97s
END sanity-2 run tests/fs/lustre/sanity/sanity-2.ktest PASS 105s
END sanity-3 run tests/fs/lustre/sanity/sanity-3.ktest PASS 106s
END llog-unit run tests/fs/lustre/llog-unit.ktest PASS 171s
END llmount run tests/fs/lustre/llmount.ktest PASS 175s

============================================================
Final Results:
  checkpatch: PASS (13s) (log: /var/www/ci-lustre/upstream-patch-review/0d753e94a8ba8cf8710ccac5cd1703f45ff7db6b_checkpatch.log)
  u24: PASS (71s) (log: /var/www/ci-lustre/upstream-patch-review/0d753e94a8ba8cf8710ccac5cd1703f45ff7db6b_u24.log)
  al2023: PASS (66s) (log: /var/www/ci-lustre/upstream-patch-review/0d753e94a8ba8cf8710ccac5cd1703f45ff7db6b_al2023.log)
  lustre_mainline_strict: FAIL (100s) (log: /var/www/ci-lustre/upstream-patch-review/0d753e94a8ba8cf8710ccac5cd1703f45ff7db6b_lustre_mainline_strict.log)
  lustre_mainline: PASS (103s) (log: /var/www/ci-lustre/upstream-patch-review/0d753e94a8ba8cf8710ccac5cd1703f45ff7db6b_lustre_mainline.log)
  lustre_mainline_native: PASS (104s) (log: /var/www/ci-lustre/upstream-patch-review/0d753e94a8ba8cf8710ccac5cd1703f45ff7db6b_lustre_mainline_native.log)
  clang-tidy: PASS (76s) (log: /var/www/ci-lustre/upstream-patch-review/0d753e94a8ba8cf8710ccac5cd1703f45ff7db6b_clang-tidy.log)
  cc-plugin: FAIL (59s) (log: /var/www/ci-lustre/upstream-patch-review/0d753e94a8ba8cf8710ccac5cd1703f45ff7db6b_cc-plugin.log)
  boot: PASS (77s) (log: /var/www/ci-lustre/upstream-patch-review/0d753e94a8ba8cf8710ccac5cd1703f45ff7db6b_boot.log)
  llmount: PASS (175s) (log: /var/www/ci-lustre/upstream-patch-review/0d753e94a8ba8cf8710ccac5cd1703f45ff7db6b_llmount.log)
  llog-unit: PASS (171s) (log: /var/www/ci-lustre/upstream-patch-review/0d753e94a8ba8cf8710ccac5cd1703f45ff7db6b_llog-unit.log)
  mgs-setup: PASS (86s) (log: /var/www/ci-lustre/upstream-patch-review/0d753e94a8ba8cf8710ccac5cd1703f45ff7db6b_mgs-setup.log)
  sanity-1: PASS (97s) (log: /var/www/ci-lustre/upstream-patch-review/0d753e94a8ba8cf8710ccac5cd1703f45ff7db6b_sanity-1.log)
  sanity-2: PASS (105s) (log: /var/www/ci-lustre/upstream-patch-review/0d753e94a8ba8cf8710ccac5cd1703f45ff7db6b_sanity-2.log)
  sanity-3: PASS (106s) (log: /var/www/ci-lustre/upstream-patch-review/0d753e94a8ba8cf8710ccac5cd1703f45ff7db6b_sanity-3.log)
  sanity-4: PASS (93s) (log: /var/www/ci-lustre/upstream-patch-review/0d753e94a8ba8cf8710ccac5cd1703f45ff7db6b_sanity-4.log)

Total execution time: 312s
