CLI: ./podman-ktest --podman-socket unix:///run/podman/podman.sock --shared-filesystem /tmp --tarball-input job lustre-ci --output /var/www/ci-lustre/upstream-patch-review --git-hash 0e7c06fe4db01b513c57a250a9a4258221a27ef6 --change-id 63156_0e7c06fe4db01b513c57a250a9a4258221a27ef6 --subject LU-18317 lnet: fix configure o2ib NID with IPv6 address

  Checking /dev/kvm exists... OK
  Checking /dev/kvm permissions... OK
  Creating ccache directory... OK
  Checking ccache directory writable... OK

Environment validated successfully
Creating kernel tarball at /tmp/ktest-kernel.tar.gz...
Creating lustre tarball at /tmp/ktest-lustre.tar.gz...
Creating ZFS tarball at /tmp/ktest-zfs.tar.gz...
Executing 13 jobs
Jobs will start as soon as their dependencies are satisfied
Using tarball input mode

START lustre_mainline_native build tests/fs/lustre/boot.ktest
START lustre_mainline_strict build tests/fs/lustre/boot-strict.ktest
START checkpatch tool checkpatch
START lustre_mainline build tests/fs/lustre/boot.ktest
START u24 build tests/fs/lustre/boot.ktest
START al2023 build tests/fs/lustre/boot.ktest
PUT /tmp/ktest-lustre.tar.gz 1s
PUT /tmp/ktest-lustre.tar.gz 2s
PUT /tmp/ktest-kernel.tar.gz 6s
PUT /tmp/ktest-kernel.tar.gz 6s
PUT /tmp/ktest-kernel.tar.gz 6s
PUT /tmp/ktest-kernel.tar.gz 6s
PUT /tmp/ktest-lustre.tar.gz 1s
PUT /tmp/ktest-lustre.tar.gz 1s
PUT /tmp/ktest-lustre.tar.gz 1s
PUT /tmp/ktest-lustre.tar.gz 1s
PUT /tmp/ktest-zfs.tar.gz 0s
PUT /tmp/ktest-zfs.tar.gz 0s
PUT /tmp/ktest-zfs.tar.gz 0s
END checkpatch tool checkpatch FAIL 9s (exit code: 1)
END al2023 build tests/fs/lustre/boot.ktest PASS 59s
END u24 build tests/fs/lustre/boot.ktest PASS 65s
GET /tmp/ktest_lustre_mainline_sacinnyp.tar 7s
GET /tmp/ktest_lustre_mainline_strict_nzjugh2y.tar 7s
GET /tmp/ktest_lustre_mainline_native_el8gee5g.tar 7s
END lustre_mainline build tests/fs/lustre/boot.ktest FAIL 126s (exit code: 1)
END lustre_mainline_strict build tests/fs/lustre/boot-strict.ktest FAIL 128s (exit code: 1)
END lustre_mainline_native build tests/fs/lustre/boot.ktest FAIL 129s (exit code: 1)

============================================================
Final Results:
  checkpatch: FAIL (9s) (log: /var/www/ci-lustre/upstream-patch-review/0e7c06fe4db01b513c57a250a9a4258221a27ef6_checkpatch.log)
  u24: PASS (65s) (log: /var/www/ci-lustre/upstream-patch-review/0e7c06fe4db01b513c57a250a9a4258221a27ef6_u24.log)
  al2023: PASS (59s) (log: /var/www/ci-lustre/upstream-patch-review/0e7c06fe4db01b513c57a250a9a4258221a27ef6_al2023.log)
  lustre_mainline_strict: FAIL (128s) (log: /var/www/ci-lustre/upstream-patch-review/0e7c06fe4db01b513c57a250a9a4258221a27ef6_lustre_mainline_strict.log)
  lustre_mainline: FAIL (126s) (log: /var/www/ci-lustre/upstream-patch-review/0e7c06fe4db01b513c57a250a9a4258221a27ef6_lustre_mainline.log)
  lustre_mainline_native: FAIL (129s) (log: /var/www/ci-lustre/upstream-patch-review/0e7c06fe4db01b513c57a250a9a4258221a27ef6_lustre_mainline_native.log)
  boot: SKIPPED (due to dependency failure)
  llmount: SKIPPED (due to dependency failure)
  mgs-setup: SKIPPED (due to dependency failure)
  sanity-1: SKIPPED (due to dependency failure)
  sanity-2: SKIPPED (due to dependency failure)
  sanity-3: SKIPPED (due to dependency failure)
  sanity-4: SKIPPED (due to dependency failure)

Total execution time: 160s
