CLI: ./podman-ktest --podman-socket unix:///run/podman/podman.sock --shared-filesystem /tmp --tarball-input job lustre-ci --output /var/www/ci-lustre/upstream-patch-review --git-hash 0ec309824d43bdeac6ee76819fbd0889ef023067 --change-id 64086_0ec309824d43bdeac6ee76819fbd0889ef023067 --subject LU-12668 lov: handle ESHUTDOWN for LSEEK on EC files

  Checking /dev/kvm exists... OK
  Checking /dev/kvm permissions... OK
  Creating ccache directory... OK
  Checking ccache directory writable... OK

Environment validated successfully
Creating kernel tarball at /tmp/ktest-kernel.tar.gz...
Creating lustre tarball at /tmp/ktest-lustre.tar.gz...
Executing 16 jobs
Jobs will start as soon as their dependencies are satisfied
Using tarball input mode

START lustre_mainline_strict build tests/fs/lustre/boot-strict.ktest
START u24 build tests/fs/lustre/boot.ktest
START checkpatch tool checkpatch
START lustre_mainline build tests/fs/lustre/boot.ktest
START lustre_mainline_native build tests/fs/lustre/boot.ktest
START al2023 build tests/fs/lustre/boot.ktest
PUT /tmp/ktest-kernel.tar.gz 8s
PUT /tmp/ktest-kernel.tar.gz 8s
PUT /tmp/ktest-kernel.tar.gz 8s
PUT /tmp/ktest-kernel.tar.gz 8s
PUT /tmp/ktest-kernel.tar.gz 8s
PUT /tmp/ktest-kernel.tar.gz 8s
PUT /tmp/ktest-lustre.tar.gz 2s
PUT /tmp/ktest-lustre.tar.gz 2s
PUT /tmp/ktest-lustre.tar.gz 2s
PUT /tmp/ktest-lustre.tar.gz 2s
PUT /tmp/ktest-lustre.tar.gz 2s
PUT /tmp/ktest-lustre.tar.gz 2s
END checkpatch tool checkpatch PASS 13s
END al2023 build tests/fs/lustre/boot.ktest FAIL 69s (exit code: 2)
END u24 build tests/fs/lustre/boot.ktest FAIL 72s (exit code: 2)
GET /tmp/ktest_lustre_mainline_strict_7pk8itp6.tar 7s
GET /tmp/ktest_lustre_mainline_kn1dhvq6.tar 7s
GET /tmp/ktest_lustre_mainline_native_vgputpwi.tar 7s
END lustre_mainline_strict build tests/fs/lustre/boot-strict.ktest FAIL 114s (exit code: 1)
END lustre_mainline build tests/fs/lustre/boot.ktest FAIL 115s (exit code: 1)
END lustre_mainline_native build tests/fs/lustre/boot.ktest FAIL 116s (exit code: 1)

============================================================
Final Results:
  checkpatch: PASS (13s) (log: /var/www/ci-lustre/upstream-patch-review/0ec309824d43bdeac6ee76819fbd0889ef023067_checkpatch.log)
  u24: FAIL (72s) (log: /var/www/ci-lustre/upstream-patch-review/0ec309824d43bdeac6ee76819fbd0889ef023067_u24.log)
  al2023: FAIL (69s) (log: /var/www/ci-lustre/upstream-patch-review/0ec309824d43bdeac6ee76819fbd0889ef023067_al2023.log)
  lustre_mainline_strict: FAIL (114s) (log: /var/www/ci-lustre/upstream-patch-review/0ec309824d43bdeac6ee76819fbd0889ef023067_lustre_mainline_strict.log)
  lustre_mainline: FAIL (115s) (log: /var/www/ci-lustre/upstream-patch-review/0ec309824d43bdeac6ee76819fbd0889ef023067_lustre_mainline.log)
  lustre_mainline_native: FAIL (116s) (log: /var/www/ci-lustre/upstream-patch-review/0ec309824d43bdeac6ee76819fbd0889ef023067_lustre_mainline_native.log)
  clang-tidy: SKIPPED (due to dependency failure)
  cc-plugin: SKIPPED (due to dependency failure)
  boot: SKIPPED (due to dependency failure)
  llmount: SKIPPED (due to dependency failure)
  llog-unit: SKIPPED (due to dependency failure)
  mgs-setup: SKIPPED (due to dependency failure)
  sanity-1: SKIPPED (due to dependency failure)
  sanity-2: SKIPPED (due to dependency failure)
  sanity-3: SKIPPED (due to dependency failure)
  sanity-4: SKIPPED (due to dependency failure)

Total execution time: 149s
