CLI: ./podman-ktest --podman-socket unix:///run/podman/podman.sock --shared-filesystem /tmp --tarball-input job lustre-ci --output /var/www/ci-lustre/upstream-patch-review --git-hash 0f13d73b1d3d1264e33a7e16fc66d779c2c8bbe5 --change-id 67372_0f13d73b1d3d1264e33a7e16fc66d779c2c8bbe5 --subject LU-20494 llite: don't run statahead on a non-directory parent

Environment validated successfully
Note: custom LLVM is not synced in tarball input mode
Creating kernel tarball at /tmp/ktest-kernel.tar.gz...
Creating lustre tarball at /tmp/ktest-lustre.tar.gz...
Creating ZFS tarball at /tmp/ktest-zfs.tar.gz...
Executing 14 jobs
Jobs will start as soon as their dependencies are satisfied
Using tarball input mode

START ml-strict:lustre_mainline build tests/fs/lustre/boot-strict.ktest
START checkpatch:checkpatch tool checkpatch
START ml:lustre_mainline build tests/fs/lustre/boot.ktest
START ml-miscvm:lustre_mainline_native build tests/fs/lustre/boot.ktest
START u24:u24 build tests/fs/lustre/boot.ktest
START al2023:al2023 build tests/fs/lustre/boot.ktest
PUT /tmp/ktest-lustre.tar.gz 1s
PUT /tmp/ktest-lustre.tar.gz 1s
PUT /tmp/ktest-kernel.tar.gz 7s
PUT /tmp/ktest-kernel.tar.gz 7s
PUT /tmp/ktest-kernel.tar.gz 7s
PUT /tmp/ktest-kernel.tar.gz 7s
PUT /tmp/ktest-lustre.tar.gz 3s
PUT /tmp/ktest-lustre.tar.gz 2s
PUT /tmp/ktest-lustre.tar.gz 3s
PUT /tmp/ktest-lustre.tar.gz 3s
PUT /tmp/ktest-zfs.tar.gz 0s
PUT /tmp/ktest-zfs.tar.gz 0s
PUT /tmp/ktest-zfs.tar.gz 0s
END checkpatch:checkpatch tool checkpatch PASS 12s
END al2023:al2023 build tests/fs/lustre/boot.ktest PASS 55s
END u24:u24 build tests/fs/lustre/boot.ktest PASS 55s
GET /tmp/ktest_ml:lustre_mainline_ug42zs85.tar 0s
END ml:lustre_mainline build tests/fs/lustre/boot.ktest PASS 149s
GET /tmp/ktest_ml-strict:lustre_mainline_y45qxtll.tar 4s
GET /tmp/ktest_ml-miscvm:lustre_mainline_native_u5_alxq_.tar 1s
END ml-strict:lustre_mainline build tests/fs/lustre/boot-strict.ktest FAIL 157s (exit code: 1)
END ml-miscvm:lustre_mainline_native build tests/fs/lustre/boot.ktest PASS 158s
START ml-miscvm:boot run tests/fs/lustre/boot.ktest
START ml-miscvm:llmount run tests/fs/lustre/llmount.ktest
START ml-miscvm:llog-unit run tests/fs/lustre/llog-unit.ktest
START ml-miscvm:mgs-setup run tests/fs/lustre/mgs-setup.ktest
START ml-miscvm:sanity-1 run tests/fs/lustre/sanity/sanity-1.ktest
START ml-miscvm:sanity-2 run tests/fs/lustre/sanity/sanity-2.ktest
START ml-miscvm:sanity-3 run tests/fs/lustre/sanity/sanity-3.ktest
START ml-miscvm:sanity-4 run tests/fs/lustre/sanity/sanity-4.ktest
PUT /tmp/ktest-kernel.tar.gz 51s
PUT /tmp/ktest-kernel.tar.gz 51s
PUT /tmp/ktest-kernel.tar.gz 51s
PUT /tmp/ktest-kernel.tar.gz 51s
PUT /tmp/ktest-kernel.tar.gz 51s
PUT /tmp/ktest-kernel.tar.gz 51s
PUT /tmp/ktest-kernel.tar.gz 51s
PUT /tmp/ktest-kernel.tar.gz 51s
PUT /tmp/ktest-lustre.tar.gz 6s
PUT /tmp/ktest-lustre.tar.gz 6s
PUT /tmp/ktest-lustre.tar.gz 5s
PUT /tmp/ktest-lustre.tar.gz 6s
PUT /tmp/ktest-lustre.tar.gz 6s
PUT /tmp/ktest-lustre.tar.gz 5s
PUT /tmp/ktest-lustre.tar.gz 6s
PUT /tmp/ktest-lustre.tar.gz 6s
PUT /tmp/ktest_ml-miscvm:lustre_mainline_native_u5_alxq_.tar 0s
PUT /tmp/ktest_ml-miscvm:lustre_mainline_native_u5_alxq_.tar 0s
PUT /tmp/ktest_ml-miscvm:lustre_mainline_native_u5_alxq_.tar 0s
PUT /tmp/ktest_ml-miscvm:lustre_mainline_native_u5_alxq_.tar 0s
PUT /tmp/ktest_ml-miscvm:lustre_mainline_native_u5_alxq_.tar 0s
PUT /tmp/ktest_ml-miscvm:lustre_mainline_native_u5_alxq_.tar 0s
PUT /tmp/ktest_ml-miscvm:lustre_mainline_native_u5_alxq_.tar 0s
PUT /tmp/ktest_ml-miscvm:lustre_mainline_native_u5_alxq_.tar 0s
END ml-miscvm:boot run tests/fs/lustre/boot.ktest PASS 83s
END ml-miscvm:mgs-setup run tests/fs/lustre/mgs-setup.ktest PASS 93s
END ml-miscvm:sanity-3 run tests/fs/lustre/sanity/sanity-3.ktest PASS 122s
END ml-miscvm:sanity-2 run tests/fs/lustre/sanity/sanity-2.ktest PASS 123s
END ml-miscvm:sanity-4 run tests/fs/lustre/sanity/sanity-4.ktest PASS 125s
END ml-miscvm:sanity-1 run tests/fs/lustre/sanity/sanity-1.ktest PASS 126s
END ml-miscvm:llmount run tests/fs/lustre/llmount.ktest PASS 149s
END ml-miscvm:llog-unit run tests/fs/lustre/llog-unit.ktest FAIL 175s (exit code: 1)

============================================================
Final Results:
  checkpatch:checkpatch: PASS (12s) (log: /var/www/ci-lustre/upstream-patch-review/0f13d73b1d3d1264e33a7e16fc66d779c2c8bbe5_checkpatch:checkpatch.log)
  u24:u24: PASS (55s) (log: /var/www/ci-lustre/upstream-patch-review/0f13d73b1d3d1264e33a7e16fc66d779c2c8bbe5_u24:u24.log)
  al2023:al2023: PASS (55s) (log: /var/www/ci-lustre/upstream-patch-review/0f13d73b1d3d1264e33a7e16fc66d779c2c8bbe5_al2023:al2023.log)
  ml-strict:lustre_mainline: FAIL (157s) (log: /var/www/ci-lustre/upstream-patch-review/0f13d73b1d3d1264e33a7e16fc66d779c2c8bbe5_ml-strict:lustre_mainline.log)
  ml:lustre_mainline: PASS (149s) (log: /var/www/ci-lustre/upstream-patch-review/0f13d73b1d3d1264e33a7e16fc66d779c2c8bbe5_ml:lustre_mainline.log)
  ml-miscvm:lustre_mainline_native: PASS (158s) (log: /var/www/ci-lustre/upstream-patch-review/0f13d73b1d3d1264e33a7e16fc66d779c2c8bbe5_ml-miscvm:lustre_mainline_native.log)
  ml-miscvm:boot: PASS (83s) (log: /var/www/ci-lustre/upstream-patch-review/0f13d73b1d3d1264e33a7e16fc66d779c2c8bbe5_ml-miscvm:boot.log)
  ml-miscvm:llmount: PASS (149s) (log: /var/www/ci-lustre/upstream-patch-review/0f13d73b1d3d1264e33a7e16fc66d779c2c8bbe5_ml-miscvm:llmount.log)
  ml-miscvm:llog-unit: FAIL (175s) (log: /var/www/ci-lustre/upstream-patch-review/0f13d73b1d3d1264e33a7e16fc66d779c2c8bbe5_ml-miscvm:llog-unit.log)
  ml-miscvm:mgs-setup: PASS (93s) (log: /var/www/ci-lustre/upstream-patch-review/0f13d73b1d3d1264e33a7e16fc66d779c2c8bbe5_ml-miscvm:mgs-setup.log)
  ml-miscvm:sanity-1: PASS (126s) (log: /var/www/ci-lustre/upstream-patch-review/0f13d73b1d3d1264e33a7e16fc66d779c2c8bbe5_ml-miscvm:sanity-1.log)
  ml-miscvm:sanity-2: PASS (123s) (log: /var/www/ci-lustre/upstream-patch-review/0f13d73b1d3d1264e33a7e16fc66d779c2c8bbe5_ml-miscvm:sanity-2.log)
  ml-miscvm:sanity-3: PASS (122s) (log: /var/www/ci-lustre/upstream-patch-review/0f13d73b1d3d1264e33a7e16fc66d779c2c8bbe5_ml-miscvm:sanity-3.log)
  ml-miscvm:sanity-4: PASS (125s) (log: /var/www/ci-lustre/upstream-patch-review/0f13d73b1d3d1264e33a7e16fc66d779c2c8bbe5_ml-miscvm:sanity-4.log)

Total execution time: 363s
