CLI: ./podman-ktest --podman-socket unix:///run/podman/podman.sock --shared-filesystem /tmp --tarball-input job lustre-ci --output /var/www/ci-lustre/upstream-patch-review --git-hash 0fc0ce94d360373e5bb01e4ca094beef1f91fdaf --change-id 66625_0fc0ce94d360373e5bb01e4ca094beef1f91fdaf --subject LU-00000 utils: Test

  Checking /dev/kvm exists... OK
  Checking /dev/kvm permissions... OK
  Creating ccache directory... OK
  Checking ccache directory writable... OK
  Creating package output directory... OK

Environment validated successfully
Creating kernel tarball at /tmp/ktest-kernel.tar.gz...
Creating lustre tarball at /tmp/ktest-lustre.tar.gz...
Creating ZFS tarball at /tmp/ktest-zfs.tar.gz...
Executing 13 jobs
Jobs will start as soon as their dependencies are satisfied
Using tarball input mode

START lustre_mainline_strict build tests/fs/lustre/boot-strict.ktest
START lustre_mainline build tests/fs/lustre/boot.ktest
START u24 build tests/fs/lustre/boot.ktest
START checkpatch tool checkpatch
START lustre_mainline_native build tests/fs/lustre/boot.ktest
START al2023 build tests/fs/lustre/boot.ktest
PUT /tmp/ktest-lustre.tar.gz 1s
PUT /tmp/ktest-lustre.tar.gz 1s
PUT /tmp/ktest-kernel.tar.gz 10s
PUT /tmp/ktest-kernel.tar.gz 10s
PUT /tmp/ktest-kernel.tar.gz 10s
PUT /tmp/ktest-kernel.tar.gz 10s
PUT /tmp/ktest-lustre.tar.gz 4s
PUT /tmp/ktest-lustre.tar.gz 3s
PUT /tmp/ktest-lustre.tar.gz 3s
PUT /tmp/ktest-lustre.tar.gz 3s
PUT /tmp/ktest-zfs.tar.gz 0s
PUT /tmp/ktest-zfs.tar.gz 0s
PUT /tmp/ktest-zfs.tar.gz 0s
END checkpatch tool checkpatch PASS 17s
END al2023 build tests/fs/lustre/boot.ktest PASS 79s
END u24 build tests/fs/lustre/boot.ktest PASS 79s
GET /tmp/ktest_lustre_mainline_strict_ukfh0yat.tar 6s
END lustre_mainline_strict build tests/fs/lustre/boot-strict.ktest FAIL 155s (exit code: 1)
GET /tmp/ktest_lustre_mainline_nczbet2u.tar 0s
GET /tmp/ktest_lustre_mainline_native_zdpy49zr.tar 0s
END lustre_mainline build tests/fs/lustre/boot.ktest PASS 167s
END lustre_mainline_native build tests/fs/lustre/boot.ktest PASS 168s
START boot run tests/fs/lustre/boot.ktest
START llmount run tests/fs/lustre/llmount.ktest
START mgs-setup run tests/fs/lustre/mgs-setup.ktest
START sanity-1 run tests/fs/lustre/sanity/sanity-1.ktest
START sanity-2 run tests/fs/lustre/sanity/sanity-2.ktest
START sanity-3 run tests/fs/lustre/sanity/sanity-3.ktest
START sanity-4 run tests/fs/lustre/sanity/sanity-4.ktest
PUT /tmp/ktest-kernel.tar.gz 25s
PUT /tmp/ktest-kernel.tar.gz 25s
PUT /tmp/ktest-kernel.tar.gz 25s
PUT /tmp/ktest-kernel.tar.gz 25s
PUT /tmp/ktest-kernel.tar.gz 26s
PUT /tmp/ktest-kernel.tar.gz 26s
PUT /tmp/ktest-kernel.tar.gz 26s
PUT /tmp/ktest-lustre.tar.gz 4s
PUT /tmp/ktest-lustre.tar.gz 4s
PUT /tmp/ktest-lustre.tar.gz 3s
PUT /tmp/ktest-lustre.tar.gz 4s
PUT /tmp/ktest-lustre.tar.gz 4s
PUT /tmp/ktest-lustre.tar.gz 4s
PUT /tmp/ktest-lustre.tar.gz 4s
PUT /tmp/ktest_lustre_mainline_native_zdpy49zr.tar 0s
PUT /tmp/ktest_lustre_mainline_native_zdpy49zr.tar 0s
PUT /tmp/ktest_lustre_mainline_native_zdpy49zr.tar 0s
PUT /tmp/ktest_lustre_mainline_native_zdpy49zr.tar 0s
PUT /tmp/ktest_lustre_mainline_native_zdpy49zr.tar 0s
PUT /tmp/ktest_lustre_mainline_native_zdpy49zr.tar 0s
PUT /tmp/ktest_lustre_mainline_native_zdpy49zr.tar 0s
END boot run tests/fs/lustre/boot.ktest PASS 37s
END sanity-3 run tests/fs/lustre/sanity/sanity-3.ktest PASS 75s
END sanity-4 run tests/fs/lustre/sanity/sanity-4.ktest PASS 76s
END sanity-1 run tests/fs/lustre/sanity/sanity-1.ktest PASS 77s
END mgs-setup run tests/fs/lustre/mgs-setup.ktest PASS 78s
END sanity-2 run tests/fs/lustre/sanity/sanity-2.ktest PASS 86s
END llmount run tests/fs/lustre/llmount.ktest PASS 98s

============================================================
Final Results:
  checkpatch: PASS (17s) (log: /var/www/ci-lustre/upstream-patch-review/0fc0ce94d360373e5bb01e4ca094beef1f91fdaf_checkpatch.log)
  u24: PASS (79s) (log: /var/www/ci-lustre/upstream-patch-review/0fc0ce94d360373e5bb01e4ca094beef1f91fdaf_u24.log)
  al2023: PASS (79s) (log: /var/www/ci-lustre/upstream-patch-review/0fc0ce94d360373e5bb01e4ca094beef1f91fdaf_al2023.log)
  lustre_mainline_strict: FAIL (155s) (log: /var/www/ci-lustre/upstream-patch-review/0fc0ce94d360373e5bb01e4ca094beef1f91fdaf_lustre_mainline_strict.log)
  lustre_mainline: PASS (167s) (log: /var/www/ci-lustre/upstream-patch-review/0fc0ce94d360373e5bb01e4ca094beef1f91fdaf_lustre_mainline.log)
  lustre_mainline_native: PASS (168s) (log: /var/www/ci-lustre/upstream-patch-review/0fc0ce94d360373e5bb01e4ca094beef1f91fdaf_lustre_mainline_native.log)
  boot: PASS (37s) (log: /var/www/ci-lustre/upstream-patch-review/0fc0ce94d360373e5bb01e4ca094beef1f91fdaf_boot.log)
  llmount: PASS (98s) (log: /var/www/ci-lustre/upstream-patch-review/0fc0ce94d360373e5bb01e4ca094beef1f91fdaf_llmount.log)
  mgs-setup: PASS (78s) (log: /var/www/ci-lustre/upstream-patch-review/0fc0ce94d360373e5bb01e4ca094beef1f91fdaf_mgs-setup.log)
  sanity-1: PASS (77s) (log: /var/www/ci-lustre/upstream-patch-review/0fc0ce94d360373e5bb01e4ca094beef1f91fdaf_sanity-1.log)
  sanity-2: PASS (86s) (log: /var/www/ci-lustre/upstream-patch-review/0fc0ce94d360373e5bb01e4ca094beef1f91fdaf_sanity-2.log)
  sanity-3: PASS (75s) (log: /var/www/ci-lustre/upstream-patch-review/0fc0ce94d360373e5bb01e4ca094beef1f91fdaf_sanity-3.log)
  sanity-4: PASS (76s) (log: /var/www/ci-lustre/upstream-patch-review/0fc0ce94d360373e5bb01e4ca094beef1f91fdaf_sanity-4.log)

Total execution time: 294s
