CLI: ./podman-ktest --podman-socket unix:///run/podman/podman.sock --shared-filesystem /tmp --tarball-input job lustre-ci --output /var/www/ci-lustre/upstream-patch-review --git-hash 115d0859dc566e7b3e49d79b80d3cac575cfd927 --change-id 67470_115d0859dc566e7b3e49d79b80d3cac575cfd927 --subject LU-20403 ptlrpc: refresh export conn on primary migration

Environment validated successfully
Note: custom LLVM is not synced in tarball input mode
Creating kernel tarball at /tmp/ktest-kernel.tar.gz...
Creating lustre tarball at /tmp/ktest-lustre.tar.gz...
Creating ZFS tarball at /tmp/ktest-zfs.tar.gz...
Executing 14 jobs
Jobs will start as soon as their dependencies are satisfied
Using tarball input mode

START checkpatch:checkpatch tool checkpatch
START ml-strict:lustre_mainline build tests/fs/lustre/boot-strict.ktest
START u24:u24 build tests/fs/lustre/boot.ktest
START ml:lustre_mainline build tests/fs/lustre/boot.ktest
START ml-miscvm:lustre_mainline_native build tests/fs/lustre/boot.ktest
START al2023:al2023 build tests/fs/lustre/boot.ktest
PUT /tmp/ktest-lustre.tar.gz 1s
PUT /tmp/ktest-lustre.tar.gz 1s
PUT /tmp/ktest-kernel.tar.gz 7s
PUT /tmp/ktest-kernel.tar.gz 7s
PUT /tmp/ktest-kernel.tar.gz 7s
PUT /tmp/ktest-kernel.tar.gz 7s
PUT /tmp/ktest-lustre.tar.gz 3s
PUT /tmp/ktest-lustre.tar.gz 3s
PUT /tmp/ktest-lustre.tar.gz 3s
PUT /tmp/ktest-lustre.tar.gz 3s
PUT /tmp/ktest-zfs.tar.gz 0s
PUT /tmp/ktest-zfs.tar.gz 0s
PUT /tmp/ktest-zfs.tar.gz 0s
END checkpatch:checkpatch tool checkpatch PASS 13s
END al2023:al2023 build tests/fs/lustre/boot.ktest PASS 55s
END u24:u24 build tests/fs/lustre/boot.ktest PASS 56s
GET /tmp/ktest_ml-miscvm:lustre_mainline_native_221grfp_.tar 0s
GET /tmp/ktest_ml:lustre_mainline_9fojns2o.tar 0s
END ml-miscvm:lustre_mainline_native build tests/fs/lustre/boot.ktest PASS 180s
START ml-miscvm:boot run tests/fs/lustre/boot.ktest
START ml-miscvm:llmount run tests/fs/lustre/llmount.ktest
START ml-miscvm:llog-unit run tests/fs/lustre/llog-unit.ktest
START ml-miscvm:mgs-setup run tests/fs/lustre/mgs-setup.ktest
START ml-miscvm:sanity-1 run tests/fs/lustre/sanity/sanity-1.ktest
START ml-miscvm:sanity-2 run tests/fs/lustre/sanity/sanity-2.ktest
START ml-miscvm:sanity-3 run tests/fs/lustre/sanity/sanity-3.ktest
START ml-miscvm:sanity-4 run tests/fs/lustre/sanity/sanity-4.ktest
END ml:lustre_mainline build tests/fs/lustre/boot.ktest PASS 181s
GET /tmp/ktest_ml-strict:lustre_mainline_sht3trxa.tar 9s
END ml-strict:lustre_mainline build tests/fs/lustre/boot-strict.ktest FAIL 194s (exit code: 1)
PUT /tmp/ktest-kernel.tar.gz 58s
PUT /tmp/ktest-kernel.tar.gz 58s
PUT /tmp/ktest-kernel.tar.gz 58s
PUT /tmp/ktest-kernel.tar.gz 58s
PUT /tmp/ktest-kernel.tar.gz 58s
PUT /tmp/ktest-kernel.tar.gz 58s
PUT /tmp/ktest-kernel.tar.gz 59s
PUT /tmp/ktest-kernel.tar.gz 58s
PUT /tmp/ktest-lustre.tar.gz 11s
PUT /tmp/ktest-lustre.tar.gz 11s
PUT /tmp/ktest-lustre.tar.gz 10s
PUT /tmp/ktest-lustre.tar.gz 11s
PUT /tmp/ktest-lustre.tar.gz 11s
PUT /tmp/ktest-lustre.tar.gz 11s
PUT /tmp/ktest-lustre.tar.gz 11s
PUT /tmp/ktest-lustre.tar.gz 11s
PUT /tmp/ktest_ml-miscvm:lustre_mainline_native_221grfp_.tar 0s
PUT /tmp/ktest_ml-miscvm:lustre_mainline_native_221grfp_.tar 1s
PUT /tmp/ktest_ml-miscvm:lustre_mainline_native_221grfp_.tar 1s
PUT /tmp/ktest_ml-miscvm:lustre_mainline_native_221grfp_.tar 1s
PUT /tmp/ktest_ml-miscvm:lustre_mainline_native_221grfp_.tar 1s
PUT /tmp/ktest_ml-miscvm:lustre_mainline_native_221grfp_.tar 1s
PUT /tmp/ktest_ml-miscvm:lustre_mainline_native_221grfp_.tar 1s
PUT /tmp/ktest_ml-miscvm:lustre_mainline_native_221grfp_.tar 1s
END ml-miscvm:boot run tests/fs/lustre/boot.ktest PASS 107s
END ml-miscvm:mgs-setup run tests/fs/lustre/mgs-setup.ktest PASS 118s
END ml-miscvm:sanity-3 run tests/fs/lustre/sanity/sanity-3.ktest PASS 144s
END ml-miscvm:sanity-4 run tests/fs/lustre/sanity/sanity-4.ktest PASS 145s
END ml-miscvm:sanity-2 run tests/fs/lustre/sanity/sanity-2.ktest PASS 147s
END ml-miscvm:sanity-1 run tests/fs/lustre/sanity/sanity-1.ktest PASS 154s
END ml-miscvm:llmount run tests/fs/lustre/llmount.ktest PASS 159s
END ml-miscvm:llog-unit run tests/fs/lustre/llog-unit.ktest FAIL 214s (exit code: 1)

============================================================
Final Results:
  checkpatch:checkpatch: PASS (13s) (log: /var/www/ci-lustre/upstream-patch-review/115d0859dc566e7b3e49d79b80d3cac575cfd927_checkpatch:checkpatch.log)
  u24:u24: PASS (56s) (log: /var/www/ci-lustre/upstream-patch-review/115d0859dc566e7b3e49d79b80d3cac575cfd927_u24:u24.log)
  al2023:al2023: PASS (55s) (log: /var/www/ci-lustre/upstream-patch-review/115d0859dc566e7b3e49d79b80d3cac575cfd927_al2023:al2023.log)
  ml-strict:lustre_mainline: FAIL (194s) (log: /var/www/ci-lustre/upstream-patch-review/115d0859dc566e7b3e49d79b80d3cac575cfd927_ml-strict:lustre_mainline.log)
  ml:lustre_mainline: PASS (181s) (log: /var/www/ci-lustre/upstream-patch-review/115d0859dc566e7b3e49d79b80d3cac575cfd927_ml:lustre_mainline.log)
  ml-miscvm:lustre_mainline_native: PASS (180s) (log: /var/www/ci-lustre/upstream-patch-review/115d0859dc566e7b3e49d79b80d3cac575cfd927_ml-miscvm:lustre_mainline_native.log)
  ml-miscvm:boot: PASS (107s) (log: /var/www/ci-lustre/upstream-patch-review/115d0859dc566e7b3e49d79b80d3cac575cfd927_ml-miscvm:boot.log)
  ml-miscvm:llmount: PASS (159s) (log: /var/www/ci-lustre/upstream-patch-review/115d0859dc566e7b3e49d79b80d3cac575cfd927_ml-miscvm:llmount.log)
  ml-miscvm:llog-unit: FAIL (214s) (log: /var/www/ci-lustre/upstream-patch-review/115d0859dc566e7b3e49d79b80d3cac575cfd927_ml-miscvm:llog-unit.log)
  ml-miscvm:mgs-setup: PASS (118s) (log: /var/www/ci-lustre/upstream-patch-review/115d0859dc566e7b3e49d79b80d3cac575cfd927_ml-miscvm:mgs-setup.log)
  ml-miscvm:sanity-1: PASS (154s) (log: /var/www/ci-lustre/upstream-patch-review/115d0859dc566e7b3e49d79b80d3cac575cfd927_ml-miscvm:sanity-1.log)
  ml-miscvm:sanity-2: PASS (147s) (log: /var/www/ci-lustre/upstream-patch-review/115d0859dc566e7b3e49d79b80d3cac575cfd927_ml-miscvm:sanity-2.log)
  ml-miscvm:sanity-3: PASS (144s) (log: /var/www/ci-lustre/upstream-patch-review/115d0859dc566e7b3e49d79b80d3cac575cfd927_ml-miscvm:sanity-3.log)
  ml-miscvm:sanity-4: PASS (145s) (log: /var/www/ci-lustre/upstream-patch-review/115d0859dc566e7b3e49d79b80d3cac575cfd927_ml-miscvm:sanity-4.log)

Total execution time: 424s
