CLI: ./podman-ktest --podman-socket unix:///run/podman/podman.sock --shared-filesystem /tmp --tarball-input job lustre-ci --output /var/www/ci-lustre/upstream-patch-review --git-hash 1184669c6fed20e134783ecba2a0bf5ac263fecc --change-id 64203_1184669c6fed20e134783ecba2a0bf5ac263fecc --subject LU-19917 mgs: MGS replica IR support

  Checking /dev/kvm exists... OK
  Checking /dev/kvm permissions... OK
  Creating ccache directory... OK
  Checking ccache directory writable... OK

Environment validated successfully
Creating kernel tarball at /tmp/ktest-kernel.tar.gz...
Creating lustre tarball at /tmp/ktest-lustre.tar.gz...
Executing 16 jobs
Jobs will start as soon as their dependencies are satisfied
Using tarball input mode

START lustre_al2023 build tests/fs/lustre/boot.ktest
START lustre_mainline build tests/fs/lustre/boot.ktest
START checkpatch tool checkpatch
START lustre_mainline_strict build tests/fs/lustre/boot-strict.ktest
START lustre_u24 build tests/fs/lustre/boot.ktest
START lustre_mainline_native build tests/fs/lustre/boot.ktest
PUT /tmp/ktest-kernel.tar.gz 8s
PUT /tmp/ktest-kernel.tar.gz 8s
PUT /tmp/ktest-kernel.tar.gz 8s
PUT /tmp/ktest-kernel.tar.gz 8s
PUT /tmp/ktest-kernel.tar.gz 8s
PUT /tmp/ktest-kernel.tar.gz 8s
PUT /tmp/ktest-lustre.tar.gz 2s
PUT /tmp/ktest-lustre.tar.gz 2s
PUT /tmp/ktest-lustre.tar.gz 2s
PUT /tmp/ktest-lustre.tar.gz 2s
PUT /tmp/ktest-lustre.tar.gz 2s
PUT /tmp/ktest-lustre.tar.gz 2s
END checkpatch tool checkpatch PASS 13s
END lustre_al2023 build tests/fs/lustre/boot.ktest FAIL 59s (exit code: 2)
END lustre_u24 build tests/fs/lustre/boot.ktest FAIL 61s (exit code: 2)
GET /tmp/ktest_lustre_mainline_strict_w8_ln9on.tar 4s
END lustre_mainline_strict build tests/fs/lustre/boot-strict.ktest FAIL 105s (exit code: 1)
GET /tmp/ktest_lustre_mainline_native_nhrsb1h3.tar 3s
GET /tmp/ktest_lustre_mainline_tfjin4cz.tar 3s
END lustre_mainline_native build tests/fs/lustre/boot.ktest PASS 112s
START clang-tidy tool clang-tidy
START cc-plugin tool cc-plugin
START boot run tests/fs/lustre/boot.ktest
START llmount run tests/fs/lustre/llmount.ktest
START llog-unit run tests/fs/lustre/llog-unit.ktest
START mgs-setup run tests/fs/lustre/mgs-setup.ktest
START sanity-1 run tests/fs/lustre/sanity/sanity-1.ktest
START sanity-2 run tests/fs/lustre/sanity/sanity-2.ktest
START sanity-3 run tests/fs/lustre/sanity/sanity-3.ktest
START sanity-4 run tests/fs/lustre/sanity/sanity-4.ktest
END lustre_mainline build tests/fs/lustre/boot.ktest PASS 113s
PUT /tmp/ktest-kernel.tar.gz 11s
PUT /tmp/ktest_lustre_mainline_native_nhrsb1h3.tar 16s
PUT /tmp/ktest_lustre_mainline_native_nhrsb1h3.tar 16s
PUT /tmp/ktest_lustre_mainline_native_nhrsb1h3.tar 16s
PUT /tmp/ktest_lustre_mainline_native_nhrsb1h3.tar 16s
PUT /tmp/ktest_lustre_mainline_native_nhrsb1h3.tar 16s
PUT /tmp/ktest_lustre_mainline_native_nhrsb1h3.tar 16s
PUT /tmp/ktest_lustre_mainline_native_nhrsb1h3.tar 16s
PUT /tmp/ktest_lustre_mainline_native_nhrsb1h3.tar 16s
PUT /tmp/ktest-kernel.tar.gz 16s
PUT /tmp/ktest-lustre.tar.gz 33s
PUT /tmp/ktest-lustre.tar.gz 28s
PUT /tmp/ktest_lustre_mainline_native_nhrsb1h3.tar 7s
PUT /tmp/ktest_lustre_mainline_native_nhrsb1h3.tar 7s
END cc-plugin tool cc-plugin FAIL 56s (exit code: 127)
END boot run tests/fs/lustre/boot.ktest PASS 71s
END clang-tidy tool clang-tidy PASS 73s
END mgs-setup run tests/fs/lustre/mgs-setup.ktest PASS 89s
END sanity-4 run tests/fs/lustre/sanity/sanity-4.ktest PASS 97s
END sanity-1 run tests/fs/lustre/sanity/sanity-1.ktest PASS 102s
END sanity-3 run tests/fs/lustre/sanity/sanity-3.ktest PASS 103s
END sanity-2 run tests/fs/lustre/sanity/sanity-2.ktest PASS 111s
END llmount run tests/fs/lustre/llmount.ktest PASS 162s
END llog-unit run tests/fs/lustre/llog-unit.ktest PASS 184s

============================================================
Final Results:
  checkpatch: PASS (13s) (log: /var/www/ci-lustre/upstream-patch-review/1184669c6fed20e134783ecba2a0bf5ac263fecc_checkpatch.log)
  lustre_u24: FAIL (61s) (log: /var/www/ci-lustre/upstream-patch-review/1184669c6fed20e134783ecba2a0bf5ac263fecc_lustre_u24.log)
  lustre_al2023: FAIL (59s) (log: /var/www/ci-lustre/upstream-patch-review/1184669c6fed20e134783ecba2a0bf5ac263fecc_lustre_al2023.log)
  lustre_mainline_strict: FAIL (105s) (log: /var/www/ci-lustre/upstream-patch-review/1184669c6fed20e134783ecba2a0bf5ac263fecc_lustre_mainline_strict.log)
  lustre_mainline: PASS (113s) (log: /var/www/ci-lustre/upstream-patch-review/1184669c6fed20e134783ecba2a0bf5ac263fecc_lustre_mainline.log)
  lustre_mainline_native: PASS (112s) (log: /var/www/ci-lustre/upstream-patch-review/1184669c6fed20e134783ecba2a0bf5ac263fecc_lustre_mainline_native.log)
  clang-tidy: PASS (73s) (log: /var/www/ci-lustre/upstream-patch-review/1184669c6fed20e134783ecba2a0bf5ac263fecc_clang-tidy.log)
  cc-plugin: FAIL (56s) (log: /var/www/ci-lustre/upstream-patch-review/1184669c6fed20e134783ecba2a0bf5ac263fecc_cc-plugin.log)
  boot: PASS (71s) (log: /var/www/ci-lustre/upstream-patch-review/1184669c6fed20e134783ecba2a0bf5ac263fecc_boot.log)
  llmount: PASS (162s) (log: /var/www/ci-lustre/upstream-patch-review/1184669c6fed20e134783ecba2a0bf5ac263fecc_llmount.log)
  llog-unit: PASS (184s) (log: /var/www/ci-lustre/upstream-patch-review/1184669c6fed20e134783ecba2a0bf5ac263fecc_llog-unit.log)
  mgs-setup: PASS (89s) (log: /var/www/ci-lustre/upstream-patch-review/1184669c6fed20e134783ecba2a0bf5ac263fecc_mgs-setup.log)
  sanity-1: PASS (102s) (log: /var/www/ci-lustre/upstream-patch-review/1184669c6fed20e134783ecba2a0bf5ac263fecc_sanity-1.log)
  sanity-2: PASS (111s) (log: /var/www/ci-lustre/upstream-patch-review/1184669c6fed20e134783ecba2a0bf5ac263fecc_sanity-2.log)
  sanity-3: PASS (103s) (log: /var/www/ci-lustre/upstream-patch-review/1184669c6fed20e134783ecba2a0bf5ac263fecc_sanity-3.log)
  sanity-4: PASS (97s) (log: /var/www/ci-lustre/upstream-patch-review/1184669c6fed20e134783ecba2a0bf5ac263fecc_sanity-4.log)

Total execution time: 327s
