CLI: ./podman-ktest --podman-socket unix:///run/podman/podman.sock --shared-filesystem /tmp --tarball-input job lustre-ci --output /var/www/ci-lustre/upstream-patch-review --git-hash 11d00e247d4ef72e3e29df8d6e6d5bdb459178b4 --change-id 65830_11d00e247d4ef72e3e29df8d6e6d5bdb459178b4 --subject LU-20246 lnet: handle small test nodes with ncpt < 2

  Checking /dev/kvm exists... OK
  Checking /dev/kvm permissions... OK
  Creating ccache directory... OK
  Checking ccache directory writable... OK
  Creating package output directory... OK

Environment validated successfully
Creating kernel tarball at /tmp/ktest-kernel.tar.gz...
Creating lustre tarball at /tmp/ktest-lustre.tar.gz...
Creating ZFS tarball at /tmp/ktest-zfs.tar.gz...
Executing 13 jobs
Jobs will start as soon as their dependencies are satisfied
Using tarball input mode

START al2023 build tests/fs/lustre/boot.ktest
START lustre_mainline build tests/fs/lustre/boot.ktest
START lustre_mainline_strict build tests/fs/lustre/boot-strict.ktest
START lustre_mainline_native build tests/fs/lustre/boot.ktest
START checkpatch tool checkpatch
START u24 build tests/fs/lustre/boot.ktest
PUT /tmp/ktest-lustre.tar.gz 1s
PUT /tmp/ktest-lustre.tar.gz 1s
PUT /tmp/ktest-kernel.tar.gz 18s
PUT /tmp/ktest-kernel.tar.gz 18s
PUT /tmp/ktest-kernel.tar.gz 18s
PUT /tmp/ktest-kernel.tar.gz 18s
PUT /tmp/ktest-lustre.tar.gz 2s
PUT /tmp/ktest-lustre.tar.gz 2s
PUT /tmp/ktest-lustre.tar.gz 2s
PUT /tmp/ktest-lustre.tar.gz 2s
PUT /tmp/ktest-zfs.tar.gz 0s
PUT /tmp/ktest-zfs.tar.gz 0s
PUT /tmp/ktest-zfs.tar.gz 0s
END checkpatch tool checkpatch PASS 23s
END al2023 build tests/fs/lustre/boot.ktest PASS 66s
END u24 build tests/fs/lustre/boot.ktest PASS 66s
GET /tmp/ktest_lustre_mainline_native_sbg7lgjt.tar 0s
GET /tmp/ktest_lustre_mainline_s838w5ck.tar 0s
END lustre_mainline_native build tests/fs/lustre/boot.ktest PASS 194s
START boot run tests/fs/lustre/boot.ktest
START llmount run tests/fs/lustre/llmount.ktest
START mgs-setup run tests/fs/lustre/mgs-setup.ktest
START sanity-1 run tests/fs/lustre/sanity/sanity-1.ktest
START sanity-2 run tests/fs/lustre/sanity/sanity-2.ktest
START sanity-3 run tests/fs/lustre/sanity/sanity-3.ktest
START sanity-4 run tests/fs/lustre/sanity/sanity-4.ktest
END lustre_mainline build tests/fs/lustre/boot.ktest PASS 196s
GET /tmp/ktest_lustre_mainline_strict_45u86tk9.tar 9s
END lustre_mainline_strict build tests/fs/lustre/boot-strict.ktest FAIL 206s (exit code: 1)
PUT /tmp/ktest-kernel.tar.gz 46s
PUT /tmp/ktest-kernel.tar.gz 47s
PUT /tmp/ktest-kernel.tar.gz 47s
PUT /tmp/ktest-kernel.tar.gz 47s
PUT /tmp/ktest-kernel.tar.gz 47s
PUT /tmp/ktest-kernel.tar.gz 47s
PUT /tmp/ktest-kernel.tar.gz 47s
PUT /tmp/ktest-lustre.tar.gz 10s
PUT /tmp/ktest-lustre.tar.gz 9s
PUT /tmp/ktest-lustre.tar.gz 9s
PUT /tmp/ktest-lustre.tar.gz 10s
PUT /tmp/ktest-lustre.tar.gz 9s
PUT /tmp/ktest-lustre.tar.gz 9s
PUT /tmp/ktest-lustre.tar.gz 9s
PUT /tmp/ktest_lustre_mainline_native_sbg7lgjt.tar 1s
PUT /tmp/ktest_lustre_mainline_native_sbg7lgjt.tar 1s
PUT /tmp/ktest_lustre_mainline_native_sbg7lgjt.tar 1s
PUT /tmp/ktest_lustre_mainline_native_sbg7lgjt.tar 1s
PUT /tmp/ktest_lustre_mainline_native_sbg7lgjt.tar 1s
PUT /tmp/ktest_lustre_mainline_native_sbg7lgjt.tar 1s
PUT /tmp/ktest_lustre_mainline_native_sbg7lgjt.tar 1s
END boot run tests/fs/lustre/boot.ktest PASS 102s
END mgs-setup run tests/fs/lustre/mgs-setup.ktest PASS 111s
END sanity-1 run tests/fs/lustre/sanity/sanity-1.ktest PASS 138s
END sanity-2 run tests/fs/lustre/sanity/sanity-2.ktest PASS 140s
END sanity-4 run tests/fs/lustre/sanity/sanity-4.ktest PASS 142s
END sanity-3 run tests/fs/lustre/sanity/sanity-3.ktest PASS 143s
END llmount run tests/fs/lustre/llmount.ktest PASS 149s

============================================================
Final Results:
  checkpatch: PASS (23s) (log: /var/www/ci-lustre/upstream-patch-review/11d00e247d4ef72e3e29df8d6e6d5bdb459178b4_checkpatch.log)
  u24: PASS (66s) (log: /var/www/ci-lustre/upstream-patch-review/11d00e247d4ef72e3e29df8d6e6d5bdb459178b4_u24.log)
  al2023: PASS (66s) (log: /var/www/ci-lustre/upstream-patch-review/11d00e247d4ef72e3e29df8d6e6d5bdb459178b4_al2023.log)
  lustre_mainline_strict: FAIL (206s) (log: /var/www/ci-lustre/upstream-patch-review/11d00e247d4ef72e3e29df8d6e6d5bdb459178b4_lustre_mainline_strict.log)
  lustre_mainline: PASS (196s) (log: /var/www/ci-lustre/upstream-patch-review/11d00e247d4ef72e3e29df8d6e6d5bdb459178b4_lustre_mainline.log)
  lustre_mainline_native: PASS (194s) (log: /var/www/ci-lustre/upstream-patch-review/11d00e247d4ef72e3e29df8d6e6d5bdb459178b4_lustre_mainline_native.log)
  boot: PASS (102s) (log: /var/www/ci-lustre/upstream-patch-review/11d00e247d4ef72e3e29df8d6e6d5bdb459178b4_boot.log)
  llmount: PASS (149s) (log: /var/www/ci-lustre/upstream-patch-review/11d00e247d4ef72e3e29df8d6e6d5bdb459178b4_llmount.log)
  mgs-setup: PASS (111s) (log: /var/www/ci-lustre/upstream-patch-review/11d00e247d4ef72e3e29df8d6e6d5bdb459178b4_mgs-setup.log)
  sanity-1: PASS (138s) (log: /var/www/ci-lustre/upstream-patch-review/11d00e247d4ef72e3e29df8d6e6d5bdb459178b4_sanity-1.log)
  sanity-2: PASS (140s) (log: /var/www/ci-lustre/upstream-patch-review/11d00e247d4ef72e3e29df8d6e6d5bdb459178b4_sanity-2.log)
  sanity-3: PASS (143s) (log: /var/www/ci-lustre/upstream-patch-review/11d00e247d4ef72e3e29df8d6e6d5bdb459178b4_sanity-3.log)
  sanity-4: PASS (142s) (log: /var/www/ci-lustre/upstream-patch-review/11d00e247d4ef72e3e29df8d6e6d5bdb459178b4_sanity-4.log)

Total execution time: 371s
