CLI: ./podman-ktest --podman-socket unix:///run/podman/podman.sock --shared-filesystem /tmp --tarball-input job lustre-ci --output /var/www/ci-lustre/upstream-patch-review --git-hash 11fa68ca760e5dfff47721d78cf61c870301f942 --change-id 67040_11fa68ca760e5dfff47721d78cf61c870301f942 --subject LU-20448 llite: fix posix_acl leak in default ACL fetch

Environment validated successfully
Creating kernel tarball at /tmp/ktest-kernel.tar.gz...
Creating lustre tarball at /tmp/ktest-lustre.tar.gz...
Creating ZFS tarball at /tmp/ktest-zfs.tar.gz...
Executing 14 jobs
Jobs will start as soon as their dependencies are satisfied
Using tarball input mode

START ml-strict:lustre_mainline build tests/fs/lustre/boot-strict.ktest
START u24:u24 build tests/fs/lustre/boot.ktest
START al2023:al2023 build tests/fs/lustre/boot.ktest
START ml-miscvm:lustre_mainline_native build tests/fs/lustre/boot.ktest
START ml:lustre_mainline build tests/fs/lustre/boot.ktest
START checkpatch:checkpatch tool checkpatch
PUT /tmp/ktest-lustre.tar.gz 1s
PUT /tmp/ktest-lustre.tar.gz 1s
PUT /tmp/ktest-kernel.tar.gz 6s
PUT /tmp/ktest-kernel.tar.gz 6s
PUT /tmp/ktest-kernel.tar.gz 7s
PUT /tmp/ktest-kernel.tar.gz 7s
PUT /tmp/ktest-lustre.tar.gz 1s
PUT /tmp/ktest-lustre.tar.gz 1s
PUT /tmp/ktest-lustre.tar.gz 1s
PUT /tmp/ktest-lustre.tar.gz 1s
PUT /tmp/ktest-zfs.tar.gz 0s
PUT /tmp/ktest-zfs.tar.gz 0s
PUT /tmp/ktest-zfs.tar.gz 0s
END checkpatch:checkpatch tool checkpatch PASS 11s
END al2023:al2023 build tests/fs/lustre/boot.ktest PASS 52s
END u24:u24 build tests/fs/lustre/boot.ktest PASS 53s
GET /tmp/ktest_ml:lustre_mainline_25e2munb.tar 0s
GET /tmp/ktest_ml-strict:lustre_mainline_iuodarkk.tar 5s
END ml:lustre_mainline build tests/fs/lustre/boot.ktest PASS 184s
GET /tmp/ktest_ml-miscvm:lustre_mainline_native_vq0359yw.tar 13s
END ml-strict:lustre_mainline build tests/fs/lustre/boot-strict.ktest FAIL 197s (exit code: 1)
END ml-miscvm:lustre_mainline_native build tests/fs/lustre/boot.ktest PASS 198s
START ml-miscvm:boot run tests/fs/lustre/boot.ktest
START ml-miscvm:llmount run tests/fs/lustre/llmount.ktest
START ml-miscvm:llog-unit run tests/fs/lustre/llog-unit.ktest
START ml-miscvm:mgs-setup run tests/fs/lustre/mgs-setup.ktest
START ml-miscvm:sanity-1 run tests/fs/lustre/sanity/sanity-1.ktest
START ml-miscvm:sanity-2 run tests/fs/lustre/sanity/sanity-2.ktest
START ml-miscvm:sanity-3 run tests/fs/lustre/sanity/sanity-3.ktest
START ml-miscvm:sanity-4 run tests/fs/lustre/sanity/sanity-4.ktest
PUT /tmp/ktest-kernel.tar.gz 31s
PUT /tmp/ktest-kernel.tar.gz 30s
PUT /tmp/ktest-kernel.tar.gz 30s
PUT /tmp/ktest-kernel.tar.gz 31s
PUT /tmp/ktest-kernel.tar.gz 31s
PUT /tmp/ktest-kernel.tar.gz 31s
PUT /tmp/ktest-kernel.tar.gz 31s
PUT /tmp/ktest-kernel.tar.gz 31s
PUT /tmp/ktest-lustre.tar.gz 8s
PUT /tmp/ktest-lustre.tar.gz 8s
PUT /tmp/ktest-lustre.tar.gz 8s
PUT /tmp/ktest-lustre.tar.gz 8s
PUT /tmp/ktest-lustre.tar.gz 8s
PUT /tmp/ktest-lustre.tar.gz 8s
PUT /tmp/ktest-lustre.tar.gz 7s
PUT /tmp/ktest-lustre.tar.gz 8s
PUT /tmp/ktest_ml-miscvm:lustre_mainline_native_vq0359yw.tar 1s
PUT /tmp/ktest_ml-miscvm:lustre_mainline_native_vq0359yw.tar 1s
PUT /tmp/ktest_ml-miscvm:lustre_mainline_native_vq0359yw.tar 1s
PUT /tmp/ktest_ml-miscvm:lustre_mainline_native_vq0359yw.tar 1s
PUT /tmp/ktest_ml-miscvm:lustre_mainline_native_vq0359yw.tar 1s
PUT /tmp/ktest_ml-miscvm:lustre_mainline_native_vq0359yw.tar 2s
PUT /tmp/ktest_ml-miscvm:lustre_mainline_native_vq0359yw.tar 1s
PUT /tmp/ktest_ml-miscvm:lustre_mainline_native_vq0359yw.tar 1s
END ml-miscvm:boot run tests/fs/lustre/boot.ktest PASS 92s
END ml-miscvm:sanity-2 run tests/fs/lustre/sanity/sanity-2.ktest PASS 128s
END ml-miscvm:sanity-3 run tests/fs/lustre/sanity/sanity-3.ktest PASS 131s
END ml-miscvm:mgs-setup run tests/fs/lustre/mgs-setup.ktest PASS 133s
END ml-miscvm:llmount run tests/fs/lustre/llmount.ktest PASS 138s
END ml-miscvm:sanity-4 run tests/fs/lustre/sanity/sanity-4.ktest PASS 140s
END ml-miscvm:sanity-1 run tests/fs/lustre/sanity/sanity-1.ktest PASS 141s
END ml-miscvm:llog-unit run tests/fs/lustre/llog-unit.ktest FAIL 178s (exit code: 1)

============================================================
Final Results:
  checkpatch:checkpatch: PASS (11s) (log: /var/www/ci-lustre/upstream-patch-review/11fa68ca760e5dfff47721d78cf61c870301f942_checkpatch:checkpatch.log)
  u24:u24: PASS (53s) (log: /var/www/ci-lustre/upstream-patch-review/11fa68ca760e5dfff47721d78cf61c870301f942_u24:u24.log)
  al2023:al2023: PASS (52s) (log: /var/www/ci-lustre/upstream-patch-review/11fa68ca760e5dfff47721d78cf61c870301f942_al2023:al2023.log)
  ml-strict:lustre_mainline: FAIL (197s) (log: /var/www/ci-lustre/upstream-patch-review/11fa68ca760e5dfff47721d78cf61c870301f942_ml-strict:lustre_mainline.log)
  ml:lustre_mainline: PASS (184s) (log: /var/www/ci-lustre/upstream-patch-review/11fa68ca760e5dfff47721d78cf61c870301f942_ml:lustre_mainline.log)
  ml-miscvm:lustre_mainline_native: PASS (198s) (log: /var/www/ci-lustre/upstream-patch-review/11fa68ca760e5dfff47721d78cf61c870301f942_ml-miscvm:lustre_mainline_native.log)
  ml-miscvm:boot: PASS (92s) (log: /var/www/ci-lustre/upstream-patch-review/11fa68ca760e5dfff47721d78cf61c870301f942_ml-miscvm:boot.log)
  ml-miscvm:llmount: PASS (138s) (log: /var/www/ci-lustre/upstream-patch-review/11fa68ca760e5dfff47721d78cf61c870301f942_ml-miscvm:llmount.log)
  ml-miscvm:llog-unit: FAIL (178s) (log: /var/www/ci-lustre/upstream-patch-review/11fa68ca760e5dfff47721d78cf61c870301f942_ml-miscvm:llog-unit.log)
  ml-miscvm:mgs-setup: PASS (133s) (log: /var/www/ci-lustre/upstream-patch-review/11fa68ca760e5dfff47721d78cf61c870301f942_ml-miscvm:mgs-setup.log)
  ml-miscvm:sanity-1: PASS (141s) (log: /var/www/ci-lustre/upstream-patch-review/11fa68ca760e5dfff47721d78cf61c870301f942_ml-miscvm:sanity-1.log)
  ml-miscvm:sanity-2: PASS (128s) (log: /var/www/ci-lustre/upstream-patch-review/11fa68ca760e5dfff47721d78cf61c870301f942_ml-miscvm:sanity-2.log)
  ml-miscvm:sanity-3: PASS (131s) (log: /var/www/ci-lustre/upstream-patch-review/11fa68ca760e5dfff47721d78cf61c870301f942_ml-miscvm:sanity-3.log)
  ml-miscvm:sanity-4: PASS (140s) (log: /var/www/ci-lustre/upstream-patch-review/11fa68ca760e5dfff47721d78cf61c870301f942_ml-miscvm:sanity-4.log)

Total execution time: 405s
