CLI: ./podman-ktest --podman-socket unix:///run/podman/podman.sock --shared-filesystem /tmp --tarball-input job lustre-ci --output /var/www/ci-lustre/upstream-patch-review --git-hash 120450ced3442b5f95ef335b5d32272df01133a7 --change-id 62913_120450ced3442b5f95ef335b5d32272df01133a7 --subject LU-19675 doc: Add mirrors to git repos in documentation

  Checking /dev/kvm exists... OK
  Checking /dev/kvm permissions... OK
  Creating ccache directory... OK
  Checking ccache directory writable... OK

Environment validated successfully
Creating kernel tarball at /tmp/ktest-kernel.tar.gz...
Creating lustre tarball at /tmp/ktest-lustre.tar.gz...
Executing 16 jobs
Jobs will start as soon as their dependencies are satisfied
Using tarball input mode

START lustre_mainline build tests/fs/lustre/boot.ktest
START lustre_mainline_native build tests/fs/lustre/boot.ktest
START checkpatch tool checkpatch
START lustre_u24 build tests/fs/lustre/boot.ktest
START lustre_al2023 build tests/fs/lustre/boot.ktest
START lustre_mainline_strict build tests/fs/lustre/boot-strict.ktest
PUT /tmp/ktest-kernel.tar.gz 13s
PUT /tmp/ktest-kernel.tar.gz 13s
PUT /tmp/ktest-kernel.tar.gz 13s
PUT /tmp/ktest-kernel.tar.gz 13s
PUT /tmp/ktest-kernel.tar.gz 14s
PUT /tmp/ktest-kernel.tar.gz 14s
PUT /tmp/ktest-lustre.tar.gz 5s
PUT /tmp/ktest-lustre.tar.gz 6s
PUT /tmp/ktest-lustre.tar.gz 6s
PUT /tmp/ktest-lustre.tar.gz 6s
PUT /tmp/ktest-lustre.tar.gz 6s
PUT /tmp/ktest-lustre.tar.gz 6s
END checkpatch tool checkpatch PASS 23s
END lustre_al2023 build tests/fs/lustre/boot.ktest PASS 84s
END lustre_u24 build tests/fs/lustre/boot.ktest PASS 86s
GET /tmp/ktest_lustre_mainline_strict_c5gk9m__.tar 4s
END lustre_mainline_strict build tests/fs/lustre/boot-strict.ktest FAIL 128s (exit code: 1)
GET /tmp/ktest_lustre_mainline_puhnm_jk.tar 3s
GET /tmp/ktest_lustre_mainline_native_ya1_z5al.tar 3s
END lustre_mainline build tests/fs/lustre/boot.ktest PASS 145s
END lustre_mainline_native build tests/fs/lustre/boot.ktest PASS 146s
START clang-tidy tool clang-tidy
START cc-plugin tool cc-plugin
START boot run tests/fs/lustre/boot.ktest
START llmount run tests/fs/lustre/llmount.ktest
START llog-unit run tests/fs/lustre/llog-unit.ktest
START mgs-setup run tests/fs/lustre/mgs-setup.ktest
START sanity-1 run tests/fs/lustre/sanity/sanity-1.ktest
START sanity-2 run tests/fs/lustre/sanity/sanity-2.ktest
START sanity-3 run tests/fs/lustre/sanity/sanity-3.ktest
START sanity-4 run tests/fs/lustre/sanity/sanity-4.ktest
PUT /tmp/ktest-kernel.tar.gz 46s
PUT /tmp/ktest_lustre_mainline_native_ya1_z5al.tar 47s
PUT /tmp/ktest_lustre_mainline_native_ya1_z5al.tar 46s
PUT /tmp/ktest_lustre_mainline_native_ya1_z5al.tar 47s
PUT /tmp/ktest-kernel.tar.gz 46s
PUT /tmp/ktest_lustre_mainline_native_ya1_z5al.tar 47s
PUT /tmp/ktest_lustre_mainline_native_ya1_z5al.tar 46s
PUT /tmp/ktest_lustre_mainline_native_ya1_z5al.tar 46s
PUT /tmp/ktest_lustre_mainline_native_ya1_z5al.tar 47s
PUT /tmp/ktest_lustre_mainline_native_ya1_z5al.tar 47s
PUT /tmp/ktest-lustre.tar.gz 89s
PUT /tmp/ktest-lustre.tar.gz 89s
PUT /tmp/ktest_lustre_mainline_native_ya1_z5al.tar 10s
PUT /tmp/ktest_lustre_mainline_native_ya1_z5al.tar 10s
END cc-plugin tool cc-plugin FAIL 149s (exit code: 127)
END boot run tests/fs/lustre/boot.ktest PASS 166s
END clang-tidy tool clang-tidy PASS 169s
END mgs-setup run tests/fs/lustre/mgs-setup.ktest PASS 178s
END sanity-2 run tests/fs/lustre/sanity/sanity-2.ktest PASS 191s
END sanity-4 run tests/fs/lustre/sanity/sanity-4.ktest PASS 199s
END sanity-3 run tests/fs/lustre/sanity/sanity-3.ktest PASS 200s
END sanity-1 run tests/fs/lustre/sanity/sanity-1.ktest PASS 209s
END llog-unit run tests/fs/lustre/llog-unit.ktest PASS 256s
END llmount run tests/fs/lustre/llmount.ktest PASS 258s

============================================================
Final Results:
  checkpatch: PASS (23s) (log: /var/www/ci-lustre/upstream-patch-review/120450ced3442b5f95ef335b5d32272df01133a7_checkpatch.log)
  lustre_u24: PASS (86s) (log: /var/www/ci-lustre/upstream-patch-review/120450ced3442b5f95ef335b5d32272df01133a7_lustre_u24.log)
  lustre_al2023: PASS (84s) (log: /var/www/ci-lustre/upstream-patch-review/120450ced3442b5f95ef335b5d32272df01133a7_lustre_al2023.log)
  lustre_mainline_strict: FAIL (128s) (log: /var/www/ci-lustre/upstream-patch-review/120450ced3442b5f95ef335b5d32272df01133a7_lustre_mainline_strict.log)
  lustre_mainline: PASS (145s) (log: /var/www/ci-lustre/upstream-patch-review/120450ced3442b5f95ef335b5d32272df01133a7_lustre_mainline.log)
  lustre_mainline_native: PASS (146s) (log: /var/www/ci-lustre/upstream-patch-review/120450ced3442b5f95ef335b5d32272df01133a7_lustre_mainline_native.log)
  clang-tidy: PASS (169s) (log: /var/www/ci-lustre/upstream-patch-review/120450ced3442b5f95ef335b5d32272df01133a7_clang-tidy.log)
  cc-plugin: FAIL (149s) (log: /var/www/ci-lustre/upstream-patch-review/120450ced3442b5f95ef335b5d32272df01133a7_cc-plugin.log)
  boot: PASS (166s) (log: /var/www/ci-lustre/upstream-patch-review/120450ced3442b5f95ef335b5d32272df01133a7_boot.log)
  llmount: PASS (258s) (log: /var/www/ci-lustre/upstream-patch-review/120450ced3442b5f95ef335b5d32272df01133a7_llmount.log)
  llog-unit: PASS (256s) (log: /var/www/ci-lustre/upstream-patch-review/120450ced3442b5f95ef335b5d32272df01133a7_llog-unit.log)
  mgs-setup: PASS (178s) (log: /var/www/ci-lustre/upstream-patch-review/120450ced3442b5f95ef335b5d32272df01133a7_mgs-setup.log)
  sanity-1: PASS (209s) (log: /var/www/ci-lustre/upstream-patch-review/120450ced3442b5f95ef335b5d32272df01133a7_sanity-1.log)
  sanity-2: PASS (191s) (log: /var/www/ci-lustre/upstream-patch-review/120450ced3442b5f95ef335b5d32272df01133a7_sanity-2.log)
  sanity-3: PASS (200s) (log: /var/www/ci-lustre/upstream-patch-review/120450ced3442b5f95ef335b5d32272df01133a7_sanity-3.log)
  sanity-4: PASS (199s) (log: /var/www/ci-lustre/upstream-patch-review/120450ced3442b5f95ef335b5d32272df01133a7_sanity-4.log)

Total execution time: 433s
