CLI: ./podman-ktest --podman-socket unix:///run/podman/podman.sock --shared-filesystem /tmp --tarball-input job lustre-ci --output /var/www/ci-lustre/upstream-patch-review --git-hash 12235315e60022cbef90c776e6d31f5cf3ff19c9 --change-id 66862_12235315e60022cbef90c776e6d31f5cf3ff19c9 --subject LU-20390 dbg: debug sanity-sec test_54 - 2

  Checking /dev/kvm exists... OK
  Checking /dev/kvm permissions... OK
  Creating ccache directory... OK
  Checking ccache directory writable... OK
  Creating package output directory... OK

Environment validated successfully
Creating kernel tarball at /tmp/ktest-kernel.tar.gz...
Creating lustre tarball at /tmp/ktest-lustre.tar.gz...
Creating ZFS tarball at /tmp/ktest-zfs.tar.gz...
Executing 13 jobs
Jobs will start as soon as their dependencies are satisfied
Using tarball input mode

START al2023 build tests/fs/lustre/boot.ktest
START checkpatch tool checkpatch
START u24 build tests/fs/lustre/boot.ktest
START lustre_mainline_native build tests/fs/lustre/boot.ktest
START lustre_mainline_strict build tests/fs/lustre/boot-strict.ktest
START lustre_mainline build tests/fs/lustre/boot.ktest
PUT /tmp/ktest-lustre.tar.gz 1s
PUT /tmp/ktest-lustre.tar.gz 1s
PUT /tmp/ktest-kernel.tar.gz 7s
PUT /tmp/ktest-kernel.tar.gz 7s
PUT /tmp/ktest-kernel.tar.gz 7s
PUT /tmp/ktest-kernel.tar.gz 7s
PUT /tmp/ktest-lustre.tar.gz 2s
PUT /tmp/ktest-lustre.tar.gz 2s
PUT /tmp/ktest-lustre.tar.gz 2s
PUT /tmp/ktest-lustre.tar.gz 2s
PUT /tmp/ktest-zfs.tar.gz 0s
PUT /tmp/ktest-zfs.tar.gz 0s
PUT /tmp/ktest-zfs.tar.gz 0s
END checkpatch tool checkpatch PASS 12s
END al2023 build tests/fs/lustre/boot.ktest PASS 52s
END u24 build tests/fs/lustre/boot.ktest PASS 53s
GET /tmp/ktest_lustre_mainline_native_jdufxhdm.tar 0s
GET /tmp/ktest_lustre_mainline_6pu_axt0.tar 0s
GET /tmp/ktest_lustre_mainline_strict_p567li1y.tar 5s
END lustre_mainline_native build tests/fs/lustre/boot.ktest PASS 171s
START boot run tests/fs/lustre/boot.ktest
START llmount run tests/fs/lustre/llmount.ktest
START mgs-setup run tests/fs/lustre/mgs-setup.ktest
START sanity-1 run tests/fs/lustre/sanity/sanity-1.ktest
START sanity-2 run tests/fs/lustre/sanity/sanity-2.ktest
START sanity-3 run tests/fs/lustre/sanity/sanity-3.ktest
START sanity-4 run tests/fs/lustre/sanity/sanity-4.ktest
END lustre_mainline build tests/fs/lustre/boot.ktest PASS 172s
END lustre_mainline_strict build tests/fs/lustre/boot-strict.ktest FAIL 174s (exit code: 1)
PUT /tmp/ktest-kernel.tar.gz 14s
PUT /tmp/ktest-kernel.tar.gz 14s
PUT /tmp/ktest-kernel.tar.gz 14s
PUT /tmp/ktest-kernel.tar.gz 14s
PUT /tmp/ktest-kernel.tar.gz 14s
PUT /tmp/ktest-kernel.tar.gz 14s
PUT /tmp/ktest-kernel.tar.gz 14s
PUT /tmp/ktest-lustre.tar.gz 4s
PUT /tmp/ktest-lustre.tar.gz 3s
PUT /tmp/ktest-lustre.tar.gz 3s
PUT /tmp/ktest-lustre.tar.gz 4s
PUT /tmp/ktest-lustre.tar.gz 3s
PUT /tmp/ktest-lustre.tar.gz 4s
PUT /tmp/ktest-lustre.tar.gz 3s
PUT /tmp/ktest_lustre_mainline_native_jdufxhdm.tar 0s
PUT /tmp/ktest_lustre_mainline_native_jdufxhdm.tar 0s
PUT /tmp/ktest_lustre_mainline_native_jdufxhdm.tar 0s
PUT /tmp/ktest_lustre_mainline_native_jdufxhdm.tar 0s
PUT /tmp/ktest_lustre_mainline_native_jdufxhdm.tar 0s
PUT /tmp/ktest_lustre_mainline_native_jdufxhdm.tar 0s
PUT /tmp/ktest_lustre_mainline_native_jdufxhdm.tar 0s
END boot run tests/fs/lustre/boot.ktest PASS 61s
END mgs-setup run tests/fs/lustre/mgs-setup.ktest PASS 72s
END sanity-4 run tests/fs/lustre/sanity/sanity-4.ktest PASS 100s
END sanity-2 run tests/fs/lustre/sanity/sanity-2.ktest PASS 102s
END sanity-1 run tests/fs/lustre/sanity/sanity-1.ktest PASS 103s
END sanity-3 run tests/fs/lustre/sanity/sanity-3.ktest PASS 104s
END llmount run tests/fs/lustre/llmount.ktest PASS 111s

============================================================
Final Results:
  checkpatch: PASS (12s) (log: /var/www/ci-lustre/upstream-patch-review/12235315e60022cbef90c776e6d31f5cf3ff19c9_checkpatch.log)
  u24: PASS (53s) (log: /var/www/ci-lustre/upstream-patch-review/12235315e60022cbef90c776e6d31f5cf3ff19c9_u24.log)
  al2023: PASS (52s) (log: /var/www/ci-lustre/upstream-patch-review/12235315e60022cbef90c776e6d31f5cf3ff19c9_al2023.log)
  lustre_mainline_strict: FAIL (174s) (log: /var/www/ci-lustre/upstream-patch-review/12235315e60022cbef90c776e6d31f5cf3ff19c9_lustre_mainline_strict.log)
  lustre_mainline: PASS (172s) (log: /var/www/ci-lustre/upstream-patch-review/12235315e60022cbef90c776e6d31f5cf3ff19c9_lustre_mainline.log)
  lustre_mainline_native: PASS (171s) (log: /var/www/ci-lustre/upstream-patch-review/12235315e60022cbef90c776e6d31f5cf3ff19c9_lustre_mainline_native.log)
  boot: PASS (61s) (log: /var/www/ci-lustre/upstream-patch-review/12235315e60022cbef90c776e6d31f5cf3ff19c9_boot.log)
  llmount: PASS (111s) (log: /var/www/ci-lustre/upstream-patch-review/12235315e60022cbef90c776e6d31f5cf3ff19c9_llmount.log)
  mgs-setup: PASS (72s) (log: /var/www/ci-lustre/upstream-patch-review/12235315e60022cbef90c776e6d31f5cf3ff19c9_mgs-setup.log)
  sanity-1: PASS (103s) (log: /var/www/ci-lustre/upstream-patch-review/12235315e60022cbef90c776e6d31f5cf3ff19c9_sanity-1.log)
  sanity-2: PASS (102s) (log: /var/www/ci-lustre/upstream-patch-review/12235315e60022cbef90c776e6d31f5cf3ff19c9_sanity-2.log)
  sanity-3: PASS (104s) (log: /var/www/ci-lustre/upstream-patch-review/12235315e60022cbef90c776e6d31f5cf3ff19c9_sanity-3.log)
  sanity-4: PASS (100s) (log: /var/www/ci-lustre/upstream-patch-review/12235315e60022cbef90c776e6d31f5cf3ff19c9_sanity-4.log)

Total execution time: 311s
