CLI: ./podman-ktest --podman-socket unix:///run/podman/podman.sock --shared-filesystem /tmp --tarball-input job lustre-ci --output /var/www/ci-lustre/upstream-patch-review --git-hash 127949d3f29c8ea63d4f7eaa5110dffbd30af1b7 --change-id 64010_127949d3f29c8ea63d4f7eaa5110dffbd30af1b7 --subject LU-12668 llite: fix EC read handling in VVP layer

  Checking /dev/kvm exists... OK
  Checking /dev/kvm permissions... OK
  Creating ccache directory... OK
  Checking ccache directory writable... OK

Environment validated successfully
Creating kernel tarball at /tmp/ktest-kernel.tar.gz...
Creating lustre tarball at /tmp/ktest-lustre.tar.gz...
Executing 16 jobs
Jobs will start as soon as their dependencies are satisfied
Using tarball input mode

START lustre_mainline_strict build tests/fs/lustre/boot-strict.ktest
START checkpatch tool checkpatch
START lustre_u24 build tests/fs/lustre/boot.ktest
START lustre_al2023 build tests/fs/lustre/boot.ktest
START lustre_mainline build tests/fs/lustre/boot.ktest
START lustre_mainline_native build tests/fs/lustre/boot.ktest
PUT /tmp/ktest-kernel.tar.gz 10s
PUT /tmp/ktest-kernel.tar.gz 10s
PUT /tmp/ktest-kernel.tar.gz 10s
PUT /tmp/ktest-kernel.tar.gz 10s
PUT /tmp/ktest-kernel.tar.gz 10s
PUT /tmp/ktest-kernel.tar.gz 11s
PUT /tmp/ktest-lustre.tar.gz 6s
PUT /tmp/ktest-lustre.tar.gz 6s
PUT /tmp/ktest-lustre.tar.gz 6s
PUT /tmp/ktest-lustre.tar.gz 6s
PUT /tmp/ktest-lustre.tar.gz 6s
PUT /tmp/ktest-lustre.tar.gz 6s
END checkpatch tool checkpatch PASS 19s
END lustre_al2023 build tests/fs/lustre/boot.ktest PASS 87s
END lustre_u24 build tests/fs/lustre/boot.ktest PASS 89s
GET /tmp/ktest_lustre_mainline_strict_wouf0hqh.tar 3s
END lustre_mainline_strict build tests/fs/lustre/boot-strict.ktest FAIL 129s (exit code: 1)
GET /tmp/ktest_lustre_mainline_native_769ou0do.tar 3s
GET /tmp/ktest_lustre_mainline_za2abckv.tar 3s
END lustre_mainline_native build tests/fs/lustre/boot.ktest PASS 149s
START clang-tidy tool clang-tidy
START cc-plugin tool cc-plugin
START boot run tests/fs/lustre/boot.ktest
START llmount run tests/fs/lustre/llmount.ktest
START llog-unit run tests/fs/lustre/llog-unit.ktest
START mgs-setup run tests/fs/lustre/mgs-setup.ktest
START sanity-1 run tests/fs/lustre/sanity/sanity-1.ktest
START sanity-2 run tests/fs/lustre/sanity/sanity-2.ktest
START sanity-3 run tests/fs/lustre/sanity/sanity-3.ktest
START sanity-4 run tests/fs/lustre/sanity/sanity-4.ktest
END lustre_mainline build tests/fs/lustre/boot.ktest PASS 150s
PUT /tmp/ktest-kernel.tar.gz 36s
PUT /tmp/ktest_lustre_mainline_native_769ou0do.tar 45s
PUT /tmp/ktest_lustre_mainline_native_769ou0do.tar 45s
PUT /tmp/ktest_lustre_mainline_native_769ou0do.tar 45s
PUT /tmp/ktest_lustre_mainline_native_769ou0do.tar 45s
PUT /tmp/ktest_lustre_mainline_native_769ou0do.tar 45s
PUT /tmp/ktest_lustre_mainline_native_769ou0do.tar 45s
PUT /tmp/ktest_lustre_mainline_native_769ou0do.tar 45s
PUT /tmp/ktest_lustre_mainline_native_769ou0do.tar 45s
PUT /tmp/ktest-kernel.tar.gz 45s
PUT /tmp/ktest-lustre.tar.gz 91s
PUT /tmp/ktest-lustre.tar.gz 89s
PUT /tmp/ktest_lustre_mainline_native_769ou0do.tar 11s
PUT /tmp/ktest_lustre_mainline_native_769ou0do.tar 18s
END boot run tests/fs/lustre/boot.ktest PASS 149s
END cc-plugin tool cc-plugin FAIL 152s (exit code: 127)
END mgs-setup run tests/fs/lustre/mgs-setup.ktest PASS 165s
END clang-tidy tool clang-tidy PASS 167s
END sanity-1 run tests/fs/lustre/sanity/sanity-1.ktest PASS 182s
END sanity-4 run tests/fs/lustre/sanity/sanity-4.ktest PASS 181s
END sanity-2 run tests/fs/lustre/sanity/sanity-2.ktest PASS 187s
END sanity-3 run tests/fs/lustre/sanity/sanity-3.ktest PASS 198s
END llog-unit run tests/fs/lustre/llog-unit.ktest PASS 250s
END llmount run tests/fs/lustre/llmount.ktest PASS 263s

============================================================
Final Results:
  checkpatch: PASS (19s) (log: /var/www/ci-lustre/upstream-patch-review/127949d3f29c8ea63d4f7eaa5110dffbd30af1b7_checkpatch.log)
  lustre_u24: PASS (89s) (log: /var/www/ci-lustre/upstream-patch-review/127949d3f29c8ea63d4f7eaa5110dffbd30af1b7_lustre_u24.log)
  lustre_al2023: PASS (87s) (log: /var/www/ci-lustre/upstream-patch-review/127949d3f29c8ea63d4f7eaa5110dffbd30af1b7_lustre_al2023.log)
  lustre_mainline_strict: FAIL (129s) (log: /var/www/ci-lustre/upstream-patch-review/127949d3f29c8ea63d4f7eaa5110dffbd30af1b7_lustre_mainline_strict.log)
  lustre_mainline: PASS (150s) (log: /var/www/ci-lustre/upstream-patch-review/127949d3f29c8ea63d4f7eaa5110dffbd30af1b7_lustre_mainline.log)
  lustre_mainline_native: PASS (149s) (log: /var/www/ci-lustre/upstream-patch-review/127949d3f29c8ea63d4f7eaa5110dffbd30af1b7_lustre_mainline_native.log)
  clang-tidy: PASS (167s) (log: /var/www/ci-lustre/upstream-patch-review/127949d3f29c8ea63d4f7eaa5110dffbd30af1b7_clang-tidy.log)
  cc-plugin: FAIL (152s) (log: /var/www/ci-lustre/upstream-patch-review/127949d3f29c8ea63d4f7eaa5110dffbd30af1b7_cc-plugin.log)
  boot: PASS (149s) (log: /var/www/ci-lustre/upstream-patch-review/127949d3f29c8ea63d4f7eaa5110dffbd30af1b7_boot.log)
  llmount: PASS (263s) (log: /var/www/ci-lustre/upstream-patch-review/127949d3f29c8ea63d4f7eaa5110dffbd30af1b7_llmount.log)
  llog-unit: PASS (250s) (log: /var/www/ci-lustre/upstream-patch-review/127949d3f29c8ea63d4f7eaa5110dffbd30af1b7_llog-unit.log)
  mgs-setup: PASS (165s) (log: /var/www/ci-lustre/upstream-patch-review/127949d3f29c8ea63d4f7eaa5110dffbd30af1b7_mgs-setup.log)
  sanity-1: PASS (182s) (log: /var/www/ci-lustre/upstream-patch-review/127949d3f29c8ea63d4f7eaa5110dffbd30af1b7_sanity-1.log)
  sanity-2: PASS (187s) (log: /var/www/ci-lustre/upstream-patch-review/127949d3f29c8ea63d4f7eaa5110dffbd30af1b7_sanity-2.log)
  sanity-3: PASS (198s) (log: /var/www/ci-lustre/upstream-patch-review/127949d3f29c8ea63d4f7eaa5110dffbd30af1b7_sanity-3.log)
  sanity-4: PASS (181s) (log: /var/www/ci-lustre/upstream-patch-review/127949d3f29c8ea63d4f7eaa5110dffbd30af1b7_sanity-4.log)

Total execution time: 442s
