CLI: ./podman-ktest --podman-socket unix:///run/podman/podman.sock --shared-filesystem /tmp --tarball-input job lustre-ci --output /var/www/ci-lustre/upstream-patch-review --git-hash 14c2514aeda9e76648904b49334cc33d467f31d6 --change-id 63156_14c2514aeda9e76648904b49334cc33d467f31d6 --subject LU-18317 lnet: fix configure o2ib NID with IPv6 address

  Checking /dev/kvm exists... OK
  Checking /dev/kvm permissions... OK
  Creating ccache directory... OK
  Checking ccache directory writable... OK

Environment validated successfully
Creating kernel tarball at /tmp/ktest-kernel.tar.gz...
Creating lustre tarball at /tmp/ktest-lustre.tar.gz...
Creating ZFS tarball at /tmp/ktest-zfs.tar.gz...
Executing 13 jobs
Jobs will start as soon as their dependencies are satisfied
Using tarball input mode

START lustre_mainline_strict build tests/fs/lustre/boot-strict.ktest
START u24 build tests/fs/lustre/boot.ktest
START lustre_mainline_native build tests/fs/lustre/boot.ktest
START lustre_mainline build tests/fs/lustre/boot.ktest
START al2023 build tests/fs/lustre/boot.ktest
START checkpatch tool checkpatch
PUT /tmp/ktest-lustre.tar.gz 2s
PUT /tmp/ktest-lustre.tar.gz 3s
PUT /tmp/ktest-kernel.tar.gz 6s
PUT /tmp/ktest-kernel.tar.gz 6s
PUT /tmp/ktest-kernel.tar.gz 6s
PUT /tmp/ktest-kernel.tar.gz 6s
PUT /tmp/ktest-lustre.tar.gz 1s
PUT /tmp/ktest-lustre.tar.gz 1s
PUT /tmp/ktest-lustre.tar.gz 1s
PUT /tmp/ktest-lustre.tar.gz 1s
PUT /tmp/ktest-zfs.tar.gz 0s
PUT /tmp/ktest-zfs.tar.gz 0s
PUT /tmp/ktest-zfs.tar.gz 0s
END checkpatch tool checkpatch PASS 9s
END al2023 build tests/fs/lustre/boot.ktest PASS 66s
END u24 build tests/fs/lustre/boot.ktest PASS 66s
GET /tmp/ktest_lustre_mainline_strict_a28bhfi9.tar 5s
END lustre_mainline_strict build tests/fs/lustre/boot-strict.ktest FAIL 151s (exit code: 1)
GET /tmp/ktest_lustre_mainline_native_ogeitrj2.tar 0s
GET /tmp/ktest_lustre_mainline_lo7glnzw.tar 0s
END lustre_mainline_native build tests/fs/lustre/boot.ktest PASS 172s
START boot run tests/fs/lustre/boot.ktest
START llmount run tests/fs/lustre/llmount.ktest
START mgs-setup run tests/fs/lustre/mgs-setup.ktest
START sanity-1 run tests/fs/lustre/sanity/sanity-1.ktest
START sanity-2 run tests/fs/lustre/sanity/sanity-2.ktest
START sanity-3 run tests/fs/lustre/sanity/sanity-3.ktest
START sanity-4 run tests/fs/lustre/sanity/sanity-4.ktest
END lustre_mainline build tests/fs/lustre/boot.ktest PASS 173s
PUT /tmp/ktest_lustre_mainline_native_ogeitrj2.tar 3s
PUT /tmp/ktest_lustre_mainline_native_ogeitrj2.tar 3s
PUT /tmp/ktest_lustre_mainline_native_ogeitrj2.tar 3s
PUT /tmp/ktest_lustre_mainline_native_ogeitrj2.tar 3s
PUT /tmp/ktest_lustre_mainline_native_ogeitrj2.tar 1s
PUT /tmp/ktest_lustre_mainline_native_ogeitrj2.tar 0s
PUT /tmp/ktest_lustre_mainline_native_ogeitrj2.tar 0s
END boot run tests/fs/lustre/boot.ktest PASS 21s
END mgs-setup run tests/fs/lustre/mgs-setup.ktest PASS 30s
END sanity-3 run tests/fs/lustre/sanity/sanity-3.ktest PASS 41s
END sanity-2 run tests/fs/lustre/sanity/sanity-2.ktest PASS 51s
END sanity-1 run tests/fs/lustre/sanity/sanity-1.ktest PASS 52s
END sanity-4 run tests/fs/lustre/sanity/sanity-4.ktest PASS 66s
END llmount run tests/fs/lustre/llmount.ktest PASS 117s

============================================================
Final Results:
  checkpatch: PASS (9s) (log: /var/www/ci-lustre/upstream-patch-review/14c2514aeda9e76648904b49334cc33d467f31d6_checkpatch.log)
  u24: PASS (66s) (log: /var/www/ci-lustre/upstream-patch-review/14c2514aeda9e76648904b49334cc33d467f31d6_u24.log)
  al2023: PASS (66s) (log: /var/www/ci-lustre/upstream-patch-review/14c2514aeda9e76648904b49334cc33d467f31d6_al2023.log)
  lustre_mainline_strict: FAIL (151s) (log: /var/www/ci-lustre/upstream-patch-review/14c2514aeda9e76648904b49334cc33d467f31d6_lustre_mainline_strict.log)
  lustre_mainline: PASS (173s) (log: /var/www/ci-lustre/upstream-patch-review/14c2514aeda9e76648904b49334cc33d467f31d6_lustre_mainline.log)
  lustre_mainline_native: PASS (172s) (log: /var/www/ci-lustre/upstream-patch-review/14c2514aeda9e76648904b49334cc33d467f31d6_lustre_mainline_native.log)
  boot: PASS (21s) (log: /var/www/ci-lustre/upstream-patch-review/14c2514aeda9e76648904b49334cc33d467f31d6_boot.log)
  llmount: PASS (117s) (log: /var/www/ci-lustre/upstream-patch-review/14c2514aeda9e76648904b49334cc33d467f31d6_llmount.log)
  mgs-setup: PASS (30s) (log: /var/www/ci-lustre/upstream-patch-review/14c2514aeda9e76648904b49334cc33d467f31d6_mgs-setup.log)
  sanity-1: PASS (52s) (log: /var/www/ci-lustre/upstream-patch-review/14c2514aeda9e76648904b49334cc33d467f31d6_sanity-1.log)
  sanity-2: PASS (51s) (log: /var/www/ci-lustre/upstream-patch-review/14c2514aeda9e76648904b49334cc33d467f31d6_sanity-2.log)
  sanity-3: PASS (41s) (log: /var/www/ci-lustre/upstream-patch-review/14c2514aeda9e76648904b49334cc33d467f31d6_sanity-3.log)
  sanity-4: PASS (66s) (log: /var/www/ci-lustre/upstream-patch-review/14c2514aeda9e76648904b49334cc33d467f31d6_sanity-4.log)

Total execution time: 319s
