CLI: ./podman-ktest --podman-socket unix:///run/podman/podman.sock --shared-filesystem /tmp --tarball-input job lustre-ci --output /var/www/ci-lustre/upstream-patch-review --git-hash 15b994149c6e4a34acc3b79a627a204c27320df1 --change-id 62517_15b994149c6e4a34acc3b79a627a204c27320df1 --subject LU-12187 lod: set parity component pattern

  Checking /dev/kvm exists... OK
  Checking /dev/kvm permissions... OK
  Creating ccache directory... OK
  Checking ccache directory writable... OK

Environment validated successfully
Creating kernel tarball at /tmp/ktest-kernel.tar.gz...
Creating lustre tarball at /tmp/ktest-lustre.tar.gz...
Executing 16 jobs
Jobs will start as soon as their dependencies are satisfied
Using tarball input mode

START lustre_u24 build tests/fs/lustre/boot.ktest
START lustre_al2023 build tests/fs/lustre/boot.ktest
START lustre_mainline build tests/fs/lustre/boot.ktest
START lustre_mainline_native build tests/fs/lustre/boot.ktest
START checkpatch tool checkpatch
START lustre_mainline_strict build tests/fs/lustre/boot-strict.ktest
PUT /tmp/ktest-kernel.tar.gz 13s
PUT /tmp/ktest-kernel.tar.gz 13s
PUT /tmp/ktest-kernel.tar.gz 13s
PUT /tmp/ktest-kernel.tar.gz 14s
PUT /tmp/ktest-kernel.tar.gz 14s
PUT /tmp/ktest-kernel.tar.gz 14s
PUT /tmp/ktest-lustre.tar.gz 8s
PUT /tmp/ktest-lustre.tar.gz 9s
PUT /tmp/ktest-lustre.tar.gz 9s
PUT /tmp/ktest-lustre.tar.gz 8s
PUT /tmp/ktest-lustre.tar.gz 8s
PUT /tmp/ktest-lustre.tar.gz 9s
END checkpatch tool checkpatch PASS 25s
END lustre_al2023 build tests/fs/lustre/boot.ktest PASS 92s
END lustre_u24 build tests/fs/lustre/boot.ktest PASS 94s
GET /tmp/ktest_lustre_mainline_strict_9klvdu_i.tar 6s
END lustre_mainline_strict build tests/fs/lustre/boot-strict.ktest FAIL 163s (exit code: 1)
GET /tmp/ktest_lustre_mainline_native_3rtz1een.tar 3s
GET /tmp/ktest_lustre_mainline_56k5uebq.tar 3s
END lustre_mainline_native build tests/fs/lustre/boot.ktest PASS 182s
START clang-tidy tool clang-tidy
START cc-plugin tool cc-plugin
START boot run tests/fs/lustre/boot.ktest
START llmount run tests/fs/lustre/llmount.ktest
START llog-unit run tests/fs/lustre/llog-unit.ktest
START mgs-setup run tests/fs/lustre/mgs-setup.ktest
START sanity-1 run tests/fs/lustre/sanity/sanity-1.ktest
START sanity-2 run tests/fs/lustre/sanity/sanity-2.ktest
START sanity-3 run tests/fs/lustre/sanity/sanity-3.ktest
START sanity-4 run tests/fs/lustre/sanity/sanity-4.ktest
END lustre_mainline build tests/fs/lustre/boot.ktest PASS 184s
PUT /tmp/ktest-kernel.tar.gz 51s
PUT /tmp/ktest_lustre_mainline_native_3rtz1een.tar 54s
PUT /tmp/ktest_lustre_mainline_native_3rtz1een.tar 54s
PUT /tmp/ktest_lustre_mainline_native_3rtz1een.tar 55s
PUT /tmp/ktest-kernel.tar.gz 55s
PUT /tmp/ktest_lustre_mainline_native_3rtz1een.tar 55s
PUT /tmp/ktest_lustre_mainline_native_3rtz1een.tar 54s
PUT /tmp/ktest_lustre_mainline_native_3rtz1een.tar 55s
PUT /tmp/ktest_lustre_mainline_native_3rtz1een.tar 55s
PUT /tmp/ktest_lustre_mainline_native_3rtz1een.tar 54s
PUT /tmp/ktest-lustre.tar.gz 84s
PUT /tmp/ktest-lustre.tar.gz 82s
PUT /tmp/ktest_lustre_mainline_native_3rtz1een.tar 15s
PUT /tmp/ktest_lustre_mainline_native_3rtz1een.tar 14s
END cc-plugin tool cc-plugin FAIL 156s (exit code: 127)
END mgs-setup run tests/fs/lustre/mgs-setup.ktest PASS 172s
END boot run tests/fs/lustre/boot.ktest PASS 175s
END clang-tidy tool clang-tidy PASS 183s
END sanity-3 run tests/fs/lustre/sanity/sanity-3.ktest PASS 184s
END sanity-1 run tests/fs/lustre/sanity/sanity-1.ktest PASS 185s
END sanity-2 run tests/fs/lustre/sanity/sanity-2.ktest PASS 196s
END sanity-4 run tests/fs/lustre/sanity/sanity-4.ktest PASS 198s
END llog-unit run tests/fs/lustre/llog-unit.ktest PASS 264s
END llmount run tests/fs/lustre/llmount.ktest PASS 276s

============================================================
Final Results:
  checkpatch: PASS (25s) (log: /var/www/ci-lustre/upstream-patch-review/15b994149c6e4a34acc3b79a627a204c27320df1_checkpatch.log)
  lustre_u24: PASS (94s) (log: /var/www/ci-lustre/upstream-patch-review/15b994149c6e4a34acc3b79a627a204c27320df1_lustre_u24.log)
  lustre_al2023: PASS (92s) (log: /var/www/ci-lustre/upstream-patch-review/15b994149c6e4a34acc3b79a627a204c27320df1_lustre_al2023.log)
  lustre_mainline_strict: FAIL (163s) (log: /var/www/ci-lustre/upstream-patch-review/15b994149c6e4a34acc3b79a627a204c27320df1_lustre_mainline_strict.log)
  lustre_mainline: PASS (184s) (log: /var/www/ci-lustre/upstream-patch-review/15b994149c6e4a34acc3b79a627a204c27320df1_lustre_mainline.log)
  lustre_mainline_native: PASS (182s) (log: /var/www/ci-lustre/upstream-patch-review/15b994149c6e4a34acc3b79a627a204c27320df1_lustre_mainline_native.log)
  clang-tidy: PASS (183s) (log: /var/www/ci-lustre/upstream-patch-review/15b994149c6e4a34acc3b79a627a204c27320df1_clang-tidy.log)
  cc-plugin: FAIL (156s) (log: /var/www/ci-lustre/upstream-patch-review/15b994149c6e4a34acc3b79a627a204c27320df1_cc-plugin.log)
  boot: PASS (175s) (log: /var/www/ci-lustre/upstream-patch-review/15b994149c6e4a34acc3b79a627a204c27320df1_boot.log)
  llmount: PASS (276s) (log: /var/www/ci-lustre/upstream-patch-review/15b994149c6e4a34acc3b79a627a204c27320df1_llmount.log)
  llog-unit: PASS (264s) (log: /var/www/ci-lustre/upstream-patch-review/15b994149c6e4a34acc3b79a627a204c27320df1_llog-unit.log)
  mgs-setup: PASS (172s) (log: /var/www/ci-lustre/upstream-patch-review/15b994149c6e4a34acc3b79a627a204c27320df1_mgs-setup.log)
  sanity-1: PASS (185s) (log: /var/www/ci-lustre/upstream-patch-review/15b994149c6e4a34acc3b79a627a204c27320df1_sanity-1.log)
  sanity-2: PASS (196s) (log: /var/www/ci-lustre/upstream-patch-review/15b994149c6e4a34acc3b79a627a204c27320df1_sanity-2.log)
  sanity-3: PASS (184s) (log: /var/www/ci-lustre/upstream-patch-review/15b994149c6e4a34acc3b79a627a204c27320df1_sanity-3.log)
  sanity-4: PASS (198s) (log: /var/www/ci-lustre/upstream-patch-review/15b994149c6e4a34acc3b79a627a204c27320df1_sanity-4.log)

Total execution time: 489s
