00001 
00001 RDSEED32 is broken. Disabling the corresponding CPUID bit.
00002 init: failed to load nvme_core
00002 init: failed to load nvme
00002 init: failed to load zfs
00003 LNetError: 1:0:(lib-socket.c:619:lnet_inet_enumerate()) lnet: Can't find any usable interfaces, rc = -ENOENT
00003 LNetError: Error -100 starting up LNI tcp
00003 LustreError: 1:0:(events.c:627:ptlrpc_init_portals()) network initialisation failed: rc = -100
00004 init: finit_module /lib/modules/7.0.0-ktest-1806a7d160-7433349-20260708/updates/ptlrpc.ko: Network is down
00004 init: failed to load lustre
00004 init: failed to load osd_zfs
00004 init: failed to load iwlwifi
00004 init: failed to load iwlmvm
00004 init: failed to load mt7921e
00004 init: failed to load i915
00004 init: failed to load nouveau
00044 tlp: vm.laptop_mode is deprecated. Ignoring setting.
00044 Kernel version: 7.0.0-ktest-1806a7d160-7433349-20260708
00044 hook init_noop
00044 
00044 Running tests llog-unit
00044 
00044 ========= TEST   llog-unit
00044 /host/home/ktest/git/lustre-release/lustre/tests/test-framework.sh: line 6933: cd: HOME not set
00045 /host/home/ktest/git/lustre-release/lustre/tests/test-framework.sh: line 6933: cd: HOME not set
00045 /host/home/ktest/git/lustre-release/lustre/tests/test-framework.sh: line 6933: cd: HOME not set
00046 MGS_OS_VERSION_ID=24.04
00046 MGS_OS_ID=ubuntu
00046 MGS_OS_VERSION_CODE=402915328
00046 MGS_OS_ID_LIKE=debian ubuntu
00046 MDS1_OS_ID=ubuntu
00046 MDS1_OS_VERSION_CODE=402915328
00046 MDS1_OS_ID_LIKE=debian ubuntu
00046 MDS1_OS_VERSION_ID=24.04
00046 OST1_OS_VERSION_ID=24.04
00046 OST1_OS_VERSION_CODE=402915328
00046 OST1_OS_ID=ubuntu
00046 OST1_OS_ID_LIKE=debian ubuntu
00046 CLIENT_OS_VERSION_ID=24.04
00046 CLIENT_OS_ID_LIKE=debian ubuntu
00046 CLIENT_OS_ID=ubuntu
00046 CLIENT_OS_VERSION_CODE=402915328
00047 Loading modules from /host/home/ktest/git/lustre-release/lustre
00047 detected 16 online CPUs by sysfs
00047 MODOPTS_LIBCFS=
00047 libcfs will create CPU partition based on online CPUs
00047 LNet: Added LNI 10.0.2.15@tcp [8/256/0/180]
00047 gss/krb5 is not supported
00048 Lustre: Echo OBD driver; http://www.lustre.org/
00048 
00048 
00049 /host/home/ktest/git/lustre-release/lustre/tests/test-framework.sh: line 6933: cd: HOME not set
00049 /host/home/ktest/git/lustre-release/lustre/tests/test-framework.sh: line 6933: cd: HOME not set
00049 /host/home/ktest/git/lustre-release/lustre/tests/test-framework.sh: line 6933: cd: HOME not set
00071 Lustre: 2191:0:(llog_test.c:1106:llog_test_7()) 7d: test llog_size_change_rec
00071 ------------[ cut here ]------------
00071 WARNING: /home/ktest/git/linux/include/linux/fs.h:889 at osd_create+0x9cf/0xcf0 [osd_wbcfs], CPU#10: lctl/2191
00071 Modules linked in: llog_test(O) mgs(O) osd_wbcfs(O) lustre(O) obdecho(O) mgc(O) mdc(O) lov(O) osc(O) lmv(O) ec(O) fid(O) fld(O) ptlrpc(O) efivarfs obdclass(O) ksocklnd(O) lnet(O) libcfs(O)
00071 CPU: 10 UID: 0 PID: 2191 Comm: lctl Tainted: G        W  O        7.0.0-ktest-1806a7d160-7433349-20260708 #1 PREEMPT 
00071 Tainted: [W]=WARN, [O]=OOT_MODULE
00071 Hardware name: QEMU Standard PC (Q35 + ICH9, 2009), BIOS 2025.11-3ubuntu7 03/31/2026
00071 RIP: 0010:osd_create+0x9cf/0xcf0 [osd_wbcfs]
00071 Code: c7 c7 00 d6 af a1 48 c7 c6 a0 92 73 a1 48 c7 c2 00 9c 73 a1 e8 52 a1 43 ff 48 c7 c7 00 d6 af a1 e8 56 31 44 ff e9 fe fc ff ff <0f> 0b e9 a5 fa ff ff 48 c7 c1 80 44 5d a0 80 e1 07 80 c1 03 38 c1
00071 RSP: 0018:ffffc90005a376f0 EFLAGS: 00010246
00071 RAX: 0000000000000000 RBX: ffff88819aa48400 RCX: 0000000000000046
00071 RDX: 0000000000000000 RSI: ffff88818de8e620 RDI: ffff88811bafaa58
00071 RBP: ffff88818de8e590 R08: ffffffff83a16803 R09: 1ffffffff0742d00
00071 R10: dffffc0000000000 R11: fffffbfff0742d01 R12: ffff8881819bc000
00071 R13: dffffc0000000000 R14: 1ffff11033549080 R15: 1ffff1103033780f
00071 FS:  00007f5c88040940(0000) GS:ffff88831e92e000(0000) knlGS:0000000000000000
00071 CS:  0010 DS: 0000 ES: 0000 CR0: 0000000080050033
00071 CR2: 0000559197afab40 CR3: 000000010d465000 CR4: 0000000000750eb0
00071 PKRU: 55555554
00071 Call Trace:
00071  <TASK>
00071  ? local_object_create+0x109/0x640 [obdclass]
00071  ? dt_write_lock+0x16d/0x2a0 [obdclass]
00071  ? llog_osd_create+0x35b/0x1270 [obdclass]
00071  ? llog_create+0x2ed/0x530 [obdclass]
00071  ? llog_open_create+0x6e7/0xb30 [obdclass]
00071  ? llog_test_7_sub+0xea/0x1250 [llog_test]
00071  ? llog_test_7+0x5d5/0xf50 [llog_test]
00071  ? llog_run_tests+0x3616/0x5ad0 [llog_test]
00071  ? get_random_u32+0x51/0x470
00071  ? llog_test_device_init+0x6e8/0xa20 [llog_test]
00071  ? obd_setup+0x54d/0x950 [obdclass]
00071  ? class_setup+0xc7d/0x10e0 [obdclass]
00071  ? class_process_config+0x2edb/0x7cb0 [obdclass]
00071  ? class_handle_ioctl+0x1f4d/0x3440 [obdclass]
00071  ? obd_class_ioctl+0x1f6/0x3c0 [obdclass]
00071  ? __x64_sys_ioctl+0x961/0xe00
00071  ? _copy_to_user+0x3d/0x60
00071  ? __x64_sys_rt_sigaction+0x107/0x140
00071  ? do_syscall_64+0xc1/0x350
00071  ? entry_SYSCALL_64_after_hwframe+0x4b/0x53
00071  </TASK>
00071 ---[ end trace 0000000000000000 ]---
00076 Lustre: 2191:0:(llog_test.c:1117:llog_test_7()) 7e: test llog_changelog_rec
00076 ------------[ cut here ]------------
00076 WARNING: /home/ktest/git/linux/include/linux/fs.h:889 at osd_create+0x9cf/0xcf0 [osd_wbcfs], CPU#10: lctl/2191
00076 Modules linked in: llog_test(O) mgs(O) osd_wbcfs(O) lustre(O) obdecho(O) mgc(O) mdc(O) lov(O) osc(O) lmv(O) ec(O) fid(O) fld(O) ptlrpc(O) efivarfs obdclass(O) ksocklnd(O) lnet(O) libcfs(O)
00076 CPU: 10 UID: 0 PID: 2191 Comm: lctl Tainted: G        W  O        7.0.0-ktest-1806a7d160-7433349-20260708 #1 PREEMPT 
00076 Tainted: [W]=WARN, [O]=OOT_MODULE
00076 Hardware name: QEMU Standard PC (Q35 + ICH9, 2009), BIOS 2025.11-3ubuntu7 03/31/2026
00076 RIP: 0010:osd_create+0x9cf/0xcf0 [osd_wbcfs]
00076 Code: c7 c7 00 d6 af a1 48 c7 c6 a0 92 73 a1 48 c7 c2 00 9c 73 a1 e8 52 a1 43 ff 48 c7 c7 00 d6 af a1 e8 56 31 44 ff e9 fe fc ff ff <0f> 0b e9 a5 fa ff ff 48 c7 c1 80 44 5d a0 80 e1 07 80 c1 03 38 c1
00076 RSP: 0018:ffffc90005a376f0 EFLAGS: 00010246
00076 RAX: 0000000000000000 RBX: ffff88819c95cc00 RCX: 0000000000000046
00076 RDX: 0000000000000000 RSI: ffff88818de8df08 RDI: ffff88811bafaa58
00076 RBP: ffff88818de8de78 R08: ffffffff83a16803 R09: 1ffffffff0742d00
00076 R10: dffffc0000000000 R11: fffffbfff0742d01 R12: ffff8881819bc000
00076 R13: dffffc0000000000 R14: 1ffff1103392b980 R15: 1ffff1103033780f
00076 FS:  00007f5c88040940(0000) GS:ffff88831e92e000(0000) knlGS:0000000000000000
00076 CS:  0010 DS: 0000 ES: 0000 CR0: 0000000080050033
00076 CR2: 0000559197afab40 CR3: 000000010d465000 CR4: 0000000000750eb0
00076 PKRU: 55555554
00076 Call Trace:
00076  <TASK>
00076  ? local_object_create+0x109/0x640 [obdclass]
00076  ? dt_write_lock+0x16d/0x2a0 [obdclass]
00076  ? llog_osd_create+0x35b/0x1270 [obdclass]
00076  ? llog_create+0x2ed/0x530 [obdclass]
00076  ? llog_open_create+0x6e7/0xb30 [obdclass]
00076  ? llog_test_7_sub+0xea/0x1250 [llog_test]
00076  ? llog_test_7+0x706/0xf50 [llog_test]
00076  ? llog_run_tests+0x3616/0x5ad0 [llog_test]
00076  ? get_random_u32+0x51/0x470
00076  ? llog_test_device_init+0x6e8/0xa20 [llog_test]
00076  ? obd_setup+0x54d/0x950 [obdclass]
00076  ? class_setup+0xc7d/0x10e0 [obdclass]
00076  ? class_process_config+0x2edb/0x7cb0 [obdclass]
00076  ? class_handle_ioctl+0x1f4d/0x3440 [obdclass]
00076  ? obd_class_ioctl+0x1f6/0x3c0 [obdclass]
00076  ? __x64_sys_ioctl+0x961/0xe00
00076  ? _copy_to_user+0x3d/0x60
00076  ? __x64_sys_rt_sigaction+0x107/0x140
00076  ? do_syscall_64+0xc1/0x350
00076  ? entry_SYSCALL_64_after_hwframe+0x4b/0x53
00076  </TASK>
00076 ---[ end trace 0000000000000000 ]---
00079 Lustre: 2191:0:(llog_test.c:1024:llog_test_7_sub()) 7_sub: records are not aligned, written 64071 from 64767
00080 Lustre: 2191:0:(llog_test.c:1129:llog_test_7()) 7f: test llog_changelog_user_rec2
00080 ------------[ cut here ]------------
00080 WARNING: /home/ktest/git/linux/include/linux/fs.h:889 at osd_create+0x9cf/0xcf0 [osd_wbcfs], CPU#10: lctl/2191
00080 Modules linked in: llog_test(O) mgs(O) osd_wbcfs(O) lustre(O) obdecho(O) mgc(O) mdc(O) lov(O) osc(O) lmv(O) ec(O) fid(O) fld(O) ptlrpc(O) efivarfs obdclass(O) ksocklnd(O) lnet(O) libcfs(O)
00080 CPU: 10 UID: 0 PID: 2191 Comm: lctl Tainted: G        W  O        7.0.0-ktest-1806a7d160-7433349-20260708 #1 PREEMPT 
00080 Tainted: [W]=WARN, [O]=OOT_MODULE
00080 Hardware name: QEMU Standard PC (Q35 + ICH9, 2009), BIOS 2025.11-3ubuntu7 03/31/2026
00080 RIP: 0010:osd_create+0x9cf/0xcf0 [osd_wbcfs]
00080 Code: c7 c7 00 d6 af a1 48 c7 c6 a0 92 73 a1 48 c7 c2 00 9c 73 a1 e8 52 a1 43 ff 48 c7 c7 00 d6 af a1 e8 56 31 44 ff e9 fe fc ff ff <0f> 0b e9 a5 fa ff ff 48 c7 c1 80 44 5d a0 80 e1 07 80 c1 03 38 c1
00080 RSP: 0018:ffffc90005a376f0 EFLAGS: 00010246
00080 RAX: 0000000000000000 RBX: ffff888194539000 RCX: 0000000000000046
00080 RDX: 0000000000000000 RSI: ffff88818de8d7f0 RDI: ffff88811bafaa58
00080 RBP: ffff88818de8d760 R08: ffffffff83a16803 R09: 1ffffffff0742d00
00080 R10: dffffc0000000000 R11: fffffbfff0742d01 R12: ffff8881819bc000
00080 R13: dffffc0000000000 R14: 1ffff110328a7200 R15: 1ffff1103033780f
00080 FS:  00007f5c88040940(0000) GS:ffff88831e92e000(0000) knlGS:0000000000000000
00080 CS:  0010 DS: 0000 ES: 0000 CR0: 0000000080050033
00080 CR2: 0000559197afab40 CR3: 000000010d465000 CR4: 0000000000750eb0
00080 PKRU: 55555554
00080 Call Trace:
00080  <TASK>
00080  ? local_object_create+0x109/0x640 [obdclass]
00080  ? dt_write_lock+0x16d/0x2a0 [obdclass]
00080  ? llog_osd_create+0x35b/0x1270 [obdclass]
00080  ? llog_create+0x2ed/0x530 [obdclass]
00080  ? llog_open_create+0x6e7/0xb30 [obdclass]
00080  ? llog_test_7_sub+0xea/0x1250 [llog_test]
00080  ? llog_test_7+0x837/0xf50 [llog_test]
00080  ? llog_run_tests+0x3616/0x5ad0 [llog_test]
00080  ? get_random_u32+0x51/0x470
00080  ? llog_test_device_init+0x6e8/0xa20 [llog_test]
00080  ? obd_setup+0x54d/0x950 [obdclass]
00080  ? class_setup+0xc7d/0x10e0 [obdclass]
00080  ? class_process_config+0x2edb/0x7cb0 [obdclass]
00080  ? class_handle_ioctl+0x1f4d/0x3440 [obdclass]
00080  ? obd_class_ioctl+0x1f6/0x3c0 [obdclass]
00080  ? __x64_sys_ioctl+0x961/0xe00
00080  ? _copy_to_user+0x3d/0x60
00080  ? __x64_sys_rt_sigaction+0x107/0x140
00080  ? do_syscall_64+0xc1/0x350
00080  ? entry_SYSCALL_64_after_hwframe+0x4b/0x53
00080  </TASK>
00080 ---[ end trace 0000000000000000 ]---
00083 Lustre: 2191:0:(llog_test.c:1024:llog_test_7_sub()) 7_sub: records are not aligned, written 64139 from 64767
00085 Lustre: 2191:0:(llog_test.c:1140:llog_test_7()) 7g: test llog_gen_rec
00085 ------------[ cut here ]------------
00085 WARNING: /home/ktest/git/linux/include/linux/fs.h:889 at osd_create+0x9cf/0xcf0 [osd_wbcfs], CPU#10: lctl/2191
00085 Modules linked in: llog_test(O) mgs(O) osd_wbcfs(O) lustre(O) obdecho(O) mgc(O) mdc(O) lov(O) osc(O) lmv(O) ec(O) fid(O) fld(O) ptlrpc(O) efivarfs obdclass(O) ksocklnd(O) lnet(O) libcfs(O)
00085 CPU: 10 UID: 0 PID: 2191 Comm: lctl Tainted: G        W  O        7.0.0-ktest-1806a7d160-7433349-20260708 #1 PREEMPT 
00085 Tainted: [W]=WARN, [O]=OOT_MODULE
00085 Hardware name: QEMU Standard PC (Q35 + ICH9, 2009), BIOS 2025.11-3ubuntu7 03/31/2026
00085 RIP: 0010:osd_create+0x9cf/0xcf0 [osd_wbcfs]
00085 Code: c7 c7 00 d6 af a1 48 c7 c6 a0 92 73 a1 48 c7 c2 00 9c 73 a1 e8 52 a1 43 ff 48 c7 c7 00 d6 af a1 e8 56 31 44 ff e9 fe fc ff ff <0f> 0b e9 a5 fa ff ff 48 c7 c1 80 44 5d a0 80 e1 07 80 c1 03 38 c1
00085 RSP: 0018:ffffc90005a376f0 EFLAGS: 00010246
00085 RAX: 0000000000000000 RBX: ffff8881931ff400 RCX: 0000000000000046
00085 RDX: 0000000000000000 RSI: ffff88818a6efb68 RDI: ffff88811bafaa58
00085 RBP: ffff88818a6efad8 R08: ffffffff83a16803 R09: 1ffffffff0742d00
00085 R10: dffffc0000000000 R11: fffffbfff0742d01 R12: ffff8881819bc000
00085 R13: dffffc0000000000 R14: 1ffff1103263fe80 R15: 1ffff1103033780f
00085 FS:  00007f5c88040940(0000) GS:ffff88831e92e000(0000) knlGS:0000000000000000
00085 CS:  0010 DS: 0000 ES: 0000 CR0: 0000000080050033
00085 CR2: 0000559197afab40 CR3: 000000010d465000 CR4: 0000000000750eb0
00085 PKRU: 55555554
00085 Call Trace:
00085  <TASK>
00085  ? local_object_create+0x109/0x640 [obdclass]
00085  ? dt_write_lock+0x16d/0x2a0 [obdclass]
00085  ? llog_osd_create+0x35b/0x1270 [obdclass]
00085  ? llog_create+0x2ed/0x530 [obdclass]
00085  ? llog_open_create+0x6e7/0xb30 [obdclass]
00085  ? llog_test_7_sub+0xea/0x1250 [llog_test]
00085  ? llog_test_7+0x968/0xf50 [llog_test]
00085  ? llog_run_tests+0x3616/0x5ad0 [llog_test]
00085  ? get_random_u32+0x51/0x470
00085  ? llog_test_device_init+0x6e8/0xa20 [llog_test]
00085  ? obd_setup+0x54d/0x950 [obdclass]
00085  ? class_setup+0xc7d/0x10e0 [obdclass]
00085  ? class_process_config+0x2edb/0x7cb0 [obdclass]
00085  ? class_handle_ioctl+0x1f4d/0x3440 [obdclass]
00085  ? obd_class_ioctl+0x1f6/0x3c0 [obdclass]
00085  ? __x64_sys_ioctl+0x961/0xe00
00085  ? _copy_to_user+0x3d/0x60
00085  ? __x64_sys_rt_sigaction+0x107/0x140
00085  ? do_syscall_64+0xc1/0x350
00085  ? entry_SYSCALL_64_after_hwframe+0x4b/0x53
00085  </TASK>
00085 ---[ end trace 0000000000000000 ]---
00089 Lustre: 2191:0:(llog_test.c:1151:llog_test_7()) 7h: test llog_setattr64_rec_v2
00089 ------------[ cut here ]------------
00089 WARNING: /home/ktest/git/linux/include/linux/fs.h:889 at osd_create+0x9cf/0xcf0 [osd_wbcfs], CPU#10: lctl/2191
00089 Modules linked in: llog_test(O) mgs(O) osd_wbcfs(O) lustre(O) obdecho(O) mgc(O) mdc(O) lov(O) osc(O) lmv(O) ec(O) fid(O) fld(O) ptlrpc(O) efivarfs obdclass(O) ksocklnd(O) lnet(O) libcfs(O)
00089 CPU: 10 UID: 0 PID: 2191 Comm: lctl Tainted: G        W  O        7.0.0-ktest-1806a7d160-7433349-20260708 #1 PREEMPT 
00089 Tainted: [W]=WARN, [O]=OOT_MODULE
00089 Hardware name: QEMU Standard PC (Q35 + ICH9, 2009), BIOS 2025.11-3ubuntu7 03/31/2026
00089 RIP: 0010:osd_create+0x9cf/0xcf0 [osd_wbcfs]
00089 Code: c7 c7 00 d6 af a1 48 c7 c6 a0 92 73 a1 48 c7 c2 00 9c 73 a1 e8 52 a1 43 ff 48 c7 c7 00 d6 af a1 e8 56 31 44 ff e9 fe fc ff ff <0f> 0b e9 a5 fa ff ff 48 c7 c1 80 44 5d a0 80 e1 07 80 c1 03 38 c1
00089 RSP: 0018:ffffc90005a376f0 EFLAGS: 00010246
00089 RAX: 0000000000000000 RBX: ffff888199355c00 RCX: 0000000000000046
00089 RDX: 0000000000000000 RSI: ffff88818a6ef450 RDI: ffff88811bafaa58
00089 RBP: ffff88818a6ef3c0 R08: ffffffff83a16803 R09: 1ffffffff0742d00
00089 R10: dffffc0000000000 R11: fffffbfff0742d01 R12: ffff8881819bc000
00089 R13: dffffc0000000000 R14: 1ffff1103326ab80 R15: 1ffff1103033780f
00089 FS:  00007f5c88040940(0000) GS:ffff88831e92e000(0000) knlGS:0000000000000000
00089 CS:  0010 DS: 0000 ES: 0000 CR0: 0000000080050033
00089 CR2: 0000559197afab40 CR3: 000000010d465000 CR4: 0000000000750eb0
00089 PKRU: 55555554
00089 Call Trace:
00089  <TASK>
00089  ? local_object_create+0x109/0x640 [obdclass]
00089  ? dt_write_lock+0x16d/0x2a0 [obdclass]
00089  ? llog_osd_create+0x35b/0x1270 [obdclass]
00089  ? llog_create+0x2ed/0x530 [obdclass]
00089  ? llog_open_create+0x6e7/0xb30 [obdclass]
00089  ? llog_test_7_sub+0xea/0x1250 [llog_test]
00089  ? llog_test_7+0xa99/0xf50 [llog_test]
00089  ? llog_run_tests+0x3616/0x5ad0 [llog_test]
00089  ? get_random_u32+0x51/0x470
00089  ? llog_test_device_init+0x6e8/0xa20 [llog_test]
00089  ? obd_setup+0x54d/0x950 [obdclass]
00089  ? class_setup+0xc7d/0x10e0 [obdclass]
00089  ? class_process_config+0x2edb/0x7cb0 [obdclass]
00089  ? class_handle_ioctl+0x1f4d/0x3440 [obdclass]
00089  ? obd_class_ioctl+0x1f6/0x3c0 [obdclass]
00089  ? __x64_sys_ioctl+0x961/0xe00
00089  ? _copy_to_user+0x3d/0x60
00089  ? __x64_sys_rt_sigaction+0x107/0x140
00089  ? do_syscall_64+0xc1/0x350
00089  ? entry_SYSCALL_64_after_hwframe+0x4b/0x53
00089  </TASK>
00089 ---[ end trace 0000000000000000 ]---
00091 Lustre: 2191:0:(llog_test.c:1024:llog_test_7_sub()) 7_sub: records are not aligned, written 64071 from 64767
00093 Lustre: 2191:0:(llog_test.c:1260:llog_test_8()) 8a: fill the first plain llog
00093 ------------[ cut here ]------------
00093 WARNING: /home/ktest/git/linux/include/linux/fs.h:889 at osd_create+0x9cf/0xcf0 [osd_wbcfs], CPU#10: lctl/2191
00093 Modules linked in: llog_test(O) mgs(O) osd_wbcfs(O) lustre(O) obdecho(O) mgc(O) mdc(O) lov(O) osc(O) lmv(O) ec(O) fid(O) fld(O) ptlrpc(O) efivarfs obdclass(O) ksocklnd(O) lnet(O) libcfs(O)
00093 CPU: 10 UID: 0 PID: 2191 Comm: lctl Tainted: G        W  O        7.0.0-ktest-1806a7d160-7433349-20260708 #1 PREEMPT 
00093 Tainted: [W]=WARN, [O]=OOT_MODULE
00093 Hardware name: QEMU Standard PC (Q35 + ICH9, 2009), BIOS 2025.11-3ubuntu7 03/31/2026
00093 RIP: 0010:osd_create+0x9cf/0xcf0 [osd_wbcfs]
00093 Code: c7 c7 00 d6 af a1 48 c7 c6 a0 92 73 a1 48 c7 c2 00 9c 73 a1 e8 52 a1 43 ff 48 c7 c7 00 d6 af a1 e8 56 31 44 ff e9 fe fc ff ff <0f> 0b e9 a5 fa ff ff 48 c7 c1 80 44 5d a0 80 e1 07 80 c1 03 38 c1
00093 RSP: 0018:ffffc90005a374c0 EFLAGS: 00010246
00093 RAX: 0000000000000000 RBX: ffff8881917adc00 RCX: 0000000000000046
00093 RDX: 0000000000000000 RSI: ffff88818a6eed38 RDI: ffff88811bafaa80
00093 RBP: ffff88818a6eeca8 R08: ffffffff83a16803 R09: 1ffffffff0742d00
00093 R10: dffffc0000000000 R11: fffffbfff0742d01 R12: ffff8881819bc000
00093 R13: dffffc0000000000 R14: 1ffff110322f5b80 R15: 1ffff1103033780f
00093 FS:  00007f5c88040940(0000) GS:ffff88831e92e000(0000) knlGS:0000000000000000
00093 CS:  0010 DS: 0000 ES: 0000 CR0: 0000000080050033
00093 CR2: 0000559197afab40 CR3: 000000010d465000 CR4: 0000000000750eb0
00093 PKRU: 55555554
00093 Call Trace:
00093  <TASK>
00093  ? local_object_create+0x109/0x640 [obdclass]
00093  ? dt_write_lock+0x16d/0x2a0 [obdclass]
00093  ? llog_osd_create+0x35b/0x1270 [obdclass]
00093  ? llog_create+0x2ed/0x530 [obdclass]
00093  ? llog_cat_new_log+0x6c5/0x2a10 [obdclass]
00093  ? llog_cat_add_rec+0x4fe/0x1960 [obdclass]
00093  ? llog_cat_add_rec+0x6ba/0x1960 [obdclass]
00093  ? llog_cat_add+0x499/0x7a0 [obdclass]
00093  ? llog_test_8+0x567/0x1c20 [llog_test]
00093  ? do_raw_spin_unlock+0x52/0x230
00093  ? _raw_spin_unlock+0x23/0x40
00093  ? __llog_ctxt_put+0x1c4/0x2f0 [obdclass]
00093  ? llog_run_tests+0x39a4/0x5ad0 [llog_test]
00093  ? get_random_u32+0x51/0x470
00093  ? llog_test_device_init+0x6e8/0xa20 [llog_test]
00093  ? obd_setup+0x54d/0x950 [obdclass]
00093  ? class_setup+0xc7d/0x10e0 [obdclass]
00093  ? class_process_config+0x2edb/0x7cb0 [obdclass]
00093  ? class_handle_ioctl+0x1f4d/0x3440 [obdclass]
00093  ? obd_class_ioctl+0x1f6/0x3c0 [obdclass]
00093  ? __x64_sys_ioctl+0x961/0xe00
00093  ? _copy_to_user+0x3d/0x60
00093  ? __x64_sys_rt_sigaction+0x107/0x140
00093  ? do_syscall_64+0xc1/0x350
00093  ? entry_SYSCALL_64_after_hwframe+0x4b/0x53
00093  </TASK>
00093 ---[ end trace 0000000000000000 ]---
00093 Lustre: 2191:0:(llog_test.c:1289:llog_test_8()) 8b: first llog [0x1:0x10:0x0]
00093 Lustre: 2191:0:(llog_test.c:1305:llog_test_8()) 8b: fill the second plain llog
00093 ------------[ cut here ]------------
00093 WARNING: /home/ktest/git/linux/include/linux/fs.h:889 at osd_create+0x9cf/0xcf0 [osd_wbcfs], CPU#10: lctl/2191
00093 Modules linked in: llog_test(O) mgs(O) osd_wbcfs(O) lustre(O) obdecho(O) mgc(O) mdc(O) lov(O) osc(O) lmv(O) ec(O) fid(O) fld(O) ptlrpc(O) efivarfs obdclass(O) ksocklnd(O) lnet(O) libcfs(O)
00093 CPU: 10 UID: 0 PID: 2191 Comm: lctl Tainted: G        W  O        7.0.0-ktest-1806a7d160-7433349-20260708 #1 PREEMPT 
00093 Tainted: [W]=WARN, [O]=OOT_MODULE
00093 Hardware name: QEMU Standard PC (Q35 + ICH9, 2009), BIOS 2025.11-3ubuntu7 03/31/2026
00093 RIP: 0010:osd_create+0x9cf/0xcf0 [osd_wbcfs]
00093 Code: c7 c7 00 d6 af a1 48 c7 c6 a0 92 73 a1 48 c7 c2 00 9c 73 a1 e8 52 a1 43 ff 48 c7 c7 00 d6 af a1 e8 56 31 44 ff e9 fe fc ff ff <0f> 0b e9 a5 fa ff ff 48 c7 c1 80 44 5d a0 80 e1 07 80 c1 03 38 c1
00093 RSP: 0018:ffffc90005a374c0 EFLAGS: 00010246
00093 RAX: 0000000000000000 RBX: ffff8881917ac400 RCX: 0000000000000046
00093 RDX: 0000000000000000 RSI: ffff88818a6ee620 RDI: ffff88811bafaa80
00093 RBP: ffff88818a6ee590 R08: ffffffff83a16803 R09: 1ffffffff0742d00
00093 R10: dffffc0000000000 R11: fffffbfff0742d01 R12: ffff8881819bc000
00093 R13: dffffc0000000000 R14: 1ffff110322f5880 R15: 1ffff1103033780f
00093 FS:  00007f5c88040940(0000) GS:ffff88831e92e000(0000) knlGS:0000000000000000
00093 CS:  0010 DS: 0000 ES: 0000 CR0: 0000000080050033
00093 CR2: 0000559197afab40 CR3: 000000010d465000 CR4: 0000000000750eb0
00093 PKRU: 55555554
00093 Call Trace:
00093  <TASK>
00093  ? local_object_create+0x109/0x640 [obdclass]
00093  ? dt_write_lock+0x16d/0x2a0 [obdclass]
00093  ? llog_osd_create+0x35b/0x1270 [obdclass]
00093  ? llog_create+0x2ed/0x530 [obdclass]
00093  ? llog_cat_new_log+0x6c5/0x2a10 [obdclass]
00093  ? llog_cat_add_rec+0x4fe/0x1960 [obdclass]
00093  ? llog_cat_add_rec+0x6ba/0x1960 [obdclass]
00093  ? llog_cat_add+0x499/0x7a0 [obdclass]
00093  ? llog_test_8+0xd89/0x1c20 [llog_test]
00093  ? do_raw_spin_unlock+0x52/0x230
00093  ? _raw_spin_unlock+0x23/0x40
00093  ? __llog_ctxt_put+0x1c4/0x2f0 [obdclass]
00093  ? llog_run_tests+0x39a4/0x5ad0 [llog_test]
00093  ? get_random_u32+0x51/0x470
00093  ? llog_test_device_init+0x6e8/0xa20 [llog_test]
00093  ? obd_setup+0x54d/0x950 [obdclass]
00093  ? class_setup+0xc7d/0x10e0 [obdclass]
00093  ? class_process_config+0x2edb/0x7cb0 [obdclass]
00093  ? class_handle_ioctl+0x1f4d/0x3440 [obdclass]
00093  ? obd_class_ioctl+0x1f6/0x3c0 [obdclass]
00093  ? __x64_sys_ioctl+0x961/0xe00
00093  ? _copy_to_user+0x3d/0x60
00093  ? __x64_sys_rt_sigaction+0x107/0x140
00093  ? do_syscall_64+0xc1/0x350
00093  ? entry_SYSCALL_64_after_hwframe+0x4b/0x53
00093  </TASK>
00093 ---[ end trace 0000000000000000 ]---
00093 Lustre: 2191:0:(llog_test.c:1329:llog_test_8()) 8b: pin llog [0x1:0x12:0x0]
00093 Lustre: 2191:0:(llog_test.c:1332:llog_test_8()) 8b: clean first llog record in catalog
00093 Lustre: 2191:0:(llog_test.c:1343:llog_test_8()) 8c: corrupt first chunk in the middle
00093 Lustre: 2191:0:(llog_test.c:1346:llog_test_8()) 8c: corrupt second chunk at start
00093 Lustre: 2191:0:(llog_test.c:1349:llog_test_8()) 8d: count survived records
00093 Lustre: 2191:0:(llog_test.c:1379:llog_test_8()) 8d: close re-opened catalog
00093 Lustre: 2191:0:(llog_test.c:1440:llog_test_9()) 9a: test llog_logid_rec
00093 ------------[ cut here ]------------
00093 WARNING: /home/ktest/git/linux/include/linux/fs.h:889 at osd_create+0x9cf/0xcf0 [osd_wbcfs], CPU#10: lctl/2191
00093 Modules linked in: llog_test(O) mgs(O) osd_wbcfs(O) lustre(O) obdecho(O) mgc(O) mdc(O) lov(O) osc(O) lmv(O) ec(O) fid(O) fld(O) ptlrpc(O) efivarfs obdclass(O) ksocklnd(O) lnet(O) libcfs(O)
00093 CPU: 10 UID: 0 PID: 2191 Comm: lctl Tainted: G        W  O        7.0.0-ktest-1806a7d160-7433349-20260708 #1 PREEMPT 
00093 Tainted: [W]=WARN, [O]=OOT_MODULE
00093 Hardware name: QEMU Standard PC (Q35 + ICH9, 2009), BIOS 2025.11-3ubuntu7 03/31/2026
00093 RIP: 0010:osd_create+0x9cf/0xcf0 [osd_wbcfs]
00093 Code: c7 c7 00 d6 af a1 48 c7 c6 a0 92 73 a1 48 c7 c2 00 9c 73 a1 e8 52 a1 43 ff 48 c7 c7 00 d6 af a1 e8 56 31 44 ff e9 fe fc ff ff <0f> 0b e9 a5 fa ff ff 48 c7 c1 80 44 5d a0 80 e1 07 80 c1 03 38 c1
00093 RSP: 0018:ffffc90005a37718 EFLAGS: 00010246
00093 RAX: 0000000000000000 RBX: ffff888199cabc00 RCX: 0000000000000046
00093 RDX: 0000000000000000 RSI: ffff88818a6edf08 RDI: ffff88811bafaa58
00093 RBP: ffff88818a6ede78 R08: ffffffff83a16803 R09: 1ffffffff0742d00
00093 R10: dffffc0000000000 R11: fffffbfff0742d01 R12: ffff8881819bc000
00093 R13: dffffc0000000000 R14: 1ffff11033395780 R15: 1ffff1103033780f
00093 FS:  00007f5c88040940(0000) GS:ffff88831e92e000(0000) knlGS:0000000000000000
00093 CS:  0010 DS: 0000 ES: 0000 CR0: 0000000080050033
00093 CR2: 0000559197afab40 CR3: 000000010d465000 CR4: 0000000000750eb0
00093 PKRU: 55555554
00093 Call Trace:
00093  <TASK>
00093  ? local_object_create+0x109/0x640 [obdclass]
00093  ? dt_write_lock+0x16d/0x2a0 [obdclass]
00093  ? llog_osd_create+0x35b/0x1270 [obdclass]
00093  ? llog_create+0x2ed/0x530 [obdclass]
00093  ? llog_open_create+0x6e7/0xb30 [obdclass]
00093  ? llog_test_9_sub+0xd4/0x800 [llog_test]
00093  ? llog_test_9+0x242/0x960 [llog_test]
00093  ? llog_run_tests+0x3d66/0x5ad0 [llog_test]
00093  ? get_random_u32+0x51/0x470
00093  ? llog_test_device_init+0x6e8/0xa20 [llog_test]
00093  ? obd_setup+0x54d/0x950 [obdclass]
00093  ? class_setup+0xc7d/0x10e0 [obdclass]
00093  ? class_process_config+0x2edb/0x7cb0 [obdclass]
00093  ? class_handle_ioctl+0x1f4d/0x3440 [obdclass]
00093  ? obd_class_ioctl+0x1f6/0x3c0 [obdclass]
00093  ? __x64_sys_ioctl+0x961/0xe00
00093  ? _copy_to_user+0x3d/0x60
00093  ? __x64_sys_rt_sigaction+0x107/0x140
00093  ? do_syscall_64+0xc1/0x350
00093  ? entry_SYSCALL_64_after_hwframe+0x4b/0x53
00093  </TASK>
00093 ---[ end trace 0000000000000000 ]---
00093 Lustre: 2191:0:(llog_test.c:1424:llog_test_9_sub()) 9_sub: record type 1064553b in log 0x1:0x14:0x0
00093 Lustre: 2191:0:(llog_test.c:1451:llog_test_9()) 9b: test llog_obd_cfg_rec
00093 ------------[ cut here ]------------
00093 WARNING: /home/ktest/git/linux/include/linux/fs.h:889 at osd_create+0x9cf/0xcf0 [osd_wbcfs], CPU#10: lctl/2191
00093 Modules linked in: llog_test(O) mgs(O) osd_wbcfs(O) lustre(O) obdecho(O) mgc(O) mdc(O) lov(O) osc(O) lmv(O) ec(O) fid(O) fld(O) ptlrpc(O) efivarfs obdclass(O) ksocklnd(O) lnet(O) libcfs(O)
00093 CPU: 10 UID: 0 PID: 2191 Comm: lctl Tainted: G        W  O        7.0.0-ktest-1806a7d160-7433349-20260708 #1 PREEMPT 
00093 Tainted: [W]=WARN, [O]=OOT_MODULE
00093 Hardware name: QEMU Standard PC (Q35 + ICH9, 2009), BIOS 2025.11-3ubuntu7 03/31/2026
00093 RIP: 0010:osd_create+0x9cf/0xcf0 [osd_wbcfs]
00093 Code: c7 c7 00 d6 af a1 48 c7 c6 a0 92 73 a1 48 c7 c2 00 9c 73 a1 e8 52 a1 43 ff 48 c7 c7 00 d6 af a1 e8 56 31 44 ff e9 fe fc ff ff <0f> 0b e9 a5 fa ff ff 48 c7 c1 80 44 5d a0 80 e1 07 80 c1 03 38 c1
00093 RSP: 0018:ffffc90005a37718 EFLAGS: 00010246
00093 RAX: 0000000000000000 RBX: ffff888199cab000 RCX: 0000000000000046
00093 RDX: 0000000000000000 RSI: ffff88818a6ed7f0 RDI: ffff88811bafaa58
00093 RBP: ffff88818a6ed760 R08: ffffffff83a16803 R09: 1ffffffff0742d00
00093 R10: dffffc0000000000 R11: fffffbfff0742d01 R12: ffff8881819bc000
00093 R13: dffffc0000000000 R14: 1ffff11033395600 R15: 1ffff1103033780f
00093 FS:  00007f5c88040940(0000) GS:ffff88831e92e000(0000) knlGS:0000000000000000
00093 CS:  0010 DS: 0000 ES: 0000 CR0: 0000000080050033
00093 CR2: 0000559197afab40 CR3: 000000010d465000 CR4: 0000000000750eb0
00093 PKRU: 55555554
00093 Call Trace:
00093  <TASK>
00093  ? local_object_create+0x109/0x640 [obdclass]
00093  ? dt_write_lock+0x16d/0x2a0 [obdclass]
00093  ? llog_osd_create+0x35b/0x1270 [obdclass]
00093  ? llog_create+0x2ed/0x530 [obdclass]
00093  ? llog_open_create+0x6e7/0xb30 [obdclass]
00093  ? llog_test_9_sub+0xd4/0x800 [llog_test]
00093  ? llog_test_9+0x373/0x960 [llog_test]
00093  ? llog_run_tests+0x3d66/0x5ad0 [llog_test]
00093  ? get_random_u32+0x51/0x470
00093  ? llog_test_device_init+0x6e8/0xa20 [llog_test]
00093  ? obd_setup+0x54d/0x950 [obdclass]
00093  ? class_setup+0xc7d/0x10e0 [obdclass]
00093  ? class_process_config+0x2edb/0x7cb0 [obdclass]
00093  ? class_handle_ioctl+0x1f4d/0x3440 [obdclass]
00093  ? obd_class_ioctl+0x1f6/0x3c0 [obdclass]
00093  ? __x64_sys_ioctl+0x961/0xe00
00093  ? _copy_to_user+0x3d/0x60
00093  ? __x64_sys_rt_sigaction+0x107/0x140
00093  ? do_syscall_64+0xc1/0x350
00093  ? entry_SYSCALL_64_after_hwframe+0x4b/0x53
00093  </TASK>
00093 ---[ end trace 0000000000000000 ]---
00093 Lustre: 2191:0:(llog_test.c:1462:llog_test_9()) 9c: test llog_changelog_rec
00093 ------------[ cut here ]------------
00093 WARNING: /home/ktest/git/linux/include/linux/fs.h:889 at osd_create+0x9cf/0xcf0 [osd_wbcfs], CPU#10: lctl/2191
00093 Modules linked in: llog_test(O) mgs(O) osd_wbcfs(O) lustre(O) obdecho(O) mgc(O) mdc(O) lov(O) osc(O) lmv(O) ec(O) fid(O) fld(O) ptlrpc(O) efivarfs obdclass(O) ksocklnd(O) lnet(O) libcfs(O)
00093 CPU: 10 UID: 0 PID: 2191 Comm: lctl Tainted: G        W  O        7.0.0-ktest-1806a7d160-7433349-20260708 #1 PREEMPT 
00093 Tainted: [W]=WARN, [O]=OOT_MODULE
00093 Hardware name: QEMU Standard PC (Q35 + ICH9, 2009), BIOS 2025.11-3ubuntu7 03/31/2026
00093 RIP: 0010:osd_create+0x9cf/0xcf0 [osd_wbcfs]
00093 Code: c7 c7 00 d6 af a1 48 c7 c6 a0 92 73 a1 48 c7 c2 00 9c 73 a1 e8 52 a1 43 ff 48 c7 c7 00 d6 af a1 e8 56 31 44 ff e9 fe fc ff ff <0f> 0b e9 a5 fa ff ff 48 c7 c1 80 44 5d a0 80 e1 07 80 c1 03 38 c1
00093 RSP: 0018:ffffc90005a37718 EFLAGS: 00010246
00093 RAX: 0000000000000000 RBX: ffff888199caa800 RCX: 0000000000000046
00093 RDX: 0000000000000000 RSI: ffff88818a6ed0d8 RDI: ffff88811bafaa58
00093 RBP: ffff88818a6ed048 R08: ffffffff83a16803 R09: 1ffffffff0742d00
00093 R10: dffffc0000000000 R11: fffffbfff0742d01 R12: ffff8881819bc000
00093 R13: dffffc0000000000 R14: 1ffff11033395500 R15: 1ffff1103033780f
00093 FS:  00007f5c88040940(0000) GS:ffff88831e92e000(0000) knlGS:0000000000000000
00093 CS:  0010 DS: 0000 ES: 0000 CR0: 0000000080050033
00093 CR2: 0000559197afab40 CR3: 000000010d465000 CR4: 0000000000750eb0
00093 PKRU: 55555554
00093 Call Trace:
00093  <TASK>
00093  ? local_object_create+0x109/0x640 [obdclass]
00093  ? dt_write_lock+0x16d/0x2a0 [obdclass]
00093  ? llog_osd_create+0x35b/0x1270 [obdclass]
00093  ? llog_create+0x2ed/0x530 [obdclass]
00093  ? llog_open_create+0x6e7/0xb30 [obdclass]
00093  ? llog_test_9_sub+0xd4/0x800 [llog_test]
00093  ? llog_test_9+0x4a4/0x960 [llog_test]
00093  ? llog_run_tests+0x3d66/0x5ad0 [llog_test]
00093  ? get_random_u32+0x51/0x470
00093  ? llog_test_device_init+0x6e8/0xa20 [llog_test]
00093  ? obd_setup+0x54d/0x950 [obdclass]
00093  ? class_setup+0xc7d/0x10e0 [obdclass]
00093  ? class_process_config+0x2edb/0x7cb0 [obdclass]
00093  ? class_handle_ioctl+0x1f4d/0x3440 [obdclass]
00093  ? obd_class_ioctl+0x1f6/0x3c0 [obdclass]
00093  ? __x64_sys_ioctl+0x961/0xe00
00093  ? _copy_to_user+0x3d/0x60
00093  ? __x64_sys_rt_sigaction+0x107/0x140
00093  ? do_syscall_64+0xc1/0x350
00093  ? entry_SYSCALL_64_after_hwframe+0x4b/0x53
00093  </TASK>
00093 ---[ end trace 0000000000000000 ]---
00093 Lustre: 2191:0:(llog_test.c:1474:llog_test_9()) 9d: test llog_changelog_user_rec2
00093 ------------[ cut here ]------------
00093 WARNING: /home/ktest/git/linux/include/linux/fs.h:889 at osd_create+0x9cf/0xcf0 [osd_wbcfs], CPU#10: lctl/2191
00093 Modules linked in: llog_test(O) mgs(O) osd_wbcfs(O) lustre(O) obdecho(O) mgc(O) mdc(O) lov(O) osc(O) lmv(O) ec(O) fid(O) fld(O) ptlrpc(O) efivarfs obdclass(O) ksocklnd(O) lnet(O) libcfs(O)
00093 CPU: 10 UID: 0 PID: 2191 Comm: lctl Tainted: G        W  O        7.0.0-ktest-1806a7d160-7433349-20260708 #1 PREEMPT 
00093 Tainted: [W]=WARN, [O]=OOT_MODULE
00093 Hardware name: QEMU Standard PC (Q35 + ICH9, 2009), BIOS 2025.11-3ubuntu7 03/31/2026
00093 RIP: 0010:osd_create+0x9cf/0xcf0 [osd_wbcfs]
00093 Code: c7 c7 00 d6 af a1 48 c7 c6 a0 92 73 a1 48 c7 c2 00 9c 73 a1 e8 52 a1 43 ff 48 c7 c7 00 d6 af a1 e8 56 31 44 ff e9 fe fc ff ff <0f> 0b e9 a5 fa ff ff 48 c7 c1 80 44 5d a0 80 e1 07 80 c1 03 38 c1
00093 RSP: 0018:ffffc90005a37718 EFLAGS: 00010246
00093 RAX: 0000000000000000 RBX: ffff888199caa000 RCX: 0000000000000046
00093 RDX: 0000000000000000 RSI: ffff88818a6ec9c0 RDI: ffff88811bafaa58
00093 RBP: ffff88818a6ec930 R08: ffffffff83a16803 R09: 1ffffffff0742d00
00093 R10: dffffc0000000000 R11: fffffbfff0742d01 R12: ffff8881819bc000
00093 R13: dffffc0000000000 R14: 1ffff11033395400 R15: 1ffff1103033780f
00093 FS:  00007f5c88040940(0000) GS:ffff88831e92e000(0000) knlGS:0000000000000000
00093 CS:  0010 DS: 0000 ES: 0000 CR0: 0000000080050033
00093 CR2: 0000559197afab40 CR3: 000000010d465000 CR4: 0000000000750eb0
00093 PKRU: 55555554
00093 Call Trace:
00093  <TASK>
00093  ? local_object_create+0x109/0x640 [obdclass]
00093  ? dt_write_lock+0x16d/0x2a0 [obdclass]
00093  ? llog_osd_create+0x35b/0x1270 [obdclass]
00093  ? llog_create+0x2ed/0x530 [obdclass]
00093  ? llog_open_create+0x6e7/0xb30 [obdclass]
00093  ? llog_test_9_sub+0xd4/0x800 [llog_test]
00093  ? llog_test_9+0x5d5/0x960 [llog_test]
00093  ? llog_run_tests+0x3d66/0x5ad0 [llog_test]
00093  ? get_random_u32+0x51/0x470
00093  ? llog_test_device_init+0x6e8/0xa20 [llog_test]
00093  ? obd_setup+0x54d/0x950 [obdclass]
00093  ? class_setup+0xc7d/0x10e0 [obdclass]
00093  ? class_process_config+0x2edb/0x7cb0 [obdclass]
00093  ? class_handle_ioctl+0x1f4d/0x3440 [obdclass]
00093  ? obd_class_ioctl+0x1f6/0x3c0 [obdclass]
00093  ? __x64_sys_ioctl+0x961/0xe00
00093  ? _copy_to_user+0x3d/0x60
00093  ? __x64_sys_rt_sigaction+0x107/0x140
00093  ? do_syscall_64+0xc1/0x350
00093  ? entry_SYSCALL_64_after_hwframe+0x4b/0x53
00093  </TASK>
00093 ---[ end trace 0000000000000000 ]---
00093 Lustre: 2191:0:(llog_test.c:1575:llog_test_10()) 10a: create a catalog log with name: 29fdf377
00093 ------------[ cut here ]------------
00093 WARNING: /home/ktest/git/linux/include/linux/fs.h:889 at osd_create+0x9cf/0xcf0 [osd_wbcfs], CPU#10: lctl/2191
00093 Modules linked in: llog_test(O) mgs(O) osd_wbcfs(O) lustre(O) obdecho(O) mgc(O) mdc(O) lov(O) osc(O) lmv(O) ec(O) fid(O) fld(O) ptlrpc(O) efivarfs obdclass(O) ksocklnd(O) lnet(O) libcfs(O)
00093 CPU: 10 UID: 0 PID: 2191 Comm: lctl Tainted: G        W  O        7.0.0-ktest-1806a7d160-7433349-20260708 #1 PREEMPT 
00093 Tainted: [W]=WARN, [O]=OOT_MODULE
00093 Hardware name: QEMU Standard PC (Q35 + ICH9, 2009), BIOS 2025.11-3ubuntu7 03/31/2026
00093 RIP: 0010:osd_create+0x9cf/0xcf0 [osd_wbcfs]
00093 Code: c7 c7 00 d6 af a1 48 c7 c6 a0 92 73 a1 48 c7 c2 00 9c 73 a1 e8 52 a1 43 ff 48 c7 c7 00 d6 af a1 e8 56 31 44 ff e9 fe fc ff ff <0f> 0b e9 a5 fa ff ff 48 c7 c1 80 44 5d a0 80 e1 07 80 c1 03 38 c1
00093 RSP: 0018:ffffc90005a375d0 EFLAGS: 00010246
00093 RAX: 0000000000000000 RBX: ffff888199ca9800 RCX: 0000000000000046
00093 RDX: 0000000000000000 RSI: ffff88818a6ec2a8 RDI: ffff88811bafaa58
00093 RBP: ffff88818a6ec218 R08: ffffffff83a16803 R09: 1ffffffff0742d00
00093 R10: dffffc0000000000 R11: fffffbfff0742d01 R12: ffff8881819bc000
00093 R13: dffffc0000000000 R14: 1ffff11033395300 R15: 1ffff1103033780f
00093 FS:  00007f5c88040940(0000) GS:ffff88831e92e000(0000) knlGS:0000000000000000
00093 CS:  0010 DS: 0000 ES: 0000 CR0: 0000000080050033
00093 CR2: 0000559197afab40 CR3: 000000010d465000 CR4: 0000000000750eb0
00093 PKRU: 55555554
00093 Call Trace:
00093  <TASK>
00093  ? local_object_create+0x109/0x640 [obdclass]
00093  ? dt_write_lock+0x16d/0x2a0 [obdclass]
00093  ? llog_osd_create+0x35b/0x1270 [obdclass]
00093  ? llog_create+0x2ed/0x530 [obdclass]
00093  ? llog_open_create+0x6e7/0xb30 [obdclass]
00093  ? llog_test_10+0x2e1/0x5540 [llog_test]
00093  ? lu_object_put+0xa40/0x12e0 [obdclass]
00093  ? do_raw_spin_unlock+0x52/0x230
00093  ? _raw_spin_unlock+0x23/0x40
00093  ? __llog_ctxt_put+0x1c4/0x2f0 [obdclass]
00093  ? llog_run_tests+0x3f47/0x5ad0 [llog_test]
00093  ? get_random_u32+0x51/0x470
00093  ? llog_test_device_init+0x6e8/0xa20 [llog_test]
00093  ? obd_setup+0x54d/0x950 [obdclass]
00093  ? class_setup+0xc7d/0x10e0 [obdclass]
00093  ? class_process_config+0x2edb/0x7cb0 [obdclass]
00093  ? class_handle_ioctl+0x1f4d/0x3440 [obdclass]
00093  ? obd_class_ioctl+0x1f6/0x3c0 [obdclass]
00093  ? __x64_sys_ioctl+0x961/0xe00
00093  ? _copy_to_user+0x3d/0x60
00093  ? __x64_sys_rt_sigaction+0x107/0x140
00093  ? do_syscall_64+0xc1/0x350
00093  ? entry_SYSCALL_64_after_hwframe+0x4b/0x53
00093  </TASK>
00093 ---[ end trace 0000000000000000 ]---
00093 Lustre: 2191:0:(llog_test.c:1605:llog_test_10()) 10b: write 64767 log records
00093 ------------[ cut here ]------------
00093 WARNING: /home/ktest/git/linux/include/linux/fs.h:889 at osd_create+0x9cf/0xcf0 [osd_wbcfs], CPU#10: lctl/2191
00093 Modules linked in: llog_test(O) mgs(O) osd_wbcfs(O) lustre(O) obdecho(O) mgc(O) mdc(O) lov(O) osc(O) lmv(O) ec(O) fid(O) fld(O) ptlrpc(O) efivarfs obdclass(O) ksocklnd(O) lnet(O) libcfs(O)
00093 CPU: 10 UID: 0 PID: 2191 Comm: lctl Tainted: G        W  O        7.0.0-ktest-1806a7d160-7433349-20260708 #1 PREEMPT 
00093 Tainted: [W]=WARN, [O]=OOT_MODULE
00093 Hardware name: QEMU Standard PC (Q35 + ICH9, 2009), BIOS 2025.11-3ubuntu7 03/31/2026
00093 RIP: 0010:osd_create+0x9cf/0xcf0 [osd_wbcfs]
00093 Code: c7 c7 00 d6 af a1 48 c7 c6 a0 92 73 a1 48 c7 c2 00 9c 73 a1 e8 52 a1 43 ff 48 c7 c7 00 d6 af a1 e8 56 31 44 ff e9 fe fc ff ff <0f> 0b e9 a5 fa ff ff 48 c7 c1 80 44 5d a0 80 e1 07 80 c1 03 38 c1
00093 RSP: 0018:ffffc90005a37470 EFLAGS: 00010246
00093 RAX: 0000000000000000 RBX: ffff888199ca9000 RCX: 0000000000000046
00093 RDX: 0000000000000000 RSI: ffff88818a6ebb90 RDI: ffff88811bafaa80
00093 RBP: ffff88818a6ebb00 R08: ffffffff83a16803 R09: 1ffffffff0742d00
00093 R10: dffffc0000000000 R11: fffffbfff0742d01 R12: ffff8881819bc000
00093 R13: dffffc0000000000 R14: 1ffff11033395200 R15: 1ffff1103033780f
00093 FS:  00007f5c88040940(0000) GS:ffff88831e92e000(0000) knlGS:0000000000000000
00093 CS:  0010 DS: 0000 ES: 0000 CR0: 0000000080050033
00093 CR2: 0000559197afab40 CR3: 000000010d465000 CR4: 0000000000750eb0
00093 PKRU: 55555554
00093 Call Trace:
00093  <TASK>
00093  ? local_object_create+0x109/0x640 [obdclass]
00093  ? dt_write_lock+0x16d/0x2a0 [obdclass]
00093  ? llog_osd_create+0x35b/0x1270 [obdclass]
00093  ? llog_create+0x2ed/0x530 [obdclass]
00093  ? llog_cat_new_log+0x6c5/0x2a10 [obdclass]
00093  ? llog_cat_add_rec+0x4fe/0x1960 [obdclass]
00093  ? llog_cat_add_rec+0x6ba/0x1960 [obdclass]
00093  ? llog_cat_add+0x499/0x7a0 [obdclass]
00093  ? llog_test_10+0x6d3/0x5540 [llog_test]
00093  ? do_raw_spin_unlock+0x52/0x230
00093  ? _raw_spin_unlock+0x23/0x40
00093  ? __llog_ctxt_put+0x1c4/0x2f0 [obdclass]
00093  ? llog_run_tests+0x3f47/0x5ad0 [llog_test]
00093  ? get_random_u32+0x51/0x470
00093  ? llog_test_device_init+0x6e8/0xa20 [llog_test]
00093  ? obd_setup+0x54d/0x950 [obdclass]
00093  ? class_setup+0xc7d/0x10e0 [obdclass]
00093  ? class_process_config+0x2edb/0x7cb0 [obdclass]
00093  ? class_handle_ioctl+0x1f4d/0x3440 [obdclass]
00093  ? obd_class_ioctl+0x1f6/0x3c0 [obdclass]
00093  ? __x64_sys_ioctl+0x961/0xe00
00093  ? _copy_to_user+0x3d/0x60
00093  ? __x64_sys_rt_sigaction+0x107/0x140
00093  ? do_syscall_64+0xc1/0x350
00093  ? entry_SYSCALL_64_after_hwframe+0x4b/0x53
00093  </TASK>
00093 ---[ end trace 0000000000000000 ]---
00096 ------------[ cut here ]------------
00096 WARNING: /home/ktest/git/linux/include/linux/fs.h:889 at osd_create+0x9cf/0xcf0 [osd_wbcfs], CPU#10: lctl/2191
00096 Modules linked in: llog_test(O) mgs(O) osd_wbcfs(O) lustre(O) obdecho(O) mgc(O) mdc(O) lov(O) osc(O) lmv(O) ec(O) fid(O) fld(O) ptlrpc(O) efivarfs obdclass(O) ksocklnd(O) lnet(O) libcfs(O)
00096 CPU: 10 UID: 0 PID: 2191 Comm: lctl Tainted: G        W  O        7.0.0-ktest-1806a7d160-7433349-20260708 #1 PREEMPT 
00096 Tainted: [W]=WARN, [O]=OOT_MODULE
00096 Hardware name: QEMU Standard PC (Q35 + ICH9, 2009), BIOS 2025.11-3ubuntu7 03/31/2026
00096 RIP: 0010:osd_create+0x9cf/0xcf0 [osd_wbcfs]
00096 Code: c7 c7 00 d6 af a1 48 c7 c6 a0 92 73 a1 48 c7 c2 00 9c 73 a1 e8 52 a1 43 ff 48 c7 c7 00 d6 af a1 e8 56 31 44 ff e9 fe fc ff ff <0f> 0b e9 a5 fa ff ff 48 c7 c1 80 44 5d a0 80 e1 07 80 c1 03 38 c1
00096 RSP: 0018:ffffc90005a37470 EFLAGS: 00010246
00096 RAX: 0000000000000000 RBX: ffff888199cae800 RCX: 0000000000000046
00096 RDX: 0000000000000000 RSI: ffff88818a6eb478 RDI: ffff88811bafaa80
00096 RBP: ffff88818a6eb3e8 R08: ffffffff83a16803 R09: 1ffffffff0742d00
00096 R10: dffffc0000000000 R11: fffffbfff0742d01 R12: ffff8881819bc000
00096 R13: dffffc0000000000 R14: 1ffff11033395d00 R15: 1ffff1103033780f
00096 FS:  00007f5c88040940(0000) GS:ffff88831e92e000(0000) knlGS:0000000000000000
00096 CS:  0010 DS: 0000 ES: 0000 CR0: 0000000080050033
00101 ------------[ cut here ]------------
00101 WARNING: /home/ktest/git/linux/include/linux/fs.h:889 at osd_create+0x9cf/0xcf0 [osd_wbcfs], CPU#10: lctl/2191
00101 Modules linked in: llog_test(O) mgs(O) osd_wbcfs(O) lustre(O) obdecho(O) mgc(O) mdc(O) lov(O) osc(O) lmv(O) ec(O) fid(O) fld(O) ptlrpc(O) efivarfs obdclass(O) ksocklnd(O) lnet(O) libcfs(O)
00101 CPU: 10 UID: 0 PID: 2191 Comm: lctl Tainted: G        W  O        7.0.0-ktest-1806a7d160-7433349-20260708 #1 PREEMPT 
00101 Tainted: [W]=WARN, [O]=OOT_MODULE
00101 Hardware name: QEMU Standard PC (Q35 + ICH9, 2009), BIOS 2025.11-3ubuntu7 03/31/2026
00101 RIP: 0010:osd_create+0x9cf/0xcf0 [osd_wbcfs]
00101 Code: c7 c7 00 d6 af a1 48 c7 c6 a0 92 73 a1 48 c7 c2 00 9c 73 a1 e8 52 a1 43 ff 48 c7 c7 00 d6 af a1 e8 56 31 44 ff e9 fe fc ff ff <0f> 0b e9 a5 fa ff ff 48 c7 c1 80 44 5d a0 80 e1 07 80 c1 03 38 c1
00101 RSP: 0018:ffffc90005a37470 EFLAGS: 00010246
00101 RAX: 0000000000000000 RBX: ffff888192f70000 RCX: 0000000000000046
00101 RDX: 0000000000000000 RSI: ffff888151af50d8 RDI: ffff88811bafaa80
00101 RBP: ffff888151af5048 R08: ffffffff83a16803 R09: 1ffffffff0742d00
00101 R10: dffffc0000000000 R11: fffffbfff0742d01 R12: ffff8881819bc000
00101 R13: dffffc0000000000 R14: 1ffff110325ee000 R15: 1ffff1103033780f
00101 FS:  00007f5c88040940(0000) GS:ffff88831e92e000(0000) knlGS:0000000000000000
00101 CS:  0010 DS: 0000 ES: 0000 CR0: 0000000080050033
00101 CR2: 0000559197afab40 CR3: 000000010d465000 CR4: 0000000000750eb0
00101 PKRU: 55555554
00101 Call Trace:
00101  <TASK>
00101  ? local_object_create+0x109/0x640 [obdclass]
00101  ? dt_write_lock+0x16d/0x2a0 [obdclass]
00101  ? llog_osd_create+0x35b/0x1270 [obdclass]
00101  ? llog_create+0x2ed/0x530 [obdclass]
00101  ? llog_cat_new_log+0x6c5/0x2a10 [obdclass]
00101  ? llog_cat_add_rec+0x4fe/0x1960 [obdclass]
00101  ? llog_cat_add_rec+0x6ba/0x1960 [obdclass]
00101  ? llog_cat_add+0x499/0x7a0 [obdclass]
00101  ? llog_test_10+0x98e/0x5540 [llog_test]
00101  ? do_raw_spin_unlock+0x52/0x230
00101  ? _raw_spin_unlock+0x23/0x40
00101  ? __llog_ctxt_put+0x1c4/0x2f0 [obdclass]
00101  ? llog_run_tests+0x3f47/0x5ad0 [llog_test]
00101  ? get_random_u32+0x51/0x470
00101  ? llog_test_device_init+0x6e8/0xa20 [llog_test]
00101  ? obd_setup+0x54d/0x950 [obdclass]
00101  ? class_setup+0xc7d/0x10e0 [obdclass]
00101  ? class_process_config+0x2edb/0x7cb0 [obdclass]
00101  ? class_handle_ioctl+0x1f4d/0x3440 [obdclass]
00101  ? obd_class_ioctl+0x1f6/0x3c0 [obdclass]
00101  ? __x64_sys_ioctl+0x961/0xe00
00101  ? _copy_to_user+0x3d/0x60
00101  ? __x64_sys_rt_sigaction+0x107/0x140
00101  ? do_syscall_64+0xc1/0x350
00101  ? entry_SYSCALL_64_after_hwframe+0x4b/0x53
00101  </TASK>
00101 ---[ end trace 0000000000000000 ]---
00101 Lustre: 2191:0:(llog_test.c:1663:llog_test_10()) 10c: write 64767 more log records
00103 Lustre: 2191:0:(llog_cat.c:80:llog_cat_new_log()) MGS: there are no more free slots in catalog 29fdf377
00103 LustreError: 2191:0:(llog_cat.c:588:llog_cat_add_rec()) MGS: initialization error: rc = -28
00103 Lustre: 2191:0:(llog_test.c:1689:llog_test_10()) 10c: wrote 64011 records then 756 failed with ENOSPC
00103 Lustre: 2191:0:(llog_test.c:1708:llog_test_10()) 10d: Cancel 64767 records, see one log zapped
00105 Lustre: 2191:0:(llog_test.c:1722:llog_test_10()) 10d: print the catalog entries.. we expect 3
00105 Lustre: 2209:0:(llog_test.c:700:cat_print_cb()) seeing record at index 2 - [0x1:0x19:0x0] in log [0xa:0x5:0x0]
00105 Lustre: 2191:0:(llog_test.c:1752:llog_test_10()) 10e: write 64767 more log records
00105 ------------[ cut here ]------------
00105 WARNING: /home/ktest/git/linux/include/linux/fs.h:889 at osd_create+0x9cf/0xcf0 [osd_wbcfs], CPU#10: lctl/2191
00105 Modules linked in: llog_test(O) mgs(O) osd_wbcfs(O) lustre(O) obdecho(O) mgc(O) mdc(O) lov(O) osc(O) lmv(O) ec(O) fid(O) fld(O) ptlrpc(O) efivarfs obdclass(O) ksocklnd(O) lnet(O) libcfs(O)
00105 CPU: 10 UID: 0 PID: 2191 Comm: lctl Tainted: G        W  O        7.0.0-ktest-1806a7d160-7433349-20260708 #1 PREEMPT 
00105 Tainted: [W]=WARN, [O]=OOT_MODULE
00105 Hardware name: QEMU Standard PC (Q35 + ICH9, 2009), BIOS 2025.11-3ubuntu7 03/31/2026
00105 RIP: 0010:osd_create+0x9cf/0xcf0 [osd_wbcfs]
00105 Code: c7 c7 00 d6 af a1 48 c7 c6 a0 92 73 a1 48 c7 c2 00 9c 73 a1 e8 52 a1 43 ff 48 c7 c7 00 d6 af a1 e8 56 31 44 ff e9 fe fc ff ff <0f> 0b e9 a5 fa ff ff 48 c7 c1 80 44 5d a0 80 e1 07 80 c1 03 38 c1
00105 RSP: 0018:ffffc90005a37470 EFLAGS: 00010246
00105 RAX: 0000000000000000 RBX: ffff88819b727c00 RCX: 0000000000000046
00105 RDX: 0000000000000000 RSI: ffff888151af49c0 RDI: ffff88811bafaa80
00105 RBP: ffff888151af4930 R08: ffffffff83a16803 R09: 1ffffffff0742d00
00105 R10: dffffc0000000000 R11: fffffbfff0742d01 R12: ffff8881819bc000
00105 R13: dffffc0000000000 R14: 1ffff110336e4f80 R15: 1ffff1103033780f
00105 FS:  00007f5c88040940(0000) GS:ffff88831e92e000(0000) knlGS:0000000000000000
00105 CS:  0010 DS: 0000 ES: 0000 CR0: 0000000080050033
00105 CR2: 0000559197afab40 CR3: 000000010d465000 CR4: 0000000000750eb0
00105 PKRU: 55555554
00105 Call Trace:
00105  <TASK>
00105  ? local_object_create+0x109/0x640 [obdclass]
00105  ? dt_write_lock+0x16d/0x2a0 [obdclass]
00105  ? llog_osd_create+0x35b/0x1270 [obdclass]
00105  ? llog_create+0x2ed/0x530 [obdclass]
00105  ? llog_cat_new_log+0x6c5/0x2a10 [obdclass]
00105  ? llog_cat_add_rec+0x4fe/0x1960 [obdclass]
00105  ? llog_cat_add_rec+0x6ba/0x1960 [obdclass]
00105  ? llog_cat_add+0x499/0x7a0 [obdclass]
00105  ? llog_test_10+0x185a/0x5540 [llog_test]
00105  ? do_raw_spin_unlock+0x52/0x230
00105  ? _raw_spin_unlock+0x23/0x40
00105  ? __llog_ctxt_put+0x1c4/0x2f0 [obdclass]
00105  ? llog_run_tests+0x3f47/0x5ad0 [llog_test]
00105  ? get_random_u32+0x51/0x470
00105  ? llog_test_device_init+0x6e8/0xa20 [llog_test]
00105  ? obd_setup+0x54d/0x950 [obdclass]
00105  ? class_setup+0xc7d/0x10e0 [obdclass]
00105  ? class_process_config+0x2edb/0x7cb0 [obdclass]
00105  ? class_handle_ioctl+0x1f4d/0x3440 [obdclass]
00105  ? obd_class_ioctl+0x1f6/0x3c0 [obdclass]
00105  ? __x64_sys_ioctl+0x961/0xe00
00105  ? _copy_to_user+0x3d/0x60
00105  ? __x64_sys_rt_sigaction+0x107/0x140
00105  ? do_syscall_64+0xc1/0x350
00105  ? entry_SYSCALL_64_after_hwframe+0x4b/0x53
00105  </TASK>
00105 ---[ end trace 0000000000000000 ]---
00108 Lustre: 2191:0:(llog_cat.c:80:llog_cat_new_log()) MGS: there are no more free slots in catalog 29fdf377
00108 Lustre: 2191:0:(llog_cat.c:80:llog_cat_new_log()) Skipped 755 previous similar messages
00108 LustreError: 2191:0:(llog_cat.c:588:llog_cat_add_rec()) MGS: initialization error: rc = -28
00108 LustreError: 2191:0:(llog_cat.c:588:llog_cat_add_rec()) Skipped 755 previous similar messages
00108 Lustre: 2191:0:(llog_test.c:1778:llog_test_10()) 10e: wrote 64578 records then 189 failed with ENOSPC
00108 Lustre: 2191:0:(llog_test.c:1780:llog_test_10()) 10e: print the catalog entries.. we expect 4
00108 Lustre: 2191:0:(llog_cat.c:977:llog_cat_process_or_fork()) MGS: catlog [0xa:0x5:0x0] crosses index zero
00108 Lustre: 2191:0:(llog_test.c:700:cat_print_cb()) seeing record at index 2 - [0x1:0x19:0x0] in log [0xa:0x5:0x0]
00108 Lustre: 2191:0:(llog_test.c:700:cat_print_cb()) Skipped 2 previous similar messages
00108 Lustre: 2191:0:(llog_test.c:1816:llog_test_10()) 10e: catalog successfully wrap around, last_idx 1, first 1
00108 Lustre: 2191:0:(llog_test.c:1833:llog_test_10()) 10f: Cancel 64767 records, see one log zapped
00110 Lustre: 2191:0:(llog_test.c:1847:llog_test_10()) 10f: print the catalog entries.. we expect 3
00110 Lustre: 2191:0:(llog_cat.c:977:llog_cat_process_or_fork()) MGS: catlog [0xa:0x5:0x0] crosses index zero
00110 Lustre: 2191:0:(llog_cat.c:977:llog_cat_process_or_fork()) Skipped 1 previous similar message
00110 Lustre: 2191:0:(llog_test.c:1878:llog_test_10()) 10f: write 64767 more log records
00110 ------------[ cut here ]------------
00110 WARNING: /home/ktest/git/linux/include/linux/fs.h:889 at osd_create+0x9cf/0xcf0 [osd_wbcfs], CPU#10: lctl/2191
00110 Modules linked in: llog_test(O) mgs(O) osd_wbcfs(O) lustre(O) obdecho(O) mgc(O) mdc(O) lov(O) osc(O) lmv(O) ec(O) fid(O) fld(O) ptlrpc(O) efivarfs obdclass(O) ksocklnd(O) lnet(O) libcfs(O)
00110 CPU: 10 UID: 0 PID: 2191 Comm: lctl Tainted: G        W  O        7.0.0-ktest-1806a7d160-7433349-20260708 #1 PREEMPT 
00110 Tainted: [W]=WARN, [O]=OOT_MODULE
00110 Hardware name: QEMU Standard PC (Q35 + ICH9, 2009), BIOS 2025.11-3ubuntu7 03/31/2026
00110 RIP: 0010:osd_create+0x9cf/0xcf0 [osd_wbcfs]
00110 Code: c7 c7 00 d6 af a1 48 c7 c6 a0 92 73 a1 48 c7 c2 00 9c 73 a1 e8 52 a1 43 ff 48 c7 c7 00 d6 af a1 e8 56 31 44 ff e9 fe fc ff ff <0f> 0b e9 a5 fa ff ff 48 c7 c1 80 44 5d a0 80 e1 07 80 c1 03 38 c1
00110 RSP: 0018:ffffc90005a37470 EFLAGS: 00010246
00110 RAX: 0000000000000000 RBX: ffff88828c4dc800 RCX: 0000000000000046
00110 RDX: 0000000000000000 RSI: ffff888151af42a8 RDI: ffff88811bafaa80
00110 RBP: ffff888151af4218 R08: ffffffff83a16803 R09: 1ffffffff0742d00
00110 R10: dffffc0000000000 R11: fffffbfff0742d01 R12: ffff8881819bc000
00110 R13: dffffc0000000000 R14: 1ffff1105189b900 R15: 1ffff1103033780f
00110 FS:  00007f5c88040940(0000) GS:ffff88831e92e000(0000) knlGS:0000000000000000
00110 CS:  0010 DS: 0000 ES: 0000 CR0: 0000000080050033
00110 CR2: 0000559197afab40 CR3: 000000010d465000 CR4: 0000000000750eb0
00110 PKRU: 55555554
00110 Call Trace:
00110  <TASK>
00110  ? local_object_create+0x109/0x640 [obdclass]
00110  ? dt_write_lock+0x16d/0x2a0 [obdclass]
00110  ? llog_osd_create+0x35b/0x1270 [obdclass]
00110  ? llog_create+0x2ed/0x530 [obdclass]
00110  ? llog_cat_new_log+0x6c5/0x2a10 [obdclass]
00110  ? llog_cat_add_rec+0x4fe/0x1960 [obdclass]
00110  ? llog_cat_add_rec+0x6ba/0x1960 [obdclass]
00110  ? llog_cat_add+0x499/0x7a0 [obdclass]
00110  ? llog_test_10+0x2b7c/0x5540 [llog_test]
00110  ? do_raw_spin_unlock+0x52/0x230
00110  ? _raw_spin_unlock+0x23/0x40
00110  ? __llog_ctxt_put+0x1c4/0x2f0 [obdclass]
00110  ? llog_run_tests+0x3f47/0x5ad0 [llog_test]
00110  ? get_random_u32+0x51/0x470
00110  ? llog_test_device_init+0x6e8/0xa20 [llog_test]
00110  ? obd_setup+0x54d/0x950 [obdclass]
00110  ? class_setup+0xc7d/0x10e0 [obdclass]
00110  ? class_process_config+0x2edb/0x7cb0 [obdclass]
00110  ? class_handle_ioctl+0x1f4d/0x3440 [obdclass]
00110  ? obd_class_ioctl+0x1f6/0x3c0 [obdclass]
00110  ? __x64_sys_ioctl+0x961/0xe00
00110  ? _copy_to_user+0x3d/0x60
00110  ? __x64_sys_rt_sigaction+0x107/0x140
00110  ? do_syscall_64+0xc1/0x350
00110  ? entry_SYSCALL_64_after_hwframe+0x4b/0x53
00110  </TASK>
00110 ---[ end trace 0000000000000000 ]---
00112 Lustre: 2191:0:(llog_cat.c:80:llog_cat_new_log()) MGS: there are no more free slots in catalog 29fdf377
00112 Lustre: 2191:0:(llog_cat.c:80:llog_cat_new_log()) Skipped 188 previous similar messages
00112 LustreError: 2191:0:(llog_cat.c:588:llog_cat_add_rec()) MGS: initialization error: rc = -28
00112 LustreError: 2191:0:(llog_cat.c:588:llog_cat_add_rec()) Skipped 188 previous similar messages
00112 Lustre: 2191:0:(llog_test.c:1904:llog_test_10()) 10f: wrote 64578 records then 189 failed with ENOSPC
00112 Lustre: 2191:0:(llog_test.c:1950:llog_test_10()) 10g: Cancel 64767 records, see one log zapped
00112 Lustre: 2191:0:(llog_cat.c:977:llog_cat_process_or_fork()) MGS: catlog [0xa:0x5:0x0] crosses index zero
00114 Lustre: 2191:0:(llog_test.c:1962:llog_test_10()) 10g: print the catalog entries.. we expect 3
00114 Lustre: 2191:0:(llog_test.c:700:cat_print_cb()) seeing record at index 4 - [0x1:0x1b:0x0] in log [0xa:0x5:0x0]
00114 Lustre: 2191:0:(llog_test.c:700:cat_print_cb()) Skipped 6 previous similar messages
00114 Lustre: 2191:0:(llog_test.c:1992:llog_test_10()) 10g: Cancel 64767 records, see one log zapped
00116 Lustre: 2191:0:(llog_test.c:2006:llog_test_10()) 10g: print the catalog entries.. we expect 2
00116 Lustre: 2191:0:(llog_test.c:2044:llog_test_10()) 10g: Cancel 64767 records, see one log zapped
00118 Lustre: 2191:0:(llog_test.c:2058:llog_test_10()) 10g: print the catalog entries.. we expect 1
00118 Lustre: 2191:0:(llog_test.c:2084:llog_test_10()) 10g: llh_cat_idx has also successfully wrapped!
00118 Lustre: 2211:0:(llog_test.c:1534:cat_check_old_cb()) seeing record at index 2 - [0x1:0x1d:0x0] in log [0xa:0x5:0x0]
00118 Lustre: 2191:0:(llog_test.c:2108:llog_test_10()) 10h: write 64767 more log records
00118 ------------[ cut here ]------------
00118 WARNING: /home/ktest/git/linux/include/linux/fs.h:889 at osd_create+0x9cf/0xcf0 [osd_wbcfs], CPU#10: lctl/2191
00118 Modules linked in: llog_test(O) mgs(O) osd_wbcfs(O) lustre(O) obdecho(O) mgc(O) mdc(O) lov(O) osc(O) lmv(O) ec(O) fid(O) fld(O) ptlrpc(O) efivarfs obdclass(O) ksocklnd(O) lnet(O) libcfs(O)
00118 CPU: 10 UID: 0 PID: 2191 Comm: lctl Tainted: G        W  O        7.0.0-ktest-1806a7d160-7433349-20260708 #1 PREEMPT 
00118 Tainted: [W]=WARN, [O]=OOT_MODULE
00118 Hardware name: QEMU Standard PC (Q35 + ICH9, 2009), BIOS 2025.11-3ubuntu7 03/31/2026
00118 RIP: 0010:osd_create+0x9cf/0xcf0 [osd_wbcfs]
00118 Code: c7 c7 00 d6 af a1 48 c7 c6 a0 92 73 a1 48 c7 c2 00 9c 73 a1 e8 52 a1 43 ff 48 c7 c7 00 d6 af a1 e8 56 31 44 ff e9 fe fc ff ff <0f> 0b e9 a5 fa ff ff 48 c7 c1 80 44 5d a0 80 e1 07 80 c1 03 38 c1
00118 RSP: 0018:ffffc90005a37470 EFLAGS: 00010246
00118 RAX: 0000000000000000 RBX: ffff888073e68000 RCX: 0000000000000046
00118 RDX: 0000000000000000 RSI: ffff888151af3b90 RDI: ffff88811bafaa80
00118 RBP: ffff888151af3b00 R08: ffffffff83a16803 R09: 1ffffffff0742d00
00118 R10: dffffc0000000000 R11: fffffbfff0742d01 R12: ffff8881819bc000
00118 R13: dffffc0000000000 R14: 1ffff1100e7cd000 R15: 1ffff1103033780f
00118 FS:  00007f5c88040940(0000) GS:ffff88831e92e000(0000) knlGS:0000000000000000
00118 CS:  0010 DS: 0000 ES: 0000 CR0: 0000000080050033
00118 CR2: 0000559197afab40 CR3: 000000010d465000 CR4: 0000000000750eb0
00118 PKRU: 55555554
00118 Call Trace:
00118  <TASK>
00118  ? local_object_create+0x109/0x640 [obdclass]
00118  ? dt_write_lock+0x16d/0x2a0 [obdclass]
00118  ? llog_osd_create+0x35b/0x1270 [obdclass]
00118  ? llog_create+0x2ed/0x530 [obdclass]
00118  ? llog_cat_new_log+0x6c5/0x2a10 [obdclass]
00118  ? llog_cat_add_rec+0x4fe/0x1960 [obdclass]
00118  ? llog_cat_add_rec+0x6ba/0x1960 [obdclass]
00118  ? llog_cat_add+0x499/0x7a0 [obdclass]
00118  ? llog_test_10+0x5030/0x5540 [llog_test]
00118  ? llog_test_9_sub+0x800/0x800 [llog_test]
00118  ? llog_run_tests+0x3f47/0x5ad0 [llog_test]
00118  ? get_random_u32+0x51/0x470
00118  ? llog_test_device_init+0x6e8/0xa20 [llog_test]
00118  ? obd_setup+0x54d/0x950 [obdclass]
00118  ? class_setup+0xc7d/0x10e0 [obdclass]
00118  ? class_process_config+0x2edb/0x7cb0 [obdclass]
00118  ? class_handle_ioctl+0x1f4d/0x3440 [obdclass]
00118  ? obd_class_ioctl+0x1f6/0x3c0 [obdclass]
00118  ? __x64_sys_ioctl+0x961/0xe00
00118  ? _copy_to_user+0x3d/0x60
00118  ? __x64_sys_rt_sigaction+0x107/0x140
00118  ? do_syscall_64+0xc1/0x350
00118  ? entry_SYSCALL_64_after_hwframe+0x4b/0x53
00118  </TASK>
00118 ---[ end trace 0000000000000000 ]---
00118 LustreError: 2191:0:(llog_osd.c:684:llog_osd_write_rec()) cfs_race id 1317 sleeping
00119 LustreError: 2211:0:(llog.c:685:llog_process_thread()) cfs_fail_race id 1317 waking
00119 LustreError: 2191:0:(llog_osd.c:684:llog_osd_write_rec()) cfs_fail_race id 1317 awake: rc=444
00120 LustreError: 2211:0:(llog.c:685:llog_process_thread()) cfs_fail_race id 1317 waking
00120 Lustre: 2211:0:(llog_test.c:1534:cat_check_old_cb()) seeing record at index 3 - [0x1:0x1e:0x0] in log [0xa:0x5:0x0]
00122 ------------[ cut here ]------------
00122 WARNING: /home/ktest/git/linux/include/linux/fs.h:889 at osd_create+0x9cf/0xcf0 [osd_wbcfs], CPU#10: lctl/2191
00122 Modules linked in: llog_test(O) mgs(O) osd_wbcfs(O) lustre(O) obdecho(O) mgc(O) mdc(O) lov(O) osc(O) lmv(O) ec(O) fid(O) fld(O) ptlrpc(O) efivarfs obdclass(O) ksocklnd(O) lnet(O) libcfs(O)
00122 CPU: 10 UID: 0 PID: 2191 Comm: lctl Tainted: G        W  O        7.0.0-ktest-1806a7d160-7433349-20260708 #1 PREEMPT 
00122 Tainted: [W]=WARN, [O]=OOT_MODULE
00122 Hardware name: QEMU Standard PC (Q35 + ICH9, 2009), BIOS 2025.11-3ubuntu7 03/31/2026
00122 RIP: 0010:osd_create+0x9cf/0xcf0 [osd_wbcfs]
00122 Code: c7 c7 00 d6 af a1 48 c7 c6 a0 92 73 a1 48 c7 c2 00 9c 73 a1 e8 52 a1 43 ff 48 c7 c7 00 d6 af a1 e8 56 31 44 ff e9 fe fc ff ff <0f> 0b e9 a5 fa ff ff 48 c7 c1 80 44 5d a0 80 e1 07 80 c1 03 38 c1
00122 RSP: 0018:ffffc90005a37470 EFLAGS: 00010246
00122 RAX: 0000000000000000 RBX: ffff888012087c00 RCX: 0000000000000046
00122 RDX: 0000000000000000 RSI: ffff888151af3478 RDI: ffff88811bafaa80
00122 RBP: ffff888151af33e8 R08: ffffffff83a16803 R09: 1ffffffff0742d00
00122 R10: dffffc0000000000 R11: fffffbfff0742d01 R12: ffff8881819bc000
00122 R13: dffffc0000000000 R14: 1ffff11002410f80 R15: 1ffff1103033780f
00122 FS:  00007f5c88040940(0000) GS:ffff88831e92e000(0000) knlGS:0000000000000000
00122 CS:  0010 DS: 0000 ES: 0000 CR0: 0000000080050033
00122 CR2: 0000559197afab40 CR3: 000000010d465000 CR4: 0000000000750eb0
00122 PKRU: 55555554
00122 Call Trace:
00122  <TASK>
00122  ? local_object_create+0x109/0x640 [obdclass]
00122  ? dt_write_lock+0x16d/0x2a0 [obdclass]
00122  ? llog_osd_create+0x35b/0x1270 [obdclass]
00122  ? llog_create+0x2ed/0x530 [obdclass]
00122  ? llog_cat_new_log+0x6c5/0x2a10 [obdclass]
00122  ? llog_cat_add_rec+0x4fe/0x1960 [obdclass]
00122  ? llog_cat_add_rec+0x6ba/0x1960 [obdclass]
00122  ? llog_cat_add+0x499/0x7a0 [obdclass]
00122  ? llog_test_10+0x5030/0x5540 [llog_test]
00123  ? llog_test_9_sub+0x800/0x800 [llog_test]
00123  ? llog_run_tests+0x3f47/0x5ad0 [llog_test]
00123  ? get_random_u32+0x51/0x470
00123  ? llog_test_device_init+0x6e8/0xa20 [llog_test]
00123  ? obd_setup+0x54d/0x950 [obdclass]
00123  ? class_setup+0xc7d/0x10e0 [obdclass]
00123  ? class_process_config+0x2edb/0x7cb0 [obdclass]
00123  ? class_handle_ioctl+0x1f4d/0x3440 [obdclass]
00123  ? obd_class_ioctl+0x1f6/0x3c0 [obdclass]
00123  ? __x64_sys_ioctl+0x961/0xe00
00123  ? _copy_to_user+0x3d/0x60
00123  ? __x64_sys_rt_sigaction+0x107/0x140
00123  ? do_syscall_64+0xc1/0x350
00123  ? entry_SYSCALL_64_after_hwframe+0x4b/0x53
00123  </TASK>
00123 ---[ end trace 0000000000000000 ]---
00123 LustreError: 2191:0:(llog_osd.c:684:llog_osd_write_rec()) cfs_fail_race id 1317 waking
00124 Lustre: 2191:0:(llog_test.c:2134:llog_test_10()) 10h: wrote 64767 records then 0 failed with ENOSPC
00124 Lustre: 2191:0:(llog_test.c:2147:llog_test_10()) 10: put newly-created catalog
00124 Lustre: 2191:0:(llog_test.c:2177:llog_test_11()) 11: create a plain nameless log
00124 ------------[ cut here ]------------
00124 WARNING: /home/ktest/git/linux/include/linux/fs.h:889 at osd_create+0x9cf/0xcf0 [osd_wbcfs], CPU#10: lctl/2191
00124 Modules linked in: llog_test(O) mgs(O) osd_wbcfs(O) lustre(O) obdecho(O) mgc(O) mdc(O) lov(O) osc(O) lmv(O) ec(O) fid(O) fld(O) ptlrpc(O) efivarfs obdclass(O) ksocklnd(O) lnet(O) libcfs(O)
00124 CPU: 10 UID: 0 PID: 2191 Comm: lctl Tainted: G        W  O        7.0.0-ktest-1806a7d160-7433349-20260708 #1 PREEMPT 
00124 Tainted: [W]=WARN, [O]=OOT_MODULE
00124 Hardware name: QEMU Standard PC (Q35 + ICH9, 2009), BIOS 2025.11-3ubuntu7 03/31/2026
00124 RIP: 0010:osd_create+0x9cf/0xcf0 [osd_wbcfs]
00124 Code: c7 c7 00 d6 af a1 48 c7 c6 a0 92 73 a1 48 c7 c2 00 9c 73 a1 e8 52 a1 43 ff 48 c7 c7 00 d6 af a1 e8 56 31 44 ff e9 fe fc ff ff <0f> 0b e9 a5 fa ff ff 48 c7 c1 80 44 5d a0 80 e1 07 80 c1 03 38 c1
00124 RSP: 0018:ffffc90005a37678 EFLAGS: 00010246
00124 RAX: 0000000000000000 RBX: ffff88803344e800 RCX: 0000000000000046
00124 RDX: 0000000000000000 RSI: ffff888151af2d60 RDI: ffff88811bafaa58
00124 RBP: ffff888151af2cd0 R08: ffffffff83a16803 R09: 1ffffffff0742d00
00124 R10: dffffc0000000000 R11: fffffbfff0742d01 R12: ffff8881819bc000
00124 R13: dffffc0000000000 R14: 1ffff11006689d00 R15: 1ffff1103033780f
00124 FS:  00007f5c88040940(0000) GS:ffff88831e92e000(0000) knlGS:0000000000000000
00124 CS:  0010 DS: 0000 ES: 0000 CR0: 0000000080050033
00124 CR2: 0000559197afab40 CR3: 000000010d465000 CR4: 0000000000750eb0
00124 PKRU: 55555554
00124 Call Trace:
00124  <TASK>
00124  ? local_object_create+0x109/0x640 [obdclass]
00124  ? dt_write_lock+0x16d/0x2a0 [obdclass]
00124  ? llog_osd_create+0x35b/0x1270 [obdclass]
00124  ? llog_create+0x2ed/0x530 [obdclass]
00124  ? llog_open_create+0x6e7/0xb30 [obdclass]
00124  ? llog_test_11+0x2a4/0x1130 [llog_test]
00124  ? llog_test_9_sub+0x800/0x800 [llog_test]
00124  ? llog_run_tests+0x41b8/0x5ad0 [llog_test]
00124  ? get_random_u32+0x51/0x470
00124  ? llog_test_device_init+0x6e8/0xa20 [llog_test]
00124  ? obd_setup+0x54d/0x950 [obdclass]
00124  ? class_setup+0xc7d/0x10e0 [obdclass]
00124  ? class_process_config+0x2edb/0x7cb0 [obdclass]
00124  ? class_handle_ioctl+0x1f4d/0x3440 [obdclass]
00124  ? obd_class_ioctl+0x1f6/0x3c0 [obdclass]
00124  ? __x64_sys_ioctl+0x961/0xe00
00124  ? _copy_to_user+0x3d/0x60
00124  ? __x64_sys_rt_sigaction+0x107/0x140
00124  ? do_syscall_64+0xc1/0x350
00124  ? entry_SYSCALL_64_after_hwframe+0x4b/0x53
00124  </TASK>
00124 ---[ end trace 0000000000000000 ]---
00124 Lustre: 2191:0:(llog_test.c:2202:llog_test_11()) 11: size 8216 in 0 blocks after 1 rec
00124 Lustre: 2191:0:(llog_test.c:2204:llog_test_11()) 11: add few records
00124 Lustre: 2191:0:(llog_test.c:2221:llog_test_11()) 11: size 10616 in 0 blocks with few recs
00124 lctl (2191): drop_caches: 3
00124 Lustre: 2191:0:(llog_test.c:2247:llog_test_11()) 11: re-open the log by LOGID and verify llh_count
00124 Lustre: 2191:0:(llog_test.c:2262:llog_test_11()) 11: size 10616 in 0 blocks after re-open
00124 Lustre: 2191:0:(llog_test.c:2352:llog_test_12()) 12: create a catalog log with name: 29fdf378
00124 ------------[ cut here ]------------
00124 WARNING: /home/ktest/git/linux/include/linux/fs.h:889 at osd_create+0x9cf/0xcf0 [osd_wbcfs], CPU#10: lctl/2191
00124 Modules linked in: llog_test(O) mgs(O) osd_wbcfs(O) lustre(O) obdecho(O) mgc(O) mdc(O) lov(O) osc(O) lmv(O) ec(O) fid(O) fld(O) ptlrpc(O) efivarfs obdclass(O) ksocklnd(O) lnet(O) libcfs(O)
00124 CPU: 10 UID: 0 PID: 2191 Comm: lctl Tainted: G        W  O        7.0.0-ktest-1806a7d160-7433349-20260708 #1 PREEMPT 
00124 Tainted: [W]=WARN, [O]=OOT_MODULE
00124 Hardware name: QEMU Standard PC (Q35 + ICH9, 2009), BIOS 2025.11-3ubuntu7 03/31/2026
00124 RIP: 0010:osd_create+0x9cf/0xcf0 [osd_wbcfs]
00124 Code: c7 c7 00 d6 af a1 48 c7 c6 a0 92 73 a1 48 c7 c2 00 9c 73 a1 e8 52 a1 43 ff 48 c7 c7 00 d6 af a1 e8 56 31 44 ff e9 fe fc ff ff <0f> 0b e9 a5 fa ff ff 48 c7 c1 80 44 5d a0 80 e1 07 80 c1 03 38 c1
00124 RSP: 0018:ffffc90005a37650 EFLAGS: 00010246
00124 RAX: 0000000000000000 RBX: ffff888033451400 RCX: 0000000000000046
00124 RDX: 0000000000000000 RSI: ffff888151af2648 RDI: ffff88811bafaa58
00124 RBP: ffff888151af25b8 R08: ffffffff83a16803 R09: 1ffffffff0742d00
00124 R10: dffffc0000000000 R11: fffffbfff0742d01 R12: ffff8881819bc000
00124 R13: dffffc0000000000 R14: 1ffff1100668a280 R15: 1ffff1103033780f
00124 FS:  00007f5c88040940(0000) GS:ffff88831e92e000(0000) knlGS:0000000000000000
00124 CS:  0010 DS: 0000 ES: 0000 CR0: 0000000080050033
00124 CR2: 0000559197afab40 CR3: 000000010d465000 CR4: 0000000000750eb0
00124 PKRU: 55555554
00124 Call Trace:
00124  <TASK>
00124  ? local_object_create+0x109/0x640 [obdclass]
00124  ? dt_write_lock+0x16d/0x2a0 [obdclass]
00124  ? llog_osd_create+0x35b/0x1270 [obdclass]
00124  ? llog_create+0x2ed/0x530 [obdclass]
00124  ? llog_open_create+0x6e7/0xb30 [obdclass]
00124  ? llog_test_12+0x402/0x2d90 [llog_test]
00124  ? llog_test_11+0xc14/0x1130 [llog_test]
00124  ? llog_run_tests+0x443a/0x5ad0 [llog_test]
00124  ? get_random_u32+0x51/0x470
00124  ? llog_test_device_init+0x6e8/0xa20 [llog_test]
00124  ? obd_setup+0x54d/0x950 [obdclass]
00124  ? class_setup+0xc7d/0x10e0 [obdclass]
00124  ? class_process_config+0x2edb/0x7cb0 [obdclass]
00124  ? class_handle_ioctl+0x1f4d/0x3440 [obdclass]
00124  ? obd_class_ioctl+0x1f6/0x3c0 [obdclass]
00124  ? __x64_sys_ioctl+0x961/0xe00
00124  ? _copy_to_user+0x3d/0x60
00124  ? __x64_sys_rt_sigaction+0x107/0x140
00124  ? do_syscall_64+0xc1/0x350
00124  ? entry_SYSCALL_64_after_hwframe+0x4b/0x53
00124  </TASK>
00124 ---[ end trace 0000000000000000 ]---
00124 ------------[ cut here ]------------
00124 WARNING: /home/ktest/git/linux/include/linux/fs.h:889 at osd_create+0x9cf/0xcf0 [osd_wbcfs], CPU#10: lctl/2191
00124 Modules linked in: llog_test(O) mgs(O) osd_wbcfs(O) lustre(O) obdecho(O) mgc(O) mdc(O) lov(O) osc(O) lmv(O) ec(O) fid(O) fld(O) ptlrpc(O) efivarfs obdclass(O) ksocklnd(O) lnet(O) libcfs(O)
00124 CPU: 10 UID: 0 PID: 2191 Comm: lctl Tainted: G        W  O        7.0.0-ktest-1806a7d160-7433349-20260708 #1 PREEMPT 
00124 Tainted: [W]=WARN, [O]=OOT_MODULE
00124 Hardware name: QEMU Standard PC (Q35 + ICH9, 2009), BIOS 2025.11-3ubuntu7 03/31/2026
00124 RIP: 0010:osd_create+0x9cf/0xcf0 [osd_wbcfs]
00124 Code: c7 c7 00 d6 af a1 48 c7 c6 a0 92 73 a1 48 c7 c2 00 9c 73 a1 e8 52 a1 43 ff 48 c7 c7 00 d6 af a1 e8 56 31 44 ff e9 fe fc ff ff <0f> 0b e9 a5 fa ff ff 48 c7 c1 80 44 5d a0 80 e1 07 80 c1 03 38 c1
00124 RSP: 0018:ffffc90005a374f0 EFLAGS: 00010246
00124 RAX: 0000000000000000 RBX: ffff888033450c00 RCX: 0000000000000046
00124 RDX: 0000000000000000 RSI: ffff888151af1f30 RDI: ffff88811bafaa80
00124 RBP: ffff888151af1ea0 R08: ffffffff83a16803 R09: 1ffffffff0742d00
00124 R10: dffffc0000000000 R11: fffffbfff0742d01 R12: ffff8881819bc000
00124 R13: dffffc0000000000 R14: 1ffff1100668a180 R15: 1ffff1103033780f
00124 FS:  00007f5c88040940(0000) GS:ffff88831e92e000(0000) knlGS:0000000000000000
00124 CS:  0010 DS: 0000 ES: 0000 CR0: 0000000080050033
00124 CR2: 0000559197afab40 CR3: 000000010d465000 CR4: 0000000000750eb0
00124 PKRU: 55555554
00124 Call Trace:
00124  <TASK>
00124  ? local_object_create+0x109/0x640 [obdclass]
00124  ? dt_write_lock+0x16d/0x2a0 [obdclass]
00124  ? llog_osd_create+0x35b/0x1270 [obdclass]
00124  ? llog_create+0x2ed/0x530 [obdclass]
00124  ? llog_cat_new_log+0x6c5/0x2a10 [obdclass]
00124  ? llog_cat_add_rec+0x4fe/0x1960 [obdclass]
00124  ? llog_cat_add_rec+0x6ba/0x1960 [obdclass]
00124  ? llog_cat_add+0x499/0x7a0 [obdclass]
00124  ? llog_test_12+0x683/0x2d90 [llog_test]
00124  ? llog_test_11+0xc14/0x1130 [llog_test]
00124  ? llog_run_tests+0x443a/0x5ad0 [llog_test]
00124  ? get_random_u32+0x51/0x470
00124  ? llog_test_device_init+0x6e8/0xa20 [llog_test]
00124  ? obd_setup+0x54d/0x950 [obdclass]
00124  ? class_setup+0xc7d/0x10e0 [obdclass]
00124  ? class_process_config+0x2edb/0x7cb0 [obdclass]
00124  ? class_handle_ioctl+0x1f4d/0x3440 [obdclass]
00124  ? obd_class_ioctl+0x1f6/0x3c0 [obdclass]
00124  ? __x64_sys_ioctl+0x961/0xe00
00124  ? _copy_to_user+0x3d/0x60
00124  ? __x64_sys_rt_sigaction+0x107/0x140
00124  ? do_syscall_64+0xc1/0x350
00124  ? entry_SYSCALL_64_after_hwframe+0x4b/0x53
00124  </TASK>
00124 ---[ end trace 0000000000000000 ]---
00124 Lustre: 12: truncate 24 bytes
00124 Lustre: 12: re-open and process the catalog
00124 LustreError: 2191:0:(llog_osd.c:1247:llog_osd_next_block()) MGS0000-osd: invalid llog tail at log id [0xa:0x6:0x0] offset 8232 last_rec idx 8704 tail idx 275010875 lrt len 1 read_size 40
00124 LustreError: 2191:0:(llog.c:881:llog_process_thread()) MGS: local llog is corrupted [0xa:0x6:0x0] catalog index 1 count 2
00124 Lustre: 12: try to add to the catalog
00124 ------------[ cut here ]------------
00124 WARNING: /home/ktest/git/linux/include/linux/fs.h:889 at osd_create+0x9cf/0xcf0 [osd_wbcfs], CPU#10: lctl/2191
00124 Modules linked in: llog_test(O) mgs(O) osd_wbcfs(O) lustre(O) obdecho(O) mgc(O) mdc(O) lov(O) osc(O) lmv(O) ec(O) fid(O) fld(O) ptlrpc(O) efivarfs obdclass(O) ksocklnd(O) lnet(O) libcfs(O)
00124 CPU: 10 UID: 0 PID: 2191 Comm: lctl Tainted: G        W  O        7.0.0-ktest-1806a7d160-7433349-20260708 #1 PREEMPT 
00124 Tainted: [W]=WARN, [O]=OOT_MODULE
00124 Hardware name: QEMU Standard PC (Q35 + ICH9, 2009), BIOS 2025.11-3ubuntu7 03/31/2026
00124 RIP: 0010:osd_create+0x9cf/0xcf0 [osd_wbcfs]
00124 Code: c7 c7 00 d6 af a1 48 c7 c6 a0 92 73 a1 48 c7 c2 00 9c 73 a1 e8 52 a1 43 ff 48 c7 c7 00 d6 af a1 e8 56 31 44 ff e9 fe fc ff ff <0f> 0b e9 a5 fa ff ff 48 c7 c1 80 44 5d a0 80 e1 07 80 c1 03 38 c1
00124 RSP: 0018:ffffc90005a374f0 EFLAGS: 00010246
00124 RAX: 0000000000000000 RBX: ffff888033453400 RCX: 0000000000000046
00124 RDX: 0000000000000000 RSI: ffff888151af1818 RDI: ffff88811bafaa80
00124 RBP: ffff888151af1788 R08: ffffffff83a16803 R09: 1ffffffff0742d00
00124 R10: dffffc0000000000 R11: fffffbfff0742d01 R12: ffff8881819bc000
00124 R13: dffffc0000000000 R14: 1ffff1100668a680 R15: 1ffff1103033780f
00124 FS:  00007f5c88040940(0000) GS:ffff88831e92e000(0000) knlGS:0000000000000000
00124 CS:  0010 DS: 0000 ES: 0000 CR0: 0000000080050033
00124 CR2: 0000559197afab40 CR3: 000000010d465000 CR4: 0000000000750eb0
00124 PKRU: 55555554
00124 Call Trace:
00124  <TASK>
00124  ? local_object_create+0x109/0x640 [obdclass]
00124  ? dt_write_lock+0x16d/0x2a0 [obdclass]
00124  ? llog_osd_create+0x35b/0x1270 [obdclass]
00124  ? llog_create+0x2ed/0x530 [obdclass]
00124  ? llog_cat_new_log+0x6c5/0x2a10 [obdclass]
00124  ? llog_cat_add_rec+0x4fe/0x1960 [obdclass]
00124  ? llog_cat_add_rec+0x6ba/0x1960 [obdclass]
00124  ? llog_cat_add+0x499/0x7a0 [obdclass]
00124  ? llog_test_12+0x1471/0x2d90 [llog_test]
00124  ? llog_run_tests+0x443a/0x5ad0 [llog_test]
00124  ? get_random_u32+0x51/0x470
00124  ? llog_test_device_init+0x6e8/0xa20 [llog_test]
00124  ? obd_setup+0x54d/0x950 [obdclass]
00124  ? class_setup+0xc7d/0x10e0 [obdclass]
00124  ? class_process_config+0x2edb/0x7cb0 [obdclass]
00124  ? class_handle_ioctl+0x1f4d/0x3440 [obdclass]
00124  ? obd_class_ioctl+0x1f6/0x3c0 [obdclass]
00124  ? __x64_sys_ioctl+0x961/0xe00
00124  ? _copy_to_user+0x3d/0x60
00124  ? __x64_sys_rt_sigaction+0x107/0x140
00124  ? do_syscall_64+0xc1/0x350
00124  ? entry_SYSCALL_64_after_hwframe+0x4b/0x53
00124  </TASK>
00124 ---[ end trace 0000000000000000 ]---
00124 LustreError: 2191:0:(llog_osd.c:1230:llog_osd_next_block()) MGS0000-osd: invalid llog tail at log id [0x6:0xa:0x0]:0 offset 8297 tail idx 603979776 lrt len 1074261 read_size 105
00124 ------------[ cut here ]------------
00124 WARNING: /home/ktest/git/linux/include/linux/fs.h:889 at osd_create+0x9cf/0xcf0 [osd_wbcfs], CPU#10: lctl/2191
00124 Modules linked in: llog_test(O) mgs(O) osd_wbcfs(O) lustre(O) obdecho(O) mgc(O) mdc(O) lov(O) osc(O) lmv(O) ec(O) fid(O) fld(O) ptlrpc(O) efivarfs obdclass(O) ksocklnd(O) lnet(O) libcfs(O)
00124 CPU: 10 UID: 0 PID: 2191 Comm: lctl Tainted: G        W  O        7.0.0-ktest-1806a7d160-7433349-20260708 #1 PREEMPT 
00124 Tainted: [W]=WARN, [O]=OOT_MODULE
00124 Hardware name: QEMU Standard PC (Q35 + ICH9, 2009), BIOS 2025.11-3ubuntu7 03/31/2026
00124 RIP: 0010:osd_create+0x9cf/0xcf0 [osd_wbcfs]
00124 Code: c7 c7 00 d6 af a1 48 c7 c6 a0 92 73 a1 48 c7 c2 00 9c 73 a1 e8 52 a1 43 ff 48 c7 c7 00 d6 af a1 e8 56 31 44 ff e9 fe fc ff ff <0f> 0b e9 a5 fa ff ff 48 c7 c1 80 44 5d a0 80 e1 07 80 c1 03 38 c1
00124 RSP: 0018:ffffc90005a374f0 EFLAGS: 00010246
00124 RAX: 0000000000000000 RBX: ffff88818eb03000 RCX: 0000000000000046
00124 RDX: 0000000000000000 RSI: ffff888151af1100 RDI: ffff88811bafaa80
00124 RBP: ffff888151af1070 R08: ffffffff83a16803 R09: 1ffffffff0742d00
00124 R10: dffffc0000000000 R11: fffffbfff0742d01 R12: ffff8881819bc000
00124 R13: dffffc0000000000 R14: 1ffff11031d60600 R15: 1ffff1103033780f
00124 FS:  00007f5c88040940(0000) GS:ffff88831e92e000(0000) knlGS:0000000000000000
00124 CS:  0010 DS: 0000 ES: 0000 CR0: 0000000080050033
00124 CR2: 0000559197afab40 CR3: 000000010d465000 CR4: 0000000000750eb0
00124 PKRU: 55555554
00124 Call Trace:
00124  <TASK>
00124  ? local_object_create+0x109/0x640 [obdclass]
00124  ? dt_write_lock+0x16d/0x2a0 [obdclass]
00124  ? llog_osd_create+0x35b/0x1270 [obdclass]
00124  ? llog_create+0x2ed/0x530 [obdclass]
00124  ? llog_cat_new_log+0x6c5/0x2a10 [obdclass]
00124  ? llog_cat_add_rec+0x4fe/0x1960 [obdclass]
00124  ? llog_cat_add_rec+0x6ba/0x1960 [obdclass]
00124  ? llog_cat_add+0x499/0x7a0 [obdclass]
00124  ? llog_test_12+0x1471/0x2d90 [llog_test]
00124  ? llog_run_tests+0x443a/0x5ad0 [llog_test]
00124  ? get_random_u32+0x51/0x470
00124  ? llog_test_device_init+0x6e8/0xa20 [llog_test]
00124  ? obd_setup+0x54d/0x950 [obdclass]
00124  ? class_setup+0xc7d/0x10e0 [obdclass]
00124  ? class_process_config+0x2edb/0x7cb0 [obdclass]
00124  ? class_handle_ioctl+0x1f4d/0x3440 [obdclass]
00124  ? obd_class_ioctl+0x1f6/0x3c0 [obdclass]
00124  ? __x64_sys_ioctl+0x961/0xe00
00124  ? _copy_to_user+0x3d/0x60
00124  ? __x64_sys_rt_sigaction+0x107/0x140
00124  ? do_syscall_64+0xc1/0x350
00124  ? entry_SYSCALL_64_after_hwframe+0x4b/0x53
00124  </TASK>
00124 ---[ end trace 0000000000000000 ]---
00124 ==================================================================
00124 BUG: KASAN: slab-out-of-bounds in llog_osd_next_block+0x1368/0x3080 [obdclass]
00124 Read of size 4 at addr ffff88823bb3b036 by task lctl/2191
00124 
00124 CPU: 10 UID: 0 PID: 2191 Comm: lctl Tainted: G        W  O        7.0.0-ktest-1806a7d160-7433349-20260708 #1 PREEMPT 
00124 Tainted: [W]=WARN, [O]=OOT_MODULE
00124 Hardware name: QEMU Standard PC (Q35 + ICH9, 2009), BIOS 2025.11-3ubuntu7 03/31/2026
00124 Call Trace:
00124  <TASK>
00124  dump_stack_lvl+0x52/0x80
00124  print_report+0xbc/0x260
00124  ? llog_osd_next_block+0x1368/0x3080 [obdclass]
00124  kasan_report+0xa2/0xd0
00124  ? llog_osd_next_block+0x1368/0x3080 [obdclass]
00124  llog_osd_next_block+0x1368/0x3080 [obdclass]
00124  llog_process_thread+0xdd7/0x4f70 [obdclass]
00124  ? entry_SYSCALL_64_after_hwframe+0x4b/0x53
00124  ? task_work_add+0x177/0x210
00124  llog_process_or_fork+0x656/0xc90 [obdclass]
00124  ? llog_cat_process+0x30/0x30 [obdclass]
00124  llog_cat_process_or_fork+0x780/0xdb0 [obdclass]
00124  ? llog_cat_process+0x30/0x30 [obdclass]
00124  ? llog_cancel_rec_cb+0x450/0x450 [llog_test]
00124  llog_cat_process+0x24/0x30 [obdclass]
00124  llog_test_12+0x13ee/0x2d90 [llog_test]
00124  llog_run_tests+0x443a/0x5ad0 [llog_test]
00124  ? get_random_u32+0x51/0x470
00124  llog_test_device_init+0x6e8/0xa20 [llog_test]
00124  obd_setup+0x54d/0x950 [obdclass]
00124  class_setup+0xc7d/0x10e0 [obdclass]
00124  class_process_config+0x2edb/0x7cb0 [obdclass]
00124  class_handle_ioctl+0x1f4d/0x3440 [obdclass]
00124  obd_class_ioctl+0x1f6/0x3c0 [obdclass]
00124  __x64_sys_ioctl+0x961/0xe00
00124  ? _copy_to_user+0x3d/0x60
00124  ? __x64_sys_rt_sigaction+0x107/0x140
00124  do_syscall_64+0xc1/0x350
00124  entry_SYSCALL_64_after_hwframe+0x4b/0x53
00124 RIP: 0033:0x7f5c87f24e1d
00124 Code: 04 25 28 00 00 00 48 89 45 c8 31 c0 48 8d 45 10 c7 45 b0 10 00 00 00 48 89 45 b8 48 8d 45 d0 48 89 45 c0 b8 10 00 00 00 0f 05 <89> c2 3d 00 f0 ff ff 77 1a 48 8b 45 c8 64 48 2b 04 25 28 00 00 00
00124 RSP: 002b:00007fff72fd9fa0 EFLAGS: 00000246 ORIG_RAX: 0000000000000010
00124 RAX: ffffffffffffffda RBX: 00007f5c881371f0 RCX: 00007f5c87f24e1d
00124 RDX: 00007fff72fda280 RSI: 00000000c00866b8 RDI: 0000000000000003
00124 RBP: 00007fff72fd9ff0 R08: 00007fff72fda040 R09: 00007fff72fda280
00124 R10: 00005591ce064910 R11: 0000000000000246 R12: 00007fff72fda280
00124 R13: 0000559197aea822 R14: 0000000000000000 R15: 00007fff72fdc300
00124  </TASK>
00124 
00124 The buggy address belongs to the object at ffff88823bb38000
00124  which belongs to the cache kmalloc-8k of size 8192
00124 The buggy address is located 4150 bytes to the right of
00124  allocated 8192-byte region [ffff88823bb38000, ffff88823bb3a000)
00124 
00124 The buggy address belongs to the physical page:
00124 page: refcount:0 mapcount:0 mapping:0000000000000000 index:0x0 pfn:0x23bb38
00124 head: order:3 mapcount:0 entire_mapcount:0 nr_pages_mapped:0 pincount:0
00124 flags: 0x8000000000000040(head|zone=2)
00124 page_type: f5(slab)
00124 raw: 8000000000000040 ffff888100042e00 dead000000000122 0000000000000000
00124 raw: 0000000000000000 0000400000020002 00000000f5000000 ffff88823bb3a010
00124 head: 8000000000000040 ffff888100042e00 dead000000000122 0000000000000000
00124 head: 0000000000000000 0000400000020002 00000000f5000000 ffff88823bb3a010
00124 head: 8000000000000003 ffffea0008eece01 00000000ffffffff 00000000ffffffff
00124 head: ffffffffffffffff 0000000000000000 00000000ffffffff 0000000000000008
00124 page dumped because: kasan: bad access detected
00124 
00124 Memory state around the buggy address:
00124  ffff88823bb3af00: fc fc fc fc fc fc fc fc fc fc fc fc fc fc fc fc
00124  ffff88823bb3af80: fc fc fc fc fc fc fc fc fc fc fc fc fc fc fc fc
00124 >ffff88823bb3b000: fc fc fc fc fc fc fc fc fc fc fc fc fc fc fc fc
00124                                      ^
00124  ffff88823bb3b080: fc fc fc fc fc fc fc fc fc fc fc fc fc fc fc fc
00124  ffff88823bb3b100: fc fc fc fc fc fc fc fc fc fc fc fc fc fc fc fc
00124 ==================================================================
00124 Disabling lock debugging due to kernel taint
00124 Lustre: 2191:0:(llog_test.c:2461:llog_test_12()) 12: put newly-created catalog
00124 Lustre: 2191:0:(llog_test.c:2529:llog_test_13()) 13a: create a catalog log with name: 29fdf378
00124 Lustre: 2191:0:(llog_test.c:2545:llog_test_13()) 13b: write 1 record into the catalog
00124 LustreError: 2191:0:(llog_test.c:2556:llog_test_13()) 13b: found 8 plain llogs
00124 Lustre: 2191:0:(llog_test.c:2558:llog_test_13()) 13c: erase plain llog
00124 LustreError: 2191:0:(llog_cat.c:399:llog_cat_id2handle()) MGS: error opening log id [0x1:0x4f:0x0]: rc = -2
00124 Lustre: 2191:0:(llog_test.c:2578:llog_test_13()) 13d: forward process: found=1708 rc=0
00124 Lustre: 2191:0:(llog_test.c:2582:llog_test_13()) 13e: erase another plain llog
00124 Lustre: 2191:0:(llog_test.c:2602:llog_test_13()) 13e: backward process: found=1367 rc=0
00124 Lustre: 2191:0:(llog_test.c:2605:llog_test_13()) 13f: put newly-created catalog
00129 ========= FAILED TIMEOUT llog-unit in 240s
Error 1 at /home/ktest/ktest/lib/libktest.sh 587 from: "$ktest_dir/lib/supervisor" -S -F -T "$ktest_timeout" -b "$test_basename" -o "$test_logdir" -f "$test_basename.$(date -Iseconds).log" -- "${qemu_cmd[@]}", exiting
Error 1 at ./qlkbuild 195 from: "$ktest_dir/lib/supervisor" -S -F -T "$ktest_timeout" -b "$test_basename" -o "$test_logdir" -f "$test_basename.$(date -Iseconds).log" -- "${qemu_cmd[@]}", exiting
Error 1 at ./qlkbuild 1005 from: "$ktest_dir/lib/supervisor" -S -F -T "$ktest_timeout" -b "$test_basename" -o "$test_logdir" -f "$test_basename.$(date -Iseconds).log" -- "${qemu_cmd[@]}", exiting
