CLI: ./podman-ktest --podman-socket unix:///run/podman/podman.sock --shared-filesystem /tmp --tarball-input job lustre-ci --output /var/www/ci-lustre/upstream-patch-review --git-hash 19978b1fd37f292f6aa495d7e61630eafe917362 --change-id 64169_19978b1fd37f292f6aa495d7e61630eafe917362 --subject LU-19910 osd-ldiskfs: Use __u32 for ino variable

  Checking /dev/kvm exists... OK
  Checking /dev/kvm permissions... OK
  Creating ccache directory... OK
  Checking ccache directory writable... OK

Environment validated successfully
Creating kernel tarball at /tmp/ktest-kernel.tar.gz...
Creating lustre tarball at /tmp/ktest-lustre.tar.gz...
Executing 16 jobs
Jobs will start as soon as their dependencies are satisfied
Using tarball input mode

START lustre_mainline build tests/fs/lustre/boot.ktest
START lustre_mainline_native build tests/fs/lustre/boot.ktest
START lustre_u24 build tests/fs/lustre/boot.ktest
START lustre_al2023 build tests/fs/lustre/boot.ktest
START checkpatch tool checkpatch
START lustre_mainline_strict build tests/fs/lustre/boot-strict.ktest
PUT /tmp/ktest-kernel.tar.gz 8s
PUT /tmp/ktest-kernel.tar.gz 8s
PUT /tmp/ktest-kernel.tar.gz 8s
PUT /tmp/ktest-kernel.tar.gz 8s
PUT /tmp/ktest-kernel.tar.gz 8s
PUT /tmp/ktest-kernel.tar.gz 8s
PUT /tmp/ktest-lustre.tar.gz 2s
PUT /tmp/ktest-lustre.tar.gz 2s
PUT /tmp/ktest-lustre.tar.gz 2s
PUT /tmp/ktest-lustre.tar.gz 2s
PUT /tmp/ktest-lustre.tar.gz 2s
PUT /tmp/ktest-lustre.tar.gz 2s
END checkpatch tool checkpatch PASS 12s
END lustre_al2023 build tests/fs/lustre/boot.ktest PASS 68s
END lustre_u24 build tests/fs/lustre/boot.ktest PASS 72s
GET /tmp/ktest_lustre_mainline_strict_g3vngsl2.tar 5s
END lustre_mainline_strict build tests/fs/lustre/boot-strict.ktest FAIL 109s (exit code: 1)
GET /tmp/ktest_lustre_mainline_native_gbxspkwc.tar 3s
GET /tmp/ktest_lustre_mainline_639cp_6o.tar 3s
END lustre_mainline_native build tests/fs/lustre/boot.ktest PASS 116s
START clang-tidy tool clang-tidy
START cc-plugin tool cc-plugin
START boot run tests/fs/lustre/boot.ktest
START llmount run tests/fs/lustre/llmount.ktest
START llog-unit run tests/fs/lustre/llog-unit.ktest
START mgs-setup run tests/fs/lustre/mgs-setup.ktest
START sanity-1 run tests/fs/lustre/sanity/sanity-1.ktest
START sanity-2 run tests/fs/lustre/sanity/sanity-2.ktest
START sanity-3 run tests/fs/lustre/sanity/sanity-3.ktest
START sanity-4 run tests/fs/lustre/sanity/sanity-4.ktest
END lustre_mainline build tests/fs/lustre/boot.ktest PASS 117s
PUT /tmp/ktest-kernel.tar.gz 9s
PUT /tmp/ktest-kernel.tar.gz 10s
PUT /tmp/ktest_lustre_mainline_native_gbxspkwc.tar 10s
PUT /tmp/ktest_lustre_mainline_native_gbxspkwc.tar 12s
PUT /tmp/ktest_lustre_mainline_native_gbxspkwc.tar 12s
PUT /tmp/ktest-lustre.tar.gz 2s
PUT /tmp/ktest_lustre_mainline_native_gbxspkwc.tar 12s
PUT /tmp/ktest_lustre_mainline_native_gbxspkwc.tar 12s
PUT /tmp/ktest_lustre_mainline_native_gbxspkwc.tar 13s
PUT /tmp/ktest-lustre.tar.gz 3s
PUT /tmp/ktest_lustre_mainline_native_gbxspkwc.tar 12s
PUT /tmp/ktest_lustre_mainline_native_gbxspkwc.tar 13s
PUT /tmp/ktest_lustre_mainline_native_gbxspkwc.tar 29s
PUT /tmp/ktest_lustre_mainline_native_gbxspkwc.tar 29s
END cc-plugin tool cc-plugin FAIL 46s (exit code: 127)
END mgs-setup run tests/fs/lustre/mgs-setup.ktest PASS 52s
END clang-tidy tool clang-tidy PASS 63s
END boot run tests/fs/lustre/boot.ktest PASS 65s
END sanity-2 run tests/fs/lustre/sanity/sanity-2.ktest PASS 82s
END sanity-3 run tests/fs/lustre/sanity/sanity-3.ktest PASS 93s
END sanity-4 run tests/fs/lustre/sanity/sanity-4.ktest PASS 93s
END sanity-1 run tests/fs/lustre/sanity/sanity-1.ktest PASS 95s
END llmount run tests/fs/lustre/llmount.ktest PASS 154s
END llog-unit run tests/fs/lustre/llog-unit.ktest PASS 165s

============================================================
Final Results:
  checkpatch: PASS (12s) (log: /var/www/ci-lustre/upstream-patch-review/19978b1fd37f292f6aa495d7e61630eafe917362_checkpatch.log)
  lustre_u24: PASS (72s) (log: /var/www/ci-lustre/upstream-patch-review/19978b1fd37f292f6aa495d7e61630eafe917362_lustre_u24.log)
  lustre_al2023: PASS (68s) (log: /var/www/ci-lustre/upstream-patch-review/19978b1fd37f292f6aa495d7e61630eafe917362_lustre_al2023.log)
  lustre_mainline_strict: FAIL (109s) (log: /var/www/ci-lustre/upstream-patch-review/19978b1fd37f292f6aa495d7e61630eafe917362_lustre_mainline_strict.log)
  lustre_mainline: PASS (117s) (log: /var/www/ci-lustre/upstream-patch-review/19978b1fd37f292f6aa495d7e61630eafe917362_lustre_mainline.log)
  lustre_mainline_native: PASS (116s) (log: /var/www/ci-lustre/upstream-patch-review/19978b1fd37f292f6aa495d7e61630eafe917362_lustre_mainline_native.log)
  clang-tidy: PASS (63s) (log: /var/www/ci-lustre/upstream-patch-review/19978b1fd37f292f6aa495d7e61630eafe917362_clang-tidy.log)
  cc-plugin: FAIL (46s) (log: /var/www/ci-lustre/upstream-patch-review/19978b1fd37f292f6aa495d7e61630eafe917362_cc-plugin.log)
  boot: PASS (65s) (log: /var/www/ci-lustre/upstream-patch-review/19978b1fd37f292f6aa495d7e61630eafe917362_boot.log)
  llmount: PASS (154s) (log: /var/www/ci-lustre/upstream-patch-review/19978b1fd37f292f6aa495d7e61630eafe917362_llmount.log)
  llog-unit: PASS (165s) (log: /var/www/ci-lustre/upstream-patch-review/19978b1fd37f292f6aa495d7e61630eafe917362_llog-unit.log)
  mgs-setup: PASS (52s) (log: /var/www/ci-lustre/upstream-patch-review/19978b1fd37f292f6aa495d7e61630eafe917362_mgs-setup.log)
  sanity-1: PASS (95s) (log: /var/www/ci-lustre/upstream-patch-review/19978b1fd37f292f6aa495d7e61630eafe917362_sanity-1.log)
  sanity-2: PASS (82s) (log: /var/www/ci-lustre/upstream-patch-review/19978b1fd37f292f6aa495d7e61630eafe917362_sanity-2.log)
  sanity-3: PASS (93s) (log: /var/www/ci-lustre/upstream-patch-review/19978b1fd37f292f6aa495d7e61630eafe917362_sanity-3.log)
  sanity-4: PASS (93s) (log: /var/www/ci-lustre/upstream-patch-review/19978b1fd37f292f6aa495d7e61630eafe917362_sanity-4.log)

Total execution time: 312s
