CLI: ./podman-ktest --podman-socket unix:///run/podman/podman.sock --shared-filesystem /tmp --tarball-input job lustre-ci --output /var/www/ci-lustre/upstream-patch-review --git-hash 1b1ee92c53015c51cb5c47353688f3a8cd951eb5 --change-id 66730_1b1ee92c53015c51cb5c47353688f3a8cd951eb5 --subject LU-20411 lnet: annotate functions that hold ln_api_mutex

  Checking /dev/kvm exists... OK
  Checking /dev/kvm permissions... OK
  Creating ccache directory... OK
  Checking ccache directory writable... OK
  Creating package output directory... OK

Environment validated successfully
Creating kernel tarball at /tmp/ktest-kernel.tar.gz...
Creating lustre tarball at /tmp/ktest-lustre.tar.gz...
Creating ZFS tarball at /tmp/ktest-zfs.tar.gz...
Executing 13 jobs
Jobs will start as soon as their dependencies are satisfied
Using tarball input mode

START lustre_mainline_native build tests/fs/lustre/boot.ktest
START u24 build tests/fs/lustre/boot.ktest
START lustre_mainline_strict build tests/fs/lustre/boot-strict.ktest
START checkpatch tool checkpatch
START lustre_mainline build tests/fs/lustre/boot.ktest
START al2023 build tests/fs/lustre/boot.ktest
PUT /tmp/ktest-lustre.tar.gz 1s
PUT /tmp/ktest-lustre.tar.gz 1s
PUT /tmp/ktest-kernel.tar.gz 8s
PUT /tmp/ktest-kernel.tar.gz 8s
PUT /tmp/ktest-kernel.tar.gz 9s
PUT /tmp/ktest-kernel.tar.gz 9s
PUT /tmp/ktest-lustre.tar.gz 2s
PUT /tmp/ktest-lustre.tar.gz 2s
PUT /tmp/ktest-lustre.tar.gz 2s
PUT /tmp/ktest-lustre.tar.gz 2s
PUT /tmp/ktest-zfs.tar.gz 0s
PUT /tmp/ktest-zfs.tar.gz 0s
PUT /tmp/ktest-zfs.tar.gz 0s
END checkpatch tool checkpatch PASS 14s
END al2023 build tests/fs/lustre/boot.ktest PASS 58s
END u24 build tests/fs/lustre/boot.ktest PASS 58s
GET /tmp/ktest_lustre_mainline_dyfpy656.tar 0s
END lustre_mainline build tests/fs/lustre/boot.ktest PASS 160s
GET /tmp/ktest_lustre_mainline_strict_0b61nlgi.tar 6s
END lustre_mainline_strict build tests/fs/lustre/boot-strict.ktest FAIL 174s (exit code: 1)
GET /tmp/ktest_lustre_mainline_native_zss40hjf.tar 1s
END lustre_mainline_native build tests/fs/lustre/boot.ktest PASS 175s
START boot run tests/fs/lustre/boot.ktest
START llmount run tests/fs/lustre/llmount.ktest
START mgs-setup run tests/fs/lustre/mgs-setup.ktest
START sanity-1 run tests/fs/lustre/sanity/sanity-1.ktest
START sanity-2 run tests/fs/lustre/sanity/sanity-2.ktest
START sanity-3 run tests/fs/lustre/sanity/sanity-3.ktest
START sanity-4 run tests/fs/lustre/sanity/sanity-4.ktest
PUT /tmp/ktest-kernel.tar.gz 19s
PUT /tmp/ktest-kernel.tar.gz 19s
PUT /tmp/ktest-kernel.tar.gz 19s
PUT /tmp/ktest-kernel.tar.gz 20s
PUT /tmp/ktest-kernel.tar.gz 20s
PUT /tmp/ktest-kernel.tar.gz 20s
PUT /tmp/ktest-kernel.tar.gz 20s
PUT /tmp/ktest-lustre.tar.gz 5s
PUT /tmp/ktest-lustre.tar.gz 5s
PUT /tmp/ktest-lustre.tar.gz 5s
PUT /tmp/ktest-lustre.tar.gz 5s
PUT /tmp/ktest-lustre.tar.gz 5s
PUT /tmp/ktest-lustre.tar.gz 5s
PUT /tmp/ktest-lustre.tar.gz 5s
PUT /tmp/ktest_lustre_mainline_native_zss40hjf.tar 0s
PUT /tmp/ktest_lustre_mainline_native_zss40hjf.tar 0s
PUT /tmp/ktest_lustre_mainline_native_zss40hjf.tar 0s
PUT /tmp/ktest_lustre_mainline_native_zss40hjf.tar 0s
PUT /tmp/ktest_lustre_mainline_native_zss40hjf.tar 0s
PUT /tmp/ktest_lustre_mainline_native_zss40hjf.tar 0s
PUT /tmp/ktest_lustre_mainline_native_zss40hjf.tar 0s
END boot run tests/fs/lustre/boot.ktest PASS 67s
END sanity-4 run tests/fs/lustre/sanity/sanity-4.ktest PASS 104s
END sanity-3 run tests/fs/lustre/sanity/sanity-3.ktest PASS 105s
END mgs-setup run tests/fs/lustre/mgs-setup.ktest PASS 107s
END llmount run tests/fs/lustre/llmount.ktest PASS 116s
END sanity-1 run tests/fs/lustre/sanity/sanity-1.ktest PASS 117s
END sanity-2 run tests/fs/lustre/sanity/sanity-2.ktest PASS 119s

============================================================
Final Results:
  checkpatch: PASS (14s) (log: /var/www/ci-lustre/upstream-patch-review/1b1ee92c53015c51cb5c47353688f3a8cd951eb5_checkpatch.log)
  u24: PASS (58s) (log: /var/www/ci-lustre/upstream-patch-review/1b1ee92c53015c51cb5c47353688f3a8cd951eb5_u24.log)
  al2023: PASS (58s) (log: /var/www/ci-lustre/upstream-patch-review/1b1ee92c53015c51cb5c47353688f3a8cd951eb5_al2023.log)
  lustre_mainline_strict: FAIL (174s) (log: /var/www/ci-lustre/upstream-patch-review/1b1ee92c53015c51cb5c47353688f3a8cd951eb5_lustre_mainline_strict.log)
  lustre_mainline: PASS (160s) (log: /var/www/ci-lustre/upstream-patch-review/1b1ee92c53015c51cb5c47353688f3a8cd951eb5_lustre_mainline.log)
  lustre_mainline_native: PASS (175s) (log: /var/www/ci-lustre/upstream-patch-review/1b1ee92c53015c51cb5c47353688f3a8cd951eb5_lustre_mainline_native.log)
  boot: PASS (67s) (log: /var/www/ci-lustre/upstream-patch-review/1b1ee92c53015c51cb5c47353688f3a8cd951eb5_boot.log)
  llmount: PASS (116s) (log: /var/www/ci-lustre/upstream-patch-review/1b1ee92c53015c51cb5c47353688f3a8cd951eb5_llmount.log)
  mgs-setup: PASS (107s) (log: /var/www/ci-lustre/upstream-patch-review/1b1ee92c53015c51cb5c47353688f3a8cd951eb5_mgs-setup.log)
  sanity-1: PASS (117s) (log: /var/www/ci-lustre/upstream-patch-review/1b1ee92c53015c51cb5c47353688f3a8cd951eb5_sanity-1.log)
  sanity-2: PASS (119s) (log: /var/www/ci-lustre/upstream-patch-review/1b1ee92c53015c51cb5c47353688f3a8cd951eb5_sanity-2.log)
  sanity-3: PASS (105s) (log: /var/www/ci-lustre/upstream-patch-review/1b1ee92c53015c51cb5c47353688f3a8cd951eb5_sanity-3.log)
  sanity-4: PASS (104s) (log: /var/www/ci-lustre/upstream-patch-review/1b1ee92c53015c51cb5c47353688f3a8cd951eb5_sanity-4.log)

Total execution time: 322s
