CLI: ./podman-ktest --podman-socket unix:///run/podman/podman.sock --shared-filesystem /tmp --tarball-input job lustre-ci --output /var/www/ci-lustre/upstream-patch-review --git-hash 1cb6bffbf85b873cfdc68bea9ba42bdc8014928f --change-id 63973_1cb6bffbf85b873cfdc68bea9ba42bdc8014928f --subject LU-0000 tests: reproduce recovery-small/26b

  Checking /dev/kvm exists... OK
  Checking /dev/kvm permissions... OK
  Creating ccache directory... OK
  Checking ccache directory writable... OK

Environment validated successfully
Creating kernel tarball at /tmp/ktest-kernel.tar.gz...
Creating lustre tarball at /tmp/ktest-lustre.tar.gz...
Executing 16 jobs
Jobs will start as soon as their dependencies are satisfied
Using tarball input mode

START checkpatch tool checkpatch
START lustre_mainline_strict build tests/fs/lustre/boot-strict.ktest
START lustre_al2023 build tests/fs/lustre/boot.ktest
START lustre_mainline build tests/fs/lustre/boot.ktest
START lustre_u24 build tests/fs/lustre/boot.ktest
START lustre_mainline_native build tests/fs/lustre/boot.ktest
PUT /tmp/ktest-kernel.tar.gz 9s
PUT /tmp/ktest-kernel.tar.gz 9s
PUT /tmp/ktest-kernel.tar.gz 9s
PUT /tmp/ktest-kernel.tar.gz 9s
PUT /tmp/ktest-kernel.tar.gz 9s
PUT /tmp/ktest-kernel.tar.gz 9s
PUT /tmp/ktest-lustre.tar.gz 5s
PUT /tmp/ktest-lustre.tar.gz 5s
PUT /tmp/ktest-lustre.tar.gz 5s
PUT /tmp/ktest-lustre.tar.gz 5s
PUT /tmp/ktest-lustre.tar.gz 5s
PUT /tmp/ktest-lustre.tar.gz 4s
END checkpatch tool checkpatch PASS 17s
END lustre_al2023 build tests/fs/lustre/boot.ktest PASS 76s
END lustre_u24 build tests/fs/lustre/boot.ktest PASS 79s
GET /tmp/ktest_lustre_mainline_strict_4vfxnesk.tar 4s
END lustre_mainline_strict build tests/fs/lustre/boot-strict.ktest FAIL 119s (exit code: 1)
GET /tmp/ktest_lustre_mainline_optqil9o.tar 3s
GET /tmp/ktest_lustre_mainline_native_ji1rdvsm.tar 3s
END lustre_mainline build tests/fs/lustre/boot.ktest PASS 138s
END lustre_mainline_native build tests/fs/lustre/boot.ktest PASS 140s
START clang-tidy tool clang-tidy
START cc-plugin tool cc-plugin
START boot run tests/fs/lustre/boot.ktest
START llmount run tests/fs/lustre/llmount.ktest
START llog-unit run tests/fs/lustre/llog-unit.ktest
START mgs-setup run tests/fs/lustre/mgs-setup.ktest
START sanity-1 run tests/fs/lustre/sanity/sanity-1.ktest
START sanity-2 run tests/fs/lustre/sanity/sanity-2.ktest
START sanity-3 run tests/fs/lustre/sanity/sanity-3.ktest
START sanity-4 run tests/fs/lustre/sanity/sanity-4.ktest
PUT /tmp/ktest-kernel.tar.gz 37s
PUT /tmp/ktest_lustre_mainline_native_ji1rdvsm.tar 42s
PUT /tmp/ktest_lustre_mainline_native_ji1rdvsm.tar 42s
PUT /tmp/ktest_lustre_mainline_native_ji1rdvsm.tar 42s
PUT /tmp/ktest_lustre_mainline_native_ji1rdvsm.tar 42s
PUT /tmp/ktest_lustre_mainline_native_ji1rdvsm.tar 42s
PUT /tmp/ktest_lustre_mainline_native_ji1rdvsm.tar 42s
PUT /tmp/ktest_lustre_mainline_native_ji1rdvsm.tar 42s
PUT /tmp/ktest-kernel.tar.gz 42s
PUT /tmp/ktest_lustre_mainline_native_ji1rdvsm.tar 42s
PUT /tmp/ktest-lustre.tar.gz 79s
PUT /tmp/ktest-lustre.tar.gz 95s
PUT /tmp/ktest_lustre_mainline_native_ji1rdvsm.tar 8s
PUT /tmp/ktest_lustre_mainline_native_ji1rdvsm.tar 18s
END cc-plugin tool cc-plugin FAIL 144s (exit code: 127)
END clang-tidy tool clang-tidy PASS 165s
END boot run tests/fs/lustre/boot.ktest PASS 167s
END mgs-setup run tests/fs/lustre/mgs-setup.ktest PASS 169s
END sanity-3 run tests/fs/lustre/sanity/sanity-3.ktest PASS 178s
END sanity-2 run tests/fs/lustre/sanity/sanity-2.ktest PASS 180s
END sanity-4 run tests/fs/lustre/sanity/sanity-4.ktest PASS 181s
END sanity-1 run tests/fs/lustre/sanity/sanity-1.ktest PASS 208s
END llog-unit run tests/fs/lustre/llog-unit.ktest PASS 258s
END llmount run tests/fs/lustre/llmount.ktest PASS 268s

============================================================
Final Results:
  checkpatch: PASS (17s) (log: /var/www/ci-lustre/upstream-patch-review/1cb6bffbf85b873cfdc68bea9ba42bdc8014928f_checkpatch.log)
  lustre_u24: PASS (79s) (log: /var/www/ci-lustre/upstream-patch-review/1cb6bffbf85b873cfdc68bea9ba42bdc8014928f_lustre_u24.log)
  lustre_al2023: PASS (76s) (log: /var/www/ci-lustre/upstream-patch-review/1cb6bffbf85b873cfdc68bea9ba42bdc8014928f_lustre_al2023.log)
  lustre_mainline_strict: FAIL (119s) (log: /var/www/ci-lustre/upstream-patch-review/1cb6bffbf85b873cfdc68bea9ba42bdc8014928f_lustre_mainline_strict.log)
  lustre_mainline: PASS (138s) (log: /var/www/ci-lustre/upstream-patch-review/1cb6bffbf85b873cfdc68bea9ba42bdc8014928f_lustre_mainline.log)
  lustre_mainline_native: PASS (140s) (log: /var/www/ci-lustre/upstream-patch-review/1cb6bffbf85b873cfdc68bea9ba42bdc8014928f_lustre_mainline_native.log)
  clang-tidy: PASS (165s) (log: /var/www/ci-lustre/upstream-patch-review/1cb6bffbf85b873cfdc68bea9ba42bdc8014928f_clang-tidy.log)
  cc-plugin: FAIL (144s) (log: /var/www/ci-lustre/upstream-patch-review/1cb6bffbf85b873cfdc68bea9ba42bdc8014928f_cc-plugin.log)
  boot: PASS (167s) (log: /var/www/ci-lustre/upstream-patch-review/1cb6bffbf85b873cfdc68bea9ba42bdc8014928f_boot.log)
  llmount: PASS (268s) (log: /var/www/ci-lustre/upstream-patch-review/1cb6bffbf85b873cfdc68bea9ba42bdc8014928f_llmount.log)
  llog-unit: PASS (258s) (log: /var/www/ci-lustre/upstream-patch-review/1cb6bffbf85b873cfdc68bea9ba42bdc8014928f_llog-unit.log)
  mgs-setup: PASS (169s) (log: /var/www/ci-lustre/upstream-patch-review/1cb6bffbf85b873cfdc68bea9ba42bdc8014928f_mgs-setup.log)
  sanity-1: PASS (208s) (log: /var/www/ci-lustre/upstream-patch-review/1cb6bffbf85b873cfdc68bea9ba42bdc8014928f_sanity-1.log)
  sanity-2: PASS (180s) (log: /var/www/ci-lustre/upstream-patch-review/1cb6bffbf85b873cfdc68bea9ba42bdc8014928f_sanity-2.log)
  sanity-3: PASS (178s) (log: /var/www/ci-lustre/upstream-patch-review/1cb6bffbf85b873cfdc68bea9ba42bdc8014928f_sanity-3.log)
  sanity-4: PASS (181s) (log: /var/www/ci-lustre/upstream-patch-review/1cb6bffbf85b873cfdc68bea9ba42bdc8014928f_sanity-4.log)

Total execution time: 438s
