CLI: ./podman-ktest --podman-socket unix:///run/podman/podman.sock --shared-filesystem /tmp --tarball-input job mainline-zfs --output /var/www/ci-lustre/upstream-patch-review --git-hash 1cf465d79a3b3055d89bdcfca496436ea0fca4c0_mainline-zfs --change-id master_1cf465d79a3b3055d89bdcfca496436ea0fca4c0_mainline-zfs --subject [mainline-zfs] Main development branch

Environment validated successfully
Note: custom LLVM is not synced in tarball input mode
Creating kernel tarball at /tmp/ktest-kernel.tar.gz...
Creating lustre tarball at /tmp/ktest-lustre.tar.gz...
Creating ZFS tarball at /tmp/ktest-zfs.tar.gz...
Executing 11 jobs
Jobs will start as soon as their dependencies are satisfied
Using tarball input mode

START ml-zfs-llmount:lustre_mainline build tests/fs/lustre/llmount.ktest
START ml-zfs-miscvm:lustre_mainline_native build tests/fs/lustre/boot.ktest
PUT /tmp/ktest-kernel.tar.gz 5s
PUT /tmp/ktest-kernel.tar.gz 5s
PUT /tmp/ktest-lustre.tar.gz 1s
PUT /tmp/ktest-lustre.tar.gz 0s
PUT /tmp/ktest-zfs.tar.gz 0s
PUT /tmp/ktest-zfs.tar.gz 0s
GET /tmp/ktest_ml-zfs-miscvm:lustre_mainline_native_uu21dhc1.tar 0s
GET /tmp/ktest_ml-zfs-llmount:lustre_mainline_dxktgb35.tar 0s
END ml-zfs-miscvm:lustre_mainline_native build tests/fs/lustre/boot.ktest PASS 165s
START ml-zfs-miscvm:boot run tests/fs/lustre/boot.ktest
START ml-zfs-miscvm:llmount run tests/fs/lustre/llmount.ktest
START ml-zfs-miscvm:llog-unit run tests/fs/lustre/llog-unit.ktest
START ml-zfs-miscvm:mgs-setup run tests/fs/lustre/mgs-setup.ktest
START ml-zfs-miscvm:sanity-1 run tests/fs/lustre/sanity/sanity-1.ktest
START ml-zfs-miscvm:sanity-2 run tests/fs/lustre/sanity/sanity-2.ktest
START ml-zfs-miscvm:sanity-3 run tests/fs/lustre/sanity/sanity-3.ktest
START ml-zfs-miscvm:sanity-4 run tests/fs/lustre/sanity/sanity-4.ktest
END ml-zfs-llmount:lustre_mainline build tests/fs/lustre/llmount.ktest PASS 166s
START ml-zfs-llmount:boot run tests/fs/lustre/llmount.ktest
PUT /tmp/ktest-kernel.tar.gz 21s
PUT /tmp/ktest-kernel.tar.gz 21s
PUT /tmp/ktest-kernel.tar.gz 21s
PUT /tmp/ktest-kernel.tar.gz 21s
PUT /tmp/ktest-kernel.tar.gz 21s
PUT /tmp/ktest-kernel.tar.gz 22s
PUT /tmp/ktest-kernel.tar.gz 22s
PUT /tmp/ktest-kernel.tar.gz 22s
PUT /tmp/ktest-kernel.tar.gz 22s
PUT /tmp/ktest-lustre.tar.gz 9s
PUT /tmp/ktest-lustre.tar.gz 9s
PUT /tmp/ktest-lustre.tar.gz 8s
PUT /tmp/ktest-lustre.tar.gz 9s
PUT /tmp/ktest-lustre.tar.gz 9s
PUT /tmp/ktest-lustre.tar.gz 8s
PUT /tmp/ktest-lustre.tar.gz 9s
PUT /tmp/ktest-lustre.tar.gz 9s
PUT /tmp/ktest-lustre.tar.gz 9s
PUT /tmp/ktest_ml-zfs-llmount:lustre_mainline_dxktgb35.tar 1s
PUT /tmp/ktest_ml-zfs-miscvm:lustre_mainline_native_uu21dhc1.tar 1s
PUT /tmp/ktest_ml-zfs-miscvm:lustre_mainline_native_uu21dhc1.tar 1s
PUT /tmp/ktest_ml-zfs-miscvm:lustre_mainline_native_uu21dhc1.tar 1s
PUT /tmp/ktest_ml-zfs-miscvm:lustre_mainline_native_uu21dhc1.tar 1s
PUT /tmp/ktest_ml-zfs-miscvm:lustre_mainline_native_uu21dhc1.tar 1s
PUT /tmp/ktest_ml-zfs-miscvm:lustre_mainline_native_uu21dhc1.tar 1s
PUT /tmp/ktest_ml-zfs-miscvm:lustre_mainline_native_uu21dhc1.tar 1s
PUT /tmp/ktest_ml-zfs-miscvm:lustre_mainline_native_uu21dhc1.tar 1s
END ml-zfs-miscvm:boot run tests/fs/lustre/boot.ktest PASS 86s
END ml-zfs-miscvm:mgs-setup run tests/fs/lustre/mgs-setup.ktest PASS 93s
END ml-zfs-llmount:boot run tests/fs/lustre/llmount.ktest PASS 122s
END ml-zfs-miscvm:llmount run tests/fs/lustre/llmount.ktest PASS 124s
END ml-zfs-miscvm:sanity-1 run tests/fs/lustre/sanity/sanity-1.ktest PASS 126s
END ml-zfs-miscvm:sanity-3 run tests/fs/lustre/sanity/sanity-3.ktest PASS 129s
END ml-zfs-miscvm:sanity-4 run tests/fs/lustre/sanity/sanity-4.ktest PASS 130s
END ml-zfs-miscvm:sanity-2 run tests/fs/lustre/sanity/sanity-2.ktest PASS 132s
END ml-zfs-miscvm:llog-unit run tests/fs/lustre/llog-unit.ktest FAIL 309s (exit code: 1)

============================================================
Final Results:
  ml-zfs-llmount:lustre_mainline: PASS (166s) (log: /var/www/ci-lustre/upstream-patch-review/1cf465d79a3b3055d89bdcfca496436ea0fca4c0_mainline-zfs_ml-zfs-llmount:lustre_mainline.log)
  ml-zfs-llmount:boot: PASS (122s) (log: /var/www/ci-lustre/upstream-patch-review/1cf465d79a3b3055d89bdcfca496436ea0fca4c0_mainline-zfs_ml-zfs-llmount:boot.log)
  ml-zfs-miscvm:lustre_mainline_native: PASS (165s) (log: /var/www/ci-lustre/upstream-patch-review/1cf465d79a3b3055d89bdcfca496436ea0fca4c0_mainline-zfs_ml-zfs-miscvm:lustre_mainline_native.log)
  ml-zfs-miscvm:boot: PASS (86s) (log: /var/www/ci-lustre/upstream-patch-review/1cf465d79a3b3055d89bdcfca496436ea0fca4c0_mainline-zfs_ml-zfs-miscvm:boot.log)
  ml-zfs-miscvm:llmount: PASS (124s) (log: /var/www/ci-lustre/upstream-patch-review/1cf465d79a3b3055d89bdcfca496436ea0fca4c0_mainline-zfs_ml-zfs-miscvm:llmount.log)
  ml-zfs-miscvm:llog-unit: FAIL (309s) (log: /var/www/ci-lustre/upstream-patch-review/1cf465d79a3b3055d89bdcfca496436ea0fca4c0_mainline-zfs_ml-zfs-miscvm:llog-unit.log)
  ml-zfs-miscvm:mgs-setup: PASS (93s) (log: /var/www/ci-lustre/upstream-patch-review/1cf465d79a3b3055d89bdcfca496436ea0fca4c0_mainline-zfs_ml-zfs-miscvm:mgs-setup.log)
  ml-zfs-miscvm:sanity-1: PASS (126s) (log: /var/www/ci-lustre/upstream-patch-review/1cf465d79a3b3055d89bdcfca496436ea0fca4c0_mainline-zfs_ml-zfs-miscvm:sanity-1.log)
  ml-zfs-miscvm:sanity-2: PASS (132s) (log: /var/www/ci-lustre/upstream-patch-review/1cf465d79a3b3055d89bdcfca496436ea0fca4c0_mainline-zfs_ml-zfs-miscvm:sanity-2.log)
  ml-zfs-miscvm:sanity-3: PASS (129s) (log: /var/www/ci-lustre/upstream-patch-review/1cf465d79a3b3055d89bdcfca496436ea0fca4c0_mainline-zfs_ml-zfs-miscvm:sanity-3.log)
  ml-zfs-miscvm:sanity-4: PASS (130s) (log: /var/www/ci-lustre/upstream-patch-review/1cf465d79a3b3055d89bdcfca496436ea0fca4c0_mainline-zfs_ml-zfs-miscvm:sanity-4.log)

Total execution time: 505s
