WARNING:LONG_LINE: line length of 114 exceeds 100 columns
#882: FILE: lustre/tests/sanityn.sh:5958:
+		$ostsvc.nrs_tbf_rule="start\ $rule_name\ uid={$RUNAS_ID}\ rate=$rate_str\ minrate=$minrate_str" ||

WARNING:LONG_LINE_STRING: line length of 136 exceeds 100 columns
#945: FILE: lustre/tests/sanityn.sh:5990:
+	echo "Runas read rate: $runas_rate RPC/s (ceiling: $rpc_rate, floor: $expected_rpc_rate, pass range: $min_allowed-$max_allowed)"

WARNING:LONG_LINE_STRING: line length of 106 exceeds 100 columns
#947: FILE: lustre/tests/sanityn.sh:5992:
+		error "runas rate ($runas_rate) exceeds rate ceiling ($rpc_rate) by more than $tolerance%"

WARNING:LONG_LINE_STRING: line length of 114 exceeds 100 columns
#949: FILE: lustre/tests/sanityn.sh:5994:
+		error "runas rate ($runas_rate) below minrate floor ($expected_rpc_rate) by more than $tolerance%"

WARNING:LONG_LINE: line length of 134 exceeds 100 columns
#958: FILE: lustre/tests/sanityn.sh:6003:
+			$ostsvc.nrs_tbf_rule="start\ $rule_name\ uid={$RUNAS_ID}\ rate=$rate_str\ minrate=$minrate_str\ realtime=1" ||

WARNING:LONG_LINE_STRING: line length of 153 exceeds 100 columns
#975: FILE: lustre/tests/sanityn.sh:6019:
+		echo "Realtime runas read rate: $runas_rate RPC/s (ceiling: $rpc_rate, floor: $expected_rpc_rate, pass range: $min_allowed-$max_allowed)"

WARNING:LONG_LINE_STRING: line length of 114 exceeds 100 columns
#977: FILE: lustre/tests/sanityn.sh:6021:
+			error "runas rate ($runas_rate) exceeds rate ceiling ($rpc_rate) by more than $tolerance%"

WARNING:LONG_LINE_STRING: line length of 122 exceeds 100 columns
#979: FILE: lustre/tests/sanityn.sh:6023:
+			error "runas rate ($runas_rate) below minrate floor ($expected_rpc_rate) by more than $tolerance%"

total: 0 errors, 8 warnings, 1104 lines checked

NOTE: For some of the reported defects, checkpatch may be able to
      mechanically convert to the typical style using --fix or --fix-inplace.

Your patch has style problems, please review.

NOTE: If any of the errors are false positives, please report
      them to the maintainer, see CHECKPATCH in MAINTAINERS.
