CLI: ./podman-ktest --podman-socket unix:///run/podman/podman.sock --shared-filesystem /tmp --tarball-input job lustre-ci --output /var/www/ci-lustre/upstream-patch-review --git-hash 1e04c1bb1707354bcfebe3373fed9a00f2d003a7 --change-id 57454_1e04c1bb1707354bcfebe3373fed9a00f2d003a7 --subject LU-18461 layout: allow to be started from zero offset.

  Checking /dev/kvm exists... OK
  Checking /dev/kvm permissions... OK
  Creating ccache directory... OK
  Checking ccache directory writable... OK

Environment validated successfully
Creating kernel tarball at /tmp/ktest-kernel.tar.gz...
Creating lustre tarball at /tmp/ktest-lustre.tar.gz...
Executing 16 jobs
Jobs will start as soon as their dependencies are satisfied
Using tarball input mode

START checkpatch tool checkpatch
START lustre_al2023 build tests/fs/lustre/boot.ktest
START lustre_u24 build tests/fs/lustre/boot.ktest
START lustre_mainline_strict build tests/fs/lustre/boot-strict.ktest
START lustre_mainline build tests/fs/lustre/boot.ktest
START lustre_mainline_native build tests/fs/lustre/boot.ktest
PUT /tmp/ktest-kernel.tar.gz 7s
PUT /tmp/ktest-kernel.tar.gz 7s
PUT /tmp/ktest-kernel.tar.gz 8s
PUT /tmp/ktest-kernel.tar.gz 8s
PUT /tmp/ktest-kernel.tar.gz 8s
PUT /tmp/ktest-kernel.tar.gz 8s
PUT /tmp/ktest-lustre.tar.gz 2s
PUT /tmp/ktest-lustre.tar.gz 2s
PUT /tmp/ktest-lustre.tar.gz 2s
PUT /tmp/ktest-lustre.tar.gz 2s
PUT /tmp/ktest-lustre.tar.gz 2s
PUT /tmp/ktest-lustre.tar.gz 2s
END checkpatch tool checkpatch FAIL 13s (exit code: 1)
END lustre_al2023 build tests/fs/lustre/boot.ktest PASS 70s
END lustre_u24 build tests/fs/lustre/boot.ktest PASS 72s
GET /tmp/ktest_lustre_mainline_strict_04_jb3rm.tar 5s
END lustre_mainline_strict build tests/fs/lustre/boot-strict.ktest FAIL 142s (exit code: 1)
GET /tmp/ktest_lustre_mainline_native_rrglxz8z.tar 3s
GET /tmp/ktest_lustre_mainline_7u95h_z3.tar 3s
END lustre_mainline_native build tests/fs/lustre/boot.ktest PASS 157s
START clang-tidy tool clang-tidy
START cc-plugin tool cc-plugin
START boot run tests/fs/lustre/boot.ktest
START llmount run tests/fs/lustre/llmount.ktest
START llog-unit run tests/fs/lustre/llog-unit.ktest
START mgs-setup run tests/fs/lustre/mgs-setup.ktest
START sanity-1 run tests/fs/lustre/sanity/sanity-1.ktest
START sanity-2 run tests/fs/lustre/sanity/sanity-2.ktest
START sanity-3 run tests/fs/lustre/sanity/sanity-3.ktest
START sanity-4 run tests/fs/lustre/sanity/sanity-4.ktest
END lustre_mainline build tests/fs/lustre/boot.ktest PASS 158s
PUT /tmp/ktest-kernel.tar.gz 15s
PUT /tmp/ktest_lustre_mainline_native_rrglxz8z.tar 18s
PUT /tmp/ktest_lustre_mainline_native_rrglxz8z.tar 18s
PUT /tmp/ktest_lustre_mainline_native_rrglxz8z.tar 18s
PUT /tmp/ktest_lustre_mainline_native_rrglxz8z.tar 18s
PUT /tmp/ktest_lustre_mainline_native_rrglxz8z.tar 18s
PUT /tmp/ktest_lustre_mainline_native_rrglxz8z.tar 18s
PUT /tmp/ktest_lustre_mainline_native_rrglxz8z.tar 18s
PUT /tmp/ktest_lustre_mainline_native_rrglxz8z.tar 18s
PUT /tmp/ktest-kernel.tar.gz 18s
PUT /tmp/ktest-lustre.tar.gz 23s
PUT /tmp/ktest-lustre.tar.gz 27s
PUT /tmp/ktest_lustre_mainline_native_rrglxz8z.tar 9s
PUT /tmp/ktest_lustre_mainline_native_rrglxz8z.tar 3s
END cc-plugin tool cc-plugin FAIL 53s (exit code: 127)
END boot run tests/fs/lustre/boot.ktest PASS 63s
END clang-tidy tool clang-tidy PASS 80s
END mgs-setup run tests/fs/lustre/mgs-setup.ktest PASS 81s
END sanity-1 run tests/fs/lustre/sanity/sanity-1.ktest PASS 90s
END sanity-2 run tests/fs/lustre/sanity/sanity-2.ktest PASS 95s
END sanity-4 run tests/fs/lustre/sanity/sanity-4.ktest PASS 101s
END sanity-3 run tests/fs/lustre/sanity/sanity-3.ktest PASS 113s
END llog-unit run tests/fs/lustre/llog-unit.ktest PASS 161s
END llmount run tests/fs/lustre/llmount.ktest PASS 176s

============================================================
Final Results:
  checkpatch: FAIL (13s) (log: /var/www/ci-lustre/upstream-patch-review/1e04c1bb1707354bcfebe3373fed9a00f2d003a7_checkpatch.log)
  lustre_u24: PASS (72s) (log: /var/www/ci-lustre/upstream-patch-review/1e04c1bb1707354bcfebe3373fed9a00f2d003a7_lustre_u24.log)
  lustre_al2023: PASS (70s) (log: /var/www/ci-lustre/upstream-patch-review/1e04c1bb1707354bcfebe3373fed9a00f2d003a7_lustre_al2023.log)
  lustre_mainline_strict: FAIL (142s) (log: /var/www/ci-lustre/upstream-patch-review/1e04c1bb1707354bcfebe3373fed9a00f2d003a7_lustre_mainline_strict.log)
  lustre_mainline: PASS (158s) (log: /var/www/ci-lustre/upstream-patch-review/1e04c1bb1707354bcfebe3373fed9a00f2d003a7_lustre_mainline.log)
  lustre_mainline_native: PASS (157s) (log: /var/www/ci-lustre/upstream-patch-review/1e04c1bb1707354bcfebe3373fed9a00f2d003a7_lustre_mainline_native.log)
  clang-tidy: PASS (80s) (log: /var/www/ci-lustre/upstream-patch-review/1e04c1bb1707354bcfebe3373fed9a00f2d003a7_clang-tidy.log)
  cc-plugin: FAIL (53s) (log: /var/www/ci-lustre/upstream-patch-review/1e04c1bb1707354bcfebe3373fed9a00f2d003a7_cc-plugin.log)
  boot: PASS (63s) (log: /var/www/ci-lustre/upstream-patch-review/1e04c1bb1707354bcfebe3373fed9a00f2d003a7_boot.log)
  llmount: PASS (176s) (log: /var/www/ci-lustre/upstream-patch-review/1e04c1bb1707354bcfebe3373fed9a00f2d003a7_llmount.log)
  llog-unit: PASS (161s) (log: /var/www/ci-lustre/upstream-patch-review/1e04c1bb1707354bcfebe3373fed9a00f2d003a7_llog-unit.log)
  mgs-setup: PASS (81s) (log: /var/www/ci-lustre/upstream-patch-review/1e04c1bb1707354bcfebe3373fed9a00f2d003a7_mgs-setup.log)
  sanity-1: PASS (90s) (log: /var/www/ci-lustre/upstream-patch-review/1e04c1bb1707354bcfebe3373fed9a00f2d003a7_sanity-1.log)
  sanity-2: PASS (95s) (log: /var/www/ci-lustre/upstream-patch-review/1e04c1bb1707354bcfebe3373fed9a00f2d003a7_sanity-2.log)
  sanity-3: PASS (113s) (log: /var/www/ci-lustre/upstream-patch-review/1e04c1bb1707354bcfebe3373fed9a00f2d003a7_sanity-3.log)
  sanity-4: PASS (101s) (log: /var/www/ci-lustre/upstream-patch-review/1e04c1bb1707354bcfebe3373fed9a00f2d003a7_sanity-4.log)

Total execution time: 363s
