CLI: ./podman-ktest --podman-socket unix:///run/podman/podman.sock --shared-filesystem /tmp --tarball-input job lustre-ci --output /var/www/ci-lustre/upstream-patch-review --git-hash 1fad590f3683ebf608e1d1ff1591b0712200bc0f --change-id 64016_1fad590f3683ebf608e1d1ff1591b0712200bc0f --subject LU-12668 tests: add EC recovery core tests

  Checking /dev/kvm exists... OK
  Checking /dev/kvm permissions... OK
  Creating ccache directory... OK
  Checking ccache directory writable... OK

Environment validated successfully
Creating kernel tarball at /tmp/ktest-kernel.tar.gz...
Creating lustre tarball at /tmp/ktest-lustre.tar.gz...
Executing 16 jobs
Jobs will start as soon as their dependencies are satisfied
Using tarball input mode

START lustre_u24 build tests/fs/lustre/boot.ktest
START lustre_al2023 build tests/fs/lustre/boot.ktest
START checkpatch tool checkpatch
START lustre_mainline build tests/fs/lustre/boot.ktest
START lustre_mainline_strict build tests/fs/lustre/boot-strict.ktest
START lustre_mainline_native build tests/fs/lustre/boot.ktest
PUT /tmp/ktest-kernel.tar.gz 11s
PUT /tmp/ktest-kernel.tar.gz 11s
PUT /tmp/ktest-kernel.tar.gz 11s
PUT /tmp/ktest-kernel.tar.gz 11s
PUT /tmp/ktest-kernel.tar.gz 11s
PUT /tmp/ktest-kernel.tar.gz 11s
PUT /tmp/ktest-lustre.tar.gz 6s
PUT /tmp/ktest-lustre.tar.gz 6s
PUT /tmp/ktest-lustre.tar.gz 6s
PUT /tmp/ktest-lustre.tar.gz 6s
PUT /tmp/ktest-lustre.tar.gz 6s
PUT /tmp/ktest-lustre.tar.gz 7s
END checkpatch tool checkpatch PASS 21s
END lustre_al2023 build tests/fs/lustre/boot.ktest PASS 83s
END lustre_u24 build tests/fs/lustre/boot.ktest PASS 85s
GET /tmp/ktest_lustre_mainline_strict_acwy2u7c.tar 4s
END lustre_mainline_strict build tests/fs/lustre/boot-strict.ktest FAIL 125s (exit code: 1)
GET /tmp/ktest_lustre_mainline_native_sannyu34.tar 3s
GET /tmp/ktest_lustre_mainline_2gilkag4.tar 3s
END lustre_mainline_native build tests/fs/lustre/boot.ktest PASS 146s
START clang-tidy tool clang-tidy
START cc-plugin tool cc-plugin
START boot run tests/fs/lustre/boot.ktest
START llmount run tests/fs/lustre/llmount.ktest
START llog-unit run tests/fs/lustre/llog-unit.ktest
START mgs-setup run tests/fs/lustre/mgs-setup.ktest
START sanity-1 run tests/fs/lustre/sanity/sanity-1.ktest
START sanity-2 run tests/fs/lustre/sanity/sanity-2.ktest
START sanity-3 run tests/fs/lustre/sanity/sanity-3.ktest
START sanity-4 run tests/fs/lustre/sanity/sanity-4.ktest
END lustre_mainline build tests/fs/lustre/boot.ktest PASS 147s
PUT /tmp/ktest-kernel.tar.gz 49s
PUT /tmp/ktest-kernel.tar.gz 49s
PUT /tmp/ktest_lustre_mainline_native_sannyu34.tar 49s
PUT /tmp/ktest_lustre_mainline_native_sannyu34.tar 49s
PUT /tmp/ktest_lustre_mainline_native_sannyu34.tar 49s
PUT /tmp/ktest_lustre_mainline_native_sannyu34.tar 49s
PUT /tmp/ktest_lustre_mainline_native_sannyu34.tar 49s
PUT /tmp/ktest_lustre_mainline_native_sannyu34.tar 49s
PUT /tmp/ktest_lustre_mainline_native_sannyu34.tar 49s
PUT /tmp/ktest_lustre_mainline_native_sannyu34.tar 49s
PUT /tmp/ktest-lustre.tar.gz 86s
PUT /tmp/ktest-lustre.tar.gz 88s
PUT /tmp/ktest_lustre_mainline_native_sannyu34.tar 18s
PUT /tmp/ktest_lustre_mainline_native_sannyu34.tar 16s
END cc-plugin tool cc-plugin FAIL 159s (exit code: 127)
END mgs-setup run tests/fs/lustre/mgs-setup.ktest PASS 165s
END clang-tidy tool clang-tidy PASS 176s
END boot run tests/fs/lustre/boot.ktest PASS 176s
END sanity-4 run tests/fs/lustre/sanity/sanity-4.ktest PASS 186s
END sanity-3 run tests/fs/lustre/sanity/sanity-3.ktest PASS 190s
END sanity-1 run tests/fs/lustre/sanity/sanity-1.ktest PASS 196s
END sanity-2 run tests/fs/lustre/sanity/sanity-2.ktest PASS 215s
END llog-unit run tests/fs/lustre/llog-unit.ktest PASS 250s
END llmount run tests/fs/lustre/llmount.ktest PASS 264s

============================================================
Final Results:
  checkpatch: PASS (21s) (log: /var/www/ci-lustre/upstream-patch-review/1fad590f3683ebf608e1d1ff1591b0712200bc0f_checkpatch.log)
  lustre_u24: PASS (85s) (log: /var/www/ci-lustre/upstream-patch-review/1fad590f3683ebf608e1d1ff1591b0712200bc0f_lustre_u24.log)
  lustre_al2023: PASS (83s) (log: /var/www/ci-lustre/upstream-patch-review/1fad590f3683ebf608e1d1ff1591b0712200bc0f_lustre_al2023.log)
  lustre_mainline_strict: FAIL (125s) (log: /var/www/ci-lustre/upstream-patch-review/1fad590f3683ebf608e1d1ff1591b0712200bc0f_lustre_mainline_strict.log)
  lustre_mainline: PASS (147s) (log: /var/www/ci-lustre/upstream-patch-review/1fad590f3683ebf608e1d1ff1591b0712200bc0f_lustre_mainline.log)
  lustre_mainline_native: PASS (146s) (log: /var/www/ci-lustre/upstream-patch-review/1fad590f3683ebf608e1d1ff1591b0712200bc0f_lustre_mainline_native.log)
  clang-tidy: PASS (176s) (log: /var/www/ci-lustre/upstream-patch-review/1fad590f3683ebf608e1d1ff1591b0712200bc0f_clang-tidy.log)
  cc-plugin: FAIL (159s) (log: /var/www/ci-lustre/upstream-patch-review/1fad590f3683ebf608e1d1ff1591b0712200bc0f_cc-plugin.log)
  boot: PASS (176s) (log: /var/www/ci-lustre/upstream-patch-review/1fad590f3683ebf608e1d1ff1591b0712200bc0f_boot.log)
  llmount: PASS (264s) (log: /var/www/ci-lustre/upstream-patch-review/1fad590f3683ebf608e1d1ff1591b0712200bc0f_llmount.log)
  llog-unit: PASS (250s) (log: /var/www/ci-lustre/upstream-patch-review/1fad590f3683ebf608e1d1ff1591b0712200bc0f_llog-unit.log)
  mgs-setup: PASS (165s) (log: /var/www/ci-lustre/upstream-patch-review/1fad590f3683ebf608e1d1ff1591b0712200bc0f_mgs-setup.log)
  sanity-1: PASS (196s) (log: /var/www/ci-lustre/upstream-patch-review/1fad590f3683ebf608e1d1ff1591b0712200bc0f_sanity-1.log)
  sanity-2: PASS (215s) (log: /var/www/ci-lustre/upstream-patch-review/1fad590f3683ebf608e1d1ff1591b0712200bc0f_sanity-2.log)
  sanity-3: PASS (190s) (log: /var/www/ci-lustre/upstream-patch-review/1fad590f3683ebf608e1d1ff1591b0712200bc0f_sanity-3.log)
  sanity-4: PASS (186s) (log: /var/www/ci-lustre/upstream-patch-review/1fad590f3683ebf608e1d1ff1591b0712200bc0f_sanity-4.log)

Total execution time: 440s
