CLI: ./podman-ktest --podman-socket unix:///run/podman/podman.sock --shared-filesystem /tmp --tarball-input job lustre-ci --output /var/www/ci-lustre/upstream-patch-review --git-hash 2064111a3b08b03cdcd075dbe61550a2ded557e2 --change-id 63511_2064111a3b08b03cdcd075dbe61550a2ded557e2 --subject LU-19809 utils: Fixes lfs migrate to return correct exit code

  Checking /dev/kvm exists... OK
  Checking /dev/kvm permissions... OK
  Creating ccache directory... OK
  Checking ccache directory writable... OK

Environment validated successfully
Creating kernel tarball at /tmp/ktest-kernel.tar.gz...
Creating lustre tarball at /tmp/ktest-lustre.tar.gz...
Creating ZFS tarball at /tmp/ktest-zfs.tar.gz...
Executing 15 jobs
Jobs will start as soon as their dependencies are satisfied
Using tarball input mode

START u24 build tests/fs/lustre/boot.ktest
START checkpatch tool checkpatch
START lustre_mainline_strict build tests/fs/lustre/boot-strict.ktest
START lustre_mainline build tests/fs/lustre/boot.ktest
START al2023 build tests/fs/lustre/boot.ktest
START lustre_mainline_native build tests/fs/lustre/boot.ktest
PUT /tmp/ktest-lustre.tar.gz 1s
PUT /tmp/ktest-lustre.tar.gz 1s
PUT /tmp/ktest-kernel.tar.gz 9s
PUT /tmp/ktest-kernel.tar.gz 9s
PUT /tmp/ktest-kernel.tar.gz 9s
PUT /tmp/ktest-kernel.tar.gz 9s
PUT /tmp/ktest-lustre.tar.gz 4s
PUT /tmp/ktest-lustre.tar.gz 4s
PUT /tmp/ktest-lustre.tar.gz 4s
PUT /tmp/ktest-lustre.tar.gz 5s
PUT /tmp/ktest-zfs.tar.gz 0s
PUT /tmp/ktest-zfs.tar.gz 0s
PUT /tmp/ktest-zfs.tar.gz 0s
END checkpatch tool checkpatch PASS 16s
END al2023 build tests/fs/lustre/boot.ktest PASS 65s
END u24 build tests/fs/lustre/boot.ktest PASS 79s
GET /tmp/ktest_lustre_mainline_strict__54m_swo.tar 5s
END lustre_mainline_strict build tests/fs/lustre/boot-strict.ktest FAIL 147s (exit code: 1)
GET /tmp/ktest_lustre_mainline_wikioddn.tar 5s
GET /tmp/ktest_lustre_mainline_native_x6qp9neq.tar 6s
END lustre_mainline build tests/fs/lustre/boot.ktest PASS 153s
END lustre_mainline_native build tests/fs/lustre/boot.ktest PASS 154s
START clang-tidy tool clang-tidy
START cc-plugin tool cc-plugin
START boot run tests/fs/lustre/boot.ktest
START llmount run tests/fs/lustre/llmount.ktest
START mgs-setup run tests/fs/lustre/mgs-setup.ktest
START sanity-1 run tests/fs/lustre/sanity/sanity-1.ktest
START sanity-2 run tests/fs/lustre/sanity/sanity-2.ktest
START sanity-3 run tests/fs/lustre/sanity/sanity-3.ktest
START sanity-4 run tests/fs/lustre/sanity/sanity-4.ktest
PUT /tmp/ktest-kernel.tar.gz 23s
PUT /tmp/ktest_lustre_mainline_native_x6qp9neq.tar 41s
PUT /tmp/ktest_lustre_mainline_native_x6qp9neq.tar 41s
PUT /tmp/ktest_lustre_mainline_native_x6qp9neq.tar 42s
PUT /tmp/ktest-kernel.tar.gz 42s
PUT /tmp/ktest_lustre_mainline_native_x6qp9neq.tar 42s
PUT /tmp/ktest_lustre_mainline_native_x6qp9neq.tar 41s
PUT /tmp/ktest_lustre_mainline_native_x6qp9neq.tar 41s
PUT /tmp/ktest_lustre_mainline_native_x6qp9neq.tar 41s
PUT /tmp/ktest-lustre.tar.gz 86s
PUT /tmp/ktest-lustre.tar.gz 107s
PUT /tmp/ktest_lustre_mainline_native_x6qp9neq.tar 12s
PUT /tmp/ktest_lustre_mainline_native_x6qp9neq.tar 52s
END cc-plugin tool cc-plugin FAIL 164s (exit code: 127)
END boot run tests/fs/lustre/boot.ktest PASS 176s
END clang-tidy tool clang-tidy PASS 185s
END mgs-setup run tests/fs/lustre/mgs-setup.ktest PASS 185s
END sanity-1 run tests/fs/lustre/sanity/sanity-1.ktest PASS 202s
END sanity-2 run tests/fs/lustre/sanity/sanity-2.ktest PASS 208s
END sanity-3 run tests/fs/lustre/sanity/sanity-3.ktest PASS 226s
END sanity-4 run tests/fs/lustre/sanity/sanity-4.ktest PASS 226s
END llmount run tests/fs/lustre/llmount.ktest PASS 280s

============================================================
Final Results:
  checkpatch: PASS (16s) (log: /var/www/ci-lustre/upstream-patch-review/2064111a3b08b03cdcd075dbe61550a2ded557e2_checkpatch.log)
  u24: PASS (79s) (log: /var/www/ci-lustre/upstream-patch-review/2064111a3b08b03cdcd075dbe61550a2ded557e2_u24.log)
  al2023: PASS (65s) (log: /var/www/ci-lustre/upstream-patch-review/2064111a3b08b03cdcd075dbe61550a2ded557e2_al2023.log)
  lustre_mainline_strict: FAIL (147s) (log: /var/www/ci-lustre/upstream-patch-review/2064111a3b08b03cdcd075dbe61550a2ded557e2_lustre_mainline_strict.log)
  lustre_mainline: PASS (153s) (log: /var/www/ci-lustre/upstream-patch-review/2064111a3b08b03cdcd075dbe61550a2ded557e2_lustre_mainline.log)
  lustre_mainline_native: PASS (154s) (log: /var/www/ci-lustre/upstream-patch-review/2064111a3b08b03cdcd075dbe61550a2ded557e2_lustre_mainline_native.log)
  clang-tidy: PASS (185s) (log: /var/www/ci-lustre/upstream-patch-review/2064111a3b08b03cdcd075dbe61550a2ded557e2_clang-tidy.log)
  cc-plugin: FAIL (164s) (log: /var/www/ci-lustre/upstream-patch-review/2064111a3b08b03cdcd075dbe61550a2ded557e2_cc-plugin.log)
  boot: PASS (176s) (log: /var/www/ci-lustre/upstream-patch-review/2064111a3b08b03cdcd075dbe61550a2ded557e2_boot.log)
  llmount: PASS (280s) (log: /var/www/ci-lustre/upstream-patch-review/2064111a3b08b03cdcd075dbe61550a2ded557e2_llmount.log)
  mgs-setup: PASS (185s) (log: /var/www/ci-lustre/upstream-patch-review/2064111a3b08b03cdcd075dbe61550a2ded557e2_mgs-setup.log)
  sanity-1: PASS (202s) (log: /var/www/ci-lustre/upstream-patch-review/2064111a3b08b03cdcd075dbe61550a2ded557e2_sanity-1.log)
  sanity-2: PASS (208s) (log: /var/www/ci-lustre/upstream-patch-review/2064111a3b08b03cdcd075dbe61550a2ded557e2_sanity-2.log)
  sanity-3: PASS (226s) (log: /var/www/ci-lustre/upstream-patch-review/2064111a3b08b03cdcd075dbe61550a2ded557e2_sanity-3.log)
  sanity-4: PASS (226s) (log: /var/www/ci-lustre/upstream-patch-review/2064111a3b08b03cdcd075dbe61550a2ded557e2_sanity-4.log)

Total execution time: 466s
