00001 
00001 RDSEED32 is broken. Disabling the corresponding CPUID bit.
00006 init: failed to load nvme_core
00006 init: failed to load nvme
00006 init: failed to load zfs
00008 LNetError: 1:0:(lib-socket.c:619:lnet_inet_enumerate()) lnet: Can't find any usable interfaces, rc = -ENOENT
00008 LNetError: Error -100 starting up LNI tcp
00008 LustreError: 1:0:(events.c:627:ptlrpc_init_portals()) network initialisation failed: rc = -100
00009 init: finit_module /lib/modules/7.0.0-ktest-218b9f0-6330a45-20260723-dirty/updates/ptlrpc.ko: Network is down
00009 init: failed to load lustre
00009 init: failed to load osd_zfs
00009 init: failed to load iwlwifi
00009 init: failed to load iwlmvm
00009 init: failed to load mt7921e
00009 init: failed to load i915
00009 init: failed to load nouveau
00021 tlp: vm.laptop_mode is deprecated. Ignoring setting.
00021 Kernel version: 7.0.0-ktest-218b9f0-6330a45-20260723-dirty
00022 hook init_noop
00022 
00022 Running tests mgs-setup
00022 
00022 ========= TEST   mgs-setup
00022 /host/home/ktest/git/lustre-release/lustre/tests/test-framework.sh: line 6934: cd: HOME not set
00022 /host/home/ktest/git/lustre-release/lustre/tests/test-framework.sh: line 6934: cd: HOME not set
00022 /host/home/ktest/git/lustre-release/lustre/tests/test-framework.sh: line 6934: cd: HOME not set
00027 MGS_OS_VERSION_ID=24.04
00027 MGS_OS_ID=ubuntu
00027 MGS_OS_VERSION_CODE=402915328
00027 MGS_OS_ID_LIKE=debian ubuntu
00027 MDS1_OS_ID=ubuntu
00027 MDS1_OS_VERSION_CODE=402915328
00027 MDS1_OS_ID_LIKE=debian ubuntu
00027 MDS1_OS_VERSION_ID=24.04
00027 OST1_OS_VERSION_ID=24.04
00027 OST1_OS_VERSION_CODE=402915328
00027 OST1_OS_ID=ubuntu
00027 OST1_OS_ID_LIKE=debian ubuntu
00027 CLIENT_OS_VERSION_ID=24.04
00027 CLIENT_OS_ID_LIKE=debian ubuntu
00027 CLIENT_OS_ID=ubuntu
00027 CLIENT_OS_VERSION_CODE=402915328
00028 Loading modules from /host/home/ktest/git/lustre-release/lustre
00028 detected 16 online CPUs by sysfs
00028 MODOPTS_LIBCFS=
00028 libcfs will create CPU partition based on online CPUs
00029 LNet: Added LNI 10.0.2.15@tcp [8/256/0/180]
00029 gss/krb5 is not supported
00030 Lustre: Echo OBD driver; http://www.lustre.org/
00030 
00030 
00035 
00035 
00035 
00035 Lustre: server umount MGS0000 complete
00035 
00035 Removed directory: /mnt/lustre-eMuGGl-MGS0000
00035 
00035 ========= PASSED mgs-setup in 14s
00035 
00035 Passed: mgs-setup
00035 Failed: 
00035 NOTICE: Automounting of tracing to debugfs is deprecated and will be removed in 2030
00035 Kernel version: 7.0.0-ktest-218b9f0-6330a45-20260723-dirty
00035 TEST SUCCESS
