CLI: ./podman-ktest --podman-socket unix:///run/podman/podman.sock --shared-filesystem /tmp --tarball-input job lustre-ci --output /var/www/ci-lustre/upstream-patch-review --git-hash 21a4e5e0195f7a37ffa66dee156f4436eda579fb --change-id 66409_21a4e5e0195f7a37ffa66dee156f4436eda579fb --subject LU-18876 build: changes needed for dropping into kernel tree

  Checking /dev/kvm exists... OK
  Checking /dev/kvm permissions... OK
  Creating ccache directory... OK
  Checking ccache directory writable... OK
  Creating package output directory... OK

Environment validated successfully
Creating kernel tarball at /tmp/ktest-kernel.tar.gz...
Creating lustre tarball at /tmp/ktest-lustre.tar.gz...
Creating ZFS tarball at /tmp/ktest-zfs.tar.gz...
Executing 13 jobs
Jobs will start as soon as their dependencies are satisfied
Using tarball input mode

START al2023 build tests/fs/lustre/boot.ktest
START u24 build tests/fs/lustre/boot.ktest
START lustre_mainline_strict build tests/fs/lustre/boot-strict.ktest
START lustre_mainline_native build tests/fs/lustre/boot.ktest
START checkpatch tool checkpatch
START lustre_mainline build tests/fs/lustre/boot.ktest
PUT /tmp/ktest-lustre.tar.gz 1s
PUT /tmp/ktest-lustre.tar.gz 1s
PUT /tmp/ktest-kernel.tar.gz 6s
PUT /tmp/ktest-kernel.tar.gz 6s
PUT /tmp/ktest-kernel.tar.gz 6s
PUT /tmp/ktest-kernel.tar.gz 6s
PUT /tmp/ktest-lustre.tar.gz 1s
PUT /tmp/ktest-lustre.tar.gz 1s
PUT /tmp/ktest-lustre.tar.gz 1s
PUT /tmp/ktest-lustre.tar.gz 1s
PUT /tmp/ktest-zfs.tar.gz 0s
PUT /tmp/ktest-zfs.tar.gz 0s
PUT /tmp/ktest-zfs.tar.gz 0s
END checkpatch tool checkpatch FAIL 10s (exit code: 1)
END al2023 build tests/fs/lustre/boot.ktest PASS 56s
END u24 build tests/fs/lustre/boot.ktest PASS 58s
GET /tmp/ktest_lustre_mainline_native_pwfnex3f.tar 0s
GET /tmp/ktest_lustre_mainline_1jr17r7y.tar 0s
GET /tmp/ktest_lustre_mainline_strict_76co78n6.tar 5s
END lustre_mainline_native build tests/fs/lustre/boot.ktest PASS 172s
START boot run tests/fs/lustre/boot.ktest
START llmount run tests/fs/lustre/llmount.ktest
START mgs-setup run tests/fs/lustre/mgs-setup.ktest
START sanity-1 run tests/fs/lustre/sanity/sanity-1.ktest
START sanity-2 run tests/fs/lustre/sanity/sanity-2.ktest
START sanity-3 run tests/fs/lustre/sanity/sanity-3.ktest
START sanity-4 run tests/fs/lustre/sanity/sanity-4.ktest
END lustre_mainline build tests/fs/lustre/boot.ktest PASS 173s
END lustre_mainline_strict build tests/fs/lustre/boot-strict.ktest FAIL 174s (exit code: 1)
PUT /tmp/ktest-kernel.tar.gz 9s
PUT /tmp/ktest-kernel.tar.gz 9s
PUT /tmp/ktest-kernel.tar.gz 9s
PUT /tmp/ktest-kernel.tar.gz 9s
PUT /tmp/ktest-kernel.tar.gz 9s
PUT /tmp/ktest-kernel.tar.gz 9s
PUT /tmp/ktest-kernel.tar.gz 9s
PUT /tmp/ktest-lustre.tar.gz 2s
PUT /tmp/ktest-lustre.tar.gz 1s
PUT /tmp/ktest-lustre.tar.gz 2s
PUT /tmp/ktest-lustre.tar.gz 1s
PUT /tmp/ktest-lustre.tar.gz 1s
PUT /tmp/ktest-lustre.tar.gz 2s
PUT /tmp/ktest-lustre.tar.gz 1s
PUT /tmp/ktest_lustre_mainline_native_pwfnex3f.tar 0s
PUT /tmp/ktest_lustre_mainline_native_pwfnex3f.tar 0s
PUT /tmp/ktest_lustre_mainline_native_pwfnex3f.tar 0s
PUT /tmp/ktest_lustre_mainline_native_pwfnex3f.tar 0s
PUT /tmp/ktest_lustre_mainline_native_pwfnex3f.tar 0s
PUT /tmp/ktest_lustre_mainline_native_pwfnex3f.tar 0s
PUT /tmp/ktest_lustre_mainline_native_pwfnex3f.tar 0s
END boot run tests/fs/lustre/boot.ktest PASS 113s
END mgs-setup run tests/fs/lustre/mgs-setup.ktest PASS 123s
END sanity-1 run tests/fs/lustre/sanity/sanity-1.ktest PASS 181s
END sanity-4 run tests/fs/lustre/sanity/sanity-4.ktest PASS 189s
END sanity-3 run tests/fs/lustre/sanity/sanity-3.ktest PASS 191s
END sanity-2 run tests/fs/lustre/sanity/sanity-2.ktest PASS 192s
END llmount run tests/fs/lustre/llmount.ktest PASS 193s

============================================================
Final Results:
  checkpatch: FAIL (10s) (log: /var/www/ci-lustre/upstream-patch-review/21a4e5e0195f7a37ffa66dee156f4436eda579fb_checkpatch.log)
  u24: PASS (58s) (log: /var/www/ci-lustre/upstream-patch-review/21a4e5e0195f7a37ffa66dee156f4436eda579fb_u24.log)
  al2023: PASS (56s) (log: /var/www/ci-lustre/upstream-patch-review/21a4e5e0195f7a37ffa66dee156f4436eda579fb_al2023.log)
  lustre_mainline_strict: FAIL (174s) (log: /var/www/ci-lustre/upstream-patch-review/21a4e5e0195f7a37ffa66dee156f4436eda579fb_lustre_mainline_strict.log)
  lustre_mainline: PASS (173s) (log: /var/www/ci-lustre/upstream-patch-review/21a4e5e0195f7a37ffa66dee156f4436eda579fb_lustre_mainline.log)
  lustre_mainline_native: PASS (172s) (log: /var/www/ci-lustre/upstream-patch-review/21a4e5e0195f7a37ffa66dee156f4436eda579fb_lustre_mainline_native.log)
  boot: PASS (113s) (log: /var/www/ci-lustre/upstream-patch-review/21a4e5e0195f7a37ffa66dee156f4436eda579fb_boot.log)
  llmount: PASS (193s) (log: /var/www/ci-lustre/upstream-patch-review/21a4e5e0195f7a37ffa66dee156f4436eda579fb_llmount.log)
  mgs-setup: PASS (123s) (log: /var/www/ci-lustre/upstream-patch-review/21a4e5e0195f7a37ffa66dee156f4436eda579fb_mgs-setup.log)
  sanity-1: PASS (181s) (log: /var/www/ci-lustre/upstream-patch-review/21a4e5e0195f7a37ffa66dee156f4436eda579fb_sanity-1.log)
  sanity-2: PASS (192s) (log: /var/www/ci-lustre/upstream-patch-review/21a4e5e0195f7a37ffa66dee156f4436eda579fb_sanity-2.log)
  sanity-3: PASS (191s) (log: /var/www/ci-lustre/upstream-patch-review/21a4e5e0195f7a37ffa66dee156f4436eda579fb_sanity-3.log)
  sanity-4: PASS (189s) (log: /var/www/ci-lustre/upstream-patch-review/21a4e5e0195f7a37ffa66dee156f4436eda579fb_sanity-4.log)

Total execution time: 394s
