CLI: ./podman-ktest --podman-socket unix:///run/podman/podman.sock --shared-filesystem /tmp --tarball-input job lustre-ci --output /var/www/ci-lustre/upstream-patch-review --git-hash 21af419e2de1b5b39ee53711f4e45cb677dbc376 --change-id 67012_21af419e2de1b5b39ee53711f4e45cb677dbc376 --subject LU-20384 ptlrpc: fix sptlrpc per-network flavor matching

Environment validated successfully
Creating kernel tarball at /tmp/ktest-kernel.tar.gz...
Creating lustre tarball at /tmp/ktest-lustre.tar.gz...
Creating ZFS tarball at /tmp/ktest-zfs.tar.gz...
Executing 14 jobs
Jobs will start as soon as their dependencies are satisfied
Using tarball input mode

START checkpatch:checkpatch tool checkpatch
START ml-strict:lustre_mainline build tests/fs/lustre/boot-strict.ktest
START ml-miscvm:lustre_mainline_native build tests/fs/lustre/boot.ktest
START al2023:al2023 build tests/fs/lustre/boot.ktest
START u24:u24 build tests/fs/lustre/boot.ktest
START ml:lustre_mainline build tests/fs/lustre/boot.ktest
PUT /tmp/ktest-lustre.tar.gz 2s
PUT /tmp/ktest-lustre.tar.gz 3s
PUT /tmp/ktest-kernel.tar.gz 6s
PUT /tmp/ktest-kernel.tar.gz 6s
PUT /tmp/ktest-kernel.tar.gz 6s
PUT /tmp/ktest-kernel.tar.gz 6s
PUT /tmp/ktest-lustre.tar.gz 1s
PUT /tmp/ktest-lustre.tar.gz 1s
PUT /tmp/ktest-lustre.tar.gz 1s
PUT /tmp/ktest-lustre.tar.gz 1s
PUT /tmp/ktest-zfs.tar.gz 0s
PUT /tmp/ktest-zfs.tar.gz 0s
PUT /tmp/ktest-zfs.tar.gz 0s
END checkpatch:checkpatch tool checkpatch PASS 11s
END al2023:al2023 build tests/fs/lustre/boot.ktest PASS 56s
END u24:u24 build tests/fs/lustre/boot.ktest PASS 56s
GET /tmp/ktest_ml-strict:lustre_mainline_dxyd_pqi.tar 4s
GET /tmp/ktest_ml:lustre_mainline_7xfbkoxy.tar 7s
END ml-strict:lustre_mainline build tests/fs/lustre/boot-strict.ktest FAIL 194s (exit code: 1)
END ml:lustre_mainline build tests/fs/lustre/boot.ktest PASS 196s
GET /tmp/ktest_ml-miscvm:lustre_mainline_native_t0wysgwv.tar 15s
END ml-miscvm:lustre_mainline_native build tests/fs/lustre/boot.ktest PASS 202s
START ml-miscvm:boot run tests/fs/lustre/boot.ktest
START ml-miscvm:llmount run tests/fs/lustre/llmount.ktest
START ml-miscvm:llog-unit run tests/fs/lustre/llog-unit.ktest
START ml-miscvm:mgs-setup run tests/fs/lustre/mgs-setup.ktest
START ml-miscvm:sanity-1 run tests/fs/lustre/sanity/sanity-1.ktest
START ml-miscvm:sanity-2 run tests/fs/lustre/sanity/sanity-2.ktest
START ml-miscvm:sanity-3 run tests/fs/lustre/sanity/sanity-3.ktest
START ml-miscvm:sanity-4 run tests/fs/lustre/sanity/sanity-4.ktest
PUT /tmp/ktest-kernel.tar.gz 22s
PUT /tmp/ktest-kernel.tar.gz 22s
PUT /tmp/ktest-kernel.tar.gz 22s
PUT /tmp/ktest-kernel.tar.gz 22s
PUT /tmp/ktest-kernel.tar.gz 22s
PUT /tmp/ktest-kernel.tar.gz 22s
PUT /tmp/ktest-kernel.tar.gz 23s
PUT /tmp/ktest-kernel.tar.gz 23s
PUT /tmp/ktest-lustre.tar.gz 9s
PUT /tmp/ktest-lustre.tar.gz 10s
PUT /tmp/ktest-lustre.tar.gz 9s
PUT /tmp/ktest-lustre.tar.gz 9s
PUT /tmp/ktest-lustre.tar.gz 9s
PUT /tmp/ktest-lustre.tar.gz 10s
PUT /tmp/ktest-lustre.tar.gz 9s
PUT /tmp/ktest-lustre.tar.gz 10s
PUT /tmp/ktest_ml-miscvm:lustre_mainline_native_t0wysgwv.tar 0s
PUT /tmp/ktest_ml-miscvm:lustre_mainline_native_t0wysgwv.tar 1s
PUT /tmp/ktest_ml-miscvm:lustre_mainline_native_t0wysgwv.tar 1s
PUT /tmp/ktest_ml-miscvm:lustre_mainline_native_t0wysgwv.tar 1s
PUT /tmp/ktest_ml-miscvm:lustre_mainline_native_t0wysgwv.tar 1s
PUT /tmp/ktest_ml-miscvm:lustre_mainline_native_t0wysgwv.tar 1s
PUT /tmp/ktest_ml-miscvm:lustre_mainline_native_t0wysgwv.tar 1s
PUT /tmp/ktest_ml-miscvm:lustre_mainline_native_t0wysgwv.tar 1s
END ml-miscvm:boot run tests/fs/lustre/boot.ktest PASS 80s
END ml-miscvm:mgs-setup run tests/fs/lustre/mgs-setup.ktest PASS 87s
END ml-miscvm:sanity-3 run tests/fs/lustre/sanity/sanity-3.ktest PASS 113s
END ml-miscvm:sanity-1 run tests/fs/lustre/sanity/sanity-1.ktest PASS 114s
END ml-miscvm:sanity-2 run tests/fs/lustre/sanity/sanity-2.ktest PASS 116s
END ml-miscvm:sanity-4 run tests/fs/lustre/sanity/sanity-4.ktest PASS 118s
END ml-miscvm:llmount run tests/fs/lustre/llmount.ktest PASS 127s
END ml-miscvm:llog-unit run tests/fs/lustre/llog-unit.ktest FAIL 162s (exit code: 1)

============================================================
Final Results:
  checkpatch:checkpatch: PASS (11s) (log: /var/www/ci-lustre/upstream-patch-review/21af419e2de1b5b39ee53711f4e45cb677dbc376_checkpatch:checkpatch.log)
  u24:u24: PASS (56s) (log: /var/www/ci-lustre/upstream-patch-review/21af419e2de1b5b39ee53711f4e45cb677dbc376_u24:u24.log)
  al2023:al2023: PASS (56s) (log: /var/www/ci-lustre/upstream-patch-review/21af419e2de1b5b39ee53711f4e45cb677dbc376_al2023:al2023.log)
  ml-strict:lustre_mainline: FAIL (194s) (log: /var/www/ci-lustre/upstream-patch-review/21af419e2de1b5b39ee53711f4e45cb677dbc376_ml-strict:lustre_mainline.log)
  ml:lustre_mainline: PASS (196s) (log: /var/www/ci-lustre/upstream-patch-review/21af419e2de1b5b39ee53711f4e45cb677dbc376_ml:lustre_mainline.log)
  ml-miscvm:lustre_mainline_native: PASS (202s) (log: /var/www/ci-lustre/upstream-patch-review/21af419e2de1b5b39ee53711f4e45cb677dbc376_ml-miscvm:lustre_mainline_native.log)
  ml-miscvm:boot: PASS (80s) (log: /var/www/ci-lustre/upstream-patch-review/21af419e2de1b5b39ee53711f4e45cb677dbc376_ml-miscvm:boot.log)
  ml-miscvm:llmount: PASS (127s) (log: /var/www/ci-lustre/upstream-patch-review/21af419e2de1b5b39ee53711f4e45cb677dbc376_ml-miscvm:llmount.log)
  ml-miscvm:llog-unit: FAIL (162s) (log: /var/www/ci-lustre/upstream-patch-review/21af419e2de1b5b39ee53711f4e45cb677dbc376_ml-miscvm:llog-unit.log)
  ml-miscvm:mgs-setup: PASS (87s) (log: /var/www/ci-lustre/upstream-patch-review/21af419e2de1b5b39ee53711f4e45cb677dbc376_ml-miscvm:mgs-setup.log)
  ml-miscvm:sanity-1: PASS (114s) (log: /var/www/ci-lustre/upstream-patch-review/21af419e2de1b5b39ee53711f4e45cb677dbc376_ml-miscvm:sanity-1.log)
  ml-miscvm:sanity-2: PASS (116s) (log: /var/www/ci-lustre/upstream-patch-review/21af419e2de1b5b39ee53711f4e45cb677dbc376_ml-miscvm:sanity-2.log)
  ml-miscvm:sanity-3: PASS (113s) (log: /var/www/ci-lustre/upstream-patch-review/21af419e2de1b5b39ee53711f4e45cb677dbc376_ml-miscvm:sanity-3.log)
  ml-miscvm:sanity-4: PASS (118s) (log: /var/www/ci-lustre/upstream-patch-review/21af419e2de1b5b39ee53711f4e45cb677dbc376_ml-miscvm:sanity-4.log)

Total execution time: 395s
