CLI: ./podman-ktest --podman-socket unix:///run/podman/podman.sock --shared-filesystem /tmp --tarball-input job lustre-ci --output /var/www/ci-lustre/upstream-patch-review --git-hash 228212da6e8b512fcb56c1a80d1d784369d0931e --change-id 65319_228212da6e8b512fcb56c1a80d1d784369d0931e --subject LU-17044 debug: Debug patch

  Checking /dev/kvm exists... OK
  Checking /dev/kvm permissions... OK
  Creating ccache directory... OK
  Checking ccache directory writable... OK

Environment validated successfully
Creating kernel tarball at /tmp/ktest-kernel.tar.gz...
Creating lustre tarball at /tmp/ktest-lustre.tar.gz...
Executing 16 jobs
Jobs will start as soon as their dependencies are satisfied
Using tarball input mode

START u24 build tests/fs/lustre/boot.ktest
START lustre_mainline_native build tests/fs/lustre/boot.ktest
START lustre_mainline build tests/fs/lustre/boot.ktest
START al2023 build tests/fs/lustre/boot.ktest
START checkpatch tool checkpatch
START lustre_mainline_strict build tests/fs/lustre/boot-strict.ktest
PUT /tmp/ktest-kernel.tar.gz 8s
PUT /tmp/ktest-kernel.tar.gz 8s
PUT /tmp/ktest-kernel.tar.gz 8s
PUT /tmp/ktest-kernel.tar.gz 8s
PUT /tmp/ktest-kernel.tar.gz 8s
PUT /tmp/ktest-kernel.tar.gz 8s
PUT /tmp/ktest-lustre.tar.gz 2s
PUT /tmp/ktest-lustre.tar.gz 2s
PUT /tmp/ktest-lustre.tar.gz 2s
PUT /tmp/ktest-lustre.tar.gz 2s
PUT /tmp/ktest-lustre.tar.gz 2s
PUT /tmp/ktest-lustre.tar.gz 2s
END checkpatch tool checkpatch PASS 13s
END al2023 build tests/fs/lustre/boot.ktest PASS 67s
END u24 build tests/fs/lustre/boot.ktest PASS 72s
GET /tmp/ktest_lustre_mainline_strict_r2dfvcp7.tar 5s
END lustre_mainline_strict build tests/fs/lustre/boot-strict.ktest FAIL 119s (exit code: 1)
GET /tmp/ktest_lustre_mainline_coib51pk.tar 5s
GET /tmp/ktest_lustre_mainline_native_k9oofxbg.tar 5s
END lustre_mainline build tests/fs/lustre/boot.ktest PASS 122s
END lustre_mainline_native build tests/fs/lustre/boot.ktest PASS 123s
START clang-tidy tool clang-tidy
START cc-plugin tool cc-plugin
START boot run tests/fs/lustre/boot.ktest
START llmount run tests/fs/lustre/llmount.ktest
START llog-unit run tests/fs/lustre/llog-unit.ktest
START mgs-setup run tests/fs/lustre/mgs-setup.ktest
START sanity-1 run tests/fs/lustre/sanity/sanity-1.ktest
START sanity-2 run tests/fs/lustre/sanity/sanity-2.ktest
START sanity-3 run tests/fs/lustre/sanity/sanity-3.ktest
START sanity-4 run tests/fs/lustre/sanity/sanity-4.ktest
PUT /tmp/ktest-kernel.tar.gz 8s
PUT /tmp/ktest-kernel.tar.gz 12s
PUT /tmp/ktest_lustre_mainline_native_k9oofxbg.tar 13s
PUT /tmp/ktest_lustre_mainline_native_k9oofxbg.tar 13s
PUT /tmp/ktest_lustre_mainline_native_k9oofxbg.tar 13s
PUT /tmp/ktest-lustre.tar.gz 4s
PUT /tmp/ktest_lustre_mainline_native_k9oofxbg.tar 13s
PUT /tmp/ktest_lustre_mainline_native_k9oofxbg.tar 13s
PUT /tmp/ktest_lustre_mainline_native_k9oofxbg.tar 13s
PUT /tmp/ktest_lustre_mainline_native_k9oofxbg.tar 13s
PUT /tmp/ktest_lustre_mainline_native_k9oofxbg.tar 13s
PUT /tmp/ktest-lustre.tar.gz 30s
PUT /tmp/ktest_lustre_mainline_native_k9oofxbg.tar 39s
PUT /tmp/ktest_lustre_mainline_native_k9oofxbg.tar 16s
END cc-plugin tool cc-plugin FAIL 62s (exit code: 127)
END clang-tidy tool clang-tidy PASS 78s
END boot run tests/fs/lustre/boot.ktest PASS 84s
END mgs-setup run tests/fs/lustre/mgs-setup.ktest PASS 89s
END sanity-4 run tests/fs/lustre/sanity/sanity-4.ktest PASS 98s
END sanity-1 run tests/fs/lustre/sanity/sanity-1.ktest PASS 109s
END sanity-3 run tests/fs/lustre/sanity/sanity-3.ktest PASS 114s
END sanity-2 run tests/fs/lustre/sanity/sanity-2.ktest PASS 123s
END llmount run tests/fs/lustre/llmount.ktest PASS 166s
END llog-unit run tests/fs/lustre/llog-unit.ktest PASS 177s

============================================================
Final Results:
  checkpatch: PASS (13s) (log: /var/www/ci-lustre/upstream-patch-review/228212da6e8b512fcb56c1a80d1d784369d0931e_checkpatch.log)
  u24: PASS (72s) (log: /var/www/ci-lustre/upstream-patch-review/228212da6e8b512fcb56c1a80d1d784369d0931e_u24.log)
  al2023: PASS (67s) (log: /var/www/ci-lustre/upstream-patch-review/228212da6e8b512fcb56c1a80d1d784369d0931e_al2023.log)
  lustre_mainline_strict: FAIL (119s) (log: /var/www/ci-lustre/upstream-patch-review/228212da6e8b512fcb56c1a80d1d784369d0931e_lustre_mainline_strict.log)
  lustre_mainline: PASS (122s) (log: /var/www/ci-lustre/upstream-patch-review/228212da6e8b512fcb56c1a80d1d784369d0931e_lustre_mainline.log)
  lustre_mainline_native: PASS (123s) (log: /var/www/ci-lustre/upstream-patch-review/228212da6e8b512fcb56c1a80d1d784369d0931e_lustre_mainline_native.log)
  clang-tidy: PASS (78s) (log: /var/www/ci-lustre/upstream-patch-review/228212da6e8b512fcb56c1a80d1d784369d0931e_clang-tidy.log)
  cc-plugin: FAIL (62s) (log: /var/www/ci-lustre/upstream-patch-review/228212da6e8b512fcb56c1a80d1d784369d0931e_cc-plugin.log)
  boot: PASS (84s) (log: /var/www/ci-lustre/upstream-patch-review/228212da6e8b512fcb56c1a80d1d784369d0931e_boot.log)
  llmount: PASS (166s) (log: /var/www/ci-lustre/upstream-patch-review/228212da6e8b512fcb56c1a80d1d784369d0931e_llmount.log)
  llog-unit: PASS (177s) (log: /var/www/ci-lustre/upstream-patch-review/228212da6e8b512fcb56c1a80d1d784369d0931e_llog-unit.log)
  mgs-setup: PASS (89s) (log: /var/www/ci-lustre/upstream-patch-review/228212da6e8b512fcb56c1a80d1d784369d0931e_mgs-setup.log)
  sanity-1: PASS (109s) (log: /var/www/ci-lustre/upstream-patch-review/228212da6e8b512fcb56c1a80d1d784369d0931e_sanity-1.log)
  sanity-2: PASS (123s) (log: /var/www/ci-lustre/upstream-patch-review/228212da6e8b512fcb56c1a80d1d784369d0931e_sanity-2.log)
  sanity-3: PASS (114s) (log: /var/www/ci-lustre/upstream-patch-review/228212da6e8b512fcb56c1a80d1d784369d0931e_sanity-3.log)
  sanity-4: PASS (98s) (log: /var/www/ci-lustre/upstream-patch-review/228212da6e8b512fcb56c1a80d1d784369d0931e_sanity-4.log)

Total execution time: 333s
