CLI: ./podman-ktest --podman-socket unix:///run/podman/podman.sock --shared-filesystem /tmp --tarball-input job lustre-ci --output /var/www/ci-lustre/upstream-patch-review --git-hash 22bcdf9024cefa2b9c10a0d25d79b9bf36544057 --change-id 66212_22bcdf9024cefa2b9c10a0d25d79b9bf36544057 --subject LU-20310 ldlm: fix remaining checkpatch.pl warnings

  Checking /dev/kvm exists... OK
  Checking /dev/kvm permissions... OK
  Creating ccache directory... OK
  Checking ccache directory writable... OK
  Creating package output directory... OK

Environment validated successfully
Creating kernel tarball at /tmp/ktest-kernel.tar.gz...
Creating lustre tarball at /tmp/ktest-lustre.tar.gz...
Creating ZFS tarball at /tmp/ktest-zfs.tar.gz...
Executing 13 jobs
Jobs will start as soon as their dependencies are satisfied
Using tarball input mode

START checkpatch tool checkpatch
START lustre_mainline_strict build tests/fs/lustre/boot-strict.ktest
START lustre_mainline_native build tests/fs/lustre/boot.ktest
START lustre_mainline build tests/fs/lustre/boot.ktest
START al2023 build tests/fs/lustre/boot.ktest
START u24 build tests/fs/lustre/boot.ktest
PUT /tmp/ktest-lustre.tar.gz 2s
PUT /tmp/ktest-lustre.tar.gz 2s
PUT /tmp/ktest-kernel.tar.gz 6s
PUT /tmp/ktest-kernel.tar.gz 6s
PUT /tmp/ktest-kernel.tar.gz 6s
PUT /tmp/ktest-kernel.tar.gz 6s
PUT /tmp/ktest-lustre.tar.gz 1s
PUT /tmp/ktest-lustre.tar.gz 1s
PUT /tmp/ktest-lustre.tar.gz 1s
PUT /tmp/ktest-lustre.tar.gz 1s
PUT /tmp/ktest-zfs.tar.gz 0s
PUT /tmp/ktest-zfs.tar.gz 0s
PUT /tmp/ktest-zfs.tar.gz 0s
END checkpatch tool checkpatch FAIL 10s (exit code: 1)
END al2023 build tests/fs/lustre/boot.ktest PASS 64s
END u24 build tests/fs/lustre/boot.ktest PASS 66s
GET /tmp/ktest_lustre_mainline_strict_ahl_5opb.tar 6s
END lustre_mainline_strict build tests/fs/lustre/boot-strict.ktest FAIL 120s (exit code: 1)
GET /tmp/ktest_lustre_mainline_native_5spntt4n.tar 0s
GET /tmp/ktest_lustre_mainline_c7j5_x92.tar 0s
END lustre_mainline_native build tests/fs/lustre/boot.ktest PASS 122s
START boot run tests/fs/lustre/boot.ktest
START llmount run tests/fs/lustre/llmount.ktest
START mgs-setup run tests/fs/lustre/mgs-setup.ktest
START sanity-1 run tests/fs/lustre/sanity/sanity-1.ktest
START sanity-2 run tests/fs/lustre/sanity/sanity-2.ktest
START sanity-3 run tests/fs/lustre/sanity/sanity-3.ktest
START sanity-4 run tests/fs/lustre/sanity/sanity-4.ktest
END lustre_mainline build tests/fs/lustre/boot.ktest PASS 123s
PUT /tmp/ktest-kernel.tar.gz 11s
PUT /tmp/ktest-kernel.tar.gz 11s
PUT /tmp/ktest-kernel.tar.gz 11s
PUT /tmp/ktest-kernel.tar.gz 11s
PUT /tmp/ktest-kernel.tar.gz 12s
PUT /tmp/ktest-kernel.tar.gz 12s
PUT /tmp/ktest-kernel.tar.gz 12s
PUT /tmp/ktest-lustre.tar.gz 3s
PUT /tmp/ktest-lustre.tar.gz 3s
PUT /tmp/ktest-lustre.tar.gz 3s
PUT /tmp/ktest-lustre.tar.gz 3s
PUT /tmp/ktest-lustre.tar.gz 3s
PUT /tmp/ktest-lustre.tar.gz 3s
PUT /tmp/ktest-lustre.tar.gz 3s
PUT /tmp/ktest_lustre_mainline_native_5spntt4n.tar 0s
PUT /tmp/ktest_lustre_mainline_native_5spntt4n.tar 0s
PUT /tmp/ktest_lustre_mainline_native_5spntt4n.tar 0s
PUT /tmp/ktest_lustre_mainline_native_5spntt4n.tar 0s
PUT /tmp/ktest_lustre_mainline_native_5spntt4n.tar 0s
PUT /tmp/ktest_lustre_mainline_native_5spntt4n.tar 0s
PUT /tmp/ktest_lustre_mainline_native_5spntt4n.tar 0s
END boot run tests/fs/lustre/boot.ktest PASS 23s
END mgs-setup run tests/fs/lustre/mgs-setup.ktest PASS 33s
END sanity-1 run tests/fs/lustre/sanity/sanity-1.ktest PASS 61s
END sanity-4 run tests/fs/lustre/sanity/sanity-4.ktest PASS 62s
END sanity-2 run tests/fs/lustre/sanity/sanity-2.ktest PASS 63s
END sanity-3 run tests/fs/lustre/sanity/sanity-3.ktest PASS 102s
END llmount run tests/fs/lustre/llmount.ktest PASS 103s

============================================================
Final Results:
  checkpatch: FAIL (10s) (log: /var/www/ci-lustre/upstream-patch-review/22bcdf9024cefa2b9c10a0d25d79b9bf36544057_checkpatch.log)
  u24: PASS (66s) (log: /var/www/ci-lustre/upstream-patch-review/22bcdf9024cefa2b9c10a0d25d79b9bf36544057_u24.log)
  al2023: PASS (64s) (log: /var/www/ci-lustre/upstream-patch-review/22bcdf9024cefa2b9c10a0d25d79b9bf36544057_al2023.log)
  lustre_mainline_strict: FAIL (120s) (log: /var/www/ci-lustre/upstream-patch-review/22bcdf9024cefa2b9c10a0d25d79b9bf36544057_lustre_mainline_strict.log)
  lustre_mainline: PASS (123s) (log: /var/www/ci-lustre/upstream-patch-review/22bcdf9024cefa2b9c10a0d25d79b9bf36544057_lustre_mainline.log)
  lustre_mainline_native: PASS (122s) (log: /var/www/ci-lustre/upstream-patch-review/22bcdf9024cefa2b9c10a0d25d79b9bf36544057_lustre_mainline_native.log)
  boot: PASS (23s) (log: /var/www/ci-lustre/upstream-patch-review/22bcdf9024cefa2b9c10a0d25d79b9bf36544057_boot.log)
  llmount: PASS (103s) (log: /var/www/ci-lustre/upstream-patch-review/22bcdf9024cefa2b9c10a0d25d79b9bf36544057_llmount.log)
  mgs-setup: PASS (33s) (log: /var/www/ci-lustre/upstream-patch-review/22bcdf9024cefa2b9c10a0d25d79b9bf36544057_mgs-setup.log)
  sanity-1: PASS (61s) (log: /var/www/ci-lustre/upstream-patch-review/22bcdf9024cefa2b9c10a0d25d79b9bf36544057_sanity-1.log)
  sanity-2: PASS (63s) (log: /var/www/ci-lustre/upstream-patch-review/22bcdf9024cefa2b9c10a0d25d79b9bf36544057_sanity-2.log)
  sanity-3: PASS (102s) (log: /var/www/ci-lustre/upstream-patch-review/22bcdf9024cefa2b9c10a0d25d79b9bf36544057_sanity-3.log)
  sanity-4: PASS (62s) (log: /var/www/ci-lustre/upstream-patch-review/22bcdf9024cefa2b9c10a0d25d79b9bf36544057_sanity-4.log)

Total execution time: 254s
