WARNING:LONG_LINE_STRING: line length of 109 exceeds 100 columns
#29: FILE: lustre/obdclass/upcall_cache.c:520:
+				CWARN("%s: cleanup skipping entry %p (key %llu) still held by refcount %d\n",

WARNING:LONG_LINE: line length of 110 exceeds 100 columns
#30: FILE: lustre/obdclass/upcall_cache.c:521:
+				      cache->uc_name, entry, entry->ue_key, atomic_read(&entry->ue_refcount));

WARNING:LINE_SPACING: Missing a blank line after declarations
#54: FILE: lustre/ptlrpc/gss/sec_gssiam.c:970:
+			int rc = gss_svc_accept(&sptlrpc_gssiam_policy, req);
+			if (rc == SECSVC_OK && req->rq_svc_ctx) {

WARNING:LINE_SPACING: Missing a blank line after declarations
#56: FILE: lustre/ptlrpc/gss/sec_gssiam.c:972:
+				struct ptlrpc_svc_ctx *ctx = req->rq_svc_ctx;
+				if (ctx->sc_nodemap) {

WARNING:LINE_SPACING: Missing a blank line after declarations
#58: FILE: lustre/ptlrpc/gss/sec_gssiam.c:974:
+					struct lu_nodemap *nm;
+					nm = nodemap_lookup_unlocked(ctx->sc_nodemap);

WARNING:LONG_LINE_STRING: line length of 117 exceeds 100 columns
#60: FILE: lustre/ptlrpc/gss/sec_gssiam.c:976:
+						CWARN("GSSIAM nodemap %s missing after failover. Forcing re-init.\n",

total: 0 errors, 6 warnings, 102 lines checked

NOTE: For some of the reported defects, checkpatch may be able to
      mechanically convert to the typical style using --fix or --fix-inplace.

Your patch has style problems, please review.

NOTE: If any of the errors are false positives, please report
      them to the maintainer, see CHECKPATCH in MAINTAINERS.
