CLI: ./podman-ktest --podman-socket unix:///run/podman/podman.sock --shared-filesystem /tmp --tarball-input job lustre-ci --output /var/www/ci-lustre/upstream-patch-review --git-hash 22d9dd14317bf3130ef1590000c2af8e8c1f1c52 --change-id 58663_22d9dd14317bf3130ef1590000c2af8e8c1f1c52 --subject LU-18876 build: consolidate modulefs_DATA

  Checking /dev/kvm exists... OK
  Checking /dev/kvm permissions... OK
  Creating ccache directory... OK
  Checking ccache directory writable... OK

Environment validated successfully
Creating kernel tarball at /tmp/ktest-kernel.tar.gz...
Creating lustre tarball at /tmp/ktest-lustre.tar.gz...
Executing 16 jobs
Jobs will start as soon as their dependencies are satisfied
Using tarball input mode

START lustre_mainline build tests/fs/lustre/boot.ktest
START lustre_mainline_native build tests/fs/lustre/boot.ktest
START lustre_u24 build tests/fs/lustre/boot.ktest
START lustre_al2023 build tests/fs/lustre/boot.ktest
START lustre_mainline_strict build tests/fs/lustre/boot-strict.ktest
START checkpatch tool checkpatch
PUT /tmp/ktest-kernel.tar.gz 11s
PUT /tmp/ktest-kernel.tar.gz 11s
PUT /tmp/ktest-kernel.tar.gz 11s
PUT /tmp/ktest-kernel.tar.gz 11s
PUT /tmp/ktest-kernel.tar.gz 11s
PUT /tmp/ktest-kernel.tar.gz 12s
PUT /tmp/ktest-lustre.tar.gz 4s
PUT /tmp/ktest-lustre.tar.gz 3s
PUT /tmp/ktest-lustre.tar.gz 3s
PUT /tmp/ktest-lustre.tar.gz 3s
PUT /tmp/ktest-lustre.tar.gz 3s
PUT /tmp/ktest-lustre.tar.gz 3s
END checkpatch tool checkpatch PASS 18s
END lustre_u24 build tests/fs/lustre/boot.ktest PASS 82s
END lustre_al2023 build tests/fs/lustre/boot.ktest PASS 85s
GET /tmp/ktest_lustre_mainline_strict_bfry4535.tar 4s
END lustre_mainline_strict build tests/fs/lustre/boot-strict.ktest FAIL 122s (exit code: 1)
GET /tmp/ktest_lustre_mainline_native_i8uj92ri.tar 3s
GET /tmp/ktest_lustre_mainline__vcfsgj8.tar 3s
END lustre_mainline_native build tests/fs/lustre/boot.ktest PASS 141s
START clang-tidy tool clang-tidy
START cc-plugin tool cc-plugin
START boot run tests/fs/lustre/boot.ktest
START llmount run tests/fs/lustre/llmount.ktest
START llog-unit run tests/fs/lustre/llog-unit.ktest
START mgs-setup run tests/fs/lustre/mgs-setup.ktest
START sanity-1 run tests/fs/lustre/sanity/sanity-1.ktest
START sanity-2 run tests/fs/lustre/sanity/sanity-2.ktest
START sanity-3 run tests/fs/lustre/sanity/sanity-3.ktest
START sanity-4 run tests/fs/lustre/sanity/sanity-4.ktest
END lustre_mainline build tests/fs/lustre/boot.ktest PASS 142s
PUT /tmp/ktest-kernel.tar.gz 44s
PUT /tmp/ktest_lustre_mainline_native_i8uj92ri.tar 48s
PUT /tmp/ktest_lustre_mainline_native_i8uj92ri.tar 47s
PUT /tmp/ktest_lustre_mainline_native_i8uj92ri.tar 47s
PUT /tmp/ktest_lustre_mainline_native_i8uj92ri.tar 48s
PUT /tmp/ktest_lustre_mainline_native_i8uj92ri.tar 48s
PUT /tmp/ktest_lustre_mainline_native_i8uj92ri.tar 47s
PUT /tmp/ktest_lustre_mainline_native_i8uj92ri.tar 48s
PUT /tmp/ktest_lustre_mainline_native_i8uj92ri.tar 47s
PUT /tmp/ktest-kernel.tar.gz 48s
PUT /tmp/ktest-lustre.tar.gz 83s
PUT /tmp/ktest-lustre.tar.gz 87s
PUT /tmp/ktest_lustre_mainline_native_i8uj92ri.tar 15s
PUT /tmp/ktest_lustre_mainline_native_i8uj92ri.tar 16s
END cc-plugin tool cc-plugin FAIL 152s (exit code: 127)
END boot run tests/fs/lustre/boot.ktest PASS 168s
END clang-tidy tool clang-tidy PASS 173s
END mgs-setup run tests/fs/lustre/mgs-setup.ktest PASS 177s
END sanity-3 run tests/fs/lustre/sanity/sanity-3.ktest PASS 198s
END sanity-4 run tests/fs/lustre/sanity/sanity-4.ktest PASS 209s
END sanity-1 run tests/fs/lustre/sanity/sanity-1.ktest PASS 212s
END sanity-2 run tests/fs/lustre/sanity/sanity-2.ktest PASS 217s
END llmount run tests/fs/lustre/llmount.ktest PASS 257s
END llog-unit run tests/fs/lustre/llog-unit.ktest PASS 276s

============================================================
Final Results:
  checkpatch: PASS (18s) (log: /var/www/ci-lustre/upstream-patch-review/22d9dd14317bf3130ef1590000c2af8e8c1f1c52_checkpatch.log)
  lustre_u24: PASS (82s) (log: /var/www/ci-lustre/upstream-patch-review/22d9dd14317bf3130ef1590000c2af8e8c1f1c52_lustre_u24.log)
  lustre_al2023: PASS (85s) (log: /var/www/ci-lustre/upstream-patch-review/22d9dd14317bf3130ef1590000c2af8e8c1f1c52_lustre_al2023.log)
  lustre_mainline_strict: FAIL (122s) (log: /var/www/ci-lustre/upstream-patch-review/22d9dd14317bf3130ef1590000c2af8e8c1f1c52_lustre_mainline_strict.log)
  lustre_mainline: PASS (142s) (log: /var/www/ci-lustre/upstream-patch-review/22d9dd14317bf3130ef1590000c2af8e8c1f1c52_lustre_mainline.log)
  lustre_mainline_native: PASS (141s) (log: /var/www/ci-lustre/upstream-patch-review/22d9dd14317bf3130ef1590000c2af8e8c1f1c52_lustre_mainline_native.log)
  clang-tidy: PASS (173s) (log: /var/www/ci-lustre/upstream-patch-review/22d9dd14317bf3130ef1590000c2af8e8c1f1c52_clang-tidy.log)
  cc-plugin: FAIL (152s) (log: /var/www/ci-lustre/upstream-patch-review/22d9dd14317bf3130ef1590000c2af8e8c1f1c52_cc-plugin.log)
  boot: PASS (168s) (log: /var/www/ci-lustre/upstream-patch-review/22d9dd14317bf3130ef1590000c2af8e8c1f1c52_boot.log)
  llmount: PASS (257s) (log: /var/www/ci-lustre/upstream-patch-review/22d9dd14317bf3130ef1590000c2af8e8c1f1c52_llmount.log)
  llog-unit: PASS (276s) (log: /var/www/ci-lustre/upstream-patch-review/22d9dd14317bf3130ef1590000c2af8e8c1f1c52_llog-unit.log)
  mgs-setup: PASS (177s) (log: /var/www/ci-lustre/upstream-patch-review/22d9dd14317bf3130ef1590000c2af8e8c1f1c52_mgs-setup.log)
  sanity-1: PASS (212s) (log: /var/www/ci-lustre/upstream-patch-review/22d9dd14317bf3130ef1590000c2af8e8c1f1c52_sanity-1.log)
  sanity-2: PASS (217s) (log: /var/www/ci-lustre/upstream-patch-review/22d9dd14317bf3130ef1590000c2af8e8c1f1c52_sanity-2.log)
  sanity-3: PASS (198s) (log: /var/www/ci-lustre/upstream-patch-review/22d9dd14317bf3130ef1590000c2af8e8c1f1c52_sanity-3.log)
  sanity-4: PASS (209s) (log: /var/www/ci-lustre/upstream-patch-review/22d9dd14317bf3130ef1590000c2af8e8c1f1c52_sanity-4.log)

Total execution time: 446s
