CLI: ./podman-ktest --podman-socket unix:///run/podman/podman.sock --shared-filesystem /tmp --tarball-input job lustre-ci --output /var/www/ci-lustre/upstream-patch-review --git-hash 23e304c383f26e52dfcb21327c0a242d2bbd5419 --change-id 63889_23e304c383f26e52dfcb21327c0a242d2bbd5419 --subject LU-19469 obd: enable hole detection by default

  Checking /dev/kvm exists... OK
  Checking /dev/kvm permissions... OK
  Creating ccache directory... OK
  Checking ccache directory writable... OK

Environment validated successfully
Creating kernel tarball at /tmp/ktest-kernel.tar.gz...
Creating lustre tarball at /tmp/ktest-lustre.tar.gz...
Executing 16 jobs
Jobs will start as soon as their dependencies are satisfied
Using tarball input mode

START lustre_al2023 build tests/fs/lustre/boot.ktest
START lustre_mainline build tests/fs/lustre/boot.ktest
START lustre_u24 build tests/fs/lustre/boot.ktest
START lustre_mainline_native build tests/fs/lustre/boot.ktest
START lustre_mainline_strict build tests/fs/lustre/boot-strict.ktest
START checkpatch tool checkpatch
PUT /tmp/ktest-kernel.tar.gz 9s
PUT /tmp/ktest-kernel.tar.gz 9s
PUT /tmp/ktest-kernel.tar.gz 9s
PUT /tmp/ktest-kernel.tar.gz 10s
PUT /tmp/ktest-kernel.tar.gz 10s
PUT /tmp/ktest-kernel.tar.gz 10s
PUT /tmp/ktest-lustre.tar.gz 4s
PUT /tmp/ktest-lustre.tar.gz 4s
PUT /tmp/ktest-lustre.tar.gz 5s
PUT /tmp/ktest-lustre.tar.gz 4s
PUT /tmp/ktest-lustre.tar.gz 5s
PUT /tmp/ktest-lustre.tar.gz 5s
END checkpatch tool checkpatch PASS 17s
END lustre_al2023 build tests/fs/lustre/boot.ktest PASS 77s
END lustre_u24 build tests/fs/lustre/boot.ktest PASS 79s
GET /tmp/ktest_lustre_mainline_strict_i6kwmd_w.tar 3s
END lustre_mainline_strict build tests/fs/lustre/boot-strict.ktest FAIL 122s (exit code: 1)
GET /tmp/ktest_lustre_mainline_g5_3e8fu.tar 3s
GET /tmp/ktest_lustre_mainline_native_vdlgop10.tar 3s
END lustre_mainline build tests/fs/lustre/boot.ktest PASS 140s
END lustre_mainline_native build tests/fs/lustre/boot.ktest PASS 142s
START clang-tidy tool clang-tidy
START cc-plugin tool cc-plugin
START boot run tests/fs/lustre/boot.ktest
START llmount run tests/fs/lustre/llmount.ktest
START llog-unit run tests/fs/lustre/llog-unit.ktest
START mgs-setup run tests/fs/lustre/mgs-setup.ktest
START sanity-1 run tests/fs/lustre/sanity/sanity-1.ktest
START sanity-2 run tests/fs/lustre/sanity/sanity-2.ktest
START sanity-3 run tests/fs/lustre/sanity/sanity-3.ktest
START sanity-4 run tests/fs/lustre/sanity/sanity-4.ktest
PUT /tmp/ktest-kernel.tar.gz 42s
PUT /tmp/ktest_lustre_mainline_native_vdlgop10.tar 42s
PUT /tmp/ktest_lustre_mainline_native_vdlgop10.tar 42s
PUT /tmp/ktest_lustre_mainline_native_vdlgop10.tar 42s
PUT /tmp/ktest_lustre_mainline_native_vdlgop10.tar 42s
PUT /tmp/ktest_lustre_mainline_native_vdlgop10.tar 42s
PUT /tmp/ktest_lustre_mainline_native_vdlgop10.tar 42s
PUT /tmp/ktest_lustre_mainline_native_vdlgop10.tar 42s
PUT /tmp/ktest_lustre_mainline_native_vdlgop10.tar 42s
PUT /tmp/ktest-kernel.tar.gz 42s
PUT /tmp/ktest-lustre.tar.gz 91s
PUT /tmp/ktest-lustre.tar.gz 91s
PUT /tmp/ktest_lustre_mainline_native_vdlgop10.tar 16s
PUT /tmp/ktest_lustre_mainline_native_vdlgop10.tar 16s
END cc-plugin tool cc-plugin FAIL 153s (exit code: 127)
END mgs-setup run tests/fs/lustre/mgs-setup.ktest PASS 167s
END clang-tidy tool clang-tidy PASS 169s
END boot run tests/fs/lustre/boot.ktest PASS 170s
END sanity-4 run tests/fs/lustre/sanity/sanity-4.ktest PASS 180s
END sanity-3 run tests/fs/lustre/sanity/sanity-3.ktest PASS 184s
END sanity-1 run tests/fs/lustre/sanity/sanity-1.ktest PASS 197s
END sanity-2 run tests/fs/lustre/sanity/sanity-2.ktest PASS 201s
END llmount run tests/fs/lustre/llmount.ktest PASS 236s
END llog-unit run tests/fs/lustre/llog-unit.ktest PASS 246s

============================================================
Final Results:
  checkpatch: PASS (17s) (log: /var/www/ci-lustre/upstream-patch-review/23e304c383f26e52dfcb21327c0a242d2bbd5419_checkpatch.log)
  lustre_u24: PASS (79s) (log: /var/www/ci-lustre/upstream-patch-review/23e304c383f26e52dfcb21327c0a242d2bbd5419_lustre_u24.log)
  lustre_al2023: PASS (77s) (log: /var/www/ci-lustre/upstream-patch-review/23e304c383f26e52dfcb21327c0a242d2bbd5419_lustre_al2023.log)
  lustre_mainline_strict: FAIL (122s) (log: /var/www/ci-lustre/upstream-patch-review/23e304c383f26e52dfcb21327c0a242d2bbd5419_lustre_mainline_strict.log)
  lustre_mainline: PASS (140s) (log: /var/www/ci-lustre/upstream-patch-review/23e304c383f26e52dfcb21327c0a242d2bbd5419_lustre_mainline.log)
  lustre_mainline_native: PASS (142s) (log: /var/www/ci-lustre/upstream-patch-review/23e304c383f26e52dfcb21327c0a242d2bbd5419_lustre_mainline_native.log)
  clang-tidy: PASS (169s) (log: /var/www/ci-lustre/upstream-patch-review/23e304c383f26e52dfcb21327c0a242d2bbd5419_clang-tidy.log)
  cc-plugin: FAIL (153s) (log: /var/www/ci-lustre/upstream-patch-review/23e304c383f26e52dfcb21327c0a242d2bbd5419_cc-plugin.log)
  boot: PASS (170s) (log: /var/www/ci-lustre/upstream-patch-review/23e304c383f26e52dfcb21327c0a242d2bbd5419_boot.log)
  llmount: PASS (236s) (log: /var/www/ci-lustre/upstream-patch-review/23e304c383f26e52dfcb21327c0a242d2bbd5419_llmount.log)
  llog-unit: PASS (246s) (log: /var/www/ci-lustre/upstream-patch-review/23e304c383f26e52dfcb21327c0a242d2bbd5419_llog-unit.log)
  mgs-setup: PASS (167s) (log: /var/www/ci-lustre/upstream-patch-review/23e304c383f26e52dfcb21327c0a242d2bbd5419_mgs-setup.log)
  sanity-1: PASS (197s) (log: /var/www/ci-lustre/upstream-patch-review/23e304c383f26e52dfcb21327c0a242d2bbd5419_sanity-1.log)
  sanity-2: PASS (201s) (log: /var/www/ci-lustre/upstream-patch-review/23e304c383f26e52dfcb21327c0a242d2bbd5419_sanity-2.log)
  sanity-3: PASS (184s) (log: /var/www/ci-lustre/upstream-patch-review/23e304c383f26e52dfcb21327c0a242d2bbd5419_sanity-3.log)
  sanity-4: PASS (180s) (log: /var/www/ci-lustre/upstream-patch-review/23e304c383f26e52dfcb21327c0a242d2bbd5419_sanity-4.log)

Total execution time: 417s
