CLI: ./podman-ktest --podman-socket unix:///run/podman/podman.sock --shared-filesystem /tmp --tarball-input job lustre-ci --output /var/www/ci-lustre/upstream-patch-review --git-hash 246d559ed8db4d8d365d25451201fff9514ca78e --change-id 58275_246d559ed8db4d8d365d25451201fff9514ca78e --subject LU-17916 mdt: switch to struct folio order 0

  Checking /dev/kvm exists... OK
  Checking /dev/kvm permissions... OK
  Creating ccache directory... OK
  Checking ccache directory writable... OK

Environment validated successfully
Creating kernel tarball at /tmp/ktest-kernel.tar.gz...
Creating lustre tarball at /tmp/ktest-lustre.tar.gz...
Executing 16 jobs
Jobs will start as soon as their dependencies are satisfied
Using tarball input mode

START checkpatch tool checkpatch
START lustre_al2023 build tests/fs/lustre/boot.ktest
START lustre_mainline_strict build tests/fs/lustre/boot-strict.ktest
START lustre_mainline_native build tests/fs/lustre/boot.ktest
START lustre_u24 build tests/fs/lustre/boot.ktest
START lustre_mainline build tests/fs/lustre/boot.ktest
PUT /tmp/ktest-kernel.tar.gz 8s
PUT /tmp/ktest-kernel.tar.gz 8s
PUT /tmp/ktest-kernel.tar.gz 8s
PUT /tmp/ktest-kernel.tar.gz 9s
PUT /tmp/ktest-kernel.tar.gz 9s
PUT /tmp/ktest-kernel.tar.gz 9s
PUT /tmp/ktest-lustre.tar.gz 2s
PUT /tmp/ktest-lustre.tar.gz 2s
PUT /tmp/ktest-lustre.tar.gz 2s
PUT /tmp/ktest-lustre.tar.gz 2s
PUT /tmp/ktest-lustre.tar.gz 2s
PUT /tmp/ktest-lustre.tar.gz 2s
END checkpatch tool checkpatch FAIL 14s (exit code: 1)
END lustre_al2023 build tests/fs/lustre/boot.ktest PASS 69s
END lustre_u24 build tests/fs/lustre/boot.ktest PASS 77s
GET /tmp/ktest_lustre_mainline_strict__vjlrx5d.tar 3s
END lustre_mainline_strict build tests/fs/lustre/boot-strict.ktest FAIL 112s (exit code: 1)
GET /tmp/ktest_lustre_mainline_hd27iwlk.tar 3s
GET /tmp/ktest_lustre_mainline_native_gu3lx0w5.tar 3s
END lustre_mainline build tests/fs/lustre/boot.ktest PASS 118s
END lustre_mainline_native build tests/fs/lustre/boot.ktest PASS 119s
START clang-tidy tool clang-tidy
START cc-plugin tool cc-plugin
START boot run tests/fs/lustre/boot.ktest
START llmount run tests/fs/lustre/llmount.ktest
START llog-unit run tests/fs/lustre/llog-unit.ktest
START mgs-setup run tests/fs/lustre/mgs-setup.ktest
START sanity-1 run tests/fs/lustre/sanity/sanity-1.ktest
START sanity-2 run tests/fs/lustre/sanity/sanity-2.ktest
START sanity-3 run tests/fs/lustre/sanity/sanity-3.ktest
START sanity-4 run tests/fs/lustre/sanity/sanity-4.ktest
PUT /tmp/ktest-kernel.tar.gz 15s
PUT /tmp/ktest_lustre_mainline_native_gu3lx0w5.tar 19s
PUT /tmp/ktest_lustre_mainline_native_gu3lx0w5.tar 19s
PUT /tmp/ktest-kernel.tar.gz 19s
PUT /tmp/ktest_lustre_mainline_native_gu3lx0w5.tar 19s
PUT /tmp/ktest_lustre_mainline_native_gu3lx0w5.tar 19s
PUT /tmp/ktest_lustre_mainline_native_gu3lx0w5.tar 19s
PUT /tmp/ktest_lustre_mainline_native_gu3lx0w5.tar 19s
PUT /tmp/ktest_lustre_mainline_native_gu3lx0w5.tar 19s
PUT /tmp/ktest_lustre_mainline_native_gu3lx0w5.tar 19s
PUT /tmp/ktest-lustre.tar.gz 25s
PUT /tmp/ktest-lustre.tar.gz 29s
PUT /tmp/ktest_lustre_mainline_native_gu3lx0w5.tar 7s
PUT /tmp/ktest_lustre_mainline_native_gu3lx0w5.tar 7s
END cc-plugin tool cc-plugin FAIL 55s (exit code: 127)
END clang-tidy tool clang-tidy PASS 74s
END boot run tests/fs/lustre/boot.ktest PASS 76s
END mgs-setup run tests/fs/lustre/mgs-setup.ktest PASS 84s
END sanity-1 run tests/fs/lustre/sanity/sanity-1.ktest PASS 107s
END llog-unit run tests/fs/lustre/llog-unit.ktest PASS 163s
END llmount run tests/fs/lustre/llmount.ktest PASS 166s
