00001 
00002 RDSEED32 is broken. Disabling the corresponding CPUID bit.
00003 init: failed to load nvme_core
00003 init: failed to load nvme
00003 init: failed to load zfs
00003 LNetError: 1:0:(lib-socket.c:619:lnet_inet_enumerate()) lnet: Can't find any usable interfaces, rc = -ENOENT
00003 LNetError: Error -100 starting up LNI tcp
00004 LustreError: 1:0:(events.c:627:ptlrpc_init_portals()) network initialisation failed: rc = -100
00004 init: finit_module /lib/modules/7.0.0-ktest-24c399dda2-7433349-20260707/updates/ptlrpc.ko: Network is down
00004 init: failed to load lustre
00004 init: failed to load osd_zfs
00004 init: failed to load iwlwifi
00004 init: failed to load iwlmvm
00004 init: failed to load mt7921e
00004 init: failed to load i915
00004 init: failed to load nouveau
00044 tlp: vm.laptop_mode is deprecated. Ignoring setting.
00044 Kernel version: 7.0.0-ktest-24c399dda2-7433349-20260707
00044 hook init_noop
00045 
00045 Running tests llog-unit
00045 
00045 ========= TEST   llog-unit
00045 /host/home/ktest/git/lustre-release/lustre/tests/test-framework.sh: line 6933: cd: HOME not set
00045 /host/home/ktest/git/lustre-release/lustre/tests/test-framework.sh: line 6933: cd: HOME not set
00045 /host/home/ktest/git/lustre-release/lustre/tests/test-framework.sh: line 6933: cd: HOME not set
00047 MGS_OS_VERSION_ID=24.04
00047 MGS_OS_ID=ubuntu
00047 MGS_OS_VERSION_CODE=402915328
00047 MGS_OS_ID_LIKE=debian ubuntu
00047 MDS1_OS_ID=ubuntu
00047 MDS1_OS_VERSION_CODE=402915328
00047 MDS1_OS_ID_LIKE=debian ubuntu
00047 MDS1_OS_VERSION_ID=24.04
00047 OST1_OS_VERSION_ID=24.04
00047 OST1_OS_VERSION_CODE=402915328
00047 OST1_OS_ID=ubuntu
00047 OST1_OS_ID_LIKE=debian ubuntu
00047 CLIENT_OS_VERSION_ID=24.04
00047 CLIENT_OS_ID_LIKE=debian ubuntu
00047 CLIENT_OS_ID=ubuntu
00047 CLIENT_OS_VERSION_CODE=402915328
00047 Loading modules from /host/home/ktest/git/lustre-release/lustre
00047 detected 16 online CPUs by sysfs
00047 MODOPTS_LIBCFS=
00047 libcfs will create CPU partition based on online CPUs
00048 LNet: Added LNI 10.0.2.15@tcp [8/256/0/180]
00048 gss/krb5 is not supported
00048 Lustre: Echo OBD driver; http://www.lustre.org/
00049 
00049 
00049 /host/home/ktest/git/lustre-release/lustre/tests/test-framework.sh: line 6933: cd: HOME not set
00049 /host/home/ktest/git/lustre-release/lustre/tests/test-framework.sh: line 6933: cd: HOME not set
00049 /host/home/ktest/git/lustre-release/lustre/tests/test-framework.sh: line 6933: cd: HOME not set
00072 Lustre: 2188:0:(llog_test.c:1106:llog_test_7()) 7d: test llog_size_change_rec
00072 ------------[ cut here ]------------
00072 WARNING: /home/ktest/git/linux/include/linux/fs.h:889 at osd_create+0x9cf/0xcf0 [osd_wbcfs], CPU#9: lctl/2188
00072 Modules linked in: llog_test(O) mgs(O) osd_wbcfs(O) lustre(O) obdecho(O) mgc(O) mdc(O) lov(O) osc(O) lmv(O) ec(O) fid(O) fld(O) ptlrpc(O) efivarfs obdclass(O) ksocklnd(O) lnet(O) libcfs(O)
00072 CPU: 9 UID: 0 PID: 2188 Comm: lctl Tainted: G        W  O        7.0.0-ktest-24c399dda2-7433349-20260707 #1 PREEMPT 
00072 Tainted: [W]=WARN, [O]=OOT_MODULE
00072 Hardware name: QEMU Standard PC (Q35 + ICH9, 2009), BIOS 2025.11-3ubuntu7 03/31/2026
00072 RIP: 0010:osd_create+0x9cf/0xcf0 [osd_wbcfs]
00072 Code: c7 c7 00 f6 7b a1 48 c7 c6 a0 72 7d a1 48 c7 c2 00 7c 7d a1 e8 52 c1 43 ff 48 c7 c7 00 f6 7b a1 e8 56 51 44 ff e9 fe fc ff ff <0f> 0b e9 a5 fa ff ff 48 c7 c1 80 44 5d a0 80 e1 07 80 c1 03 38 c1
00072 RSP: 0018:ffffc900054676f0 EFLAGS: 00010246
00072 RAX: 0000000000000000 RBX: ffff88819e259800 RCX: 0000000000000046
00072 RDX: 0000000000000000 RSI: ffff888136ea6620 RDI: ffff888106274b18
00072 RBP: ffff888136ea6590 R08: ffffffff83a16803 R09: 1ffffffff0742d00
00072 R10: dffffc0000000000 R11: fffffbfff0742d01 R12: ffff8881685eb000
00072 R13: dffffc0000000000 R14: 1ffff11033c4b300 R15: 1ffff1102d0bd60f
00072 FS:  00007f1f61c83940(0000) GS:ffff88831e8ae000(0000) knlGS:0000000000000000
00072 CS:  0010 DS: 0000 ES: 0000 CR0: 0000000080050033
00072 CR2: 000056100603db40 CR3: 00000001380e8000 CR4: 0000000000750eb0
00072 PKRU: 55555554
00072 Call Trace:
00072  <TASK>
00072  ? local_object_create+0x109/0x640 [obdclass]
00072  ? dt_write_lock+0x16d/0x2a0 [obdclass]
00072  ? llog_osd_create+0x35b/0x1270 [obdclass]
00072  ? llog_create+0x2ed/0x530 [obdclass]
00072  ? llog_open_create+0x6e7/0xb30 [obdclass]
00072  ? llog_test_7_sub+0xea/0x1250 [llog_test]
00072  ? llog_test_7+0x5d5/0xf50 [llog_test]
00072  ? llog_run_tests+0x3616/0x5ad0 [llog_test]
00072  ? get_random_u32+0x51/0x470
00072  ? llog_test_device_init+0x6e8/0xa20 [llog_test]
00072  ? obd_setup+0x54d/0x950 [obdclass]
00072  ? class_setup+0xc7d/0x10e0 [obdclass]
00072  ? class_process_config+0x2edb/0x7cb0 [obdclass]
00072  ? class_handle_ioctl+0x1f4d/0x3440 [obdclass]
00072  ? obd_class_ioctl+0x1f6/0x3c0 [obdclass]
00072  ? __x64_sys_ioctl+0x961/0xe00
00072  ? _copy_to_user+0x3d/0x60
00072  ? __x64_sys_rt_sigaction+0x107/0x140
00072  ? do_syscall_64+0xc1/0x350
00072  ? entry_SYSCALL_64_after_hwframe+0x4b/0x53
00072  </TASK>
00072 ---[ end trace 0000000000000000 ]---
00076 Lustre: 2188:0:(llog_test.c:1117:llog_test_7()) 7e: test llog_changelog_rec
00076 ------------[ cut here ]------------
00076 WARNING: /home/ktest/git/linux/include/linux/fs.h:889 at osd_create+0x9cf/0xcf0 [osd_wbcfs], CPU#9: lctl/2188
00076 Modules linked in: llog_test(O) mgs(O) osd_wbcfs(O) lustre(O) obdecho(O) mgc(O) mdc(O) lov(O) osc(O) lmv(O) ec(O) fid(O) fld(O) ptlrpc(O) efivarfs obdclass(O) ksocklnd(O) lnet(O) libcfs(O)
00076 CPU: 9 UID: 0 PID: 2188 Comm: lctl Tainted: G        W  O        7.0.0-ktest-24c399dda2-7433349-20260707 #1 PREEMPT 
00076 Tainted: [W]=WARN, [O]=OOT_MODULE
00076 Hardware name: QEMU Standard PC (Q35 + ICH9, 2009), BIOS 2025.11-3ubuntu7 03/31/2026
00076 RIP: 0010:osd_create+0x9cf/0xcf0 [osd_wbcfs]
00076 Code: c7 c7 00 f6 7b a1 48 c7 c6 a0 72 7d a1 48 c7 c2 00 7c 7d a1 e8 52 c1 43 ff 48 c7 c7 00 f6 7b a1 e8 56 51 44 ff e9 fe fc ff ff <0f> 0b e9 a5 fa ff ff 48 c7 c1 80 44 5d a0 80 e1 07 80 c1 03 38 c1
00076 RSP: 0018:ffffc900054676f0 EFLAGS: 00010246
00076 RAX: 0000000000000000 RBX: ffff88819ba52800 RCX: 0000000000000046
00076 RDX: 0000000000000000 RSI: ffff888136ea5f08 RDI: ffff888106274b18
00076 RBP: ffff888136ea5e78 R08: ffffffff83a16803 R09: 1ffffffff0742d00
00076 R10: dffffc0000000000 R11: fffffbfff0742d01 R12: ffff8881685eb000
00076 R13: dffffc0000000000 R14: 1ffff1103374a500 R15: 1ffff1102d0bd60f
00076 FS:  00007f1f61c83940(0000) GS:ffff88831e8ae000(0000) knlGS:0000000000000000
00076 CS:  0010 DS: 0000 ES: 0000 CR0: 0000000080050033
00076 CR2: 000056100603db40 CR3: 00000001380e8000 CR4: 0000000000750eb0
00076 PKRU: 55555554
00076 Call Trace:
00076  <TASK>
00076  ? local_object_create+0x109/0x640 [obdclass]
00076  ? dt_write_lock+0x16d/0x2a0 [obdclass]
00076  ? llog_osd_create+0x35b/0x1270 [obdclass]
00076  ? llog_create+0x2ed/0x530 [obdclass]
00076  ? llog_open_create+0x6e7/0xb30 [obdclass]
00076  ? llog_test_7_sub+0xea/0x1250 [llog_test]
00076  ? llog_test_7+0x706/0xf50 [llog_test]
00076  ? llog_run_tests+0x3616/0x5ad0 [llog_test]
00076  ? get_random_u32+0x51/0x470
00076  ? llog_test_device_init+0x6e8/0xa20 [llog_test]
00076  ? obd_setup+0x54d/0x950 [obdclass]
00076  ? class_setup+0xc7d/0x10e0 [obdclass]
00076  ? class_process_config+0x2edb/0x7cb0 [obdclass]
00076  ? class_handle_ioctl+0x1f4d/0x3440 [obdclass]
00076  ? obd_class_ioctl+0x1f6/0x3c0 [obdclass]
00076  ? __x64_sys_ioctl+0x961/0xe00
00076  ? _copy_to_user+0x3d/0x60
00076  ? __x64_sys_rt_sigaction+0x107/0x140
00076  ? do_syscall_64+0xc1/0x350
00076  ? entry_SYSCALL_64_after_hwframe+0x4b/0x53
00076  </TASK>
00076 ---[ end trace 0000000000000000 ]---
00079 Lustre: 2188:0:(llog_test.c:1024:llog_test_7_sub()) 7_sub: records are not aligned, written 64071 from 64767
00081 Lustre: 2188:0:(llog_test.c:1129:llog_test_7()) 7f: test llog_changelog_user_rec2
00081 ------------[ cut here ]------------
00081 WARNING: /home/ktest/git/linux/include/linux/fs.h:889 at osd_create+0x9cf/0xcf0 [osd_wbcfs], CPU#10: lctl/2188
00081 Modules linked in: llog_test(O) mgs(O) osd_wbcfs(O) lustre(O) obdecho(O) mgc(O) mdc(O) lov(O) osc(O) lmv(O) ec(O) fid(O) fld(O) ptlrpc(O) efivarfs obdclass(O) ksocklnd(O) lnet(O) libcfs(O)
00081 CPU: 10 UID: 0 PID: 2188 Comm: lctl Tainted: G        W  O        7.0.0-ktest-24c399dda2-7433349-20260707 #1 PREEMPT 
00081 Tainted: [W]=WARN, [O]=OOT_MODULE
00081 Hardware name: QEMU Standard PC (Q35 + ICH9, 2009), BIOS 2025.11-3ubuntu7 03/31/2026
00081 RIP: 0010:osd_create+0x9cf/0xcf0 [osd_wbcfs]
00081 Code: c7 c7 00 f6 7b a1 48 c7 c6 a0 72 7d a1 48 c7 c2 00 7c 7d a1 e8 52 c1 43 ff 48 c7 c7 00 f6 7b a1 e8 56 51 44 ff e9 fe fc ff ff <0f> 0b e9 a5 fa ff ff 48 c7 c1 80 44 5d a0 80 e1 07 80 c1 03 38 c1
00081 RSP: 0018:ffffc900054676f0 EFLAGS: 00010246
00081 RAX: 0000000000000000 RBX: ffff888189a99800 RCX: 0000000000000046
00081 RDX: 0000000000000000 RSI: ffff88818da67b68 RDI: ffff888106274b18
00081 RBP: ffff88818da67ad8 R08: ffffffff83a16803 R09: 1ffffffff0742d00
00081 R10: dffffc0000000000 R11: fffffbfff0742d01 R12: ffff8881685eb000
00081 R13: dffffc0000000000 R14: 1ffff11031353300 R15: 1ffff1102d0bd60f
00081 FS:  00007f1f61c83940(0000) GS:ffff88831e92e000(0000) knlGS:0000000000000000
00081 CS:  0010 DS: 0000 ES: 0000 CR0: 0000000080050033
00081 CR2: 00007faec44053e8 CR3: 00000001380e8000 CR4: 0000000000750eb0
00081 PKRU: 55555554
00081 Call Trace:
00081  <TASK>
00081  ? local_object_create+0x109/0x640 [obdclass]
00081  ? dt_write_lock+0x16d/0x2a0 [obdclass]
00081  ? llog_osd_create+0x35b/0x1270 [obdclass]
00081  ? llog_create+0x2ed/0x530 [obdclass]
00081  ? llog_open_create+0x6e7/0xb30 [obdclass]
00081  ? llog_test_7_sub+0xea/0x1250 [llog_test]
00081  ? llog_test_7+0x837/0xf50 [llog_test]
00081  ? llog_run_tests+0x3616/0x5ad0 [llog_test]
00081  ? get_random_u32+0x51/0x470
00081  ? llog_test_device_init+0x6e8/0xa20 [llog_test]
00081  ? obd_setup+0x54d/0x950 [obdclass]
00081  ? class_setup+0xc7d/0x10e0 [obdclass]
00081  ? class_process_config+0x2edb/0x7cb0 [obdclass]
00081  ? class_handle_ioctl+0x1f4d/0x3440 [obdclass]
00081  ? obd_class_ioctl+0x1f6/0x3c0 [obdclass]
00081  ? __x64_sys_ioctl+0x961/0xe00
00081  ? _copy_to_user+0x3d/0x60
00081  ? __x64_sys_rt_sigaction+0x107/0x140
00081  ? do_syscall_64+0xc1/0x350
00081  ? entry_SYSCALL_64_after_hwframe+0x4b/0x53
00081  </TASK>
00081 ---[ end trace 0000000000000000 ]---
00083 Lustre: 2188:0:(llog_test.c:1024:llog_test_7_sub()) 7_sub: records are not aligned, written 64139 from 64767
00085 Lustre: 2188:0:(llog_test.c:1140:llog_test_7()) 7g: test llog_gen_rec
00085 ------------[ cut here ]------------
00085 WARNING: /home/ktest/git/linux/include/linux/fs.h:889 at osd_create+0x9cf/0xcf0 [osd_wbcfs], CPU#10: lctl/2188
00085 Modules linked in: llog_test(O) mgs(O) osd_wbcfs(O) lustre(O) obdecho(O) mgc(O) mdc(O) lov(O) osc(O) lmv(O) ec(O) fid(O) fld(O) ptlrpc(O) efivarfs obdclass(O) ksocklnd(O) lnet(O) libcfs(O)
00085 CPU: 10 UID: 0 PID: 2188 Comm: lctl Tainted: G        W  O        7.0.0-ktest-24c399dda2-7433349-20260707 #1 PREEMPT 
00085 Tainted: [W]=WARN, [O]=OOT_MODULE
00085 Hardware name: QEMU Standard PC (Q35 + ICH9, 2009), BIOS 2025.11-3ubuntu7 03/31/2026
00085 RIP: 0010:osd_create+0x9cf/0xcf0 [osd_wbcfs]
00085 Code: c7 c7 00 f6 7b a1 48 c7 c6 a0 72 7d a1 48 c7 c2 00 7c 7d a1 e8 52 c1 43 ff 48 c7 c7 00 f6 7b a1 e8 56 51 44 ff e9 fe fc ff ff <0f> 0b e9 a5 fa ff ff 48 c7 c1 80 44 5d a0 80 e1 07 80 c1 03 38 c1
00085 RSP: 0018:ffffc900054676f0 EFLAGS: 00010246
00085 RAX: 0000000000000000 RBX: ffff888231876c00 RCX: 0000000000000046
00085 RDX: 0000000000000000 RSI: ffff88818da67450 RDI: ffff888106274b18
00085 RBP: ffff88818da673c0 R08: ffffffff83a16803 R09: 1ffffffff0742d00
00085 R10: dffffc0000000000 R11: fffffbfff0742d01 R12: ffff8881685eb000
00085 R13: dffffc0000000000 R14: 1ffff1104630ed80 R15: 1ffff1102d0bd60f
00085 FS:  00007f1f61c83940(0000) GS:ffff88831e92e000(0000) knlGS:0000000000000000
00085 CS:  0010 DS: 0000 ES: 0000 CR0: 0000000080050033
00085 CR2: 00007faec44053e8 CR3: 00000001380e8000 CR4: 0000000000750eb0
00085 PKRU: 55555554
00085 Call Trace:
00085  <TASK>
00085  ? local_object_create+0x109/0x640 [obdclass]
00085  ? dt_write_lock+0x16d/0x2a0 [obdclass]
00085  ? llog_osd_create+0x35b/0x1270 [obdclass]
00085  ? llog_create+0x2ed/0x530 [obdclass]
00085  ? llog_open_create+0x6e7/0xb30 [obdclass]
00085  ? llog_test_7_sub+0xea/0x1250 [llog_test]
00085  ? llog_test_7+0x968/0xf50 [llog_test]
00085  ? llog_run_tests+0x3616/0x5ad0 [llog_test]
00085  ? get_random_u32+0x51/0x470
00085  ? llog_test_device_init+0x6e8/0xa20 [llog_test]
00085  ? obd_setup+0x54d/0x950 [obdclass]
00085  ? class_setup+0xc7d/0x10e0 [obdclass]
00085  ? class_process_config+0x2edb/0x7cb0 [obdclass]
00085  ? class_handle_ioctl+0x1f4d/0x3440 [obdclass]
00085  ? obd_class_ioctl+0x1f6/0x3c0 [obdclass]
00085  ? __x64_sys_ioctl+0x961/0xe00
00085  ? _copy_to_user+0x3d/0x60
00085  ? __x64_sys_rt_sigaction+0x107/0x140
00085  ? do_syscall_64+0xc1/0x350
00085  ? entry_SYSCALL_64_after_hwframe+0x4b/0x53
00085  </TASK>
00085 ---[ end trace 0000000000000000 ]---
00089 Lustre: 2188:0:(llog_test.c:1151:llog_test_7()) 7h: test llog_setattr64_rec_v2
00089 ------------[ cut here ]------------
00089 WARNING: /home/ktest/git/linux/include/linux/fs.h:889 at osd_create+0x9cf/0xcf0 [osd_wbcfs], CPU#1: lctl/2188
00089 Modules linked in: llog_test(O) mgs(O) osd_wbcfs(O) lustre(O) obdecho(O) mgc(O) mdc(O) lov(O) osc(O) lmv(O) ec(O) fid(O) fld(O) ptlrpc(O) efivarfs obdclass(O) ksocklnd(O) lnet(O) libcfs(O)
00089 CPU: 1 UID: 0 PID: 2188 Comm: lctl Tainted: G        W  O        7.0.0-ktest-24c399dda2-7433349-20260707 #1 PREEMPT 
00089 Tainted: [W]=WARN, [O]=OOT_MODULE
00089 Hardware name: QEMU Standard PC (Q35 + ICH9, 2009), BIOS 2025.11-3ubuntu7 03/31/2026
00089 RIP: 0010:osd_create+0x9cf/0xcf0 [osd_wbcfs]
00089 Code: c7 c7 00 f6 7b a1 48 c7 c6 a0 72 7d a1 48 c7 c2 00 7c 7d a1 e8 52 c1 43 ff 48 c7 c7 00 f6 7b a1 e8 56 51 44 ff e9 fe fc ff ff <0f> 0b e9 a5 fa ff ff 48 c7 c1 80 44 5d a0 80 e1 07 80 c1 03 38 c1
00089 RSP: 0018:ffffc900054676f0 EFLAGS: 00010246
00089 RAX: 0000000000000000 RBX: ffff88819b0b8800 RCX: 0000000000000046
00089 RDX: 0000000000000000 RSI: ffff88819e0050d8 RDI: ffff888106274b18
00089 RBP: ffff88819e005048 R08: ffffffff83a16803 R09: 1ffffffff0742d00
00089 R10: dffffc0000000000 R11: fffffbfff0742d01 R12: ffff8881685eb000
00089 R13: dffffc0000000000 R14: 1ffff11033617100 R15: 1ffff1102d0bd60f
00089 FS:  00007f1f61c83940(0000) GS:ffff88831e4ae000(0000) knlGS:0000000000000000
00089 CS:  0010 DS: 0000 ES: 0000 CR0: 0000000080050033
00089 CR2: 00007f56652ee200 CR3: 00000001380e8000 CR4: 0000000000750eb0
00089 PKRU: 55555554
00089 Call Trace:
00089  <TASK>
00089  ? local_object_create+0x109/0x640 [obdclass]
00089  ? dt_write_lock+0x16d/0x2a0 [obdclass]
00089  ? llog_osd_create+0x35b/0x1270 [obdclass]
00089  ? llog_create+0x2ed/0x530 [obdclass]
00089  ? llog_open_create+0x6e7/0xb30 [obdclass]
00089  ? llog_test_7_sub+0xea/0x1250 [llog_test]
00089  ? llog_test_7+0xa99/0xf50 [llog_test]
00089  ? llog_run_tests+0x3616/0x5ad0 [llog_test]
00089  ? get_random_u32+0x51/0x470
00089  ? llog_test_device_init+0x6e8/0xa20 [llog_test]
00089  ? obd_setup+0x54d/0x950 [obdclass]
00089  ? class_setup+0xc7d/0x10e0 [obdclass]
00089  ? class_process_config+0x2edb/0x7cb0 [obdclass]
00089  ? class_handle_ioctl+0x1f4d/0x3440 [obdclass]
00089  ? obd_class_ioctl+0x1f6/0x3c0 [obdclass]
00089  ? __x64_sys_ioctl+0x961/0xe00
00089  ? _copy_to_user+0x3d/0x60
00089  ? __x64_sys_rt_sigaction+0x107/0x140
00089  ? do_syscall_64+0xc1/0x350
00089  ? entry_SYSCALL_64_after_hwframe+0x4b/0x53
00089  </TASK>
00089 ---[ end trace 0000000000000000 ]---
00092 Lustre: 2188:0:(llog_test.c:1024:llog_test_7_sub()) 7_sub: records are not aligned, written 64071 from 64767
00093 Lustre: 2188:0:(llog_test.c:1260:llog_test_8()) 8a: fill the first plain llog
00093 ------------[ cut here ]------------
00093 WARNING: /home/ktest/git/linux/include/linux/fs.h:889 at osd_create+0x9cf/0xcf0 [osd_wbcfs], CPU#1: lctl/2188
00093 Modules linked in: llog_test(O) mgs(O) osd_wbcfs(O) lustre(O) obdecho(O) mgc(O) mdc(O) lov(O) osc(O) lmv(O) ec(O) fid(O) fld(O) ptlrpc(O) efivarfs obdclass(O) ksocklnd(O) lnet(O) libcfs(O)
00093 CPU: 1 UID: 0 PID: 2188 Comm: lctl Tainted: G        W  O        7.0.0-ktest-24c399dda2-7433349-20260707 #1 PREEMPT 
00093 Tainted: [W]=WARN, [O]=OOT_MODULE
00093 Hardware name: QEMU Standard PC (Q35 + ICH9, 2009), BIOS 2025.11-3ubuntu7 03/31/2026
00093 RIP: 0010:osd_create+0x9cf/0xcf0 [osd_wbcfs]
00093 Code: c7 c7 00 f6 7b a1 48 c7 c6 a0 72 7d a1 48 c7 c2 00 7c 7d a1 e8 52 c1 43 ff 48 c7 c7 00 f6 7b a1 e8 56 51 44 ff e9 fe fc ff ff <0f> 0b e9 a5 fa ff ff 48 c7 c1 80 44 5d a0 80 e1 07 80 c1 03 38 c1
00093 RSP: 0018:ffffc900054674c0 EFLAGS: 00010246
00093 RAX: 0000000000000000 RBX: ffff88813b711400 RCX: 0000000000000046
00093 RDX: 0000000000000000 RSI: ffff88819e0049c0 RDI: ffff888106274b40
00093 RBP: ffff88819e004930 R08: ffffffff83a16803 R09: 1ffffffff0742d00
00093 R10: dffffc0000000000 R11: fffffbfff0742d01 R12: ffff8881685eb000
00093 R13: dffffc0000000000 R14: 1ffff110276e2280 R15: 1ffff1102d0bd60f
00093 FS:  00007f1f61c83940(0000) GS:ffff88831e4ae000(0000) knlGS:0000000000000000
00093 CS:  0010 DS: 0000 ES: 0000 CR0: 0000000080050033
00093 CR2: 00007f56652ee200 CR3: 00000001380e8000 CR4: 0000000000750eb0
00093 PKRU: 55555554
00093 Call Trace:
00093  <TASK>
00093  ? local_object_create+0x109/0x640 [obdclass]
00093  ? dt_write_lock+0x16d/0x2a0 [obdclass]
00093  ? llog_osd_create+0x35b/0x1270 [obdclass]
00093  ? llog_create+0x2ed/0x530 [obdclass]
00093  ? llog_cat_new_log+0x6c5/0x2a10 [obdclass]
00093  ? llog_cat_add_rec+0x4fe/0x1960 [obdclass]
00093  ? llog_cat_add_rec+0x6ba/0x1960 [obdclass]
00093  ? llog_cat_add+0x499/0x7a0 [obdclass]
00093  ? llog_test_8+0x567/0x1c20 [llog_test]
00093  ? do_raw_spin_unlock+0x52/0x230
00093  ? _raw_spin_unlock+0x23/0x40
00093  ? __llog_ctxt_put+0x1c4/0x2f0 [obdclass]
00093  ? llog_run_tests+0x39a4/0x5ad0 [llog_test]
00093  ? get_random_u32+0x51/0x470
00093  ? llog_test_device_init+0x6e8/0xa20 [llog_test]
00093  ? obd_setup+0x54d/0x950 [obdclass]
00093  ? class_setup+0xc7d/0x10e0 [obdclass]
00093  ? class_process_config+0x2edb/0x7cb0 [obdclass]
00093  ? class_handle_ioctl+0x1f4d/0x3440 [obdclass]
00093  ? obd_class_ioctl+0x1f6/0x3c0 [obdclass]
00093  ? __x64_sys_ioctl+0x961/0xe00
00093  ? _copy_to_user+0x3d/0x60
00093  ? __x64_sys_rt_sigaction+0x107/0x140
00093  ? do_syscall_64+0xc1/0x350
00093  ? entry_SYSCALL_64_after_hwframe+0x4b/0x53
00093  </TASK>
00093 ---[ end trace 0000000000000000 ]---
00093 Lustre: 2188:0:(llog_test.c:1289:llog_test_8()) 8b: first llog [0x1:0x10:0x0]
00093 Lustre: 2188:0:(llog_test.c:1305:llog_test_8()) 8b: fill the second plain llog
00093 ------------[ cut here ]------------
00093 WARNING: /home/ktest/git/linux/include/linux/fs.h:889 at osd_create+0x9cf/0xcf0 [osd_wbcfs], CPU#1: lctl/2188
00093 Modules linked in: llog_test(O) mgs(O) osd_wbcfs(O) lustre(O) obdecho(O) mgc(O) mdc(O) lov(O) osc(O) lmv(O) ec(O) fid(O) fld(O) ptlrpc(O) efivarfs obdclass(O) ksocklnd(O) lnet(O) libcfs(O)
00093 CPU: 1 UID: 0 PID: 2188 Comm: lctl Tainted: G        W  O        7.0.0-ktest-24c399dda2-7433349-20260707 #1 PREEMPT 
00093 Tainted: [W]=WARN, [O]=OOT_MODULE
00093 Hardware name: QEMU Standard PC (Q35 + ICH9, 2009), BIOS 2025.11-3ubuntu7 03/31/2026
00093 RIP: 0010:osd_create+0x9cf/0xcf0 [osd_wbcfs]
00093 Code: c7 c7 00 f6 7b a1 48 c7 c6 a0 72 7d a1 48 c7 c2 00 7c 7d a1 e8 52 c1 43 ff 48 c7 c7 00 f6 7b a1 e8 56 51 44 ff e9 fe fc ff ff <0f> 0b e9 a5 fa ff ff 48 c7 c1 80 44 5d a0 80 e1 07 80 c1 03 38 c1
00093 RSP: 0018:ffffc900054674c0 EFLAGS: 00010246
00093 RAX: 0000000000000000 RBX: ffff88813b715c00 RCX: 0000000000000046
00093 RDX: 0000000000000000 RSI: ffff88819e0042a8 RDI: ffff888106274b40
00093 RBP: ffff88819e004218 R08: ffffffff83a16803 R09: 1ffffffff0742d00
00093 R10: dffffc0000000000 R11: fffffbfff0742d01 R12: ffff8881685eb000
00093 R13: dffffc0000000000 R14: 1ffff110276e2b80 R15: 1ffff1102d0bd60f
00093 FS:  00007f1f61c83940(0000) GS:ffff88831e4ae000(0000) knlGS:0000000000000000
00093 CS:  0010 DS: 0000 ES: 0000 CR0: 0000000080050033
00093 CR2: 00007f56652ee200 CR3: 00000001380e8000 CR4: 0000000000750eb0
00093 PKRU: 55555554
00093 Call Trace:
00093  <TASK>
00093  ? local_object_create+0x109/0x640 [obdclass]
00093  ? dt_write_lock+0x16d/0x2a0 [obdclass]
00093  ? llog_osd_create+0x35b/0x1270 [obdclass]
00093  ? llog_create+0x2ed/0x530 [obdclass]
00093  ? llog_cat_new_log+0x6c5/0x2a10 [obdclass]
00093  ? llog_cat_add_rec+0x4fe/0x1960 [obdclass]
00093  ? llog_cat_add_rec+0x6ba/0x1960 [obdclass]
00093  ? llog_cat_add+0x499/0x7a0 [obdclass]
00093  ? llog_test_8+0xd89/0x1c20 [llog_test]
00093  ? do_raw_spin_unlock+0x52/0x230
00093  ? _raw_spin_unlock+0x23/0x40
00093  ? __llog_ctxt_put+0x1c4/0x2f0 [obdclass]
00093  ? llog_run_tests+0x39a4/0x5ad0 [llog_test]
00093  ? get_random_u32+0x51/0x470
00093  ? llog_test_device_init+0x6e8/0xa20 [llog_test]
00093  ? obd_setup+0x54d/0x950 [obdclass]
00093  ? class_setup+0xc7d/0x10e0 [obdclass]
00093  ? class_process_config+0x2edb/0x7cb0 [obdclass]
00093  ? class_handle_ioctl+0x1f4d/0x3440 [obdclass]
00093  ? obd_class_ioctl+0x1f6/0x3c0 [obdclass]
00093  ? __x64_sys_ioctl+0x961/0xe00
00093  ? _copy_to_user+0x3d/0x60
00093  ? __x64_sys_rt_sigaction+0x107/0x140
00093  ? do_syscall_64+0xc1/0x350
00093  ? entry_SYSCALL_64_after_hwframe+0x4b/0x53
00093  </TASK>
00093 ---[ end trace 0000000000000000 ]---
00093 Lustre: 2188:0:(llog_test.c:1329:llog_test_8()) 8b: pin llog [0x1:0x12:0x0]
00093 Lustre: 2188:0:(llog_test.c:1332:llog_test_8()) 8b: clean first llog record in catalog
00093 Lustre: 2188:0:(llog_test.c:1343:llog_test_8()) 8c: corrupt first chunk in the middle
00093 Lustre: 2188:0:(llog_test.c:1346:llog_test_8()) 8c: corrupt second chunk at start
00093 Lustre: 2188:0:(llog_test.c:1349:llog_test_8()) 8d: count survived records
00093 Lustre: 2188:0:(llog_test.c:1379:llog_test_8()) 8d: close re-opened catalog
00093 Lustre: 2188:0:(llog_test.c:1440:llog_test_9()) 9a: test llog_logid_rec
00093 ------------[ cut here ]------------
00093 WARNING: /home/ktest/git/linux/include/linux/fs.h:889 at osd_create+0x9cf/0xcf0 [osd_wbcfs], CPU#1: lctl/2188
00093 Modules linked in: llog_test(O) mgs(O) osd_wbcfs(O) lustre(O) obdecho(O) mgc(O) mdc(O) lov(O) osc(O) lmv(O) ec(O) fid(O) fld(O) ptlrpc(O) efivarfs obdclass(O) ksocklnd(O) lnet(O) libcfs(O)
00093 CPU: 1 UID: 0 PID: 2188 Comm: lctl Tainted: G        W  O        7.0.0-ktest-24c399dda2-7433349-20260707 #1 PREEMPT 
00093 Tainted: [W]=WARN, [O]=OOT_MODULE
00093 Hardware name: QEMU Standard PC (Q35 + ICH9, 2009), BIOS 2025.11-3ubuntu7 03/31/2026
00093 RIP: 0010:osd_create+0x9cf/0xcf0 [osd_wbcfs]
00093 Code: c7 c7 00 f6 7b a1 48 c7 c6 a0 72 7d a1 48 c7 c2 00 7c 7d a1 e8 52 c1 43 ff 48 c7 c7 00 f6 7b a1 e8 56 51 44 ff e9 fe fc ff ff <0f> 0b e9 a5 fa ff ff 48 c7 c1 80 44 5d a0 80 e1 07 80 c1 03 38 c1
00093 RSP: 0018:ffffc90005467718 EFLAGS: 00010246
00093 RAX: 0000000000000000 RBX: ffff888138695000 RCX: 0000000000000046
00093 RDX: 0000000000000000 RSI: ffff88819e003b90 RDI: ffff888106274b18
00093 RBP: ffff88819e003b00 R08: ffffffff83a16803 R09: 1ffffffff0742d00
00093 R10: dffffc0000000000 R11: fffffbfff0742d01 R12: ffff8881685eb000
00093 R13: dffffc0000000000 R14: 1ffff110270d2a00 R15: 1ffff1102d0bd60f
00093 FS:  00007f1f61c83940(0000) GS:ffff88831e4ae000(0000) knlGS:0000000000000000
00093 CS:  0010 DS: 0000 ES: 0000 CR0: 0000000080050033
00093 CR2: 00007f56652ee200 CR3: 00000001380e8000 CR4: 0000000000750eb0
00093 PKRU: 55555554
00093 Call Trace:
00093  <TASK>
00093  ? local_object_create+0x109/0x640 [obdclass]
00093  ? dt_write_lock+0x16d/0x2a0 [obdclass]
00093  ? llog_osd_create+0x35b/0x1270 [obdclass]
00093  ? llog_create+0x2ed/0x530 [obdclass]
00093  ? llog_open_create+0x6e7/0xb30 [obdclass]
00093  ? llog_test_9_sub+0xd4/0x800 [llog_test]
00093  ? llog_test_9+0x242/0x960 [llog_test]
00093  ? llog_run_tests+0x3d66/0x5ad0 [llog_test]
00093  ? get_random_u32+0x51/0x470
00093  ? llog_test_device_init+0x6e8/0xa20 [llog_test]
00093  ? obd_setup+0x54d/0x950 [obdclass]
00093  ? class_setup+0xc7d/0x10e0 [obdclass]
00093  ? class_process_config+0x2edb/0x7cb0 [obdclass]
00093  ? class_handle_ioctl+0x1f4d/0x3440 [obdclass]
00093  ? obd_class_ioctl+0x1f6/0x3c0 [obdclass]
00093  ? __x64_sys_ioctl+0x961/0xe00
00093  ? _copy_to_user+0x3d/0x60
00093  ? __x64_sys_rt_sigaction+0x107/0x140
00093  ? do_syscall_64+0xc1/0x350
00093  ? entry_SYSCALL_64_after_hwframe+0x4b/0x53
00093  </TASK>
00093 ---[ end trace 0000000000000000 ]---
00093 Lustre: 2188:0:(llog_test.c:1424:llog_test_9_sub()) 9_sub: record type 1064553b in log 0x1:0x14:0x0
00093 Lustre: 2188:0:(llog_test.c:1451:llog_test_9()) 9b: test llog_obd_cfg_rec
00093 ------------[ cut here ]------------
00093 WARNING: /home/ktest/git/linux/include/linux/fs.h:889 at osd_create+0x9cf/0xcf0 [osd_wbcfs], CPU#1: lctl/2188
00093 Modules linked in: llog_test(O) mgs(O) osd_wbcfs(O) lustre(O) obdecho(O) mgc(O) mdc(O) lov(O) osc(O) lmv(O) ec(O) fid(O) fld(O) ptlrpc(O) efivarfs obdclass(O) ksocklnd(O) lnet(O) libcfs(O)
00093 CPU: 1 UID: 0 PID: 2188 Comm: lctl Tainted: G        W  O        7.0.0-ktest-24c399dda2-7433349-20260707 #1 PREEMPT 
00093 Tainted: [W]=WARN, [O]=OOT_MODULE
00093 Hardware name: QEMU Standard PC (Q35 + ICH9, 2009), BIOS 2025.11-3ubuntu7 03/31/2026
00093 RIP: 0010:osd_create+0x9cf/0xcf0 [osd_wbcfs]
00093 Code: c7 c7 00 f6 7b a1 48 c7 c6 a0 72 7d a1 48 c7 c2 00 7c 7d a1 e8 52 c1 43 ff 48 c7 c7 00 f6 7b a1 e8 56 51 44 ff e9 fe fc ff ff <0f> 0b e9 a5 fa ff ff 48 c7 c1 80 44 5d a0 80 e1 07 80 c1 03 38 c1
00093 RSP: 0018:ffffc90005467718 EFLAGS: 00010246
00093 RAX: 0000000000000000 RBX: ffff888138694400 RCX: 0000000000000046
00093 RDX: 0000000000000000 RSI: ffff88819e003478 RDI: ffff888106274b18
00093 RBP: ffff88819e0033e8 R08: ffffffff83a16803 R09: 1ffffffff0742d00
00093 R10: dffffc0000000000 R11: fffffbfff0742d01 R12: ffff8881685eb000
00093 R13: dffffc0000000000 R14: 1ffff110270d2880 R15: 1ffff1102d0bd60f
00093 FS:  00007f1f61c83940(0000) GS:ffff88831e4ae000(0000) knlGS:0000000000000000
00093 CS:  0010 DS: 0000 ES: 0000 CR0: 0000000080050033
00093 CR2: 00007f56652ee200 CR3: 00000001380e8000 CR4: 0000000000750eb0
00093 PKRU: 55555554
00093 Call Trace:
00093  <TASK>
00093  ? local_object_create+0x109/0x640 [obdclass]
00093  ? dt_write_lock+0x16d/0x2a0 [obdclass]
00093  ? llog_osd_create+0x35b/0x1270 [obdclass]
00093  ? llog_create+0x2ed/0x530 [obdclass]
00093  ? llog_open_create+0x6e7/0xb30 [obdclass]
00093  ? llog_test_9_sub+0xd4/0x800 [llog_test]
00093  ? llog_test_9+0x373/0x960 [llog_test]
00093  ? llog_run_tests+0x3d66/0x5ad0 [llog_test]
00093  ? get_random_u32+0x51/0x470
00093  ? llog_test_device_init+0x6e8/0xa20 [llog_test]
00093  ? obd_setup+0x54d/0x950 [obdclass]
00093  ? class_setup+0xc7d/0x10e0 [obdclass]
00093  ? class_process_config+0x2edb/0x7cb0 [obdclass]
00093  ? class_handle_ioctl+0x1f4d/0x3440 [obdclass]
00093  ? obd_class_ioctl+0x1f6/0x3c0 [obdclass]
00093  ? __x64_sys_ioctl+0x961/0xe00
00093  ? _copy_to_user+0x3d/0x60
00093  ? __x64_sys_rt_sigaction+0x107/0x140
00093  ? do_syscall_64+0xc1/0x350
00093  ? entry_SYSCALL_64_after_hwframe+0x4b/0x53
00093  </TASK>
00093 ---[ end trace 0000000000000000 ]---
00093 Lustre: 2188:0:(llog_test.c:1462:llog_test_9()) 9c: test llog_changelog_rec
00093 ------------[ cut here ]------------
00093 WARNING: /home/ktest/git/linux/include/linux/fs.h:889 at osd_create+0x9cf/0xcf0 [osd_wbcfs], CPU#1: lctl/2188
00093 Modules linked in: llog_test(O) mgs(O) osd_wbcfs(O) lustre(O) obdecho(O) mgc(O) mdc(O) lov(O) osc(O) lmv(O) ec(O) fid(O) fld(O) ptlrpc(O) efivarfs obdclass(O) ksocklnd(O) lnet(O) libcfs(O)
00093 CPU: 1 UID: 0 PID: 2188 Comm: lctl Tainted: G        W  O        7.0.0-ktest-24c399dda2-7433349-20260707 #1 PREEMPT 
00093 Tainted: [W]=WARN, [O]=OOT_MODULE
00093 Hardware name: QEMU Standard PC (Q35 + ICH9, 2009), BIOS 2025.11-3ubuntu7 03/31/2026
00093 RIP: 0010:osd_create+0x9cf/0xcf0 [osd_wbcfs]
00093 Code: c7 c7 00 f6 7b a1 48 c7 c6 a0 72 7d a1 48 c7 c2 00 7c 7d a1 e8 52 c1 43 ff 48 c7 c7 00 f6 7b a1 e8 56 51 44 ff e9 fe fc ff ff <0f> 0b e9 a5 fa ff ff 48 c7 c1 80 44 5d a0 80 e1 07 80 c1 03 38 c1
00093 RSP: 0018:ffffc90005467718 EFLAGS: 00010246
00093 RAX: 0000000000000000 RBX: ffff888138693c00 RCX: 0000000000000046
00093 RDX: 0000000000000000 RSI: ffff88819e002d60 RDI: ffff888106274b18
00093 RBP: ffff88819e002cd0 R08: ffffffff83a16803 R09: 1ffffffff0742d00
00093 R10: dffffc0000000000 R11: fffffbfff0742d01 R12: ffff8881685eb000
00093 R13: dffffc0000000000 R14: 1ffff110270d2780 R15: 1ffff1102d0bd60f
00093 FS:  00007f1f61c83940(0000) GS:ffff88831e4ae000(0000) knlGS:0000000000000000
00093 CS:  0010 DS: 0000 ES: 0000 CR0: 0000000080050033
00093 CR2: 00007f56652ee200 CR3: 00000001380e8000 CR4: 0000000000750eb0
00093 PKRU: 55555554
00093 Call Trace:
00093  <TASK>
00093  ? local_object_create+0x109/0x640 [obdclass]
00093  ? dt_write_lock+0x16d/0x2a0 [obdclass]
00093  ? llog_osd_create+0x35b/0x1270 [obdclass]
00093  ? llog_create+0x2ed/0x530 [obdclass]
00093  ? llog_open_create+0x6e7/0xb30 [obdclass]
00093  ? llog_test_9_sub+0xd4/0x800 [llog_test]
00093  ? llog_test_9+0x4a4/0x960 [llog_test]
00093  ? llog_run_tests+0x3d66/0x5ad0 [llog_test]
00093  ? get_random_u32+0x51/0x470
00093  ? llog_test_device_init+0x6e8/0xa20 [llog_test]
00093  ? obd_setup+0x54d/0x950 [obdclass]
00093  ? class_setup+0xc7d/0x10e0 [obdclass]
00093  ? class_process_config+0x2edb/0x7cb0 [obdclass]
00093  ? class_handle_ioctl+0x1f4d/0x3440 [obdclass]
00093  ? obd_class_ioctl+0x1f6/0x3c0 [obdclass]
00093  ? __x64_sys_ioctl+0x961/0xe00
00093  ? _copy_to_user+0x3d/0x60
00093  ? __x64_sys_rt_sigaction+0x107/0x140
00093  ? do_syscall_64+0xc1/0x350
00093  ? entry_SYSCALL_64_after_hwframe+0x4b/0x53
00093  </TASK>
00093 ---[ end trace 0000000000000000 ]---
00093 Lustre: 2188:0:(llog_test.c:1474:llog_test_9()) 9d: test llog_changelog_user_rec2
00093 ------------[ cut here ]------------
00093 WARNING: /home/ktest/git/linux/include/linux/fs.h:889 at osd_create+0x9cf/0xcf0 [osd_wbcfs], CPU#1: lctl/2188
00093 Modules linked in: llog_test(O) mgs(O) osd_wbcfs(O) lustre(O) obdecho(O) mgc(O) mdc(O) lov(O) osc(O) lmv(O) ec(O) fid(O) fld(O) ptlrpc(O) efivarfs obdclass(O) ksocklnd(O) lnet(O) libcfs(O)
00093 CPU: 1 UID: 0 PID: 2188 Comm: lctl Tainted: G        W  O        7.0.0-ktest-24c399dda2-7433349-20260707 #1 PREEMPT 
00093 Tainted: [W]=WARN, [O]=OOT_MODULE
00093 Hardware name: QEMU Standard PC (Q35 + ICH9, 2009), BIOS 2025.11-3ubuntu7 03/31/2026
00093 RIP: 0010:osd_create+0x9cf/0xcf0 [osd_wbcfs]
00093 Code: c7 c7 00 f6 7b a1 48 c7 c6 a0 72 7d a1 48 c7 c2 00 7c 7d a1 e8 52 c1 43 ff 48 c7 c7 00 f6 7b a1 e8 56 51 44 ff e9 fe fc ff ff <0f> 0b e9 a5 fa ff ff 48 c7 c1 80 44 5d a0 80 e1 07 80 c1 03 38 c1
00093 RSP: 0018:ffffc90005467718 EFLAGS: 00010246
00093 RAX: 0000000000000000 RBX: ffff888138693400 RCX: 0000000000000046
00093 RDX: 0000000000000000 RSI: ffff88819e002648 RDI: ffff888106274b18
00093 RBP: ffff88819e0025b8 R08: ffffffff83a16803 R09: 1ffffffff0742d00
00093 R10: dffffc0000000000 R11: fffffbfff0742d01 R12: ffff8881685eb000
00093 R13: dffffc0000000000 R14: 1ffff110270d2680 R15: 1ffff1102d0bd60f
00093 FS:  00007f1f61c83940(0000) GS:ffff88831e4ae000(0000) knlGS:0000000000000000
00093 CS:  0010 DS: 0000 ES: 0000 CR0: 0000000080050033
00093 CR2: 00007f56652ee200 CR3: 00000001380e8000 CR4: 0000000000750eb0
00093 PKRU: 55555554
00093 Call Trace:
00093  <TASK>
00093  ? local_object_create+0x109/0x640 [obdclass]
00093  ? dt_write_lock+0x16d/0x2a0 [obdclass]
00093  ? llog_osd_create+0x35b/0x1270 [obdclass]
00093  ? llog_create+0x2ed/0x530 [obdclass]
00093  ? llog_open_create+0x6e7/0xb30 [obdclass]
00093  ? llog_test_9_sub+0xd4/0x800 [llog_test]
00093  ? llog_test_9+0x5d5/0x960 [llog_test]
00093  ? llog_run_tests+0x3d66/0x5ad0 [llog_test]
00093  ? get_random_u32+0x51/0x470
00093  ? llog_test_device_init+0x6e8/0xa20 [llog_test]
00093  ? obd_setup+0x54d/0x950 [obdclass]
00093  ? class_setup+0xc7d/0x10e0 [obdclass]
00093  ? class_process_config+0x2edb/0x7cb0 [obdclass]
00093  ? class_handle_ioctl+0x1f4d/0x3440 [obdclass]
00093  ? obd_class_ioctl+0x1f6/0x3c0 [obdclass]
00093  ? __x64_sys_ioctl+0x961/0xe00
00093  ? _copy_to_user+0x3d/0x60
00093  ? __x64_sys_rt_sigaction+0x107/0x140
00093  ? do_syscall_64+0xc1/0x350
00093  ? entry_SYSCALL_64_after_hwframe+0x4b/0x53
00093  </TASK>
00093 ---[ end trace 0000000000000000 ]---
00093 Lustre: 2188:0:(llog_test.c:1575:llog_test_10()) 10a: create a catalog log with name: ed861966
00093 ------------[ cut here ]------------
00093 WARNING: /home/ktest/git/linux/include/linux/fs.h:889 at osd_create+0x9cf/0xcf0 [osd_wbcfs], CPU#1: lctl/2188
00093 Modules linked in: llog_test(O) mgs(O) osd_wbcfs(O) lustre(O) obdecho(O) mgc(O) mdc(O) lov(O) osc(O) lmv(O) ec(O) fid(O) fld(O) ptlrpc(O) efivarfs obdclass(O) ksocklnd(O) lnet(O) libcfs(O)
00093 CPU: 1 UID: 0 PID: 2188 Comm: lctl Tainted: G        W  O        7.0.0-ktest-24c399dda2-7433349-20260707 #1 PREEMPT 
00093 Tainted: [W]=WARN, [O]=OOT_MODULE
00093 Hardware name: QEMU Standard PC (Q35 + ICH9, 2009), BIOS 2025.11-3ubuntu7 03/31/2026
00093 RIP: 0010:osd_create+0x9cf/0xcf0 [osd_wbcfs]
00093 Code: c7 c7 00 f6 7b a1 48 c7 c6 a0 72 7d a1 48 c7 c2 00 7c 7d a1 e8 52 c1 43 ff 48 c7 c7 00 f6 7b a1 e8 56 51 44 ff e9 fe fc ff ff <0f> 0b e9 a5 fa ff ff 48 c7 c1 80 44 5d a0 80 e1 07 80 c1 03 38 c1
00093 RSP: 0018:ffffc900054675d0 EFLAGS: 00010246
00093 RAX: 0000000000000000 RBX: ffff888138692c00 RCX: 0000000000000046
00093 RDX: 0000000000000000 RSI: ffff88819e001f30 RDI: ffff888106274b18
00093 RBP: ffff88819e001ea0 R08: ffffffff83a16803 R09: 1ffffffff0742d00
00093 R10: dffffc0000000000 R11: fffffbfff0742d01 R12: ffff8881685eb000
00093 R13: dffffc0000000000 R14: 1ffff110270d2580 R15: 1ffff1102d0bd60f
00093 FS:  00007f1f61c83940(0000) GS:ffff88831e4ae000(0000) knlGS:0000000000000000
00093 CS:  0010 DS: 0000 ES: 0000 CR0: 0000000080050033
00093 CR2: 00007f56652ee200 CR3: 00000001380e8000 CR4: 0000000000750eb0
00093 PKRU: 55555554
00093 Call Trace:
00093  <TASK>
00093  ? local_object_create+0x109/0x640 [obdclass]
00093  ? dt_write_lock+0x16d/0x2a0 [obdclass]
00093  ? llog_osd_create+0x35b/0x1270 [obdclass]
00093  ? llog_create+0x2ed/0x530 [obdclass]
00093  ? llog_open_create+0x6e7/0xb30 [obdclass]
00093  ? llog_test_10+0x2e1/0x5540 [llog_test]
00093  ? lu_object_put+0xa40/0x12e0 [obdclass]
00093  ? do_raw_spin_unlock+0x52/0x230
00093  ? _raw_spin_unlock+0x23/0x40
00093  ? __llog_ctxt_put+0x1c4/0x2f0 [obdclass]
00093  ? llog_run_tests+0x3f47/0x5ad0 [llog_test]
00093  ? get_random_u32+0x51/0x470
00093  ? llog_test_device_init+0x6e8/0xa20 [llog_test]
00093  ? obd_setup+0x54d/0x950 [obdclass]
00093  ? class_setup+0xc7d/0x10e0 [obdclass]
00093  ? class_process_config+0x2edb/0x7cb0 [obdclass]
00093  ? class_handle_ioctl+0x1f4d/0x3440 [obdclass]
00093  ? obd_class_ioctl+0x1f6/0x3c0 [obdclass]
00093  ? __x64_sys_ioctl+0x961/0xe00
00093  ? _copy_to_user+0x3d/0x60
00093  ? __x64_sys_rt_sigaction+0x107/0x140
00093  ? do_syscall_64+0xc1/0x350
00093  ? entry_SYSCALL_64_after_hwframe+0x4b/0x53
00093  </TASK>
00093 ---[ end trace 0000000000000000 ]---
00093 Lustre: 2188:0:(llog_test.c:1605:llog_test_10()) 10b: write 64767 log records
00093 ------------[ cut here ]------------
00093 WARNING: /home/ktest/git/linux/include/linux/fs.h:889 at osd_create+0x9cf/0xcf0 [osd_wbcfs], CPU#1: lctl/2188
00093 Modules linked in: llog_test(O) mgs(O) osd_wbcfs(O) lustre(O) obdecho(O) mgc(O) mdc(O) lov(O) osc(O) lmv(O) ec(O) fid(O) fld(O) ptlrpc(O) efivarfs obdclass(O) ksocklnd(O) lnet(O) libcfs(O)
00093 CPU: 1 UID: 0 PID: 2188 Comm: lctl Tainted: G        W  O        7.0.0-ktest-24c399dda2-7433349-20260707 #1 PREEMPT 
00093 Tainted: [W]=WARN, [O]=OOT_MODULE
00093 Hardware name: QEMU Standard PC (Q35 + ICH9, 2009), BIOS 2025.11-3ubuntu7 03/31/2026
00093 RIP: 0010:osd_create+0x9cf/0xcf0 [osd_wbcfs]
00093 Code: c7 c7 00 f6 7b a1 48 c7 c6 a0 72 7d a1 48 c7 c2 00 7c 7d a1 e8 52 c1 43 ff 48 c7 c7 00 f6 7b a1 e8 56 51 44 ff e9 fe fc ff ff <0f> 0b e9 a5 fa ff ff 48 c7 c1 80 44 5d a0 80 e1 07 80 c1 03 38 c1
00093 RSP: 0018:ffffc90005467470 EFLAGS: 00010246
00093 RAX: 0000000000000000 RBX: ffff888138692400 RCX: 0000000000000046
00093 RDX: 0000000000000000 RSI: ffff88819e001818 RDI: ffff888106274b40
00093 RBP: ffff88819e001788 R08: ffffffff83a16803 R09: 1ffffffff0742d00
00093 R10: dffffc0000000000 R11: fffffbfff0742d01 R12: ffff8881685eb000
00093 R13: dffffc0000000000 R14: 1ffff110270d2480 R15: 1ffff1102d0bd60f
00093 FS:  00007f1f61c83940(0000) GS:ffff88831e4ae000(0000) knlGS:0000000000000000
00093 CS:  0010 DS: 0000 ES: 0000 CR0: 0000000080050033
00093 CR2: 00007f56652ee200 CR3: 00000001380e8000 CR4: 0000000000750eb0
00093 PKRU: 55555554
00093 Call Trace:
00093  <TASK>
00093  ? local_object_create+0x109/0x640 [obdclass]
00093  ? dt_write_lock+0x16d/0x2a0 [obdclass]
00093  ? llog_osd_create+0x35b/0x1270 [obdclass]
00093  ? llog_create+0x2ed/0x530 [obdclass]
00093  ? llog_cat_new_log+0x6c5/0x2a10 [obdclass]
00093  ? llog_cat_add_rec+0x4fe/0x1960 [obdclass]
00093  ? llog_cat_add_rec+0x6ba/0x1960 [obdclass]
00093  ? llog_cat_add+0x499/0x7a0 [obdclass]
00093  ? llog_test_10+0x6d3/0x5540 [llog_test]
00093  ? do_raw_spin_unlock+0x52/0x230
00093  ? _raw_spin_unlock+0x23/0x40
00093  ? __llog_ctxt_put+0x1c4/0x2f0 [obdclass]
00093  ? llog_run_tests+0x3f47/0x5ad0 [llog_test]
00093  ? get_random_u32+0x51/0x470
00093  ? llog_test_device_init+0x6e8/0xa20 [llog_test]
00093  ? obd_setup+0x54d/0x950 [obdclass]
00093  ? class_setup+0xc7d/0x10e0 [obdclass]
00093  ? class_process_config+0x2edb/0x7cb0 [obdclass]
00093  ? class_handle_ioctl+0x1f4d/0x3440 [obdclass]
00093  ? obd_class_ioctl+0x1f6/0x3c0 [obdclass]
00093  ? __x64_sys_ioctl+0x961/0xe00
00093  ? _copy_to_user+0x3d/0x60
00093  ? __x64_sys_rt_sigaction+0x107/0x140
00093  ? do_syscall_64+0xc1/0x350
00093  ? entry_SYSCALL_64_after_hwframe+0x4b/0x53
00093  </TASK>
00093 ---[ end trace 0000000000000000 ]---
00096 ------------[ cut here ]------------
00096 WARNING: /home/ktest/git/linux/include/linux/fs.h:889 at osd_create+0x9cf/0xcf0 [osd_wbcfs], CPU#1: lctl/2188
00096 Modules linked in: llog_test(O) mgs(O) osd_wbcfs(O) lustre(O) obdecho(O) mgc(O) mdc(O) lov(O) osc(O) lmv(O) ec(O) fid(O) fld(O) ptlrpc(O) efivarfs obdclass(O) ksocklnd(O) lnet(O) libcfs(O)
00096 CPU: 1 UID: 0 PID: 2188 Comm: lctl Tainted: G        W  O        7.0.0-ktest-24c399dda2-7433349-20260707 #1 PREEMPT 
00096 Tainted: [W]=WARN, [O]=OOT_MODULE
00096 Hardware name: QEMU Standard PC (Q35 + ICH9, 2009), BIOS 2025.11-3ubuntu7 03/31/2026
00096 RIP: 0010:osd_create+0x9cf/0xcf0 [osd_wbcfs]
00096 Code: c7 c7 00 f6 7b a1 48 c7 c6 a0 72 7d a1 48 c7 c2 00 7c 7d a1 e8 52 c1 43 ff 48 c7 c7 00 f6 7b a1 e8 56 51 44 ff e9 fe fc ff ff <0f> 0b e9 a5 fa ff ff 48 c7 c1 80 44 5d a0 80 e1 07 80 c1 03 38 c1
00096 RSP: 0018:ffffc90005467470 EFLAGS: 00010246
00096 RAX: 0000000000000000 RBX: ffff888138697c00 RCX: 0000000000000046
00096 RDX: 0000000000000000 RSI: ffff88819e001100 RDI: ffff888106274b40
00096 RBP: ffff88819e001070 R08: ffffffff83a16803 R09: 1ffffffff0742d00
00096 R10: dffffc0000000000 R11: fffffbfff0742d01 R12: ffff8881685eb000
00096 R13: dffffc0000000000 R14: 1ffff110270d2f80 R15: 1ffff1102d0bd60f
00096 FS:  00007f1f61c83940(0000) GS:ffff88831e4ae000(0000) knlGS:0000000000000000
00096 CS:  0010 DS: 0000 ES: 0000 CR0: 0000000080050033
00096 CR2: 00007f56652ee200 CR3: 00000001380e8000 CR4: 0000000000750eb0
00096 PKRU: 55555554
00096 Call Trace:
00096  <TASK>
00096  ? local_object_create+0x109/0x640 [obdclass]
00096  ? dt_write_lock+0x16d/0x2a0 [obdclass]
00096  ? llog_osd_create+0x35b/0x1270 [obdclass]
00096  ? llog_create+0x2ed/0x530 [obdclass]
00096  ? llog_cat_new_log+0x6c5/0x2a10 [obdclass]
00096  ? llog_cat_add_rec+0x4fe/0x1960 [obdclass]
00096  ? llog_cat_add_rec+0x6ba/0x1960 [obdclass]
00096  ? llog_cat_add+0x499/0x7a0 [obdclass]
00096  ? llog_test_10+0x6d3/0x5540 [llog_test]
00096  ? do_raw_spin_unlock+0x52/0x230
00096  ? _raw_spin_unlock+0x23/0x40
00096  ? __llog_ctxt_put+0x1c4/0x2f0 [obdclass]
00096  ? llog_run_tests+0x3f47/0x5ad0 [llog_test]
00096  ? get_random_u32+0x51/0x470
00096  ? llog_test_device_init+0x6e8/0xa20 [llog_test]
00096  ? obd_setup+0x54d/0x950 [obdclass]
00096  ? class_setup+0xc7d/0x10e0 [obdclass]
00096  ? class_process_config+0x2edb/0x7cb0 [obdclass]
00096  ? class_handle_ioctl+0x1f4d/0x3440 [obdclass]
00096  ? obd_class_ioctl+0x1f6/0x3c0 [obdclass]
00096  ? __x64_sys_ioctl+0x961/0xe00
00096  ? _copy_to_user+0x3d/0x60
00096  ? __x64_sys_rt_sigaction+0x107/0x140
00096  ? do_syscall_64+0xc1/0x350
00096  ? entry_SYSCALL_64_after_hwframe+0x4b/0x53
00096  </TASK>
00096 ---[ end trace 0000000000000000 ]---
00096 Lustre: 2188:0:(llog_test.c:1631:llog_test_10()) 10c: write 129534 more log records
00099 ------------[ cut here ]------------
00099 WARNING: /home/ktest/git/linux/include/linux/fs.h:889 at osd_create+0x9cf/0xcf0 [osd_wbcfs], CPU#1: lctl/2188
00099 Modules linked in: llog_test(O) mgs(O) osd_wbcfs(O) lustre(O) obdecho(O) mgc(O) mdc(O) lov(O) osc(O) lmv(O) ec(O) fid(O) fld(O) ptlrpc(O) efivarfs obdclass(O) ksocklnd(O) lnet(O) libcfs(O)
00099 CPU: 1 UID: 0 PID: 2188 Comm: lctl Tainted: G        W  O        7.0.0-ktest-24c399dda2-7433349-20260707 #1 PREEMPT 
00099 Tainted: [W]=WARN, [O]=OOT_MODULE
00099 Hardware name: QEMU Standard PC (Q35 + ICH9, 2009), BIOS 2025.11-3ubuntu7 03/31/2026
00099 RIP: 0010:osd_create+0x9cf/0xcf0 [osd_wbcfs]
00099 Code: c7 c7 00 f6 7b a1 48 c7 c6 a0 72 7d a1 48 c7 c2 00 7c 7d a1 e8 52 c1 43 ff 48 c7 c7 00 f6 7b a1 e8 56 51 44 ff e9 fe fc ff ff <0f> 0b e9 a5 fa ff ff 48 c7 c1 80 44 5d a0 80 e1 07 80 c1 03 38 c1
00099 RSP: 0018:ffffc90005467470 EFLAGS: 00010246
00099 RAX: 0000000000000000 RBX: ffff88814fbd4400 RCX: 0000000000000046
00099 RDX: 0000000000000000 RSI: ffff88819e0009e8 RDI: ffff888106274b40
00099 RBP: ffff88819e000958 R08: ffffffff83a16803 R09: 1ffffffff0742d00
00099 R10: dffffc0000000000 R11: fffffbfff0742d01 R12: ffff8881685eb000
00099 R13: dffffc0000000000 R14: 1ffff11029f7a880 R15: 1ffff1102d0bd60f
00099 FS:  00007f1f61c83940(0000) GS:ffff88831e4ae000(0000) knlGS:0000000000000000
00099 CS:  0010 DS: 0000 ES: 0000 CR0: 0000000080050033
00099 CR2: 00007f56652ee200 CR3: 00000001380e8000 CR4: 0000000000750eb0
00099 PKRU: 55555554
00099 Call Trace:
00099  <TASK>
00099  ? local_object_create+0x109/0x640 [obdclass]
00099  ? dt_write_lock+0x16d/0x2a0 [obdclass]
00099  ? llog_osd_create+0x35b/0x1270 [obdclass]
00099  ? llog_create+0x2ed/0x530 [obdclass]
00099  ? llog_cat_new_log+0x6c5/0x2a10 [obdclass]
00099  ? llog_cat_add_rec+0x4fe/0x1960 [obdclass]
00099  ? llog_cat_add_rec+0x6ba/0x1960 [obdclass]
00099  ? llog_cat_add+0x499/0x7a0 [obdclass]
00099  ? llog_test_10+0x98e/0x5540 [llog_test]
00099  ? do_raw_spin_unlock+0x52/0x230
00099  ? _raw_spin_unlock+0x23/0x40
00099  ? __llog_ctxt_put+0x1c4/0x2f0 [obdclass]
00099  ? llog_run_tests+0x3f47/0x5ad0 [llog_test]
00099  ? get_random_u32+0x51/0x470
00099  ? llog_test_device_init+0x6e8/0xa20 [llog_test]
00099  ? obd_setup+0x54d/0x950 [obdclass]
00099  ? class_setup+0xc7d/0x10e0 [obdclass]
00099  ? class_process_config+0x2edb/0x7cb0 [obdclass]
00099  ? class_handle_ioctl+0x1f4d/0x3440 [obdclass]
00099  ? obd_class_ioctl+0x1f6/0x3c0 [obdclass]
00099  ? __x64_sys_ioctl+0x961/0xe00
00099  ? _copy_to_user+0x3d/0x60
00099  ? __x64_sys_rt_sigaction+0x107/0x140
00099  ? do_syscall_64+0xc1/0x350
00099  ? entry_SYSCALL_64_after_hwframe+0x4b/0x53
00099  </TASK>
00099 ---[ end trace 0000000000000000 ]---
00101 ------------[ cut here ]------------
00101 WARNING: /home/ktest/git/linux/include/linux/fs.h:889 at osd_create+0x9cf/0xcf0 [osd_wbcfs], CPU#1: lctl/2188
00101 Modules linked in: llog_test(O) mgs(O) osd_wbcfs(O) lustre(O) obdecho(O) mgc(O) mdc(O) lov(O) osc(O) lmv(O) ec(O) fid(O) fld(O) ptlrpc(O) efivarfs obdclass(O) ksocklnd(O) lnet(O) libcfs(O)
00101 CPU: 1 UID: 0 PID: 2188 Comm: lctl Tainted: G        W  O        7.0.0-ktest-24c399dda2-7433349-20260707 #1 PREEMPT 
00101 Tainted: [W]=WARN, [O]=OOT_MODULE
00101 Hardware name: QEMU Standard PC (Q35 + ICH9, 2009), BIOS 2025.11-3ubuntu7 03/31/2026
00101 RIP: 0010:osd_create+0x9cf/0xcf0 [osd_wbcfs]
00101 Code: c7 c7 00 f6 7b a1 48 c7 c6 a0 72 7d a1 48 c7 c2 00 7c 7d a1 e8 52 c1 43 ff 48 c7 c7 00 f6 7b a1 e8 56 51 44 ff e9 fe fc ff ff <0f> 0b e9 a5 fa ff ff 48 c7 c1 80 44 5d a0 80 e1 07 80 c1 03 38 c1
00101 RSP: 0018:ffffc90005467470 EFLAGS: 00010246
00101 RAX: 0000000000000000 RBX: ffff888191239800 RCX: 0000000000000046
00101 RDX: 0000000000000000 RSI: ffff88819e0002d0 RDI: ffff888106274b40
00101 RBP: ffff88819e000240 R08: ffffffff83a16803 R09: 1ffffffff0742d00
00101 R10: dffffc0000000000 R11: fffffbfff0742d01 R12: ffff8881685eb000
00101 R13: dffffc0000000000 R14: 1ffff11032247300 R15: 1ffff1102d0bd60f
00101 FS:  00007f1f61c83940(0000) GS:ffff88831e4ae000(0000) knlGS:0000000000000000
00101 CS:  0010 DS: 0000 ES: 0000 CR0: 0000000080050033
00101 CR2: 00007f56652ee200 CR3: 00000001380e8000 CR4: 0000000000750eb0
00101 PKRU: 55555554
00101 Call Trace:
00101  <TASK>
00101  ? local_object_create+0x109/0x640 [obdclass]
00101  ? dt_write_lock+0x16d/0x2a0 [obdclass]
00101  ? llog_osd_create+0x35b/0x1270 [obdclass]
00101  ? llog_create+0x2ed/0x530 [obdclass]
00101  ? llog_cat_new_log+0x6c5/0x2a10 [obdclass]
00101  ? llog_cat_add_rec+0x4fe/0x1960 [obdclass]
00101  ? llog_cat_add_rec+0x6ba/0x1960 [obdclass]
00101  ? llog_cat_add+0x499/0x7a0 [obdclass]
00101  ? llog_test_10+0x98e/0x5540 [llog_test]
00101  ? do_raw_spin_unlock+0x52/0x230
00101  ? _raw_spin_unlock+0x23/0x40
00101  ? __llog_ctxt_put+0x1c4/0x2f0 [obdclass]
00101  ? llog_run_tests+0x3f47/0x5ad0 [llog_test]
00101  ? get_random_u32+0x51/0x470
00101  ? llog_test_device_init+0x6e8/0xa20 [llog_test]
00101  ? obd_setup+0x54d/0x950 [obdclass]
00101  ? class_setup+0xc7d/0x10e0 [obdclass]
00101  ? class_process_config+0x2edb/0x7cb0 [obdclass]
00101  ? class_handle_ioctl+0x1f4d/0x3440 [obdclass]
00101  ? obd_class_ioctl+0x1f6/0x3c0 [obdclass]
00101  ? __x64_sys_ioctl+0x961/0xe00
00101  ? _copy_to_user+0x3d/0x60
00101  ? __x64_sys_rt_sigaction+0x107/0x140
00101  ? do_syscall_64+0xc1/0x350
00101  ? entry_SYSCALL_64_after_hwframe+0x4b/0x53
00101  </TASK>
00101 ---[ end trace 0000000000000000 ]---
00101 Lustre: 2188:0:(llog_test.c:1663:llog_test_10()) 10c: write 64767 more log records
00104 Lustre: 2188:0:(llog_cat.c:80:llog_cat_new_log()) MGS: there are no more free slots in catalog ed861966
00104 LustreError: 2188:0:(llog_cat.c:588:llog_cat_add_rec()) MGS: initialization error: rc = -28
00104 Lustre: 2188:0:(llog_test.c:1689:llog_test_10()) 10c: wrote 64011 records then 756 failed with ENOSPC
00104 Lustre: 2188:0:(llog_test.c:1708:llog_test_10()) 10d: Cancel 64767 records, see one log zapped
00106 Lustre: 2188:0:(llog_test.c:1722:llog_test_10()) 10d: print the catalog entries.. we expect 3
00106 Lustre: 2212:0:(llog_test.c:700:cat_print_cb()) seeing record at index 2 - [0x1:0x19:0x0] in log [0xa:0x5:0x0]
00106 Lustre: 2188:0:(llog_test.c:1752:llog_test_10()) 10e: write 64767 more log records
00106 ------------[ cut here ]------------
00106 WARNING: /home/ktest/git/linux/include/linux/fs.h:889 at osd_create+0x9cf/0xcf0 [osd_wbcfs], CPU#1: lctl/2188
00106 Modules linked in: llog_test(O) mgs(O) osd_wbcfs(O) lustre(O) obdecho(O) mgc(O) mdc(O) lov(O) osc(O) lmv(O) ec(O) fid(O) fld(O) ptlrpc(O) efivarfs obdclass(O) ksocklnd(O) lnet(O) libcfs(O)
00106 CPU: 1 UID: 0 PID: 2188 Comm: lctl Tainted: G        W  O        7.0.0-ktest-24c399dda2-7433349-20260707 #1 PREEMPT 
00106 Tainted: [W]=WARN, [O]=OOT_MODULE
00106 Hardware name: QEMU Standard PC (Q35 + ICH9, 2009), BIOS 2025.11-3ubuntu7 03/31/2026
00106 RIP: 0010:osd_create+0x9cf/0xcf0 [osd_wbcfs]
00106 Code: c7 c7 00 f6 7b a1 48 c7 c6 a0 72 7d a1 48 c7 c2 00 7c 7d a1 e8 52 c1 43 ff 48 c7 c7 00 f6 7b a1 e8 56 51 44 ff e9 fe fc ff ff <0f> 0b e9 a5 fa ff ff 48 c7 c1 80 44 5d a0 80 e1 07 80 c1 03 38 c1
00106 RSP: 0018:ffffc90005467470 EFLAGS: 00010246
00106 RAX: 0000000000000000 RBX: ffff888138b67000 RCX: 0000000000000046
00106 RDX: 0000000000000000 RSI: ffff8882937aa648 RDI: ffff888106274b40
00106 RBP: ffff8882937aa5b8 R08: ffffffff83a16803 R09: 1ffffffff0742d00
00106 R10: dffffc0000000000 R11: fffffbfff0742d01 R12: ffff8881685eb000
00106 R13: dffffc0000000000 R14: 1ffff1102716ce00 R15: 1ffff1102d0bd60f
00106 FS:  00007f1f61c83940(0000) GS:ffff88831e4ae000(0000) knlGS:0000000000000000
00106 CS:  0010 DS: 0000 ES: 0000 CR0: 0000000080050033
00106 CR2: 00007f56652ee200 CR3: 00000001380e8000 CR4: 0000000000750eb0
00106 PKRU: 55555554
00106 Call Trace:
00106  <TASK>
00106  ? local_object_create+0x109/0x640 [obdclass]
00106  ? dt_write_lock+0x16d/0x2a0 [obdclass]
00106  ? llog_osd_create+0x35b/0x1270 [obdclass]
00106  ? llog_create+0x2ed/0x530 [obdclass]
00106  ? llog_cat_new_log+0x6c5/0x2a10 [obdclass]
00106  ? llog_cat_add_rec+0x4fe/0x1960 [obdclass]
00106  ? llog_cat_add_rec+0x6ba/0x1960 [obdclass]
00106  ? llog_cat_add+0x499/0x7a0 [obdclass]
00106  ? llog_test_10+0x185a/0x5540 [llog_test]
00106  ? do_raw_spin_unlock+0x52/0x230
00106  ? _raw_spin_unlock+0x23/0x40
00106  ? __llog_ctxt_put+0x1c4/0x2f0 [obdclass]
00106  ? llog_run_tests+0x3f47/0x5ad0 [llog_test]
00106  ? get_random_u32+0x51/0x470
00106  ? llog_test_device_init+0x6e8/0xa20 [llog_test]
00106  ? obd_setup+0x54d/0x950 [obdclass]
00106  ? class_setup+0xc7d/0x10e0 [obdclass]
00106  ? class_process_config+0x2edb/0x7cb0 [obdclass]
00106  ? class_handle_ioctl+0x1f4d/0x3440 [obdclass]
00106  ? obd_class_ioctl+0x1f6/0x3c0 [obdclass]
00106  ? __x64_sys_ioctl+0x961/0xe00
00106  ? _copy_to_user+0x3d/0x60
00106  ? __x64_sys_rt_sigaction+0x107/0x140
00106  ? do_syscall_64+0xc1/0x350
00106  ? entry_SYSCALL_64_after_hwframe+0x4b/0x53
00106  </TASK>
00106 ---[ end trace 0000000000000000 ]---
00108 Lustre: 2188:0:(llog_cat.c:80:llog_cat_new_log()) MGS: there are no more free slots in catalog ed861966
00108 Lustre: 2188:0:(llog_cat.c:80:llog_cat_new_log()) Skipped 755 previous similar messages
00108 LustreError: 2188:0:(llog_cat.c:588:llog_cat_add_rec()) MGS: initialization error: rc = -28
00108 LustreError: 2188:0:(llog_cat.c:588:llog_cat_add_rec()) Skipped 755 previous similar messages
00108 Lustre: 2188:0:(llog_test.c:1778:llog_test_10()) 10e: wrote 64578 records then 189 failed with ENOSPC
00108 Lustre: 2188:0:(llog_test.c:1780:llog_test_10()) 10e: print the catalog entries.. we expect 4
00108 Lustre: 2188:0:(llog_cat.c:977:llog_cat_process_or_fork()) MGS: catlog [0xa:0x5:0x0] crosses index zero
00108 Lustre: 2188:0:(llog_test.c:700:cat_print_cb()) seeing record at index 2 - [0x1:0x19:0x0] in log [0xa:0x5:0x0]
00108 Lustre: 2188:0:(llog_test.c:700:cat_print_cb()) Skipped 2 previous similar messages
00108 Lustre: 2188:0:(llog_test.c:1816:llog_test_10()) 10e: catalog successfully wrap around, last_idx 1, first 1
00108 Lustre: 2188:0:(llog_test.c:1833:llog_test_10()) 10f: Cancel 64767 records, see one log zapped
00110 Lustre: 2188:0:(llog_test.c:1847:llog_test_10()) 10f: print the catalog entries.. we expect 3
00110 Lustre: 2188:0:(llog_cat.c:977:llog_cat_process_or_fork()) MGS: catlog [0xa:0x5:0x0] crosses index zero
00110 Lustre: 2188:0:(llog_cat.c:977:llog_cat_process_or_fork()) Skipped 1 previous similar message
00110 Lustre: 2188:0:(llog_test.c:1878:llog_test_10()) 10f: write 64767 more log records
00110 ------------[ cut here ]------------
00110 WARNING: /home/ktest/git/linux/include/linux/fs.h:889 at osd_create+0x9cf/0xcf0 [osd_wbcfs], CPU#1: lctl/2188
00110 Modules linked in: llog_test(O) mgs(O) osd_wbcfs(O) lustre(O) obdecho(O) mgc(O) mdc(O) lov(O) osc(O) lmv(O) ec(O) fid(O) fld(O) ptlrpc(O) efivarfs obdclass(O) ksocklnd(O) lnet(O) libcfs(O)
00110 CPU: 1 UID: 0 PID: 2188 Comm: lctl Tainted: G        W  O        7.0.0-ktest-24c399dda2-7433349-20260707 #1 PREEMPT 
00110 Tainted: [W]=WARN, [O]=OOT_MODULE
00110 Hardware name: QEMU Standard PC (Q35 + ICH9, 2009), BIOS 2025.11-3ubuntu7 03/31/2026
00110 RIP: 0010:osd_create+0x9cf/0xcf0 [osd_wbcfs]
00110 Code: c7 c7 00 f6 7b a1 48 c7 c6 a0 72 7d a1 48 c7 c2 00 7c 7d a1 e8 52 c1 43 ff 48 c7 c7 00 f6 7b a1 e8 56 51 44 ff e9 fe fc ff ff <0f> 0b e9 a5 fa ff ff 48 c7 c1 80 44 5d a0 80 e1 07 80 c1 03 38 c1
00110 RSP: 0018:ffffc90005467470 EFLAGS: 00010246
00110 RAX: 0000000000000000 RBX: ffff88828c92ac00 RCX: 0000000000000046
00110 RDX: 0000000000000000 RSI: ffff8882937a9f30 RDI: ffff888106274b40
00110 RBP: ffff8882937a9ea0 R08: ffffffff83a16803 R09: 1ffffffff0742d00
00110 R10: dffffc0000000000 R11: fffffbfff0742d01 R12: ffff8881685eb000
00110 R13: dffffc0000000000 R14: 1ffff11051925580 R15: 1ffff1102d0bd60f
00110 FS:  00007f1f61c83940(0000) GS:ffff88831e4ae000(0000) knlGS:0000000000000000
00110 CS:  0010 DS: 0000 ES: 0000 CR0: 0000000080050033
00110 CR2: 00007f56652ee200 CR3: 00000001380e8000 CR4: 0000000000750eb0
00110 PKRU: 55555554
00110 Call Trace:
00110  <TASK>
00110  ? local_object_create+0x109/0x640 [obdclass]
00110  ? dt_write_lock+0x16d/0x2a0 [obdclass]
00110  ? llog_osd_create+0x35b/0x1270 [obdclass]
00110  ? llog_create+0x2ed/0x530 [obdclass]
00110  ? llog_cat_new_log+0x6c5/0x2a10 [obdclass]
00110  ? llog_cat_add_rec+0x4fe/0x1960 [obdclass]
00110  ? llog_cat_add_rec+0x6ba/0x1960 [obdclass]
00110  ? llog_cat_add+0x499/0x7a0 [obdclass]
00110  ? llog_test_10+0x2b7c/0x5540 [llog_test]
00110  ? do_raw_spin_unlock+0x52/0x230
00110  ? _raw_spin_unlock+0x23/0x40
00110  ? __llog_ctxt_put+0x1c4/0x2f0 [obdclass]
00110  ? llog_run_tests+0x3f47/0x5ad0 [llog_test]
00110  ? get_random_u32+0x51/0x470
00110  ? llog_test_device_init+0x6e8/0xa20 [llog_test]
00110  ? obd_setup+0x54d/0x950 [obdclass]
00110  ? class_setup+0xc7d/0x10e0 [obdclass]
00110  ? class_process_config+0x2edb/0x7cb0 [obdclass]
00110  ? class_handle_ioctl+0x1f4d/0x3440 [obdclass]
00110  ? obd_class_ioctl+0x1f6/0x3c0 [obdclass]
00110  ? __x64_sys_ioctl+0x961/0xe00
00110  ? _copy_to_user+0x3d/0x60
00110  ? __x64_sys_rt_sigaction+0x107/0x140
00110  ? do_syscall_64+0xc1/0x350
00110  ? entry_SYSCALL_64_after_hwframe+0x4b/0x53
00110  </TASK>
00110 ---[ end trace 0000000000000000 ]---
00113 Lustre: 2188:0:(llog_cat.c:80:llog_cat_new_log()) MGS: there are no more free slots in catalog ed861966
00113 Lustre: 2188:0:(llog_cat.c:80:llog_cat_new_log()) Skipped 188 previous similar messages
00113 LustreError: 2188:0:(llog_cat.c:588:llog_cat_add_rec()) MGS: initialization error: rc = -28
00113 LustreError: 2188:0:(llog_cat.c:588:llog_cat_add_rec()) Skipped 188 previous similar messages
00113 Lustre: 2188:0:(llog_test.c:1904:llog_test_10()) 10f: wrote 64578 records then 189 failed with ENOSPC
00113 Lustre: 2188:0:(llog_test.c:1950:llog_test_10()) 10g: Cancel 64767 records, see one log zapped
00113 Lustre: 2188:0:(llog_cat.c:977:llog_cat_process_or_fork()) MGS: catlog [0xa:0x5:0x0] crosses index zero
00115 Lustre: 2188:0:(llog_test.c:1962:llog_test_10()) 10g: print the catalog entries.. we expect 3
00115 Lustre: 2188:0:(llog_test.c:700:cat_print_cb()) seeing record at index 4 - [0x1:0x1b:0x0] in log [0xa:0x5:0x0]
00115 Lustre: 2188:0:(llog_test.c:700:cat_print_cb()) Skipped 6 previous similar messages
00115 Lustre: 2188:0:(llog_test.c:1992:llog_test_10()) 10g: Cancel 64767 records, see one log zapped
00117 Lustre: 2188:0:(llog_test.c:2006:llog_test_10()) 10g: print the catalog entries.. we expect 2
00117 Lustre: 2188:0:(llog_test.c:2044:llog_test_10()) 10g: Cancel 64767 records, see one log zapped
00119 Lustre: 2188:0:(llog_test.c:2058:llog_test_10()) 10g: print the catalog entries.. we expect 1
00119 Lustre: 2188:0:(llog_test.c:2084:llog_test_10()) 10g: llh_cat_idx has also successfully wrapped!
00119 Lustre: 2214:0:(llog_test.c:1534:cat_check_old_cb()) seeing record at index 2 - [0x1:0x1d:0x0] in log [0xa:0x5:0x0]
00119 Lustre: 2188:0:(llog_test.c:2108:llog_test_10()) 10h: write 64767 more log records
00119 ------------[ cut here ]------------
00119 WARNING: /home/ktest/git/linux/include/linux/fs.h:889 at osd_create+0x9cf/0xcf0 [osd_wbcfs], CPU#14: lctl/2188
00119 Modules linked in: llog_test(O) mgs(O) osd_wbcfs(O) lustre(O) obdecho(O) mgc(O) mdc(O) lov(O) osc(O) lmv(O) ec(O) fid(O) fld(O) ptlrpc(O) efivarfs obdclass(O) ksocklnd(O) lnet(O) libcfs(O)
00119 CPU: 14 UID: 0 PID: 2188 Comm: lctl Tainted: G        W  O        7.0.0-ktest-24c399dda2-7433349-20260707 #1 PREEMPT 
00119 Tainted: [W]=WARN, [O]=OOT_MODULE
00119 Hardware name: QEMU Standard PC (Q35 + ICH9, 2009), BIOS 2025.11-3ubuntu7 03/31/2026
00119 RIP: 0010:osd_create+0x9cf/0xcf0 [osd_wbcfs]
00119 Code: c7 c7 00 f6 7b a1 48 c7 c6 a0 72 7d a1 48 c7 c2 00 7c 7d a1 e8 52 c1 43 ff 48 c7 c7 00 f6 7b a1 e8 56 51 44 ff e9 fe fc ff ff <0f> 0b e9 a5 fa ff ff 48 c7 c1 80 44 5d a0 80 e1 07 80 c1 03 38 c1
00119 RSP: 0018:ffffc90005467470 EFLAGS: 00010246
00119 RAX: 0000000000000000 RBX: ffff888071e48c00 RCX: 0000000000000046
00119 RDX: 0000000000000000 RSI: ffff8882937afb68 RDI: ffff888106274b40
00119 RBP: ffff8882937afad8 R08: ffffffff83a16803 R09: 1ffffffff0742d00
00119 R10: dffffc0000000000 R11: fffffbfff0742d01 R12: ffff8881685eb000
00119 R13: dffffc0000000000 R14: 1ffff1100e3c9180 R15: 1ffff1102d0bd60f
00119 FS:  00007f1f61c83940(0000) GS:ffff88831eb2e000(0000) knlGS:0000000000000000
00119 CS:  0010 DS: 0000 ES: 0000 CR0: 0000000080050033
00119 CR2: 00007ffd8dc1eec8 CR3: 00000001380e8000 CR4: 0000000000750eb0
00119 PKRU: 55555554
00119 Call Trace:
00119  <TASK>
00119  ? local_object_create+0x109/0x640 [obdclass]
00119  ? dt_write_lock+0x16d/0x2a0 [obdclass]
00119  ? llog_osd_create+0x35b/0x1270 [obdclass]
00119  ? llog_create+0x2ed/0x530 [obdclass]
00119  ? llog_cat_new_log+0x6c5/0x2a10 [obdclass]
00119  ? llog_cat_add_rec+0x4fe/0x1960 [obdclass]
00119  ? llog_cat_add_rec+0x6ba/0x1960 [obdclass]
00119  ? llog_cat_add+0x499/0x7a0 [obdclass]
00119  ? llog_test_10+0x5030/0x5540 [llog_test]
00119  ? llog_test_9_sub+0x800/0x800 [llog_test]
00119  ? llog_run_tests+0x3f47/0x5ad0 [llog_test]
00119  ? get_random_u32+0x51/0x470
00119  ? llog_test_device_init+0x6e8/0xa20 [llog_test]
00119  ? obd_setup+0x54d/0x950 [obdclass]
00119  ? class_setup+0xc7d/0x10e0 [obdclass]
00119  ? class_process_config+0x2edb/0x7cb0 [obdclass]
00119  ? class_handle_ioctl+0x1f4d/0x3440 [obdclass]
00119  ? obd_class_ioctl+0x1f6/0x3c0 [obdclass]
00119  ? __x64_sys_ioctl+0x961/0xe00
00119  ? _copy_to_user+0x3d/0x60
00119  ? __x64_sys_rt_sigaction+0x107/0x140
00119  ? do_syscall_64+0xc1/0x350
00119  ? entry_SYSCALL_64_after_hwframe+0x4b/0x53
00119  </TASK>
00119 ---[ end trace 0000000000000000 ]---
00119 LustreError: 2188:0:(llog_osd.c:684:llog_osd_write_rec()) cfs_race id 1317 sleeping
00120 LustreError: 2214:0:(llog.c:685:llog_process_thread()) cfs_fail_race id 1317 waking
00120 LustreError: 2188:0:(llog_osd.c:684:llog_osd_write_rec()) cfs_fail_race id 1317 awake: rc=449
00121 LustreError: 2214:0:(llog.c:685:llog_process_thread()) cfs_fail_race id 1317 waking
00121 Lustre: 2214:0:(llog_test.c:1534:cat_check_old_cb()) seeing record at index 3 - [0x1:0x1e:0x0] in log [0xa:0x5:0x0]
00123 ------------[ cut here ]------------
00123 WARNING: /home/ktest/git/linux/include/linux/fs.h:889 at osd_create+0x9cf/0xcf0 [osd_wbcfs], CPU#14: lctl/2188
00123 Modules linked in: llog_test(O) mgs(O) osd_wbcfs(O) lustre(O) obdecho(O) mgc(O) mdc(O) lov(O) osc(O) lmv(O) ec(O) fid(O) fld(O) ptlrpc(O) efivarfs obdclass(O) ksocklnd(O) lnet(O) libcfs(O)
00123 CPU: 14 UID: 0 PID: 2188 Comm: lctl Tainted: G        W  O        7.0.0-ktest-24c399dda2-7433349-20260707 #1 PREEMPT 
00123 Tainted: [W]=WARN, [O]=OOT_MODULE
00123 Hardware name: QEMU Standard PC (Q35 + ICH9, 2009), BIOS 2025.11-3ubuntu7 03/31/2026
00123 RIP: 0010:osd_create+0x9cf/0xcf0 [osd_wbcfs]
00123 Code: c7 c7 00 f6 7b a1 48 c7 c6 a0 72 7d a1 48 c7 c2 00 7c 7d a1 e8 52 c1 43 ff 48 c7 c7 00 f6 7b a1 e8 56 51 44 ff e9 fe fc ff ff <0f> 0b e9 a5 fa ff ff 48 c7 c1 80 44 5d a0 80 e1 07 80 c1 03 38 c1
00123 RSP: 0018:ffffc90005467470 EFLAGS: 00010246
00123 RAX: 0000000000000000 RBX: ffff888013963000 RCX: 0000000000000046
00123 RDX: 0000000000000000 RSI: ffff8882937af450 RDI: ffff888106274b40
00123 RBP: ffff8882937af3c0 R08: ffffffff83a16803 R09: 1ffffffff0742d00
00123 R10: dffffc0000000000 R11: fffffbfff0742d01 R12: ffff8881685eb000
00123 R13: dffffc0000000000 R14: 1ffff1100272c600 R15: 1ffff1102d0bd60f
00123 FS:  00007f1f61c83940(0000) GS:ffff88831eb2e000(0000) knlGS:0000000000000000
00123 CS:  0010 DS: 0000 ES: 0000 CR0: 0000000080050033
00123 CR2: 00007ffd8dc1eec8 CR3: 00000001380e8000 CR4: 0000000000750eb0
00123 PKRU: 55555554
00123 Call Trace:
00123  <TASK>
00123  ? local_object_create+0x109/0x640 [obdclass]
00123  ? dt_write_lock+0x16d/0x2a0 [obdclass]
00123  ? llog_osd_create+0x35b/0x1270 [obdclass]
00123  ? llog_create+0x2ed/0x530 [obdclass]
00123  ? llog_cat_new_log+0x6c5/0x2a10 [obdclass]
00123  ? llog_cat_add_rec+0x4fe/0x1960 [obdclass]
00123  ? llog_cat_add_rec+0x6ba/0x1960 [obdclass]
00123  ? llog_cat_add+0x499/0x7a0 [obdclass]
00123  ? llog_test_10+0x5030/0x5540 [llog_test]
00123  ? llog_test_9_sub+0x800/0x800 [llog_test]
00123  ? llog_run_tests+0x3f47/0x5ad0 [llog_test]
00123  ? get_random_u32+0x51/0x470
00123  ? llog_test_device_init+0x6e8/0xa20 [llog_test]
00123  ? obd_setup+0x54d/0x950 [obdclass]
00123  ? class_setup+0xc7d/0x10e0 [obdclass]
00123  ? class_process_config+0x2edb/0x7cb0 [obdclass]
00123  ? class_handle_ioctl+0x1f4d/0x3440 [obdclass]
00123  ? obd_class_ioctl+0x1f6/0x3c0 [obdclass]
00123  ? __x64_sys_ioctl+0x961/0xe00
00123  ? _copy_to_user+0x3d/0x60
00123  ? __x64_sys_rt_sigaction+0x107/0x140
00123  ? do_syscall_64+0xc1/0x350
00123  ? entry_SYSCALL_64_after_hwframe+0x4b/0x53
00123  </TASK>
00123 ---[ end trace 0000000000000000 ]---
00123 LustreError: 2188:0:(llog_osd.c:684:llog_osd_write_rec()) cfs_fail_race id 1317 waking
00124 Lustre: 2188:0:(llog_test.c:2134:llog_test_10()) 10h: wrote 64767 records then 0 failed with ENOSPC
00124 Lustre: 2188:0:(llog_test.c:2147:llog_test_10()) 10: put newly-created catalog
00124 Lustre: 2188:0:(llog_test.c:2177:llog_test_11()) 11: create a plain nameless log
00124 ------------[ cut here ]------------
00124 WARNING: /home/ktest/git/linux/include/linux/fs.h:889 at osd_create+0x9cf/0xcf0 [osd_wbcfs], CPU#14: lctl/2188
00124 Modules linked in: llog_test(O) mgs(O) osd_wbcfs(O) lustre(O) obdecho(O) mgc(O) mdc(O) lov(O) osc(O) lmv(O) ec(O) fid(O) fld(O) ptlrpc(O) efivarfs obdclass(O) ksocklnd(O) lnet(O) libcfs(O)
00124 CPU: 14 UID: 0 PID: 2188 Comm: lctl Tainted: G        W  O        7.0.0-ktest-24c399dda2-7433349-20260707 #1 PREEMPT 
00124 Tainted: [W]=WARN, [O]=OOT_MODULE
00124 Hardware name: QEMU Standard PC (Q35 + ICH9, 2009), BIOS 2025.11-3ubuntu7 03/31/2026
00124 RIP: 0010:osd_create+0x9cf/0xcf0 [osd_wbcfs]
00124 Code: c7 c7 00 f6 7b a1 48 c7 c6 a0 72 7d a1 48 c7 c2 00 7c 7d a1 e8 52 c1 43 ff 48 c7 c7 00 f6 7b a1 e8 56 51 44 ff e9 fe fc ff ff <0f> 0b e9 a5 fa ff ff 48 c7 c1 80 44 5d a0 80 e1 07 80 c1 03 38 c1
00124 RSP: 0018:ffffc90005467678 EFLAGS: 00010246
00124 RAX: 0000000000000000 RBX: ffff888034fc7c00 RCX: 0000000000000046
00124 RDX: 0000000000000000 RSI: ffff8882937aed38 RDI: ffff888106274b18
00124 RBP: ffff8882937aeca8 R08: ffffffff83a16803 R09: 1ffffffff0742d00
00124 R10: dffffc0000000000 R11: fffffbfff0742d01 R12: ffff8881685eb000
00124 R13: dffffc0000000000 R14: 1ffff110069f8f80 R15: 1ffff1102d0bd60f
00124 FS:  00007f1f61c83940(0000) GS:ffff88831eb2e000(0000) knlGS:0000000000000000
00124 CS:  0010 DS: 0000 ES: 0000 CR0: 0000000080050033
00124 CR2: 00007ffd8dc1eec8 CR3: 00000001380e8000 CR4: 0000000000750eb0
00124 PKRU: 55555554
00124 Call Trace:
00124  <TASK>
00124  ? local_object_create+0x109/0x640 [obdclass]
00124  ? dt_write_lock+0x16d/0x2a0 [obdclass]
00124  ? llog_osd_create+0x35b/0x1270 [obdclass]
00124  ? llog_create+0x2ed/0x530 [obdclass]
00124  ? llog_open_create+0x6e7/0xb30 [obdclass]
00124  ? llog_test_11+0x2a4/0x1130 [llog_test]
00124  ? llog_test_9_sub+0x800/0x800 [llog_test]
00124  ? llog_run_tests+0x41b8/0x5ad0 [llog_test]
00124  ? get_random_u32+0x51/0x470
00124  ? llog_test_device_init+0x6e8/0xa20 [llog_test]
00124  ? obd_setup+0x54d/0x950 [obdclass]
00124  ? class_setup+0xc7d/0x10e0 [obdclass]
00124  ? class_process_config+0x2edb/0x7cb0 [obdclass]
00124  ? class_handle_ioctl+0x1f4d/0x3440 [obdclass]
00124  ? obd_class_ioctl+0x1f6/0x3c0 [obdclass]
00124  ? __x64_sys_ioctl+0x961/0xe00
00124  ? _copy_to_user+0x3d/0x60
00124  ? __x64_sys_rt_sigaction+0x107/0x140
00124  ? do_syscall_64+0xc1/0x350
00124  ? entry_SYSCALL_64_after_hwframe+0x4b/0x53
00124  </TASK>
00124 ---[ end trace 0000000000000000 ]---
00124 Lustre: 2188:0:(llog_test.c:2202:llog_test_11()) 11: size 8216 in 0 blocks after 1 rec
00124 Lustre: 2188:0:(llog_test.c:2204:llog_test_11()) 11: add few records
00124 Lustre: 2188:0:(llog_test.c:2221:llog_test_11()) 11: size 10616 in 0 blocks with few recs
00124 lctl (2188): drop_caches: 3
00124 Lustre: 2188:0:(llog_test.c:2247:llog_test_11()) 11: re-open the log by LOGID and verify llh_count
00124 Lustre: 2188:0:(llog_test.c:2262:llog_test_11()) 11: size 10616 in 0 blocks after re-open
00124 Lustre: 2188:0:(llog_test.c:2352:llog_test_12()) 12: create a catalog log with name: ed861967
00124 ------------[ cut here ]------------
00124 WARNING: /home/ktest/git/linux/include/linux/fs.h:889 at osd_create+0x9cf/0xcf0 [osd_wbcfs], CPU#14: lctl/2188
00124 Modules linked in: llog_test(O) mgs(O) osd_wbcfs(O) lustre(O) obdecho(O) mgc(O) mdc(O) lov(O) osc(O) lmv(O) ec(O) fid(O) fld(O) ptlrpc(O) efivarfs obdclass(O) ksocklnd(O) lnet(O) libcfs(O)
00124 CPU: 14 UID: 0 PID: 2188 Comm: lctl Tainted: G        W  O        7.0.0-ktest-24c399dda2-7433349-20260707 #1 PREEMPT 
00124 Tainted: [W]=WARN, [O]=OOT_MODULE
00124 Hardware name: QEMU Standard PC (Q35 + ICH9, 2009), BIOS 2025.11-3ubuntu7 03/31/2026
00124 RIP: 0010:osd_create+0x9cf/0xcf0 [osd_wbcfs]
00124 Code: c7 c7 00 f6 7b a1 48 c7 c6 a0 72 7d a1 48 c7 c2 00 7c 7d a1 e8 52 c1 43 ff 48 c7 c7 00 f6 7b a1 e8 56 51 44 ff e9 fe fc ff ff <0f> 0b e9 a5 fa ff ff 48 c7 c1 80 44 5d a0 80 e1 07 80 c1 03 38 c1
00124 RSP: 0018:ffffc90005467650 EFLAGS: 00010246
00124 RAX: 0000000000000000 RBX: ffff888034fca400 RCX: 0000000000000046
00124 RDX: 0000000000000000 RSI: ffff8882937ae620 RDI: ffff888106274b18
00124 RBP: ffff8882937ae590 R08: ffffffff83a16803 R09: 1ffffffff0742d00
00124 R10: dffffc0000000000 R11: fffffbfff0742d01 R12: ffff8881685eb000
00124 R13: dffffc0000000000 R14: 1ffff110069f9480 R15: 1ffff1102d0bd60f
00124 FS:  00007f1f61c83940(0000) GS:ffff88831eb2e000(0000) knlGS:0000000000000000
00124 CS:  0010 DS: 0000 ES: 0000 CR0: 0000000080050033
00124 CR2: 00007ffd8dc1eec8 CR3: 00000001380e8000 CR4: 0000000000750eb0
00124 PKRU: 55555554
00124 Call Trace:
00124  <TASK>
00124  ? local_object_create+0x109/0x640 [obdclass]
00124  ? dt_write_lock+0x16d/0x2a0 [obdclass]
00124  ? llog_osd_create+0x35b/0x1270 [obdclass]
00124  ? llog_create+0x2ed/0x530 [obdclass]
00124  ? llog_open_create+0x6e7/0xb30 [obdclass]
00124  ? llog_test_12+0x402/0x2d90 [llog_test]
00124  ? llog_test_11+0xc14/0x1130 [llog_test]
00124  ? llog_run_tests+0x443a/0x5ad0 [llog_test]
00124  ? get_random_u32+0x51/0x470
00124  ? llog_test_device_init+0x6e8/0xa20 [llog_test]
00124  ? obd_setup+0x54d/0x950 [obdclass]
00124  ? class_setup+0xc7d/0x10e0 [obdclass]
00124  ? class_process_config+0x2edb/0x7cb0 [obdclass]
00124  ? class_handle_ioctl+0x1f4d/0x3440 [obdclass]
00124  ? obd_class_ioctl+0x1f6/0x3c0 [obdclass]
00124  ? __x64_sys_ioctl+0x961/0xe00
00124  ? _copy_to_user+0x3d/0x60
00124  ? __x64_sys_rt_sigaction+0x107/0x140
00124  ? do_syscall_64+0xc1/0x350
00124  ? entry_SYSCALL_64_after_hwframe+0x4b/0x53
00124  </TASK>
00124 ---[ end trace 0000000000000000 ]---
00124 ------------[ cut here ]------------
00124 WARNING: /home/ktest/git/linux/include/linux/fs.h:889 at osd_create+0x9cf/0xcf0 [osd_wbcfs], CPU#14: lctl/2188
00124 Modules linked in: llog_test(O) mgs(O) osd_wbcfs(O) lustre(O) obdecho(O) mgc(O) mdc(O) lov(O) osc(O) lmv(O) ec(O) fid(O) fld(O) ptlrpc(O) efivarfs obdclass(O) ksocklnd(O) lnet(O) libcfs(O)
00124 CPU: 14 UID: 0 PID: 2188 Comm: lctl Tainted: G        W  O        7.0.0-ktest-24c399dda2-7433349-20260707 #1 PREEMPT 
00124 Tainted: [W]=WARN, [O]=OOT_MODULE
00124 Hardware name: QEMU Standard PC (Q35 + ICH9, 2009), BIOS 2025.11-3ubuntu7 03/31/2026
00124 RIP: 0010:osd_create+0x9cf/0xcf0 [osd_wbcfs]
00124 Code: c7 c7 00 f6 7b a1 48 c7 c6 a0 72 7d a1 48 c7 c2 00 7c 7d a1 e8 52 c1 43 ff 48 c7 c7 00 f6 7b a1 e8 56 51 44 ff e9 fe fc ff ff <0f> 0b e9 a5 fa ff ff 48 c7 c1 80 44 5d a0 80 e1 07 80 c1 03 38 c1
00124 RSP: 0018:ffffc900054674f0 EFLAGS: 00010246
00124 RAX: 0000000000000000 RBX: ffff888034fc9c00 RCX: 0000000000000046
00124 RDX: 0000000000000000 RSI: ffff8882937adf08 RDI: ffff888106274b40
00124 RBP: ffff8882937ade78 R08: ffffffff83a16803 R09: 1ffffffff0742d00
00124 R10: dffffc0000000000 R11: fffffbfff0742d01 R12: ffff8881685eb000
00124 R13: dffffc0000000000 R14: 1ffff110069f9380 R15: 1ffff1102d0bd60f
00124 FS:  00007f1f61c83940(0000) GS:ffff88831eb2e000(0000) knlGS:0000000000000000
00124 CS:  0010 DS: 0000 ES: 0000 CR0: 0000000080050033
00124 CR2: 00007ffd8dc1eec8 CR3: 00000001380e8000 CR4: 0000000000750eb0
00124 PKRU: 55555554
00124 Call Trace:
00124  <TASK>
00124  ? local_object_create+0x109/0x640 [obdclass]
00124  ? dt_write_lock+0x16d/0x2a0 [obdclass]
00124  ? llog_osd_create+0x35b/0x1270 [obdclass]
00124  ? llog_create+0x2ed/0x530 [obdclass]
00124  ? llog_cat_new_log+0x6c5/0x2a10 [obdclass]
00124  ? llog_cat_add_rec+0x4fe/0x1960 [obdclass]
00124  ? llog_cat_add_rec+0x6ba/0x1960 [obdclass]
00124  ? llog_cat_add+0x499/0x7a0 [obdclass]
00124  ? llog_test_12+0x683/0x2d90 [llog_test]
00124  ? llog_test_11+0xc14/0x1130 [llog_test]
00124  ? llog_run_tests+0x443a/0x5ad0 [llog_test]
00124  ? get_random_u32+0x51/0x470
00124  ? llog_test_device_init+0x6e8/0xa20 [llog_test]
00124  ? obd_setup+0x54d/0x950 [obdclass]
00124  ? class_setup+0xc7d/0x10e0 [obdclass]
00124  ? class_process_config+0x2edb/0x7cb0 [obdclass]
00124  ? class_handle_ioctl+0x1f4d/0x3440 [obdclass]
00124  ? obd_class_ioctl+0x1f6/0x3c0 [obdclass]
00124  ? __x64_sys_ioctl+0x961/0xe00
00124  ? _copy_to_user+0x3d/0x60
00124  ? __x64_sys_rt_sigaction+0x107/0x140
00124  ? do_syscall_64+0xc1/0x350
00124  ? entry_SYSCALL_64_after_hwframe+0x4b/0x53
00124  </TASK>
00124 ---[ end trace 0000000000000000 ]---
00124 Lustre: 12: truncate 24 bytes
00124 Lustre: 12: re-open and process the catalog
00124 LustreError: 2188:0:(llog_osd.c:1247:llog_osd_next_block()) MGS0000-osd: invalid llog tail at log id [0xa:0x6:0x0] offset 8232 last_rec idx 8704 tail idx 275010875 lrt len 1 read_size 40
00124 LustreError: 2188:0:(llog.c:881:llog_process_thread()) MGS: local llog is corrupted [0xa:0x6:0x0] catalog index 1 count 2
00124 Lustre: 12: try to add to the catalog
00124 ------------[ cut here ]------------
00124 WARNING: /home/ktest/git/linux/include/linux/fs.h:889 at osd_create+0x9cf/0xcf0 [osd_wbcfs], CPU#14: lctl/2188
00124 Modules linked in: llog_test(O) mgs(O) osd_wbcfs(O) lustre(O) obdecho(O) mgc(O) mdc(O) lov(O) osc(O) lmv(O) ec(O) fid(O) fld(O) ptlrpc(O) efivarfs obdclass(O) ksocklnd(O) lnet(O) libcfs(O)
00124 CPU: 14 UID: 0 PID: 2188 Comm: lctl Tainted: G        W  O        7.0.0-ktest-24c399dda2-7433349-20260707 #1 PREEMPT 
00124 Tainted: [W]=WARN, [O]=OOT_MODULE
00124 Hardware name: QEMU Standard PC (Q35 + ICH9, 2009), BIOS 2025.11-3ubuntu7 03/31/2026
00124 RIP: 0010:osd_create+0x9cf/0xcf0 [osd_wbcfs]
00124 Code: c7 c7 00 f6 7b a1 48 c7 c6 a0 72 7d a1 48 c7 c2 00 7c 7d a1 e8 52 c1 43 ff 48 c7 c7 00 f6 7b a1 e8 56 51 44 ff e9 fe fc ff ff <0f> 0b e9 a5 fa ff ff 48 c7 c1 80 44 5d a0 80 e1 07 80 c1 03 38 c1
00124 RSP: 0018:ffffc900054674f0 EFLAGS: 00010246
00124 RAX: 0000000000000000 RBX: ffff888034fccc00 RCX: 0000000000000046
00124 RDX: 0000000000000000 RSI: ffff8882937ad7f0 RDI: ffff888106274b40
00124 RBP: ffff8882937ad760 R08: ffffffff83a16803 R09: 1ffffffff0742d00
00124 R10: dffffc0000000000 R11: fffffbfff0742d01 R12: ffff8881685eb000
00124 R13: dffffc0000000000 R14: 1ffff110069f9980 R15: 1ffff1102d0bd60f
00124 FS:  00007f1f61c83940(0000) GS:ffff88831eb2e000(0000) knlGS:0000000000000000
00124 CS:  0010 DS: 0000 ES: 0000 CR0: 0000000080050033
00124 CR2: 00007ffd8dc1eec8 CR3: 00000001380e8000 CR4: 0000000000750eb0
00124 PKRU: 55555554
00124 Call Trace:
00124  <TASK>
00124  ? local_object_create+0x109/0x640 [obdclass]
00124  ? dt_write_lock+0x16d/0x2a0 [obdclass]
00124  ? llog_osd_create+0x35b/0x1270 [obdclass]
00124  ? llog_create+0x2ed/0x530 [obdclass]
00124  ? llog_cat_new_log+0x6c5/0x2a10 [obdclass]
00124  ? llog_cat_add_rec+0x4fe/0x1960 [obdclass]
00124  ? llog_cat_add_rec+0x6ba/0x1960 [obdclass]
00124  ? llog_cat_add+0x499/0x7a0 [obdclass]
00124  ? llog_test_12+0x1471/0x2d90 [llog_test]
00124  ? llog_run_tests+0x443a/0x5ad0 [llog_test]
00124  ? get_random_u32+0x51/0x470
00124  ? llog_test_device_init+0x6e8/0xa20 [llog_test]
00124  ? obd_setup+0x54d/0x950 [obdclass]
00124  ? class_setup+0xc7d/0x10e0 [obdclass]
00124  ? class_process_config+0x2edb/0x7cb0 [obdclass]
00124  ? class_handle_ioctl+0x1f4d/0x3440 [obdclass]
00124  ? obd_class_ioctl+0x1f6/0x3c0 [obdclass]
00124  ? __x64_sys_ioctl+0x961/0xe00
00124  ? _copy_to_user+0x3d/0x60
00124  ? __x64_sys_rt_sigaction+0x107/0x140
00124  ? do_syscall_64+0xc1/0x350
00124  ? entry_SYSCALL_64_after_hwframe+0x4b/0x53
00124  </TASK>
00124 ---[ end trace 0000000000000000 ]---
00124 LustreError: 2188:0:(llog_osd.c:1230:llog_osd_next_block()) MGS0000-osd: invalid llog tail at log id [0x6:0xa:0x0]:0 offset 8297 tail idx 603979776 lrt len 1074261 read_size 105
00124 ------------[ cut here ]------------
00124 WARNING: /home/ktest/git/linux/include/linux/fs.h:889 at osd_create+0x9cf/0xcf0 [osd_wbcfs], CPU#14: lctl/2188
00124 Modules linked in: llog_test(O) mgs(O) osd_wbcfs(O) lustre(O) obdecho(O) mgc(O) mdc(O) lov(O) osc(O) lmv(O) ec(O) fid(O) fld(O) ptlrpc(O) efivarfs obdclass(O) ksocklnd(O) lnet(O) libcfs(O)
00124 CPU: 14 UID: 0 PID: 2188 Comm: lctl Tainted: G        W  O        7.0.0-ktest-24c399dda2-7433349-20260707 #1 PREEMPT 
00124 Tainted: [W]=WARN, [O]=OOT_MODULE
00124 Hardware name: QEMU Standard PC (Q35 + ICH9, 2009), BIOS 2025.11-3ubuntu7 03/31/2026
00124 RIP: 0010:osd_create+0x9cf/0xcf0 [osd_wbcfs]
00124 Code: c7 c7 00 f6 7b a1 48 c7 c6 a0 72 7d a1 48 c7 c2 00 7c 7d a1 e8 52 c1 43 ff 48 c7 c7 00 f6 7b a1 e8 56 51 44 ff e9 fe fc ff ff <0f> 0b e9 a5 fa ff ff 48 c7 c1 80 44 5d a0 80 e1 07 80 c1 03 38 c1
00124 RSP: 0018:ffffc900054674f0 EFLAGS: 00010246
00124 RAX: 0000000000000000 RBX: ffff8881baa1c400 RCX: 0000000000000046
00124 RDX: 0000000000000000 RSI: ffff8882937ad0d8 RDI: ffff888106274b40
00124 RBP: ffff8882937ad048 R08: ffffffff83a16803 R09: 1ffffffff0742d00
00124 R10: dffffc0000000000 R11: fffffbfff0742d01 R12: ffff8881685eb000
00124 R13: dffffc0000000000 R14: 1ffff11037543880 R15: 1ffff1102d0bd60f
00124 FS:  00007f1f61c83940(0000) GS:ffff88831eb2e000(0000) knlGS:0000000000000000
00124 CS:  0010 DS: 0000 ES: 0000 CR0: 0000000080050033
00124 CR2: 00007ffd8dc1eec8 CR3: 00000001380e8000 CR4: 0000000000750eb0
00124 PKRU: 55555554
00124 Call Trace:
00124  <TASK>
00124  ? local_object_create+0x109/0x640 [obdclass]
00124  ? dt_write_lock+0x16d/0x2a0 [obdclass]
00124  ? llog_osd_create+0x35b/0x1270 [obdclass]
00124  ? llog_create+0x2ed/0x530 [obdclass]
00124  ? llog_cat_new_log+0x6c5/0x2a10 [obdclass]
00124  ? llog_cat_add_rec+0x4fe/0x1960 [obdclass]
00124  ? llog_cat_add_rec+0x6ba/0x1960 [obdclass]
00124  ? llog_cat_add+0x499/0x7a0 [obdclass]
00124  ? llog_test_12+0x1471/0x2d90 [llog_test]
00124  ? llog_run_tests+0x443a/0x5ad0 [llog_test]
00124  ? get_random_u32+0x51/0x470
00124  ? llog_test_device_init+0x6e8/0xa20 [llog_test]
00124  ? obd_setup+0x54d/0x950 [obdclass]
00124  ? class_setup+0xc7d/0x10e0 [obdclass]
00124  ? class_process_config+0x2edb/0x7cb0 [obdclass]
00124  ? class_handle_ioctl+0x1f4d/0x3440 [obdclass]
00124  ? obd_class_ioctl+0x1f6/0x3c0 [obdclass]
00124  ? __x64_sys_ioctl+0x961/0xe00
00124  ? _copy_to_user+0x3d/0x60
00124  ? __x64_sys_rt_sigaction+0x107/0x140
00124  ? do_syscall_64+0xc1/0x350
00124  ? entry_SYSCALL_64_after_hwframe+0x4b/0x53
00124  </TASK>
00124 ---[ end trace 0000000000000000 ]---
00124 ==================================================================
00124 BUG: KASAN: use-after-free in llog_osd_next_block+0x1368/0x3080 [obdclass]
00124 Read of size 4 at addr ffff8881ba3ef036 by task lctl/2188
00124 
00124 CPU: 14 UID: 0 PID: 2188 Comm: lctl Tainted: G        W  O        7.0.0-ktest-24c399dda2-7433349-20260707 #1 PREEMPT 
00124 Tainted: [W]=WARN, [O]=OOT_MODULE
00124 Hardware name: QEMU Standard PC (Q35 + ICH9, 2009), BIOS 2025.11-3ubuntu7 03/31/2026
00124 Call Trace:
00124  <TASK>
00124  dump_stack_lvl+0x52/0x80
00124  print_report+0xbc/0x260
00124  ? llog_osd_next_block+0x1368/0x3080 [obdclass]
00124  kasan_report+0xa2/0xd0
00124  ? llog_osd_next_block+0x1368/0x3080 [obdclass]
00124  llog_osd_next_block+0x1368/0x3080 [obdclass]
00124  llog_process_thread+0xdd7/0x4f70 [obdclass]
00124  ? entry_SYSCALL_64_after_hwframe+0x4b/0x53
00124  ? task_work_add+0x177/0x210
00124  llog_process_or_fork+0x656/0xc90 [obdclass]
00124  ? llog_cat_process+0x30/0x30 [obdclass]
00124  llog_cat_process_or_fork+0x780/0xdb0 [obdclass]
00124  ? llog_cat_process+0x30/0x30 [obdclass]
00124  ? llog_cancel_rec_cb+0x450/0x450 [llog_test]
00124  llog_cat_process+0x24/0x30 [obdclass]
00124  llog_test_12+0x13ee/0x2d90 [llog_test]
00124  llog_run_tests+0x443a/0x5ad0 [llog_test]
00124  ? get_random_u32+0x51/0x470
00124  llog_test_device_init+0x6e8/0xa20 [llog_test]
00124  obd_setup+0x54d/0x950 [obdclass]
00124  class_setup+0xc7d/0x10e0 [obdclass]
00124  class_process_config+0x2edb/0x7cb0 [obdclass]
00124  class_handle_ioctl+0x1f4d/0x3440 [obdclass]
00124  obd_class_ioctl+0x1f6/0x3c0 [obdclass]
00124  __x64_sys_ioctl+0x961/0xe00
00124  ? _copy_to_user+0x3d/0x60
00124  ? __x64_sys_rt_sigaction+0x107/0x140
00124  do_syscall_64+0xc1/0x350
00124  entry_SYSCALL_64_after_hwframe+0x4b/0x53
00124 RIP: 0033:0x7f1f61f24e1d
00124 Code: 04 25 28 00 00 00 48 89 45 c8 31 c0 48 8d 45 10 c7 45 b0 10 00 00 00 48 89 45 b8 48 8d 45 d0 48 89 45 c0 b8 10 00 00 00 0f 05 <89> c2 3d 00 f0 ff ff 77 1a 48 8b 45 c8 64 48 2b 04 25 28 00 00 00
00124 RSP: 002b:00007ffc9f2038c0 EFLAGS: 00000246 ORIG_RAX: 0000000000000010
00124 RAX: ffffffffffffffda RBX: 00007f1f620ff1f0 RCX: 00007f1f61f24e1d
00124 RDX: 00007ffc9f203ba0 RSI: 00000000c00866b8 RDI: 0000000000000003
00124 RBP: 00007ffc9f203910 R08: 00007ffc9f203960 R09: 00007ffc9f203ba0
00124 R10: 0000561019a9f910 R11: 0000000000000246 R12: 00007ffc9f203ba0
00124 R13: 000056100602d822 R14: 0000000000000000 R15: 00007ffc9f205c20
00124  </TASK>
00124 
00124 The buggy address belongs to the physical page:
00124 page: refcount:0 mapcount:0 mapping:0000000000000000 index:0xffffffffffffffff pfn:0x1ba3ef
00124 flags: 0x8000000000000000(zone=2)
00124 raw: 8000000000000000 0000000000000000 00000000ffffffff 0000000000000000
00124 raw: ffffffffffffffff 0000000000000000 00000000ffffffff 0000000000000000
00124 page dumped because: kasan: bad access detected
00124 
00124 Memory state around the buggy address:
00124  ffff8881ba3eef00: ff ff ff ff ff ff ff ff ff ff ff ff ff ff ff ff
00124  ffff8881ba3eef80: ff ff ff ff ff ff ff ff ff ff ff ff ff ff ff ff
00124 >ffff8881ba3ef000: ff ff ff ff ff ff ff ff ff ff ff ff ff ff ff ff
00124                                      ^
00124  ffff8881ba3ef080: ff ff ff ff ff ff ff ff ff ff ff ff ff ff ff ff
00124  ffff8881ba3ef100: ff ff ff ff ff ff ff ff ff ff ff ff ff ff ff ff
00124 ==================================================================
00124 Disabling lock debugging due to kernel taint
00124 Lustre: 2188:0:(llog_test.c:2461:llog_test_12()) 12: put newly-created catalog
00124 Lustre: 2188:0:(llog_test.c:2529:llog_test_13()) 13a: create a catalog log with name: ed861967
00124 Lustre: 2188:0:(llog_test.c:2545:llog_test_13()) 13b: write 1 record into the catalog
00124 LustreError: 2188:0:(llog_test.c:2556:llog_test_13()) 13b: found 8 plain llogs
00124 Lustre: 2188:0:(llog_test.c:2558:llog_test_13()) 13c: erase plain llog
00124 LustreError: 2188:0:(llog_cat.c:399:llog_cat_id2handle()) MGS: error opening log id [0x1:0x4f:0x0]: rc = -2
00124 Lustre: 2188:0:(llog_test.c:2578:llog_test_13()) 13d: forward process: found=1708 rc=0
00124 Lustre: 2188:0:(llog_test.c:2582:llog_test_13()) 13e: erase another plain llog
00124 Lustre: 2188:0:(llog_test.c:2602:llog_test_13()) 13e: backward process: found=1367 rc=0
00124 Lustre: 2188:0:(llog_test.c:2605:llog_test_13()) 13f: put newly-created catalog
00129 ========= FAILED TIMEOUT llog-unit in 240s
Error 1 at /home/ktest/ktest/lib/libktest.sh 587 from: "$ktest_dir/lib/supervisor" -S -F -T "$ktest_timeout" -b "$test_basename" -o "$test_logdir" -f "$test_basename.$(date -Iseconds).log" -- "${qemu_cmd[@]}", exiting
Error 1 at ./qlkbuild 195 from: "$ktest_dir/lib/supervisor" -S -F -T "$ktest_timeout" -b "$test_basename" -o "$test_logdir" -f "$test_basename.$(date -Iseconds).log" -- "${qemu_cmd[@]}", exiting
Error 1 at ./qlkbuild 1005 from: "$ktest_dir/lib/supervisor" -S -F -T "$ktest_timeout" -b "$test_basename" -o "$test_logdir" -f "$test_basename.$(date -Iseconds).log" -- "${qemu_cmd[@]}", exiting
