ERROR:CODE_INDENT: code indent should use tabs where possible
#102: FILE: lustre/obdclass/cl_object.c:530:
+        struct cl_object *obj;$

WARNING:LEADING_SPACE: please, no spaces at the start of a line
#102: FILE: lustre/obdclass/cl_object.c:530:
+        struct cl_object *obj;$

ERROR:CODE_INDENT: code indent should use tabs where possible
#104: FILE: lustre/obdclass/cl_object.c:532:
+        ENTRY;$

WARNING:LEADING_SPACE: please, no spaces at the start of a line
#104: FILE: lustre/obdclass/cl_object.c:532:
+        ENTRY;$

ERROR:CODE_INDENT: code indent should use tabs where possible
#106: FILE: lustre/obdclass/cl_object.c:534:
+        cl_object_for_each(obj, top) {$

WARNING:LEADING_SPACE: please, no spaces at the start of a line
#106: FILE: lustre/obdclass/cl_object.c:534:
+        cl_object_for_each(obj, top) {$

ERROR:CODE_INDENT: code indent should use tabs where possible
#107: FILE: lustre/obdclass/cl_object.c:535:
+                if (obj->co_ops->coo_update_for_nfs != NULL)$

WARNING:LEADING_SPACE: please, no spaces at the start of a line
#107: FILE: lustre/obdclass/cl_object.c:535:
+                if (obj->co_ops->coo_update_for_nfs != NULL)$

ERROR:CODE_INDENT: code indent should use tabs where possible
#108: FILE: lustre/obdclass/cl_object.c:536:
+                        obj->co_ops->coo_update_for_nfs(env, obj);$

WARNING:LEADING_SPACE: please, no spaces at the start of a line
#108: FILE: lustre/obdclass/cl_object.c:536:
+                        obj->co_ops->coo_update_for_nfs(env, obj);$

ERROR:CODE_INDENT: code indent should use tabs where possible
#109: FILE: lustre/obdclass/cl_object.c:537:
+        }$

WARNING:LEADING_SPACE: please, no spaces at the start of a line
#109: FILE: lustre/obdclass/cl_object.c:537:
+        }$

ERROR:CODE_INDENT: code indent should use tabs where possible
#110: FILE: lustre/obdclass/cl_object.c:538:
+        EXIT;$

WARNING:LEADING_SPACE: please, no spaces at the start of a line
#110: FILE: lustre/obdclass/cl_object.c:538:
+        EXIT;$

total: 7 errors, 7 warnings, 102 lines checked

NOTE: For some of the reported defects, checkpatch may be able to
      mechanically convert to the typical style using --fix or --fix-inplace.

NOTE: Whitespace errors detected.
      You may wish to use scripts/cleanpatch or scripts/cleanfile

Your patch has style problems, please review.

NOTE: If any of the errors are false positives, please report
      them to the maintainer, see CHECKPATCH in MAINTAINERS.
