00000 
00001 RDSEED32 is broken. Disabling the corresponding CPUID bit.
00002 init: failed to load nvme_core
00002 init: failed to load nvme
00002 init: failed to load zfs
00003 LNetError: 1:0:(lib-socket.c:619:lnet_inet_enumerate()) lnet: Can't find any usable interfaces, rc = -ENOENT
00003 LNetError: Error -100 starting up LNI tcp
00003 LustreError: 1:0:(events.c:627:ptlrpc_init_portals()) network initialisation failed: rc = -100
00004 init: finit_module /lib/modules/7.0.0-ktest-26646331b0-7433349-20260710/updates/ptlrpc.ko: Network is down
00004 init: failed to load lustre
00004 init: failed to load osd_zfs
00004 init: failed to load iwlwifi
00004 init: failed to load iwlmvm
00004 init: failed to load mt7921e
00004 init: failed to load i915
00004 init: failed to load nouveau
00039 tlp: vm.laptop_mode is deprecated. Ignoring setting.
00039 Kernel version: 7.0.0-ktest-26646331b0-7433349-20260710
00039 hook init_noop
00039 
00039 Running tests llog-unit
00039 
00039 ========= TEST   llog-unit
00040 /host/home/ktest/git/lustre-release/lustre/tests/test-framework.sh: line 6933: cd: HOME not set
00040 /host/home/ktest/git/lustre-release/lustre/tests/test-framework.sh: line 6933: cd: HOME not set
00040 /host/home/ktest/git/lustre-release/lustre/tests/test-framework.sh: line 6933: cd: HOME not set
00041 MGS_OS_VERSION_ID=24.04
00041 MGS_OS_ID=ubuntu
00041 MGS_OS_VERSION_CODE=402915328
00041 MGS_OS_ID_LIKE=debian ubuntu
00042 MDS1_OS_ID=ubuntu
00042 MDS1_OS_VERSION_CODE=402915328
00042 MDS1_OS_ID_LIKE=debian ubuntu
00042 MDS1_OS_VERSION_ID=24.04
00042 OST1_OS_VERSION_ID=24.04
00042 OST1_OS_VERSION_CODE=402915328
00042 OST1_OS_ID=ubuntu
00042 OST1_OS_ID_LIKE=debian ubuntu
00042 CLIENT_OS_VERSION_ID=24.04
00042 CLIENT_OS_ID_LIKE=debian ubuntu
00042 CLIENT_OS_ID=ubuntu
00042 CLIENT_OS_VERSION_CODE=402915328
00042 Loading modules from /host/home/ktest/git/lustre-release/lustre
00042 detected 16 online CPUs by sysfs
00042 MODOPTS_LIBCFS=
00042 libcfs will create CPU partition based on online CPUs
00043 LNet: Added LNI 10.0.2.15@tcp [8/256/0/180]
00043 gss/krb5 is not supported
00044 Lustre: Echo OBD driver; http://www.lustre.org/
00044 
00044 
00044 /host/home/ktest/git/lustre-release/lustre/tests/test-framework.sh: line 6933: cd: HOME not set
00044 /host/home/ktest/git/lustre-release/lustre/tests/test-framework.sh: line 6933: cd: HOME not set
00044 /host/home/ktest/git/lustre-release/lustre/tests/test-framework.sh: line 6933: cd: HOME not set
00047 Lustre: DEBUG MARKER: Attempt llog unit tests
00047 Lustre: 2194:0:(llog_test.c:2809:llog_test_device_init()) Setup llog-test device over MGS device
00047 Lustre: 2194:0:(llog_test.c:98:llog_test_1()) 1a: create a log with name: 211a3e4c
00047 ------------[ cut here ]------------
00047 WARNING: /home/ktest/git/linux/include/linux/fs.h:889 at osd_create+0x9cf/0xcf0 [osd_wbcfs], CPU#10: lctl/2194
00047 Modules linked in: llog_test(O) mgs(O) osd_wbcfs(O) lustre(O) obdecho(O) mgc(O) mdc(O) lov(O) osc(O) lmv(O) ec(O) fid(O) fld(O) ptlrpc(O) efivarfs obdclass(O) ksocklnd(O) lnet(O) libcfs(O)
00047 CPU: 10 UID: 0 PID: 2194 Comm: lctl Tainted: G           O        7.0.0-ktest-26646331b0-7433349-20260710 #1 PREEMPT 
00047 Tainted: [O]=OOT_MODULE
00047 Hardware name: QEMU Standard PC (Q35 + ICH9, 2009), BIOS 2025.11-3ubuntu7 03/31/2026
00047 RIP: 0010:osd_create+0x9cf/0xcf0 [osd_wbcfs]
00047 Code: c7 c7 00 66 7c a1 48 c7 c6 a0 e2 7d a1 48 c7 c2 00 ec 7d a1 e8 82 ad 43 ff 48 c7 c7 00 66 7c a1 e8 06 3b 44 ff e9 fe fc ff ff <0f> 0b e9 a5 fa ff ff 48 c7 c1 80 44 5d a0 80 e1 07 80 c1 03 38 c1
00047 RSP: 0018:ffffc900021877a8 EFLAGS: 00010246
00047 RAX: 0000000000000000 RBX: ffff888184ef5000 RCX: 0000000000000046
00047 RDX: 0000000000000000 RSI: ffff88818f8ea648 RDI: ffff88819ad54b18
00047 RBP: ffff88818f8ea5b8 R08: ffffffff83a16803 R09: 1ffffffff0742d00
00047 R10: dffffc0000000000 R11: fffffbfff0742d01 R12: ffff888184ef6c00
00047 R13: dffffc0000000000 R14: 1ffff110309dea00 R15: 1ffff110309ded8f
00047 FS:  00007f528dc5b940(0000) GS:ffff88831e92e000(0000) knlGS:0000000000000000
00047 CS:  0010 DS: 0000 ES: 0000 CR0: 0000000080050033
00047 CR2: 0000556fbec84b40 CR3: 000000011f2ff000 CR4: 0000000000750eb0
00047 PKRU: 55555554
00047 Call Trace:
00047  <TASK>
00047  ? local_object_create+0x109/0x640 [obdclass]
00047  ? dt_write_lock+0x16d/0x2a0 [obdclass]
00047  ? llog_osd_create+0x35b/0x12e0 [obdclass]
00047  ? llog_create+0x2ed/0x530 [obdclass]
00047  ? llog_open_create+0x5af/0xb10 [obdclass]
00047  ? llog_run_tests+0x4bb/0x5ad0 [llog_test]
00047  ? get_random_u32+0x51/0x470
00047  ? get_random_u32+0x51/0x470
00047  ? _raw_spin_unlock+0x23/0x40
00047  ? __llog_ctxt_put+0x1c4/0x2f0 [obdclass]
00047  ? llog_test_device_init+0x503/0x840 [llog_test]
00047  ? obd_setup+0x559/0x960 [obdclass]
00047  ? class_setup+0xc7d/0x10e0 [obdclass]
00047  ? class_process_config+0x2edb/0x7cb0 [obdclass]
00047  ? class_handle_ioctl+0x1f4d/0x3440 [obdclass]
00047  ? obd_class_ioctl+0x1f6/0x3c0 [obdclass]
00047  ? __x64_sys_ioctl+0x961/0xe00
00047  ? _copy_to_user+0x3d/0x60
00047  ? __x64_sys_rt_sigaction+0x107/0x140
00047  ? do_syscall_64+0xc1/0x350
00047  ? entry_SYSCALL_64_after_hwframe+0x4b/0x53
00047  </TASK>
00047 ---[ end trace 0000000000000000 ]---
00047 Lustre: 2194:0:(llog_test.c:115:llog_test_1()) 1b: close newly-created log
00047 Lustre: 2194:0:(llog_test.c:146:llog_test_2()) 2a: re-open a log with name: 211a3e4c
00047 Lustre: 2194:0:(llog_test.c:166:llog_test_2()) 2b: create a log without specified NAME & LOGID
00047 ------------[ cut here ]------------
00047 WARNING: /home/ktest/git/linux/include/linux/fs.h:889 at osd_create+0x9cf/0xcf0 [osd_wbcfs], CPU#10: lctl/2194
00047 Modules linked in: llog_test(O) mgs(O) osd_wbcfs(O) lustre(O) obdecho(O) mgc(O) mdc(O) lov(O) osc(O) lmv(O) ec(O) fid(O) fld(O) ptlrpc(O) efivarfs obdclass(O) ksocklnd(O) lnet(O) libcfs(O)
00047 CPU: 10 UID: 0 PID: 2194 Comm: lctl Tainted: G        W  O        7.0.0-ktest-26646331b0-7433349-20260710 #1 PREEMPT 
00047 Tainted: [W]=WARN, [O]=OOT_MODULE
00047 Hardware name: QEMU Standard PC (Q35 + ICH9, 2009), BIOS 2025.11-3ubuntu7 03/31/2026
00047 RIP: 0010:osd_create+0x9cf/0xcf0 [osd_wbcfs]
00047 Code: c7 c7 00 66 7c a1 48 c7 c6 a0 e2 7d a1 48 c7 c2 00 ec 7d a1 e8 82 ad 43 ff 48 c7 c7 00 66 7c a1 e8 06 3b 44 ff e9 fe fc ff ff <0f> 0b e9 a5 fa ff ff 48 c7 c1 80 44 5d a0 80 e1 07 80 c1 03 38 c1
00047 RSP: 0018:ffffc900021877a8 EFLAGS: 00010246
00047 RAX: 0000000000000000 RBX: ffff888184ef3000 RCX: 0000000000000046
00047 RDX: 0000000000000000 RSI: ffff88818f8e9f30 RDI: ffff88819ad54b18
00047 RBP: ffff88818f8e9ea0 R08: ffffffff83a16803 R09: 1ffffffff0742d00
00047 R10: dffffc0000000000 R11: fffffbfff0742d01 R12: ffff888184ef6c00
00047 R13: dffffc0000000000 R14: 1ffff110309de600 R15: 1ffff110309ded8f
00047 FS:  00007f528dc5b940(0000) GS:ffff88831e92e000(0000) knlGS:0000000000000000
00047 CS:  0010 DS: 0000 ES: 0000 CR0: 0000000080050033
00047 CR2: 0000556fbec84b40 CR3: 000000011f2ff000 CR4: 0000000000750eb0
00047 PKRU: 55555554
00047 Call Trace:
00047  <TASK>
00047  ? local_object_create+0x109/0x640 [obdclass]
00047  ? dt_write_lock+0x16d/0x2a0 [obdclass]
00047  ? llog_osd_create+0x35b/0x12e0 [obdclass]
00047  ? llog_create+0x2ed/0x530 [obdclass]
00047  ? llog_open_create+0x5af/0xb10 [obdclass]
00047  ? llog_run_tests+0xd1a/0x5ad0 [llog_test]
00047  ? get_random_u32+0x51/0x470
00047  ? get_random_u32+0x51/0x470
00047  ? _raw_spin_unlock+0x23/0x40
00047  ? llog_test_device_init+0x503/0x840 [llog_test]
00047  ? obd_setup+0x559/0x960 [obdclass]
00047  ? class_setup+0xc7d/0x10e0 [obdclass]
00047  ? class_process_config+0x2edb/0x7cb0 [obdclass]
00047  ? class_handle_ioctl+0x1f4d/0x3440 [obdclass]
00047  ? obd_class_ioctl+0x1f6/0x3c0 [obdclass]
00047  ? __x64_sys_ioctl+0x961/0xe00
00047  ? _copy_to_user+0x3d/0x60
00047  ? __x64_sys_rt_sigaction+0x107/0x140
00047  ? do_syscall_64+0xc1/0x350
00047  ? entry_SYSCALL_64_after_hwframe+0x4b/0x53
00047  </TASK>
00047 ---[ end trace 0000000000000000 ]---
00047 Lustre: 2194:0:(llog_test.c:184:llog_test_2()) 2b: write 1 llog records, check llh_count
00047 Lustre: 2194:0:(llog_test.c:197:llog_test_2()) 2c: re-open the log by LOGID and verify llh_count
00047 Lustre: 2194:0:(llog_test.c:244:llog_test_2()) 2d: destroy this log
00047 Lustre: 2194:0:(llog_test.c:402:llog_test_3()) 3a: write 1023 fixed-size llog records
00047 Lustre: 2194:0:(llog_test.c:366:llog_test3_process()) test3: processing records from index 501 to the end
00047 Lustre: 2194:0:(llog_test.c:376:llog_test3_process()) test3: total 525 records processed with 0 paddings
00047 Lustre: 2194:0:(llog_test.c:458:llog_test_3()) 3b: write 566 variable size llog records
00047 Lustre: 2194:0:(llog_test.c:529:llog_test_3()) 3c: write records with variable size until BITMAP_SIZE, return -ENOSPC
00072 Lustre: 2194:0:(llog_test.c:1117:llog_test_7()) 7e: test llog_changelog_rec
00072 ------------[ cut here ]------------
00072 WARNING: /home/ktest/git/linux/include/linux/fs.h:889 at osd_create+0x9cf/0xcf0 [osd_wbcfs], CPU#9: lctl/2194
00072 Modules linked in: llog_test(O) mgs(O) osd_wbcfs(O) lustre(O) obdecho(O) mgc(O) mdc(O) lov(O) osc(O) lmv(O) ec(O) fid(O) fld(O) ptlrpc(O) efivarfs obdclass(O) ksocklnd(O) lnet(O) libcfs(O)
00072 CPU: 9 UID: 0 PID: 2194 Comm: lctl Tainted: G        W  O        7.0.0-ktest-26646331b0-7433349-20260710 #1 PREEMPT 
00072 Tainted: [W]=WARN, [O]=OOT_MODULE
00072 Hardware name: QEMU Standard PC (Q35 + ICH9, 2009), BIOS 2025.11-3ubuntu7 03/31/2026
00072 RIP: 0010:osd_create+0x9cf/0xcf0 [osd_wbcfs]
00072 Code: c7 c7 00 66 7c a1 48 c7 c6 a0 e2 7d a1 48 c7 c2 00 ec 7d a1 e8 82 ad 43 ff 48 c7 c7 00 66 7c a1 e8 06 3b 44 ff e9 fe fc ff ff <0f> 0b e9 a5 fa ff ff 48 c7 c1 80 44 5d a0 80 e1 07 80 c1 03 38 c1
00072 RSP: 0018:ffffc90002187700 EFLAGS: 00010246
00072 RAX: 0000000000000000 RBX: ffff88819817e400 RCX: 0000000000000046
00072 RDX: 0000000000000000 RSI: ffff88818f8ec2a8 RDI: ffff88819ad54b18
00072 RBP: ffff88818f8ec218 R08: ffffffff83a16803 R09: 1ffffffff0742d00
00072 R10: dffffc0000000000 R11: fffffbfff0742d01 R12: ffff888184ef6c00
00072 R13: dffffc0000000000 R14: 1ffff1103302fc80 R15: 1ffff110309ded8f
00072 FS:  00007f528dc5b940(0000) GS:ffff88831e8ae000(0000) knlGS:0000000000000000
00072 CS:  0010 DS: 0000 ES: 0000 CR0: 0000000080050033
00072 CR2: 00007f98170ee200 CR3: 000000011f2ff000 CR4: 0000000000750eb0
00072 PKRU: 55555554
00072 Call Trace:
00072  <TASK>
00072  ? local_object_create+0x109/0x640 [obdclass]
00072  ? dt_write_lock+0x16d/0x2a0 [obdclass]
00072  ? llog_osd_create+0x35b/0x12e0 [obdclass]
00072  ? llog_create+0x2ed/0x530 [obdclass]
00072  ? llog_open_create+0x5af/0xb10 [obdclass]
00072  ? llog_test_7_sub+0xea/0x1250 [llog_test]
00072  ? llog_test_7+0x706/0xf50 [llog_test]
00072  ? llog_run_tests+0x3616/0x5ad0 [llog_test]
00072  ? get_random_u32+0x51/0x470
00072  ? llog_test_device_init+0x503/0x840 [llog_test]
00072  ? obd_setup+0x559/0x960 [obdclass]
00072  ? class_setup+0xc7d/0x10e0 [obdclass]
00072  ? class_process_config+0x2edb/0x7cb0 [obdclass]
00072  ? class_handle_ioctl+0x1f4d/0x3440 [obdclass]
00072  ? obd_class_ioctl+0x1f6/0x3c0 [obdclass]
00072  ? __x64_sys_ioctl+0x961/0xe00
00072  ? _copy_to_user+0x3d/0x60
00072  ? __x64_sys_rt_sigaction+0x107/0x140
00072  ? do_syscall_64+0xc1/0x350
00072  ? entry_SYSCALL_64_after_hwframe+0x4b/0x53
00072  </TASK>
00072 ---[ end trace 0000000000000000 ]---
00075 Lustre: 2194:0:(llog_test.c:1024:llog_test_7_sub()) 7_sub: records are not aligned, written 64071 from 64767
00076 Lustre: 2194:0:(llog_test.c:1129:llog_test_7()) 7f: test llog_changelog_user_rec2
00076 ------------[ cut here ]------------
00076 WARNING: /home/ktest/git/linux/include/linux/fs.h:889 at osd_create+0x9cf/0xcf0 [osd_wbcfs], CPU#9: lctl/2194
00076 Modules linked in: llog_test(O) mgs(O) osd_wbcfs(O) lustre(O) obdecho(O) mgc(O) mdc(O) lov(O) osc(O) lmv(O) ec(O) fid(O) fld(O) ptlrpc(O) efivarfs obdclass(O) ksocklnd(O) lnet(O) libcfs(O)
00076 CPU: 9 UID: 0 PID: 2194 Comm: lctl Tainted: G        W  O        7.0.0-ktest-26646331b0-7433349-20260710 #1 PREEMPT 
00076 Tainted: [W]=WARN, [O]=OOT_MODULE
00076 Hardware name: QEMU Standard PC (Q35 + ICH9, 2009), BIOS 2025.11-3ubuntu7 03/31/2026
00076 RIP: 0010:osd_create+0x9cf/0xcf0 [osd_wbcfs]
00076 Code: c7 c7 00 66 7c a1 48 c7 c6 a0 e2 7d a1 48 c7 c2 00 ec 7d a1 e8 82 ad 43 ff 48 c7 c7 00 66 7c a1 e8 06 3b 44 ff e9 fe fc ff ff <0f> 0b e9 a5 fa ff ff 48 c7 c1 80 44 5d a0 80 e1 07 80 c1 03 38 c1
00076 RSP: 0018:ffffc90002187700 EFLAGS: 00010246
00076 RAX: 0000000000000000 RBX: ffff88811a165c00 RCX: 0000000000000046
00076 RDX: 0000000000000000 RSI: ffff88818f8ebb90 RDI: ffff88819ad54b18
00076 RBP: ffff88818f8ebb00 R08: ffffffff83a16803 R09: 1ffffffff0742d00
00076 R10: dffffc0000000000 R11: fffffbfff0742d01 R12: ffff888184ef6c00
00076 R13: dffffc0000000000 R14: 1ffff1102342cb80 R15: 1ffff110309ded8f
00076 FS:  00007f528dc5b940(0000) GS:ffff88831e8ae000(0000) knlGS:0000000000000000
00076 CS:  0010 DS: 0000 ES: 0000 CR0: 0000000080050033
00076 CR2: 00007f98170ee200 CR3: 000000011f2ff000 CR4: 0000000000750eb0
00076 PKRU: 55555554
00076 Call Trace:
00076  <TASK>
00076  ? local_object_create+0x109/0x640 [obdclass]
00076  ? dt_write_lock+0x16d/0x2a0 [obdclass]
00076  ? llog_osd_create+0x35b/0x12e0 [obdclass]
00076  ? llog_create+0x2ed/0x530 [obdclass]
00076  ? llog_open_create+0x5af/0xb10 [obdclass]
00076  ? llog_test_7_sub+0xea/0x1250 [llog_test]
00076  ? llog_test_7+0x837/0xf50 [llog_test]
00076  ? llog_run_tests+0x3616/0x5ad0 [llog_test]
00076  ? get_random_u32+0x51/0x470
00076  ? llog_test_device_init+0x503/0x840 [llog_test]
00076  ? obd_setup+0x559/0x960 [obdclass]
00076  ? class_setup+0xc7d/0x10e0 [obdclass]
00076  ? class_process_config+0x2edb/0x7cb0 [obdclass]
00076  ? class_handle_ioctl+0x1f4d/0x3440 [obdclass]
00076  ? obd_class_ioctl+0x1f6/0x3c0 [obdclass]
00076  ? __x64_sys_ioctl+0x961/0xe00
00076  ? _copy_to_user+0x3d/0x60
00076  ? __x64_sys_rt_sigaction+0x107/0x140
00076  ? do_syscall_64+0xc1/0x350
00076  ? entry_SYSCALL_64_after_hwframe+0x4b/0x53
00076  </TASK>
00076 ---[ end trace 0000000000000000 ]---
00079 Lustre: 2194:0:(llog_test.c:1024:llog_test_7_sub()) 7_sub: records are not aligned, written 64139 from 64767
00080 Lustre: 2194:0:(llog_test.c:1140:llog_test_7()) 7g: test llog_gen_rec
00080 ------------[ cut here ]------------
00080 WARNING: /home/ktest/git/linux/include/linux/fs.h:889 at osd_create+0x9cf/0xcf0 [osd_wbcfs], CPU#9: lctl/2194
00080 Modules linked in: llog_test(O) mgs(O) osd_wbcfs(O) lustre(O) obdecho(O) mgc(O) mdc(O) lov(O) osc(O) lmv(O) ec(O) fid(O) fld(O) ptlrpc(O) efivarfs obdclass(O) ksocklnd(O) lnet(O) libcfs(O)
00080 CPU: 9 UID: 0 PID: 2194 Comm: lctl Tainted: G        W  O        7.0.0-ktest-26646331b0-7433349-20260710 #1 PREEMPT 
00080 Tainted: [W]=WARN, [O]=OOT_MODULE
00080 Hardware name: QEMU Standard PC (Q35 + ICH9, 2009), BIOS 2025.11-3ubuntu7 03/31/2026
00080 RIP: 0010:osd_create+0x9cf/0xcf0 [osd_wbcfs]
00080 Code: c7 c7 00 66 7c a1 48 c7 c6 a0 e2 7d a1 48 c7 c2 00 ec 7d a1 e8 82 ad 43 ff 48 c7 c7 00 66 7c a1 e8 06 3b 44 ff e9 fe fc ff ff <0f> 0b e9 a5 fa ff ff 48 c7 c1 80 44 5d a0 80 e1 07 80 c1 03 38 c1
00080 RSP: 0018:ffffc90002187700 EFLAGS: 00010246
00080 RAX: 0000000000000000 RBX: ffff8881051f8400 RCX: 0000000000000046
00080 RDX: 0000000000000000 RSI: ffff88818f8eb478 RDI: ffff88819ad54b18
00080 RBP: ffff88818f8eb3e8 R08: ffffffff83a16803 R09: 1ffffffff0742d00
00080 R10: dffffc0000000000 R11: fffffbfff0742d01 R12: ffff888184ef6c00
00080 R13: dffffc0000000000 R14: 1ffff11020a3f080 R15: 1ffff110309ded8f
00080 FS:  00007f528dc5b940(0000) GS:ffff88831e8ae000(0000) knlGS:0000000000000000
00080 CS:  0010 DS: 0000 ES: 0000 CR0: 0000000080050033
00080 CR2: 00007f98170ee200 CR3: 000000011f2ff000 CR4: 0000000000750eb0
00080 PKRU: 55555554
00080 Call Trace:
00080  <TASK>
00080  ? local_object_create+0x109/0x640 [obdclass]
00080  ? dt_write_lock+0x16d/0x2a0 [obdclass]
00080  ? llog_osd_create+0x35b/0x12e0 [obdclass]
00080  ? llog_create+0x2ed/0x530 [obdclass]
00080  ? llog_open_create+0x5af/0xb10 [obdclass]
00080  ? llog_test_7_sub+0xea/0x1250 [llog_test]
00080  ? llog_test_7+0x968/0xf50 [llog_test]
00080  ? llog_run_tests+0x3616/0x5ad0 [llog_test]
00080  ? get_random_u32+0x51/0x470
00080  ? llog_test_device_init+0x503/0x840 [llog_test]
00080  ? obd_setup+0x559/0x960 [obdclass]
00080  ? class_setup+0xc7d/0x10e0 [obdclass]
00081  ? class_process_config+0x2edb/0x7cb0 [obdclass]
00081  ? class_handle_ioctl+0x1f4d/0x3440 [obdclass]
00081  ? obd_class_ioctl+0x1f6/0x3c0 [obdclass]
00081  ? __x64_sys_ioctl+0x961/0xe00
00081  ? _copy_to_user+0x3d/0x60
00081  ? __x64_sys_rt_sigaction+0x107/0x140
00081  ? do_syscall_64+0xc1/0x350
00081  ? entry_SYSCALL_64_after_hwframe+0x4b/0x53
00081  </TASK>
00081 ---[ end trace 0000000000000000 ]---
00085 Lustre: 2194:0:(llog_test.c:1151:llog_test_7()) 7h: test llog_setattr64_rec_v2
00085 ------------[ cut here ]------------
00085 WARNING: /home/ktest/git/linux/include/linux/fs.h:889 at osd_create+0x9cf/0xcf0 [osd_wbcfs], CPU#9: lctl/2194
00085 Modules linked in: llog_test(O) mgs(O) osd_wbcfs(O) lustre(O) obdecho(O) mgc(O) mdc(O) lov(O) osc(O) lmv(O) ec(O) fid(O) fld(O) ptlrpc(O) efivarfs obdclass(O) ksocklnd(O) lnet(O) libcfs(O)
00085 CPU: 9 UID: 0 PID: 2194 Comm: lctl Tainted: G        W  O        7.0.0-ktest-26646331b0-7433349-20260710 #1 PREEMPT 
00085 Tainted: [W]=WARN, [O]=OOT_MODULE
00085 Hardware name: QEMU Standard PC (Q35 + ICH9, 2009), BIOS 2025.11-3ubuntu7 03/31/2026
00085 RIP: 0010:osd_create+0x9cf/0xcf0 [osd_wbcfs]
00085 Code: c7 c7 00 66 7c a1 48 c7 c6 a0 e2 7d a1 48 c7 c2 00 ec 7d a1 e8 82 ad 43 ff 48 c7 c7 00 66 7c a1 e8 06 3b 44 ff e9 fe fc ff ff <0f> 0b e9 a5 fa ff ff 48 c7 c1 80 44 5d a0 80 e1 07 80 c1 03 38 c1
00085 RSP: 0018:ffffc90002187700 EFLAGS: 00010246
00085 RAX: 0000000000000000 RBX: ffff888194e8dc00 RCX: 0000000000000046
00085 RDX: 0000000000000000 RSI: ffff88818f8ead60 RDI: ffff88819ad54b18
00085 RBP: ffff88818f8eacd0 R08: ffffffff83a16803 R09: 1ffffffff0742d00
00085 R10: dffffc0000000000 R11: fffffbfff0742d01 R12: ffff888184ef6c00
00085 R13: dffffc0000000000 R14: 1ffff110329d1b80 R15: 1ffff110309ded8f
00085 FS:  00007f528dc5b940(0000) GS:ffff88831e8ae000(0000) knlGS:0000000000000000
00085 CS:  0010 DS: 0000 ES: 0000 CR0: 0000000080050033
00085 CR2: 00007f98170ee200 CR3: 000000011f2ff000 CR4: 0000000000750eb0
00085 PKRU: 55555554
00085 Call Trace:
00085  <TASK>
00085  ? local_object_create+0x109/0x640 [obdclass]
00085  ? dt_write_lock+0x16d/0x2a0 [obdclass]
00085  ? llog_osd_create+0x35b/0x12e0 [obdclass]
00085  ? llog_create+0x2ed/0x530 [obdclass]
00085  ? llog_open_create+0x5af/0xb10 [obdclass]
00085  ? llog_test_7_sub+0xea/0x1250 [llog_test]
00085  ? llog_test_7+0xa99/0xf50 [llog_test]
00085  ? llog_run_tests+0x3616/0x5ad0 [llog_test]
00085  ? get_random_u32+0x51/0x470
00085  ? llog_test_device_init+0x503/0x840 [llog_test]
00085  ? obd_setup+0x559/0x960 [obdclass]
00085  ? class_setup+0xc7d/0x10e0 [obdclass]
00085  ? class_process_config+0x2edb/0x7cb0 [obdclass]
00085  ? class_handle_ioctl+0x1f4d/0x3440 [obdclass]
00085  ? obd_class_ioctl+0x1f6/0x3c0 [obdclass]
00085  ? __x64_sys_ioctl+0x961/0xe00
00085  ? _copy_to_user+0x3d/0x60
00085  ? __x64_sys_rt_sigaction+0x107/0x140
00085  ? do_syscall_64+0xc1/0x350
00085  ? entry_SYSCALL_64_after_hwframe+0x4b/0x53
00085  </TASK>
00085 ---[ end trace 0000000000000000 ]---
00087 Lustre: 2194:0:(llog_test.c:1024:llog_test_7_sub()) 7_sub: records are not aligned, written 64071 from 64767
00089 Lustre: 2194:0:(llog_test.c:1261:llog_test_8()) 8a: fill the first plain llog
00089 ------------[ cut here ]------------
00089 WARNING: /home/ktest/git/linux/include/linux/fs.h:889 at osd_create+0x9cf/0xcf0 [osd_wbcfs], CPU#9: lctl/2194
00089 Modules linked in: llog_test(O) mgs(O) osd_wbcfs(O) lustre(O) obdecho(O) mgc(O) mdc(O) lov(O) osc(O) lmv(O) ec(O) fid(O) fld(O) ptlrpc(O) efivarfs obdclass(O) ksocklnd(O) lnet(O) libcfs(O)
00089 CPU: 9 UID: 0 PID: 2194 Comm: lctl Tainted: G        W  O        7.0.0-ktest-26646331b0-7433349-20260710 #1 PREEMPT 
00089 Tainted: [W]=WARN, [O]=OOT_MODULE
00089 Hardware name: QEMU Standard PC (Q35 + ICH9, 2009), BIOS 2025.11-3ubuntu7 03/31/2026
00089 RIP: 0010:osd_create+0x9cf/0xcf0 [osd_wbcfs]
00089 Code: c7 c7 00 66 7c a1 48 c7 c6 a0 e2 7d a1 48 c7 c2 00 ec 7d a1 e8 82 ad 43 ff 48 c7 c7 00 66 7c a1 e8 06 3b 44 ff e9 fe fc ff ff <0f> 0b e9 a5 fa ff ff 48 c7 c1 80 44 5d a0 80 e1 07 80 c1 03 38 c1
00089 RSP: 0018:ffffc900021874d0 EFLAGS: 00010246
00089 RAX: 0000000000000000 RBX: ffff888193fae400 RCX: 0000000000000046
00089 RDX: 0000000000000000 RSI: ffff888195af50d8 RDI: ffff88819ad54b40
00089 RBP: ffff888195af5048 R08: ffffffff83a16803 R09: 1ffffffff0742d00
00089 R10: dffffc0000000000 R11: fffffbfff0742d01 R12: ffff888184ef6c00
00089 R13: dffffc0000000000 R14: 1ffff110327f5c80 R15: 1ffff110309ded8f
00089 FS:  00007f528dc5b940(0000) GS:ffff88831e8ae000(0000) knlGS:0000000000000000
00089 CS:  0010 DS: 0000 ES: 0000 CR0: 0000000080050033
00089 CR2: 00007f98170ee200 CR3: 000000011f2ff000 CR4: 0000000000750eb0
00089 PKRU: 55555554
00089 Call Trace:
00089  <TASK>
00089  ? local_object_create+0x109/0x640 [obdclass]
00089  ? dt_write_lock+0x16d/0x2a0 [obdclass]
00089  ? llog_osd_create+0x35b/0x12e0 [obdclass]
00089  ? register_lock_class+0x31/0x2c0
00089  ? llog_create+0x2ed/0x530 [obdclass]
00089  ? llog_cat_new_log+0x6c3/0x2c80 [obdclass]
00089  ? llog_cat_add_rec+0x6ba/0x1960 [obdclass]
00089  ? llog_cat_add+0x451/0x890 [obdclass]
00089  ? llog_test_8+0x567/0x1c20 [llog_test]
00089  ? do_raw_spin_unlock+0x52/0x230
00089  ? _raw_spin_unlock+0x23/0x40
00089  ? __llog_ctxt_put+0x1c4/0x2f0 [obdclass]
00089  ? llog_run_tests+0x39a4/0x5ad0 [llog_test]
00089  ? get_random_u32+0x51/0x470
00089  ? llog_test_device_init+0x503/0x840 [llog_test]
00089  ? obd_setup+0x559/0x960 [obdclass]
00089  ? class_setup+0xc7d/0x10e0 [obdclass]
00089  ? class_process_config+0x2edb/0x7cb0 [obdclass]
00089  ? class_handle_ioctl+0x1f4d/0x3440 [obdclass]
00089  ? obd_class_ioctl+0x1f6/0x3c0 [obdclass]
00089  ? __x64_sys_ioctl+0x961/0xe00
00089  ? _copy_to_user+0x3d/0x60
00089  ? __x64_sys_rt_sigaction+0x107/0x140
00089  ? do_syscall_64+0xc1/0x350
00089  ? entry_SYSCALL_64_after_hwframe+0x4b/0x53
00089  </TASK>
00089 ---[ end trace 0000000000000000 ]---
00089 Lustre: 2194:0:(llog_test.c:1290:llog_test_8()) 8b: first llog [0x1:0x10:0x0]
00089 Lustre: 2194:0:(llog_test.c:1306:llog_test_8()) 8b: fill the second plain llog
00089 ------------[ cut here ]------------
00089 WARNING: /home/ktest/git/linux/include/linux/fs.h:889 at osd_create+0x9cf/0xcf0 [osd_wbcfs], CPU#9: lctl/2194
00089 Modules linked in: llog_test(O) mgs(O) osd_wbcfs(O) lustre(O) obdecho(O) mgc(O) mdc(O) lov(O) osc(O) lmv(O) ec(O) fid(O) fld(O) ptlrpc(O) efivarfs obdclass(O) ksocklnd(O) lnet(O) libcfs(O)
00089 CPU: 9 UID: 0 PID: 2194 Comm: lctl Tainted: G        W  O        7.0.0-ktest-26646331b0-7433349-20260710 #1 PREEMPT 
00089 Tainted: [W]=WARN, [O]=OOT_MODULE
00089 Hardware name: QEMU Standard PC (Q35 + ICH9, 2009), BIOS 2025.11-3ubuntu7 03/31/2026
00089 RIP: 0010:osd_create+0x9cf/0xcf0 [osd_wbcfs]
00089 Code: c7 c7 00 66 7c a1 48 c7 c6 a0 e2 7d a1 48 c7 c2 00 ec 7d a1 e8 82 ad 43 ff 48 c7 c7 00 66 7c a1 e8 06 3b 44 ff e9 fe fc ff ff <0f> 0b e9 a5 fa ff ff 48 c7 c1 80 44 5d a0 80 e1 07 80 c1 03 38 c1
00089 RSP: 0018:ffffc900021874d0 EFLAGS: 00010246
00089 RAX: 0000000000000000 RBX: ffff88819b022c00 RCX: 0000000000000046
00089 RDX: 0000000000000000 RSI: ffff888195af49c0 RDI: ffff88819ad54b40
00089 RBP: ffff888195af4930 R08: ffffffff83a16803 R09: 1ffffffff0742d00
00089 R10: dffffc0000000000 R11: fffffbfff0742d01 R12: ffff888184ef6c00
00089 R13: dffffc0000000000 R14: 1ffff11033604580 R15: 1ffff110309ded8f
00089 FS:  00007f528dc5b940(0000) GS:ffff88831e8ae000(0000) knlGS:0000000000000000
00089 CS:  0010 DS: 0000 ES: 0000 CR0: 0000000080050033
00089 CR2: 00007f98170ee200 CR3: 000000011f2ff000 CR4: 0000000000750eb0
00089 PKRU: 55555554
00089 Call Trace:
00089  <TASK>
00089  ? local_object_create+0x109/0x640 [obdclass]
00089  ? dt_write_lock+0x16d/0x2a0 [obdclass]
00089  ? llog_osd_create+0x35b/0x12e0 [obdclass]
00089  ? register_lock_class+0x31/0x2c0
00089  ? llog_create+0x2ed/0x530 [obdclass]
00089  ? llog_cat_new_log+0x6c3/0x2c80 [obdclass]
00089  ? llog_cat_add_rec+0x6ba/0x1960 [obdclass]
00089  ? llog_cat_add+0x451/0x890 [obdclass]
00089  ? llog_test_8+0xd89/0x1c20 [llog_test]
00089  ? do_raw_spin_unlock+0x52/0x230
00089  ? _raw_spin_unlock+0x23/0x40
00089  ? __llog_ctxt_put+0x1c4/0x2f0 [obdclass]
00089  ? llog_run_tests+0x39a4/0x5ad0 [llog_test]
00089  ? get_random_u32+0x51/0x470
00089  ? llog_test_device_init+0x503/0x840 [llog_test]
00089  ? obd_setup+0x559/0x960 [obdclass]
00089  ? class_setup+0xc7d/0x10e0 [obdclass]
00089  ? class_process_config+0x2edb/0x7cb0 [obdclass]
00089  ? class_handle_ioctl+0x1f4d/0x3440 [obdclass]
00089  ? obd_class_ioctl+0x1f6/0x3c0 [obdclass]
00089  ? __x64_sys_ioctl+0x961/0xe00
00089  ? _copy_to_user+0x3d/0x60
00089  ? __x64_sys_rt_sigaction+0x107/0x140
00089  ? do_syscall_64+0xc1/0x350
00089  ? entry_SYSCALL_64_after_hwframe+0x4b/0x53
00089  </TASK>
00089 ---[ end trace 0000000000000000 ]---
00089 Lustre: 2194:0:(llog_test.c:1330:llog_test_8()) 8b: pin llog [0x1:0x12:0x0]
00089 Lustre: 2194:0:(llog_test.c:1333:llog_test_8()) 8b: clean first llog record in catalog
00089 Lustre: 2194:0:(llog_test.c:1344:llog_test_8()) 8c: corrupt first chunk in the middle
00089 Lustre: 2194:0:(llog_test.c:1347:llog_test_8()) 8c: corrupt second chunk at start
00089 Lustre: 2194:0:(llog_test.c:1350:llog_test_8()) 8d: count survived records
00089 Lustre: 2194:0:(llog_test.c:1380:llog_test_8()) 8d: close re-opened catalog
00089 Lustre: 2194:0:(llog_test.c:1441:llog_test_9()) 9a: test llog_logid_rec
00089 ------------[ cut here ]------------
00089 WARNING: /home/ktest/git/linux/include/linux/fs.h:889 at osd_create+0x9cf/0xcf0 [osd_wbcfs], CPU#9: lctl/2194
00089 Modules linked in: llog_test(O) mgs(O) osd_wbcfs(O) lustre(O) obdecho(O) mgc(O) mdc(O) lov(O) osc(O) lmv(O) ec(O) fid(O) fld(O) ptlrpc(O) efivarfs obdclass(O) ksocklnd(O) lnet(O) libcfs(O)
00089 CPU: 9 UID: 0 PID: 2194 Comm: lctl Tainted: G        W  O        7.0.0-ktest-26646331b0-7433349-20260710 #1 PREEMPT 
00089 Tainted: [W]=WARN, [O]=OOT_MODULE
00089 Hardware name: QEMU Standard PC (Q35 + ICH9, 2009), BIOS 2025.11-3ubuntu7 03/31/2026
00089 RIP: 0010:osd_create+0x9cf/0xcf0 [osd_wbcfs]
00089 Code: c7 c7 00 66 7c a1 48 c7 c6 a0 e2 7d a1 48 c7 c2 00 ec 7d a1 e8 82 ad 43 ff 48 c7 c7 00 66 7c a1 e8 06 3b 44 ff e9 fe fc ff ff <0f> 0b e9 a5 fa ff ff 48 c7 c1 80 44 5d a0 80 e1 07 80 c1 03 38 c1
00089 RSP: 0018:ffffc90002187728 EFLAGS: 00010246
00089 RAX: 0000000000000000 RBX: ffff88819b024400 RCX: 0000000000000046
00089 RDX: 0000000000000000 RSI: ffff888195af42a8 RDI: ffff88819ad54b18
00089 RBP: ffff888195af4218 R08: ffffffff83a16803 R09: 1ffffffff0742d00
00089 R10: dffffc0000000000 R11: fffffbfff0742d01 R12: ffff888184ef6c00
00089 R13: dffffc0000000000 R14: 1ffff11033604880 R15: 1ffff110309ded8f
00089 FS:  00007f528dc5b940(0000) GS:ffff88831e8ae000(0000) knlGS:0000000000000000
00089 CS:  0010 DS: 0000 ES: 0000 CR0: 0000000080050033
00089 CR2: 00007f98170ee200 CR3: 000000011f2ff000 CR4: 0000000000750eb0
00089 PKRU: 55555554
00089 Call Trace:
00089  <TASK>
00089  ? local_object_create+0x109/0x640 [obdclass]
00089  ? dt_write_lock+0x16d/0x2a0 [obdclass]
00089  ? llog_osd_create+0x35b/0x12e0 [obdclass]
00089  ? llog_create+0x2ed/0x530 [obdclass]
00089  ? llog_open_create+0x5af/0xb10 [obdclass]
00089  ? llog_test_9_sub+0xd4/0x800 [llog_test]
00089  ? llog_test_9+0x242/0x960 [llog_test]
00089  ? llog_run_tests+0x3d66/0x5ad0 [llog_test]
00089  ? get_random_u32+0x51/0x470
00089  ? llog_test_device_init+0x503/0x840 [llog_test]
00089  ? obd_setup+0x559/0x960 [obdclass]
00089  ? class_setup+0xc7d/0x10e0 [obdclass]
00089  ? class_process_config+0x2edb/0x7cb0 [obdclass]
00089  ? class_handle_ioctl+0x1f4d/0x3440 [obdclass]
00089  ? obd_class_ioctl+0x1f6/0x3c0 [obdclass]
00089  ? __x64_sys_ioctl+0x961/0xe00
00089  ? _copy_to_user+0x3d/0x60
00089  ? __x64_sys_rt_sigaction+0x107/0x140
00089  ? do_syscall_64+0xc1/0x350
00089  ? entry_SYSCALL_64_after_hwframe+0x4b/0x53
00089  </TASK>
00089 ---[ end trace 0000000000000000 ]---
00089 Lustre: 2194:0:(llog_test.c:1425:llog_test_9_sub()) 9_sub: record type 1064553b in log 0x1:0x14:0x0
00089 Lustre: 2194:0:(llog_test.c:1452:llog_test_9()) 9b: test llog_obd_cfg_rec
00089 ------------[ cut here ]------------
00089 WARNING: /home/ktest/git/linux/include/linux/fs.h:889 at osd_create+0x9cf/0xcf0 [osd_wbcfs], CPU#9: lctl/2194
00089 Modules linked in: llog_test(O) mgs(O) osd_wbcfs(O) lustre(O) obdecho(O) mgc(O) mdc(O) lov(O) osc(O) lmv(O) ec(O) fid(O) fld(O) ptlrpc(O) efivarfs obdclass(O) ksocklnd(O) lnet(O) libcfs(O)
00089 CPU: 9 UID: 0 PID: 2194 Comm: lctl Tainted: G        W  O        7.0.0-ktest-26646331b0-7433349-20260710 #1 PREEMPT 
00089 Tainted: [W]=WARN, [O]=OOT_MODULE
00089 Hardware name: QEMU Standard PC (Q35 + ICH9, 2009), BIOS 2025.11-3ubuntu7 03/31/2026
00089 RIP: 0010:osd_create+0x9cf/0xcf0 [osd_wbcfs]
00089 Code: c7 c7 00 66 7c a1 48 c7 c6 a0 e2 7d a1 48 c7 c2 00 ec 7d a1 e8 82 ad 43 ff 48 c7 c7 00 66 7c a1 e8 06 3b 44 ff e9 fe fc ff ff <0f> 0b e9 a5 fa ff ff 48 c7 c1 80 44 5d a0 80 e1 07 80 c1 03 38 c1
00089 RSP: 0018:ffffc90002187728 EFLAGS: 00010246
00089 RAX: 0000000000000000 RBX: ffff88819b023800 RCX: 0000000000000046
00089 RDX: 0000000000000000 RSI: ffff888195af3b90 RDI: ffff88819ad54b18
00089 RBP: ffff888195af3b00 R08: ffffffff83a16803 R09: 1ffffffff0742d00
00089 R10: dffffc0000000000 R11: fffffbfff0742d01 R12: ffff888184ef6c00
00089 R13: dffffc0000000000 R14: 1ffff11033604700 R15: 1ffff110309ded8f
00089 FS:  00007f528dc5b940(0000) GS:ffff88831e8ae000(0000) knlGS:0000000000000000
00089 CS:  0010 DS: 0000 ES: 0000 CR0: 0000000080050033
00089 CR2: 00007f98170ee200 CR3: 000000011f2ff000 CR4: 0000000000750eb0
00089 PKRU: 55555554
00089 Call Trace:
00089  <TASK>
00089  ? local_object_create+0x109/0x640 [obdclass]
00089  ? dt_write_lock+0x16d/0x2a0 [obdclass]
00089  ? llog_osd_create+0x35b/0x12e0 [obdclass]
00089  ? llog_create+0x2ed/0x530 [obdclass]
00089  ? llog_open_create+0x5af/0xb10 [obdclass]
00089  ? llog_test_9_sub+0xd4/0x800 [llog_test]
00089  ? llog_test_9+0x373/0x960 [llog_test]
00089  ? llog_run_tests+0x3d66/0x5ad0 [llog_test]
00089  ? get_random_u32+0x51/0x470
00089  ? llog_test_device_init+0x503/0x840 [llog_test]
00089  ? obd_setup+0x559/0x960 [obdclass]
00089  ? class_setup+0xc7d/0x10e0 [obdclass]
00089  ? class_process_config+0x2edb/0x7cb0 [obdclass]
00089  ? class_handle_ioctl+0x1f4d/0x3440 [obdclass]
00089  ? obd_class_ioctl+0x1f6/0x3c0 [obdclass]
00089  ? __x64_sys_ioctl+0x961/0xe00
00089  ? _copy_to_user+0x3d/0x60
00089  ? __x64_sys_rt_sigaction+0x107/0x140
00089  ? do_syscall_64+0xc1/0x350
00089  ? entry_SYSCALL_64_after_hwframe+0x4b/0x53
00089  </TASK>
00089 ---[ end trace 0000000000000000 ]---
00089 Lustre: 2194:0:(llog_test.c:1463:llog_test_9()) 9c: test llog_changelog_rec
00089 ------------[ cut here ]------------
00089 WARNING: /home/ktest/git/linux/include/linux/fs.h:889 at osd_create+0x9cf/0xcf0 [osd_wbcfs], CPU#9: lctl/2194
00089 Modules linked in: llog_test(O) mgs(O) osd_wbcfs(O) lustre(O) obdecho(O) mgc(O) mdc(O) lov(O) osc(O) lmv(O) ec(O) fid(O) fld(O) ptlrpc(O) efivarfs obdclass(O) ksocklnd(O) lnet(O) libcfs(O)
00089 CPU: 9 UID: 0 PID: 2194 Comm: lctl Tainted: G        W  O        7.0.0-ktest-26646331b0-7433349-20260710 #1 PREEMPT 
00089 Tainted: [W]=WARN, [O]=OOT_MODULE
00089 Hardware name: QEMU Standard PC (Q35 + ICH9, 2009), BIOS 2025.11-3ubuntu7 03/31/2026
00089 RIP: 0010:osd_create+0x9cf/0xcf0 [osd_wbcfs]
00089 Code: c7 c7 00 66 7c a1 48 c7 c6 a0 e2 7d a1 48 c7 c2 00 ec 7d a1 e8 82 ad 43 ff 48 c7 c7 00 66 7c a1 e8 06 3b 44 ff e9 fe fc ff ff <0f> 0b e9 a5 fa ff ff 48 c7 c1 80 44 5d a0 80 e1 07 80 c1 03 38 c1
00089 RSP: 0018:ffffc90002187728 EFLAGS: 00010246
00089 RAX: 0000000000000000 RBX: ffff88819b023000 RCX: 0000000000000046
00089 RDX: 0000000000000000 RSI: ffff888195af3478 RDI: ffff88819ad54b18
00089 RBP: ffff888195af33e8 R08: ffffffff83a16803 R09: 1ffffffff0742d00
00089 R10: dffffc0000000000 R11: fffffbfff0742d01 R12: ffff888184ef6c00
00089 R13: dffffc0000000000 R14: 1ffff11033604600 R15: 1ffff110309ded8f
00089 FS:  00007f528dc5b940(0000) GS:ffff88831e8ae000(0000) knlGS:0000000000000000
00089 CS:  0010 DS: 0000 ES: 0000 CR0: 0000000080050033
00089 CR2: 00007f98170ee200 CR3: 000000011f2ff000 CR4: 0000000000750eb0
00089 PKRU: 55555554
00089 Call Trace:
00089  <TASK>
00089  ? local_object_create+0x109/0x640 [obdclass]
00089  ? dt_write_lock+0x16d/0x2a0 [obdclass]
00089  ? llog_osd_create+0x35b/0x12e0 [obdclass]
00089  ? llog_create+0x2ed/0x530 [obdclass]
00089  ? llog_open_create+0x5af/0xb10 [obdclass]
00089  ? llog_test_9_sub+0xd4/0x800 [llog_test]
00089  ? llog_test_9+0x4a4/0x960 [llog_test]
00089  ? llog_run_tests+0x3d66/0x5ad0 [llog_test]
00089  ? get_random_u32+0x51/0x470
00089  ? llog_test_device_init+0x503/0x840 [llog_test]
00089  ? obd_setup+0x559/0x960 [obdclass]
00089  ? class_setup+0xc7d/0x10e0 [obdclass]
00089  ? class_process_config+0x2edb/0x7cb0 [obdclass]
00089  ? class_handle_ioctl+0x1f4d/0x3440 [obdclass]
00089  ? obd_class_ioctl+0x1f6/0x3c0 [obdclass]
00089  ? __x64_sys_ioctl+0x961/0xe00
00089  ? _copy_to_user+0x3d/0x60
00089  ? __x64_sys_rt_sigaction+0x107/0x140
00089  ? do_syscall_64+0xc1/0x350
00089  ? entry_SYSCALL_64_after_hwframe+0x4b/0x53
00089  </TASK>
00089 ---[ end trace 0000000000000000 ]---
00089 Lustre: 2194:0:(llog_test.c:1475:llog_test_9()) 9d: test llog_changelog_user_rec2
00089 ------------[ cut here ]------------
00089 WARNING: /home/ktest/git/linux/include/linux/fs.h:889 at osd_create+0x9cf/0xcf0 [osd_wbcfs], CPU#9: lctl/2194
00089 Modules linked in: llog_test(O) mgs(O) osd_wbcfs(O) lustre(O) obdecho(O) mgc(O) mdc(O) lov(O) osc(O) lmv(O) ec(O) fid(O) fld(O) ptlrpc(O) efivarfs obdclass(O) ksocklnd(O) lnet(O) libcfs(O)
00089 CPU: 9 UID: 0 PID: 2194 Comm: lctl Tainted: G        W  O        7.0.0-ktest-26646331b0-7433349-20260710 #1 PREEMPT 
00089 Tainted: [W]=WARN, [O]=OOT_MODULE
00089 Hardware name: QEMU Standard PC (Q35 + ICH9, 2009), BIOS 2025.11-3ubuntu7 03/31/2026
00089 RIP: 0010:osd_create+0x9cf/0xcf0 [osd_wbcfs]
00089 Code: c7 c7 00 66 7c a1 48 c7 c6 a0 e2 7d a1 48 c7 c2 00 ec 7d a1 e8 82 ad 43 ff 48 c7 c7 00 66 7c a1 e8 06 3b 44 ff e9 fe fc ff ff <0f> 0b e9 a5 fa ff ff 48 c7 c1 80 44 5d a0 80 e1 07 80 c1 03 38 c1
00089 RSP: 0018:ffffc90002187728 EFLAGS: 00010246
00089 RAX: 0000000000000000 RBX: ffff888195b28800 RCX: 0000000000000046
00089 RDX: 0000000000000000 RSI: ffff888195af2d60 RDI: ffff88819ad54b18
00089 RBP: ffff888195af2cd0 R08: ffffffff83a16803 R09: 1ffffffff0742d00
00089 R10: dffffc0000000000 R11: fffffbfff0742d01 R12: ffff888184ef6c00
00089 R13: dffffc0000000000 R14: 1ffff11032b65100 R15: 1ffff110309ded8f
00089 FS:  00007f528dc5b940(0000) GS:ffff88831e8ae000(0000) knlGS:0000000000000000
00089 CS:  0010 DS: 0000 ES: 0000 CR0: 0000000080050033
00089 CR2: 00007f98170ee200 CR3: 000000011f2ff000 CR4: 0000000000750eb0
00089 PKRU: 55555554
00089 Call Trace:
00089  <TASK>
00089  ? local_object_create+0x109/0x640 [obdclass]
00089  ? dt_write_lock+0x16d/0x2a0 [obdclass]
00089  ? llog_osd_create+0x35b/0x12e0 [obdclass]
00089  ? llog_create+0x2ed/0x530 [obdclass]
00089  ? llog_open_create+0x5af/0xb10 [obdclass]
00089  ? llog_test_9_sub+0xd4/0x800 [llog_test]
00089  ? llog_test_9+0x5d5/0x960 [llog_test]
00089  ? llog_run_tests+0x3d66/0x5ad0 [llog_test]
00089  ? get_random_u32+0x51/0x470
00089  ? llog_test_device_init+0x503/0x840 [llog_test]
00089  ? obd_setup+0x559/0x960 [obdclass]
00089  ? class_setup+0xc7d/0x10e0 [obdclass]
00089  ? class_process_config+0x2edb/0x7cb0 [obdclass]
00089  ? class_handle_ioctl+0x1f4d/0x3440 [obdclass]
00089  ? obd_class_ioctl+0x1f6/0x3c0 [obdclass]
00089  ? __x64_sys_ioctl+0x961/0xe00
00089  ? _copy_to_user+0x3d/0x60
00089  ? __x64_sys_rt_sigaction+0x107/0x140
00089  ? do_syscall_64+0xc1/0x350
00089  ? entry_SYSCALL_64_after_hwframe+0x4b/0x53
00089  </TASK>
00089 ---[ end trace 0000000000000000 ]---
00089 Lustre: 2194:0:(llog_test.c:1576:llog_test_10()) 10a: create a catalog log with name: 211a3e4e
00089 ------------[ cut here ]------------
00089 WARNING: /home/ktest/git/linux/include/linux/fs.h:889 at osd_create+0x9cf/0xcf0 [osd_wbcfs], CPU#9: lctl/2194
00089 Modules linked in: llog_test(O) mgs(O) osd_wbcfs(O) lustre(O) obdecho(O) mgc(O) mdc(O) lov(O) osc(O) lmv(O) ec(O) fid(O) fld(O) ptlrpc(O) efivarfs obdclass(O) ksocklnd(O) lnet(O) libcfs(O)
00089 CPU: 9 UID: 0 PID: 2194 Comm: lctl Tainted: G        W  O        7.0.0-ktest-26646331b0-7433349-20260710 #1 PREEMPT 
00089 Tainted: [W]=WARN, [O]=OOT_MODULE
00089 Hardware name: QEMU Standard PC (Q35 + ICH9, 2009), BIOS 2025.11-3ubuntu7 03/31/2026
00089 RIP: 0010:osd_create+0x9cf/0xcf0 [osd_wbcfs]
00089 Code: c7 c7 00 66 7c a1 48 c7 c6 a0 e2 7d a1 48 c7 c2 00 ec 7d a1 e8 82 ad 43 ff 48 c7 c7 00 66 7c a1 e8 06 3b 44 ff e9 fe fc ff ff <0f> 0b e9 a5 fa ff ff 48 c7 c1 80 44 5d a0 80 e1 07 80 c1 03 38 c1
00089 RSP: 0018:ffffc900021875e0 EFLAGS: 00010246
00089 RAX: 0000000000000000 RBX: ffff888195b28000 RCX: 0000000000000046
00089 RDX: 0000000000000000 RSI: ffff888195af2648 RDI: ffff88819ad54b18
00089 RBP: ffff888195af25b8 R08: ffffffff83a16803 R09: 1ffffffff0742d00
00089 R10: dffffc0000000000 R11: fffffbfff0742d01 R12: ffff888184ef6c00
00089 R13: dffffc0000000000 R14: 1ffff11032b65000 R15: 1ffff110309ded8f
00089 FS:  00007f528dc5b940(0000) GS:ffff88831e8ae000(0000) knlGS:0000000000000000
00089 CS:  0010 DS: 0000 ES: 0000 CR0: 0000000080050033
00089 CR2: 00007f98170ee200 CR3: 000000011f2ff000 CR4: 0000000000750eb0
00089 PKRU: 55555554
00089 Call Trace:
00089  <TASK>
00089  ? local_object_create+0x109/0x640 [obdclass]
00089  ? dt_write_lock+0x16d/0x2a0 [obdclass]
00089  ? llog_osd_create+0x35b/0x12e0 [obdclass]
00089  ? llog_create+0x2ed/0x530 [obdclass]
00089  ? llog_open_create+0x5af/0xb10 [obdclass]
00089  ? llog_test_10+0x2e1/0x5620 [llog_test]
00089  ? lu_object_put+0xa40/0x12e0 [obdclass]
00089  ? do_raw_spin_unlock+0x52/0x230
00089  ? _raw_spin_unlock+0x23/0x40
00089  ? __llog_ctxt_put+0x1c4/0x2f0 [obdclass]
00089  ? llog_run_tests+0x3f47/0x5ad0 [llog_test]
00089  ? get_random_u32+0x51/0x470
00089  ? llog_test_device_init+0x503/0x840 [llog_test]
00089  ? obd_setup+0x559/0x960 [obdclass]
00089  ? class_setup+0xc7d/0x10e0 [obdclass]
00089  ? class_process_config+0x2edb/0x7cb0 [obdclass]
00089  ? class_handle_ioctl+0x1f4d/0x3440 [obdclass]
00089  ? obd_class_ioctl+0x1f6/0x3c0 [obdclass]
00089  ? __x64_sys_ioctl+0x961/0xe00
00089  ? _copy_to_user+0x3d/0x60
00089  ? __x64_sys_rt_sigaction+0x107/0x140
00089  ? do_syscall_64+0xc1/0x350
00089  ? entry_SYSCALL_64_after_hwframe+0x4b/0x53
00089  </TASK>
00089 ---[ end trace 0000000000000000 ]---
00089 Lustre: 2194:0:(llog_test.c:1608:llog_test_10()) 10b: write 64767 log records
00089 ------------[ cut here ]------------
00089 WARNING: /home/ktest/git/linux/include/linux/fs.h:889 at osd_create+0x9cf/0xcf0 [osd_wbcfs], CPU#9: lctl/2194
00089 Modules linked in: llog_test(O) mgs(O) osd_wbcfs(O) lustre(O) obdecho(O) mgc(O) mdc(O) lov(O) osc(O) lmv(O) ec(O) fid(O) fld(O) ptlrpc(O) efivarfs obdclass(O) ksocklnd(O) lnet(O) libcfs(O)
00089 CPU: 9 UID: 0 PID: 2194 Comm: lctl Tainted: G        W  O        7.0.0-ktest-26646331b0-7433349-20260710 #1 PREEMPT 
00089 Tainted: [W]=WARN, [O]=OOT_MODULE
00089 Hardware name: QEMU Standard PC (Q35 + ICH9, 2009), BIOS 2025.11-3ubuntu7 03/31/2026
00089 RIP: 0010:osd_create+0x9cf/0xcf0 [osd_wbcfs]
00089 Code: c7 c7 00 66 7c a1 48 c7 c6 a0 e2 7d a1 48 c7 c2 00 ec 7d a1 e8 82 ad 43 ff 48 c7 c7 00 66 7c a1 e8 06 3b 44 ff e9 fe fc ff ff <0f> 0b e9 a5 fa ff ff 48 c7 c1 80 44 5d a0 80 e1 07 80 c1 03 38 c1
00089 RSP: 0018:ffffc90002187480 EFLAGS: 00010246
00089 RAX: 0000000000000000 RBX: ffff88819b027800 RCX: 0000000000000046
00089 RDX: 0000000000000000 RSI: ffff888195af1f30 RDI: ffff88819ad54b40
00089 RBP: ffff888195af1ea0 R08: ffffffff83a16803 R09: 1ffffffff0742d00
00089 R10: dffffc0000000000 R11: fffffbfff0742d01 R12: ffff888184ef6c00
00089 R13: dffffc0000000000 R14: 1ffff11033604f00 R15: 1ffff110309ded8f
00089 FS:  00007f528dc5b940(0000) GS:ffff88831e8ae000(0000) knlGS:0000000000000000
00089 CS:  0010 DS: 0000 ES: 0000 CR0: 0000000080050033
00089 CR2: 00007f98170ee200 CR3: 000000011f2ff000 CR4: 0000000000750eb0
00089 PKRU: 55555554
00089 Call Trace:
00089  <TASK>
00089  ? local_object_create+0x109/0x640 [obdclass]
00089  ? dt_write_lock+0x16d/0x2a0 [obdclass]
00089  ? llog_osd_create+0x35b/0x12e0 [obdclass]
00089  ? register_lock_class+0x31/0x2c0
00089  ? llog_create+0x2ed/0x530 [obdclass]
00089  ? llog_cat_new_log+0x6c3/0x2c80 [obdclass]
00089  ? llog_cat_add_rec+0x6ba/0x1960 [obdclass]
00089  ? llog_cat_add+0x451/0x890 [obdclass]
00089  ? llog_test_10+0x920/0x5620 [llog_test]
00089  ? do_raw_spin_unlock+0x52/0x230
00089  ? _raw_spin_unlock+0x23/0x40
00089  ? __llog_ctxt_put+0x1c4/0x2f0 [obdclass]
00089  ? llog_run_tests+0x3f47/0x5ad0 [llog_test]
00089  ? get_random_u32+0x51/0x470
00089  ? llog_test_device_init+0x503/0x840 [llog_test]
00089  ? obd_setup+0x559/0x960 [obdclass]
00089  ? class_setup+0xc7d/0x10e0 [obdclass]
00089  ? class_process_config+0x2edb/0x7cb0 [obdclass]
00089  ? class_handle_ioctl+0x1f4d/0x3440 [obdclass]
00089  ? obd_class_ioctl+0x1f6/0x3c0 [obdclass]
00089  ? __x64_sys_ioctl+0x961/0xe00
00089  ? _copy_to_user+0x3d/0x60
00089  ? __x64_sys_rt_sigaction+0x107/0x140
00089  ? do_syscall_64+0xc1/0x350
00089  ? entry_SYSCALL_64_after_hwframe+0x4b/0x53
00089  </TASK>
00089 ---[ end trace 0000000000000000 ]---
00091 ------------[ cut here ]------------
00091 WARNING: /home/ktest/git/linux/include/linux/fs.h:889 at osd_create+0x9cf/0xcf0 [osd_wbcfs], CPU#9: lctl/2194
00091 Modules linked in: llog_test(O) mgs(O) osd_wbcfs(O) lustre(O) obdecho(O) mgc(O) mdc(O) lov(O) osc(O) lmv(O) ec(O) fid(O) fld(O) ptlrpc(O) efivarfs obdclass(O) ksocklnd(O) lnet(O) libcfs(O)
00091 CPU: 9 UID: 0 PID: 2194 Comm: lctl Tainted: G        W  O        7.0.0-ktest-26646331b0-7433349-20260710 #1 PREEMPT 
00091 Tainted: [W]=WARN, [O]=OOT_MODULE
00091 Hardware name: QEMU Standard PC (Q35 + ICH9, 2009), BIOS 2025.11-3ubuntu7 03/31/2026
00091 RIP: 0010:osd_create+0x9cf/0xcf0 [osd_wbcfs]
00091 Code: c7 c7 00 66 7c a1 48 c7 c6 a0 e2 7d a1 48 c7 c2 00 ec 7d a1 e8 82 ad 43 ff 48 c7 c7 00 66 7c a1 e8 06 3b 44 ff e9 fe fc ff ff <0f> 0b e9 a5 fa ff ff 48 c7 c1 80 44 5d a0 80 e1 07 80 c1 03 38 c1
00091 RSP: 0018:ffffc90002187480 EFLAGS: 00010246
00091 RAX: 0000000000000000 RBX: ffff88819b027000 RCX: 0000000000000046
00091 RDX: 0000000000000000 RSI: ffff888195af1818 RDI: ffff88819ad54b40
00091 RBP: ffff888195af1788 R08: ffffffff83a16803 R09: 1ffffffff0742d00
00091 R10: dffffc0000000000 R11: fffffbfff0742d01 R12: ffff888184ef6c00
00091 R13: dffffc0000000000 R14: 1ffff11033604e00 R15: 1ffff110309ded8f
00091 FS:  00007f528dc5b940(0000) GS:ffff88831e8ae000(0000) knlGS:0000000000000000
00091 CS:  0010 DS: 0000 ES: 0000 CR0: 0000000080050033
00091 CR2: 00007f98170ee200 CR3: 000000011f2ff000 CR4: 0000000000750eb0
00091 PKRU: 55555554
00091 Call Trace:
00091  <TASK>
00091  ? local_object_create+0x109/0x640 [obdclass]
00091  ? dt_write_lock+0x16d/0x2a0 [obdclass]
00091  ? llog_osd_create+0x35b/0x12e0 [obdclass]
00091  ? register_lock_class+0x31/0x2c0
00091  ? llog_create+0x2ed/0x530 [obdclass]
00091  ? llog_cat_new_log+0x6c3/0x2c80 [obdclass]
00091  ? llog_cat_add_rec+0x6ba/0x1960 [obdclass]
00091  ? llog_cat_add+0x451/0x890 [obdclass]
00091  ? llog_test_10+0x920/0x5620 [llog_test]
00091  ? do_raw_spin_unlock+0x52/0x230
00091  ? _raw_spin_unlock+0x23/0x40
00091  ? __llog_ctxt_put+0x1c4/0x2f0 [obdclass]
00091  ? llog_run_tests+0x3f47/0x5ad0 [llog_test]
00091  ? get_random_u32+0x51/0x470
00091  ? llog_test_device_init+0x503/0x840 [llog_test]
00091  ? obd_setup+0x559/0x960 [obdclass]
00091  ? class_setup+0xc7d/0x10e0 [obdclass]
00091  ? class_process_config+0x2edb/0x7cb0 [obdclass]
00091  ? class_handle_ioctl+0x1f4d/0x3440 [obdclass]
00091  ? obd_class_ioctl+0x1f6/0x3c0 [obdclass]
00091  ? __x64_sys_ioctl+0x961/0xe00
00091  ? _copy_to_user+0x3d/0x60
00091  ? __x64_sys_rt_sigaction+0x107/0x140
00091  ? do_syscall_64+0xc1/0x350
00091  ? entry_SYSCALL_64_after_hwframe+0x4b/0x53
00091  </TASK>
00091 ---[ end trace 0000000000000000 ]---
00091 Lustre: 2194:0:(llog_test.c:1634:llog_test_10()) 10c: write 129534 more log records
00094 ------------[ cut here ]------------
00094 WARNING: /home/ktest/git/linux/include/linux/fs.h:889 at osd_create+0x9cf/0xcf0 [osd_wbcfs], CPU#9: lctl/2194
00094 Modules linked in: llog_test(O) mgs(O) osd_wbcfs(O) lustre(O) obdecho(O) mgc(O) mdc(O) lov(O) osc(O) lmv(O) ec(O) fid(O) fld(O) ptlrpc(O) efivarfs obdclass(O) ksocklnd(O) lnet(O) libcfs(O)
00094 CPU: 9 UID: 0 PID: 2194 Comm: lctl Tainted: G        W  O        7.0.0-ktest-26646331b0-7433349-20260710 #1 PREEMPT 
00094 Tainted: [W]=WARN, [O]=OOT_MODULE
00094 Hardware name: QEMU Standard PC (Q35 + ICH9, 2009), BIOS 2025.11-3ubuntu7 03/31/2026
00094 RIP: 0010:osd_create+0x9cf/0xcf0 [osd_wbcfs]
00094 Code: c7 c7 00 66 7c a1 48 c7 c6 a0 e2 7d a1 48 c7 c2 00 ec 7d a1 e8 82 ad 43 ff 48 c7 c7 00 66 7c a1 e8 06 3b 44 ff e9 fe fc ff ff <0f> 0b e9 a5 fa ff ff 48 c7 c1 80 44 5d a0 80 e1 07 80 c1 03 38 c1
00094 RSP: 0018:ffffc90002187480 EFLAGS: 00010246
00094 RAX: 0000000000000000 RBX: ffff8881bc114800 RCX: 0000000000000046
00094 RDX: 0000000000000000 RSI: ffff888195af1100 RDI: ffff88819ad54b40
00094 RBP: ffff888195af1070 R08: ffffffff83a16803 R09: 1ffffffff0742d00
00094 R10: dffffc0000000000 R11: fffffbfff0742d01 R12: ffff888184ef6c00
00094 R13: dffffc0000000000 R14: 1ffff11037822900 R15: 1ffff110309ded8f
00094 FS:  00007f528dc5b940(0000) GS:ffff88831e8ae000(0000) knlGS:0000000000000000
00094 CS:  0010 DS: 0000 ES: 0000 CR0: 0000000080050033
00094 CR2: 00007f98170ee200 CR3: 000000011f2ff000 CR4: 0000000000750eb0
00094 PKRU: 55555554
00094 Call Trace:
00094  <TASK>
00094  ? local_object_create+0x109/0x640 [obdclass]
00094  ? dt_write_lock+0x16d/0x2a0 [obdclass]
00094  ? llog_osd_create+0x35b/0x12e0 [obdclass]
00094  ? register_lock_class+0x31/0x2c0
00094  ? llog_create+0x2ed/0x530 [obdclass]
00094  ? llog_cat_new_log+0x6c3/0x2c80 [obdclass]
00094  ? llog_cat_add_rec+0x6ba/0x1960 [obdclass]
00094  ? llog_cat_add+0x451/0x890 [obdclass]
00094  ? llog_test_10+0xbdb/0x5620 [llog_test]
00094  ? do_raw_spin_unlock+0x52/0x230
00094  ? _raw_spin_unlock+0x23/0x40
00094  ? __llog_ctxt_put+0x1c4/0x2f0 [obdclass]
00094  ? llog_run_tests+0x3f47/0x5ad0 [llog_test]
00094  ? get_random_u32+0x51/0x470
00094  ? llog_test_device_init+0x503/0x840 [llog_test]
00094  ? obd_setup+0x559/0x960 [obdclass]
00094  ? class_setup+0xc7d/0x10e0 [obdclass]
00094  ? class_process_config+0x2edb/0x7cb0 [obdclass]
00094  ? class_handle_ioctl+0x1f4d/0x3440 [obdclass]
00094  ? obd_class_ioctl+0x1f6/0x3c0 [obdclass]
00094  ? __x64_sys_ioctl+0x961/0xe00
00094  ? _copy_to_user+0x3d/0x60
00094  ? __x64_sys_rt_sigaction+0x107/0x140
00094  ? do_syscall_64+0xc1/0x350
00094  ? entry_SYSCALL_64_after_hwframe+0x4b/0x53
00094  </TASK>
00094 ---[ end trace 0000000000000000 ]---
00096 ------------[ cut here ]------------
00096 WARNING: /home/ktest/git/linux/include/linux/fs.h:889 at osd_create+0x9cf/0xcf0 [osd_wbcfs], CPU#9: lctl/2194
00096 Modules linked in: llog_test(O) mgs(O) osd_wbcfs(O) lustre(O) obdecho(O) mgc(O) mdc(O) lov(O) osc(O) lmv(O) ec(O) fid(O) fld(O) ptlrpc(O) efivarfs obdclass(O) ksocklnd(O) lnet(O) libcfs(O)
00096 CPU: 9 UID: 0 PID: 2194 Comm: lctl Tainted: G        W  O        7.0.0-ktest-26646331b0-7433349-20260710 #1 PREEMPT 
00096 Tainted: [W]=WARN, [O]=OOT_MODULE
00096 Hardware name: QEMU Standard PC (Q35 + ICH9, 2009), BIOS 2025.11-3ubuntu7 03/31/2026
00096 RIP: 0010:osd_create+0x9cf/0xcf0 [osd_wbcfs]
00096 Code: c7 c7 00 66 7c a1 48 c7 c6 a0 e2 7d a1 48 c7 c2 00 ec 7d a1 e8 82 ad 43 ff 48 c7 c7 00 66 7c a1 e8 06 3b 44 ff e9 fe fc ff ff <0f> 0b e9 a5 fa ff ff 48 c7 c1 80 44 5d a0 80 e1 07 80 c1 03 38 c1
00096 RSP: 0018:ffffc90002187480 EFLAGS: 00010246
00096 RAX: 0000000000000000 RBX: ffff8881408ce400 RCX: 0000000000000046
00096 RDX: 0000000000000000 RSI: ffff888195af09e8 RDI: ffff88819ad54b40
00096 RBP: ffff888195af0958 R08: ffffffff83a16803 R09: 1ffffffff0742d00
00096 R10: dffffc0000000000 R11: fffffbfff0742d01 R12: ffff888184ef6c00
00096 R13: dffffc0000000000 R14: 1ffff11028119c80 R15: 1ffff110309ded8f
00096 FS:  00007f528dc5b940(0000) GS:ffff88831e8ae000(0000) knlGS:0000000000000000
00096 CS:  0010 DS: 0000 ES: 0000 CR0: 0000000080050033
00096 CR2: 00007f98170ee200 CR3: 000000011f2ff000 CR4: 0000000000750eb0
00096 PKRU: 55555554
00096 Call Trace:
00096  <TASK>
00096  ? local_object_create+0x109/0x640 [obdclass]
00096  ? dt_write_lock+0x16d/0x2a0 [obdclass]
00096  ? llog_osd_create+0x35b/0x12e0 [obdclass]
00096  ? register_lock_class+0x31/0x2c0
00096  ? llog_create+0x2ed/0x530 [obdclass]
00096  ? llog_cat_new_log+0x6c3/0x2c80 [obdclass]
00096  ? llog_cat_add_rec+0x6ba/0x1960 [obdclass]
00096  ? llog_cat_add+0x451/0x890 [obdclass]
00096  ? llog_test_10+0xbdb/0x5620 [llog_test]
00096  ? do_raw_spin_unlock+0x52/0x230
00096  ? _raw_spin_unlock+0x23/0x40
00096  ? __llog_ctxt_put+0x1c4/0x2f0 [obdclass]
00096  ? llog_run_tests+0x3f47/0x5ad0 [llog_test]
00096  ? get_random_u32+0x51/0x470
00096  ? llog_test_device_init+0x503/0x840 [llog_test]
00096  ? obd_setup+0x559/0x960 [obdclass]
00096  ? class_setup+0xc7d/0x10e0 [obdclass]
00096  ? class_process_config+0x2edb/0x7cb0 [obdclass]
00096  ? class_handle_ioctl+0x1f4d/0x3440 [obdclass]
00096  ? obd_class_ioctl+0x1f6/0x3c0 [obdclass]
00096  ? __x64_sys_ioctl+0x961/0xe00
00096  ? _copy_to_user+0x3d/0x60
00096  ? __x64_sys_rt_sigaction+0x107/0x140
00096  ? do_syscall_64+0xc1/0x350
00096  ? entry_SYSCALL_64_after_hwframe+0x4b/0x53
00096  </TASK>
00096 ---[ end trace 0000000000000000 ]---
00096 Lustre: 2194:0:(llog_test.c:1666:llog_test_10()) 10c: write 64767 more log records
00099 Lustre: 2194:0:(llog_cat.c:80:llog_cat_new_log()) MGS: there are no more free slots in catalog 211a3e4e
00099 LustreError: 2194:0:(llog_cat.c:593:llog_cat_add_rec()) MGS: initialization error: rc = -28
00099 Lustre: 2194:0:(llog_test.c:1692:llog_test_10()) 10c: wrote 64011 records then 756 failed with ENOSPC
00099 Lustre: 2194:0:(llog_test.c:1711:llog_test_10()) 10d: Cancel 64767 records, see one log zapped
00101 Lustre: 2194:0:(llog_test.c:1725:llog_test_10()) 10d: print the catalog entries.. we expect 3
00101 Lustre: 2212:0:(llog_test.c:700:cat_print_cb()) seeing record at index 2 - [0x1:0x19:0x0] in log [0xa:0x5:0x0]
00101 Lustre: 2194:0:(llog_test.c:1755:llog_test_10()) 10e: write 64767 more log records
00101 ------------[ cut here ]------------
00101 WARNING: /home/ktest/git/linux/include/linux/fs.h:889 at osd_create+0x9cf/0xcf0 [osd_wbcfs], CPU#9: lctl/2194
00101 Modules linked in: llog_test(O) mgs(O) osd_wbcfs(O) lustre(O) obdecho(O) mgc(O) mdc(O) lov(O) osc(O) lmv(O) ec(O) fid(O) fld(O) ptlrpc(O) efivarfs obdclass(O) ksocklnd(O) lnet(O) libcfs(O)
00101 CPU: 9 UID: 0 PID: 2194 Comm: lctl Tainted: G        W  O        7.0.0-ktest-26646331b0-7433349-20260710 #1 PREEMPT 
00101 Tainted: [W]=WARN, [O]=OOT_MODULE
00101 Hardware name: QEMU Standard PC (Q35 + ICH9, 2009), BIOS 2025.11-3ubuntu7 03/31/2026
00101 RIP: 0010:osd_create+0x9cf/0xcf0 [osd_wbcfs]
00101 Code: c7 c7 00 66 7c a1 48 c7 c6 a0 e2 7d a1 48 c7 c2 00 ec 7d a1 e8 82 ad 43 ff 48 c7 c7 00 66 7c a1 e8 06 3b 44 ff e9 fe fc ff ff <0f> 0b e9 a5 fa ff ff 48 c7 c1 80 44 5d a0 80 e1 07 80 c1 03 38 c1
00101 RSP: 0018:ffffc90002187480 EFLAGS: 00010246
00101 RAX: 0000000000000000 RBX: ffff88813a490000 RCX: 0000000000000046
00101 RDX: 0000000000000000 RSI: ffff888195af02d0 RDI: ffff88819ad54b40
00101 RBP: ffff888195af0240 R08: ffffffff83a16803 R09: 1ffffffff0742d00
00101 R10: dffffc0000000000 R11: fffffbfff0742d01 R12: ffff888184ef6c00
00101 R13: dffffc0000000000 R14: 1ffff11027492000 R15: 1ffff110309ded8f
00101 FS:  00007f528dc5b940(0000) GS:ffff88831e8ae000(0000) knlGS:0000000000000000
00101 CS:  0010 DS: 0000 ES: 0000 CR0: 0000000080050033
00101 CR2: 00007f98170ee200 CR3: 000000011f2ff000 CR4: 0000000000750eb0
00101 PKRU: 55555554
00101 Call Trace:
00101  <TASK>
00101  ? local_object_create+0x109/0x640 [obdclass]
00101  ? dt_write_lock+0x16d/0x2a0 [obdclass]
00101  ? llog_osd_create+0x35b/0x12e0 [obdclass]
00101  ? llog_create+0x2ed/0x530 [obdclass]
00101  ? llog_cat_new_log+0x6c3/0x2c80 [obdclass]
00101  ? llog_cat_add_rec+0x6ba/0x1960 [obdclass]
00101  ? llog_cat_add+0x451/0x890 [obdclass]
00101  ? llog_test_10+0x19c0/0x5620 [llog_test]
00101  ? do_raw_spin_unlock+0x52/0x230
00101  ? _raw_spin_unlock+0x23/0x40
00101  ? __llog_ctxt_put+0x1c4/0x2f0 [obdclass]
00101  ? llog_run_tests+0x3f47/0x5ad0 [llog_test]
00101  ? get_random_u32+0x51/0x470
00101  ? llog_test_device_init+0x503/0x840 [llog_test]
00101  ? obd_setup+0x559/0x960 [obdclass]
00101  ? class_setup+0xc7d/0x10e0 [obdclass]
00101  ? class_process_config+0x2edb/0x7cb0 [obdclass]
00101  ? class_handle_ioctl+0x1f4d/0x3440 [obdclass]
00101  ? obd_class_ioctl+0x1f6/0x3c0 [obdclass]
00101  ? __x64_sys_ioctl+0x961/0xe00
00101  ? _copy_to_user+0x3d/0x60
00101  ? __x64_sys_rt_sigaction+0x107/0x140
00101  ? do_syscall_64+0xc1/0x350
00101  ? entry_SYSCALL_64_after_hwframe+0x4b/0x53
00101  </TASK>
00101 ---[ end trace 0000000000000000 ]---
00103 Lustre: 2194:0:(llog_cat.c:80:llog_cat_new_log()) MGS: there are no more free slots in catalog 211a3e4e
00103 Lustre: 2194:0:(llog_cat.c:80:llog_cat_new_log()) Skipped 755 previous similar messages
00103 LustreError: 2194:0:(llog_cat.c:593:llog_cat_add_rec()) MGS: initialization error: rc = -28
00103 LustreError: 2194:0:(llog_cat.c:593:llog_cat_add_rec()) Skipped 755 previous similar messages
00103 Lustre: 2194:0:(llog_test.c:1781:llog_test_10()) 10e: wrote 64578 records then 189 failed with ENOSPC
00103 Lustre: 2194:0:(llog_test.c:1783:llog_test_10()) 10e: print the catalog entries.. we expect 4
00103 Lustre: 2194:0:(llog_cat.c:984:llog_cat_process_or_fork()) MGS: catlog [0xa:0x5:0x0] crosses index zero
00103 Lustre: 2194:0:(llog_test.c:700:cat_print_cb()) seeing record at index 2 - [0x1:0x19:0x0] in log [0xa:0x5:0x0]
00103 Lustre: 2194:0:(llog_test.c:700:cat_print_cb()) Skipped 2 previous similar messages
00103 Lustre: 2194:0:(llog_test.c:1819:llog_test_10()) 10e: catalog successfully wrap around, last_idx 1, first 1
00103 Lustre: 2194:0:(llog_test.c:1836:llog_test_10()) 10f: Cancel 64767 records, see one log zapped
00105 Lustre: 2194:0:(llog_test.c:1850:llog_test_10()) 10f: print the catalog entries.. we expect 3
00105 Lustre: 2194:0:(llog_cat.c:984:llog_cat_process_or_fork()) MGS: catlog [0xa:0x5:0x0] crosses index zero
00105 Lustre: 2194:0:(llog_cat.c:984:llog_cat_process_or_fork()) Skipped 1 previous similar message
00105 Lustre: 2194:0:(llog_test.c:1881:llog_test_10()) 10f: write 64767 more log records
00105 ------------[ cut here ]------------
00105 WARNING: /home/ktest/git/linux/include/linux/fs.h:889 at osd_create+0x9cf/0xcf0 [osd_wbcfs], CPU#9: lctl/2194
00105 Modules linked in: llog_test(O) mgs(O) osd_wbcfs(O) lustre(O) obdecho(O) mgc(O) mdc(O) lov(O) osc(O) lmv(O) ec(O) fid(O) fld(O) ptlrpc(O) efivarfs obdclass(O) ksocklnd(O) lnet(O) libcfs(O)
00105 CPU: 9 UID: 0 PID: 2194 Comm: lctl Tainted: G        W  O        7.0.0-ktest-26646331b0-7433349-20260710 #1 PREEMPT 
00105 Tainted: [W]=WARN, [O]=OOT_MODULE
00105 Hardware name: QEMU Standard PC (Q35 + ICH9, 2009), BIOS 2025.11-3ubuntu7 03/31/2026
00105 RIP: 0010:osd_create+0x9cf/0xcf0 [osd_wbcfs]
00105 Code: c7 c7 00 66 7c a1 48 c7 c6 a0 e2 7d a1 48 c7 c2 00 ec 7d a1 e8 82 ad 43 ff 48 c7 c7 00 66 7c a1 e8 06 3b 44 ff e9 fe fc ff ff <0f> 0b e9 a5 fa ff ff 48 c7 c1 80 44 5d a0 80 e1 07 80 c1 03 38 c1
00105 RSP: 0018:ffffc90002187480 EFLAGS: 00010246
00105 RAX: 0000000000000000 RBX: ffff888168d84000 RCX: 0000000000000046
00105 RDX: 0000000000000000 RSI: ffff888005a42648 RDI: ffff88819ad54b40
00105 RBP: ffff888005a425b8 R08: ffffffff83a16803 R09: 1ffffffff0742d00
00105 R10: dffffc0000000000 R11: fffffbfff0742d01 R12: ffff888184ef6c00
00105 R13: dffffc0000000000 R14: 1ffff1102d1b0800 R15: 1ffff110309ded8f
00105 FS:  00007f528dc5b940(0000) GS:ffff88831e8ae000(0000) knlGS:0000000000000000
00105 CS:  0010 DS: 0000 ES: 0000 CR0: 0000000080050033
00105 CR2: 00007f98170ee200 CR3: 000000011f2ff000 CR4: 0000000000750eb0
00105 PKRU: 55555554
00105 Call Trace:
00105  <TASK>
00105  ? local_object_create+0x109/0x640 [obdclass]
00105  ? dt_write_lock+0x16d/0x2a0 [obdclass]
00105  ? llog_osd_create+0x35b/0x12e0 [obdclass]
00105  ? llog_create+0x2ed/0x530 [obdclass]
00105  ? llog_cat_new_log+0x6c3/0x2c80 [obdclass]
00105  ? llog_cat_add_rec+0x6ba/0x1960 [obdclass]
00105  ? llog_cat_add+0x451/0x890 [obdclass]
00105  ? llog_test_10+0x2c78/0x5620 [llog_test]
00105  ? do_raw_spin_unlock+0x52/0x230
00105  ? _raw_spin_unlock+0x23/0x40
00105  ? __llog_ctxt_put+0x1c4/0x2f0 [obdclass]
00105  ? llog_run_tests+0x3f47/0x5ad0 [llog_test]
00105  ? get_random_u32+0x51/0x470
00105  ? llog_test_device_init+0x503/0x840 [llog_test]
00105  ? obd_setup+0x559/0x960 [obdclass]
00105  ? class_setup+0xc7d/0x10e0 [obdclass]
00105  ? class_process_config+0x2edb/0x7cb0 [obdclass]
00105  ? class_handle_ioctl+0x1f4d/0x3440 [obdclass]
00105  ? obd_class_ioctl+0x1f6/0x3c0 [obdclass]
00105  ? __x64_sys_ioctl+0x961/0xe00
00105  ? _copy_to_user+0x3d/0x60
00105  ? __x64_sys_rt_sigaction+0x107/0x140
00105  ? do_syscall_64+0xc1/0x350
00105  ? entry_SYSCALL_64_after_hwframe+0x4b/0x53
00105  </TASK>
00105 ---[ end trace 0000000000000000 ]---
00108 Lustre: 2194:0:(llog_cat.c:80:llog_cat_new_log()) MGS: there are no more free slots in catalog 211a3e4e
00108 Lustre: 2194:0:(llog_cat.c:80:llog_cat_new_log()) Skipped 188 previous similar messages
00108 LustreError: 2194:0:(llog_cat.c:593:llog_cat_add_rec()) MGS: initialization error: rc = -28
00108 LustreError: 2194:0:(llog_cat.c:593:llog_cat_add_rec()) Skipped 188 previous similar messages
00108 Lustre: 2194:0:(llog_test.c:1907:llog_test_10()) 10f: wrote 64578 records then 189 failed with ENOSPC
00108 Lustre: 2194:0:(llog_test.c:1953:llog_test_10()) 10g: Cancel 64767 records, see one log zapped
00108 Lustre: 2194:0:(llog_cat.c:984:llog_cat_process_or_fork()) MGS: catlog [0xa:0x5:0x0] crosses index zero
00110 Lustre: 2194:0:(llog_test.c:1965:llog_test_10()) 10g: print the catalog entries.. we expect 3
00110 Lustre: 2194:0:(llog_cat.c:984:llog_cat_process_or_fork()) MGS: catlog [0xa:0x5:0x0] crosses index zero
00110 Lustre: 2194:0:(llog_test.c:700:cat_print_cb()) seeing record at index 4 - [0x1:0x1b:0x0] in log [0xa:0x5:0x0]
00110 Lustre: 2194:0:(llog_test.c:700:cat_print_cb()) Skipped 6 previous similar messages
00110 Lustre: 2194:0:(llog_test.c:1995:llog_test_10()) 10g: Cancel 64767 records, see one log zapped
00112 Lustre: 2194:0:(llog_test.c:2009:llog_test_10()) 10g: print the catalog entries.. we expect 2
00112 Lustre: 2194:0:(llog_test.c:2047:llog_test_10()) 10g: Cancel 64767 records, see one log zapped
00114 Lustre: 2194:0:(llog_test.c:2061:llog_test_10()) 10g: print the catalog entries.. we expect 1
00114 Lustre: 2194:0:(llog_test.c:2087:llog_test_10()) 10g: llh_cat_idx has also successfully wrapped!
00114 Lustre: 2214:0:(llog_test.c:1535:cat_check_old_cb()) seeing record at index 2 - [0x1:0x1d:0x0] in log [0xa:0x5:0x0]
00114 Lustre: 2194:0:(llog_test.c:2111:llog_test_10()) 10h: write 64767 more log records
00114 ------------[ cut here ]------------
00114 WARNING: /home/ktest/git/linux/include/linux/fs.h:889 at osd_create+0x9cf/0xcf0 [osd_wbcfs], CPU#9: lctl/2194
00114 Modules linked in: llog_test(O) mgs(O) osd_wbcfs(O) lustre(O) obdecho(O) mgc(O) mdc(O) lov(O) osc(O) lmv(O) ec(O) fid(O) fld(O) ptlrpc(O) efivarfs obdclass(O) ksocklnd(O) lnet(O) libcfs(O)
00114 CPU: 9 UID: 0 PID: 2194 Comm: lctl Tainted: G        W  O        7.0.0-ktest-26646331b0-7433349-20260710 #1 PREEMPT 
00114 Tainted: [W]=WARN, [O]=OOT_MODULE
00114 Hardware name: QEMU Standard PC (Q35 + ICH9, 2009), BIOS 2025.11-3ubuntu7 03/31/2026
00114 RIP: 0010:osd_create+0x9cf/0xcf0 [osd_wbcfs]
00114 Code: c7 c7 00 66 7c a1 48 c7 c6 a0 e2 7d a1 48 c7 c2 00 ec 7d a1 e8 82 ad 43 ff 48 c7 c7 00 66 7c a1 e8 06 3b 44 ff e9 fe fc ff ff <0f> 0b e9 a5 fa ff ff 48 c7 c1 80 44 5d a0 80 e1 07 80 c1 03 38 c1
00114 RSP: 0018:ffffc90002187480 EFLAGS: 00010246
00114 RAX: 0000000000000000 RBX: ffff88807284a800 RCX: 0000000000000046
00114 RDX: 0000000000000000 RSI: ffff888005a41f30 RDI: ffff88819ad54b40
00114 RBP: ffff888005a41ea0 R08: ffffffff83a16803 R09: 1ffffffff0742d00
00114 R10: dffffc0000000000 R11: fffffbfff0742d01 R12: ffff888184ef6c00
00114 R13: dffffc0000000000 R14: 1ffff1100e509500 R15: 1ffff110309ded8f
00114 FS:  00007f528dc5b940(0000) GS:ffff88831e8ae000(0000) knlGS:0000000000000000
00114 CS:  0010 DS: 0000 ES: 0000 CR0: 0000000080050033
00114 CR2: 00007f98170ee200 CR3: 000000011f2ff000 CR4: 0000000000750eb0
00114 PKRU: 55555554
00114 Call Trace:
00114  <TASK>
00114  ? local_object_create+0x109/0x640 [obdclass]
00114  ? dt_write_lock+0x16d/0x2a0 [obdclass]
00114  ? llog_osd_create+0x35b/0x12e0 [obdclass]
00114  ? llog_create+0x2ed/0x530 [obdclass]
00114  ? llog_cat_new_log+0x6c3/0x2c80 [obdclass]
00114  ? llog_cat_add_rec+0x6ba/0x1960 [obdclass]
00114  ? llog_cat_add+0x451/0x890 [obdclass]
00114  ? llog_test_10+0x5112/0x5620 [llog_test]
00114  ? llog_test_9_sub+0x800/0x800 [llog_test]
00114  ? llog_run_tests+0x3f47/0x5ad0 [llog_test]
00114  ? get_random_u32+0x51/0x470
00114  ? llog_test_device_init+0x503/0x840 [llog_test]
00114  ? obd_setup+0x559/0x960 [obdclass]
00114  ? class_setup+0xc7d/0x10e0 [obdclass]
00114  ? class_process_config+0x2edb/0x7cb0 [obdclass]
00114  ? class_handle_ioctl+0x1f4d/0x3440 [obdclass]
00114  ? obd_class_ioctl+0x1f6/0x3c0 [obdclass]
00114  ? __x64_sys_ioctl+0x961/0xe00
00114  ? _copy_to_user+0x3d/0x60
00114  ? __x64_sys_rt_sigaction+0x107/0x140
00114  ? do_syscall_64+0xc1/0x350
00114  ? entry_SYSCALL_64_after_hwframe+0x4b/0x53
00114  </TASK>
00114 ---[ end trace 0000000000000000 ]---
00114 LustreError: 2194:0:(llog_osd.c:684:llog_osd_write_rec()) cfs_race id 1317 sleeping
00115 LustreError: 2214:0:(llog.c:690:llog_process_thread()) cfs_fail_race id 1317 waking
00115 LustreError: 2194:0:(llog_osd.c:684:llog_osd_write_rec()) cfs_fail_race id 1317 awake: rc=446
00116 LustreError: 2214:0:(llog.c:690:llog_process_thread()) cfs_fail_race id 1317 waking
00116 Lustre: 2214:0:(llog_test.c:1535:cat_check_old_cb()) seeing record at index 3 - [0x1:0x1e:0x0] in log [0xa:0x5:0x0]
00119 ------------[ cut here ]------------
00119 WARNING: /home/ktest/git/linux/include/linux/fs.h:889 at osd_create+0x9cf/0xcf0 [osd_wbcfs], CPU#9: lctl/2194
00119 Modules linked in: llog_test(O) mgs(O) osd_wbcfs(O) lustre(O) obdecho(O) mgc(O) mdc(O) lov(O) osc(O) lmv(O) ec(O) fid(O) fld(O) ptlrpc(O) efivarfs obdclass(O) ksocklnd(O) lnet(O) libcfs(O)
00119 CPU: 9 UID: 0 PID: 2194 Comm: lctl Tainted: G        W  O        7.0.0-ktest-26646331b0-7433349-20260710 #1 PREEMPT 
00119 Tainted: [W]=WARN, [O]=OOT_MODULE
00119 Hardware name: QEMU Standard PC (Q35 + ICH9, 2009), BIOS 2025.11-3ubuntu7 03/31/2026
00119 RIP: 0010:osd_create+0x9cf/0xcf0 [osd_wbcfs]
00119 Code: c7 c7 00 66 7c a1 48 c7 c6 a0 e2 7d a1 48 c7 c2 00 ec 7d a1 e8 82 ad 43 ff 48 c7 c7 00 66 7c a1 e8 06 3b 44 ff e9 fe fc ff ff <0f> 0b e9 a5 fa ff ff 48 c7 c1 80 44 5d a0 80 e1 07 80 c1 03 38 c1
00119 RSP: 0018:ffffc90002187480 EFLAGS: 00010246
00119 RAX: 0000000000000000 RBX: ffff888012ff1c00 RCX: 0000000000000046
00119 RDX: 0000000000000000 RSI: ffff888005a41818 RDI: ffff88819ad54b40
00119 RBP: ffff888005a41788 R08: ffffffff83a16803 R09: 1ffffffff0742d00
00119 R10: dffffc0000000000 R11: fffffbfff0742d01 R12: ffff888184ef6c00
00119 R13: dffffc0000000000 R14: 1ffff110025fe380 R15: 1ffff110309ded8f
00119 FS:  00007f528dc5b940(0000) GS:ffff88831e8ae000(0000) knlGS:0000000000000000
00119 CS:  0010 DS: 0000 ES: 0000 CR0: 0000000080050033
00119 CR2: 00007f98170ee200 CR3: 000000011f2ff000 CR4: 0000000000750eb0
00119 PKRU: 55555554
00119 Call Trace:
00119  <TASK>
00119  ? local_object_create+0x109/0x640 [obdclass]
00119  ? dt_write_lock+0x16d/0x2a0 [obdclass]
00119  ? llog_osd_create+0x35b/0x12e0 [obdclass]
00119  ? register_lock_class+0x31/0x2c0
00119  ? llog_create+0x2ed/0x530 [obdclass]
00119  ? llog_cat_new_log+0x6c3/0x2c80 [obdclass]
00119  ? llog_cat_add_rec+0x6ba/0x1960 [obdclass]
00119  ? llog_cat_add+0x451/0x890 [obdclass]
00119  ? llog_test_10+0x5112/0x5620 [llog_test]
00119  ? llog_test_9_sub+0x800/0x800 [llog_test]
00119  ? llog_run_tests+0x3f47/0x5ad0 [llog_test]
00119  ? get_random_u32+0x51/0x470
00119  ? llog_test_device_init+0x503/0x840 [llog_test]
00119  ? obd_setup+0x559/0x960 [obdclass]
00119  ? class_setup+0xc7d/0x10e0 [obdclass]
00119  ? class_process_config+0x2edb/0x7cb0 [obdclass]
00119  ? class_handle_ioctl+0x1f4d/0x3440 [obdclass]
00119  ? obd_class_ioctl+0x1f6/0x3c0 [obdclass]
00119  ? __x64_sys_ioctl+0x961/0xe00
00119  ? _copy_to_user+0x3d/0x60
00119  ? __x64_sys_rt_sigaction+0x107/0x140
00119  ? do_syscall_64+0xc1/0x350
00119  ? entry_SYSCALL_64_after_hwframe+0x4b/0x53
00119  </TASK>
00119 ---[ end trace 0000000000000000 ]---
00119 LustreError: 2194:0:(llog_osd.c:684:llog_osd_write_rec()) cfs_fail_race id 1317 waking
00120 Lustre: 2194:0:(llog_test.c:2137:llog_test_10()) 10h: wrote 64767 records then 0 failed with ENOSPC
00120 Lustre: 2194:0:(llog_test.c:2150:llog_test_10()) 10: put newly-created catalog
00120 Lustre: 2194:0:(llog_test.c:2180:llog_test_11()) 11: create a plain nameless log
00120 ------------[ cut here ]------------
00120 WARNING: /home/ktest/git/linux/include/linux/fs.h:889 at osd_create+0x9cf/0xcf0 [osd_wbcfs], CPU#9: lctl/2194
00120 Modules linked in: llog_test(O) mgs(O) osd_wbcfs(O) lustre(O) obdecho(O) mgc(O) mdc(O) lov(O) osc(O) lmv(O) ec(O) fid(O) fld(O) ptlrpc(O) efivarfs obdclass(O) ksocklnd(O) lnet(O) libcfs(O)
00120 CPU: 9 UID: 0 PID: 2194 Comm: lctl Tainted: G        W  O        7.0.0-ktest-26646331b0-7433349-20260710 #1 PREEMPT 
00120 Tainted: [W]=WARN, [O]=OOT_MODULE
00120 Hardware name: QEMU Standard PC (Q35 + ICH9, 2009), BIOS 2025.11-3ubuntu7 03/31/2026
00120 RIP: 0010:osd_create+0x9cf/0xcf0 [osd_wbcfs]
00120 Code: c7 c7 00 66 7c a1 48 c7 c6 a0 e2 7d a1 48 c7 c2 00 ec 7d a1 e8 82 ad 43 ff 48 c7 c7 00 66 7c a1 e8 06 3b 44 ff e9 fe fc ff ff <0f> 0b e9 a5 fa ff ff 48 c7 c1 80 44 5d a0 80 e1 07 80 c1 03 38 c1
00120 RSP: 0018:ffffc90002187688 EFLAGS: 00010246
00120 RAX: 0000000000000000 RBX: ffff8880347e3c00 RCX: 0000000000000046
00120 RDX: 0000000000000000 RSI: ffff888005a41100 RDI: ffff88819ad54b18
00120 RBP: ffff888005a41070 R08: ffffffff83a16803 R09: 1ffffffff0742d00
00120 R10: dffffc0000000000 R11: fffffbfff0742d01 R12: ffff888184ef6c00
00120 R13: dffffc0000000000 R14: 1ffff110068fc780 R15: 1ffff110309ded8f
00120 FS:  00007f528dc5b940(0000) GS:ffff88831e8ae000(0000) knlGS:0000000000000000
00120 CS:  0010 DS: 0000 ES: 0000 CR0: 0000000080050033
00120 CR2: 00007f98170ee200 CR3: 000000011f2ff000 CR4: 0000000000750eb0
00120 PKRU: 55555554
00120 Call Trace:
00120  <TASK>
00120  ? local_object_create+0x109/0x640 [obdclass]
00120  ? dt_write_lock+0x16d/0x2a0 [obdclass]
00120  ? llog_osd_create+0x35b/0x12e0 [obdclass]
00120  ? llog_create+0x2ed/0x530 [obdclass]
00120  ? llog_open_create+0x5af/0xb10 [obdclass]
00120  ? llog_test_11+0x2a4/0x1130 [llog_test]
00120  ? llog_test_9_sub+0x800/0x800 [llog_test]
00120  ? llog_run_tests+0x41b8/0x5ad0 [llog_test]
00120  ? get_random_u32+0x51/0x470
00120  ? llog_test_device_init+0x503/0x840 [llog_test]
00120  ? obd_setup+0x559/0x960 [obdclass]
00120  ? class_setup+0xc7d/0x10e0 [obdclass]
00120  ? class_process_config+0x2edb/0x7cb0 [obdclass]
00120  ? class_handle_ioctl+0x1f4d/0x3440 [obdclass]
00120  ? obd_class_ioctl+0x1f6/0x3c0 [obdclass]
00120  ? __x64_sys_ioctl+0x961/0xe00
00120  ? _copy_to_user+0x3d/0x60
00120  ? __x64_sys_rt_sigaction+0x107/0x140
00120  ? do_syscall_64+0xc1/0x350
00120  ? entry_SYSCALL_64_after_hwframe+0x4b/0x53
00120  </TASK>
00120 ---[ end trace 0000000000000000 ]---
00120 Lustre: 2194:0:(llog_test.c:2205:llog_test_11()) 11: size 8216 in 0 blocks after 1 rec
00120 Lustre: 2194:0:(llog_test.c:2207:llog_test_11()) 11: add few records
00120 Lustre: 2194:0:(llog_test.c:2224:llog_test_11()) 11: size 10616 in 0 blocks with few recs
00120 lctl (2194): drop_caches: 3
00120 Lustre: 2194:0:(llog_test.c:2250:llog_test_11()) 11: re-open the log by LOGID and verify llh_count
00120 Lustre: 2194:0:(llog_test.c:2265:llog_test_11()) 11: size 10616 in 0 blocks after re-open
00120 Lustre: 2194:0:(llog_test.c:2355:llog_test_12()) 12: create a catalog log with name: 211a3e4f
00120 ------------[ cut here ]------------
00120 WARNING: /home/ktest/git/linux/include/linux/fs.h:889 at osd_create+0x9cf/0xcf0 [osd_wbcfs], CPU#9: lctl/2194
00120 Modules linked in: llog_test(O) mgs(O) osd_wbcfs(O) lustre(O) obdecho(O) mgc(O) mdc(O) lov(O) osc(O) lmv(O) ec(O) fid(O) fld(O) ptlrpc(O) efivarfs obdclass(O) ksocklnd(O) lnet(O) libcfs(O)
00120 CPU: 9 UID: 0 PID: 2194 Comm: lctl Tainted: G        W  O        7.0.0-ktest-26646331b0-7433349-20260710 #1 PREEMPT 
00120 Tainted: [W]=WARN, [O]=OOT_MODULE
00120 Hardware name: QEMU Standard PC (Q35 + ICH9, 2009), BIOS 2025.11-3ubuntu7 03/31/2026
00120 RIP: 0010:osd_create+0x9cf/0xcf0 [osd_wbcfs]
00120 Code: c7 c7 00 66 7c a1 48 c7 c6 a0 e2 7d a1 48 c7 c2 00 ec 7d a1 e8 82 ad 43 ff 48 c7 c7 00 66 7c a1 e8 06 3b 44 ff e9 fe fc ff ff <0f> 0b e9 a5 fa ff ff 48 c7 c1 80 44 5d a0 80 e1 07 80 c1 03 38 c1
00120 RSP: 0018:ffffc90002187680 EFLAGS: 00010246
00120 RAX: 0000000000000000 RBX: ffff8880347e6800 RCX: 0000000000000046
00120 RDX: 0000000000000000 RSI: ffff888005a409e8 RDI: ffff88819ad54b18
00120 RBP: ffff888005a40958 R08: ffffffff83a16803 R09: 1ffffffff0742d00
00120 R10: dffffc0000000000 R11: fffffbfff0742d01 R12: ffff888184ef6c00
00120 R13: dffffc0000000000 R14: 1ffff110068fcd00 R15: 1ffff110309ded8f
00120 FS:  00007f528dc5b940(0000) GS:ffff88831e8ae000(0000) knlGS:0000000000000000
00120 CS:  0010 DS: 0000 ES: 0000 CR0: 0000000080050033
00120 CR2: 00007f98170ee200 CR3: 000000011f2ff000 CR4: 0000000000750eb0
00120 PKRU: 55555554
00120 Call Trace:
00120  <TASK>
00120  ? local_object_create+0x109/0x640 [obdclass]
00120  ? dt_write_lock+0x16d/0x2a0 [obdclass]
00120  ? llog_osd_create+0x35b/0x12e0 [obdclass]
00120  ? llog_create+0x2ed/0x530 [obdclass]
00120  ? llog_open_create+0x5af/0xb10 [obdclass]
00120  ? llog_test_12+0x40f/0x2d90 [llog_test]
00120  ? llog_test_11+0xc14/0x1130 [llog_test]
00120  ? llog_run_tests+0x443a/0x5ad0 [llog_test]
00120  ? get_random_u32+0x51/0x470
00120  ? llog_test_device_init+0x503/0x840 [llog_test]
00120  ? obd_setup+0x559/0x960 [obdclass]
00120  ? class_setup+0xc7d/0x10e0 [obdclass]
00120  ? class_process_config+0x2edb/0x7cb0 [obdclass]
00120  ? class_handle_ioctl+0x1f4d/0x3440 [obdclass]
00120  ? obd_class_ioctl+0x1f6/0x3c0 [obdclass]
00120  ? __x64_sys_ioctl+0x961/0xe00
00120  ? _copy_to_user+0x3d/0x60
00120  ? __x64_sys_rt_sigaction+0x107/0x140
00120  ? do_syscall_64+0xc1/0x350
00120  ? entry_SYSCALL_64_after_hwframe+0x4b/0x53
00120  </TASK>
00120 ---[ end trace 0000000000000000 ]---
00120 ------------[ cut here ]------------
00120 WARNING: /home/ktest/git/linux/include/linux/fs.h:889 at osd_create+0x9cf/0xcf0 [osd_wbcfs], CPU#9: lctl/2194
00120 Modules linked in: llog_test(O) mgs(O) osd_wbcfs(O) lustre(O) obdecho(O) mgc(O) mdc(O) lov(O) osc(O) lmv(O) ec(O) fid(O) fld(O) ptlrpc(O) efivarfs obdclass(O) ksocklnd(O) lnet(O) libcfs(O)
00120 CPU: 9 UID: 0 PID: 2194 Comm: lctl Tainted: G        W  O        7.0.0-ktest-26646331b0-7433349-20260710 #1 PREEMPT 
00120 Tainted: [W]=WARN, [O]=OOT_MODULE
00120 Hardware name: QEMU Standard PC (Q35 + ICH9, 2009), BIOS 2025.11-3ubuntu7 03/31/2026
00120 RIP: 0010:osd_create+0x9cf/0xcf0 [osd_wbcfs]
00120 Code: c7 c7 00 66 7c a1 48 c7 c6 a0 e2 7d a1 48 c7 c2 00 ec 7d a1 e8 82 ad 43 ff 48 c7 c7 00 66 7c a1 e8 06 3b 44 ff e9 fe fc ff ff <0f> 0b e9 a5 fa ff ff 48 c7 c1 80 44 5d a0 80 e1 07 80 c1 03 38 c1
00120 RSP: 0018:ffffc90002187520 EFLAGS: 00010246
00120 RAX: 0000000000000000 RBX: ffff8880347e6000 RCX: 0000000000000046
00120 RDX: 0000000000000000 RSI: ffff888005a402d0 RDI: ffff88819ad54b40
00120 RBP: ffff888005a40240 R08: ffffffff83a16803 R09: 1ffffffff0742d00
00120 R10: dffffc0000000000 R11: fffffbfff0742d01 R12: ffff888184ef6c00
00120 R13: dffffc0000000000 R14: 1ffff110068fcc00 R15: 1ffff110309ded8f
00120 FS:  00007f528dc5b940(0000) GS:ffff88831e8ae000(0000) knlGS:0000000000000000
00120 CS:  0010 DS: 0000 ES: 0000 CR0: 0000000080050033
00120 CR2: 00007f98170ee200 CR3: 000000011f2ff000 CR4: 0000000000750eb0
00120 PKRU: 55555554
00120 Call Trace:
00120  <TASK>
00120  ? local_object_create+0x109/0x640 [obdclass]
00120  ? dt_write_lock+0x16d/0x2a0 [obdclass]
00120  ? llog_osd_create+0x35b/0x12e0 [obdclass]
00120  ? register_lock_class+0x31/0x2c0
00120  ? llog_create+0x2ed/0x530 [obdclass]
00120  ? llog_cat_new_log+0x6c3/0x2c80 [obdclass]
00120  ? llog_cat_add_rec+0x6ba/0x1960 [obdclass]
00120  ? llog_cat_add+0x451/0x890 [obdclass]
00120  ? llog_test_12+0x68f/0x2d90 [llog_test]
00120  ? llog_test_11+0xc14/0x1130 [llog_test]
00120  ? llog_run_tests+0x443a/0x5ad0 [llog_test]
00120  ? get_random_u32+0x51/0x470
00120  ? llog_test_device_init+0x503/0x840 [llog_test]
00120  ? obd_setup+0x559/0x960 [obdclass]
00120  ? class_setup+0xc7d/0x10e0 [obdclass]
00120  ? class_process_config+0x2edb/0x7cb0 [obdclass]
00120  ? class_handle_ioctl+0x1f4d/0x3440 [obdclass]
00120  ? obd_class_ioctl+0x1f6/0x3c0 [obdclass]
00120  ? __x64_sys_ioctl+0x961/0xe00
00120  ? _copy_to_user+0x3d/0x60
00120  ? __x64_sys_rt_sigaction+0x107/0x140
00120  ? do_syscall_64+0xc1/0x350
00120  ? entry_SYSCALL_64_after_hwframe+0x4b/0x53
00120  </TASK>
00120 ---[ end trace 0000000000000000 ]---
00120 Lustre: 12: truncate 24 bytes
00120 Lustre: 12: re-open and process the catalog
00120 LustreError: 2194:0:(llog_osd.c:1248:llog_osd_next_block()) MGS0000-osd: invalid llog tail at log id [0xa:0x6:0x0] offset 8232 last_rec idx 8704 tail idx 275010875 lrt len 1 read_size 40
00120 LustreError: 2194:0:(llog.c:886:llog_process_thread()) MGS: local llog is corrupted [0xa:0x6:0x0] catalog index 1 count 2
00120 Lustre: 12: try to add to the catalog
00120 ------------[ cut here ]------------
00120 WARNING: /home/ktest/git/linux/include/linux/fs.h:889 at osd_create+0x9cf/0xcf0 [osd_wbcfs], CPU#9: lctl/2194
00120 Modules linked in: llog_test(O) mgs(O) osd_wbcfs(O) lustre(O) obdecho(O) mgc(O) mdc(O) lov(O) osc(O) lmv(O) ec(O) fid(O) fld(O) ptlrpc(O) efivarfs obdclass(O) ksocklnd(O) lnet(O) libcfs(O)
00120 CPU: 9 UID: 0 PID: 2194 Comm: lctl Tainted: G        W  O        7.0.0-ktest-26646331b0-7433349-20260710 #1 PREEMPT 
00120 Tainted: [W]=WARN, [O]=OOT_MODULE
00120 Hardware name: QEMU Standard PC (Q35 + ICH9, 2009), BIOS 2025.11-3ubuntu7 03/31/2026
00120 RIP: 0010:osd_create+0x9cf/0xcf0 [osd_wbcfs]
00120 Code: c7 c7 00 66 7c a1 48 c7 c6 a0 e2 7d a1 48 c7 c2 00 ec 7d a1 e8 82 ad 43 ff 48 c7 c7 00 66 7c a1 e8 06 3b 44 ff e9 fe fc ff ff <0f> 0b e9 a5 fa ff ff 48 c7 c1 80 44 5d a0 80 e1 07 80 c1 03 38 c1
00120 RSP: 0018:ffffc90002187520 EFLAGS: 00010246
00120 RAX: 0000000000000000 RBX: ffff88803497b800 RCX: 0000000000000046
00120 RDX: 0000000000000000 RSI: ffff888195af7b68 RDI: ffff88819ad54b40
00120 RBP: ffff888195af7ad8 R08: ffffffff83a16803 R09: 1ffffffff0742d00
00120 R10: dffffc0000000000 R11: fffffbfff0742d01 R12: ffff888184ef6c00
00120 R13: dffffc0000000000 R14: 1ffff1100692f700 R15: 1ffff110309ded8f
00120 FS:  00007f528dc5b940(0000) GS:ffff88831e8ae000(0000) knlGS:0000000000000000
00120 CS:  0010 DS: 0000 ES: 0000 CR0: 0000000080050033
00120 CR2: 00007f98170ee200 CR3: 000000011f2ff000 CR4: 0000000000750eb0
00120 PKRU: 55555554
00120 Call Trace:
00120  <TASK>
00120  ? local_object_create+0x109/0x640 [obdclass]
00120  ? dt_write_lock+0x16d/0x2a0 [obdclass]
00120  ? llog_osd_create+0x35b/0x12e0 [obdclass]
00120  ? register_lock_class+0x31/0x2c0
00120  ? llog_create+0x2ed/0x530 [obdclass]
00120  ? llog_cat_new_log+0x6c3/0x2c80 [obdclass]
00120  ? llog_cat_add_rec+0x6ba/0x1960 [obdclass]
00120  ? llog_cat_add+0x451/0x890 [obdclass]
00120  ? llog_test_12+0xfdb/0x2d90 [llog_test]
00120  ? llog_run_tests+0x443a/0x5ad0 [llog_test]
00120  ? get_random_u32+0x51/0x470
00120  ? llog_test_device_init+0x503/0x840 [llog_test]
00120  ? obd_setup+0x559/0x960 [obdclass]
00120  ? class_setup+0xc7d/0x10e0 [obdclass]
00120  ? class_process_config+0x2edb/0x7cb0 [obdclass]
00120  ? class_handle_ioctl+0x1f4d/0x3440 [obdclass]
00120  ? obd_class_ioctl+0x1f6/0x3c0 [obdclass]
00120  ? __x64_sys_ioctl+0x961/0xe00
00120  ? _copy_to_user+0x3d/0x60
00120  ? __x64_sys_rt_sigaction+0x107/0x140
00120  ? do_syscall_64+0xc1/0x350
00120  ? entry_SYSCALL_64_after_hwframe+0x4b/0x53
00120  </TASK>
00120 ---[ end trace 0000000000000000 ]---
00120 LustreError: 2194:0:(llog_osd.c:1231:llog_osd_next_block()) MGS0000-osd: invalid llog tail at log id [0x6:0xa:0x0]:0 offset 8297 tail idx 603979776 lrt len 1074261 read_size 105
00120 ------------[ cut here ]------------
00120 WARNING: /home/ktest/git/linux/include/linux/fs.h:889 at osd_create+0x9cf/0xcf0 [osd_wbcfs], CPU#9: lctl/2194
00120 Modules linked in: llog_test(O) mgs(O) osd_wbcfs(O) lustre(O) obdecho(O) mgc(O) mdc(O) lov(O) osc(O) lmv(O) ec(O) fid(O) fld(O) ptlrpc(O) efivarfs obdclass(O) ksocklnd(O) lnet(O) libcfs(O)
00120 CPU: 9 UID: 0 PID: 2194 Comm: lctl Tainted: G        W  O        7.0.0-ktest-26646331b0-7433349-20260710 #1 PREEMPT 
00120 Tainted: [W]=WARN, [O]=OOT_MODULE
00120 Hardware name: QEMU Standard PC (Q35 + ICH9, 2009), BIOS 2025.11-3ubuntu7 03/31/2026
00120 RIP: 0010:osd_create+0x9cf/0xcf0 [osd_wbcfs]
00120 Code: c7 c7 00 66 7c a1 48 c7 c6 a0 e2 7d a1 48 c7 c2 00 ec 7d a1 e8 82 ad 43 ff 48 c7 c7 00 66 7c a1 e8 06 3b 44 ff e9 fe fc ff ff <0f> 0b e9 a5 fa ff ff 48 c7 c1 80 44 5d a0 80 e1 07 80 c1 03 38 c1
00120 RSP: 0018:ffffc90002187520 EFLAGS: 00010246
00120 RAX: 0000000000000000 RBX: ffff8881ba6d3400 RCX: 0000000000000046
00120 RDX: 0000000000000000 RSI: ffff888195af7450 RDI: ffff88819ad54b40
00120 RBP: ffff888195af73c0 R08: ffffffff83a16803 R09: 1ffffffff0742d00
00120 R10: dffffc0000000000 R11: fffffbfff0742d01 R12: ffff888184ef6c00
00120 R13: dffffc0000000000 R14: 1ffff110374da680 R15: 1ffff110309ded8f
00120 FS:  00007f528dc5b940(0000) GS:ffff88831e8ae000(0000) knlGS:0000000000000000
00120 CS:  0010 DS: 0000 ES: 0000 CR0: 0000000080050033
00120 CR2: 00007f98170ee200 CR3: 000000011f2ff000 CR4: 0000000000750eb0
00120 PKRU: 55555554
00120 Call Trace:
00120  <TASK>
00120  ? local_object_create+0x109/0x640 [obdclass]
00120  ? dt_write_lock+0x16d/0x2a0 [obdclass]
00120  ? llog_osd_create+0x35b/0x12e0 [obdclass]
00120  ? register_lock_class+0x31/0x2c0
00120  ? llog_create+0x2ed/0x530 [obdclass]
00120  ? llog_cat_new_log+0x6c3/0x2c80 [obdclass]
00120  ? llog_cat_add_rec+0x6ba/0x1960 [obdclass]
00120  ? llog_cat_add+0x451/0x890 [obdclass]
00120  ? llog_test_12+0xfdb/0x2d90 [llog_test]
00120  ? llog_run_tests+0x443a/0x5ad0 [llog_test]
00120  ? get_random_u32+0x51/0x470
00120  ? llog_test_device_init+0x503/0x840 [llog_test]
00120  ? obd_setup+0x559/0x960 [obdclass]
00120  ? class_setup+0xc7d/0x10e0 [obdclass]
00120  ? class_process_config+0x2edb/0x7cb0 [obdclass]
00120  ? class_handle_ioctl+0x1f4d/0x3440 [obdclass]
00120  ? obd_class_ioctl+0x1f6/0x3c0 [obdclass]
00120  ? __x64_sys_ioctl+0x961/0xe00
00120  ? _copy_to_user+0x3d/0x60
00120  ? __x64_sys_rt_sigaction+0x107/0x140
00120  ? do_syscall_64+0xc1/0x350
00120  ? entry_SYSCALL_64_after_hwframe+0x4b/0x53
00120  </TASK>
00120 ---[ end trace 0000000000000000 ]---
00120 ==================================================================
00120 BUG: KASAN: use-after-free in llog_osd_next_block+0x13e1/0x3340 [obdclass]
00120 Read of size 4 at addr ffff8881b9897036 by task lctl/2194
00120 
00120 CPU: 9 UID: 0 PID: 2194 Comm: lctl Tainted: G        W  O        7.0.0-ktest-26646331b0-7433349-20260710 #1 PREEMPT 
00120 Tainted: [W]=WARN, [O]=OOT_MODULE
00120 Hardware name: QEMU Standard PC (Q35 + ICH9, 2009), BIOS 2025.11-3ubuntu7 03/31/2026
00120 Call Trace:
00120  <TASK>
00120  dump_stack_lvl+0x52/0x80
00120  print_report+0xbc/0x260
00120  ? llog_osd_next_block+0x13e1/0x3340 [obdclass]
00120  kasan_report+0xa2/0xd0
00120  ? llog_osd_next_block+0x13e1/0x3340 [obdclass]
00120  llog_osd_next_block+0x13e1/0x3340 [obdclass]
00120  llog_process_thread+0xdd7/0x4f70 [obdclass]
00120  ? entry_SYSCALL_64_after_hwframe+0x4b/0x53
00120  ? task_work_add+0x177/0x210
00120  llog_process_or_fork+0x656/0xc90 [obdclass]
00120  ? llog_cat_process+0x30/0x30 [obdclass]
00120  llog_cat_process_or_fork+0x780/0xdb0 [obdclass]
00120  ? llog_cat_process+0x30/0x30 [obdclass]
00120  ? llog_cancel_rec_cb+0x450/0x450 [llog_test]
00120  llog_cat_process+0x24/0x30 [obdclass]
00120  llog_test_12+0xf58/0x2d90 [llog_test]
00120  llog_run_tests+0x443a/0x5ad0 [llog_test]
00120  ? get_random_u32+0x51/0x470
00120  llog_test_device_init+0x503/0x840 [llog_test]
00120  obd_setup+0x559/0x960 [obdclass]
00120  class_setup+0xc7d/0x10e0 [obdclass]
00120  class_process_config+0x2edb/0x7cb0 [obdclass]
00120  class_handle_ioctl+0x1f4d/0x3440 [obdclass]
00120  obd_class_ioctl+0x1f6/0x3c0 [obdclass]
00120  __x64_sys_ioctl+0x961/0xe00
00120  ? _copy_to_user+0x3d/0x60
00120  ? __x64_sys_rt_sigaction+0x107/0x140
00120  do_syscall_64+0xc1/0x350
00120  entry_SYSCALL_64_after_hwframe+0x4b/0x53
00120 RIP: 0033:0x7f528db24e1d
00120 Code: 04 25 28 00 00 00 48 89 45 c8 31 c0 48 8d 45 10 c7 45 b0 10 00 00 00 48 89 45 b8 48 8d 45 d0 48 89 45 c0 b8 10 00 00 00 0f 05 <89> c2 3d 00 f0 ff ff 77 1a 48 8b 45 c8 64 48 2b 04 25 28 00 00 00
00120 RSP: 002b:00007ffd86cfeb90 EFLAGS: 00000246 ORIG_RAX: 0000000000000010
00120 RAX: ffffffffffffffda RBX: 00007f528dddb1f0 RCX: 00007f528db24e1d
00120 RDX: 00007ffd86cfee70 RSI: 00000000c00866b8 RDI: 0000000000000003
00120 RBP: 00007ffd86cfebe0 R08: 00007ffd86cfec30 R09: 00007ffd86cfee70
00120 R10: 0000556fdf115910 R11: 0000000000000246 R12: 00007ffd86cfee70
00120 R13: 0000556fbec74822 R14: 0000000000000000 R15: 00007ffd86d00ef0
00120  </TASK>
00120 
00120 The buggy address belongs to the physical page:
00120 page: refcount:0 mapcount:0 mapping:0000000000000000 index:0xffffffffffffffff pfn:0x1b9897
00120 flags: 0x8000000000000000(zone=2)
00120 raw: 8000000000000000 0000000000000000 00000000ffffffff 0000000000000000
00120 raw: ffffffffffffffff 0000000000000000 00000000ffffffff 0000000000000000
00120 page dumped because: kasan: bad access detected
00120 
00120 Memory state around the buggy address:
00120  ffff8881b9896f00: ff ff ff ff ff ff ff ff ff ff ff ff ff ff ff ff
00120  ffff8881b9896f80: ff ff ff ff ff ff ff ff ff ff ff ff ff ff ff ff
00120 >ffff8881b9897000: ff ff ff ff ff ff ff ff ff ff ff ff ff ff ff ff
00120                                      ^
00120  ffff8881b9897080: ff ff ff ff ff ff ff ff ff ff ff ff ff ff ff ff
00120  ffff8881b9897100: ff ff ff ff ff ff ff ff ff ff ff ff ff ff ff ff
00120 ==================================================================
00120 Disabling lock debugging due to kernel taint
00120 Lustre: 2194:0:(llog_test.c:2464:llog_test_12()) 12: put newly-created catalog
00120 Lustre: 2194:0:(llog_test.c:2532:llog_test_13()) 13a: create a catalog log with name: 211a3e4f
00120 Lustre: 2194:0:(llog_test.c:2548:llog_test_13()) 13b: write 1 record into the catalog
00120 LustreError: 2194:0:(llog_test.c:2559:llog_test_13()) 13b: found 8 plain llogs
00120 Lustre: 2194:0:(llog_test.c:2561:llog_test_13()) 13c: erase plain llog
00120 LustreError: 2194:0:(llog_cat.c:404:llog_cat_id2handle()) MGS: error opening log id [0x1:0x4f:0x0]: rc = -2
00120 Lustre: 2194:0:(llog_test.c:2581:llog_test_13()) 13d: forward process: found=1708 rc=0
00120 Lustre: 2194:0:(llog_test.c:2585:llog_test_13()) 13e: erase another plain llog
00120 Lustre: 2194:0:(llog_test.c:2605:llog_test_13()) 13e: backward process: found=1367 rc=0
00120 Lustre: 2194:0:(llog_test.c:2608:llog_test_13()) 13f: put newly-created catalog
00125 ========= FAILED TIMEOUT llog-unit in 240s
Error 1 at /home/ktest/ktest/lib/libktest.sh 587 from: "$ktest_dir/lib/supervisor" -S -F -T "$ktest_timeout" -b "$test_basename" -o "$test_logdir" -f "$test_basename.$(date -Iseconds).log" -- "${qemu_cmd[@]}", exiting
Error 1 at ./qlkbuild 195 from: "$ktest_dir/lib/supervisor" -S -F -T "$ktest_timeout" -b "$test_basename" -o "$test_logdir" -f "$test_basename.$(date -Iseconds).log" -- "${qemu_cmd[@]}", exiting
Error 1 at ./qlkbuild 1005 from: "$ktest_dir/lib/supervisor" -S -F -T "$ktest_timeout" -b "$test_basename" -o "$test_logdir" -f "$test_basename.$(date -Iseconds).log" -- "${qemu_cmd[@]}", exiting
