ERROR:SPACING: spaces required around that '>' (ctx:VxV)
#32: FILE: lustre/include/lprocfs_status.h:553:
+		BUILD_BUG_ON(sizeof(name)>sizeof(__header->lc_name));	\
 		                         ^

ERROR:SPACING: space required before the open parenthesis '('
#34: FILE: lustre/include/lprocfs_status.h:555:
+} while(0)

ERROR:SPACING: spaces required around that '>' (ctx:VxV)
#40: FILE: lustre/include/lprocfs_status.h:561:
+		BUILD_BUG_ON(sizeof(units)>sizeof(__header->lc_units));	\
 		                          ^

ERROR:SPACING: space required before the open parenthesis '('
#42: FILE: lustre/include/lprocfs_status.h:563:
+} while(0)

WARNING:STRCPY: Prefer strscpy over strcpy - see: https://github.com/KSPP/linux/issues/88
#57: FILE: lustre/obdclass/lprocfs_status.c:1589:
+		strcpy(s->ls_cnt_header[i].lc_name, header->lc_name);

WARNING:STRCPY: Prefer strscpy over strcpy - see: https://github.com/KSPP/linux/issues/88
#58: FILE: lustre/obdclass/lprocfs_status.c:1590:
+		strcpy(s->ls_cnt_header[i].lc_units, header->lc_units);

total: 4 errors, 2 warnings, 138 lines checked

NOTE: For some of the reported defects, checkpatch may be able to
      mechanically convert to the typical style using --fix or --fix-inplace.

Your patch has style problems, please review.

NOTE: If any of the errors are false positives, please report
      them to the maintainer, see CHECKPATCH in MAINTAINERS.
