CLI: ./podman-ktest --podman-socket unix:///run/podman/podman.sock --shared-filesystem /tmp --tarball-input job lustre-ci --output /var/www/ci-lustre/upstream-patch-review --git-hash 277b28f2c92b239b3d706ab4b619f3f97e61f307 --change-id 65950_277b28f2c92b239b3d706ab4b619f3f97e61f307 --subject LU-20271 ptlrpc: clear rq_repdata in sptlrpc_cli_free_repbuf

  Checking /dev/kvm exists... OK
  Checking /dev/kvm permissions... OK
  Creating ccache directory... OK
  Checking ccache directory writable... OK
  Creating package output directory... OK

Environment validated successfully
Creating kernel tarball at /tmp/ktest-kernel.tar.gz...
Creating lustre tarball at /tmp/ktest-lustre.tar.gz...
Creating ZFS tarball at /tmp/ktest-zfs.tar.gz...
Executing 13 jobs
Jobs will start as soon as their dependencies are satisfied
Using tarball input mode

START al2023 build tests/fs/lustre/boot.ktest
START checkpatch tool checkpatch
START lustre_mainline_native build tests/fs/lustre/boot.ktest
START lustre_mainline build tests/fs/lustre/boot.ktest
START u24 build tests/fs/lustre/boot.ktest
START lustre_mainline_strict build tests/fs/lustre/boot-strict.ktest
PUT /tmp/ktest-lustre.tar.gz 1s
PUT /tmp/ktest-lustre.tar.gz 1s
PUT /tmp/ktest-kernel.tar.gz 7s
PUT /tmp/ktest-kernel.tar.gz 7s
PUT /tmp/ktest-kernel.tar.gz 7s
PUT /tmp/ktest-kernel.tar.gz 7s
PUT /tmp/ktest-lustre.tar.gz 2s
PUT /tmp/ktest-lustre.tar.gz 2s
PUT /tmp/ktest-lustre.tar.gz 1s
PUT /tmp/ktest-lustre.tar.gz 2s
PUT /tmp/ktest-zfs.tar.gz 0s
PUT /tmp/ktest-zfs.tar.gz 0s
PUT /tmp/ktest-zfs.tar.gz 0s
END checkpatch tool checkpatch PASS 11s
END al2023 build tests/fs/lustre/boot.ktest PASS 63s
END u24 build tests/fs/lustre/boot.ktest PASS 65s
GET /tmp/ktest_lustre_mainline_strict_ze_1rakq.tar 6s
END lustre_mainline_strict build tests/fs/lustre/boot-strict.ktest FAIL 181s (exit code: 1)
GET /tmp/ktest_lustre_mainline_3t73_i53.tar 0s
END lustre_mainline build tests/fs/lustre/boot.ktest PASS 185s
GET /tmp/ktest_lustre_mainline_native_su6_txqr.tar 1s
END lustre_mainline_native build tests/fs/lustre/boot.ktest PASS 186s
START boot run tests/fs/lustre/boot.ktest
START llmount run tests/fs/lustre/llmount.ktest
START mgs-setup run tests/fs/lustre/mgs-setup.ktest
START sanity-1 run tests/fs/lustre/sanity/sanity-1.ktest
START sanity-2 run tests/fs/lustre/sanity/sanity-2.ktest
START sanity-3 run tests/fs/lustre/sanity/sanity-3.ktest
START sanity-4 run tests/fs/lustre/sanity/sanity-4.ktest
PUT /tmp/ktest-kernel.tar.gz 12s
PUT /tmp/ktest-kernel.tar.gz 12s
PUT /tmp/ktest-kernel.tar.gz 12s
PUT /tmp/ktest-kernel.tar.gz 12s
PUT /tmp/ktest-kernel.tar.gz 12s
PUT /tmp/ktest-kernel.tar.gz 12s
PUT /tmp/ktest-kernel.tar.gz 13s
PUT /tmp/ktest-lustre.tar.gz 3s
PUT /tmp/ktest-lustre.tar.gz 3s
PUT /tmp/ktest-lustre.tar.gz 3s
PUT /tmp/ktest-lustre.tar.gz 3s
PUT /tmp/ktest-lustre.tar.gz 3s
PUT /tmp/ktest-lustre.tar.gz 2s
PUT /tmp/ktest-lustre.tar.gz 3s
PUT /tmp/ktest_lustre_mainline_native_su6_txqr.tar 0s
PUT /tmp/ktest_lustre_mainline_native_su6_txqr.tar 0s
PUT /tmp/ktest_lustre_mainline_native_su6_txqr.tar 0s
PUT /tmp/ktest_lustre_mainline_native_su6_txqr.tar 0s
PUT /tmp/ktest_lustre_mainline_native_su6_txqr.tar 0s
PUT /tmp/ktest_lustre_mainline_native_su6_txqr.tar 0s
PUT /tmp/ktest_lustre_mainline_native_su6_txqr.tar 0s
END boot run tests/fs/lustre/boot.ktest PASS 23s
END mgs-setup run tests/fs/lustre/mgs-setup.ktest PASS 33s
END sanity-2 run tests/fs/lustre/sanity/sanity-2.ktest PASS 89s
END sanity-4 run tests/fs/lustre/sanity/sanity-4.ktest PASS 90s
END sanity-1 run tests/fs/lustre/sanity/sanity-1.ktest PASS 91s
END sanity-3 run tests/fs/lustre/sanity/sanity-3.ktest PASS 92s
END llmount run tests/fs/lustre/llmount.ktest PASS 102s

============================================================
Final Results:
  checkpatch: PASS (11s) (log: /var/www/ci-lustre/upstream-patch-review/277b28f2c92b239b3d706ab4b619f3f97e61f307_checkpatch.log)
  u24: PASS (65s) (log: /var/www/ci-lustre/upstream-patch-review/277b28f2c92b239b3d706ab4b619f3f97e61f307_u24.log)
  al2023: PASS (63s) (log: /var/www/ci-lustre/upstream-patch-review/277b28f2c92b239b3d706ab4b619f3f97e61f307_al2023.log)
  lustre_mainline_strict: FAIL (181s) (log: /var/www/ci-lustre/upstream-patch-review/277b28f2c92b239b3d706ab4b619f3f97e61f307_lustre_mainline_strict.log)
  lustre_mainline: PASS (185s) (log: /var/www/ci-lustre/upstream-patch-review/277b28f2c92b239b3d706ab4b619f3f97e61f307_lustre_mainline.log)
  lustre_mainline_native: PASS (186s) (log: /var/www/ci-lustre/upstream-patch-review/277b28f2c92b239b3d706ab4b619f3f97e61f307_lustre_mainline_native.log)
  boot: PASS (23s) (log: /var/www/ci-lustre/upstream-patch-review/277b28f2c92b239b3d706ab4b619f3f97e61f307_boot.log)
  llmount: PASS (102s) (log: /var/www/ci-lustre/upstream-patch-review/277b28f2c92b239b3d706ab4b619f3f97e61f307_llmount.log)
  mgs-setup: PASS (33s) (log: /var/www/ci-lustre/upstream-patch-review/277b28f2c92b239b3d706ab4b619f3f97e61f307_mgs-setup.log)
  sanity-1: PASS (91s) (log: /var/www/ci-lustre/upstream-patch-review/277b28f2c92b239b3d706ab4b619f3f97e61f307_sanity-1.log)
  sanity-2: PASS (89s) (log: /var/www/ci-lustre/upstream-patch-review/277b28f2c92b239b3d706ab4b619f3f97e61f307_sanity-2.log)
  sanity-3: PASS (92s) (log: /var/www/ci-lustre/upstream-patch-review/277b28f2c92b239b3d706ab4b619f3f97e61f307_sanity-3.log)
  sanity-4: PASS (90s) (log: /var/www/ci-lustre/upstream-patch-review/277b28f2c92b239b3d706ab4b619f3f97e61f307_sanity-4.log)

Total execution time: 317s
