00001 
00001 RDSEED32 is broken. Disabling the corresponding CPUID bit.
00002 init: failed to load nvme_core
00002 init: failed to load nvme
00002 init: failed to load zfs
00003 LNetError: 1:0:(lib-socket.c:619:lnet_inet_enumerate()) lnet: Can't find any usable interfaces, rc = -ENOENT
00003 LNetError: Error -100 starting up LNI tcp
00003 LustreError: 1:0:(events.c:627:ptlrpc_init_portals()) network initialisation failed: rc = -100
00004 init: finit_module /lib/modules/7.0.0-ktest-2812b92-6330a45-20260710-dirty/updates/ptlrpc.ko: Network is down
00004 init: failed to load lustre
00004 init: failed to load osd_zfs
00004 init: failed to load iwlwifi
00004 init: failed to load iwlmvm
00004 init: failed to load mt7921e
00004 init: failed to load i915
00004 init: failed to load nouveau
00038 Kernel version: 7.0.0-ktest-2812b92-6330a45-20260710-dirty
00039 hook init_noop
00039 
00039 Running tests llog-unit
00039 
00039 ========= TEST   llog-unit
00039 /host/home/ktest/git/lustre-release/lustre/tests/test-framework.sh: line 6933: cd: HOME not set
00039 /host/home/ktest/git/lustre-release/lustre/tests/test-framework.sh: line 6933: cd: HOME not set
00039 /host/home/ktest/git/lustre-release/lustre/tests/test-framework.sh: line 6933: cd: HOME not set
00041 MGS_OS_VERSION_ID=24.04
00041 MGS_OS_ID=ubuntu
00041 MGS_OS_VERSION_CODE=402915328
00041 MGS_OS_ID_LIKE=debian ubuntu
00041 MDS1_OS_ID=ubuntu
00041 MDS1_OS_VERSION_CODE=402915328
00041 MDS1_OS_ID_LIKE=debian ubuntu
00041 MDS1_OS_VERSION_ID=24.04
00041 OST1_OS_VERSION_ID=24.04
00041 OST1_OS_VERSION_CODE=402915328
00041 OST1_OS_ID=ubuntu
00041 OST1_OS_ID_LIKE=debian ubuntu
00041 CLIENT_OS_VERSION_ID=24.04
00041 CLIENT_OS_ID_LIKE=debian ubuntu
00041 CLIENT_OS_ID=ubuntu
00041 CLIENT_OS_VERSION_CODE=402915328
00041 Loading modules from /host/home/ktest/git/lustre-release/lustre
00041 detected 16 online CPUs by sysfs
00041 MODOPTS_LIBCFS=
00041 libcfs will create CPU partition based on online CPUs
00042 LNet: Added LNI 10.0.2.15@tcp [8/256/0/180]
00042 gss/krb5 is not supported
00043 Lustre: Echo OBD driver; http://www.lustre.org/
00043 
00043 
00044 /host/home/ktest/git/lustre-release/lustre/tests/test-framework.sh: line 6933: cd: HOME not set
00044 /host/home/ktest/git/lustre-release/lustre/tests/test-framework.sh: line 6933: cd: HOME not set
00044 /host/home/ktest/git/lustre-release/lustre/tests/test-framework.sh: line 6933: cd: HOME not set
00047 Lustre: DEBUG MARKER: Attempt llog unit tests
00047 Lustre: 2189:0:(llog_test.c:2805:llog_test_device_init()) Setup llog-test device over MGS device
00047 Lustre: 2189:0:(llog_test.c:98:llog_test_1()) 1a: create a log with name: 9f6ccfb6
00047 ------------[ cut here ]------------
00047 WARNING: /home/ktest/git/linux/include/linux/fs.h:889 at osd_create+0x9cf/0xcf0 [osd_wbcfs], CPU#6: lctl/2189
00047 Modules linked in: llog_test(O) mgs(O) osd_wbcfs(O) lustre(O) obdecho(O) mgc(O) mdc(O) lov(O) osc(O) lmv(O) ec(O) fid(O) fld(O) ptlrpc(O) efivarfs obdclass(O) ksocklnd(O) lnet(O) libcfs(O)
00047 CPU: 6 UID: 0 PID: 2189 Comm: lctl Tainted: G           O        7.0.0-ktest-2812b92-6330a45-20260710-dirty #1 PREEMPT 
00047 Tainted: [O]=OOT_MODULE
00047 Hardware name: QEMU Standard PC (Q35 + ICH9, 2009), BIOS 2025.11-3ubuntu7 03/31/2026
00047 RIP: 0010:osd_create+0x9cf/0xcf0 [osd_wbcfs]
00047 Code: c7 c7 00 96 7b a1 48 c7 c6 a0 12 7d a1 48 c7 c2 00 1c 7d a1 e8 52 f1 43 ff 48 c7 c7 00 96 7b a1 e8 46 81 44 ff e9 fe fc ff ff <0f> 0b e9 a5 fa ff ff 48 c7 c1 80 44 5d a0 80 e1 07 80 c1 03 38 c1
00047 RSP: 0018:ffffc90001c87790 EFLAGS: 00010246
00047 RAX: 0000000000000000 RBX: ffff888139217c00 RCX: 0000000000000046
00047 RDX: 0000000000000000 RSI: ffff88819f982648 RDI: ffff888150742a58
00047 RBP: ffff88819f9825b8 R08: ffffffff83a16803 R09: 1ffffffff0742d00
00047 R10: dffffc0000000000 R11: fffffbfff0742d01 R12: ffff888139215000
00047 R13: dffffc0000000000 R14: 1ffff11027242f80 R15: 1ffff11027242a0f
00047 FS:  00007f872c69c940(0000) GS:ffff88831e72d000(0000) knlGS:0000000000000000
00047 CS:  0010 DS: 0000 ES: 0000 CR0: 0000000080050033
00047 CR2: 000055dabe41cb40 CR3: 000000011ca55000 CR4: 0000000000750eb0
00047 PKRU: 55555554
00047 Call Trace:
00047  <TASK>
00047  ? local_object_create+0x109/0x640 [obdclass]
00047  ? dt_write_lock+0x16d/0x2a0 [obdclass]
00047  ? llog_osd_create+0x356/0x10d0 [obdclass]
00047  ? llog_create+0x2ed/0x530 [obdclass]
00047  ? llog_open_create+0x6e7/0xb30 [obdclass]
00047  ? llog_run_tests+0x4bb/0x5ac0 [llog_test]
00047  ? get_random_u32+0x51/0x470
00047  ? get_random_u32+0x51/0x470
00047  ? _raw_spin_unlock+0x23/0x40
00047  ? __llog_ctxt_put+0x1c4/0x2f0 [obdclass]
00047  ? llog_test_device_init+0x6e8/0xa20 [llog_test]
00047  ? obd_setup+0x54d/0x950 [obdclass]
00047  ? class_setup+0xc7d/0x10e0 [obdclass]
00047  ? class_process_config+0x2edb/0x7cb0 [obdclass]
00047  ? class_handle_ioctl+0x2055/0x3590 [obdclass]
00047  ? obd_class_ioctl+0x1f6/0x3c0 [obdclass]
00047  ? __x64_sys_ioctl+0x961/0xe00
00047  ? _copy_to_user+0x3d/0x60
00047  ? __x64_sys_rt_sigaction+0x107/0x140
00047  ? do_syscall_64+0xc1/0x350
00047  ? entry_SYSCALL_64_after_hwframe+0x4b/0x53
00047  </TASK>
00047 ---[ end trace 0000000000000000 ]---
00047 Lustre: 2189:0:(llog_test.c:115:llog_test_1()) 1b: close newly-created log
00047 Lustre: 2189:0:(llog_test.c:146:llog_test_2()) 2a: re-open a log with name: 9f6ccfb6
00047 Lustre: 2189:0:(llog_test.c:166:llog_test_2()) 2b: create a log without specified NAME & LOGID
00047 ------------[ cut here ]------------
00047 WARNING: /home/ktest/git/linux/include/linux/fs.h:889 at osd_create+0x9cf/0xcf0 [osd_wbcfs], CPU#6: lctl/2189
00047 Modules linked in: llog_test(O) mgs(O) osd_wbcfs(O) lustre(O) obdecho(O) mgc(O) mdc(O) lov(O) osc(O) lmv(O) ec(O) fid(O) fld(O) ptlrpc(O) efivarfs obdclass(O) ksocklnd(O) lnet(O) libcfs(O)
00047 CPU: 6 UID: 0 PID: 2189 Comm: lctl Tainted: G        W  O        7.0.0-ktest-2812b92-6330a45-20260710-dirty #1 PREEMPT 
00047 Tainted: [W]=WARN, [O]=OOT_MODULE
00047 Hardware name: QEMU Standard PC (Q35 + ICH9, 2009), BIOS 2025.11-3ubuntu7 03/31/2026
00047 RIP: 0010:osd_create+0x9cf/0xcf0 [osd_wbcfs]
00047 Code: c7 c7 00 96 7b a1 48 c7 c6 a0 12 7d a1 48 c7 c2 00 1c 7d a1 e8 52 f1 43 ff 48 c7 c7 00 96 7b a1 e8 46 81 44 ff e9 fe fc ff ff <0f> 0b e9 a5 fa ff ff 48 c7 c1 80 44 5d a0 80 e1 07 80 c1 03 38 c1
00047 RSP: 0018:ffffc90001c87790 EFLAGS: 00010246
00047 RAX: 0000000000000000 RBX: ffff88816ddf5000 RCX: 0000000000000046
00047 RDX: 0000000000000000 RSI: ffff88819f981f30 RDI: ffff888150742a58
00047 RBP: ffff88819f981ea0 R08: ffffffff83a16803 R09: 1ffffffff0742d00
00047 R10: dffffc0000000000 R11: fffffbfff0742d01 R12: ffff888139215000
00047 R13: dffffc0000000000 R14: 1ffff1102dbbea00 R15: 1ffff11027242a0f
00047 FS:  00007f872c69c940(0000) GS:ffff88831e72d000(0000) knlGS:0000000000000000
00047 CS:  0010 DS: 0000 ES: 0000 CR0: 0000000080050033
00047 CR2: 000055dabe41cb40 CR3: 000000011ca55000 CR4: 0000000000750eb0
00047 PKRU: 55555554
00047 Call Trace:
00047  <TASK>
00047  ? local_object_create+0x109/0x640 [obdclass]
00047  ? dt_write_lock+0x16d/0x2a0 [obdclass]
00047  ? llog_osd_create+0x356/0x10d0 [obdclass]
00047  ? llog_create+0x2ed/0x530 [obdclass]
00047  ? llog_open_create+0x6e7/0xb30 [obdclass]
00047  ? llog_run_tests+0xd1a/0x5ac0 [llog_test]
00047  ? get_random_u32+0x51/0x470
00047  ? get_random_u32+0x51/0x470
00047  ? _raw_spin_unlock+0x23/0x40
00047  ? llog_test_device_init+0x6e8/0xa20 [llog_test]
00047  ? obd_setup+0x54d/0x950 [obdclass]
00047  ? class_setup+0xc7d/0x10e0 [obdclass]
00047  ? class_process_config+0x2edb/0x7cb0 [obdclass]
00047  ? class_handle_ioctl+0x2055/0x3590 [obdclass]
00047  ? obd_class_ioctl+0x1f6/0x3c0 [obdclass]
00047  ? __x64_sys_ioctl+0x961/0xe00
00047  ? _copy_to_user+0x3d/0x60
00047  ? __x64_sys_rt_sigaction+0x107/0x140
00047  ? do_syscall_64+0xc1/0x350
00047  ? entry_SYSCALL_64_after_hwframe+0x4b/0x53
00047  </TASK>
00047 ---[ end trace 0000000000000000 ]---
00047 Lustre: 2189:0:(llog_test.c:184:llog_test_2()) 2b: write 1 llog records, check llh_count
00047 Lustre: 2189:0:(llog_test.c:197:llog_test_2()) 2c: re-open the log by LOGID and verify llh_count
00047 Lustre: 2189:0:(llog_test.c:244:llog_test_2()) 2d: destroy this log
00047 Lustre: 2189:0:(llog_test.c:402:llog_test_3()) 3a: write 1023 fixed-size llog records
00048 Lustre: 2189:0:(llog_test.c:366:llog_test3_process()) test3: processing records from index 501 to the end
00048 Lustre: 2189:0:(llog_test.c:376:llog_test3_process()) test3: total 525 records processed with 0 paddings
00048 Lustre: 2189:0:(llog_test.c:458:llog_test_3()) 3b: write 566 variable size llog records
00048 Lustre: 2189:0:(llog_test.c:529:llog_test_3()) 3c: write records with variable size until BITMAP_SIZE, return -ENOSPC
00050 Lustre: 2189:0:(llog_test.c:552:llog_test_3()) 3c: wrote 63962 more records before end of llog is reached
00050 Lustre: 2189:0:(llog_test.c:581:llog_test_4()) 4a: create a catalog log with name: 9f6ccfb7
00050 ------------[ cut here ]------------
00050 WARNING: /home/ktest/git/linux/include/linux/fs.h:889 at osd_create+0x9cf/0xcf0 [osd_wbcfs], CPU#13: lctl/2189
00050 Modules linked in: llog_test(O) mgs(O) osd_wbcfs(O) lustre(O) obdecho(O) mgc(O) mdc(O) lov(O) osc(O) lmv(O) ec(O) fid(O) fld(O) ptlrpc(O) efivarfs obdclass(O) ksocklnd(O) lnet(O) libcfs(O)
00050 CPU: 13 UID: 0 PID: 2189 Comm: lctl Tainted: G        W  O        7.0.0-ktest-2812b92-6330a45-20260710-dirty #1 PREEMPT 
00050 Tainted: [W]=WARN, [O]=OOT_MODULE
00050 Hardware name: QEMU Standard PC (Q35 + ICH9, 2009), BIOS 2025.11-3ubuntu7 03/31/2026
00050 RIP: 0010:osd_create+0x9cf/0xcf0 [osd_wbcfs]
00050 Code: c7 c7 00 96 7b a1 48 c7 c6 a0 12 7d a1 48 c7 c2 00 1c 7d a1 e8 52 f1 43 ff 48 c7 c7 00 96 7b a1 e8 46 81 44 ff e9 fe fc ff ff <0f> 0b e9 a5 fa ff ff 48 c7 c1 80 44 5d a0 80 e1 07 80 c1 03 38 c1
00050 RSP: 0018:ffffc90001c87790 EFLAGS: 00010246
00050 RAX: 0000000000000000 RBX: ffff888139a2a000 RCX: 0000000000000046
00050 RDX: 0000000000000000 RSI: ffff88819f987b68 RDI: ffff888150742a58
00050 RBP: ffff88819f987ad8 R08: ffffffff83a16803 R09: 1ffffffff0742d00
00050 R10: dffffc0000000000 R11: fffffbfff0742d01 R12: ffff888139215000
00050 R13: dffffc0000000000 R14: 1ffff11027345400 R15: 1ffff11027242a0f
00050 FS:  00007f872c69c940(0000) GS:ffff88831eaad000(0000) knlGS:0000000000000000
00050 CS:  0010 DS: 0000 ES: 0000 CR0: 0000000080050033
00050 CR2: 00007fa901fe6194 CR3: 000000011ca55000 CR4: 0000000000750eb0
00050 PKRU: 55555554
00050 Call Trace:
00050  <TASK>
00050  ? local_object_create+0x109/0x640 [obdclass]
00050  ? dt_write_lock+0x16d/0x2a0 [obdclass]
00050  ? llog_osd_create+0x356/0x10d0 [obdclass]
00050  ? llog_create+0x2ed/0x530 [obdclass]
00050  ? llog_open_create+0x6e7/0xb30 [obdclass]
00050  ? llog_run_tests+0x2c0e/0x5ac0 [llog_test]
00050  ? get_random_u32+0x51/0x470
00050  ? llog_test_device_init+0x6e8/0xa20 [llog_test]
00050  ? obd_setup+0x54d/0x950 [obdclass]
00050  ? class_setup+0xc7d/0x10e0 [obdclass]
00050  ? class_process_config+0x2edb/0x7cb0 [obdclass]
00050  ? class_handle_ioctl+0x2055/0x3590 [obdclass]
00050  ? obd_class_ioctl+0x1f6/0x3c0 [obdclass]
00050  ? __x64_sys_ioctl+0x961/0xe00
00050  ? _copy_to_user+0x3d/0x60
00050  ? __x64_sys_rt_sigaction+0x107/0x140
00050  ? do_syscall_64+0xc1/0x350
00050  ? entry_SYSCALL_64_after_hwframe+0x4b/0x53
00050  </TASK>
00050 ---[ end trace 0000000000000000 ]---
00050 Lustre: 2189:0:(llog_test.c:596:llog_test_4()) 4b: write 1 record into the catalog
00050 ------------[ cut here ]------------
00050 WARNING: /home/ktest/git/linux/include/linux/fs.h:889 at osd_create+0x9cf/0xcf0 [osd_wbcfs], CPU#13: lctl/2189
00050 Modules linked in: llog_test(O) mgs(O) osd_wbcfs(O) lustre(O) obdecho(O) mgc(O) mdc(O) lov(O) osc(O) lmv(O) ec(O) fid(O) fld(O) ptlrpc(O) efivarfs obdclass(O) ksocklnd(O) lnet(O) libcfs(O)
00050 CPU: 13 UID: 0 PID: 2189 Comm: lctl Tainted: G        W  O        7.0.0-ktest-2812b92-6330a45-20260710-dirty #1 PREEMPT 
00050 Tainted: [W]=WARN, [O]=OOT_MODULE
00050 Hardware name: QEMU Standard PC (Q35 + ICH9, 2009), BIOS 2025.11-3ubuntu7 03/31/2026
00050 RIP: 0010:osd_create+0x9cf/0xcf0 [osd_wbcfs]
00050 Code: c7 c7 00 96 7b a1 48 c7 c6 a0 12 7d a1 48 c7 c2 00 1c 7d a1 e8 52 f1 43 ff 48 c7 c7 00 96 7b a1 e8 46 81 44 ff e9 fe fc ff ff <0f> 0b e9 a5 fa ff ff 48 c7 c1 80 44 5d a0 80 e1 07 80 c1 03 38 c1
00050 RSP: 0018:ffffc90001c87640 EFLAGS: 00010246
00050 RAX: 0000000000000000 RBX: ffff888139a29800 RCX: 0000000000000046
00050 RDX: 0000000000000000 RSI: ffff88819f987450 RDI: ffff888150742a80
00050 RBP: ffff88819f9873c0 R08: ffffffff83a16803 R09: 1ffffffff0742d00
00050 R10: dffffc0000000000 R11: fffffbfff0742d01 R12: ffff888139215000
00050 R13: dffffc0000000000 R14: 1ffff11027345300 R15: 1ffff11027242a0f
00050 FS:  00007f872c69c940(0000) GS:ffff88831eaad000(0000) knlGS:0000000000000000
00050 CS:  0010 DS: 0000 ES: 0000 CR0: 0000000080050033
00050 CR2: 00007fa901fe6194 CR3: 000000011ca55000 CR4: 0000000000750eb0
00050 PKRU: 55555554
00050 Call Trace:
00050  <TASK>
00050  ? local_object_create+0x109/0x640 [obdclass]
00050  ? dt_write_lock+0x16d/0x2a0 [obdclass]
00050  ? llog_osd_create+0x356/0x10d0 [obdclass]
00050  ? llog_create+0x2ed/0x530 [obdclass]
00050  ? llog_cat_new_log+0x6d1/0x2970 [obdclass]
00050  ? llog_cat_add_rec+0x6ba/0x1960 [obdclass]
00050  ? llog_cat_add+0x499/0x7a0 [obdclass]
00050  ? llog_run_tests+0x2ff2/0x5ac0 [llog_test]
00050  ? get_random_u32+0x51/0x470
00050  ? llog_test_device_init+0x6e8/0xa20 [llog_test]
00050  ? obd_setup+0x54d/0x950 [obdclass]
00050  ? class_setup+0xc7d/0x10e0 [obdclass]
00050  ? class_process_config+0x2edb/0x7cb0 [obdclass]
00050  ? class_handle_ioctl+0x2055/0x3590 [obdclass]
00050  ? obd_class_ioctl+0x1f6/0x3c0 [obdclass]
00050  ? __x64_sys_ioctl+0x961/0xe00
00050  ? _copy_to_user+0x3d/0x60
00050  ? __x64_sys_rt_sigaction+0x107/0x140
00050  ? do_syscall_64+0xc1/0x350
00050  ? entry_SYSCALL_64_after_hwframe+0x4b/0x53
00050  </TASK>
00050 ---[ end trace 0000000000000000 ]---
00050 Lustre: 2189:0:(llog_test.c:623:llog_test_4()) 4c: cancel 1 log record
00050 Lustre: 2189:0:(llog_test.c:635:llog_test_4()) 4d: write 64767 more log records
00071 Lustre: 2189:0:(llog_test.c:1117:llog_test_7()) 7e: test llog_changelog_rec
00071 ------------[ cut here ]------------
00071 WARNING: /home/ktest/git/linux/include/linux/fs.h:889 at osd_create+0x9cf/0xcf0 [osd_wbcfs], CPU#11: lctl/2189
00071 Modules linked in: llog_test(O) mgs(O) osd_wbcfs(O) lustre(O) obdecho(O) mgc(O) mdc(O) lov(O) osc(O) lmv(O) ec(O) fid(O) fld(O) ptlrpc(O) efivarfs obdclass(O) ksocklnd(O) lnet(O) libcfs(O)
00071 CPU: 11 UID: 0 PID: 2189 Comm: lctl Tainted: G        W  O        7.0.0-ktest-2812b92-6330a45-20260710-dirty #1 PREEMPT 
00071 Tainted: [W]=WARN, [O]=OOT_MODULE
00071 Hardware name: QEMU Standard PC (Q35 + ICH9, 2009), BIOS 2025.11-3ubuntu7 03/31/2026
00071 RIP: 0010:osd_create+0x9cf/0xcf0 [osd_wbcfs]
00071 Code: c7 c7 00 96 7b a1 48 c7 c6 a0 12 7d a1 48 c7 c2 00 1c 7d a1 e8 52 f1 43 ff 48 c7 c7 00 96 7b a1 e8 46 81 44 ff e9 fe fc ff ff <0f> 0b e9 a5 fa ff ff 48 c7 c1 80 44 5d a0 80 e1 07 80 c1 03 38 c1
00071 RSP: 0018:ffffc90001c876e8 EFLAGS: 00010246
00071 RAX: 0000000000000000 RBX: ffff888193008c00 RCX: 0000000000000046
00071 RDX: 0000000000000000 RSI: ffff88819afbb478 RDI: ffff888150742a58
00071 RBP: ffff88819afbb3e8 R08: ffffffff83a16803 R09: 1ffffffff0742d00
00071 R10: dffffc0000000000 R11: fffffbfff0742d01 R12: ffff888139215000
00071 R13: dffffc0000000000 R14: 1ffff11032601180 R15: 1ffff11027242a0f
00071 FS:  00007f872c69c940(0000) GS:ffff88831e9ad000(0000) knlGS:0000000000000000
00071 CS:  0010 DS: 0000 ES: 0000 CR0: 0000000080050033
00071 CR2: 00007f24c24ee200 CR3: 000000011ca55000 CR4: 0000000000750eb0
00071 PKRU: 55555554
00071 Call Trace:
00071  <TASK>
00071  ? local_object_create+0x109/0x640 [obdclass]
00071  ? dt_write_lock+0x16d/0x2a0 [obdclass]
00071  ? llog_osd_create+0x356/0x10d0 [obdclass]
00071  ? llog_create+0x2ed/0x530 [obdclass]
00071  ? llog_open_create+0x6e7/0xb30 [obdclass]
00071  ? llog_test_7_sub+0xea/0x1250 [llog_test]
00071  ? llog_test_7+0x706/0xf50 [llog_test]
00071  ? llog_run_tests+0x3614/0x5ac0 [llog_test]
00071  ? get_random_u32+0x51/0x470
00071  ? llog_test_device_init+0x6e8/0xa20 [llog_test]
00071  ? obd_setup+0x54d/0x950 [obdclass]
00071  ? class_setup+0xc7d/0x10e0 [obdclass]
00071  ? class_process_config+0x2edb/0x7cb0 [obdclass]
00071  ? class_handle_ioctl+0x2055/0x3590 [obdclass]
00071  ? obd_class_ioctl+0x1f6/0x3c0 [obdclass]
00071  ? __x64_sys_ioctl+0x961/0xe00
00071  ? _copy_to_user+0x3d/0x60
00071  ? __x64_sys_rt_sigaction+0x107/0x140
00071  ? do_syscall_64+0xc1/0x350
00071  ? entry_SYSCALL_64_after_hwframe+0x4b/0x53
00071  </TASK>
00071 ---[ end trace 0000000000000000 ]---
00074 Lustre: 2189:0:(llog_test.c:1024:llog_test_7_sub()) 7_sub: records are not aligned, written 64071 from 64767
00075 Lustre: 2189:0:(llog_test.c:1129:llog_test_7()) 7f: test llog_changelog_user_rec2
00075 ------------[ cut here ]------------
00075 WARNING: /home/ktest/git/linux/include/linux/fs.h:889 at osd_create+0x9cf/0xcf0 [osd_wbcfs], CPU#5: lctl/2189
00075 Modules linked in: llog_test(O) mgs(O) osd_wbcfs(O) lustre(O) obdecho(O) mgc(O) mdc(O) lov(O) osc(O) lmv(O) ec(O) fid(O) fld(O) ptlrpc(O) efivarfs obdclass(O) ksocklnd(O) lnet(O) libcfs(O)
00075 CPU: 5 UID: 0 PID: 2189 Comm: lctl Tainted: G        W  O        7.0.0-ktest-2812b92-6330a45-20260710-dirty #1 PREEMPT 
00075 Tainted: [W]=WARN, [O]=OOT_MODULE
00075 Hardware name: QEMU Standard PC (Q35 + ICH9, 2009), BIOS 2025.11-3ubuntu7 03/31/2026
00075 RIP: 0010:osd_create+0x9cf/0xcf0 [osd_wbcfs]
00075 Code: c7 c7 00 96 7b a1 48 c7 c6 a0 12 7d a1 48 c7 c2 00 1c 7d a1 e8 52 f1 43 ff 48 c7 c7 00 96 7b a1 e8 46 81 44 ff e9 fe fc ff ff <0f> 0b e9 a5 fa ff ff 48 c7 c1 80 44 5d a0 80 e1 07 80 c1 03 38 c1
00075 RSP: 0018:ffffc90001c876e8 EFLAGS: 00010246
00075 RAX: 0000000000000000 RBX: ffff88811c949c00 RCX: 0000000000000046
00075 RDX: 0000000000000000 RSI: ffff88811fdaa648 RDI: ffff888150742a58
00075 RBP: ffff88811fdaa5b8 R08: ffffffff83a16803 R09: 1ffffffff0742d00
00075 R10: dffffc0000000000 R11: fffffbfff0742d01 R12: ffff888139215000
00075 R13: dffffc0000000000 R14: 1ffff11023929380 R15: 1ffff11027242a0f
00075 FS:  00007f872c69c940(0000) GS:ffff88831e6ad000(0000) knlGS:0000000000000000
00075 CS:  0010 DS: 0000 ES: 0000 CR0: 0000000080050033
00075 CR2: 00007ffdafdb2d68 CR3: 000000011ca55000 CR4: 0000000000750eb0
00075 PKRU: 55555554
00075 Call Trace:
00075  <TASK>
00075  ? local_object_create+0x109/0x640 [obdclass]
00075  ? dt_write_lock+0x16d/0x2a0 [obdclass]
00075  ? llog_osd_create+0x356/0x10d0 [obdclass]
00075  ? llog_create+0x2ed/0x530 [obdclass]
00075  ? llog_open_create+0x6e7/0xb30 [obdclass]
00075  ? llog_test_7_sub+0xea/0x1250 [llog_test]
00075  ? llog_test_7+0x837/0xf50 [llog_test]
00075  ? llog_run_tests+0x3614/0x5ac0 [llog_test]
00075  ? get_random_u32+0x51/0x470
00075  ? llog_test_device_init+0x6e8/0xa20 [llog_test]
00075  ? obd_setup+0x54d/0x950 [obdclass]
00075  ? class_setup+0xc7d/0x10e0 [obdclass]
00075  ? class_process_config+0x2edb/0x7cb0 [obdclass]
00075  ? class_handle_ioctl+0x2055/0x3590 [obdclass]
00075  ? obd_class_ioctl+0x1f6/0x3c0 [obdclass]
00075  ? __x64_sys_ioctl+0x961/0xe00
00075  ? _copy_to_user+0x3d/0x60
00075  ? __x64_sys_rt_sigaction+0x107/0x140
00075  ? do_syscall_64+0xc1/0x350
00075  ? entry_SYSCALL_64_after_hwframe+0x4b/0x53
00075  </TASK>
00075 ---[ end trace 0000000000000000 ]---
00078 Lustre: 2189:0:(llog_test.c:1024:llog_test_7_sub()) 7_sub: records are not aligned, written 64139 from 64767
00080 Lustre: 2189:0:(llog_test.c:1140:llog_test_7()) 7g: test llog_gen_rec
00080 ------------[ cut here ]------------
00080 WARNING: /home/ktest/git/linux/include/linux/fs.h:889 at osd_create+0x9cf/0xcf0 [osd_wbcfs], CPU#5: lctl/2189
00080 Modules linked in: llog_test(O) mgs(O) osd_wbcfs(O) lustre(O) obdecho(O) mgc(O) mdc(O) lov(O) osc(O) lmv(O) ec(O) fid(O) fld(O) ptlrpc(O) efivarfs obdclass(O) ksocklnd(O) lnet(O) libcfs(O)
00080 CPU: 5 UID: 0 PID: 2189 Comm: lctl Tainted: G        W  O        7.0.0-ktest-2812b92-6330a45-20260710-dirty #1 PREEMPT 
00080 Tainted: [W]=WARN, [O]=OOT_MODULE
00080 Hardware name: QEMU Standard PC (Q35 + ICH9, 2009), BIOS 2025.11-3ubuntu7 03/31/2026
00080 RIP: 0010:osd_create+0x9cf/0xcf0 [osd_wbcfs]
00080 Code: c7 c7 00 96 7b a1 48 c7 c6 a0 12 7d a1 48 c7 c2 00 1c 7d a1 e8 52 f1 43 ff 48 c7 c7 00 96 7b a1 e8 46 81 44 ff e9 fe fc ff ff <0f> 0b e9 a5 fa ff ff 48 c7 c1 80 44 5d a0 80 e1 07 80 c1 03 38 c1
00080 RSP: 0018:ffffc90001c876e8 EFLAGS: 00010246
00080 RAX: 0000000000000000 RBX: ffff888231926800 RCX: 0000000000000046
00080 RDX: 0000000000000000 RSI: ffff88811fda9f30 RDI: ffff888150742a58
00080 RBP: ffff88811fda9ea0 R08: ffffffff83a16803 R09: 1ffffffff0742d00
00080 R10: dffffc0000000000 R11: fffffbfff0742d01 R12: ffff888139215000
00080 R13: dffffc0000000000 R14: 1ffff11046324d00 R15: 1ffff11027242a0f
00080 FS:  00007f872c69c940(0000) GS:ffff88831e6ad000(0000) knlGS:0000000000000000
00080 CS:  0010 DS: 0000 ES: 0000 CR0: 0000000080050033
00080 CR2: 00007ffdafdb2d68 CR3: 000000011ca55000 CR4: 0000000000750eb0
00080 PKRU: 55555554
00080 Call Trace:
00080  <TASK>
00080  ? local_object_create+0x109/0x640 [obdclass]
00080  ? dt_write_lock+0x16d/0x2a0 [obdclass]
00080  ? llog_osd_create+0x356/0x10d0 [obdclass]
00080  ? llog_create+0x2ed/0x530 [obdclass]
00080  ? llog_open_create+0x6e7/0xb30 [obdclass]
00080  ? llog_test_7_sub+0xea/0x1250 [llog_test]
00080  ? llog_test_7+0x968/0xf50 [llog_test]
00080  ? llog_run_tests+0x3614/0x5ac0 [llog_test]
00080  ? get_random_u32+0x51/0x470
00080  ? llog_test_device_init+0x6e8/0xa20 [llog_test]
00080  ? obd_setup+0x54d/0x950 [obdclass]
00080  ? class_setup+0xc7d/0x10e0 [obdclass]
00080  ? class_process_config+0x2edb/0x7cb0 [obdclass]
00080  ? class_handle_ioctl+0x2055/0x3590 [obdclass]
00080  ? obd_class_ioctl+0x1f6/0x3c0 [obdclass]
00080  ? __x64_sys_ioctl+0x961/0xe00
00080  ? _copy_to_user+0x3d/0x60
00080  ? __x64_sys_rt_sigaction+0x107/0x140
00080  ? do_syscall_64+0xc1/0x350
00080  ? entry_SYSCALL_64_after_hwframe+0x4b/0x53
00080  </TASK>
00080 ---[ end trace 0000000000000000 ]---
00084 Lustre: 2189:0:(llog_test.c:1151:llog_test_7()) 7h: test llog_setattr64_rec_v2
00084 ------------[ cut here ]------------
00084 WARNING: /home/ktest/git/linux/include/linux/fs.h:889 at osd_create+0x9cf/0xcf0 [osd_wbcfs], CPU#5: lctl/2189
00084 Modules linked in: llog_test(O) mgs(O) osd_wbcfs(O) lustre(O) obdecho(O) mgc(O) mdc(O) lov(O) osc(O) lmv(O) ec(O) fid(O) fld(O) ptlrpc(O) efivarfs obdclass(O) ksocklnd(O) lnet(O) libcfs(O)
00084 CPU: 5 UID: 0 PID: 2189 Comm: lctl Tainted: G        W  O        7.0.0-ktest-2812b92-6330a45-20260710-dirty #1 PREEMPT 
00084 Tainted: [W]=WARN, [O]=OOT_MODULE
00084 Hardware name: QEMU Standard PC (Q35 + ICH9, 2009), BIOS 2025.11-3ubuntu7 03/31/2026
00084 RIP: 0010:osd_create+0x9cf/0xcf0 [osd_wbcfs]
00084 Code: c7 c7 00 96 7b a1 48 c7 c6 a0 12 7d a1 48 c7 c2 00 1c 7d a1 e8 52 f1 43 ff 48 c7 c7 00 96 7b a1 e8 46 81 44 ff e9 fe fc ff ff <0f> 0b e9 a5 fa ff ff 48 c7 c1 80 44 5d a0 80 e1 07 80 c1 03 38 c1
00084 RSP: 0018:ffffc90001c876e8 EFLAGS: 00010246
00084 RAX: 0000000000000000 RBX: ffff88819df63400 RCX: 0000000000000046
00084 RDX: 0000000000000000 RSI: ffff88811fda9818 RDI: ffff888150742a58
00084 RBP: ffff88811fda9788 R08: ffffffff83a16803 R09: 1ffffffff0742d00
00084 R10: dffffc0000000000 R11: fffffbfff0742d01 R12: ffff888139215000
00084 R13: dffffc0000000000 R14: 1ffff11033bec680 R15: 1ffff11027242a0f
00084 FS:  00007f872c69c940(0000) GS:ffff88831e6ad000(0000) knlGS:0000000000000000
00084 CS:  0010 DS: 0000 ES: 0000 CR0: 0000000080050033
00084 CR2: 00007ffdafdb2d68 CR3: 000000011ca55000 CR4: 0000000000750eb0
00084 PKRU: 55555554
00084 Call Trace:
00084  <TASK>
00084  ? local_object_create+0x109/0x640 [obdclass]
00084  ? dt_write_lock+0x16d/0x2a0 [obdclass]
00084  ? llog_osd_create+0x356/0x10d0 [obdclass]
00084  ? llog_create+0x2ed/0x530 [obdclass]
00084  ? llog_open_create+0x6e7/0xb30 [obdclass]
00084  ? llog_test_7_sub+0xea/0x1250 [llog_test]
00084  ? llog_test_7+0xa99/0xf50 [llog_test]
00084  ? llog_run_tests+0x3614/0x5ac0 [llog_test]
00084  ? get_random_u32+0x51/0x470
00084  ? llog_test_device_init+0x6e8/0xa20 [llog_test]
00084  ? obd_setup+0x54d/0x950 [obdclass]
00084  ? class_setup+0xc7d/0x10e0 [obdclass]
00084  ? class_process_config+0x2edb/0x7cb0 [obdclass]
00084  ? class_handle_ioctl+0x2055/0x3590 [obdclass]
00084  ? obd_class_ioctl+0x1f6/0x3c0 [obdclass]
00084  ? __x64_sys_ioctl+0x961/0xe00
00084  ? _copy_to_user+0x3d/0x60
00084  ? __x64_sys_rt_sigaction+0x107/0x140
00084  ? do_syscall_64+0xc1/0x350
00084  ? entry_SYSCALL_64_after_hwframe+0x4b/0x53
00084  </TASK>
00084 ---[ end trace 0000000000000000 ]---
00087 Lustre: 2189:0:(llog_test.c:1024:llog_test_7_sub()) 7_sub: records are not aligned, written 64071 from 64767
00088 Lustre: 2189:0:(llog_test.c:1260:llog_test_8()) 8a: fill the first plain llog
00088 ------------[ cut here ]------------
00088 WARNING: /home/ktest/git/linux/include/linux/fs.h:889 at osd_create+0x9cf/0xcf0 [osd_wbcfs], CPU#5: lctl/2189
00088 Modules linked in: llog_test(O) mgs(O) osd_wbcfs(O) lustre(O) obdecho(O) mgc(O) mdc(O) lov(O) osc(O) lmv(O) ec(O) fid(O) fld(O) ptlrpc(O) efivarfs obdclass(O) ksocklnd(O) lnet(O) libcfs(O)
00088 CPU: 5 UID: 0 PID: 2189 Comm: lctl Tainted: G        W  O        7.0.0-ktest-2812b92-6330a45-20260710-dirty #1 PREEMPT 
00088 Tainted: [W]=WARN, [O]=OOT_MODULE
00088 Hardware name: QEMU Standard PC (Q35 + ICH9, 2009), BIOS 2025.11-3ubuntu7 03/31/2026
00088 RIP: 0010:osd_create+0x9cf/0xcf0 [osd_wbcfs]
00088 Code: c7 c7 00 96 7b a1 48 c7 c6 a0 12 7d a1 48 c7 c2 00 1c 7d a1 e8 52 f1 43 ff 48 c7 c7 00 96 7b a1 e8 46 81 44 ff e9 fe fc ff ff <0f> 0b e9 a5 fa ff ff 48 c7 c1 80 44 5d a0 80 e1 07 80 c1 03 38 c1
00088 RSP: 0018:ffffc90001c874c8 EFLAGS: 00010246
00088 RAX: 0000000000000000 RBX: ffff88818e769c00 RCX: 0000000000000046
00088 RDX: 0000000000000000 RSI: ffff88811fda9100 RDI: ffff888150742a80
00088 RBP: ffff88811fda9070 R08: ffffffff83a16803 R09: 1ffffffff0742d00
00088 R10: dffffc0000000000 R11: fffffbfff0742d01 R12: ffff888139215000
00088 R13: dffffc0000000000 R14: 1ffff11031ced380 R15: 1ffff11027242a0f
00088 FS:  00007f872c69c940(0000) GS:ffff88831e6ad000(0000) knlGS:0000000000000000
00088 CS:  0010 DS: 0000 ES: 0000 CR0: 0000000080050033
00088 CR2: 00007ffdafdb2d68 CR3: 000000011ca55000 CR4: 0000000000750eb0
00088 PKRU: 55555554
00088 Call Trace:
00088  <TASK>
00088  ? local_object_create+0x109/0x640 [obdclass]
00088  ? dt_write_lock+0x16d/0x2a0 [obdclass]
00088  ? llog_osd_create+0x356/0x10d0 [obdclass]
00088  ? llog_create+0x2ed/0x530 [obdclass]
00088  ? llog_cat_new_log+0x6d1/0x2970 [obdclass]
00088  ? llog_cat_add_rec+0x6ba/0x1960 [obdclass]
00088  ? llog_cat_add+0x499/0x7a0 [obdclass]
00088  ? llog_test_8+0x567/0x1c20 [llog_test]
00088  ? do_raw_spin_unlock+0x52/0x230
00088  ? _raw_spin_unlock+0x23/0x40
00088  ? __llog_ctxt_put+0x1c4/0x2f0 [obdclass]
00088  ? llog_run_tests+0x39a2/0x5ac0 [llog_test]
00088  ? get_random_u32+0x51/0x470
00088  ? llog_test_device_init+0x6e8/0xa20 [llog_test]
00088  ? obd_setup+0x54d/0x950 [obdclass]
00088  ? class_setup+0xc7d/0x10e0 [obdclass]
00088  ? class_process_config+0x2edb/0x7cb0 [obdclass]
00088  ? class_handle_ioctl+0x2055/0x3590 [obdclass]
00088  ? obd_class_ioctl+0x1f6/0x3c0 [obdclass]
00088  ? __x64_sys_ioctl+0x961/0xe00
00088  ? _copy_to_user+0x3d/0x60
00088  ? __x64_sys_rt_sigaction+0x107/0x140
00088  ? do_syscall_64+0xc1/0x350
00088  ? entry_SYSCALL_64_after_hwframe+0x4b/0x53
00088  </TASK>
00088 ---[ end trace 0000000000000000 ]---
00089 Lustre: 2189:0:(llog_test.c:1289:llog_test_8()) 8b: first llog [0x1:0x10:0x0]
00089 Lustre: 2189:0:(llog_test.c:1305:llog_test_8()) 8b: fill the second plain llog
00089 ------------[ cut here ]------------
00089 WARNING: /home/ktest/git/linux/include/linux/fs.h:889 at osd_create+0x9cf/0xcf0 [osd_wbcfs], CPU#5: lctl/2189
00089 Modules linked in: llog_test(O) mgs(O) osd_wbcfs(O) lustre(O) obdecho(O) mgc(O) mdc(O) lov(O) osc(O) lmv(O) ec(O) fid(O) fld(O) ptlrpc(O) efivarfs obdclass(O) ksocklnd(O) lnet(O) libcfs(O)
00089 CPU: 5 UID: 0 PID: 2189 Comm: lctl Tainted: G        W  O        7.0.0-ktest-2812b92-6330a45-20260710-dirty #1 PREEMPT 
00089 Tainted: [W]=WARN, [O]=OOT_MODULE
00089 Hardware name: QEMU Standard PC (Q35 + ICH9, 2009), BIOS 2025.11-3ubuntu7 03/31/2026
00089 RIP: 0010:osd_create+0x9cf/0xcf0 [osd_wbcfs]
00089 Code: c7 c7 00 96 7b a1 48 c7 c6 a0 12 7d a1 48 c7 c2 00 1c 7d a1 e8 52 f1 43 ff 48 c7 c7 00 96 7b a1 e8 46 81 44 ff e9 fe fc ff ff <0f> 0b e9 a5 fa ff ff 48 c7 c1 80 44 5d a0 80 e1 07 80 c1 03 38 c1
00089 RSP: 0018:ffffc90001c874c8 EFLAGS: 00010246
00089 RAX: 0000000000000000 RBX: ffff88818e768400 RCX: 0000000000000046
00089 RDX: 0000000000000000 RSI: ffff88811fda89e8 RDI: ffff888150742a80
00089 RBP: ffff88811fda8958 R08: ffffffff83a16803 R09: 1ffffffff0742d00
00089 R10: dffffc0000000000 R11: fffffbfff0742d01 R12: ffff888139215000
00089 R13: dffffc0000000000 R14: 1ffff11031ced080 R15: 1ffff11027242a0f
00089 FS:  00007f872c69c940(0000) GS:ffff88831e6ad000(0000) knlGS:0000000000000000
00089 CS:  0010 DS: 0000 ES: 0000 CR0: 0000000080050033
00089 CR2: 00007ffdafdb2d68 CR3: 000000011ca55000 CR4: 0000000000750eb0
00089 PKRU: 55555554
00089 Call Trace:
00089  <TASK>
00089  ? local_object_create+0x109/0x640 [obdclass]
00089  ? dt_write_lock+0x16d/0x2a0 [obdclass]
00089  ? llog_osd_create+0x356/0x10d0 [obdclass]
00089  ? llog_create+0x2ed/0x530 [obdclass]
00089  ? llog_cat_new_log+0x6d1/0x2970 [obdclass]
00089  ? llog_cat_add_rec+0x6ba/0x1960 [obdclass]
00089  ? llog_cat_add+0x499/0x7a0 [obdclass]
00089  ? llog_test_8+0xd89/0x1c20 [llog_test]
00089  ? do_raw_spin_unlock+0x52/0x230
00089  ? _raw_spin_unlock+0x23/0x40
00089  ? __llog_ctxt_put+0x1c4/0x2f0 [obdclass]
00089  ? llog_run_tests+0x39a2/0x5ac0 [llog_test]
00089  ? get_random_u32+0x51/0x470
00089  ? llog_test_device_init+0x6e8/0xa20 [llog_test]
00089  ? obd_setup+0x54d/0x950 [obdclass]
00089  ? class_setup+0xc7d/0x10e0 [obdclass]
00089  ? class_process_config+0x2edb/0x7cb0 [obdclass]
00089  ? class_handle_ioctl+0x2055/0x3590 [obdclass]
00089  ? obd_class_ioctl+0x1f6/0x3c0 [obdclass]
00089  ? __x64_sys_ioctl+0x961/0xe00
00089  ? _copy_to_user+0x3d/0x60
00089  ? __x64_sys_rt_sigaction+0x107/0x140
00089  ? do_syscall_64+0xc1/0x350
00089  ? entry_SYSCALL_64_after_hwframe+0x4b/0x53
00089  </TASK>
00089 ---[ end trace 0000000000000000 ]---
00089 Lustre: 2189:0:(llog_test.c:1329:llog_test_8()) 8b: pin llog [0x1:0x12:0x0]
00089 Lustre: 2189:0:(llog_test.c:1332:llog_test_8()) 8b: clean first llog record in catalog
00089 Lustre: 2189:0:(llog_test.c:1343:llog_test_8()) 8c: corrupt first chunk in the middle
00089 Lustre: 2189:0:(llog_test.c:1346:llog_test_8()) 8c: corrupt second chunk at start
00089 Lustre: 2189:0:(llog_test.c:1349:llog_test_8()) 8d: count survived records
00089 Lustre: 2189:0:(llog_test.c:1379:llog_test_8()) 8d: close re-opened catalog
00089 Lustre: 2189:0:(llog_test.c:1440:llog_test_9()) 9a: test llog_logid_rec
00089 ------------[ cut here ]------------
00089 WARNING: /home/ktest/git/linux/include/linux/fs.h:889 at osd_create+0x9cf/0xcf0 [osd_wbcfs], CPU#5: lctl/2189
00089 Modules linked in: llog_test(O) mgs(O) osd_wbcfs(O) lustre(O) obdecho(O) mgc(O) mdc(O) lov(O) osc(O) lmv(O) ec(O) fid(O) fld(O) ptlrpc(O) efivarfs obdclass(O) ksocklnd(O) lnet(O) libcfs(O)
00089 CPU: 5 UID: 0 PID: 2189 Comm: lctl Tainted: G        W  O        7.0.0-ktest-2812b92-6330a45-20260710-dirty #1 PREEMPT 
00089 Tainted: [W]=WARN, [O]=OOT_MODULE
00089 Hardware name: QEMU Standard PC (Q35 + ICH9, 2009), BIOS 2025.11-3ubuntu7 03/31/2026
00089 RIP: 0010:osd_create+0x9cf/0xcf0 [osd_wbcfs]
00089 Code: c7 c7 00 96 7b a1 48 c7 c6 a0 12 7d a1 48 c7 c2 00 1c 7d a1 e8 52 f1 43 ff 48 c7 c7 00 96 7b a1 e8 46 81 44 ff e9 fe fc ff ff <0f> 0b e9 a5 fa ff ff 48 c7 c1 80 44 5d a0 80 e1 07 80 c1 03 38 c1
00089 RSP: 0018:ffffc90001c87710 EFLAGS: 00010246
00089 RAX: 0000000000000000 RBX: ffff88818e76fc00 RCX: 0000000000000046
00089 RDX: 0000000000000000 RSI: ffff88811fda82d0 RDI: ffff888150742a58
00089 RBP: ffff88811fda8240 R08: ffffffff83a16803 R09: 1ffffffff0742d00
00089 R10: dffffc0000000000 R11: fffffbfff0742d01 R12: ffff888139215000
00089 R13: dffffc0000000000 R14: 1ffff11031cedf80 R15: 1ffff11027242a0f
00089 FS:  00007f872c69c940(0000) GS:ffff88831e6ad000(0000) knlGS:0000000000000000
00089 CS:  0010 DS: 0000 ES: 0000 CR0: 0000000080050033
00089 CR2: 00007ffdafdb2d68 CR3: 000000011ca55000 CR4: 0000000000750eb0
00089 PKRU: 55555554
00089 Call Trace:
00089  <TASK>
00089  ? local_object_create+0x109/0x640 [obdclass]
00089  ? dt_write_lock+0x16d/0x2a0 [obdclass]
00089  ? llog_osd_create+0x356/0x10d0 [obdclass]
00089  ? llog_create+0x2ed/0x530 [obdclass]
00089  ? llog_open_create+0x6e7/0xb30 [obdclass]
00089  ? llog_test_9_sub+0xd4/0x800 [llog_test]
00089  ? llog_test_9+0x242/0x960 [llog_test]
00089  ? llog_run_tests+0x3d64/0x5ac0 [llog_test]
00089  ? get_random_u32+0x51/0x470
00089  ? llog_test_device_init+0x6e8/0xa20 [llog_test]
00089  ? obd_setup+0x54d/0x950 [obdclass]
00089  ? class_setup+0xc7d/0x10e0 [obdclass]
00089  ? class_process_config+0x2edb/0x7cb0 [obdclass]
00089  ? class_handle_ioctl+0x2055/0x3590 [obdclass]
00089  ? obd_class_ioctl+0x1f6/0x3c0 [obdclass]
00089  ? __x64_sys_ioctl+0x961/0xe00
00089  ? _copy_to_user+0x3d/0x60
00089  ? __x64_sys_rt_sigaction+0x107/0x140
00089  ? do_syscall_64+0xc1/0x350
00089  ? entry_SYSCALL_64_after_hwframe+0x4b/0x53
00089  </TASK>
00089 ---[ end trace 0000000000000000 ]---
00089 Lustre: 2189:0:(llog_test.c:1424:llog_test_9_sub()) 9_sub: record type 1064553b in log 0x1:0x14:0x0
00089 Lustre: 2189:0:(llog_test.c:1451:llog_test_9()) 9b: test llog_obd_cfg_rec
00089 ------------[ cut here ]------------
00089 WARNING: /home/ktest/git/linux/include/linux/fs.h:889 at osd_create+0x9cf/0xcf0 [osd_wbcfs], CPU#5: lctl/2189
00089 Modules linked in: llog_test(O) mgs(O) osd_wbcfs(O) lustre(O) obdecho(O) mgc(O) mdc(O) lov(O) osc(O) lmv(O) ec(O) fid(O) fld(O) ptlrpc(O) efivarfs obdclass(O) ksocklnd(O) lnet(O) libcfs(O)
00089 CPU: 5 UID: 0 PID: 2189 Comm: lctl Tainted: G        W  O        7.0.0-ktest-2812b92-6330a45-20260710-dirty #1 PREEMPT 
00089 Tainted: [W]=WARN, [O]=OOT_MODULE
00089 Hardware name: QEMU Standard PC (Q35 + ICH9, 2009), BIOS 2025.11-3ubuntu7 03/31/2026
00089 RIP: 0010:osd_create+0x9cf/0xcf0 [osd_wbcfs]
00089 Code: c7 c7 00 96 7b a1 48 c7 c6 a0 12 7d a1 48 c7 c2 00 1c 7d a1 e8 52 f1 43 ff 48 c7 c7 00 96 7b a1 e8 46 81 44 ff e9 fe fc ff ff <0f> 0b e9 a5 fa ff ff 48 c7 c1 80 44 5d a0 80 e1 07 80 c1 03 38 c1
00089 RSP: 0018:ffffc90001c87710 EFLAGS: 00010246
00089 RAX: 0000000000000000 RBX: ffff88818e76f000 RCX: 0000000000000046
00089 RDX: 0000000000000000 RSI: ffff88819afbfb68 RDI: ffff888150742a58
00089 RBP: ffff88819afbfad8 R08: ffffffff83a16803 R09: 1ffffffff0742d00
00089 R10: dffffc0000000000 R11: fffffbfff0742d01 R12: ffff888139215000
00089 R13: dffffc0000000000 R14: 1ffff11031cede00 R15: 1ffff11027242a0f
00089 FS:  00007f872c69c940(0000) GS:ffff88831e6ad000(0000) knlGS:0000000000000000
00089 CS:  0010 DS: 0000 ES: 0000 CR0: 0000000080050033
00089 CR2: 00007ffdafdb2d68 CR3: 000000011ca55000 CR4: 0000000000750eb0
00089 PKRU: 55555554
00089 Call Trace:
00089  <TASK>
00089  ? local_object_create+0x109/0x640 [obdclass]
00089  ? dt_write_lock+0x16d/0x2a0 [obdclass]
00089  ? llog_osd_create+0x356/0x10d0 [obdclass]
00089  ? llog_create+0x2ed/0x530 [obdclass]
00089  ? llog_open_create+0x6e7/0xb30 [obdclass]
00089  ? llog_test_9_sub+0xd4/0x800 [llog_test]
00089  ? llog_test_9+0x373/0x960 [llog_test]
00089  ? llog_run_tests+0x3d64/0x5ac0 [llog_test]
00089  ? get_random_u32+0x51/0x470
00089  ? llog_test_device_init+0x6e8/0xa20 [llog_test]
00089  ? obd_setup+0x54d/0x950 [obdclass]
00089  ? class_setup+0xc7d/0x10e0 [obdclass]
00089  ? class_process_config+0x2edb/0x7cb0 [obdclass]
00089  ? class_handle_ioctl+0x2055/0x3590 [obdclass]
00089  ? obd_class_ioctl+0x1f6/0x3c0 [obdclass]
00089  ? __x64_sys_ioctl+0x961/0xe00
00089  ? _copy_to_user+0x3d/0x60
00089  ? __x64_sys_rt_sigaction+0x107/0x140
00089  ? do_syscall_64+0xc1/0x350
00089  ? entry_SYSCALL_64_after_hwframe+0x4b/0x53
00089  </TASK>
00089 ---[ end trace 0000000000000000 ]---
00089 Lustre: 2189:0:(llog_test.c:1462:llog_test_9()) 9c: test llog_changelog_rec
00089 ------------[ cut here ]------------
00089 WARNING: /home/ktest/git/linux/include/linux/fs.h:889 at osd_create+0x9cf/0xcf0 [osd_wbcfs], CPU#5: lctl/2189
00089 Modules linked in: llog_test(O) mgs(O) osd_wbcfs(O) lustre(O) obdecho(O) mgc(O) mdc(O) lov(O) osc(O) lmv(O) ec(O) fid(O) fld(O) ptlrpc(O) efivarfs obdclass(O) ksocklnd(O) lnet(O) libcfs(O)
00089 CPU: 5 UID: 0 PID: 2189 Comm: lctl Tainted: G        W  O        7.0.0-ktest-2812b92-6330a45-20260710-dirty #1 PREEMPT 
00089 Tainted: [W]=WARN, [O]=OOT_MODULE
00089 Hardware name: QEMU Standard PC (Q35 + ICH9, 2009), BIOS 2025.11-3ubuntu7 03/31/2026
00089 RIP: 0010:osd_create+0x9cf/0xcf0 [osd_wbcfs]
00089 Code: c7 c7 00 96 7b a1 48 c7 c6 a0 12 7d a1 48 c7 c2 00 1c 7d a1 e8 52 f1 43 ff 48 c7 c7 00 96 7b a1 e8 46 81 44 ff e9 fe fc ff ff <0f> 0b e9 a5 fa ff ff 48 c7 c1 80 44 5d a0 80 e1 07 80 c1 03 38 c1
00089 RSP: 0018:ffffc90001c87710 EFLAGS: 00010246
00089 RAX: 0000000000000000 RBX: ffff88818e76e800 RCX: 0000000000000046
00089 RDX: 0000000000000000 RSI: ffff88819afbf450 RDI: ffff888150742a58
00089 RBP: ffff88819afbf3c0 R08: ffffffff83a16803 R09: 1ffffffff0742d00
00089 R10: dffffc0000000000 R11: fffffbfff0742d01 R12: ffff888139215000
00089 R13: dffffc0000000000 R14: 1ffff11031cedd00 R15: 1ffff11027242a0f
00089 FS:  00007f872c69c940(0000) GS:ffff88831e6ad000(0000) knlGS:0000000000000000
00089 CS:  0010 DS: 0000 ES: 0000 CR0: 0000000080050033
00089 CR2: 00007ffdafdb2d68 CR3: 000000011ca55000 CR4: 0000000000750eb0
00089 PKRU: 55555554
00089 Call Trace:
00089  <TASK>
00089  ? local_object_create+0x109/0x640 [obdclass]
00089  ? dt_write_lock+0x16d/0x2a0 [obdclass]
00089  ? llog_osd_create+0x356/0x10d0 [obdclass]
00089  ? llog_create+0x2ed/0x530 [obdclass]
00089  ? llog_open_create+0x6e7/0xb30 [obdclass]
00089  ? llog_test_9_sub+0xd4/0x800 [llog_test]
00089  ? llog_test_9+0x4a4/0x960 [llog_test]
00089  ? llog_run_tests+0x3d64/0x5ac0 [llog_test]
00089  ? get_random_u32+0x51/0x470
00089  ? llog_test_device_init+0x6e8/0xa20 [llog_test]
00089  ? obd_setup+0x54d/0x950 [obdclass]
00089  ? class_setup+0xc7d/0x10e0 [obdclass]
00089  ? class_process_config+0x2edb/0x7cb0 [obdclass]
00089  ? class_handle_ioctl+0x2055/0x3590 [obdclass]
00089  ? obd_class_ioctl+0x1f6/0x3c0 [obdclass]
00089  ? __x64_sys_ioctl+0x961/0xe00
00089  ? _copy_to_user+0x3d/0x60
00089  ? __x64_sys_rt_sigaction+0x107/0x140
00089  ? do_syscall_64+0xc1/0x350
00089  ? entry_SYSCALL_64_after_hwframe+0x4b/0x53
00089  </TASK>
00089 ---[ end trace 0000000000000000 ]---
00089 Lustre: 2189:0:(llog_test.c:1474:llog_test_9()) 9d: test llog_changelog_user_rec2
00089 ------------[ cut here ]------------
00089 WARNING: /home/ktest/git/linux/include/linux/fs.h:889 at osd_create+0x9cf/0xcf0 [osd_wbcfs], CPU#5: lctl/2189
00089 Modules linked in: llog_test(O) mgs(O) osd_wbcfs(O) lustre(O) obdecho(O) mgc(O) mdc(O) lov(O) osc(O) lmv(O) ec(O) fid(O) fld(O) ptlrpc(O) efivarfs obdclass(O) ksocklnd(O) lnet(O) libcfs(O)
00089 CPU: 5 UID: 0 PID: 2189 Comm: lctl Tainted: G        W  O        7.0.0-ktest-2812b92-6330a45-20260710-dirty #1 PREEMPT 
00089 Tainted: [W]=WARN, [O]=OOT_MODULE
00089 Hardware name: QEMU Standard PC (Q35 + ICH9, 2009), BIOS 2025.11-3ubuntu7 03/31/2026
00089 RIP: 0010:osd_create+0x9cf/0xcf0 [osd_wbcfs]
00089 Code: c7 c7 00 96 7b a1 48 c7 c6 a0 12 7d a1 48 c7 c2 00 1c 7d a1 e8 52 f1 43 ff 48 c7 c7 00 96 7b a1 e8 46 81 44 ff e9 fe fc ff ff <0f> 0b e9 a5 fa ff ff 48 c7 c1 80 44 5d a0 80 e1 07 80 c1 03 38 c1
00089 RSP: 0018:ffffc90001c87710 EFLAGS: 00010246
00089 RAX: 0000000000000000 RBX: ffff88818e484000 RCX: 0000000000000046
00089 RDX: 0000000000000000 RSI: ffff88819afbed38 RDI: ffff888150742a58
00089 RBP: ffff88819afbeca8 R08: ffffffff83a16803 R09: 1ffffffff0742d00
00089 R10: dffffc0000000000 R11: fffffbfff0742d01 R12: ffff888139215000
00089 R13: dffffc0000000000 R14: 1ffff11031c90800 R15: 1ffff11027242a0f
00089 FS:  00007f872c69c940(0000) GS:ffff88831e6ad000(0000) knlGS:0000000000000000
00089 CS:  0010 DS: 0000 ES: 0000 CR0: 0000000080050033
00089 CR2: 00007ffdafdb2d68 CR3: 000000011ca55000 CR4: 0000000000750eb0
00089 PKRU: 55555554
00089 Call Trace:
00089  <TASK>
00089  ? local_object_create+0x109/0x640 [obdclass]
00089  ? dt_write_lock+0x16d/0x2a0 [obdclass]
00089  ? llog_osd_create+0x356/0x10d0 [obdclass]
00089  ? llog_create+0x2ed/0x530 [obdclass]
00089  ? llog_open_create+0x6e7/0xb30 [obdclass]
00089  ? llog_test_9_sub+0xd4/0x800 [llog_test]
00089  ? llog_test_9+0x5d5/0x960 [llog_test]
00089  ? llog_run_tests+0x3d64/0x5ac0 [llog_test]
00089  ? get_random_u32+0x51/0x470
00089  ? llog_test_device_init+0x6e8/0xa20 [llog_test]
00089  ? obd_setup+0x54d/0x950 [obdclass]
00089  ? class_setup+0xc7d/0x10e0 [obdclass]
00089  ? class_process_config+0x2edb/0x7cb0 [obdclass]
00089  ? class_handle_ioctl+0x2055/0x3590 [obdclass]
00089  ? obd_class_ioctl+0x1f6/0x3c0 [obdclass]
00089  ? __x64_sys_ioctl+0x961/0xe00
00089  ? _copy_to_user+0x3d/0x60
00089  ? __x64_sys_rt_sigaction+0x107/0x140
00089  ? do_syscall_64+0xc1/0x350
00089  ? entry_SYSCALL_64_after_hwframe+0x4b/0x53
00089  </TASK>
00089 ---[ end trace 0000000000000000 ]---
00089 Lustre: 2189:0:(llog_test.c:1575:llog_test_10()) 10a: create a catalog log with name: 9f6ccfb8
00089 ------------[ cut here ]------------
00089 WARNING: /home/ktest/git/linux/include/linux/fs.h:889 at osd_create+0x9cf/0xcf0 [osd_wbcfs], CPU#5: lctl/2189
00089 Modules linked in: llog_test(O) mgs(O) osd_wbcfs(O) lustre(O) obdecho(O) mgc(O) mdc(O) lov(O) osc(O) lmv(O) ec(O) fid(O) fld(O) ptlrpc(O) efivarfs obdclass(O) ksocklnd(O) lnet(O) libcfs(O)
00089 CPU: 5 UID: 0 PID: 2189 Comm: lctl Tainted: G        W  O        7.0.0-ktest-2812b92-6330a45-20260710-dirty #1 PREEMPT 
00089 Tainted: [W]=WARN, [O]=OOT_MODULE
00089 Hardware name: QEMU Standard PC (Q35 + ICH9, 2009), BIOS 2025.11-3ubuntu7 03/31/2026
00089 RIP: 0010:osd_create+0x9cf/0xcf0 [osd_wbcfs]
00089 Code: c7 c7 00 96 7b a1 48 c7 c6 a0 12 7d a1 48 c7 c2 00 1c 7d a1 e8 52 f1 43 ff 48 c7 c7 00 96 7b a1 e8 46 81 44 ff e9 fe fc ff ff <0f> 0b e9 a5 fa ff ff 48 c7 c1 80 44 5d a0 80 e1 07 80 c1 03 38 c1
00089 RSP: 0018:ffffc90001c875c8 EFLAGS: 00010246
00089 RAX: 0000000000000000 RBX: ffff88818e483800 RCX: 0000000000000046
00089 RDX: 0000000000000000 RSI: ffff88819afbe620 RDI: ffff888150742a58
00089 RBP: ffff88819afbe590 R08: ffffffff83a16803 R09: 1ffffffff0742d00
00089 R10: dffffc0000000000 R11: fffffbfff0742d01 R12: ffff888139215000
00089 R13: dffffc0000000000 R14: 1ffff11031c90700 R15: 1ffff11027242a0f
00089 FS:  00007f872c69c940(0000) GS:ffff88831e6ad000(0000) knlGS:0000000000000000
00089 CS:  0010 DS: 0000 ES: 0000 CR0: 0000000080050033
00089 CR2: 00007ffdafdb2d68 CR3: 000000011ca55000 CR4: 0000000000750eb0
00089 PKRU: 55555554
00089 Call Trace:
00089  <TASK>
00089  ? local_object_create+0x109/0x640 [obdclass]
00089  ? dt_write_lock+0x16d/0x2a0 [obdclass]
00089  ? llog_osd_create+0x356/0x10d0 [obdclass]
00089  ? llog_create+0x2ed/0x530 [obdclass]
00089  ? llog_open_create+0x6e7/0xb30 [obdclass]
00089  ? llog_test_10+0x2e1/0x5520 [llog_test]
00089  ? lu_object_put+0xa64/0x1210 [obdclass]
00089  ? do_raw_spin_unlock+0x52/0x230
00089  ? _raw_spin_unlock+0x23/0x40
00089  ? __llog_ctxt_put+0x1c4/0x2f0 [obdclass]
00089  ? llog_run_tests+0x3f45/0x5ac0 [llog_test]
00089  ? get_random_u32+0x51/0x470
00089  ? llog_test_device_init+0x6e8/0xa20 [llog_test]
00089  ? obd_setup+0x54d/0x950 [obdclass]
00089  ? class_setup+0xc7d/0x10e0 [obdclass]
00089  ? class_process_config+0x2edb/0x7cb0 [obdclass]
00089  ? class_handle_ioctl+0x2055/0x3590 [obdclass]
00089  ? obd_class_ioctl+0x1f6/0x3c0 [obdclass]
00089  ? __x64_sys_ioctl+0x961/0xe00
00089  ? _copy_to_user+0x3d/0x60
00089  ? __x64_sys_rt_sigaction+0x107/0x140
00089  ? do_syscall_64+0xc1/0x350
00089  ? entry_SYSCALL_64_after_hwframe+0x4b/0x53
00089  </TASK>
00089 ---[ end trace 0000000000000000 ]---
00089 Lustre: 2189:0:(llog_test.c:1605:llog_test_10()) 10b: write 64767 log records
00089 ------------[ cut here ]------------
00089 WARNING: /home/ktest/git/linux/include/linux/fs.h:889 at osd_create+0x9cf/0xcf0 [osd_wbcfs], CPU#5: lctl/2189
00089 Modules linked in: llog_test(O) mgs(O) osd_wbcfs(O) lustre(O) obdecho(O) mgc(O) mdc(O) lov(O) osc(O) lmv(O) ec(O) fid(O) fld(O) ptlrpc(O) efivarfs obdclass(O) ksocklnd(O) lnet(O) libcfs(O)
00089 CPU: 5 UID: 0 PID: 2189 Comm: lctl Tainted: G        W  O        7.0.0-ktest-2812b92-6330a45-20260710-dirty #1 PREEMPT 
00089 Tainted: [W]=WARN, [O]=OOT_MODULE
00089 Hardware name: QEMU Standard PC (Q35 + ICH9, 2009), BIOS 2025.11-3ubuntu7 03/31/2026
00089 RIP: 0010:osd_create+0x9cf/0xcf0 [osd_wbcfs]
00089 Code: c7 c7 00 96 7b a1 48 c7 c6 a0 12 7d a1 48 c7 c2 00 1c 7d a1 e8 52 f1 43 ff 48 c7 c7 00 96 7b a1 e8 46 81 44 ff e9 fe fc ff ff <0f> 0b e9 a5 fa ff ff 48 c7 c1 80 44 5d a0 80 e1 07 80 c1 03 38 c1
00089 RSP: 0018:ffffc90001c87478 EFLAGS: 00010246
00089 RAX: 0000000000000000 RBX: ffff88818e483000 RCX: 0000000000000046
00089 RDX: 0000000000000000 RSI: ffff88819afbdf08 RDI: ffff888150742a80
00089 RBP: ffff88819afbde78 R08: ffffffff83a16803 R09: 1ffffffff0742d00
00089 R10: dffffc0000000000 R11: fffffbfff0742d01 R12: ffff888139215000
00089 R13: dffffc0000000000 R14: 1ffff11031c90600 R15: 1ffff11027242a0f
00089 FS:  00007f872c69c940(0000) GS:ffff88831e6ad000(0000) knlGS:0000000000000000
00089 CS:  0010 DS: 0000 ES: 0000 CR0: 0000000080050033
00089 CR2: 00007ffdafdb2d68 CR3: 000000011ca55000 CR4: 0000000000750eb0
00089 PKRU: 55555554
00089 Call Trace:
00089  <TASK>
00089  ? local_object_create+0x109/0x640 [obdclass]
00089  ? dt_write_lock+0x16d/0x2a0 [obdclass]
00089  ? llog_osd_create+0x356/0x10d0 [obdclass]
00089  ? llog_create+0x2ed/0x530 [obdclass]
00089  ? llog_cat_new_log+0x6d1/0x2970 [obdclass]
00089  ? llog_cat_add_rec+0x6ba/0x1960 [obdclass]
00089  ? llog_cat_add+0x499/0x7a0 [obdclass]
00089  ? llog_test_10+0x6d0/0x5520 [llog_test]
00089  ? lu_object_put+0xa64/0x1210 [obdclass]
00089  ? do_raw_spin_unlock+0x52/0x230
00089  ? _raw_spin_unlock+0x23/0x40
00089  ? __llog_ctxt_put+0x1c4/0x2f0 [obdclass]
00089  ? llog_run_tests+0x3f45/0x5ac0 [llog_test]
00089  ? get_random_u32+0x51/0x470
00089  ? llog_test_device_init+0x6e8/0xa20 [llog_test]
00089  ? obd_setup+0x54d/0x950 [obdclass]
00089  ? class_setup+0xc7d/0x10e0 [obdclass]
00089  ? class_process_config+0x2edb/0x7cb0 [obdclass]
00089  ? class_handle_ioctl+0x2055/0x3590 [obdclass]
00089  ? obd_class_ioctl+0x1f6/0x3c0 [obdclass]
00089  ? __x64_sys_ioctl+0x961/0xe00
00089  ? _copy_to_user+0x3d/0x60
00089  ? __x64_sys_rt_sigaction+0x107/0x140
00089  ? do_syscall_64+0xc1/0x350
00089  ? entry_SYSCALL_64_after_hwframe+0x4b/0x53
00089  </TASK>
00089 ---[ end trace 0000000000000000 ]---
00091 ------------[ cut here ]------------
00091 WARNING: /home/ktest/git/linux/include/linux/fs.h:889 at osd_create+0x9cf/0xcf0 [osd_wbcfs], CPU#5: lctl/2189
00091 Modules linked in: llog_test(O) mgs(O) osd_wbcfs(O) lustre(O) obdecho(O) mgc(O) mdc(O) lov(O) osc(O) lmv(O) ec(O) fid(O) fld(O) ptlrpc(O) efivarfs obdclass(O) ksocklnd(O) lnet(O) libcfs(O)
00091 CPU: 5 UID: 0 PID: 2189 Comm: lctl Tainted: G        W  O        7.0.0-ktest-2812b92-6330a45-20260710-dirty #1 PREEMPT 
00091 Tainted: [W]=WARN, [O]=OOT_MODULE
00091 Hardware name: QEMU Standard PC (Q35 + ICH9, 2009), BIOS 2025.11-3ubuntu7 03/31/2026
00091 RIP: 0010:osd_create+0x9cf/0xcf0 [osd_wbcfs]
00091 Code: c7 c7 00 96 7b a1 48 c7 c6 a0 12 7d a1 48 c7 c2 00 1c 7d a1 e8 52 f1 43 ff 48 c7 c7 00 96 7b a1 e8 46 81 44 ff e9 fe fc ff ff <0f> 0b e9 a5 fa ff ff 48 c7 c1 80 44 5d a0 80 e1 07 80 c1 03 38 c1
00091 RSP: 0018:ffffc90001c87478 EFLAGS: 00010246
00091 RAX: 0000000000000000 RBX: ffff88818e482800 RCX: 0000000000000046
00091 RDX: 0000000000000000 RSI: ffff88819afbd7f0 RDI: ffff888150742a80
00091 RBP: ffff88819afbd760 R08: ffffffff83a16803 R09: 1ffffffff0742d00
00091 R10: dffffc0000000000 R11: fffffbfff0742d01 R12: ffff888139215000
00091 R13: dffffc0000000000 R14: 1ffff11031c90500 R15: 1ffff11027242a0f
00091 FS:  00007f872c69c940(0000) GS:ffff88831e6ad000(0000) knlGS:0000000000000000
00091 CS:  0010 DS: 0000 ES: 0000 CR0: 0000000080050033
00091 CR2: 00007ffdafdb2d68 CR3: 000000011ca55000 CR4: 0000000000750eb0
00091 PKRU: 55555554
00091 Call Trace:
00091  <TASK>
00091  ? local_object_create+0x109/0x640 [obdclass]
00091  ? dt_write_lock+0x16d/0x2a0 [obdclass]
00091  ? llog_osd_create+0x356/0x10d0 [obdclass]
00091  ? llog_create+0x2ed/0x530 [obdclass]
00091  ? llog_cat_new_log+0x6d1/0x2970 [obdclass]
00091  ? llog_cat_add_rec+0x6ba/0x1960 [obdclass]
00091  ? llog_cat_add+0x499/0x7a0 [obdclass]
00091  ? llog_test_10+0x6d0/0x5520 [llog_test]
00091  ? lu_object_put+0xa64/0x1210 [obdclass]
00091  ? do_raw_spin_unlock+0x52/0x230
00091  ? _raw_spin_unlock+0x23/0x40
00091  ? __llog_ctxt_put+0x1c4/0x2f0 [obdclass]
00091  ? llog_run_tests+0x3f45/0x5ac0 [llog_test]
00091  ? get_random_u32+0x51/0x470
00091  ? llog_test_device_init+0x6e8/0xa20 [llog_test]
00091  ? obd_setup+0x54d/0x950 [obdclass]
00091  ? class_setup+0xc7d/0x10e0 [obdclass]
00091  ? class_process_config+0x2edb/0x7cb0 [obdclass]
00091  ? class_handle_ioctl+0x2055/0x3590 [obdclass]
00091  ? obd_class_ioctl+0x1f6/0x3c0 [obdclass]
00091  ? __x64_sys_ioctl+0x961/0xe00
00091  ? _copy_to_user+0x3d/0x60
00091  ? __x64_sys_rt_sigaction+0x107/0x140
00091  ? do_syscall_64+0xc1/0x350
00091  ? entry_SYSCALL_64_after_hwframe+0x4b/0x53
00091  </TASK>
00091 ---[ end trace 0000000000000000 ]---
00091 Lustre: 2189:0:(llog_test.c:1631:llog_test_10()) 10c: write 129534 more log records
00094 ------------[ cut here ]------------
00094 WARNING: /home/ktest/git/linux/include/linux/fs.h:889 at osd_create+0x9cf/0xcf0 [osd_wbcfs], CPU#5: lctl/2189
00094 Modules linked in: llog_test(O) mgs(O) osd_wbcfs(O) lustre(O) obdecho(O) mgc(O) mdc(O) lov(O) osc(O) lmv(O) ec(O) fid(O) fld(O) ptlrpc(O) efivarfs obdclass(O) ksocklnd(O) lnet(O) libcfs(O)
00094 CPU: 5 UID: 0 PID: 2189 Comm: lctl Tainted: G        W  O        7.0.0-ktest-2812b92-6330a45-20260710-dirty #1 PREEMPT 
00094 Tainted: [W]=WARN, [O]=OOT_MODULE
00094 Hardware name: QEMU Standard PC (Q35 + ICH9, 2009), BIOS 2025.11-3ubuntu7 03/31/2026
00094 RIP: 0010:osd_create+0x9cf/0xcf0 [osd_wbcfs]
00094 Code: c7 c7 00 96 7b a1 48 c7 c6 a0 12 7d a1 48 c7 c2 00 1c 7d a1 e8 52 f1 43 ff 48 c7 c7 00 96 7b a1 e8 46 81 44 ff e9 fe fc ff ff <0f> 0b e9 a5 fa ff ff 48 c7 c1 80 44 5d a0 80 e1 07 80 c1 03 38 c1
00094 RSP: 0018:ffffc90001c87478 EFLAGS: 00010246
00094 RAX: 0000000000000000 RBX: ffff88811b277800 RCX: 0000000000000046
00094 RDX: 0000000000000000 RSI: ffff88811fdafb68 RDI: ffff888150742a80
00094 RBP: ffff88811fdafad8 R08: ffffffff83a16803 R09: 1ffffffff0742d00
00094 R10: dffffc0000000000 R11: fffffbfff0742d01 R12: ffff888139215000
00094 R13: dffffc0000000000 R14: 1ffff1102364ef00 R15: 1ffff11027242a0f
00094 FS:  00007f872c69c940(0000) GS:ffff88831e6ad000(0000) knlGS:0000000000000000
00094 CS:  0010 DS: 0000 ES: 0000 CR0: 0000000080050033
00094 CR2: 00007ffdafdb2d68 CR3: 000000011ca55000 CR4: 0000000000750eb0
00094 PKRU: 55555554
00094 Call Trace:
00094  <TASK>
00094  ? local_object_create+0x109/0x640 [obdclass]
00094  ? dt_write_lock+0x16d/0x2a0 [obdclass]
00094  ? llog_osd_create+0x356/0x10d0 [obdclass]
00094  ? llog_create+0x2ed/0x530 [obdclass]
00094  ? llog_cat_new_log+0x6d1/0x2970 [obdclass]
00094  ? llog_cat_add_rec+0x6ba/0x1960 [obdclass]
00094  ? llog_cat_add+0x499/0x7a0 [obdclass]
00094  ? llog_test_10+0x986/0x5520 [llog_test]
00094  ? lu_object_put+0xa64/0x1210 [obdclass]
00094  ? do_raw_spin_unlock+0x52/0x230
00094  ? _raw_spin_unlock+0x23/0x40
00094  ? __llog_ctxt_put+0x1c4/0x2f0 [obdclass]
00094  ? llog_run_tests+0x3f45/0x5ac0 [llog_test]
00094  ? get_random_u32+0x51/0x470
00094  ? llog_test_device_init+0x6e8/0xa20 [llog_test]
00094  ? obd_setup+0x54d/0x950 [obdclass]
00094  ? class_setup+0xc7d/0x10e0 [obdclass]
00094  ? class_process_config+0x2edb/0x7cb0 [obdclass]
00094  ? class_handle_ioctl+0x2055/0x3590 [obdclass]
00094  ? obd_class_ioctl+0x1f6/0x3c0 [obdclass]
00094  ? __x64_sys_ioctl+0x961/0xe00
00094  ? _copy_to_user+0x3d/0x60
00094  ? __x64_sys_rt_sigaction+0x107/0x140
00094  ? do_syscall_64+0xc1/0x350
00094  ? entry_SYSCALL_64_after_hwframe+0x4b/0x53
00094  </TASK>
00094 ---[ end trace 0000000000000000 ]---
00097 ------------[ cut here ]------------
00097 WARNING: /home/ktest/git/linux/include/linux/fs.h:889 at osd_create+0x9cf/0xcf0 [osd_wbcfs], CPU#5: lctl/2189
00097 Modules linked in: llog_test(O) mgs(O) osd_wbcfs(O) lustre(O) obdecho(O) mgc(O) mdc(O) lov(O) osc(O) lmv(O) ec(O) fid(O) fld(O) ptlrpc(O) efivarfs obdclass(O) ksocklnd(O) lnet(O) libcfs(O)
00097 CPU: 5 UID: 0 PID: 2189 Comm: lctl Tainted: G        W  O        7.0.0-ktest-2812b92-6330a45-20260710-dirty #1 PREEMPT 
00097 Tainted: [W]=WARN, [O]=OOT_MODULE
00097 Hardware name: QEMU Standard PC (Q35 + ICH9, 2009), BIOS 2025.11-3ubuntu7 03/31/2026
00097 RIP: 0010:osd_create+0x9cf/0xcf0 [osd_wbcfs]
00097 Code: c7 c7 00 96 7b a1 48 c7 c6 a0 12 7d a1 48 c7 c2 00 1c 7d a1 e8 52 f1 43 ff 48 c7 c7 00 96 7b a1 e8 46 81 44 ff e9 fe fc ff ff <0f> 0b e9 a5 fa ff ff 48 c7 c1 80 44 5d a0 80 e1 07 80 c1 03 38 c1
00097 RSP: 0018:ffffc90001c87478 EFLAGS: 00010246
00097 RAX: 0000000000000000 RBX: ffff888102c0d800 RCX: 0000000000000046
00097 RDX: 0000000000000000 RSI: ffff88811fdaf450 RDI: ffff888150742a80
00097 RBP: ffff88811fdaf3c0 R08: ffffffff83a16803 R09: 1ffffffff0742d00
00097 R10: dffffc0000000000 R11: fffffbfff0742d01 R12: ffff888139215000
00097 R13: dffffc0000000000 R14: 1ffff11020581b00 R15: 1ffff11027242a0f
00097 FS:  00007f872c69c940(0000) GS:ffff88831e6ad000(0000) knlGS:0000000000000000
00097 CS:  0010 DS: 0000 ES: 0000 CR0: 0000000080050033
00097 CR2: 00007ffdafdb2d68 CR3: 000000011ca55000 CR4: 0000000000750eb0
00097 PKRU: 55555554
00097 Call Trace:
00097  <TASK>
00097  ? local_object_create+0x109/0x640 [obdclass]
00097  ? dt_write_lock+0x16d/0x2a0 [obdclass]
00097  ? llog_osd_create+0x356/0x10d0 [obdclass]
00097  ? llog_create+0x2ed/0x530 [obdclass]
00097  ? llog_cat_new_log+0x6d1/0x2970 [obdclass]
00097  ? llog_cat_add_rec+0x6ba/0x1960 [obdclass]
00097  ? llog_cat_add+0x499/0x7a0 [obdclass]
00097  ? llog_test_10+0x986/0x5520 [llog_test]
00097  ? lu_object_put+0xa64/0x1210 [obdclass]
00097  ? do_raw_spin_unlock+0x52/0x230
00097  ? _raw_spin_unlock+0x23/0x40
00097  ? __llog_ctxt_put+0x1c4/0x2f0 [obdclass]
00097  ? llog_run_tests+0x3f45/0x5ac0 [llog_test]
00097  ? get_random_u32+0x51/0x470
00097  ? llog_test_device_init+0x6e8/0xa20 [llog_test]
00097  ? obd_setup+0x54d/0x950 [obdclass]
00097  ? class_setup+0xc7d/0x10e0 [obdclass]
00097  ? class_process_config+0x2edb/0x7cb0 [obdclass]
00097  ? class_handle_ioctl+0x2055/0x3590 [obdclass]
00097  ? obd_class_ioctl+0x1f6/0x3c0 [obdclass]
00097  ? __x64_sys_ioctl+0x961/0xe00
00097  ? _copy_to_user+0x3d/0x60
00097  ? __x64_sys_rt_sigaction+0x107/0x140
00097  ? do_syscall_64+0xc1/0x350
00097  ? entry_SYSCALL_64_after_hwframe+0x4b/0x53
00097  </TASK>
00097 ---[ end trace 0000000000000000 ]---
00097 Lustre: 2189:0:(llog_test.c:1663:llog_test_10()) 10c: write 64767 more log records
00099 Lustre: 2189:0:(llog_cat.c:80:llog_cat_new_log()) MGS: there are no more free slots in catalog 9f6ccfb8
00099 LustreError: 2189:0:(llog_cat.c:588:llog_cat_add_rec()) MGS: initialization error: rc = -28
00099 Lustre: 2189:0:(llog_test.c:1689:llog_test_10()) 10c: wrote 64011 records then 756 failed with ENOSPC
00099 Lustre: 2189:0:(llog_test.c:1708:llog_test_10()) 10d: Cancel 64767 records, see one log zapped
00101 Lustre: 2189:0:(llog_test.c:1722:llog_test_10()) 10d: print the catalog entries.. we expect 3
00101 Lustre: 2217:0:(llog_test.c:700:cat_print_cb()) seeing record at index 2 - [0x1:0x19:0x0] in log [0xa:0x5:0x0]
00101 Lustre: 2189:0:(llog_test.c:1752:llog_test_10()) 10e: write 64767 more log records
00101 ------------[ cut here ]------------
00101 WARNING: /home/ktest/git/linux/include/linux/fs.h:889 at osd_create+0x9cf/0xcf0 [osd_wbcfs], CPU#5: lctl/2189
00101 Modules linked in: llog_test(O) mgs(O) osd_wbcfs(O) lustre(O) obdecho(O) mgc(O) mdc(O) lov(O) osc(O) lmv(O) ec(O) fid(O) fld(O) ptlrpc(O) efivarfs obdclass(O) ksocklnd(O) lnet(O) libcfs(O)
00101 CPU: 5 UID: 0 PID: 2189 Comm: lctl Tainted: G        W  O        7.0.0-ktest-2812b92-6330a45-20260710-dirty #1 PREEMPT 
00101 Tainted: [W]=WARN, [O]=OOT_MODULE
00101 Hardware name: QEMU Standard PC (Q35 + ICH9, 2009), BIOS 2025.11-3ubuntu7 03/31/2026
00101 RIP: 0010:osd_create+0x9cf/0xcf0 [osd_wbcfs]
00101 Code: c7 c7 00 96 7b a1 48 c7 c6 a0 12 7d a1 48 c7 c2 00 1c 7d a1 e8 52 f1 43 ff 48 c7 c7 00 96 7b a1 e8 46 81 44 ff e9 fe fc ff ff <0f> 0b e9 a5 fa ff ff 48 c7 c1 80 44 5d a0 80 e1 07 80 c1 03 38 c1
00101 RSP: 0018:ffffc90001c87478 EFLAGS: 00010246
00101 RAX: 0000000000000000 RBX: ffff88827fca2400 RCX: 0000000000000046
00101 RDX: 0000000000000000 RSI: ffff88811fdaed38 RDI: ffff888150742a80
00101 RBP: ffff88811fdaeca8 R08: ffffffff83a16803 R09: 1ffffffff0742d00
00101 R10: dffffc0000000000 R11: fffffbfff0742d01 R12: ffff888139215000
00101 R13: dffffc0000000000 R14: 1ffff1104ff94480 R15: 1ffff11027242a0f
00101 FS:  00007f872c69c940(0000) GS:ffff88831e6ad000(0000) knlGS:0000000000000000
00101 CS:  0010 DS: 0000 ES: 0000 CR0: 0000000080050033
00101 CR2: 00007ffdafdb2d68 CR3: 000000011ca55000 CR4: 0000000000750eb0
00101 PKRU: 55555554
00101 Call Trace:
00101  <TASK>
00101  ? local_object_create+0x109/0x640 [obdclass]
00101  ? dt_write_lock+0x16d/0x2a0 [obdclass]
00101  ? llog_osd_create+0x356/0x10d0 [obdclass]
00101  ? llog_create+0x2ed/0x530 [obdclass]
00101  ? llog_cat_new_log+0x6d1/0x2970 [obdclass]
00101  ? llog_cat_add_rec+0x6ba/0x1960 [obdclass]
00101  ? llog_cat_add+0x499/0x7a0 [obdclass]
00101  ? llog_test_10+0x1844/0x5520 [llog_test]
00101  ? lu_object_put+0xa64/0x1210 [obdclass]
00101  ? do_raw_spin_unlock+0x52/0x230
00101  ? _raw_spin_unlock+0x23/0x40
00101  ? __llog_ctxt_put+0x1c4/0x2f0 [obdclass]
00101  ? llog_run_tests+0x3f45/0x5ac0 [llog_test]
00101  ? get_random_u32+0x51/0x470
00101  ? llog_test_device_init+0x6e8/0xa20 [llog_test]
00101  ? obd_setup+0x54d/0x950 [obdclass]
00101  ? class_setup+0xc7d/0x10e0 [obdclass]
00101  ? class_process_config+0x2edb/0x7cb0 [obdclass]
00101  ? class_handle_ioctl+0x2055/0x3590 [obdclass]
00101  ? obd_class_ioctl+0x1f6/0x3c0 [obdclass]
00101  ? __x64_sys_ioctl+0x961/0xe00
00101  ? _copy_to_user+0x3d/0x60
00101  ? __x64_sys_rt_sigaction+0x107/0x140
00101  ? do_syscall_64+0xc1/0x350
00101  ? entry_SYSCALL_64_after_hwframe+0x4b/0x53
00101  </TASK>
00101 ---[ end trace 0000000000000000 ]---
00104 Lustre: 2189:0:(llog_cat.c:80:llog_cat_new_log()) MGS: there are no more free slots in catalog 9f6ccfb8
00104 Lustre: 2189:0:(llog_cat.c:80:llog_cat_new_log()) Skipped 755 previous similar messages
00104 LustreError: 2189:0:(llog_cat.c:588:llog_cat_add_rec()) MGS: initialization error: rc = -28
00104 LustreError: 2189:0:(llog_cat.c:588:llog_cat_add_rec()) Skipped 755 previous similar messages
00104 Lustre: 2189:0:(llog_test.c:1778:llog_test_10()) 10e: wrote 64578 records then 189 failed with ENOSPC
00104 Lustre: 2189:0:(llog_test.c:1780:llog_test_10()) 10e: print the catalog entries.. we expect 4
00104 Lustre: 2189:0:(llog_cat.c:977:llog_cat_process_or_fork()) MGS: catlog [0xa:0x5:0x0] crosses index zero
00104 Lustre: 2189:0:(llog_test.c:700:cat_print_cb()) seeing record at index 2 - [0x1:0x19:0x0] in log [0xa:0x5:0x0]
00104 Lustre: 2189:0:(llog_test.c:700:cat_print_cb()) Skipped 2 previous similar messages
00104 Lustre: 2189:0:(llog_test.c:1816:llog_test_10()) 10e: catalog successfully wrap around, last_idx 1, first 1
00104 Lustre: 2189:0:(llog_test.c:1833:llog_test_10()) 10f: Cancel 64767 records, see one log zapped
00106 Lustre: 2189:0:(llog_test.c:1847:llog_test_10()) 10f: print the catalog entries.. we expect 3
00106 Lustre: 2189:0:(llog_cat.c:977:llog_cat_process_or_fork()) MGS: catlog [0xa:0x5:0x0] crosses index zero
00106 Lustre: 2189:0:(llog_cat.c:977:llog_cat_process_or_fork()) Skipped 1 previous similar message
00106 Lustre: 2189:0:(llog_test.c:1878:llog_test_10()) 10f: write 64767 more log records
00106 ------------[ cut here ]------------
00106 WARNING: /home/ktest/git/linux/include/linux/fs.h:889 at osd_create+0x9cf/0xcf0 [osd_wbcfs], CPU#5: lctl/2189
00106 Modules linked in: llog_test(O) mgs(O) osd_wbcfs(O) lustre(O) obdecho(O) mgc(O) mdc(O) lov(O) osc(O) lmv(O) ec(O) fid(O) fld(O) ptlrpc(O) efivarfs obdclass(O) ksocklnd(O) lnet(O) libcfs(O)
00106 CPU: 5 UID: 0 PID: 2189 Comm: lctl Tainted: G        W  O        7.0.0-ktest-2812b92-6330a45-20260710-dirty #1 PREEMPT 
00106 Tainted: [W]=WARN, [O]=OOT_MODULE
00106 Hardware name: QEMU Standard PC (Q35 + ICH9, 2009), BIOS 2025.11-3ubuntu7 03/31/2026
00106 RIP: 0010:osd_create+0x9cf/0xcf0 [osd_wbcfs]
00106 Code: c7 c7 00 96 7b a1 48 c7 c6 a0 12 7d a1 48 c7 c2 00 1c 7d a1 e8 52 f1 43 ff 48 c7 c7 00 96 7b a1 e8 46 81 44 ff e9 fe fc ff ff <0f> 0b e9 a5 fa ff ff 48 c7 c1 80 44 5d a0 80 e1 07 80 c1 03 38 c1
00106 RSP: 0018:ffffc90001c87478 EFLAGS: 00010246
00106 RAX: 0000000000000000 RBX: ffff88828d0d6800 RCX: 0000000000000046
00106 RDX: 0000000000000000 RSI: ffff88811fdae620 RDI: ffff888150742a80
00106 RBP: ffff88811fdae590 R08: ffffffff83a16803 R09: 1ffffffff0742d00
00106 R10: dffffc0000000000 R11: fffffbfff0742d01 R12: ffff888139215000
00106 R13: dffffc0000000000 R14: 1ffff11051a1ad00 R15: 1ffff11027242a0f
00106 FS:  00007f872c69c940(0000) GS:ffff88831e6ad000(0000) knlGS:0000000000000000
00106 CS:  0010 DS: 0000 ES: 0000 CR0: 0000000080050033
00106 CR2: 00007ffdafdb2d68 CR3: 000000011ca55000 CR4: 0000000000750eb0
00106 PKRU: 55555554
00106 Call Trace:
00106  <TASK>
00106  ? local_object_create+0x109/0x640 [obdclass]
00106  ? dt_write_lock+0x16d/0x2a0 [obdclass]
00106  ? llog_osd_create+0x356/0x10d0 [obdclass]
00106  ? llog_create+0x2ed/0x530 [obdclass]
00106  ? llog_cat_new_log+0x6d1/0x2970 [obdclass]
00106  ? llog_cat_add_rec+0x6ba/0x1960 [obdclass]
00106  ? llog_cat_add+0x499/0x7a0 [obdclass]
00106  ? llog_test_10+0x2b62/0x5520 [llog_test]
00106  ? lu_object_put+0xa64/0x1210 [obdclass]
00106  ? do_raw_spin_unlock+0x52/0x230
00106  ? _raw_spin_unlock+0x23/0x40
00106  ? __llog_ctxt_put+0x1c4/0x2f0 [obdclass]
00106  ? llog_run_tests+0x3f45/0x5ac0 [llog_test]
00106  ? get_random_u32+0x51/0x470
00106  ? llog_test_device_init+0x6e8/0xa20 [llog_test]
00106  ? obd_setup+0x54d/0x950 [obdclass]
00106  ? class_setup+0xc7d/0x10e0 [obdclass]
00106  ? class_process_config+0x2edb/0x7cb0 [obdclass]
00106  ? class_handle_ioctl+0x2055/0x3590 [obdclass]
00106  ? obd_class_ioctl+0x1f6/0x3c0 [obdclass]
00106  ? __x64_sys_ioctl+0x961/0xe00
00106  ? _copy_to_user+0x3d/0x60
00106  ? __x64_sys_rt_sigaction+0x107/0x140
00106  ? do_syscall_64+0xc1/0x350
00106  ? entry_SYSCALL_64_after_hwframe+0x4b/0x53
00106  </TASK>
00106 ---[ end trace 0000000000000000 ]---
00108 Lustre: 2189:0:(llog_cat.c:80:llog_cat_new_log()) MGS: there are no more free slots in catalog 9f6ccfb8
00108 Lustre: 2189:0:(llog_cat.c:80:llog_cat_new_log()) Skipped 188 previous similar messages
00108 LustreError: 2189:0:(llog_cat.c:588:llog_cat_add_rec()) MGS: initialization error: rc = -28
00108 LustreError: 2189:0:(llog_cat.c:588:llog_cat_add_rec()) Skipped 188 previous similar messages
00108 Lustre: 2189:0:(llog_test.c:1904:llog_test_10()) 10f: wrote 64578 records then 189 failed with ENOSPC
00108 Lustre: 2189:0:(llog_test.c:1950:llog_test_10()) 10g: Cancel 64767 records, see one log zapped
00108 Lustre: 2189:0:(llog_cat.c:977:llog_cat_process_or_fork()) MGS: catlog [0xa:0x5:0x0] crosses index zero
00110 Lustre: 2189:0:(llog_test.c:1962:llog_test_10()) 10g: print the catalog entries.. we expect 3
00110 Lustre: 2189:0:(llog_test.c:700:cat_print_cb()) seeing record at index 4 - [0x1:0x1b:0x0] in log [0xa:0x5:0x0]
00110 Lustre: 2189:0:(llog_test.c:700:cat_print_cb()) Skipped 6 previous similar messages
00110 Lustre: 2189:0:(llog_test.c:1992:llog_test_10()) 10g: Cancel 64767 records, see one log zapped
00112 Lustre: 2189:0:(llog_test.c:2006:llog_test_10()) 10g: print the catalog entries.. we expect 2
00112 Lustre: 2189:0:(llog_test.c:2044:llog_test_10()) 10g: Cancel 64767 records, see one log zapped
00114 Lustre: 2189:0:(llog_test.c:2058:llog_test_10()) 10g: print the catalog entries.. we expect 1
00114 Lustre: 2189:0:(llog_test.c:2084:llog_test_10()) 10g: llh_cat_idx has also successfully wrapped!
00114 Lustre: 2219:0:(llog_test.c:1534:cat_check_old_cb()) seeing record at index 2 - [0x1:0x1d:0x0] in log [0xa:0x5:0x0]
00115 Lustre: 2189:0:(llog_test.c:2108:llog_test_10()) 10h: write 64767 more log records
00115 ------------[ cut here ]------------
00115 WARNING: /home/ktest/git/linux/include/linux/fs.h:889 at osd_create+0x9cf/0xcf0 [osd_wbcfs], CPU#5: lctl/2189
00115 Modules linked in: llog_test(O) mgs(O) osd_wbcfs(O) lustre(O) obdecho(O) mgc(O) mdc(O) lov(O) osc(O) lmv(O) ec(O) fid(O) fld(O) ptlrpc(O) efivarfs obdclass(O) ksocklnd(O) lnet(O) libcfs(O)
00115 CPU: 5 UID: 0 PID: 2189 Comm: lctl Tainted: G        W  O        7.0.0-ktest-2812b92-6330a45-20260710-dirty #1 PREEMPT 
00115 Tainted: [W]=WARN, [O]=OOT_MODULE
00115 Hardware name: QEMU Standard PC (Q35 + ICH9, 2009), BIOS 2025.11-3ubuntu7 03/31/2026
00115 RIP: 0010:osd_create+0x9cf/0xcf0 [osd_wbcfs]
00115 Code: c7 c7 00 96 7b a1 48 c7 c6 a0 12 7d a1 48 c7 c2 00 1c 7d a1 e8 52 f1 43 ff 48 c7 c7 00 96 7b a1 e8 46 81 44 ff e9 fe fc ff ff <0f> 0b e9 a5 fa ff ff 48 c7 c1 80 44 5d a0 80 e1 07 80 c1 03 38 c1
00115 RSP: 0018:ffffc90001c87478 EFLAGS: 00010246
00115 RAX: 0000000000000000 RBX: ffff888074383c00 RCX: 0000000000000046
00115 RDX: 0000000000000000 RSI: ffff88811fdadf08 RDI: ffff888150742a80
00115 RBP: ffff88811fdade78 R08: ffffffff83a16803 R09: 1ffffffff0742d00
00115 R10: dffffc0000000000 R11: fffffbfff0742d01 R12: ffff888139215000
00115 R13: dffffc0000000000 R14: 1ffff1100e870780 R15: 1ffff11027242a0f
00115 FS:  00007f872c69c940(0000) GS:ffff88831e6ad000(0000) knlGS:0000000000000000
00115 CS:  0010 DS: 0000 ES: 0000 CR0: 0000000080050033
00115 CR2: 00007ffdafdb2d68 CR3: 000000011ca55000 CR4: 0000000000750eb0
00115 PKRU: 55555554
00115 Call Trace:
00115  <TASK>
00115  ? local_object_create+0x109/0x640 [obdclass]
00115  ? dt_write_lock+0x16d/0x2a0 [obdclass]
00115  ? llog_osd_create+0x356/0x10d0 [obdclass]
00115  ? llog_create+0x2ed/0x530 [obdclass]
00115  ? llog_cat_new_log+0x6d1/0x2970 [obdclass]
00115  ? llog_cat_add_rec+0x6ba/0x1960 [obdclass]
00115  ? llog_cat_add+0x499/0x7a0 [obdclass]
00115  ? llog_test_10+0x5016/0x5520 [llog_test]
00115  ? llog_test_9_sub+0x800/0x800 [llog_test]
00115  ? llog_run_tests+0x3f45/0x5ac0 [llog_test]
00115  ? get_random_u32+0x51/0x470
00115  ? llog_test_device_init+0x6e8/0xa20 [llog_test]
00115  ? obd_setup+0x54d/0x950 [obdclass]
00115  ? class_setup+0xc7d/0x10e0 [obdclass]
00115  ? class_process_config+0x2edb/0x7cb0 [obdclass]
00115  ? class_handle_ioctl+0x2055/0x3590 [obdclass]
00115  ? obd_class_ioctl+0x1f6/0x3c0 [obdclass]
00115  ? __x64_sys_ioctl+0x961/0xe00
00115  ? _copy_to_user+0x3d/0x60
00115  ? __x64_sys_rt_sigaction+0x107/0x140
00115  ? do_syscall_64+0xc1/0x350
00115  ? entry_SYSCALL_64_after_hwframe+0x4b/0x53
00115  </TASK>
00115 ---[ end trace 0000000000000000 ]---
00115 LustreError: 2189:0:(llog_osd.c:684:llog_osd_write_rec()) cfs_race id 1317 sleeping
00115 LustreError: 2219:0:(llog.c:685:llog_process_thread()) cfs_fail_race id 1317 waking
00115 LustreError: 2189:0:(llog_osd.c:684:llog_osd_write_rec()) cfs_fail_race id 1317 awake: rc=449
00116 LustreError: 2219:0:(llog.c:685:llog_process_thread()) cfs_fail_race id 1317 waking
00116 Lustre: 2219:0:(llog_test.c:1534:cat_check_old_cb()) seeing record at index 3 - [0x1:0x1e:0x0] in log [0xa:0x5:0x0]
00119 ------------[ cut here ]------------
00119 WARNING: /home/ktest/git/linux/include/linux/fs.h:889 at osd_create+0x9cf/0xcf0 [osd_wbcfs], CPU#5: lctl/2189
00119 Modules linked in: llog_test(O) mgs(O) osd_wbcfs(O) lustre(O) obdecho(O) mgc(O) mdc(O) lov(O) osc(O) lmv(O) ec(O) fid(O) fld(O) ptlrpc(O) efivarfs obdclass(O) ksocklnd(O) lnet(O) libcfs(O)
00119 CPU: 5 UID: 0 PID: 2189 Comm: lctl Tainted: G        W  O        7.0.0-ktest-2812b92-6330a45-20260710-dirty #1 PREEMPT 
00119 Tainted: [W]=WARN, [O]=OOT_MODULE
00119 Hardware name: QEMU Standard PC (Q35 + ICH9, 2009), BIOS 2025.11-3ubuntu7 03/31/2026
00119 RIP: 0010:osd_create+0x9cf/0xcf0 [osd_wbcfs]
00119 Code: c7 c7 00 96 7b a1 48 c7 c6 a0 12 7d a1 48 c7 c2 00 1c 7d a1 e8 52 f1 43 ff 48 c7 c7 00 96 7b a1 e8 46 81 44 ff e9 fe fc ff ff <0f> 0b e9 a5 fa ff ff 48 c7 c1 80 44 5d a0 80 e1 07 80 c1 03 38 c1
00119 RSP: 0018:ffffc90001c87478 EFLAGS: 00010246
00119 RAX: 0000000000000000 RBX: ffff88801466b400 RCX: 0000000000000046
00119 RDX: 0000000000000000 RSI: ffff88811fdad7f0 RDI: ffff888150742a80
00119 RBP: ffff88811fdad760 R08: ffffffff83a16803 R09: 1ffffffff0742d00
00119 R10: dffffc0000000000 R11: fffffbfff0742d01 R12: ffff888139215000
00119 R13: dffffc0000000000 R14: 1ffff110028cd680 R15: 1ffff11027242a0f
00119 FS:  00007f872c69c940(0000) GS:ffff88831e6ad000(0000) knlGS:0000000000000000
00119 CS:  0010 DS: 0000 ES: 0000 CR0: 0000000080050033
00119 CR2: 00007ffdafdb2d68 CR3: 000000011ca55000 CR4: 0000000000750eb0
00119 PKRU: 55555554
00119 Call Trace:
00119  <TASK>
00119  ? local_object_create+0x109/0x640 [obdclass]
00119  ? dt_write_lock+0x16d/0x2a0 [obdclass]
00119  ? llog_osd_create+0x356/0x10d0 [obdclass]
00119  ? llog_create+0x2ed/0x530 [obdclass]
00119  ? llog_cat_new_log+0x6d1/0x2970 [obdclass]
00119  ? llog_cat_add_rec+0x6ba/0x1960 [obdclass]
00119  ? llog_cat_add+0x499/0x7a0 [obdclass]
00119  ? llog_test_10+0x5016/0x5520 [llog_test]
00119  ? llog_test_9_sub+0x800/0x800 [llog_test]
00119  ? llog_run_tests+0x3f45/0x5ac0 [llog_test]
00119  ? get_random_u32+0x51/0x470
00119  ? llog_test_device_init+0x6e8/0xa20 [llog_test]
00119  ? obd_setup+0x54d/0x950 [obdclass]
00119  ? class_setup+0xc7d/0x10e0 [obdclass]
00119  ? class_process_config+0x2edb/0x7cb0 [obdclass]
00119  ? class_handle_ioctl+0x2055/0x3590 [obdclass]
00119  ? obd_class_ioctl+0x1f6/0x3c0 [obdclass]
00119  ? __x64_sys_ioctl+0x961/0xe00
00119  ? _copy_to_user+0x3d/0x60
00119  ? __x64_sys_rt_sigaction+0x107/0x140
00119  ? do_syscall_64+0xc1/0x350
00119  ? entry_SYSCALL_64_after_hwframe+0x4b/0x53
00119  </TASK>
00119 ---[ end trace 0000000000000000 ]---
00119 LustreError: 2189:0:(llog_osd.c:684:llog_osd_write_rec()) cfs_fail_race id 1317 waking
00120 Lustre: 2189:0:(llog_test.c:2134:llog_test_10()) 10h: wrote 64767 records then 0 failed with ENOSPC
00120 Lustre: 2189:0:(llog_test.c:2147:llog_test_10()) 10: put newly-created catalog
00120 Lustre: 2189:0:(llog_test.c:2177:llog_test_11()) 11: create a plain nameless log
00120 ------------[ cut here ]------------
00120 WARNING: /home/ktest/git/linux/include/linux/fs.h:889 at osd_create+0x9cf/0xcf0 [osd_wbcfs], CPU#5: lctl/2189
00120 Modules linked in: llog_test(O) mgs(O) osd_wbcfs(O) lustre(O) obdecho(O) mgc(O) mdc(O) lov(O) osc(O) lmv(O) ec(O) fid(O) fld(O) ptlrpc(O) efivarfs obdclass(O) ksocklnd(O) lnet(O) libcfs(O)
00120 CPU: 5 UID: 0 PID: 2189 Comm: lctl Tainted: G        W  O        7.0.0-ktest-2812b92-6330a45-20260710-dirty #1 PREEMPT 
00120 Tainted: [W]=WARN, [O]=OOT_MODULE
00120 Hardware name: QEMU Standard PC (Q35 + ICH9, 2009), BIOS 2025.11-3ubuntu7 03/31/2026
00120 RIP: 0010:osd_create+0x9cf/0xcf0 [osd_wbcfs]
00120 Code: c7 c7 00 96 7b a1 48 c7 c6 a0 12 7d a1 48 c7 c2 00 1c 7d a1 e8 52 f1 43 ff 48 c7 c7 00 96 7b a1 e8 46 81 44 ff e9 fe fc ff ff <0f> 0b e9 a5 fa ff ff 48 c7 c1 80 44 5d a0 80 e1 07 80 c1 03 38 c1
00120 RSP: 0018:ffffc90001c87670 EFLAGS: 00010246
00120 RAX: 0000000000000000 RBX: ffff8881b7abb400 RCX: 0000000000000046
00120 RDX: 0000000000000000 RSI: ffff88811fdad0d8 RDI: ffff888150742a58
00120 RBP: ffff88811fdad048 R08: ffffffff83a16803 R09: 1ffffffff0742d00
00120 R10: dffffc0000000000 R11: fffffbfff0742d01 R12: ffff888139215000
00120 R13: dffffc0000000000 R14: 1ffff11036f57680 R15: 1ffff11027242a0f
00120 FS:  00007f872c69c940(0000) GS:ffff88831e6ad000(0000) knlGS:0000000000000000
00120 CS:  0010 DS: 0000 ES: 0000 CR0: 0000000080050033
00120 CR2: 00007ffdafdb2d68 CR3: 000000011ca55000 CR4: 0000000000750eb0
00120 PKRU: 55555554
00120 Call Trace:
00120  <TASK>
00120  ? local_object_create+0x109/0x640 [obdclass]
00120  ? dt_write_lock+0x16d/0x2a0 [obdclass]
00120  ? llog_osd_create+0x356/0x10d0 [obdclass]
00120  ? llog_create+0x2ed/0x530 [obdclass]
00120  ? llog_open_create+0x6e7/0xb30 [obdclass]
00120  ? llog_test_11+0x2a4/0x1130 [llog_test]
00120  ? llog_test_9_sub+0x800/0x800 [llog_test]
00120  ? llog_run_tests+0x41b0/0x5ac0 [llog_test]
00120  ? get_random_u32+0x51/0x470
00120  ? llog_test_device_init+0x6e8/0xa20 [llog_test]
00120  ? obd_setup+0x54d/0x950 [obdclass]
00120  ? class_setup+0xc7d/0x10e0 [obdclass]
00120  ? class_process_config+0x2edb/0x7cb0 [obdclass]
00120  ? class_handle_ioctl+0x2055/0x3590 [obdclass]
00120  ? obd_class_ioctl+0x1f6/0x3c0 [obdclass]
00120  ? __x64_sys_ioctl+0x961/0xe00
00120  ? _copy_to_user+0x3d/0x60
00120  ? __x64_sys_rt_sigaction+0x107/0x140
00120  ? do_syscall_64+0xc1/0x350
00120  ? entry_SYSCALL_64_after_hwframe+0x4b/0x53
00120  </TASK>
00120 ---[ end trace 0000000000000000 ]---
00120 Lustre: 2189:0:(llog_test.c:2202:llog_test_11()) 11: size 8216 in 0 blocks after 1 rec
00120 Lustre: 2189:0:(llog_test.c:2204:llog_test_11()) 11: add few records
00120 Lustre: 2189:0:(llog_test.c:2221:llog_test_11()) 11: size 10616 in 0 blocks with few recs
00120 lctl (2189): drop_caches: 3
00120 Lustre: 2189:0:(llog_test.c:2247:llog_test_11()) 11: re-open the log by LOGID and verify llh_count
00120 Lustre: 2189:0:(llog_test.c:2262:llog_test_11()) 11: size 10616 in 0 blocks after re-open
00120 Lustre: 2189:0:(llog_test.c:2352:llog_test_12()) 12: create a catalog log with name: 9f6ccfb9
00120 ------------[ cut here ]------------
00120 WARNING: /home/ktest/git/linux/include/linux/fs.h:889 at osd_create+0x9cf/0xcf0 [osd_wbcfs], CPU#5: lctl/2189
00120 Modules linked in: llog_test(O) mgs(O) osd_wbcfs(O) lustre(O) obdecho(O) mgc(O) mdc(O) lov(O) osc(O) lmv(O) ec(O) fid(O) fld(O) ptlrpc(O) efivarfs obdclass(O) ksocklnd(O) lnet(O) libcfs(O)
00120 CPU: 5 UID: 0 PID: 2189 Comm: lctl Tainted: G        W  O        7.0.0-ktest-2812b92-6330a45-20260710-dirty #1 PREEMPT 
00120 Tainted: [W]=WARN, [O]=OOT_MODULE
00120 Hardware name: QEMU Standard PC (Q35 + ICH9, 2009), BIOS 2025.11-3ubuntu7 03/31/2026
00120 RIP: 0010:osd_create+0x9cf/0xcf0 [osd_wbcfs]
00120 Code: c7 c7 00 96 7b a1 48 c7 c6 a0 12 7d a1 48 c7 c2 00 1c 7d a1 e8 52 f1 43 ff 48 c7 c7 00 96 7b a1 e8 46 81 44 ff e9 fe fc ff ff <0f> 0b e9 a5 fa ff ff 48 c7 c1 80 44 5d a0 80 e1 07 80 c1 03 38 c1
00120 RSP: 0018:ffffc90001c87648 EFLAGS: 00010246
00120 RAX: 0000000000000000 RBX: ffff8881b7abe000 RCX: 0000000000000046
00120 RDX: 0000000000000000 RSI: ffff88811fdac9c0 RDI: ffff888150742a58
00120 RBP: ffff88811fdac930 R08: ffffffff83a16803 R09: 1ffffffff0742d00
00120 R10: dffffc0000000000 R11: fffffbfff0742d01 R12: ffff888139215000
00120 R13: dffffc0000000000 R14: 1ffff11036f57c00 R15: 1ffff11027242a0f
00120 FS:  00007f872c69c940(0000) GS:ffff88831e6ad000(0000) knlGS:0000000000000000
00120 CS:  0010 DS: 0000 ES: 0000 CR0: 0000000080050033
00120 CR2: 00007ffdafdb2d68 CR3: 000000011ca55000 CR4: 0000000000750eb0
00120 PKRU: 55555554
00120 Call Trace:
00120  <TASK>
00120  ? local_object_create+0x109/0x640 [obdclass]
00120  ? dt_write_lock+0x16d/0x2a0 [obdclass]
00120  ? llog_osd_create+0x356/0x10d0 [obdclass]
00120  ? llog_create+0x2ed/0x530 [obdclass]
00120  ? llog_open_create+0x6e7/0xb30 [obdclass]
00120  ? llog_test_12+0x402/0x2d90 [llog_test]
00120  ? llog_test_11+0xc14/0x1130 [llog_test]
00120  ? llog_run_tests+0x4434/0x5ac0 [llog_test]
00120  ? get_random_u32+0x51/0x470
00120  ? llog_test_device_init+0x6e8/0xa20 [llog_test]
00120  ? obd_setup+0x54d/0x950 [obdclass]
00120  ? class_setup+0xc7d/0x10e0 [obdclass]
00120  ? class_process_config+0x2edb/0x7cb0 [obdclass]
00120  ? class_handle_ioctl+0x2055/0x3590 [obdclass]
00120  ? obd_class_ioctl+0x1f6/0x3c0 [obdclass]
00120  ? __x64_sys_ioctl+0x961/0xe00
00120  ? _copy_to_user+0x3d/0x60
00120  ? __x64_sys_rt_sigaction+0x107/0x140
00120  ? do_syscall_64+0xc1/0x350
00120  ? entry_SYSCALL_64_after_hwframe+0x4b/0x53
00120  </TASK>
00120 ---[ end trace 0000000000000000 ]---
00120 ------------[ cut here ]------------
00120 WARNING: /home/ktest/git/linux/include/linux/fs.h:889 at osd_create+0x9cf/0xcf0 [osd_wbcfs], CPU#5: lctl/2189
00120 Modules linked in: llog_test(O) mgs(O) osd_wbcfs(O) lustre(O) obdecho(O) mgc(O) mdc(O) lov(O) osc(O) lmv(O) ec(O) fid(O) fld(O) ptlrpc(O) efivarfs obdclass(O) ksocklnd(O) lnet(O) libcfs(O)
00120 CPU: 5 UID: 0 PID: 2189 Comm: lctl Tainted: G        W  O        7.0.0-ktest-2812b92-6330a45-20260710-dirty #1 PREEMPT 
00120 Tainted: [W]=WARN, [O]=OOT_MODULE
00120 Hardware name: QEMU Standard PC (Q35 + ICH9, 2009), BIOS 2025.11-3ubuntu7 03/31/2026
00120 RIP: 0010:osd_create+0x9cf/0xcf0 [osd_wbcfs]
00120 Code: c7 c7 00 96 7b a1 48 c7 c6 a0 12 7d a1 48 c7 c2 00 1c 7d a1 e8 52 f1 43 ff 48 c7 c7 00 96 7b a1 e8 46 81 44 ff e9 fe fc ff ff <0f> 0b e9 a5 fa ff ff 48 c7 c1 80 44 5d a0 80 e1 07 80 c1 03 38 c1
00120 RSP: 0018:ffffc90001c874f8 EFLAGS: 00010246
00120 RAX: 0000000000000000 RBX: ffff8881b7abd800 RCX: 0000000000000046
00120 RDX: 0000000000000000 RSI: ffff88811fdac2a8 RDI: ffff888150742a80
00120 RBP: ffff88811fdac218 R08: ffffffff83a16803 R09: 1ffffffff0742d00
00120 R10: dffffc0000000000 R11: fffffbfff0742d01 R12: ffff888139215000
00120 R13: dffffc0000000000 R14: 1ffff11036f57b00 R15: 1ffff11027242a0f
00120 FS:  00007f872c69c940(0000) GS:ffff88831e6ad000(0000) knlGS:0000000000000000
00120 CS:  0010 DS: 0000 ES: 0000 CR0: 0000000080050033
00120 CR2: 00007ffdafdb2d68 CR3: 000000011ca55000 CR4: 0000000000750eb0
00120 PKRU: 55555554
00120 Call Trace:
00120  <TASK>
00120  ? local_object_create+0x109/0x640 [obdclass]
00120  ? dt_write_lock+0x16d/0x2a0 [obdclass]
00120  ? llog_osd_create+0x356/0x10d0 [obdclass]
00120  ? llog_create+0x2ed/0x530 [obdclass]
00120  ? llog_cat_new_log+0x6d1/0x2970 [obdclass]
00120  ? llog_cat_add_rec+0x6ba/0x1960 [obdclass]
00120  ? llog_cat_add+0x499/0x7a0 [obdclass]
00120  ? llog_test_12+0x683/0x2d90 [llog_test]
00120  ? llog_test_11+0xc14/0x1130 [llog_test]
00120  ? llog_run_tests+0x4434/0x5ac0 [llog_test]
00120  ? get_random_u32+0x51/0x470
00120  ? llog_test_device_init+0x6e8/0xa20 [llog_test]
00120  ? obd_setup+0x54d/0x950 [obdclass]
00120  ? class_setup+0xc7d/0x10e0 [obdclass]
00120  ? class_process_config+0x2edb/0x7cb0 [obdclass]
00120  ? class_handle_ioctl+0x2055/0x3590 [obdclass]
00120  ? obd_class_ioctl+0x1f6/0x3c0 [obdclass]
00120  ? __x64_sys_ioctl+0x961/0xe00
00120  ? _copy_to_user+0x3d/0x60
00120  ? __x64_sys_rt_sigaction+0x107/0x140
00120  ? do_syscall_64+0xc1/0x350
00120  ? entry_SYSCALL_64_after_hwframe+0x4b/0x53
00120  </TASK>
00120 ---[ end trace 0000000000000000 ]---
00120 Lustre: 12: truncate 24 bytes
00120 Lustre: 12: re-open and process the catalog
00120 LustreError: 2189:0:(llog_osd.c:1247:llog_osd_next_block()) MGS0000-osd: invalid llog tail at log id [0xa:0x6:0x0] offset 8232 last_rec idx 8704 tail idx 275010875 lrt len 1 read_size 40
00120 LustreError: 2189:0:(llog.c:881:llog_process_thread()) MGS: local llog is corrupted [0xa:0x6:0x0] catalog index 1 count 2
00120 Lustre: 12: try to add to the catalog
00120 ------------[ cut here ]------------
00120 WARNING: /home/ktest/git/linux/include/linux/fs.h:889 at osd_create+0x9cf/0xcf0 [osd_wbcfs], CPU#5: lctl/2189
00120 Modules linked in: llog_test(O) mgs(O) osd_wbcfs(O) lustre(O) obdecho(O) mgc(O) mdc(O) lov(O) osc(O) lmv(O) ec(O) fid(O) fld(O) ptlrpc(O) efivarfs obdclass(O) ksocklnd(O) lnet(O) libcfs(O)
00120 CPU: 5 UID: 0 PID: 2189 Comm: lctl Tainted: G        W  O        7.0.0-ktest-2812b92-6330a45-20260710-dirty #1 PREEMPT 
00120 Tainted: [W]=WARN, [O]=OOT_MODULE
00120 Hardware name: QEMU Standard PC (Q35 + ICH9, 2009), BIOS 2025.11-3ubuntu7 03/31/2026
00120 RIP: 0010:osd_create+0x9cf/0xcf0 [osd_wbcfs]
00120 Code: c7 c7 00 96 7b a1 48 c7 c6 a0 12 7d a1 48 c7 c2 00 1c 7d a1 e8 52 f1 43 ff 48 c7 c7 00 96 7b a1 e8 46 81 44 ff e9 fe fc ff ff <0f> 0b e9 a5 fa ff ff 48 c7 c1 80 44 5d a0 80 e1 07 80 c1 03 38 c1
00120 RSP: 0018:ffffc90001c874f8 EFLAGS: 00010246
00120 RAX: 0000000000000000 RBX: ffff888119b08800 RCX: 0000000000000046
00120 RDX: 0000000000000000 RSI: ffff88811fdabb90 RDI: ffff888150742a80
00120 RBP: ffff88811fdabb00 R08: ffffffff83a16803 R09: 1ffffffff0742d00
00120 R10: dffffc0000000000 R11: fffffbfff0742d01 R12: ffff888139215000
00120 R13: dffffc0000000000 R14: 1ffff11023361100 R15: 1ffff11027242a0f
00120 FS:  00007f872c69c940(0000) GS:ffff88831e6ad000(0000) knlGS:0000000000000000
00120 CS:  0010 DS: 0000 ES: 0000 CR0: 0000000080050033
00120 CR2: 00007ffdafdb2d68 CR3: 000000011ca55000 CR4: 0000000000750eb0
00120 PKRU: 55555554
00120 Call Trace:
00120  <TASK>
00120  ? local_object_create+0x109/0x640 [obdclass]
00120  ? dt_write_lock+0x16d/0x2a0 [obdclass]
00120  ? llog_osd_create+0x356/0x10d0 [obdclass]
00120  ? llog_create+0x2ed/0x530 [obdclass]
00120  ? llog_cat_new_log+0x6d1/0x2970 [obdclass]
00120  ? llog_cat_add_rec+0x6ba/0x1960 [obdclass]
00120  ? llog_cat_add+0x499/0x7a0 [obdclass]
00120  ? llog_test_12+0x1471/0x2d90 [llog_test]
00120  ? llog_run_tests+0x4434/0x5ac0 [llog_test]
00120  ? get_random_u32+0x51/0x470
00120  ? llog_test_device_init+0x6e8/0xa20 [llog_test]
00120  ? obd_setup+0x54d/0x950 [obdclass]
00120  ? class_setup+0xc7d/0x10e0 [obdclass]
00120  ? class_process_config+0x2edb/0x7cb0 [obdclass]
00120  ? class_handle_ioctl+0x2055/0x3590 [obdclass]
00120  ? obd_class_ioctl+0x1f6/0x3c0 [obdclass]
00120  ? __x64_sys_ioctl+0x961/0xe00
00120  ? _copy_to_user+0x3d/0x60
00120  ? __x64_sys_rt_sigaction+0x107/0x140
00120  ? do_syscall_64+0xc1/0x350
00120  ? entry_SYSCALL_64_after_hwframe+0x4b/0x53
00120  </TASK>
00120 ---[ end trace 0000000000000000 ]---
00120 LustreError: 2189:0:(llog_osd.c:1230:llog_osd_next_block()) MGS0000-osd: invalid llog tail at log id [0x6:0xa:0x0]:0 offset 8297 tail idx 603979776 lrt len 1074261 read_size 105
00120 ------------[ cut here ]------------
00120 WARNING: /home/ktest/git/linux/include/linux/fs.h:889 at osd_create+0x9cf/0xcf0 [osd_wbcfs], CPU#5: lctl/2189
00120 Modules linked in: llog_test(O) mgs(O) osd_wbcfs(O) lustre(O) obdecho(O) mgc(O) mdc(O) lov(O) osc(O) lmv(O) ec(O) fid(O) fld(O) ptlrpc(O) efivarfs obdclass(O) ksocklnd(O) lnet(O) libcfs(O)
00120 CPU: 5 UID: 0 PID: 2189 Comm: lctl Tainted: G        W  O        7.0.0-ktest-2812b92-6330a45-20260710-dirty #1 PREEMPT 
00120 Tainted: [W]=WARN, [O]=OOT_MODULE
00120 Hardware name: QEMU Standard PC (Q35 + ICH9, 2009), BIOS 2025.11-3ubuntu7 03/31/2026
00120 RIP: 0010:osd_create+0x9cf/0xcf0 [osd_wbcfs]
00120 Code: c7 c7 00 96 7b a1 48 c7 c6 a0 12 7d a1 48 c7 c2 00 1c 7d a1 e8 52 f1 43 ff 48 c7 c7 00 96 7b a1 e8 46 81 44 ff e9 fe fc ff ff <0f> 0b e9 a5 fa ff ff 48 c7 c1 80 44 5d a0 80 e1 07 80 c1 03 38 c1
00120 RSP: 0018:ffffc90001c874f8 EFLAGS: 00010246
00120 RAX: 0000000000000000 RBX: ffff88813c593c00 RCX: 0000000000000046
00120 RDX: 0000000000000000 RSI: ffff88811fdab478 RDI: ffff888150742a80
00120 RBP: ffff88811fdab3e8 R08: ffffffff83a16803 R09: 1ffffffff0742d00
00120 R10: dffffc0000000000 R11: fffffbfff0742d01 R12: ffff888139215000
00120 R13: dffffc0000000000 R14: 1ffff110278b2780 R15: 1ffff11027242a0f
00120 FS:  00007f872c69c940(0000) GS:ffff88831e6ad000(0000) knlGS:0000000000000000
00120 CS:  0010 DS: 0000 ES: 0000 CR0: 0000000080050033
00120 CR2: 00007ffdafdb2d68 CR3: 000000011ca55000 CR4: 0000000000750eb0
00120 PKRU: 55555554
00120 Call Trace:
00120  <TASK>
00120  ? local_object_create+0x109/0x640 [obdclass]
00120  ? dt_write_lock+0x16d/0x2a0 [obdclass]
00120  ? llog_osd_create+0x356/0x10d0 [obdclass]
00120  ? llog_create+0x2ed/0x530 [obdclass]
00120  ? llog_cat_new_log+0x6d1/0x2970 [obdclass]
00120  ? llog_cat_add_rec+0x6ba/0x1960 [obdclass]
00120  ? llog_cat_add+0x499/0x7a0 [obdclass]
00120  ? llog_test_12+0x1471/0x2d90 [llog_test]
00120  ? llog_run_tests+0x4434/0x5ac0 [llog_test]
00120  ? get_random_u32+0x51/0x470
00120  ? llog_test_device_init+0x6e8/0xa20 [llog_test]
00120  ? obd_setup+0x54d/0x950 [obdclass]
00120  ? class_setup+0xc7d/0x10e0 [obdclass]
00120  ? class_process_config+0x2edb/0x7cb0 [obdclass]
00120  ? class_handle_ioctl+0x2055/0x3590 [obdclass]
00120  ? obd_class_ioctl+0x1f6/0x3c0 [obdclass]
00120  ? __x64_sys_ioctl+0x961/0xe00
00120  ? _copy_to_user+0x3d/0x60
00120  ? __x64_sys_rt_sigaction+0x107/0x140
00120  ? do_syscall_64+0xc1/0x350
00120  ? entry_SYSCALL_64_after_hwframe+0x4b/0x53
00120  </TASK>
00120 ---[ end trace 0000000000000000 ]---
00120 ==================================================================
00120 BUG: KASAN: slab-out-of-bounds in llog_osd_next_block+0x1368/0x3080 [obdclass]
00120 Read of size 4 at addr ffff8882434cb036 by task lctl/2189
00120 
00120 CPU: 5 UID: 0 PID: 2189 Comm: lctl Tainted: G        W  O        7.0.0-ktest-2812b92-6330a45-20260710-dirty #1 PREEMPT 
00120 Tainted: [W]=WARN, [O]=OOT_MODULE
00120 Hardware name: QEMU Standard PC (Q35 + ICH9, 2009), BIOS 2025.11-3ubuntu7 03/31/2026
00120 Call Trace:
00120  <TASK>
00120  dump_stack_lvl+0x52/0x80
00120  print_report+0xbc/0x260
00120  ? llog_osd_next_block+0x1368/0x3080 [obdclass]
00120  kasan_report+0xa2/0xd0
00120  ? llog_osd_next_block+0x1368/0x3080 [obdclass]
00120  llog_osd_next_block+0x1368/0x3080 [obdclass]
00120  llog_process_thread+0xdd7/0x4f70 [obdclass]
00120  ? entry_SYSCALL_64_after_hwframe+0x4b/0x53
00120  ? task_work_add+0x177/0x210
00120  llog_process_or_fork+0x656/0xc90 [obdclass]
00120  ? llog_cat_process+0x30/0x30 [obdclass]
00120  llog_cat_process_or_fork+0x780/0xdb0 [obdclass]
00120  ? llog_cat_process+0x30/0x30 [obdclass]
00120  ? llog_cancel_rec_cb+0x450/0x450 [llog_test]
00120  llog_cat_process+0x24/0x30 [obdclass]
00120  llog_test_12+0x13ee/0x2d90 [llog_test]
00120  llog_run_tests+0x4434/0x5ac0 [llog_test]
00120  ? get_random_u32+0x51/0x470
00120  llog_test_device_init+0x6e8/0xa20 [llog_test]
00120  obd_setup+0x54d/0x950 [obdclass]
00120  class_setup+0xc7d/0x10e0 [obdclass]
00120  class_process_config+0x2edb/0x7cb0 [obdclass]
00120  class_handle_ioctl+0x2055/0x3590 [obdclass]
00120  obd_class_ioctl+0x1f6/0x3c0 [obdclass]
00120  __x64_sys_ioctl+0x961/0xe00
00120  ? _copy_to_user+0x3d/0x60
00120  ? __x64_sys_rt_sigaction+0x107/0x140
00120  do_syscall_64+0xc1/0x350
00120  entry_SYSCALL_64_after_hwframe+0x4b/0x53
00120 RIP: 0033:0x7f872c524e1d
00120 Code: 04 25 28 00 00 00 48 89 45 c8 31 c0 48 8d 45 10 c7 45 b0 10 00 00 00 48 89 45 b8 48 8d 45 d0 48 89 45 c0 b8 10 00 00 00 0f 05 <89> c2 3d 00 f0 ff ff 77 1a 48 8b 45 c8 64 48 2b 04 25 28 00 00 00
00120 RSP: 002b:00007ffdafdb0590 EFLAGS: 00000246 ORIG_RAX: 0000000000000010
00120 RAX: ffffffffffffffda RBX: 00007f872c81c1f0 RCX: 00007f872c524e1d
00120 RDX: 00007ffdafdb0870 RSI: 00000000c00866b8 RDI: 0000000000000003
00120 RBP: 00007ffdafdb05e0 R08: 00007ffdafdb0630 R09: 00007ffdafdb0870
00120 R10: 000055daf4c28910 R11: 0000000000000246 R12: 00007ffdafdb0870
00120 R13: 000055dabe40c822 R14: 0000000000000000 R15: 00007ffdafdb28f0
00120  </TASK>
00120 
00120 The buggy address belongs to the object at ffff8882434c8000
00120  which belongs to the cache kmalloc-8k of size 8192
00120 The buggy address is located 4150 bytes to the right of
00120  allocated 8192-byte region [ffff8882434c8000, ffff8882434ca000)
00120 
00120 The buggy address belongs to the physical page:
00120 page: refcount:0 mapcount:0 mapping:0000000000000000 index:0x0 pfn:0x2434c8
00120 head: order:3 mapcount:0 entire_mapcount:0 nr_pages_mapped:0 pincount:0
00120 flags: 0x8000000000000040(head|zone=2)
00120 page_type: f5(slab)
00120 raw: 8000000000000040 ffff888100042e00 dead000000000122 0000000000000000
00120 raw: 0000000000000000 0000400000020002 00000000f5000000 ffff8882434ca010
00120 head: 8000000000000040 ffff888100042e00 dead000000000122 0000000000000000
00120 head: 0000000000000000 0000400000020002 00000000f5000000 ffff8882434ca010
00120 head: 8000000000000003 ffffea00090d3201 00000000ffffffff 00000000ffffffff
00120 head: ffffffffffffffff 0000000000000000 00000000ffffffff 0000000000000008
00120 page dumped because: kasan: bad access detected
00120 
00120 Memory state around the buggy address:
00120  ffff8882434caf00: fc fc fc fc fc fc fc fc fc fc fc fc fc fc fc fc
00120  ffff8882434caf80: fc fc fc fc fc fc fc fc fc fc fc fc fc fc fc fc
00120 >ffff8882434cb000: fc fc fc fc fc fc fc fc fc fc fc fc fc fc fc fc
00120                                      ^
00120  ffff8882434cb080: fc fc fc fc fc fc fc fc fc fc fc fc fc fc fc fc
00120  ffff8882434cb100: fc fc fc fc fc fc fc fc fc fc fc fc fc fc fc fc
00120 ==================================================================
00120 Disabling lock debugging due to kernel taint
00120 Lustre: 2189:0:(llog_test.c:2461:llog_test_12()) 12: put newly-created catalog
00120 Lustre: 2189:0:(llog_test.c:2529:llog_test_13()) 13a: create a catalog log with name: 9f6ccfb9
00120 Lustre: 2189:0:(llog_test.c:2545:llog_test_13()) 13b: write 1 record into the catalog
00120 LustreError: 2189:0:(llog_test.c:2556:llog_test_13()) 13b: found 8 plain llogs
00120 Lustre: 2189:0:(llog_test.c:2558:llog_test_13()) 13c: erase plain llog
00120 LustreError: 2189:0:(llog_cat.c:399:llog_cat_id2handle()) MGS: error opening log id [0x1:0x4f:0x0]: rc = -2
00120 Lustre: 2189:0:(llog_test.c:2578:llog_test_13()) 13d: forward process: found=1708 rc=0
00120 Lustre: 2189:0:(llog_test.c:2582:llog_test_13()) 13e: erase another plain llog
00120 Lustre: 2189:0:(llog_test.c:2602:llog_test_13()) 13e: backward process: found=1367 rc=0
00120 Lustre: 2189:0:(llog_test.c:2605:llog_test_13()) 13f: put newly-created catalog
00125 ========= FAILED TIMEOUT llog-unit in 240s
Error 1 at /home/ktest/ktest/lib/libktest.sh 587 from: "$ktest_dir/lib/supervisor" -S -F -T "$ktest_timeout" -b "$test_basename" -o "$test_logdir" -f "$test_basename.$(date -Iseconds).log" -- "${qemu_cmd[@]}", exiting
Error 1 at ./qlkbuild 209 from: "$ktest_dir/lib/supervisor" -S -F -T "$ktest_timeout" -b "$test_basename" -o "$test_logdir" -f "$test_basename.$(date -Iseconds).log" -- "${qemu_cmd[@]}", exiting
Error 1 at ./qlkbuild 1059 from: "$ktest_dir/lib/supervisor" -S -F -T "$ktest_timeout" -b "$test_basename" -o "$test_logdir" -f "$test_basename.$(date -Iseconds).log" -- "${qemu_cmd[@]}", exiting
