CLI: ./podman-ktest --podman-socket unix:///run/podman/podman.sock --shared-filesystem /tmp --tarball-input job lustre-ci --output /var/www/ci-lustre/upstream-patch-review --git-hash 2835272f9ad2f3520a9b1d6a21d6019b6d973d9f --change-id 65741_2835272f9ad2f3520a9b1d6a21d6019b6d973d9f --subject LU-17920 mgs: mgs_modify_param() return -EINVAL on bad param

  Checking /dev/kvm exists... OK
  Checking /dev/kvm permissions... OK
  Creating ccache directory... OK
  Checking ccache directory writable... OK

Environment validated successfully
Creating kernel tarball at /tmp/ktest-kernel.tar.gz...
Creating lustre tarball at /tmp/ktest-lustre.tar.gz...
Creating ZFS tarball at /tmp/ktest-zfs.tar.gz...
Executing 13 jobs
Jobs will start as soon as their dependencies are satisfied
Using tarball input mode

START lustre_mainline_strict build tests/fs/lustre/boot-strict.ktest
START lustre_mainline build tests/fs/lustre/boot.ktest
START checkpatch tool checkpatch
START al2023 build tests/fs/lustre/boot.ktest
START lustre_mainline_native build tests/fs/lustre/boot.ktest
START u24 build tests/fs/lustre/boot.ktest
PUT /tmp/ktest-lustre.tar.gz 1s
PUT /tmp/ktest-lustre.tar.gz 2s
PUT /tmp/ktest-kernel.tar.gz 6s
PUT /tmp/ktest-kernel.tar.gz 5s
PUT /tmp/ktest-kernel.tar.gz 6s
PUT /tmp/ktest-kernel.tar.gz 6s
PUT /tmp/ktest-lustre.tar.gz 1s
PUT /tmp/ktest-lustre.tar.gz 1s
PUT /tmp/ktest-lustre.tar.gz 1s
PUT /tmp/ktest-lustre.tar.gz 1s
PUT /tmp/ktest-zfs.tar.gz 0s
PUT /tmp/ktest-zfs.tar.gz 0s
PUT /tmp/ktest-zfs.tar.gz 0s
END checkpatch tool checkpatch PASS 10s
END al2023 build tests/fs/lustre/boot.ktest PASS 61s
END u24 build tests/fs/lustre/boot.ktest PASS 65s
GET /tmp/ktest_lustre_mainline_strict_2v48kv2k.tar 6s
END lustre_mainline_strict build tests/fs/lustre/boot-strict.ktest FAIL 145s (exit code: 1)
GET /tmp/ktest_lustre_mainline_native_qgkbsq84.tar 0s
GET /tmp/ktest_lustre_mainline_wnkh7jd5.tar 0s
END lustre_mainline_native build tests/fs/lustre/boot.ktest PASS 153s
START boot run tests/fs/lustre/boot.ktest
START llmount run tests/fs/lustre/llmount.ktest
START mgs-setup run tests/fs/lustre/mgs-setup.ktest
START sanity-1 run tests/fs/lustre/sanity/sanity-1.ktest
START sanity-2 run tests/fs/lustre/sanity/sanity-2.ktest
START sanity-3 run tests/fs/lustre/sanity/sanity-3.ktest
START sanity-4 run tests/fs/lustre/sanity/sanity-4.ktest
END lustre_mainline build tests/fs/lustre/boot.ktest PASS 154s
PUT /tmp/ktest_lustre_mainline_native_qgkbsq84.tar 6s
PUT /tmp/ktest_lustre_mainline_native_qgkbsq84.tar 5s
PUT /tmp/ktest_lustre_mainline_native_qgkbsq84.tar 6s
PUT /tmp/ktest_lustre_mainline_native_qgkbsq84.tar 5s
PUT /tmp/ktest_lustre_mainline_native_qgkbsq84.tar 5s
PUT /tmp/ktest_lustre_mainline_native_qgkbsq84.tar 5s
PUT /tmp/ktest_lustre_mainline_native_qgkbsq84.tar 6s
END boot run tests/fs/lustre/boot.ktest PASS 24s
END llmount run tests/fs/lustre/llmount.ktest PASS 31s
END mgs-setup run tests/fs/lustre/mgs-setup.ktest PASS 32s
END sanity-1 run tests/fs/lustre/sanity/sanity-1.ktest PASS 43s
END sanity-2 run tests/fs/lustre/sanity/sanity-2.ktest PASS 55s
END sanity-4 run tests/fs/lustre/sanity/sanity-4.ktest PASS 66s
END sanity-3 run tests/fs/lustre/sanity/sanity-3.ktest PASS 67s

============================================================
Final Results:
  checkpatch: PASS (10s) (log: /var/www/ci-lustre/upstream-patch-review/2835272f9ad2f3520a9b1d6a21d6019b6d973d9f_checkpatch.log)
  u24: PASS (65s) (log: /var/www/ci-lustre/upstream-patch-review/2835272f9ad2f3520a9b1d6a21d6019b6d973d9f_u24.log)
  al2023: PASS (61s) (log: /var/www/ci-lustre/upstream-patch-review/2835272f9ad2f3520a9b1d6a21d6019b6d973d9f_al2023.log)
  lustre_mainline_strict: FAIL (145s) (log: /var/www/ci-lustre/upstream-patch-review/2835272f9ad2f3520a9b1d6a21d6019b6d973d9f_lustre_mainline_strict.log)
  lustre_mainline: PASS (154s) (log: /var/www/ci-lustre/upstream-patch-review/2835272f9ad2f3520a9b1d6a21d6019b6d973d9f_lustre_mainline.log)
  lustre_mainline_native: PASS (153s) (log: /var/www/ci-lustre/upstream-patch-review/2835272f9ad2f3520a9b1d6a21d6019b6d973d9f_lustre_mainline_native.log)
  boot: PASS (24s) (log: /var/www/ci-lustre/upstream-patch-review/2835272f9ad2f3520a9b1d6a21d6019b6d973d9f_boot.log)
  llmount: PASS (31s) (log: /var/www/ci-lustre/upstream-patch-review/2835272f9ad2f3520a9b1d6a21d6019b6d973d9f_llmount.log)
  mgs-setup: PASS (32s) (log: /var/www/ci-lustre/upstream-patch-review/2835272f9ad2f3520a9b1d6a21d6019b6d973d9f_mgs-setup.log)
  sanity-1: PASS (43s) (log: /var/www/ci-lustre/upstream-patch-review/2835272f9ad2f3520a9b1d6a21d6019b6d973d9f_sanity-1.log)
  sanity-2: PASS (55s) (log: /var/www/ci-lustre/upstream-patch-review/2835272f9ad2f3520a9b1d6a21d6019b6d973d9f_sanity-2.log)
  sanity-3: PASS (67s) (log: /var/www/ci-lustre/upstream-patch-review/2835272f9ad2f3520a9b1d6a21d6019b6d973d9f_sanity-3.log)
  sanity-4: PASS (66s) (log: /var/www/ci-lustre/upstream-patch-review/2835272f9ad2f3520a9b1d6a21d6019b6d973d9f_sanity-4.log)

Total execution time: 250s
