CLI: ./podman-ktest --podman-socket unix:///run/podman/podman.sock --shared-filesystem /tmp --tarball-input job lustre-ci --output /var/www/ci-lustre/upstream-patch-review --git-hash 286c0b8d7116372df80cdf84ea5cf2d0e1545f7b --change-id 62602_286c0b8d7116372df80cdf84ea5cf2d0e1545f7b --subject LU-19563 lnet: Increase the default LNET_INTERFACES_MAX_DEFAULT

  Checking /dev/kvm exists... OK
  Checking /dev/kvm permissions... OK
  Creating ccache directory... OK
  Checking ccache directory writable... OK
  Creating package output directory... OK

Environment validated successfully
Creating kernel tarball at /tmp/ktest-kernel.tar.gz...
Creating lustre tarball at /tmp/ktest-lustre.tar.gz...
Creating ZFS tarball at /tmp/ktest-zfs.tar.gz...
Executing 13 jobs
Jobs will start as soon as their dependencies are satisfied
Using tarball input mode

START al2023 build tests/fs/lustre/boot.ktest
START lustre_mainline_strict build tests/fs/lustre/boot-strict.ktest
START lustre_mainline_native build tests/fs/lustre/boot.ktest
START checkpatch tool checkpatch
START lustre_mainline build tests/fs/lustre/boot.ktest
START u24 build tests/fs/lustre/boot.ktest
PUT /tmp/ktest-lustre.tar.gz 1s
PUT /tmp/ktest-lustre.tar.gz 1s
PUT /tmp/ktest-kernel.tar.gz 7s
PUT /tmp/ktest-kernel.tar.gz 7s
PUT /tmp/ktest-kernel.tar.gz 8s
PUT /tmp/ktest-kernel.tar.gz 8s
PUT /tmp/ktest-lustre.tar.gz 2s
PUT /tmp/ktest-lustre.tar.gz 2s
PUT /tmp/ktest-lustre.tar.gz 2s
PUT /tmp/ktest-lustre.tar.gz 2s
PUT /tmp/ktest-zfs.tar.gz 0s
PUT /tmp/ktest-zfs.tar.gz 0s
PUT /tmp/ktest-zfs.tar.gz 0s
END checkpatch tool checkpatch PASS 12s
END al2023 build tests/fs/lustre/boot.ktest PASS 64s
END u24 build tests/fs/lustre/boot.ktest PASS 66s
GET /tmp/ktest_lustre_mainline_strict_tn8mek33.tar 6s
END lustre_mainline_strict build tests/fs/lustre/boot-strict.ktest FAIL 131s (exit code: 1)
GET /tmp/ktest_lustre_mainline_zlqb_c6y.tar 0s
GET /tmp/ktest_lustre_mainline_native_soevbjl2.tar 0s
END lustre_mainline build tests/fs/lustre/boot.ktest PASS 143s
END lustre_mainline_native build tests/fs/lustre/boot.ktest PASS 144s
START boot run tests/fs/lustre/boot.ktest
START llmount run tests/fs/lustre/llmount.ktest
START mgs-setup run tests/fs/lustre/mgs-setup.ktest
START sanity-1 run tests/fs/lustre/sanity/sanity-1.ktest
START sanity-2 run tests/fs/lustre/sanity/sanity-2.ktest
START sanity-3 run tests/fs/lustre/sanity/sanity-3.ktest
START sanity-4 run tests/fs/lustre/sanity/sanity-4.ktest
PUT /tmp/ktest-kernel.tar.gz 16s
PUT /tmp/ktest-kernel.tar.gz 16s
PUT /tmp/ktest-kernel.tar.gz 16s
PUT /tmp/ktest-kernel.tar.gz 16s
PUT /tmp/ktest-kernel.tar.gz 16s
PUT /tmp/ktest-kernel.tar.gz 17s
PUT /tmp/ktest-kernel.tar.gz 17s
PUT /tmp/ktest-lustre.tar.gz 9s
PUT /tmp/ktest-lustre.tar.gz 9s
PUT /tmp/ktest-lustre.tar.gz 8s
PUT /tmp/ktest-lustre.tar.gz 9s
PUT /tmp/ktest-lustre.tar.gz 9s
PUT /tmp/ktest-lustre.tar.gz 9s
PUT /tmp/ktest-lustre.tar.gz 9s
PUT /tmp/ktest_lustre_mainline_native_soevbjl2.tar 1s
PUT /tmp/ktest_lustre_mainline_native_soevbjl2.tar 1s
PUT /tmp/ktest_lustre_mainline_native_soevbjl2.tar 1s
PUT /tmp/ktest_lustre_mainline_native_soevbjl2.tar 1s
PUT /tmp/ktest_lustre_mainline_native_soevbjl2.tar 1s
PUT /tmp/ktest_lustre_mainline_native_soevbjl2.tar 1s
PUT /tmp/ktest_lustre_mainline_native_soevbjl2.tar 1s
END boot run tests/fs/lustre/boot.ktest PASS 127s
END mgs-setup run tests/fs/lustre/mgs-setup.ktest PASS 136s
END sanity-1 run tests/fs/lustre/sanity/sanity-1.ktest PASS 162s
END sanity-4 run tests/fs/lustre/sanity/sanity-4.ktest PASS 164s
END sanity-2 run tests/fs/lustre/sanity/sanity-2.ktest PASS 175s
END llmount run tests/fs/lustre/llmount.ktest PASS 176s
END sanity-3 run tests/fs/lustre/sanity/sanity-3.ktest PASS 185s

============================================================
Final Results:
  checkpatch: PASS (12s) (log: /var/www/ci-lustre/upstream-patch-review/286c0b8d7116372df80cdf84ea5cf2d0e1545f7b_checkpatch.log)
  u24: PASS (66s) (log: /var/www/ci-lustre/upstream-patch-review/286c0b8d7116372df80cdf84ea5cf2d0e1545f7b_u24.log)
  al2023: PASS (64s) (log: /var/www/ci-lustre/upstream-patch-review/286c0b8d7116372df80cdf84ea5cf2d0e1545f7b_al2023.log)
  lustre_mainline_strict: FAIL (131s) (log: /var/www/ci-lustre/upstream-patch-review/286c0b8d7116372df80cdf84ea5cf2d0e1545f7b_lustre_mainline_strict.log)
  lustre_mainline: PASS (143s) (log: /var/www/ci-lustre/upstream-patch-review/286c0b8d7116372df80cdf84ea5cf2d0e1545f7b_lustre_mainline.log)
  lustre_mainline_native: PASS (144s) (log: /var/www/ci-lustre/upstream-patch-review/286c0b8d7116372df80cdf84ea5cf2d0e1545f7b_lustre_mainline_native.log)
  boot: PASS (127s) (log: /var/www/ci-lustre/upstream-patch-review/286c0b8d7116372df80cdf84ea5cf2d0e1545f7b_boot.log)
  llmount: PASS (176s) (log: /var/www/ci-lustre/upstream-patch-review/286c0b8d7116372df80cdf84ea5cf2d0e1545f7b_llmount.log)
  mgs-setup: PASS (136s) (log: /var/www/ci-lustre/upstream-patch-review/286c0b8d7116372df80cdf84ea5cf2d0e1545f7b_mgs-setup.log)
  sanity-1: PASS (162s) (log: /var/www/ci-lustre/upstream-patch-review/286c0b8d7116372df80cdf84ea5cf2d0e1545f7b_sanity-1.log)
  sanity-2: PASS (175s) (log: /var/www/ci-lustre/upstream-patch-review/286c0b8d7116372df80cdf84ea5cf2d0e1545f7b_sanity-2.log)
  sanity-3: PASS (185s) (log: /var/www/ci-lustre/upstream-patch-review/286c0b8d7116372df80cdf84ea5cf2d0e1545f7b_sanity-3.log)
  sanity-4: PASS (164s) (log: /var/www/ci-lustre/upstream-patch-review/286c0b8d7116372df80cdf84ea5cf2d0e1545f7b_sanity-4.log)

Total execution time: 360s
