CLI: ./podman-ktest --podman-socket unix:///run/podman/podman.sock --shared-filesystem /tmp --tarball-input job lustre-ci --output /var/www/ci-lustre/upstream-patch-review --git-hash 28b3fb128d31bff353616ddbf430432dcef5703c --change-id 62651_28b3fb128d31bff353616ddbf430432dcef5703c --subject LU-19620 obdclass: llog to continue if broken

  Checking /dev/kvm exists... OK
  Checking /dev/kvm permissions... OK
  Creating ccache directory... OK
  Checking ccache directory writable... OK

Environment validated successfully
Creating kernel tarball at /tmp/ktest-kernel.tar.gz...
Creating lustre tarball at /tmp/ktest-lustre.tar.gz...
Executing 16 jobs
Jobs will start as soon as their dependencies are satisfied
Using tarball input mode

START lustre_al2023 build tests/fs/lustre/boot.ktest
START lustre_mainline_native build tests/fs/lustre/boot.ktest
START lustre_mainline_strict build tests/fs/lustre/boot-strict.ktest
START lustre_u24 build tests/fs/lustre/boot.ktest
START lustre_mainline build tests/fs/lustre/boot.ktest
START checkpatch tool checkpatch
PUT /tmp/ktest-kernel.tar.gz 15s
PUT /tmp/ktest-kernel.tar.gz 15s
PUT /tmp/ktest-kernel.tar.gz 15s
PUT /tmp/ktest-kernel.tar.gz 16s
PUT /tmp/ktest-kernel.tar.gz 16s
PUT /tmp/ktest-kernel.tar.gz 16s
PUT /tmp/ktest-lustre.tar.gz 8s
PUT /tmp/ktest-lustre.tar.gz 8s
PUT /tmp/ktest-lustre.tar.gz 9s
PUT /tmp/ktest-lustre.tar.gz 8s
PUT /tmp/ktest-lustre.tar.gz 8s
PUT /tmp/ktest-lustre.tar.gz 9s
END checkpatch tool checkpatch FAIL 28s (exit code: 1)
END lustre_al2023 build tests/fs/lustre/boot.ktest PASS 90s
END lustre_u24 build tests/fs/lustre/boot.ktest PASS 92s
GET /tmp/ktest_lustre_mainline_strict_clepjqmq.tar 4s
END lustre_mainline_strict build tests/fs/lustre/boot-strict.ktest FAIL 133s (exit code: 1)
GET /tmp/ktest_lustre_mainline_native_wv7nrra5.tar 3s
GET /tmp/ktest_lustre_mainline_tu_t2gvf.tar 3s
END lustre_mainline_native build tests/fs/lustre/boot.ktest PASS 150s
START clang-tidy tool clang-tidy
START cc-plugin tool cc-plugin
START boot run tests/fs/lustre/boot.ktest
START llmount run tests/fs/lustre/llmount.ktest
START llog-unit run tests/fs/lustre/llog-unit.ktest
START mgs-setup run tests/fs/lustre/mgs-setup.ktest
START sanity-1 run tests/fs/lustre/sanity/sanity-1.ktest
START sanity-2 run tests/fs/lustre/sanity/sanity-2.ktest
START sanity-3 run tests/fs/lustre/sanity/sanity-3.ktest
START sanity-4 run tests/fs/lustre/sanity/sanity-4.ktest
END lustre_mainline build tests/fs/lustre/boot.ktest PASS 152s
PUT /tmp/ktest-kernel.tar.gz 47s
PUT /tmp/ktest_lustre_mainline_native_wv7nrra5.tar 47s
PUT /tmp/ktest_lustre_mainline_native_wv7nrra5.tar 47s
PUT /tmp/ktest_lustre_mainline_native_wv7nrra5.tar 47s
PUT /tmp/ktest_lustre_mainline_native_wv7nrra5.tar 47s
PUT /tmp/ktest-kernel.tar.gz 47s
PUT /tmp/ktest_lustre_mainline_native_wv7nrra5.tar 47s
PUT /tmp/ktest_lustre_mainline_native_wv7nrra5.tar 47s
PUT /tmp/ktest_lustre_mainline_native_wv7nrra5.tar 47s
PUT /tmp/ktest_lustre_mainline_native_wv7nrra5.tar 47s
PUT /tmp/ktest-lustre.tar.gz 86s
PUT /tmp/ktest-lustre.tar.gz 85s
PUT /tmp/ktest_lustre_mainline_native_wv7nrra5.tar 21s
PUT /tmp/ktest_lustre_mainline_native_wv7nrra5.tar 21s
END cc-plugin tool cc-plugin FAIL 159s (exit code: 127)
END mgs-setup run tests/fs/lustre/mgs-setup.ktest PASS 164s
END boot run tests/fs/lustre/boot.ktest PASS 171s
END clang-tidy tool clang-tidy PASS 175s
END sanity-3 run tests/fs/lustre/sanity/sanity-3.ktest PASS 180s
END sanity-4 run tests/fs/lustre/sanity/sanity-4.ktest PASS 189s
END sanity-1 run tests/fs/lustre/sanity/sanity-1.ktest PASS 196s
END sanity-2 run tests/fs/lustre/sanity/sanity-2.ktest PASS 200s
END llmount run tests/fs/lustre/llmount.ktest PASS 238s
END llog-unit run tests/fs/lustre/llog-unit.ktest PASS 253s

============================================================
Final Results:
  checkpatch: FAIL (28s) (log: /var/www/ci-lustre/upstream-patch-review/28b3fb128d31bff353616ddbf430432dcef5703c_checkpatch.log)
  lustre_u24: PASS (92s) (log: /var/www/ci-lustre/upstream-patch-review/28b3fb128d31bff353616ddbf430432dcef5703c_lustre_u24.log)
  lustre_al2023: PASS (90s) (log: /var/www/ci-lustre/upstream-patch-review/28b3fb128d31bff353616ddbf430432dcef5703c_lustre_al2023.log)
  lustre_mainline_strict: FAIL (133s) (log: /var/www/ci-lustre/upstream-patch-review/28b3fb128d31bff353616ddbf430432dcef5703c_lustre_mainline_strict.log)
  lustre_mainline: PASS (152s) (log: /var/www/ci-lustre/upstream-patch-review/28b3fb128d31bff353616ddbf430432dcef5703c_lustre_mainline.log)
  lustre_mainline_native: PASS (150s) (log: /var/www/ci-lustre/upstream-patch-review/28b3fb128d31bff353616ddbf430432dcef5703c_lustre_mainline_native.log)
  clang-tidy: PASS (175s) (log: /var/www/ci-lustre/upstream-patch-review/28b3fb128d31bff353616ddbf430432dcef5703c_clang-tidy.log)
  cc-plugin: FAIL (159s) (log: /var/www/ci-lustre/upstream-patch-review/28b3fb128d31bff353616ddbf430432dcef5703c_cc-plugin.log)
  boot: PASS (171s) (log: /var/www/ci-lustre/upstream-patch-review/28b3fb128d31bff353616ddbf430432dcef5703c_boot.log)
  llmount: PASS (238s) (log: /var/www/ci-lustre/upstream-patch-review/28b3fb128d31bff353616ddbf430432dcef5703c_llmount.log)
  llog-unit: PASS (253s) (log: /var/www/ci-lustre/upstream-patch-review/28b3fb128d31bff353616ddbf430432dcef5703c_llog-unit.log)
  mgs-setup: PASS (164s) (log: /var/www/ci-lustre/upstream-patch-review/28b3fb128d31bff353616ddbf430432dcef5703c_mgs-setup.log)
  sanity-1: PASS (196s) (log: /var/www/ci-lustre/upstream-patch-review/28b3fb128d31bff353616ddbf430432dcef5703c_sanity-1.log)
  sanity-2: PASS (200s) (log: /var/www/ci-lustre/upstream-patch-review/28b3fb128d31bff353616ddbf430432dcef5703c_sanity-2.log)
  sanity-3: PASS (180s) (log: /var/www/ci-lustre/upstream-patch-review/28b3fb128d31bff353616ddbf430432dcef5703c_sanity-3.log)
  sanity-4: PASS (189s) (log: /var/www/ci-lustre/upstream-patch-review/28b3fb128d31bff353616ddbf430432dcef5703c_sanity-4.log)

Total execution time: 435s
