ERROR:FUNCTION_WITHOUT_ARGS: Bad function definition - int llapi_get_mgs_device() should probably be int llapi_get_mgs_device(void)
#11: FILE: lustre/include/lustre/lustreapi.h:577:
+int llapi_get_mgs_device();

ERROR:FUNCTION_WITHOUT_ARGS: Bad function definition - int llapi_get_mds_device() should probably be int llapi_get_mds_device(void)
#12: FILE: lustre/include/lustre/lustreapi.h:578:
+int llapi_get_mds_device();

ERROR:FUNCTION_WITHOUT_ARGS: Bad function definition - int llapi_get_oss_device() should probably be int llapi_get_oss_device(void)
#13: FILE: lustre/include/lustre/lustreapi.h:579:
+int llapi_get_oss_device();

WARNING:FILE_PATH_CHANGES: added, moved or deleted file(s), does MAINTAINERS need updating?
#50: 
new file mode 100644

ERROR:FUNCTION_WITHOUT_ARGS: Bad function definition - int llapi_get_mgs_device() should probably be int llapi_get_mgs_device(void)
#460: FILE: lustre/utils/liblustreapi_ioctl.c:286:
+int llapi_get_mgs_device()

ERROR:FUNCTION_WITHOUT_ARGS: Bad function definition - int llapi_get_mds_device() should probably be int llapi_get_mds_device(void)
#485: FILE: lustre/utils/liblustreapi_ioctl.c:311:
+int llapi_get_mds_device()

ERROR:FUNCTION_WITHOUT_ARGS: Bad function definition - int llapi_get_oss_device() should probably be int llapi_get_oss_device(void)
#510: FILE: lustre/utils/liblustreapi_ioctl.c:336:
+int llapi_get_oss_device()

total: 6 errors, 1 warnings, 968 lines checked

NOTE: For some of the reported defects, checkpatch may be able to
      mechanically convert to the typical style using --fix or --fix-inplace.

Your patch has style problems, please review.

NOTE: If any of the errors are false positives, please report
      them to the maintainer, see CHECKPATCH in MAINTAINERS.
