CLI: ./podman-ktest --podman-socket unix:///run/podman/podman.sock --shared-filesystem /tmp --tarball-input job lustre-ci --output /var/www/ci-lustre/upstream-patch-review --git-hash 2970a10315b451ef15fce6fbb445897bc47db795 --change-id 61987_2970a10315b451ef15fce6fbb445897bc47db795 --subject LU-18456 tcu: add "notcu" MDT mount option disable TCU setup

  Checking /dev/kvm exists... OK
  Checking /dev/kvm permissions... OK
  Creating ccache directory... OK
  Checking ccache directory writable... OK

Environment validated successfully
Creating kernel tarball at /tmp/ktest-kernel.tar.gz...
Creating lustre tarball at /tmp/ktest-lustre.tar.gz...
Creating ZFS tarball at /tmp/ktest-zfs.tar.gz...
Executing 13 jobs
Jobs will start as soon as their dependencies are satisfied
Using tarball input mode

START lustre_mainline_strict build tests/fs/lustre/boot-strict.ktest
START checkpatch tool checkpatch
START lustre_mainline build tests/fs/lustre/boot.ktest
START lustre_mainline_native build tests/fs/lustre/boot.ktest
START al2023 build tests/fs/lustre/boot.ktest
START u24 build tests/fs/lustre/boot.ktest
PUT /tmp/ktest-lustre.tar.gz 1s
PUT /tmp/ktest-lustre.tar.gz 2s
PUT /tmp/ktest-kernel.tar.gz 6s
PUT /tmp/ktest-kernel.tar.gz 6s
PUT /tmp/ktest-kernel.tar.gz 6s
PUT /tmp/ktest-kernel.tar.gz 6s
PUT /tmp/ktest-lustre.tar.gz 1s
PUT /tmp/ktest-lustre.tar.gz 1s
PUT /tmp/ktest-lustre.tar.gz 1s
PUT /tmp/ktest-lustre.tar.gz 1s
PUT /tmp/ktest-zfs.tar.gz 0s
PUT /tmp/ktest-zfs.tar.gz 0s
PUT /tmp/ktest-zfs.tar.gz 0s
END checkpatch tool checkpatch PASS 10s
END al2023 build tests/fs/lustre/boot.ktest PASS 59s
END u24 build tests/fs/lustre/boot.ktest PASS 64s
GET /tmp/ktest_lustre_mainline_strict_flbrbceg.tar 6s
END lustre_mainline_strict build tests/fs/lustre/boot-strict.ktest FAIL 138s (exit code: 1)
GET /tmp/ktest_lustre_mainline_native__ho2dser.tar 0s
GET /tmp/ktest_lustre_mainline_nkzuqi9l.tar 0s
END lustre_mainline_native build tests/fs/lustre/boot.ktest PASS 144s
START boot run tests/fs/lustre/boot.ktest
START llmount run tests/fs/lustre/llmount.ktest
START mgs-setup run tests/fs/lustre/mgs-setup.ktest
START sanity-1 run tests/fs/lustre/sanity/sanity-1.ktest
START sanity-2 run tests/fs/lustre/sanity/sanity-2.ktest
START sanity-3 run tests/fs/lustre/sanity/sanity-3.ktest
START sanity-4 run tests/fs/lustre/sanity/sanity-4.ktest
END lustre_mainline build tests/fs/lustre/boot.ktest PASS 145s
PUT /tmp/ktest_lustre_mainline_native__ho2dser.tar 1s
PUT /tmp/ktest_lustre_mainline_native__ho2dser.tar 1s
PUT /tmp/ktest_lustre_mainline_native__ho2dser.tar 1s
PUT /tmp/ktest_lustre_mainline_native__ho2dser.tar 1s
PUT /tmp/ktest_lustre_mainline_native__ho2dser.tar 1s
PUT /tmp/ktest_lustre_mainline_native__ho2dser.tar 1s
PUT /tmp/ktest_lustre_mainline_native__ho2dser.tar 1s
END boot run tests/fs/lustre/boot.ktest PASS 20s
END mgs-setup run tests/fs/lustre/mgs-setup.ktest PASS 29s
END sanity-1 run tests/fs/lustre/sanity/sanity-1.ktest PASS 43s
END sanity-2 run tests/fs/lustre/sanity/sanity-2.ktest PASS 45s
END sanity-3 run tests/fs/lustre/sanity/sanity-3.ktest PASS 52s
END sanity-4 run tests/fs/lustre/sanity/sanity-4.ktest PASS 52s
END llmount run tests/fs/lustre/llmount.ktest PASS 100s

============================================================
Final Results:
  checkpatch: PASS (10s) (log: /var/www/ci-lustre/upstream-patch-review/2970a10315b451ef15fce6fbb445897bc47db795_checkpatch.log)
  u24: PASS (64s) (log: /var/www/ci-lustre/upstream-patch-review/2970a10315b451ef15fce6fbb445897bc47db795_u24.log)
  al2023: PASS (59s) (log: /var/www/ci-lustre/upstream-patch-review/2970a10315b451ef15fce6fbb445897bc47db795_al2023.log)
  lustre_mainline_strict: FAIL (138s) (log: /var/www/ci-lustre/upstream-patch-review/2970a10315b451ef15fce6fbb445897bc47db795_lustre_mainline_strict.log)
  lustre_mainline: PASS (145s) (log: /var/www/ci-lustre/upstream-patch-review/2970a10315b451ef15fce6fbb445897bc47db795_lustre_mainline.log)
  lustre_mainline_native: PASS (144s) (log: /var/www/ci-lustre/upstream-patch-review/2970a10315b451ef15fce6fbb445897bc47db795_lustre_mainline_native.log)
  boot: PASS (20s) (log: /var/www/ci-lustre/upstream-patch-review/2970a10315b451ef15fce6fbb445897bc47db795_boot.log)
  llmount: PASS (100s) (log: /var/www/ci-lustre/upstream-patch-review/2970a10315b451ef15fce6fbb445897bc47db795_llmount.log)
  mgs-setup: PASS (29s) (log: /var/www/ci-lustre/upstream-patch-review/2970a10315b451ef15fce6fbb445897bc47db795_mgs-setup.log)
  sanity-1: PASS (43s) (log: /var/www/ci-lustre/upstream-patch-review/2970a10315b451ef15fce6fbb445897bc47db795_sanity-1.log)
  sanity-2: PASS (45s) (log: /var/www/ci-lustre/upstream-patch-review/2970a10315b451ef15fce6fbb445897bc47db795_sanity-2.log)
  sanity-3: PASS (52s) (log: /var/www/ci-lustre/upstream-patch-review/2970a10315b451ef15fce6fbb445897bc47db795_sanity-3.log)
  sanity-4: PASS (52s) (log: /var/www/ci-lustre/upstream-patch-review/2970a10315b451ef15fce6fbb445897bc47db795_sanity-4.log)

Total execution time: 275s
