CLI: ./podman-ktest --podman-socket unix:///run/podman/podman.sock --shared-filesystem /tmp --tarball-input job lustre-ci --output /var/www/ci-lustre/upstream-patch-review --git-hash 297f4e94299c9fb67bed78db17ed571e29e99a11 --change-id 62853_297f4e94299c9fb67bed78db17ed571e29e99a11 --subject LU-12668 ec: skip raidsets fully covered by a hole

  Checking /dev/kvm exists... OK
  Checking /dev/kvm permissions... OK
  Creating ccache directory... OK
  Checking ccache directory writable... OK

Environment validated successfully
Creating kernel tarball at /tmp/ktest-kernel.tar.gz...
Creating lustre tarball at /tmp/ktest-lustre.tar.gz...
Executing 16 jobs
Jobs will start as soon as their dependencies are satisfied
Using tarball input mode

START lustre_mainline_native build tests/fs/lustre/boot.ktest
START checkpatch tool checkpatch
START u24 build tests/fs/lustre/boot.ktest
START lustre_mainline build tests/fs/lustre/boot.ktest
START al2023 build tests/fs/lustre/boot.ktest
START lustre_mainline_strict build tests/fs/lustre/boot-strict.ktest
PUT /tmp/ktest-kernel.tar.gz 8s
PUT /tmp/ktest-kernel.tar.gz 8s
PUT /tmp/ktest-kernel.tar.gz 8s
PUT /tmp/ktest-kernel.tar.gz 8s
PUT /tmp/ktest-kernel.tar.gz 8s
PUT /tmp/ktest-kernel.tar.gz 9s
PUT /tmp/ktest-lustre.tar.gz 2s
PUT /tmp/ktest-lustre.tar.gz 2s
PUT /tmp/ktest-lustre.tar.gz 2s
PUT /tmp/ktest-lustre.tar.gz 2s
PUT /tmp/ktest-lustre.tar.gz 2s
PUT /tmp/ktest-lustre.tar.gz 2s
END checkpatch tool checkpatch PASS 13s
END al2023 build tests/fs/lustre/boot.ktest PASS 71s
END u24 build tests/fs/lustre/boot.ktest PASS 76s
GET /tmp/ktest_lustre_mainline_native_yxq2g07e.tar 4s
END lustre_mainline_native build tests/fs/lustre/boot.ktest FAIL 92s (exit code: 1)
GET /tmp/ktest_lustre_mainline_strict_n7hnq5su.tar 6s
GET /tmp/ktest_lustre_mainline_s4uq0wkb.tar 6s
END lustre_mainline_strict build tests/fs/lustre/boot-strict.ktest FAIL 96s (exit code: 1)
END lustre_mainline build tests/fs/lustre/boot.ktest FAIL 97s (exit code: 1)

============================================================
Final Results:
  checkpatch: PASS (13s) (log: /var/www/ci-lustre/upstream-patch-review/297f4e94299c9fb67bed78db17ed571e29e99a11_checkpatch.log)
  u24: PASS (76s) (log: /var/www/ci-lustre/upstream-patch-review/297f4e94299c9fb67bed78db17ed571e29e99a11_u24.log)
  al2023: PASS (71s) (log: /var/www/ci-lustre/upstream-patch-review/297f4e94299c9fb67bed78db17ed571e29e99a11_al2023.log)
  lustre_mainline_strict: FAIL (96s) (log: /var/www/ci-lustre/upstream-patch-review/297f4e94299c9fb67bed78db17ed571e29e99a11_lustre_mainline_strict.log)
  lustre_mainline: FAIL (97s) (log: /var/www/ci-lustre/upstream-patch-review/297f4e94299c9fb67bed78db17ed571e29e99a11_lustre_mainline.log)
  lustre_mainline_native: FAIL (92s) (log: /var/www/ci-lustre/upstream-patch-review/297f4e94299c9fb67bed78db17ed571e29e99a11_lustre_mainline_native.log)
  clang-tidy: SKIPPED (due to dependency failure)
  cc-plugin: SKIPPED (due to dependency failure)
  boot: SKIPPED (due to dependency failure)
  llmount: SKIPPED (due to dependency failure)
  llog-unit: SKIPPED (due to dependency failure)
  mgs-setup: SKIPPED (due to dependency failure)
  sanity-1: SKIPPED (due to dependency failure)
  sanity-2: SKIPPED (due to dependency failure)
  sanity-3: SKIPPED (due to dependency failure)
  sanity-4: SKIPPED (due to dependency failure)

Total execution time: 129s
