00000 
00007 RDSEED32 is broken. Disabling the corresponding CPUID bit.
00011 init: failed to load nvme_core
00011 init: failed to load nvme
00011 init: failed to load zfs
00012 LNetError: 1:0:(lib-socket.c:619:lnet_inet_enumerate()) lnet: Can't find any usable interfaces, rc = -ENOENT
00012 LNetError: Error -100 starting up LNI tcp
00013 LustreError: 1:0:(events.c:627:ptlrpc_init_portals()) network initialisation failed: rc = -100
00013 init: finit_module /lib/modules/7.0.0-ktest-2ac6e6a-6330a45-20260723-dirty/updates/ptlrpc.ko: Network is down
00013 init: failed to load lustre
00013 init: failed to load osd_zfs
00013 init: failed to load iwlwifi
00013 init: failed to load iwlmvm
00013 init: failed to load mt7921e
00013 init: failed to load i915
00013 init: failed to load nouveau
00024 tlp: vm.laptop_mode is deprecated. Ignoring setting.
00024 Kernel version: 7.0.0-ktest-2ac6e6a-6330a45-20260723-dirty
00024 hook init_noop
00025 
00025 Running tests boot
00025 
00025 ========= TEST   boot
00025 boot
00025 
00025 ========= PASSED boot in 1s
00025 
00025 Passed: boot
00025 Failed: 
00025 NOTICE: Automounting of tracing to debugfs is deprecated and will be removed in 2030
00025 Kernel version: 7.0.0-ktest-2ac6e6a-6330a45-20260723-dirty
00025 TEST SUCCESS
