CLI: ./podman-ktest --podman-socket unix:///run/podman/podman.sock --shared-filesystem /tmp --tarball-input job lustre-ci --output /var/www/ci-lustre/upstream-patch-review --git-hash 2ada4275647d71323dee408533d1c0a67701fdd1 --change-id 66280_2ada4275647d71323dee408533d1c0a67701fdd1 --subject LU-10026 osc: disable CPU-access features for RDMA only pages

Environment validated successfully
Note: custom LLVM is not synced in tarball input mode
Creating kernel tarball at /tmp/ktest-kernel.tar.gz...
Creating lustre tarball at /tmp/ktest-lustre.tar.gz...
Creating ZFS tarball at /tmp/ktest-zfs.tar.gz...
Executing 14 jobs
Jobs will start as soon as their dependencies are satisfied
Using tarball input mode

START al2023:al2023 build tests/fs/lustre/boot.ktest
START ml-miscvm:lustre_mainline_native build tests/fs/lustre/boot.ktest
START ml:lustre_mainline build tests/fs/lustre/boot.ktest
START ml-strict:lustre_mainline build tests/fs/lustre/boot-strict.ktest
START checkpatch:checkpatch tool checkpatch
START u24:u24 build tests/fs/lustre/boot.ktest
PUT /tmp/ktest-lustre.tar.gz 1s
PUT /tmp/ktest-lustre.tar.gz 1s
PUT /tmp/ktest-kernel.tar.gz 7s
PUT /tmp/ktest-kernel.tar.gz 7s
PUT /tmp/ktest-kernel.tar.gz 7s
PUT /tmp/ktest-kernel.tar.gz 7s
PUT /tmp/ktest-lustre.tar.gz 2s
PUT /tmp/ktest-lustre.tar.gz 2s
PUT /tmp/ktest-lustre.tar.gz 2s
PUT /tmp/ktest-lustre.tar.gz 2s
PUT /tmp/ktest-zfs.tar.gz 0s
PUT /tmp/ktest-zfs.tar.gz 0s
PUT /tmp/ktest-zfs.tar.gz 0s
END checkpatch:checkpatch tool checkpatch PASS 11s
END al2023:al2023 build tests/fs/lustre/boot.ktest PASS 58s
END u24:u24 build tests/fs/lustre/boot.ktest PASS 70s
GET /tmp/ktest_ml-miscvm:lustre_mainline_native_57rrlntp.tar 6s
GET /tmp/ktest_ml-strict:lustre_mainline_l28bfl4h.tar 6s
GET /tmp/ktest_ml:lustre_mainline_9gopb1pm.tar 5s
END ml-miscvm:lustre_mainline_native build tests/fs/lustre/boot.ktest FAIL 151s (exit code: 1)
END ml:lustre_mainline build tests/fs/lustre/boot.ktest FAIL 155s (exit code: 1)
END ml-strict:lustre_mainline build tests/fs/lustre/boot-strict.ktest FAIL 155s (exit code: 1)

============================================================
Final Results:
  checkpatch:checkpatch: PASS (11s) (log: /var/www/ci-lustre/upstream-patch-review/2ada4275647d71323dee408533d1c0a67701fdd1_checkpatch:checkpatch.log)
  u24:u24: PASS (70s) (log: /var/www/ci-lustre/upstream-patch-review/2ada4275647d71323dee408533d1c0a67701fdd1_u24:u24.log)
  al2023:al2023: PASS (58s) (log: /var/www/ci-lustre/upstream-patch-review/2ada4275647d71323dee408533d1c0a67701fdd1_al2023:al2023.log)
  ml-strict:lustre_mainline: FAIL (155s) (log: /var/www/ci-lustre/upstream-patch-review/2ada4275647d71323dee408533d1c0a67701fdd1_ml-strict:lustre_mainline.log)
  ml:lustre_mainline: FAIL (155s) (log: /var/www/ci-lustre/upstream-patch-review/2ada4275647d71323dee408533d1c0a67701fdd1_ml:lustre_mainline.log)
  ml-miscvm:lustre_mainline_native: FAIL (151s) (log: /var/www/ci-lustre/upstream-patch-review/2ada4275647d71323dee408533d1c0a67701fdd1_ml-miscvm:lustre_mainline_native.log)
  ml-miscvm:boot: SKIPPED (due to dependency failure)
  ml-miscvm:llmount: SKIPPED (due to dependency failure)
  ml-miscvm:llog-unit: SKIPPED (due to dependency failure)
  ml-miscvm:mgs-setup: SKIPPED (due to dependency failure)
  ml-miscvm:sanity-1: SKIPPED (due to dependency failure)
  ml-miscvm:sanity-2: SKIPPED (due to dependency failure)
  ml-miscvm:sanity-3: SKIPPED (due to dependency failure)
  ml-miscvm:sanity-4: SKIPPED (due to dependency failure)

Total execution time: 185s
