00001 
00001 RDSEED32 is broken. Disabling the corresponding CPUID bit.
00002 init: failed to load nvme_core
00002 init: failed to load nvme
00002 init: failed to load zfs
00003 LNetError: 1:0:(lib-socket.c:619:lnet_inet_enumerate()) lnet: Can't find any usable interfaces, rc = -ENOENT
00003 LNetError: Error -100 starting up LNI tcp
00003 LustreError: 1:0:(events.c:627:ptlrpc_init_portals()) network initialisation failed: rc = -100
00004 init: finit_module /lib/modules/7.0.0-ktest-2b00861-6330a45-20260713-dirty/updates/ptlrpc.ko: Network is down
00004 init: failed to load lustre
00004 init: failed to load osd_zfs
00004 init: failed to load iwlwifi
00004 init: failed to load iwlmvm
00004 init: failed to load mt7921e
00004 init: failed to load i915
00004 init: failed to load nouveau
00046 tlp: vm.laptop_mode is deprecated. Ignoring setting.
00046 Kernel version: 7.0.0-ktest-2b00861-6330a45-20260713-dirty
00046 hook init_noop
00046 
00046 Running tests llog-unit
00046 
00046 ========= TEST   llog-unit
00046 /host/home/ktest/git/lustre-release/lustre/tests/test-framework.sh: line 6933: cd: HOME not set
00046 /host/home/ktest/git/lustre-release/lustre/tests/test-framework.sh: line 6933: cd: HOME not set
00046 /host/home/ktest/git/lustre-release/lustre/tests/test-framework.sh: line 6933: cd: HOME not set
00048 MGS_OS_VERSION_ID=24.04
00048 MGS_OS_ID=ubuntu
00048 MGS_OS_VERSION_CODE=402915328
00048 MGS_OS_ID_LIKE=debian ubuntu
00048 MDS1_OS_ID=ubuntu
00048 MDS1_OS_VERSION_CODE=402915328
00048 MDS1_OS_ID_LIKE=debian ubuntu
00048 MDS1_OS_VERSION_ID=24.04
00049 OST1_OS_VERSION_ID=24.04
00049 OST1_OS_VERSION_CODE=402915328
00049 OST1_OS_ID=ubuntu
00049 OST1_OS_ID_LIKE=debian ubuntu
00049 CLIENT_OS_VERSION_ID=24.04
00049 CLIENT_OS_ID_LIKE=debian ubuntu
00049 CLIENT_OS_ID=ubuntu
00049 CLIENT_OS_VERSION_CODE=402915328
00049 Loading modules from /host/home/ktest/git/lustre-release/lustre
00049 detected 16 online CPUs by sysfs
00049 MODOPTS_LIBCFS=
00049 libcfs will create CPU partition based on online CPUs
00050 LNet: Added LNI 10.0.2.15@tcp [8/256/0/180]
00050 gss/krb5 is not supported
00051 Lustre: Echo OBD driver; http://www.lustre.org/
00051 
00051 
00051 /host/home/ktest/git/lustre-release/lustre/tests/test-framework.sh: line 6933: cd: HOME not set
00051 /host/home/ktest/git/lustre-release/lustre/tests/test-framework.sh: line 6933: cd: HOME not set
00051 /host/home/ktest/git/lustre-release/lustre/tests/test-framework.sh: line 6933: cd: HOME not set
00055 Lustre: DEBUG MARKER: Attempt llog unit tests
00055 Lustre: 2188:0:(llog_test.c:2809:llog_test_device_init()) Setup llog-test device over MGS device
00055 Lustre: 2188:0:(llog_test.c:98:llog_test_1()) 1a: create a log with name: d747e013
00055 ------------[ cut here ]------------
00055 WARNING: /home/ktest/git/linux/include/linux/fs.h:889 at osd_create+0x9cf/0xcf0 [osd_wbcfs], CPU#14: lctl/2188
00055 Modules linked in: llog_test(O) mgs(O) osd_wbcfs(O) lustre(O) obdecho(O) mgc(O) mdc(O) lov(O) osc(O) lmv(O) ec(O) fid(O) fld(O) ptlrpc(O) efivarfs obdclass(O) ksocklnd(O) lnet(O) libcfs(O)
00055 CPU: 14 UID: 0 PID: 2188 Comm: lctl Tainted: G           O        7.0.0-ktest-2b00861-6330a45-20260713-dirty #1 PREEMPT 
00055 Tainted: [O]=OOT_MODULE
00055 Hardware name: QEMU Standard PC (Q35 + ICH9, 2009), BIOS 2025.11-3ubuntu7 03/31/2026
00055 RIP: 0010:osd_create+0x9cf/0xcf0 [osd_wbcfs]
00055 Code: c7 c7 00 b6 7c a1 48 c7 c6 a0 22 75 a1 48 c7 c2 00 2c 75 a1 e8 82 dd 43 ff 48 c7 c7 00 b6 7c a1 e8 f6 6a 44 ff e9 fe fc ff ff <0f> 0b e9 a5 fa ff ff 48 c7 c1 80 44 5d a0 80 e1 07 80 c1 03 38 c1
00055 RSP: 0018:ffffc900020877a0 EFLAGS: 00010246
00055 RAX: 0000000000000000 RBX: ffff888185fe8800 RCX: 0000000000000046
00055 RDX: 0000000000000000 RSI: ffff888199812648 RDI: ffff88818c70cb18
00055 RBP: ffff8881998125b8 R08: ffffffff83a16803 R09: 1ffffffff0742d00
00055 R10: dffffc0000000000 R11: fffffbfff0742d01 R12: ffff888185fea400
00055 R13: dffffc0000000000 R14: 1ffff11030bfd100 R15: 1ffff11030bfd48f
00055 FS:  00007fa7dce46940(0000) GS:ffff88831eb2d000(0000) knlGS:0000000000000000
00055 CS:  0010 DS: 0000 ES: 0000 CR0: 0000000080050033
00055 CR2: 000055b6211e5b40 CR3: 0000000197946000 CR4: 0000000000750eb0
00055 PKRU: 55555554
00055 Call Trace:
00055  <TASK>
00055  ? local_object_create+0x109/0x640 [obdclass]
00055  ? dt_write_lock+0x16d/0x2a0 [obdclass]
00055  ? llog_osd_create+0x356/0x1140 [obdclass]
00055  ? llog_create+0x2ed/0x530 [obdclass]
00055  ? llog_open_create+0x5af/0xb10 [obdclass]
00055  ? llog_run_tests+0x4bb/0x5ac0 [llog_test]
00055  ? get_random_u32+0x51/0x470
00055  ? get_random_u32+0x51/0x470
00055  ? _raw_spin_unlock+0x23/0x40
00055  ? __llog_ctxt_put+0x1c4/0x2f0 [obdclass]
00055  ? llog_test_device_init+0x503/0x840 [llog_test]
00055  ? obd_setup+0x559/0x960 [obdclass]
00055  ? class_setup+0xc7d/0x10e0 [obdclass]
00055  ? class_process_config+0x2edb/0x7cb0 [obdclass]
00055  ? class_handle_ioctl+0x2055/0x3590 [obdclass]
00055  ? obd_class_ioctl+0x1f6/0x3c0 [obdclass]
00055  ? __x64_sys_ioctl+0x961/0xe00
00055  ? _copy_to_user+0x3d/0x60
00055  ? __x64_sys_rt_sigaction+0x107/0x140
00055  ? do_syscall_64+0xc1/0x350
00055  ? entry_SYSCALL_64_after_hwframe+0x4b/0x53
00055  </TASK>
00055 ---[ end trace 0000000000000000 ]---
00055 Lustre: 2188:0:(llog_test.c:115:llog_test_1()) 1b: close newly-created log
00055 Lustre: 2188:0:(llog_test.c:146:llog_test_2()) 2a: re-open a log with name: d747e013
00055 Lustre: 2188:0:(llog_test.c:166:llog_test_2()) 2b: create a log without specified NAME & LOGID
00055 ------------[ cut here ]------------
00055 WARNING: /home/ktest/git/linux/include/linux/fs.h:889 at osd_create+0x9cf/0xcf0 [osd_wbcfs], CPU#14: lctl/2188
00055 Modules linked in: llog_test(O) mgs(O) osd_wbcfs(O) lustre(O) obdecho(O) mgc(O) mdc(O) lov(O) osc(O) lmv(O) ec(O) fid(O) fld(O) ptlrpc(O) efivarfs obdclass(O) ksocklnd(O) lnet(O) libcfs(O)
00055 CPU: 14 UID: 0 PID: 2188 Comm: lctl Tainted: G        W  O        7.0.0-ktest-2b00861-6330a45-20260713-dirty #1 PREEMPT 
00055 Tainted: [W]=WARN, [O]=OOT_MODULE
00055 Hardware name: QEMU Standard PC (Q35 + ICH9, 2009), BIOS 2025.11-3ubuntu7 03/31/2026
00055 RIP: 0010:osd_create+0x9cf/0xcf0 [osd_wbcfs]
00055 Code: c7 c7 00 b6 7c a1 48 c7 c6 a0 22 75 a1 48 c7 c2 00 2c 75 a1 e8 82 dd 43 ff 48 c7 c7 00 b6 7c a1 e8 f6 6a 44 ff e9 fe fc ff ff <0f> 0b e9 a5 fa ff ff 48 c7 c1 80 44 5d a0 80 e1 07 80 c1 03 38 c1
00055 RSP: 0018:ffffc900020877a0 EFLAGS: 00010246
00055 RAX: 0000000000000000 RBX: ffff888185feb800 RCX: 0000000000000046
00055 RDX: 0000000000000000 RSI: ffff888199811f30 RDI: ffff88818c70cb18
00055 RBP: ffff888199811ea0 R08: ffffffff83a16803 R09: 1ffffffff0742d00
00055 R10: dffffc0000000000 R11: fffffbfff0742d01 R12: ffff888185fea400
00055 R13: dffffc0000000000 R14: 1ffff11030bfd700 R15: 1ffff11030bfd48f
00055 FS:  00007fa7dce46940(0000) GS:ffff88831eb2d000(0000) knlGS:0000000000000000
00055 CS:  0010 DS: 0000 ES: 0000 CR0: 0000000080050033
00055 CR2: 000055b6211e5b40 CR3: 0000000197946000 CR4: 0000000000750eb0
00055 PKRU: 55555554
00055 Call Trace:
00055  <TASK>
00055  ? local_object_create+0x109/0x640 [obdclass]
00055  ? dt_write_lock+0x16d/0x2a0 [obdclass]
00055  ? llog_osd_create+0x356/0x1140 [obdclass]
00055  ? llog_create+0x2ed/0x530 [obdclass]
00055  ? llog_open_create+0x5af/0xb10 [obdclass]
00055  ? llog_run_tests+0xd1a/0x5ac0 [llog_test]
00055  ? get_random_u32+0x51/0x470
00055  ? get_random_u32+0x51/0x470
00055  ? _raw_spin_unlock+0x23/0x40
00055  ? llog_test_device_init+0x503/0x840 [llog_test]
00055  ? obd_setup+0x559/0x960 [obdclass]
00055  ? class_setup+0xc7d/0x10e0 [obdclass]
00055  ? class_process_config+0x2edb/0x7cb0 [obdclass]
00055  ? class_handle_ioctl+0x2055/0x3590 [obdclass]
00055  ? obd_class_ioctl+0x1f6/0x3c0 [obdclass]
00055  ? __x64_sys_ioctl+0x961/0xe00
00055  ? _copy_to_user+0x3d/0x60
00055  ? __x64_sys_rt_sigaction+0x107/0x140
00055  ? do_syscall_64+0xc1/0x350
00055  ? entry_SYSCALL_64_after_hwframe+0x4b/0x53
00055  </TASK>
00055 ---[ end trace 0000000000000000 ]---
00055 Lustre: 2188:0:(llog_test.c:184:llog_test_2()) 2b: write 1 llog records, check llh_count
00055 Lustre: 2188:0:(llog_test.c:197:llog_test_2()) 2c: re-open the log by LOGID and verify llh_count
00055 Lustre: 2188:0:(llog_test.c:244:llog_test_2()) 2d: destroy this log
00055 Lustre: 2188:0:(llog_test.c:402:llog_test_3()) 3a: write 1023 fixed-size llog records
00055 Lustre: 2188:0:(llog_test.c:366:llog_test3_process()) test3: processing records from index 501 to the end
00055 Lustre: 2188:0:(llog_test.c:376:llog_test3_process()) test3: total 525 records processed with 0 paddings
00055 Lustre: 2188:0:(llog_test.c:458:llog_test_3()) 3b: write 566 variable size llog records
00055 Lustre: 2188:0:(llog_test.c:529:llog_test_3()) 3c: write records with variable size until BITMAP_SIZE, return -ENOSPC
00057 Lustre: 2188:0:(llog_test.c:552:llog_test_3()) 3c: wrote 63962 more records before end of llog is reached
00057 Lustre: 2188:0:(llog_test.c:581:llog_test_4()) 4a: create a catalog log with name: d747e014
00057 ------------[ cut here ]------------
00057 WARNING: /home/ktest/git/linux/include/linux/fs.h:889 at osd_create+0x9cf/0xcf0 [osd_wbcfs], CPU#14: lctl/2188
00057 Modules linked in: llog_test(O) mgs(O) osd_wbcfs(O) lustre(O) obdecho(O) mgc(O) mdc(O) lov(O) osc(O) lmv(O) ec(O) fid(O) fld(O) ptlrpc(O) efivarfs obdclass(O) ksocklnd(O) lnet(O) libcfs(O)
00057 CPU: 14 UID: 0 PID: 2188 Comm: lctl Tainted: G        W  O        7.0.0-ktest-2b00861-6330a45-20260713-dirty #1 PREEMPT 
00057 Tainted: [W]=WARN, [O]=OOT_MODULE
00057 Hardware name: QEMU Standard PC (Q35 + ICH9, 2009), BIOS 2025.11-3ubuntu7 03/31/2026
00057 RIP: 0010:osd_create+0x9cf/0xcf0 [osd_wbcfs]
00057 Code: c7 c7 00 b6 7c a1 48 c7 c6 a0 22 75 a1 48 c7 c2 00 2c 75 a1 e8 82 dd 43 ff 48 c7 c7 00 b6 7c a1 e8 f6 6a 44 ff e9 fe fc ff ff <0f> 0b e9 a5 fa ff ff 48 c7 c1 80 44 5d a0 80 e1 07 80 c1 03 38 c1
00057 RSP: 0018:ffffc900020877a0 EFLAGS: 00010246
00057 RAX: 0000000000000000 RBX: ffff888139622800 RCX: 0000000000000046
00057 RDX: 0000000000000000 RSI: ffff888199811818 RDI: ffff88818c70cb18
00057 RBP: ffff888199811788 R08: ffffffff83a16803 R09: 1ffffffff0742d00
00057 R10: dffffc0000000000 R11: fffffbfff0742d01 R12: ffff888185fea400
00057 R13: dffffc0000000000 R14: 1ffff110272c4500 R15: 1ffff11030bfd48f
00057 FS:  00007fa7dce46940(0000) GS:ffff88831eb2d000(0000) knlGS:0000000000000000
00057 CS:  0010 DS: 0000 ES: 0000 CR0: 0000000080050033
00057 CR2: 000055b6211e5b40 CR3: 0000000197946000 CR4: 0000000000750eb0
00057 PKRU: 55555554
00057 Call Trace:
00057  <TASK>
00057  ? local_object_create+0x109/0x640 [obdclass]
00057  ? dt_write_lock+0x16d/0x2a0 [obdclass]
00057  ? llog_osd_create+0x356/0x1140 [obdclass]
00057  ? llog_create+0x2ed/0x530 [obdclass]
00057  ? llog_open_create+0x5af/0xb10 [obdclass]
00057  ? llog_run_tests+0x2c0e/0x5ac0 [llog_test]
00057  ? get_random_u32+0x51/0x470
00057  ? llog_test_device_init+0x503/0x840 [llog_test]
00057  ? obd_setup+0x559/0x960 [obdclass]
00057  ? class_setup+0xc7d/0x10e0 [obdclass]
00057  ? class_process_config+0x2edb/0x7cb0 [obdclass]
00057  ? class_handle_ioctl+0x2055/0x3590 [obdclass]
00057  ? obd_class_ioctl+0x1f6/0x3c0 [obdclass]
00057  ? __x64_sys_ioctl+0x961/0xe00
00057  ? _copy_to_user+0x3d/0x60
00057  ? __x64_sys_rt_sigaction+0x107/0x140
00057  ? do_syscall_64+0xc1/0x350
00057  ? entry_SYSCALL_64_after_hwframe+0x4b/0x53
00057  </TASK>
00057 ---[ end trace 0000000000000000 ]---
00057 Lustre: 2188:0:(llog_test.c:596:llog_test_4()) 4b: write 1 record into the catalog
00057 ------------[ cut here ]------------
00057 WARNING: /home/ktest/git/linux/include/linux/fs.h:889 at osd_create+0x9cf/0xcf0 [osd_wbcfs], CPU#14: lctl/2188
00057 Modules linked in: llog_test(O) mgs(O) osd_wbcfs(O) lustre(O) obdecho(O) mgc(O) mdc(O) lov(O) osc(O) lmv(O) ec(O) fid(O) fld(O) ptlrpc(O) efivarfs obdclass(O) ksocklnd(O) lnet(O) libcfs(O)
00057 CPU: 14 UID: 0 PID: 2188 Comm: lctl Tainted: G        W  O        7.0.0-ktest-2b00861-6330a45-20260713-dirty #1 PREEMPT 
00057 Tainted: [W]=WARN, [O]=OOT_MODULE
00057 Hardware name: QEMU Standard PC (Q35 + ICH9, 2009), BIOS 2025.11-3ubuntu7 03/31/2026
00057 RIP: 0010:osd_create+0x9cf/0xcf0 [osd_wbcfs]
00057 Code: c7 c7 00 b6 7c a1 48 c7 c6 a0 22 75 a1 48 c7 c2 00 2c 75 a1 e8 82 dd 43 ff 48 c7 c7 00 b6 7c a1 e8 f6 6a 44 ff e9 fe fc ff ff <0f> 0b e9 a5 fa ff ff 48 c7 c1 80 44 5d a0 80 e1 07 80 c1 03 38 c1
00057 RSP: 0018:ffffc90002087640 EFLAGS: 00010246
00057 RAX: 0000000000000000 RBX: ffff888139621c00 RCX: 0000000000000046
00057 RDX: 0000000000000000 RSI: ffff888199811100 RDI: ffff88818c70cb40
00057 RBP: ffff888199811070 R08: ffffffff83a16803 R09: 1ffffffff0742d00
00057 R10: dffffc0000000000 R11: fffffbfff0742d01 R12: ffff888185fea400
00057 R13: dffffc0000000000 R14: 1ffff110272c4380 R15: 1ffff11030bfd48f
00057 FS:  00007fa7dce46940(0000) GS:ffff88831eb2d000(0000) knlGS:0000000000000000
00057 CS:  0010 DS: 0000 ES: 0000 CR0: 0000000080050033
00057 CR2: 000055b6211e5b40 CR3: 0000000197946000 CR4: 0000000000750eb0
00057 PKRU: 55555554
00057 Call Trace:
00057  <TASK>
00057  ? local_object_create+0x109/0x640 [obdclass]
00057  ? dt_write_lock+0x16d/0x2a0 [obdclass]
00057  ? llog_osd_create+0x356/0x1140 [obdclass]
00057  ? llog_create+0x2ed/0x530 [obdclass]
00057  ? llog_cat_new_log+0x6c3/0x2bf0 [obdclass]
00057  ? llog_cat_add_rec+0x6ba/0x1960 [obdclass]
00057  ? llog_cat_add+0x451/0x890 [obdclass]
00057  ? llog_run_tests+0x2ff2/0x5ac0 [llog_test]
00057  ? get_random_u32+0x51/0x470
00057  ? llog_test_device_init+0x503/0x840 [llog_test]
00057  ? obd_setup+0x559/0x960 [obdclass]
00057  ? class_setup+0xc7d/0x10e0 [obdclass]
00057  ? class_process_config+0x2edb/0x7cb0 [obdclass]
00057  ? class_handle_ioctl+0x2055/0x3590 [obdclass]
00057  ? obd_class_ioctl+0x1f6/0x3c0 [obdclass]
00057  ? __x64_sys_ioctl+0x961/0xe00
00057  ? _copy_to_user+0x3d/0x60
00057  ? __x64_sys_rt_sigaction+0x107/0x140
00057  ? do_syscall_64+0xc1/0x350
00057  ? entry_SYSCALL_64_after_hwframe+0x4b/0x53
00057  </TASK>
00057 ---[ end trace 0000000000000000 ]---
00057 Lustre: 2188:0:(llog_test.c:623:llog_test_4()) 4c: cancel 1 log record
00057 Lustre: 2188:0:(llog_test.c:635:llog_test_4()) 4d: write 64767 more log records
00079 Lustre: 2188:0:(llog_test.c:1117:llog_test_7()) 7e: test llog_changelog_rec
00079 ------------[ cut here ]------------
00079 WARNING: /home/ktest/git/linux/include/linux/fs.h:889 at osd_create+0x9cf/0xcf0 [osd_wbcfs], CPU#3: lctl/2188
00079 Modules linked in: llog_test(O) mgs(O) osd_wbcfs(O) lustre(O) obdecho(O) mgc(O) mdc(O) lov(O) osc(O) lmv(O) ec(O) fid(O) fld(O) ptlrpc(O) efivarfs obdclass(O) ksocklnd(O) lnet(O) libcfs(O)
00079 CPU: 3 UID: 0 PID: 2188 Comm: lctl Tainted: G        W  O        7.0.0-ktest-2b00861-6330a45-20260713-dirty #1 PREEMPT 
00079 Tainted: [W]=WARN, [O]=OOT_MODULE
00079 Hardware name: QEMU Standard PC (Q35 + ICH9, 2009), BIOS 2025.11-3ubuntu7 03/31/2026
00079 RIP: 0010:osd_create+0x9cf/0xcf0 [osd_wbcfs]
00079 Code: c7 c7 00 b6 7c a1 48 c7 c6 a0 22 75 a1 48 c7 c2 00 2c 75 a1 e8 82 dd 43 ff 48 c7 c7 00 b6 7c a1 e8 f6 6a 44 ff e9 fe fc ff ff <0f> 0b e9 a5 fa ff ff 48 c7 c1 80 44 5d a0 80 e1 07 80 c1 03 38 c1
00079 RSP: 0018:ffffc900020876f8 EFLAGS: 00010246
00079 RAX: 0000000000000000 RBX: ffff88818b686800 RCX: 0000000000000046
00079 RDX: 0000000000000000 RSI: ffff8881977902d0 RDI: ffff88818c70cb18
00079 RBP: ffff888197790240 R08: ffffffff83a16803 R09: 1ffffffff0742d00
00079 R10: dffffc0000000000 R11: fffffbfff0742d01 R12: ffff888185fea400
00079 R13: dffffc0000000000 R14: 1ffff110316d0d00 R15: 1ffff11030bfd48f
00079 FS:  00007fa7dce46940(0000) GS:ffff88831e5ad000(0000) knlGS:0000000000000000
00079 CS:  0010 DS: 0000 ES: 0000 CR0: 0000000080050033
00079 CR2: 00007ffdd348fe78 CR3: 0000000197946000 CR4: 0000000000750eb0
00079 PKRU: 55555554
00079 Call Trace:
00079  <TASK>
00079  ? local_object_create+0x109/0x640 [obdclass]
00079  ? dt_write_lock+0x16d/0x2a0 [obdclass]
00079  ? llog_osd_create+0x356/0x1140 [obdclass]
00079  ? llog_create+0x2ed/0x530 [obdclass]
00079  ? llog_open_create+0x5af/0xb10 [obdclass]
00079  ? llog_test_7_sub+0xea/0x1250 [llog_test]
00079  ? llog_test_7+0x706/0xf50 [llog_test]
00079  ? llog_run_tests+0x3614/0x5ac0 [llog_test]
00079  ? get_random_u32+0x51/0x470
00079  ? llog_test_device_init+0x503/0x840 [llog_test]
00079  ? obd_setup+0x559/0x960 [obdclass]
00079  ? class_setup+0xc7d/0x10e0 [obdclass]
00079  ? class_process_config+0x2edb/0x7cb0 [obdclass]
00079  ? class_handle_ioctl+0x2055/0x3590 [obdclass]
00079  ? obd_class_ioctl+0x1f6/0x3c0 [obdclass]
00079  ? __x64_sys_ioctl+0x961/0xe00
00079  ? _copy_to_user+0x3d/0x60
00079  ? __x64_sys_rt_sigaction+0x107/0x140
00079  ? do_syscall_64+0xc1/0x350
00079  ? entry_SYSCALL_64_after_hwframe+0x4b/0x53
00079  </TASK>
00079 ---[ end trace 0000000000000000 ]---
00082 Lustre: 2188:0:(llog_test.c:1024:llog_test_7_sub()) 7_sub: records are not aligned, written 64071 from 64767
00084 Lustre: 2188:0:(llog_test.c:1129:llog_test_7()) 7f: test llog_changelog_user_rec2
00084 ------------[ cut here ]------------
00084 WARNING: /home/ktest/git/linux/include/linux/fs.h:889 at osd_create+0x9cf/0xcf0 [osd_wbcfs], CPU#1: lctl/2188
00084 Modules linked in: llog_test(O) mgs(O) osd_wbcfs(O) lustre(O) obdecho(O) mgc(O) mdc(O) lov(O) osc(O) lmv(O) ec(O) fid(O) fld(O) ptlrpc(O) efivarfs obdclass(O) ksocklnd(O) lnet(O) libcfs(O)
00084 CPU: 1 UID: 0 PID: 2188 Comm: lctl Tainted: G        W  O        7.0.0-ktest-2b00861-6330a45-20260713-dirty #1 PREEMPT 
00084 Tainted: [W]=WARN, [O]=OOT_MODULE
00084 Hardware name: QEMU Standard PC (Q35 + ICH9, 2009), BIOS 2025.11-3ubuntu7 03/31/2026
00084 RIP: 0010:osd_create+0x9cf/0xcf0 [osd_wbcfs]
00084 Code: c7 c7 00 b6 7c a1 48 c7 c6 a0 22 75 a1 48 c7 c2 00 2c 75 a1 e8 82 dd 43 ff 48 c7 c7 00 b6 7c a1 e8 f6 6a 44 ff e9 fe fc ff ff <0f> 0b e9 a5 fa ff ff 48 c7 c1 80 44 5d a0 80 e1 07 80 c1 03 38 c1
00084 RSP: 0018:ffffc900020876f8 EFLAGS: 00010246
00084 RAX: 0000000000000000 RBX: ffff888197f6e800 RCX: 0000000000000046
00084 RDX: 0000000000000000 RSI: ffff888199817b68 RDI: ffff88818c70cb18
00084 RBP: ffff888199817ad8 R08: ffffffff83a16803 R09: 1ffffffff0742d00
00084 R10: dffffc0000000000 R11: fffffbfff0742d01 R12: ffff888185fea400
00084 R13: dffffc0000000000 R14: 1ffff11032fedd00 R15: 1ffff11030bfd48f
00084 FS:  00007fa7dce46940(0000) GS:ffff88831e4ad000(0000) knlGS:0000000000000000
00084 CS:  0010 DS: 0000 ES: 0000 CR0: 0000000080050033
00084 CR2: 00007fcbc3aee200 CR3: 0000000197946000 CR4: 0000000000750eb0
00084 PKRU: 55555554
00084 Call Trace:
00084  <TASK>
00084  ? local_object_create+0x109/0x640 [obdclass]
00084  ? dt_write_lock+0x16d/0x2a0 [obdclass]
00084  ? llog_osd_create+0x356/0x1140 [obdclass]
00084  ? llog_create+0x2ed/0x530 [obdclass]
00084  ? llog_open_create+0x5af/0xb10 [obdclass]
00084  ? llog_test_7_sub+0xea/0x1250 [llog_test]
00084  ? llog_test_7+0x837/0xf50 [llog_test]
00084  ? llog_run_tests+0x3614/0x5ac0 [llog_test]
00084  ? get_random_u32+0x51/0x470
00084  ? llog_test_device_init+0x503/0x840 [llog_test]
00084  ? obd_setup+0x559/0x960 [obdclass]
00084  ? class_setup+0xc7d/0x10e0 [obdclass]
00084  ? class_process_config+0x2edb/0x7cb0 [obdclass]
00084  ? class_handle_ioctl+0x2055/0x3590 [obdclass]
00084  ? obd_class_ioctl+0x1f6/0x3c0 [obdclass]
00084  ? __x64_sys_ioctl+0x961/0xe00
00084  ? _copy_to_user+0x3d/0x60
00084  ? __x64_sys_rt_sigaction+0x107/0x140
00084  ? do_syscall_64+0xc1/0x350
00084  ? entry_SYSCALL_64_after_hwframe+0x4b/0x53
00084  </TASK>
00084 ---[ end trace 0000000000000000 ]---
00087 Lustre: 2188:0:(llog_test.c:1024:llog_test_7_sub()) 7_sub: records are not aligned, written 64139 from 64767
00088 Lustre: 2188:0:(llog_test.c:1140:llog_test_7()) 7g: test llog_gen_rec
00088 ------------[ cut here ]------------
00088 WARNING: /home/ktest/git/linux/include/linux/fs.h:889 at osd_create+0x9cf/0xcf0 [osd_wbcfs], CPU#1: lctl/2188
00088 Modules linked in: llog_test(O) mgs(O) osd_wbcfs(O) lustre(O) obdecho(O) mgc(O) mdc(O) lov(O) osc(O) lmv(O) ec(O) fid(O) fld(O) ptlrpc(O) efivarfs obdclass(O) ksocklnd(O) lnet(O) libcfs(O)
00088 CPU: 1 UID: 0 PID: 2188 Comm: lctl Tainted: G        W  O        7.0.0-ktest-2b00861-6330a45-20260713-dirty #1 PREEMPT 
00088 Tainted: [W]=WARN, [O]=OOT_MODULE
00088 Hardware name: QEMU Standard PC (Q35 + ICH9, 2009), BIOS 2025.11-3ubuntu7 03/31/2026
00088 RIP: 0010:osd_create+0x9cf/0xcf0 [osd_wbcfs]
00088 Code: c7 c7 00 b6 7c a1 48 c7 c6 a0 22 75 a1 48 c7 c2 00 2c 75 a1 e8 82 dd 43 ff 48 c7 c7 00 b6 7c a1 e8 f6 6a 44 ff e9 fe fc ff ff <0f> 0b e9 a5 fa ff ff 48 c7 c1 80 44 5d a0 80 e1 07 80 c1 03 38 c1
00088 RSP: 0018:ffffc900020876f8 EFLAGS: 00010246
00088 RAX: 0000000000000000 RBX: ffff88823348d400 RCX: 0000000000000046
00088 RDX: 0000000000000000 RSI: ffff888199817450 RDI: ffff88818c70cb18
00088 RBP: ffff8881998173c0 R08: ffffffff83a16803 R09: 1ffffffff0742d00
00088 R10: dffffc0000000000 R11: fffffbfff0742d01 R12: ffff888185fea400
00088 R13: dffffc0000000000 R14: 1ffff11046691a80 R15: 1ffff11030bfd48f
00088 FS:  00007fa7dce46940(0000) GS:ffff88831e4ad000(0000) knlGS:0000000000000000
00088 CS:  0010 DS: 0000 ES: 0000 CR0: 0000000080050033
00088 CR2: 00007fcbc3aee200 CR3: 0000000197946000 CR4: 0000000000750eb0
00088 PKRU: 55555554
00088 Call Trace:
00088  <TASK>
00088  ? local_object_create+0x109/0x640 [obdclass]
00088  ? dt_write_lock+0x16d/0x2a0 [obdclass]
00088  ? llog_osd_create+0x356/0x1140 [obdclass]
00088  ? llog_create+0x2ed/0x530 [obdclass]
00088  ? llog_open_create+0x5af/0xb10 [obdclass]
00088  ? llog_test_7_sub+0xea/0x1250 [llog_test]
00088  ? llog_test_7+0x968/0xf50 [llog_test]
00088  ? llog_run_tests+0x3614/0x5ac0 [llog_test]
00088  ? get_random_u32+0x51/0x470
00088  ? llog_test_device_init+0x503/0x840 [llog_test]
00088  ? obd_setup+0x559/0x960 [obdclass]
00088  ? class_setup+0xc7d/0x10e0 [obdclass]
00088  ? class_process_config+0x2edb/0x7cb0 [obdclass]
00088  ? class_handle_ioctl+0x2055/0x3590 [obdclass]
00088  ? obd_class_ioctl+0x1f6/0x3c0 [obdclass]
00088  ? __x64_sys_ioctl+0x961/0xe00
00088  ? _copy_to_user+0x3d/0x60
00088  ? __x64_sys_rt_sigaction+0x107/0x140
00088  ? do_syscall_64+0xc1/0x350
00088  ? entry_SYSCALL_64_after_hwframe+0x4b/0x53
00088  </TASK>
00088 ---[ end trace 0000000000000000 ]---
00093 Lustre: 2188:0:(llog_test.c:1151:llog_test_7()) 7h: test llog_setattr64_rec_v2
00093 ------------[ cut here ]------------
00093 WARNING: /home/ktest/git/linux/include/linux/fs.h:889 at osd_create+0x9cf/0xcf0 [osd_wbcfs], CPU#1: lctl/2188
00093 Modules linked in: llog_test(O) mgs(O) osd_wbcfs(O) lustre(O) obdecho(O) mgc(O) mdc(O) lov(O) osc(O) lmv(O) ec(O) fid(O) fld(O) ptlrpc(O) efivarfs obdclass(O) ksocklnd(O) lnet(O) libcfs(O)
00093 CPU: 1 UID: 0 PID: 2188 Comm: lctl Tainted: G        W  O        7.0.0-ktest-2b00861-6330a45-20260713-dirty #1 PREEMPT 
00093 Tainted: [W]=WARN, [O]=OOT_MODULE
00093 Hardware name: QEMU Standard PC (Q35 + ICH9, 2009), BIOS 2025.11-3ubuntu7 03/31/2026
00093 RIP: 0010:osd_create+0x9cf/0xcf0 [osd_wbcfs]
00093 Code: c7 c7 00 b6 7c a1 48 c7 c6 a0 22 75 a1 48 c7 c2 00 2c 75 a1 e8 82 dd 43 ff 48 c7 c7 00 b6 7c a1 e8 f6 6a 44 ff e9 fe fc ff ff <0f> 0b e9 a5 fa ff ff 48 c7 c1 80 44 5d a0 80 e1 07 80 c1 03 38 c1
00093 RSP: 0018:ffffc900020876f8 EFLAGS: 00010246
00093 RAX: 0000000000000000 RBX: ffff8881bbd9f000 RCX: 0000000000000046
00093 RDX: 0000000000000000 RSI: ffff888199816d38 RDI: ffff88818c70cb18
00093 RBP: ffff888199816ca8 R08: ffffffff83a16803 R09: 1ffffffff0742d00
00093 R10: dffffc0000000000 R11: fffffbfff0742d01 R12: ffff888185fea400
00093 R13: dffffc0000000000 R14: 1ffff110377b3e00 R15: 1ffff11030bfd48f
00093 FS:  00007fa7dce46940(0000) GS:ffff88831e4ad000(0000) knlGS:0000000000000000
00093 CS:  0010 DS: 0000 ES: 0000 CR0: 0000000080050033
00093 CR2: 00007fcbc3aee200 CR3: 0000000197946000 CR4: 0000000000750eb0
00093 PKRU: 55555554
00093 Call Trace:
00093  <TASK>
00093  ? local_object_create+0x109/0x640 [obdclass]
00093  ? dt_write_lock+0x16d/0x2a0 [obdclass]
00093  ? llog_osd_create+0x356/0x1140 [obdclass]
00093  ? llog_create+0x2ed/0x530 [obdclass]
00093  ? llog_open_create+0x5af/0xb10 [obdclass]
00093  ? llog_test_7_sub+0xea/0x1250 [llog_test]
00093  ? llog_test_7+0xa99/0xf50 [llog_test]
00093  ? llog_run_tests+0x3614/0x5ac0 [llog_test]
00093  ? get_random_u32+0x51/0x470
00093  ? llog_test_device_init+0x503/0x840 [llog_test]
00093  ? obd_setup+0x559/0x960 [obdclass]
00093  ? class_setup+0xc7d/0x10e0 [obdclass]
00093  ? class_process_config+0x2edb/0x7cb0 [obdclass]
00093  ? class_handle_ioctl+0x2055/0x3590 [obdclass]
00093  ? obd_class_ioctl+0x1f6/0x3c0 [obdclass]
00093  ? __x64_sys_ioctl+0x961/0xe00
00093  ? _copy_to_user+0x3d/0x60
00093  ? __x64_sys_rt_sigaction+0x107/0x140
00093  ? do_syscall_64+0xc1/0x350
00093  ? entry_SYSCALL_64_after_hwframe+0x4b/0x53
00093  </TASK>
00093 ---[ end trace 0000000000000000 ]---
00095 Lustre: 2188:0:(llog_test.c:1024:llog_test_7_sub()) 7_sub: records are not aligned, written 64071 from 64767
00097 Lustre: 2188:0:(llog_test.c:1261:llog_test_8()) 8a: fill the first plain llog
00097 ------------[ cut here ]------------
00097 WARNING: /home/ktest/git/linux/include/linux/fs.h:889 at osd_create+0x9cf/0xcf0 [osd_wbcfs], CPU#9: lctl/2188
00097 Modules linked in: llog_test(O) mgs(O) osd_wbcfs(O) lustre(O) obdecho(O) mgc(O) mdc(O) lov(O) osc(O) lmv(O) ec(O) fid(O) fld(O) ptlrpc(O) efivarfs obdclass(O) ksocklnd(O) lnet(O) libcfs(O)
00097 CPU: 9 UID: 0 PID: 2188 Comm: lctl Tainted: G        W  O        7.0.0-ktest-2b00861-6330a45-20260713-dirty #1 PREEMPT 
00097 Tainted: [W]=WARN, [O]=OOT_MODULE
00097 Hardware name: QEMU Standard PC (Q35 + ICH9, 2009), BIOS 2025.11-3ubuntu7 03/31/2026
00097 RIP: 0010:osd_create+0x9cf/0xcf0 [osd_wbcfs]
00097 Code: c7 c7 00 b6 7c a1 48 c7 c6 a0 22 75 a1 48 c7 c2 00 2c 75 a1 e8 82 dd 43 ff 48 c7 c7 00 b6 7c a1 e8 f6 6a 44 ff e9 fe fc ff ff <0f> 0b e9 a5 fa ff ff 48 c7 c1 80 44 5d a0 80 e1 07 80 c1 03 38 c1
00097 RSP: 0018:ffffc900020874c8 EFLAGS: 00010246
00097 RAX: 0000000000000000 RBX: ffff88811c280c00 RCX: 0000000000000046
00097 RDX: 0000000000000000 RSI: ffff88813d0e50d8 RDI: ffff88818c70cb40
00097 RBP: ffff88813d0e5048 R08: ffffffff83a16803 R09: 1ffffffff0742d00
00097 R10: dffffc0000000000 R11: fffffbfff0742d01 R12: ffff888185fea400
00097 R13: dffffc0000000000 R14: 1ffff11023850180 R15: 1ffff11030bfd48f
00097 FS:  00007fa7dce46940(0000) GS:ffff88831e8ad000(0000) knlGS:0000000000000000
00097 CS:  0010 DS: 0000 ES: 0000 CR0: 0000000080050033
00097 CR2: 00007fc8444ee200 CR3: 0000000197946000 CR4: 0000000000750eb0
00097 PKRU: 55555554
00097 Call Trace:
00097  <TASK>
00097  ? local_object_create+0x109/0x640 [obdclass]
00097  ? dt_write_lock+0x16d/0x2a0 [obdclass]
00097  ? llog_osd_create+0x356/0x1140 [obdclass]
00097  ? llog_create+0x2ed/0x530 [obdclass]
00097  ? llog_cat_new_log+0x6c3/0x2bf0 [obdclass]
00097  ? llog_cat_add_rec+0x6ba/0x1960 [obdclass]
00097  ? llog_cat_add+0x451/0x890 [obdclass]
00097  ? llog_test_8+0x567/0x1c20 [llog_test]
00097  ? do_raw_spin_unlock+0x52/0x230
00097  ? _raw_spin_unlock+0x23/0x40
00097  ? __llog_ctxt_put+0x1c4/0x2f0 [obdclass]
00097  ? llog_run_tests+0x39a2/0x5ac0 [llog_test]
00097  ? get_random_u32+0x51/0x470
00097  ? llog_test_device_init+0x503/0x840 [llog_test]
00097  ? obd_setup+0x559/0x960 [obdclass]
00097  ? class_setup+0xc7d/0x10e0 [obdclass]
00097  ? class_process_config+0x2edb/0x7cb0 [obdclass]
00097  ? class_handle_ioctl+0x2055/0x3590 [obdclass]
00097  ? obd_class_ioctl+0x1f6/0x3c0 [obdclass]
00097  ? __x64_sys_ioctl+0x961/0xe00
00097  ? _copy_to_user+0x3d/0x60
00097  ? __x64_sys_rt_sigaction+0x107/0x140
00097  ? do_syscall_64+0xc1/0x350
00097  ? entry_SYSCALL_64_after_hwframe+0x4b/0x53
00097  </TASK>
00097 ---[ end trace 0000000000000000 ]---
00097 Lustre: 2188:0:(llog_test.c:1290:llog_test_8()) 8b: first llog [0x1:0x10:0x0]
00097 Lustre: 2188:0:(llog_test.c:1306:llog_test_8()) 8b: fill the second plain llog
00097 ------------[ cut here ]------------
00097 WARNING: /home/ktest/git/linux/include/linux/fs.h:889 at osd_create+0x9cf/0xcf0 [osd_wbcfs], CPU#9: lctl/2188
00097 Modules linked in: llog_test(O) mgs(O) osd_wbcfs(O) lustre(O) obdecho(O) mgc(O) mdc(O) lov(O) osc(O) lmv(O) ec(O) fid(O) fld(O) ptlrpc(O) efivarfs obdclass(O) ksocklnd(O) lnet(O) libcfs(O)
00097 CPU: 9 UID: 0 PID: 2188 Comm: lctl Tainted: G        W  O        7.0.0-ktest-2b00861-6330a45-20260713-dirty #1 PREEMPT 
00097 Tainted: [W]=WARN, [O]=OOT_MODULE
00097 Hardware name: QEMU Standard PC (Q35 + ICH9, 2009), BIOS 2025.11-3ubuntu7 03/31/2026
00097 RIP: 0010:osd_create+0x9cf/0xcf0 [osd_wbcfs]
00097 Code: c7 c7 00 b6 7c a1 48 c7 c6 a0 22 75 a1 48 c7 c2 00 2c 75 a1 e8 82 dd 43 ff 48 c7 c7 00 b6 7c a1 e8 f6 6a 44 ff e9 fe fc ff ff <0f> 0b e9 a5 fa ff ff 48 c7 c1 80 44 5d a0 80 e1 07 80 c1 03 38 c1
00097 RSP: 0018:ffffc900020874c8 EFLAGS: 00010246
00097 RAX: 0000000000000000 RBX: ffff88813f5a7400 RCX: 0000000000000046
00097 RDX: 0000000000000000 RSI: ffff88813d0e49c0 RDI: ffff88818c70cb40
00097 RBP: ffff88813d0e4930 R08: ffffffff83a16803 R09: 1ffffffff0742d00
00097 R10: dffffc0000000000 R11: fffffbfff0742d01 R12: ffff888185fea400
00097 R13: dffffc0000000000 R14: 1ffff11027eb4e80 R15: 1ffff11030bfd48f
00097 FS:  00007fa7dce46940(0000) GS:ffff88831e8ad000(0000) knlGS:0000000000000000
00097 CS:  0010 DS: 0000 ES: 0000 CR0: 0000000080050033
00097 CR2: 00007fc8444ee200 CR3: 0000000197946000 CR4: 0000000000750eb0
00097 PKRU: 55555554
00097 Call Trace:
00097  <TASK>
00097  ? local_object_create+0x109/0x640 [obdclass]
00097  ? dt_write_lock+0x16d/0x2a0 [obdclass]
00097  ? llog_osd_create+0x356/0x1140 [obdclass]
00097  ? llog_create+0x2ed/0x530 [obdclass]
00097  ? llog_cat_new_log+0x6c3/0x2bf0 [obdclass]
00097  ? llog_cat_add_rec+0x6ba/0x1960 [obdclass]
00097  ? llog_cat_add+0x451/0x890 [obdclass]
00097  ? llog_test_8+0xd89/0x1c20 [llog_test]
00097  ? do_raw_spin_unlock+0x52/0x230
00097  ? _raw_spin_unlock+0x23/0x40
00097  ? __llog_ctxt_put+0x1c4/0x2f0 [obdclass]
00097  ? llog_run_tests+0x39a2/0x5ac0 [llog_test]
00097  ? get_random_u32+0x51/0x470
00097  ? llog_test_device_init+0x503/0x840 [llog_test]
00097  ? obd_setup+0x559/0x960 [obdclass]
00097  ? class_setup+0xc7d/0x10e0 [obdclass]
00097  ? class_process_config+0x2edb/0x7cb0 [obdclass]
00097  ? class_handle_ioctl+0x2055/0x3590 [obdclass]
00097  ? obd_class_ioctl+0x1f6/0x3c0 [obdclass]
00097  ? __x64_sys_ioctl+0x961/0xe00
00097  ? _copy_to_user+0x3d/0x60
00097  ? __x64_sys_rt_sigaction+0x107/0x140
00097  ? do_syscall_64+0xc1/0x350
00097  ? entry_SYSCALL_64_after_hwframe+0x4b/0x53
00097  </TASK>
00097 ---[ end trace 0000000000000000 ]---
00097 Lustre: 2188:0:(llog_test.c:1330:llog_test_8()) 8b: pin llog [0x1:0x12:0x0]
00097 Lustre: 2188:0:(llog_test.c:1333:llog_test_8()) 8b: clean first llog record in catalog
00097 Lustre: 2188:0:(llog_test.c:1344:llog_test_8()) 8c: corrupt first chunk in the middle
00097 Lustre: 2188:0:(llog_test.c:1347:llog_test_8()) 8c: corrupt second chunk at start
00097 Lustre: 2188:0:(llog_test.c:1350:llog_test_8()) 8d: count survived records
00097 Lustre: 2188:0:(llog_test.c:1380:llog_test_8()) 8d: close re-opened catalog
00097 Lustre: 2188:0:(llog_test.c:1441:llog_test_9()) 9a: test llog_logid_rec
00097 ------------[ cut here ]------------
00097 WARNING: /home/ktest/git/linux/include/linux/fs.h:889 at osd_create+0x9cf/0xcf0 [osd_wbcfs], CPU#9: lctl/2188
00097 Modules linked in: llog_test(O) mgs(O) osd_wbcfs(O) lustre(O) obdecho(O) mgc(O) mdc(O) lov(O) osc(O) lmv(O) ec(O) fid(O) fld(O) ptlrpc(O) efivarfs obdclass(O) ksocklnd(O) lnet(O) libcfs(O)
00097 CPU: 9 UID: 0 PID: 2188 Comm: lctl Tainted: G        W  O        7.0.0-ktest-2b00861-6330a45-20260713-dirty #1 PREEMPT 
00097 Tainted: [W]=WARN, [O]=OOT_MODULE
00097 Hardware name: QEMU Standard PC (Q35 + ICH9, 2009), BIOS 2025.11-3ubuntu7 03/31/2026
00097 RIP: 0010:osd_create+0x9cf/0xcf0 [osd_wbcfs]
00097 Code: c7 c7 00 b6 7c a1 48 c7 c6 a0 22 75 a1 48 c7 c2 00 2c 75 a1 e8 82 dd 43 ff 48 c7 c7 00 b6 7c a1 e8 f6 6a 44 ff e9 fe fc ff ff <0f> 0b e9 a5 fa ff ff 48 c7 c1 80 44 5d a0 80 e1 07 80 c1 03 38 c1
00097 RSP: 0018:ffffc90002087720 EFLAGS: 00010246
00097 RAX: 0000000000000000 RBX: ffff88811c286c00 RCX: 0000000000000046
00097 RDX: 0000000000000000 RSI: ffff88813d0e42a8 RDI: ffff88818c70cb18
00097 RBP: ffff88813d0e4218 R08: ffffffff83a16803 R09: 1ffffffff0742d00
00097 R10: dffffc0000000000 R11: fffffbfff0742d01 R12: ffff888185fea400
00097 R13: dffffc0000000000 R14: 1ffff11023850d80 R15: 1ffff11030bfd48f
00097 FS:  00007fa7dce46940(0000) GS:ffff88831e8ad000(0000) knlGS:0000000000000000
00097 CS:  0010 DS: 0000 ES: 0000 CR0: 0000000080050033
00097 CR2: 00007fc8444ee200 CR3: 0000000197946000 CR4: 0000000000750eb0
00097 PKRU: 55555554
00097 Call Trace:
00097  <TASK>
00097  ? local_object_create+0x109/0x640 [obdclass]
00097  ? dt_write_lock+0x16d/0x2a0 [obdclass]
00097  ? llog_osd_create+0x356/0x1140 [obdclass]
00097  ? llog_create+0x2ed/0x530 [obdclass]
00097  ? llog_open_create+0x5af/0xb10 [obdclass]
00097  ? llog_test_9_sub+0xd4/0x800 [llog_test]
00097  ? llog_test_9+0x242/0x960 [llog_test]
00097  ? llog_run_tests+0x3d64/0x5ac0 [llog_test]
00097  ? get_random_u32+0x51/0x470
00097  ? llog_test_device_init+0x503/0x840 [llog_test]
00097  ? obd_setup+0x559/0x960 [obdclass]
00097  ? class_setup+0xc7d/0x10e0 [obdclass]
00097  ? class_process_config+0x2edb/0x7cb0 [obdclass]
00097  ? class_handle_ioctl+0x2055/0x3590 [obdclass]
00097  ? obd_class_ioctl+0x1f6/0x3c0 [obdclass]
00097  ? __x64_sys_ioctl+0x961/0xe00
00097  ? _copy_to_user+0x3d/0x60
00097  ? __x64_sys_rt_sigaction+0x107/0x140
00097  ? do_syscall_64+0xc1/0x350
00097  ? entry_SYSCALL_64_after_hwframe+0x4b/0x53
00097  </TASK>
00097 ---[ end trace 0000000000000000 ]---
00097 Lustre: 2188:0:(llog_test.c:1425:llog_test_9_sub()) 9_sub: record type 1064553b in log 0x1:0x14:0x0
00097 Lustre: 2188:0:(llog_test.c:1452:llog_test_9()) 9b: test llog_obd_cfg_rec
00097 ------------[ cut here ]------------
00097 WARNING: /home/ktest/git/linux/include/linux/fs.h:889 at osd_create+0x9cf/0xcf0 [osd_wbcfs], CPU#9: lctl/2188
00097 Modules linked in: llog_test(O) mgs(O) osd_wbcfs(O) lustre(O) obdecho(O) mgc(O) mdc(O) lov(O) osc(O) lmv(O) ec(O) fid(O) fld(O) ptlrpc(O) efivarfs obdclass(O) ksocklnd(O) lnet(O) libcfs(O)
00097 CPU: 9 UID: 0 PID: 2188 Comm: lctl Tainted: G        W  O        7.0.0-ktest-2b00861-6330a45-20260713-dirty #1 PREEMPT 
00097 Tainted: [W]=WARN, [O]=OOT_MODULE
00097 Hardware name: QEMU Standard PC (Q35 + ICH9, 2009), BIOS 2025.11-3ubuntu7 03/31/2026
00097 RIP: 0010:osd_create+0x9cf/0xcf0 [osd_wbcfs]
00097 Code: c7 c7 00 b6 7c a1 48 c7 c6 a0 22 75 a1 48 c7 c2 00 2c 75 a1 e8 82 dd 43 ff 48 c7 c7 00 b6 7c a1 e8 f6 6a 44 ff e9 fe fc ff ff <0f> 0b e9 a5 fa ff ff 48 c7 c1 80 44 5d a0 80 e1 07 80 c1 03 38 c1
00097 RSP: 0018:ffffc90002087720 EFLAGS: 00010246
00097 RAX: 0000000000000000 RBX: ffff88811c286000 RCX: 0000000000000046
00097 RDX: 0000000000000000 RSI: ffff88813d0e3b90 RDI: ffff88818c70cb18
00097 RBP: ffff88813d0e3b00 R08: ffffffff83a16803 R09: 1ffffffff0742d00
00097 R10: dffffc0000000000 R11: fffffbfff0742d01 R12: ffff888185fea400
00097 R13: dffffc0000000000 R14: 1ffff11023850c00 R15: 1ffff11030bfd48f
00097 FS:  00007fa7dce46940(0000) GS:ffff88831e8ad000(0000) knlGS:0000000000000000
00097 CS:  0010 DS: 0000 ES: 0000 CR0: 0000000080050033
00097 CR2: 00007fc8444ee200 CR3: 0000000197946000 CR4: 0000000000750eb0
00097 PKRU: 55555554
00097 Call Trace:
00097  <TASK>
00097  ? local_object_create+0x109/0x640 [obdclass]
00097  ? dt_write_lock+0x16d/0x2a0 [obdclass]
00097  ? llog_osd_create+0x356/0x1140 [obdclass]
00097  ? llog_create+0x2ed/0x530 [obdclass]
00097  ? llog_open_create+0x5af/0xb10 [obdclass]
00097  ? llog_test_9_sub+0xd4/0x800 [llog_test]
00097  ? llog_test_9+0x373/0x960 [llog_test]
00097  ? llog_run_tests+0x3d64/0x5ac0 [llog_test]
00097  ? get_random_u32+0x51/0x470
00097  ? llog_test_device_init+0x503/0x840 [llog_test]
00097  ? obd_setup+0x559/0x960 [obdclass]
00097  ? class_setup+0xc7d/0x10e0 [obdclass]
00097  ? class_process_config+0x2edb/0x7cb0 [obdclass]
00097  ? class_handle_ioctl+0x2055/0x3590 [obdclass]
00097  ? obd_class_ioctl+0x1f6/0x3c0 [obdclass]
00097  ? __x64_sys_ioctl+0x961/0xe00
00097  ? _copy_to_user+0x3d/0x60
00097  ? __x64_sys_rt_sigaction+0x107/0x140
00097  ? do_syscall_64+0xc1/0x350
00097  ? entry_SYSCALL_64_after_hwframe+0x4b/0x53
00097  </TASK>
00097 ---[ end trace 0000000000000000 ]---
00097 Lustre: 2188:0:(llog_test.c:1463:llog_test_9()) 9c: test llog_changelog_rec
00097 ------------[ cut here ]------------
00097 WARNING: /home/ktest/git/linux/include/linux/fs.h:889 at osd_create+0x9cf/0xcf0 [osd_wbcfs], CPU#9: lctl/2188
00097 Modules linked in: llog_test(O) mgs(O) osd_wbcfs(O) lustre(O) obdecho(O) mgc(O) mdc(O) lov(O) osc(O) lmv(O) ec(O) fid(O) fld(O) ptlrpc(O) efivarfs obdclass(O) ksocklnd(O) lnet(O) libcfs(O)
00097 CPU: 9 UID: 0 PID: 2188 Comm: lctl Tainted: G        W  O        7.0.0-ktest-2b00861-6330a45-20260713-dirty #1 PREEMPT 
00097 Tainted: [W]=WARN, [O]=OOT_MODULE
00097 Hardware name: QEMU Standard PC (Q35 + ICH9, 2009), BIOS 2025.11-3ubuntu7 03/31/2026
00097 RIP: 0010:osd_create+0x9cf/0xcf0 [osd_wbcfs]
00097 Code: c7 c7 00 b6 7c a1 48 c7 c6 a0 22 75 a1 48 c7 c2 00 2c 75 a1 e8 82 dd 43 ff 48 c7 c7 00 b6 7c a1 e8 f6 6a 44 ff e9 fe fc ff ff <0f> 0b e9 a5 fa ff ff 48 c7 c1 80 44 5d a0 80 e1 07 80 c1 03 38 c1
00097 RSP: 0018:ffffc90002087720 EFLAGS: 00010246
00097 RAX: 0000000000000000 RBX: ffff88811c285800 RCX: 0000000000000046
00097 RDX: 0000000000000000 RSI: ffff88813d0e3478 RDI: ffff88818c70cb18
00097 RBP: ffff88813d0e33e8 R08: ffffffff83a16803 R09: 1ffffffff0742d00
00097 R10: dffffc0000000000 R11: fffffbfff0742d01 R12: ffff888185fea400
00097 R13: dffffc0000000000 R14: 1ffff11023850b00 R15: 1ffff11030bfd48f
00097 FS:  00007fa7dce46940(0000) GS:ffff88831e8ad000(0000) knlGS:0000000000000000
00097 CS:  0010 DS: 0000 ES: 0000 CR0: 0000000080050033
00097 CR2: 00007fc8444ee200 CR3: 0000000197946000 CR4: 0000000000750eb0
00097 PKRU: 55555554
00097 Call Trace:
00097  <TASK>
00097  ? local_object_create+0x109/0x640 [obdclass]
00097  ? dt_write_lock+0x16d/0x2a0 [obdclass]
00097  ? llog_osd_create+0x356/0x1140 [obdclass]
00097  ? llog_create+0x2ed/0x530 [obdclass]
00097  ? llog_open_create+0x5af/0xb10 [obdclass]
00097  ? llog_test_9_sub+0xd4/0x800 [llog_test]
00097  ? llog_test_9+0x4a4/0x960 [llog_test]
00097  ? llog_run_tests+0x3d64/0x5ac0 [llog_test]
00097  ? get_random_u32+0x51/0x470
00097  ? llog_test_device_init+0x503/0x840 [llog_test]
00097  ? obd_setup+0x559/0x960 [obdclass]
00097  ? class_setup+0xc7d/0x10e0 [obdclass]
00097  ? class_process_config+0x2edb/0x7cb0 [obdclass]
00097  ? class_handle_ioctl+0x2055/0x3590 [obdclass]
00097  ? obd_class_ioctl+0x1f6/0x3c0 [obdclass]
00097  ? __x64_sys_ioctl+0x961/0xe00
00097  ? _copy_to_user+0x3d/0x60
00097  ? __x64_sys_rt_sigaction+0x107/0x140
00097  ? do_syscall_64+0xc1/0x350
00097  ? entry_SYSCALL_64_after_hwframe+0x4b/0x53
00097  </TASK>
00097 ---[ end trace 0000000000000000 ]---
00097 Lustre: 2188:0:(llog_test.c:1475:llog_test_9()) 9d: test llog_changelog_user_rec2
00097 ------------[ cut here ]------------
00097 WARNING: /home/ktest/git/linux/include/linux/fs.h:889 at osd_create+0x9cf/0xcf0 [osd_wbcfs], CPU#9: lctl/2188
00097 Modules linked in: llog_test(O) mgs(O) osd_wbcfs(O) lustre(O) obdecho(O) mgc(O) mdc(O) lov(O) osc(O) lmv(O) ec(O) fid(O) fld(O) ptlrpc(O) efivarfs obdclass(O) ksocklnd(O) lnet(O) libcfs(O)
00097 CPU: 9 UID: 0 PID: 2188 Comm: lctl Tainted: G        W  O        7.0.0-ktest-2b00861-6330a45-20260713-dirty #1 PREEMPT 
00097 Tainted: [W]=WARN, [O]=OOT_MODULE
00097 Hardware name: QEMU Standard PC (Q35 + ICH9, 2009), BIOS 2025.11-3ubuntu7 03/31/2026
00097 RIP: 0010:osd_create+0x9cf/0xcf0 [osd_wbcfs]
00097 Code: c7 c7 00 b6 7c a1 48 c7 c6 a0 22 75 a1 48 c7 c2 00 2c 75 a1 e8 82 dd 43 ff 48 c7 c7 00 b6 7c a1 e8 f6 6a 44 ff e9 fe fc ff ff <0f> 0b e9 a5 fa ff ff 48 c7 c1 80 44 5d a0 80 e1 07 80 c1 03 38 c1
00097 RSP: 0018:ffffc90002087720 EFLAGS: 00010246
00097 RAX: 0000000000000000 RBX: ffff88811c285000 RCX: 0000000000000046
00097 RDX: 0000000000000000 RSI: ffff88813d0e2d60 RDI: ffff88818c70cb18
00097 RBP: ffff88813d0e2cd0 R08: ffffffff83a16803 R09: 1ffffffff0742d00
00097 R10: dffffc0000000000 R11: fffffbfff0742d01 R12: ffff888185fea400
00097 R13: dffffc0000000000 R14: 1ffff11023850a00 R15: 1ffff11030bfd48f
00097 FS:  00007fa7dce46940(0000) GS:ffff88831e8ad000(0000) knlGS:0000000000000000
00097 CS:  0010 DS: 0000 ES: 0000 CR0: 0000000080050033
00097 CR2: 00007fc8444ee200 CR3: 0000000197946000 CR4: 0000000000750eb0
00097 PKRU: 55555554
00097 Call Trace:
00097  <TASK>
00097  ? local_object_create+0x109/0x640 [obdclass]
00097  ? dt_write_lock+0x16d/0x2a0 [obdclass]
00097  ? llog_osd_create+0x356/0x1140 [obdclass]
00097  ? llog_create+0x2ed/0x530 [obdclass]
00097  ? llog_open_create+0x5af/0xb10 [obdclass]
00097  ? llog_test_9_sub+0xd4/0x800 [llog_test]
00097  ? llog_test_9+0x5d5/0x960 [llog_test]
00097  ? llog_run_tests+0x3d64/0x5ac0 [llog_test]
00097  ? get_random_u32+0x51/0x470
00097  ? llog_test_device_init+0x503/0x840 [llog_test]
00097  ? obd_setup+0x559/0x960 [obdclass]
00097  ? class_setup+0xc7d/0x10e0 [obdclass]
00097  ? class_process_config+0x2edb/0x7cb0 [obdclass]
00097  ? class_handle_ioctl+0x2055/0x3590 [obdclass]
00097  ? obd_class_ioctl+0x1f6/0x3c0 [obdclass]
00097  ? __x64_sys_ioctl+0x961/0xe00
00097  ? _copy_to_user+0x3d/0x60
00097  ? __x64_sys_rt_sigaction+0x107/0x140
00097  ? do_syscall_64+0xc1/0x350
00097  ? entry_SYSCALL_64_after_hwframe+0x4b/0x53
00097  </TASK>
00097 ---[ end trace 0000000000000000 ]---
00097 Lustre: 2188:0:(llog_test.c:1576:llog_test_10()) 10a: create a catalog log with name: d747e015
00097 ------------[ cut here ]------------
00097 WARNING: /home/ktest/git/linux/include/linux/fs.h:889 at osd_create+0x9cf/0xcf0 [osd_wbcfs], CPU#9: lctl/2188
00097 Modules linked in: llog_test(O) mgs(O) osd_wbcfs(O) lustre(O) obdecho(O) mgc(O) mdc(O) lov(O) osc(O) lmv(O) ec(O) fid(O) fld(O) ptlrpc(O) efivarfs obdclass(O) ksocklnd(O) lnet(O) libcfs(O)
00097 CPU: 9 UID: 0 PID: 2188 Comm: lctl Tainted: G        W  O        7.0.0-ktest-2b00861-6330a45-20260713-dirty #1 PREEMPT 
00097 Tainted: [W]=WARN, [O]=OOT_MODULE
00097 Hardware name: QEMU Standard PC (Q35 + ICH9, 2009), BIOS 2025.11-3ubuntu7 03/31/2026
00097 RIP: 0010:osd_create+0x9cf/0xcf0 [osd_wbcfs]
00097 Code: c7 c7 00 b6 7c a1 48 c7 c6 a0 22 75 a1 48 c7 c2 00 2c 75 a1 e8 82 dd 43 ff 48 c7 c7 00 b6 7c a1 e8 f6 6a 44 ff e9 fe fc ff ff <0f> 0b e9 a5 fa ff ff 48 c7 c1 80 44 5d a0 80 e1 07 80 c1 03 38 c1
00097 RSP: 0018:ffffc900020875d8 EFLAGS: 00010246
00097 RAX: 0000000000000000 RBX: ffff88811a922800 RCX: 0000000000000046
00097 RDX: 0000000000000000 RSI: ffff88813d0e2648 RDI: ffff88818c70cb18
00097 RBP: ffff88813d0e25b8 R08: ffffffff83a16803 R09: 1ffffffff0742d00
00097 R10: dffffc0000000000 R11: fffffbfff0742d01 R12: ffff888185fea400
00097 R13: dffffc0000000000 R14: 1ffff11023524500 R15: 1ffff11030bfd48f
00097 FS:  00007fa7dce46940(0000) GS:ffff88831e8ad000(0000) knlGS:0000000000000000
00097 CS:  0010 DS: 0000 ES: 0000 CR0: 0000000080050033
00097 CR2: 00007fc8444ee200 CR3: 0000000197946000 CR4: 0000000000750eb0
00097 PKRU: 55555554
00097 Call Trace:
00097  <TASK>
00097  ? local_object_create+0x109/0x640 [obdclass]
00097  ? dt_write_lock+0x16d/0x2a0 [obdclass]
00097  ? llog_osd_create+0x356/0x1140 [obdclass]
00097  ? llog_create+0x2ed/0x530 [obdclass]
00097  ? llog_open_create+0x5af/0xb10 [obdclass]
00097  ? llog_test_10+0x2e1/0x5600 [llog_test]
00097  ? lu_object_put+0xa64/0x1210 [obdclass]
00097  ? do_raw_spin_unlock+0x52/0x230
00097  ? _raw_spin_unlock+0x23/0x40
00097  ? __llog_ctxt_put+0x1c4/0x2f0 [obdclass]
00097  ? llog_run_tests+0x3f45/0x5ac0 [llog_test]
00097  ? get_random_u32+0x51/0x470
00097  ? llog_test_device_init+0x503/0x840 [llog_test]
00097  ? obd_setup+0x559/0x960 [obdclass]
00097  ? class_setup+0xc7d/0x10e0 [obdclass]
00097  ? class_process_config+0x2edb/0x7cb0 [obdclass]
00097  ? class_handle_ioctl+0x2055/0x3590 [obdclass]
00097  ? obd_class_ioctl+0x1f6/0x3c0 [obdclass]
00097  ? __x64_sys_ioctl+0x961/0xe00
00097  ? _copy_to_user+0x3d/0x60
00097  ? __x64_sys_rt_sigaction+0x107/0x140
00097  ? do_syscall_64+0xc1/0x350
00097  ? entry_SYSCALL_64_after_hwframe+0x4b/0x53
00097  </TASK>
00097 ---[ end trace 0000000000000000 ]---
00097 Lustre: 2188:0:(llog_test.c:1608:llog_test_10()) 10b: write 64767 log records
00097 ------------[ cut here ]------------
00097 WARNING: /home/ktest/git/linux/include/linux/fs.h:889 at osd_create+0x9cf/0xcf0 [osd_wbcfs], CPU#9: lctl/2188
00097 Modules linked in: llog_test(O) mgs(O) osd_wbcfs(O) lustre(O) obdecho(O) mgc(O) mdc(O) lov(O) osc(O) lmv(O) ec(O) fid(O) fld(O) ptlrpc(O) efivarfs obdclass(O) ksocklnd(O) lnet(O) libcfs(O)
00097 CPU: 9 UID: 0 PID: 2188 Comm: lctl Tainted: G        W  O        7.0.0-ktest-2b00861-6330a45-20260713-dirty #1 PREEMPT 
00097 Tainted: [W]=WARN, [O]=OOT_MODULE
00097 Hardware name: QEMU Standard PC (Q35 + ICH9, 2009), BIOS 2025.11-3ubuntu7 03/31/2026
00097 RIP: 0010:osd_create+0x9cf/0xcf0 [osd_wbcfs]
00097 Code: c7 c7 00 b6 7c a1 48 c7 c6 a0 22 75 a1 48 c7 c2 00 2c 75 a1 e8 82 dd 43 ff 48 c7 c7 00 b6 7c a1 e8 f6 6a 44 ff e9 fe fc ff ff <0f> 0b e9 a5 fa ff ff 48 c7 c1 80 44 5d a0 80 e1 07 80 c1 03 38 c1
00097 RSP: 0018:ffffc90002087478 EFLAGS: 00010246
00097 RAX: 0000000000000000 RBX: ffff88811a922000 RCX: 0000000000000046
00097 RDX: 0000000000000000 RSI: ffff88813d0e1f30 RDI: ffff88818c70cb40
00097 RBP: ffff88813d0e1ea0 R08: ffffffff83a16803 R09: 1ffffffff0742d00
00097 R10: dffffc0000000000 R11: fffffbfff0742d01 R12: ffff888185fea400
00097 R13: dffffc0000000000 R14: 1ffff11023524400 R15: 1ffff11030bfd48f
00097 FS:  00007fa7dce46940(0000) GS:ffff88831e8ad000(0000) knlGS:0000000000000000
00097 CS:  0010 DS: 0000 ES: 0000 CR0: 0000000080050033
00097 CR2: 00007fc8444ee200 CR3: 0000000197946000 CR4: 0000000000750eb0
00097 PKRU: 55555554
00097 Call Trace:
00097  <TASK>
00097  ? local_object_create+0x109/0x640 [obdclass]
00097  ? dt_write_lock+0x16d/0x2a0 [obdclass]
00097  ? llog_osd_create+0x356/0x1140 [obdclass]
00097  ? llog_create+0x2ed/0x530 [obdclass]
00097  ? llog_cat_new_log+0x6c3/0x2bf0 [obdclass]
00097  ? llog_cat_add_rec+0x6ba/0x1960 [obdclass]
00097  ? llog_cat_add+0x451/0x890 [obdclass]
00097  ? llog_test_10+0x91d/0x5600 [llog_test]
00097  ? lu_object_put+0xa64/0x1210 [obdclass]
00097  ? do_raw_spin_unlock+0x52/0x230
00097  ? _raw_spin_unlock+0x23/0x40
00097  ? __llog_ctxt_put+0x1c4/0x2f0 [obdclass]
00097  ? llog_run_tests+0x3f45/0x5ac0 [llog_test]
00097  ? get_random_u32+0x51/0x470
00097  ? llog_test_device_init+0x503/0x840 [llog_test]
00097  ? obd_setup+0x559/0x960 [obdclass]
00097  ? class_setup+0xc7d/0x10e0 [obdclass]
00097  ? class_process_config+0x2edb/0x7cb0 [obdclass]
00097  ? class_handle_ioctl+0x2055/0x3590 [obdclass]
00097  ? obd_class_ioctl+0x1f6/0x3c0 [obdclass]
00097  ? __x64_sys_ioctl+0x961/0xe00
00097  ? _copy_to_user+0x3d/0x60
00097  ? __x64_sys_rt_sigaction+0x107/0x140
00097  ? do_syscall_64+0xc1/0x350
00097  ? entry_SYSCALL_64_after_hwframe+0x4b/0x53
00097  </TASK>
00097 ---[ end trace 0000000000000000 ]---
00100 ------------[ cut here ]------------
00100 WARNING: /home/ktest/git/linux/include/linux/fs.h:889 at osd_create+0x9cf/0xcf0 [osd_wbcfs], CPU#9: lctl/2188
00100 Modules linked in: llog_test(O) mgs(O) osd_wbcfs(O) lustre(O) obdecho(O) mgc(O) mdc(O) lov(O) osc(O) lmv(O) ec(O) fid(O) fld(O) ptlrpc(O) efivarfs obdclass(O) ksocklnd(O) lnet(O) libcfs(O)
00100 CPU: 9 UID: 0 PID: 2188 Comm: lctl Tainted: G        W  O        7.0.0-ktest-2b00861-6330a45-20260713-dirty #1 PREEMPT 
00100 Tainted: [W]=WARN, [O]=OOT_MODULE
00100 Hardware name: QEMU Standard PC (Q35 + ICH9, 2009), BIOS 2025.11-3ubuntu7 03/31/2026
00100 RIP: 0010:osd_create+0x9cf/0xcf0 [osd_wbcfs]
00100 Code: c7 c7 00 b6 7c a1 48 c7 c6 a0 22 75 a1 48 c7 c2 00 2c 75 a1 e8 82 dd 43 ff 48 c7 c7 00 b6 7c a1 e8 f6 6a 44 ff e9 fe fc ff ff <0f> 0b e9 a5 fa ff ff 48 c7 c1 80 44 5d a0 80 e1 07 80 c1 03 38 c1
00100 RSP: 0018:ffffc90002087478 EFLAGS: 00010246
00100 RAX: 0000000000000000 RBX: ffff88811a921800 RCX: 0000000000000046
00100 RDX: 0000000000000000 RSI: ffff88813d0e1818 RDI: ffff88818c70cb40
00100 RBP: ffff88813d0e1788 R08: ffffffff83a16803 R09: 1ffffffff0742d00
00100 R10: dffffc0000000000 R11: fffffbfff0742d01 R12: ffff888185fea400
00100 R13: dffffc0000000000 R14: 1ffff11023524300 R15: 1ffff11030bfd48f
00100 FS:  00007fa7dce46940(0000) GS:ffff88831e8ad000(0000) knlGS:0000000000000000
00100 CS:  0010 DS: 0000 ES: 0000 CR0: 0000000080050033
00100 CR2: 00007fc8444ee200 CR3: 0000000197946000 CR4: 0000000000750eb0
00100 PKRU: 55555554
00100 Call Trace:
00100  <TASK>
00100  ? local_object_create+0x109/0x640 [obdclass]
00100  ? dt_write_lock+0x16d/0x2a0 [obdclass]
00100  ? llog_osd_create+0x356/0x1140 [obdclass]
00100  ? llog_create+0x2ed/0x530 [obdclass]
00100  ? llog_cat_new_log+0x6c3/0x2bf0 [obdclass]
00100  ? llog_cat_add_rec+0x6ba/0x1960 [obdclass]
00100  ? llog_cat_add+0x451/0x890 [obdclass]
00100  ? llog_test_10+0x91d/0x5600 [llog_test]
00100  ? lu_object_put+0xa64/0x1210 [obdclass]
00100  ? do_raw_spin_unlock+0x52/0x230
00100  ? _raw_spin_unlock+0x23/0x40
00100  ? __llog_ctxt_put+0x1c4/0x2f0 [obdclass]
00100  ? llog_run_tests+0x3f45/0x5ac0 [llog_test]
00100  ? get_random_u32+0x51/0x470
00100  ? llog_test_device_init+0x503/0x840 [llog_test]
00100  ? obd_setup+0x559/0x960 [obdclass]
00100  ? class_setup+0xc7d/0x10e0 [obdclass]
00100  ? class_process_config+0x2edb/0x7cb0 [obdclass]
00100  ? class_handle_ioctl+0x2055/0x3590 [obdclass]
00100  ? obd_class_ioctl+0x1f6/0x3c0 [obdclass]
00100  ? __x64_sys_ioctl+0x961/0xe00
00100  ? _copy_to_user+0x3d/0x60
00100  ? __x64_sys_rt_sigaction+0x107/0x140
00100  ? do_syscall_64+0xc1/0x350
00100  ? entry_SYSCALL_64_after_hwframe+0x4b/0x53
00100  </TASK>
00100 ---[ end trace 0000000000000000 ]---
00100 Lustre: 2188:0:(llog_test.c:1634:llog_test_10()) 10c: write 129534 more log records
00102 ------------[ cut here ]------------
00102 WARNING: /home/ktest/git/linux/include/linux/fs.h:889 at osd_create+0x9cf/0xcf0 [osd_wbcfs], CPU#9: lctl/2188
00102 Modules linked in: llog_test(O) mgs(O) osd_wbcfs(O) lustre(O) obdecho(O) mgc(O) mdc(O) lov(O) osc(O) lmv(O) ec(O) fid(O) fld(O) ptlrpc(O) efivarfs obdclass(O) ksocklnd(O) lnet(O) libcfs(O)
00102 CPU: 9 UID: 0 PID: 2188 Comm: lctl Tainted: G        W  O        7.0.0-ktest-2b00861-6330a45-20260713-dirty #1 PREEMPT 
00102 Tainted: [W]=WARN, [O]=OOT_MODULE
00102 Hardware name: QEMU Standard PC (Q35 + ICH9, 2009), BIOS 2025.11-3ubuntu7 03/31/2026
00102 RIP: 0010:osd_create+0x9cf/0xcf0 [osd_wbcfs]
00102 Code: c7 c7 00 b6 7c a1 48 c7 c6 a0 22 75 a1 48 c7 c2 00 2c 75 a1 e8 82 dd 43 ff 48 c7 c7 00 b6 7c a1 e8 f6 6a 44 ff e9 fe fc ff ff <0f> 0b e9 a5 fa ff ff 48 c7 c1 80 44 5d a0 80 e1 07 80 c1 03 38 c1
00102 RSP: 0018:ffffc90002087478 EFLAGS: 00010246
00102 RAX: 0000000000000000 RBX: ffff888267910800 RCX: 0000000000000046
00102 RDX: 0000000000000000 RSI: ffff88813d0e1100 RDI: ffff88818c70cb40
00102 RBP: ffff88813d0e1070 R08: ffffffff83a16803 R09: 1ffffffff0742d00
00102 R10: dffffc0000000000 R11: fffffbfff0742d01 R12: ffff888185fea400
00102 R13: dffffc0000000000 R14: 1ffff1104cf22100 R15: 1ffff11030bfd48f
00102 FS:  00007fa7dce46940(0000) GS:ffff88831e8ad000(0000) knlGS:0000000000000000
00102 CS:  0010 DS: 0000 ES: 0000 CR0: 0000000080050033
00102 CR2: 00007fc8444ee200 CR3: 0000000197946000 CR4: 0000000000750eb0
00102 PKRU: 55555554
00102 Call Trace:
00102  <TASK>
00102  ? local_object_create+0x109/0x640 [obdclass]
00102  ? dt_write_lock+0x16d/0x2a0 [obdclass]
00102  ? llog_osd_create+0x356/0x1140 [obdclass]
00102  ? llog_create+0x2ed/0x530 [obdclass]
00102  ? llog_cat_new_log+0x6c3/0x2bf0 [obdclass]
00102  ? llog_cat_add_rec+0x6ba/0x1960 [obdclass]
00102  ? llog_cat_add+0x451/0x890 [obdclass]
00102  ? llog_test_10+0xbd3/0x5600 [llog_test]
00102  ? lu_object_put+0xa64/0x1210 [obdclass]
00102  ? do_raw_spin_unlock+0x52/0x230
00102  ? _raw_spin_unlock+0x23/0x40
00102  ? __llog_ctxt_put+0x1c4/0x2f0 [obdclass]
00102  ? llog_run_tests+0x3f45/0x5ac0 [llog_test]
00102  ? get_random_u32+0x51/0x470
00102  ? llog_test_device_init+0x503/0x840 [llog_test]
00102  ? obd_setup+0x559/0x960 [obdclass]
00102  ? class_setup+0xc7d/0x10e0 [obdclass]
00102  ? class_process_config+0x2edb/0x7cb0 [obdclass]
00102  ? class_handle_ioctl+0x2055/0x3590 [obdclass]
00102  ? obd_class_ioctl+0x1f6/0x3c0 [obdclass]
00102  ? __x64_sys_ioctl+0x961/0xe00
00102  ? _copy_to_user+0x3d/0x60
00102  ? __x64_sys_rt_sigaction+0x107/0x140
00102  ? do_syscall_64+0xc1/0x350
00102  ? entry_SYSCALL_64_after_hwframe+0x4b/0x53
00102  </TASK>
00102 ---[ end trace 0000000000000000 ]---
00105 ------------[ cut here ]------------
00105 WARNING: /home/ktest/git/linux/include/linux/fs.h:889 at osd_create+0x9cf/0xcf0 [osd_wbcfs], CPU#9: lctl/2188
00105 Modules linked in: llog_test(O) mgs(O) osd_wbcfs(O) lustre(O) obdecho(O) mgc(O) mdc(O) lov(O) osc(O) lmv(O) ec(O) fid(O) fld(O) ptlrpc(O) efivarfs obdclass(O) ksocklnd(O) lnet(O) libcfs(O)
00105 CPU: 9 UID: 0 PID: 2188 Comm: lctl Tainted: G        W  O        7.0.0-ktest-2b00861-6330a45-20260713-dirty #1 PREEMPT 
00105 Tainted: [W]=WARN, [O]=OOT_MODULE
00105 Hardware name: QEMU Standard PC (Q35 + ICH9, 2009), BIOS 2025.11-3ubuntu7 03/31/2026
00105 RIP: 0010:osd_create+0x9cf/0xcf0 [osd_wbcfs]
00105 Code: c7 c7 00 b6 7c a1 48 c7 c6 a0 22 75 a1 48 c7 c2 00 2c 75 a1 e8 82 dd 43 ff 48 c7 c7 00 b6 7c a1 e8 f6 6a 44 ff e9 fe fc ff ff <0f> 0b e9 a5 fa ff ff 48 c7 c1 80 44 5d a0 80 e1 07 80 c1 03 38 c1
00105 RSP: 0018:ffffc90002087478 EFLAGS: 00010246
00105 RAX: 0000000000000000 RBX: ffff88827476d400 RCX: 0000000000000046
00105 RDX: 0000000000000000 RSI: ffff88813d0e09e8 RDI: ffff88818c70cb40
00105 RBP: ffff88813d0e0958 R08: ffffffff83a16803 R09: 1ffffffff0742d00
00105 R10: dffffc0000000000 R11: fffffbfff0742d01 R12: ffff888185fea400
00105 R13: dffffc0000000000 R14: 1ffff1104e8eda80 R15: 1ffff11030bfd48f
00105 FS:  00007fa7dce46940(0000) GS:ffff88831e8ad000(0000) knlGS:0000000000000000
00105 CS:  0010 DS: 0000 ES: 0000 CR0: 0000000080050033
00105 CR2: 00007fc8444ee200 CR3: 0000000197946000 CR4: 0000000000750eb0
00105 PKRU: 55555554
00105 Call Trace:
00105  <TASK>
00105  ? local_object_create+0x109/0x640 [obdclass]
00105  ? dt_write_lock+0x16d/0x2a0 [obdclass]
00105  ? llog_osd_create+0x356/0x1140 [obdclass]
00105  ? llog_create+0x2ed/0x530 [obdclass]
00105  ? llog_cat_new_log+0x6c3/0x2bf0 [obdclass]
00105  ? llog_cat_add_rec+0x6ba/0x1960 [obdclass]
00105  ? llog_cat_add+0x451/0x890 [obdclass]
00105  ? llog_test_10+0xbd3/0x5600 [llog_test]
00105  ? lu_object_put+0xa64/0x1210 [obdclass]
00105  ? do_raw_spin_unlock+0x52/0x230
00105  ? _raw_spin_unlock+0x23/0x40
00105  ? __llog_ctxt_put+0x1c4/0x2f0 [obdclass]
00105  ? llog_run_tests+0x3f45/0x5ac0 [llog_test]
00105  ? get_random_u32+0x51/0x470
00105  ? llog_test_device_init+0x503/0x840 [llog_test]
00105  ? obd_setup+0x559/0x960 [obdclass]
00105  ? class_setup+0xc7d/0x10e0 [obdclass]
00105  ? class_process_config+0x2edb/0x7cb0 [obdclass]
00105  ? class_handle_ioctl+0x2055/0x3590 [obdclass]
00105  ? obd_class_ioctl+0x1f6/0x3c0 [obdclass]
00105  ? __x64_sys_ioctl+0x961/0xe00
00105  ? _copy_to_user+0x3d/0x60
00105  ? __x64_sys_rt_sigaction+0x107/0x140
00105  ? do_syscall_64+0xc1/0x350
00105  ? entry_SYSCALL_64_after_hwframe+0x4b/0x53
00105  </TASK>
00105 ---[ end trace 0000000000000000 ]---
00105 Lustre: 2188:0:(llog_test.c:1666:llog_test_10()) 10c: write 64767 more log records
00107 Lustre: 2188:0:(llog_cat.c:80:llog_cat_new_log()) MGS: there are no more free slots in catalog d747e015
00107 LustreError: 2188:0:(llog_cat.c:593:llog_cat_add_rec()) MGS: initialization error: rc = -28
00107 Lustre: 2188:0:(llog_test.c:1692:llog_test_10()) 10c: wrote 64011 records then 756 failed with ENOSPC
00107 Lustre: 2188:0:(llog_test.c:1711:llog_test_10()) 10d: Cancel 64767 records, see one log zapped
00109 Lustre: 2188:0:(llog_test.c:1725:llog_test_10()) 10d: print the catalog entries.. we expect 3
00109 Lustre: 2207:0:(llog_test.c:700:cat_print_cb()) seeing record at index 2 - [0x1:0x19:0x0] in log [0xa:0x5:0x0]
00109 Lustre: 2188:0:(llog_test.c:1755:llog_test_10()) 10e: write 64767 more log records
00109 ------------[ cut here ]------------
00109 WARNING: /home/ktest/git/linux/include/linux/fs.h:889 at osd_create+0x9cf/0xcf0 [osd_wbcfs], CPU#9: lctl/2188
00109 Modules linked in: llog_test(O) mgs(O) osd_wbcfs(O) lustre(O) obdecho(O) mgc(O) mdc(O) lov(O) osc(O) lmv(O) ec(O) fid(O) fld(O) ptlrpc(O) efivarfs obdclass(O) ksocklnd(O) lnet(O) libcfs(O)
00109 CPU: 9 UID: 0 PID: 2188 Comm: lctl Tainted: G        W  O        7.0.0-ktest-2b00861-6330a45-20260713-dirty #1 PREEMPT 
00109 Tainted: [W]=WARN, [O]=OOT_MODULE
00109 Hardware name: QEMU Standard PC (Q35 + ICH9, 2009), BIOS 2025.11-3ubuntu7 03/31/2026
00109 RIP: 0010:osd_create+0x9cf/0xcf0 [osd_wbcfs]
00109 Code: c7 c7 00 b6 7c a1 48 c7 c6 a0 22 75 a1 48 c7 c2 00 2c 75 a1 e8 82 dd 43 ff 48 c7 c7 00 b6 7c a1 e8 f6 6a 44 ff e9 fe fc ff ff <0f> 0b e9 a5 fa ff ff 48 c7 c1 80 44 5d a0 80 e1 07 80 c1 03 38 c1
00109 RSP: 0018:ffffc90002087478 EFLAGS: 00010246
00109 RAX: 0000000000000000 RBX: ffff888282261000 RCX: 0000000000000046
00109 RDX: 0000000000000000 RSI: ffff88813d0e02d0 RDI: ffff88818c70cb40
00109 RBP: ffff88813d0e0240 R08: ffffffff83a16803 R09: 1ffffffff0742d00
00109 R10: dffffc0000000000 R11: fffffbfff0742d01 R12: ffff888185fea400
00109 R13: dffffc0000000000 R14: 1ffff1105044c200 R15: 1ffff11030bfd48f
00109 FS:  00007fa7dce46940(0000) GS:ffff88831e8ad000(0000) knlGS:0000000000000000
00109 CS:  0010 DS: 0000 ES: 0000 CR0: 0000000080050033
00109 CR2: 00007fc8444ee200 CR3: 0000000197946000 CR4: 0000000000750eb0
00109 PKRU: 55555554
00109 Call Trace:
00109  <TASK>
00109  ? local_object_create+0x109/0x640 [obdclass]
00109  ? dt_write_lock+0x16d/0x2a0 [obdclass]
00109  ? llog_osd_create+0x356/0x1140 [obdclass]
00109  ? llog_create+0x2ed/0x530 [obdclass]
00109  ? llog_cat_new_log+0x6c3/0x2bf0 [obdclass]
00109  ? llog_cat_add_rec+0x6ba/0x1960 [obdclass]
00109  ? llog_cat_add+0x451/0x890 [obdclass]
00109  ? llog_test_10+0x19aa/0x5600 [llog_test]
00109  ? lu_object_put+0xa64/0x1210 [obdclass]
00109  ? do_raw_spin_unlock+0x52/0x230
00109  ? _raw_spin_unlock+0x23/0x40
00109  ? __llog_ctxt_put+0x1c4/0x2f0 [obdclass]
00109  ? llog_run_tests+0x3f45/0x5ac0 [llog_test]
00109  ? get_random_u32+0x51/0x470
00109  ? llog_test_device_init+0x503/0x840 [llog_test]
00109  ? obd_setup+0x559/0x960 [obdclass]
00109  ? class_setup+0xc7d/0x10e0 [obdclass]
00109  ? class_process_config+0x2edb/0x7cb0 [obdclass]
00109  ? class_handle_ioctl+0x2055/0x3590 [obdclass]
00109  ? obd_class_ioctl+0x1f6/0x3c0 [obdclass]
00109  ? __x64_sys_ioctl+0x961/0xe00
00109  ? _copy_to_user+0x3d/0x60
00109  ? __x64_sys_rt_sigaction+0x107/0x140
00109  ? do_syscall_64+0xc1/0x350
00109  ? entry_SYSCALL_64_after_hwframe+0x4b/0x53
00109  </TASK>
00109 ---[ end trace 0000000000000000 ]---
00112 Lustre: 2188:0:(llog_cat.c:80:llog_cat_new_log()) MGS: there are no more free slots in catalog d747e015
00112 Lustre: 2188:0:(llog_cat.c:80:llog_cat_new_log()) Skipped 755 previous similar messages
00112 LustreError: 2188:0:(llog_cat.c:593:llog_cat_add_rec()) MGS: initialization error: rc = -28
00112 LustreError: 2188:0:(llog_cat.c:593:llog_cat_add_rec()) Skipped 755 previous similar messages
00112 Lustre: 2188:0:(llog_test.c:1781:llog_test_10()) 10e: wrote 64578 records then 189 failed with ENOSPC
00112 Lustre: 2188:0:(llog_test.c:1783:llog_test_10()) 10e: print the catalog entries.. we expect 4
00112 Lustre: 2188:0:(llog_cat.c:984:llog_cat_process_or_fork()) MGS: catlog [0xa:0x5:0x0] crosses index zero
00112 Lustre: 2188:0:(llog_test.c:700:cat_print_cb()) seeing record at index 2 - [0x1:0x19:0x0] in log [0xa:0x5:0x0]
00112 Lustre: 2188:0:(llog_test.c:700:cat_print_cb()) Skipped 2 previous similar messages
00112 Lustre: 2188:0:(llog_test.c:1819:llog_test_10()) 10e: catalog successfully wrap around, last_idx 1, first 1
00112 Lustre: 2188:0:(llog_test.c:1836:llog_test_10()) 10f: Cancel 64767 records, see one log zapped
00114 Lustre: 2188:0:(llog_test.c:1850:llog_test_10()) 10f: print the catalog entries.. we expect 3
00114 Lustre: 2188:0:(llog_cat.c:984:llog_cat_process_or_fork()) MGS: catlog [0xa:0x5:0x0] crosses index zero
00114 Lustre: 2188:0:(llog_cat.c:984:llog_cat_process_or_fork()) Skipped 1 previous similar message
00114 Lustre: 2188:0:(llog_test.c:1881:llog_test_10()) 10f: write 64767 more log records
00114 ------------[ cut here ]------------
00114 WARNING: /home/ktest/git/linux/include/linux/fs.h:889 at osd_create+0x9cf/0xcf0 [osd_wbcfs], CPU#9: lctl/2188
00114 Modules linked in: llog_test(O) mgs(O) osd_wbcfs(O) lustre(O) obdecho(O) mgc(O) mdc(O) lov(O) osc(O) lmv(O) ec(O) fid(O) fld(O) ptlrpc(O) efivarfs obdclass(O) ksocklnd(O) lnet(O) libcfs(O)
00114 CPU: 9 UID: 0 PID: 2188 Comm: lctl Tainted: G        W  O        7.0.0-ktest-2b00861-6330a45-20260713-dirty #1 PREEMPT 
00114 Tainted: [W]=WARN, [O]=OOT_MODULE
00114 Hardware name: QEMU Standard PC (Q35 + ICH9, 2009), BIOS 2025.11-3ubuntu7 03/31/2026
00114 RIP: 0010:osd_create+0x9cf/0xcf0 [osd_wbcfs]
00114 Code: c7 c7 00 b6 7c a1 48 c7 c6 a0 22 75 a1 48 c7 c2 00 2c 75 a1 e8 82 dd 43 ff 48 c7 c7 00 b6 7c a1 e8 f6 6a 44 ff e9 fe fc ff ff <0f> 0b e9 a5 fa ff ff 48 c7 c1 80 44 5d a0 80 e1 07 80 c1 03 38 c1
00114 RSP: 0018:ffffc90002087478 EFLAGS: 00010246
00114 RAX: 0000000000000000 RBX: ffff88828eb25000 RCX: 0000000000000046
00114 RDX: 0000000000000000 RSI: ffff888008d1a648 RDI: ffff88818c70cb40
00114 RBP: ffff888008d1a5b8 R08: ffffffff83a16803 R09: 1ffffffff0742d00
00114 R10: dffffc0000000000 R11: fffffbfff0742d01 R12: ffff888185fea400
00114 R13: dffffc0000000000 R14: 1ffff11051d64a00 R15: 1ffff11030bfd48f
00114 FS:  00007fa7dce46940(0000) GS:ffff88831e8ad000(0000) knlGS:0000000000000000
00114 CS:  0010 DS: 0000 ES: 0000 CR0: 0000000080050033
00114 CR2: 00007fc8444ee200 CR3: 0000000197946000 CR4: 0000000000750eb0
00114 PKRU: 55555554
00114 Call Trace:
00114  <TASK>
00114  ? local_object_create+0x109/0x640 [obdclass]
00114  ? dt_write_lock+0x16d/0x2a0 [obdclass]
00114  ? llog_osd_create+0x356/0x1140 [obdclass]
00114  ? llog_create+0x2ed/0x530 [obdclass]
00114  ? llog_cat_new_log+0x6c3/0x2bf0 [obdclass]
00114  ? llog_cat_add_rec+0x6ba/0x1960 [obdclass]
00114  ? llog_cat_add+0x451/0x890 [obdclass]
00114  ? llog_test_10+0x2c5e/0x5600 [llog_test]
00114  ? lu_object_put+0xa64/0x1210 [obdclass]
00114  ? do_raw_spin_unlock+0x52/0x230
00114  ? _raw_spin_unlock+0x23/0x40
00114  ? __llog_ctxt_put+0x1c4/0x2f0 [obdclass]
00114  ? llog_run_tests+0x3f45/0x5ac0 [llog_test]
00114  ? get_random_u32+0x51/0x470
00114  ? llog_test_device_init+0x503/0x840 [llog_test]
00114  ? obd_setup+0x559/0x960 [obdclass]
00114  ? class_setup+0xc7d/0x10e0 [obdclass]
00114  ? class_process_config+0x2edb/0x7cb0 [obdclass]
00114  ? class_handle_ioctl+0x2055/0x3590 [obdclass]
00114  ? obd_class_ioctl+0x1f6/0x3c0 [obdclass]
00114  ? __x64_sys_ioctl+0x961/0xe00
00114  ? _copy_to_user+0x3d/0x60
00114  ? __x64_sys_rt_sigaction+0x107/0x140
00114  ? do_syscall_64+0xc1/0x350
00114  ? entry_SYSCALL_64_after_hwframe+0x4b/0x53
00114  </TASK>
00114 ---[ end trace 0000000000000000 ]---
00116 Lustre: 2188:0:(llog_cat.c:80:llog_cat_new_log()) MGS: there are no more free slots in catalog d747e015
00116 Lustre: 2188:0:(llog_cat.c:80:llog_cat_new_log()) Skipped 188 previous similar messages
00116 LustreError: 2188:0:(llog_cat.c:593:llog_cat_add_rec()) MGS: initialization error: rc = -28
00116 LustreError: 2188:0:(llog_cat.c:593:llog_cat_add_rec()) Skipped 188 previous similar messages
00116 Lustre: 2188:0:(llog_test.c:1907:llog_test_10()) 10f: wrote 64578 records then 189 failed with ENOSPC
00116 Lustre: 2188:0:(llog_test.c:1953:llog_test_10()) 10g: Cancel 64767 records, see one log zapped
00116 Lustre: 2188:0:(llog_cat.c:984:llog_cat_process_or_fork()) MGS: catlog [0xa:0x5:0x0] crosses index zero
00118 Lustre: 2188:0:(llog_test.c:1965:llog_test_10()) 10g: print the catalog entries.. we expect 3
00118 Lustre: 2188:0:(llog_test.c:700:cat_print_cb()) seeing record at index 4 - [0x1:0x1b:0x0] in log [0xa:0x5:0x0]
00118 Lustre: 2188:0:(llog_test.c:700:cat_print_cb()) Skipped 6 previous similar messages
00118 Lustre: 2188:0:(llog_test.c:1995:llog_test_10()) 10g: Cancel 64767 records, see one log zapped
00120 Lustre: 2188:0:(llog_test.c:2009:llog_test_10()) 10g: print the catalog entries.. we expect 2
00120 Lustre: 2188:0:(llog_test.c:2047:llog_test_10()) 10g: Cancel 64767 records, see one log zapped
00122 Lustre: 2188:0:(llog_test.c:2061:llog_test_10()) 10g: print the catalog entries.. we expect 1
00122 Lustre: 2188:0:(llog_test.c:2087:llog_test_10()) 10g: llh_cat_idx has also successfully wrapped!
00122 Lustre: 2209:0:(llog_test.c:1535:cat_check_old_cb()) seeing record at index 2 - [0x1:0x1d:0x0] in log [0xa:0x5:0x0]
00123 Lustre: 2188:0:(llog_test.c:2111:llog_test_10()) 10h: write 64767 more log records
00123 ------------[ cut here ]------------
00123 WARNING: /home/ktest/git/linux/include/linux/fs.h:889 at osd_create+0x9cf/0xcf0 [osd_wbcfs], CPU#9: lctl/2188
00123 Modules linked in: llog_test(O) mgs(O) osd_wbcfs(O) lustre(O) obdecho(O) mgc(O) mdc(O) lov(O) osc(O) lmv(O) ec(O) fid(O) fld(O) ptlrpc(O) efivarfs obdclass(O) ksocklnd(O) lnet(O) libcfs(O)
00123 CPU: 9 UID: 0 PID: 2188 Comm: lctl Tainted: G        W  O        7.0.0-ktest-2b00861-6330a45-20260713-dirty #1 PREEMPT 
00123 Tainted: [W]=WARN, [O]=OOT_MODULE
00123 Hardware name: QEMU Standard PC (Q35 + ICH9, 2009), BIOS 2025.11-3ubuntu7 03/31/2026
00123 RIP: 0010:osd_create+0x9cf/0xcf0 [osd_wbcfs]
00123 Code: c7 c7 00 b6 7c a1 48 c7 c6 a0 22 75 a1 48 c7 c2 00 2c 75 a1 e8 82 dd 43 ff 48 c7 c7 00 b6 7c a1 e8 f6 6a 44 ff e9 fe fc ff ff <0f> 0b e9 a5 fa ff ff 48 c7 c1 80 44 5d a0 80 e1 07 80 c1 03 38 c1
00123 RSP: 0018:ffffc90002087478 EFLAGS: 00010246
00123 RAX: 0000000000000000 RBX: ffff88807b6ed000 RCX: 0000000000000046
00123 RDX: 0000000000000000 RSI: ffff888008d19f30 RDI: ffff88818c70cb40
00123 RBP: ffff888008d19ea0 R08: ffffffff83a16803 R09: 1ffffffff0742d00
00123 R10: dffffc0000000000 R11: fffffbfff0742d01 R12: ffff888185fea400
00123 R13: dffffc0000000000 R14: 1ffff1100f6dda00 R15: 1ffff11030bfd48f
00123 FS:  00007fa7dce46940(0000) GS:ffff88831e8ad000(0000) knlGS:0000000000000000
00123 CS:  0010 DS: 0000 ES: 0000 CR0: 0000000080050033
00123 CR2: 00007fc8444ee200 CR3: 0000000197946000 CR4: 0000000000750eb0
00123 PKRU: 55555554
00123 Call Trace:
00123  <TASK>
00123  ? local_object_create+0x109/0x640 [obdclass]
00123  ? dt_write_lock+0x16d/0x2a0 [obdclass]
00123  ? llog_osd_create+0x356/0x1140 [obdclass]
00123  ? llog_create+0x2ed/0x530 [obdclass]
00123  ? llog_cat_new_log+0x6c3/0x2bf0 [obdclass]
00123  ? llog_cat_add_rec+0x6ba/0x1960 [obdclass]
00123  ? llog_cat_add+0x451/0x890 [obdclass]
00123  ? llog_test_10+0x50f8/0x5600 [llog_test]
00123  ? llog_test_9_sub+0x800/0x800 [llog_test]
00123  ? llog_run_tests+0x3f45/0x5ac0 [llog_test]
00123  ? get_random_u32+0x51/0x470
00123  ? llog_test_device_init+0x503/0x840 [llog_test]
00123  ? obd_setup+0x559/0x960 [obdclass]
00123  ? class_setup+0xc7d/0x10e0 [obdclass]
00123  ? class_process_config+0x2edb/0x7cb0 [obdclass]
00123  ? class_handle_ioctl+0x2055/0x3590 [obdclass]
00123  ? obd_class_ioctl+0x1f6/0x3c0 [obdclass]
00123  ? __x64_sys_ioctl+0x961/0xe00
00123  ? _copy_to_user+0x3d/0x60
00123  ? __x64_sys_rt_sigaction+0x107/0x140
00123  ? do_syscall_64+0xc1/0x350
00123  ? entry_SYSCALL_64_after_hwframe+0x4b/0x53
00123  </TASK>
00123 ---[ end trace 0000000000000000 ]---
00123 LustreError: 2188:0:(llog_osd.c:684:llog_osd_write_rec()) cfs_race id 1317 sleeping
00123 LustreError: 2209:0:(llog.c:690:llog_process_thread()) cfs_fail_race id 1317 waking
00123 LustreError: 2188:0:(llog_osd.c:684:llog_osd_write_rec()) cfs_fail_race id 1317 awake: rc=448
00124 LustreError: 2209:0:(llog.c:690:llog_process_thread()) cfs_fail_race id 1317 waking
00124 Lustre: 2209:0:(llog_test.c:1535:cat_check_old_cb()) seeing record at index 3 - [0x1:0x1e:0x0] in log [0xa:0x5:0x0]
00127 ------------[ cut here ]------------
00127 WARNING: /home/ktest/git/linux/include/linux/fs.h:889 at osd_create+0x9cf/0xcf0 [osd_wbcfs], CPU#9: lctl/2188
00127 Modules linked in: llog_test(O) mgs(O) osd_wbcfs(O) lustre(O) obdecho(O) mgc(O) mdc(O) lov(O) osc(O) lmv(O) ec(O) fid(O) fld(O) ptlrpc(O) efivarfs obdclass(O) ksocklnd(O) lnet(O) libcfs(O)
00127 CPU: 9 UID: 0 PID: 2188 Comm: lctl Tainted: G        W  O        7.0.0-ktest-2b00861-6330a45-20260713-dirty #1 PREEMPT 
00127 Tainted: [W]=WARN, [O]=OOT_MODULE
00127 Hardware name: QEMU Standard PC (Q35 + ICH9, 2009), BIOS 2025.11-3ubuntu7 03/31/2026
00127 RIP: 0010:osd_create+0x9cf/0xcf0 [osd_wbcfs]
00127 Code: c7 c7 00 b6 7c a1 48 c7 c6 a0 22 75 a1 48 c7 c2 00 2c 75 a1 e8 82 dd 43 ff 48 c7 c7 00 b6 7c a1 e8 f6 6a 44 ff e9 fe fc ff ff <0f> 0b e9 a5 fa ff ff 48 c7 c1 80 44 5d a0 80 e1 07 80 c1 03 38 c1
00127 RSP: 0018:ffffc90002087478 EFLAGS: 00010246
00127 RAX: 0000000000000000 RBX: ffff8880158c3c00 RCX: 0000000000000046
00127 RDX: 0000000000000000 RSI: ffff888008d19818 RDI: ffff88818c70cb40
00127 RBP: ffff888008d19788 R08: ffffffff83a16803 R09: 1ffffffff0742d00
00127 R10: dffffc0000000000 R11: fffffbfff0742d01 R12: ffff888185fea400
00127 R13: dffffc0000000000 R14: 1ffff11002b18780 R15: 1ffff11030bfd48f
00127 FS:  00007fa7dce46940(0000) GS:ffff88831e8ad000(0000) knlGS:0000000000000000
00127 CS:  0010 DS: 0000 ES: 0000 CR0: 0000000080050033
00127 CR2: 00007fc8444ee200 CR3: 0000000197946000 CR4: 0000000000750eb0
00127 PKRU: 55555554
00127 Call Trace:
00127  <TASK>
00127  ? local_object_create+0x109/0x640 [obdclass]
00127  ? dt_write_lock+0x16d/0x2a0 [obdclass]
00127  ? llog_osd_create+0x356/0x1140 [obdclass]
00127  ? llog_create+0x2ed/0x530 [obdclass]
00127  ? llog_cat_new_log+0x6c3/0x2bf0 [obdclass]
00127  ? llog_cat_add_rec+0x6ba/0x1960 [obdclass]
00127  ? llog_cat_add+0x451/0x890 [obdclass]
00127  ? llog_test_10+0x50f8/0x5600 [llog_test]
00127  ? llog_test_9_sub+0x800/0x800 [llog_test]
00127  ? llog_run_tests+0x3f45/0x5ac0 [llog_test]
00127  ? get_random_u32+0x51/0x470
00127  ? llog_test_device_init+0x503/0x840 [llog_test]
00127  ? obd_setup+0x559/0x960 [obdclass]
00127  ? class_setup+0xc7d/0x10e0 [obdclass]
00127  ? class_process_config+0x2edb/0x7cb0 [obdclass]
00127  ? class_handle_ioctl+0x2055/0x3590 [obdclass]
00127  ? obd_class_ioctl+0x1f6/0x3c0 [obdclass]
00127  ? __x64_sys_ioctl+0x961/0xe00
00127  ? _copy_to_user+0x3d/0x60
00127  ? __x64_sys_rt_sigaction+0x107/0x140
00127  ? do_syscall_64+0xc1/0x350
00127  ? entry_SYSCALL_64_after_hwframe+0x4b/0x53
00127  </TASK>
00127 ---[ end trace 0000000000000000 ]---
00127 LustreError: 2188:0:(llog_osd.c:684:llog_osd_write_rec()) cfs_fail_race id 1317 waking
00128 Lustre: 2188:0:(llog_test.c:2137:llog_test_10()) 10h: wrote 64767 records then 0 failed with ENOSPC
00128 Lustre: 2188:0:(llog_test.c:2150:llog_test_10()) 10: put newly-created catalog
00128 Lustre: 2188:0:(llog_test.c:2180:llog_test_11()) 11: create a plain nameless log
00128 ------------[ cut here ]------------
00128 WARNING: /home/ktest/git/linux/include/linux/fs.h:889 at osd_create+0x9cf/0xcf0 [osd_wbcfs], CPU#9: lctl/2188
00128 Modules linked in: llog_test(O) mgs(O) osd_wbcfs(O) lustre(O) obdecho(O) mgc(O) mdc(O) lov(O) osc(O) lmv(O) ec(O) fid(O) fld(O) ptlrpc(O) efivarfs obdclass(O) ksocklnd(O) lnet(O) libcfs(O)
00128 CPU: 9 UID: 0 PID: 2188 Comm: lctl Tainted: G        W  O        7.0.0-ktest-2b00861-6330a45-20260713-dirty #1 PREEMPT 
00128 Tainted: [W]=WARN, [O]=OOT_MODULE
00128 Hardware name: QEMU Standard PC (Q35 + ICH9, 2009), BIOS 2025.11-3ubuntu7 03/31/2026
00128 RIP: 0010:osd_create+0x9cf/0xcf0 [osd_wbcfs]
00128 Code: c7 c7 00 b6 7c a1 48 c7 c6 a0 22 75 a1 48 c7 c2 00 2c 75 a1 e8 82 dd 43 ff 48 c7 c7 00 b6 7c a1 e8 f6 6a 44 ff e9 fe fc ff ff <0f> 0b e9 a5 fa ff ff 48 c7 c1 80 44 5d a0 80 e1 07 80 c1 03 38 c1
00128 RSP: 0018:ffffc90002087680 EFLAGS: 00010246
00128 RAX: 0000000000000000 RBX: ffff888035fd1c00 RCX: 0000000000000046
00128 RDX: 0000000000000000 RSI: ffff888008d19100 RDI: ffff88818c70cb18
00128 RBP: ffff888008d19070 R08: ffffffff83a16803 R09: 1ffffffff0742d00
00128 R10: dffffc0000000000 R11: fffffbfff0742d01 R12: ffff888185fea400
00128 R13: dffffc0000000000 R14: 1ffff11006bfa380 R15: 1ffff11030bfd48f
00128 FS:  00007fa7dce46940(0000) GS:ffff88831e8ad000(0000) knlGS:0000000000000000
00128 CS:  0010 DS: 0000 ES: 0000 CR0: 0000000080050033
00128 CR2: 00007fc8444ee200 CR3: 0000000197946000 CR4: 0000000000750eb0
00128 PKRU: 55555554
00128 Call Trace:
00128  <TASK>
00128  ? local_object_create+0x109/0x640 [obdclass]
00128  ? dt_write_lock+0x16d/0x2a0 [obdclass]
00128  ? llog_osd_create+0x356/0x1140 [obdclass]
00128  ? llog_create+0x2ed/0x530 [obdclass]
00128  ? llog_open_create+0x5af/0xb10 [obdclass]
00128  ? llog_test_11+0x2a4/0x1130 [llog_test]
00128  ? llog_test_9_sub+0x800/0x800 [llog_test]
00128  ? llog_run_tests+0x41b0/0x5ac0 [llog_test]
00128  ? get_random_u32+0x51/0x470
00128  ? llog_test_device_init+0x503/0x840 [llog_test]
00128  ? obd_setup+0x559/0x960 [obdclass]
00128  ? class_setup+0xc7d/0x10e0 [obdclass]
00128  ? class_process_config+0x2edb/0x7cb0 [obdclass]
00128  ? class_handle_ioctl+0x2055/0x3590 [obdclass]
00128  ? obd_class_ioctl+0x1f6/0x3c0 [obdclass]
00128  ? __x64_sys_ioctl+0x961/0xe00
00128  ? _copy_to_user+0x3d/0x60
00128  ? __x64_sys_rt_sigaction+0x107/0x140
00128  ? do_syscall_64+0xc1/0x350
00128  ? entry_SYSCALL_64_after_hwframe+0x4b/0x53
00128  </TASK>
00128 ---[ end trace 0000000000000000 ]---
00128 Lustre: 2188:0:(llog_test.c:2205:llog_test_11()) 11: size 8216 in 0 blocks after 1 rec
00128 Lustre: 2188:0:(llog_test.c:2207:llog_test_11()) 11: add few records
00128 Lustre: 2188:0:(llog_test.c:2224:llog_test_11()) 11: size 10616 in 0 blocks with few recs
00128 lctl (2188): drop_caches: 3
00128 Lustre: 2188:0:(llog_test.c:2250:llog_test_11()) 11: re-open the log by LOGID and verify llh_count
00128 Lustre: 2188:0:(llog_test.c:2265:llog_test_11()) 11: size 10616 in 0 blocks after re-open
00128 Lustre: 2188:0:(llog_test.c:2355:llog_test_12()) 12: create a catalog log with name: d747e016
00128 ------------[ cut here ]------------
00128 WARNING: /home/ktest/git/linux/include/linux/fs.h:889 at osd_create+0x9cf/0xcf0 [osd_wbcfs], CPU#6: lctl/2188
00128 Modules linked in: llog_test(O) mgs(O) osd_wbcfs(O) lustre(O) obdecho(O) mgc(O) mdc(O) lov(O) osc(O) lmv(O) ec(O) fid(O) fld(O) ptlrpc(O) efivarfs obdclass(O) ksocklnd(O) lnet(O) libcfs(O)
00128 CPU: 6 UID: 0 PID: 2188 Comm: lctl Tainted: G        W  O        7.0.0-ktest-2b00861-6330a45-20260713-dirty #1 PREEMPT 
00128 Tainted: [W]=WARN, [O]=OOT_MODULE
00128 Hardware name: QEMU Standard PC (Q35 + ICH9, 2009), BIOS 2025.11-3ubuntu7 03/31/2026
00128 RIP: 0010:osd_create+0x9cf/0xcf0 [osd_wbcfs]
00128 Code: c7 c7 00 b6 7c a1 48 c7 c6 a0 22 75 a1 48 c7 c2 00 2c 75 a1 e8 82 dd 43 ff 48 c7 c7 00 b6 7c a1 e8 f6 6a 44 ff e9 fe fc ff ff <0f> 0b e9 a5 fa ff ff 48 c7 c1 80 44 5d a0 80 e1 07 80 c1 03 38 c1
00128 RSP: 0018:ffffc90002087678 EFLAGS: 00010246
00128 RAX: 0000000000000000 RBX: ffff888035fd4400 RCX: 0000000000000046
00128 RDX: 0000000000000000 RSI: ffff888008d1fb68 RDI: ffff88818c70cb18
00128 RBP: ffff888008d1fad8 R08: ffffffff83a16803 R09: 1ffffffff0742d00
00128 R10: dffffc0000000000 R11: fffffbfff0742d01 R12: ffff888185fea400
00128 R13: dffffc0000000000 R14: 1ffff11006bfa880 R15: 1ffff11030bfd48f
00128 FS:  00007fa7dce46940(0000) GS:ffff88831e72d000(0000) knlGS:0000000000000000
00128 CS:  0010 DS: 0000 ES: 0000 CR0: 0000000080050033
00128 CR2: 00007f58faeee200 CR3: 0000000197946000 CR4: 0000000000750eb0
00128 PKRU: 55555554
00128 Call Trace:
00128  <TASK>
00128  ? local_object_create+0x109/0x640 [obdclass]
00128  ? dt_write_lock+0x16d/0x2a0 [obdclass]
00128  ? llog_osd_create+0x356/0x1140 [obdclass]
00128  ? llog_create+0x2ed/0x530 [obdclass]
00128  ? llog_open_create+0x5af/0xb10 [obdclass]
00128  ? llog_test_12+0x40f/0x2d90 [llog_test]
00128  ? llog_test_11+0xc14/0x1130 [llog_test]
00128  ? llog_run_tests+0x4434/0x5ac0 [llog_test]
00128  ? get_random_u32+0x51/0x470
00128  ? llog_test_device_init+0x503/0x840 [llog_test]
00128  ? obd_setup+0x559/0x960 [obdclass]
00128  ? class_setup+0xc7d/0x10e0 [obdclass]
00128  ? class_process_config+0x2edb/0x7cb0 [obdclass]
00128  ? class_handle_ioctl+0x2055/0x3590 [obdclass]
00128  ? obd_class_ioctl+0x1f6/0x3c0 [obdclass]
00128  ? __x64_sys_ioctl+0x961/0xe00
00128  ? _copy_to_user+0x3d/0x60
00128  ? __x64_sys_rt_sigaction+0x107/0x140
00128  ? do_syscall_64+0xc1/0x350
00128  ? entry_SYSCALL_64_after_hwframe+0x4b/0x53
00128  </TASK>
00128 ---[ end trace 0000000000000000 ]---
00128 ------------[ cut here ]------------
00128 WARNING: /home/ktest/git/linux/include/linux/fs.h:889 at osd_create+0x9cf/0xcf0 [osd_wbcfs], CPU#6: lctl/2188
00128 Modules linked in: llog_test(O) mgs(O) osd_wbcfs(O) lustre(O) obdecho(O) mgc(O) mdc(O) lov(O) osc(O) lmv(O) ec(O) fid(O) fld(O) ptlrpc(O) efivarfs obdclass(O) ksocklnd(O) lnet(O) libcfs(O)
00128 CPU: 6 UID: 0 PID: 2188 Comm: lctl Tainted: G        W  O        7.0.0-ktest-2b00861-6330a45-20260713-dirty #1 PREEMPT 
00128 Tainted: [W]=WARN, [O]=OOT_MODULE
00128 Hardware name: QEMU Standard PC (Q35 + ICH9, 2009), BIOS 2025.11-3ubuntu7 03/31/2026
00128 RIP: 0010:osd_create+0x9cf/0xcf0 [osd_wbcfs]
00128 Code: c7 c7 00 b6 7c a1 48 c7 c6 a0 22 75 a1 48 c7 c2 00 2c 75 a1 e8 82 dd 43 ff 48 c7 c7 00 b6 7c a1 e8 f6 6a 44 ff e9 fe fc ff ff <0f> 0b e9 a5 fa ff ff 48 c7 c1 80 44 5d a0 80 e1 07 80 c1 03 38 c1
00128 RSP: 0018:ffffc90002087518 EFLAGS: 00010246
00128 RAX: 0000000000000000 RBX: ffff888035fd3c00 RCX: 0000000000000046
00128 RDX: 0000000000000000 RSI: ffff888008d1f450 RDI: ffff88818c70cb40
00128 RBP: ffff888008d1f3c0 R08: ffffffff83a16803 R09: 1ffffffff0742d00
00128 R10: dffffc0000000000 R11: fffffbfff0742d01 R12: ffff888185fea400
00128 R13: dffffc0000000000 R14: 1ffff11006bfa780 R15: 1ffff11030bfd48f
00128 FS:  00007fa7dce46940(0000) GS:ffff88831e72d000(0000) knlGS:0000000000000000
00128 CS:  0010 DS: 0000 ES: 0000 CR0: 0000000080050033
00128 CR2: 00007f58faeee200 CR3: 0000000197946000 CR4: 0000000000750eb0
00128 PKRU: 55555554
00128 Call Trace:
00128  <TASK>
00128  ? local_object_create+0x109/0x640 [obdclass]
00128  ? dt_write_lock+0x16d/0x2a0 [obdclass]
00128  ? llog_osd_create+0x356/0x1140 [obdclass]
00128  ? llog_create+0x2ed/0x530 [obdclass]
00128  ? llog_cat_new_log+0x6c3/0x2bf0 [obdclass]
00128  ? llog_cat_add_rec+0x6ba/0x1960 [obdclass]
00128  ? llog_cat_add+0x451/0x890 [obdclass]
00128  ? llog_test_12+0x68f/0x2d90 [llog_test]
00128  ? llog_test_11+0xc14/0x1130 [llog_test]
00128  ? llog_run_tests+0x4434/0x5ac0 [llog_test]
00128  ? get_random_u32+0x51/0x470
00128  ? llog_test_device_init+0x503/0x840 [llog_test]
00128  ? obd_setup+0x559/0x960 [obdclass]
00128  ? class_setup+0xc7d/0x10e0 [obdclass]
00128  ? class_process_config+0x2edb/0x7cb0 [obdclass]
00128  ? class_handle_ioctl+0x2055/0x3590 [obdclass]
00128  ? obd_class_ioctl+0x1f6/0x3c0 [obdclass]
00128  ? __x64_sys_ioctl+0x961/0xe00
00128  ? _copy_to_user+0x3d/0x60
00128  ? __x64_sys_rt_sigaction+0x107/0x140
00128  ? do_syscall_64+0xc1/0x350
00128  ? entry_SYSCALL_64_after_hwframe+0x4b/0x53
00128  </TASK>
00128 ---[ end trace 0000000000000000 ]---
00128 Lustre: 12: truncate 24 bytes
00128 Lustre: 12: re-open and process the catalog
00128 LustreError: 2188:0:(llog_osd.c:1248:llog_osd_next_block()) MGS0000-osd: invalid llog tail at log id [0xa:0x6:0x0] offset 8232 last_rec idx 8704 tail idx 275010875 lrt len 1 read_size 40
00128 LustreError: 2188:0:(llog.c:886:llog_process_thread()) MGS: local llog is corrupted [0xa:0x6:0x0] catalog index 1 count 2
00128 Lustre: 12: try to add to the catalog
00128 ------------[ cut here ]------------
00128 WARNING: /home/ktest/git/linux/include/linux/fs.h:889 at osd_create+0x9cf/0xcf0 [osd_wbcfs], CPU#6: lctl/2188
00128 Modules linked in: llog_test(O) mgs(O) osd_wbcfs(O) lustre(O) obdecho(O) mgc(O) mdc(O) lov(O) osc(O) lmv(O) ec(O) fid(O) fld(O) ptlrpc(O) efivarfs obdclass(O) ksocklnd(O) lnet(O) libcfs(O)
00128 CPU: 6 UID: 0 PID: 2188 Comm: lctl Tainted: G        W  O        7.0.0-ktest-2b00861-6330a45-20260713-dirty #1 PREEMPT 
00128 Tainted: [W]=WARN, [O]=OOT_MODULE
00128 Hardware name: QEMU Standard PC (Q35 + ICH9, 2009), BIOS 2025.11-3ubuntu7 03/31/2026
00128 RIP: 0010:osd_create+0x9cf/0xcf0 [osd_wbcfs]
00128 Code: c7 c7 00 b6 7c a1 48 c7 c6 a0 22 75 a1 48 c7 c2 00 2c 75 a1 e8 82 dd 43 ff 48 c7 c7 00 b6 7c a1 e8 f6 6a 44 ff e9 fe fc ff ff <0f> 0b e9 a5 fa ff ff 48 c7 c1 80 44 5d a0 80 e1 07 80 c1 03 38 c1
00128 RSP: 0018:ffffc90002087518 EFLAGS: 00010246
00128 RAX: 0000000000000000 RBX: ffff888035fd6400 RCX: 0000000000000046
00128 RDX: 0000000000000000 RSI: ffff888008d1ed38 RDI: ffff88818c70cb40
00128 RBP: ffff888008d1eca8 R08: ffffffff83a16803 R09: 1ffffffff0742d00
00128 R10: dffffc0000000000 R11: fffffbfff0742d01 R12: ffff888185fea400
00128 R13: dffffc0000000000 R14: 1ffff11006bfac80 R15: 1ffff11030bfd48f
00128 FS:  00007fa7dce46940(0000) GS:ffff88831e72d000(0000) knlGS:0000000000000000
00128 CS:  0010 DS: 0000 ES: 0000 CR0: 0000000080050033
00128 CR2: 00007f58faeee200 CR3: 0000000197946000 CR4: 0000000000750eb0
00128 PKRU: 55555554
00128 Call Trace:
00128  <TASK>
00128  ? local_object_create+0x109/0x640 [obdclass]
00128  ? dt_write_lock+0x16d/0x2a0 [obdclass]
00128  ? llog_osd_create+0x356/0x1140 [obdclass]
00128  ? llog_create+0x2ed/0x530 [obdclass]
00128  ? llog_cat_new_log+0x6c3/0x2bf0 [obdclass]
00128  ? llog_cat_add_rec+0x6ba/0x1960 [obdclass]
00128  ? llog_cat_add+0x451/0x890 [obdclass]
00128  ? llog_test_12+0xfdb/0x2d90 [llog_test]
00128  ? llog_run_tests+0x4434/0x5ac0 [llog_test]
00128  ? get_random_u32+0x51/0x470
00128  ? llog_test_device_init+0x503/0x840 [llog_test]
00128  ? obd_setup+0x559/0x960 [obdclass]
00128  ? class_setup+0xc7d/0x10e0 [obdclass]
00128  ? class_process_config+0x2edb/0x7cb0 [obdclass]
00128  ? class_handle_ioctl+0x2055/0x3590 [obdclass]
00128  ? obd_class_ioctl+0x1f6/0x3c0 [obdclass]
00128  ? __x64_sys_ioctl+0x961/0xe00
00128  ? _copy_to_user+0x3d/0x60
00128  ? __x64_sys_rt_sigaction+0x107/0x140
00128  ? do_syscall_64+0xc1/0x350
00128  ? entry_SYSCALL_64_after_hwframe+0x4b/0x53
00128  </TASK>
00128 ---[ end trace 0000000000000000 ]---
00128 LustreError: 2188:0:(llog_osd.c:1231:llog_osd_next_block()) MGS0000-osd: invalid llog tail at log id [0x6:0xa:0x0]:0 offset 8297 tail idx 603979776 lrt len 1074261 read_size 105
00128 ------------[ cut here ]------------
00128 WARNING: /home/ktest/git/linux/include/linux/fs.h:889 at osd_create+0x9cf/0xcf0 [osd_wbcfs], CPU#6: lctl/2188
00128 Modules linked in: llog_test(O) mgs(O) osd_wbcfs(O) lustre(O) obdecho(O) mgc(O) mdc(O) lov(O) osc(O) lmv(O) ec(O) fid(O) fld(O) ptlrpc(O) efivarfs obdclass(O) ksocklnd(O) lnet(O) libcfs(O)
00128 CPU: 6 UID: 0 PID: 2188 Comm: lctl Tainted: G        W  O        7.0.0-ktest-2b00861-6330a45-20260713-dirty #1 PREEMPT 
00128 Tainted: [W]=WARN, [O]=OOT_MODULE
00128 Hardware name: QEMU Standard PC (Q35 + ICH9, 2009), BIOS 2025.11-3ubuntu7 03/31/2026
00128 RIP: 0010:osd_create+0x9cf/0xcf0 [osd_wbcfs]
00128 Code: c7 c7 00 b6 7c a1 48 c7 c6 a0 22 75 a1 48 c7 c2 00 2c 75 a1 e8 82 dd 43 ff 48 c7 c7 00 b6 7c a1 e8 f6 6a 44 ff e9 fe fc ff ff <0f> 0b e9 a5 fa ff ff 48 c7 c1 80 44 5d a0 80 e1 07 80 c1 03 38 c1
00128 RSP: 0018:ffffc90002087518 EFLAGS: 00010246
00128 RAX: 0000000000000000 RBX: ffff88814e63a800 RCX: 0000000000000046
00128 RDX: 0000000000000000 RSI: ffff888008d1e620 RDI: ffff88818c70cb40
00128 RBP: ffff888008d1e590 R08: ffffffff83a16803 R09: 1ffffffff0742d00
00128 R10: dffffc0000000000 R11: fffffbfff0742d01 R12: ffff888185fea400
00128 R13: dffffc0000000000 R14: 1ffff11029cc7500 R15: 1ffff11030bfd48f
00128 FS:  00007fa7dce46940(0000) GS:ffff88831e72d000(0000) knlGS:0000000000000000
00128 CS:  0010 DS: 0000 ES: 0000 CR0: 0000000080050033
00128 CR2: 00007f58faeee200 CR3: 0000000197946000 CR4: 0000000000750eb0
00128 PKRU: 55555554
00128 Call Trace:
00128  <TASK>
00128  ? local_object_create+0x109/0x640 [obdclass]
00128  ? dt_write_lock+0x16d/0x2a0 [obdclass]
00128  ? llog_osd_create+0x356/0x1140 [obdclass]
00128  ? llog_create+0x2ed/0x530 [obdclass]
00128  ? llog_cat_new_log+0x6c3/0x2bf0 [obdclass]
00128  ? llog_cat_add_rec+0x6ba/0x1960 [obdclass]
00128  ? llog_cat_add+0x451/0x890 [obdclass]
00128  ? llog_test_12+0xfdb/0x2d90 [llog_test]
00128  ? llog_run_tests+0x4434/0x5ac0 [llog_test]
00128  ? get_random_u32+0x51/0x470
00128  ? llog_test_device_init+0x503/0x840 [llog_test]
00128  ? obd_setup+0x559/0x960 [obdclass]
00128  ? class_setup+0xc7d/0x10e0 [obdclass]
00128  ? class_process_config+0x2edb/0x7cb0 [obdclass]
00128  ? class_handle_ioctl+0x2055/0x3590 [obdclass]
00128  ? obd_class_ioctl+0x1f6/0x3c0 [obdclass]
00128  ? __x64_sys_ioctl+0x961/0xe00
00128  ? _copy_to_user+0x3d/0x60
00128  ? __x64_sys_rt_sigaction+0x107/0x140
00128  ? do_syscall_64+0xc1/0x350
00128  ? entry_SYSCALL_64_after_hwframe+0x4b/0x53
00128  </TASK>
00128 ---[ end trace 0000000000000000 ]---
00128 ==================================================================
00128 BUG: KASAN: slab-out-of-bounds in llog_osd_next_block+0x13e1/0x3340 [obdclass]
00128 Read of size 4 at addr ffff8882419cb036 by task lctl/2188
00128 
00128 CPU: 6 UID: 0 PID: 2188 Comm: lctl Tainted: G        W  O        7.0.0-ktest-2b00861-6330a45-20260713-dirty #1 PREEMPT 
00128 Tainted: [W]=WARN, [O]=OOT_MODULE
00128 Hardware name: QEMU Standard PC (Q35 + ICH9, 2009), BIOS 2025.11-3ubuntu7 03/31/2026
00128 Call Trace:
00128  <TASK>
00128  dump_stack_lvl+0x52/0x80
00128  print_report+0xbc/0x260
00128  ? llog_osd_next_block+0x13e1/0x3340 [obdclass]
00128  kasan_report+0xa2/0xd0
00128  ? llog_osd_next_block+0x13e1/0x3340 [obdclass]
00128  llog_osd_next_block+0x13e1/0x3340 [obdclass]
00128  llog_process_thread+0xdd7/0x4f70 [obdclass]
00128  ? entry_SYSCALL_64_after_hwframe+0x4b/0x53
00128  ? task_work_add+0x177/0x210
00128  llog_process_or_fork+0x656/0xc90 [obdclass]
00128  ? llog_cat_process+0x30/0x30 [obdclass]
00128  llog_cat_process_or_fork+0x780/0xdb0 [obdclass]
00128  ? llog_cat_process+0x30/0x30 [obdclass]
00128  ? llog_cancel_rec_cb+0x450/0x450 [llog_test]
00128  llog_cat_process+0x24/0x30 [obdclass]
00128  llog_test_12+0xf58/0x2d90 [llog_test]
00128  llog_run_tests+0x4434/0x5ac0 [llog_test]
00128  ? get_random_u32+0x51/0x470
00128  llog_test_device_init+0x503/0x840 [llog_test]
00128  obd_setup+0x559/0x960 [obdclass]
00128  class_setup+0xc7d/0x10e0 [obdclass]
00128  class_process_config+0x2edb/0x7cb0 [obdclass]
00128  class_handle_ioctl+0x2055/0x3590 [obdclass]
00128  obd_class_ioctl+0x1f6/0x3c0 [obdclass]
00128  __x64_sys_ioctl+0x961/0xe00
00128  ? _copy_to_user+0x3d/0x60
00128  ? __x64_sys_rt_sigaction+0x107/0x140
00128  do_syscall_64+0xc1/0x350
00128  entry_SYSCALL_64_after_hwframe+0x4b/0x53
00128 RIP: 0033:0x7fa7dcd24e1d
00128 Code: 04 25 28 00 00 00 48 89 45 c8 31 c0 48 8d 45 10 c7 45 b0 10 00 00 00 48 89 45 b8 48 8d 45 d0 48 89 45 c0 b8 10 00 00 00 0f 05 <89> c2 3d 00 f0 ff ff 77 1a 48 8b 45 c8 64 48 2b 04 25 28 00 00 00
00128 RSP: 002b:00007fff9f38a7e0 EFLAGS: 00000246 ORIG_RAX: 0000000000000010
00128 RAX: ffffffffffffffda RBX: 00007fa7dd0af1f0 RCX: 00007fa7dcd24e1d
00128 RDX: 00007fff9f38aac0 RSI: 00000000c00866b8 RDI: 0000000000000003
00128 RBP: 00007fff9f38a830 R08: 00007fff9f38a880 R09: 00007fff9f38aac0
00128 R10: 000055b638429910 R11: 0000000000000246 R12: 00007fff9f38aac0
00128 R13: 000055b6211d5822 R14: 0000000000000000 R15: 00007fff9f38cb40
00128  </TASK>
00128 
00128 The buggy address belongs to the object at ffff8882419c8000
00128  which belongs to the cache kmalloc-8k of size 8192
00128 The buggy address is located 4150 bytes to the right of
00128  allocated 8192-byte region [ffff8882419c8000, ffff8882419ca000)
00128 
00128 The buggy address belongs to the physical page:
00128 page: refcount:0 mapcount:0 mapping:0000000000000000 index:0x0 pfn:0x2419c8
00128 head: order:3 mapcount:0 entire_mapcount:0 nr_pages_mapped:0 pincount:0
00128 flags: 0x8000000000000040(head|zone=2)
00128 page_type: f5(slab)
00128 raw: 8000000000000040 ffff888100042e00 dead000000000122 0000000000000000
00128 raw: 0000000000000000 0000400000020002 00000000f5000000 ffff8882419ca010
00128 head: 8000000000000040 ffff888100042e00 dead000000000122 0000000000000000
00128 head: 0000000000000000 0000400000020002 00000000f5000000 ffff8882419ca010
00128 head: 8000000000000003 ffffea0009067201 00000000ffffffff 00000000ffffffff
00128 head: ffffffffffffffff 0000000000000000 00000000ffffffff 0000000000000008
00128 page dumped because: kasan: bad access detected
00128 
00128 Memory state around the buggy address:
00128  ffff8882419caf00: fc fc fc fc fc fc fc fc fc fc fc fc fc fc fc fc
00128  ffff8882419caf80: fc fc fc fc fc fc fc fc fc fc fc fc fc fc fc fc
00128 >ffff8882419cb000: fc fc fc fc fc fc fc fc fc fc fc fc fc fc fc fc
00128                                      ^
00128  ffff8882419cb080: fc fc fc fc fc fc fc fc fc fc fc fc fc fc fc fc
00128  ffff8882419cb100: fc fc fc fc fc fc fc fc fc fc fc fc fc fc fc fc
00128 ==================================================================
00128 Disabling lock debugging due to kernel taint
00128 Lustre: 2188:0:(llog_test.c:2464:llog_test_12()) 12: put newly-created catalog
00128 Lustre: 2188:0:(llog_test.c:2532:llog_test_13()) 13a: create a catalog log with name: d747e016
00128 Lustre: 2188:0:(llog_test.c:2548:llog_test_13()) 13b: write 1 record into the catalog
00128 LustreError: 2188:0:(llog_test.c:2559:llog_test_13()) 13b: found 8 plain llogs
00128 Lustre: 2188:0:(llog_test.c:2561:llog_test_13()) 13c: erase plain llog
00128 LustreError: 2188:0:(llog_cat.c:404:llog_cat_id2handle()) MGS: error opening log id [0x1:0x4f:0x0]: rc = -2
00128 Lustre: 2188:0:(llog_test.c:2581:llog_test_13()) 13d: forward process: found=1708 rc=0
00128 Lustre: 2188:0:(llog_test.c:2585:llog_test_13()) 13e: erase another plain llog
00128 Lustre: 2188:0:(llog_test.c:2605:llog_test_13()) 13e: backward process: found=1367 rc=0
00128 Lustre: 2188:0:(llog_test.c:2608:llog_test_13()) 13f: put newly-created catalog
00133 ========= FAILED TIMEOUT llog-unit in 240s
Error 1 at /home/ktest/ktest/lib/libktest.sh 587 from: "$ktest_dir/lib/supervisor" -S -F -T "$ktest_timeout" -b "$test_basename" -o "$test_logdir" -f "$test_basename.$(date -Iseconds).log" -- "${qemu_cmd[@]}", exiting
Error 1 at ./qlkbuild 209 from: "$ktest_dir/lib/supervisor" -S -F -T "$ktest_timeout" -b "$test_basename" -o "$test_logdir" -f "$test_basename.$(date -Iseconds).log" -- "${qemu_cmd[@]}", exiting
Error 1 at ./qlkbuild 1059 from: "$ktest_dir/lib/supervisor" -S -F -T "$ktest_timeout" -b "$test_basename" -o "$test_logdir" -f "$test_basename.$(date -Iseconds).log" -- "${qemu_cmd[@]}", exiting
