CLI: ./podman-ktest --podman-socket unix:///run/podman/podman.sock --shared-filesystem /tmp --tarball-input job lustre-ci --output /var/www/ci-lustre/upstream-patch-review --git-hash 2b0614e310f30889697cbf01b34477790cd6efc0 --change-id 63438_2b0614e310f30889697cbf01b34477790cd6efc0 --subject LU-13091 tests: test to verify parameter names

  Checking /dev/kvm exists... OK
  Checking /dev/kvm permissions... OK
  Creating ccache directory... OK
  Checking ccache directory writable... OK

Environment validated successfully
Creating kernel tarball at /tmp/ktest-kernel.tar.gz...
Creating lustre tarball at /tmp/ktest-lustre.tar.gz...
Executing 16 jobs
Jobs will start as soon as their dependencies are satisfied
Using tarball input mode

START checkpatch tool checkpatch
START lustre_mainline_strict build tests/fs/lustre/boot-strict.ktest
START lustre_u24 build tests/fs/lustre/boot.ktest
START lustre_al2023 build tests/fs/lustre/boot.ktest
START lustre_mainline_native build tests/fs/lustre/boot.ktest
START lustre_mainline build tests/fs/lustre/boot.ktest
PUT /tmp/ktest-kernel.tar.gz 8s
PUT /tmp/ktest-kernel.tar.gz 9s
PUT /tmp/ktest-kernel.tar.gz 9s
PUT /tmp/ktest-kernel.tar.gz 9s
PUT /tmp/ktest-kernel.tar.gz 9s
PUT /tmp/ktest-kernel.tar.gz 9s
PUT /tmp/ktest-lustre.tar.gz 3s
PUT /tmp/ktest-lustre.tar.gz 2s
PUT /tmp/ktest-lustre.tar.gz 2s
PUT /tmp/ktest-lustre.tar.gz 2s
PUT /tmp/ktest-lustre.tar.gz 3s
PUT /tmp/ktest-lustre.tar.gz 3s
END checkpatch tool checkpatch FAIL 15s (exit code: 1)
END lustre_u24 build tests/fs/lustre/boot.ktest FAIL 80s (exit code: 2)
END lustre_al2023 build tests/fs/lustre/boot.ktest FAIL 82s (exit code: 2)
GET /tmp/ktest_lustre_mainline_strict_vzuiecq7.tar 4s
END lustre_mainline_strict build tests/fs/lustre/boot-strict.ktest FAIL 121s (exit code: 1)
GET /tmp/ktest_lustre_mainline_native_a1u46rmn.tar 5s
GET /tmp/ktest_lustre_mainline_fhm25e8t.tar 5s
END lustre_mainline_native build tests/fs/lustre/boot.ktest FAIL 141s (exit code: 1)
END lustre_mainline build tests/fs/lustre/boot.ktest FAIL 142s (exit code: 1)

============================================================
Final Results:
  checkpatch: FAIL (15s) (log: /var/www/ci-lustre/upstream-patch-review/2b0614e310f30889697cbf01b34477790cd6efc0_checkpatch.log)
  lustre_u24: FAIL (80s) (log: /var/www/ci-lustre/upstream-patch-review/2b0614e310f30889697cbf01b34477790cd6efc0_lustre_u24.log)
  lustre_al2023: FAIL (82s) (log: /var/www/ci-lustre/upstream-patch-review/2b0614e310f30889697cbf01b34477790cd6efc0_lustre_al2023.log)
  lustre_mainline_strict: FAIL (121s) (log: /var/www/ci-lustre/upstream-patch-review/2b0614e310f30889697cbf01b34477790cd6efc0_lustre_mainline_strict.log)
  lustre_mainline: FAIL (142s) (log: /var/www/ci-lustre/upstream-patch-review/2b0614e310f30889697cbf01b34477790cd6efc0_lustre_mainline.log)
  lustre_mainline_native: FAIL (141s) (log: /var/www/ci-lustre/upstream-patch-review/2b0614e310f30889697cbf01b34477790cd6efc0_lustre_mainline_native.log)
  clang-tidy: SKIPPED (due to dependency failure)
  cc-plugin: SKIPPED (due to dependency failure)
  boot: SKIPPED (due to dependency failure)
  llmount: SKIPPED (due to dependency failure)
  llog-unit: SKIPPED (due to dependency failure)
  mgs-setup: SKIPPED (due to dependency failure)
  sanity-1: SKIPPED (due to dependency failure)
  sanity-2: SKIPPED (due to dependency failure)
  sanity-3: SKIPPED (due to dependency failure)
  sanity-4: SKIPPED (due to dependency failure)

Total execution time: 171s
