CLI: ./podman-ktest --podman-socket unix:///run/podman/podman.sock --shared-filesystem /tmp --tarball-input job lustre-ci --output /var/www/ci-lustre/upstream-patch-review --git-hash 2b5cc1312b8b82b159ee4feaa8fdae41ed97cf84 --change-id 62135_2b5cc1312b8b82b159ee4feaa8fdae41ed97cf84 --subject LU-12668 ec: add support to resync stale ec comps

  Checking /dev/kvm exists... OK
  Checking /dev/kvm permissions... OK
  Creating ccache directory... OK
  Checking ccache directory writable... OK

Environment validated successfully
Creating kernel tarball at /tmp/ktest-kernel.tar.gz...
Creating lustre tarball at /tmp/ktest-lustre.tar.gz...
Executing 15 jobs
Jobs will start as soon as their dependencies are satisfied
Using tarball input mode

START lustre_mainline_strict build tests/fs/lustre/boot-strict.ktest
START u24 build tests/fs/lustre/boot.ktest
START lustre_mainline build tests/fs/lustre/boot.ktest
START al2023 build tests/fs/lustre/boot.ktest
START checkpatch tool checkpatch
START lustre_mainline_native build tests/fs/lustre/boot.ktest
PUT /tmp/ktest-lustre.tar.gz 1s
PUT /tmp/ktest-lustre.tar.gz 1s
PUT /tmp/ktest-kernel.tar.gz 6s
PUT /tmp/ktest-kernel.tar.gz 6s
PUT /tmp/ktest-kernel.tar.gz 6s
PUT /tmp/ktest-kernel.tar.gz 6s
PUT /tmp/ktest-lustre.tar.gz 1s
PUT /tmp/ktest-lustre.tar.gz 2s
PUT /tmp/ktest-lustre.tar.gz 1s
PUT /tmp/ktest-lustre.tar.gz 2s
END checkpatch tool checkpatch PASS 11s
END al2023 build tests/fs/lustre/boot.ktest PASS 72s
END u24 build tests/fs/lustre/boot.ktest PASS 72s
GET /tmp/ktest_lustre_mainline_strict_arcnbhgq.tar 5s
END lustre_mainline_strict build tests/fs/lustre/boot-strict.ktest FAIL 123s (exit code: 1)
GET /tmp/ktest_lustre_mainline_native_6hdzqe9d.tar 5s
GET /tmp/ktest_lustre_mainline_rufm6z5s.tar 5s
END lustre_mainline_native build tests/fs/lustre/boot.ktest PASS 128s
START clang-tidy tool clang-tidy
START cc-plugin tool cc-plugin
START boot run tests/fs/lustre/boot.ktest
START llmount run tests/fs/lustre/llmount.ktest
START mgs-setup run tests/fs/lustre/mgs-setup.ktest
START sanity-1 run tests/fs/lustre/sanity/sanity-1.ktest
START sanity-2 run tests/fs/lustre/sanity/sanity-2.ktest
START sanity-3 run tests/fs/lustre/sanity/sanity-3.ktest
START sanity-4 run tests/fs/lustre/sanity/sanity-4.ktest
END lustre_mainline build tests/fs/lustre/boot.ktest PASS 129s
PUT /tmp/ktest-kernel.tar.gz 42s
PUT /tmp/ktest-kernel.tar.gz 43s
PUT /tmp/ktest_lustre_mainline_native_6hdzqe9d.tar 42s
PUT /tmp/ktest_lustre_mainline_native_6hdzqe9d.tar 42s
PUT /tmp/ktest_lustre_mainline_native_6hdzqe9d.tar 42s
PUT /tmp/ktest_lustre_mainline_native_6hdzqe9d.tar 42s
PUT /tmp/ktest_lustre_mainline_native_6hdzqe9d.tar 43s
PUT /tmp/ktest_lustre_mainline_native_6hdzqe9d.tar 42s
PUT /tmp/ktest_lustre_mainline_native_6hdzqe9d.tar 42s
PUT /tmp/ktest-lustre.tar.gz 90s
PUT /tmp/ktest-lustre.tar.gz 103s
PUT /tmp/ktest_lustre_mainline_native_6hdzqe9d.tar 12s
PUT /tmp/ktest_lustre_mainline_native_6hdzqe9d.tar 25s
END cc-plugin tool cc-plugin FAIL 163s (exit code: 127)
END boot run tests/fs/lustre/boot.ktest PASS 167s
END mgs-setup run tests/fs/lustre/mgs-setup.ktest PASS 178s
END clang-tidy tool clang-tidy PASS 179s
END sanity-3 run tests/fs/lustre/sanity/sanity-3.ktest PASS 185s
END sanity-4 run tests/fs/lustre/sanity/sanity-4.ktest PASS 186s
END sanity-1 run tests/fs/lustre/sanity/sanity-1.ktest PASS 193s
END sanity-2 run tests/fs/lustre/sanity/sanity-2.ktest PASS 200s
END llmount run tests/fs/lustre/llmount.ktest PASS 254s

============================================================
Final Results:
  checkpatch: PASS (11s) (log: /var/www/ci-lustre/upstream-patch-review/2b5cc1312b8b82b159ee4feaa8fdae41ed97cf84_checkpatch.log)
  u24: PASS (72s) (log: /var/www/ci-lustre/upstream-patch-review/2b5cc1312b8b82b159ee4feaa8fdae41ed97cf84_u24.log)
  al2023: PASS (72s) (log: /var/www/ci-lustre/upstream-patch-review/2b5cc1312b8b82b159ee4feaa8fdae41ed97cf84_al2023.log)
  lustre_mainline_strict: FAIL (123s) (log: /var/www/ci-lustre/upstream-patch-review/2b5cc1312b8b82b159ee4feaa8fdae41ed97cf84_lustre_mainline_strict.log)
  lustre_mainline: PASS (129s) (log: /var/www/ci-lustre/upstream-patch-review/2b5cc1312b8b82b159ee4feaa8fdae41ed97cf84_lustre_mainline.log)
  lustre_mainline_native: PASS (128s) (log: /var/www/ci-lustre/upstream-patch-review/2b5cc1312b8b82b159ee4feaa8fdae41ed97cf84_lustre_mainline_native.log)
  clang-tidy: PASS (179s) (log: /var/www/ci-lustre/upstream-patch-review/2b5cc1312b8b82b159ee4feaa8fdae41ed97cf84_clang-tidy.log)
  cc-plugin: FAIL (163s) (log: /var/www/ci-lustre/upstream-patch-review/2b5cc1312b8b82b159ee4feaa8fdae41ed97cf84_cc-plugin.log)
  boot: PASS (167s) (log: /var/www/ci-lustre/upstream-patch-review/2b5cc1312b8b82b159ee4feaa8fdae41ed97cf84_boot.log)
  llmount: PASS (254s) (log: /var/www/ci-lustre/upstream-patch-review/2b5cc1312b8b82b159ee4feaa8fdae41ed97cf84_llmount.log)
  mgs-setup: PASS (178s) (log: /var/www/ci-lustre/upstream-patch-review/2b5cc1312b8b82b159ee4feaa8fdae41ed97cf84_mgs-setup.log)
  sanity-1: PASS (193s) (log: /var/www/ci-lustre/upstream-patch-review/2b5cc1312b8b82b159ee4feaa8fdae41ed97cf84_sanity-1.log)
  sanity-2: PASS (200s) (log: /var/www/ci-lustre/upstream-patch-review/2b5cc1312b8b82b159ee4feaa8fdae41ed97cf84_sanity-2.log)
  sanity-3: PASS (185s) (log: /var/www/ci-lustre/upstream-patch-review/2b5cc1312b8b82b159ee4feaa8fdae41ed97cf84_sanity-3.log)
  sanity-4: PASS (186s) (log: /var/www/ci-lustre/upstream-patch-review/2b5cc1312b8b82b159ee4feaa8fdae41ed97cf84_sanity-4.log)

Total execution time: 413s
Deleted orphaned log file: 0071bbceb3172cfac9218b50da1c3266cab9482a_lustre_mainline_strict.log
Deleted orphaned log file: 0071bbceb3172cfac9218b50da1c3266cab9482a_al2023.log
Deleted orphaned log file: 0071bbceb3172cfac9218b50da1c3266cab9482a_checkpatch.log
Deleted orphaned log file: 0071bbceb3172cfac9218b50da1c3266cab9482a_lustre_mainline_native.log
Deleted orphaned log file: 0071bbceb3172cfac9218b50da1c3266cab9482a_lustre_mainline.log
Deleted orphaned log file: 0071bbceb3172cfac9218b50da1c3266cab9482a_u24.log
Deleted orphaned log file: 0071bbceb3172cfac9218b50da1c3266cab9482a_execution.log
Cleanup complete: deleted 7 orphaned log files
