CLI: ./podman-ktest --podman-socket unix:///run/podman/podman.sock --shared-filesystem /tmp --tarball-input job lustre-ci --output /var/www/ci-lustre/upstream-patch-review --git-hash 2bd52a157e289ab48ef5dfa24237093f00789be7 --change-id 66587_2bd52a157e289ab48ef5dfa24237093f00789be7 --subject LU-20351 mdd: ignore too low clear chlog requests

Environment validated successfully
Creating kernel tarball at /tmp/ktest-kernel.tar.gz...
Creating lustre tarball at /tmp/ktest-lustre.tar.gz...
Creating ZFS tarball at /tmp/ktest-zfs.tar.gz...
Executing 14 jobs
Jobs will start as soon as their dependencies are satisfied
Using tarball input mode

START al2023:al2023 build tests/fs/lustre/boot.ktest
START ml-strict:lustre_mainline build tests/fs/lustre/boot-strict.ktest
START checkpatch:checkpatch tool checkpatch
START ml-miscvm:lustre_mainline_native build tests/fs/lustre/boot.ktest
START u24:u24 build tests/fs/lustre/boot.ktest
START ml:lustre_mainline build tests/fs/lustre/boot.ktest
PUT /tmp/ktest-lustre.tar.gz 1s
PUT /tmp/ktest-lustre.tar.gz 1s
PUT /tmp/ktest-kernel.tar.gz 12s
PUT /tmp/ktest-kernel.tar.gz 12s
PUT /tmp/ktest-kernel.tar.gz 12s
PUT /tmp/ktest-kernel.tar.gz 12s
PUT /tmp/ktest-lustre.tar.gz 5s
PUT /tmp/ktest-lustre.tar.gz 4s
PUT /tmp/ktest-lustre.tar.gz 4s
PUT /tmp/ktest-lustre.tar.gz 5s
PUT /tmp/ktest-zfs.tar.gz 1s
PUT /tmp/ktest-zfs.tar.gz 1s
PUT /tmp/ktest-zfs.tar.gz 1s
END checkpatch:checkpatch tool checkpatch PASS 20s
END al2023:al2023 build tests/fs/lustre/boot.ktest PASS 61s
END u24:u24 build tests/fs/lustre/boot.ktest PASS 62s
GET /tmp/ktest_ml:lustre_mainline_pzipvt0m.tar 0s
GET /tmp/ktest_ml-miscvm:lustre_mainline_native_fm21e2du.tar 0s
END ml:lustre_mainline build tests/fs/lustre/boot.ktest PASS 191s
END ml-miscvm:lustre_mainline_native build tests/fs/lustre/boot.ktest PASS 192s
START ml-miscvm:boot run tests/fs/lustre/boot.ktest
START ml-miscvm:llmount run tests/fs/lustre/llmount.ktest
START ml-miscvm:llog-unit run tests/fs/lustre/llog-unit.ktest
START ml-miscvm:mgs-setup run tests/fs/lustre/mgs-setup.ktest
START ml-miscvm:sanity-1 run tests/fs/lustre/sanity/sanity-1.ktest
START ml-miscvm:sanity-2 run tests/fs/lustre/sanity/sanity-2.ktest
START ml-miscvm:sanity-3 run tests/fs/lustre/sanity/sanity-3.ktest
START ml-miscvm:sanity-4 run tests/fs/lustre/sanity/sanity-4.ktest
GET /tmp/ktest_ml-strict:lustre_mainline_8qwukt9t.tar 10s
END ml-strict:lustre_mainline build tests/fs/lustre/boot-strict.ktest FAIL 202s (exit code: 1)
PUT /tmp/ktest-kernel.tar.gz 53s
PUT /tmp/ktest-kernel.tar.gz 53s
PUT /tmp/ktest-kernel.tar.gz 54s
PUT /tmp/ktest-kernel.tar.gz 54s
PUT /tmp/ktest-kernel.tar.gz 54s
PUT /tmp/ktest-kernel.tar.gz 54s
PUT /tmp/ktest-kernel.tar.gz 54s
PUT /tmp/ktest-kernel.tar.gz 54s
PUT /tmp/ktest-lustre.tar.gz 8s
PUT /tmp/ktest-lustre.tar.gz 8s
PUT /tmp/ktest-lustre.tar.gz 7s
PUT /tmp/ktest-lustre.tar.gz 8s
PUT /tmp/ktest-lustre.tar.gz 8s
PUT /tmp/ktest-lustre.tar.gz 8s
PUT /tmp/ktest-lustre.tar.gz 8s
PUT /tmp/ktest-lustre.tar.gz 8s
PUT /tmp/ktest_ml-miscvm:lustre_mainline_native_fm21e2du.tar 1s
PUT /tmp/ktest_ml-miscvm:lustre_mainline_native_fm21e2du.tar 1s
PUT /tmp/ktest_ml-miscvm:lustre_mainline_native_fm21e2du.tar 1s
PUT /tmp/ktest_ml-miscvm:lustre_mainline_native_fm21e2du.tar 1s
PUT /tmp/ktest_ml-miscvm:lustre_mainline_native_fm21e2du.tar 1s
PUT /tmp/ktest_ml-miscvm:lustre_mainline_native_fm21e2du.tar 1s
PUT /tmp/ktest_ml-miscvm:lustre_mainline_native_fm21e2du.tar 1s
PUT /tmp/ktest_ml-miscvm:lustre_mainline_native_fm21e2du.tar 1s
END ml-miscvm:boot run tests/fs/lustre/boot.ktest PASS 109s
END ml-miscvm:sanity-3 run tests/fs/lustre/sanity/sanity-3.ktest PASS 144s
END ml-miscvm:mgs-setup run tests/fs/lustre/mgs-setup.ktest PASS 151s
END ml-miscvm:llmount run tests/fs/lustre/llmount.ktest PASS 154s
END ml-miscvm:sanity-2 run tests/fs/lustre/sanity/sanity-2.ktest PASS 159s
END ml-miscvm:sanity-4 run tests/fs/lustre/sanity/sanity-4.ktest PASS 161s
END ml-miscvm:sanity-1 run tests/fs/lustre/sanity/sanity-1.ktest PASS 162s
END ml-miscvm:llog-unit run tests/fs/lustre/llog-unit.ktest FAIL 196s (exit code: 1)

============================================================
Final Results:
  checkpatch:checkpatch: PASS (20s) (log: /var/www/ci-lustre/upstream-patch-review/2bd52a157e289ab48ef5dfa24237093f00789be7_checkpatch:checkpatch.log)
  u24:u24: PASS (62s) (log: /var/www/ci-lustre/upstream-patch-review/2bd52a157e289ab48ef5dfa24237093f00789be7_u24:u24.log)
  al2023:al2023: PASS (61s) (log: /var/www/ci-lustre/upstream-patch-review/2bd52a157e289ab48ef5dfa24237093f00789be7_al2023:al2023.log)
  ml-strict:lustre_mainline: FAIL (202s) (log: /var/www/ci-lustre/upstream-patch-review/2bd52a157e289ab48ef5dfa24237093f00789be7_ml-strict:lustre_mainline.log)
  ml:lustre_mainline: PASS (191s) (log: /var/www/ci-lustre/upstream-patch-review/2bd52a157e289ab48ef5dfa24237093f00789be7_ml:lustre_mainline.log)
  ml-miscvm:lustre_mainline_native: PASS (192s) (log: /var/www/ci-lustre/upstream-patch-review/2bd52a157e289ab48ef5dfa24237093f00789be7_ml-miscvm:lustre_mainline_native.log)
  ml-miscvm:boot: PASS (109s) (log: /var/www/ci-lustre/upstream-patch-review/2bd52a157e289ab48ef5dfa24237093f00789be7_ml-miscvm:boot.log)
  ml-miscvm:llmount: PASS (154s) (log: /var/www/ci-lustre/upstream-patch-review/2bd52a157e289ab48ef5dfa24237093f00789be7_ml-miscvm:llmount.log)
  ml-miscvm:llog-unit: FAIL (196s) (log: /var/www/ci-lustre/upstream-patch-review/2bd52a157e289ab48ef5dfa24237093f00789be7_ml-miscvm:llog-unit.log)
  ml-miscvm:mgs-setup: PASS (151s) (log: /var/www/ci-lustre/upstream-patch-review/2bd52a157e289ab48ef5dfa24237093f00789be7_ml-miscvm:mgs-setup.log)
  ml-miscvm:sanity-1: PASS (162s) (log: /var/www/ci-lustre/upstream-patch-review/2bd52a157e289ab48ef5dfa24237093f00789be7_ml-miscvm:sanity-1.log)
  ml-miscvm:sanity-2: PASS (159s) (log: /var/www/ci-lustre/upstream-patch-review/2bd52a157e289ab48ef5dfa24237093f00789be7_ml-miscvm:sanity-2.log)
  ml-miscvm:sanity-3: PASS (144s) (log: /var/www/ci-lustre/upstream-patch-review/2bd52a157e289ab48ef5dfa24237093f00789be7_ml-miscvm:sanity-3.log)
  ml-miscvm:sanity-4: PASS (161s) (log: /var/www/ci-lustre/upstream-patch-review/2bd52a157e289ab48ef5dfa24237093f00789be7_ml-miscvm:sanity-4.log)

Total execution time: 420s
