CLI: ./podman-ktest --podman-socket unix:///run/podman/podman.sock --shared-filesystem /tmp --tarball-input job lustre-ci --output /var/www/ci-lustre/upstream-patch-review --git-hash 2c2d238a67285aea2bb43aee1743a63b4169ae2d --change-id 62643_2c2d238a67285aea2bb43aee1743a63b4169ae2d --subject LU-12668 ec: Add lfs mirror verify support for ec comps

  Checking /dev/kvm exists... OK
  Checking /dev/kvm permissions... OK
  Creating ccache directory... OK
  Checking ccache directory writable... OK
  Creating package output directory... OK

Environment validated successfully
Creating kernel tarball at /tmp/ktest-kernel.tar.gz...
Creating lustre tarball at /tmp/ktest-lustre.tar.gz...
Creating ZFS tarball at /tmp/ktest-zfs.tar.gz...
Executing 13 jobs
Jobs will start as soon as their dependencies are satisfied
Using tarball input mode

START checkpatch tool checkpatch
START lustre_mainline_strict build tests/fs/lustre/boot-strict.ktest
START lustre_mainline_native build tests/fs/lustre/boot.ktest
START al2023 build tests/fs/lustre/boot.ktest
START u24 build tests/fs/lustre/boot.ktest
START lustre_mainline build tests/fs/lustre/boot.ktest
PUT /tmp/ktest-lustre.tar.gz 1s
PUT /tmp/ktest-lustre.tar.gz 1s
PUT /tmp/ktest-kernel.tar.gz 6s
PUT /tmp/ktest-kernel.tar.gz 6s
PUT /tmp/ktest-kernel.tar.gz 6s
PUT /tmp/ktest-kernel.tar.gz 6s
PUT /tmp/ktest-lustre.tar.gz 1s
PUT /tmp/ktest-lustre.tar.gz 1s
PUT /tmp/ktest-lustre.tar.gz 1s
PUT /tmp/ktest-lustre.tar.gz 1s
PUT /tmp/ktest-zfs.tar.gz 0s
PUT /tmp/ktest-zfs.tar.gz 0s
PUT /tmp/ktest-zfs.tar.gz 0s
END checkpatch tool checkpatch FAIL 10s (exit code: 1)
END al2023 build tests/fs/lustre/boot.ktest PASS 61s
END u24 build tests/fs/lustre/boot.ktest PASS 65s
GET /tmp/ktest_lustre_mainline_strict_euc_vf5b.tar 6s
END lustre_mainline_strict build tests/fs/lustre/boot-strict.ktest FAIL 128s (exit code: 1)
GET /tmp/ktest_lustre_mainline_y6u_26w3.tar 0s
GET /tmp/ktest_lustre_mainline_native_4amf01ey.tar 0s
END lustre_mainline build tests/fs/lustre/boot.ktest PASS 134s
END lustre_mainline_native build tests/fs/lustre/boot.ktest PASS 135s
START boot run tests/fs/lustre/boot.ktest
START llmount run tests/fs/lustre/llmount.ktest
START mgs-setup run tests/fs/lustre/mgs-setup.ktest
START sanity-1 run tests/fs/lustre/sanity/sanity-1.ktest
START sanity-2 run tests/fs/lustre/sanity/sanity-2.ktest
START sanity-3 run tests/fs/lustre/sanity/sanity-3.ktest
START sanity-4 run tests/fs/lustre/sanity/sanity-4.ktest
PUT /tmp/ktest-kernel.tar.gz 11s
PUT /tmp/ktest-kernel.tar.gz 11s
PUT /tmp/ktest-kernel.tar.gz 11s
PUT /tmp/ktest-kernel.tar.gz 11s
PUT /tmp/ktest-kernel.tar.gz 11s
PUT /tmp/ktest-kernel.tar.gz 12s
PUT /tmp/ktest-kernel.tar.gz 12s
PUT /tmp/ktest-lustre.tar.gz 3s
PUT /tmp/ktest-lustre.tar.gz 3s
PUT /tmp/ktest-lustre.tar.gz 3s
PUT /tmp/ktest-lustre.tar.gz 3s
PUT /tmp/ktest-lustre.tar.gz 3s
PUT /tmp/ktest-lustre.tar.gz 3s
PUT /tmp/ktest-lustre.tar.gz 3s
PUT /tmp/ktest_lustre_mainline_native_4amf01ey.tar 0s
PUT /tmp/ktest_lustre_mainline_native_4amf01ey.tar 0s
PUT /tmp/ktest_lustre_mainline_native_4amf01ey.tar 0s
PUT /tmp/ktest_lustre_mainline_native_4amf01ey.tar 0s
PUT /tmp/ktest_lustre_mainline_native_4amf01ey.tar 0s
PUT /tmp/ktest_lustre_mainline_native_4amf01ey.tar 0s
PUT /tmp/ktest_lustre_mainline_native_4amf01ey.tar 0s
END boot run tests/fs/lustre/boot.ktest PASS 114s
END mgs-setup run tests/fs/lustre/mgs-setup.ktest PASS 125s
END sanity-3 run tests/fs/lustre/sanity/sanity-3.ktest PASS 151s
END sanity-2 run tests/fs/lustre/sanity/sanity-2.ktest PASS 154s
END sanity-4 run tests/fs/lustre/sanity/sanity-4.ktest PASS 162s
END sanity-1 run tests/fs/lustre/sanity/sanity-1.ktest PASS 163s
END llmount run tests/fs/lustre/llmount.ktest PASS 164s

============================================================
Final Results:
  checkpatch: FAIL (10s) (log: /var/www/ci-lustre/upstream-patch-review/2c2d238a67285aea2bb43aee1743a63b4169ae2d_checkpatch.log)
  u24: PASS (65s) (log: /var/www/ci-lustre/upstream-patch-review/2c2d238a67285aea2bb43aee1743a63b4169ae2d_u24.log)
  al2023: PASS (61s) (log: /var/www/ci-lustre/upstream-patch-review/2c2d238a67285aea2bb43aee1743a63b4169ae2d_al2023.log)
  lustre_mainline_strict: FAIL (128s) (log: /var/www/ci-lustre/upstream-patch-review/2c2d238a67285aea2bb43aee1743a63b4169ae2d_lustre_mainline_strict.log)
  lustre_mainline: PASS (134s) (log: /var/www/ci-lustre/upstream-patch-review/2c2d238a67285aea2bb43aee1743a63b4169ae2d_lustre_mainline.log)
  lustre_mainline_native: PASS (135s) (log: /var/www/ci-lustre/upstream-patch-review/2c2d238a67285aea2bb43aee1743a63b4169ae2d_lustre_mainline_native.log)
  boot: PASS (114s) (log: /var/www/ci-lustre/upstream-patch-review/2c2d238a67285aea2bb43aee1743a63b4169ae2d_boot.log)
  llmount: PASS (164s) (log: /var/www/ci-lustre/upstream-patch-review/2c2d238a67285aea2bb43aee1743a63b4169ae2d_llmount.log)
  mgs-setup: PASS (125s) (log: /var/www/ci-lustre/upstream-patch-review/2c2d238a67285aea2bb43aee1743a63b4169ae2d_mgs-setup.log)
  sanity-1: PASS (163s) (log: /var/www/ci-lustre/upstream-patch-review/2c2d238a67285aea2bb43aee1743a63b4169ae2d_sanity-1.log)
  sanity-2: PASS (154s) (log: /var/www/ci-lustre/upstream-patch-review/2c2d238a67285aea2bb43aee1743a63b4169ae2d_sanity-2.log)
  sanity-3: PASS (151s) (log: /var/www/ci-lustre/upstream-patch-review/2c2d238a67285aea2bb43aee1743a63b4169ae2d_sanity-3.log)
  sanity-4: PASS (162s) (log: /var/www/ci-lustre/upstream-patch-review/2c2d238a67285aea2bb43aee1743a63b4169ae2d_sanity-4.log)

Total execution time: 330s
