CLI: ./podman-ktest --podman-socket unix:///run/podman/podman.sock --shared-filesystem /tmp --tarball-input job lustre-ci --output /var/www/ci-lustre/upstream-patch-review --git-hash 2c5c274167b0a27122e36c156f9fbb4a0b7448a1 --change-id 62592_2c5c274167b0a27122e36c156f9fbb4a0b7448a1 --subject LU-8229 ssk: support auth against multiple similar keys

  Checking /dev/kvm exists... OK
  Checking /dev/kvm permissions... OK
  Creating ccache directory... OK
  Checking ccache directory writable... OK

Environment validated successfully
Creating kernel tarball at /tmp/ktest-kernel.tar.gz...
Creating lustre tarball at /tmp/ktest-lustre.tar.gz...
Executing 16 jobs
Jobs will start as soon as their dependencies are satisfied
Using tarball input mode

START lustre_al2023 build tests/fs/lustre/boot.ktest
START lustre_mainline_native build tests/fs/lustre/boot.ktest
START lustre_mainline_strict build tests/fs/lustre/boot-strict.ktest
START lustre_u24 build tests/fs/lustre/boot.ktest
START checkpatch tool checkpatch
START lustre_mainline build tests/fs/lustre/boot.ktest
PUT /tmp/ktest-kernel.tar.gz 8s
PUT /tmp/ktest-kernel.tar.gz 8s
PUT /tmp/ktest-kernel.tar.gz 8s
PUT /tmp/ktest-kernel.tar.gz 8s
PUT /tmp/ktest-kernel.tar.gz 8s
PUT /tmp/ktest-kernel.tar.gz 9s
PUT /tmp/ktest-lustre.tar.gz 1s
PUT /tmp/ktest-lustre.tar.gz 2s
PUT /tmp/ktest-lustre.tar.gz 2s
PUT /tmp/ktest-lustre.tar.gz 2s
PUT /tmp/ktest-lustre.tar.gz 2s
PUT /tmp/ktest-lustre.tar.gz 2s
END checkpatch tool checkpatch PASS 13s
END lustre_al2023 build tests/fs/lustre/boot.ktest PASS 70s
END lustre_u24 build tests/fs/lustre/boot.ktest PASS 75s
GET /tmp/ktest_lustre_mainline_strict_8s5k9qf5.tar 5s
END lustre_mainline_strict build tests/fs/lustre/boot-strict.ktest FAIL 138s (exit code: 1)
GET /tmp/ktest_lustre_mainline_bi3fuy_8.tar 3s
GET /tmp/ktest_lustre_mainline_native_kkjkyr4u.tar 3s
END lustre_mainline build tests/fs/lustre/boot.ktest PASS 149s
END lustre_mainline_native build tests/fs/lustre/boot.ktest PASS 150s
START clang-tidy tool clang-tidy
START cc-plugin tool cc-plugin
START boot run tests/fs/lustre/boot.ktest
START llmount run tests/fs/lustre/llmount.ktest
START llog-unit run tests/fs/lustre/llog-unit.ktest
START mgs-setup run tests/fs/lustre/mgs-setup.ktest
START sanity-1 run tests/fs/lustre/sanity/sanity-1.ktest
START sanity-2 run tests/fs/lustre/sanity/sanity-2.ktest
START sanity-3 run tests/fs/lustre/sanity/sanity-3.ktest
START sanity-4 run tests/fs/lustre/sanity/sanity-4.ktest
PUT /tmp/ktest-kernel.tar.gz 8s
PUT /tmp/ktest-kernel.tar.gz 9s
PUT /tmp/ktest_lustre_mainline_native_kkjkyr4u.tar 10s
PUT /tmp/ktest_lustre_mainline_native_kkjkyr4u.tar 14s
PUT /tmp/ktest_lustre_mainline_native_kkjkyr4u.tar 14s
PUT /tmp/ktest_lustre_mainline_native_kkjkyr4u.tar 14s
PUT /tmp/ktest_lustre_mainline_native_kkjkyr4u.tar 14s
PUT /tmp/ktest-lustre.tar.gz 6s
PUT /tmp/ktest-lustre.tar.gz 5s
PUT /tmp/ktest_lustre_mainline_native_kkjkyr4u.tar 14s
PUT /tmp/ktest_lustre_mainline_native_kkjkyr4u.tar 14s
PUT /tmp/ktest_lustre_mainline_native_kkjkyr4u.tar 14s
PUT /tmp/ktest_lustre_mainline_native_kkjkyr4u.tar 28s
PUT /tmp/ktest_lustre_mainline_native_kkjkyr4u.tar 28s
END cc-plugin tool cc-plugin FAIL 45s (exit code: 127)
END clang-tidy tool clang-tidy PASS 74s
END boot run tests/fs/lustre/boot.ktest PASS 75s
END mgs-setup run tests/fs/lustre/mgs-setup.ktest PASS 77s
END sanity-1 run tests/fs/lustre/sanity/sanity-1.ktest PASS 99s
END sanity-4 run tests/fs/lustre/sanity/sanity-4.ktest PASS 105s
END sanity-2 run tests/fs/lustre/sanity/sanity-2.ktest PASS 110s
END sanity-3 run tests/fs/lustre/sanity/sanity-3.ktest PASS 115s
END llmount run tests/fs/lustre/llmount.ktest PASS 126s
END llog-unit run tests/fs/lustre/llog-unit.ktest PASS 162s

============================================================
Final Results:
  checkpatch: PASS (13s) (log: /var/www/ci-lustre/upstream-patch-review/2c5c274167b0a27122e36c156f9fbb4a0b7448a1_checkpatch.log)
  lustre_u24: PASS (75s) (log: /var/www/ci-lustre/upstream-patch-review/2c5c274167b0a27122e36c156f9fbb4a0b7448a1_lustre_u24.log)
  lustre_al2023: PASS (70s) (log: /var/www/ci-lustre/upstream-patch-review/2c5c274167b0a27122e36c156f9fbb4a0b7448a1_lustre_al2023.log)
  lustre_mainline_strict: FAIL (138s) (log: /var/www/ci-lustre/upstream-patch-review/2c5c274167b0a27122e36c156f9fbb4a0b7448a1_lustre_mainline_strict.log)
  lustre_mainline: PASS (149s) (log: /var/www/ci-lustre/upstream-patch-review/2c5c274167b0a27122e36c156f9fbb4a0b7448a1_lustre_mainline.log)
  lustre_mainline_native: PASS (150s) (log: /var/www/ci-lustre/upstream-patch-review/2c5c274167b0a27122e36c156f9fbb4a0b7448a1_lustre_mainline_native.log)
  clang-tidy: PASS (74s) (log: /var/www/ci-lustre/upstream-patch-review/2c5c274167b0a27122e36c156f9fbb4a0b7448a1_clang-tidy.log)
  cc-plugin: FAIL (45s) (log: /var/www/ci-lustre/upstream-patch-review/2c5c274167b0a27122e36c156f9fbb4a0b7448a1_cc-plugin.log)
  boot: PASS (75s) (log: /var/www/ci-lustre/upstream-patch-review/2c5c274167b0a27122e36c156f9fbb4a0b7448a1_boot.log)
  llmount: PASS (126s) (log: /var/www/ci-lustre/upstream-patch-review/2c5c274167b0a27122e36c156f9fbb4a0b7448a1_llmount.log)
  llog-unit: PASS (162s) (log: /var/www/ci-lustre/upstream-patch-review/2c5c274167b0a27122e36c156f9fbb4a0b7448a1_llog-unit.log)
  mgs-setup: PASS (77s) (log: /var/www/ci-lustre/upstream-patch-review/2c5c274167b0a27122e36c156f9fbb4a0b7448a1_mgs-setup.log)
  sanity-1: PASS (99s) (log: /var/www/ci-lustre/upstream-patch-review/2c5c274167b0a27122e36c156f9fbb4a0b7448a1_sanity-1.log)
  sanity-2: PASS (110s) (log: /var/www/ci-lustre/upstream-patch-review/2c5c274167b0a27122e36c156f9fbb4a0b7448a1_sanity-2.log)
  sanity-3: PASS (115s) (log: /var/www/ci-lustre/upstream-patch-review/2c5c274167b0a27122e36c156f9fbb4a0b7448a1_sanity-3.log)
  sanity-4: PASS (105s) (log: /var/www/ci-lustre/upstream-patch-review/2c5c274167b0a27122e36c156f9fbb4a0b7448a1_sanity-4.log)

Total execution time: 342s
