CLI: ./podman-ktest --podman-socket unix:///run/podman/podman.sock --shared-filesystem /tmp --tarball-input job distro --output /var/www/ci-lustre/upstream-patch-review --git-hash 2cf489a87c8c5c82ab9cae2da858617ae1d0476a_distro --change-id master-next_2cf489a87c8c5c82ab9cae2da858617ae1d0476a_distro --subject [distro] Staging branch for new changes

Environment validated successfully
Creating lustre tarball at /tmp/ktest-lustre.tar.gz...
Creating ZFS tarball at /tmp/ktest-zfs.tar.gz...
Executing 10 jobs
Jobs will start as soon as their dependencies are satisfied
Using tarball input mode

START u24:u24 build tests/fs/lustre/boot.ktest
START rocky10-pkg:rocky10-pkg package tests/fs/lustre/boot.ktest
START al2023-pkg:al2023-pkg package tests/fs/lustre/boot.ktest
START u24-pkg:u24-pkg package tests/fs/lustre/boot.ktest
START rocky10:rocky10 build tests/fs/lustre/boot.ktest
START al2023:al2023 build tests/fs/lustre/boot.ktest
START al2-pkg:al2-pkg package tests/fs/lustre/boot.ktest
START rocky9:rocky9 build tests/fs/lustre/boot.ktest
START al2:al2 build tests/fs/lustre/boot.ktest
START rocky9-pkg:rocky9-pkg package tests/fs/lustre/boot.ktest
PUT /tmp/ktest-lustre.tar.gz 1s
PUT /tmp/ktest-lustre.tar.gz 0s
PUT /tmp/ktest-lustre.tar.gz 0s
PUT /tmp/ktest-lustre.tar.gz 1s
PUT /tmp/ktest-lustre.tar.gz 0s
Error running job rocky10-pkg:rocky10-pkg: APIError: http://%2Frun%2Fuser%2F1000%2Fpodman%2Fpodman.sock/v5.8.0/libpod/containers/create (POST operation failed)
END rocky10-pkg:rocky10-pkg package tests/fs/lustre/boot.ktest FAIL 0s (exit code: -1)
Error running job al2023-pkg:al2023-pkg: APIError: http://%2Frun%2Fuser%2F1000%2Fpodman%2Fpodman.sock/v5.8.0/libpod/containers/create (POST operation failed)
END al2023-pkg:al2023-pkg package tests/fs/lustre/boot.ktest FAIL 0s (exit code: -1)
Error running job u24-pkg:u24-pkg: APIError: http://%2Frun%2Fuser%2F1000%2Fpodman%2Fpodman.sock/v5.8.0/libpod/containers/create (POST operation failed)
END u24-pkg:u24-pkg package tests/fs/lustre/boot.ktest FAIL 0s (exit code: -1)
Error running job al2-pkg:al2-pkg: APIError: http://%2Frun%2Fuser%2F1000%2Fpodman%2Fpodman.sock/v5.8.0/libpod/containers/create (POST operation failed)
END al2-pkg:al2-pkg package tests/fs/lustre/boot.ktest FAIL 0s (exit code: -1)
Error running job rocky9-pkg:rocky9-pkg: APIError: http://%2Frun%2Fuser%2F1000%2Fpodman%2Fpodman.sock/v5.8.0/libpod/containers/create (POST operation failed)
END rocky9-pkg:rocky9-pkg package tests/fs/lustre/boot.ktest FAIL 0s (exit code: -1)
END al2:al2 build tests/fs/lustre/boot.ktest FAIL 21s (exit code: 2)
END rocky10:rocky10 build tests/fs/lustre/boot.ktest FAIL 30s (exit code: 2)
END al2023:al2023 build tests/fs/lustre/boot.ktest PASS 65s
END u24:u24 build tests/fs/lustre/boot.ktest PASS 72s
END rocky9:rocky9 build tests/fs/lustre/boot.ktest PASS 73s

============================================================
Final Results:
  al2:al2: FAIL (21s) (log: /var/www/ci-lustre/upstream-patch-review/2cf489a87c8c5c82ab9cae2da858617ae1d0476a_distro_al2:al2.log)
  al2-pkg:al2-pkg: FAIL (0s) (log: /var/www/ci-lustre/upstream-patch-review/2cf489a87c8c5c82ab9cae2da858617ae1d0476a_distro_al2-pkg:al2-pkg.log)
  al2023:al2023: PASS (65s) (log: /var/www/ci-lustre/upstream-patch-review/2cf489a87c8c5c82ab9cae2da858617ae1d0476a_distro_al2023:al2023.log)
  al2023-pkg:al2023-pkg: FAIL (0s) (log: /var/www/ci-lustre/upstream-patch-review/2cf489a87c8c5c82ab9cae2da858617ae1d0476a_distro_al2023-pkg:al2023-pkg.log)
  rocky9:rocky9: PASS (73s) (log: /var/www/ci-lustre/upstream-patch-review/2cf489a87c8c5c82ab9cae2da858617ae1d0476a_distro_rocky9:rocky9.log)
  rocky9-pkg:rocky9-pkg: FAIL (0s) (log: /var/www/ci-lustre/upstream-patch-review/2cf489a87c8c5c82ab9cae2da858617ae1d0476a_distro_rocky9-pkg:rocky9-pkg.log)
  rocky10:rocky10: FAIL (30s) (log: /var/www/ci-lustre/upstream-patch-review/2cf489a87c8c5c82ab9cae2da858617ae1d0476a_distro_rocky10:rocky10.log)
  rocky10-pkg:rocky10-pkg: FAIL (0s) (log: /var/www/ci-lustre/upstream-patch-review/2cf489a87c8c5c82ab9cae2da858617ae1d0476a_distro_rocky10-pkg:rocky10-pkg.log)
  u24:u24: PASS (72s) (log: /var/www/ci-lustre/upstream-patch-review/2cf489a87c8c5c82ab9cae2da858617ae1d0476a_distro_u24:u24.log)
  u24-pkg:u24-pkg: FAIL (0s) (log: /var/www/ci-lustre/upstream-patch-review/2cf489a87c8c5c82ab9cae2da858617ae1d0476a_distro_u24-pkg:u24-pkg.log)

Total execution time: 79s
