CLI: ./podman-ktest --podman-socket unix:///run/podman/podman.sock --shared-filesystem /tmp --tarball-input job lustre-ci-branch --output /var/www/ci-lustre/upstream-patch-review --git-hash 2cf489a87c8c5c82ab9cae2da858617ae1d0476a_lustre-ci-branch --change-id master-next_2cf489a87c8c5c82ab9cae2da858617ae1d0476a_lustre-ci-branch --subject [lustre-ci-branch] Staging branch for new changes

Environment validated successfully
Creating kernel tarball at /tmp/ktest-kernel.tar.gz...
Creating lustre tarball at /tmp/ktest-lustre.tar.gz...
Creating ZFS tarball at /tmp/ktest-zfs.tar.gz...
Executing 18 jobs
Jobs will start as soon as their dependencies are satisfied
Using tarball input mode

START u24:u24 build tests/fs/lustre/boot.ktest
START ml:lustre_mainline build tests/fs/lustre/boot.ktest
START ml-strict:lustre_mainline build tests/fs/lustre/boot-strict.ktest
START ml-miscvm:lustre_mainline_native build tests/fs/lustre/boot.ktest
START al2023:al2023 build tests/fs/lustre/boot.ktest
START contributions:contributions tool contributions
START kernel-doc:kernel-doc tool kernel_doc_helper.sh
START checkpatch-parallel:checkpatch-parallel tool checkpatch-parallel
START license-status:license-status tool license-status
START llvm-checks:cc-plugin build tests/fs/lustre/boot.ktest
PUT /tmp/ktest-lustre.tar.gz 1s
PUT /tmp/ktest-lustre.tar.gz 2s
PUT /tmp/ktest-kernel.tar.gz 22s
PUT /tmp/ktest-kernel.tar.gz 22s
PUT /tmp/ktest-kernel.tar.gz 22s
PUT /tmp/ktest-kernel.tar.gz 22s
PUT /tmp/ktest-kernel.tar.gz 23s
PUT /tmp/ktest-kernel.tar.gz 22s
PUT /tmp/ktest-kernel.tar.gz 23s
PUT /tmp/ktest-kernel.tar.gz 23s
PUT /tmp/ktest-lustre.tar.gz 11s
PUT /tmp/ktest-lustre.tar.gz 12s
PUT /tmp/ktest-lustre.tar.gz 12s
PUT /tmp/ktest-lustre.tar.gz 11s
PUT /tmp/ktest-lustre.tar.gz 11s
PUT /tmp/ktest-lustre.tar.gz 12s
PUT /tmp/ktest-lustre.tar.gz 11s
PUT /tmp/ktest-lustre.tar.gz 11s
PUT /tmp/ktest-zfs.tar.gz 0s
PUT /tmp/ktest-zfs.tar.gz 0s
PUT /tmp/ktest-zfs.tar.gz 0s
PUT /tmp/ktest-zfs.tar.gz 0s
END contributions:contributions tool contributions PASS 38s
END license-status:license-status tool license-status FAIL 41s (exit code: 1)
END kernel-doc:kernel-doc tool kernel_doc_helper.sh PASS 44s
END u24:u24 build tests/fs/lustre/boot.ktest PASS 71s
END al2023:al2023 build tests/fs/lustre/boot.ktest PASS 75s
END checkpatch-parallel:checkpatch-parallel tool checkpatch-parallel PASS 94s
GET /tmp/ktest_ml-miscvm:lustre_mainline_native_hedlwxt8.tar 0s
END ml-miscvm:lustre_mainline_native build tests/fs/lustre/boot.ktest PASS 221s
START ml-miscvm:boot run tests/fs/lustre/boot.ktest
START ml-miscvm:llmount run tests/fs/lustre/llmount.ktest
START ml-miscvm:llog-unit run tests/fs/lustre/llog-unit.ktest
START ml-miscvm:mgs-setup run tests/fs/lustre/mgs-setup.ktest
START ml-miscvm:sanity-1 run tests/fs/lustre/sanity/sanity-1.ktest
START ml-miscvm:sanity-2 run tests/fs/lustre/sanity/sanity-2.ktest
START ml-miscvm:sanity-3 run tests/fs/lustre/sanity/sanity-3.ktest
START ml-miscvm:sanity-4 run tests/fs/lustre/sanity/sanity-4.ktest
GET /tmp/ktest_ml-strict:lustre_mainline_x9883qb_.tar 9s
END ml-strict:lustre_mainline build tests/fs/lustre/boot-strict.ktest FAIL 237s (exit code: 1)
END llvm-checks:cc-plugin build tests/fs/lustre/boot.ktest PASS 239s
GET /tmp/ktest_ml:lustre_mainline_wc5bzhxg.tar 3s
END ml:lustre_mainline build tests/fs/lustre/boot.ktest PASS 241s
PUT /tmp/ktest-kernel.tar.gz 32s
PUT /tmp/ktest-kernel.tar.gz 31s
PUT /tmp/ktest-kernel.tar.gz 31s
PUT /tmp/ktest-kernel.tar.gz 32s
PUT /tmp/ktest-kernel.tar.gz 31s
PUT /tmp/ktest-kernel.tar.gz 32s
PUT /tmp/ktest-kernel.tar.gz 31s
PUT /tmp/ktest-kernel.tar.gz 32s
PUT /tmp/ktest-lustre.tar.gz 8s
PUT /tmp/ktest-lustre.tar.gz 7s
PUT /tmp/ktest-lustre.tar.gz 8s
PUT /tmp/ktest-lustre.tar.gz 8s
PUT /tmp/ktest-lustre.tar.gz 8s
PUT /tmp/ktest-lustre.tar.gz 7s
PUT /tmp/ktest-lustre.tar.gz 8s
PUT /tmp/ktest-lustre.tar.gz 8s
PUT /tmp/ktest_ml-miscvm:lustre_mainline_native_hedlwxt8.tar 0s
PUT /tmp/ktest_ml-miscvm:lustre_mainline_native_hedlwxt8.tar 1s
PUT /tmp/ktest_ml-miscvm:lustre_mainline_native_hedlwxt8.tar 1s
PUT /tmp/ktest_ml-miscvm:lustre_mainline_native_hedlwxt8.tar 1s
PUT /tmp/ktest_ml-miscvm:lustre_mainline_native_hedlwxt8.tar 1s
PUT /tmp/ktest_ml-miscvm:lustre_mainline_native_hedlwxt8.tar 1s
PUT /tmp/ktest_ml-miscvm:lustre_mainline_native_hedlwxt8.tar 1s
PUT /tmp/ktest_ml-miscvm:lustre_mainline_native_hedlwxt8.tar 1s
END ml-miscvm:boot run tests/fs/lustre/boot.ktest PASS 103s
END ml-miscvm:mgs-setup run tests/fs/lustre/mgs-setup.ktest PASS 113s
END ml-miscvm:sanity-1 run tests/fs/lustre/sanity/sanity-1.ktest PASS 141s
END ml-miscvm:sanity-3 run tests/fs/lustre/sanity/sanity-3.ktest PASS 142s
END ml-miscvm:sanity-4 run tests/fs/lustre/sanity/sanity-4.ktest PASS 127s
END ml-miscvm:sanity-2 run tests/fs/lustre/sanity/sanity-2.ktest PASS 145s
END ml-miscvm:llmount run tests/fs/lustre/llmount.ktest PASS 151s
END ml-miscvm:llog-unit run tests/fs/lustre/llog-unit.ktest FAIL 189s (exit code: 1)

============================================================
Final Results:
  checkpatch-parallel:checkpatch-parallel: PASS (94s) (log: /var/www/ci-lustre/upstream-patch-review/2cf489a87c8c5c82ab9cae2da858617ae1d0476a_lustre-ci-branch_checkpatch-parallel:checkpatch-parallel.log)
  contributions:contributions: PASS (38s) (log: /var/www/ci-lustre/upstream-patch-review/2cf489a87c8c5c82ab9cae2da858617ae1d0476a_lustre-ci-branch_contributions:contributions.log)
  license-status:license-status: FAIL (41s) (log: /var/www/ci-lustre/upstream-patch-review/2cf489a87c8c5c82ab9cae2da858617ae1d0476a_lustre-ci-branch_license-status:license-status.log)
  kernel-doc:kernel-doc: PASS (44s) (log: /var/www/ci-lustre/upstream-patch-review/2cf489a87c8c5c82ab9cae2da858617ae1d0476a_lustre-ci-branch_kernel-doc:kernel-doc.log)
  u24:u24: PASS (71s) (log: /var/www/ci-lustre/upstream-patch-review/2cf489a87c8c5c82ab9cae2da858617ae1d0476a_lustre-ci-branch_u24:u24.log)
  al2023:al2023: PASS (75s) (log: /var/www/ci-lustre/upstream-patch-review/2cf489a87c8c5c82ab9cae2da858617ae1d0476a_lustre-ci-branch_al2023:al2023.log)
  ml-strict:lustre_mainline: FAIL (237s) (log: /var/www/ci-lustre/upstream-patch-review/2cf489a87c8c5c82ab9cae2da858617ae1d0476a_lustre-ci-branch_ml-strict:lustre_mainline.log)
  ml:lustre_mainline: PASS (241s) (log: /var/www/ci-lustre/upstream-patch-review/2cf489a87c8c5c82ab9cae2da858617ae1d0476a_lustre-ci-branch_ml:lustre_mainline.log)
  llvm-checks:cc-plugin: PASS (239s) (log: /var/www/ci-lustre/upstream-patch-review/2cf489a87c8c5c82ab9cae2da858617ae1d0476a_lustre-ci-branch_llvm-checks:cc-plugin.log)
  ml-miscvm:lustre_mainline_native: PASS (221s) (log: /var/www/ci-lustre/upstream-patch-review/2cf489a87c8c5c82ab9cae2da858617ae1d0476a_lustre-ci-branch_ml-miscvm:lustre_mainline_native.log)
  ml-miscvm:boot: PASS (103s) (log: /var/www/ci-lustre/upstream-patch-review/2cf489a87c8c5c82ab9cae2da858617ae1d0476a_lustre-ci-branch_ml-miscvm:boot.log)
  ml-miscvm:llmount: PASS (151s) (log: /var/www/ci-lustre/upstream-patch-review/2cf489a87c8c5c82ab9cae2da858617ae1d0476a_lustre-ci-branch_ml-miscvm:llmount.log)
  ml-miscvm:llog-unit: FAIL (189s) (log: /var/www/ci-lustre/upstream-patch-review/2cf489a87c8c5c82ab9cae2da858617ae1d0476a_lustre-ci-branch_ml-miscvm:llog-unit.log)
  ml-miscvm:mgs-setup: PASS (113s) (log: /var/www/ci-lustre/upstream-patch-review/2cf489a87c8c5c82ab9cae2da858617ae1d0476a_lustre-ci-branch_ml-miscvm:mgs-setup.log)
  ml-miscvm:sanity-1: PASS (141s) (log: /var/www/ci-lustre/upstream-patch-review/2cf489a87c8c5c82ab9cae2da858617ae1d0476a_lustre-ci-branch_ml-miscvm:sanity-1.log)
  ml-miscvm:sanity-2: PASS (145s) (log: /var/www/ci-lustre/upstream-patch-review/2cf489a87c8c5c82ab9cae2da858617ae1d0476a_lustre-ci-branch_ml-miscvm:sanity-2.log)
  ml-miscvm:sanity-3: PASS (142s) (log: /var/www/ci-lustre/upstream-patch-review/2cf489a87c8c5c82ab9cae2da858617ae1d0476a_lustre-ci-branch_ml-miscvm:sanity-3.log)
  ml-miscvm:sanity-4: PASS (127s) (log: /var/www/ci-lustre/upstream-patch-review/2cf489a87c8c5c82ab9cae2da858617ae1d0476a_lustre-ci-branch_ml-miscvm:sanity-4.log)

Total execution time: 440s
