CLI: ./podman-ktest --podman-socket unix:///run/podman/podman.sock --shared-filesystem /tmp --tarball-input job lustre-ci --output /var/www/ci-lustre/upstream-patch-review --git-hash 2d8180e14cadca7a651cdcb600247c33947835bf --change-id 63579_2d8180e14cadca7a651cdcb600247c33947835bf --subject LU-19469 osc: prune hole caching for lock BAST with read mode

  Checking /dev/kvm exists... OK
  Checking /dev/kvm permissions... OK
  Creating ccache directory... OK
  Checking ccache directory writable... OK

Environment validated successfully
Creating kernel tarball at /tmp/ktest-kernel.tar.gz...
Creating lustre tarball at /tmp/ktest-lustre.tar.gz...
Executing 16 jobs
Jobs will start as soon as their dependencies are satisfied
Using tarball input mode

START lustre_mainline build tests/fs/lustre/boot.ktest
START lustre_al2023 build tests/fs/lustre/boot.ktest
START checkpatch tool checkpatch
START lustre_mainline_native build tests/fs/lustre/boot.ktest
START lustre_mainline_strict build tests/fs/lustre/boot-strict.ktest
START lustre_u24 build tests/fs/lustre/boot.ktest
PUT /tmp/ktest-kernel.tar.gz 13s
PUT /tmp/ktest-kernel.tar.gz 13s
PUT /tmp/ktest-kernel.tar.gz 13s
PUT /tmp/ktest-kernel.tar.gz 13s
PUT /tmp/ktest-kernel.tar.gz 13s
PUT /tmp/ktest-kernel.tar.gz 13s
PUT /tmp/ktest-lustre.tar.gz 7s
PUT /tmp/ktest-lustre.tar.gz 8s
PUT /tmp/ktest-lustre.tar.gz 7s
PUT /tmp/ktest-lustre.tar.gz 8s
PUT /tmp/ktest-lustre.tar.gz 8s
PUT /tmp/ktest-lustre.tar.gz 7s
END checkpatch tool checkpatch PASS 24s
END lustre_u24 build tests/fs/lustre/boot.ktest PASS 91s
END lustre_al2023 build tests/fs/lustre/boot.ktest PASS 93s
GET /tmp/ktest_lustre_mainline_strict_z83xvjz5.tar 4s
END lustre_mainline_strict build tests/fs/lustre/boot-strict.ktest FAIL 134s (exit code: 1)
GET /tmp/ktest_lustre_mainline_native_m_h1ym_8.tar 3s
GET /tmp/ktest_lustre_mainline_0gcsebhp.tar 3s
END lustre_mainline_native build tests/fs/lustre/boot.ktest PASS 153s
START clang-tidy tool clang-tidy
START cc-plugin tool cc-plugin
START boot run tests/fs/lustre/boot.ktest
START llmount run tests/fs/lustre/llmount.ktest
START llog-unit run tests/fs/lustre/llog-unit.ktest
START mgs-setup run tests/fs/lustre/mgs-setup.ktest
START sanity-1 run tests/fs/lustre/sanity/sanity-1.ktest
START sanity-2 run tests/fs/lustre/sanity/sanity-2.ktest
START sanity-3 run tests/fs/lustre/sanity/sanity-3.ktest
START sanity-4 run tests/fs/lustre/sanity/sanity-4.ktest
END lustre_mainline build tests/fs/lustre/boot.ktest PASS 155s
PUT /tmp/ktest-kernel.tar.gz 47s
PUT /tmp/ktest_lustre_mainline_native_m_h1ym_8.tar 47s
PUT /tmp/ktest_lustre_mainline_native_m_h1ym_8.tar 47s
PUT /tmp/ktest_lustre_mainline_native_m_h1ym_8.tar 47s
PUT /tmp/ktest_lustre_mainline_native_m_h1ym_8.tar 47s
PUT /tmp/ktest_lustre_mainline_native_m_h1ym_8.tar 47s
PUT /tmp/ktest_lustre_mainline_native_m_h1ym_8.tar 47s
PUT /tmp/ktest-kernel.tar.gz 47s
PUT /tmp/ktest_lustre_mainline_native_m_h1ym_8.tar 47s
PUT /tmp/ktest_lustre_mainline_native_m_h1ym_8.tar 47s
PUT /tmp/ktest-lustre.tar.gz 91s
PUT /tmp/ktest-lustre.tar.gz 91s
PUT /tmp/ktest_lustre_mainline_native_m_h1ym_8.tar 20s
PUT /tmp/ktest_lustre_mainline_native_m_h1ym_8.tar 20s
END mgs-setup run tests/fs/lustre/mgs-setup.ktest PASS 163s
END cc-plugin tool cc-plugin FAIL 165s (exit code: 127)
END sanity-1 run tests/fs/lustre/sanity/sanity-1.ktest PASS 175s
END sanity-2 run tests/fs/lustre/sanity/sanity-2.ktest PASS 179s
END clang-tidy tool clang-tidy PASS 180s
END boot run tests/fs/lustre/boot.ktest PASS 181s
END sanity-4 run tests/fs/lustre/sanity/sanity-4.ktest PASS 193s
END sanity-3 run tests/fs/lustre/sanity/sanity-3.ktest PASS 214s
END llog-unit run tests/fs/lustre/llog-unit.ktest PASS 266s
END llmount run tests/fs/lustre/llmount.ktest PASS 266s

============================================================
Final Results:
  checkpatch: PASS (24s) (log: /var/www/ci-lustre/upstream-patch-review/2d8180e14cadca7a651cdcb600247c33947835bf_checkpatch.log)
  lustre_u24: PASS (91s) (log: /var/www/ci-lustre/upstream-patch-review/2d8180e14cadca7a651cdcb600247c33947835bf_lustre_u24.log)
  lustre_al2023: PASS (93s) (log: /var/www/ci-lustre/upstream-patch-review/2d8180e14cadca7a651cdcb600247c33947835bf_lustre_al2023.log)
  lustre_mainline_strict: FAIL (134s) (log: /var/www/ci-lustre/upstream-patch-review/2d8180e14cadca7a651cdcb600247c33947835bf_lustre_mainline_strict.log)
  lustre_mainline: PASS (155s) (log: /var/www/ci-lustre/upstream-patch-review/2d8180e14cadca7a651cdcb600247c33947835bf_lustre_mainline.log)
  lustre_mainline_native: PASS (153s) (log: /var/www/ci-lustre/upstream-patch-review/2d8180e14cadca7a651cdcb600247c33947835bf_lustre_mainline_native.log)
  clang-tidy: PASS (180s) (log: /var/www/ci-lustre/upstream-patch-review/2d8180e14cadca7a651cdcb600247c33947835bf_clang-tidy.log)
  cc-plugin: FAIL (165s) (log: /var/www/ci-lustre/upstream-patch-review/2d8180e14cadca7a651cdcb600247c33947835bf_cc-plugin.log)
  boot: PASS (181s) (log: /var/www/ci-lustre/upstream-patch-review/2d8180e14cadca7a651cdcb600247c33947835bf_boot.log)
  llmount: PASS (266s) (log: /var/www/ci-lustre/upstream-patch-review/2d8180e14cadca7a651cdcb600247c33947835bf_llmount.log)
  llog-unit: PASS (266s) (log: /var/www/ci-lustre/upstream-patch-review/2d8180e14cadca7a651cdcb600247c33947835bf_llog-unit.log)
  mgs-setup: PASS (163s) (log: /var/www/ci-lustre/upstream-patch-review/2d8180e14cadca7a651cdcb600247c33947835bf_mgs-setup.log)
  sanity-1: PASS (175s) (log: /var/www/ci-lustre/upstream-patch-review/2d8180e14cadca7a651cdcb600247c33947835bf_sanity-1.log)
  sanity-2: PASS (179s) (log: /var/www/ci-lustre/upstream-patch-review/2d8180e14cadca7a651cdcb600247c33947835bf_sanity-2.log)
  sanity-3: PASS (214s) (log: /var/www/ci-lustre/upstream-patch-review/2d8180e14cadca7a651cdcb600247c33947835bf_sanity-3.log)
  sanity-4: PASS (193s) (log: /var/www/ci-lustre/upstream-patch-review/2d8180e14cadca7a651cdcb600247c33947835bf_sanity-4.log)

Total execution time: 450s
