CLI: ./podman-ktest --podman-socket unix:///run/podman/podman.sock --shared-filesystem /tmp --tarball-input job lustre-ci --output /var/www/ci-lustre/upstream-patch-review --git-hash 2db5549c9e21e941cd96195568bb0b4914726e7c --change-id 66791_2db5549c9e21e941cd96195568bb0b4914726e7c --subject LU-18687 build: reimplement dist target in plain make

  Checking /dev/kvm exists... OK
  Checking /dev/kvm permissions... OK
  Creating ccache directory... OK
  Checking ccache directory writable... OK
  Creating package output directory... OK

Environment validated successfully
Creating kernel tarball at /tmp/ktest-kernel.tar.gz...
Creating lustre tarball at /tmp/ktest-lustre.tar.gz...
Creating ZFS tarball at /tmp/ktest-zfs.tar.gz...
Executing 13 jobs
Jobs will start as soon as their dependencies are satisfied
Using tarball input mode

START u24 build tests/fs/lustre/boot.ktest
START al2023 build tests/fs/lustre/boot.ktest
START lustre_mainline_strict build tests/fs/lustre/boot-strict.ktest
START lustre_mainline_native build tests/fs/lustre/boot.ktest
START lustre_mainline build tests/fs/lustre/boot.ktest
START checkpatch tool checkpatch
PUT /tmp/ktest-lustre.tar.gz 1s
PUT /tmp/ktest-lustre.tar.gz 1s
PUT /tmp/ktest-kernel.tar.gz 6s
PUT /tmp/ktest-kernel.tar.gz 6s
PUT /tmp/ktest-kernel.tar.gz 7s
PUT /tmp/ktest-kernel.tar.gz 7s
PUT /tmp/ktest-lustre.tar.gz 1s
PUT /tmp/ktest-lustre.tar.gz 1s
PUT /tmp/ktest-lustre.tar.gz 1s
PUT /tmp/ktest-lustre.tar.gz 1s
PUT /tmp/ktest-zfs.tar.gz 0s
PUT /tmp/ktest-zfs.tar.gz 0s
PUT /tmp/ktest-zfs.tar.gz 0s
END checkpatch tool checkpatch FAIL 10s (exit code: 1)
END al2023 build tests/fs/lustre/boot.ktest PASS 52s
END u24 build tests/fs/lustre/boot.ktest PASS 54s
GET /tmp/ktest_lustre_mainline_ca12is6j.tar 0s
GET /tmp/ktest_lustre_mainline_native_ub_53_kf.tar 0s
END lustre_mainline build tests/fs/lustre/boot.ktest PASS 164s
END lustre_mainline_native build tests/fs/lustre/boot.ktest PASS 165s
START boot run tests/fs/lustre/boot.ktest
START llmount run tests/fs/lustre/llmount.ktest
START mgs-setup run tests/fs/lustre/mgs-setup.ktest
START sanity-1 run tests/fs/lustre/sanity/sanity-1.ktest
START sanity-2 run tests/fs/lustre/sanity/sanity-2.ktest
START sanity-3 run tests/fs/lustre/sanity/sanity-3.ktest
START sanity-4 run tests/fs/lustre/sanity/sanity-4.ktest
GET /tmp/ktest_lustre_mainline_strict__ppd1sv9.tar 9s
END lustre_mainline_strict build tests/fs/lustre/boot-strict.ktest FAIL 173s (exit code: 1)
PUT /tmp/ktest-kernel.tar.gz 23s
PUT /tmp/ktest-kernel.tar.gz 23s
PUT /tmp/ktest-kernel.tar.gz 24s
PUT /tmp/ktest-kernel.tar.gz 24s
PUT /tmp/ktest-kernel.tar.gz 24s
PUT /tmp/ktest-kernel.tar.gz 24s
PUT /tmp/ktest-kernel.tar.gz 24s
PUT /tmp/ktest-lustre.tar.gz 4s
PUT /tmp/ktest-lustre.tar.gz 5s
PUT /tmp/ktest-lustre.tar.gz 4s
PUT /tmp/ktest-lustre.tar.gz 5s
PUT /tmp/ktest-lustre.tar.gz 4s
PUT /tmp/ktest-lustre.tar.gz 4s
PUT /tmp/ktest-lustre.tar.gz 4s
PUT /tmp/ktest_lustre_mainline_native_ub_53_kf.tar 0s
PUT /tmp/ktest_lustre_mainline_native_ub_53_kf.tar 0s
PUT /tmp/ktest_lustre_mainline_native_ub_53_kf.tar 0s
PUT /tmp/ktest_lustre_mainline_native_ub_53_kf.tar 0s
PUT /tmp/ktest_lustre_mainline_native_ub_53_kf.tar 0s
PUT /tmp/ktest_lustre_mainline_native_ub_53_kf.tar 0s
PUT /tmp/ktest_lustre_mainline_native_ub_53_kf.tar 0s
END boot run tests/fs/lustre/boot.ktest PASS 70s
END mgs-setup run tests/fs/lustre/mgs-setup.ktest PASS 80s
END sanity-4 run tests/fs/lustre/sanity/sanity-4.ktest PASS 109s
END sanity-1 run tests/fs/lustre/sanity/sanity-1.ktest PASS 110s
END sanity-2 run tests/fs/lustre/sanity/sanity-2.ktest PASS 111s
END sanity-3 run tests/fs/lustre/sanity/sanity-3.ktest PASS 113s
END llmount run tests/fs/lustre/llmount.ktest PASS 120s

============================================================
Final Results:
  checkpatch: FAIL (10s) (log: /var/www/ci-lustre/upstream-patch-review/2db5549c9e21e941cd96195568bb0b4914726e7c_checkpatch.log)
  u24: PASS (54s) (log: /var/www/ci-lustre/upstream-patch-review/2db5549c9e21e941cd96195568bb0b4914726e7c_u24.log)
  al2023: PASS (52s) (log: /var/www/ci-lustre/upstream-patch-review/2db5549c9e21e941cd96195568bb0b4914726e7c_al2023.log)
  lustre_mainline_strict: FAIL (173s) (log: /var/www/ci-lustre/upstream-patch-review/2db5549c9e21e941cd96195568bb0b4914726e7c_lustre_mainline_strict.log)
  lustre_mainline: PASS (164s) (log: /var/www/ci-lustre/upstream-patch-review/2db5549c9e21e941cd96195568bb0b4914726e7c_lustre_mainline.log)
  lustre_mainline_native: PASS (165s) (log: /var/www/ci-lustre/upstream-patch-review/2db5549c9e21e941cd96195568bb0b4914726e7c_lustre_mainline_native.log)
  boot: PASS (70s) (log: /var/www/ci-lustre/upstream-patch-review/2db5549c9e21e941cd96195568bb0b4914726e7c_boot.log)
  llmount: PASS (120s) (log: /var/www/ci-lustre/upstream-patch-review/2db5549c9e21e941cd96195568bb0b4914726e7c_llmount.log)
  mgs-setup: PASS (80s) (log: /var/www/ci-lustre/upstream-patch-review/2db5549c9e21e941cd96195568bb0b4914726e7c_mgs-setup.log)
  sanity-1: PASS (110s) (log: /var/www/ci-lustre/upstream-patch-review/2db5549c9e21e941cd96195568bb0b4914726e7c_sanity-1.log)
  sanity-2: PASS (111s) (log: /var/www/ci-lustre/upstream-patch-review/2db5549c9e21e941cd96195568bb0b4914726e7c_sanity-2.log)
  sanity-3: PASS (113s) (log: /var/www/ci-lustre/upstream-patch-review/2db5549c9e21e941cd96195568bb0b4914726e7c_sanity-3.log)
  sanity-4: PASS (109s) (log: /var/www/ci-lustre/upstream-patch-review/2db5549c9e21e941cd96195568bb0b4914726e7c_sanity-4.log)

Total execution time: 315s
