CLI: ./podman-ktest --podman-socket unix:///run/podman/podman.sock --shared-filesystem /tmp --tarball-input job lustre-ci --output /var/www/ci-lustre/upstream-patch-review --git-hash 2e7205e4ab0cd0ec4b93f999334201d27e644f0d --change-id 64320_2e7205e4ab0cd0ec4b93f999334201d27e644f0d --subject LU-19921 target: add target verification

  Checking /dev/kvm exists... OK
  Checking /dev/kvm permissions... OK
  Creating ccache directory... OK
  Checking ccache directory writable... OK

Environment validated successfully
Creating kernel tarball at /tmp/ktest-kernel.tar.gz...
Creating lustre tarball at /tmp/ktest-lustre.tar.gz...
Creating ZFS tarball at /tmp/ktest-zfs.tar.gz...
Executing 15 jobs
Jobs will start as soon as their dependencies are satisfied
Using tarball input mode

START lustre_mainline_native build tests/fs/lustre/boot.ktest
START checkpatch tool checkpatch
START lustre_mainline build tests/fs/lustre/boot.ktest
START al2023 build tests/fs/lustre/boot.ktest
START lustre_mainline_strict build tests/fs/lustre/boot-strict.ktest
START u24 build tests/fs/lustre/boot.ktest
PUT /tmp/ktest-lustre.tar.gz 3s
PUT /tmp/ktest-lustre.tar.gz 4s
PUT /tmp/ktest-kernel.tar.gz 5s
PUT /tmp/ktest-kernel.tar.gz 5s
PUT /tmp/ktest-kernel.tar.gz 5s
PUT /tmp/ktest-kernel.tar.gz 5s
PUT /tmp/ktest-lustre.tar.gz 1s
PUT /tmp/ktest-lustre.tar.gz 1s
PUT /tmp/ktest-lustre.tar.gz 1s
PUT /tmp/ktest-lustre.tar.gz 1s
PUT /tmp/ktest-zfs.tar.gz 0s
PUT /tmp/ktest-zfs.tar.gz 0s
PUT /tmp/ktest-zfs.tar.gz 0s
END checkpatch tool checkpatch FAIL 10s (exit code: 1)
END al2023 build tests/fs/lustre/boot.ktest PASS 71s
END u24 build tests/fs/lustre/boot.ktest PASS 71s
GET /tmp/ktest_lustre_mainline_strict_je9h9u22.tar 5s
END lustre_mainline_strict build tests/fs/lustre/boot-strict.ktest FAIL 135s (exit code: 1)
GET /tmp/ktest_lustre_mainline_native_dy07_xqv.tar 15s
GET /tmp/ktest_lustre_mainline__qv4vsev.tar 16s
END lustre_mainline_native build tests/fs/lustre/boot.ktest PASS 149s
START clang-tidy tool clang-tidy
START cc-plugin tool cc-plugin
START boot run tests/fs/lustre/boot.ktest
START llmount run tests/fs/lustre/llmount.ktest
START mgs-setup run tests/fs/lustre/mgs-setup.ktest
START sanity-1 run tests/fs/lustre/sanity/sanity-1.ktest
START sanity-2 run tests/fs/lustre/sanity/sanity-2.ktest
START sanity-3 run tests/fs/lustre/sanity/sanity-3.ktest
START sanity-4 run tests/fs/lustre/sanity/sanity-4.ktest
END lustre_mainline build tests/fs/lustre/boot.ktest PASS 150s
PUT /tmp/ktest-kernel.tar.gz 30s
PUT /tmp/ktest_lustre_mainline_native_dy07_xqv.tar 42s
PUT /tmp/ktest-kernel.tar.gz 42s
PUT /tmp/ktest_lustre_mainline_native_dy07_xqv.tar 42s
PUT /tmp/ktest_lustre_mainline_native_dy07_xqv.tar 42s
PUT /tmp/ktest_lustre_mainline_native_dy07_xqv.tar 42s
PUT /tmp/ktest_lustre_mainline_native_dy07_xqv.tar 42s
PUT /tmp/ktest_lustre_mainline_native_dy07_xqv.tar 42s
PUT /tmp/ktest_lustre_mainline_native_dy07_xqv.tar 42s
PUT /tmp/ktest-lustre.tar.gz 43s
PUT /tmp/ktest-lustre.tar.gz 81s
PUT /tmp/ktest_lustre_mainline_native_dy07_xqv.tar 24s
PUT /tmp/ktest_lustre_mainline_native_dy07_xqv.tar 50s
END cc-plugin tool cc-plugin FAIL 141s (exit code: 127)
END boot run tests/fs/lustre/boot.ktest PASS 152s
END clang-tidy tool clang-tidy PASS 162s
END mgs-setup run tests/fs/lustre/mgs-setup.ktest PASS 166s
END sanity-1 run tests/fs/lustre/sanity/sanity-1.ktest PASS 173s
END sanity-4 run tests/fs/lustre/sanity/sanity-4.ktest PASS 179s
END sanity-3 run tests/fs/lustre/sanity/sanity-3.ktest PASS 184s
END sanity-2 run tests/fs/lustre/sanity/sanity-2.ktest PASS 200s
END llmount run tests/fs/lustre/llmount.ktest PASS 233s

============================================================
Final Results:
  checkpatch: FAIL (10s) (log: /var/www/ci-lustre/upstream-patch-review/2e7205e4ab0cd0ec4b93f999334201d27e644f0d_checkpatch.log)
  u24: PASS (71s) (log: /var/www/ci-lustre/upstream-patch-review/2e7205e4ab0cd0ec4b93f999334201d27e644f0d_u24.log)
  al2023: PASS (71s) (log: /var/www/ci-lustre/upstream-patch-review/2e7205e4ab0cd0ec4b93f999334201d27e644f0d_al2023.log)
  lustre_mainline_strict: FAIL (135s) (log: /var/www/ci-lustre/upstream-patch-review/2e7205e4ab0cd0ec4b93f999334201d27e644f0d_lustre_mainline_strict.log)
  lustre_mainline: PASS (150s) (log: /var/www/ci-lustre/upstream-patch-review/2e7205e4ab0cd0ec4b93f999334201d27e644f0d_lustre_mainline.log)
  lustre_mainline_native: PASS (149s) (log: /var/www/ci-lustre/upstream-patch-review/2e7205e4ab0cd0ec4b93f999334201d27e644f0d_lustre_mainline_native.log)
  clang-tidy: PASS (162s) (log: /var/www/ci-lustre/upstream-patch-review/2e7205e4ab0cd0ec4b93f999334201d27e644f0d_clang-tidy.log)
  cc-plugin: FAIL (141s) (log: /var/www/ci-lustre/upstream-patch-review/2e7205e4ab0cd0ec4b93f999334201d27e644f0d_cc-plugin.log)
  boot: PASS (152s) (log: /var/www/ci-lustre/upstream-patch-review/2e7205e4ab0cd0ec4b93f999334201d27e644f0d_boot.log)
  llmount: PASS (233s) (log: /var/www/ci-lustre/upstream-patch-review/2e7205e4ab0cd0ec4b93f999334201d27e644f0d_llmount.log)
  mgs-setup: PASS (166s) (log: /var/www/ci-lustre/upstream-patch-review/2e7205e4ab0cd0ec4b93f999334201d27e644f0d_mgs-setup.log)
  sanity-1: PASS (173s) (log: /var/www/ci-lustre/upstream-patch-review/2e7205e4ab0cd0ec4b93f999334201d27e644f0d_sanity-1.log)
  sanity-2: PASS (200s) (log: /var/www/ci-lustre/upstream-patch-review/2e7205e4ab0cd0ec4b93f999334201d27e644f0d_sanity-2.log)
  sanity-3: PASS (184s) (log: /var/www/ci-lustre/upstream-patch-review/2e7205e4ab0cd0ec4b93f999334201d27e644f0d_sanity-3.log)
  sanity-4: PASS (179s) (log: /var/www/ci-lustre/upstream-patch-review/2e7205e4ab0cd0ec4b93f999334201d27e644f0d_sanity-4.log)

Total execution time: 415s
