CLI: ./podman-ktest --podman-socket unix:///run/podman/podman.sock --shared-filesystem /tmp --tarball-input job lustre-ci --output /var/www/ci-lustre/upstream-patch-review --git-hash 3047b3ec8c669334b2ab9315315fbb68d6b1690f --change-id 64063_3047b3ec8c669334b2ab9315315fbb68d6b1690f --subject LU-19879 mdd: ignore access to non-initialized changelog

  Checking /dev/kvm exists... OK
  Checking /dev/kvm permissions... OK
  Creating ccache directory... OK
  Checking ccache directory writable... OK

Environment validated successfully
Creating kernel tarball at /tmp/ktest-kernel.tar.gz...
Creating lustre tarball at /tmp/ktest-lustre.tar.gz...
Executing 16 jobs
Jobs will start as soon as their dependencies are satisfied
Using tarball input mode

START lustre_u24 build tests/fs/lustre/boot.ktest
START checkpatch tool checkpatch
START lustre_mainline_strict build tests/fs/lustre/boot-strict.ktest
START lustre_al2023 build tests/fs/lustre/boot.ktest
START lustre_mainline build tests/fs/lustre/boot.ktest
START lustre_mainline_native build tests/fs/lustre/boot.ktest
PUT /tmp/ktest-kernel.tar.gz 7s
PUT /tmp/ktest-kernel.tar.gz 7s
PUT /tmp/ktest-kernel.tar.gz 7s
PUT /tmp/ktest-kernel.tar.gz 8s
PUT /tmp/ktest-kernel.tar.gz 8s
PUT /tmp/ktest-kernel.tar.gz 8s
PUT /tmp/ktest-lustre.tar.gz 2s
PUT /tmp/ktest-lustre.tar.gz 2s
PUT /tmp/ktest-lustre.tar.gz 1s
PUT /tmp/ktest-lustre.tar.gz 2s
PUT /tmp/ktest-lustre.tar.gz 1s
PUT /tmp/ktest-lustre.tar.gz 2s
END checkpatch tool checkpatch PASS 12s
END lustre_al2023 build tests/fs/lustre/boot.ktest PASS 67s
END lustre_u24 build tests/fs/lustre/boot.ktest PASS 70s
GET /tmp/ktest_lustre_mainline_strict__zl7201a.tar 4s
END lustre_mainline_strict build tests/fs/lustre/boot-strict.ktest FAIL 108s (exit code: 1)
GET /tmp/ktest_lustre_mainline_swxkkpqx.tar 3s
GET /tmp/ktest_lustre_mainline_native_u3ln8k4u.tar 3s
END lustre_mainline build tests/fs/lustre/boot.ktest PASS 116s
END lustre_mainline_native build tests/fs/lustre/boot.ktest PASS 117s
START clang-tidy tool clang-tidy
START cc-plugin tool cc-plugin
START boot run tests/fs/lustre/boot.ktest
START llmount run tests/fs/lustre/llmount.ktest
START llog-unit run tests/fs/lustre/llog-unit.ktest
START mgs-setup run tests/fs/lustre/mgs-setup.ktest
START sanity-1 run tests/fs/lustre/sanity/sanity-1.ktest
START sanity-2 run tests/fs/lustre/sanity/sanity-2.ktest
START sanity-3 run tests/fs/lustre/sanity/sanity-3.ktest
START sanity-4 run tests/fs/lustre/sanity/sanity-4.ktest
PUT /tmp/ktest-kernel.tar.gz 8s
PUT /tmp/ktest-kernel.tar.gz 8s
PUT /tmp/ktest_lustre_mainline_native_u3ln8k4u.tar 9s
PUT /tmp/ktest-lustre.tar.gz 3s
PUT /tmp/ktest_lustre_mainline_native_u3ln8k4u.tar 12s
PUT /tmp/ktest_lustre_mainline_native_u3ln8k4u.tar 12s
PUT /tmp/ktest_lustre_mainline_native_u3ln8k4u.tar 12s
PUT /tmp/ktest-lustre.tar.gz 3s
PUT /tmp/ktest_lustre_mainline_native_u3ln8k4u.tar 12s
PUT /tmp/ktest_lustre_mainline_native_u3ln8k4u.tar 12s
PUT /tmp/ktest_lustre_mainline_native_u3ln8k4u.tar 12s
PUT /tmp/ktest_lustre_mainline_native_u3ln8k4u.tar 12s
PUT /tmp/ktest_lustre_mainline_native_u3ln8k4u.tar 27s
PUT /tmp/ktest_lustre_mainline_native_u3ln8k4u.tar 27s
END cc-plugin tool cc-plugin FAIL 42s (exit code: 127)
END boot run tests/fs/lustre/boot.ktest PASS 43s
END clang-tidy tool clang-tidy PASS 62s
END mgs-setup run tests/fs/lustre/mgs-setup.ktest PASS 72s
END sanity-3 run tests/fs/lustre/sanity/sanity-3.ktest PASS 83s
END sanity-1 run tests/fs/lustre/sanity/sanity-1.ktest PASS 85s
END sanity-2 run tests/fs/lustre/sanity/sanity-2.ktest PASS 86s
END sanity-4 run tests/fs/lustre/sanity/sanity-4.ktest PASS 95s
END llog-unit run tests/fs/lustre/llog-unit.ktest PASS 152s
END llmount run tests/fs/lustre/llmount.ktest PASS 155s

============================================================
Final Results:
  checkpatch: PASS (12s) (log: /var/www/ci-lustre/upstream-patch-review/3047b3ec8c669334b2ab9315315fbb68d6b1690f_checkpatch.log)
  lustre_u24: PASS (70s) (log: /var/www/ci-lustre/upstream-patch-review/3047b3ec8c669334b2ab9315315fbb68d6b1690f_lustre_u24.log)
  lustre_al2023: PASS (67s) (log: /var/www/ci-lustre/upstream-patch-review/3047b3ec8c669334b2ab9315315fbb68d6b1690f_lustre_al2023.log)
  lustre_mainline_strict: FAIL (108s) (log: /var/www/ci-lustre/upstream-patch-review/3047b3ec8c669334b2ab9315315fbb68d6b1690f_lustre_mainline_strict.log)
  lustre_mainline: PASS (116s) (log: /var/www/ci-lustre/upstream-patch-review/3047b3ec8c669334b2ab9315315fbb68d6b1690f_lustre_mainline.log)
  lustre_mainline_native: PASS (117s) (log: /var/www/ci-lustre/upstream-patch-review/3047b3ec8c669334b2ab9315315fbb68d6b1690f_lustre_mainline_native.log)
  clang-tidy: PASS (62s) (log: /var/www/ci-lustre/upstream-patch-review/3047b3ec8c669334b2ab9315315fbb68d6b1690f_clang-tidy.log)
  cc-plugin: FAIL (42s) (log: /var/www/ci-lustre/upstream-patch-review/3047b3ec8c669334b2ab9315315fbb68d6b1690f_cc-plugin.log)
  boot: PASS (43s) (log: /var/www/ci-lustre/upstream-patch-review/3047b3ec8c669334b2ab9315315fbb68d6b1690f_boot.log)
  llmount: PASS (155s) (log: /var/www/ci-lustre/upstream-patch-review/3047b3ec8c669334b2ab9315315fbb68d6b1690f_llmount.log)
  llog-unit: PASS (152s) (log: /var/www/ci-lustre/upstream-patch-review/3047b3ec8c669334b2ab9315315fbb68d6b1690f_llog-unit.log)
  mgs-setup: PASS (72s) (log: /var/www/ci-lustre/upstream-patch-review/3047b3ec8c669334b2ab9315315fbb68d6b1690f_mgs-setup.log)
  sanity-1: PASS (85s) (log: /var/www/ci-lustre/upstream-patch-review/3047b3ec8c669334b2ab9315315fbb68d6b1690f_sanity-1.log)
  sanity-2: PASS (86s) (log: /var/www/ci-lustre/upstream-patch-review/3047b3ec8c669334b2ab9315315fbb68d6b1690f_sanity-2.log)
  sanity-3: PASS (83s) (log: /var/www/ci-lustre/upstream-patch-review/3047b3ec8c669334b2ab9315315fbb68d6b1690f_sanity-3.log)
  sanity-4: PASS (95s) (log: /var/www/ci-lustre/upstream-patch-review/3047b3ec8c669334b2ab9315315fbb68d6b1690f_sanity-4.log)

Total execution time: 302s
