CLI: ./podman-ktest --podman-socket unix:///run/podman/podman.sock --shared-filesystem /tmp --tarball-input job lustre-ci --output /var/www/ci-lustre/upstream-patch-review --git-hash 30bdaffc9a5ac755bb07ffa3499a41432f739637 --change-id 63054_30bdaffc9a5ac755bb07ffa3499a41432f739637 --subject LU-9646 lov: Add kernel doc style for LOV (3)

  Checking /dev/kvm exists... OK
  Checking /dev/kvm permissions... OK
  Creating ccache directory... OK
  Checking ccache directory writable... OK
  Creating package output directory... OK

Environment validated successfully
Creating kernel tarball at /tmp/ktest-kernel.tar.gz...
Creating lustre tarball at /tmp/ktest-lustre.tar.gz...
Creating ZFS tarball at /tmp/ktest-zfs.tar.gz...
Executing 13 jobs
Jobs will start as soon as their dependencies are satisfied
Using tarball input mode

START lustre_mainline build tests/fs/lustre/boot.ktest
START al2023 build tests/fs/lustre/boot.ktest
START u24 build tests/fs/lustre/boot.ktest
START lustre_mainline_native build tests/fs/lustre/boot.ktest
START checkpatch tool checkpatch
START lustre_mainline_strict build tests/fs/lustre/boot-strict.ktest
PUT /tmp/ktest-lustre.tar.gz 1s
PUT /tmp/ktest-lustre.tar.gz 1s
PUT /tmp/ktest-kernel.tar.gz 6s
PUT /tmp/ktest-kernel.tar.gz 6s
PUT /tmp/ktest-kernel.tar.gz 6s
PUT /tmp/ktest-kernel.tar.gz 6s
PUT /tmp/ktest-lustre.tar.gz 1s
PUT /tmp/ktest-lustre.tar.gz 1s
PUT /tmp/ktest-lustre.tar.gz 1s
PUT /tmp/ktest-lustre.tar.gz 1s
PUT /tmp/ktest-zfs.tar.gz 0s
PUT /tmp/ktest-zfs.tar.gz 0s
PUT /tmp/ktest-zfs.tar.gz 0s
END checkpatch tool checkpatch FAIL 10s (exit code: 1)
END al2023 build tests/fs/lustre/boot.ktest PASS 60s
END u24 build tests/fs/lustre/boot.ktest PASS 65s
GET /tmp/ktest_lustre_mainline_strict_syoxam57.tar 6s
END lustre_mainline_strict build tests/fs/lustre/boot-strict.ktest FAIL 140s (exit code: 1)
GET /tmp/ktest_lustre_mainline_native_vc6fsgz_.tar 0s
GET /tmp/ktest_lustre_mainline_w82rf02f.tar 0s
END lustre_mainline_native build tests/fs/lustre/boot.ktest PASS 144s
START boot run tests/fs/lustre/boot.ktest
START llmount run tests/fs/lustre/llmount.ktest
START mgs-setup run tests/fs/lustre/mgs-setup.ktest
START sanity-1 run tests/fs/lustre/sanity/sanity-1.ktest
START sanity-2 run tests/fs/lustre/sanity/sanity-2.ktest
START sanity-3 run tests/fs/lustre/sanity/sanity-3.ktest
START sanity-4 run tests/fs/lustre/sanity/sanity-4.ktest
END lustre_mainline build tests/fs/lustre/boot.ktest PASS 145s
PUT /tmp/ktest-kernel.tar.gz 9s
PUT /tmp/ktest-kernel.tar.gz 9s
PUT /tmp/ktest-kernel.tar.gz 9s
PUT /tmp/ktest-kernel.tar.gz 9s
PUT /tmp/ktest-kernel.tar.gz 9s
PUT /tmp/ktest-kernel.tar.gz 9s
PUT /tmp/ktest-kernel.tar.gz 9s
PUT /tmp/ktest-lustre.tar.gz 2s
PUT /tmp/ktest-lustre.tar.gz 1s
PUT /tmp/ktest-lustre.tar.gz 2s
PUT /tmp/ktest-lustre.tar.gz 2s
PUT /tmp/ktest-lustre.tar.gz 2s
PUT /tmp/ktest-lustre.tar.gz 1s
PUT /tmp/ktest-lustre.tar.gz 1s
PUT /tmp/ktest_lustre_mainline_native_vc6fsgz_.tar 0s
PUT /tmp/ktest_lustre_mainline_native_vc6fsgz_.tar 0s
PUT /tmp/ktest_lustre_mainline_native_vc6fsgz_.tar 0s
PUT /tmp/ktest_lustre_mainline_native_vc6fsgz_.tar 0s
PUT /tmp/ktest_lustre_mainline_native_vc6fsgz_.tar 0s
PUT /tmp/ktest_lustre_mainline_native_vc6fsgz_.tar 0s
PUT /tmp/ktest_lustre_mainline_native_vc6fsgz_.tar 0s
END boot run tests/fs/lustre/boot.ktest PASS 18s
END mgs-setup run tests/fs/lustre/mgs-setup.ktest PASS 28s
END sanity-2 run tests/fs/lustre/sanity/sanity-2.ktest PASS 56s
END sanity-3 run tests/fs/lustre/sanity/sanity-3.ktest PASS 57s
END sanity-1 run tests/fs/lustre/sanity/sanity-1.ktest PASS 59s
END sanity-4 run tests/fs/lustre/sanity/sanity-4.ktest PASS 60s
END llmount run tests/fs/lustre/llmount.ktest PASS 79s

============================================================
Final Results:
  checkpatch: FAIL (10s) (log: /var/www/ci-lustre/upstream-patch-review/30bdaffc9a5ac755bb07ffa3499a41432f739637_checkpatch.log)
  u24: PASS (65s) (log: /var/www/ci-lustre/upstream-patch-review/30bdaffc9a5ac755bb07ffa3499a41432f739637_u24.log)
  al2023: PASS (60s) (log: /var/www/ci-lustre/upstream-patch-review/30bdaffc9a5ac755bb07ffa3499a41432f739637_al2023.log)
  lustre_mainline_strict: FAIL (140s) (log: /var/www/ci-lustre/upstream-patch-review/30bdaffc9a5ac755bb07ffa3499a41432f739637_lustre_mainline_strict.log)
  lustre_mainline: PASS (145s) (log: /var/www/ci-lustre/upstream-patch-review/30bdaffc9a5ac755bb07ffa3499a41432f739637_lustre_mainline.log)
  lustre_mainline_native: PASS (144s) (log: /var/www/ci-lustre/upstream-patch-review/30bdaffc9a5ac755bb07ffa3499a41432f739637_lustre_mainline_native.log)
  boot: PASS (18s) (log: /var/www/ci-lustre/upstream-patch-review/30bdaffc9a5ac755bb07ffa3499a41432f739637_boot.log)
  llmount: PASS (79s) (log: /var/www/ci-lustre/upstream-patch-review/30bdaffc9a5ac755bb07ffa3499a41432f739637_llmount.log)
  mgs-setup: PASS (28s) (log: /var/www/ci-lustre/upstream-patch-review/30bdaffc9a5ac755bb07ffa3499a41432f739637_mgs-setup.log)
  sanity-1: PASS (59s) (log: /var/www/ci-lustre/upstream-patch-review/30bdaffc9a5ac755bb07ffa3499a41432f739637_sanity-1.log)
  sanity-2: PASS (56s) (log: /var/www/ci-lustre/upstream-patch-review/30bdaffc9a5ac755bb07ffa3499a41432f739637_sanity-2.log)
  sanity-3: PASS (57s) (log: /var/www/ci-lustre/upstream-patch-review/30bdaffc9a5ac755bb07ffa3499a41432f739637_sanity-3.log)
  sanity-4: PASS (60s) (log: /var/www/ci-lustre/upstream-patch-review/30bdaffc9a5ac755bb07ffa3499a41432f739637_sanity-4.log)

Total execution time: 253s
