WARNING:CONSTANT_COMPARISON: Comparisons should place the constant on the right side of the test
#11: FILE: lustre/llite/dir.c:1687:
+#if LUSTRE_VERSION_CODE < OBD_OCD_VERSION(3, 0, 0, 53)

WARNING:CONSTANT_COMPARISON: Comparisons should place the constant on the right side of the test
#23: FILE: lustre/llite/dir.c:1704:
+#if LUSTRE_VERSION_CODE < OBD_OCD_VERSION(3, 0, 0, 53)

WARNING:CONSTANT_COMPARISON: Comparisons should place the constant on the right side of the test
#36: FILE: lustre/llite/dir.c:2683:
+#if LUSTRE_VERSION_CODE < OBD_OCD_VERSION(3, 0, 0, 53)

WARNING:CONSTANT_COMPARISON: Comparisons should place the constant on the right side of the test
#53: FILE: lustre/llite/file.c:2917:
+#if LUSTRE_VERSION_CODE < OBD_OCD_VERSION(3, 0, 0, 53)

WARNING:CONSTANT_COMPARISON: Comparisons should place the constant on the right side of the test
#65: FILE: lustre/llite/file.c:3770:
+#if LUSTRE_VERSION_CODE < OBD_OCD_VERSION(3, 0, 0, 53)

WARNING:CONSTANT_COMPARISON: Comparisons should place the constant on the right side of the test
#91: FILE: lustre/mdt/mdt_hsm.c:82:
+#if LUSTRE_VERSION_CODE < OBD_OCD_VERSION(3, 0, 0, 53)

WARNING:CONSTANT_COMPARISON: Comparisons should place the constant on the right side of the test
#143: FILE: lustre/mdt/mdt_internal.h:997:
+#if LUSTRE_VERSION_CODE < OBD_OCD_VERSION(3, 0, 0, 53)

WARNING:CONSTANT_COMPARISON: Comparisons should place the constant on the right side of the test
#158: FILE: lustre/mdt/mdt_internal.h:1497:
+#if LUSTRE_VERSION_CODE < OBD_OCD_VERSION(3, 0, 0, 53)

ERROR:CODE_INDENT: code indent should use tabs where possible
#190: FILE: lustre/mdt/mdt_lib.c:780:
+^I            cap_old != CAP_NONE ? cap_raised(uc->uc_cap, cap_old) : 0,$

WARNING:CONSTANT_COMPARISON: Comparisons should place the constant on the right side of the test
#240: FILE: lustre/mdt/mdt_reint.c:1315:
+#if LUSTRE_VERSION_CODE < OBD_OCD_VERSION(3, 0, 0, 53)

total: 1 errors, 9 warnings, 226 lines checked

NOTE: For some of the reported defects, checkpatch may be able to
      mechanically convert to the typical style using --fix or --fix-inplace.

NOTE: Whitespace errors detected.
      You may wish to use scripts/cleanpatch or scripts/cleanfile

Your patch has style problems, please review.

NOTE: If any of the errors are false positives, please report
      them to the maintainer, see CHECKPATCH in MAINTAINERS.
