CLI: ./podman-ktest --podman-socket unix:///run/podman/podman.sock --shared-filesystem /tmp --tarball-input job lustre-ci --output /var/www/ci-lustre/upstream-patch-review --git-hash 315c11999297c052714e496dcdae7cac5ed47438 --change-id 54119_315c11999297c052714e496dcdae7cac5ed47438 --subject LU-17569 misc: use CAP_SYS_RESOURCE for HSM/quota/DNE

  Checking /dev/kvm exists... OK
  Checking /dev/kvm permissions... OK
  Creating ccache directory... OK
  Checking ccache directory writable... OK
  Creating package output directory... OK

Environment validated successfully
Creating kernel tarball at /tmp/ktest-kernel.tar.gz...
Creating lustre tarball at /tmp/ktest-lustre.tar.gz...
Creating ZFS tarball at /tmp/ktest-zfs.tar.gz...
Executing 13 jobs
Jobs will start as soon as their dependencies are satisfied
Using tarball input mode

START lustre_mainline_strict build tests/fs/lustre/boot-strict.ktest
START al2023 build tests/fs/lustre/boot.ktest
START u24 build tests/fs/lustre/boot.ktest
START lustre_mainline_native build tests/fs/lustre/boot.ktest
START checkpatch tool checkpatch
START lustre_mainline build tests/fs/lustre/boot.ktest
PUT /tmp/ktest-lustre.tar.gz 1s
PUT /tmp/ktest-lustre.tar.gz 1s
PUT /tmp/ktest-kernel.tar.gz 6s
PUT /tmp/ktest-kernel.tar.gz 6s
PUT /tmp/ktest-kernel.tar.gz 6s
PUT /tmp/ktest-kernel.tar.gz 6s
PUT /tmp/ktest-lustre.tar.gz 1s
PUT /tmp/ktest-lustre.tar.gz 1s
PUT /tmp/ktest-lustre.tar.gz 1s
PUT /tmp/ktest-lustre.tar.gz 1s
PUT /tmp/ktest-zfs.tar.gz 0s
PUT /tmp/ktest-zfs.tar.gz 0s
PUT /tmp/ktest-zfs.tar.gz 0s
END checkpatch tool checkpatch FAIL 10s (exit code: 1)
END al2023 build tests/fs/lustre/boot.ktest PASS 59s
END u24 build tests/fs/lustre/boot.ktest PASS 64s
GET /tmp/ktest_lustre_mainline_strict_ezurk4ua.tar 6s
END lustre_mainline_strict build tests/fs/lustre/boot-strict.ktest FAIL 143s (exit code: 1)
GET /tmp/ktest_lustre_mainline_native_7pki24df.tar 0s
GET /tmp/ktest_lustre_mainline_xwsy6qr_.tar 0s
END lustre_mainline_native build tests/fs/lustre/boot.ktest PASS 145s
START boot run tests/fs/lustre/boot.ktest
START llmount run tests/fs/lustre/llmount.ktest
START mgs-setup run tests/fs/lustre/mgs-setup.ktest
START sanity-1 run tests/fs/lustre/sanity/sanity-1.ktest
START sanity-2 run tests/fs/lustre/sanity/sanity-2.ktest
START sanity-3 run tests/fs/lustre/sanity/sanity-3.ktest
START sanity-4 run tests/fs/lustre/sanity/sanity-4.ktest
END lustre_mainline build tests/fs/lustre/boot.ktest PASS 146s
PUT /tmp/ktest-kernel.tar.gz 10s
PUT /tmp/ktest-kernel.tar.gz 10s
PUT /tmp/ktest-kernel.tar.gz 10s
PUT /tmp/ktest-kernel.tar.gz 11s
PUT /tmp/ktest-kernel.tar.gz 11s
PUT /tmp/ktest-kernel.tar.gz 11s
PUT /tmp/ktest-kernel.tar.gz 11s
PUT /tmp/ktest-lustre.tar.gz 3s
PUT /tmp/ktest-lustre.tar.gz 2s
PUT /tmp/ktest-lustre.tar.gz 3s
PUT /tmp/ktest-lustre.tar.gz 2s
PUT /tmp/ktest-lustre.tar.gz 2s
PUT /tmp/ktest-lustre.tar.gz 3s
PUT /tmp/ktest-lustre.tar.gz 3s
PUT /tmp/ktest_lustre_mainline_native_7pki24df.tar 0s
PUT /tmp/ktest_lustre_mainline_native_7pki24df.tar 0s
PUT /tmp/ktest_lustre_mainline_native_7pki24df.tar 0s
PUT /tmp/ktest_lustre_mainline_native_7pki24df.tar 0s
PUT /tmp/ktest_lustre_mainline_native_7pki24df.tar 0s
PUT /tmp/ktest_lustre_mainline_native_7pki24df.tar 0s
PUT /tmp/ktest_lustre_mainline_native_7pki24df.tar 0s
END boot run tests/fs/lustre/boot.ktest PASS 114s
END mgs-setup run tests/fs/lustre/mgs-setup.ktest PASS 124s
END sanity-2 run tests/fs/lustre/sanity/sanity-2.ktest PASS 151s
END sanity-3 run tests/fs/lustre/sanity/sanity-3.ktest PASS 191s
END sanity-1 run tests/fs/lustre/sanity/sanity-1.ktest PASS 192s
END sanity-4 run tests/fs/lustre/sanity/sanity-4.ktest PASS 193s
END llmount run tests/fs/lustre/llmount.ktest PASS 194s

============================================================
Final Results:
  checkpatch: FAIL (10s) (log: /var/www/ci-lustre/upstream-patch-review/315c11999297c052714e496dcdae7cac5ed47438_checkpatch.log)
  u24: PASS (64s) (log: /var/www/ci-lustre/upstream-patch-review/315c11999297c052714e496dcdae7cac5ed47438_u24.log)
  al2023: PASS (59s) (log: /var/www/ci-lustre/upstream-patch-review/315c11999297c052714e496dcdae7cac5ed47438_al2023.log)
  lustre_mainline_strict: FAIL (143s) (log: /var/www/ci-lustre/upstream-patch-review/315c11999297c052714e496dcdae7cac5ed47438_lustre_mainline_strict.log)
  lustre_mainline: PASS (146s) (log: /var/www/ci-lustre/upstream-patch-review/315c11999297c052714e496dcdae7cac5ed47438_lustre_mainline.log)
  lustre_mainline_native: PASS (145s) (log: /var/www/ci-lustre/upstream-patch-review/315c11999297c052714e496dcdae7cac5ed47438_lustre_mainline_native.log)
  boot: PASS (114s) (log: /var/www/ci-lustre/upstream-patch-review/315c11999297c052714e496dcdae7cac5ed47438_boot.log)
  llmount: PASS (194s) (log: /var/www/ci-lustre/upstream-patch-review/315c11999297c052714e496dcdae7cac5ed47438_llmount.log)
  mgs-setup: PASS (124s) (log: /var/www/ci-lustre/upstream-patch-review/315c11999297c052714e496dcdae7cac5ed47438_mgs-setup.log)
  sanity-1: PASS (192s) (log: /var/www/ci-lustre/upstream-patch-review/315c11999297c052714e496dcdae7cac5ed47438_sanity-1.log)
  sanity-2: PASS (151s) (log: /var/www/ci-lustre/upstream-patch-review/315c11999297c052714e496dcdae7cac5ed47438_sanity-2.log)
  sanity-3: PASS (191s) (log: /var/www/ci-lustre/upstream-patch-review/315c11999297c052714e496dcdae7cac5ed47438_sanity-3.log)
  sanity-4: PASS (193s) (log: /var/www/ci-lustre/upstream-patch-review/315c11999297c052714e496dcdae7cac5ed47438_sanity-4.log)

Total execution time: 369s
