CLI: ./podman-ktest --podman-socket unix:///run/podman/podman.sock --shared-filesystem /tmp --tarball-input job lustre-ci --output /var/www/ci-lustre/upstream-patch-review --git-hash 31f5aec2fb02ac8fbb9ade86c36de9ec18c96c32 --change-id 65111_31f5aec2fb02ac8fbb9ade86c36de9ec18c96c32 --subject LU-6363 tests: Increase wait time of test_9b

  Checking /dev/kvm exists... OK
  Checking /dev/kvm permissions... OK
  Creating ccache directory... OK
  Checking ccache directory writable... OK

Environment validated successfully
Creating kernel tarball at /tmp/ktest-kernel.tar.gz...
Creating lustre tarball at /tmp/ktest-lustre.tar.gz...
Executing 16 jobs
Jobs will start as soon as their dependencies are satisfied
Using tarball input mode

START lustre_mainline build tests/fs/lustre/boot.ktest
START al2023 build tests/fs/lustre/boot.ktest
START u24 build tests/fs/lustre/boot.ktest
START lustre_mainline_strict build tests/fs/lustre/boot-strict.ktest
START lustre_mainline_native build tests/fs/lustre/boot.ktest
START checkpatch tool checkpatch
PUT /tmp/ktest-kernel.tar.gz 9s
PUT /tmp/ktest-kernel.tar.gz 9s
PUT /tmp/ktest-kernel.tar.gz 9s
PUT /tmp/ktest-kernel.tar.gz 9s
PUT /tmp/ktest-kernel.tar.gz 9s
PUT /tmp/ktest-kernel.tar.gz 10s
PUT /tmp/ktest-lustre.tar.gz 2s
PUT /tmp/ktest-lustre.tar.gz 2s
PUT /tmp/ktest-lustre.tar.gz 2s
PUT /tmp/ktest-lustre.tar.gz 1s
PUT /tmp/ktest-lustre.tar.gz 2s
PUT /tmp/ktest-lustre.tar.gz 2s
END checkpatch tool checkpatch PASS 14s
END al2023 build tests/fs/lustre/boot.ktest PASS 67s
END u24 build tests/fs/lustre/boot.ktest PASS 72s
GET /tmp/ktest_lustre_mainline_strict_nxzviycv.tar 5s
END lustre_mainline_strict build tests/fs/lustre/boot-strict.ktest FAIL 117s (exit code: 1)
GET /tmp/ktest_lustre_mainline_76fpz_c7.tar 4s
GET /tmp/ktest_lustre_mainline_native_t7zud0mo.tar 4s
END lustre_mainline build tests/fs/lustre/boot.ktest PASS 120s
END lustre_mainline_native build tests/fs/lustre/boot.ktest PASS 122s
START clang-tidy tool clang-tidy
START cc-plugin tool cc-plugin
START boot run tests/fs/lustre/boot.ktest
START llmount run tests/fs/lustre/llmount.ktest
START llog-unit run tests/fs/lustre/llog-unit.ktest
START mgs-setup run tests/fs/lustre/mgs-setup.ktest
START sanity-1 run tests/fs/lustre/sanity/sanity-1.ktest
START sanity-2 run tests/fs/lustre/sanity/sanity-2.ktest
START sanity-3 run tests/fs/lustre/sanity/sanity-3.ktest
START sanity-4 run tests/fs/lustre/sanity/sanity-4.ktest
PUT /tmp/ktest-kernel.tar.gz 12s
PUT /tmp/ktest_lustre_mainline_native_t7zud0mo.tar 16s
PUT /tmp/ktest_lustre_mainline_native_t7zud0mo.tar 16s
PUT /tmp/ktest_lustre_mainline_native_t7zud0mo.tar 16s
PUT /tmp/ktest_lustre_mainline_native_t7zud0mo.tar 16s
PUT /tmp/ktest-kernel.tar.gz 17s
PUT /tmp/ktest_lustre_mainline_native_t7zud0mo.tar 17s
PUT /tmp/ktest_lustre_mainline_native_t7zud0mo.tar 17s
PUT /tmp/ktest_lustre_mainline_native_t7zud0mo.tar 16s
PUT /tmp/ktest_lustre_mainline_native_t7zud0mo.tar 16s
PUT /tmp/ktest-lustre.tar.gz 32s
PUT /tmp/ktest-lustre.tar.gz 33s
PUT /tmp/ktest_lustre_mainline_native_t7zud0mo.tar 4s
PUT /tmp/ktest_lustre_mainline_native_t7zud0mo.tar 10s
END cc-plugin tool cc-plugin FAIL 57s (exit code: 127)
END boot run tests/fs/lustre/boot.ktest PASS 77s
END clang-tidy tool clang-tidy PASS 78s
END mgs-setup run tests/fs/lustre/mgs-setup.ktest PASS 88s
END sanity-1 run tests/fs/lustre/sanity/sanity-1.ktest PASS 105s
END sanity-3 run tests/fs/lustre/sanity/sanity-3.ktest PASS 110s
END sanity-4 run tests/fs/lustre/sanity/sanity-4.ktest PASS 111s
END sanity-2 run tests/fs/lustre/sanity/sanity-2.ktest PASS 121s
END llmount run tests/fs/lustre/llmount.ktest PASS 162s
END llog-unit run tests/fs/lustre/llog-unit.ktest PASS 173s

============================================================
Final Results:
  checkpatch: PASS (14s) (log: /var/www/ci-lustre/upstream-patch-review/31f5aec2fb02ac8fbb9ade86c36de9ec18c96c32_checkpatch.log)
  u24: PASS (72s) (log: /var/www/ci-lustre/upstream-patch-review/31f5aec2fb02ac8fbb9ade86c36de9ec18c96c32_u24.log)
  al2023: PASS (67s) (log: /var/www/ci-lustre/upstream-patch-review/31f5aec2fb02ac8fbb9ade86c36de9ec18c96c32_al2023.log)
  lustre_mainline_strict: FAIL (117s) (log: /var/www/ci-lustre/upstream-patch-review/31f5aec2fb02ac8fbb9ade86c36de9ec18c96c32_lustre_mainline_strict.log)
  lustre_mainline: PASS (120s) (log: /var/www/ci-lustre/upstream-patch-review/31f5aec2fb02ac8fbb9ade86c36de9ec18c96c32_lustre_mainline.log)
  lustre_mainline_native: PASS (122s) (log: /var/www/ci-lustre/upstream-patch-review/31f5aec2fb02ac8fbb9ade86c36de9ec18c96c32_lustre_mainline_native.log)
  clang-tidy: PASS (78s) (log: /var/www/ci-lustre/upstream-patch-review/31f5aec2fb02ac8fbb9ade86c36de9ec18c96c32_clang-tidy.log)
  cc-plugin: FAIL (57s) (log: /var/www/ci-lustre/upstream-patch-review/31f5aec2fb02ac8fbb9ade86c36de9ec18c96c32_cc-plugin.log)
  boot: PASS (77s) (log: /var/www/ci-lustre/upstream-patch-review/31f5aec2fb02ac8fbb9ade86c36de9ec18c96c32_boot.log)
  llmount: PASS (162s) (log: /var/www/ci-lustre/upstream-patch-review/31f5aec2fb02ac8fbb9ade86c36de9ec18c96c32_llmount.log)
  llog-unit: PASS (173s) (log: /var/www/ci-lustre/upstream-patch-review/31f5aec2fb02ac8fbb9ade86c36de9ec18c96c32_llog-unit.log)
  mgs-setup: PASS (88s) (log: /var/www/ci-lustre/upstream-patch-review/31f5aec2fb02ac8fbb9ade86c36de9ec18c96c32_mgs-setup.log)
  sanity-1: PASS (105s) (log: /var/www/ci-lustre/upstream-patch-review/31f5aec2fb02ac8fbb9ade86c36de9ec18c96c32_sanity-1.log)
  sanity-2: PASS (121s) (log: /var/www/ci-lustre/upstream-patch-review/31f5aec2fb02ac8fbb9ade86c36de9ec18c96c32_sanity-2.log)
  sanity-3: PASS (110s) (log: /var/www/ci-lustre/upstream-patch-review/31f5aec2fb02ac8fbb9ade86c36de9ec18c96c32_sanity-3.log)
  sanity-4: PASS (111s) (log: /var/www/ci-lustre/upstream-patch-review/31f5aec2fb02ac8fbb9ade86c36de9ec18c96c32_sanity-4.log)

Total execution time: 327s
