CLI: ./podman-ktest --podman-socket unix:///run/podman/podman.sock --shared-filesystem /tmp --tarball-input job lustre-ci --output /var/www/ci-lustre/upstream-patch-review --git-hash 32b93d55d8632d7ed977c203dd17e4d06719670e --change-id 57894_32b93d55d8632d7ed977c203dd17e4d06719670e --subject LU-18675 llite: drop writepage() implementation

  Checking /dev/kvm exists... OK
  Checking /dev/kvm permissions... OK
  Creating ccache directory... OK
  Checking ccache directory writable... OK

Environment validated successfully
Creating kernel tarball at /tmp/ktest-kernel.tar.gz...
Creating lustre tarball at /tmp/ktest-lustre.tar.gz...
Executing 16 jobs
Jobs will start as soon as their dependencies are satisfied
Using tarball input mode

START lustre_mainline build tests/fs/lustre/boot.ktest
START lustre_mainline_strict build tests/fs/lustre/boot-strict.ktest
START checkpatch tool checkpatch
START lustre_u24 build tests/fs/lustre/boot.ktest
START lustre_al2023 build tests/fs/lustre/boot.ktest
START lustre_mainline_native build tests/fs/lustre/boot.ktest
PUT /tmp/ktest-kernel.tar.gz 14s
PUT /tmp/ktest-kernel.tar.gz 15s
PUT /tmp/ktest-kernel.tar.gz 15s
PUT /tmp/ktest-kernel.tar.gz 15s
PUT /tmp/ktest-kernel.tar.gz 15s
PUT /tmp/ktest-kernel.tar.gz 15s
PUT /tmp/ktest-lustre.tar.gz 7s
PUT /tmp/ktest-lustre.tar.gz 7s
PUT /tmp/ktest-lustre.tar.gz 7s
PUT /tmp/ktest-lustre.tar.gz 8s
PUT /tmp/ktest-lustre.tar.gz 7s
PUT /tmp/ktest-lustre.tar.gz 7s
END checkpatch tool checkpatch PASS 25s
END lustre_u24 build tests/fs/lustre/boot.ktest PASS 91s
END lustre_al2023 build tests/fs/lustre/boot.ktest PASS 94s
GET /tmp/ktest_lustre_mainline_strict_55zcnpfb.tar 4s
END lustre_mainline_strict build tests/fs/lustre/boot-strict.ktest FAIL 141s (exit code: 1)
GET /tmp/ktest_lustre_mainline_native_73hmhjy_.tar 3s
GET /tmp/ktest_lustre_mainline_s81_7h2t.tar 3s
END lustre_mainline_native build tests/fs/lustre/boot.ktest PASS 161s
START clang-tidy tool clang-tidy
START cc-plugin tool cc-plugin
START boot run tests/fs/lustre/boot.ktest
START llmount run tests/fs/lustre/llmount.ktest
START llog-unit run tests/fs/lustre/llog-unit.ktest
START mgs-setup run tests/fs/lustre/mgs-setup.ktest
START sanity-1 run tests/fs/lustre/sanity/sanity-1.ktest
START sanity-2 run tests/fs/lustre/sanity/sanity-2.ktest
START sanity-3 run tests/fs/lustre/sanity/sanity-3.ktest
START sanity-4 run tests/fs/lustre/sanity/sanity-4.ktest
END lustre_mainline build tests/fs/lustre/boot.ktest PASS 163s
PUT /tmp/ktest-kernel.tar.gz 61s
PUT /tmp/ktest_lustre_mainline_native_73hmhjy_.tar 61s
PUT /tmp/ktest_lustre_mainline_native_73hmhjy_.tar 61s
PUT /tmp/ktest_lustre_mainline_native_73hmhjy_.tar 61s
PUT /tmp/ktest_lustre_mainline_native_73hmhjy_.tar 61s
PUT /tmp/ktest_lustre_mainline_native_73hmhjy_.tar 61s
PUT /tmp/ktest_lustre_mainline_native_73hmhjy_.tar 61s
PUT /tmp/ktest_lustre_mainline_native_73hmhjy_.tar 61s
PUT /tmp/ktest-kernel.tar.gz 61s
PUT /tmp/ktest_lustre_mainline_native_73hmhjy_.tar 61s
PUT /tmp/ktest-lustre.tar.gz 64s
PUT /tmp/ktest-lustre.tar.gz 63s
PUT /tmp/ktest_lustre_mainline_native_73hmhjy_.tar 14s
PUT /tmp/ktest_lustre_mainline_native_73hmhjy_.tar 14s
END cc-plugin tool cc-plugin FAIL 145s (exit code: 127)
END boot run tests/fs/lustre/boot.ktest PASS 146s
END clang-tidy tool clang-tidy PASS 164s
END sanity-4 run tests/fs/lustre/sanity/sanity-4.ktest PASS 166s
END mgs-setup run tests/fs/lustre/mgs-setup.ktest PASS 172s
END sanity-3 run tests/fs/lustre/sanity/sanity-3.ktest PASS 178s
END sanity-2 run tests/fs/lustre/sanity/sanity-2.ktest PASS 190s
END sanity-1 run tests/fs/lustre/sanity/sanity-1.ktest PASS 204s
END llog-unit run tests/fs/lustre/llog-unit.ktest PASS 249s
END llmount run tests/fs/lustre/llmount.ktest PASS 250s

============================================================
Final Results:
  checkpatch: PASS (25s) (log: /var/www/ci-lustre/upstream-patch-review/32b93d55d8632d7ed977c203dd17e4d06719670e_checkpatch.log)
  lustre_u24: PASS (91s) (log: /var/www/ci-lustre/upstream-patch-review/32b93d55d8632d7ed977c203dd17e4d06719670e_lustre_u24.log)
  lustre_al2023: PASS (94s) (log: /var/www/ci-lustre/upstream-patch-review/32b93d55d8632d7ed977c203dd17e4d06719670e_lustre_al2023.log)
  lustre_mainline_strict: FAIL (141s) (log: /var/www/ci-lustre/upstream-patch-review/32b93d55d8632d7ed977c203dd17e4d06719670e_lustre_mainline_strict.log)
  lustre_mainline: PASS (163s) (log: /var/www/ci-lustre/upstream-patch-review/32b93d55d8632d7ed977c203dd17e4d06719670e_lustre_mainline.log)
  lustre_mainline_native: PASS (161s) (log: /var/www/ci-lustre/upstream-patch-review/32b93d55d8632d7ed977c203dd17e4d06719670e_lustre_mainline_native.log)
  clang-tidy: PASS (164s) (log: /var/www/ci-lustre/upstream-patch-review/32b93d55d8632d7ed977c203dd17e4d06719670e_clang-tidy.log)
  cc-plugin: FAIL (145s) (log: /var/www/ci-lustre/upstream-patch-review/32b93d55d8632d7ed977c203dd17e4d06719670e_cc-plugin.log)
  boot: PASS (146s) (log: /var/www/ci-lustre/upstream-patch-review/32b93d55d8632d7ed977c203dd17e4d06719670e_boot.log)
  llmount: PASS (250s) (log: /var/www/ci-lustre/upstream-patch-review/32b93d55d8632d7ed977c203dd17e4d06719670e_llmount.log)
  llog-unit: PASS (249s) (log: /var/www/ci-lustre/upstream-patch-review/32b93d55d8632d7ed977c203dd17e4d06719670e_llog-unit.log)
  mgs-setup: PASS (172s) (log: /var/www/ci-lustre/upstream-patch-review/32b93d55d8632d7ed977c203dd17e4d06719670e_mgs-setup.log)
  sanity-1: PASS (204s) (log: /var/www/ci-lustre/upstream-patch-review/32b93d55d8632d7ed977c203dd17e4d06719670e_sanity-1.log)
  sanity-2: PASS (190s) (log: /var/www/ci-lustre/upstream-patch-review/32b93d55d8632d7ed977c203dd17e4d06719670e_sanity-2.log)
  sanity-3: PASS (178s) (log: /var/www/ci-lustre/upstream-patch-review/32b93d55d8632d7ed977c203dd17e4d06719670e_sanity-3.log)
  sanity-4: PASS (166s) (log: /var/www/ci-lustre/upstream-patch-review/32b93d55d8632d7ed977c203dd17e4d06719670e_sanity-4.log)

Total execution time: 441s
