CLI: ./podman-ktest --podman-socket unix:///run/podman/podman.sock --shared-filesystem /tmp --tarball-input job lustre-ci --output /var/www/ci-lustre/upstream-patch-review --git-hash 32e8b56cfb2dd669e61d0bf3e972da5ab7448256 --change-id 61943_32e8b56cfb2dd669e61d0bf3e972da5ab7448256 --subject LU-19054 utils: New max client connection limit.

  Checking /dev/kvm exists... OK
  Checking /dev/kvm permissions... OK
  Creating ccache directory... OK
  Checking ccache directory writable... OK

Environment validated successfully
Creating kernel tarball at /tmp/ktest-kernel.tar.gz...
Creating lustre tarball at /tmp/ktest-lustre.tar.gz...
Executing 16 jobs
Jobs will start as soon as their dependencies are satisfied
Using tarball input mode

START checkpatch tool checkpatch
START u24 build tests/fs/lustre/boot.ktest
START lustre_mainline_strict build tests/fs/lustre/boot-strict.ktest
START lustre_mainline build tests/fs/lustre/boot.ktest
START lustre_mainline_native build tests/fs/lustre/boot.ktest
START al2023 build tests/fs/lustre/boot.ktest
PUT /tmp/ktest-kernel.tar.gz 8s
PUT /tmp/ktest-kernel.tar.gz 8s
PUT /tmp/ktest-kernel.tar.gz 8s
PUT /tmp/ktest-kernel.tar.gz 8s
PUT /tmp/ktest-kernel.tar.gz 8s
PUT /tmp/ktest-kernel.tar.gz 8s
PUT /tmp/ktest-lustre.tar.gz 1s
PUT /tmp/ktest-lustre.tar.gz 2s
PUT /tmp/ktest-lustre.tar.gz 2s
PUT /tmp/ktest-lustre.tar.gz 2s
PUT /tmp/ktest-lustre.tar.gz 2s
PUT /tmp/ktest-lustre.tar.gz 2s
END checkpatch tool checkpatch FAIL 13s (exit code: 1)
END al2023 build tests/fs/lustre/boot.ktest PASS 69s
END u24 build tests/fs/lustre/boot.ktest PASS 72s
GET /tmp/ktest_lustre_mainline_native_f_w433pw.tar 6s
GET /tmp/ktest_lustre_mainline__qprjoxb.tar 6s
GET /tmp/ktest_lustre_mainline_strict_2kqj1g10.tar 5s
END lustre_mainline_native build tests/fs/lustre/boot.ktest FAIL 102s (exit code: 1)
END lustre_mainline build tests/fs/lustre/boot.ktest FAIL 103s (exit code: 1)
END lustre_mainline_strict build tests/fs/lustre/boot-strict.ktest FAIL 104s (exit code: 1)

============================================================
Final Results:
  checkpatch: FAIL (13s) (log: /var/www/ci-lustre/upstream-patch-review/32e8b56cfb2dd669e61d0bf3e972da5ab7448256_checkpatch.log)
  u24: PASS (72s) (log: /var/www/ci-lustre/upstream-patch-review/32e8b56cfb2dd669e61d0bf3e972da5ab7448256_u24.log)
  al2023: PASS (69s) (log: /var/www/ci-lustre/upstream-patch-review/32e8b56cfb2dd669e61d0bf3e972da5ab7448256_al2023.log)
  lustre_mainline_strict: FAIL (104s) (log: /var/www/ci-lustre/upstream-patch-review/32e8b56cfb2dd669e61d0bf3e972da5ab7448256_lustre_mainline_strict.log)
  lustre_mainline: FAIL (103s) (log: /var/www/ci-lustre/upstream-patch-review/32e8b56cfb2dd669e61d0bf3e972da5ab7448256_lustre_mainline.log)
  lustre_mainline_native: FAIL (102s) (log: /var/www/ci-lustre/upstream-patch-review/32e8b56cfb2dd669e61d0bf3e972da5ab7448256_lustre_mainline_native.log)
  clang-tidy: SKIPPED (due to dependency failure)
  cc-plugin: SKIPPED (due to dependency failure)
  boot: SKIPPED (due to dependency failure)
  llmount: SKIPPED (due to dependency failure)
  llog-unit: SKIPPED (due to dependency failure)
  mgs-setup: SKIPPED (due to dependency failure)
  sanity-1: SKIPPED (due to dependency failure)
  sanity-2: SKIPPED (due to dependency failure)
  sanity-3: SKIPPED (due to dependency failure)
  sanity-4: SKIPPED (due to dependency failure)

Total execution time: 136s
