CLI: ./podman-ktest --podman-socket unix:///run/podman/podman.sock --shared-filesystem /tmp --tarball-input job lustre-ci --output /var/www/ci-lustre/upstream-patch-review --git-hash 33073b4e34b638aff555b6b38264e63d34ab100b --change-id 66831_33073b4e34b638aff555b6b38264e63d34ab100b --subject LU-20365 tests: use sim_du to replace 'du -a' in test_123h

  Checking /dev/kvm exists... OK
  Checking /dev/kvm permissions... OK
  Creating ccache directory... OK
  Checking ccache directory writable... OK
  Creating package output directory... OK

Environment validated successfully
Creating kernel tarball at /tmp/ktest-kernel.tar.gz...
Creating lustre tarball at /tmp/ktest-lustre.tar.gz...
Creating ZFS tarball at /tmp/ktest-zfs.tar.gz...
Executing 13 jobs
Jobs will start as soon as their dependencies are satisfied
Using tarball input mode

START u24 build tests/fs/lustre/boot.ktest
START lustre_mainline_native build tests/fs/lustre/boot.ktest
START lustre_mainline build tests/fs/lustre/boot.ktest
START al2023 build tests/fs/lustre/boot.ktest
START lustre_mainline_strict build tests/fs/lustre/boot-strict.ktest
START checkpatch tool checkpatch
PUT /tmp/ktest-lustre.tar.gz 1s
PUT /tmp/ktest-lustre.tar.gz 1s
PUT /tmp/ktest-kernel.tar.gz 6s
PUT /tmp/ktest-kernel.tar.gz 6s
PUT /tmp/ktest-kernel.tar.gz 6s
PUT /tmp/ktest-kernel.tar.gz 6s
PUT /tmp/ktest-lustre.tar.gz 1s
PUT /tmp/ktest-lustre.tar.gz 1s
PUT /tmp/ktest-lustre.tar.gz 1s
PUT /tmp/ktest-lustre.tar.gz 1s
PUT /tmp/ktest-zfs.tar.gz 0s
PUT /tmp/ktest-zfs.tar.gz 0s
PUT /tmp/ktest-zfs.tar.gz 0s
END checkpatch tool checkpatch FAIL 10s (exit code: 1)
END al2023 build tests/fs/lustre/boot.ktest PASS 56s
END u24 build tests/fs/lustre/boot.ktest PASS 66s
GET /tmp/ktest_lustre_mainline_strict_6mgky_m5.tar 6s
END lustre_mainline_strict build tests/fs/lustre/boot-strict.ktest FAIL 169s (exit code: 1)
GET /tmp/ktest_lustre_mainline_native_ds76ej0d.tar 0s
GET /tmp/ktest_lustre_mainline_gb8426c1.tar 0s
END lustre_mainline_native build tests/fs/lustre/boot.ktest PASS 174s
START boot run tests/fs/lustre/boot.ktest
START llmount run tests/fs/lustre/llmount.ktest
START mgs-setup run tests/fs/lustre/mgs-setup.ktest
START sanity-1 run tests/fs/lustre/sanity/sanity-1.ktest
START sanity-2 run tests/fs/lustre/sanity/sanity-2.ktest
START sanity-3 run tests/fs/lustre/sanity/sanity-3.ktest
START sanity-4 run tests/fs/lustre/sanity/sanity-4.ktest
END lustre_mainline build tests/fs/lustre/boot.ktest PASS 175s
PUT /tmp/ktest-kernel.tar.gz 14s
PUT /tmp/ktest-kernel.tar.gz 14s
PUT /tmp/ktest-kernel.tar.gz 14s
PUT /tmp/ktest-kernel.tar.gz 14s
PUT /tmp/ktest-kernel.tar.gz 14s
PUT /tmp/ktest-kernel.tar.gz 14s
PUT /tmp/ktest-kernel.tar.gz 14s
PUT /tmp/ktest-lustre.tar.gz 4s
PUT /tmp/ktest-lustre.tar.gz 4s
PUT /tmp/ktest-lustre.tar.gz 4s
PUT /tmp/ktest-lustre.tar.gz 3s
PUT /tmp/ktest-lustre.tar.gz 3s
PUT /tmp/ktest-lustre.tar.gz 3s
PUT /tmp/ktest-lustre.tar.gz 4s
PUT /tmp/ktest_lustre_mainline_native_ds76ej0d.tar 0s
PUT /tmp/ktest_lustre_mainline_native_ds76ej0d.tar 0s
PUT /tmp/ktest_lustre_mainline_native_ds76ej0d.tar 0s
PUT /tmp/ktest_lustre_mainline_native_ds76ej0d.tar 0s
PUT /tmp/ktest_lustre_mainline_native_ds76ej0d.tar 0s
PUT /tmp/ktest_lustre_mainline_native_ds76ej0d.tar 0s
PUT /tmp/ktest_lustre_mainline_native_ds76ej0d.tar 0s
END boot run tests/fs/lustre/boot.ktest PASS 61s
END mgs-setup run tests/fs/lustre/mgs-setup.ktest PASS 70s
END sanity-4 run tests/fs/lustre/sanity/sanity-4.ktest PASS 97s
END sanity-3 run tests/fs/lustre/sanity/sanity-3.ktest PASS 98s
END sanity-1 run tests/fs/lustre/sanity/sanity-1.ktest PASS 100s
END sanity-2 run tests/fs/lustre/sanity/sanity-2.ktest PASS 110s
END llmount run tests/fs/lustre/llmount.ktest PASS 111s

============================================================
Final Results:
  checkpatch: FAIL (10s) (log: /var/www/ci-lustre/upstream-patch-review/33073b4e34b638aff555b6b38264e63d34ab100b_checkpatch.log)
  u24: PASS (66s) (log: /var/www/ci-lustre/upstream-patch-review/33073b4e34b638aff555b6b38264e63d34ab100b_u24.log)
  al2023: PASS (56s) (log: /var/www/ci-lustre/upstream-patch-review/33073b4e34b638aff555b6b38264e63d34ab100b_al2023.log)
  lustre_mainline_strict: FAIL (169s) (log: /var/www/ci-lustre/upstream-patch-review/33073b4e34b638aff555b6b38264e63d34ab100b_lustre_mainline_strict.log)
  lustre_mainline: PASS (175s) (log: /var/www/ci-lustre/upstream-patch-review/33073b4e34b638aff555b6b38264e63d34ab100b_lustre_mainline.log)
  lustre_mainline_native: PASS (174s) (log: /var/www/ci-lustre/upstream-patch-review/33073b4e34b638aff555b6b38264e63d34ab100b_lustre_mainline_native.log)
  boot: PASS (61s) (log: /var/www/ci-lustre/upstream-patch-review/33073b4e34b638aff555b6b38264e63d34ab100b_boot.log)
  llmount: PASS (111s) (log: /var/www/ci-lustre/upstream-patch-review/33073b4e34b638aff555b6b38264e63d34ab100b_llmount.log)
  mgs-setup: PASS (70s) (log: /var/www/ci-lustre/upstream-patch-review/33073b4e34b638aff555b6b38264e63d34ab100b_mgs-setup.log)
  sanity-1: PASS (100s) (log: /var/www/ci-lustre/upstream-patch-review/33073b4e34b638aff555b6b38264e63d34ab100b_sanity-1.log)
  sanity-2: PASS (110s) (log: /var/www/ci-lustre/upstream-patch-review/33073b4e34b638aff555b6b38264e63d34ab100b_sanity-2.log)
  sanity-3: PASS (98s) (log: /var/www/ci-lustre/upstream-patch-review/33073b4e34b638aff555b6b38264e63d34ab100b_sanity-3.log)
  sanity-4: PASS (97s) (log: /var/www/ci-lustre/upstream-patch-review/33073b4e34b638aff555b6b38264e63d34ab100b_sanity-4.log)

Total execution time: 314s
