CLI: ./podman-ktest --podman-socket unix:///run/podman/podman.sock --shared-filesystem /tmp --tarball-input job lustre-ci --output /var/www/ci-lustre/upstream-patch-review --git-hash 333ccf5cca68ecd895950273aba1b5d90f0e5f91 --change-id 65328_333ccf5cca68ecd895950273aba1b5d90f0e5f91 --subject LU-19921 nodemap: expose fileset operations

  Checking /dev/kvm exists... OK
  Checking /dev/kvm permissions... OK
  Creating ccache directory... OK
  Checking ccache directory writable... OK

Environment validated successfully
Creating kernel tarball at /tmp/ktest-kernel.tar.gz...
Creating lustre tarball at /tmp/ktest-lustre.tar.gz...
Creating ZFS tarball at /tmp/ktest-zfs.tar.gz...
Executing 13 jobs
Jobs will start as soon as their dependencies are satisfied
Using tarball input mode

START u24 build tests/fs/lustre/boot.ktest
START lustre_mainline_native build tests/fs/lustre/boot.ktest
START lustre_mainline build tests/fs/lustre/boot.ktest
START lustre_mainline_strict build tests/fs/lustre/boot-strict.ktest
START checkpatch tool checkpatch
START al2023 build tests/fs/lustre/boot.ktest
PUT /tmp/ktest-lustre.tar.gz 1s
PUT /tmp/ktest-lustre.tar.gz 1s
PUT /tmp/ktest-kernel.tar.gz 7s
PUT /tmp/ktest-kernel.tar.gz 8s
PUT /tmp/ktest-kernel.tar.gz 8s
PUT /tmp/ktest-kernel.tar.gz 8s
PUT /tmp/ktest-lustre.tar.gz 1s
PUT /tmp/ktest-lustre.tar.gz 1s
PUT /tmp/ktest-lustre.tar.gz 1s
PUT /tmp/ktest-lustre.tar.gz 1s
PUT /tmp/ktest-zfs.tar.gz 0s
PUT /tmp/ktest-zfs.tar.gz 0s
PUT /tmp/ktest-zfs.tar.gz 0s
END checkpatch tool checkpatch PASS 12s
END al2023 build tests/fs/lustre/boot.ktest PASS 63s
END u24 build tests/fs/lustre/boot.ktest PASS 65s
GET /tmp/ktest_lustre_mainline_strict_z_81c8k6.tar 5s
END lustre_mainline_strict build tests/fs/lustre/boot-strict.ktest FAIL 182s (exit code: 1)
GET /tmp/ktest_lustre_mainline_native_djkf6wu2.tar 0s
GET /tmp/ktest_lustre_mainline_2kr7evmd.tar 0s
END lustre_mainline_native build tests/fs/lustre/boot.ktest PASS 196s
START boot run tests/fs/lustre/boot.ktest
START llmount run tests/fs/lustre/llmount.ktest
START mgs-setup run tests/fs/lustre/mgs-setup.ktest
START sanity-1 run tests/fs/lustre/sanity/sanity-1.ktest
START sanity-2 run tests/fs/lustre/sanity/sanity-2.ktest
START sanity-3 run tests/fs/lustre/sanity/sanity-3.ktest
START sanity-4 run tests/fs/lustre/sanity/sanity-4.ktest
END lustre_mainline build tests/fs/lustre/boot.ktest PASS 197s
PUT /tmp/ktest_lustre_mainline_native_djkf6wu2.tar 11s
PUT /tmp/ktest_lustre_mainline_native_djkf6wu2.tar 11s
PUT /tmp/ktest_lustre_mainline_native_djkf6wu2.tar 11s
PUT /tmp/ktest_lustre_mainline_native_djkf6wu2.tar 11s
PUT /tmp/ktest_lustre_mainline_native_djkf6wu2.tar 11s
PUT /tmp/ktest_lustre_mainline_native_djkf6wu2.tar 1s
PUT /tmp/ktest_lustre_mainline_native_djkf6wu2.tar 0s
END boot run tests/fs/lustre/boot.ktest PASS 29s
END mgs-setup run tests/fs/lustre/mgs-setup.ktest PASS 37s
END sanity-1 run tests/fs/lustre/sanity/sanity-1.ktest PASS 49s
END sanity-2 run tests/fs/lustre/sanity/sanity-2.ktest PASS 51s
END sanity-4 run tests/fs/lustre/sanity/sanity-4.ktest PASS 51s
END sanity-3 run tests/fs/lustre/sanity/sanity-3.ktest PASS 63s
END llmount run tests/fs/lustre/llmount.ktest PASS 125s

============================================================
Final Results:
  checkpatch: PASS (12s) (log: /var/www/ci-lustre/upstream-patch-review/333ccf5cca68ecd895950273aba1b5d90f0e5f91_checkpatch.log)
  u24: PASS (65s) (log: /var/www/ci-lustre/upstream-patch-review/333ccf5cca68ecd895950273aba1b5d90f0e5f91_u24.log)
  al2023: PASS (63s) (log: /var/www/ci-lustre/upstream-patch-review/333ccf5cca68ecd895950273aba1b5d90f0e5f91_al2023.log)
  lustre_mainline_strict: FAIL (182s) (log: /var/www/ci-lustre/upstream-patch-review/333ccf5cca68ecd895950273aba1b5d90f0e5f91_lustre_mainline_strict.log)
  lustre_mainline: PASS (197s) (log: /var/www/ci-lustre/upstream-patch-review/333ccf5cca68ecd895950273aba1b5d90f0e5f91_lustre_mainline.log)
  lustre_mainline_native: PASS (196s) (log: /var/www/ci-lustre/upstream-patch-review/333ccf5cca68ecd895950273aba1b5d90f0e5f91_lustre_mainline_native.log)
  boot: PASS (29s) (log: /var/www/ci-lustre/upstream-patch-review/333ccf5cca68ecd895950273aba1b5d90f0e5f91_boot.log)
  llmount: PASS (125s) (log: /var/www/ci-lustre/upstream-patch-review/333ccf5cca68ecd895950273aba1b5d90f0e5f91_llmount.log)
  mgs-setup: PASS (37s) (log: /var/www/ci-lustre/upstream-patch-review/333ccf5cca68ecd895950273aba1b5d90f0e5f91_mgs-setup.log)
  sanity-1: PASS (49s) (log: /var/www/ci-lustre/upstream-patch-review/333ccf5cca68ecd895950273aba1b5d90f0e5f91_sanity-1.log)
  sanity-2: PASS (51s) (log: /var/www/ci-lustre/upstream-patch-review/333ccf5cca68ecd895950273aba1b5d90f0e5f91_sanity-2.log)
  sanity-3: PASS (63s) (log: /var/www/ci-lustre/upstream-patch-review/333ccf5cca68ecd895950273aba1b5d90f0e5f91_sanity-3.log)
  sanity-4: PASS (51s) (log: /var/www/ci-lustre/upstream-patch-review/333ccf5cca68ecd895950273aba1b5d90f0e5f91_sanity-4.log)

Total execution time: 351s
