CLI: ./podman-ktest --podman-socket unix:///run/podman/podman.sock --shared-filesystem /tmp --tarball-input job lustre-ci --output /var/www/ci-lustre/upstream-patch-review --git-hash 33d8785e869be7713c6cf69e93c9b660018e5eb8 --change-id 63643_33d8785e869be7713c6cf69e93c9b660018e5eb8 --subject LU-19833 acl: fix generation of changelogs with ACLs

  Checking /dev/kvm exists... OK
  Checking /dev/kvm permissions... OK
  Creating ccache directory... OK
  Checking ccache directory writable... OK

Environment validated successfully
Creating kernel tarball at /tmp/ktest-kernel.tar.gz...
Creating lustre tarball at /tmp/ktest-lustre.tar.gz...
Executing 16 jobs
Jobs will start as soon as their dependencies are satisfied
Using tarball input mode

START lustre_mainline_native build tests/fs/lustre/boot.ktest
START lustre_u24 build tests/fs/lustre/boot.ktest
START lustre_mainline build tests/fs/lustre/boot.ktest
START checkpatch tool checkpatch
START lustre_mainline_strict build tests/fs/lustre/boot-strict.ktest
START lustre_al2023 build tests/fs/lustre/boot.ktest
PUT /tmp/ktest-kernel.tar.gz 8s
PUT /tmp/ktest-kernel.tar.gz 8s
PUT /tmp/ktest-kernel.tar.gz 8s
PUT /tmp/ktest-kernel.tar.gz 8s
PUT /tmp/ktest-kernel.tar.gz 8s
PUT /tmp/ktest-kernel.tar.gz 8s
PUT /tmp/ktest-lustre.tar.gz 2s
PUT /tmp/ktest-lustre.tar.gz 2s
PUT /tmp/ktest-lustre.tar.gz 1s
PUT /tmp/ktest-lustre.tar.gz 2s
PUT /tmp/ktest-lustre.tar.gz 1s
PUT /tmp/ktest-lustre.tar.gz 2s
END checkpatch tool checkpatch PASS 13s
END lustre_al2023 build tests/fs/lustre/boot.ktest PASS 68s
END lustre_u24 build tests/fs/lustre/boot.ktest PASS 72s
GET /tmp/ktest_lustre_mainline_strict_52sbh3py.tar 4s
END lustre_mainline_strict build tests/fs/lustre/boot-strict.ktest FAIL 108s (exit code: 1)
GET /tmp/ktest_lustre_mainline_native_i5opp2jb.tar 3s
GET /tmp/ktest_lustre_mainline_mn0gl6x7.tar 3s
END lustre_mainline_native build tests/fs/lustre/boot.ktest PASS 116s
START clang-tidy tool clang-tidy
START cc-plugin tool cc-plugin
START boot run tests/fs/lustre/boot.ktest
START llmount run tests/fs/lustre/llmount.ktest
START llog-unit run tests/fs/lustre/llog-unit.ktest
START mgs-setup run tests/fs/lustre/mgs-setup.ktest
START sanity-1 run tests/fs/lustre/sanity/sanity-1.ktest
START sanity-2 run tests/fs/lustre/sanity/sanity-2.ktest
START sanity-3 run tests/fs/lustre/sanity/sanity-3.ktest
START sanity-4 run tests/fs/lustre/sanity/sanity-4.ktest
END lustre_mainline build tests/fs/lustre/boot.ktest PASS 117s
PUT /tmp/ktest-kernel.tar.gz 10s
PUT /tmp/ktest-kernel.tar.gz 13s
PUT /tmp/ktest_lustre_mainline_native_i5opp2jb.tar 14s
PUT /tmp/ktest_lustre_mainline_native_i5opp2jb.tar 14s
PUT /tmp/ktest_lustre_mainline_native_i5opp2jb.tar 14s
PUT /tmp/ktest_lustre_mainline_native_i5opp2jb.tar 14s
PUT /tmp/ktest_lustre_mainline_native_i5opp2jb.tar 14s
PUT /tmp/ktest_lustre_mainline_native_i5opp2jb.tar 14s
PUT /tmp/ktest_lustre_mainline_native_i5opp2jb.tar 14s
PUT /tmp/ktest_lustre_mainline_native_i5opp2jb.tar 14s
PUT /tmp/ktest-lustre.tar.gz 27s
PUT /tmp/ktest-lustre.tar.gz 27s
PUT /tmp/ktest_lustre_mainline_native_i5opp2jb.tar 4s
PUT /tmp/ktest_lustre_mainline_native_i5opp2jb.tar 8s
END cc-plugin tool cc-plugin FAIL 50s (exit code: 127)
END clang-tidy tool clang-tidy PASS 69s
END boot run tests/fs/lustre/boot.ktest PASS 70s
END mgs-setup run tests/fs/lustre/mgs-setup.ktest PASS 76s
END sanity-1 run tests/fs/lustre/sanity/sanity-1.ktest PASS 89s
END sanity-2 run tests/fs/lustre/sanity/sanity-2.ktest PASS 102s
END sanity-3 run tests/fs/lustre/sanity/sanity-3.ktest PASS 103s
END sanity-4 run tests/fs/lustre/sanity/sanity-4.ktest PASS 111s
END llog-unit run tests/fs/lustre/llog-unit.ktest PASS 156s
END llmount run tests/fs/lustre/llmount.ktest PASS 168s

============================================================
Final Results:
  checkpatch: PASS (13s) (log: /var/www/ci-lustre/upstream-patch-review/33d8785e869be7713c6cf69e93c9b660018e5eb8_checkpatch.log)
  lustre_u24: PASS (72s) (log: /var/www/ci-lustre/upstream-patch-review/33d8785e869be7713c6cf69e93c9b660018e5eb8_lustre_u24.log)
  lustre_al2023: PASS (68s) (log: /var/www/ci-lustre/upstream-patch-review/33d8785e869be7713c6cf69e93c9b660018e5eb8_lustre_al2023.log)
  lustre_mainline_strict: FAIL (108s) (log: /var/www/ci-lustre/upstream-patch-review/33d8785e869be7713c6cf69e93c9b660018e5eb8_lustre_mainline_strict.log)
  lustre_mainline: PASS (117s) (log: /var/www/ci-lustre/upstream-patch-review/33d8785e869be7713c6cf69e93c9b660018e5eb8_lustre_mainline.log)
  lustre_mainline_native: PASS (116s) (log: /var/www/ci-lustre/upstream-patch-review/33d8785e869be7713c6cf69e93c9b660018e5eb8_lustre_mainline_native.log)
  clang-tidy: PASS (69s) (log: /var/www/ci-lustre/upstream-patch-review/33d8785e869be7713c6cf69e93c9b660018e5eb8_clang-tidy.log)
  cc-plugin: FAIL (50s) (log: /var/www/ci-lustre/upstream-patch-review/33d8785e869be7713c6cf69e93c9b660018e5eb8_cc-plugin.log)
  boot: PASS (70s) (log: /var/www/ci-lustre/upstream-patch-review/33d8785e869be7713c6cf69e93c9b660018e5eb8_boot.log)
  llmount: PASS (168s) (log: /var/www/ci-lustre/upstream-patch-review/33d8785e869be7713c6cf69e93c9b660018e5eb8_llmount.log)
  llog-unit: PASS (156s) (log: /var/www/ci-lustre/upstream-patch-review/33d8785e869be7713c6cf69e93c9b660018e5eb8_llog-unit.log)
  mgs-setup: PASS (76s) (log: /var/www/ci-lustre/upstream-patch-review/33d8785e869be7713c6cf69e93c9b660018e5eb8_mgs-setup.log)
  sanity-1: PASS (89s) (log: /var/www/ci-lustre/upstream-patch-review/33d8785e869be7713c6cf69e93c9b660018e5eb8_sanity-1.log)
  sanity-2: PASS (102s) (log: /var/www/ci-lustre/upstream-patch-review/33d8785e869be7713c6cf69e93c9b660018e5eb8_sanity-2.log)
  sanity-3: PASS (103s) (log: /var/www/ci-lustre/upstream-patch-review/33d8785e869be7713c6cf69e93c9b660018e5eb8_sanity-3.log)
  sanity-4: PASS (111s) (log: /var/www/ci-lustre/upstream-patch-review/33d8785e869be7713c6cf69e93c9b660018e5eb8_sanity-4.log)

Total execution time: 314s
