CLI: ./podman-ktest --podman-socket unix:///run/podman/podman.sock --shared-filesystem /tmp --tarball-input job lustre-ci --output /var/www/ci-lustre/upstream-patch-review --git-hash 35db137b9e27d89402a6464133e9328be54f1475 --change-id 65949_35db137b9e27d89402a6464133e9328be54f1475 --subject LU-20270 tests: check NRS CRRN memory leak

  Checking /dev/kvm exists... OK
  Checking /dev/kvm permissions... OK
  Creating ccache directory... OK
  Checking ccache directory writable... OK

Environment validated successfully
Creating kernel tarball at /tmp/ktest-kernel.tar.gz...
Creating lustre tarball at /tmp/ktest-lustre.tar.gz...
Creating ZFS tarball at /tmp/ktest-zfs.tar.gz...
Executing 13 jobs
Jobs will start as soon as their dependencies are satisfied
Using tarball input mode

START u24 build tests/fs/lustre/boot.ktest
START al2023 build tests/fs/lustre/boot.ktest
START checkpatch tool checkpatch
START lustre_mainline build tests/fs/lustre/boot.ktest
START lustre_mainline_native build tests/fs/lustre/boot.ktest
START lustre_mainline_strict build tests/fs/lustre/boot-strict.ktest
PUT /tmp/ktest-lustre.tar.gz 1s
PUT /tmp/ktest-lustre.tar.gz 1s
PUT /tmp/ktest-kernel.tar.gz 6s
PUT /tmp/ktest-kernel.tar.gz 6s
PUT /tmp/ktest-kernel.tar.gz 6s
PUT /tmp/ktest-kernel.tar.gz 6s
PUT /tmp/ktest-lustre.tar.gz 3s
PUT /tmp/ktest-lustre.tar.gz 3s
PUT /tmp/ktest-lustre.tar.gz 3s
PUT /tmp/ktest-lustre.tar.gz 3s
PUT /tmp/ktest-zfs.tar.gz 0s
PUT /tmp/ktest-zfs.tar.gz 0s
PUT /tmp/ktest-zfs.tar.gz 0s
END checkpatch tool checkpatch PASS 12s
END al2023 build tests/fs/lustre/boot.ktest PASS 62s
END u24 build tests/fs/lustre/boot.ktest PASS 66s
GET /tmp/ktest_lustre_mainline_strict_ez2o_x07.tar 6s
END lustre_mainline_strict build tests/fs/lustre/boot-strict.ktest FAIL 143s (exit code: 1)
GET /tmp/ktest_lustre_mainline_native_0t5n6nbj.tar 0s
GET /tmp/ktest_lustre_mainline_dfox8z7q.tar 0s
END lustre_mainline_native build tests/fs/lustre/boot.ktest PASS 152s
START boot run tests/fs/lustre/boot.ktest
START llmount run tests/fs/lustre/llmount.ktest
START mgs-setup run tests/fs/lustre/mgs-setup.ktest
START sanity-1 run tests/fs/lustre/sanity/sanity-1.ktest
START sanity-2 run tests/fs/lustre/sanity/sanity-2.ktest
START sanity-3 run tests/fs/lustre/sanity/sanity-3.ktest
START sanity-4 run tests/fs/lustre/sanity/sanity-4.ktest
END lustre_mainline build tests/fs/lustre/boot.ktest PASS 153s
PUT /tmp/ktest_lustre_mainline_native_0t5n6nbj.tar 5s
PUT /tmp/ktest_lustre_mainline_native_0t5n6nbj.tar 4s
PUT /tmp/ktest_lustre_mainline_native_0t5n6nbj.tar 5s
PUT /tmp/ktest_lustre_mainline_native_0t5n6nbj.tar 4s
PUT /tmp/ktest_lustre_mainline_native_0t5n6nbj.tar 5s
PUT /tmp/ktest_lustre_mainline_native_0t5n6nbj.tar 4s
PUT /tmp/ktest_lustre_mainline_native_0t5n6nbj.tar 5s
END boot run tests/fs/lustre/boot.ktest PASS 23s
END mgs-setup run tests/fs/lustre/mgs-setup.ktest PASS 31s
END sanity-1 run tests/fs/lustre/sanity/sanity-1.ktest PASS 46s
END sanity-3 run tests/fs/lustre/sanity/sanity-3.ktest PASS 52s
END sanity-4 run tests/fs/lustre/sanity/sanity-4.ktest PASS 54s
END sanity-2 run tests/fs/lustre/sanity/sanity-2.ktest PASS 55s
END llmount run tests/fs/lustre/llmount.ktest PASS 106s

============================================================
Final Results:
  checkpatch: PASS (12s) (log: /var/www/ci-lustre/upstream-patch-review/35db137b9e27d89402a6464133e9328be54f1475_checkpatch.log)
  u24: PASS (66s) (log: /var/www/ci-lustre/upstream-patch-review/35db137b9e27d89402a6464133e9328be54f1475_u24.log)
  al2023: PASS (62s) (log: /var/www/ci-lustre/upstream-patch-review/35db137b9e27d89402a6464133e9328be54f1475_al2023.log)
  lustre_mainline_strict: FAIL (143s) (log: /var/www/ci-lustre/upstream-patch-review/35db137b9e27d89402a6464133e9328be54f1475_lustre_mainline_strict.log)
  lustre_mainline: PASS (153s) (log: /var/www/ci-lustre/upstream-patch-review/35db137b9e27d89402a6464133e9328be54f1475_lustre_mainline.log)
  lustre_mainline_native: PASS (152s) (log: /var/www/ci-lustre/upstream-patch-review/35db137b9e27d89402a6464133e9328be54f1475_lustre_mainline_native.log)
  boot: PASS (23s) (log: /var/www/ci-lustre/upstream-patch-review/35db137b9e27d89402a6464133e9328be54f1475_boot.log)
  llmount: PASS (106s) (log: /var/www/ci-lustre/upstream-patch-review/35db137b9e27d89402a6464133e9328be54f1475_llmount.log)
  mgs-setup: PASS (31s) (log: /var/www/ci-lustre/upstream-patch-review/35db137b9e27d89402a6464133e9328be54f1475_mgs-setup.log)
  sanity-1: PASS (46s) (log: /var/www/ci-lustre/upstream-patch-review/35db137b9e27d89402a6464133e9328be54f1475_sanity-1.log)
  sanity-2: PASS (55s) (log: /var/www/ci-lustre/upstream-patch-review/35db137b9e27d89402a6464133e9328be54f1475_sanity-2.log)
  sanity-3: PASS (52s) (log: /var/www/ci-lustre/upstream-patch-review/35db137b9e27d89402a6464133e9328be54f1475_sanity-3.log)
  sanity-4: PASS (54s) (log: /var/www/ci-lustre/upstream-patch-review/35db137b9e27d89402a6464133e9328be54f1475_sanity-4.log)

Total execution time: 289s
