WARNING:FILE_PATH_CHANGES: added, moved or deleted file(s), does MAINTAINERS need updating?
#192: 
deleted file mode 100644

WARNING:LONG_LINE: line length of 244 exceeds 100 columns
#551: FILE: lustre/ldlm/ldlm_lock.c:2823:
+				 "%pV ns: %s lock: %p/%#llx lrc: %d/%d,%d mode: %s/%s res: " DLDLMRES " rrc: %d type: %s [%llu->%llu] (req %llu->%llu) gid %llu flags: %#llx nid: %s remote: %#llx expref: %d pid: %u timeout: %lld lvb_type: %d\n",

WARNING:LONG_LINE: line length of 177 exceeds 100 columns
#570: FILE: lustre/ldlm/ldlm_lock.c:2870:
+				 "%pV ns: %s lock: %p/%#llx lrc: %d/%d,%d mode: %s/%s res: " DLDLMRES " bits %#lx/%#lx rrc: %d type: %s flags: %#llx pid: %u initiator: MDT%d\n",

WARNING:LONG_LINE: line length of 229 exceeds 100 columns
#584: FILE: lustre/ldlm/ldlm_lock.c:2887:
+				 "%pV ns: %s lock: %p/%#llx lrc: %d/%d,%d mode: %s/%s res: " DLDLMRES " bits %#lx/%#lx rrc: %d type: %s gid %llu flags: %#llx nid: %s remote: %#llx expref: %d pid: %u timeout: %lld lvb_type: %d\n",

WARNING:LONG_LINE: line length of 205 exceeds 100 columns
#600: FILE: lustre/ldlm/ldlm_lock.c:2910:
+				 "%pV ns: %s lock: %p/%#llx lrc: %d/%d,%d mode: %s/%s res: " DLDLMRES " rrc: %d type: %s flags: %#llx nid: %s remote: %#llx expref: %d pid: %u timeout: %lld lvb_type: %d\n",

WARNING:TYPO_SPELLING: 'ununsed' may be misspelled - perhaps 'unused'?
#977: FILE: lustre/tests/sanity.sh:16736:
+	# cache ununsed locks on client
 	        ^^^^^^^

total: 0 errors, 6 warnings, 887 lines checked

NOTE: For some of the reported defects, checkpatch may be able to
      mechanically convert to the typical style using --fix or --fix-inplace.

Your patch has style problems, please review.

NOTE: If any of the errors are false positives, please report
      them to the maintainer, see CHECKPATCH in MAINTAINERS.
