CLI: ./podman-ktest --podman-socket unix:///run/podman/podman.sock --shared-filesystem /tmp --tarball-input job lustre-ci --output /var/www/ci-lustre/upstream-patch-review --git-hash 360a0af5afec7eb8b9f8d1c118e68190ea4d73a4 --change-id 63730_360a0af5afec7eb8b9f8d1c118e68190ea4d73a4 --subject LU-0000 tests: check recovery-small/26b

  Checking /dev/kvm exists... OK
  Checking /dev/kvm permissions... OK
  Creating ccache directory... OK
  Checking ccache directory writable... OK

Environment validated successfully
Creating kernel tarball at /tmp/ktest-kernel.tar.gz...
Creating lustre tarball at /tmp/ktest-lustre.tar.gz...
Executing 16 jobs
Jobs will start as soon as their dependencies are satisfied
Using tarball input mode

START lustre_mainline build tests/fs/lustre/boot.ktest
START lustre_al2023 build tests/fs/lustre/boot.ktest
START lustre_mainline_strict build tests/fs/lustre/boot-strict.ktest
START lustre_mainline_native build tests/fs/lustre/boot.ktest
START checkpatch tool checkpatch
START lustre_u24 build tests/fs/lustre/boot.ktest
PUT /tmp/ktest-kernel.tar.gz 7s
PUT /tmp/ktest-kernel.tar.gz 7s
PUT /tmp/ktest-kernel.tar.gz 7s
PUT /tmp/ktest-kernel.tar.gz 7s
PUT /tmp/ktest-kernel.tar.gz 8s
PUT /tmp/ktest-kernel.tar.gz 8s
PUT /tmp/ktest-lustre.tar.gz 1s
PUT /tmp/ktest-lustre.tar.gz 2s
PUT /tmp/ktest-lustre.tar.gz 2s
PUT /tmp/ktest-lustre.tar.gz 2s
PUT /tmp/ktest-lustre.tar.gz 1s
PUT /tmp/ktest-lustre.tar.gz 2s
END checkpatch tool checkpatch FAIL 12s (exit code: 1)
END lustre_al2023 build tests/fs/lustre/boot.ktest PASS 68s
END lustre_u24 build tests/fs/lustre/boot.ktest PASS 74s
GET /tmp/ktest_lustre_mainline_strict_g4ncv6nf.tar 5s
END lustre_mainline_strict build tests/fs/lustre/boot-strict.ktest FAIL 138s (exit code: 1)
GET /tmp/ktest_lustre_mainline_cz7o4a52.tar 3s
GET /tmp/ktest_lustre_mainline_native_oz8v_fps.tar 3s
END lustre_mainline build tests/fs/lustre/boot.ktest PASS 150s
END lustre_mainline_native build tests/fs/lustre/boot.ktest PASS 151s
START clang-tidy tool clang-tidy
START cc-plugin tool cc-plugin
START boot run tests/fs/lustre/boot.ktest
START llmount run tests/fs/lustre/llmount.ktest
START llog-unit run tests/fs/lustre/llog-unit.ktest
START mgs-setup run tests/fs/lustre/mgs-setup.ktest
START sanity-1 run tests/fs/lustre/sanity/sanity-1.ktest
START sanity-2 run tests/fs/lustre/sanity/sanity-2.ktest
START sanity-3 run tests/fs/lustre/sanity/sanity-3.ktest
START sanity-4 run tests/fs/lustre/sanity/sanity-4.ktest
PUT /tmp/ktest-kernel.tar.gz 8s
PUT /tmp/ktest-kernel.tar.gz 9s
PUT /tmp/ktest_lustre_mainline_native_oz8v_fps.tar 11s
PUT /tmp/ktest_lustre_mainline_native_oz8v_fps.tar 11s
PUT /tmp/ktest-lustre.tar.gz 2s
PUT /tmp/ktest_lustre_mainline_native_oz8v_fps.tar 11s
PUT /tmp/ktest_lustre_mainline_native_oz8v_fps.tar 11s
PUT /tmp/ktest-lustre.tar.gz 3s
PUT /tmp/ktest_lustre_mainline_native_oz8v_fps.tar 12s
PUT /tmp/ktest_lustre_mainline_native_oz8v_fps.tar 11s
PUT /tmp/ktest_lustre_mainline_native_oz8v_fps.tar 11s
PUT /tmp/ktest_lustre_mainline_native_oz8v_fps.tar 12s
PUT /tmp/ktest_lustre_mainline_native_oz8v_fps.tar 26s
PUT /tmp/ktest_lustre_mainline_native_oz8v_fps.tar 26s
END cc-plugin tool cc-plugin FAIL 41s (exit code: 127)
END boot run tests/fs/lustre/boot.ktest PASS 66s
END clang-tidy tool clang-tidy PASS 69s
END mgs-setup run tests/fs/lustre/mgs-setup.ktest PASS 74s
END sanity-4 run tests/fs/lustre/sanity/sanity-4.ktest PASS 84s
END sanity-2 run tests/fs/lustre/sanity/sanity-2.ktest PASS 85s
END sanity-1 run tests/fs/lustre/sanity/sanity-1.ktest PASS 91s
END sanity-3 run tests/fs/lustre/sanity/sanity-3.ktest PASS 95s
END llog-unit run tests/fs/lustre/llog-unit.ktest PASS 153s
END llmount run tests/fs/lustre/llmount.ktest PASS 154s

============================================================
Final Results:
  checkpatch: FAIL (12s) (log: /var/www/ci-lustre/upstream-patch-review/360a0af5afec7eb8b9f8d1c118e68190ea4d73a4_checkpatch.log)
  lustre_u24: PASS (74s) (log: /var/www/ci-lustre/upstream-patch-review/360a0af5afec7eb8b9f8d1c118e68190ea4d73a4_lustre_u24.log)
  lustre_al2023: PASS (68s) (log: /var/www/ci-lustre/upstream-patch-review/360a0af5afec7eb8b9f8d1c118e68190ea4d73a4_lustre_al2023.log)
  lustre_mainline_strict: FAIL (138s) (log: /var/www/ci-lustre/upstream-patch-review/360a0af5afec7eb8b9f8d1c118e68190ea4d73a4_lustre_mainline_strict.log)
  lustre_mainline: PASS (150s) (log: /var/www/ci-lustre/upstream-patch-review/360a0af5afec7eb8b9f8d1c118e68190ea4d73a4_lustre_mainline.log)
  lustre_mainline_native: PASS (151s) (log: /var/www/ci-lustre/upstream-patch-review/360a0af5afec7eb8b9f8d1c118e68190ea4d73a4_lustre_mainline_native.log)
  clang-tidy: PASS (69s) (log: /var/www/ci-lustre/upstream-patch-review/360a0af5afec7eb8b9f8d1c118e68190ea4d73a4_clang-tidy.log)
  cc-plugin: FAIL (41s) (log: /var/www/ci-lustre/upstream-patch-review/360a0af5afec7eb8b9f8d1c118e68190ea4d73a4_cc-plugin.log)
  boot: PASS (66s) (log: /var/www/ci-lustre/upstream-patch-review/360a0af5afec7eb8b9f8d1c118e68190ea4d73a4_boot.log)
  llmount: PASS (154s) (log: /var/www/ci-lustre/upstream-patch-review/360a0af5afec7eb8b9f8d1c118e68190ea4d73a4_llmount.log)
  llog-unit: PASS (153s) (log: /var/www/ci-lustre/upstream-patch-review/360a0af5afec7eb8b9f8d1c118e68190ea4d73a4_llog-unit.log)
  mgs-setup: PASS (74s) (log: /var/www/ci-lustre/upstream-patch-review/360a0af5afec7eb8b9f8d1c118e68190ea4d73a4_mgs-setup.log)
  sanity-1: PASS (91s) (log: /var/www/ci-lustre/upstream-patch-review/360a0af5afec7eb8b9f8d1c118e68190ea4d73a4_sanity-1.log)
  sanity-2: PASS (85s) (log: /var/www/ci-lustre/upstream-patch-review/360a0af5afec7eb8b9f8d1c118e68190ea4d73a4_sanity-2.log)
  sanity-3: PASS (95s) (log: /var/www/ci-lustre/upstream-patch-review/360a0af5afec7eb8b9f8d1c118e68190ea4d73a4_sanity-3.log)
  sanity-4: PASS (84s) (log: /var/www/ci-lustre/upstream-patch-review/360a0af5afec7eb8b9f8d1c118e68190ea4d73a4_sanity-4.log)

Total execution time: 336s
