CLI: ./podman-ktest --podman-socket unix:///run/podman/podman.sock --shared-filesystem /tmp --tarball-input job lustre-ci --output /var/www/ci-lustre/upstream-patch-review --git-hash 3610b2f87f52cd6acdff991b99f225a223873108 --change-id 64313_3610b2f87f52cd6acdff991b99f225a223873108 --subject LU-19921 llite: add upcall chain for md path

  Checking /dev/kvm exists... OK
  Checking /dev/kvm permissions... OK
  Creating ccache directory... OK
  Checking ccache directory writable... OK

Environment validated successfully
Creating kernel tarball at /tmp/ktest-kernel.tar.gz...
Creating lustre tarball at /tmp/ktest-lustre.tar.gz...
Executing 16 jobs
Jobs will start as soon as their dependencies are satisfied
Using tarball input mode

START lustre_mainline_native build tests/fs/lustre/boot.ktest
START lustre_mainline build tests/fs/lustre/boot.ktest
START lustre_al2023 build tests/fs/lustre/boot.ktest
START lustre_u24 build tests/fs/lustre/boot.ktest
START checkpatch tool checkpatch
START lustre_mainline_strict build tests/fs/lustre/boot-strict.ktest
PUT /tmp/ktest-kernel.tar.gz 8s
PUT /tmp/ktest-kernel.tar.gz 8s
PUT /tmp/ktest-kernel.tar.gz 8s
PUT /tmp/ktest-kernel.tar.gz 8s
PUT /tmp/ktest-kernel.tar.gz 9s
PUT /tmp/ktest-kernel.tar.gz 9s
PUT /tmp/ktest-lustre.tar.gz 2s
PUT /tmp/ktest-lustre.tar.gz 2s
PUT /tmp/ktest-lustre.tar.gz 2s
PUT /tmp/ktest-lustre.tar.gz 2s
PUT /tmp/ktest-lustre.tar.gz 2s
PUT /tmp/ktest-lustre.tar.gz 2s
END checkpatch tool checkpatch FAIL 14s (exit code: 1)
END lustre_al2023 build tests/fs/lustre/boot.ktest PASS 68s
END lustre_u24 build tests/fs/lustre/boot.ktest PASS 71s
GET /tmp/ktest_lustre_mainline_strict_ii8oqpqn.tar 5s
END lustre_mainline_strict build tests/fs/lustre/boot-strict.ktest FAIL 115s (exit code: 1)
GET /tmp/ktest_lustre_mainline_native_ycm8twvf.tar 5s
GET /tmp/ktest_lustre_mainline_cihwc2um.tar 5s
END lustre_mainline_native build tests/fs/lustre/boot.ktest PASS 118s
START clang-tidy tool clang-tidy
START cc-plugin tool cc-plugin
START boot run tests/fs/lustre/boot.ktest
START llmount run tests/fs/lustre/llmount.ktest
START llog-unit run tests/fs/lustre/llog-unit.ktest
START mgs-setup run tests/fs/lustre/mgs-setup.ktest
START sanity-1 run tests/fs/lustre/sanity/sanity-1.ktest
START sanity-2 run tests/fs/lustre/sanity/sanity-2.ktest
START sanity-3 run tests/fs/lustre/sanity/sanity-3.ktest
START sanity-4 run tests/fs/lustre/sanity/sanity-4.ktest
END lustre_mainline build tests/fs/lustre/boot.ktest PASS 120s
PUT /tmp/ktest-kernel.tar.gz 14s
PUT /tmp/ktest_lustre_mainline_native_ycm8twvf.tar 19s
PUT /tmp/ktest_lustre_mainline_native_ycm8twvf.tar 19s
PUT /tmp/ktest_lustre_mainline_native_ycm8twvf.tar 19s
PUT /tmp/ktest_lustre_mainline_native_ycm8twvf.tar 19s
PUT /tmp/ktest_lustre_mainline_native_ycm8twvf.tar 19s
PUT /tmp/ktest_lustre_mainline_native_ycm8twvf.tar 19s
PUT /tmp/ktest_lustre_mainline_native_ycm8twvf.tar 19s
PUT /tmp/ktest_lustre_mainline_native_ycm8twvf.tar 19s
PUT /tmp/ktest-kernel.tar.gz 19s
PUT /tmp/ktest-lustre.tar.gz 24s
PUT /tmp/ktest-lustre.tar.gz 30s
PUT /tmp/ktest_lustre_mainline_native_ycm8twvf.tar 8s
PUT /tmp/ktest_lustre_mainline_native_ycm8twvf.tar 8s
END cc-plugin tool cc-plugin FAIL 57s (exit code: 127)
END boot run tests/fs/lustre/boot.ktest PASS 71s
END clang-tidy tool clang-tidy PASS 75s
END mgs-setup run tests/fs/lustre/mgs-setup.ktest PASS 79s
END sanity-4 run tests/fs/lustre/sanity/sanity-4.ktest PASS 93s
END sanity-1 run tests/fs/lustre/sanity/sanity-1.ktest PASS 101s
END sanity-2 run tests/fs/lustre/sanity/sanity-2.ktest PASS 104s
END sanity-3 run tests/fs/lustre/sanity/sanity-3.ktest PASS 118s
END llog-unit run tests/fs/lustre/llog-unit.ktest PASS 169s
END llmount run tests/fs/lustre/llmount.ktest PASS 175s

============================================================
Final Results:
  checkpatch: FAIL (14s) (log: /var/www/ci-lustre/upstream-patch-review/3610b2f87f52cd6acdff991b99f225a223873108_checkpatch.log)
  lustre_u24: PASS (71s) (log: /var/www/ci-lustre/upstream-patch-review/3610b2f87f52cd6acdff991b99f225a223873108_lustre_u24.log)
  lustre_al2023: PASS (68s) (log: /var/www/ci-lustre/upstream-patch-review/3610b2f87f52cd6acdff991b99f225a223873108_lustre_al2023.log)
  lustre_mainline_strict: FAIL (115s) (log: /var/www/ci-lustre/upstream-patch-review/3610b2f87f52cd6acdff991b99f225a223873108_lustre_mainline_strict.log)
  lustre_mainline: PASS (120s) (log: /var/www/ci-lustre/upstream-patch-review/3610b2f87f52cd6acdff991b99f225a223873108_lustre_mainline.log)
  lustre_mainline_native: PASS (118s) (log: /var/www/ci-lustre/upstream-patch-review/3610b2f87f52cd6acdff991b99f225a223873108_lustre_mainline_native.log)
  clang-tidy: PASS (75s) (log: /var/www/ci-lustre/upstream-patch-review/3610b2f87f52cd6acdff991b99f225a223873108_clang-tidy.log)
  cc-plugin: FAIL (57s) (log: /var/www/ci-lustre/upstream-patch-review/3610b2f87f52cd6acdff991b99f225a223873108_cc-plugin.log)
  boot: PASS (71s) (log: /var/www/ci-lustre/upstream-patch-review/3610b2f87f52cd6acdff991b99f225a223873108_boot.log)
  llmount: PASS (175s) (log: /var/www/ci-lustre/upstream-patch-review/3610b2f87f52cd6acdff991b99f225a223873108_llmount.log)
  llog-unit: PASS (169s) (log: /var/www/ci-lustre/upstream-patch-review/3610b2f87f52cd6acdff991b99f225a223873108_llog-unit.log)
  mgs-setup: PASS (79s) (log: /var/www/ci-lustre/upstream-patch-review/3610b2f87f52cd6acdff991b99f225a223873108_mgs-setup.log)
  sanity-1: PASS (101s) (log: /var/www/ci-lustre/upstream-patch-review/3610b2f87f52cd6acdff991b99f225a223873108_sanity-1.log)
  sanity-2: PASS (104s) (log: /var/www/ci-lustre/upstream-patch-review/3610b2f87f52cd6acdff991b99f225a223873108_sanity-2.log)
  sanity-3: PASS (118s) (log: /var/www/ci-lustre/upstream-patch-review/3610b2f87f52cd6acdff991b99f225a223873108_sanity-3.log)
  sanity-4: PASS (93s) (log: /var/www/ci-lustre/upstream-patch-review/3610b2f87f52cd6acdff991b99f225a223873108_sanity-4.log)

Total execution time: 325s
