CLI: ./podman-ktest --podman-socket unix:///run/podman/podman.sock --shared-filesystem /tmp --tarball-input job lustre-ci --output /var/www/ci-lustre/upstream-patch-review --git-hash 366d22135ecf3f60d8cf91b42be3fdf6516c4321 --change-id 62078_366d22135ecf3f60d8cf91b42be3fdf6516c4321 --subject LU-19527 lod: block prefer flags on parity components

  Checking /dev/kvm exists... OK
  Checking /dev/kvm permissions... OK
  Creating ccache directory... OK
  Checking ccache directory writable... OK

Environment validated successfully
Creating kernel tarball at /tmp/ktest-kernel.tar.gz...
Creating lustre tarball at /tmp/ktest-lustre.tar.gz...
Executing 16 jobs
Jobs will start as soon as their dependencies are satisfied
Using tarball input mode

START checkpatch tool checkpatch
START lustre_mainline_strict build tests/fs/lustre/boot-strict.ktest
START lustre_al2023 build tests/fs/lustre/boot.ktest
START lustre_u24 build tests/fs/lustre/boot.ktest
START lustre_mainline_native build tests/fs/lustre/boot.ktest
START lustre_mainline build tests/fs/lustre/boot.ktest
PUT /tmp/ktest-kernel.tar.gz 8s
PUT /tmp/ktest-kernel.tar.gz 8s
PUT /tmp/ktest-kernel.tar.gz 8s
PUT /tmp/ktest-kernel.tar.gz 8s
PUT /tmp/ktest-kernel.tar.gz 8s
PUT /tmp/ktest-kernel.tar.gz 8s
PUT /tmp/ktest-lustre.tar.gz 2s
PUT /tmp/ktest-lustre.tar.gz 2s
PUT /tmp/ktest-lustre.tar.gz 2s
PUT /tmp/ktest-lustre.tar.gz 2s
PUT /tmp/ktest-lustre.tar.gz 2s
PUT /tmp/ktest-lustre.tar.gz 2s
END checkpatch tool checkpatch PASS 12s
END lustre_al2023 build tests/fs/lustre/boot.ktest PASS 69s
END lustre_u24 build tests/fs/lustre/boot.ktest PASS 73s
GET /tmp/ktest_lustre_mainline_strict_mtyuvsz0.tar 4s
END lustre_mainline_strict build tests/fs/lustre/boot-strict.ktest FAIL 116s (exit code: 1)
GET /tmp/ktest_lustre_mainline_native_f3eq150p.tar 3s
GET /tmp/ktest_lustre_mainline_wc3_e6qr.tar 3s
END lustre_mainline_native build tests/fs/lustre/boot.ktest PASS 128s
START clang-tidy tool clang-tidy
START cc-plugin tool cc-plugin
START boot run tests/fs/lustre/boot.ktest
START llmount run tests/fs/lustre/llmount.ktest
START llog-unit run tests/fs/lustre/llog-unit.ktest
START mgs-setup run tests/fs/lustre/mgs-setup.ktest
START sanity-1 run tests/fs/lustre/sanity/sanity-1.ktest
START sanity-2 run tests/fs/lustre/sanity/sanity-2.ktest
START sanity-3 run tests/fs/lustre/sanity/sanity-3.ktest
START sanity-4 run tests/fs/lustre/sanity/sanity-4.ktest
END lustre_mainline build tests/fs/lustre/boot.ktest PASS 130s
PUT /tmp/ktest-kernel.tar.gz 16s
PUT /tmp/ktest_lustre_mainline_native_f3eq150p.tar 19s
PUT /tmp/ktest-kernel.tar.gz 19s
PUT /tmp/ktest_lustre_mainline_native_f3eq150p.tar 19s
PUT /tmp/ktest_lustre_mainline_native_f3eq150p.tar 19s
PUT /tmp/ktest_lustre_mainline_native_f3eq150p.tar 19s
PUT /tmp/ktest_lustre_mainline_native_f3eq150p.tar 19s
PUT /tmp/ktest_lustre_mainline_native_f3eq150p.tar 19s
PUT /tmp/ktest_lustre_mainline_native_f3eq150p.tar 19s
PUT /tmp/ktest_lustre_mainline_native_f3eq150p.tar 19s
PUT /tmp/ktest-lustre.tar.gz 19s
PUT /tmp/ktest-lustre.tar.gz 23s
PUT /tmp/ktest_lustre_mainline_native_f3eq150p.tar 8s
PUT /tmp/ktest_lustre_mainline_native_f3eq150p.tar 7s
END cc-plugin tool cc-plugin FAIL 51s (exit code: 127)
END boot run tests/fs/lustre/boot.ktest PASS 68s
END clang-tidy tool clang-tidy PASS 69s
END mgs-setup run tests/fs/lustre/mgs-setup.ktest PASS 78s
END sanity-4 run tests/fs/lustre/sanity/sanity-4.ktest PASS 95s
END sanity-2 run tests/fs/lustre/sanity/sanity-2.ktest PASS 97s
END sanity-3 run tests/fs/lustre/sanity/sanity-3.ktest PASS 100s
END sanity-1 run tests/fs/lustre/sanity/sanity-1.ktest PASS 111s
END llog-unit run tests/fs/lustre/llog-unit.ktest PASS 156s
END llmount run tests/fs/lustre/llmount.ktest PASS 158s

============================================================
Final Results:
  checkpatch: PASS (12s) (log: /var/www/ci-lustre/upstream-patch-review/366d22135ecf3f60d8cf91b42be3fdf6516c4321_checkpatch.log)
  lustre_u24: PASS (73s) (log: /var/www/ci-lustre/upstream-patch-review/366d22135ecf3f60d8cf91b42be3fdf6516c4321_lustre_u24.log)
  lustre_al2023: PASS (69s) (log: /var/www/ci-lustre/upstream-patch-review/366d22135ecf3f60d8cf91b42be3fdf6516c4321_lustre_al2023.log)
  lustre_mainline_strict: FAIL (116s) (log: /var/www/ci-lustre/upstream-patch-review/366d22135ecf3f60d8cf91b42be3fdf6516c4321_lustre_mainline_strict.log)
  lustre_mainline: PASS (130s) (log: /var/www/ci-lustre/upstream-patch-review/366d22135ecf3f60d8cf91b42be3fdf6516c4321_lustre_mainline.log)
  lustre_mainline_native: PASS (128s) (log: /var/www/ci-lustre/upstream-patch-review/366d22135ecf3f60d8cf91b42be3fdf6516c4321_lustre_mainline_native.log)
  clang-tidy: PASS (69s) (log: /var/www/ci-lustre/upstream-patch-review/366d22135ecf3f60d8cf91b42be3fdf6516c4321_clang-tidy.log)
  cc-plugin: FAIL (51s) (log: /var/www/ci-lustre/upstream-patch-review/366d22135ecf3f60d8cf91b42be3fdf6516c4321_cc-plugin.log)
  boot: PASS (68s) (log: /var/www/ci-lustre/upstream-patch-review/366d22135ecf3f60d8cf91b42be3fdf6516c4321_boot.log)
  llmount: PASS (158s) (log: /var/www/ci-lustre/upstream-patch-review/366d22135ecf3f60d8cf91b42be3fdf6516c4321_llmount.log)
  llog-unit: PASS (156s) (log: /var/www/ci-lustre/upstream-patch-review/366d22135ecf3f60d8cf91b42be3fdf6516c4321_llog-unit.log)
  mgs-setup: PASS (78s) (log: /var/www/ci-lustre/upstream-patch-review/366d22135ecf3f60d8cf91b42be3fdf6516c4321_mgs-setup.log)
  sanity-1: PASS (111s) (log: /var/www/ci-lustre/upstream-patch-review/366d22135ecf3f60d8cf91b42be3fdf6516c4321_sanity-1.log)
  sanity-2: PASS (97s) (log: /var/www/ci-lustre/upstream-patch-review/366d22135ecf3f60d8cf91b42be3fdf6516c4321_sanity-2.log)
  sanity-3: PASS (100s) (log: /var/www/ci-lustre/upstream-patch-review/366d22135ecf3f60d8cf91b42be3fdf6516c4321_sanity-3.log)
  sanity-4: PASS (95s) (log: /var/www/ci-lustre/upstream-patch-review/366d22135ecf3f60d8cf91b42be3fdf6516c4321_sanity-4.log)

Total execution time: 318s
