CLI: ./podman-ktest --podman-socket unix:///run/podman/podman.sock --shared-filesystem /tmp --tarball-input job lustre-ci --output /var/www/ci-lustre/upstream-patch-review --git-hash 37be60c9f1cafe4ea6f6a41c89d5bd41d432e80d --change-id 64149_37be60c9f1cafe4ea6f6a41c89d5bd41d432e80d --subject LU-17768 build: allow building RPMs with BTF

  Checking /dev/kvm exists... OK
  Checking /dev/kvm permissions... OK
  Creating ccache directory... OK
  Checking ccache directory writable... OK

Environment validated successfully
Creating kernel tarball at /tmp/ktest-kernel.tar.gz...
Creating lustre tarball at /tmp/ktest-lustre.tar.gz...
Executing 16 jobs
Jobs will start as soon as their dependencies are satisfied
Using tarball input mode

START lustre_mainline_strict build tests/fs/lustre/boot-strict.ktest
START checkpatch tool checkpatch
START lustre_al2023 build tests/fs/lustre/boot.ktest
START lustre_mainline build tests/fs/lustre/boot.ktest
START lustre_u24 build tests/fs/lustre/boot.ktest
START lustre_mainline_native build tests/fs/lustre/boot.ktest
PUT /tmp/ktest-kernel.tar.gz 12s
PUT /tmp/ktest-kernel.tar.gz 12s
PUT /tmp/ktest-kernel.tar.gz 13s
PUT /tmp/ktest-kernel.tar.gz 13s
PUT /tmp/ktest-kernel.tar.gz 13s
PUT /tmp/ktest-kernel.tar.gz 13s
PUT /tmp/ktest-lustre.tar.gz 5s
PUT /tmp/ktest-lustre.tar.gz 5s
PUT /tmp/ktest-lustre.tar.gz 5s
PUT /tmp/ktest-lustre.tar.gz 4s
PUT /tmp/ktest-lustre.tar.gz 5s
PUT /tmp/ktest-lustre.tar.gz 5s
END checkpatch tool checkpatch PASS 20s
END lustre_al2023 build tests/fs/lustre/boot.ktest PASS 85s
END lustre_u24 build tests/fs/lustre/boot.ktest PASS 86s
GET /tmp/ktest_lustre_mainline_strict_lzrhm548.tar 4s
END lustre_mainline_strict build tests/fs/lustre/boot-strict.ktest FAIL 127s (exit code: 1)
GET /tmp/ktest_lustre_mainline_native_x334r8wm.tar 3s
GET /tmp/ktest_lustre_mainline_8r6lhhmk.tar 3s
END lustre_mainline_native build tests/fs/lustre/boot.ktest PASS 145s
START clang-tidy tool clang-tidy
START cc-plugin tool cc-plugin
START boot run tests/fs/lustre/boot.ktest
START llmount run tests/fs/lustre/llmount.ktest
START llog-unit run tests/fs/lustre/llog-unit.ktest
START mgs-setup run tests/fs/lustre/mgs-setup.ktest
START sanity-1 run tests/fs/lustre/sanity/sanity-1.ktest
START sanity-2 run tests/fs/lustre/sanity/sanity-2.ktest
START sanity-3 run tests/fs/lustre/sanity/sanity-3.ktest
START sanity-4 run tests/fs/lustre/sanity/sanity-4.ktest
END lustre_mainline build tests/fs/lustre/boot.ktest PASS 146s
PUT /tmp/ktest-kernel.tar.gz 40s
PUT /tmp/ktest-kernel.tar.gz 40s
PUT /tmp/ktest_lustre_mainline_native_x334r8wm.tar 40s
PUT /tmp/ktest_lustre_mainline_native_x334r8wm.tar 40s
PUT /tmp/ktest_lustre_mainline_native_x334r8wm.tar 40s
PUT /tmp/ktest_lustre_mainline_native_x334r8wm.tar 40s
PUT /tmp/ktest_lustre_mainline_native_x334r8wm.tar 40s
PUT /tmp/ktest_lustre_mainline_native_x334r8wm.tar 40s
PUT /tmp/ktest_lustre_mainline_native_x334r8wm.tar 40s
PUT /tmp/ktest_lustre_mainline_native_x334r8wm.tar 40s
PUT /tmp/ktest-lustre.tar.gz 72s
PUT /tmp/ktest-lustre.tar.gz 72s
PUT /tmp/ktest_lustre_mainline_native_x334r8wm.tar 20s
PUT /tmp/ktest_lustre_mainline_native_x334r8wm.tar 20s
END cc-plugin tool cc-plugin FAIL 137s (exit code: 127)
END boot run tests/fs/lustre/boot.ktest PASS 138s
END clang-tidy tool clang-tidy PASS 153s
END sanity-1 run tests/fs/lustre/sanity/sanity-1.ktest PASS 157s
END mgs-setup run tests/fs/lustre/mgs-setup.ktest PASS 159s
END sanity-4 run tests/fs/lustre/sanity/sanity-4.ktest PASS 164s
END sanity-2 run tests/fs/lustre/sanity/sanity-2.ktest PASS 173s
END sanity-3 run tests/fs/lustre/sanity/sanity-3.ktest PASS 182s
END llmount run tests/fs/lustre/llmount.ktest PASS 239s
END llog-unit run tests/fs/lustre/llog-unit.ktest PASS 249s

============================================================
Final Results:
  checkpatch: PASS (20s) (log: /var/www/ci-lustre/upstream-patch-review/37be60c9f1cafe4ea6f6a41c89d5bd41d432e80d_checkpatch.log)
  lustre_u24: PASS (86s) (log: /var/www/ci-lustre/upstream-patch-review/37be60c9f1cafe4ea6f6a41c89d5bd41d432e80d_lustre_u24.log)
  lustre_al2023: PASS (85s) (log: /var/www/ci-lustre/upstream-patch-review/37be60c9f1cafe4ea6f6a41c89d5bd41d432e80d_lustre_al2023.log)
  lustre_mainline_strict: FAIL (127s) (log: /var/www/ci-lustre/upstream-patch-review/37be60c9f1cafe4ea6f6a41c89d5bd41d432e80d_lustre_mainline_strict.log)
  lustre_mainline: PASS (146s) (log: /var/www/ci-lustre/upstream-patch-review/37be60c9f1cafe4ea6f6a41c89d5bd41d432e80d_lustre_mainline.log)
  lustre_mainline_native: PASS (145s) (log: /var/www/ci-lustre/upstream-patch-review/37be60c9f1cafe4ea6f6a41c89d5bd41d432e80d_lustre_mainline_native.log)
  clang-tidy: PASS (153s) (log: /var/www/ci-lustre/upstream-patch-review/37be60c9f1cafe4ea6f6a41c89d5bd41d432e80d_clang-tidy.log)
  cc-plugin: FAIL (137s) (log: /var/www/ci-lustre/upstream-patch-review/37be60c9f1cafe4ea6f6a41c89d5bd41d432e80d_cc-plugin.log)
  boot: PASS (138s) (log: /var/www/ci-lustre/upstream-patch-review/37be60c9f1cafe4ea6f6a41c89d5bd41d432e80d_boot.log)
  llmount: PASS (239s) (log: /var/www/ci-lustre/upstream-patch-review/37be60c9f1cafe4ea6f6a41c89d5bd41d432e80d_llmount.log)
  llog-unit: PASS (249s) (log: /var/www/ci-lustre/upstream-patch-review/37be60c9f1cafe4ea6f6a41c89d5bd41d432e80d_llog-unit.log)
  mgs-setup: PASS (159s) (log: /var/www/ci-lustre/upstream-patch-review/37be60c9f1cafe4ea6f6a41c89d5bd41d432e80d_mgs-setup.log)
  sanity-1: PASS (157s) (log: /var/www/ci-lustre/upstream-patch-review/37be60c9f1cafe4ea6f6a41c89d5bd41d432e80d_sanity-1.log)
  sanity-2: PASS (173s) (log: /var/www/ci-lustre/upstream-patch-review/37be60c9f1cafe4ea6f6a41c89d5bd41d432e80d_sanity-2.log)
  sanity-3: PASS (182s) (log: /var/www/ci-lustre/upstream-patch-review/37be60c9f1cafe4ea6f6a41c89d5bd41d432e80d_sanity-3.log)
  sanity-4: PASS (164s) (log: /var/www/ci-lustre/upstream-patch-review/37be60c9f1cafe4ea6f6a41c89d5bd41d432e80d_sanity-4.log)

Total execution time: 426s
