CLI: ./podman-ktest --podman-socket unix:///run/podman/podman.sock --shared-filesystem /tmp --tarball-input job lustre-ci --output /var/www/ci-lustre/upstream-patch-review --git-hash 381d2c4df0faa2ef9e20a3cd33459cf6314d3a06 --change-id 64919_381d2c4df0faa2ef9e20a3cd33459cf6314d3a06 --subject LU-12668 lov: proactive dead-OST detection for degraded reads

  Checking /dev/kvm exists... OK
  Checking /dev/kvm permissions... OK
  Creating ccache directory... OK
  Checking ccache directory writable... OK

Environment validated successfully
Creating kernel tarball at /tmp/ktest-kernel.tar.gz...
Creating lustre tarball at /tmp/ktest-lustre.tar.gz...
Executing 16 jobs
Jobs will start as soon as their dependencies are satisfied
Using tarball input mode

START lustre_mainline build tests/fs/lustre/boot.ktest
START u24 build tests/fs/lustre/boot.ktest
START al2023 build tests/fs/lustre/boot.ktest
START lustre_mainline_strict build tests/fs/lustre/boot-strict.ktest
START checkpatch tool checkpatch
START lustre_mainline_native build tests/fs/lustre/boot.ktest
PUT /tmp/ktest-kernel.tar.gz 8s
PUT /tmp/ktest-kernel.tar.gz 8s
PUT /tmp/ktest-kernel.tar.gz 8s
PUT /tmp/ktest-kernel.tar.gz 8s
PUT /tmp/ktest-kernel.tar.gz 8s
PUT /tmp/ktest-kernel.tar.gz 8s
PUT /tmp/ktest-lustre.tar.gz 2s
PUT /tmp/ktest-lustre.tar.gz 2s
PUT /tmp/ktest-lustre.tar.gz 2s
PUT /tmp/ktest-lustre.tar.gz 2s
PUT /tmp/ktest-lustre.tar.gz 1s
PUT /tmp/ktest-lustre.tar.gz 2s
END checkpatch tool checkpatch FAIL 13s (exit code: 1)
END al2023 build tests/fs/lustre/boot.ktest PASS 71s
END u24 build tests/fs/lustre/boot.ktest PASS 75s
GET /tmp/ktest_lustre_mainline_sxr38kdy.tar 4s
END lustre_mainline build tests/fs/lustre/boot.ktest FAIL 91s (exit code: 1)
GET /tmp/ktest_lustre_mainline_strict_xbz_5c8a.tar 6s
GET /tmp/ktest_lustre_mainline_native__qq075ew.tar 6s
END lustre_mainline_strict build tests/fs/lustre/boot-strict.ktest FAIL 95s (exit code: 1)
END lustre_mainline_native build tests/fs/lustre/boot.ktest FAIL 96s (exit code: 1)

============================================================
Final Results:
  checkpatch: FAIL (13s) (log: /var/www/ci-lustre/upstream-patch-review/381d2c4df0faa2ef9e20a3cd33459cf6314d3a06_checkpatch.log)
  u24: PASS (75s) (log: /var/www/ci-lustre/upstream-patch-review/381d2c4df0faa2ef9e20a3cd33459cf6314d3a06_u24.log)
  al2023: PASS (71s) (log: /var/www/ci-lustre/upstream-patch-review/381d2c4df0faa2ef9e20a3cd33459cf6314d3a06_al2023.log)
  lustre_mainline_strict: FAIL (95s) (log: /var/www/ci-lustre/upstream-patch-review/381d2c4df0faa2ef9e20a3cd33459cf6314d3a06_lustre_mainline_strict.log)
  lustre_mainline: FAIL (91s) (log: /var/www/ci-lustre/upstream-patch-review/381d2c4df0faa2ef9e20a3cd33459cf6314d3a06_lustre_mainline.log)
  lustre_mainline_native: FAIL (96s) (log: /var/www/ci-lustre/upstream-patch-review/381d2c4df0faa2ef9e20a3cd33459cf6314d3a06_lustre_mainline_native.log)
  clang-tidy: SKIPPED (due to dependency failure)
  cc-plugin: SKIPPED (due to dependency failure)
  boot: SKIPPED (due to dependency failure)
  llmount: SKIPPED (due to dependency failure)
  llog-unit: SKIPPED (due to dependency failure)
  mgs-setup: SKIPPED (due to dependency failure)
  sanity-1: SKIPPED (due to dependency failure)
  sanity-2: SKIPPED (due to dependency failure)
  sanity-3: SKIPPED (due to dependency failure)
  sanity-4: SKIPPED (due to dependency failure)

Total execution time: 127s
