CLI: ./podman-ktest --podman-socket unix:///run/podman/podman.sock --shared-filesystem /tmp --tarball-input job lustre-ci --output /var/www/ci-lustre/upstream-patch-review --git-hash 382026faadda9c4ec3db9c0e8a24823cb6b9c151 --change-id 65023_382026faadda9c4ec3db9c0e8a24823cb6b9c151 --subject LU-20061 quota: Add opiton to display root quota entry

  Checking /dev/kvm exists... OK
  Checking /dev/kvm permissions... OK
  Creating ccache directory... OK
  Checking ccache directory writable... OK

Environment validated successfully
Creating kernel tarball at /tmp/ktest-kernel.tar.gz...
Creating lustre tarball at /tmp/ktest-lustre.tar.gz...
Executing 16 jobs
Jobs will start as soon as their dependencies are satisfied
Using tarball input mode

START checkpatch tool checkpatch
START u24 build tests/fs/lustre/boot.ktest
START lustre_mainline_strict build tests/fs/lustre/boot-strict.ktest
START lustre_mainline build tests/fs/lustre/boot.ktest
START lustre_mainline_native build tests/fs/lustre/boot.ktest
START al2023 build tests/fs/lustre/boot.ktest
PUT /tmp/ktest-kernel.tar.gz 8s
PUT /tmp/ktest-kernel.tar.gz 8s
PUT /tmp/ktest-kernel.tar.gz 9s
PUT /tmp/ktest-kernel.tar.gz 8s
PUT /tmp/ktest-kernel.tar.gz 9s
PUT /tmp/ktest-kernel.tar.gz 9s
PUT /tmp/ktest-lustre.tar.gz 2s
PUT /tmp/ktest-lustre.tar.gz 1s
PUT /tmp/ktest-lustre.tar.gz 2s
PUT /tmp/ktest-lustre.tar.gz 2s
PUT /tmp/ktest-lustre.tar.gz 2s
PUT /tmp/ktest-lustre.tar.gz 2s
END checkpatch tool checkpatch PASS 13s
END al2023 build tests/fs/lustre/boot.ktest PASS 66s
END u24 build tests/fs/lustre/boot.ktest PASS 72s
GET /tmp/ktest_lustre_mainline_strict_fjo1q92s.tar 5s
END lustre_mainline_strict build tests/fs/lustre/boot-strict.ktest FAIL 96s (exit code: 1)
GET /tmp/ktest_lustre_mainline_native_o7mf2msp.tar 4s
GET /tmp/ktest_lustre_mainline_9udggxnm.tar 4s
END lustre_mainline_native build tests/fs/lustre/boot.ktest PASS 99s
START clang-tidy tool clang-tidy
START cc-plugin tool cc-plugin
START boot run tests/fs/lustre/boot.ktest
START llmount run tests/fs/lustre/llmount.ktest
START llog-unit run tests/fs/lustre/llog-unit.ktest
START mgs-setup run tests/fs/lustre/mgs-setup.ktest
START sanity-1 run tests/fs/lustre/sanity/sanity-1.ktest
START sanity-2 run tests/fs/lustre/sanity/sanity-2.ktest
START sanity-3 run tests/fs/lustre/sanity/sanity-3.ktest
START sanity-4 run tests/fs/lustre/sanity/sanity-4.ktest
END lustre_mainline build tests/fs/lustre/boot.ktest PASS 100s
PUT /tmp/ktest-kernel.tar.gz 17s
PUT /tmp/ktest_lustre_mainline_native_o7mf2msp.tar 20s
PUT /tmp/ktest_lustre_mainline_native_o7mf2msp.tar 20s
PUT /tmp/ktest_lustre_mainline_native_o7mf2msp.tar 20s
PUT /tmp/ktest_lustre_mainline_native_o7mf2msp.tar 19s
PUT /tmp/ktest_lustre_mainline_native_o7mf2msp.tar 20s
PUT /tmp/ktest_lustre_mainline_native_o7mf2msp.tar 20s
PUT /tmp/ktest_lustre_mainline_native_o7mf2msp.tar 20s
PUT /tmp/ktest_lustre_mainline_native_o7mf2msp.tar 20s
PUT /tmp/ktest-kernel.tar.gz 20s
PUT /tmp/ktest-lustre.tar.gz 27s
PUT /tmp/ktest-lustre.tar.gz 32s
PUT /tmp/ktest_lustre_mainline_native_o7mf2msp.tar 8s
PUT /tmp/ktest_lustre_mainline_native_o7mf2msp.tar 6s
END cc-plugin tool cc-plugin FAIL 59s (exit code: 127)
END clang-tidy tool clang-tidy PASS 75s
END boot run tests/fs/lustre/boot.ktest PASS 78s
END mgs-setup run tests/fs/lustre/mgs-setup.ktest PASS 86s
END sanity-4 run tests/fs/lustre/sanity/sanity-4.ktest PASS 95s
END sanity-2 run tests/fs/lustre/sanity/sanity-2.ktest PASS 105s
END sanity-1 run tests/fs/lustre/sanity/sanity-1.ktest PASS 107s
END sanity-3 run tests/fs/lustre/sanity/sanity-3.ktest PASS 109s
END llog-unit run tests/fs/lustre/llog-unit.ktest PASS 169s
END llmount run tests/fs/lustre/llmount.ktest PASS 179s

============================================================
Final Results:
  checkpatch: PASS (13s) (log: /var/www/ci-lustre/upstream-patch-review/382026faadda9c4ec3db9c0e8a24823cb6b9c151_checkpatch.log)
  u24: PASS (72s) (log: /var/www/ci-lustre/upstream-patch-review/382026faadda9c4ec3db9c0e8a24823cb6b9c151_u24.log)
  al2023: PASS (66s) (log: /var/www/ci-lustre/upstream-patch-review/382026faadda9c4ec3db9c0e8a24823cb6b9c151_al2023.log)
  lustre_mainline_strict: FAIL (96s) (log: /var/www/ci-lustre/upstream-patch-review/382026faadda9c4ec3db9c0e8a24823cb6b9c151_lustre_mainline_strict.log)
  lustre_mainline: PASS (100s) (log: /var/www/ci-lustre/upstream-patch-review/382026faadda9c4ec3db9c0e8a24823cb6b9c151_lustre_mainline.log)
  lustre_mainline_native: PASS (99s) (log: /var/www/ci-lustre/upstream-patch-review/382026faadda9c4ec3db9c0e8a24823cb6b9c151_lustre_mainline_native.log)
  clang-tidy: PASS (75s) (log: /var/www/ci-lustre/upstream-patch-review/382026faadda9c4ec3db9c0e8a24823cb6b9c151_clang-tidy.log)
  cc-plugin: FAIL (59s) (log: /var/www/ci-lustre/upstream-patch-review/382026faadda9c4ec3db9c0e8a24823cb6b9c151_cc-plugin.log)
  boot: PASS (78s) (log: /var/www/ci-lustre/upstream-patch-review/382026faadda9c4ec3db9c0e8a24823cb6b9c151_boot.log)
  llmount: PASS (179s) (log: /var/www/ci-lustre/upstream-patch-review/382026faadda9c4ec3db9c0e8a24823cb6b9c151_llmount.log)
  llog-unit: PASS (169s) (log: /var/www/ci-lustre/upstream-patch-review/382026faadda9c4ec3db9c0e8a24823cb6b9c151_llog-unit.log)
  mgs-setup: PASS (86s) (log: /var/www/ci-lustre/upstream-patch-review/382026faadda9c4ec3db9c0e8a24823cb6b9c151_mgs-setup.log)
  sanity-1: PASS (107s) (log: /var/www/ci-lustre/upstream-patch-review/382026faadda9c4ec3db9c0e8a24823cb6b9c151_sanity-1.log)
  sanity-2: PASS (105s) (log: /var/www/ci-lustre/upstream-patch-review/382026faadda9c4ec3db9c0e8a24823cb6b9c151_sanity-2.log)
  sanity-3: PASS (109s) (log: /var/www/ci-lustre/upstream-patch-review/382026faadda9c4ec3db9c0e8a24823cb6b9c151_sanity-3.log)
  sanity-4: PASS (95s) (log: /var/www/ci-lustre/upstream-patch-review/382026faadda9c4ec3db9c0e8a24823cb6b9c151_sanity-4.log)

Total execution time: 310s
