CLI: ./podman-ktest --podman-socket unix:///run/podman/podman.sock --shared-filesystem /tmp --tarball-input job lustre-ci --output /var/www/ci-lustre/upstream-patch-review --git-hash 388f3c5ddd091de213dbc9864a94b1922a54088b --change-id 64987_388f3c5ddd091de213dbc9864a94b1922a54088b --subject LU-18222 nodemap: add lqa_quota_ops rbac role

  Checking /dev/kvm exists... OK
  Checking /dev/kvm permissions... OK
  Creating ccache directory... OK
  Checking ccache directory writable... OK

Environment validated successfully
Creating kernel tarball at /tmp/ktest-kernel.tar.gz...
Creating lustre tarball at /tmp/ktest-lustre.tar.gz...
Executing 16 jobs
Jobs will start as soon as their dependencies are satisfied
Using tarball input mode

START lustre_mainline_strict build tests/fs/lustre/boot-strict.ktest
START lustre_mainline_native build tests/fs/lustre/boot.ktest
START checkpatch tool checkpatch
START u24 build tests/fs/lustre/boot.ktest
START lustre_mainline build tests/fs/lustre/boot.ktest
START al2023 build tests/fs/lustre/boot.ktest
PUT /tmp/ktest-kernel.tar.gz 8s
PUT /tmp/ktest-kernel.tar.gz 8s
PUT /tmp/ktest-kernel.tar.gz 8s
PUT /tmp/ktest-kernel.tar.gz 8s
PUT /tmp/ktest-kernel.tar.gz 8s
PUT /tmp/ktest-kernel.tar.gz 8s
PUT /tmp/ktest-lustre.tar.gz 2s
PUT /tmp/ktest-lustre.tar.gz 2s
PUT /tmp/ktest-lustre.tar.gz 1s
PUT /tmp/ktest-lustre.tar.gz 2s
PUT /tmp/ktest-lustre.tar.gz 2s
PUT /tmp/ktest-lustre.tar.gz 1s
END checkpatch tool checkpatch FAIL 13s (exit code: 1)
END al2023 build tests/fs/lustre/boot.ktest PASS 65s
END u24 build tests/fs/lustre/boot.ktest PASS 70s
GET /tmp/ktest_lustre_mainline_strict_1soyxgbf.tar 5s
GET /tmp/ktest_lustre_mainline_o362l4y5.tar 3s
END lustre_mainline_strict build tests/fs/lustre/boot-strict.ktest FAIL 91s (exit code: 1)
GET /tmp/ktest_lustre_mainline_native_nv4x8og0.tar 4s
END lustre_mainline build tests/fs/lustre/boot.ktest PASS 93s
END lustre_mainline_native build tests/fs/lustre/boot.ktest PASS 94s
START clang-tidy tool clang-tidy
START cc-plugin tool cc-plugin
START boot run tests/fs/lustre/boot.ktest
START llmount run tests/fs/lustre/llmount.ktest
START llog-unit run tests/fs/lustre/llog-unit.ktest
START mgs-setup run tests/fs/lustre/mgs-setup.ktest
START sanity-1 run tests/fs/lustre/sanity/sanity-1.ktest
START sanity-2 run tests/fs/lustre/sanity/sanity-2.ktest
START sanity-3 run tests/fs/lustre/sanity/sanity-3.ktest
START sanity-4 run tests/fs/lustre/sanity/sanity-4.ktest
PUT /tmp/ktest-kernel.tar.gz 9s
PUT /tmp/ktest_lustre_mainline_native_nv4x8og0.tar 9s
PUT /tmp/ktest-kernel.tar.gz 10s
PUT /tmp/ktest_lustre_mainline_native_nv4x8og0.tar 9s
PUT /tmp/ktest_lustre_mainline_native_nv4x8og0.tar 10s
PUT /tmp/ktest_lustre_mainline_native_nv4x8og0.tar 10s
PUT /tmp/ktest_lustre_mainline_native_nv4x8og0.tar 10s
PUT /tmp/ktest_lustre_mainline_native_nv4x8og0.tar 10s
PUT /tmp/ktest_lustre_mainline_native_nv4x8og0.tar 10s
PUT /tmp/ktest_lustre_mainline_native_nv4x8og0.tar 10s
PUT /tmp/ktest-lustre.tar.gz 28s
PUT /tmp/ktest-lustre.tar.gz 33s
PUT /tmp/ktest_lustre_mainline_native_nv4x8og0.tar 10s
PUT /tmp/ktest_lustre_mainline_native_nv4x8og0.tar 4s
END clang-tidy tool clang-tidy FAIL 49s (exit code: 1)
END cc-plugin tool cc-plugin FAIL 50s (exit code: 127)
END boot run tests/fs/lustre/boot.ktest PASS 60s
END mgs-setup run tests/fs/lustre/mgs-setup.ktest PASS 69s
END sanity-4 run tests/fs/lustre/sanity/sanity-4.ktest PASS 79s
END sanity-1 run tests/fs/lustre/sanity/sanity-1.ktest PASS 87s
END sanity-3 run tests/fs/lustre/sanity/sanity-3.ktest PASS 90s
END sanity-2 run tests/fs/lustre/sanity/sanity-2.ktest PASS 102s
END llog-unit run tests/fs/lustre/llog-unit.ktest PASS 152s
END llmount run tests/fs/lustre/llmount.ktest PASS 160s

============================================================
Final Results:
  checkpatch: FAIL (13s) (log: /var/www/ci-lustre/upstream-patch-review/388f3c5ddd091de213dbc9864a94b1922a54088b_checkpatch.log)
  u24: PASS (70s) (log: /var/www/ci-lustre/upstream-patch-review/388f3c5ddd091de213dbc9864a94b1922a54088b_u24.log)
  al2023: PASS (65s) (log: /var/www/ci-lustre/upstream-patch-review/388f3c5ddd091de213dbc9864a94b1922a54088b_al2023.log)
  lustre_mainline_strict: FAIL (91s) (log: /var/www/ci-lustre/upstream-patch-review/388f3c5ddd091de213dbc9864a94b1922a54088b_lustre_mainline_strict.log)
  lustre_mainline: PASS (93s) (log: /var/www/ci-lustre/upstream-patch-review/388f3c5ddd091de213dbc9864a94b1922a54088b_lustre_mainline.log)
  lustre_mainline_native: PASS (94s) (log: /var/www/ci-lustre/upstream-patch-review/388f3c5ddd091de213dbc9864a94b1922a54088b_lustre_mainline_native.log)
  clang-tidy: FAIL (49s) (log: /var/www/ci-lustre/upstream-patch-review/388f3c5ddd091de213dbc9864a94b1922a54088b_clang-tidy.log)
  cc-plugin: FAIL (50s) (log: /var/www/ci-lustre/upstream-patch-review/388f3c5ddd091de213dbc9864a94b1922a54088b_cc-plugin.log)
  boot: PASS (60s) (log: /var/www/ci-lustre/upstream-patch-review/388f3c5ddd091de213dbc9864a94b1922a54088b_boot.log)
  llmount: PASS (160s) (log: /var/www/ci-lustre/upstream-patch-review/388f3c5ddd091de213dbc9864a94b1922a54088b_llmount.log)
  llog-unit: PASS (152s) (log: /var/www/ci-lustre/upstream-patch-review/388f3c5ddd091de213dbc9864a94b1922a54088b_llog-unit.log)
  mgs-setup: PASS (69s) (log: /var/www/ci-lustre/upstream-patch-review/388f3c5ddd091de213dbc9864a94b1922a54088b_mgs-setup.log)
  sanity-1: PASS (87s) (log: /var/www/ci-lustre/upstream-patch-review/388f3c5ddd091de213dbc9864a94b1922a54088b_sanity-1.log)
  sanity-2: PASS (102s) (log: /var/www/ci-lustre/upstream-patch-review/388f3c5ddd091de213dbc9864a94b1922a54088b_sanity-2.log)
  sanity-3: PASS (90s) (log: /var/www/ci-lustre/upstream-patch-review/388f3c5ddd091de213dbc9864a94b1922a54088b_sanity-3.log)
  sanity-4: PASS (79s) (log: /var/www/ci-lustre/upstream-patch-review/388f3c5ddd091de213dbc9864a94b1922a54088b_sanity-4.log)

Total execution time: 285s
