CLANG-TIDY
Enabled checks:
    linuxkernel-must-check-errs
    misc-static-assert

Running clang-tidy for 525 files out of 525 in compilation database ...
[  1/525][0.0s] clang-tidy-20 -checks=-*,linuxkernel-must-check-errs,misc-static-assert -p=/tmp/ktest-out/lustre-release /tmp/ktest-out/lustre-release/lustre/tests/iabf/callvpe.c
[  2/525][0.0s] clang-tidy-20 -checks=-*,linuxkernel-must-check-errs,misc-static-assert -p=/tmp/ktest-out/lustre-release /tmp/ktest-out/lustre-release/lustre/utils/callvpe.c
[  3/525][0.0s] clang-tidy-20 -checks=-*,linuxkernel-must-check-errs,misc-static-assert -p=/tmp/ktest-out/lustre-release /tmp/ktest-out/lustre-release/lustre/tests/smalliomany.c
[  4/525][0.0s] clang-tidy-20 -checks=-*,linuxkernel-must-check-errs,misc-static-assert -p=/tmp/ktest-out/lustre-release /tmp/ktest-out/lustre-release/lustre/tests/chownmany.c
[  5/525][0.1s] clang-tidy-20 -checks=-*,linuxkernel-must-check-errs,misc-static-assert -p=/tmp/ktest-out/lustre-release /tmp/ktest-out/lustre-release/lustre/tests/aheadmany.c
[  6/525][0.1s] clang-tidy-20 -checks=-*,linuxkernel-must-check-errs,misc-static-assert -p=/tmp/ktest-out/lustre-release /tmp/ktest-out/lustre-release/lustre/tests/expand_truncate_test.c
[  7/525][0.1s] clang-tidy-20 -checks=-*,linuxkernel-must-check-errs,misc-static-assert -p=/tmp/ktest-out/lustre-release /tmp/ktest-out/lustre-release/lustre/utils/lshowmount.c
[  8/525][0.1s] clang-tidy-20 -checks=-*,linuxkernel-must-check-errs,misc-static-assert -p=/tmp/ktest-out/lustre-release /tmp/ktest-out/lustre-release/lustre/utils/ofd_access_batch.c
[  9/525][0.1s] clang-tidy-20 -checks=-*,linuxkernel-must-check-errs,misc-static-assert -p=/tmp/ktest-out/lustre-release /tmp/ktest-out/lustre-release/lustre/tests/unlinkmany.c
[ 10/525][0.1s] clang-tidy-20 -checks=-*,linuxkernel-must-check-errs,misc-static-assert -p=/tmp/ktest-out/lustre-release /tmp/ktest-out/lustre-release/lustre/utils/liblustreapi_layout.c
[ 11/525][0.1s] clang-tidy-20 -checks=-*,linuxkernel-must-check-errs,misc-static-assert -p=/tmp/ktest-out/lustre-release /tmp/ktest-out/lustre-release/lustre/utils/mount_lustre.c
[ 12/525][0.1s] clang-tidy-20 -checks=-*,linuxkernel-must-check-errs,misc-static-assert -p=/tmp/ktest-out/lustre-release /tmp/ktest-out/lustre-release/lustre/tests/lseek_test.c
[ 13/525][0.1s] clang-tidy-20 -checks=-*,linuxkernel-must-check-errs,misc-static-assert -p=/tmp/ktest-out/lustre-release /tmp/ktest-out/lustre-release/lustre/tests/ll_sparseness_verify.c
[ 14/525][0.5s] clang-tidy-20 -checks=-*,linuxkernel-must-check-errs,misc-static-assert -p=/tmp/ktest-out/lustre-release /tmp/ktest-out/lustre-release/lustre/mdd/mdd.mod.c
[ 15/525][0.5s] clang-tidy-20 -checks=-*,linuxkernel-must-check-errs,misc-static-assert -p=/tmp/ktest-out/lustre-release /tmp/ktest-out/lustre-release/lustre/lfsck/lfsck.mod.c
[ 16/525][0.6s] clang-tidy-20 -checks=-*,linuxkernel-must-check-errs,misc-static-assert -p=/tmp/ktest-out/lustre-release /tmp/ktest-out/lustre-release/libcfs/libcfs/debug.c
[ 17/525][0.8s] clang-tidy-20 -checks=-*,linuxkernel-must-check-errs,misc-static-assert -p=/tmp/ktest-out/lustre-release /tmp/ktest-out/lustre-release/libcfs/libcfs/tracefile.c
[ 18/525][0.6s] clang-tidy-20 -checks=-*,linuxkernel-must-check-errs,misc-static-assert -p=/tmp/ktest-out/lustre-release /tmp/ktest-out/lustre-release/lustre/obdecho/obdecho.mod.c
[ 19/525][0.4s] clang-tidy-20 -checks=-*,linuxkernel-must-check-errs,misc-static-assert -p=/tmp/ktest-out/lustre-release /tmp/ktest-out/lustre-release/lnet/klnds/socklnd/ksocklnd.mod.c
[ 20/525][1.1s] clang-tidy-20 -checks=-*,linuxkernel-must-check-errs,misc-static-assert -p=/tmp/ktest-out/lustre-release /tmp/ktest-out/lustre-release/lnet/lnet/lnet-crypto.c
[ 21/525][0.1s] clang-tidy-20 -checks=-*,linuxkernel-must-check-errs,misc-static-assert -p=/tmp/ktest-out/lustre-release /tmp/ktest-out/lustre-release/lustre/utils/llsom_sync.c
[ 22/525][0.1s] clang-tidy-20 -checks=-*,linuxkernel-must-check-errs,misc-static-assert -p=/tmp/ktest-out/lustre-release /tmp/ktest-out/lustre-release/lustre/utils/pid_file.c
[ 23/525][1.2s] clang-tidy-20 -checks=-*,linuxkernel-must-check-errs,misc-static-assert -p=/tmp/ktest-out/lustre-release /tmp/ktest-out/lustre-release/lnet/selftest/conrpc.c
[ 24/525][1.2s] clang-tidy-20 -checks=-*,linuxkernel-must-check-errs,misc-static-assert -p=/tmp/ktest-out/lustre-release /tmp/ktest-out/lustre-release/lnet/lnet/lib-md.c
[ 25/525][0.1s] clang-tidy-20 -checks=-*,linuxkernel-must-check-errs,misc-static-assert -p=/tmp/ktest-out/lustre-release /tmp/ktest-out/lustre-release/lustre/utils/lustre_cfg.c
[ 26/525][1.4s] clang-tidy-20 -checks=-*,linuxkernel-must-check-errs,misc-static-assert -p=/tmp/ktest-out/lustre-release /tmp/ktest-out/lustre-release/lustre/llite/glimpse.c
[ 27/525][1.4s] clang-tidy-20 -checks=-*,linuxkernel-must-check-errs,misc-static-assert -p=/tmp/ktest-out/lustre-release /tmp/ktest-out/lustre-release/lustre/obdclass/linkea.c
[ 28/525][1.5s] clang-tidy-20 -checks=-*,linuxkernel-must-check-errs,misc-static-assert -p=/tmp/ktest-out/lustre-release /tmp/ktest-out/lustre-release/lustre/obdclass/obdo.c
[ 29/525][1.4s] clang-tidy-20 -checks=-*,linuxkernel-must-check-errs,misc-static-assert -p=/tmp/ktest-out/lustre-release /tmp/ktest-out/lustre-release/lnet/lnet/lib-move.c
[ 30/525][1.5s] clang-tidy-20 -checks=-*,linuxkernel-must-check-errs,misc-static-assert -p=/tmp/ktest-out/lustre-release /tmp/ktest-out/lustre-release/lustre/osc/osc_cache.c
[ 31/525][1.5s] clang-tidy-20 -checks=-*,linuxkernel-must-check-errs,misc-static-assert -p=/tmp/ktest-out/lustre-release /tmp/ktest-out/lustre-release/lustre/ptlrpc/layout.c
63 warnings generated.
Suppressed 63 warnings (63 with check filters).

[ 32/525][1.5s] clang-tidy-20 -checks=-*,linuxkernel-must-check-errs,misc-static-assert -p=/tmp/ktest-out/lustre-release /tmp/ktest-out/lustre-release/lustre/ldlm/ldlm_extent.c
[ 33/525][1.5s] clang-tidy-20 -checks=-*,linuxkernel-must-check-errs,misc-static-assert -p=/tmp/ktest-out/lustre-release /tmp/ktest-out/lustre-release/lustre/ptlrpc/nrs_fifo.c
[ 34/525][1.4s] clang-tidy-20 -checks=-*,linuxkernel-must-check-errs,misc-static-assert -p=/tmp/ktest-out/lustre-release /tmp/ktest-out/lustre-release/lnet/lnet/net_fault.c
[ 35/525][1.5s] clang-tidy-20 -checks=-*,linuxkernel-must-check-errs,misc-static-assert -p=/tmp/ktest-out/lustre-release /tmp/ktest-out/lustre-release/lustre/lov/lov_object.c
[ 36/525][0.1s] clang-tidy-20 -checks=-*,linuxkernel-must-check-errs,misc-static-assert -p=/tmp/ktest-out/lustre-release /tmp/ktest-out/lustre-release/lustre/utils/liblustreapi_param.c
[ 37/525][1.6s] clang-tidy-20 -checks=-*,linuxkernel-must-check-errs,misc-static-assert -p=/tmp/ktest-out/lustre-release /tmp/ktest-out/lustre-release/lustre/ldlm/ldlm_cache_policy.c
[ 38/525][1.6s] clang-tidy-20 -checks=-*,linuxkernel-must-check-errs,misc-static-assert -p=/tmp/ktest-out/lustre-release /tmp/ktest-out/lustre-release/lustre/llite/llite_foreign_symlink.c
[ 39/525][1.6s] clang-tidy-20 -checks=-*,linuxkernel-must-check-errs,misc-static-assert -p=/tmp/ktest-out/lustre-release /tmp/ktest-out/lustre-release/lustre/ptlrpc/nrs_orr.c
[ 40/525][0.1s] clang-tidy-20 -checks=-*,linuxkernel-must-check-errs,misc-static-assert -p=/tmp/ktest-out/lustre-release /tmp/ktest-out/lustre-release/lustre/utils/ll_decode_filter_fid.c
[ 41/525][1.7s] clang-tidy-20 -checks=-*,linuxkernel-must-check-errs,misc-static-assert -p=/tmp/ktest-out/lustre-release /tmp/ktest-out/lustre-release/lustre/ptlrpc/sec_plain.c
[ 42/525][1.7s] clang-tidy-20 -checks=-*,linuxkernel-must-check-errs,misc-static-assert -p=/tmp/ktest-out/lustre-release /tmp/ktest-out/lustre-release/lustre/lov/lproc_lov.c
[ 43/525][0.1s] clang-tidy-20 -checks=-*,linuxkernel-must-check-errs,misc-static-assert -p=/tmp/ktest-out/lustre-release /tmp/ktest-out/lustre-release/lustre/tests/check_fallocate.c
[ 44/525][1.8s] clang-tidy-20 -checks=-*,linuxkernel-must-check-errs,misc-static-assert -p=/tmp/ktest-out/lustre-release /tmp/ktest-out/lustre-release/lustre/lov/lov_io.c
[ 45/525][1.8s] clang-tidy-20 -checks=-*,linuxkernel-must-check-errs,misc-static-assert -p=/tmp/ktest-out/lustre-release /tmp/ktest-out/lustre-release/lustre/lov/lov_pool.c
[ 46/525][0.1s] clang-tidy-20 -checks=-*,linuxkernel-must-check-errs,misc-static-assert -p=/tmp/ktest-out/lustre-release /tmp/ktest-out/lustre-release/lustre/tests/statmany.c
[ 47/525][1.9s] clang-tidy-20 -checks=-*,linuxkernel-must-check-errs,misc-static-assert -p=/tmp/ktest-out/lustre-release /tmp/ktest-out/lustre-release/lustre/mdc/mdc_lib.c
[ 48/525][0.1s] clang-tidy-20 -checks=-*,linuxkernel-must-check-errs,misc-static-assert -p=/tmp/ktest-out/lustre-release /tmp/ktest-out/lustre-release/lustre/tests/io_uring_probe.c
[ 49/525][0.2s] clang-tidy-20 -checks=-*,linuxkernel-must-check-errs,misc-static-assert -p=/tmp/ktest-out/lustre-release /tmp/ktest-out/lustre-release/lustre/utils/llog_reader.c
[ 50/525][1.9s] clang-tidy-20 -checks=-*,linuxkernel-must-check-errs,misc-static-assert -p=/tmp/ktest-out/lustre-release /tmp/ktest-out/lustre-release/lustre/llite/vvp_page.c
[ 51/525][1.4s] clang-tidy-20 -checks=-*,linuxkernel-must-check-errs,misc-static-assert -p=/tmp/ktest-out/lustre-release /tmp/ktest-out/lustre-release/lustre/fid/fid_store.c
[ 52/525][0.1s] clang-tidy-20 -checks=-*,linuxkernel-must-check-errs,misc-static-assert -p=/tmp/ktest-out/lustre-release /tmp/ktest-out/lustre-release/lustre/tests/utime.c
[ 53/525][2.0s] clang-tidy-20 -checks=-*,linuxkernel-must-check-errs,misc-static-assert -p=/tmp/ktest-out/lustre-release /tmp/ktest-out/lustre-release/lustre/llite/file.c
1 warning generated.
Suppressed 1 warnings (1 with check filters).

[ 54/525][2.1s] clang-tidy-20 -checks=-*,linuxkernel-must-check-errs,misc-static-assert -p=/tmp/ktest-out/lustre-release /tmp/ktest-out/lustre-release/lustre/llite/dir.c
[ 55/525][2.0s] clang-tidy-20 -checks=-*,linuxkernel-must-check-errs,misc-static-assert -p=/tmp/ktest-out/lustre-release /tmp/ktest-out/lustre-release/lustre/ofd/ofd_trans.c
[ 56/525][1.7s] clang-tidy-20 -checks=-*,linuxkernel-must-check-errs,misc-static-assert -p=/tmp/ktest-out/lustre-release /tmp/ktest-out/lustre-release/lustre/lov/lov_pack.c
[ 57/525][1.4s] clang-tidy-20 -checks=-*,linuxkernel-must-check-errs,misc-static-assert -p=/tmp/ktest-out/lustre-release /tmp/ktest-out/lustre-release/lustre/llite/dcache.c
[ 58/525][0.1s] clang-tidy-20 -checks=-*,linuxkernel-must-check-errs,misc-static-assert -p=/tmp/ktest-out/lustre-release /tmp/ktest-out/lustre-release/lustre/tests/openfilleddirunlink.c
[ 59/525][1.4s] clang-tidy-20 -checks=-*,linuxkernel-must-check-errs,misc-static-assert -p=/tmp/ktest-out/lustre-release /tmp/ktest-out/lustre-release/lustre/mdt/mdt_identity.c
[ 60/525][2.1s] clang-tidy-20 -checks=-*,linuxkernel-must-check-errs,misc-static-assert -p=/tmp/ktest-out/lustre-release /tmp/ktest-out/lustre-release/lustre/osc/lproc_osc.c
[ 61/525][0.1s] clang-tidy-20 -checks=-*,linuxkernel-must-check-errs,misc-static-assert -p=/tmp/ktest-out/lustre-release /tmp/ktest-out/lustre-release/lnet/utils/lnetconfig/cyaml.c
[ 62/525][0.4s] clang-tidy-20 -checks=-*,linuxkernel-must-check-errs,misc-static-assert -p=/tmp/ktest-out/lustre-release /tmp/ktest-out/lustre-release/lustre/utils/lfs.c
1 warning generated.
2 warnings generated.
Suppressed 2 warnings (2 with check filters).

[ 63/525][0.1s] clang-tidy-20 -checks=-*,linuxkernel-must-check-errs,misc-static-assert -p=/tmp/ktest-out/lustre-release /tmp/ktest-out/lustre-release/lustre/utils/lctl_thread.c
[ 64/525][1.5s] clang-tidy-20 -checks=-*,linuxkernel-must-check-errs,misc-static-assert -p=/tmp/ktest-out/lustre-release /tmp/ktest-out/lustre-release/lustre/ldlm/l_lock.c
[ 65/525][1.6s] clang-tidy-20 -checks=-*,linuxkernel-must-check-errs,misc-static-assert -p=/tmp/ktest-out/lustre-release /tmp/ktest-out/lustre-release/lnet/lnet/lnet_debugfs.c
[ 66/525][1.7s] clang-tidy-20 -checks=-*,linuxkernel-must-check-errs,misc-static-assert -p=/tmp/ktest-out/lustre-release /tmp/ktest-out/lustre-release/lustre/obdclass/lu_object.c
[ 67/525][1.6s] clang-tidy-20 -checks=-*,linuxkernel-must-check-errs,misc-static-assert -p=/tmp/ktest-out/lustre-release /tmp/ktest-out/lustre-release/lnet/klnds/socklnd/socklnd.c
lnet/klnds/socklnd/socklnd.c:2391:8: warning: result from function 'PTR_ERR_OR_ZERO' is unused [linuxkernel-must-check-errs]
 2391 |                 rc = ksocknal_thread_start(ksocknal_connd,
      |                      ^
lnet/klnds/socklnd/socklnd.h:622:3: note: expanded from macro 'ksocknal_thread_start'
  622 |                 PTR_ERR_OR_ZERO(__task);                                \
      |                 ^
lnet/klnds/socklnd/socklnd.c:2403:7: warning: result from function 'PTR_ERR_OR_ZERO' is unused [linuxkernel-must-check-errs]
 2403 |         rc = ksocknal_thread_start(ksocknal_reaper, NULL, "socknal_reaper");
      |              ^
lnet/klnds/socklnd/socklnd.h:622:3: note: expanded from macro 'ksocknal_thread_start'
  622 |                 PTR_ERR_OR_ZERO(__task);                                \
      |                 ^
lnet/klnds/socklnd/socklnd.c:2563:8: warning: result from function 'PTR_ERR_OR_ZERO' is unused [linuxkernel-must-check-errs]
 2563 |                 rc = ksocknal_thread_start(ksocknal_scheduler, (void *)id,
      |                      ^
lnet/klnds/socklnd/socklnd.h:622:3: note: expanded from macro 'ksocknal_thread_start'
  622 |                 PTR_ERR_OR_ZERO(__task);                                \
      |                 ^
4 warnings generated.
Suppressed 1 warnings (1 with check filters).

[ 68/525][1.4s] clang-tidy-20 -checks=-*,linuxkernel-must-check-errs,misc-static-assert -p=/tmp/ktest-out/lustre-release /tmp/ktest-out/lustre-release/lustre/target/tgt_main.c
[ 69/525][1.5s] clang-tidy-20 -checks=-*,linuxkernel-must-check-errs,misc-static-assert -p=/tmp/ktest-out/lustre-release /tmp/ktest-out/lustre-release/lustre/mdt/mdt_hsm_cdt_actions.c
[ 70/525][1.5s] clang-tidy-20 -checks=-*,linuxkernel-must-check-errs,misc-static-assert -p=/tmp/ktest-out/lustre-release /tmp/ktest-out/lustre-release/lustre/llite/pcc.c
[ 71/525][1.3s] clang-tidy-20 -checks=-*,linuxkernel-must-check-errs,misc-static-assert -p=/tmp/ktest-out/lustre-release /tmp/ktest-out/lustre-release/lustre/obdecho/debug.c
[ 72/525][1.7s] clang-tidy-20 -checks=-*,linuxkernel-must-check-errs,misc-static-assert -p=/tmp/ktest-out/lustre-release /tmp/ktest-out/lustre-release/lustre/llite/vvp_dev.c
[ 73/525][1.5s] clang-tidy-20 -checks=-*,linuxkernel-must-check-errs,misc-static-assert -p=/tmp/ktest-out/lustre-release /tmp/ktest-out/lustre-release/lustre/fld/lproc_fld.c
[ 74/525][1.7s] clang-tidy-20 -checks=-*,linuxkernel-must-check-errs,misc-static-assert -p=/tmp/ktest-out/lustre-release /tmp/ktest-out/lustre-release/lustre/obdclass/lu_tgt_descs.c
[ 75/525][1.8s] clang-tidy-20 -checks=-*,linuxkernel-must-check-errs,misc-static-assert -p=/tmp/ktest-out/lustre-release /tmp/ktest-out/lustre-release/lustre/mdd/mdd_acl.c
[ 76/525][1.8s] clang-tidy-20 -checks=-*,linuxkernel-must-check-errs,misc-static-assert -p=/tmp/ktest-out/lustre-release /tmp/ktest-out/lustre-release/lustre/lov/lov_request.c
[ 77/525][1.7s] clang-tidy-20 -checks=-*,linuxkernel-must-check-errs,misc-static-assert -p=/tmp/ktest-out/lustre-release /tmp/ktest-out/lustre-release/lustre/mdd/mdd_permission.c
[ 78/525][2.0s] clang-tidy-20 -checks=-*,linuxkernel-must-check-errs,misc-static-assert -p=/tmp/ktest-out/lustre-release /tmp/ktest-out/lustre-release/lustre/mdt/mdt_hsm.c
[ 79/525][1.3s] clang-tidy-20 -checks=-*,linuxkernel-must-check-errs,misc-static-assert -p=/tmp/ktest-out/lustre-release /tmp/ktest-out/lustre-release/lnet/selftest/ping_test.c
[ 80/525][1.8s] clang-tidy-20 -checks=-*,linuxkernel-must-check-errs,misc-static-assert -p=/tmp/ktest-out/lustre-release /tmp/ktest-out/lustre-release/lustre/quota/lquota_disk.c
[ 81/525][0.1s] clang-tidy-20 -checks=-*,linuxkernel-must-check-errs,misc-static-assert -p=/tmp/ktest-out/lustre-release /tmp/ktest-out/lustre-release/lustre/tests/mmap_mknod_test.c
[ 82/525][0.6s] clang-tidy-20 -checks=-*,linuxkernel-must-check-errs,misc-static-assert -p=/tmp/ktest-out/lustre-release /tmp/ktest-out/lustre-release/libcfs/libcfs/libcfs.mod.c
[ 83/525][1.5s] clang-tidy-20 -checks=-*,linuxkernel-must-check-errs,misc-static-assert -p=/tmp/ktest-out/lustre-release /tmp/ktest-out/lustre-release/lustre/lov/lov_merge.c
[ 84/525][1.3s] clang-tidy-20 -checks=-*,linuxkernel-must-check-errs,misc-static-assert -p=/tmp/ktest-out/lustre-release /tmp/ktest-out/lustre-release/lustre/quota/lquota_lib.c
[ 85/525][0.2s] clang-tidy-20 -checks=-*,linuxkernel-must-check-errs,misc-static-assert -p=/tmp/ktest-out/lustre-release /tmp/ktest-out/lustre-release/lustre/utils/portals.c
[ 86/525][1.7s] clang-tidy-20 -checks=-*,linuxkernel-must-check-errs,misc-static-assert -p=/tmp/ktest-out/lustre-release /tmp/ktest-out/lustre-release/lustre/mdd/mdd_trans.c
[ 87/525][2.1s] clang-tidy-20 -checks=-*,linuxkernel-must-check-errs,misc-static-assert -p=/tmp/ktest-out/lustre-release /tmp/ktest-out/lustre-release/lustre/lov/lov_dev.c
[ 88/525][0.1s] clang-tidy-20 -checks=-*,linuxkernel-must-check-errs,misc-static-assert -p=/tmp/ktest-out/lustre-release /tmp/ktest-out/lustre-release/lib/libcfs/string.c
[ 89/525][1.6s] clang-tidy-20 -checks=-*,linuxkernel-must-check-errs,misc-static-assert -p=/tmp/ktest-out/lustre-release /tmp/ktest-out/lustre-release/lustre/osp/osp_md_object.c
[ 90/525][0.8s] clang-tidy-20 -checks=-*,linuxkernel-must-check-errs,misc-static-assert -p=/tmp/ktest-out/lustre-release /tmp/ktest-out/lustre-release/lustre/osp/osp.mod.c
[ 91/525][1.1s] clang-tidy-20 -checks=-*,linuxkernel-must-check-errs,misc-static-assert -p=/tmp/ktest-out/lustre-release /tmp/ktest-out/lustre-release/lnet/lnet/lock.c
[ 92/525][0.1s] clang-tidy-20 -checks=-*,linuxkernel-must-check-errs,misc-static-assert -p=/tmp/ktest-out/lustre-release /tmp/ktest-out/lustre-release/lustre/tests/llapi_fid_test.c
[ 93/525][3.7s] clang-tidy-20 -checks=-*,linuxkernel-must-check-errs,misc-static-assert -p=/tmp/ktest-out/lustre-release /tmp/ktest-out/lustre-release/lustre/lov/lov_obd.c
[ 94/525][0.1s] clang-tidy-20 -checks=-*,linuxkernel-must-check-errs,misc-static-assert -p=/tmp/ktest-out/lustre-release /tmp/ktest-out/lustre-release/lustre/tests/lockahead_test.c
[ 95/525][1.6s] clang-tidy-20 -checks=-*,linuxkernel-must-check-errs,misc-static-assert -p=/tmp/ktest-out/lustre-release /tmp/ktest-out/lustre-release/lustre/quota/qmt_dev.c
[ 96/525][1.7s] clang-tidy-20 -checks=-*,linuxkernel-must-check-errs,misc-static-assert -p=/tmp/ktest-out/lustre-release /tmp/ktest-out/lustre-release/lustre/mdt/mdt_coordinator.c
[ 97/525][0.6s] clang-tidy-20 -checks=-*,linuxkernel-must-check-errs,misc-static-assert -p=/tmp/ktest-out/lustre-release /tmp/ktest-out/lustre-release/lustre/ptlrpc/ptlrpc.mod.c
[ 98/525][1.0s] clang-tidy-20 -checks=-*,linuxkernel-must-check-errs,misc-static-assert -p=/tmp/ktest-out/lustre-release /tmp/ktest-out/lustre-release/lnet/lnet/lib-ptl.c
[ 99/525][1.7s] clang-tidy-20 -checks=-*,linuxkernel-must-check-errs,misc-static-assert -p=/tmp/ktest-out/lustre-release /tmp/ktest-out/lustre-release/lustre/ldlm/ldlm_lib.c
[100/525][0.6s] clang-tidy-20 -checks=-*,linuxkernel-must-check-errs,misc-static-assert -p=/tmp/ktest-out/lustre-release /tmp/ktest-out/lustre-release/lnet/lnet/adler.c
[101/525][0.1s] clang-tidy-20 -checks=-*,linuxkernel-must-check-errs,misc-static-assert -p=/tmp/ktest-out/lustre-release /tmp/ktest-out/lustre-release/lustre/utils/check_iam.c
[102/525][1.6s] clang-tidy-20 -checks=-*,linuxkernel-must-check-errs,misc-static-assert -p=/tmp/ktest-out/lustre-release /tmp/ktest-out/lustre-release/lustre/ptlrpc/sec_null.c
[103/525][1.4s] clang-tidy-20 -checks=-*,linuxkernel-must-check-errs,misc-static-assert -p=/tmp/ktest-out/lustre-release /tmp/ktest-out/lustre-release/lustre/quota/qsd_lock.c
[104/525][1.6s] clang-tidy-20 -checks=-*,linuxkernel-must-check-errs,misc-static-assert -p=/tmp/ktest-out/lustre-release /tmp/ktest-out/lustre-release/lustre/obdclass/genops.c
[105/525][0.5s] clang-tidy-20 -checks=-*,linuxkernel-must-check-errs,misc-static-assert -p=/tmp/ktest-out/lustre-release /tmp/ktest-out/lustre-release/lustre/kunit/obd_mod_rpcs_test.mod.c
[106/525][1.1s] clang-tidy-20 -checks=-*,linuxkernel-must-check-errs,misc-static-assert -p=/tmp/ktest-out/lustre-release /tmp/ktest-out/lustre-release/lnet/lnet/lib-cpt.c
[107/525][0.1s] clang-tidy-20 -checks=-*,linuxkernel-must-check-errs,misc-static-assert -p=/tmp/ktest-out/lustre-release /tmp/ktest-out/lustre-release/lustre/tests/orphan_linkea_check.c
[108/525][1.4s] clang-tidy-20 -checks=-*,linuxkernel-must-check-errs,misc-static-assert -p=/tmp/ktest-out/lustre-release /tmp/ktest-out/lustre-release/lustre/ptlrpc/nodemap_storage.c
[109/525][1.4s] clang-tidy-20 -checks=-*,linuxkernel-must-check-errs,misc-static-assert -p=/tmp/ktest-out/lustre-release /tmp/ktest-out/lustre-release/lustre/mdc/mdc_batch.c
[110/525][0.1s] clang-tidy-20 -checks=-*,linuxkernel-must-check-errs,misc-static-assert -p=/tmp/ktest-out/lustre-release /tmp/ktest-out/lustre-release/lnet/utils/wirecheck.c
[111/525][1.4s] clang-tidy-20 -checks=-*,linuxkernel-must-check-errs,misc-static-assert -p=/tmp/ktest-out/lustre-release /tmp/ktest-out/lustre-release/lustre/ptlrpc/nodemap_range.c
[112/525][1.2s] clang-tidy-20 -checks=-*,linuxkernel-must-check-errs,misc-static-assert -p=/tmp/ktest-out/lustre-release /tmp/ktest-out/lustre-release/lnet/selftest/conctl.c
[113/525][0.1s] clang-tidy-20 -checks=-*,linuxkernel-must-check-errs,misc-static-assert -p=/tmp/ktest-out/lustre-release /tmp/ktest-out/lustre-release/lustre/utils/liblustreapi_root.c
[114/525][2.9s] clang-tidy-20 -checks=-*,linuxkernel-must-check-errs,misc-static-assert -p=/tmp/ktest-out/lustre-release /tmp/ktest-out/lustre-release/lnet/lnet/api-ni.c
[115/525][1.7s] clang-tidy-20 -checks=-*,linuxkernel-must-check-errs,misc-static-assert -p=/tmp/ktest-out/lustre-release /tmp/ktest-out/lustre-release/lustre/osp/osp_sync.c
[116/525][1.5s] clang-tidy-20 -checks=-*,linuxkernel-must-check-errs,misc-static-assert -p=/tmp/ktest-out/lustre-release /tmp/ktest-out/lustre-release/lustre/lov/lov_offset.c
[117/525][0.1s] clang-tidy-20 -checks=-*,linuxkernel-must-check-errs,misc-static-assert -p=/tmp/ktest-out/lustre-release /tmp/ktest-out/lustre-release/lib/libcfs/l_ioctl.c
[118/525][3.4s] clang-tidy-20 -checks=-*,linuxkernel-must-check-errs,misc-static-assert -p=/tmp/ktest-out/lustre-release /tmp/ktest-out/lustre-release/lustre/kunit/llog_test.c
[119/525][3.0s] clang-tidy-20 -checks=-*,linuxkernel-must-check-errs,misc-static-assert -p=/tmp/ktest-out/lustre-release /tmp/ktest-out/lustre-release/lustre/kunit/obd_mod_rpcs_test.c
[120/525][3.1s] clang-tidy-20 -checks=-*,linuxkernel-must-check-errs,misc-static-assert -p=/tmp/ktest-out/lustre-release /tmp/ktest-out/lustre-release/lustre/ptlrpc/ptlrpc_module.c
[121/525][1.5s] clang-tidy-20 -checks=-*,linuxkernel-must-check-errs,misc-static-assert -p=/tmp/ktest-out/lustre-release /tmp/ktest-out/lustre-release/lustre/ptlrpc/sec_gc.c
[122/525][1.4s] clang-tidy-20 -checks=-*,linuxkernel-must-check-errs,misc-static-assert -p=/tmp/ktest-out/lustre-release /tmp/ktest-out/lustre-release/lustre/fld/fld_index.c
[123/525][1.4s] clang-tidy-20 -checks=-*,linuxkernel-must-check-errs,misc-static-assert -p=/tmp/ktest-out/lustre-release /tmp/ktest-out/lustre-release/lnet/lnet/config.c
[124/525][1.5s] clang-tidy-20 -checks=-*,linuxkernel-must-check-errs,misc-static-assert -p=/tmp/ktest-out/lustre-release /tmp/ktest-out/lustre-release/lustre/mdt/mdt_mds.c
[125/525][1.4s] clang-tidy-20 -checks=-*,linuxkernel-must-check-errs,misc-static-assert -p=/tmp/ktest-out/lustre-release /tmp/ktest-out/lustre-release/lustre/fld/fld_cache.c
[126/525][0.1s] clang-tidy-20 -checks=-*,linuxkernel-must-check-errs,misc-static-assert -p=/tmp/ktest-out/lustre-release /tmp/ktest-out/lustre-release/lustre/tests/group_lock_test.c
[127/525][1.6s] clang-tidy-20 -checks=-*,linuxkernel-must-check-errs,misc-static-assert -p=/tmp/ktest-out/lustre-release /tmp/ktest-out/lustre-release/lustre/mdt/mdt_fs.c
[128/525][1.9s] clang-tidy-20 -checks=-*,linuxkernel-must-check-errs,misc-static-assert -p=/tmp/ktest-out/lustre-release /tmp/ktest-out/lustre-release/lustre/lfsck/lfsck_layout.c
[129/525][1.7s] clang-tidy-20 -checks=-*,linuxkernel-must-check-errs,misc-static-assert -p=/tmp/ktest-out/lustre-release /tmp/ktest-out/lustre-release/lustre/obdclass/lprocfs_jobstats.c
[130/525][1.8s] clang-tidy-20 -checks=-*,linuxkernel-must-check-errs,misc-static-assert -p=/tmp/ktest-out/lustre-release /tmp/ktest-out/lustre-release/lustre/mdt/mdt_hsm_cdt_requests.c
[131/525][0.1s] clang-tidy-20 -checks=-*,linuxkernel-must-check-errs,misc-static-assert -p=/tmp/ktest-out/lustre-release /tmp/ktest-out/lustre-release/lustre/utils/liblustreapi_kernelconn.c
[132/525][1.4s] clang-tidy-20 -checks=-*,linuxkernel-must-check-errs,misc-static-assert -p=/tmp/ktest-out/lustre-release /tmp/ktest-out/lustre-release/lnet/lnet/udsp.c
[133/525][1.6s] clang-tidy-20 -checks=-*,linuxkernel-must-check-errs,misc-static-assert -p=/tmp/ktest-out/lustre-release /tmp/ktest-out/lustre-release/lustre/mgs/mgs_llog.c
[134/525][1.5s] clang-tidy-20 -checks=-*,linuxkernel-must-check-errs,misc-static-assert -p=/tmp/ktest-out/lustre-release /tmp/ktest-out/lustre-release/lustre/osd-wbcfs/osd_io.c
[135/525][1.6s] clang-tidy-20 -checks=-*,linuxkernel-must-check-errs,misc-static-assert -p=/tmp/ktest-out/lustre-release /tmp/ktest-out/lustre-release/lustre/target/tgt_grant.c
[136/525][1.9s] clang-tidy-20 -checks=-*,linuxkernel-must-check-errs,misc-static-assert -p=/tmp/ktest-out/lustre-release /tmp/ktest-out/lustre-release/lustre/target/tgt_mount.c
[137/525][0.1s] clang-tidy-20 -checks=-*,linuxkernel-must-check-errs,misc-static-assert -p=/tmp/ktest-out/lustre-release /tmp/ktest-out/lustre-release/lustre/tests/openunlink.c
[138/525][0.0s] clang-tidy-20 -checks=-*,linuxkernel-must-check-errs,misc-static-assert -p=/tmp/ktest-out/lustre-release /tmp/ktest-out/lustre-release/lustre/tests/euid_access.c
[139/525][1.6s] clang-tidy-20 -checks=-*,linuxkernel-must-check-errs,misc-static-assert -p=/tmp/ktest-out/lustre-release /tmp/ktest-out/lustre-release/lustre/ptlrpc/client.c
[140/525][0.3s] clang-tidy-20 -checks=-*,linuxkernel-must-check-errs,misc-static-assert -p=/tmp/ktest-out/lustre-release /tmp/ktest-out/lustre-release/lustre/utils/lustre_param.c
[141/525][0.2s] clang-tidy-20 -checks=-*,linuxkernel-must-check-errs,misc-static-assert -p=/tmp/ktest-out/lustre-release /tmp/ktest-out/lustre-release/lustre/utils/debug.c
[142/525][1.5s] clang-tidy-20 -checks=-*,linuxkernel-must-check-errs,misc-static-assert -p=/tmp/ktest-out/lustre-release /tmp/ktest-out/lustre-release/lustre/mgs/lproc_mgs.c
[143/525][1.7s] clang-tidy-20 -checks=-*,linuxkernel-must-check-errs,misc-static-assert -p=/tmp/ktest-out/lustre-release /tmp/ktest-out/lustre-release/lustre/mdd/mdd_lock.c
[144/525][0.7s] clang-tidy-20 -checks=-*,linuxkernel-must-check-errs,misc-static-assert -p=/tmp/ktest-out/lustre-release /tmp/ktest-out/lustre-release/lustre/lod/lod.mod.c
[145/525][0.1s] clang-tidy-20 -checks=-*,linuxkernel-must-check-errs,misc-static-assert -p=/tmp/ktest-out/lustre-release /tmp/ktest-out/lustre-release/lustre/tests/mrename.c
[146/525][0.1s] clang-tidy-20 -checks=-*,linuxkernel-must-check-errs,misc-static-assert -p=/tmp/ktest-out/lustre-release /tmp/ktest-out/lustre-release/lustre/utils/liblustreapi_util.c
[147/525][0.1s] clang-tidy-20 -checks=-*,linuxkernel-must-check-errs,misc-static-assert -p=/tmp/ktest-out/lustre-release /tmp/ktest-out/lustre-release/lustre/tests/ll_sparseness_write.c
[148/525][1.2s] clang-tidy-20 -checks=-*,linuxkernel-must-check-errs,misc-static-assert -p=/tmp/ktest-out/lustre-release /tmp/ktest-out/lustre-release/lustre/osd-wbcfs/osd_index_hash.c
[149/525][1.6s] clang-tidy-20 -checks=-*,linuxkernel-must-check-errs,misc-static-assert -p=/tmp/ktest-out/lustre-release /tmp/ktest-out/lustre-release/lustre/lov/lovsub_dev.c
[150/525][1.6s] clang-tidy-20 -checks=-*,linuxkernel-must-check-errs,misc-static-assert -p=/tmp/ktest-out/lustre-release /tmp/ktest-out/lustre-release/lustre/fid/fid_handler.c
[151/525][1.4s] clang-tidy-20 -checks=-*,linuxkernel-must-check-errs,misc-static-assert -p=/tmp/ktest-out/lustre-release /tmp/ktest-out/lustre-release/lustre/osc/osc_dev.c
[152/525][1.6s] clang-tidy-20 -checks=-*,linuxkernel-must-check-errs,misc-static-assert -p=/tmp/ktest-out/lustre-release /tmp/ktest-out/lustre-release/lustre/quota/qmt_lqa.c
[153/525][0.1s] clang-tidy-20 -checks=-*,linuxkernel-must-check-errs,misc-static-assert -p=/tmp/ktest-out/lustre-release /tmp/ktest-out/lustre-release/lustre/utils/llverdev.c
[154/525][0.1s] clang-tidy-20 -checks=-*,linuxkernel-must-check-errs,misc-static-assert -p=/tmp/ktest-out/lustre-release /tmp/ktest-out/lustre-release/lustre/tests/opendevunlink.c
[155/525][0.5s] clang-tidy-20 -checks=-*,linuxkernel-must-check-errs,misc-static-assert -p=/tmp/ktest-out/lustre-release /tmp/ktest-out/lustre-release/lustre/mdc/mdc.mod.c
[156/525][0.1s] clang-tidy-20 -checks=-*,linuxkernel-must-check-errs,misc-static-assert -p=/tmp/ktest-out/lustre-release /tmp/ktest-out/lustre-release/lustre/tests/statone.c
[157/525][1.4s] clang-tidy-20 -checks=-*,linuxkernel-must-check-errs,misc-static-assert -p=/tmp/ktest-out/lustre-release /tmp/ktest-out/lustre-release/lustre/quota/qsd_request.c
[158/525][0.1s] clang-tidy-20 -checks=-*,linuxkernel-must-check-errs,misc-static-assert -p=/tmp/ktest-out/lustre-release /tmp/ktest-out/lustre-release/lustre/tests/llapi_pool_test.c
[159/525][1.8s] clang-tidy-20 -checks=-*,linuxkernel-must-check-errs,misc-static-assert -p=/tmp/ktest-out/lustre-release /tmp/ktest-out/lustre-release/lustre/lod/lod_object.c
[160/525][0.6s] clang-tidy-20 -checks=-*,linuxkernel-must-check-errs,misc-static-assert -p=/tmp/ktest-out/lustre-release /tmp/ktest-out/lustre-release/lustre/kunit/kinode.mod.c
[161/525][1.4s] clang-tidy-20 -checks=-*,linuxkernel-must-check-errs,misc-static-assert -p=/tmp/ktest-out/lustre-release /tmp/ktest-out/lustre-release/lustre/llite/llite_foreign.c
[162/525][1.6s] clang-tidy-20 -checks=-*,linuxkernel-must-check-errs,misc-static-assert -p=/tmp/ktest-out/lustre-release /tmp/ktest-out/lustre-release/lustre/llite/statahead.c
[163/525][0.2s] clang-tidy-20 -checks=-*,linuxkernel-must-check-errs,misc-static-assert -p=/tmp/ktest-out/lustre-release /tmp/ktest-out/lustre-release/lustre/utils/liblustreapi.c
[164/525][1.5s] clang-tidy-20 -checks=-*,linuxkernel-must-check-errs,misc-static-assert -p=/tmp/ktest-out/lustre-release /tmp/ktest-out/lustre-release/lustre/quota/qmt_entry.c
[165/525][3.3s] clang-tidy-20 -checks=-*,linuxkernel-must-check-errs,misc-static-assert -p=/tmp/ktest-out/lustre-release /tmp/ktest-out/lustre-release/lustre/mgc/mgc_request.c
[166/525][1.7s] clang-tidy-20 -checks=-*,linuxkernel-must-check-errs,misc-static-assert -p=/tmp/ktest-out/lustre-release /tmp/ktest-out/lustre-release/lustre/quota/qsd_config.c
[167/525][1.3s] clang-tidy-20 -checks=-*,linuxkernel-must-check-errs,misc-static-assert -p=/tmp/ktest-out/lustre-release /tmp/ktest-out/lustre-release/lustre/ofd/ofd_access_log.c
[168/525][0.1s] clang-tidy-20 -checks=-*,linuxkernel-must-check-errs,misc-static-assert -p=/tmp/ktest-out/lustre-release /tmp/ktest-out/lustre-release/lustre/tests/openfile.c
[169/525][1.7s] clang-tidy-20 -checks=-*,linuxkernel-must-check-errs,misc-static-assert -p=/tmp/ktest-out/lustre-release /tmp/ktest-out/lustre-release/lnet/selftest/brw_test.c
[170/525][1.5s] clang-tidy-20 -checks=-*,linuxkernel-must-check-errs,misc-static-assert -p=/tmp/ktest-out/lustre-release /tmp/ktest-out/lustre-release/lustre/quota/qmt_handler.c
[171/525][1.7s] clang-tidy-20 -checks=-*,linuxkernel-must-check-errs,misc-static-assert -p=/tmp/ktest-out/lustre-release /tmp/ktest-out/lustre-release/lustre/mdd/mdd_object.c
[172/525][0.6s] clang-tidy-20 -checks=-*,linuxkernel-must-check-errs,misc-static-assert -p=/tmp/ktest-out/lustre-release /tmp/ktest-out/lustre-release/lustre/ec/ec.mod.c
[173/525][1.3s] clang-tidy-20 -checks=-*,linuxkernel-must-check-errs,misc-static-assert -p=/tmp/ktest-out/lustre-release /tmp/ktest-out/lustre-release/lustre/lod/lod_pool.c
[174/525][1.5s] clang-tidy-20 -checks=-*,linuxkernel-must-check-errs,misc-static-assert -p=/tmp/ktest-out/lustre-release /tmp/ktest-out/lustre-release/lustre/ofd/ofd_obd.c
[175/525][0.2s] clang-tidy-20 -checks=-*,linuxkernel-must-check-errs,misc-static-assert -p=/tmp/ktest-out/lustre-release /tmp/ktest-out/lustre-release/lustre/utils/liblustreapi_pool.c
[176/525][1.9s] clang-tidy-20 -checks=-*,linuxkernel-must-check-errs,misc-static-assert -p=/tmp/ktest-out/lustre-release /tmp/ktest-out/lustre-release/lustre/ldlm/ldlm_request.c
[177/525][1.5s] clang-tidy-20 -checks=-*,linuxkernel-must-check-errs,misc-static-assert -p=/tmp/ktest-out/lustre-release /tmp/ktest-out/lustre-release/lustre/ofd/ofd_io.c
[178/525][1.9s] clang-tidy-20 -checks=-*,linuxkernel-must-check-errs,misc-static-assert -p=/tmp/ktest-out/lustre-release /tmp/ktest-out/lustre-release/lustre/obdclass/kernelcomm.c
[179/525][0.1s] clang-tidy-20 -checks=-*,linuxkernel-must-check-errs,misc-static-assert -p=/tmp/ktest-out/lustre-release /tmp/ktest-out/lustre-release/lustre/tests/splice-test.c
[180/525][0.4s] clang-tidy-20 -checks=-*,linuxkernel-must-check-errs,misc-static-assert -p=/tmp/ktest-out/lustre-release /tmp/ktest-out/lustre-release/lustre/ec/ec_kmod.c
[181/525][0.1s] clang-tidy-20 -checks=-*,linuxkernel-must-check-errs,misc-static-assert -p=/tmp/ktest-out/lustre-release /tmp/ktest-out/lustre-release/lustre/tests/fadvise_dontneed_helper.c
[182/525][0.1s] clang-tidy-20 -checks=-*,linuxkernel-must-check-errs,misc-static-assert -p=/tmp/ktest-out/lustre-release /tmp/ktest-out/lustre-release/lustre/utils/libhsm_scanner.c
[183/525][2.0s] clang-tidy-20 -checks=-*,linuxkernel-must-check-errs,misc-static-assert -p=/tmp/ktest-out/lustre-release /tmp/ktest-out/lustre-release/lustre/ptlrpc/llog_client.c
[184/525][1.4s] clang-tidy-20 -checks=-*,linuxkernel-must-check-errs,misc-static-assert -p=/tmp/ktest-out/lustre-release /tmp/ktest-out/lustre-release/lnet/lnet/module.c
[185/525][1.8s] clang-tidy-20 -checks=-*,linuxkernel-must-check-errs,misc-static-assert -p=/tmp/ktest-out/lustre-release /tmp/ktest-out/lustre-release/lustre/obdclass/llog.c
[186/525][0.1s] clang-tidy-20 -checks=-*,linuxkernel-must-check-errs,misc-static-assert -p=/tmp/ktest-out/lustre-release /tmp/ktest-out/lustre-release/lustre/tests/mmap_sanity.c
[187/525][1.1s] clang-tidy-20 -checks=-*,linuxkernel-must-check-errs,misc-static-assert -p=/tmp/ktest-out/lustre-release /tmp/ktest-out/lustre-release/libcfs/libcfs/module.c
[188/525][1.3s] clang-tidy-20 -checks=-*,linuxkernel-must-check-errs,misc-static-assert -p=/tmp/ktest-out/lustre-release /tmp/ktest-out/lustre-release/lnet/selftest/console.c
[189/525][1.3s] clang-tidy-20 -checks=-*,linuxkernel-must-check-errs,misc-static-assert -p=/tmp/ktest-out/lustre-release /tmp/ktest-out/lustre-release/lnet/selftest/module.c
[190/525][0.6s] clang-tidy-20 -checks=-*,linuxkernel-must-check-errs,misc-static-assert -p=/tmp/ktest-out/lustre-release /tmp/ktest-out/lustre-release/lustre/quota/lquota.mod.c
[191/525][1.7s] clang-tidy-20 -checks=-*,linuxkernel-must-check-errs,misc-static-assert -p=/tmp/ktest-out/lustre-release /tmp/ktest-out/lustre-release/lustre/ptlrpc/connection.c
[192/525][0.2s] clang-tidy-20 -checks=-*,linuxkernel-must-check-errs,misc-static-assert -p=/tmp/ktest-out/lustre-release /tmp/ktest-out/lustre-release/lnet/utils/lnetconfig/liblnetconfig_udsp.c
[193/525][0.2s] clang-tidy-20 -checks=-*,linuxkernel-must-check-errs,misc-static-assert -p=/tmp/ktest-out/lustre-release /tmp/ktest-out/lustre-release/lustre/tests/llapi_root_test.c
[194/525][1.5s] clang-tidy-20 -checks=-*,linuxkernel-must-check-errs,misc-static-assert -p=/tmp/ktest-out/lustre-release /tmp/ktest-out/lustre-release/lustre/target/out_handler.c
[195/525][2.8s] clang-tidy-20 -checks=-*,linuxkernel-must-check-errs,misc-static-assert -p=/tmp/ktest-out/lustre-release /tmp/ktest-out/lustre-release/lustre/ptlrpc/import.c
[196/525][0.1s] clang-tidy-20 -checks=-*,linuxkernel-must-check-errs,misc-static-assert -p=/tmp/ktest-out/lustre-release /tmp/ktest-out/lustre-release/lustre/tests/statx.c
[197/525][0.1s] clang-tidy-20 -checks=-*,linuxkernel-must-check-errs,misc-static-assert -p=/tmp/ktest-out/lustre-release /tmp/ktest-out/lustre-release/lustre/tests/test_brw.c
[198/525][0.2s] clang-tidy-20 -checks=-*,linuxkernel-must-check-errs,misc-static-assert -p=/tmp/ktest-out/lustre-release /tmp/ktest-out/lustre-release/lnet/utils/lnetconfig/liblnetconfig_netlink.c
[199/525][0.1s] clang-tidy-20 -checks=-*,linuxkernel-must-check-errs,misc-static-assert -p=/tmp/ktest-out/lustre-release /tmp/ktest-out/lustre-release/lustre/tests/check_fhandle_syscalls.c
[200/525][0.1s] clang-tidy-20 -checks=-*,linuxkernel-must-check-errs,misc-static-assert -p=/tmp/ktest-out/lustre-release /tmp/ktest-out/lustre-release/lustre/tests/badarea_io.c
[201/525][0.6s] clang-tidy-20 -checks=-*,linuxkernel-must-check-errs,misc-static-assert -p=/tmp/ktest-out/lustre-release /tmp/ktest-out/lustre-release/lustre/kunit/llog_test.mod.c
[202/525][1.3s] clang-tidy-20 -checks=-*,linuxkernel-must-check-errs,misc-static-assert -p=/tmp/ktest-out/lustre-release /tmp/ktest-out/lustre-release/lustre/obdclass/md_attrs.c
[203/525][0.1s] clang-tidy-20 -checks=-*,linuxkernel-must-check-errs,misc-static-assert -p=/tmp/ktest-out/lustre-release /tmp/ktest-out/lustre-release/lustre/utils/lustre_lfsck.c
[204/525][0.1s] clang-tidy-20 -checks=-*,linuxkernel-must-check-errs,misc-static-assert -p=/tmp/ktest-out/lustre-release /tmp/ktest-out/lustre-release/lustre/tests/parse_foreign_dir.c
[205/525][0.1s] clang-tidy-20 -checks=-*,linuxkernel-must-check-errs,misc-static-assert -p=/tmp/ktest-out/lustre-release /tmp/ktest-out/lustre-release/lustre/utils/liblustreapi_fid.c
[206/525][0.0s] clang-tidy-20 -checks=-*,linuxkernel-must-check-errs,misc-static-assert -p=/tmp/ktest-out/lustre-release /tmp/ktest-out/lustre-release/lustre/tests/multifstat.c
[207/525][0.1s] clang-tidy-20 -checks=-*,linuxkernel-must-check-errs,misc-static-assert -p=/tmp/ktest-out/lustre-release /tmp/ktest-out/lustre-release/lustre/tests/checkstat.c
[208/525][0.1s] clang-tidy-20 -checks=-*,linuxkernel-must-check-errs,misc-static-assert -p=/tmp/ktest-out/lustre-release /tmp/ktest-out/lustre-release/lustre/tests/lgetxattr_size_check.c
[209/525][0.1s] clang-tidy-20 -checks=-*,linuxkernel-must-check-errs,misc-static-assert -p=/tmp/ktest-out/lustre-release /tmp/ktest-out/lustre-release/lustre/tests/aiocp.c
[210/525][0.1s] clang-tidy-20 -checks=-*,linuxkernel-must-check-errs,misc-static-assert -p=/tmp/ktest-out/lustre-release /tmp/ktest-out/lustre-release/lustre/utils/lfs_project.c
[211/525][0.1s] clang-tidy-20 -checks=-*,linuxkernel-must-check-errs,misc-static-assert -p=/tmp/ktest-out/lustre-release /tmp/ktest-out/lustre-release/lustre/utils/ll_decode_linkea.c
[212/525][0.4s] clang-tidy-20 -checks=-*,linuxkernel-must-check-errs,misc-static-assert -p=/tmp/ktest-out/lustre-release /tmp/ktest-out/lustre-release/lustre/ec/ec_base.c
[213/525][0.1s] clang-tidy-20 -checks=-*,linuxkernel-must-check-errs,misc-static-assert -p=/tmp/ktest-out/lustre-release /tmp/ktest-out/lustre-release/lustre/utils/liblustreapi_ioctl.c
[214/525][1.5s] clang-tidy-20 -checks=-*,linuxkernel-must-check-errs,misc-static-assert -p=/tmp/ktest-out/lustre-release /tmp/ktest-out/lustre-release/lustre/target/barrier.c
[215/525][0.1s] clang-tidy-20 -checks=-*,linuxkernel-must-check-errs,misc-static-assert -p=/tmp/ktest-out/lustre-release /tmp/ktest-out/lustre-release/lustre/utils/liblustreapi_pcc.c
[216/525][0.1s] clang-tidy-20 -checks=-*,linuxkernel-must-check-errs,misc-static-assert -p=/tmp/ktest-out/lustre-release /tmp/ktest-out/lustre-release/lustre/utils/liblustreapi_ladvise.c
[217/525][1.3s] clang-tidy-20 -checks=-*,linuxkernel-must-check-errs,misc-static-assert -p=/tmp/ktest-out/lustre-release /tmp/ktest-out/lustre-release/lnet/selftest/timer.c
[218/525][0.1s] clang-tidy-20 -checks=-*,linuxkernel-must-check-errs,misc-static-assert -p=/tmp/ktest-out/lustre-release /tmp/ktest-out/lustre-release/lustre/tests/parse_foreign_file.c
[219/525][2.9s] clang-tidy-20 -checks=-*,linuxkernel-must-check-errs,misc-static-assert -p=/tmp/ktest-out/lustre-release /tmp/ktest-out/lustre-release/lustre/obdclass/class_obd.c
[220/525][0.1s] clang-tidy-20 -checks=-*,linuxkernel-must-check-errs,misc-static-assert -p=/tmp/ktest-out/lustre-release /tmp/ktest-out/lustre-release/lustre/utils/liblustreapi_json.c
[221/525][1.2s] clang-tidy-20 -checks=-*,linuxkernel-must-check-errs,misc-static-assert -p=/tmp/ktest-out/lustre-release /tmp/ktest-out/lustre-release/lustre/obdclass/scrub.c
[222/525][0.4s] clang-tidy-20 -checks=-*,linuxkernel-must-check-errs,misc-static-assert -p=/tmp/ktest-out/lustre-release /tmp/ktest-out/lustre-release/lustre/utils/mount_utils.c
[223/525][1.6s] clang-tidy-20 -checks=-*,linuxkernel-must-check-errs,misc-static-assert -p=/tmp/ktest-out/lustre-release /tmp/ktest-out/lustre-release/lustre/ptlrpc/lproc_ptlrpc.c
[224/525][1.6s] clang-tidy-20 -checks=-*,linuxkernel-must-check-errs,misc-static-assert -p=/tmp/ktest-out/lustre-release /tmp/ktest-out/lustre-release/lnet/klnds/socklnd/socklnd_cb.c
lnet/klnds/socklnd/socklnd_cb.c:2051:7: warning: result from function 'PTR_ERR_OR_ZERO' is unused [linuxkernel-must-check-errs]
 2051 |         rc = ksocknal_thread_start(ksocknal_connd, NULL,
      |              ^
lnet/klnds/socklnd/socklnd.h:622:3: note: expanded from macro 'ksocknal_thread_start'
  622 |                 PTR_ERR_OR_ZERO(__task);                                \
      |                 ^
1 warning generated.

[225/525][1.4s] clang-tidy-20 -checks=-*,linuxkernel-must-check-errs,misc-static-assert -p=/tmp/ktest-out/lustre-release /tmp/ktest-out/lustre-release/lustre/kunit/kinode.c
[226/525][1.9s] clang-tidy-20 -checks=-*,linuxkernel-must-check-errs,misc-static-assert -p=/tmp/ktest-out/lustre-release /tmp/ktest-out/lustre-release/lustre/obdecho/echo.c
[227/525][1.8s] clang-tidy-20 -checks=-*,linuxkernel-must-check-errs,misc-static-assert -p=/tmp/ktest-out/lustre-release /tmp/ktest-out/lustre-release/lustre/ofd/lproc_ofd.c
[228/525][0.4s] clang-tidy-20 -checks=-*,linuxkernel-must-check-errs,misc-static-assert -p=/tmp/ktest-out/lustre-release /tmp/ktest-out/lustre-release/lustre/mdt/mdt.mod.c
[229/525][1.4s] clang-tidy-20 -checks=-*,linuxkernel-must-check-errs,misc-static-assert -p=/tmp/ktest-out/lustre-release /tmp/ktest-out/lustre-release/lustre/osc/osc_object.c
[230/525][0.9s] clang-tidy-20 -checks=-*,linuxkernel-must-check-errs,misc-static-assert -p=/tmp/ktest-out/lustre-release /tmp/ktest-out/lustre-release/lustre_compat/symbols.c
[231/525][1.7s] clang-tidy-20 -checks=-*,linuxkernel-must-check-errs,misc-static-assert -p=/tmp/ktest-out/lustre-release /tmp/ktest-out/lustre-release/lustre/quota/qsd_writeback.c
[232/525][1.9s] clang-tidy-20 -checks=-*,linuxkernel-must-check-errs,misc-static-assert -p=/tmp/ktest-out/lustre-release /tmp/ktest-out/lustre-release/lustre/mdc/mdc_dev.c
[233/525][1.6s] clang-tidy-20 -checks=-*,linuxkernel-must-check-errs,misc-static-assert -p=/tmp/ktest-out/lustre-release /tmp/ktest-out/lustre-release/lustre/obdclass/lprocfs_status.c
[234/525][1.8s] clang-tidy-20 -checks=-*,linuxkernel-must-check-errs,misc-static-assert -p=/tmp/ktest-out/lustre-release /tmp/ktest-out/lustre-release/lustre/mdt/mdt_hsm_cdt_agent.c
[235/525][3.3s] clang-tidy-20 -checks=-*,linuxkernel-must-check-errs,misc-static-assert -p=/tmp/ktest-out/lustre-release /tmp/ktest-out/lustre-release/lustre/mdc/mdc_request.c
[236/525][1.4s] clang-tidy-20 -checks=-*,linuxkernel-must-check-errs,misc-static-assert -p=/tmp/ktest-out/lustre-release /tmp/ktest-out/lustre-release/lustre/osd-wbcfs/osd_object.c
[237/525][0.1s] clang-tidy-20 -checks=-*,linuxkernel-must-check-errs,misc-static-assert -p=/tmp/ktest-out/lustre-release /tmp/ktest-out/lustre-release/lustre/utils/l_getidentity.c
[238/525][1.4s] clang-tidy-20 -checks=-*,linuxkernel-must-check-errs,misc-static-assert -p=/tmp/ktest-out/lustre-release /tmp/ktest-out/lustre-release/lustre/ofd/ofd_oss.c
[239/525][1.7s] clang-tidy-20 -checks=-*,linuxkernel-must-check-errs,misc-static-assert -p=/tmp/ktest-out/lustre-release /tmp/ktest-out/lustre-release/lustre/llite/vvp_object.c
[240/525][0.0s] clang-tidy-20 -checks=-*,linuxkernel-must-check-errs,misc-static-assert -p=/tmp/ktest-out/lustre-release /tmp/ktest-out/lustre-release/lustre/tests/write_time_limit.c
[241/525][0.5s] clang-tidy-20 -checks=-*,linuxkernel-must-check-errs,misc-static-assert -p=/tmp/ktest-out/lustre-release /tmp/ktest-out/lustre-release/lustre/lov/lov.mod.c
[242/525][1.3s] clang-tidy-20 -checks=-*,linuxkernel-must-check-errs,misc-static-assert -p=/tmp/ktest-out/lustre-release /tmp/ktest-out/lustre-release/lustre/ptlrpc/nrs_crr.c
[243/525][1.5s] clang-tidy-20 -checks=-*,linuxkernel-must-check-errs,misc-static-assert -p=/tmp/ktest-out/lustre-release /tmp/ktest-out/lustre-release/lustre/lod/lproc_lod.c
[244/525][3.2s] clang-tidy-20 -checks=-*,linuxkernel-must-check-errs,misc-static-assert -p=/tmp/ktest-out/lustre-release /tmp/ktest-out/lustre-release/lustre/mdd/mdd_device.c
[245/525][1.5s] clang-tidy-20 -checks=-*,linuxkernel-must-check-errs,misc-static-assert -p=/tmp/ktest-out/lustre-release /tmp/ktest-out/lustre-release/lustre/osd-wbcfs/osd_dirent.c
[246/525][1.6s] clang-tidy-20 -checks=-*,linuxkernel-must-check-errs,misc-static-assert -p=/tmp/ktest-out/lustre-release /tmp/ktest-out/lustre-release/lustre/lov/lov_page.c
[247/525][1.5s] clang-tidy-20 -checks=-*,linuxkernel-must-check-errs,misc-static-assert -p=/tmp/ktest-out/lustre-release /tmp/ktest-out/lustre-release/lustre/osc/osc_lock.c
[248/525][1.5s] clang-tidy-20 -checks=-*,linuxkernel-must-check-errs,misc-static-assert -p=/tmp/ktest-out/lustre-release /tmp/ktest-out/lustre-release/lnet/lnet/router.c
[249/525][1.8s] clang-tidy-20 -checks=-*,linuxkernel-must-check-errs,misc-static-assert -p=/tmp/ktest-out/lustre-release /tmp/ktest-out/lustre-release/lustre/ptlrpc/pers.c
[250/525][0.1s] clang-tidy-20 -checks=-*,linuxkernel-must-check-errs,misc-static-assert -p=/tmp/ktest-out/lustre-release /tmp/ktest-out/lustre-release/lustre/tests/llapi_test_utils.c
[251/525][0.1s] clang-tidy-20 -checks=-*,linuxkernel-must-check-errs,misc-static-assert -p=/tmp/ktest-out/lustre-release /tmp/ktest-out/lustre-release/lustre/tests/foreign_symlink_striping.c
[252/525][1.7s] clang-tidy-20 -checks=-*,linuxkernel-must-check-errs,misc-static-assert -p=/tmp/ktest-out/lustre-release /tmp/ktest-out/lustre-release/lustre/ptlrpc/nrs_tbf.c
[253/525][1.6s] clang-tidy-20 -checks=-*,linuxkernel-must-check-errs,misc-static-assert -p=/tmp/ktest-out/lustre-release /tmp/ktest-out/lustre-release/lustre/obdclass/lprocfs_status_server.c
[254/525][1.5s] clang-tidy-20 -checks=-*,linuxkernel-must-check-errs,misc-static-assert -p=/tmp/ktest-out/lustre-release /tmp/ktest-out/lustre-release/lustre/lov/lov_ea.c
[255/525][1.5s] clang-tidy-20 -checks=-*,linuxkernel-must-check-errs,misc-static-assert -p=/tmp/ktest-out/lustre-release /tmp/ktest-out/lustre-release/lustre/obdclass/cl_lock.c
[256/525][0.1s] clang-tidy-20 -checks=-*,linuxkernel-must-check-errs,misc-static-assert -p=/tmp/ktest-out/lustre-release /tmp/ktest-out/lustre-release/lustre/tests/writemany.c
[257/525][1.5s] clang-tidy-20 -checks=-*,linuxkernel-must-check-errs,misc-static-assert -p=/tmp/ktest-out/lustre-release /tmp/ktest-out/lustre-release/lustre/ptlrpc/nrs_delay.c
[258/525][1.8s] clang-tidy-20 -checks=-*,linuxkernel-must-check-errs,misc-static-assert -p=/tmp/ktest-out/lustre-release /tmp/ktest-out/lustre-release/lustre/llite/rw26.c
[259/525][1.5s] clang-tidy-20 -checks=-*,linuxkernel-must-check-errs,misc-static-assert -p=/tmp/ktest-out/lustre-release /tmp/ktest-out/lustre-release/lustre/quota/lquota_entry.c
[260/525][1.7s] clang-tidy-20 -checks=-*,linuxkernel-must-check-errs,misc-static-assert -p=/tmp/ktest-out/lustre-release /tmp/ktest-out/lustre-release/lustre/target/tgt_handler.c
[261/525][1.5s] clang-tidy-20 -checks=-*,linuxkernel-must-check-errs,misc-static-assert -p=/tmp/ktest-out/lustre-release /tmp/ktest-out/lustre-release/lustre/ptlrpc/pack_server.c
[262/525][1.5s] clang-tidy-20 -checks=-*,linuxkernel-must-check-errs,misc-static-assert -p=/tmp/ktest-out/lustre-release /tmp/ktest-out/lustre-release/lustre/ldlm/ldlm_reclaim.c
[263/525][0.1s] clang-tidy-20 -checks=-*,linuxkernel-must-check-errs,misc-static-assert -p=/tmp/ktest-out/lustre-release /tmp/ktest-out/lustre-release/lustre/tests/tchmod.c
[264/525][1.6s] clang-tidy-20 -checks=-*,linuxkernel-must-check-errs,misc-static-assert -p=/tmp/ktest-out/lustre-release /tmp/ktest-out/lustre-release/lustre/obdclass/cl_object.c
[265/525][1.7s] clang-tidy-20 -checks=-*,linuxkernel-must-check-errs,misc-static-assert -p=/tmp/ktest-out/lustre-release /tmp/ktest-out/lustre-release/lustre/mdt/mdt_recovery.c
[266/525][0.1s] clang-tidy-20 -checks=-*,linuxkernel-must-check-errs,misc-static-assert -p=/tmp/ktest-out/lustre-release /tmp/ktest-out/lustre-release/lustre/tests/opendirunlink.c
[267/525][1.6s] clang-tidy-20 -checks=-*,linuxkernel-must-check-errs,misc-static-assert -p=/tmp/ktest-out/lustre-release /tmp/ktest-out/lustre-release/lustre/kunit/ldlm_extent.c
[268/525][0.1s] clang-tidy-20 -checks=-*,linuxkernel-must-check-errs,misc-static-assert -p=/tmp/ktest-out/lustre-release /tmp/ktest-out/lustre-release/lustre/tests/mcreate.c
[269/525][0.1s] clang-tidy-20 -checks=-*,linuxkernel-must-check-errs,misc-static-assert -p=/tmp/ktest-out/lustre-release /tmp/ktest-out/lustre-release/lustre/tests/small_write.c
[270/525][1.6s] clang-tidy-20 -checks=-*,linuxkernel-must-check-errs,misc-static-assert -p=/tmp/ktest-out/lustre-release /tmp/ktest-out/lustre-release/lnet/klnds/socklnd/socklnd_proto.c
[271/525][1.3s] clang-tidy-20 -checks=-*,linuxkernel-must-check-errs,misc-static-assert -p=/tmp/ktest-out/lustre-release /tmp/ktest-out/lustre-release/lustre/obdclass/lprocfs_counters.c
[272/525][0.1s] clang-tidy-20 -checks=-*,linuxkernel-must-check-errs,misc-static-assert -p=/tmp/ktest-out/lustre-release /tmp/ktest-out/lustre-release/lustre/tests/flocks_test.c
[273/525][1.9s] clang-tidy-20 -checks=-*,linuxkernel-must-check-errs,misc-static-assert -p=/tmp/ktest-out/lustre-release /tmp/ktest-out/lustre-release/lustre/ptlrpc/pack_generic.c
[274/525][0.1s] clang-tidy-20 -checks=-*,linuxkernel-must-check-errs,misc-static-assert -p=/tmp/ktest-out/lustre-release /tmp/ktest-out/lustre-release/lnet/utils/lnetctl.c
[275/525][2.0s] clang-tidy-20 -checks=-*,linuxkernel-must-check-errs,misc-static-assert -p=/tmp/ktest-out/lustre-release /tmp/ktest-out/lustre-release/lustre/obdclass/cl_page.c
[276/525][1.4s] clang-tidy-20 -checks=-*,linuxkernel-must-check-errs,misc-static-assert -p=/tmp/ktest-out/lustre-release /tmp/ktest-out/lustre-release/lustre/obdclass/llog_obd.c
[277/525][0.1s] clang-tidy-20 -checks=-*,linuxkernel-must-check-errs,misc-static-assert -p=/tmp/ktest-out/lustre-release /tmp/ktest-out/lustre-release/lustre/utils/liblustreapi_hsm.c
[278/525][1.7s] clang-tidy-20 -checks=-*,linuxkernel-must-check-errs,misc-static-assert -p=/tmp/ktest-out/lustre-release /tmp/ktest-out/lustre-release/lnet/klnds/socklnd/socklnd_modparams.c
1 warning generated.
Suppressed 1 warnings (1 with check filters).

[279/525][1.9s] clang-tidy-20 -checks=-*,linuxkernel-must-check-errs,misc-static-assert -p=/tmp/ktest-out/lustre-release /tmp/ktest-out/lustre-release/lustre/ldlm/ldlm_inodebits.c
[280/525][1.6s] clang-tidy-20 -checks=-*,linuxkernel-must-check-errs,misc-static-assert -p=/tmp/ktest-out/lustre-release /tmp/ktest-out/lustre-release/lustre/ptlrpc/recover.c
[281/525][1.5s] clang-tidy-20 -checks=-*,linuxkernel-must-check-errs,misc-static-assert -p=/tmp/ktest-out/lustre-release /tmp/ktest-out/lustre-release/lustre/osc/osc_quota.c
[282/525][1.6s] clang-tidy-20 -checks=-*,linuxkernel-must-check-errs,misc-static-assert -p=/tmp/ktest-out/lustre-release /tmp/ktest-out/lustre-release/lustre/target/update_recovery.c
[283/525][3.0s] clang-tidy-20 -checks=-*,linuxkernel-must-check-errs,misc-static-assert -p=/tmp/ktest-out/lustre-release /tmp/ktest-out/lustre-release/lustre/fid/fid_request.c
[284/525][0.1s] clang-tidy-20 -checks=-*,linuxkernel-must-check-errs,misc-static-assert -p=/tmp/ktest-out/lustre-release /tmp/ktest-out/lustre-release/lib/libcfs/nidstrings.c
[285/525][0.5s] clang-tidy-20 -checks=-*,linuxkernel-must-check-errs,misc-static-assert -p=/tmp/ktest-out/lustre-release /tmp/ktest-out/lustre-release/lustre/kunit/ec_test.mod.c
[286/525][1.3s] clang-tidy-20 -checks=-*,linuxkernel-must-check-errs,misc-static-assert -p=/tmp/ktest-out/lustre-release /tmp/ktest-out/lustre-release/lustre/lov/lovsub_object.c
[287/525][1.5s] clang-tidy-20 -checks=-*,linuxkernel-must-check-errs,misc-static-assert -p=/tmp/ktest-out/lustre-release /tmp/ktest-out/lustre-release/lnet/lnet/nidstrings.c
[288/525][1.6s] clang-tidy-20 -checks=-*,linuxkernel-must-check-errs,misc-static-assert -p=/tmp/ktest-out/lustre-release /tmp/ktest-out/lustre-release/lustre/mdt/mdt_lproc.c
[289/525][0.2s] clang-tidy-20 -checks=-*,linuxkernel-must-check-errs,misc-static-assert -p=/tmp/ktest-out/lustre-release /tmp/ktest-out/lustre-release/lustre/utils/erasurecode/ec_base.c
[290/525][1.5s] clang-tidy-20 -checks=-*,linuxkernel-must-check-errs,misc-static-assert -p=/tmp/ktest-out/lustre-release /tmp/ktest-out/lustre-release/lustre/obdclass/obdo_server.c
[291/525][0.1s] clang-tidy-20 -checks=-*,linuxkernel-must-check-errs,misc-static-assert -p=/tmp/ktest-out/lustre-release /tmp/ktest-out/lustre-release/lustre/utils/llverfs.c
[292/525][1.8s] clang-tidy-20 -checks=-*,linuxkernel-must-check-errs,misc-static-assert -p=/tmp/ktest-out/lustre-release /tmp/ktest-out/lustre-release/lustre/ofd/ofd_lvb.c
[293/525][1.8s] clang-tidy-20 -checks=-*,linuxkernel-must-check-errs,misc-static-assert -p=/tmp/ktest-out/lustre-release /tmp/ktest-out/lustre-release/lustre/mdt/mdt_hsm_cdt_client.c
[294/525][0.5s] clang-tidy-20 -checks=-*,linuxkernel-must-check-errs,misc-static-assert -p=/tmp/ktest-out/lustre-release /tmp/ktest-out/lustre-release/lnet/selftest/lnet_selftest.mod.c
[295/525][1.5s] clang-tidy-20 -checks=-*,linuxkernel-must-check-errs,misc-static-assert -p=/tmp/ktest-out/lustre-release /tmp/ktest-out/lustre-release/lustre/mdt/mdt_batch.c
[296/525][0.6s] clang-tidy-20 -checks=-*,linuxkernel-must-check-errs,misc-static-assert -p=/tmp/ktest-out/lustre-release /tmp/ktest-out/lustre-release/lustre/mgs/mgs.mod.c
[297/525][1.6s] clang-tidy-20 -checks=-*,linuxkernel-must-check-errs,misc-static-assert -p=/tmp/ktest-out/lustre-release /tmp/ktest-out/lustre-release/lustre/mdt/mdt_reint.c
[298/525][1.5s] clang-tidy-20 -checks=-*,linuxkernel-must-check-errs,misc-static-assert -p=/tmp/ktest-out/lustre-release /tmp/ktest-out/lustre-release/lustre/ptlrpc/llog_net.c
[299/525][0.1s] clang-tidy-20 -checks=-*,linuxkernel-must-check-errs,misc-static-assert -p=/tmp/ktest-out/lustre-release /tmp/ktest-out/lustre-release/lustre/tests/rwv.c
[300/525][0.1s] clang-tidy-20 -checks=-*,linuxkernel-must-check-errs,misc-static-assert -p=/tmp/ktest-out/lustre-release /tmp/ktest-out/lustre-release/lustre/tests/mirror_io.c
[301/525][1.7s] clang-tidy-20 -checks=-*,linuxkernel-must-check-errs,misc-static-assert -p=/tmp/ktest-out/lustre-release /tmp/ktest-out/lustre-release/lustre/lod/lod_qos.c
[302/525][0.1s] clang-tidy-20 -checks=-*,linuxkernel-must-check-errs,misc-static-assert -p=/tmp/ktest-out/lustre-release /tmp/ktest-out/lustre-release/lustre/utils/liblustreapi_chlg.c
[303/525][1.6s] clang-tidy-20 -checks=-*,linuxkernel-must-check-errs,misc-static-assert -p=/tmp/ktest-out/lustre-release /tmp/ktest-out/lustre-release/lustre/fid/lproc_fid.c
[304/525][1.7s] clang-tidy-20 -checks=-*,linuxkernel-must-check-errs,misc-static-assert -p=/tmp/ktest-out/lustre-release /tmp/ktest-out/lustre-release/lustre/obdclass/llog_osd.c
[305/525][1.5s] clang-tidy-20 -checks=-*,linuxkernel-must-check-errs,misc-static-assert -p=/tmp/ktest-out/lustre-release /tmp/ktest-out/lustre-release/lustre/ptlrpc/service.c
[306/525][0.1s] clang-tidy-20 -checks=-*,linuxkernel-must-check-errs,misc-static-assert -p=/tmp/ktest-out/lustre-release /tmp/ktest-out/lustre-release/lustre/utils/lustre_rsync.c
[307/525][0.1s] clang-tidy-20 -checks=-*,linuxkernel-must-check-errs,misc-static-assert -p=/tmp/ktest-out/lustre-release /tmp/ktest-out/lustre-release/lustre/utils/liblustreapi_swap.c
[308/525][1.6s] clang-tidy-20 -checks=-*,linuxkernel-must-check-errs,misc-static-assert -p=/tmp/ktest-out/lustre-release /tmp/ktest-out/lustre-release/lustre/ptlrpc/sec.c
[309/525][1.7s] clang-tidy-20 -checks=-*,linuxkernel-must-check-errs,misc-static-assert -p=/tmp/ktest-out/lustre-release /tmp/ktest-out/lustre-release/lustre/obdclass/cl_io.c
[310/525][1.9s] clang-tidy-20 -checks=-*,linuxkernel-must-check-errs,misc-static-assert -p=/tmp/ktest-out/lustre-release /tmp/ktest-out/lustre-release/lustre/mdd/mdd_orphans.c
[311/525][0.1s] clang-tidy-20 -checks=-*,linuxkernel-must-check-errs,misc-static-assert -p=/tmp/ktest-out/lustre-release /tmp/ktest-out/lustre-release/lustre/tests/swap_lock_test.c
[312/525][3.2s] clang-tidy-20 -checks=-*,linuxkernel-must-check-errs,misc-static-assert -p=/tmp/ktest-out/lustre-release /tmp/ktest-out/lustre-release/lustre/fld/fld_request.c
[313/525][0.5s] clang-tidy-20 -checks=-*,linuxkernel-must-check-errs,misc-static-assert -p=/tmp/ktest-out/lustre-release /tmp/ktest-out/lustre-release/lustre/kunit/ldlm_extent.mod.c
[314/525][1.5s] clang-tidy-20 -checks=-*,linuxkernel-must-check-errs,misc-static-assert -p=/tmp/ktest-out/lustre-release /tmp/ktest-out/lustre-release/lustre/mdt/mdt_som.c
[315/525][0.1s] clang-tidy-20 -checks=-*,linuxkernel-must-check-errs,misc-static-assert -p=/tmp/ktest-out/lustre-release /tmp/ktest-out/lustre-release/lustre/tests/checkfiemap.c
[316/525][1.7s] clang-tidy-20 -checks=-*,linuxkernel-must-check-errs,misc-static-assert -p=/tmp/ktest-out/lustre-release /tmp/ktest-out/lustre-release/lustre/mdd/mdd_lproc.c
[317/525][1.7s] clang-tidy-20 -checks=-*,linuxkernel-must-check-errs,misc-static-assert -p=/tmp/ktest-out/lustre-release /tmp/ktest-out/lustre-release/lustre/llite/lcommon_misc.c
[318/525][3.1s] clang-tidy-20 -checks=-*,linuxkernel-must-check-errs,misc-static-assert -p=/tmp/ktest-out/lustre-release /tmp/ktest-out/lustre-release/lustre/kunit/obd_test.c
[319/525][0.1s] clang-tidy-20 -checks=-*,linuxkernel-must-check-errs,misc-static-assert -p=/tmp/ktest-out/lustre-release /tmp/ktest-out/lustre-release/lnet/utils/lnetconfig/liblnetconfig.c
[320/525][1.6s] clang-tidy-20 -checks=-*,linuxkernel-must-check-errs,misc-static-assert -p=/tmp/ktest-out/lustre-release /tmp/ktest-out/lustre-release/lustre/llite/llite_lib.c
[321/525][1.3s] clang-tidy-20 -checks=-*,linuxkernel-must-check-errs,misc-static-assert -p=/tmp/ktest-out/lustre-release /tmp/ktest-out/lustre-release/lustre/quota/qsd_reint.c
[322/525][0.1s] clang-tidy-20 -checks=-*,linuxkernel-must-check-errs,misc-static-assert -p=/tmp/ktest-out/lustre-release /tmp/ktest-out/lustre-release/lustre/tests/fsx.c
[323/525][0.3s] clang-tidy-20 -checks=-*,linuxkernel-must-check-errs,misc-static-assert -p=/tmp/ktest-out/lustre-release /tmp/ktest-out/lustre-release/lustre/utils/obd.c
[324/525][1.6s] clang-tidy-20 -checks=-*,linuxkernel-must-check-errs,misc-static-assert -p=/tmp/ktest-out/lustre-release /tmp/ktest-out/lustre-release/lustre/ldlm/ldlm_lock.c
[325/525][0.1s] clang-tidy-20 -checks=-*,linuxkernel-must-check-errs,misc-static-assert -p=/tmp/ktest-out/lustre-release /tmp/ktest-out/lustre-release/lustre/tests/sendfile.c
[326/525][1.5s] clang-tidy-20 -checks=-*,linuxkernel-must-check-errs,misc-static-assert -p=/tmp/ktest-out/lustre-release /tmp/ktest-out/lustre-release/lustre/llite/lproc_llite.c
[327/525][2.8s] clang-tidy-20 -checks=-*,linuxkernel-must-check-errs,misc-static-assert -p=/tmp/ktest-out/lustre-release /tmp/ktest-out/lustre-release/lustre/osp/osp_dev.c
[328/525][1.4s] clang-tidy-20 -checks=-*,linuxkernel-must-check-errs,misc-static-assert -p=/tmp/ktest-out/lustre-release /tmp/ktest-out/lustre-release/lustre/mdt/mdt_lvb.c
[329/525][1.5s] clang-tidy-20 -checks=-*,linuxkernel-must-check-errs,misc-static-assert -p=/tmp/ktest-out/lustre-release /tmp/ktest-out/lustre-release/lustre/mgc/mgc_request_server.c
[330/525][1.4s] clang-tidy-20 -checks=-*,linuxkernel-must-check-errs,misc-static-assert -p=/tmp/ktest-out/lustre-release /tmp/ktest-out/lustre-release/lustre/obdclass/jobid.c
[331/525][1.5s] clang-tidy-20 -checks=-*,linuxkernel-must-check-errs,misc-static-assert -p=/tmp/ktest-out/lustre-release /tmp/ktest-out/lustre-release/lustre/target/update_trans.c
[332/525][0.1s] clang-tidy-20 -checks=-*,linuxkernel-must-check-errs,misc-static-assert -p=/tmp/ktest-out/lustre-release /tmp/ktest-out/lustre-release/lustre/utils/liblustreapi_mirror.c
[333/525][0.8s] clang-tidy-20 -checks=-*,linuxkernel-must-check-errs,misc-static-assert -p=/tmp/ktest-out/lustre-release /tmp/ktest-out/lustre-release/lustre/obdclass/range_lock.c
[334/525][1.8s] clang-tidy-20 -checks=-*,linuxkernel-must-check-errs,misc-static-assert -p=/tmp/ktest-out/lustre-release /tmp/ktest-out/lustre-release/lustre/llite/llite_mmap.c
[335/525][1.5s] clang-tidy-20 -checks=-*,linuxkernel-must-check-errs,misc-static-assert -p=/tmp/ktest-out/lustre-release /tmp/ktest-out/lustre-release/lustre/obdclass/hash.c
[336/525][1.7s] clang-tidy-20 -checks=-*,linuxkernel-must-check-errs,misc-static-assert -p=/tmp/ktest-out/lustre-release /tmp/ktest-out/lustre-release/lustre/obdclass/obd_cksum.c
[337/525][0.1s] clang-tidy-20 -checks=-*,linuxkernel-must-check-errs,misc-static-assert -p=/tmp/ktest-out/lustre-release /tmp/ktest-out/lustre-release/lustre/tests/monitor_lustrefs.c
[338/525][1.4s] clang-tidy-20 -checks=-*,linuxkernel-must-check-errs,misc-static-assert -p=/tmp/ktest-out/lustre-release /tmp/ktest-out/lustre-release/lustre/obdclass/obd_config.c
[339/525][1.7s] clang-tidy-20 -checks=-*,linuxkernel-must-check-errs,misc-static-assert -p=/tmp/ktest-out/lustre-release /tmp/ktest-out/lustre-release/lustre/llite/xattr_cache.c
[340/525][1.6s] clang-tidy-20 -checks=-*,linuxkernel-must-check-errs,misc-static-assert -p=/tmp/ktest-out/lustre-release /tmp/ktest-out/lustre-release/lustre/llite/crypto.c
[341/525][1.6s] clang-tidy-20 -checks=-*,linuxkernel-must-check-errs,misc-static-assert -p=/tmp/ktest-out/lustre-release /tmp/ktest-out/lustre-release/lustre/quota/qsd_lib.c
[342/525][1.0s] clang-tidy-20 -checks=-*,linuxkernel-must-check-errs,misc-static-assert -p=/tmp/ktest-out/lustre-release /tmp/ktest-out/lustre-release/lustre/osd-wbcfs/osd_hash.c
[343/525][1.6s] clang-tidy-20 -checks=-*,linuxkernel-must-check-errs,misc-static-assert -p=/tmp/ktest-out/lustre-release /tmp/ktest-out/lustre-release/lustre/llite/rw.c
[344/525][0.1s] clang-tidy-20 -checks=-*,linuxkernel-must-check-errs,misc-static-assert -p=/tmp/ktest-out/lustre-release /tmp/ktest-out/lustre-release/lustre/tests/rw_seq_cst_vs_drop_caches.c
[345/525][1.8s] clang-tidy-20 -checks=-*,linuxkernel-must-check-errs,misc-static-assert -p=/tmp/ktest-out/lustre-release /tmp/ktest-out/lustre-release/lustre/mdt/mdt_lib.c
[346/525][0.1s] clang-tidy-20 -checks=-*,linuxkernel-must-check-errs,misc-static-assert -p=/tmp/ktest-out/lustre-release /tmp/ktest-out/lustre-release/lustre/utils/l_tunedisk.c
[347/525][1.6s] clang-tidy-20 -checks=-*,linuxkernel-must-check-errs,misc-static-assert -p=/tmp/ktest-out/lustre-release /tmp/ktest-out/lustre-release/lustre/llite/namei.c
[348/525][3.4s] clang-tidy-20 -checks=-*,linuxkernel-must-check-errs,misc-static-assert -p=/tmp/ktest-out/lustre-release /tmp/ktest-out/lustre-release/lustre/lfsck/lfsck_lib.c
[349/525][0.1s] clang-tidy-20 -checks=-*,linuxkernel-must-check-errs,misc-static-assert -p=/tmp/ktest-out/lustre-release /tmp/ktest-out/lustre-release/lnet/utils/routerstat.c
[350/525][1.8s] clang-tidy-20 -checks=-*,linuxkernel-must-check-errs,misc-static-assert -p=/tmp/ktest-out/lustre-release /tmp/ktest-out/lustre-release/lustre/obdclass/llog_swab.c
[351/525][1.5s] clang-tidy-20 -checks=-*,linuxkernel-must-check-errs,misc-static-assert -p=/tmp/ktest-out/lustre-release /tmp/ktest-out/lustre-release/lustre/quota/qmt_lock.c
[352/525][1.7s] clang-tidy-20 -checks=-*,linuxkernel-must-check-errs,misc-static-assert -p=/tmp/ktest-out/lustre-release /tmp/ktest-out/lustre-release/lustre/lmv/lmv_fld.c
[353/525][1.6s] clang-tidy-20 -checks=-*,linuxkernel-must-check-errs,misc-static-assert -p=/tmp/ktest-out/lustre-release /tmp/ktest-out/lustre-release/lnet/lnet/lib-me.c
[354/525][1.6s] clang-tidy-20 -checks=-*,linuxkernel-must-check-errs,misc-static-assert -p=/tmp/ktest-out/lustre-release /tmp/ktest-out/lustre-release/lustre/lod/lod_sub_object.c
[355/525][0.1s] clang-tidy-20 -checks=-*,linuxkernel-must-check-errs,misc-static-assert -p=/tmp/ktest-out/lustre-release /tmp/ktest-out/lustre-release/lustre/utils/liblustreapi_lseek.c
[356/525][1.4s] clang-tidy-20 -checks=-*,linuxkernel-must-check-errs,misc-static-assert -p=/tmp/ktest-out/lustre-release /tmp/ktest-out/lustre-release/lustre/ptlrpc/nodemap_handler.c
1 warning generated.
Suppressed 1 warnings (1 with check filters).

[357/525][3.1s] clang-tidy-20 -checks=-*,linuxkernel-must-check-errs,misc-static-assert -p=/tmp/ktest-out/lustre-release /tmp/ktest-out/lustre-release/lustre/osc/osc_request.c
[358/525][0.1s] clang-tidy-20 -checks=-*,linuxkernel-must-check-errs,misc-static-assert -p=/tmp/ktest-out/lustre-release /tmp/ktest-out/lustre-release/lustre/tests/llapi_hsm_test.c
[359/525][0.1s] clang-tidy-20 -checks=-*,linuxkernel-must-check-errs,misc-static-assert -p=/tmp/ktest-out/lustre-release /tmp/ktest-out/lustre-release/lustre/tests/sendfile_grouplock.c
[360/525][0.2s] clang-tidy-20 -checks=-*,linuxkernel-must-check-errs,misc-static-assert -p=/tmp/ktest-out/lustre-release /tmp/ktest-out/lustre-release/lustre/utils/wiretest.c
[361/525][1.2s] clang-tidy-20 -checks=-*,linuxkernel-must-check-errs,misc-static-assert -p=/tmp/ktest-out/lustre-release /tmp/ktest-out/lustre-release/lnet/lnet/acceptor.c
[362/525][0.2s] clang-tidy-20 -checks=-*,linuxkernel-must-check-errs,misc-static-assert -p=/tmp/ktest-out/lustre-release /tmp/ktest-out/lustre-release/lnet/utils/lst.c
[363/525][0.5s] clang-tidy-20 -checks=-*,linuxkernel-must-check-errs,misc-static-assert -p=/tmp/ktest-out/lustre-release /tmp/ktest-out/lustre-release/lustre/mgc/mgc.mod.c
[364/525][1.4s] clang-tidy-20 -checks=-*,linuxkernel-must-check-errs,misc-static-assert -p=/tmp/ktest-out/lustre-release /tmp/ktest-out/lustre-release/lustre/obdclass/llog_cat.c
[365/525][1.7s] clang-tidy-20 -checks=-*,linuxkernel-must-check-errs,misc-static-assert -p=/tmp/ktest-out/lustre-release /tmp/ktest-out/lustre-release/lustre/llite/symlink.c
[366/525][3.1s] clang-tidy-20 -checks=-*,linuxkernel-must-check-errs,misc-static-assert -p=/tmp/ktest-out/lustre-release /tmp/ktest-out/lustre-release/lustre/osd-wbcfs/osd_handler.c
[367/525][1.6s] clang-tidy-20 -checks=-*,linuxkernel-must-check-errs,misc-static-assert -p=/tmp/ktest-out/lustre-release /tmp/ktest-out/lustre-release/lustre/mdd/mdd_changelog.c
[368/525][1.1s] clang-tidy-20 -checks=-*,linuxkernel-must-check-errs,misc-static-assert -p=/tmp/ktest-out/lustre-release /tmp/ktest-out/lustre-release/lnet/lnet/peer.c
[369/525][1.6s] clang-tidy-20 -checks=-*,linuxkernel-must-check-errs,misc-static-assert -p=/tmp/ktest-out/lustre-release /tmp/ktest-out/lustre-release/lustre/ptlrpc/events.c
[370/525][0.1s] clang-tidy-20 -checks=-*,linuxkernel-must-check-errs,misc-static-assert -p=/tmp/ktest-out/lustre-release /tmp/ktest-out/lustre-release/lustre/utils/libmount_utils_wbcfs.c
[371/525][0.2s] clang-tidy-20 -checks=-*,linuxkernel-must-check-errs,misc-static-assert -p=/tmp/ktest-out/lustre-release /tmp/ktest-out/lustre-release/lustre/tests/llapi_layout_test.c
[372/525][1.4s] clang-tidy-20 -checks=-*,linuxkernel-must-check-errs,misc-static-assert -p=/tmp/ktest-out/lustre-release /tmp/ktest-out/lustre-release/lustre/lov/lov_lock.c
[373/525][0.6s] clang-tidy-20 -checks=-*,linuxkernel-must-check-errs,misc-static-assert -p=/tmp/ktest-out/lustre-release /tmp/ktest-out/lustre-release/lustre/ofd/ofd.mod.c
[374/525][1.4s] clang-tidy-20 -checks=-*,linuxkernel-must-check-errs,misc-static-assert -p=/tmp/ktest-out/lustre-release /tmp/ktest-out/lustre-release/lustre/fld/fld_handler.c
[375/525][1.6s] clang-tidy-20 -checks=-*,linuxkernel-must-check-errs,misc-static-assert -p=/tmp/ktest-out/lustre-release /tmp/ktest-out/lustre-release/lustre/obdclass/statfs_pack.c
[376/525][0.9s] clang-tidy-20 -checks=-*,linuxkernel-must-check-errs,misc-static-assert -p=/tmp/ktest-out/lustre-release /tmp/ktest-out/lustre-release/lustre_compat/mm/shrinker_debug.c
[377/525][1.7s] clang-tidy-20 -checks=-*,linuxkernel-must-check-errs,misc-static-assert -p=/tmp/ktest-out/lustre-release /tmp/ktest-out/lustre-release/lustre/ptlrpc/nodemap_member.c
[378/525][0.1s] clang-tidy-20 -checks=-*,linuxkernel-must-check-errs,misc-static-assert -p=/tmp/ktest-out/lustre-release /tmp/ktest-out/lustre-release/lustre/tests/lov_getstripe_old.c
[379/525][0.1s] clang-tidy-20 -checks=-*,linuxkernel-must-check-errs,misc-static-assert -p=/tmp/ktest-out/lustre-release /tmp/ktest-out/lustre-release/lustre/utils/erasurecode/ec_base_aliases.c
[380/525][1.1s] clang-tidy-20 -checks=-*,linuxkernel-must-check-errs,misc-static-assert -p=/tmp/ktest-out/lustre-release /tmp/ktest-out/lustre-release/lnet/lnet/lo.c
[381/525][0.6s] clang-tidy-20 -checks=-*,linuxkernel-must-check-errs,misc-static-assert -p=/tmp/ktest-out/lustre-release /tmp/ktest-out/lustre-release/lustre/osd-wbcfs/osd_wbcfs.mod.c
[382/525][1.4s] clang-tidy-20 -checks=-*,linuxkernel-must-check-errs,misc-static-assert -p=/tmp/ktest-out/lustre-release /tmp/ktest-out/lustre-release/lustre/ptlrpc/nodemap_idmap.c
[383/525][1.2s] clang-tidy-20 -checks=-*,linuxkernel-must-check-errs,misc-static-assert -p=/tmp/ktest-out/lustre-release /tmp/ktest-out/lustre-release/lnet/selftest/rpc.c
[384/525][0.1s] clang-tidy-20 -checks=-*,linuxkernel-must-check-errs,misc-static-assert -p=/tmp/ktest-out/lustre-release /tmp/ktest-out/lustre-release/lustre/utils/ofd_access_log_reader.c
[385/525][1.6s] clang-tidy-20 -checks=-*,linuxkernel-must-check-errs,misc-static-assert -p=/tmp/ktest-out/lustre-release /tmp/ktest-out/lustre-release/lustre/osp/osp_precreate.c
[386/525][0.4s] clang-tidy-20 -checks=-*,linuxkernel-must-check-errs,misc-static-assert -p=/tmp/ktest-out/lustre-release /tmp/ktest-out/lustre-release/lustre_compat/mm/vmalloc.c
[387/525][1.5s] clang-tidy-20 -checks=-*,linuxkernel-must-check-errs,misc-static-assert -p=/tmp/ktest-out/lustre-release /tmp/ktest-out/lustre-release/lustre/mgs/mgs_barrier.c
[388/525][0.2s] clang-tidy-20 -checks=-*,linuxkernel-must-check-errs,misc-static-assert -p=/tmp/ktest-out/lustre-release /tmp/ktest-out/lustre-release/lustre/utils/l_getsepol.c
[389/525][0.1s] clang-tidy-20 -checks=-*,linuxkernel-must-check-errs,misc-static-assert -p=/tmp/ktest-out/lustre-release /tmp/ktest-out/lustre-release/lustre/utils/lhsmtool_posix.c
[390/525][1.4s] clang-tidy-20 -checks=-*,linuxkernel-must-check-errs,misc-static-assert -p=/tmp/ktest-out/lustre-release /tmp/ktest-out/lustre-release/lustre/lfsck/lfsck_namespace.c
[391/525][1.5s] clang-tidy-20 -checks=-*,linuxkernel-must-check-errs,misc-static-assert -p=/tmp/ktest-out/lustre-release /tmp/ktest-out/lustre-release/lustre/llite/llite_nfs.c
[392/525][1.1s] clang-tidy-20 -checks=-*,linuxkernel-must-check-errs,misc-static-assert -p=/tmp/ktest-out/lustre-release /tmp/ktest-out/lustre-release/lnet/lnet/lnet_rdma.c
[393/525][1.4s] clang-tidy-20 -checks=-*,linuxkernel-must-check-errs,misc-static-assert -p=/tmp/ktest-out/lustre-release /tmp/ktest-out/lustre-release/lustre/obdclass/upcall_cache.c
[394/525][0.1s] clang-tidy-20 -checks=-*,linuxkernel-must-check-errs,misc-static-assert -p=/tmp/ktest-out/lustre-release /tmp/ktest-out/lustre-release/lustre/ec/ec_base_aliases.c
[395/525][0.1s] clang-tidy-20 -checks=-*,linuxkernel-must-check-errs,misc-static-assert -p=/tmp/ktest-out/lustre-release /tmp/ktest-out/lustre-release/lustre/tests/reads.c
[396/525][1.3s] clang-tidy-20 -checks=-*,linuxkernel-must-check-errs,misc-static-assert -p=/tmp/ktest-out/lustre-release /tmp/ktest-out/lustre-release/lustre/ptlrpc/heap.c
[397/525][1.4s] clang-tidy-20 -checks=-*,linuxkernel-must-check-errs,misc-static-assert -p=/tmp/ktest-out/lustre-release /tmp/ktest-out/lustre-release/lustre/mdc/mdc_changelog.c
[398/525][1.4s] clang-tidy-20 -checks=-*,linuxkernel-must-check-errs,misc-static-assert -p=/tmp/ktest-out/lustre-release /tmp/ktest-out/lustre-release/lustre/kunit/ec_test.c
[399/525][0.1s] clang-tidy-20 -checks=-*,linuxkernel-must-check-errs,misc-static-assert -p=/tmp/ktest-out/lustre-release /tmp/ktest-out/lustre-release/lustre/tests/create_foreign_dir.c
[400/525][1.5s] clang-tidy-20 -checks=-*,linuxkernel-must-check-errs,misc-static-assert -p=/tmp/ktest-out/lustre-release /tmp/ktest-out/lustre-release/lustre/mdc/mdc_acl.c
[401/525][1.7s] clang-tidy-20 -checks=-*,linuxkernel-must-check-errs,misc-static-assert -p=/tmp/ktest-out/lustre-release /tmp/ktest-out/lustre-release/lustre/llite/acl.c
[402/525][1.3s] clang-tidy-20 -checks=-*,linuxkernel-must-check-errs,misc-static-assert -p=/tmp/ktest-out/lustre-release /tmp/ktest-out/lustre-release/lustre/llite/lcommon_cl.c
[403/525][1.2s] clang-tidy-20 -checks=-*,linuxkernel-must-check-errs,misc-static-assert -p=/tmp/ktest-out/lustre-release /tmp/ktest-out/lustre-release/lustre_compat/misc.c
[404/525][1.6s] clang-tidy-20 -checks=-*,linuxkernel-must-check-errs,misc-static-assert -p=/tmp/ktest-out/lustre-release /tmp/ktest-out/lustre-release/lustre/ofd/ofd_objects.c
[405/525][0.1s] clang-tidy-20 -checks=-*,linuxkernel-must-check-errs,misc-static-assert -p=/tmp/ktest-out/lustre-release /tmp/ktest-out/lustre-release/lustre/tests/create_foreign_file.c
[406/525][1.5s] clang-tidy-20 -checks=-*,linuxkernel-must-check-errs,misc-static-assert -p=/tmp/ktest-out/lustre-release /tmp/ktest-out/lustre-release/lustre/mdt/mdt_restripe.c
[407/525][1.2s] clang-tidy-20 -checks=-*,linuxkernel-must-check-errs,misc-static-assert -p=/tmp/ktest-out/lustre-release /tmp/ktest-out/lustre-release/lustre/obdclass/lu_ucred.c
[408/525][1.4s] clang-tidy-20 -checks=-*,linuxkernel-must-check-errs,misc-static-assert -p=/tmp/ktest-out/lustre-release /tmp/ktest-out/lustre-release/lustre/obdclass/lustre_handles.c
[409/525][0.2s] clang-tidy-20 -checks=-*,linuxkernel-must-check-errs,misc-static-assert -p=/tmp/ktest-out/lustre-release /tmp/ktest-out/lustre-release/lustre/tests/createtest.c
[410/525][0.2s] clang-tidy-20 -checks=-*,linuxkernel-must-check-errs,misc-static-assert -p=/tmp/ktest-out/lustre-release /tmp/ktest-out/lustre-release/lustre/tests/memhog.c
[411/525][1.4s] clang-tidy-20 -checks=-*,linuxkernel-must-check-errs,misc-static-assert -p=/tmp/ktest-out/lustre-release /tmp/ktest-out/lustre-release/lustre/lod/lod_lov.c
[412/525][0.1s] clang-tidy-20 -checks=-*,linuxkernel-must-check-errs,misc-static-assert -p=/tmp/ktest-out/lustre-release /tmp/ktest-out/lustre-release/lustre/tests/createmany.c
[413/525][1.5s] clang-tidy-20 -checks=-*,linuxkernel-must-check-errs,misc-static-assert -p=/tmp/ktest-out/lustre-release /tmp/ktest-out/lustre-release/lustre/ptlrpc/sec_ctx.c
[414/525][0.2s] clang-tidy-20 -checks=-*,linuxkernel-must-check-errs,misc-static-assert -p=/tmp/ktest-out/lustre-release /tmp/ktest-out/lustre-release/lustre/utils/liblustreapi_pfind.c
[415/525][1.4s] clang-tidy-20 -checks=-*,linuxkernel-must-check-errs,misc-static-assert -p=/tmp/ktest-out/lustre-release /tmp/ktest-out/lustre-release/lustre/target/update_records.c
[416/525][2.9s] clang-tidy-20 -checks=-*,linuxkernel-must-check-errs,misc-static-assert -p=/tmp/ktest-out/lustre-release /tmp/ktest-out/lustre-release/lustre/obdecho/echo_client.c
[417/525][1.4s] clang-tidy-20 -checks=-*,linuxkernel-must-check-errs,misc-static-assert -p=/tmp/ktest-out/lustre-release /tmp/ktest-out/lustre-release/lustre/osp/osp_trans.c
[418/525][0.5s] clang-tidy-20 -checks=-*,linuxkernel-must-check-errs,misc-static-assert -p=/tmp/ktest-out/lustre-release /tmp/ktest-out/lustre-release/lustre/llite/lustre.mod.c
[419/525][0.1s] clang-tidy-20 -checks=-*,linuxkernel-must-check-errs,misc-static-assert -p=/tmp/ktest-out/lustre-release /tmp/ktest-out/lustre-release/lib/libcfs/parser.c
[420/525][0.0s] clang-tidy-20 -checks=-*,linuxkernel-must-check-errs,misc-static-assert -p=/tmp/ktest-out/lustre-release /tmp/ktest-out/lustre-release/lustre/tests/truncate.c
[421/525][1.2s] clang-tidy-20 -checks=-*,linuxkernel-must-check-errs,misc-static-assert -p=/tmp/ktest-out/lustre-release /tmp/ktest-out/lustre-release/lustre/ptlrpc/batch.c
[422/525][1.4s] clang-tidy-20 -checks=-*,linuxkernel-must-check-errs,misc-static-assert -p=/tmp/ktest-out/lustre-release /tmp/ktest-out/lustre-release/lnet/klnds/socklnd/socklnd_lib.c
[423/525][1.4s] clang-tidy-20 -checks=-*,linuxkernel-must-check-errs,misc-static-assert -p=/tmp/ktest-out/lustre-release /tmp/ktest-out/lustre-release/lustre/ptlrpc/sec_lproc.c
[424/525][1.4s] clang-tidy-20 -checks=-*,linuxkernel-must-check-errs,misc-static-assert -p=/tmp/ktest-out/lustre-release /tmp/ktest-out/lustre-release/lustre/obdclass/local_storage.c
[425/525][0.1s] clang-tidy-20 -checks=-*,linuxkernel-must-check-errs,misc-static-assert -p=/tmp/ktest-out/lustre-release /tmp/ktest-out/lustre-release/lustre/utils/lctl.c
[426/525][0.5s] clang-tidy-20 -checks=-*,linuxkernel-must-check-errs,misc-static-assert -p=/tmp/ktest-out/lustre-release /tmp/ktest-out/lustre-release/lustre/lmv/lmv.mod.c
[427/525][1.1s] clang-tidy-20 -checks=-*,linuxkernel-must-check-errs,misc-static-assert -p=/tmp/ktest-out/lustre-release /tmp/ktest-out/lustre-release/lustre/mdc/mdc_locks.c
[428/525][0.1s] clang-tidy-20 -checks=-*,linuxkernel-must-check-errs,misc-static-assert -p=/tmp/ktest-out/lustre-release /tmp/ktest-out/lustre-release/lustre/tests/listxattr_size_check.c
[429/525][0.1s] clang-tidy-20 -checks=-*,linuxkernel-must-check-errs,misc-static-assert -p=/tmp/ktest-out/lustre-release /tmp/ktest-out/lustre-release/lustre/utils/nidlist.c
[430/525][1.6s] clang-tidy-20 -checks=-*,linuxkernel-must-check-errs,misc-static-assert -p=/tmp/ktest-out/lustre-release /tmp/ktest-out/lustre-release/lustre/mdc/lproc_mdc.c
[431/525][1.1s] clang-tidy-20 -checks=-*,linuxkernel-must-check-errs,misc-static-assert -p=/tmp/ktest-out/lustre-release /tmp/ktest-out/lustre-release/lustre/ptlrpc/nodemap_fileset_alt.c
[432/525][1.2s] clang-tidy-20 -checks=-*,linuxkernel-must-check-errs,misc-static-assert -p=/tmp/ktest-out/lustre-release /tmp/ktest-out/lustre-release/lnet/lnet/lnet.mod.c
[433/525][0.1s] clang-tidy-20 -checks=-*,linuxkernel-must-check-errs,misc-static-assert -p=/tmp/ktest-out/lustre-release /tmp/ktest-out/lustre-release/lustre/utils/l_foreign_symlink.c
[434/525][0.6s] clang-tidy-20 -checks=-*,linuxkernel-must-check-errs,misc-static-assert -p=/tmp/ktest-out/lustre-release /tmp/ktest-out/lustre-release/lustre/fid/fid.mod.c
[435/525][0.4s] clang-tidy-20 -checks=-*,linuxkernel-must-check-errs,misc-static-assert -p=/tmp/ktest-out/lustre-release /tmp/ktest-out/lustre-release/lustre/obdclass/obdclass.mod.c
[436/525][1.4s] clang-tidy-20 -checks=-*,linuxkernel-must-check-errs,misc-static-assert -p=/tmp/ktest-out/lustre-release /tmp/ktest-out/lustre-release/lustre/lmv/lproc_lmv.c
[437/525][0.1s] clang-tidy-20 -checks=-*,linuxkernel-must-check-errs,misc-static-assert -p=/tmp/ktest-out/lustre-release /tmp/ktest-out/lustre-release/lustre/tests/mmap_cat.c
[438/525][1.6s] clang-tidy-20 -checks=-*,linuxkernel-must-check-errs,misc-static-assert -p=/tmp/ktest-out/lustre-release /tmp/ktest-out/lustre-release/lustre/mdt/mdt_io.c
[439/525][1.3s] clang-tidy-20 -checks=-*,linuxkernel-must-check-errs,misc-static-assert -p=/tmp/ktest-out/lustre-release /tmp/ktest-out/lustre-release/lustre/osp/osp_object.c
[440/525][2.8s] clang-tidy-20 -checks=-*,linuxkernel-must-check-errs,misc-static-assert -p=/tmp/ktest-out/lustre-release /tmp/ktest-out/lustre-release/lustre/lod/lod_dev.c
[441/525][1.9s] clang-tidy-20 -checks=-*,linuxkernel-must-check-errs,misc-static-assert -p=/tmp/ktest-out/lustre-release /tmp/ktest-out/lustre-release/lustre/ptlrpc/wiretest.c
[442/525][1.2s] clang-tidy-20 -checks=-*,linuxkernel-must-check-errs,misc-static-assert -p=/tmp/ktest-out/lustre-release /tmp/ktest-out/lustre-release/lustre/obdclass/lu_tgt_pool.c
[443/525][1.5s] clang-tidy-20 -checks=-*,linuxkernel-must-check-errs,misc-static-assert -p=/tmp/ktest-out/lustre-release /tmp/ktest-out/lustre-release/lustre/ldlm/ldlm_flock.c
[444/525][1.4s] clang-tidy-20 -checks=-*,linuxkernel-must-check-errs,misc-static-assert -p=/tmp/ktest-out/lustre-release /tmp/ktest-out/lustre-release/lustre/obdclass/idmap.c
[445/525][1.4s] clang-tidy-20 -checks=-*,linuxkernel-must-check-errs,misc-static-assert -p=/tmp/ktest-out/lustre-release /tmp/ktest-out/lustre-release/lustre/mgs/mgs_fs.c
[446/525][1.5s] clang-tidy-20 -checks=-*,linuxkernel-must-check-errs,misc-static-assert -p=/tmp/ktest-out/lustre-release /tmp/ktest-out/lustre-release/lustre/ldlm/ldlm_pool.c
[447/525][1.8s] clang-tidy-20 -checks=-*,linuxkernel-must-check-errs,misc-static-assert -p=/tmp/ktest-out/lustre-release /tmp/ktest-out/lustre-release/lustre/osp/lwp_dev.c
[448/525][0.1s] clang-tidy-20 -checks=-*,linuxkernel-must-check-errs,misc-static-assert -p=/tmp/ktest-out/lustre-release /tmp/ktest-out/lustre-release/lustre/utils/lr_reader.c
[449/525][1.7s] clang-tidy-20 -checks=-*,linuxkernel-must-check-errs,misc-static-assert -p=/tmp/ktest-out/lustre-release /tmp/ktest-out/lustre-release/lustre/mgs/mgs_nids.c
[450/525][1.2s] clang-tidy-20 -checks=-*,linuxkernel-must-check-errs,misc-static-assert -p=/tmp/ktest-out/lustre-release /tmp/ktest-out/lustre-release/lustre/osc/osc_io.c
[451/525][0.1s] clang-tidy-20 -checks=-*,linuxkernel-must-check-errs,misc-static-assert -p=/tmp/ktest-out/lustre-release /tmp/ktest-out/lustre-release/lnet/utils/lnetconfig/liblnetconfig_lnd.c
[452/525][0.1s] clang-tidy-20 -checks=-*,linuxkernel-must-check-errs,misc-static-assert -p=/tmp/ktest-out/lustre-release /tmp/ktest-out/lustre-release/lustre/tests/directio.c
[453/525][1.5s] clang-tidy-20 -checks=-*,linuxkernel-must-check-errs,misc-static-assert -p=/tmp/ktest-out/lustre-release /tmp/ktest-out/lustre-release/lustre/mdc/mdc_reint.c
[454/525][0.2s] clang-tidy-20 -checks=-*,linuxkernel-must-check-errs,misc-static-assert -p=/tmp/ktest-out/lustre-release /tmp/ktest-out/lustre-release/lustre/utils/wirecheck.c
[455/525][0.1s] clang-tidy-20 -checks=-*,linuxkernel-must-check-errs,misc-static-assert -p=/tmp/ktest-out/lustre-release /tmp/ktest-out/lustre-release/lustre/tests/flock_deadlock.c
[456/525][0.1s] clang-tidy-20 -checks=-*,linuxkernel-must-check-errs,misc-static-assert -p=/tmp/ktest-out/lustre-release /tmp/ktest-out/lustre-release/lustre/ptlrpc/errno.c
[457/525][0.1s] clang-tidy-20 -checks=-*,linuxkernel-must-check-errs,misc-static-assert -p=/tmp/ktest-out/lustre-release /tmp/ktest-out/lustre-release/lustre/utils/liblustreapi_project.c
[458/525][1.3s] clang-tidy-20 -checks=-*,linuxkernel-must-check-errs,misc-static-assert -p=/tmp/ktest-out/lustre-release /tmp/ktest-out/lustre-release/lustre/obdclass/page_pools.c
[459/525][0.9s] clang-tidy-20 -checks=-*,linuxkernel-must-check-errs,misc-static-assert -p=/tmp/ktest-out/lustre-release /home/ktest/git/linux/scripts/module-common.c
[460/525][2.5s] clang-tidy-20 -checks=-*,linuxkernel-must-check-errs,misc-static-assert -p=/tmp/ktest-out/lustre-release /tmp/ktest-out/lustre-release/lustre/llite/super25.c
[461/525][0.1s] clang-tidy-20 -checks=-*,linuxkernel-must-check-errs,misc-static-assert -p=/tmp/ktest-out/lustre-release /tmp/ktest-out/lustre-release/lustre/utils/liblustreapi_heat.c
[462/525][0.5s] clang-tidy-20 -checks=-*,linuxkernel-must-check-errs,misc-static-assert -p=/tmp/ktest-out/lustre-release /tmp/ktest-out/lustre-release/lustre/kunit/obd_test.mod.c
[463/525][1.4s] clang-tidy-20 -checks=-*,linuxkernel-must-check-errs,misc-static-assert -p=/tmp/ktest-out/lustre-release /tmp/ktest-out/lustre-release/lustre/mgc/lproc_mgc.c
[464/525][1.2s] clang-tidy-20 -checks=-*,linuxkernel-must-check-errs,misc-static-assert -p=/tmp/ktest-out/lustre-release /tmp/ktest-out/lustre-release/lustre/lfsck/lfsck_bookmark.c
[465/525][3.0s] clang-tidy-20 -checks=-*,linuxkernel-must-check-errs,misc-static-assert -p=/tmp/ktest-out/lustre-release /tmp/ktest-out/lustre-release/lustre/ofd/ofd_dev.c
[466/525][1.5s] clang-tidy-20 -checks=-*,linuxkernel-must-check-errs,misc-static-assert -p=/tmp/ktest-out/lustre-release /tmp/ktest-out/lustre-release/lustre/llite/vvp_io.c
[467/525][0.1s] clang-tidy-20 -checks=-*,linuxkernel-must-check-errs,misc-static-assert -p=/tmp/ktest-out/lustre-release /tmp/ktest-out/lustre-release/lustre/utils/liblustreapi_lease.c
[468/525][0.1s] clang-tidy-20 -checks=-*,linuxkernel-must-check-errs,misc-static-assert -p=/tmp/ktest-out/lustre-release /tmp/ktest-out/lustre-release/lib/libcfs/param.c
[469/525][2.6s] clang-tidy-20 -checks=-*,linuxkernel-must-check-errs,misc-static-assert -p=/tmp/ktest-out/lustre-release /tmp/ktest-out/lustre-release/lustre/obdclass/obd_sysfs.c
[470/525][0.1s] clang-tidy-20 -checks=-*,linuxkernel-must-check-errs,misc-static-assert -p=/tmp/ktest-out/lustre-release /tmp/ktest-out/lustre-release/lustre/tests/iabf/iabf.c
[471/525][1.3s] clang-tidy-20 -checks=-*,linuxkernel-must-check-errs,misc-static-assert -p=/tmp/ktest-out/lustre-release /tmp/ktest-out/lustre-release/lustre/lfsck/lfsck_engine.c
[472/525][1.4s] clang-tidy-20 -checks=-*,linuxkernel-must-check-errs,misc-static-assert -p=/tmp/ktest-out/lustre-release /tmp/ktest-out/lustre-release/lustre/ptlrpc/nodemap_lproc.c
[473/525][0.1s] clang-tidy-20 -checks=-*,linuxkernel-must-check-errs,misc-static-assert -p=/tmp/ktest-out/lustre-release /tmp/ktest-out/lustre-release/lustre/tests/rename_many.c
[474/525][1.6s] clang-tidy-20 -checks=-*,linuxkernel-must-check-errs,misc-static-assert -p=/tmp/ktest-out/lustre-release /tmp/ktest-out/lustre-release/lustre/ptlrpc/sec_config.c
[475/525][1.5s] clang-tidy-20 -checks=-*,linuxkernel-must-check-errs,misc-static-assert -p=/tmp/ktest-out/lustre-release /tmp/ktest-out/lustre-release/lustre/quota/qsd_entry.c
[476/525][0.5s] clang-tidy-20 -checks=-*,linuxkernel-must-check-errs,misc-static-assert -p=/tmp/ktest-out/lustre-release /tmp/ktest-out/lustre-release/lustre/osc/osc.mod.c
[477/525][1.4s] clang-tidy-20 -checks=-*,linuxkernel-must-check-errs,misc-static-assert -p=/tmp/ktest-out/lustre-release /tmp/ktest-out/lustre-release/lustre/ofd/ofd_dlm.c
[478/525][1.7s] clang-tidy-20 -checks=-*,linuxkernel-must-check-errs,misc-static-assert -p=/tmp/ktest-out/lustre-release /tmp/ktest-out/lustre-release/lustre/mdt/mdt_open.c
[479/525][1.5s] clang-tidy-20 -checks=-*,linuxkernel-must-check-errs,misc-static-assert -p=/tmp/ktest-out/lustre-release /tmp/ktest-out/lustre-release/lustre/obdclass/dt_object.c
[480/525][1.4s] clang-tidy-20 -checks=-*,linuxkernel-must-check-errs,misc-static-assert -p=/tmp/ktest-out/lustre-release /tmp/ktest-out/lustre-release/lustre/quota/lproc_quota.c
[481/525][0.1s] clang-tidy-20 -checks=-*,linuxkernel-must-check-errs,misc-static-assert -p=/tmp/ktest-out/lustre-release /tmp/ktest-out/lustre-release/lustre/utils/liblustreapi_nodemap.c
[482/525][0.1s] clang-tidy-20 -checks=-*,linuxkernel-must-check-errs,misc-static-assert -p=/tmp/ktest-out/lustre-release /tmp/ktest-out/lustre-release/lustre/tests/multiop.c
[483/525][1.2s] clang-tidy-20 -checks=-*,linuxkernel-must-check-errs,misc-static-assert -p=/tmp/ktest-out/lustre-release /tmp/ktest-out/lustre-release/lustre/obdclass/lustre_peer.c
[484/525][1.3s] clang-tidy-20 -checks=-*,linuxkernel-must-check-errs,misc-static-assert -p=/tmp/ktest-out/lustre-release /tmp/ktest-out/lustre-release/lustre/llite/xattr.c
[485/525][0.1s] clang-tidy-20 -checks=-*,linuxkernel-must-check-errs,misc-static-assert -p=/tmp/ktest-out/lustre-release /tmp/ktest-out/lustre-release/lustre/tests/ll_dirstripe_verify.c
[486/525][0.4s] clang-tidy-20 -checks=-*,linuxkernel-must-check-errs,misc-static-assert -p=/tmp/ktest-out/lustre-release /tmp/ktest-out/lustre-release/lustre/fld/fld.mod.c
[487/525][0.1s] clang-tidy-20 -checks=-*,linuxkernel-must-check-errs,misc-static-assert -p=/tmp/ktest-out/lustre-release /tmp/ktest-out/lustre-release/lustre/tests/writeme.c
[488/525][1.1s] clang-tidy-20 -checks=-*,linuxkernel-must-check-errs,misc-static-assert -p=/tmp/ktest-out/lustre-release /tmp/ktest-out/lustre-release/lnet/selftest/framework.c
[489/525][1.2s] clang-tidy-20 -checks=-*,linuxkernel-must-check-errs,misc-static-assert -p=/tmp/ktest-out/lustre-release /tmp/ktest-out/lustre-release/lustre/ldlm/ldlm_plain.c
[490/525][0.7s] clang-tidy-20 -checks=-*,linuxkernel-must-check-errs,misc-static-assert -p=/tmp/ktest-out/lustre-release /tmp/ktest-out/lustre-release/libcfs/libcfs/fail.c
[491/525][0.1s] clang-tidy-20 -checks=-*,linuxkernel-must-check-errs,misc-static-assert -p=/tmp/ktest-out/lustre-release /tmp/ktest-out/lustre-release/lustre/utils/lsnapshot.c
[492/525][0.1s] clang-tidy-20 -checks=-*,linuxkernel-must-check-errs,misc-static-assert -p=/tmp/ktest-out/lustre-release /tmp/ktest-out/lustre-release/lustre/tests/runas.c
[493/525][1.2s] clang-tidy-20 -checks=-*,linuxkernel-must-check-errs,misc-static-assert -p=/tmp/ktest-out/lustre-release /tmp/ktest-out/lustre-release/lustre/osc/osc_page.c
[494/525][1.5s] clang-tidy-20 -checks=-*,linuxkernel-must-check-errs,misc-static-assert -p=/tmp/ktest-out/lustre-release /tmp/ktest-out/lustre-release/lustre/llite/xattr_security.c
[495/525][1.5s] clang-tidy-20 -checks=-*,linuxkernel-must-check-errs,misc-static-assert -p=/tmp/ktest-out/lustre-release /tmp/ktest-out/lustre-release/lustre/ptlrpc/nrs.c
[496/525][3.4s] clang-tidy-20 -checks=-*,linuxkernel-must-check-errs,misc-static-assert -p=/tmp/ktest-out/lustre-release /tmp/ktest-out/lustre-release/lustre/lmv/lmv_obd.c
[497/525][1.4s] clang-tidy-20 -checks=-*,linuxkernel-must-check-errs,misc-static-assert -p=/tmp/ktest-out/lustre-release /tmp/ktest-out/lustre-release/lustre/ptlrpc/llog_server.c
[498/525][1.5s] clang-tidy-20 -checks=-*,linuxkernel-must-check-errs,misc-static-assert -p=/tmp/ktest-out/lustre-release /tmp/ktest-out/lustre-release/lustre/obdclass/llog_ioctl.c
[499/525][0.2s] clang-tidy-20 -checks=-*,linuxkernel-must-check-errs,misc-static-assert -p=/tmp/ktest-out/lustre-release /tmp/ktest-out/lustre-release/lustre/utils/mkfs_lustre.c
[500/525][1.5s] clang-tidy-20 -checks=-*,linuxkernel-must-check-errs,misc-static-assert -p=/tmp/ktest-out/lustre-release /tmp/ktest-out/lustre-release/lustre/mdt/mdt_xattr.c
[501/525][1.4s] clang-tidy-20 -checks=-*,linuxkernel-must-check-errs,misc-static-assert -p=/tmp/ktest-out/lustre-release /tmp/ktest-out/lustre-release/lustre/ofd/ofd_fs.c
[502/525][1.3s] clang-tidy-20 -checks=-*,linuxkernel-must-check-errs,misc-static-assert -p=/tmp/ktest-out/lustre-release /tmp/ktest-out/lustre-release/lustre/ptlrpc/niobuf.c
[503/525][1.4s] clang-tidy-20 -checks=-*,linuxkernel-must-check-errs,misc-static-assert -p=/tmp/ktest-out/lustre-release /tmp/ktest-out/lustre-release/lustre/ptlrpc/pinger.c
[504/525][1.2s] clang-tidy-20 -checks=-*,linuxkernel-must-check-errs,misc-static-assert -p=/tmp/ktest-out/lustre-release /tmp/ktest-out/lustre-release/lustre/obdclass/upcall_cache_internal.c
[505/525][1.2s] clang-tidy-20 -checks=-*,linuxkernel-must-check-errs,misc-static-assert -p=/tmp/ktest-out/lustre-release /tmp/ktest-out/lustre-release/lustre/ldlm/ldlm_lockd.c
[506/525][1.1s] clang-tidy-20 -checks=-*,linuxkernel-must-check-errs,misc-static-assert -p=/tmp/ktest-out/lustre-release /tmp/ktest-out/lustre-release/lustre/ldlm/ldlm_resource.c
[507/525][1.3s] clang-tidy-20 -checks=-*,linuxkernel-must-check-errs,misc-static-assert -p=/tmp/ktest-out/lustre-release /tmp/ktest-out/lustre-release/lustre/target/out_lib.c
[508/525][1.3s] clang-tidy-20 -checks=-*,linuxkernel-must-check-errs,misc-static-assert -p=/tmp/ktest-out/lustre-release /tmp/ktest-out/lustre-release/lustre/lmv/lmv_intent.c
[509/525][1.4s] clang-tidy-20 -checks=-*,linuxkernel-must-check-errs,misc-static-assert -p=/tmp/ktest-out/lustre-release /tmp/ktest-out/lustre-release/lustre/osp/lproc_osp.c
[510/525][1.2s] clang-tidy-20 -checks=-*,linuxkernel-must-check-errs,misc-static-assert -p=/tmp/ktest-out/lustre-release /tmp/ktest-out/lustre-release/lustre/fid/fid_lib.c
[511/525][1.1s] clang-tidy-20 -checks=-*,linuxkernel-must-check-errs,misc-static-assert -p=/tmp/ktest-out/lustre-release /tmp/ktest-out/lustre-release/lnet/lnet/lib-msg.c
[512/525][1.2s] clang-tidy-20 -checks=-*,linuxkernel-must-check-errs,misc-static-assert -p=/tmp/ktest-out/lustre-release /tmp/ktest-out/lustre-release/lustre/osd-wbcfs/osd_lproc.c
[513/525][0.7s] clang-tidy-20 -checks=-*,linuxkernel-must-check-errs,misc-static-assert -p=/tmp/ktest-out/lustre-release /tmp/ktest-out/lustre-release/lustre/osd-wbcfs/wbcfs.c
[514/525][0.8s] clang-tidy-20 -checks=-*,linuxkernel-must-check-errs,misc-static-assert -p=/tmp/ktest-out/lustre-release /tmp/ktest-out/lustre-release/lustre/target/tgt_fmd.c
[515/525][0.9s] clang-tidy-20 -checks=-*,linuxkernel-must-check-errs,misc-static-assert -p=/tmp/ktest-out/lustre-release /tmp/ktest-out/lustre-release/lustre/mdd/mdd_dir.c
[516/525][1.1s] clang-tidy-20 -checks=-*,linuxkernel-must-check-errs,misc-static-assert -p=/tmp/ktest-out/lustre-release /tmp/ktest-out/lustre-release/lustre/target/tgt_lastrcvd.c
[517/525][0.9s] clang-tidy-20 -checks=-*,linuxkernel-must-check-errs,misc-static-assert -p=/tmp/ktest-out/lustre-release /tmp/ktest-out/lustre-release/lustre/lfsck/lfsck_striped_dir.c
[518/525][1.1s] clang-tidy-20 -checks=-*,linuxkernel-must-check-errs,misc-static-assert -p=/tmp/ktest-out/lustre-release /tmp/ktest-out/lustre-release/lustre/quota/qmt_pool.c
[519/525][1.3s] clang-tidy-20 -checks=-*,linuxkernel-must-check-errs,misc-static-assert -p=/tmp/ktest-out/lustre-release /tmp/ktest-out/lustre-release/lnet/lnet/lib-socket.c
1 warning generated.
Suppressed 1 warnings (1 with check filters).

[520/525][1.1s] clang-tidy-20 -checks=-*,linuxkernel-must-check-errs,misc-static-assert -p=/tmp/ktest-out/lustre-release /tmp/ktest-out/lustre-release/lustre/obdclass/integrity.c
[521/525][1.1s] clang-tidy-20 -checks=-*,linuxkernel-must-check-errs,misc-static-assert -p=/tmp/ktest-out/lustre-release /tmp/ktest-out/lustre-release/lustre/ptlrpc/ptlrpcd.c
[522/525][1.0s] clang-tidy-20 -checks=-*,linuxkernel-must-check-errs,misc-static-assert -p=/tmp/ktest-out/lustre-release /tmp/ktest-out/lustre-release/lustre/quota/qsd_handler.c
[523/525][2.3s] clang-tidy-20 -checks=-*,linuxkernel-must-check-errs,misc-static-assert -p=/tmp/ktest-out/lustre-release /tmp/ktest-out/lustre-release/lustre/mgs/mgs_handler.c
[524/525][2.1s] clang-tidy-20 -checks=-*,linuxkernel-must-check-errs,misc-static-assert -p=/tmp/ktest-out/lustre-release /tmp/ktest-out/lustre-release/lustre/mdt/mdt_handler.c
[525/525][1.5s] clang-tidy-20 -checks=-*,linuxkernel-must-check-errs,misc-static-assert -p=/tmp/ktest-out/lustre-release /tmp/ktest-out/lustre-release/lustre/obdclass/obd_mount.c
