CLI: ./podman-ktest --podman-socket unix:///run/podman/podman.sock --shared-filesystem /tmp --tarball-input job lustre-ci --output /var/www/ci-lustre/upstream-patch-review --git-hash 3929fcc9dbb4d4c209343c4a34cd2ee50c78f471 --change-id 65200_3929fcc9dbb4d4c209343c4a34cd2ee50c78f471 --subject LU-20110 tests: fix slow recovery-small test_136

  Checking /dev/kvm exists... OK
  Checking /dev/kvm permissions... OK
  Creating ccache directory... OK
  Checking ccache directory writable... OK
  Creating package output directory... OK

Environment validated successfully
Creating kernel tarball at /tmp/ktest-kernel.tar.gz...
Creating lustre tarball at /tmp/ktest-lustre.tar.gz...
Creating ZFS tarball at /tmp/ktest-zfs.tar.gz...
Executing 13 jobs
Jobs will start as soon as their dependencies are satisfied
Using tarball input mode

START al2023 build tests/fs/lustre/boot.ktest
START lustre_mainline_strict build tests/fs/lustre/boot-strict.ktest
START lustre_mainline_native build tests/fs/lustre/boot.ktest
START checkpatch tool checkpatch
START u24 build tests/fs/lustre/boot.ktest
START lustre_mainline build tests/fs/lustre/boot.ktest
PUT /tmp/ktest-lustre.tar.gz 1s
PUT /tmp/ktest-lustre.tar.gz 1s
PUT /tmp/ktest-kernel.tar.gz 6s
PUT /tmp/ktest-kernel.tar.gz 6s
PUT /tmp/ktest-kernel.tar.gz 6s
PUT /tmp/ktest-kernel.tar.gz 6s
PUT /tmp/ktest-lustre.tar.gz 1s
PUT /tmp/ktest-lustre.tar.gz 1s
PUT /tmp/ktest-lustre.tar.gz 1s
PUT /tmp/ktest-lustre.tar.gz 1s
PUT /tmp/ktest-zfs.tar.gz 0s
PUT /tmp/ktest-zfs.tar.gz 0s
PUT /tmp/ktest-zfs.tar.gz 0s
END checkpatch tool checkpatch PASS 10s
END al2023 build tests/fs/lustre/boot.ktest PASS 60s
END u24 build tests/fs/lustre/boot.ktest PASS 63s
GET /tmp/ktest_lustre_mainline_strict__zpfezor.tar 5s
GET /tmp/ktest_lustre_mainline_coe6bnt4.tar 6s
GET /tmp/ktest_lustre_mainline_native_cj4in2g5.tar 6s
END lustre_mainline_strict build tests/fs/lustre/boot-strict.ktest FAIL 128s (exit code: 1)
END lustre_mainline build tests/fs/lustre/boot.ktest FAIL 130s (exit code: 1)
END lustre_mainline_native build tests/fs/lustre/boot.ktest FAIL 131s (exit code: 1)

============================================================
Final Results:
  checkpatch: PASS (10s) (log: /var/www/ci-lustre/upstream-patch-review/3929fcc9dbb4d4c209343c4a34cd2ee50c78f471_checkpatch.log)
  u24: PASS (63s) (log: /var/www/ci-lustre/upstream-patch-review/3929fcc9dbb4d4c209343c4a34cd2ee50c78f471_u24.log)
  al2023: PASS (60s) (log: /var/www/ci-lustre/upstream-patch-review/3929fcc9dbb4d4c209343c4a34cd2ee50c78f471_al2023.log)
  lustre_mainline_strict: FAIL (128s) (log: /var/www/ci-lustre/upstream-patch-review/3929fcc9dbb4d4c209343c4a34cd2ee50c78f471_lustre_mainline_strict.log)
  lustre_mainline: FAIL (130s) (log: /var/www/ci-lustre/upstream-patch-review/3929fcc9dbb4d4c209343c4a34cd2ee50c78f471_lustre_mainline.log)
  lustre_mainline_native: FAIL (131s) (log: /var/www/ci-lustre/upstream-patch-review/3929fcc9dbb4d4c209343c4a34cd2ee50c78f471_lustre_mainline_native.log)
  boot: SKIPPED (due to dependency failure)
  llmount: SKIPPED (due to dependency failure)
  mgs-setup: SKIPPED (due to dependency failure)
  sanity-1: SKIPPED (due to dependency failure)
  sanity-2: SKIPPED (due to dependency failure)
  sanity-3: SKIPPED (due to dependency failure)
  sanity-4: SKIPPED (due to dependency failure)

Total execution time: 160s
