CLI: ./podman-ktest --podman-socket unix:///run/podman/podman.sock --shared-filesystem /tmp --tarball-input job lustre-ci --output /var/www/ci-lustre/upstream-patch-review --git-hash 394f060c39a72293553d1dcb6332b20ee81a6550 --change-id 66233_394f060c39a72293553d1dcb6332b20ee81a6550 --subject LU-18891 llite: allow testing up to 2000-stripe dirs

  Checking /dev/kvm exists... OK
  Checking /dev/kvm permissions... OK
  Creating ccache directory... OK
  Checking ccache directory writable... OK
  Creating package output directory... OK

Environment validated successfully
Creating kernel tarball at /tmp/ktest-kernel.tar.gz...
Creating lustre tarball at /tmp/ktest-lustre.tar.gz...
Creating ZFS tarball at /tmp/ktest-zfs.tar.gz...
Executing 13 jobs
Jobs will start as soon as their dependencies are satisfied
Using tarball input mode

START lustre_mainline build tests/fs/lustre/boot.ktest
START al2023 build tests/fs/lustre/boot.ktest
START checkpatch tool checkpatch
START u24 build tests/fs/lustre/boot.ktest
START lustre_mainline_native build tests/fs/lustre/boot.ktest
START lustre_mainline_strict build tests/fs/lustre/boot-strict.ktest
PUT /tmp/ktest-lustre.tar.gz 1s
PUT /tmp/ktest-lustre.tar.gz 1s
PUT /tmp/ktest-kernel.tar.gz 7s
PUT /tmp/ktest-kernel.tar.gz 7s
PUT /tmp/ktest-kernel.tar.gz 7s
PUT /tmp/ktest-kernel.tar.gz 7s
PUT /tmp/ktest-lustre.tar.gz 2s
PUT /tmp/ktest-lustre.tar.gz 2s
PUT /tmp/ktest-lustre.tar.gz 2s
PUT /tmp/ktest-lustre.tar.gz 2s
PUT /tmp/ktest-zfs.tar.gz 0s
PUT /tmp/ktest-zfs.tar.gz 0s
PUT /tmp/ktest-zfs.tar.gz 0s
END checkpatch tool checkpatch FAIL 12s (exit code: 1)
END al2023 build tests/fs/lustre/boot.ktest PASS 63s
END u24 build tests/fs/lustre/boot.ktest PASS 66s
GET /tmp/ktest_lustre_mainline_strict_wbvl_ecg.tar 6s
END lustre_mainline_strict build tests/fs/lustre/boot-strict.ktest FAIL 143s (exit code: 1)
GET /tmp/ktest_lustre_mainline_native_82jrt_fe.tar 0s
END lustre_mainline_native build tests/fs/lustre/boot.ktest PASS 151s
START boot run tests/fs/lustre/boot.ktest
START llmount run tests/fs/lustre/llmount.ktest
START mgs-setup run tests/fs/lustre/mgs-setup.ktest
START sanity-1 run tests/fs/lustre/sanity/sanity-1.ktest
START sanity-2 run tests/fs/lustre/sanity/sanity-2.ktest
START sanity-3 run tests/fs/lustre/sanity/sanity-3.ktest
START sanity-4 run tests/fs/lustre/sanity/sanity-4.ktest
GET /tmp/ktest_lustre_mainline_52ljoyv3.tar 1s
END lustre_mainline build tests/fs/lustre/boot.ktest PASS 152s
PUT /tmp/ktest-kernel.tar.gz 14s
PUT /tmp/ktest-kernel.tar.gz 14s
PUT /tmp/ktest-kernel.tar.gz 14s
PUT /tmp/ktest-kernel.tar.gz 15s
PUT /tmp/ktest-kernel.tar.gz 14s
PUT /tmp/ktest-kernel.tar.gz 15s
PUT /tmp/ktest-kernel.tar.gz 15s
PUT /tmp/ktest-lustre.tar.gz 5s
PUT /tmp/ktest-lustre.tar.gz 6s
PUT /tmp/ktest-lustre.tar.gz 6s
PUT /tmp/ktest-lustre.tar.gz 5s
PUT /tmp/ktest-lustre.tar.gz 6s
PUT /tmp/ktest-lustre.tar.gz 6s
PUT /tmp/ktest-lustre.tar.gz 5s
PUT /tmp/ktest_lustre_mainline_native_82jrt_fe.tar 0s
PUT /tmp/ktest_lustre_mainline_native_82jrt_fe.tar 0s
PUT /tmp/ktest_lustre_mainline_native_82jrt_fe.tar 0s
PUT /tmp/ktest_lustre_mainline_native_82jrt_fe.tar 0s
PUT /tmp/ktest_lustre_mainline_native_82jrt_fe.tar 0s
PUT /tmp/ktest_lustre_mainline_native_82jrt_fe.tar 0s
PUT /tmp/ktest_lustre_mainline_native_82jrt_fe.tar 0s
END boot run tests/fs/lustre/boot.ktest PASS 122s
END mgs-setup run tests/fs/lustre/mgs-setup.ktest PASS 132s
END sanity-4 run tests/fs/lustre/sanity/sanity-4.ktest PASS 159s
END sanity-3 run tests/fs/lustre/sanity/sanity-3.ktest PASS 201s
END sanity-1 run tests/fs/lustre/sanity/sanity-1.ktest PASS 202s
END llmount run tests/fs/lustre/llmount.ktest PASS 203s
END sanity-2 run tests/fs/lustre/sanity/sanity-2.ktest PASS 211s

============================================================
Final Results:
  checkpatch: FAIL (12s) (log: /var/www/ci-lustre/upstream-patch-review/394f060c39a72293553d1dcb6332b20ee81a6550_checkpatch.log)
  u24: PASS (66s) (log: /var/www/ci-lustre/upstream-patch-review/394f060c39a72293553d1dcb6332b20ee81a6550_u24.log)
  al2023: PASS (63s) (log: /var/www/ci-lustre/upstream-patch-review/394f060c39a72293553d1dcb6332b20ee81a6550_al2023.log)
  lustre_mainline_strict: FAIL (143s) (log: /var/www/ci-lustre/upstream-patch-review/394f060c39a72293553d1dcb6332b20ee81a6550_lustre_mainline_strict.log)
  lustre_mainline: PASS (152s) (log: /var/www/ci-lustre/upstream-patch-review/394f060c39a72293553d1dcb6332b20ee81a6550_lustre_mainline.log)
  lustre_mainline_native: PASS (151s) (log: /var/www/ci-lustre/upstream-patch-review/394f060c39a72293553d1dcb6332b20ee81a6550_lustre_mainline_native.log)
  boot: PASS (122s) (log: /var/www/ci-lustre/upstream-patch-review/394f060c39a72293553d1dcb6332b20ee81a6550_boot.log)
  llmount: PASS (203s) (log: /var/www/ci-lustre/upstream-patch-review/394f060c39a72293553d1dcb6332b20ee81a6550_llmount.log)
  mgs-setup: PASS (132s) (log: /var/www/ci-lustre/upstream-patch-review/394f060c39a72293553d1dcb6332b20ee81a6550_mgs-setup.log)
  sanity-1: PASS (202s) (log: /var/www/ci-lustre/upstream-patch-review/394f060c39a72293553d1dcb6332b20ee81a6550_sanity-1.log)
  sanity-2: PASS (211s) (log: /var/www/ci-lustre/upstream-patch-review/394f060c39a72293553d1dcb6332b20ee81a6550_sanity-2.log)
  sanity-3: PASS (201s) (log: /var/www/ci-lustre/upstream-patch-review/394f060c39a72293553d1dcb6332b20ee81a6550_sanity-3.log)
  sanity-4: PASS (159s) (log: /var/www/ci-lustre/upstream-patch-review/394f060c39a72293553d1dcb6332b20ee81a6550_sanity-4.log)

Total execution time: 393s
