CLI: ./podman-ktest --podman-socket unix:///run/podman/podman.sock --shared-filesystem /tmp --tarball-input job lustre-ci --output /var/www/ci-lustre/upstream-patch-review --git-hash 3aaf6128db0c82792ab05f0ad334ff2c113ae021 --change-id 65198_3aaf6128db0c82792ab05f0ad334ff2c113ae021 --subject LU-20104 lnet: fix selftest session teardown and BRW bugs

  Checking /dev/kvm exists... OK
  Checking /dev/kvm permissions... OK
  Creating ccache directory... OK
  Checking ccache directory writable... OK

Environment validated successfully
Creating kernel tarball at /tmp/ktest-kernel.tar.gz...
Creating lustre tarball at /tmp/ktest-lustre.tar.gz...
Executing 16 jobs
Jobs will start as soon as their dependencies are satisfied
Using tarball input mode

START lustre_mainline_native build tests/fs/lustre/boot.ktest
START lustre_mainline_strict build tests/fs/lustre/boot-strict.ktest
START checkpatch tool checkpatch
START u24 build tests/fs/lustre/boot.ktest
START lustre_mainline build tests/fs/lustre/boot.ktest
START al2023 build tests/fs/lustre/boot.ktest
PUT /tmp/ktest-lustre.tar.gz 2s
PUT /tmp/ktest-lustre.tar.gz 3s
PUT /tmp/ktest-kernel.tar.gz 5s
PUT /tmp/ktest-kernel.tar.gz 5s
PUT /tmp/ktest-kernel.tar.gz 5s
PUT /tmp/ktest-kernel.tar.gz 5s
PUT /tmp/ktest-lustre.tar.gz 1s
PUT /tmp/ktest-lustre.tar.gz 1s
PUT /tmp/ktest-lustre.tar.gz 1s
PUT /tmp/ktest-lustre.tar.gz 1s
END checkpatch tool checkpatch FAIL 9s (exit code: 1)
END al2023 build tests/fs/lustre/boot.ktest PASS 66s
END u24 build tests/fs/lustre/boot.ktest PASS 66s
GET /tmp/ktest_lustre_mainline_strict_rfek7x5p.tar 5s
END lustre_mainline_strict build tests/fs/lustre/boot-strict.ktest FAIL 133s (exit code: 1)
GET /tmp/ktest_lustre_mainline_b2qqu6ip.tar 5s
GET /tmp/ktest_lustre_mainline_native_16160qp1.tar 3s
END lustre_mainline build tests/fs/lustre/boot.ktest PASS 139s
END lustre_mainline_native build tests/fs/lustre/boot.ktest PASS 140s
START clang-tidy tool clang-tidy
START cc-plugin tool cc-plugin
START boot run tests/fs/lustre/boot.ktest
START llmount run tests/fs/lustre/llmount.ktest
START llog-unit run tests/fs/lustre/llog-unit.ktest
START mgs-setup run tests/fs/lustre/mgs-setup.ktest
START sanity-1 run tests/fs/lustre/sanity/sanity-1.ktest
START sanity-2 run tests/fs/lustre/sanity/sanity-2.ktest
START sanity-3 run tests/fs/lustre/sanity/sanity-3.ktest
START sanity-4 run tests/fs/lustre/sanity/sanity-4.ktest
PUT /tmp/ktest-kernel.tar.gz 39s
PUT /tmp/ktest_lustre_mainline_native_16160qp1.tar 45s
PUT /tmp/ktest_lustre_mainline_native_16160qp1.tar 45s
PUT /tmp/ktest_lustre_mainline_native_16160qp1.tar 45s
PUT /tmp/ktest_lustre_mainline_native_16160qp1.tar 46s
PUT /tmp/ktest_lustre_mainline_native_16160qp1.tar 45s
PUT /tmp/ktest_lustre_mainline_native_16160qp1.tar 46s
PUT /tmp/ktest-kernel.tar.gz 46s
PUT /tmp/ktest_lustre_mainline_native_16160qp1.tar 46s
PUT /tmp/ktest_lustre_mainline_native_16160qp1.tar 46s
PUT /tmp/ktest-lustre.tar.gz 81s
PUT /tmp/ktest-lustre.tar.gz 88s
PUT /tmp/ktest_lustre_mainline_native_16160qp1.tar 15s
PUT /tmp/ktest_lustre_mainline_native_16160qp1.tar 15s
END cc-plugin tool cc-plugin FAIL 146s (exit code: 127)
END clang-tidy tool clang-tidy PASS 171s
END boot run tests/fs/lustre/boot.ktest PASS 179s
END mgs-setup run tests/fs/lustre/mgs-setup.ktest PASS 184s
END sanity-3 run tests/fs/lustre/sanity/sanity-3.ktest PASS 192s
END sanity-2 run tests/fs/lustre/sanity/sanity-2.ktest PASS 195s
END sanity-4 run tests/fs/lustre/sanity/sanity-4.ktest PASS 195s
END sanity-1 run tests/fs/lustre/sanity/sanity-1.ktest PASS 203s
END llmount run tests/fs/lustre/llmount.ktest PASS 261s
END llog-unit run tests/fs/lustre/llog-unit.ktest PASS 274s

============================================================
Final Results:
  checkpatch: FAIL (9s) (log: /var/www/ci-lustre/upstream-patch-review/3aaf6128db0c82792ab05f0ad334ff2c113ae021_checkpatch.log)
  u24: PASS (66s) (log: /var/www/ci-lustre/upstream-patch-review/3aaf6128db0c82792ab05f0ad334ff2c113ae021_u24.log)
  al2023: PASS (66s) (log: /var/www/ci-lustre/upstream-patch-review/3aaf6128db0c82792ab05f0ad334ff2c113ae021_al2023.log)
  lustre_mainline_strict: FAIL (133s) (log: /var/www/ci-lustre/upstream-patch-review/3aaf6128db0c82792ab05f0ad334ff2c113ae021_lustre_mainline_strict.log)
  lustre_mainline: PASS (139s) (log: /var/www/ci-lustre/upstream-patch-review/3aaf6128db0c82792ab05f0ad334ff2c113ae021_lustre_mainline.log)
  lustre_mainline_native: PASS (140s) (log: /var/www/ci-lustre/upstream-patch-review/3aaf6128db0c82792ab05f0ad334ff2c113ae021_lustre_mainline_native.log)
  clang-tidy: PASS (171s) (log: /var/www/ci-lustre/upstream-patch-review/3aaf6128db0c82792ab05f0ad334ff2c113ae021_clang-tidy.log)
  cc-plugin: FAIL (146s) (log: /var/www/ci-lustre/upstream-patch-review/3aaf6128db0c82792ab05f0ad334ff2c113ae021_cc-plugin.log)
  boot: PASS (179s) (log: /var/www/ci-lustre/upstream-patch-review/3aaf6128db0c82792ab05f0ad334ff2c113ae021_boot.log)
  llmount: PASS (261s) (log: /var/www/ci-lustre/upstream-patch-review/3aaf6128db0c82792ab05f0ad334ff2c113ae021_llmount.log)
  llog-unit: PASS (274s) (log: /var/www/ci-lustre/upstream-patch-review/3aaf6128db0c82792ab05f0ad334ff2c113ae021_llog-unit.log)
  mgs-setup: PASS (184s) (log: /var/www/ci-lustre/upstream-patch-review/3aaf6128db0c82792ab05f0ad334ff2c113ae021_mgs-setup.log)
  sanity-1: PASS (203s) (log: /var/www/ci-lustre/upstream-patch-review/3aaf6128db0c82792ab05f0ad334ff2c113ae021_sanity-1.log)
  sanity-2: PASS (195s) (log: /var/www/ci-lustre/upstream-patch-review/3aaf6128db0c82792ab05f0ad334ff2c113ae021_sanity-2.log)
  sanity-3: PASS (192s) (log: /var/www/ci-lustre/upstream-patch-review/3aaf6128db0c82792ab05f0ad334ff2c113ae021_sanity-3.log)
  sanity-4: PASS (195s) (log: /var/www/ci-lustre/upstream-patch-review/3aaf6128db0c82792ab05f0ad334ff2c113ae021_sanity-4.log)

Total execution time: 447s
