CLI: ./podman-ktest --podman-socket unix:///run/podman/podman.sock --shared-filesystem /tmp --tarball-input job lustre-ci --output /var/www/ci-lustre/upstream-patch-review --git-hash 3af37460fbd791731f36d2dee852444a59532be2 --change-id 63510_3af37460fbd791731f36d2dee852444a59532be2 --subject LU-12187 tests: allow 'hole' in sanity-lfsck/20[ab]

  Checking /dev/kvm exists... OK
  Checking /dev/kvm permissions... OK
  Creating ccache directory... OK
  Checking ccache directory writable... OK

Environment validated successfully
Creating kernel tarball at /tmp/ktest-kernel.tar.gz...
Creating lustre tarball at /tmp/ktest-lustre.tar.gz...
Executing 16 jobs
Jobs will start as soon as their dependencies are satisfied
Using tarball input mode

START lustre_al2023 build tests/fs/lustre/boot.ktest
START lustre_u24 build tests/fs/lustre/boot.ktest
START lustre_mainline build tests/fs/lustre/boot.ktest
START checkpatch tool checkpatch
START lustre_mainline_native build tests/fs/lustre/boot.ktest
START lustre_mainline_strict build tests/fs/lustre/boot-strict.ktest
PUT /tmp/ktest-kernel.tar.gz 9s
PUT /tmp/ktest-kernel.tar.gz 9s
PUT /tmp/ktest-kernel.tar.gz 9s
PUT /tmp/ktest-kernel.tar.gz 10s
PUT /tmp/ktest-kernel.tar.gz 10s
PUT /tmp/ktest-kernel.tar.gz 10s
PUT /tmp/ktest-lustre.tar.gz 6s
PUT /tmp/ktest-lustre.tar.gz 6s
PUT /tmp/ktest-lustre.tar.gz 6s
PUT /tmp/ktest-lustre.tar.gz 6s
PUT /tmp/ktest-lustre.tar.gz 6s
PUT /tmp/ktest-lustre.tar.gz 6s
END checkpatch tool checkpatch PASS 19s
END lustre_u24 build tests/fs/lustre/boot.ktest PASS 80s
END lustre_al2023 build tests/fs/lustre/boot.ktest PASS 81s
GET /tmp/ktest_lustre_mainline_strict_205jp9h0.tar 4s
END lustre_mainline_strict build tests/fs/lustre/boot-strict.ktest FAIL 127s (exit code: 1)
GET /tmp/ktest_lustre_mainline_rziyunuw.tar 3s
GET /tmp/ktest_lustre_mainline_native_54oi8s8f.tar 3s
END lustre_mainline build tests/fs/lustre/boot.ktest PASS 138s
END lustre_mainline_native build tests/fs/lustre/boot.ktest PASS 140s
START clang-tidy tool clang-tidy
START cc-plugin tool cc-plugin
START boot run tests/fs/lustre/boot.ktest
START llmount run tests/fs/lustre/llmount.ktest
START llog-unit run tests/fs/lustre/llog-unit.ktest
START mgs-setup run tests/fs/lustre/mgs-setup.ktest
START sanity-1 run tests/fs/lustre/sanity/sanity-1.ktest
START sanity-2 run tests/fs/lustre/sanity/sanity-2.ktest
START sanity-3 run tests/fs/lustre/sanity/sanity-3.ktest
START sanity-4 run tests/fs/lustre/sanity/sanity-4.ktest
PUT /tmp/ktest-kernel.tar.gz 48s
PUT /tmp/ktest_lustre_mainline_native_54oi8s8f.tar 50s
PUT /tmp/ktest_lustre_mainline_native_54oi8s8f.tar 50s
PUT /tmp/ktest_lustre_mainline_native_54oi8s8f.tar 50s
PUT /tmp/ktest_lustre_mainline_native_54oi8s8f.tar 50s
PUT /tmp/ktest_lustre_mainline_native_54oi8s8f.tar 50s
PUT /tmp/ktest_lustre_mainline_native_54oi8s8f.tar 50s
PUT /tmp/ktest_lustre_mainline_native_54oi8s8f.tar 50s
PUT /tmp/ktest-kernel.tar.gz 50s
PUT /tmp/ktest_lustre_mainline_native_54oi8s8f.tar 50s
PUT /tmp/ktest-lustre.tar.gz 96s
PUT /tmp/ktest-lustre.tar.gz 94s
PUT /tmp/ktest_lustre_mainline_native_54oi8s8f.tar 9s
PUT /tmp/ktest_lustre_mainline_native_54oi8s8f.tar 9s
END cc-plugin tool cc-plugin FAIL 157s (exit code: 127)
END mgs-setup run tests/fs/lustre/mgs-setup.ktest PASS 161s
END boot run tests/fs/lustre/boot.ktest PASS 172s
END clang-tidy tool clang-tidy PASS 174s
END sanity-2 run tests/fs/lustre/sanity/sanity-2.ktest PASS 186s
END sanity-1 run tests/fs/lustre/sanity/sanity-1.ktest PASS 192s
END sanity-3 run tests/fs/lustre/sanity/sanity-3.ktest PASS 201s
END sanity-4 run tests/fs/lustre/sanity/sanity-4.ktest PASS 205s
END llmount run tests/fs/lustre/llmount.ktest PASS 251s
END llog-unit run tests/fs/lustre/llog-unit.ktest PASS 261s

============================================================
Final Results:
  checkpatch: PASS (19s) (log: /var/www/ci-lustre/upstream-patch-review/3af37460fbd791731f36d2dee852444a59532be2_checkpatch.log)
  lustre_u24: PASS (80s) (log: /var/www/ci-lustre/upstream-patch-review/3af37460fbd791731f36d2dee852444a59532be2_lustre_u24.log)
  lustre_al2023: PASS (81s) (log: /var/www/ci-lustre/upstream-patch-review/3af37460fbd791731f36d2dee852444a59532be2_lustre_al2023.log)
  lustre_mainline_strict: FAIL (127s) (log: /var/www/ci-lustre/upstream-patch-review/3af37460fbd791731f36d2dee852444a59532be2_lustre_mainline_strict.log)
  lustre_mainline: PASS (138s) (log: /var/www/ci-lustre/upstream-patch-review/3af37460fbd791731f36d2dee852444a59532be2_lustre_mainline.log)
  lustre_mainline_native: PASS (140s) (log: /var/www/ci-lustre/upstream-patch-review/3af37460fbd791731f36d2dee852444a59532be2_lustre_mainline_native.log)
  clang-tidy: PASS (174s) (log: /var/www/ci-lustre/upstream-patch-review/3af37460fbd791731f36d2dee852444a59532be2_clang-tidy.log)
  cc-plugin: FAIL (157s) (log: /var/www/ci-lustre/upstream-patch-review/3af37460fbd791731f36d2dee852444a59532be2_cc-plugin.log)
  boot: PASS (172s) (log: /var/www/ci-lustre/upstream-patch-review/3af37460fbd791731f36d2dee852444a59532be2_boot.log)
  llmount: PASS (251s) (log: /var/www/ci-lustre/upstream-patch-review/3af37460fbd791731f36d2dee852444a59532be2_llmount.log)
  llog-unit: PASS (261s) (log: /var/www/ci-lustre/upstream-patch-review/3af37460fbd791731f36d2dee852444a59532be2_llog-unit.log)
  mgs-setup: PASS (161s) (log: /var/www/ci-lustre/upstream-patch-review/3af37460fbd791731f36d2dee852444a59532be2_mgs-setup.log)
  sanity-1: PASS (192s) (log: /var/www/ci-lustre/upstream-patch-review/3af37460fbd791731f36d2dee852444a59532be2_sanity-1.log)
  sanity-2: PASS (186s) (log: /var/www/ci-lustre/upstream-patch-review/3af37460fbd791731f36d2dee852444a59532be2_sanity-2.log)
  sanity-3: PASS (201s) (log: /var/www/ci-lustre/upstream-patch-review/3af37460fbd791731f36d2dee852444a59532be2_sanity-3.log)
  sanity-4: PASS (205s) (log: /var/www/ci-lustre/upstream-patch-review/3af37460fbd791731f36d2dee852444a59532be2_sanity-4.log)

Total execution time: 431s
