CLI: ./podman-ktest --podman-socket unix:///run/podman/podman.sock --shared-filesystem /tmp --tarball-input job lustre-ci --output /var/www/ci-lustre/upstream-patch-review --git-hash 3ec6451f649aa9846277b8ca425c29265941318a --change-id 64557_3ec6451f649aa9846277b8ca425c29265941318a --subject LU-12826 doc: add man page for mdt.enable_chprojid_gid

  Checking /dev/kvm exists... OK
  Checking /dev/kvm permissions... OK
  Creating ccache directory... OK
  Checking ccache directory writable... OK

Environment validated successfully
Creating kernel tarball at /tmp/ktest-kernel.tar.gz...
Creating lustre tarball at /tmp/ktest-lustre.tar.gz...
Executing 16 jobs
Jobs will start as soon as their dependencies are satisfied
Using tarball input mode

START lustre_mainline build tests/fs/lustre/boot.ktest
START lustre_al2023 build tests/fs/lustre/boot.ktest
START checkpatch tool checkpatch
START lustre_mainline_native build tests/fs/lustre/boot.ktest
START lustre_u24 build tests/fs/lustre/boot.ktest
START lustre_mainline_strict build tests/fs/lustre/boot-strict.ktest
PUT /tmp/ktest-kernel.tar.gz 9s
PUT /tmp/ktest-kernel.tar.gz 9s
PUT /tmp/ktest-kernel.tar.gz 9s
PUT /tmp/ktest-kernel.tar.gz 10s
PUT /tmp/ktest-kernel.tar.gz 10s
PUT /tmp/ktest-kernel.tar.gz 10s
PUT /tmp/ktest-lustre.tar.gz 2s
PUT /tmp/ktest-lustre.tar.gz 2s
PUT /tmp/ktest-lustre.tar.gz 3s
PUT /tmp/ktest-lustre.tar.gz 3s
PUT /tmp/ktest-lustre.tar.gz 3s
PUT /tmp/ktest-lustre.tar.gz 2s
END checkpatch tool checkpatch FAIL 15s (exit code: 1)
END lustre_al2023 build tests/fs/lustre/boot.ktest PASS 69s
END lustre_u24 build tests/fs/lustre/boot.ktest PASS 72s
GET /tmp/ktest_lustre_mainline_strict_s26d3s58.tar 5s
END lustre_mainline_strict build tests/fs/lustre/boot-strict.ktest FAIL 114s (exit code: 1)
GET /tmp/ktest_lustre_mainline_rj0mkxfy.tar 4s
GET /tmp/ktest_lustre_mainline_native_azxk1fm8.tar 4s
END lustre_mainline build tests/fs/lustre/boot.ktest PASS 118s
END lustre_mainline_native build tests/fs/lustre/boot.ktest PASS 119s
START clang-tidy tool clang-tidy
START cc-plugin tool cc-plugin
START boot run tests/fs/lustre/boot.ktest
START llmount run tests/fs/lustre/llmount.ktest
START llog-unit run tests/fs/lustre/llog-unit.ktest
START mgs-setup run tests/fs/lustre/mgs-setup.ktest
START sanity-1 run tests/fs/lustre/sanity/sanity-1.ktest
START sanity-2 run tests/fs/lustre/sanity/sanity-2.ktest
START sanity-3 run tests/fs/lustre/sanity/sanity-3.ktest
START sanity-4 run tests/fs/lustre/sanity/sanity-4.ktest
PUT /tmp/ktest-kernel.tar.gz 11s
PUT /tmp/ktest_lustre_mainline_native_azxk1fm8.tar 14s
PUT /tmp/ktest_lustre_mainline_native_azxk1fm8.tar 14s
PUT /tmp/ktest_lustre_mainline_native_azxk1fm8.tar 14s
PUT /tmp/ktest_lustre_mainline_native_azxk1fm8.tar 14s
PUT /tmp/ktest_lustre_mainline_native_azxk1fm8.tar 14s
PUT /tmp/ktest_lustre_mainline_native_azxk1fm8.tar 14s
PUT /tmp/ktest-kernel.tar.gz 14s
PUT /tmp/ktest_lustre_mainline_native_azxk1fm8.tar 14s
PUT /tmp/ktest_lustre_mainline_native_azxk1fm8.tar 14s
PUT /tmp/ktest-lustre.tar.gz 23s
PUT /tmp/ktest-lustre.tar.gz 27s
PUT /tmp/ktest_lustre_mainline_native_azxk1fm8.tar 5s
PUT /tmp/ktest_lustre_mainline_native_azxk1fm8.tar 13s
END cc-plugin tool cc-plugin FAIL 51s (exit code: 127)
END clang-tidy tool clang-tidy PASS 72s
END boot run tests/fs/lustre/boot.ktest PASS 72s
END mgs-setup run tests/fs/lustre/mgs-setup.ktest PASS 82s
END sanity-3 run tests/fs/lustre/sanity/sanity-3.ktest PASS 90s
END sanity-2 run tests/fs/lustre/sanity/sanity-2.ktest PASS 93s
END sanity-1 run tests/fs/lustre/sanity/sanity-1.ktest PASS 101s
END sanity-4 run tests/fs/lustre/sanity/sanity-4.ktest PASS 105s
END llmount run tests/fs/lustre/llmount.ktest PASS 164s
END llog-unit run tests/fs/lustre/llog-unit.ktest PASS 173s

============================================================
Final Results:
  checkpatch: FAIL (15s) (log: /var/www/ci-lustre/upstream-patch-review/3ec6451f649aa9846277b8ca425c29265941318a_checkpatch.log)
  lustre_u24: PASS (72s) (log: /var/www/ci-lustre/upstream-patch-review/3ec6451f649aa9846277b8ca425c29265941318a_lustre_u24.log)
  lustre_al2023: PASS (69s) (log: /var/www/ci-lustre/upstream-patch-review/3ec6451f649aa9846277b8ca425c29265941318a_lustre_al2023.log)
  lustre_mainline_strict: FAIL (114s) (log: /var/www/ci-lustre/upstream-patch-review/3ec6451f649aa9846277b8ca425c29265941318a_lustre_mainline_strict.log)
  lustre_mainline: PASS (118s) (log: /var/www/ci-lustre/upstream-patch-review/3ec6451f649aa9846277b8ca425c29265941318a_lustre_mainline.log)
  lustre_mainline_native: PASS (119s) (log: /var/www/ci-lustre/upstream-patch-review/3ec6451f649aa9846277b8ca425c29265941318a_lustre_mainline_native.log)
  clang-tidy: PASS (72s) (log: /var/www/ci-lustre/upstream-patch-review/3ec6451f649aa9846277b8ca425c29265941318a_clang-tidy.log)
  cc-plugin: FAIL (51s) (log: /var/www/ci-lustre/upstream-patch-review/3ec6451f649aa9846277b8ca425c29265941318a_cc-plugin.log)
  boot: PASS (72s) (log: /var/www/ci-lustre/upstream-patch-review/3ec6451f649aa9846277b8ca425c29265941318a_boot.log)
  llmount: PASS (164s) (log: /var/www/ci-lustre/upstream-patch-review/3ec6451f649aa9846277b8ca425c29265941318a_llmount.log)
  llog-unit: PASS (173s) (log: /var/www/ci-lustre/upstream-patch-review/3ec6451f649aa9846277b8ca425c29265941318a_llog-unit.log)
  mgs-setup: PASS (82s) (log: /var/www/ci-lustre/upstream-patch-review/3ec6451f649aa9846277b8ca425c29265941318a_mgs-setup.log)
  sanity-1: PASS (101s) (log: /var/www/ci-lustre/upstream-patch-review/3ec6451f649aa9846277b8ca425c29265941318a_sanity-1.log)
  sanity-2: PASS (93s) (log: /var/www/ci-lustre/upstream-patch-review/3ec6451f649aa9846277b8ca425c29265941318a_sanity-2.log)
  sanity-3: PASS (90s) (log: /var/www/ci-lustre/upstream-patch-review/3ec6451f649aa9846277b8ca425c29265941318a_sanity-3.log)
  sanity-4: PASS (105s) (log: /var/www/ci-lustre/upstream-patch-review/3ec6451f649aa9846277b8ca425c29265941318a_sanity-4.log)

Total execution time: 321s
