CLI: ./podman-ktest --podman-socket unix:///run/podman/podman.sock --shared-filesystem /tmp --tarball-input job lustre-ci --output /var/www/ci-lustre/upstream-patch-review --git-hash 3ffd4a3d44d2b12a07d08643a9ba85166343401e --change-id 64275_3ffd4a3d44d2b12a07d08643a9ba85166343401e --subject LU-19179 o2iblnd: remove pre 5.0 kernel support

  Checking /dev/kvm exists... OK
  Checking /dev/kvm permissions... OK
  Creating ccache directory... OK
  Checking ccache directory writable... OK

Environment validated successfully
Creating kernel tarball at /tmp/ktest-kernel.tar.gz...
Creating lustre tarball at /tmp/ktest-lustre.tar.gz...
Executing 16 jobs
Jobs will start as soon as their dependencies are satisfied
Using tarball input mode

START al2023 build tests/fs/lustre/boot.ktest
START checkpatch tool checkpatch
START lustre_mainline_strict build tests/fs/lustre/boot-strict.ktest
START lustre_mainline build tests/fs/lustre/boot.ktest
START u24 build tests/fs/lustre/boot.ktest
START lustre_mainline_native build tests/fs/lustre/boot.ktest
PUT /tmp/ktest-lustre.tar.gz 1s
PUT /tmp/ktest-lustre.tar.gz 1s
PUT /tmp/ktest-kernel.tar.gz 6s
PUT /tmp/ktest-kernel.tar.gz 6s
PUT /tmp/ktest-kernel.tar.gz 6s
PUT /tmp/ktest-kernel.tar.gz 6s
PUT /tmp/ktest-lustre.tar.gz 1s
PUT /tmp/ktest-lustre.tar.gz 1s
PUT /tmp/ktest-lustre.tar.gz 1s
PUT /tmp/ktest-lustre.tar.gz 1s
END checkpatch tool checkpatch PASS 10s
END al2023 build tests/fs/lustre/boot.ktest PASS 60s
END u24 build tests/fs/lustre/boot.ktest PASS 65s
GET /tmp/ktest_lustre_mainline_strict_bci0crpj.tar 5s
END lustre_mainline_strict build tests/fs/lustre/boot-strict.ktest FAIL 122s (exit code: 1)
GET /tmp/ktest_lustre_mainline_native_t2ht2jlz.tar 7s
GET /tmp/ktest_lustre_mainline_tlf5hnx6.tar 5s
END lustre_mainline_native build tests/fs/lustre/boot.ktest PASS 127s
START clang-tidy tool clang-tidy
START cc-plugin tool cc-plugin
START boot run tests/fs/lustre/boot.ktest
START llmount run tests/fs/lustre/llmount.ktest
START llog-unit run tests/fs/lustre/llog-unit.ktest
START mgs-setup run tests/fs/lustre/mgs-setup.ktest
START sanity-1 run tests/fs/lustre/sanity/sanity-1.ktest
START sanity-2 run tests/fs/lustre/sanity/sanity-2.ktest
START sanity-3 run tests/fs/lustre/sanity/sanity-3.ktest
START sanity-4 run tests/fs/lustre/sanity/sanity-4.ktest
END lustre_mainline build tests/fs/lustre/boot.ktest PASS 128s
PUT /tmp/ktest-kernel.tar.gz 12s
PUT /tmp/ktest_lustre_mainline_native_t2ht2jlz.tar 15s
PUT /tmp/ktest_lustre_mainline_native_t2ht2jlz.tar 15s
PUT /tmp/ktest_lustre_mainline_native_t2ht2jlz.tar 15s
PUT /tmp/ktest_lustre_mainline_native_t2ht2jlz.tar 15s
PUT /tmp/ktest_lustre_mainline_native_t2ht2jlz.tar 15s
PUT /tmp/ktest_lustre_mainline_native_t2ht2jlz.tar 15s
PUT /tmp/ktest_lustre_mainline_native_t2ht2jlz.tar 15s
PUT /tmp/ktest_lustre_mainline_native_t2ht2jlz.tar 15s
PUT /tmp/ktest-kernel.tar.gz 16s
PUT /tmp/ktest-lustre.tar.gz 34s
PUT /tmp/ktest-lustre.tar.gz 35s
PUT /tmp/ktest_lustre_mainline_native_t2ht2jlz.tar 4s
PUT /tmp/ktest_lustre_mainline_native_t2ht2jlz.tar 9s
END cc-plugin tool cc-plugin FAIL 60s (exit code: 127)
END clang-tidy tool clang-tidy PASS 79s
END boot run tests/fs/lustre/boot.ktest PASS 80s
END mgs-setup run tests/fs/lustre/mgs-setup.ktest PASS 82s
END sanity-2 run tests/fs/lustre/sanity/sanity-2.ktest PASS 104s
END sanity-4 run tests/fs/lustre/sanity/sanity-4.ktest PASS 103s
END sanity-1 run tests/fs/lustre/sanity/sanity-1.ktest PASS 107s
END sanity-3 run tests/fs/lustre/sanity/sanity-3.ktest PASS 108s
END llmount run tests/fs/lustre/llmount.ktest PASS 156s
END llog-unit run tests/fs/lustre/llog-unit.ktest PASS 172s

============================================================
Final Results:
  checkpatch: PASS (10s) (log: /var/www/ci-lustre/upstream-patch-review/3ffd4a3d44d2b12a07d08643a9ba85166343401e_checkpatch.log)
  u24: PASS (65s) (log: /var/www/ci-lustre/upstream-patch-review/3ffd4a3d44d2b12a07d08643a9ba85166343401e_u24.log)
  al2023: PASS (60s) (log: /var/www/ci-lustre/upstream-patch-review/3ffd4a3d44d2b12a07d08643a9ba85166343401e_al2023.log)
  lustre_mainline_strict: FAIL (122s) (log: /var/www/ci-lustre/upstream-patch-review/3ffd4a3d44d2b12a07d08643a9ba85166343401e_lustre_mainline_strict.log)
  lustre_mainline: PASS (128s) (log: /var/www/ci-lustre/upstream-patch-review/3ffd4a3d44d2b12a07d08643a9ba85166343401e_lustre_mainline.log)
  lustre_mainline_native: PASS (127s) (log: /var/www/ci-lustre/upstream-patch-review/3ffd4a3d44d2b12a07d08643a9ba85166343401e_lustre_mainline_native.log)
  clang-tidy: PASS (79s) (log: /var/www/ci-lustre/upstream-patch-review/3ffd4a3d44d2b12a07d08643a9ba85166343401e_clang-tidy.log)
  cc-plugin: FAIL (60s) (log: /var/www/ci-lustre/upstream-patch-review/3ffd4a3d44d2b12a07d08643a9ba85166343401e_cc-plugin.log)
  boot: PASS (80s) (log: /var/www/ci-lustre/upstream-patch-review/3ffd4a3d44d2b12a07d08643a9ba85166343401e_boot.log)
  llmount: PASS (156s) (log: /var/www/ci-lustre/upstream-patch-review/3ffd4a3d44d2b12a07d08643a9ba85166343401e_llmount.log)
  llog-unit: PASS (172s) (log: /var/www/ci-lustre/upstream-patch-review/3ffd4a3d44d2b12a07d08643a9ba85166343401e_llog-unit.log)
  mgs-setup: PASS (82s) (log: /var/www/ci-lustre/upstream-patch-review/3ffd4a3d44d2b12a07d08643a9ba85166343401e_mgs-setup.log)
  sanity-1: PASS (107s) (log: /var/www/ci-lustre/upstream-patch-review/3ffd4a3d44d2b12a07d08643a9ba85166343401e_sanity-1.log)
  sanity-2: PASS (104s) (log: /var/www/ci-lustre/upstream-patch-review/3ffd4a3d44d2b12a07d08643a9ba85166343401e_sanity-2.log)
  sanity-3: PASS (108s) (log: /var/www/ci-lustre/upstream-patch-review/3ffd4a3d44d2b12a07d08643a9ba85166343401e_sanity-3.log)
  sanity-4: PASS (103s) (log: /var/www/ci-lustre/upstream-patch-review/3ffd4a3d44d2b12a07d08643a9ba85166343401e_sanity-4.log)

Total execution time: 331s
