CLI: ./podman-ktest --podman-socket unix:///run/podman/podman.sock --shared-filesystem /tmp --tarball-input job lustre-ci --output /var/www/ci-lustre/upstream-patch-review --git-hash 40800d1397b8e1834f93fc58ad469dbfb807d718 --change-id 65321_40800d1397b8e1834f93fc58ad469dbfb807d718 --subject LU-20128 kernel: update RHEL 8.10 [4.18.0-553.117.1.el8_10]

  Checking /dev/kvm exists... OK
  Checking /dev/kvm permissions... OK
  Creating ccache directory... OK
  Checking ccache directory writable... OK

Environment validated successfully
Creating kernel tarball at /tmp/ktest-kernel.tar.gz...
Creating lustre tarball at /tmp/ktest-lustre.tar.gz...
Executing 16 jobs
Jobs will start as soon as their dependencies are satisfied
Using tarball input mode

START u24 build tests/fs/lustre/boot.ktest
START lustre_mainline build tests/fs/lustre/boot.ktest
START al2023 build tests/fs/lustre/boot.ktest
START lustre_mainline_native build tests/fs/lustre/boot.ktest
START lustre_mainline_strict build tests/fs/lustre/boot-strict.ktest
START checkpatch tool checkpatch
PUT /tmp/ktest-kernel.tar.gz 8s
PUT /tmp/ktest-kernel.tar.gz 8s
PUT /tmp/ktest-kernel.tar.gz 8s
PUT /tmp/ktest-kernel.tar.gz 8s
PUT /tmp/ktest-kernel.tar.gz 8s
PUT /tmp/ktest-kernel.tar.gz 8s
PUT /tmp/ktest-lustre.tar.gz 2s
PUT /tmp/ktest-lustre.tar.gz 2s
PUT /tmp/ktest-lustre.tar.gz 2s
PUT /tmp/ktest-lustre.tar.gz 2s
PUT /tmp/ktest-lustre.tar.gz 2s
PUT /tmp/ktest-lustre.tar.gz 2s
END checkpatch tool checkpatch PASS 13s
END al2023 build tests/fs/lustre/boot.ktest PASS 66s
END u24 build tests/fs/lustre/boot.ktest PASS 70s
GET /tmp/ktest_lustre_mainline_strict_lf3w3w65.tar 5s
END lustre_mainline_strict build tests/fs/lustre/boot-strict.ktest FAIL 116s (exit code: 1)
GET /tmp/ktest_lustre_mainline_native_69mpy5w7.tar 4s
GET /tmp/ktest_lustre_mainline_nts5r41q.tar 4s
END lustre_mainline_native build tests/fs/lustre/boot.ktest PASS 119s
START clang-tidy tool clang-tidy
START cc-plugin tool cc-plugin
START boot run tests/fs/lustre/boot.ktest
START llmount run tests/fs/lustre/llmount.ktest
START llog-unit run tests/fs/lustre/llog-unit.ktest
START mgs-setup run tests/fs/lustre/mgs-setup.ktest
START sanity-1 run tests/fs/lustre/sanity/sanity-1.ktest
START sanity-2 run tests/fs/lustre/sanity/sanity-2.ktest
START sanity-3 run tests/fs/lustre/sanity/sanity-3.ktest
START sanity-4 run tests/fs/lustre/sanity/sanity-4.ktest
END lustre_mainline build tests/fs/lustre/boot.ktest PASS 120s
PUT /tmp/ktest-kernel.tar.gz 7s
PUT /tmp/ktest-kernel.tar.gz 9s
PUT /tmp/ktest_lustre_mainline_native_69mpy5w7.tar 11s
PUT /tmp/ktest_lustre_mainline_native_69mpy5w7.tar 11s
PUT /tmp/ktest_lustre_mainline_native_69mpy5w7.tar 11s
PUT /tmp/ktest_lustre_mainline_native_69mpy5w7.tar 11s
PUT /tmp/ktest_lustre_mainline_native_69mpy5w7.tar 11s
PUT /tmp/ktest_lustre_mainline_native_69mpy5w7.tar 11s
PUT /tmp/ktest_lustre_mainline_native_69mpy5w7.tar 11s
PUT /tmp/ktest_lustre_mainline_native_69mpy5w7.tar 11s
PUT /tmp/ktest-lustre.tar.gz 4s
PUT /tmp/ktest-lustre.tar.gz 26s
PUT /tmp/ktest_lustre_mainline_native_69mpy5w7.tar 35s
END cc-plugin tool cc-plugin FAIL 51s (exit code: 127)
PUT /tmp/ktest_lustre_mainline_native_69mpy5w7.tar 15s
END boot run tests/fs/lustre/boot.ktest PASS 74s
END clang-tidy tool clang-tidy PASS 76s
END mgs-setup run tests/fs/lustre/mgs-setup.ktest PASS 86s
END sanity-2 run tests/fs/lustre/sanity/sanity-2.ktest PASS 96s
END sanity-1 run tests/fs/lustre/sanity/sanity-1.ktest PASS 104s
END sanity-3 run tests/fs/lustre/sanity/sanity-3.ktest PASS 105s
END sanity-4 run tests/fs/lustre/sanity/sanity-4.ktest PASS 116s
END llmount run tests/fs/lustre/llmount.ktest PASS 159s
END llog-unit run tests/fs/lustre/llog-unit.ktest PASS 171s

============================================================
Final Results:
  checkpatch: PASS (13s) (log: /var/www/ci-lustre/upstream-patch-review/40800d1397b8e1834f93fc58ad469dbfb807d718_checkpatch.log)
  u24: PASS (70s) (log: /var/www/ci-lustre/upstream-patch-review/40800d1397b8e1834f93fc58ad469dbfb807d718_u24.log)
  al2023: PASS (66s) (log: /var/www/ci-lustre/upstream-patch-review/40800d1397b8e1834f93fc58ad469dbfb807d718_al2023.log)
  lustre_mainline_strict: FAIL (116s) (log: /var/www/ci-lustre/upstream-patch-review/40800d1397b8e1834f93fc58ad469dbfb807d718_lustre_mainline_strict.log)
  lustre_mainline: PASS (120s) (log: /var/www/ci-lustre/upstream-patch-review/40800d1397b8e1834f93fc58ad469dbfb807d718_lustre_mainline.log)
  lustre_mainline_native: PASS (119s) (log: /var/www/ci-lustre/upstream-patch-review/40800d1397b8e1834f93fc58ad469dbfb807d718_lustre_mainline_native.log)
  clang-tidy: PASS (76s) (log: /var/www/ci-lustre/upstream-patch-review/40800d1397b8e1834f93fc58ad469dbfb807d718_clang-tidy.log)
  cc-plugin: FAIL (51s) (log: /var/www/ci-lustre/upstream-patch-review/40800d1397b8e1834f93fc58ad469dbfb807d718_cc-plugin.log)
  boot: PASS (74s) (log: /var/www/ci-lustre/upstream-patch-review/40800d1397b8e1834f93fc58ad469dbfb807d718_boot.log)
  llmount: PASS (159s) (log: /var/www/ci-lustre/upstream-patch-review/40800d1397b8e1834f93fc58ad469dbfb807d718_llmount.log)
  llog-unit: PASS (171s) (log: /var/www/ci-lustre/upstream-patch-review/40800d1397b8e1834f93fc58ad469dbfb807d718_llog-unit.log)
  mgs-setup: PASS (86s) (log: /var/www/ci-lustre/upstream-patch-review/40800d1397b8e1834f93fc58ad469dbfb807d718_mgs-setup.log)
  sanity-1: PASS (104s) (log: /var/www/ci-lustre/upstream-patch-review/40800d1397b8e1834f93fc58ad469dbfb807d718_sanity-1.log)
  sanity-2: PASS (96s) (log: /var/www/ci-lustre/upstream-patch-review/40800d1397b8e1834f93fc58ad469dbfb807d718_sanity-2.log)
  sanity-3: PASS (105s) (log: /var/www/ci-lustre/upstream-patch-review/40800d1397b8e1834f93fc58ad469dbfb807d718_sanity-3.log)
  sanity-4: PASS (116s) (log: /var/www/ci-lustre/upstream-patch-review/40800d1397b8e1834f93fc58ad469dbfb807d718_sanity-4.log)

Total execution time: 323s
