CLI: ./podman-ktest --podman-socket unix:///run/podman/podman.sock --shared-filesystem /tmp --tarball-input job lustre-ci --output /var/www/ci-lustre/upstream-patch-review --git-hash 40fc84e880b9ee6ada5ceefb802d51e3b77ad0fb --change-id 64691_40fc84e880b9ee6ada5ceefb802d51e3b77ad0fb --subject LU-20018 obdclass: fix the race between lu_object

  Checking /dev/kvm exists... OK
  Checking /dev/kvm permissions... OK
  Creating ccache directory... OK
  Checking ccache directory writable... OK

Environment validated successfully
Creating kernel tarball at /tmp/ktest-kernel.tar.gz...
Creating lustre tarball at /tmp/ktest-lustre.tar.gz...
Executing 16 jobs
Jobs will start as soon as their dependencies are satisfied
Using tarball input mode

START al2023 build tests/fs/lustre/boot.ktest
START u24 build tests/fs/lustre/boot.ktest
START lustre_mainline_native build tests/fs/lustre/boot.ktest
START checkpatch tool checkpatch
START lustre_mainline build tests/fs/lustre/boot.ktest
START lustre_mainline_strict build tests/fs/lustre/boot-strict.ktest
PUT /tmp/ktest-kernel.tar.gz 8s
PUT /tmp/ktest-kernel.tar.gz 8s
PUT /tmp/ktest-kernel.tar.gz 8s
PUT /tmp/ktest-kernel.tar.gz 8s
PUT /tmp/ktest-kernel.tar.gz 8s
PUT /tmp/ktest-kernel.tar.gz 8s
PUT /tmp/ktest-lustre.tar.gz 2s
PUT /tmp/ktest-lustre.tar.gz 2s
PUT /tmp/ktest-lustre.tar.gz 2s
PUT /tmp/ktest-lustre.tar.gz 2s
PUT /tmp/ktest-lustre.tar.gz 2s
PUT /tmp/ktest-lustre.tar.gz 2s
END checkpatch tool checkpatch PASS 13s
END al2023 build tests/fs/lustre/boot.ktest PASS 66s
END u24 build tests/fs/lustre/boot.ktest PASS 71s
GET /tmp/ktest_lustre_mainline_strict_f92dsxly.tar 5s
END lustre_mainline_strict build tests/fs/lustre/boot-strict.ktest FAIL 150s (exit code: 1)
GET /tmp/ktest_lustre_mainline_native_2z1l296y.tar 4s
GET /tmp/ktest_lustre_mainline_u99r7ooa.tar 5s
END lustre_mainline_native build tests/fs/lustre/boot.ktest PASS 153s
START clang-tidy tool clang-tidy
START cc-plugin tool cc-plugin
START boot run tests/fs/lustre/boot.ktest
START llmount run tests/fs/lustre/llmount.ktest
START llog-unit run tests/fs/lustre/llog-unit.ktest
START mgs-setup run tests/fs/lustre/mgs-setup.ktest
START sanity-1 run tests/fs/lustre/sanity/sanity-1.ktest
START sanity-2 run tests/fs/lustre/sanity/sanity-2.ktest
START sanity-3 run tests/fs/lustre/sanity/sanity-3.ktest
START sanity-4 run tests/fs/lustre/sanity/sanity-4.ktest
END lustre_mainline build tests/fs/lustre/boot.ktest PASS 155s
PUT /tmp/ktest-kernel.tar.gz 7s
PUT /tmp/ktest-kernel.tar.gz 9s
PUT /tmp/ktest_lustre_mainline_native_2z1l296y.tar 12s
PUT /tmp/ktest_lustre_mainline_native_2z1l296y.tar 12s
PUT /tmp/ktest_lustre_mainline_native_2z1l296y.tar 12s
PUT /tmp/ktest-lustre.tar.gz 4s
PUT /tmp/ktest_lustre_mainline_native_2z1l296y.tar 12s
PUT /tmp/ktest_lustre_mainline_native_2z1l296y.tar 12s
PUT /tmp/ktest_lustre_mainline_native_2z1l296y.tar 12s
PUT /tmp/ktest_lustre_mainline_native_2z1l296y.tar 12s
PUT /tmp/ktest_lustre_mainline_native_2z1l296y.tar 12s
PUT /tmp/ktest-lustre.tar.gz 31s
PUT /tmp/ktest_lustre_mainline_native_2z1l296y.tar 34s
PUT /tmp/ktest_lustre_mainline_native_2z1l296y.tar 13s
END cc-plugin tool cc-plugin FAIL 58s (exit code: 127)
END boot run tests/fs/lustre/boot.ktest PASS 81s
END clang-tidy tool clang-tidy PASS 85s
END mgs-setup run tests/fs/lustre/mgs-setup.ktest PASS 98s
END sanity-2 run tests/fs/lustre/sanity/sanity-2.ktest PASS 112s
END sanity-1 run tests/fs/lustre/sanity/sanity-1.ktest PASS 118s
END sanity-4 run tests/fs/lustre/sanity/sanity-4.ktest PASS 122s
END sanity-3 run tests/fs/lustre/sanity/sanity-3.ktest PASS 128s
END llmount run tests/fs/lustre/llmount.ktest PASS 166s
END llog-unit run tests/fs/lustre/llog-unit.ktest PASS 183s

============================================================
Final Results:
  checkpatch: PASS (13s) (log: /var/www/ci-lustre/upstream-patch-review/40fc84e880b9ee6ada5ceefb802d51e3b77ad0fb_checkpatch.log)
  u24: PASS (71s) (log: /var/www/ci-lustre/upstream-patch-review/40fc84e880b9ee6ada5ceefb802d51e3b77ad0fb_u24.log)
  al2023: PASS (66s) (log: /var/www/ci-lustre/upstream-patch-review/40fc84e880b9ee6ada5ceefb802d51e3b77ad0fb_al2023.log)
  lustre_mainline_strict: FAIL (150s) (log: /var/www/ci-lustre/upstream-patch-review/40fc84e880b9ee6ada5ceefb802d51e3b77ad0fb_lustre_mainline_strict.log)
  lustre_mainline: PASS (155s) (log: /var/www/ci-lustre/upstream-patch-review/40fc84e880b9ee6ada5ceefb802d51e3b77ad0fb_lustre_mainline.log)
  lustre_mainline_native: PASS (153s) (log: /var/www/ci-lustre/upstream-patch-review/40fc84e880b9ee6ada5ceefb802d51e3b77ad0fb_lustre_mainline_native.log)
  clang-tidy: PASS (85s) (log: /var/www/ci-lustre/upstream-patch-review/40fc84e880b9ee6ada5ceefb802d51e3b77ad0fb_clang-tidy.log)
  cc-plugin: FAIL (58s) (log: /var/www/ci-lustre/upstream-patch-review/40fc84e880b9ee6ada5ceefb802d51e3b77ad0fb_cc-plugin.log)
  boot: PASS (81s) (log: /var/www/ci-lustre/upstream-patch-review/40fc84e880b9ee6ada5ceefb802d51e3b77ad0fb_boot.log)
  llmount: PASS (166s) (log: /var/www/ci-lustre/upstream-patch-review/40fc84e880b9ee6ada5ceefb802d51e3b77ad0fb_llmount.log)
  llog-unit: PASS (183s) (log: /var/www/ci-lustre/upstream-patch-review/40fc84e880b9ee6ada5ceefb802d51e3b77ad0fb_llog-unit.log)
  mgs-setup: PASS (98s) (log: /var/www/ci-lustre/upstream-patch-review/40fc84e880b9ee6ada5ceefb802d51e3b77ad0fb_mgs-setup.log)
  sanity-1: PASS (118s) (log: /var/www/ci-lustre/upstream-patch-review/40fc84e880b9ee6ada5ceefb802d51e3b77ad0fb_sanity-1.log)
  sanity-2: PASS (112s) (log: /var/www/ci-lustre/upstream-patch-review/40fc84e880b9ee6ada5ceefb802d51e3b77ad0fb_sanity-2.log)
  sanity-3: PASS (128s) (log: /var/www/ci-lustre/upstream-patch-review/40fc84e880b9ee6ada5ceefb802d51e3b77ad0fb_sanity-3.log)
  sanity-4: PASS (122s) (log: /var/www/ci-lustre/upstream-patch-review/40fc84e880b9ee6ada5ceefb802d51e3b77ad0fb_sanity-4.log)

Total execution time: 369s
