CLI: ./podman-ktest --podman-socket unix:///run/podman/podman.sock --shared-filesystem /tmp --tarball-input job lustre-ci --output /var/www/ci-lustre/upstream-patch-review --git-hash 428d1bfdc57b1b5d41d13b52c6a116e11f1ebb82 --change-id 65914_428d1bfdc57b1b5d41d13b52c6a116e11f1ebb82 --subject LU-17238 llite: negative xattr cache for absent ACL and security xattrs

  Checking /dev/kvm exists... OK
  Checking /dev/kvm permissions... OK
  Creating ccache directory... OK
  Checking ccache directory writable... OK
  Creating package output directory... OK

Environment validated successfully
Creating kernel tarball at /tmp/ktest-kernel.tar.gz...
Creating lustre tarball at /tmp/ktest-lustre.tar.gz...
Creating ZFS tarball at /tmp/ktest-zfs.tar.gz...
Executing 13 jobs
Jobs will start as soon as their dependencies are satisfied
Using tarball input mode

START lustre_mainline_strict build tests/fs/lustre/boot-strict.ktest
START checkpatch tool checkpatch
START al2023 build tests/fs/lustre/boot.ktest
START lustre_mainline_native build tests/fs/lustre/boot.ktest
START u24 build tests/fs/lustre/boot.ktest
START lustre_mainline build tests/fs/lustre/boot.ktest
PUT /tmp/ktest-lustre.tar.gz 1s
PUT /tmp/ktest-lustre.tar.gz 1s
PUT /tmp/ktest-kernel.tar.gz 6s
PUT /tmp/ktest-kernel.tar.gz 6s
PUT /tmp/ktest-kernel.tar.gz 6s
PUT /tmp/ktest-kernel.tar.gz 6s
PUT /tmp/ktest-lustre.tar.gz 1s
PUT /tmp/ktest-lustre.tar.gz 1s
PUT /tmp/ktest-lustre.tar.gz 1s
PUT /tmp/ktest-lustre.tar.gz 1s
PUT /tmp/ktest-zfs.tar.gz 0s
PUT /tmp/ktest-zfs.tar.gz 0s
PUT /tmp/ktest-zfs.tar.gz 0s
END checkpatch tool checkpatch PASS 10s
END al2023 build tests/fs/lustre/boot.ktest PASS 62s
END u24 build tests/fs/lustre/boot.ktest PASS 64s
GET /tmp/ktest_lustre_mainline_strict_b1t5zpvr.tar 6s
END lustre_mainline_strict build tests/fs/lustre/boot-strict.ktest FAIL 184s (exit code: 1)
GET /tmp/ktest_lustre_mainline_native_r0sgjdq1.tar 0s
GET /tmp/ktest_lustre_mainline_bi1ic1co.tar 0s
END lustre_mainline_native build tests/fs/lustre/boot.ktest PASS 196s
START boot run tests/fs/lustre/boot.ktest
START llmount run tests/fs/lustre/llmount.ktest
START mgs-setup run tests/fs/lustre/mgs-setup.ktest
START sanity-1 run tests/fs/lustre/sanity/sanity-1.ktest
START sanity-2 run tests/fs/lustre/sanity/sanity-2.ktest
START sanity-3 run tests/fs/lustre/sanity/sanity-3.ktest
START sanity-4 run tests/fs/lustre/sanity/sanity-4.ktest
END lustre_mainline build tests/fs/lustre/boot.ktest PASS 198s
PUT /tmp/ktest-kernel.tar.gz 30s
PUT /tmp/ktest-kernel.tar.gz 29s
PUT /tmp/ktest-kernel.tar.gz 30s
PUT /tmp/ktest-kernel.tar.gz 30s
PUT /tmp/ktest-kernel.tar.gz 30s
PUT /tmp/ktest-kernel.tar.gz 30s
PUT /tmp/ktest-kernel.tar.gz 30s
PUT /tmp/ktest-lustre.tar.gz 7s
PUT /tmp/ktest-lustre.tar.gz 7s
PUT /tmp/ktest-lustre.tar.gz 7s
PUT /tmp/ktest-lustre.tar.gz 6s
PUT /tmp/ktest-lustre.tar.gz 6s
PUT /tmp/ktest-lustre.tar.gz 6s
PUT /tmp/ktest-lustre.tar.gz 7s
PUT /tmp/ktest_lustre_mainline_native_r0sgjdq1.tar 0s
PUT /tmp/ktest_lustre_mainline_native_r0sgjdq1.tar 1s
PUT /tmp/ktest_lustre_mainline_native_r0sgjdq1.tar 1s
PUT /tmp/ktest_lustre_mainline_native_r0sgjdq1.tar 1s
PUT /tmp/ktest_lustre_mainline_native_r0sgjdq1.tar 1s
PUT /tmp/ktest_lustre_mainline_native_r0sgjdq1.tar 1s
PUT /tmp/ktest_lustre_mainline_native_r0sgjdq1.tar 1s
END boot run tests/fs/lustre/boot.ktest PASS 139s
END mgs-setup run tests/fs/lustre/mgs-setup.ktest PASS 150s
END sanity-1 run tests/fs/lustre/sanity/sanity-1.ktest PASS 172s
END sanity-2 run tests/fs/lustre/sanity/sanity-2.ktest PASS 177s
END llmount run tests/fs/lustre/llmount.ktest PASS 216s
END sanity-3 run tests/fs/lustre/sanity/sanity-3.ktest PASS 218s
END sanity-4 run tests/fs/lustre/sanity/sanity-4.ktest PASS 227s

============================================================
Final Results:
  checkpatch: PASS (10s) (log: /var/www/ci-lustre/upstream-patch-review/428d1bfdc57b1b5d41d13b52c6a116e11f1ebb82_checkpatch.log)
  u24: PASS (64s) (log: /var/www/ci-lustre/upstream-patch-review/428d1bfdc57b1b5d41d13b52c6a116e11f1ebb82_u24.log)
  al2023: PASS (62s) (log: /var/www/ci-lustre/upstream-patch-review/428d1bfdc57b1b5d41d13b52c6a116e11f1ebb82_al2023.log)
  lustre_mainline_strict: FAIL (184s) (log: /var/www/ci-lustre/upstream-patch-review/428d1bfdc57b1b5d41d13b52c6a116e11f1ebb82_lustre_mainline_strict.log)
  lustre_mainline: PASS (198s) (log: /var/www/ci-lustre/upstream-patch-review/428d1bfdc57b1b5d41d13b52c6a116e11f1ebb82_lustre_mainline.log)
  lustre_mainline_native: PASS (196s) (log: /var/www/ci-lustre/upstream-patch-review/428d1bfdc57b1b5d41d13b52c6a116e11f1ebb82_lustre_mainline_native.log)
  boot: PASS (139s) (log: /var/www/ci-lustre/upstream-patch-review/428d1bfdc57b1b5d41d13b52c6a116e11f1ebb82_boot.log)
  llmount: PASS (216s) (log: /var/www/ci-lustre/upstream-patch-review/428d1bfdc57b1b5d41d13b52c6a116e11f1ebb82_llmount.log)
  mgs-setup: PASS (150s) (log: /var/www/ci-lustre/upstream-patch-review/428d1bfdc57b1b5d41d13b52c6a116e11f1ebb82_mgs-setup.log)
  sanity-1: PASS (172s) (log: /var/www/ci-lustre/upstream-patch-review/428d1bfdc57b1b5d41d13b52c6a116e11f1ebb82_sanity-1.log)
  sanity-2: PASS (177s) (log: /var/www/ci-lustre/upstream-patch-review/428d1bfdc57b1b5d41d13b52c6a116e11f1ebb82_sanity-2.log)
  sanity-3: PASS (218s) (log: /var/www/ci-lustre/upstream-patch-review/428d1bfdc57b1b5d41d13b52c6a116e11f1ebb82_sanity-3.log)
  sanity-4: PASS (227s) (log: /var/www/ci-lustre/upstream-patch-review/428d1bfdc57b1b5d41d13b52c6a116e11f1ebb82_sanity-4.log)

Total execution time: 453s
