CLI: ./podman-ktest --podman-socket unix:///run/podman/podman.sock --shared-filesystem /tmp --tarball-input job lustre-ci --output /var/www/ci-lustre/upstream-patch-review --git-hash 42b0c9aa1faa9f49735af5db33d9b5966619dd99 --change-id 58493_42b0c9aa1faa9f49735af5db33d9b5966619dd99 --subject LU-18800 trash: implement virtual ".Trash" subdir for undelete

  Checking /dev/kvm exists... OK
  Checking /dev/kvm permissions... OK
  Creating ccache directory... OK
  Checking ccache directory writable... OK

Environment validated successfully
Creating kernel tarball at /tmp/ktest-kernel.tar.gz...
Creating lustre tarball at /tmp/ktest-lustre.tar.gz...
Creating ZFS tarball at /tmp/ktest-zfs.tar.gz...
Executing 13 jobs
Jobs will start as soon as their dependencies are satisfied
Using tarball input mode

START lustre_mainline_native build tests/fs/lustre/boot.ktest
START u24 build tests/fs/lustre/boot.ktest
START lustre_mainline build tests/fs/lustre/boot.ktest
START lustre_mainline_strict build tests/fs/lustre/boot-strict.ktest
START checkpatch tool checkpatch
START al2023 build tests/fs/lustre/boot.ktest
PUT /tmp/ktest-lustre.tar.gz 1s
PUT /tmp/ktest-lustre.tar.gz 1s
PUT /tmp/ktest-kernel.tar.gz 6s
PUT /tmp/ktest-kernel.tar.gz 6s
PUT /tmp/ktest-kernel.tar.gz 6s
PUT /tmp/ktest-kernel.tar.gz 6s
PUT /tmp/ktest-lustre.tar.gz 1s
PUT /tmp/ktest-lustre.tar.gz 1s
PUT /tmp/ktest-lustre.tar.gz 1s
PUT /tmp/ktest-lustre.tar.gz 1s
PUT /tmp/ktest-zfs.tar.gz 0s
PUT /tmp/ktest-zfs.tar.gz 0s
PUT /tmp/ktest-zfs.tar.gz 0s
END checkpatch tool checkpatch PASS 10s
END al2023 build tests/fs/lustre/boot.ktest PASS 59s
END u24 build tests/fs/lustre/boot.ktest PASS 64s
GET /tmp/ktest_lustre_mainline_strict_o4h8nsb5.tar 6s
END lustre_mainline_strict build tests/fs/lustre/boot-strict.ktest FAIL 136s (exit code: 1)
GET /tmp/ktest_lustre_mainline_native_r55gsngz.tar 0s
GET /tmp/ktest_lustre_mainline_bz1qtc5f.tar 0s
END lustre_mainline_native build tests/fs/lustre/boot.ktest PASS 141s
START boot run tests/fs/lustre/boot.ktest
START llmount run tests/fs/lustre/llmount.ktest
START mgs-setup run tests/fs/lustre/mgs-setup.ktest
START sanity-1 run tests/fs/lustre/sanity/sanity-1.ktest
START sanity-2 run tests/fs/lustre/sanity/sanity-2.ktest
START sanity-3 run tests/fs/lustre/sanity/sanity-3.ktest
START sanity-4 run tests/fs/lustre/sanity/sanity-4.ktest
END lustre_mainline build tests/fs/lustre/boot.ktest PASS 142s
PUT /tmp/ktest_lustre_mainline_native_r55gsngz.tar 0s
PUT /tmp/ktest_lustre_mainline_native_r55gsngz.tar 0s
PUT /tmp/ktest_lustre_mainline_native_r55gsngz.tar 0s
PUT /tmp/ktest_lustre_mainline_native_r55gsngz.tar 0s
PUT /tmp/ktest_lustre_mainline_native_r55gsngz.tar 0s
PUT /tmp/ktest_lustre_mainline_native_r55gsngz.tar 0s
PUT /tmp/ktest_lustre_mainline_native_r55gsngz.tar 0s
END boot run tests/fs/lustre/boot.ktest PASS 28s
END mgs-setup run tests/fs/lustre/mgs-setup.ktest PASS 34s
END sanity-1 run tests/fs/lustre/sanity/sanity-1.ktest PASS 59s
END sanity-4 run tests/fs/lustre/sanity/sanity-4.ktest PASS 62s
END sanity-3 run tests/fs/lustre/sanity/sanity-3.ktest PASS 68s
END sanity-2 run tests/fs/lustre/sanity/sanity-2.ktest PASS 71s
END llmount run tests/fs/lustre/llmount.ktest PASS 110s

============================================================
Final Results:
  checkpatch: PASS (10s) (log: /var/www/ci-lustre/upstream-patch-review/42b0c9aa1faa9f49735af5db33d9b5966619dd99_checkpatch.log)
  u24: PASS (64s) (log: /var/www/ci-lustre/upstream-patch-review/42b0c9aa1faa9f49735af5db33d9b5966619dd99_u24.log)
  al2023: PASS (59s) (log: /var/www/ci-lustre/upstream-patch-review/42b0c9aa1faa9f49735af5db33d9b5966619dd99_al2023.log)
  lustre_mainline_strict: FAIL (136s) (log: /var/www/ci-lustre/upstream-patch-review/42b0c9aa1faa9f49735af5db33d9b5966619dd99_lustre_mainline_strict.log)
  lustre_mainline: PASS (142s) (log: /var/www/ci-lustre/upstream-patch-review/42b0c9aa1faa9f49735af5db33d9b5966619dd99_lustre_mainline.log)
  lustre_mainline_native: PASS (141s) (log: /var/www/ci-lustre/upstream-patch-review/42b0c9aa1faa9f49735af5db33d9b5966619dd99_lustre_mainline_native.log)
  boot: PASS (28s) (log: /var/www/ci-lustre/upstream-patch-review/42b0c9aa1faa9f49735af5db33d9b5966619dd99_boot.log)
  llmount: PASS (110s) (log: /var/www/ci-lustre/upstream-patch-review/42b0c9aa1faa9f49735af5db33d9b5966619dd99_llmount.log)
  mgs-setup: PASS (34s) (log: /var/www/ci-lustre/upstream-patch-review/42b0c9aa1faa9f49735af5db33d9b5966619dd99_mgs-setup.log)
  sanity-1: PASS (59s) (log: /var/www/ci-lustre/upstream-patch-review/42b0c9aa1faa9f49735af5db33d9b5966619dd99_sanity-1.log)
  sanity-2: PASS (71s) (log: /var/www/ci-lustre/upstream-patch-review/42b0c9aa1faa9f49735af5db33d9b5966619dd99_sanity-2.log)
  sanity-3: PASS (68s) (log: /var/www/ci-lustre/upstream-patch-review/42b0c9aa1faa9f49735af5db33d9b5966619dd99_sanity-3.log)
  sanity-4: PASS (62s) (log: /var/www/ci-lustre/upstream-patch-review/42b0c9aa1faa9f49735af5db33d9b5966619dd99_sanity-4.log)

Total execution time: 281s
