WARNING:MACRO_ARG_UNUSED: Argument 'data' is not used in function-like macro
#32: FILE: lustre/include/lustre_disk.h:54:
+#define IS_MGS0(data)		(0)

ERROR:CODE_INDENT: code indent should use tabs where possible
#490: FILE: lustre/mgs/lproc_mgs.c:115:
+                seq_printf(seq, "leader");$

WARNING:LEADING_SPACE: please, no spaces at the start of a line
#490: FILE: lustre/mgs/lproc_mgs.c:115:
+                seq_printf(seq, "leader");$

WARNING:PREFER_SEQ_PUTS: Prefer seq_puts to seq_printf
#490: FILE: lustre/mgs/lproc_mgs.c:115:
+                seq_printf(seq, "leader");

ERROR:CODE_INDENT: code indent should use tabs where possible
#492: FILE: lustre/mgs/lproc_mgs.c:117:
+                seq_printf(seq, "follower");$

WARNING:LEADING_SPACE: please, no spaces at the start of a line
#492: FILE: lustre/mgs/lproc_mgs.c:117:
+                seq_printf(seq, "follower");$

WARNING:PREFER_SEQ_PUTS: Prefer seq_puts to seq_printf
#492: FILE: lustre/mgs/lproc_mgs.c:117:
+                seq_printf(seq, "follower");

ERROR:CODE_INDENT: code indent should use tabs where possible
#493: FILE: lustre/mgs/lproc_mgs.c:118:
+        return 0;$

WARNING:LEADING_SPACE: please, no spaces at the start of a line
#493: FILE: lustre/mgs/lproc_mgs.c:118:
+        return 0;$

WARNING:LONG_LINE_STRING: line length of 117 exceeds 100 columns
#549: FILE: lustre/mgs/mgs_fs.c:146:
+			CERROR("%s: error loading nodemap config file, file must be removed via ldiskfs: rc = %ld\n",

total: 3 errors, 7 warnings, 832 lines checked

NOTE: For some of the reported defects, checkpatch may be able to
      mechanically convert to the typical style using --fix or --fix-inplace.

NOTE: Whitespace errors detected.
      You may wish to use scripts/cleanpatch or scripts/cleanfile

Your patch has style problems, please review.

NOTE: If any of the errors are false positives, please report
      them to the maintainer, see CHECKPATCH in MAINTAINERS.
