CLI: ./podman-ktest --podman-socket unix:///run/podman/podman.sock --shared-filesystem /tmp --tarball-input job lustre-ci --output /var/www/ci-lustre/upstream-patch-review --git-hash 44b9e4e4f0d46a3d6810358d49ebde0e54d20145 --change-id 65449_44b9e4e4f0d46a3d6810358d49ebde0e54d20145 --subject LU-20176 osd-ldiskfs: refactor OI scrub

  Checking /dev/kvm exists... OK
  Checking /dev/kvm permissions... OK
  Creating ccache directory... OK
  Checking ccache directory writable... OK

Environment validated successfully
Creating kernel tarball at /tmp/ktest-kernel.tar.gz...
Creating lustre tarball at /tmp/ktest-lustre.tar.gz...
Creating ZFS tarball at /tmp/ktest-zfs.tar.gz...
Executing 15 jobs
Jobs will start as soon as their dependencies are satisfied
Using tarball input mode

START lustre_mainline_native build tests/fs/lustre/boot.ktest
START lustre_mainline_strict build tests/fs/lustre/boot-strict.ktest
START al2023 build tests/fs/lustre/boot.ktest
START u24 build tests/fs/lustre/boot.ktest
START checkpatch tool checkpatch
START lustre_mainline build tests/fs/lustre/boot.ktest
PUT /tmp/ktest-lustre.tar.gz 2s
PUT /tmp/ktest-lustre.tar.gz 3s
PUT /tmp/ktest-kernel.tar.gz 5s
PUT /tmp/ktest-kernel.tar.gz 5s
PUT /tmp/ktest-kernel.tar.gz 5s
PUT /tmp/ktest-kernel.tar.gz 6s
PUT /tmp/ktest-lustre.tar.gz 1s
PUT /tmp/ktest-lustre.tar.gz 1s
PUT /tmp/ktest-lustre.tar.gz 1s
PUT /tmp/ktest-lustre.tar.gz 2s
PUT /tmp/ktest-zfs.tar.gz 0s
PUT /tmp/ktest-zfs.tar.gz 0s
PUT /tmp/ktest-zfs.tar.gz 0s
END checkpatch tool checkpatch PASS 10s
END u24 build tests/fs/lustre/boot.ktest PASS 72s
END al2023 build tests/fs/lustre/boot.ktest PASS 73s
GET /tmp/ktest_lustre_mainline_strict_ekdcdg61.tar 7s
GET /tmp/ktest_lustre_mainline_efet2j_o.tar 7s
GET /tmp/ktest_lustre_mainline_native_zs8w9b6_.tar 8s
END lustre_mainline_strict build tests/fs/lustre/boot-strict.ktest FAIL 152s (exit code: 1)
END lustre_mainline build tests/fs/lustre/boot.ktest FAIL 154s (exit code: 1)
END lustre_mainline_native build tests/fs/lustre/boot.ktest FAIL 156s (exit code: 1)

============================================================
Final Results:
  checkpatch: PASS (10s) (log: /var/www/ci-lustre/upstream-patch-review/44b9e4e4f0d46a3d6810358d49ebde0e54d20145_checkpatch.log)
  u24: PASS (72s) (log: /var/www/ci-lustre/upstream-patch-review/44b9e4e4f0d46a3d6810358d49ebde0e54d20145_u24.log)
  al2023: PASS (73s) (log: /var/www/ci-lustre/upstream-patch-review/44b9e4e4f0d46a3d6810358d49ebde0e54d20145_al2023.log)
  lustre_mainline_strict: FAIL (152s) (log: /var/www/ci-lustre/upstream-patch-review/44b9e4e4f0d46a3d6810358d49ebde0e54d20145_lustre_mainline_strict.log)
  lustre_mainline: FAIL (154s) (log: /var/www/ci-lustre/upstream-patch-review/44b9e4e4f0d46a3d6810358d49ebde0e54d20145_lustre_mainline.log)
  lustre_mainline_native: FAIL (156s) (log: /var/www/ci-lustre/upstream-patch-review/44b9e4e4f0d46a3d6810358d49ebde0e54d20145_lustre_mainline_native.log)
  clang-tidy: SKIPPED (due to dependency failure)
  cc-plugin: SKIPPED (due to dependency failure)
  boot: SKIPPED (due to dependency failure)
  llmount: SKIPPED (due to dependency failure)
  mgs-setup: SKIPPED (due to dependency failure)
  sanity-1: SKIPPED (due to dependency failure)
  sanity-2: SKIPPED (due to dependency failure)
  sanity-3: SKIPPED (due to dependency failure)
  sanity-4: SKIPPED (due to dependency failure)

Total execution time: 188s
