CLI: ./podman-ktest --podman-socket unix:///run/podman/podman.sock --shared-filesystem /tmp --tarball-input job lustre-ci --output /var/www/ci-lustre/upstream-patch-review --git-hash 464c80e110e850484d06173e824254d067c3dbe9 --change-id 65010_464c80e110e850484d06173e824254d067c3dbe9 --subject LU-12668 target: extend BRW_READ_BULK fail_loc bitmask

  Checking /dev/kvm exists... OK
  Checking /dev/kvm permissions... OK
  Creating ccache directory... OK
  Checking ccache directory writable... OK

Environment validated successfully
Creating kernel tarball at /tmp/ktest-kernel.tar.gz...
Creating lustre tarball at /tmp/ktest-lustre.tar.gz...
Creating ZFS tarball at /tmp/ktest-zfs.tar.gz...
Executing 13 jobs
Jobs will start as soon as their dependencies are satisfied
Using tarball input mode

START checkpatch tool checkpatch
START lustre_mainline build tests/fs/lustre/boot.ktest
START al2023 build tests/fs/lustre/boot.ktest
START lustre_mainline_strict build tests/fs/lustre/boot-strict.ktest
START lustre_mainline_native build tests/fs/lustre/boot.ktest
START u24 build tests/fs/lustre/boot.ktest
PUT /tmp/ktest-lustre.tar.gz 1s
PUT /tmp/ktest-lustre.tar.gz 2s
PUT /tmp/ktest-kernel.tar.gz 7s
PUT /tmp/ktest-kernel.tar.gz 7s
PUT /tmp/ktest-kernel.tar.gz 7s
PUT /tmp/ktest-kernel.tar.gz 7s
PUT /tmp/ktest-lustre.tar.gz 2s
PUT /tmp/ktest-lustre.tar.gz 2s
PUT /tmp/ktest-lustre.tar.gz 2s
PUT /tmp/ktest-lustre.tar.gz 2s
PUT /tmp/ktest-zfs.tar.gz 0s
PUT /tmp/ktest-zfs.tar.gz 0s
PUT /tmp/ktest-zfs.tar.gz 0s
END checkpatch tool checkpatch PASS 12s
END al2023 build tests/fs/lustre/boot.ktest PASS 63s
END u24 build tests/fs/lustre/boot.ktest PASS 66s
GET /tmp/ktest_lustre_mainline_strict_1av1d554.tar 6s
END lustre_mainline_strict build tests/fs/lustre/boot-strict.ktest FAIL 150s (exit code: 1)
GET /tmp/ktest_lustre_mainline_native_ejc3m2h7.tar 1s
GET /tmp/ktest_lustre_mainline_ly8aslu0.tar 0s
END lustre_mainline_native build tests/fs/lustre/boot.ktest PASS 155s
START boot run tests/fs/lustre/boot.ktest
START llmount run tests/fs/lustre/llmount.ktest
START mgs-setup run tests/fs/lustre/mgs-setup.ktest
START sanity-1 run tests/fs/lustre/sanity/sanity-1.ktest
START sanity-2 run tests/fs/lustre/sanity/sanity-2.ktest
START sanity-3 run tests/fs/lustre/sanity/sanity-3.ktest
START sanity-4 run tests/fs/lustre/sanity/sanity-4.ktest
END lustre_mainline build tests/fs/lustre/boot.ktest PASS 156s
PUT /tmp/ktest_lustre_mainline_native_ejc3m2h7.tar 1s
PUT /tmp/ktest_lustre_mainline_native_ejc3m2h7.tar 1s
PUT /tmp/ktest_lustre_mainline_native_ejc3m2h7.tar 1s
PUT /tmp/ktest_lustre_mainline_native_ejc3m2h7.tar 1s
PUT /tmp/ktest_lustre_mainline_native_ejc3m2h7.tar 1s
PUT /tmp/ktest_lustre_mainline_native_ejc3m2h7.tar 1s
PUT /tmp/ktest_lustre_mainline_native_ejc3m2h7.tar 1s
END boot run tests/fs/lustre/boot.ktest PASS 24s
END mgs-setup run tests/fs/lustre/mgs-setup.ktest PASS 34s
END sanity-1 run tests/fs/lustre/sanity/sanity-1.ktest PASS 42s
END sanity-3 run tests/fs/lustre/sanity/sanity-3.ktest PASS 45s
END sanity-2 run tests/fs/lustre/sanity/sanity-2.ktest PASS 55s
END sanity-4 run tests/fs/lustre/sanity/sanity-4.ktest PASS 56s
END llmount run tests/fs/lustre/llmount.ktest PASS 108s

============================================================
Final Results:
  checkpatch: PASS (12s) (log: /var/www/ci-lustre/upstream-patch-review/464c80e110e850484d06173e824254d067c3dbe9_checkpatch.log)
  u24: PASS (66s) (log: /var/www/ci-lustre/upstream-patch-review/464c80e110e850484d06173e824254d067c3dbe9_u24.log)
  al2023: PASS (63s) (log: /var/www/ci-lustre/upstream-patch-review/464c80e110e850484d06173e824254d067c3dbe9_al2023.log)
  lustre_mainline_strict: FAIL (150s) (log: /var/www/ci-lustre/upstream-patch-review/464c80e110e850484d06173e824254d067c3dbe9_lustre_mainline_strict.log)
  lustre_mainline: PASS (156s) (log: /var/www/ci-lustre/upstream-patch-review/464c80e110e850484d06173e824254d067c3dbe9_lustre_mainline.log)
  lustre_mainline_native: PASS (155s) (log: /var/www/ci-lustre/upstream-patch-review/464c80e110e850484d06173e824254d067c3dbe9_lustre_mainline_native.log)
  boot: PASS (24s) (log: /var/www/ci-lustre/upstream-patch-review/464c80e110e850484d06173e824254d067c3dbe9_boot.log)
  llmount: PASS (108s) (log: /var/www/ci-lustre/upstream-patch-review/464c80e110e850484d06173e824254d067c3dbe9_llmount.log)
  mgs-setup: PASS (34s) (log: /var/www/ci-lustre/upstream-patch-review/464c80e110e850484d06173e824254d067c3dbe9_mgs-setup.log)
  sanity-1: PASS (42s) (log: /var/www/ci-lustre/upstream-patch-review/464c80e110e850484d06173e824254d067c3dbe9_sanity-1.log)
  sanity-2: PASS (55s) (log: /var/www/ci-lustre/upstream-patch-review/464c80e110e850484d06173e824254d067c3dbe9_sanity-2.log)
  sanity-3: PASS (45s) (log: /var/www/ci-lustre/upstream-patch-review/464c80e110e850484d06173e824254d067c3dbe9_sanity-3.log)
  sanity-4: PASS (56s) (log: /var/www/ci-lustre/upstream-patch-review/464c80e110e850484d06173e824254d067c3dbe9_sanity-4.log)

Total execution time: 296s
