CLI: ./podman-ktest --podman-socket unix:///run/podman/podman.sock --shared-filesystem /tmp --tarball-input job lustre-ci --output /var/www/ci-lustre/upstream-patch-review --git-hash 4779aece039a3768e4c9c1dfa43fd0bd23ed9a3e --change-id 64387_4779aece039a3768e4c9c1dfa43fd0bd23ed9a3e --subject LU-19848 llite: don't use iov_iter_is_aligned()

Environment validated successfully
Creating kernel tarball at /tmp/ktest-kernel.tar.gz...
Creating lustre tarball at /tmp/ktest-lustre.tar.gz...
Creating ZFS tarball at /tmp/ktest-zfs.tar.gz...
Executing 14 jobs
Jobs will start as soon as their dependencies are satisfied
Using tarball input mode

START al2023:al2023 build tests/fs/lustre/boot.ktest
START ml:lustre_mainline build tests/fs/lustre/boot.ktest
START u24:u24 build tests/fs/lustre/boot.ktest
START ml-miscvm:lustre_mainline_native build tests/fs/lustre/boot.ktest
START checkpatch:checkpatch tool checkpatch
START ml-strict:lustre_mainline build tests/fs/lustre/boot-strict.ktest
PUT /tmp/ktest-lustre.tar.gz 1s
PUT /tmp/ktest-lustre.tar.gz 1s
PUT /tmp/ktest-kernel.tar.gz 9s
PUT /tmp/ktest-kernel.tar.gz 9s
PUT /tmp/ktest-kernel.tar.gz 9s
PUT /tmp/ktest-kernel.tar.gz 9s
PUT /tmp/ktest-lustre.tar.gz 1s
PUT /tmp/ktest-lustre.tar.gz 2s
PUT /tmp/ktest-lustre.tar.gz 2s
PUT /tmp/ktest-lustre.tar.gz 2s
PUT /tmp/ktest-zfs.tar.gz 0s
PUT /tmp/ktest-zfs.tar.gz 0s
PUT /tmp/ktest-zfs.tar.gz 0s
END checkpatch:checkpatch tool checkpatch PASS 13s
END al2023:al2023 build tests/fs/lustre/boot.ktest FAIL 50s (exit code: 2)
END u24:u24 build tests/fs/lustre/boot.ktest FAIL 50s (exit code: 2)
GET /tmp/ktest_ml:lustre_mainline_8r_ko9v8.tar 0s
GET /tmp/ktest_ml-miscvm:lustre_mainline_native_sxho9osq.tar 0s
END ml:lustre_mainline build tests/fs/lustre/boot.ktest PASS 175s
END ml-miscvm:lustre_mainline_native build tests/fs/lustre/boot.ktest PASS 176s
START ml-miscvm:boot run tests/fs/lustre/boot.ktest
START ml-miscvm:llmount run tests/fs/lustre/llmount.ktest
START ml-miscvm:llog-unit run tests/fs/lustre/llog-unit.ktest
START ml-miscvm:mgs-setup run tests/fs/lustre/mgs-setup.ktest
START ml-miscvm:sanity-1 run tests/fs/lustre/sanity/sanity-1.ktest
START ml-miscvm:sanity-2 run tests/fs/lustre/sanity/sanity-2.ktest
START ml-miscvm:sanity-3 run tests/fs/lustre/sanity/sanity-3.ktest
START ml-miscvm:sanity-4 run tests/fs/lustre/sanity/sanity-4.ktest
GET /tmp/ktest_ml-strict:lustre_mainline__tu2ji5r.tar 10s
END ml-strict:lustre_mainline build tests/fs/lustre/boot-strict.ktest FAIL 186s (exit code: 1)
PUT /tmp/ktest-kernel.tar.gz 59s
PUT /tmp/ktest-kernel.tar.gz 59s
PUT /tmp/ktest-kernel.tar.gz 60s
PUT /tmp/ktest-kernel.tar.gz 60s
PUT /tmp/ktest-kernel.tar.gz 60s
PUT /tmp/ktest-kernel.tar.gz 60s
PUT /tmp/ktest-kernel.tar.gz 60s
PUT /tmp/ktest-kernel.tar.gz 59s
PUT /tmp/ktest-lustre.tar.gz 7s
PUT /tmp/ktest-lustre.tar.gz 6s
PUT /tmp/ktest-lustre.tar.gz 7s
PUT /tmp/ktest-lustre.tar.gz 7s
PUT /tmp/ktest-lustre.tar.gz 6s
PUT /tmp/ktest-lustre.tar.gz 6s
PUT /tmp/ktest-lustre.tar.gz 6s
PUT /tmp/ktest-lustre.tar.gz 6s
PUT /tmp/ktest_ml-miscvm:lustre_mainline_native_sxho9osq.tar 1s
PUT /tmp/ktest_ml-miscvm:lustre_mainline_native_sxho9osq.tar 1s
PUT /tmp/ktest_ml-miscvm:lustre_mainline_native_sxho9osq.tar 1s
PUT /tmp/ktest_ml-miscvm:lustre_mainline_native_sxho9osq.tar 1s
PUT /tmp/ktest_ml-miscvm:lustre_mainline_native_sxho9osq.tar 1s
PUT /tmp/ktest_ml-miscvm:lustre_mainline_native_sxho9osq.tar 1s
PUT /tmp/ktest_ml-miscvm:lustre_mainline_native_sxho9osq.tar 1s
PUT /tmp/ktest_ml-miscvm:lustre_mainline_native_sxho9osq.tar 1s
END ml-miscvm:boot run tests/fs/lustre/boot.ktest PASS 117s
END ml-miscvm:mgs-setup run tests/fs/lustre/mgs-setup.ktest PASS 126s
END ml-miscvm:sanity-3 run tests/fs/lustre/sanity/sanity-3.ktest PASS 152s
END ml-miscvm:sanity-2 run tests/fs/lustre/sanity/sanity-2.ktest PASS 154s
END ml-miscvm:sanity-4 run tests/fs/lustre/sanity/sanity-4.ktest PASS 163s
END ml-miscvm:sanity-1 run tests/fs/lustre/sanity/sanity-1.ktest PASS 164s
END ml-miscvm:llmount run tests/fs/lustre/llmount.ktest PASS 166s
END ml-miscvm:llog-unit run tests/fs/lustre/llog-unit.ktest FAIL 200s (exit code: 1)

============================================================
Final Results:
  checkpatch:checkpatch: PASS (13s) (log: /var/www/ci-lustre/upstream-patch-review/4779aece039a3768e4c9c1dfa43fd0bd23ed9a3e_checkpatch:checkpatch.log)
  u24:u24: FAIL (50s) (log: /var/www/ci-lustre/upstream-patch-review/4779aece039a3768e4c9c1dfa43fd0bd23ed9a3e_u24:u24.log)
  al2023:al2023: FAIL (50s) (log: /var/www/ci-lustre/upstream-patch-review/4779aece039a3768e4c9c1dfa43fd0bd23ed9a3e_al2023:al2023.log)
  ml-strict:lustre_mainline: FAIL (186s) (log: /var/www/ci-lustre/upstream-patch-review/4779aece039a3768e4c9c1dfa43fd0bd23ed9a3e_ml-strict:lustre_mainline.log)
  ml:lustre_mainline: PASS (175s) (log: /var/www/ci-lustre/upstream-patch-review/4779aece039a3768e4c9c1dfa43fd0bd23ed9a3e_ml:lustre_mainline.log)
  ml-miscvm:lustre_mainline_native: PASS (176s) (log: /var/www/ci-lustre/upstream-patch-review/4779aece039a3768e4c9c1dfa43fd0bd23ed9a3e_ml-miscvm:lustre_mainline_native.log)
  ml-miscvm:boot: PASS (117s) (log: /var/www/ci-lustre/upstream-patch-review/4779aece039a3768e4c9c1dfa43fd0bd23ed9a3e_ml-miscvm:boot.log)
  ml-miscvm:llmount: PASS (166s) (log: /var/www/ci-lustre/upstream-patch-review/4779aece039a3768e4c9c1dfa43fd0bd23ed9a3e_ml-miscvm:llmount.log)
  ml-miscvm:llog-unit: FAIL (200s) (log: /var/www/ci-lustre/upstream-patch-review/4779aece039a3768e4c9c1dfa43fd0bd23ed9a3e_ml-miscvm:llog-unit.log)
  ml-miscvm:mgs-setup: PASS (126s) (log: /var/www/ci-lustre/upstream-patch-review/4779aece039a3768e4c9c1dfa43fd0bd23ed9a3e_ml-miscvm:mgs-setup.log)
  ml-miscvm:sanity-1: PASS (164s) (log: /var/www/ci-lustre/upstream-patch-review/4779aece039a3768e4c9c1dfa43fd0bd23ed9a3e_ml-miscvm:sanity-1.log)
  ml-miscvm:sanity-2: PASS (154s) (log: /var/www/ci-lustre/upstream-patch-review/4779aece039a3768e4c9c1dfa43fd0bd23ed9a3e_ml-miscvm:sanity-2.log)
  ml-miscvm:sanity-3: PASS (152s) (log: /var/www/ci-lustre/upstream-patch-review/4779aece039a3768e4c9c1dfa43fd0bd23ed9a3e_ml-miscvm:sanity-3.log)
  ml-miscvm:sanity-4: PASS (163s) (log: /var/www/ci-lustre/upstream-patch-review/4779aece039a3768e4c9c1dfa43fd0bd23ed9a3e_ml-miscvm:sanity-4.log)

Total execution time: 404s
