CLI: ./podman-ktest --podman-socket unix:///run/podman/podman.sock --shared-filesystem /tmp --tarball-input job lustre-ci --output /var/www/ci-lustre/upstream-patch-review --git-hash 48b5ed258601de5809116894f2181c528e28e0f5 --change-id 63981_48b5ed258601de5809116894f2181c528e28e0f5 --subject LU-19487 osc: fix shrinker loop in osc_lru_list_shrink

  Checking /dev/kvm exists... OK
  Checking /dev/kvm permissions... OK
  Creating ccache directory... OK
  Checking ccache directory writable... OK

Environment validated successfully
Creating kernel tarball at /tmp/ktest-kernel.tar.gz...
Creating lustre tarball at /tmp/ktest-lustre.tar.gz...
Executing 16 jobs
Jobs will start as soon as their dependencies are satisfied
Using tarball input mode

START u24 build tests/fs/lustre/boot.ktest
START al2023 build tests/fs/lustre/boot.ktest
START checkpatch tool checkpatch
START lustre_mainline build tests/fs/lustre/boot.ktest
START lustre_mainline_native build tests/fs/lustre/boot.ktest
START lustre_mainline_strict build tests/fs/lustre/boot-strict.ktest
PUT /tmp/ktest-kernel.tar.gz 8s
PUT /tmp/ktest-kernel.tar.gz 8s
PUT /tmp/ktest-kernel.tar.gz 8s
PUT /tmp/ktest-kernel.tar.gz 8s
PUT /tmp/ktest-kernel.tar.gz 8s
PUT /tmp/ktest-kernel.tar.gz 8s
PUT /tmp/ktest-lustre.tar.gz 2s
PUT /tmp/ktest-lustre.tar.gz 2s
PUT /tmp/ktest-lustre.tar.gz 2s
PUT /tmp/ktest-lustre.tar.gz 2s
PUT /tmp/ktest-lustre.tar.gz 2s
PUT /tmp/ktest-lustre.tar.gz 2s
END checkpatch tool checkpatch PASS 13s
END al2023 build tests/fs/lustre/boot.ktest PASS 65s
END u24 build tests/fs/lustre/boot.ktest PASS 70s
GET /tmp/ktest_lustre_mainline_strict_ycy45anb.tar 5s
END lustre_mainline_strict build tests/fs/lustre/boot-strict.ktest FAIL 101s (exit code: 1)
GET /tmp/ktest_lustre_mainline_native_2hq45eb7.tar 4s
GET /tmp/ktest_lustre_mainline__p04mjr7.tar 4s
END lustre_mainline_native build tests/fs/lustre/boot.ktest PASS 104s
START clang-tidy tool clang-tidy
START cc-plugin tool cc-plugin
START boot run tests/fs/lustre/boot.ktest
START llmount run tests/fs/lustre/llmount.ktest
START llog-unit run tests/fs/lustre/llog-unit.ktest
START mgs-setup run tests/fs/lustre/mgs-setup.ktest
START sanity-1 run tests/fs/lustre/sanity/sanity-1.ktest
START sanity-2 run tests/fs/lustre/sanity/sanity-2.ktest
START sanity-3 run tests/fs/lustre/sanity/sanity-3.ktest
START sanity-4 run tests/fs/lustre/sanity/sanity-4.ktest
END lustre_mainline build tests/fs/lustre/boot.ktest PASS 105s
PUT /tmp/ktest-kernel.tar.gz 13s
PUT /tmp/ktest_lustre_mainline_native_2hq45eb7.tar 15s
PUT /tmp/ktest-kernel.tar.gz 15s
PUT /tmp/ktest_lustre_mainline_native_2hq45eb7.tar 15s
PUT /tmp/ktest_lustre_mainline_native_2hq45eb7.tar 15s
PUT /tmp/ktest_lustre_mainline_native_2hq45eb7.tar 15s
PUT /tmp/ktest_lustre_mainline_native_2hq45eb7.tar 15s
PUT /tmp/ktest_lustre_mainline_native_2hq45eb7.tar 16s
PUT /tmp/ktest_lustre_mainline_native_2hq45eb7.tar 15s
PUT /tmp/ktest_lustre_mainline_native_2hq45eb7.tar 15s
PUT /tmp/ktest-lustre.tar.gz 29s
PUT /tmp/ktest-lustre.tar.gz 37s
PUT /tmp/ktest_lustre_mainline_native_2hq45eb7.tar 3s
PUT /tmp/ktest_lustre_mainline_native_2hq45eb7.tar 9s
END cc-plugin tool cc-plugin FAIL 58s (exit code: 127)
END clang-tidy tool clang-tidy PASS 74s
END boot run tests/fs/lustre/boot.ktest PASS 75s
END mgs-setup run tests/fs/lustre/mgs-setup.ktest PASS 82s
END sanity-3 run tests/fs/lustre/sanity/sanity-3.ktest PASS 92s
END sanity-1 run tests/fs/lustre/sanity/sanity-1.ktest PASS 93s
END sanity-2 run tests/fs/lustre/sanity/sanity-2.ktest PASS 94s
END sanity-4 run tests/fs/lustre/sanity/sanity-4.ktest PASS 115s
END llog-unit run tests/fs/lustre/llog-unit.ktest PASS 168s
END llmount run tests/fs/lustre/llmount.ktest PASS 176s

============================================================
Final Results:
  checkpatch: PASS (13s) (log: /var/www/ci-lustre/upstream-patch-review/48b5ed258601de5809116894f2181c528e28e0f5_checkpatch.log)
  u24: PASS (70s) (log: /var/www/ci-lustre/upstream-patch-review/48b5ed258601de5809116894f2181c528e28e0f5_u24.log)
  al2023: PASS (65s) (log: /var/www/ci-lustre/upstream-patch-review/48b5ed258601de5809116894f2181c528e28e0f5_al2023.log)
  lustre_mainline_strict: FAIL (101s) (log: /var/www/ci-lustre/upstream-patch-review/48b5ed258601de5809116894f2181c528e28e0f5_lustre_mainline_strict.log)
  lustre_mainline: PASS (105s) (log: /var/www/ci-lustre/upstream-patch-review/48b5ed258601de5809116894f2181c528e28e0f5_lustre_mainline.log)
  lustre_mainline_native: PASS (104s) (log: /var/www/ci-lustre/upstream-patch-review/48b5ed258601de5809116894f2181c528e28e0f5_lustre_mainline_native.log)
  clang-tidy: PASS (74s) (log: /var/www/ci-lustre/upstream-patch-review/48b5ed258601de5809116894f2181c528e28e0f5_clang-tidy.log)
  cc-plugin: FAIL (58s) (log: /var/www/ci-lustre/upstream-patch-review/48b5ed258601de5809116894f2181c528e28e0f5_cc-plugin.log)
  boot: PASS (75s) (log: /var/www/ci-lustre/upstream-patch-review/48b5ed258601de5809116894f2181c528e28e0f5_boot.log)
  llmount: PASS (176s) (log: /var/www/ci-lustre/upstream-patch-review/48b5ed258601de5809116894f2181c528e28e0f5_llmount.log)
  llog-unit: PASS (168s) (log: /var/www/ci-lustre/upstream-patch-review/48b5ed258601de5809116894f2181c528e28e0f5_llog-unit.log)
  mgs-setup: PASS (82s) (log: /var/www/ci-lustre/upstream-patch-review/48b5ed258601de5809116894f2181c528e28e0f5_mgs-setup.log)
  sanity-1: PASS (93s) (log: /var/www/ci-lustre/upstream-patch-review/48b5ed258601de5809116894f2181c528e28e0f5_sanity-1.log)
  sanity-2: PASS (94s) (log: /var/www/ci-lustre/upstream-patch-review/48b5ed258601de5809116894f2181c528e28e0f5_sanity-2.log)
  sanity-3: PASS (92s) (log: /var/www/ci-lustre/upstream-patch-review/48b5ed258601de5809116894f2181c528e28e0f5_sanity-3.log)
  sanity-4: PASS (115s) (log: /var/www/ci-lustre/upstream-patch-review/48b5ed258601de5809116894f2181c528e28e0f5_sanity-4.log)

Total execution time: 312s
