CLI: ./podman-ktest --podman-socket unix:///run/podman/podman.sock --shared-filesystem /tmp --tarball-input job lustre-ci --output /var/www/ci-lustre/upstream-patch-review --git-hash 48f3086fb903497e97246ee1f3a4ffd3c20765d4 --change-id 65651_48f3086fb903497e97246ee1f3a4ffd3c20765d4 --subject LU-6142 tests: Improve cleanup of sanity-lnet/617

  Checking /dev/kvm exists... OK
  Checking /dev/kvm permissions... OK
  Creating ccache directory... OK
  Checking ccache directory writable... OK

Environment validated successfully
Creating kernel tarball at /tmp/ktest-kernel.tar.gz...
Creating lustre tarball at /tmp/ktest-lustre.tar.gz...
Executing 16 jobs
Jobs will start as soon as their dependencies are satisfied
Using tarball input mode

START al2023 build tests/fs/lustre/boot.ktest
START lustre_mainline build tests/fs/lustre/boot.ktest
START lustre_mainline_native build tests/fs/lustre/boot.ktest
START checkpatch tool checkpatch
START u24 build tests/fs/lustre/boot.ktest
START lustre_mainline_strict build tests/fs/lustre/boot-strict.ktest
PUT /tmp/ktest-lustre.tar.gz 1s
PUT /tmp/ktest-lustre.tar.gz 1s
PUT /tmp/ktest-kernel.tar.gz 6s
PUT /tmp/ktest-kernel.tar.gz 6s
PUT /tmp/ktest-kernel.tar.gz 6s
PUT /tmp/ktest-kernel.tar.gz 6s
PUT /tmp/ktest-lustre.tar.gz 1s
PUT /tmp/ktest-lustre.tar.gz 1s
PUT /tmp/ktest-lustre.tar.gz 1s
PUT /tmp/ktest-lustre.tar.gz 1s
END checkpatch tool checkpatch PASS 10s
END al2023 build tests/fs/lustre/boot.ktest PASS 58s
END u24 build tests/fs/lustre/boot.ktest PASS 63s
GET /tmp/ktest_lustre_mainline_strict_zu7299aa.tar 5s
END lustre_mainline_strict build tests/fs/lustre/boot-strict.ktest FAIL 115s (exit code: 1)
GET /tmp/ktest_lustre_mainline_27zj31ud.tar 4s
GET /tmp/ktest_lustre_mainline_native_ql4at9ib.tar 4s
END lustre_mainline build tests/fs/lustre/boot.ktest PASS 118s
END lustre_mainline_native build tests/fs/lustre/boot.ktest PASS 119s
START clang-tidy tool clang-tidy
START cc-plugin tool cc-plugin
START boot run tests/fs/lustre/boot.ktest
START llmount run tests/fs/lustre/llmount.ktest
START llog-unit run tests/fs/lustre/llog-unit.ktest
START mgs-setup run tests/fs/lustre/mgs-setup.ktest
START sanity-1 run tests/fs/lustre/sanity/sanity-1.ktest
START sanity-2 run tests/fs/lustre/sanity/sanity-2.ktest
START sanity-3 run tests/fs/lustre/sanity/sanity-3.ktest
START sanity-4 run tests/fs/lustre/sanity/sanity-4.ktest
PUT /tmp/ktest-kernel.tar.gz 8s
PUT /tmp/ktest-kernel.tar.gz 9s
PUT /tmp/ktest_lustre_mainline_native_ql4at9ib.tar 9s
PUT /tmp/ktest_lustre_mainline_native_ql4at9ib.tar 12s
PUT /tmp/ktest_lustre_mainline_native_ql4at9ib.tar 13s
PUT /tmp/ktest_lustre_mainline_native_ql4at9ib.tar 13s
PUT /tmp/ktest_lustre_mainline_native_ql4at9ib.tar 13s
PUT /tmp/ktest-lustre.tar.gz 5s
PUT /tmp/ktest_lustre_mainline_native_ql4at9ib.tar 13s
PUT /tmp/ktest_lustre_mainline_native_ql4at9ib.tar 13s
PUT /tmp/ktest-lustre.tar.gz 4s
PUT /tmp/ktest_lustre_mainline_native_ql4at9ib.tar 13s
PUT /tmp/ktest_lustre_mainline_native_ql4at9ib.tar 32s
PUT /tmp/ktest_lustre_mainline_native_ql4at9ib.tar 32s
END boot run tests/fs/lustre/boot.ktest PASS 48s
END cc-plugin tool cc-plugin FAIL 50s (exit code: 127)
END clang-tidy tool clang-tidy PASS 68s
END mgs-setup run tests/fs/lustre/mgs-setup.ktest PASS 78s
END sanity-4 run tests/fs/lustre/sanity/sanity-4.ktest PASS 87s
END sanity-1 run tests/fs/lustre/sanity/sanity-1.ktest PASS 88s
END sanity-3 run tests/fs/lustre/sanity/sanity-3.ktest PASS 109s
END sanity-2 run tests/fs/lustre/sanity/sanity-2.ktest PASS 109s
END llmount run tests/fs/lustre/llmount.ktest PASS 158s
END llog-unit run tests/fs/lustre/llog-unit.ktest PASS 162s

============================================================
Final Results:
  checkpatch: PASS (10s) (log: /var/www/ci-lustre/upstream-patch-review/48f3086fb903497e97246ee1f3a4ffd3c20765d4_checkpatch.log)
  u24: PASS (63s) (log: /var/www/ci-lustre/upstream-patch-review/48f3086fb903497e97246ee1f3a4ffd3c20765d4_u24.log)
  al2023: PASS (58s) (log: /var/www/ci-lustre/upstream-patch-review/48f3086fb903497e97246ee1f3a4ffd3c20765d4_al2023.log)
  lustre_mainline_strict: FAIL (115s) (log: /var/www/ci-lustre/upstream-patch-review/48f3086fb903497e97246ee1f3a4ffd3c20765d4_lustre_mainline_strict.log)
  lustre_mainline: PASS (118s) (log: /var/www/ci-lustre/upstream-patch-review/48f3086fb903497e97246ee1f3a4ffd3c20765d4_lustre_mainline.log)
  lustre_mainline_native: PASS (119s) (log: /var/www/ci-lustre/upstream-patch-review/48f3086fb903497e97246ee1f3a4ffd3c20765d4_lustre_mainline_native.log)
  clang-tidy: PASS (68s) (log: /var/www/ci-lustre/upstream-patch-review/48f3086fb903497e97246ee1f3a4ffd3c20765d4_clang-tidy.log)
  cc-plugin: FAIL (50s) (log: /var/www/ci-lustre/upstream-patch-review/48f3086fb903497e97246ee1f3a4ffd3c20765d4_cc-plugin.log)
  boot: PASS (48s) (log: /var/www/ci-lustre/upstream-patch-review/48f3086fb903497e97246ee1f3a4ffd3c20765d4_boot.log)
  llmount: PASS (158s) (log: /var/www/ci-lustre/upstream-patch-review/48f3086fb903497e97246ee1f3a4ffd3c20765d4_llmount.log)
  llog-unit: PASS (162s) (log: /var/www/ci-lustre/upstream-patch-review/48f3086fb903497e97246ee1f3a4ffd3c20765d4_llog-unit.log)
  mgs-setup: PASS (78s) (log: /var/www/ci-lustre/upstream-patch-review/48f3086fb903497e97246ee1f3a4ffd3c20765d4_mgs-setup.log)
  sanity-1: PASS (88s) (log: /var/www/ci-lustre/upstream-patch-review/48f3086fb903497e97246ee1f3a4ffd3c20765d4_sanity-1.log)
  sanity-2: PASS (109s) (log: /var/www/ci-lustre/upstream-patch-review/48f3086fb903497e97246ee1f3a4ffd3c20765d4_sanity-2.log)
  sanity-3: PASS (109s) (log: /var/www/ci-lustre/upstream-patch-review/48f3086fb903497e97246ee1f3a4ffd3c20765d4_sanity-3.log)
  sanity-4: PASS (87s) (log: /var/www/ci-lustre/upstream-patch-review/48f3086fb903497e97246ee1f3a4ffd3c20765d4_sanity-4.log)

Total execution time: 312s
