CLI: ./podman-ktest --podman-socket unix:///run/podman/podman.sock --shared-filesystem /tmp --tarball-input job lustre-ci --output /var/www/ci-lustre/upstream-patch-review --git-hash 49103dac5d20425f932f11e47b0ca9cc2d19047f --change-id 62316_49103dac5d20425f932f11e47b0ca9cc2d19047f --subject LU-19548 lfs: mirror split -d for parity mirrors

  Checking /dev/kvm exists... OK
  Checking /dev/kvm permissions... OK
  Creating ccache directory... OK
  Checking ccache directory writable... OK

Environment validated successfully
Creating kernel tarball at /tmp/ktest-kernel.tar.gz...
Creating lustre tarball at /tmp/ktest-lustre.tar.gz...
Creating ZFS tarball at /tmp/ktest-zfs.tar.gz...
Executing 13 jobs
Jobs will start as soon as their dependencies are satisfied
Using tarball input mode

START lustre_mainline build tests/fs/lustre/boot.ktest
START al2023 build tests/fs/lustre/boot.ktest
START lustre_mainline_strict build tests/fs/lustre/boot-strict.ktest
START lustre_mainline_native build tests/fs/lustre/boot.ktest
START u24 build tests/fs/lustre/boot.ktest
START checkpatch tool checkpatch
PUT /tmp/ktest-lustre.tar.gz 2s
PUT /tmp/ktest-lustre.tar.gz 2s
PUT /tmp/ktest-kernel.tar.gz 6s
PUT /tmp/ktest-kernel.tar.gz 6s
PUT /tmp/ktest-kernel.tar.gz 6s
PUT /tmp/ktest-kernel.tar.gz 6s
PUT /tmp/ktest-lustre.tar.gz 1s
PUT /tmp/ktest-lustre.tar.gz 1s
PUT /tmp/ktest-lustre.tar.gz 1s
PUT /tmp/ktest-lustre.tar.gz 1s
PUT /tmp/ktest-zfs.tar.gz 0s
PUT /tmp/ktest-zfs.tar.gz 0s
PUT /tmp/ktest-zfs.tar.gz 0s
END checkpatch tool checkpatch PASS 9s
END al2023 build tests/fs/lustre/boot.ktest PASS 58s
END u24 build tests/fs/lustre/boot.ktest PASS 63s
GET /tmp/ktest_lustre_mainline_strict_5_cvadap.tar 6s
END lustre_mainline_strict build tests/fs/lustre/boot-strict.ktest FAIL 134s (exit code: 1)
GET /tmp/ktest_lustre_mainline_native_bg0_1yxc.tar 0s
GET /tmp/ktest_lustre_mainline__g3ytaw_.tar 0s
END lustre_mainline_native build tests/fs/lustre/boot.ktest PASS 139s
START boot run tests/fs/lustre/boot.ktest
START llmount run tests/fs/lustre/llmount.ktest
START mgs-setup run tests/fs/lustre/mgs-setup.ktest
START sanity-1 run tests/fs/lustre/sanity/sanity-1.ktest
START sanity-2 run tests/fs/lustre/sanity/sanity-2.ktest
START sanity-3 run tests/fs/lustre/sanity/sanity-3.ktest
START sanity-4 run tests/fs/lustre/sanity/sanity-4.ktest
END lustre_mainline build tests/fs/lustre/boot.ktest PASS 140s
PUT /tmp/ktest_lustre_mainline_native_bg0_1yxc.tar 0s
PUT /tmp/ktest_lustre_mainline_native_bg0_1yxc.tar 0s
PUT /tmp/ktest_lustre_mainline_native_bg0_1yxc.tar 0s
PUT /tmp/ktest_lustre_mainline_native_bg0_1yxc.tar 0s
PUT /tmp/ktest_lustre_mainline_native_bg0_1yxc.tar 0s
PUT /tmp/ktest_lustre_mainline_native_bg0_1yxc.tar 0s
PUT /tmp/ktest_lustre_mainline_native_bg0_1yxc.tar 0s
END boot run tests/fs/lustre/boot.ktest PASS 27s
END mgs-setup run tests/fs/lustre/mgs-setup.ktest PASS 37s
END sanity-4 run tests/fs/lustre/sanity/sanity-4.ktest PASS 53s
END sanity-2 run tests/fs/lustre/sanity/sanity-2.ktest PASS 59s
END sanity-1 run tests/fs/lustre/sanity/sanity-1.ktest PASS 59s
END sanity-3 run tests/fs/lustre/sanity/sanity-3.ktest PASS 70s
END llmount run tests/fs/lustre/llmount.ktest PASS 112s

============================================================
Final Results:
  checkpatch: PASS (9s) (log: /var/www/ci-lustre/upstream-patch-review/49103dac5d20425f932f11e47b0ca9cc2d19047f_checkpatch.log)
  u24: PASS (63s) (log: /var/www/ci-lustre/upstream-patch-review/49103dac5d20425f932f11e47b0ca9cc2d19047f_u24.log)
  al2023: PASS (58s) (log: /var/www/ci-lustre/upstream-patch-review/49103dac5d20425f932f11e47b0ca9cc2d19047f_al2023.log)
  lustre_mainline_strict: FAIL (134s) (log: /var/www/ci-lustre/upstream-patch-review/49103dac5d20425f932f11e47b0ca9cc2d19047f_lustre_mainline_strict.log)
  lustre_mainline: PASS (140s) (log: /var/www/ci-lustre/upstream-patch-review/49103dac5d20425f932f11e47b0ca9cc2d19047f_lustre_mainline.log)
  lustre_mainline_native: PASS (139s) (log: /var/www/ci-lustre/upstream-patch-review/49103dac5d20425f932f11e47b0ca9cc2d19047f_lustre_mainline_native.log)
  boot: PASS (27s) (log: /var/www/ci-lustre/upstream-patch-review/49103dac5d20425f932f11e47b0ca9cc2d19047f_boot.log)
  llmount: PASS (112s) (log: /var/www/ci-lustre/upstream-patch-review/49103dac5d20425f932f11e47b0ca9cc2d19047f_llmount.log)
  mgs-setup: PASS (37s) (log: /var/www/ci-lustre/upstream-patch-review/49103dac5d20425f932f11e47b0ca9cc2d19047f_mgs-setup.log)
  sanity-1: PASS (59s) (log: /var/www/ci-lustre/upstream-patch-review/49103dac5d20425f932f11e47b0ca9cc2d19047f_sanity-1.log)
  sanity-2: PASS (59s) (log: /var/www/ci-lustre/upstream-patch-review/49103dac5d20425f932f11e47b0ca9cc2d19047f_sanity-2.log)
  sanity-3: PASS (70s) (log: /var/www/ci-lustre/upstream-patch-review/49103dac5d20425f932f11e47b0ca9cc2d19047f_sanity-3.log)
  sanity-4: PASS (53s) (log: /var/www/ci-lustre/upstream-patch-review/49103dac5d20425f932f11e47b0ca9cc2d19047f_sanity-4.log)

Total execution time: 281s
