CLI: ./podman-ktest --podman-socket unix:///run/podman/podman.sock --shared-filesystem /tmp --tarball-input job lustre-ci-branch --output /var/www/ci-lustre/upstream-patch-review --git-hash 4933f25220bc27d8debae5975f5bedfbc7e202e6 --change-id master-next_4933f25220bc27d8debae5975f5bedfbc7e202e6 --subject Staging branch for new changes

  Checking /dev/kvm exists... OK
  Checking /dev/kvm permissions... OK
  Creating ccache directory... OK
  Checking ccache directory writable... OK

Environment validated successfully
Creating kernel tarball at /tmp/ktest-kernel.tar.gz...
Creating lustre tarball at /tmp/ktest-lustre.tar.gz...
Executing 19 jobs
Jobs will start as soon as their dependencies are satisfied
Using tarball input mode

START lustre_mainline_native build tests/fs/lustre/boot.ktest
START lustre_mainline build tests/fs/lustre/boot.ktest
START lustre_al2023 build tests/fs/lustre/boot.ktest
START license-status tool license-status
START contribution-report tool contributions
START kernel-doc tool kernel_doc_helper.sh
START lustre_mainline_strict build tests/fs/lustre/boot-strict.ktest
START lustre_u24 build tests/fs/lustre/boot.ktest
START checkpatch-parallel tool checkpatch-parallel
PUT /tmp/ktest-kernel.tar.gz 15s
PUT /tmp/ktest-kernel.tar.gz 18s
PUT /tmp/ktest-kernel.tar.gz 18s
PUT /tmp/ktest-kernel.tar.gz 19s
PUT /tmp/ktest-kernel.tar.gz 19s
PUT /tmp/ktest-kernel.tar.gz 19s
PUT /tmp/ktest-kernel.tar.gz 19s
PUT /tmp/ktest-kernel.tar.gz 19s
PUT /tmp/ktest-kernel.tar.gz 19s
PUT /tmp/ktest-lustre.tar.gz 9s
PUT /tmp/ktest-lustre.tar.gz 9s
PUT /tmp/ktest-lustre.tar.gz 9s
PUT /tmp/ktest-lustre.tar.gz 8s
PUT /tmp/ktest-lustre.tar.gz 9s
PUT /tmp/ktest-lustre.tar.gz 13s
PUT /tmp/ktest-lustre.tar.gz 9s
PUT /tmp/ktest-lustre.tar.gz 9s
PUT /tmp/ktest-lustre.tar.gz 8s
END contribution-report tool contributions PASS 31s
END kernel-doc tool kernel_doc_helper.sh PASS 34s
END license-status tool license-status PASS 38s
END checkpatch-parallel tool checkpatch-parallel PASS 102s
END lustre_al2023 build tests/fs/lustre/boot.ktest PASS 110s
END lustre_u24 build tests/fs/lustre/boot.ktest PASS 113s
GET /tmp/ktest_lustre_mainline_strict_wdzvmgup.tar 3s
END lustre_mainline_strict build tests/fs/lustre/boot-strict.ktest FAIL 161s (exit code: 1)
GET /tmp/ktest_lustre_mainline_g3xn22t6.tar 3s
GET /tmp/ktest_lustre_mainline_native_ea7ra1cm.tar 3s
END lustre_mainline build tests/fs/lustre/boot.ktest PASS 179s
END lustre_mainline_native build tests/fs/lustre/boot.ktest PASS 181s
START clang-tidy tool clang-tidy
START cc-plugin tool cc-plugin
START boot run tests/fs/lustre/boot.ktest
START llmount run tests/fs/lustre/llmount.ktest
START llog-unit run tests/fs/lustre/llog-unit.ktest
START mgs-setup run tests/fs/lustre/mgs-setup.ktest
START sanity-1 run tests/fs/lustre/sanity/sanity-1.ktest
START sanity-2 run tests/fs/lustre/sanity/sanity-2.ktest
START sanity-3 run tests/fs/lustre/sanity/sanity-3.ktest
START sanity-4 run tests/fs/lustre/sanity/sanity-4.ktest
PUT /tmp/ktest-kernel.tar.gz 55s
PUT /tmp/ktest_lustre_mainline_native_ea7ra1cm.tar 56s
PUT /tmp/ktest_lustre_mainline_native_ea7ra1cm.tar 57s
PUT /tmp/ktest-kernel.tar.gz 57s
PUT /tmp/ktest_lustre_mainline_native_ea7ra1cm.tar 56s
PUT /tmp/ktest_lustre_mainline_native_ea7ra1cm.tar 57s
PUT /tmp/ktest_lustre_mainline_native_ea7ra1cm.tar 57s
PUT /tmp/ktest_lustre_mainline_native_ea7ra1cm.tar 57s
PUT /tmp/ktest_lustre_mainline_native_ea7ra1cm.tar 57s
PUT /tmp/ktest_lustre_mainline_native_ea7ra1cm.tar 57s
PUT /tmp/ktest-lustre.tar.gz 82s
PUT /tmp/ktest-lustre.tar.gz 83s
PUT /tmp/ktest_lustre_mainline_native_ea7ra1cm.tar 18s
PUT /tmp/ktest_lustre_mainline_native_ea7ra1cm.tar 18s
END cc-plugin tool cc-plugin FAIL 161s (exit code: 127)
END mgs-setup run tests/fs/lustre/mgs-setup.ktest PASS 171s
END boot run tests/fs/lustre/boot.ktest PASS 179s
END clang-tidy tool clang-tidy PASS 181s
END sanity-2 run tests/fs/lustre/sanity/sanity-2.ktest PASS 183s
END sanity-4 run tests/fs/lustre/sanity/sanity-4.ktest PASS 206s
END sanity-1 run tests/fs/lustre/sanity/sanity-1.ktest PASS 207s
END sanity-3 run tests/fs/lustre/sanity/sanity-3.ktest PASS 211s
END llog-unit run tests/fs/lustre/llog-unit.ktest PASS 253s
END llmount run tests/fs/lustre/llmount.ktest PASS 268s

============================================================
Final Results:
  checkpatch-parallel: PASS (102s) (log: /var/www/ci-lustre/upstream-patch-review/4933f25220bc27d8debae5975f5bedfbc7e202e6_checkpatch-parallel.log)
  contribution-report: PASS (31s) (log: /var/www/ci-lustre/upstream-patch-review/4933f25220bc27d8debae5975f5bedfbc7e202e6_contribution-report.log)
  license-status: PASS (38s) (log: /var/www/ci-lustre/upstream-patch-review/4933f25220bc27d8debae5975f5bedfbc7e202e6_license-status.log)
  kernel-doc: PASS (34s) (log: /var/www/ci-lustre/upstream-patch-review/4933f25220bc27d8debae5975f5bedfbc7e202e6_kernel-doc.log)
  lustre_u24: PASS (113s) (log: /var/www/ci-lustre/upstream-patch-review/4933f25220bc27d8debae5975f5bedfbc7e202e6_lustre_u24.log)
  lustre_al2023: PASS (110s) (log: /var/www/ci-lustre/upstream-patch-review/4933f25220bc27d8debae5975f5bedfbc7e202e6_lustre_al2023.log)
  lustre_mainline_strict: FAIL (161s) (log: /var/www/ci-lustre/upstream-patch-review/4933f25220bc27d8debae5975f5bedfbc7e202e6_lustre_mainline_strict.log)
  lustre_mainline: PASS (179s) (log: /var/www/ci-lustre/upstream-patch-review/4933f25220bc27d8debae5975f5bedfbc7e202e6_lustre_mainline.log)
  lustre_mainline_native: PASS (181s) (log: /var/www/ci-lustre/upstream-patch-review/4933f25220bc27d8debae5975f5bedfbc7e202e6_lustre_mainline_native.log)
  clang-tidy: PASS (181s) (log: /var/www/ci-lustre/upstream-patch-review/4933f25220bc27d8debae5975f5bedfbc7e202e6_clang-tidy.log)
  cc-plugin: FAIL (161s) (log: /var/www/ci-lustre/upstream-patch-review/4933f25220bc27d8debae5975f5bedfbc7e202e6_cc-plugin.log)
  boot: PASS (179s) (log: /var/www/ci-lustre/upstream-patch-review/4933f25220bc27d8debae5975f5bedfbc7e202e6_boot.log)
  llmount: PASS (268s) (log: /var/www/ci-lustre/upstream-patch-review/4933f25220bc27d8debae5975f5bedfbc7e202e6_llmount.log)
  llog-unit: PASS (253s) (log: /var/www/ci-lustre/upstream-patch-review/4933f25220bc27d8debae5975f5bedfbc7e202e6_llog-unit.log)
  mgs-setup: PASS (171s) (log: /var/www/ci-lustre/upstream-patch-review/4933f25220bc27d8debae5975f5bedfbc7e202e6_mgs-setup.log)
  sanity-1: PASS (207s) (log: /var/www/ci-lustre/upstream-patch-review/4933f25220bc27d8debae5975f5bedfbc7e202e6_sanity-1.log)
  sanity-2: PASS (183s) (log: /var/www/ci-lustre/upstream-patch-review/4933f25220bc27d8debae5975f5bedfbc7e202e6_sanity-2.log)
  sanity-3: PASS (211s) (log: /var/www/ci-lustre/upstream-patch-review/4933f25220bc27d8debae5975f5bedfbc7e202e6_sanity-3.log)
  sanity-4: PASS (206s) (log: /var/www/ci-lustre/upstream-patch-review/4933f25220bc27d8debae5975f5bedfbc7e202e6_sanity-4.log)

Total execution time: 478s
