CLI: ./podman-ktest --podman-socket unix:///run/podman/podman.sock --shared-filesystem /tmp --tarball-input job lustre-ci --output /var/www/ci-lustre/upstream-patch-review --git-hash 4b5b18fc258a8e5c55e28763aec53c237230b4ef --change-id 62462_4b5b18fc258a8e5c55e28763aec53c237230b4ef --subject LU-19584 lraft: port raft to kernel

  Checking /dev/kvm exists... OK
  Checking /dev/kvm permissions... OK
  Creating ccache directory... OK
  Checking ccache directory writable... OK

Environment validated successfully
Creating kernel tarball at /tmp/ktest-kernel.tar.gz...
Creating lustre tarball at /tmp/ktest-lustre.tar.gz...
Executing 16 jobs
Jobs will start as soon as their dependencies are satisfied
Using tarball input mode

START lustre_al2023 build tests/fs/lustre/boot.ktest
START lustre_mainline build tests/fs/lustre/boot.ktest
START lustre_u24 build tests/fs/lustre/boot.ktest
START checkpatch tool checkpatch
START lustre_mainline_strict build tests/fs/lustre/boot-strict.ktest
START lustre_mainline_native build tests/fs/lustre/boot.ktest
PUT /tmp/ktest-kernel.tar.gz 8s
PUT /tmp/ktest-kernel.tar.gz 8s
PUT /tmp/ktest-kernel.tar.gz 8s
PUT /tmp/ktest-kernel.tar.gz 8s
PUT /tmp/ktest-kernel.tar.gz 8s
PUT /tmp/ktest-kernel.tar.gz 8s
PUT /tmp/ktest-lustre.tar.gz 3s
PUT /tmp/ktest-lustre.tar.gz 3s
PUT /tmp/ktest-lustre.tar.gz 2s
PUT /tmp/ktest-lustre.tar.gz 2s
PUT /tmp/ktest-lustre.tar.gz 2s
PUT /tmp/ktest-lustre.tar.gz 3s
END checkpatch tool checkpatch FAIL 14s (exit code: 1)
END lustre_al2023 build tests/fs/lustre/boot.ktest PASS 71s
END lustre_u24 build tests/fs/lustre/boot.ktest PASS 77s
GET /tmp/ktest_lustre_mainline_strict_pmha9tmb.tar 3s
END lustre_mainline_strict build tests/fs/lustre/boot-strict.ktest FAIL 114s (exit code: 1)
GET /tmp/ktest_lustre_mainline_native__pa5c_l8.tar 3s
GET /tmp/ktest_lustre_mainline_1ufqc8d_.tar 3s
END lustre_mainline_native build tests/fs/lustre/boot.ktest PASS 125s
START clang-tidy tool clang-tidy
START cc-plugin tool cc-plugin
START boot run tests/fs/lustre/boot.ktest
START llmount run tests/fs/lustre/llmount.ktest
START llog-unit run tests/fs/lustre/llog-unit.ktest
START mgs-setup run tests/fs/lustre/mgs-setup.ktest
START sanity-1 run tests/fs/lustre/sanity/sanity-1.ktest
START sanity-2 run tests/fs/lustre/sanity/sanity-2.ktest
START sanity-3 run tests/fs/lustre/sanity/sanity-3.ktest
START sanity-4 run tests/fs/lustre/sanity/sanity-4.ktest
END lustre_mainline build tests/fs/lustre/boot.ktest PASS 127s
PUT /tmp/ktest-kernel.tar.gz 10s
PUT /tmp/ktest-kernel.tar.gz 13s
PUT /tmp/ktest_lustre_mainline_native__pa5c_l8.tar 13s
PUT /tmp/ktest_lustre_mainline_native__pa5c_l8.tar 13s
PUT /tmp/ktest_lustre_mainline_native__pa5c_l8.tar 13s
PUT /tmp/ktest_lustre_mainline_native__pa5c_l8.tar 13s
PUT /tmp/ktest_lustre_mainline_native__pa5c_l8.tar 13s
PUT /tmp/ktest_lustre_mainline_native__pa5c_l8.tar 13s
PUT /tmp/ktest_lustre_mainline_native__pa5c_l8.tar 14s
PUT /tmp/ktest_lustre_mainline_native__pa5c_l8.tar 19s
PUT /tmp/ktest-lustre.tar.gz 9s
PUT /tmp/ktest-lustre.tar.gz 5s
PUT /tmp/ktest_lustre_mainline_native__pa5c_l8.tar 22s
PUT /tmp/ktest_lustre_mainline_native__pa5c_l8.tar 22s
END cc-plugin tool cc-plugin FAIL 46s (exit code: 127)
END mgs-setup run tests/fs/lustre/mgs-setup.ktest PASS 56s
END clang-tidy tool clang-tidy PASS 64s
END boot run tests/fs/lustre/boot.ktest PASS 66s
END sanity-4 run tests/fs/lustre/sanity/sanity-4.ktest PASS 76s
END sanity-1 run tests/fs/lustre/sanity/sanity-1.ktest PASS 94s
END sanity-2 run tests/fs/lustre/sanity/sanity-2.ktest PASS 95s
END sanity-3 run tests/fs/lustre/sanity/sanity-3.ktest PASS 96s
END llog-unit run tests/fs/lustre/llog-unit.ktest PASS 152s
END llmount run tests/fs/lustre/llmount.ktest PASS 154s

============================================================
Final Results:
  checkpatch: FAIL (14s) (log: /var/www/ci-lustre/upstream-patch-review/4b5b18fc258a8e5c55e28763aec53c237230b4ef_checkpatch.log)
  lustre_u24: PASS (77s) (log: /var/www/ci-lustre/upstream-patch-review/4b5b18fc258a8e5c55e28763aec53c237230b4ef_lustre_u24.log)
  lustre_al2023: PASS (71s) (log: /var/www/ci-lustre/upstream-patch-review/4b5b18fc258a8e5c55e28763aec53c237230b4ef_lustre_al2023.log)
  lustre_mainline_strict: FAIL (114s) (log: /var/www/ci-lustre/upstream-patch-review/4b5b18fc258a8e5c55e28763aec53c237230b4ef_lustre_mainline_strict.log)
  lustre_mainline: PASS (127s) (log: /var/www/ci-lustre/upstream-patch-review/4b5b18fc258a8e5c55e28763aec53c237230b4ef_lustre_mainline.log)
  lustre_mainline_native: PASS (125s) (log: /var/www/ci-lustre/upstream-patch-review/4b5b18fc258a8e5c55e28763aec53c237230b4ef_lustre_mainline_native.log)
  clang-tidy: PASS (64s) (log: /var/www/ci-lustre/upstream-patch-review/4b5b18fc258a8e5c55e28763aec53c237230b4ef_clang-tidy.log)
  cc-plugin: FAIL (46s) (log: /var/www/ci-lustre/upstream-patch-review/4b5b18fc258a8e5c55e28763aec53c237230b4ef_cc-plugin.log)
  boot: PASS (66s) (log: /var/www/ci-lustre/upstream-patch-review/4b5b18fc258a8e5c55e28763aec53c237230b4ef_boot.log)
  llmount: PASS (154s) (log: /var/www/ci-lustre/upstream-patch-review/4b5b18fc258a8e5c55e28763aec53c237230b4ef_llmount.log)
  llog-unit: PASS (152s) (log: /var/www/ci-lustre/upstream-patch-review/4b5b18fc258a8e5c55e28763aec53c237230b4ef_llog-unit.log)
  mgs-setup: PASS (56s) (log: /var/www/ci-lustre/upstream-patch-review/4b5b18fc258a8e5c55e28763aec53c237230b4ef_mgs-setup.log)
  sanity-1: PASS (94s) (log: /var/www/ci-lustre/upstream-patch-review/4b5b18fc258a8e5c55e28763aec53c237230b4ef_sanity-1.log)
  sanity-2: PASS (95s) (log: /var/www/ci-lustre/upstream-patch-review/4b5b18fc258a8e5c55e28763aec53c237230b4ef_sanity-2.log)
  sanity-3: PASS (96s) (log: /var/www/ci-lustre/upstream-patch-review/4b5b18fc258a8e5c55e28763aec53c237230b4ef_sanity-3.log)
  sanity-4: PASS (76s) (log: /var/www/ci-lustre/upstream-patch-review/4b5b18fc258a8e5c55e28763aec53c237230b4ef_sanity-4.log)

Total execution time: 309s
