CLI: ./podman-ktest --podman-socket unix:///run/podman/podman.sock --shared-filesystem /tmp --tarball-input job lustre-ci --output /var/www/ci-lustre/upstream-patch-review --git-hash 4b7c6f3f3269402b202b4717b15829d1b11262f1 --change-id 64069_4b7c6f3f3269402b202b4717b15829d1b11262f1 --subject LU-19888 utils: Filter & Print IOCTL request along with full command

  Checking /dev/kvm exists... OK
  Checking /dev/kvm permissions... OK
  Creating ccache directory... OK
  Checking ccache directory writable... OK

Environment validated successfully
Creating kernel tarball at /tmp/ktest-kernel.tar.gz...
Creating lustre tarball at /tmp/ktest-lustre.tar.gz...
Executing 16 jobs
Jobs will start as soon as their dependencies are satisfied
Using tarball input mode

START lustre_mainline_native build tests/fs/lustre/boot.ktest
START lustre_mainline build tests/fs/lustre/boot.ktest
START lustre_al2023 build tests/fs/lustre/boot.ktest
START lustre_u24 build tests/fs/lustre/boot.ktest
START checkpatch tool checkpatch
START lustre_mainline_strict build tests/fs/lustre/boot-strict.ktest
PUT /tmp/ktest-kernel.tar.gz 11s
PUT /tmp/ktest-kernel.tar.gz 11s
PUT /tmp/ktest-kernel.tar.gz 11s
PUT /tmp/ktest-kernel.tar.gz 11s
PUT /tmp/ktest-kernel.tar.gz 12s
PUT /tmp/ktest-kernel.tar.gz 12s
PUT /tmp/ktest-lustre.tar.gz 3s
PUT /tmp/ktest-lustre.tar.gz 3s
PUT /tmp/ktest-lustre.tar.gz 4s
PUT /tmp/ktest-lustre.tar.gz 3s
PUT /tmp/ktest-lustre.tar.gz 3s
PUT /tmp/ktest-lustre.tar.gz 3s
END checkpatch tool checkpatch FAIL 18s (exit code: 1)
END lustre_al2023 build tests/fs/lustre/boot.ktest PASS 76s
END lustre_u24 build tests/fs/lustre/boot.ktest PASS 78s
GET /tmp/ktest_lustre_mainline_strict__lrxxvuc.tar 4s
END lustre_mainline_strict build tests/fs/lustre/boot-strict.ktest FAIL 107s (exit code: 1)
GET /tmp/ktest_lustre_mainline_native_zs8ig0rr.tar 3s
GET /tmp/ktest_lustre_mainline_v8bj4wsh.tar 3s
END lustre_mainline_native build tests/fs/lustre/boot.ktest PASS 118s
START clang-tidy tool clang-tidy
START cc-plugin tool cc-plugin
START boot run tests/fs/lustre/boot.ktest
START llmount run tests/fs/lustre/llmount.ktest
START llog-unit run tests/fs/lustre/llog-unit.ktest
START mgs-setup run tests/fs/lustre/mgs-setup.ktest
START sanity-1 run tests/fs/lustre/sanity/sanity-1.ktest
START sanity-2 run tests/fs/lustre/sanity/sanity-2.ktest
START sanity-3 run tests/fs/lustre/sanity/sanity-3.ktest
START sanity-4 run tests/fs/lustre/sanity/sanity-4.ktest
END lustre_mainline build tests/fs/lustre/boot.ktest PASS 119s
PUT /tmp/ktest-kernel.tar.gz 20s
PUT /tmp/ktest_lustre_mainline_native_zs8ig0rr.tar 21s
PUT /tmp/ktest-kernel.tar.gz 21s
PUT /tmp/ktest_lustre_mainline_native_zs8ig0rr.tar 22s
PUT /tmp/ktest_lustre_mainline_native_zs8ig0rr.tar 21s
PUT /tmp/ktest_lustre_mainline_native_zs8ig0rr.tar 21s
PUT /tmp/ktest_lustre_mainline_native_zs8ig0rr.tar 21s
PUT /tmp/ktest_lustre_mainline_native_zs8ig0rr.tar 22s
PUT /tmp/ktest_lustre_mainline_native_zs8ig0rr.tar 21s
PUT /tmp/ktest_lustre_mainline_native_zs8ig0rr.tar 22s
PUT /tmp/ktest-lustre.tar.gz 36s
PUT /tmp/ktest-lustre.tar.gz 35s
PUT /tmp/ktest_lustre_mainline_native_zs8ig0rr.tar 9s
PUT /tmp/ktest_lustre_mainline_native_zs8ig0rr.tar 9s
END cc-plugin tool cc-plugin FAIL 71s (exit code: 127)
END clang-tidy tool clang-tidy PASS 91s
END mgs-setup run tests/fs/lustre/mgs-setup.ktest PASS 97s
END boot run tests/fs/lustre/boot.ktest PASS 105s
END sanity-1 run tests/fs/lustre/sanity/sanity-1.ktest PASS 120s
END sanity-3 run tests/fs/lustre/sanity/sanity-3.ktest PASS 123s
END sanity-4 run tests/fs/lustre/sanity/sanity-4.ktest PASS 133s
END sanity-2 run tests/fs/lustre/sanity/sanity-2.ktest PASS 135s
END llmount run tests/fs/lustre/llmount.ktest PASS 193s
END llog-unit run tests/fs/lustre/llog-unit.ktest PASS 194s

============================================================
Final Results:
  checkpatch: FAIL (18s) (log: /var/www/ci-lustre/upstream-patch-review/4b7c6f3f3269402b202b4717b15829d1b11262f1_checkpatch.log)
  lustre_u24: PASS (78s) (log: /var/www/ci-lustre/upstream-patch-review/4b7c6f3f3269402b202b4717b15829d1b11262f1_lustre_u24.log)
  lustre_al2023: PASS (76s) (log: /var/www/ci-lustre/upstream-patch-review/4b7c6f3f3269402b202b4717b15829d1b11262f1_lustre_al2023.log)
  lustre_mainline_strict: FAIL (107s) (log: /var/www/ci-lustre/upstream-patch-review/4b7c6f3f3269402b202b4717b15829d1b11262f1_lustre_mainline_strict.log)
  lustre_mainline: PASS (119s) (log: /var/www/ci-lustre/upstream-patch-review/4b7c6f3f3269402b202b4717b15829d1b11262f1_lustre_mainline.log)
  lustre_mainline_native: PASS (118s) (log: /var/www/ci-lustre/upstream-patch-review/4b7c6f3f3269402b202b4717b15829d1b11262f1_lustre_mainline_native.log)
  clang-tidy: PASS (91s) (log: /var/www/ci-lustre/upstream-patch-review/4b7c6f3f3269402b202b4717b15829d1b11262f1_clang-tidy.log)
  cc-plugin: FAIL (71s) (log: /var/www/ci-lustre/upstream-patch-review/4b7c6f3f3269402b202b4717b15829d1b11262f1_cc-plugin.log)
  boot: PASS (105s) (log: /var/www/ci-lustre/upstream-patch-review/4b7c6f3f3269402b202b4717b15829d1b11262f1_boot.log)
  llmount: PASS (193s) (log: /var/www/ci-lustre/upstream-patch-review/4b7c6f3f3269402b202b4717b15829d1b11262f1_llmount.log)
  llog-unit: PASS (194s) (log: /var/www/ci-lustre/upstream-patch-review/4b7c6f3f3269402b202b4717b15829d1b11262f1_llog-unit.log)
  mgs-setup: PASS (97s) (log: /var/www/ci-lustre/upstream-patch-review/4b7c6f3f3269402b202b4717b15829d1b11262f1_mgs-setup.log)
  sanity-1: PASS (120s) (log: /var/www/ci-lustre/upstream-patch-review/4b7c6f3f3269402b202b4717b15829d1b11262f1_sanity-1.log)
  sanity-2: PASS (135s) (log: /var/www/ci-lustre/upstream-patch-review/4b7c6f3f3269402b202b4717b15829d1b11262f1_sanity-2.log)
  sanity-3: PASS (123s) (log: /var/www/ci-lustre/upstream-patch-review/4b7c6f3f3269402b202b4717b15829d1b11262f1_sanity-3.log)
  sanity-4: PASS (133s) (log: /var/www/ci-lustre/upstream-patch-review/4b7c6f3f3269402b202b4717b15829d1b11262f1_sanity-4.log)

Total execution time: 341s
