CLI: ./podman-ktest --podman-socket unix:///run/podman/podman.sock --shared-filesystem /tmp --tarball-input job lustre-ci --output /var/www/ci-lustre/upstream-patch-review --git-hash 4badf2961da154d6d49f2079b1c9b1cc12000ea6 --change-id 63643_4badf2961da154d6d49f2079b1c9b1cc12000ea6 --subject LU-19833 acl: fix generation of changelogs with ACLs

  Checking /dev/kvm exists... OK
  Checking /dev/kvm permissions... OK
  Creating ccache directory... OK
  Checking ccache directory writable... OK

Environment validated successfully
Creating kernel tarball at /tmp/ktest-kernel.tar.gz...
Creating lustre tarball at /tmp/ktest-lustre.tar.gz...
Executing 16 jobs
Jobs will start as soon as their dependencies are satisfied
Using tarball input mode

START checkpatch tool checkpatch
START lustre_mainline_strict build tests/fs/lustre/boot-strict.ktest
START lustre_mainline_native build tests/fs/lustre/boot.ktest
START lustre_u24 build tests/fs/lustre/boot.ktest
START lustre_al2023 build tests/fs/lustre/boot.ktest
START lustre_mainline build tests/fs/lustre/boot.ktest
PUT /tmp/ktest-kernel.tar.gz 8s
PUT /tmp/ktest-kernel.tar.gz 8s
PUT /tmp/ktest-kernel.tar.gz 8s
PUT /tmp/ktest-kernel.tar.gz 8s
PUT /tmp/ktest-kernel.tar.gz 8s
PUT /tmp/ktest-kernel.tar.gz 9s
PUT /tmp/ktest-lustre.tar.gz 2s
PUT /tmp/ktest-lustre.tar.gz 2s
PUT /tmp/ktest-lustre.tar.gz 2s
PUT /tmp/ktest-lustre.tar.gz 2s
PUT /tmp/ktest-lustre.tar.gz 2s
PUT /tmp/ktest-lustre.tar.gz 2s
END checkpatch tool checkpatch PASS 13s
END lustre_al2023 build tests/fs/lustre/boot.ktest PASS 68s
END lustre_u24 build tests/fs/lustre/boot.ktest PASS 72s
GET /tmp/ktest_lustre_mainline_strict_uc06a0tw.tar 4s
END lustre_mainline_strict build tests/fs/lustre/boot-strict.ktest FAIL 112s (exit code: 1)
GET /tmp/ktest_lustre_mainline_m0olgx02.tar 3s
GET /tmp/ktest_lustre_mainline_native_0014ujp9.tar 3s
END lustre_mainline build tests/fs/lustre/boot.ktest PASS 118s
END lustre_mainline_native build tests/fs/lustre/boot.ktest PASS 120s
START clang-tidy tool clang-tidy
START cc-plugin tool cc-plugin
START boot run tests/fs/lustre/boot.ktest
START llmount run tests/fs/lustre/llmount.ktest
START llog-unit run tests/fs/lustre/llog-unit.ktest
START mgs-setup run tests/fs/lustre/mgs-setup.ktest
START sanity-1 run tests/fs/lustre/sanity/sanity-1.ktest
START sanity-2 run tests/fs/lustre/sanity/sanity-2.ktest
START sanity-3 run tests/fs/lustre/sanity/sanity-3.ktest
START sanity-4 run tests/fs/lustre/sanity/sanity-4.ktest
PUT /tmp/ktest-kernel.tar.gz 15s
PUT /tmp/ktest_lustre_mainline_native_0014ujp9.tar 19s
PUT /tmp/ktest_lustre_mainline_native_0014ujp9.tar 19s
PUT /tmp/ktest_lustre_mainline_native_0014ujp9.tar 19s
PUT /tmp/ktest_lustre_mainline_native_0014ujp9.tar 19s
PUT /tmp/ktest_lustre_mainline_native_0014ujp9.tar 19s
PUT /tmp/ktest-kernel.tar.gz 19s
PUT /tmp/ktest_lustre_mainline_native_0014ujp9.tar 19s
PUT /tmp/ktest_lustre_mainline_native_0014ujp9.tar 19s
PUT /tmp/ktest_lustre_mainline_native_0014ujp9.tar 19s
PUT /tmp/ktest-lustre.tar.gz 26s
PUT /tmp/ktest-lustre.tar.gz 32s
PUT /tmp/ktest_lustre_mainline_native_0014ujp9.tar 4s
PUT /tmp/ktest_lustre_mainline_native_0014ujp9.tar 6s
END cc-plugin tool cc-plugin FAIL 55s (exit code: 127)
END clang-tidy tool clang-tidy PASS 72s
END boot run tests/fs/lustre/boot.ktest PASS 73s
END mgs-setup run tests/fs/lustre/mgs-setup.ktest PASS 78s
END sanity-4 run tests/fs/lustre/sanity/sanity-4.ktest PASS 86s
END sanity-1 run tests/fs/lustre/sanity/sanity-1.ktest PASS 99s
END sanity-3 run tests/fs/lustre/sanity/sanity-3.ktest PASS 100s
END sanity-2 run tests/fs/lustre/sanity/sanity-2.ktest PASS 113s
END llmount run tests/fs/lustre/llmount.ktest PASS 157s
END llog-unit run tests/fs/lustre/llog-unit.ktest PASS 173s

============================================================
Final Results:
  checkpatch: PASS (13s) (log: /var/www/ci-lustre/upstream-patch-review/4badf2961da154d6d49f2079b1c9b1cc12000ea6_checkpatch.log)
  lustre_u24: PASS (72s) (log: /var/www/ci-lustre/upstream-patch-review/4badf2961da154d6d49f2079b1c9b1cc12000ea6_lustre_u24.log)
  lustre_al2023: PASS (68s) (log: /var/www/ci-lustre/upstream-patch-review/4badf2961da154d6d49f2079b1c9b1cc12000ea6_lustre_al2023.log)
  lustre_mainline_strict: FAIL (112s) (log: /var/www/ci-lustre/upstream-patch-review/4badf2961da154d6d49f2079b1c9b1cc12000ea6_lustre_mainline_strict.log)
  lustre_mainline: PASS (118s) (log: /var/www/ci-lustre/upstream-patch-review/4badf2961da154d6d49f2079b1c9b1cc12000ea6_lustre_mainline.log)
  lustre_mainline_native: PASS (120s) (log: /var/www/ci-lustre/upstream-patch-review/4badf2961da154d6d49f2079b1c9b1cc12000ea6_lustre_mainline_native.log)
  clang-tidy: PASS (72s) (log: /var/www/ci-lustre/upstream-patch-review/4badf2961da154d6d49f2079b1c9b1cc12000ea6_clang-tidy.log)
  cc-plugin: FAIL (55s) (log: /var/www/ci-lustre/upstream-patch-review/4badf2961da154d6d49f2079b1c9b1cc12000ea6_cc-plugin.log)
  boot: PASS (73s) (log: /var/www/ci-lustre/upstream-patch-review/4badf2961da154d6d49f2079b1c9b1cc12000ea6_boot.log)
  llmount: PASS (157s) (log: /var/www/ci-lustre/upstream-patch-review/4badf2961da154d6d49f2079b1c9b1cc12000ea6_llmount.log)
  llog-unit: PASS (173s) (log: /var/www/ci-lustre/upstream-patch-review/4badf2961da154d6d49f2079b1c9b1cc12000ea6_llog-unit.log)
  mgs-setup: PASS (78s) (log: /var/www/ci-lustre/upstream-patch-review/4badf2961da154d6d49f2079b1c9b1cc12000ea6_mgs-setup.log)
  sanity-1: PASS (99s) (log: /var/www/ci-lustre/upstream-patch-review/4badf2961da154d6d49f2079b1c9b1cc12000ea6_sanity-1.log)
  sanity-2: PASS (113s) (log: /var/www/ci-lustre/upstream-patch-review/4badf2961da154d6d49f2079b1c9b1cc12000ea6_sanity-2.log)
  sanity-3: PASS (100s) (log: /var/www/ci-lustre/upstream-patch-review/4badf2961da154d6d49f2079b1c9b1cc12000ea6_sanity-3.log)
  sanity-4: PASS (86s) (log: /var/www/ci-lustre/upstream-patch-review/4badf2961da154d6d49f2079b1c9b1cc12000ea6_sanity-4.log)

Total execution time: 324s
