CLI: ./podman-ktest --podman-socket unix:///run/podman/podman.sock --shared-filesystem /tmp --tarball-input job lustre-ci --output /var/www/ci-lustre/upstream-patch-review --git-hash 4fadd593a9ab7682a2f9f70ea864af96564f4cbb --change-id 56424_4fadd593a9ab7682a2f9f70ea864af96564f4cbb --subject LU-18231 obd: change obd_fail into OBDF_FAIL

  Checking /dev/kvm exists... OK
  Checking /dev/kvm permissions... OK
  Creating ccache directory... OK
  Checking ccache directory writable... OK

Environment validated successfully
Creating kernel tarball at /tmp/ktest-kernel.tar.gz...
Creating lustre tarball at /tmp/ktest-lustre.tar.gz...
Executing 16 jobs
Jobs will start as soon as their dependencies are satisfied
Using tarball input mode

START lustre_mainline_native build tests/fs/lustre/boot.ktest
START u24 build tests/fs/lustre/boot.ktest
START al2023 build tests/fs/lustre/boot.ktest
START lustre_mainline build tests/fs/lustre/boot.ktest
START lustre_mainline_strict build tests/fs/lustre/boot-strict.ktest
START checkpatch tool checkpatch
PUT /tmp/ktest-kernel.tar.gz 8s
PUT /tmp/ktest-kernel.tar.gz 8s
PUT /tmp/ktest-kernel.tar.gz 8s
PUT /tmp/ktest-kernel.tar.gz 8s
PUT /tmp/ktest-kernel.tar.gz 9s
PUT /tmp/ktest-kernel.tar.gz 9s
PUT /tmp/ktest-lustre.tar.gz 2s
PUT /tmp/ktest-lustre.tar.gz 2s
PUT /tmp/ktest-lustre.tar.gz 2s
PUT /tmp/ktest-lustre.tar.gz 2s
PUT /tmp/ktest-lustre.tar.gz 2s
PUT /tmp/ktest-lustre.tar.gz 2s
END checkpatch tool checkpatch PASS 13s
END al2023 build tests/fs/lustre/boot.ktest FAIL 55s (exit code: 2)
END u24 build tests/fs/lustre/boot.ktest FAIL 57s (exit code: 2)
GET /tmp/ktest_lustre_mainline_native_x841hjjw.tar 6s
GET /tmp/ktest_lustre_mainline_q5wduse9.tar 7s
GET /tmp/ktest_lustre_mainline_strict_ki9em4gh.tar 6s
END lustre_mainline_native build tests/fs/lustre/boot.ktest FAIL 122s (exit code: 1)
END lustre_mainline build tests/fs/lustre/boot.ktest FAIL 123s (exit code: 1)
END lustre_mainline_strict build tests/fs/lustre/boot-strict.ktest FAIL 125s (exit code: 1)

============================================================
Final Results:
  checkpatch: PASS (13s) (log: /var/www/ci-lustre/upstream-patch-review/4fadd593a9ab7682a2f9f70ea864af96564f4cbb_checkpatch.log)
  u24: FAIL (57s) (log: /var/www/ci-lustre/upstream-patch-review/4fadd593a9ab7682a2f9f70ea864af96564f4cbb_u24.log)
  al2023: FAIL (55s) (log: /var/www/ci-lustre/upstream-patch-review/4fadd593a9ab7682a2f9f70ea864af96564f4cbb_al2023.log)
  lustre_mainline_strict: FAIL (125s) (log: /var/www/ci-lustre/upstream-patch-review/4fadd593a9ab7682a2f9f70ea864af96564f4cbb_lustre_mainline_strict.log)
  lustre_mainline: FAIL (123s) (log: /var/www/ci-lustre/upstream-patch-review/4fadd593a9ab7682a2f9f70ea864af96564f4cbb_lustre_mainline.log)
  lustre_mainline_native: FAIL (122s) (log: /var/www/ci-lustre/upstream-patch-review/4fadd593a9ab7682a2f9f70ea864af96564f4cbb_lustre_mainline_native.log)
  clang-tidy: SKIPPED (due to dependency failure)
  cc-plugin: SKIPPED (due to dependency failure)
  boot: SKIPPED (due to dependency failure)
  llmount: SKIPPED (due to dependency failure)
  llog-unit: SKIPPED (due to dependency failure)
  mgs-setup: SKIPPED (due to dependency failure)
  sanity-1: SKIPPED (due to dependency failure)
  sanity-2: SKIPPED (due to dependency failure)
  sanity-3: SKIPPED (due to dependency failure)
  sanity-4: SKIPPED (due to dependency failure)

Total execution time: 156s
