CLI: ./podman-ktest --podman-socket unix:///run/podman/podman.sock --shared-filesystem /tmp --tarball-input job lustre-ci --output /var/www/ci-lustre/upstream-patch-review --git-hash 4fb6808aaff89f92aa79b04a729f585a174fd5ea --change-id 61230_4fb6808aaff89f92aa79b04a729f585a174fd5ea --subject LU-19344 llite: set read size correctly

  Checking /dev/kvm exists... OK
  Checking /dev/kvm permissions... OK
  Creating ccache directory... OK
  Checking ccache directory writable... OK

Environment validated successfully
Creating kernel tarball at /tmp/ktest-kernel.tar.gz...
Creating lustre tarball at /tmp/ktest-lustre.tar.gz...
Executing 16 jobs
Jobs will start as soon as their dependencies are satisfied
Using tarball input mode

START lustre_u24 build tests/fs/lustre/boot.ktest
START checkpatch tool checkpatch
START lustre_mainline_native build tests/fs/lustre/boot.ktest
START lustre_al2023 build tests/fs/lustre/boot.ktest
START lustre_mainline_strict build tests/fs/lustre/boot-strict.ktest
START lustre_mainline build tests/fs/lustre/boot.ktest
PUT /tmp/ktest-kernel.tar.gz 10s
PUT /tmp/ktest-kernel.tar.gz 10s
PUT /tmp/ktest-kernel.tar.gz 10s
PUT /tmp/ktest-kernel.tar.gz 10s
PUT /tmp/ktest-kernel.tar.gz 10s
PUT /tmp/ktest-kernel.tar.gz 11s
PUT /tmp/ktest-lustre.tar.gz 6s
PUT /tmp/ktest-lustre.tar.gz 6s
PUT /tmp/ktest-lustre.tar.gz 6s
PUT /tmp/ktest-lustre.tar.gz 6s
PUT /tmp/ktest-lustre.tar.gz 6s
PUT /tmp/ktest-lustre.tar.gz 6s
END checkpatch tool checkpatch FAIL 19s (exit code: 1)
END lustre_u24 build tests/fs/lustre/boot.ktest PASS 82s
END lustre_al2023 build tests/fs/lustre/boot.ktest PASS 83s
GET /tmp/ktest_lustre_mainline_strict_lhrt0tvz.tar 4s
END lustre_mainline_strict build tests/fs/lustre/boot-strict.ktest FAIL 125s (exit code: 1)
GET /tmp/ktest_lustre_mainline_zq_tjmv0.tar 3s
GET /tmp/ktest_lustre_mainline_native__q7xdjqd.tar 3s
END lustre_mainline build tests/fs/lustre/boot.ktest PASS 146s
END lustre_mainline_native build tests/fs/lustre/boot.ktest PASS 147s
START clang-tidy tool clang-tidy
START cc-plugin tool cc-plugin
START boot run tests/fs/lustre/boot.ktest
START llmount run tests/fs/lustre/llmount.ktest
START llog-unit run tests/fs/lustre/llog-unit.ktest
START mgs-setup run tests/fs/lustre/mgs-setup.ktest
START sanity-1 run tests/fs/lustre/sanity/sanity-1.ktest
START sanity-2 run tests/fs/lustre/sanity/sanity-2.ktest
START sanity-3 run tests/fs/lustre/sanity/sanity-3.ktest
START sanity-4 run tests/fs/lustre/sanity/sanity-4.ktest
PUT /tmp/ktest-kernel.tar.gz 35s
PUT /tmp/ktest_lustre_mainline_native__q7xdjqd.tar 40s
PUT /tmp/ktest_lustre_mainline_native__q7xdjqd.tar 40s
PUT /tmp/ktest_lustre_mainline_native__q7xdjqd.tar 40s
PUT /tmp/ktest-kernel.tar.gz 41s
PUT /tmp/ktest_lustre_mainline_native__q7xdjqd.tar 40s
PUT /tmp/ktest_lustre_mainline_native__q7xdjqd.tar 41s
PUT /tmp/ktest_lustre_mainline_native__q7xdjqd.tar 40s
PUT /tmp/ktest_lustre_mainline_native__q7xdjqd.tar 40s
PUT /tmp/ktest_lustre_mainline_native__q7xdjqd.tar 40s
PUT /tmp/ktest-lustre.tar.gz 96s
PUT /tmp/ktest-lustre.tar.gz 91s
PUT /tmp/ktest_lustre_mainline_native__q7xdjqd.tar 14s
PUT /tmp/ktest_lustre_mainline_native__q7xdjqd.tar 14s
END cc-plugin tool cc-plugin FAIL 149s (exit code: 127)
END clang-tidy tool clang-tidy PASS 171s
END mgs-setup run tests/fs/lustre/mgs-setup.ktest PASS 175s
END boot run tests/fs/lustre/boot.ktest PASS 184s
END sanity-3 run tests/fs/lustre/sanity/sanity-3.ktest PASS 188s
END sanity-2 run tests/fs/lustre/sanity/sanity-2.ktest PASS 192s
END sanity-4 run tests/fs/lustre/sanity/sanity-4.ktest PASS 197s
END sanity-1 run tests/fs/lustre/sanity/sanity-1.ktest PASS 201s
END llog-unit run tests/fs/lustre/llog-unit.ktest PASS 263s
END llmount run tests/fs/lustre/llmount.ktest PASS 274s

============================================================
Final Results:
  checkpatch: FAIL (19s) (log: /var/www/ci-lustre/upstream-patch-review/4fb6808aaff89f92aa79b04a729f585a174fd5ea_checkpatch.log)
  lustre_u24: PASS (82s) (log: /var/www/ci-lustre/upstream-patch-review/4fb6808aaff89f92aa79b04a729f585a174fd5ea_lustre_u24.log)
  lustre_al2023: PASS (83s) (log: /var/www/ci-lustre/upstream-patch-review/4fb6808aaff89f92aa79b04a729f585a174fd5ea_lustre_al2023.log)
  lustre_mainline_strict: FAIL (125s) (log: /var/www/ci-lustre/upstream-patch-review/4fb6808aaff89f92aa79b04a729f585a174fd5ea_lustre_mainline_strict.log)
  lustre_mainline: PASS (146s) (log: /var/www/ci-lustre/upstream-patch-review/4fb6808aaff89f92aa79b04a729f585a174fd5ea_lustre_mainline.log)
  lustre_mainline_native: PASS (147s) (log: /var/www/ci-lustre/upstream-patch-review/4fb6808aaff89f92aa79b04a729f585a174fd5ea_lustre_mainline_native.log)
  clang-tidy: PASS (171s) (log: /var/www/ci-lustre/upstream-patch-review/4fb6808aaff89f92aa79b04a729f585a174fd5ea_clang-tidy.log)
  cc-plugin: FAIL (149s) (log: /var/www/ci-lustre/upstream-patch-review/4fb6808aaff89f92aa79b04a729f585a174fd5ea_cc-plugin.log)
  boot: PASS (184s) (log: /var/www/ci-lustre/upstream-patch-review/4fb6808aaff89f92aa79b04a729f585a174fd5ea_boot.log)
  llmount: PASS (274s) (log: /var/www/ci-lustre/upstream-patch-review/4fb6808aaff89f92aa79b04a729f585a174fd5ea_llmount.log)
  llog-unit: PASS (263s) (log: /var/www/ci-lustre/upstream-patch-review/4fb6808aaff89f92aa79b04a729f585a174fd5ea_llog-unit.log)
  mgs-setup: PASS (175s) (log: /var/www/ci-lustre/upstream-patch-review/4fb6808aaff89f92aa79b04a729f585a174fd5ea_mgs-setup.log)
  sanity-1: PASS (201s) (log: /var/www/ci-lustre/upstream-patch-review/4fb6808aaff89f92aa79b04a729f585a174fd5ea_sanity-1.log)
  sanity-2: PASS (192s) (log: /var/www/ci-lustre/upstream-patch-review/4fb6808aaff89f92aa79b04a729f585a174fd5ea_sanity-2.log)
  sanity-3: PASS (188s) (log: /var/www/ci-lustre/upstream-patch-review/4fb6808aaff89f92aa79b04a729f585a174fd5ea_sanity-3.log)
  sanity-4: PASS (197s) (log: /var/www/ci-lustre/upstream-patch-review/4fb6808aaff89f92aa79b04a729f585a174fd5ea_sanity-4.log)

Total execution time: 451s
