CLI: ./podman-ktest --podman-socket unix:///run/podman/podman.sock --shared-filesystem /tmp --tarball-input job lustre-ci --output /var/www/ci-lustre/upstream-patch-review --git-hash 5037d28f3731f988b5411700d89fa4caca7bcad9 --change-id 66222_5037d28f3731f988b5411700d89fa4caca7bcad9 --subject LU-11848 tests: fix version comparison for 4 digits

  Checking /dev/kvm exists... OK
  Checking /dev/kvm permissions... OK
  Creating ccache directory... OK
  Checking ccache directory writable... OK
  Creating package output directory... OK

Environment validated successfully
Creating kernel tarball at /tmp/ktest-kernel.tar.gz...
Creating lustre tarball at /tmp/ktest-lustre.tar.gz...
Creating ZFS tarball at /tmp/ktest-zfs.tar.gz...
Executing 13 jobs
Jobs will start as soon as their dependencies are satisfied
Using tarball input mode

START lustre_mainline_native build tests/fs/lustre/boot.ktest
START lustre_mainline_strict build tests/fs/lustre/boot-strict.ktest
START u24 build tests/fs/lustre/boot.ktest
START lustre_mainline build tests/fs/lustre/boot.ktest
START al2023 build tests/fs/lustre/boot.ktest
START checkpatch tool checkpatch
PUT /tmp/ktest-lustre.tar.gz 1s
PUT /tmp/ktest-lustre.tar.gz 2s
PUT /tmp/ktest-kernel.tar.gz 6s
PUT /tmp/ktest-kernel.tar.gz 6s
PUT /tmp/ktest-kernel.tar.gz 6s
PUT /tmp/ktest-kernel.tar.gz 6s
PUT /tmp/ktest-lustre.tar.gz 1s
PUT /tmp/ktest-lustre.tar.gz 1s
PUT /tmp/ktest-lustre.tar.gz 1s
PUT /tmp/ktest-lustre.tar.gz 1s
PUT /tmp/ktest-zfs.tar.gz 0s
PUT /tmp/ktest-zfs.tar.gz 0s
PUT /tmp/ktest-zfs.tar.gz 0s
END checkpatch tool checkpatch FAIL 10s (exit code: 1)
END al2023 build tests/fs/lustre/boot.ktest PASS 62s
END u24 build tests/fs/lustre/boot.ktest PASS 65s
GET /tmp/ktest_lustre_mainline_strict_u72t69w4.tar 6s
END lustre_mainline_strict build tests/fs/lustre/boot-strict.ktest FAIL 137s (exit code: 1)
GET /tmp/ktest_lustre_mainline_bpo_81qe.tar 0s
GET /tmp/ktest_lustre_mainline_native_s1_k6orb.tar 0s
END lustre_mainline build tests/fs/lustre/boot.ktest PASS 139s
END lustre_mainline_native build tests/fs/lustre/boot.ktest PASS 140s
START boot run tests/fs/lustre/boot.ktest
START llmount run tests/fs/lustre/llmount.ktest
START mgs-setup run tests/fs/lustre/mgs-setup.ktest
START sanity-1 run tests/fs/lustre/sanity/sanity-1.ktest
START sanity-2 run tests/fs/lustre/sanity/sanity-2.ktest
START sanity-3 run tests/fs/lustre/sanity/sanity-3.ktest
START sanity-4 run tests/fs/lustre/sanity/sanity-4.ktest
PUT /tmp/ktest-kernel.tar.gz 11s
PUT /tmp/ktest-kernel.tar.gz 11s
PUT /tmp/ktest-kernel.tar.gz 11s
PUT /tmp/ktest-kernel.tar.gz 11s
PUT /tmp/ktest-kernel.tar.gz 11s
PUT /tmp/ktest-kernel.tar.gz 11s
PUT /tmp/ktest-kernel.tar.gz 11s
PUT /tmp/ktest-lustre.tar.gz 3s
PUT /tmp/ktest-lustre.tar.gz 3s
PUT /tmp/ktest-lustre.tar.gz 3s
PUT /tmp/ktest-lustre.tar.gz 4s
PUT /tmp/ktest-lustre.tar.gz 3s
PUT /tmp/ktest-lustre.tar.gz 3s
PUT /tmp/ktest-lustre.tar.gz 3s
PUT /tmp/ktest_lustre_mainline_native_s1_k6orb.tar 0s
PUT /tmp/ktest_lustre_mainline_native_s1_k6orb.tar 0s
PUT /tmp/ktest_lustre_mainline_native_s1_k6orb.tar 0s
PUT /tmp/ktest_lustre_mainline_native_s1_k6orb.tar 0s
PUT /tmp/ktest_lustre_mainline_native_s1_k6orb.tar 0s
PUT /tmp/ktest_lustre_mainline_native_s1_k6orb.tar 0s
PUT /tmp/ktest_lustre_mainline_native_s1_k6orb.tar 0s
END boot run tests/fs/lustre/boot.ktest PASS 114s
END mgs-setup run tests/fs/lustre/mgs-setup.ktest PASS 125s
END sanity-1 run tests/fs/lustre/sanity/sanity-1.ktest PASS 153s
END sanity-3 run tests/fs/lustre/sanity/sanity-3.ktest PASS 154s
END sanity-2 run tests/fs/lustre/sanity/sanity-2.ktest PASS 155s
END llmount run tests/fs/lustre/llmount.ktest PASS 164s
END sanity-4 run tests/fs/lustre/sanity/sanity-4.ktest PASS 165s

============================================================
Final Results:
  checkpatch: FAIL (10s) (log: /var/www/ci-lustre/upstream-patch-review/5037d28f3731f988b5411700d89fa4caca7bcad9_checkpatch.log)
  u24: PASS (65s) (log: /var/www/ci-lustre/upstream-patch-review/5037d28f3731f988b5411700d89fa4caca7bcad9_u24.log)
  al2023: PASS (62s) (log: /var/www/ci-lustre/upstream-patch-review/5037d28f3731f988b5411700d89fa4caca7bcad9_al2023.log)
  lustre_mainline_strict: FAIL (137s) (log: /var/www/ci-lustre/upstream-patch-review/5037d28f3731f988b5411700d89fa4caca7bcad9_lustre_mainline_strict.log)
  lustre_mainline: PASS (139s) (log: /var/www/ci-lustre/upstream-patch-review/5037d28f3731f988b5411700d89fa4caca7bcad9_lustre_mainline.log)
  lustre_mainline_native: PASS (140s) (log: /var/www/ci-lustre/upstream-patch-review/5037d28f3731f988b5411700d89fa4caca7bcad9_lustre_mainline_native.log)
  boot: PASS (114s) (log: /var/www/ci-lustre/upstream-patch-review/5037d28f3731f988b5411700d89fa4caca7bcad9_boot.log)
  llmount: PASS (164s) (log: /var/www/ci-lustre/upstream-patch-review/5037d28f3731f988b5411700d89fa4caca7bcad9_llmount.log)
  mgs-setup: PASS (125s) (log: /var/www/ci-lustre/upstream-patch-review/5037d28f3731f988b5411700d89fa4caca7bcad9_mgs-setup.log)
  sanity-1: PASS (153s) (log: /var/www/ci-lustre/upstream-patch-review/5037d28f3731f988b5411700d89fa4caca7bcad9_sanity-1.log)
  sanity-2: PASS (155s) (log: /var/www/ci-lustre/upstream-patch-review/5037d28f3731f988b5411700d89fa4caca7bcad9_sanity-2.log)
  sanity-3: PASS (154s) (log: /var/www/ci-lustre/upstream-patch-review/5037d28f3731f988b5411700d89fa4caca7bcad9_sanity-3.log)
  sanity-4: PASS (165s) (log: /var/www/ci-lustre/upstream-patch-review/5037d28f3731f988b5411700d89fa4caca7bcad9_sanity-4.log)

Total execution time: 336s
