CLI: ./podman-ktest --podman-socket unix:///run/podman/podman.sock --shared-filesystem /tmp --tarball-input job lustre-ci --output /var/www/ci-lustre/upstream-patch-review --git-hash 503e576c018388afa55c8cad6259f7ec401d5880 --change-id 65398_503e576c018388afa55c8cad6259f7ec401d5880 --subject LU-17044 ptlrpc: convert TBF module params to tunables

  Checking /dev/kvm exists... OK
  Checking /dev/kvm permissions... OK
  Creating ccache directory... OK
  Checking ccache directory writable... OK

Environment validated successfully
Creating kernel tarball at /tmp/ktest-kernel.tar.gz...
Creating lustre tarball at /tmp/ktest-lustre.tar.gz...
Executing 15 jobs
Jobs will start as soon as their dependencies are satisfied
Using tarball input mode

START lustre_mainline build tests/fs/lustre/boot.ktest
START lustre_mainline_strict build tests/fs/lustre/boot-strict.ktest
START checkpatch tool checkpatch
START lustre_mainline_native build tests/fs/lustre/boot.ktest
START u24 build tests/fs/lustre/boot.ktest
START al2023 build tests/fs/lustre/boot.ktest
PUT /tmp/ktest-lustre.tar.gz 1s
PUT /tmp/ktest-lustre.tar.gz 1s
PUT /tmp/ktest-kernel.tar.gz 7s
PUT /tmp/ktest-kernel.tar.gz 7s
PUT /tmp/ktest-kernel.tar.gz 7s
PUT /tmp/ktest-kernel.tar.gz 7s
PUT /tmp/ktest-lustre.tar.gz 5s
PUT /tmp/ktest-lustre.tar.gz 5s
PUT /tmp/ktest-lustre.tar.gz 4s
PUT /tmp/ktest-lustre.tar.gz 5s
END checkpatch tool checkpatch PASS 15s
END al2023 build tests/fs/lustre/boot.ktest PASS 71s
END u24 build tests/fs/lustre/boot.ktest PASS 71s
GET /tmp/ktest_lustre_mainline_strict_6szujb01.tar 5s
END lustre_mainline_strict build tests/fs/lustre/boot-strict.ktest FAIL 122s (exit code: 1)
GET /tmp/ktest_lustre_mainline_native_cjyoohli.tar 5s
GET /tmp/ktest_lustre_mainline_kqt5ags8.tar 3s
END lustre_mainline_native build tests/fs/lustre/boot.ktest PASS 127s
START clang-tidy tool clang-tidy
START cc-plugin tool cc-plugin
START boot run tests/fs/lustre/boot.ktest
START llmount run tests/fs/lustre/llmount.ktest
START mgs-setup run tests/fs/lustre/mgs-setup.ktest
START sanity-1 run tests/fs/lustre/sanity/sanity-1.ktest
START sanity-2 run tests/fs/lustre/sanity/sanity-2.ktest
START sanity-3 run tests/fs/lustre/sanity/sanity-3.ktest
START sanity-4 run tests/fs/lustre/sanity/sanity-4.ktest
END lustre_mainline build tests/fs/lustre/boot.ktest PASS 128s
PUT /tmp/ktest-kernel.tar.gz 34s
PUT /tmp/ktest_lustre_mainline_native_cjyoohli.tar 38s
PUT /tmp/ktest_lustre_mainline_native_cjyoohli.tar 38s
PUT /tmp/ktest-kernel.tar.gz 38s
PUT /tmp/ktest_lustre_mainline_native_cjyoohli.tar 38s
PUT /tmp/ktest_lustre_mainline_native_cjyoohli.tar 38s
PUT /tmp/ktest_lustre_mainline_native_cjyoohli.tar 38s
PUT /tmp/ktest_lustre_mainline_native_cjyoohli.tar 38s
PUT /tmp/ktest_lustre_mainline_native_cjyoohli.tar 38s
PUT /tmp/ktest-lustre.tar.gz 98s
PUT /tmp/ktest-lustre.tar.gz 106s
PUT /tmp/ktest_lustre_mainline_native_cjyoohli.tar 13s
PUT /tmp/ktest_lustre_mainline_native_cjyoohli.tar 25s
END boot run tests/fs/lustre/boot.ktest PASS 161s
END cc-plugin tool cc-plugin FAIL 163s (exit code: 127)
END mgs-setup run tests/fs/lustre/mgs-setup.ktest PASS 168s
END clang-tidy tool clang-tidy PASS 177s
END sanity-4 run tests/fs/lustre/sanity/sanity-4.ktest PASS 182s
END sanity-2 run tests/fs/lustre/sanity/sanity-2.ktest PASS 183s
END sanity-1 run tests/fs/lustre/sanity/sanity-1.ktest PASS 183s
END sanity-3 run tests/fs/lustre/sanity/sanity-3.ktest PASS 192s
END llmount run tests/fs/lustre/llmount.ktest PASS 260s

============================================================
Final Results:
  checkpatch: PASS (15s) (log: /var/www/ci-lustre/upstream-patch-review/503e576c018388afa55c8cad6259f7ec401d5880_checkpatch.log)
  u24: PASS (71s) (log: /var/www/ci-lustre/upstream-patch-review/503e576c018388afa55c8cad6259f7ec401d5880_u24.log)
  al2023: PASS (71s) (log: /var/www/ci-lustre/upstream-patch-review/503e576c018388afa55c8cad6259f7ec401d5880_al2023.log)
  lustre_mainline_strict: FAIL (122s) (log: /var/www/ci-lustre/upstream-patch-review/503e576c018388afa55c8cad6259f7ec401d5880_lustre_mainline_strict.log)
  lustre_mainline: PASS (128s) (log: /var/www/ci-lustre/upstream-patch-review/503e576c018388afa55c8cad6259f7ec401d5880_lustre_mainline.log)
  lustre_mainline_native: PASS (127s) (log: /var/www/ci-lustre/upstream-patch-review/503e576c018388afa55c8cad6259f7ec401d5880_lustre_mainline_native.log)
  clang-tidy: PASS (177s) (log: /var/www/ci-lustre/upstream-patch-review/503e576c018388afa55c8cad6259f7ec401d5880_clang-tidy.log)
  cc-plugin: FAIL (163s) (log: /var/www/ci-lustre/upstream-patch-review/503e576c018388afa55c8cad6259f7ec401d5880_cc-plugin.log)
  boot: PASS (161s) (log: /var/www/ci-lustre/upstream-patch-review/503e576c018388afa55c8cad6259f7ec401d5880_boot.log)
  llmount: PASS (260s) (log: /var/www/ci-lustre/upstream-patch-review/503e576c018388afa55c8cad6259f7ec401d5880_llmount.log)
  mgs-setup: PASS (168s) (log: /var/www/ci-lustre/upstream-patch-review/503e576c018388afa55c8cad6259f7ec401d5880_mgs-setup.log)
  sanity-1: PASS (183s) (log: /var/www/ci-lustre/upstream-patch-review/503e576c018388afa55c8cad6259f7ec401d5880_sanity-1.log)
  sanity-2: PASS (183s) (log: /var/www/ci-lustre/upstream-patch-review/503e576c018388afa55c8cad6259f7ec401d5880_sanity-2.log)
  sanity-3: PASS (192s) (log: /var/www/ci-lustre/upstream-patch-review/503e576c018388afa55c8cad6259f7ec401d5880_sanity-3.log)
  sanity-4: PASS (182s) (log: /var/www/ci-lustre/upstream-patch-review/503e576c018388afa55c8cad6259f7ec401d5880_sanity-4.log)

Total execution time: 418s
