00004 
00012 RDSEED32 is broken. Disabling the corresponding CPUID bit.
00016 init: failed to load nvme_core
00016 init: failed to load nvme
00016 init: failed to load zfs
00018 LNetError: 1:0:(lib-socket.c:619:lnet_inet_enumerate()) lnet: Can't find any usable interfaces, rc = -ENOENT
00018 LNetError: Error -100 starting up LNI tcp
00018 LustreError: 1:0:(events.c:627:ptlrpc_init_portals()) network initialisation failed: rc = -100
00019 init: finit_module /lib/modules/7.0.0-ktest-50f3cfb-6330a45-20260724-dirty/updates/ptlrpc.ko: Network is down
00019 init: failed to load lustre
00019 init: failed to load osd_zfs
00019 init: failed to load iwlwifi
00019 init: failed to load iwlmvm
00019 init: failed to load mt7921e
00019 init: failed to load i915
00019 init: failed to load nouveau
00028 tlp: vm.laptop_mode is deprecated. Ignoring setting.
00028 Kernel version: 7.0.0-ktest-50f3cfb-6330a45-20260724-dirty
00029 hook init_noop
00029 
00029 Running tests llog-unit
00029 
00029 ========= TEST   llog-unit
00029 /host/home/ktest/git/lustre-release/lustre/tests/test-framework.sh: line 6933: cd: HOME not set
00029 /host/home/ktest/git/lustre-release/lustre/tests/test-framework.sh: line 6933: cd: HOME not set
00029 /host/home/ktest/git/lustre-release/lustre/tests/test-framework.sh: line 6933: cd: HOME not set
00032 MGS_OS_VERSION_ID=24.04
00032 MGS_OS_ID=ubuntu
00032 MGS_OS_VERSION_CODE=402915328
00032 MGS_OS_ID_LIKE=debian ubuntu
00032 MDS1_OS_ID=ubuntu
00032 MDS1_OS_VERSION_CODE=402915328
00032 MDS1_OS_ID_LIKE=debian ubuntu
00032 MDS1_OS_VERSION_ID=24.04
00032 OST1_OS_VERSION_ID=24.04
00032 OST1_OS_VERSION_CODE=402915328
00032 OST1_OS_ID=ubuntu
00032 OST1_OS_ID_LIKE=debian ubuntu
00032 CLIENT_OS_VERSION_ID=24.04
00032 CLIENT_OS_ID_LIKE=debian ubuntu
00032 CLIENT_OS_ID=ubuntu
00032 CLIENT_OS_VERSION_CODE=402915328
00032 Loading modules from /host/home/ktest/git/lustre-release/lustre
00032 detected 16 online CPUs by sysfs
00032 MODOPTS_LIBCFS=
00032 libcfs will create CPU partition based on online CPUs
00033 LNet: Added LNI 10.0.2.15@tcp [8/256/0/180]
00033 gss/krb5 is not supported
00034 Lustre: Echo OBD driver; http://www.lustre.org/
00034 
00035 
00035 /host/home/ktest/git/lustre-release/lustre/tests/test-framework.sh: line 6933: cd: HOME not set
00035 /host/home/ktest/git/lustre-release/lustre/tests/test-framework.sh: line 6933: cd: HOME not set
00035 /host/home/ktest/git/lustre-release/lustre/tests/test-framework.sh: line 6933: cd: HOME not set
00051 Lustre: 2178:0:(llog_test.c:1084:llog_test_7()) 7b: test llog_unlink64_rec
00051 ------------[ cut here ]------------
00051 WARNING: /home/ktest/git/linux/include/linux/fs.h:889 at osd_create+0x9cf/0xcf0 [osd_wbcfs], CPU#14: lctl/2178
00051 Modules linked in: llog_test(O) mgs(O) osd_wbcfs(O) lustre(O) obdecho(O) mgc(O) mdc(O) lov(O) osc(O) lmv(O) ec(O) fid(O) fld(O) ptlrpc(O) efivarfs obdclass(O) ksocklnd(O) lnet(O) libcfs(O)
00051 CPU: 14 UID: 0 PID: 2178 Comm: lctl Tainted: G        W  O        7.0.0-ktest-50f3cfb-6330a45-20260724-dirty #1 PREEMPT 
00051 Tainted: [W]=WARN, [O]=OOT_MODULE
00051 Hardware name: QEMU Standard PC (Q35 + ICH9, 2009), BIOS 2025.11-3ubuntu7 03/31/2026
00051 RIP: 0010:osd_create+0x9cf/0xcf0 [osd_wbcfs]
00051 Code: c7 c7 00 76 7c a1 48 c7 c6 a0 f2 7d a1 48 c7 c2 00 fc 7d a1 e8 82 dd 43 ff 48 c7 c7 00 76 7c a1 e8 f6 6a 44 ff e9 fe fc ff ff <0f> 0b e9 a5 fa ff ff 48 c7 c1 80 44 5d a0 80 e1 07 80 c1 03 38 c1
00051 RSP: 0018:ffffc90002a076f8 EFLAGS: 00010246
00051 RAX: 0000000000000000 RBX: ffff8881493ad000 RCX: 0000000000000046
00051 RDX: 0000000000000000 RSI: ffff88819ca457f0 RDI: ffff888137c22a58
00051 RBP: ffff88819ca45760 R08: ffffffff83a16803 R09: 1ffffffff0742d00
00051 R10: dffffc0000000000 R11: fffffbfff0742d01 R12: ffff88814ebbc400
00051 R13: dffffc0000000000 R14: 1ffff11029275a00 R15: 1ffff11029d7788f
00051 FS:  00007fe47b056940(0000) GS:ffff88831eb2d000(0000) knlGS:0000000000000000
00051 CS:  0010 DS: 0000 ES: 0000 CR0: 0000000080050033
00051 CR2: 00007f81738053e8 CR3: 0000000120bb8000 CR4: 0000000000750eb0
00051 PKRU: 55555554
00051 Call Trace:
00051  <TASK>
00051  ? local_object_create+0x109/0x640 [obdclass]
00051  ? dt_write_lock+0x16d/0x2a0 [obdclass]
00051  ? llog_osd_create+0x356/0x1140 [obdclass]
00051  ? llog_create+0x2ed/0x530 [obdclass]
00051  ? llog_open_create+0x5af/0xb10 [obdclass]
00051  ? llog_test_7_sub+0xea/0x1250 [llog_test]
00051  ? llog_test_7+0x373/0xf50 [llog_test]
00051  ? llog_run_tests+0x3614/0x5ac0 [llog_test]
00051  ? get_random_u32+0x51/0x470
00051  ? llog_test_device_init+0x503/0x840 [llog_test]
00051  ? obd_setup+0x559/0x960 [obdclass]
00051  ? class_setup+0xc7d/0x10e0 [obdclass]
00051  ? class_process_config+0x2edb/0x7cb0 [obdclass]
00051  ? class_handle_ioctl+0x2055/0x3590 [obdclass]
00051  ? obd_class_ioctl+0x1f6/0x3c0 [obdclass]
00051  ? __x64_sys_ioctl+0x961/0xe00
00051  ? _copy_to_user+0x3d/0x60
00051  ? __x64_sys_rt_sigaction+0x107/0x140
00051  ? do_syscall_64+0xc1/0x350
00051  ? entry_SYSCALL_64_after_hwframe+0x4b/0x53
00051  </TASK>
00051 ---[ end trace 0000000000000000 ]---
00058 Lustre: 2178:0:(llog_test.c:1095:llog_test_7()) 7c: test llog_setattr64_rec
00058 ------------[ cut here ]------------
00058 WARNING: /home/ktest/git/linux/include/linux/fs.h:889 at osd_create+0x9cf/0xcf0 [osd_wbcfs], CPU#14: lctl/2178
00058 Modules linked in: llog_test(O) mgs(O) osd_wbcfs(O) lustre(O) obdecho(O) mgc(O) mdc(O) lov(O) osc(O) lmv(O) ec(O) fid(O) fld(O) ptlrpc(O) efivarfs obdclass(O) ksocklnd(O) lnet(O) libcfs(O)
00058 CPU: 14 UID: 0 PID: 2178 Comm: lctl Tainted: G        W  O        7.0.0-ktest-50f3cfb-6330a45-20260724-dirty #1 PREEMPT 
00058 Tainted: [W]=WARN, [O]=OOT_MODULE
00058 Hardware name: QEMU Standard PC (Q35 + ICH9, 2009), BIOS 2025.11-3ubuntu7 03/31/2026
00058 RIP: 0010:osd_create+0x9cf/0xcf0 [osd_wbcfs]
00058 Code: c7 c7 00 76 7c a1 48 c7 c6 a0 f2 7d a1 48 c7 c2 00 fc 7d a1 e8 82 dd 43 ff 48 c7 c7 00 76 7c a1 e8 f6 6a 44 ff e9 fe fc ff ff <0f> 0b e9 a5 fa ff ff 48 c7 c1 80 44 5d a0 80 e1 07 80 c1 03 38 c1
00058 RSP: 0018:ffffc90002a076f8 EFLAGS: 00010246
00058 RAX: 0000000000000000 RBX: ffff8881a0714c00 RCX: 0000000000000046
00058 RDX: 0000000000000000 RSI: ffff88819ca450d8 RDI: ffff888137c22a58
00058 RBP: ffff88819ca45048 R08: ffffffff83a16803 R09: 1ffffffff0742d00
00058 R10: dffffc0000000000 R11: fffffbfff0742d01 R12: ffff88814ebbc400
00058 R13: dffffc0000000000 R14: 1ffff110340e2980 R15: 1ffff11029d7788f
00058 FS:  00007fe47b056940(0000) GS:ffff88831eb2d000(0000) knlGS:0000000000000000
00058 CS:  0010 DS: 0000 ES: 0000 CR0: 0000000080050033
00058 CR2: 00007f81738053e8 CR3: 0000000120bb8000 CR4: 0000000000750eb0
00058 PKRU: 55555554
00058 Call Trace:
00058  <TASK>
00058  ? local_object_create+0x109/0x640 [obdclass]
00058  ? dt_write_lock+0x16d/0x2a0 [obdclass]
00058  ? llog_osd_create+0x356/0x1140 [obdclass]
00058  ? llog_create+0x2ed/0x530 [obdclass]
00058  ? llog_open_create+0x5af/0xb10 [obdclass]
00058  ? llog_test_7_sub+0xea/0x1250 [llog_test]
00058  ? llog_test_7+0x4a4/0xf50 [llog_test]
00058  ? llog_run_tests+0x3614/0x5ac0 [llog_test]
00058  ? get_random_u32+0x51/0x470
00058  ? llog_test_device_init+0x503/0x840 [llog_test]
00058  ? obd_setup+0x559/0x960 [obdclass]
00058  ? class_setup+0xc7d/0x10e0 [obdclass]
00058  ? class_process_config+0x2edb/0x7cb0 [obdclass]
00058  ? class_handle_ioctl+0x2055/0x3590 [obdclass]
00058  ? obd_class_ioctl+0x1f6/0x3c0 [obdclass]
00058  ? __x64_sys_ioctl+0x961/0xe00
00058  ? _copy_to_user+0x3d/0x60
00058  ? __x64_sys_rt_sigaction+0x107/0x140
00058  ? do_syscall_64+0xc1/0x350
00058  ? entry_SYSCALL_64_after_hwframe+0x4b/0x53
00058  </TASK>
00058 ---[ end trace 0000000000000000 ]---
00064 Lustre: 2178:0:(llog_test.c:1106:llog_test_7()) 7d: test llog_size_change_rec
00064 ------------[ cut here ]------------
00064 WARNING: /home/ktest/git/linux/include/linux/fs.h:889 at osd_create+0x9cf/0xcf0 [osd_wbcfs], CPU#14: lctl/2178
00064 Modules linked in: llog_test(O) mgs(O) osd_wbcfs(O) lustre(O) obdecho(O) mgc(O) mdc(O) lov(O) osc(O) lmv(O) ec(O) fid(O) fld(O) ptlrpc(O) efivarfs obdclass(O) ksocklnd(O) lnet(O) libcfs(O)
00064 CPU: 14 UID: 0 PID: 2178 Comm: lctl Tainted: G        W  O        7.0.0-ktest-50f3cfb-6330a45-20260724-dirty #1 PREEMPT 
00064 Tainted: [W]=WARN, [O]=OOT_MODULE
00064 Hardware name: QEMU Standard PC (Q35 + ICH9, 2009), BIOS 2025.11-3ubuntu7 03/31/2026
00064 RIP: 0010:osd_create+0x9cf/0xcf0 [osd_wbcfs]
00064 Code: c7 c7 00 76 7c a1 48 c7 c6 a0 f2 7d a1 48 c7 c2 00 fc 7d a1 e8 82 dd 43 ff 48 c7 c7 00 76 7c a1 e8 f6 6a 44 ff e9 fe fc ff ff <0f> 0b e9 a5 fa ff ff 48 c7 c1 80 44 5d a0 80 e1 07 80 c1 03 38 c1
00064 RSP: 0018:ffffc90002a076f8 EFLAGS: 00010246
00064 RAX: 0000000000000000 RBX: ffff8881a0485000 RCX: 0000000000000046
00064 RDX: 0000000000000000 RSI: ffff88819ca449c0 RDI: ffff888137c22a58
00064 RBP: ffff88819ca44930 R08: ffffffff83a16803 R09: 1ffffffff0742d00
00064 R10: dffffc0000000000 R11: fffffbfff0742d01 R12: ffff88814ebbc400
00064 R13: dffffc0000000000 R14: 1ffff11034090a00 R15: 1ffff11029d7788f
00064 FS:  00007fe47b056940(0000) GS:ffff88831eb2d000(0000) knlGS:0000000000000000
00064 CS:  0010 DS: 0000 ES: 0000 CR0: 0000000080050033
00064 CR2: 00007f81738053e8 CR3: 0000000120bb8000 CR4: 0000000000750eb0
00064 PKRU: 55555554
00064 Call Trace:
00064  <TASK>
00064  ? local_object_create+0x109/0x640 [obdclass]
00064  ? dt_write_lock+0x16d/0x2a0 [obdclass]
00064  ? llog_osd_create+0x356/0x1140 [obdclass]
00064  ? llog_create+0x2ed/0x530 [obdclass]
00064  ? llog_open_create+0x5af/0xb10 [obdclass]
00064  ? llog_test_7_sub+0xea/0x1250 [llog_test]
00064  ? llog_test_7+0x5d5/0xf50 [llog_test]
00064  ? llog_run_tests+0x3614/0x5ac0 [llog_test]
00064  ? get_random_u32+0x51/0x470
00064  ? llog_test_device_init+0x503/0x840 [llog_test]
00064  ? obd_setup+0x559/0x960 [obdclass]
00064  ? class_setup+0xc7d/0x10e0 [obdclass]
00064  ? class_process_config+0x2edb/0x7cb0 [obdclass]
00064  ? class_handle_ioctl+0x2055/0x3590 [obdclass]
00064  ? obd_class_ioctl+0x1f6/0x3c0 [obdclass]
00064  ? __x64_sys_ioctl+0x961/0xe00
00064  ? _copy_to_user+0x3d/0x60
00064  ? __x64_sys_rt_sigaction+0x107/0x140
00064  ? do_syscall_64+0xc1/0x350
00064  ? entry_SYSCALL_64_after_hwframe+0x4b/0x53
00064  </TASK>
00064 ---[ end trace 0000000000000000 ]---
00068 Lustre: 2178:0:(llog_test.c:1117:llog_test_7()) 7e: test llog_changelog_rec
00068 ------------[ cut here ]------------
00068 WARNING: /home/ktest/git/linux/include/linux/fs.h:889 at osd_create+0x9cf/0xcf0 [osd_wbcfs], CPU#14: lctl/2178
00068 Modules linked in: llog_test(O) mgs(O) osd_wbcfs(O) lustre(O) obdecho(O) mgc(O) mdc(O) lov(O) osc(O) lmv(O) ec(O) fid(O) fld(O) ptlrpc(O) efivarfs obdclass(O) ksocklnd(O) lnet(O) libcfs(O)
00068 CPU: 14 UID: 0 PID: 2178 Comm: lctl Tainted: G        W  O        7.0.0-ktest-50f3cfb-6330a45-20260724-dirty #1 PREEMPT 
00068 Tainted: [W]=WARN, [O]=OOT_MODULE
00068 Hardware name: QEMU Standard PC (Q35 + ICH9, 2009), BIOS 2025.11-3ubuntu7 03/31/2026
00068 RIP: 0010:osd_create+0x9cf/0xcf0 [osd_wbcfs]
00068 Code: c7 c7 00 76 7c a1 48 c7 c6 a0 f2 7d a1 48 c7 c2 00 fc 7d a1 e8 82 dd 43 ff 48 c7 c7 00 76 7c a1 e8 f6 6a 44 ff e9 fe fc ff ff <0f> 0b e9 a5 fa ff ff 48 c7 c1 80 44 5d a0 80 e1 07 80 c1 03 38 c1
00068 RSP: 0018:ffffc90002a076f8 EFLAGS: 00010246
00068 RAX: 0000000000000000 RBX: ffff8881a18d9c00 RCX: 0000000000000046
00068 RDX: 0000000000000000 RSI: ffff88819ca442a8 RDI: ffff888137c22a58
00068 RBP: ffff88819ca44218 R08: ffffffff83a16803 R09: 1ffffffff0742d00
00068 R10: dffffc0000000000 R11: fffffbfff0742d01 R12: ffff88814ebbc400
00068 R13: dffffc0000000000 R14: 1ffff1103431b380 R15: 1ffff11029d7788f
00068 FS:  00007fe47b056940(0000) GS:ffff88831eb2d000(0000) knlGS:0000000000000000
00068 CS:  0010 DS: 0000 ES: 0000 CR0: 0000000080050033
00068 CR2: 00007f81738053e8 CR3: 0000000120bb8000 CR4: 0000000000750eb0
00068 PKRU: 55555554
00068 Call Trace:
00068  <TASK>
00068  ? local_object_create+0x109/0x640 [obdclass]
00068  ? dt_write_lock+0x16d/0x2a0 [obdclass]
00068  ? llog_osd_create+0x356/0x1140 [obdclass]
00068  ? llog_create+0x2ed/0x530 [obdclass]
00068  ? llog_open_create+0x5af/0xb10 [obdclass]
00068  ? llog_test_7_sub+0xea/0x1250 [llog_test]
00068  ? llog_test_7+0x706/0xf50 [llog_test]
00068  ? llog_run_tests+0x3614/0x5ac0 [llog_test]
00068  ? get_random_u32+0x51/0x470
00068  ? llog_test_device_init+0x503/0x840 [llog_test]
00068  ? obd_setup+0x559/0x960 [obdclass]
00068  ? class_setup+0xc7d/0x10e0 [obdclass]
00068  ? class_process_config+0x2edb/0x7cb0 [obdclass]
00068  ? class_handle_ioctl+0x2055/0x3590 [obdclass]
00068  ? obd_class_ioctl+0x1f6/0x3c0 [obdclass]
00068  ? __x64_sys_ioctl+0x961/0xe00
00068  ? _copy_to_user+0x3d/0x60
00068  ? __x64_sys_rt_sigaction+0x107/0x140
00068  ? do_syscall_64+0xc1/0x350
00068  ? entry_SYSCALL_64_after_hwframe+0x4b/0x53
00068  </TASK>
00068 ---[ end trace 0000000000000000 ]---
00071 Lustre: 2178:0:(llog_test.c:1024:llog_test_7_sub()) 7_sub: records are not aligned, written 64071 from 64767
00081 Lustre: 2178:0:(llog_test.c:1151:llog_test_7()) 7h: test llog_setattr64_rec_v2
00081 ------------[ cut here ]------------
00081 WARNING: /home/ktest/git/linux/include/linux/fs.h:889 at osd_create+0x9cf/0xcf0 [osd_wbcfs], CPU#14: lctl/2178
00081 Modules linked in: llog_test(O) mgs(O) osd_wbcfs(O) lustre(O) obdecho(O) mgc(O) mdc(O) lov(O) osc(O) lmv(O) ec(O) fid(O) fld(O) ptlrpc(O) efivarfs obdclass(O) ksocklnd(O) lnet(O) libcfs(O)
00081 CPU: 14 UID: 0 PID: 2178 Comm: lctl Tainted: G        W  O        7.0.0-ktest-50f3cfb-6330a45-20260724-dirty #1 PREEMPT 
00081 Tainted: [W]=WARN, [O]=OOT_MODULE
00081 Hardware name: QEMU Standard PC (Q35 + ICH9, 2009), BIOS 2025.11-3ubuntu7 03/31/2026
00081 RIP: 0010:osd_create+0x9cf/0xcf0 [osd_wbcfs]
00081 Code: c7 c7 00 76 7c a1 48 c7 c6 a0 f2 7d a1 48 c7 c2 00 fc 7d a1 e8 82 dd 43 ff 48 c7 c7 00 76 7c a1 e8 f6 6a 44 ff e9 fe fc ff ff <0f> 0b e9 a5 fa ff ff 48 c7 c1 80 44 5d a0 80 e1 07 80 c1 03 38 c1
00081 RSP: 0018:ffffc90002a076f8 EFLAGS: 00010246
00081 RAX: 0000000000000000 RBX: ffff88819c5f8800 RCX: 0000000000000046
00081 RDX: 0000000000000000 RSI: ffff88819ca42d60 RDI: ffff888137c22a58
00081 RBP: ffff88819ca42cd0 R08: ffffffff83a16803 R09: 1ffffffff0742d00
00081 R10: dffffc0000000000 R11: fffffbfff0742d01 R12: ffff88814ebbc400
00081 R13: dffffc0000000000 R14: 1ffff110338bf100 R15: 1ffff11029d7788f
00081 FS:  00007fe47b056940(0000) GS:ffff88831eb2d000(0000) knlGS:0000000000000000
00081 CS:  0010 DS: 0000 ES: 0000 CR0: 0000000080050033
00081 CR2: 00007f81738053e8 CR3: 0000000120bb8000 CR4: 0000000000750eb0
00081 PKRU: 55555554
00081 Call Trace:
00081  <TASK>
00081  ? local_object_create+0x109/0x640 [obdclass]
00081  ? dt_write_lock+0x16d/0x2a0 [obdclass]
00081  ? llog_osd_create+0x356/0x1140 [obdclass]
00081  ? llog_create+0x2ed/0x530 [obdclass]
00081  ? llog_open_create+0x5af/0xb10 [obdclass]
00081  ? llog_test_7_sub+0xea/0x1250 [llog_test]
00081  ? llog_test_7+0xa99/0xf50 [llog_test]
00081  ? llog_run_tests+0x3614/0x5ac0 [llog_test]
00081  ? get_random_u32+0x51/0x470
00081  ? llog_test_device_init+0x503/0x840 [llog_test]
00081  ? obd_setup+0x559/0x960 [obdclass]
00081  ? class_setup+0xc7d/0x10e0 [obdclass]
00081  ? class_process_config+0x2edb/0x7cb0 [obdclass]
00081  ? class_handle_ioctl+0x2055/0x3590 [obdclass]
00081  ? obd_class_ioctl+0x1f6/0x3c0 [obdclass]
00081  ? __x64_sys_ioctl+0x961/0xe00
00081  ? _copy_to_user+0x3d/0x60
00081  ? __x64_sys_rt_sigaction+0x107/0x140
00081  ? do_syscall_64+0xc1/0x350
00081  ? entry_SYSCALL_64_after_hwframe+0x4b/0x53
00081  </TASK>
00081 ---[ end trace 0000000000000000 ]---
00084 Lustre: 2178:0:(llog_test.c:1024:llog_test_7_sub()) 7_sub: records are not aligned, written 64071 from 64767
00085 Lustre: 2178:0:(llog_test.c:1261:llog_test_8()) 8a: fill the first plain llog
00085 ------------[ cut here ]------------
00085 WARNING: /home/ktest/git/linux/include/linux/fs.h:889 at osd_create+0x9cf/0xcf0 [osd_wbcfs], CPU#14: lctl/2178
00085 Modules linked in: llog_test(O) mgs(O) osd_wbcfs(O) lustre(O) obdecho(O) mgc(O) mdc(O) lov(O) osc(O) lmv(O) ec(O) fid(O) fld(O) ptlrpc(O) efivarfs obdclass(O) ksocklnd(O) lnet(O) libcfs(O)
00085 CPU: 14 UID: 0 PID: 2178 Comm: lctl Tainted: G        W  O        7.0.0-ktest-50f3cfb-6330a45-20260724-dirty #1 PREEMPT 
00085 Tainted: [W]=WARN, [O]=OOT_MODULE
00085 Hardware name: QEMU Standard PC (Q35 + ICH9, 2009), BIOS 2025.11-3ubuntu7 03/31/2026
00085 RIP: 0010:osd_create+0x9cf/0xcf0 [osd_wbcfs]
00085 Code: c7 c7 00 76 7c a1 48 c7 c6 a0 f2 7d a1 48 c7 c2 00 fc 7d a1 e8 82 dd 43 ff 48 c7 c7 00 76 7c a1 e8 f6 6a 44 ff e9 fe fc ff ff <0f> 0b e9 a5 fa ff ff 48 c7 c1 80 44 5d a0 80 e1 07 80 c1 03 38 c1
00085 RSP: 0018:ffffc90002a074c8 EFLAGS: 00010246
00085 RAX: 0000000000000000 RBX: ffff88813dba7800 RCX: 0000000000000046
00085 RDX: 0000000000000000 RSI: ffff88813935d0d8 RDI: ffff888137c22a80
00085 RBP: ffff88813935d048 R08: ffffffff83a16803 R09: 1ffffffff0742d00
00085 R10: dffffc0000000000 R11: fffffbfff0742d01 R12: ffff88814ebbc400
00085 R13: dffffc0000000000 R14: 1ffff11027b74f00 R15: 1ffff11029d7788f
00085 FS:  00007fe47b056940(0000) GS:ffff88831eb2d000(0000) knlGS:0000000000000000
00085 CS:  0010 DS: 0000 ES: 0000 CR0: 0000000080050033
00085 CR2: 00007f81738053e8 CR3: 0000000120bb8000 CR4: 0000000000750eb0
00085 PKRU: 55555554
00085 Call Trace:
00085  <TASK>
00085  ? local_object_create+0x109/0x640 [obdclass]
00085  ? dt_write_lock+0x16d/0x2a0 [obdclass]
00085  ? llog_osd_create+0x356/0x1140 [obdclass]
00085  ? llog_create+0x2ed/0x530 [obdclass]
00085  ? llog_cat_new_log+0x6c3/0x2bf0 [obdclass]
00085  ? llog_cat_add_rec+0x6ba/0x1960 [obdclass]
00085  ? llog_cat_add+0x451/0x890 [obdclass]
00085  ? llog_test_8+0x567/0x1c20 [llog_test]
00085  ? do_raw_spin_unlock+0x52/0x230
00085  ? _raw_spin_unlock+0x23/0x40
00085  ? __llog_ctxt_put+0x1c4/0x2f0 [obdclass]
00085  ? llog_run_tests+0x39a2/0x5ac0 [llog_test]
00085  ? get_random_u32+0x51/0x470
00085  ? llog_test_device_init+0x503/0x840 [llog_test]
00085  ? obd_setup+0x559/0x960 [obdclass]
00085  ? class_setup+0xc7d/0x10e0 [obdclass]
00085  ? class_process_config+0x2edb/0x7cb0 [obdclass]
00085  ? class_handle_ioctl+0x2055/0x3590 [obdclass]
00085  ? obd_class_ioctl+0x1f6/0x3c0 [obdclass]
00085  ? __x64_sys_ioctl+0x961/0xe00
00085  ? _copy_to_user+0x3d/0x60
00085  ? __x64_sys_rt_sigaction+0x107/0x140
00085  ? do_syscall_64+0xc1/0x350
00085  ? entry_SYSCALL_64_after_hwframe+0x4b/0x53
00085  </TASK>
00085 ---[ end trace 0000000000000000 ]---
00085 Lustre: 2178:0:(llog_test.c:1290:llog_test_8()) 8b: first llog [0x1:0x10:0x0]
00085 Lustre: 2178:0:(llog_test.c:1306:llog_test_8()) 8b: fill the second plain llog
00085 ------------[ cut here ]------------
00085 WARNING: /home/ktest/git/linux/include/linux/fs.h:889 at osd_create+0x9cf/0xcf0 [osd_wbcfs], CPU#14: lctl/2178
00085 Modules linked in: llog_test(O) mgs(O) osd_wbcfs(O) lustre(O) obdecho(O) mgc(O) mdc(O) lov(O) osc(O) lmv(O) ec(O) fid(O) fld(O) ptlrpc(O) efivarfs obdclass(O) ksocklnd(O) lnet(O) libcfs(O)
00085 CPU: 14 UID: 0 PID: 2178 Comm: lctl Tainted: G        W  O        7.0.0-ktest-50f3cfb-6330a45-20260724-dirty #1 PREEMPT 
00085 Tainted: [W]=WARN, [O]=OOT_MODULE
00085 Hardware name: QEMU Standard PC (Q35 + ICH9, 2009), BIOS 2025.11-3ubuntu7 03/31/2026
00085 RIP: 0010:osd_create+0x9cf/0xcf0 [osd_wbcfs]
00085 Code: c7 c7 00 76 7c a1 48 c7 c6 a0 f2 7d a1 48 c7 c2 00 fc 7d a1 e8 82 dd 43 ff 48 c7 c7 00 76 7c a1 e8 f6 6a 44 ff e9 fe fc ff ff <0f> 0b e9 a5 fa ff ff 48 c7 c1 80 44 5d a0 80 e1 07 80 c1 03 38 c1
00085 RSP: 0018:ffffc90002a074c8 EFLAGS: 00010246
00085 RAX: 0000000000000000 RBX: ffff88813dba6400 RCX: 0000000000000046
00085 RDX: 0000000000000000 RSI: ffff88813935c9c0 RDI: ffff888137c22a80
00085 RBP: ffff88813935c930 R08: ffffffff83a16803 R09: 1ffffffff0742d00
00085 R10: dffffc0000000000 R11: fffffbfff0742d01 R12: ffff88814ebbc400
00085 R13: dffffc0000000000 R14: 1ffff11027b74c80 R15: 1ffff11029d7788f
00085 FS:  00007fe47b056940(0000) GS:ffff88831eb2d000(0000) knlGS:0000000000000000
00085 CS:  0010 DS: 0000 ES: 0000 CR0: 0000000080050033
00085 CR2: 00007f81738053e8 CR3: 0000000120bb8000 CR4: 0000000000750eb0
00085 PKRU: 55555554
00085 Call Trace:
00085  <TASK>
00085  ? local_object_create+0x109/0x640 [obdclass]
00085  ? dt_write_lock+0x16d/0x2a0 [obdclass]
00085  ? llog_osd_create+0x356/0x1140 [obdclass]
00085  ? llog_create+0x2ed/0x530 [obdclass]
00085  ? llog_cat_new_log+0x6c3/0x2bf0 [obdclass]
00085  ? llog_cat_add_rec+0x6ba/0x1960 [obdclass]
00085  ? llog_cat_add+0x451/0x890 [obdclass]
00085  ? llog_test_8+0xd89/0x1c20 [llog_test]
00085  ? do_raw_spin_unlock+0x52/0x230
00085  ? _raw_spin_unlock+0x23/0x40
00085  ? __llog_ctxt_put+0x1c4/0x2f0 [obdclass]
00085  ? llog_run_tests+0x39a2/0x5ac0 [llog_test]
00085  ? get_random_u32+0x51/0x470
00085  ? llog_test_device_init+0x503/0x840 [llog_test]
00085  ? obd_setup+0x559/0x960 [obdclass]
00085  ? class_setup+0xc7d/0x10e0 [obdclass]
00085  ? class_process_config+0x2edb/0x7cb0 [obdclass]
00085  ? class_handle_ioctl+0x2055/0x3590 [obdclass]
00085  ? obd_class_ioctl+0x1f6/0x3c0 [obdclass]
00085  ? __x64_sys_ioctl+0x961/0xe00
00085  ? _copy_to_user+0x3d/0x60
00085  ? __x64_sys_rt_sigaction+0x107/0x140
00085  ? do_syscall_64+0xc1/0x350
00085  ? entry_SYSCALL_64_after_hwframe+0x4b/0x53
00085  </TASK>
00085 ---[ end trace 0000000000000000 ]---
00085 Lustre: 2178:0:(llog_test.c:1330:llog_test_8()) 8b: pin llog [0x1:0x12:0x0]
00085 Lustre: 2178:0:(llog_test.c:1333:llog_test_8()) 8b: clean first llog record in catalog
00085 Lustre: 2178:0:(llog_test.c:1344:llog_test_8()) 8c: corrupt first chunk in the middle
00085 Lustre: 2178:0:(llog_test.c:1347:llog_test_8()) 8c: corrupt second chunk at start
00085 Lustre: 2178:0:(llog_test.c:1350:llog_test_8()) 8d: count survived records
00085 Lustre: 2178:0:(llog_test.c:1380:llog_test_8()) 8d: close re-opened catalog
00085 Lustre: 2178:0:(llog_test.c:1441:llog_test_9()) 9a: test llog_logid_rec
00085 ------------[ cut here ]------------
00085 WARNING: /home/ktest/git/linux/include/linux/fs.h:889 at osd_create+0x9cf/0xcf0 [osd_wbcfs], CPU#14: lctl/2178
00085 Modules linked in: llog_test(O) mgs(O) osd_wbcfs(O) lustre(O) obdecho(O) mgc(O) mdc(O) lov(O) osc(O) lmv(O) ec(O) fid(O) fld(O) ptlrpc(O) efivarfs obdclass(O) ksocklnd(O) lnet(O) libcfs(O)
00085 CPU: 14 UID: 0 PID: 2178 Comm: lctl Tainted: G        W  O        7.0.0-ktest-50f3cfb-6330a45-20260724-dirty #1 PREEMPT 
00085 Tainted: [W]=WARN, [O]=OOT_MODULE
00085 Hardware name: QEMU Standard PC (Q35 + ICH9, 2009), BIOS 2025.11-3ubuntu7 03/31/2026
00085 RIP: 0010:osd_create+0x9cf/0xcf0 [osd_wbcfs]
00085 Code: c7 c7 00 76 7c a1 48 c7 c6 a0 f2 7d a1 48 c7 c2 00 fc 7d a1 e8 82 dd 43 ff 48 c7 c7 00 76 7c a1 e8 f6 6a 44 ff e9 fe fc ff ff <0f> 0b e9 a5 fa ff ff 48 c7 c1 80 44 5d a0 80 e1 07 80 c1 03 38 c1
00085 RSP: 0018:ffffc90002a07720 EFLAGS: 00010246
00085 RAX: 0000000000000000 RBX: ffff888184265c00 RCX: 0000000000000046
00085 RDX: 0000000000000000 RSI: ffff88813935c2a8 RDI: ffff888137c22a58
00085 RBP: ffff88813935c218 R08: ffffffff83a16803 R09: 1ffffffff0742d00
00085 R10: dffffc0000000000 R11: fffffbfff0742d01 R12: ffff88814ebbc400
00085 R13: dffffc0000000000 R14: 1ffff1103084cb80 R15: 1ffff11029d7788f
00085 FS:  00007fe47b056940(0000) GS:ffff88831eb2d000(0000) knlGS:0000000000000000
00085 CS:  0010 DS: 0000 ES: 0000 CR0: 0000000080050033
00085 CR2: 00007f81738053e8 CR3: 0000000120bb8000 CR4: 0000000000750eb0
00085 PKRU: 55555554
00085 Call Trace:
00085  <TASK>
00085  ? local_object_create+0x109/0x640 [obdclass]
00085  ? dt_write_lock+0x16d/0x2a0 [obdclass]
00085  ? llog_osd_create+0x356/0x1140 [obdclass]
00085  ? llog_create+0x2ed/0x530 [obdclass]
00085  ? llog_open_create+0x5af/0xb10 [obdclass]
00085  ? llog_test_9_sub+0xd4/0x800 [llog_test]
00085  ? llog_test_9+0x242/0x960 [llog_test]
00085  ? llog_run_tests+0x3d64/0x5ac0 [llog_test]
00085  ? get_random_u32+0x51/0x470
00085  ? llog_test_device_init+0x503/0x840 [llog_test]
00085  ? obd_setup+0x559/0x960 [obdclass]
00085  ? class_setup+0xc7d/0x10e0 [obdclass]
00085  ? class_process_config+0x2edb/0x7cb0 [obdclass]
00085  ? class_handle_ioctl+0x2055/0x3590 [obdclass]
00085  ? obd_class_ioctl+0x1f6/0x3c0 [obdclass]
00085  ? __x64_sys_ioctl+0x961/0xe00
00085  ? _copy_to_user+0x3d/0x60
00085  ? __x64_sys_rt_sigaction+0x107/0x140
00085  ? do_syscall_64+0xc1/0x350
00085  ? entry_SYSCALL_64_after_hwframe+0x4b/0x53
00085  </TASK>
00085 ---[ end trace 0000000000000000 ]---
00085 Lustre: 2178:0:(llog_test.c:1425:llog_test_9_sub()) 9_sub: record type 1064553b in log 0x1:0x14:0x0
00085 Lustre: 2178:0:(llog_test.c:1452:llog_test_9()) 9b: test llog_obd_cfg_rec
00085 ------------[ cut here ]------------
00085 WARNING: /home/ktest/git/linux/include/linux/fs.h:889 at osd_create+0x9cf/0xcf0 [osd_wbcfs], CPU#14: lctl/2178
00085 Modules linked in: llog_test(O) mgs(O) osd_wbcfs(O) lustre(O) obdecho(O) mgc(O) mdc(O) lov(O) osc(O) lmv(O) ec(O) fid(O) fld(O) ptlrpc(O) efivarfs obdclass(O) ksocklnd(O) lnet(O) libcfs(O)
00085 CPU: 14 UID: 0 PID: 2178 Comm: lctl Tainted: G        W  O        7.0.0-ktest-50f3cfb-6330a45-20260724-dirty #1 PREEMPT 
00085 Tainted: [W]=WARN, [O]=OOT_MODULE
00085 Hardware name: QEMU Standard PC (Q35 + ICH9, 2009), BIOS 2025.11-3ubuntu7 03/31/2026
00085 RIP: 0010:osd_create+0x9cf/0xcf0 [osd_wbcfs]
00085 Code: c7 c7 00 76 7c a1 48 c7 c6 a0 f2 7d a1 48 c7 c2 00 fc 7d a1 e8 82 dd 43 ff 48 c7 c7 00 76 7c a1 e8 f6 6a 44 ff e9 fe fc ff ff <0f> 0b e9 a5 fa ff ff 48 c7 c1 80 44 5d a0 80 e1 07 80 c1 03 38 c1
00085 RSP: 0018:ffffc90002a07720 EFLAGS: 00010246
00085 RAX: 0000000000000000 RBX: ffff888184265000 RCX: 0000000000000046
00085 RDX: 0000000000000000 RSI: ffff88813935bb90 RDI: ffff888137c22a58
00085 RBP: ffff88813935bb00 R08: ffffffff83a16803 R09: 1ffffffff0742d00
00085 R10: dffffc0000000000 R11: fffffbfff0742d01 R12: ffff88814ebbc400
00085 R13: dffffc0000000000 R14: 1ffff1103084ca00 R15: 1ffff11029d7788f
00085 FS:  00007fe47b056940(0000) GS:ffff88831eb2d000(0000) knlGS:0000000000000000
00085 CS:  0010 DS: 0000 ES: 0000 CR0: 0000000080050033
00085 CR2: 00007f81738053e8 CR3: 0000000120bb8000 CR4: 0000000000750eb0
00085 PKRU: 55555554
00085 Call Trace:
00085  <TASK>
00085  ? local_object_create+0x109/0x640 [obdclass]
00085  ? dt_write_lock+0x16d/0x2a0 [obdclass]
00085  ? llog_osd_create+0x356/0x1140 [obdclass]
00085  ? llog_create+0x2ed/0x530 [obdclass]
00085  ? llog_open_create+0x5af/0xb10 [obdclass]
00085  ? llog_test_9_sub+0xd4/0x800 [llog_test]
00085  ? llog_test_9+0x373/0x960 [llog_test]
00085  ? llog_run_tests+0x3d64/0x5ac0 [llog_test]
00085  ? get_random_u32+0x51/0x470
00085  ? llog_test_device_init+0x503/0x840 [llog_test]
00085  ? obd_setup+0x559/0x960 [obdclass]
00085  ? class_setup+0xc7d/0x10e0 [obdclass]
00085  ? class_process_config+0x2edb/0x7cb0 [obdclass]
00085  ? class_handle_ioctl+0x2055/0x3590 [obdclass]
00085  ? obd_class_ioctl+0x1f6/0x3c0 [obdclass]
00085  ? __x64_sys_ioctl+0x961/0xe00
00085  ? _copy_to_user+0x3d/0x60
00085  ? __x64_sys_rt_sigaction+0x107/0x140
00085  ? do_syscall_64+0xc1/0x350
00085  ? entry_SYSCALL_64_after_hwframe+0x4b/0x53
00085  </TASK>
00085 ---[ end trace 0000000000000000 ]---
00085 Lustre: 2178:0:(llog_test.c:1463:llog_test_9()) 9c: test llog_changelog_rec
00085 ------------[ cut here ]------------
00085 WARNING: /home/ktest/git/linux/include/linux/fs.h:889 at osd_create+0x9cf/0xcf0 [osd_wbcfs], CPU#14: lctl/2178
00085 Modules linked in: llog_test(O) mgs(O) osd_wbcfs(O) lustre(O) obdecho(O) mgc(O) mdc(O) lov(O) osc(O) lmv(O) ec(O) fid(O) fld(O) ptlrpc(O) efivarfs obdclass(O) ksocklnd(O) lnet(O) libcfs(O)
00085 CPU: 14 UID: 0 PID: 2178 Comm: lctl Tainted: G        W  O        7.0.0-ktest-50f3cfb-6330a45-20260724-dirty #1 PREEMPT 
00085 Tainted: [W]=WARN, [O]=OOT_MODULE
00085 Hardware name: QEMU Standard PC (Q35 + ICH9, 2009), BIOS 2025.11-3ubuntu7 03/31/2026
00085 RIP: 0010:osd_create+0x9cf/0xcf0 [osd_wbcfs]
00085 Code: c7 c7 00 76 7c a1 48 c7 c6 a0 f2 7d a1 48 c7 c2 00 fc 7d a1 e8 82 dd 43 ff 48 c7 c7 00 76 7c a1 e8 f6 6a 44 ff e9 fe fc ff ff <0f> 0b e9 a5 fa ff ff 48 c7 c1 80 44 5d a0 80 e1 07 80 c1 03 38 c1
00085 RSP: 0018:ffffc90002a07720 EFLAGS: 00010246
00085 RAX: 0000000000000000 RBX: ffff888184264800 RCX: 0000000000000046
00085 RDX: 0000000000000000 RSI: ffff88813935b478 RDI: ffff888137c22a58
00085 RBP: ffff88813935b3e8 R08: ffffffff83a16803 R09: 1ffffffff0742d00
00085 R10: dffffc0000000000 R11: fffffbfff0742d01 R12: ffff88814ebbc400
00085 R13: dffffc0000000000 R14: 1ffff1103084c900 R15: 1ffff11029d7788f
00085 FS:  00007fe47b056940(0000) GS:ffff88831eb2d000(0000) knlGS:0000000000000000
00085 CS:  0010 DS: 0000 ES: 0000 CR0: 0000000080050033
00085 CR2: 00007f81738053e8 CR3: 0000000120bb8000 CR4: 0000000000750eb0
00085 PKRU: 55555554
00085 Call Trace:
00085  <TASK>
00085  ? local_object_create+0x109/0x640 [obdclass]
00085  ? dt_write_lock+0x16d/0x2a0 [obdclass]
00085  ? llog_osd_create+0x356/0x1140 [obdclass]
00085  ? llog_create+0x2ed/0x530 [obdclass]
00085  ? llog_open_create+0x5af/0xb10 [obdclass]
00085  ? llog_test_9_sub+0xd4/0x800 [llog_test]
00085  ? llog_test_9+0x4a4/0x960 [llog_test]
00085  ? llog_run_tests+0x3d64/0x5ac0 [llog_test]
00085  ? get_random_u32+0x51/0x470
00085  ? llog_test_device_init+0x503/0x840 [llog_test]
00085  ? obd_setup+0x559/0x960 [obdclass]
00085  ? class_setup+0xc7d/0x10e0 [obdclass]
00085  ? class_process_config+0x2edb/0x7cb0 [obdclass]
00085  ? class_handle_ioctl+0x2055/0x3590 [obdclass]
00085  ? obd_class_ioctl+0x1f6/0x3c0 [obdclass]
00085  ? __x64_sys_ioctl+0x961/0xe00
00085  ? _copy_to_user+0x3d/0x60
00085  ? __x64_sys_rt_sigaction+0x107/0x140
00085  ? do_syscall_64+0xc1/0x350
00085  ? entry_SYSCALL_64_after_hwframe+0x4b/0x53
00085  </TASK>
00085 ---[ end trace 0000000000000000 ]---
00085 Lustre: 2178:0:(llog_test.c:1475:llog_test_9()) 9d: test llog_changelog_user_rec2
00085 ------------[ cut here ]------------
00085 WARNING: /home/ktest/git/linux/include/linux/fs.h:889 at osd_create+0x9cf/0xcf0 [osd_wbcfs], CPU#14: lctl/2178
00085 Modules linked in: llog_test(O) mgs(O) osd_wbcfs(O) lustre(O) obdecho(O) mgc(O) mdc(O) lov(O) osc(O) lmv(O) ec(O) fid(O) fld(O) ptlrpc(O) efivarfs obdclass(O) ksocklnd(O) lnet(O) libcfs(O)
00085 CPU: 14 UID: 0 PID: 2178 Comm: lctl Tainted: G        W  O        7.0.0-ktest-50f3cfb-6330a45-20260724-dirty #1 PREEMPT 
00085 Tainted: [W]=WARN, [O]=OOT_MODULE
00085 Hardware name: QEMU Standard PC (Q35 + ICH9, 2009), BIOS 2025.11-3ubuntu7 03/31/2026
00085 RIP: 0010:osd_create+0x9cf/0xcf0 [osd_wbcfs]
00085 Code: c7 c7 00 76 7c a1 48 c7 c6 a0 f2 7d a1 48 c7 c2 00 fc 7d a1 e8 82 dd 43 ff 48 c7 c7 00 76 7c a1 e8 f6 6a 44 ff e9 fe fc ff ff <0f> 0b e9 a5 fa ff ff 48 c7 c1 80 44 5d a0 80 e1 07 80 c1 03 38 c1
00085 RSP: 0018:ffffc90002a07720 EFLAGS: 00010246
00085 RAX: 0000000000000000 RBX: ffff888184264000 RCX: 0000000000000046
00085 RDX: 0000000000000000 RSI: ffff88813935ad60 RDI: ffff888137c22a58
00085 RBP: ffff88813935acd0 R08: ffffffff83a16803 R09: 1ffffffff0742d00
00085 R10: dffffc0000000000 R11: fffffbfff0742d01 R12: ffff88814ebbc400
00085 R13: dffffc0000000000 R14: 1ffff1103084c800 R15: 1ffff11029d7788f
00085 FS:  00007fe47b056940(0000) GS:ffff88831eb2d000(0000) knlGS:0000000000000000
00085 CS:  0010 DS: 0000 ES: 0000 CR0: 0000000080050033
00085 CR2: 00007f81738053e8 CR3: 0000000120bb8000 CR4: 0000000000750eb0
00085 PKRU: 55555554
00085 Call Trace:
00085  <TASK>
00085  ? local_object_create+0x109/0x640 [obdclass]
00085  ? dt_write_lock+0x16d/0x2a0 [obdclass]
00085  ? llog_osd_create+0x356/0x1140 [obdclass]
00085  ? llog_create+0x2ed/0x530 [obdclass]
00085  ? llog_open_create+0x5af/0xb10 [obdclass]
00085  ? llog_test_9_sub+0xd4/0x800 [llog_test]
00085  ? llog_test_9+0x5d5/0x960 [llog_test]
00085  ? llog_run_tests+0x3d64/0x5ac0 [llog_test]
00085  ? get_random_u32+0x51/0x470
00085  ? llog_test_device_init+0x503/0x840 [llog_test]
00085  ? obd_setup+0x559/0x960 [obdclass]
00085  ? class_setup+0xc7d/0x10e0 [obdclass]
00085  ? class_process_config+0x2edb/0x7cb0 [obdclass]
00085  ? class_handle_ioctl+0x2055/0x3590 [obdclass]
00085  ? obd_class_ioctl+0x1f6/0x3c0 [obdclass]
00085  ? __x64_sys_ioctl+0x961/0xe00
00085  ? _copy_to_user+0x3d/0x60
00085  ? __x64_sys_rt_sigaction+0x107/0x140
00085  ? do_syscall_64+0xc1/0x350
00085  ? entry_SYSCALL_64_after_hwframe+0x4b/0x53
00085  </TASK>
00085 ---[ end trace 0000000000000000 ]---
00085 Lustre: 2178:0:(llog_test.c:1576:llog_test_10()) 10a: create a catalog log with name: aad20171
00085 ------------[ cut here ]------------
00085 WARNING: /home/ktest/git/linux/include/linux/fs.h:889 at osd_create+0x9cf/0xcf0 [osd_wbcfs], CPU#14: lctl/2178
00085 Modules linked in: llog_test(O) mgs(O) osd_wbcfs(O) lustre(O) obdecho(O) mgc(O) mdc(O) lov(O) osc(O) lmv(O) ec(O) fid(O) fld(O) ptlrpc(O) efivarfs obdclass(O) ksocklnd(O) lnet(O) libcfs(O)
00085 CPU: 14 UID: 0 PID: 2178 Comm: lctl Tainted: G        W  O        7.0.0-ktest-50f3cfb-6330a45-20260724-dirty #1 PREEMPT 
00085 Tainted: [W]=WARN, [O]=OOT_MODULE
00085 Hardware name: QEMU Standard PC (Q35 + ICH9, 2009), BIOS 2025.11-3ubuntu7 03/31/2026
00085 RIP: 0010:osd_create+0x9cf/0xcf0 [osd_wbcfs]
00085 Code: c7 c7 00 76 7c a1 48 c7 c6 a0 f2 7d a1 48 c7 c2 00 fc 7d a1 e8 82 dd 43 ff 48 c7 c7 00 76 7c a1 e8 f6 6a 44 ff e9 fe fc ff ff <0f> 0b e9 a5 fa ff ff 48 c7 c1 80 44 5d a0 80 e1 07 80 c1 03 38 c1
00085 RSP: 0018:ffffc90002a075d8 EFLAGS: 00010246
00085 RAX: 0000000000000000 RBX: ffff888184263800 RCX: 0000000000000046
00085 RDX: 0000000000000000 RSI: ffff88813935a648 RDI: ffff888137c22a58
00085 RBP: ffff88813935a5b8 R08: ffffffff83a16803 R09: 1ffffffff0742d00
00085 R10: dffffc0000000000 R11: fffffbfff0742d01 R12: ffff88814ebbc400
00085 R13: dffffc0000000000 R14: 1ffff1103084c700 R15: 1ffff11029d7788f
00085 FS:  00007fe47b056940(0000) GS:ffff88831eb2d000(0000) knlGS:0000000000000000
00085 CS:  0010 DS: 0000 ES: 0000 CR0: 0000000080050033
00085 CR2: 00007f81738053e8 CR3: 0000000120bb8000 CR4: 0000000000750eb0
00085 PKRU: 55555554
00085 Call Trace:
00085  <TASK>
00085  ? local_object_create+0x109/0x640 [obdclass]
00085  ? dt_write_lock+0x16d/0x2a0 [obdclass]
00085  ? llog_osd_create+0x356/0x1140 [obdclass]
00085  ? llog_create+0x2ed/0x530 [obdclass]
00085  ? llog_open_create+0x5af/0xb10 [obdclass]
00085  ? llog_test_10+0x2e1/0x5600 [llog_test]
00085  ? lu_object_put+0xa64/0x1210 [obdclass]
00085  ? do_raw_spin_unlock+0x52/0x230
00085  ? _raw_spin_unlock+0x23/0x40
00085  ? __llog_ctxt_put+0x1c4/0x2f0 [obdclass]
00085  ? llog_run_tests+0x3f45/0x5ac0 [llog_test]
00085  ? get_random_u32+0x51/0x470
00085  ? llog_test_device_init+0x503/0x840 [llog_test]
00085  ? obd_setup+0x559/0x960 [obdclass]
00085  ? class_setup+0xc7d/0x10e0 [obdclass]
00085  ? class_process_config+0x2edb/0x7cb0 [obdclass]
00085  ? class_handle_ioctl+0x2055/0x3590 [obdclass]
00085  ? obd_class_ioctl+0x1f6/0x3c0 [obdclass]
00085  ? __x64_sys_ioctl+0x961/0xe00
00085  ? _copy_to_user+0x3d/0x60
00085  ? __x64_sys_rt_sigaction+0x107/0x140
00085  ? do_syscall_64+0xc1/0x350
00085  ? entry_SYSCALL_64_after_hwframe+0x4b/0x53
00085  </TASK>
00085 ---[ end trace 0000000000000000 ]---
00085 Lustre: 2178:0:(llog_test.c:1608:llog_test_10()) 10b: write 64767 log records
00085 ------------[ cut here ]------------
00085 WARNING: /home/ktest/git/linux/include/linux/fs.h:889 at osd_create+0x9cf/0xcf0 [osd_wbcfs], CPU#14: lctl/2178
00085 Modules linked in: llog_test(O) mgs(O) osd_wbcfs(O) lustre(O) obdecho(O) mgc(O) mdc(O) lov(O) osc(O) lmv(O) ec(O) fid(O) fld(O) ptlrpc(O) efivarfs obdclass(O) ksocklnd(O) lnet(O) libcfs(O)
00085 CPU: 14 UID: 0 PID: 2178 Comm: lctl Tainted: G        W  O        7.0.0-ktest-50f3cfb-6330a45-20260724-dirty #1 PREEMPT 
00085 Tainted: [W]=WARN, [O]=OOT_MODULE
00085 Hardware name: QEMU Standard PC (Q35 + ICH9, 2009), BIOS 2025.11-3ubuntu7 03/31/2026
00085 RIP: 0010:osd_create+0x9cf/0xcf0 [osd_wbcfs]
00085 Code: c7 c7 00 76 7c a1 48 c7 c6 a0 f2 7d a1 48 c7 c2 00 fc 7d a1 e8 82 dd 43 ff 48 c7 c7 00 76 7c a1 e8 f6 6a 44 ff e9 fe fc ff ff <0f> 0b e9 a5 fa ff ff 48 c7 c1 80 44 5d a0 80 e1 07 80 c1 03 38 c1
00085 RSP: 0018:ffffc90002a07478 EFLAGS: 00010246
00085 RAX: 0000000000000000 RBX: ffff888184263000 RCX: 0000000000000046
00085 RDX: 0000000000000000 RSI: ffff888139359f30 RDI: ffff888137c22a80
00085 RBP: ffff888139359ea0 R08: ffffffff83a16803 R09: 1ffffffff0742d00
00085 R10: dffffc0000000000 R11: fffffbfff0742d01 R12: ffff88814ebbc400
00085 R13: dffffc0000000000 R14: 1ffff1103084c600 R15: 1ffff11029d7788f
00085 FS:  00007fe47b056940(0000) GS:ffff88831eb2d000(0000) knlGS:0000000000000000
00085 CS:  0010 DS: 0000 ES: 0000 CR0: 0000000080050033
00085 CR2: 00007f81738053e8 CR3: 0000000120bb8000 CR4: 0000000000750eb0
00085 PKRU: 55555554
00085 Call Trace:
00085  <TASK>
00085  ? local_object_create+0x109/0x640 [obdclass]
00085  ? dt_write_lock+0x16d/0x2a0 [obdclass]
00085  ? llog_osd_create+0x356/0x1140 [obdclass]
00085  ? llog_create+0x2ed/0x530 [obdclass]
00085  ? llog_cat_new_log+0x6c3/0x2bf0 [obdclass]
00085  ? llog_cat_add_rec+0x6ba/0x1960 [obdclass]
00085  ? llog_cat_add+0x451/0x890 [obdclass]
00085  ? llog_test_10+0x91d/0x5600 [llog_test]
00085  ? lu_object_put+0xa64/0x1210 [obdclass]
00085  ? do_raw_spin_unlock+0x52/0x230
00085  ? _raw_spin_unlock+0x23/0x40
00085  ? __llog_ctxt_put+0x1c4/0x2f0 [obdclass]
00085  ? llog_run_tests+0x3f45/0x5ac0 [llog_test]
00085  ? get_random_u32+0x51/0x470
00085  ? llog_test_device_init+0x503/0x840 [llog_test]
00085  ? obd_setup+0x559/0x960 [obdclass]
00085  ? class_setup+0xc7d/0x10e0 [obdclass]
00085  ? class_process_config+0x2edb/0x7cb0 [obdclass]
00085  ? class_handle_ioctl+0x2055/0x3590 [obdclass]
00085  ? obd_class_ioctl+0x1f6/0x3c0 [obdclass]
00085  ? __x64_sys_ioctl+0x961/0xe00
00085  ? _copy_to_user+0x3d/0x60
00085  ? __x64_sys_rt_sigaction+0x107/0x140
00085  ? do_syscall_64+0xc1/0x350
00085  ? entry_SYSCALL_64_after_hwframe+0x4b/0x53
00085  </TASK>
00085 ---[ end trace 0000000000000000 ]---
00088 ------------[ cut here ]------------
00088 WARNING: /home/ktest/git/linux/include/linux/fs.h:889 at osd_create+0x9cf/0xcf0 [osd_wbcfs], CPU#14: lctl/2178
00088 Modules linked in: llog_test(O) mgs(O) osd_wbcfs(O) lustre(O) obdecho(O) mgc(O) mdc(O) lov(O) osc(O) lmv(O) ec(O) fid(O) fld(O) ptlrpc(O) efivarfs obdclass(O) ksocklnd(O) lnet(O) libcfs(O)
00088 CPU: 14 UID: 0 PID: 2178 Comm: lctl Tainted: G        W  O        7.0.0-ktest-50f3cfb-6330a45-20260724-dirty #1 PREEMPT 
00088 Tainted: [W]=WARN, [O]=OOT_MODULE
00088 Hardware name: QEMU Standard PC (Q35 + ICH9, 2009), BIOS 2025.11-3ubuntu7 03/31/2026
00088 RIP: 0010:osd_create+0x9cf/0xcf0 [osd_wbcfs]
00088 Code: c7 c7 00 76 7c a1 48 c7 c6 a0 f2 7d a1 48 c7 c2 00 fc 7d a1 e8 82 dd 43 ff 48 c7 c7 00 76 7c a1 e8 f6 6a 44 ff e9 fe fc ff ff <0f> 0b e9 a5 fa ff ff 48 c7 c1 80 44 5d a0 80 e1 07 80 c1 03 38 c1
00088 RSP: 0018:ffffc90002a07478 EFLAGS: 00010246
00088 RAX: 0000000000000000 RBX: ffff88810ccd8800 RCX: 0000000000000046
00088 RDX: 0000000000000000 RSI: ffff888139359818 RDI: ffff888137c22a80
00088 RBP: ffff888139359788 R08: ffffffff83a16803 R09: 1ffffffff0742d00
00088 R10: dffffc0000000000 R11: fffffbfff0742d01 R12: ffff88814ebbc400
00088 R13: dffffc0000000000 R14: 1ffff1102199b100 R15: 1ffff11029d7788f
00088 FS:  00007fe47b056940(0000) GS:ffff88831eb2d000(0000) knlGS:0000000000000000
00088 CS:  0010 DS: 0000 ES: 0000 CR0: 0000000080050033
00088 CR2: 00007f81738053e8 CR3: 0000000120bb8000 CR4: 0000000000750eb0
00088 PKRU: 55555554
00088 Call Trace:
00088  <TASK>
00088  ? local_object_create+0x109/0x640 [obdclass]
00088  ? dt_write_lock+0x16d/0x2a0 [obdclass]
00088  ? llog_osd_create+0x356/0x1140 [obdclass]
00088  ? llog_create+0x2ed/0x530 [obdclass]
00088  ? llog_cat_new_log+0x6c3/0x2bf0 [obdclass]
00088  ? llog_cat_add_rec+0x6ba/0x1960 [obdclass]
00088  ? llog_cat_add+0x451/0x890 [obdclass]
00088  ? llog_test_10+0x91d/0x5600 [llog_test]
00088  ? lu_object_put+0xa64/0x1210 [obdclass]
00088  ? do_raw_spin_unlock+0x52/0x230
00088  ? _raw_spin_unlock+0x23/0x40
00088  ? __llog_ctxt_put+0x1c4/0x2f0 [obdclass]
00088  ? llog_run_tests+0x3f45/0x5ac0 [llog_test]
00088  ? get_random_u32+0x51/0x470
00088  ? llog_test_device_init+0x503/0x840 [llog_test]
00088  ? obd_setup+0x559/0x960 [obdclass]
00088  ? class_setup+0xc7d/0x10e0 [obdclass]
00088  ? class_process_config+0x2edb/0x7cb0 [obdclass]
00088  ? class_handle_ioctl+0x2055/0x3590 [obdclass]
00088  ? obd_class_ioctl+0x1f6/0x3c0 [obdclass]
00088  ? __x64_sys_ioctl+0x961/0xe00
00088  ? _copy_to_user+0x3d/0x60
00088  ? __x64_sys_rt_sigaction+0x107/0x140
00088  ? do_syscall_64+0xc1/0x350
00088  ? entry_SYSCALL_64_after_hwframe+0x4b/0x53
00088  </TASK>
00088 ---[ end trace 0000000000000000 ]---
00088 Lustre: 2178:0:(llog_test.c:1634:llog_test_10()) 10c: write 129534 more log records
00090 ------------[ cut here ]------------
00090 WARNING: /home/ktest/git/linux/include/linux/fs.h:889 at osd_create+0x9cf/0xcf0 [osd_wbcfs], CPU#14: lctl/2178
00090 Modules linked in: llog_test(O) mgs(O) osd_wbcfs(O) lustre(O) obdecho(O) mgc(O) mdc(O) lov(O) osc(O) lmv(O) ec(O) fid(O) fld(O) ptlrpc(O) efivarfs obdclass(O) ksocklnd(O) lnet(O) libcfs(O)
00090 CPU: 14 UID: 0 PID: 2178 Comm: lctl Tainted: G        W  O        7.0.0-ktest-50f3cfb-6330a45-20260724-dirty #1 PREEMPT 
00090 Tainted: [W]=WARN, [O]=OOT_MODULE
00090 Hardware name: QEMU Standard PC (Q35 + ICH9, 2009), BIOS 2025.11-3ubuntu7 03/31/2026
00090 RIP: 0010:osd_create+0x9cf/0xcf0 [osd_wbcfs]
00090 Code: c7 c7 00 76 7c a1 48 c7 c6 a0 f2 7d a1 48 c7 c2 00 fc 7d a1 e8 82 dd 43 ff 48 c7 c7 00 76 7c a1 e8 f6 6a 44 ff e9 fe fc ff ff <0f> 0b e9 a5 fa ff ff 48 c7 c1 80 44 5d a0 80 e1 07 80 c1 03 38 c1
00090 RSP: 0018:ffffc90002a07478 EFLAGS: 00010246
00090 RAX: 0000000000000000 RBX: ffff888197d36c00 RCX: 0000000000000046
00090 RDX: 0000000000000000 RSI: ffff888139359100 RDI: ffff888137c22a80
00090 RBP: ffff888139359070 R08: ffffffff83a16803 R09: 1ffffffff0742d00
00090 R10: dffffc0000000000 R11: fffffbfff0742d01 R12: ffff88814ebbc400
00090 R13: dffffc0000000000 R14: 1ffff11032fa6d80 R15: 1ffff11029d7788f
00090 FS:  00007fe47b056940(0000) GS:ffff88831eb2d000(0000) knlGS:0000000000000000
00090 CS:  0010 DS: 0000 ES: 0000 CR0: 0000000080050033
00090 CR2: 00007f81738053e8 CR3: 0000000120bb8000 CR4: 0000000000750eb0
00090 PKRU: 55555554
00090 Call Trace:
00090  <TASK>
00090  ? local_object_create+0x109/0x640 [obdclass]
00090  ? dt_write_lock+0x16d/0x2a0 [obdclass]
00090  ? llog_osd_create+0x356/0x1140 [obdclass]
00090  ? llog_create+0x2ed/0x530 [obdclass]
00090  ? llog_cat_new_log+0x6c3/0x2bf0 [obdclass]
00090  ? llog_cat_add_rec+0x6ba/0x1960 [obdclass]
00090  ? llog_cat_add+0x451/0x890 [obdclass]
00090  ? llog_test_10+0xbd3/0x5600 [llog_test]
00090  ? lu_object_put+0xa64/0x1210 [obdclass]
00090  ? do_raw_spin_unlock+0x52/0x230
00090  ? _raw_spin_unlock+0x23/0x40
00090  ? __llog_ctxt_put+0x1c4/0x2f0 [obdclass]
00090  ? llog_run_tests+0x3f45/0x5ac0 [llog_test]
00090  ? get_random_u32+0x51/0x470
00090  ? llog_test_device_init+0x503/0x840 [llog_test]
00090  ? obd_setup+0x559/0x960 [obdclass]
00090  ? class_setup+0xc7d/0x10e0 [obdclass]
00090  ? class_process_config+0x2edb/0x7cb0 [obdclass]
00090  ? class_handle_ioctl+0x2055/0x3590 [obdclass]
00090  ? obd_class_ioctl+0x1f6/0x3c0 [obdclass]
00090  ? __x64_sys_ioctl+0x961/0xe00
00090  ? _copy_to_user+0x3d/0x60
00090  ? __x64_sys_rt_sigaction+0x107/0x140
00090  ? do_syscall_64+0xc1/0x350
00090  ? entry_SYSCALL_64_after_hwframe+0x4b/0x53
00090  </TASK>
00090 ---[ end trace 0000000000000000 ]---
00093 ------------[ cut here ]------------
00093 WARNING: /home/ktest/git/linux/include/linux/fs.h:889 at osd_create+0x9cf/0xcf0 [osd_wbcfs], CPU#14: lctl/2178
00093 Modules linked in: llog_test(O) mgs(O) osd_wbcfs(O) lustre(O) obdecho(O) mgc(O) mdc(O) lov(O) osc(O) lmv(O) ec(O) fid(O) fld(O) ptlrpc(O) efivarfs obdclass(O) ksocklnd(O) lnet(O) libcfs(O)
00093 CPU: 14 UID: 0 PID: 2178 Comm: lctl Tainted: G        W  O        7.0.0-ktest-50f3cfb-6330a45-20260724-dirty #1 PREEMPT 
00093 Tainted: [W]=WARN, [O]=OOT_MODULE
00093 Hardware name: QEMU Standard PC (Q35 + ICH9, 2009), BIOS 2025.11-3ubuntu7 03/31/2026
00093 RIP: 0010:osd_create+0x9cf/0xcf0 [osd_wbcfs]
00093 Code: c7 c7 00 76 7c a1 48 c7 c6 a0 f2 7d a1 48 c7 c2 00 fc 7d a1 e8 82 dd 43 ff 48 c7 c7 00 76 7c a1 e8 f6 6a 44 ff e9 fe fc ff ff <0f> 0b e9 a5 fa ff ff 48 c7 c1 80 44 5d a0 80 e1 07 80 c1 03 38 c1
00093 RSP: 0018:ffffc90002a07478 EFLAGS: 00010246
00093 RAX: 0000000000000000 RBX: ffff88819bc3ac00 RCX: 0000000000000046
00093 RDX: 0000000000000000 RSI: ffff8881393589e8 RDI: ffff888137c22a80
00093 RBP: ffff888139358958 R08: ffffffff83a16803 R09: 1ffffffff0742d00
00093 R10: dffffc0000000000 R11: fffffbfff0742d01 R12: ffff88814ebbc400
00093 R13: dffffc0000000000 R14: 1ffff11033787580 R15: 1ffff11029d7788f
00093 FS:  00007fe47b056940(0000) GS:ffff88831eb2d000(0000) knlGS:0000000000000000
00093 CS:  0010 DS: 0000 ES: 0000 CR0: 0000000080050033
00093 CR2: 00007f81738053e8 CR3: 0000000120bb8000 CR4: 0000000000750eb0
00093 PKRU: 55555554
00093 Call Trace:
00093  <TASK>
00093  ? local_object_create+0x109/0x640 [obdclass]
00093  ? dt_write_lock+0x16d/0x2a0 [obdclass]
00093  ? llog_osd_create+0x356/0x1140 [obdclass]
00093  ? llog_create+0x2ed/0x530 [obdclass]
00093  ? llog_cat_new_log+0x6c3/0x2bf0 [obdclass]
00093  ? llog_cat_add_rec+0x6ba/0x1960 [obdclass]
00093  ? llog_cat_add+0x451/0x890 [obdclass]
00093  ? llog_test_10+0xbd3/0x5600 [llog_test]
00093  ? lu_object_put+0xa64/0x1210 [obdclass]
00093  ? do_raw_spin_unlock+0x52/0x230
00093  ? _raw_spin_unlock+0x23/0x40
00093  ? __llog_ctxt_put+0x1c4/0x2f0 [obdclass]
00093  ? llog_run_tests+0x3f45/0x5ac0 [llog_test]
00093  ? get_random_u32+0x51/0x470
00093  ? llog_test_device_init+0x503/0x840 [llog_test]
00093  ? obd_setup+0x559/0x960 [obdclass]
00093  ? class_setup+0xc7d/0x10e0 [obdclass]
00093  ? class_process_config+0x2edb/0x7cb0 [obdclass]
00093  ? class_handle_ioctl+0x2055/0x3590 [obdclass]
00093  ? obd_class_ioctl+0x1f6/0x3c0 [obdclass]
00093  ? __x64_sys_ioctl+0x961/0xe00
00093  ? _copy_to_user+0x3d/0x60
00093  ? __x64_sys_rt_sigaction+0x107/0x140
00093  ? do_syscall_64+0xc1/0x350
00093  ? entry_SYSCALL_64_after_hwframe+0x4b/0x53
00093  </TASK>
00093 ---[ end trace 0000000000000000 ]---
00093 Lustre: 2178:0:(llog_test.c:1666:llog_test_10()) 10c: write 64767 more log records
00096 Lustre: 2178:0:(llog_cat.c:80:llog_cat_new_log()) MGS: there are no more free slots in catalog aad20171
00096 LustreError: 2178:0:(llog_cat.c:593:llog_cat_add_rec()) MGS: initialization error: rc = -28
00096 Lustre: 2178:0:(llog_test.c:1692:llog_test_10()) 10c: wrote 64011 records then 756 failed with ENOSPC
00096 Lustre: 2178:0:(llog_test.c:1711:llog_test_10()) 10d: Cancel 64767 records, see one log zapped
00098 Lustre: 2178:0:(llog_test.c:1725:llog_test_10()) 10d: print the catalog entries.. we expect 3
00098 Lustre: 2201:0:(llog_test.c:700:cat_print_cb()) seeing record at index 2 - [0x1:0x19:0x0] in log [0xa:0x5:0x0]
00098 Lustre: 2178:0:(llog_test.c:1755:llog_test_10()) 10e: write 64767 more log records
00098 ------------[ cut here ]------------
00098 WARNING: /home/ktest/git/linux/include/linux/fs.h:889 at osd_create+0x9cf/0xcf0 [osd_wbcfs], CPU#14: lctl/2178
00098 Modules linked in: llog_test(O) mgs(O) osd_wbcfs(O) lustre(O) obdecho(O) mgc(O) mdc(O) lov(O) osc(O) lmv(O) ec(O) fid(O) fld(O) ptlrpc(O) efivarfs obdclass(O) ksocklnd(O) lnet(O) libcfs(O)
00098 CPU: 14 UID: 0 PID: 2178 Comm: lctl Tainted: G        W  O        7.0.0-ktest-50f3cfb-6330a45-20260724-dirty #1 PREEMPT 
00098 Tainted: [W]=WARN, [O]=OOT_MODULE
00098 Hardware name: QEMU Standard PC (Q35 + ICH9, 2009), BIOS 2025.11-3ubuntu7 03/31/2026
00098 RIP: 0010:osd_create+0x9cf/0xcf0 [osd_wbcfs]
00098 Code: c7 c7 00 76 7c a1 48 c7 c6 a0 f2 7d a1 48 c7 c2 00 fc 7d a1 e8 82 dd 43 ff 48 c7 c7 00 76 7c a1 e8 f6 6a 44 ff e9 fe fc ff ff <0f> 0b e9 a5 fa ff ff 48 c7 c1 80 44 5d a0 80 e1 07 80 c1 03 38 c1
00098 RSP: 0018:ffffc90002a07478 EFLAGS: 00010246
00098 RAX: 0000000000000000 RBX: ffff88819e847000 RCX: 0000000000000046
00098 RDX: 0000000000000000 RSI: ffff8881393582d0 RDI: ffff888137c22a80
00098 RBP: ffff888139358240 R08: ffffffff83a16803 R09: 1ffffffff0742d00
00098 R10: dffffc0000000000 R11: fffffbfff0742d01 R12: ffff88814ebbc400
00098 R13: dffffc0000000000 R14: 1ffff11033d08e00 R15: 1ffff11029d7788f
00098 FS:  00007fe47b056940(0000) GS:ffff88831eb2d000(0000) knlGS:0000000000000000
00098 CS:  0010 DS: 0000 ES: 0000 CR0: 0000000080050033
00098 CR2: 00007f81738053e8 CR3: 0000000120bb8000 CR4: 0000000000750eb0
00098 PKRU: 55555554
00098 Call Trace:
00098  <TASK>
00098  ? local_object_create+0x109/0x640 [obdclass]
00098  ? dt_write_lock+0x16d/0x2a0 [obdclass]
00098  ? llog_osd_create+0x356/0x1140 [obdclass]
00098  ? llog_create+0x2ed/0x530 [obdclass]
00098  ? llog_cat_new_log+0x6c3/0x2bf0 [obdclass]
00098  ? llog_cat_add_rec+0x6ba/0x1960 [obdclass]
00098  ? llog_cat_add+0x451/0x890 [obdclass]
00098  ? llog_test_10+0x19aa/0x5600 [llog_test]
00098  ? lu_object_put+0xa64/0x1210 [obdclass]
00098  ? do_raw_spin_unlock+0x52/0x230
00098  ? _raw_spin_unlock+0x23/0x40
00098  ? __llog_ctxt_put+0x1c4/0x2f0 [obdclass]
00098  ? llog_run_tests+0x3f45/0x5ac0 [llog_test]
00098  ? get_random_u32+0x51/0x470
00098  ? llog_test_device_init+0x503/0x840 [llog_test]
00098  ? obd_setup+0x559/0x960 [obdclass]
00098  ? class_setup+0xc7d/0x10e0 [obdclass]
00098  ? class_process_config+0x2edb/0x7cb0 [obdclass]
00098  ? class_handle_ioctl+0x2055/0x3590 [obdclass]
00098  ? obd_class_ioctl+0x1f6/0x3c0 [obdclass]
00098  ? __x64_sys_ioctl+0x961/0xe00
00098  ? _copy_to_user+0x3d/0x60
00098  ? __x64_sys_rt_sigaction+0x107/0x140
00098  ? do_syscall_64+0xc1/0x350
00098  ? entry_SYSCALL_64_after_hwframe+0x4b/0x53
00098  </TASK>
00098 ---[ end trace 0000000000000000 ]---
00100 Lustre: 2178:0:(llog_cat.c:80:llog_cat_new_log()) MGS: there are no more free slots in catalog aad20171
00100 Lustre: 2178:0:(llog_cat.c:80:llog_cat_new_log()) Skipped 755 previous similar messages
00100 LustreError: 2178:0:(llog_cat.c:593:llog_cat_add_rec()) MGS: initialization error: rc = -28
00100 LustreError: 2178:0:(llog_cat.c:593:llog_cat_add_rec()) Skipped 755 previous similar messages
00100 Lustre: 2178:0:(llog_test.c:1781:llog_test_10()) 10e: wrote 64578 records then 189 failed with ENOSPC
00100 Lustre: 2178:0:(llog_test.c:1783:llog_test_10()) 10e: print the catalog entries.. we expect 4
00100 Lustre: 2178:0:(llog_cat.c:984:llog_cat_process_or_fork()) MGS: catlog [0xa:0x5:0x0] crosses index zero
00100 Lustre: 2178:0:(llog_test.c:700:cat_print_cb()) seeing record at index 2 - [0x1:0x19:0x0] in log [0xa:0x5:0x0]
00100 Lustre: 2178:0:(llog_test.c:700:cat_print_cb()) Skipped 2 previous similar messages
00100 Lustre: 2178:0:(llog_test.c:1819:llog_test_10()) 10e: catalog successfully wrap around, last_idx 1, first 1
00100 Lustre: 2178:0:(llog_test.c:1836:llog_test_10()) 10f: Cancel 64767 records, see one log zapped
00102 Lustre: 2178:0:(llog_test.c:1850:llog_test_10()) 10f: print the catalog entries.. we expect 3
00102 Lustre: 2178:0:(llog_cat.c:984:llog_cat_process_or_fork()) MGS: catlog [0xa:0x5:0x0] crosses index zero
00102 Lustre: 2178:0:(llog_cat.c:984:llog_cat_process_or_fork()) Skipped 1 previous similar message
00102 Lustre: 2178:0:(llog_test.c:1881:llog_test_10()) 10f: write 64767 more log records
00102 ------------[ cut here ]------------
00102 WARNING: /home/ktest/git/linux/include/linux/fs.h:889 at osd_create+0x9cf/0xcf0 [osd_wbcfs], CPU#14: lctl/2178
00102 Modules linked in: llog_test(O) mgs(O) osd_wbcfs(O) lustre(O) obdecho(O) mgc(O) mdc(O) lov(O) osc(O) lmv(O) ec(O) fid(O) fld(O) ptlrpc(O) efivarfs obdclass(O) ksocklnd(O) lnet(O) libcfs(O)
00102 CPU: 14 UID: 0 PID: 2178 Comm: lctl Tainted: G        W  O        7.0.0-ktest-50f3cfb-6330a45-20260724-dirty #1 PREEMPT 
00102 Tainted: [W]=WARN, [O]=OOT_MODULE
00102 Hardware name: QEMU Standard PC (Q35 + ICH9, 2009), BIOS 2025.11-3ubuntu7 03/31/2026
00102 RIP: 0010:osd_create+0x9cf/0xcf0 [osd_wbcfs]
00102 Code: c7 c7 00 76 7c a1 48 c7 c6 a0 f2 7d a1 48 c7 c2 00 fc 7d a1 e8 82 dd 43 ff 48 c7 c7 00 76 7c a1 e8 f6 6a 44 ff e9 fe fc ff ff <0f> 0b e9 a5 fa ff ff 48 c7 c1 80 44 5d a0 80 e1 07 80 c1 03 38 c1
00102 RSP: 0018:ffffc90002a07478 EFLAGS: 00010246
00102 RAX: 0000000000000000 RBX: ffff88819cacc000 RCX: 0000000000000046
00102 RDX: 0000000000000000 RSI: ffff888204522648 RDI: ffff888137c22a80
00102 RBP: ffff8882045225b8 R08: ffffffff83a16803 R09: 1ffffffff0742d00
00102 R10: dffffc0000000000 R11: fffffbfff0742d01 R12: ffff88814ebbc400
00102 R13: dffffc0000000000 R14: 1ffff11033959800 R15: 1ffff11029d7788f
00102 FS:  00007fe47b056940(0000) GS:ffff88831eb2d000(0000) knlGS:0000000000000000
00102 CS:  0010 DS: 0000 ES: 0000 CR0: 0000000080050033
00102 CR2: 00007f81738053e8 CR3: 0000000120bb8000 CR4: 0000000000750eb0
00102 PKRU: 55555554
00102 Call Trace:
00102  <TASK>
00102  ? local_object_create+0x109/0x640 [obdclass]
00102  ? dt_write_lock+0x16d/0x2a0 [obdclass]
00102  ? llog_osd_create+0x356/0x1140 [obdclass]
00102  ? llog_create+0x2ed/0x530 [obdclass]
00102  ? llog_cat_new_log+0x6c3/0x2bf0 [obdclass]
00102  ? llog_cat_add_rec+0x6ba/0x1960 [obdclass]
00102  ? llog_cat_add+0x451/0x890 [obdclass]
00102  ? llog_test_10+0x2c5e/0x5600 [llog_test]
00102  ? lu_object_put+0xa64/0x1210 [obdclass]
00102  ? do_raw_spin_unlock+0x52/0x230
00102  ? _raw_spin_unlock+0x23/0x40
00102  ? __llog_ctxt_put+0x1c4/0x2f0 [obdclass]
00102  ? llog_run_tests+0x3f45/0x5ac0 [llog_test]
00102  ? get_random_u32+0x51/0x470
00102  ? llog_test_device_init+0x503/0x840 [llog_test]
00102  ? obd_setup+0x559/0x960 [obdclass]
00102  ? class_setup+0xc7d/0x10e0 [obdclass]
00102  ? class_process_config+0x2edb/0x7cb0 [obdclass]
00102  ? class_handle_ioctl+0x2055/0x3590 [obdclass]
00102  ? obd_class_ioctl+0x1f6/0x3c0 [obdclass]
00102  ? __x64_sys_ioctl+0x961/0xe00
00102  ? _copy_to_user+0x3d/0x60
00102  ? __x64_sys_rt_sigaction+0x107/0x140
00102  ? do_syscall_64+0xc1/0x350
00102  ? entry_SYSCALL_64_after_hwframe+0x4b/0x53
00102  </TASK>
00102 ---[ end trace 0000000000000000 ]---
00105 Lustre: 2178:0:(llog_cat.c:80:llog_cat_new_log()) MGS: there are no more free slots in catalog aad20171
00105 Lustre: 2178:0:(llog_cat.c:80:llog_cat_new_log()) Skipped 188 previous similar messages
00105 LustreError: 2178:0:(llog_cat.c:593:llog_cat_add_rec()) MGS: initialization error: rc = -28
00105 LustreError: 2178:0:(llog_cat.c:593:llog_cat_add_rec()) Skipped 188 previous similar messages
00105 Lustre: 2178:0:(llog_test.c:1907:llog_test_10()) 10f: wrote 64578 records then 189 failed with ENOSPC
00105 Lustre: 2178:0:(llog_test.c:1953:llog_test_10()) 10g: Cancel 64767 records, see one log zapped
00105 Lustre: 2178:0:(llog_cat.c:984:llog_cat_process_or_fork()) MGS: catlog [0xa:0x5:0x0] crosses index zero
00107 Lustre: 2178:0:(llog_test.c:1965:llog_test_10()) 10g: print the catalog entries.. we expect 3
00107 Lustre: 2178:0:(llog_cat.c:984:llog_cat_process_or_fork()) MGS: catlog [0xa:0x5:0x0] crosses index zero
00107 Lustre: 2178:0:(llog_test.c:700:cat_print_cb()) seeing record at index 4 - [0x1:0x1b:0x0] in log [0xa:0x5:0x0]
00107 Lustre: 2178:0:(llog_test.c:700:cat_print_cb()) Skipped 6 previous similar messages
00107 Lustre: 2178:0:(llog_test.c:1995:llog_test_10()) 10g: Cancel 64767 records, see one log zapped
00109 Lustre: 2178:0:(llog_test.c:2009:llog_test_10()) 10g: print the catalog entries.. we expect 2
00109 Lustre: 2178:0:(llog_test.c:2047:llog_test_10()) 10g: Cancel 64767 records, see one log zapped
00111 Lustre: 2178:0:(llog_test.c:2061:llog_test_10()) 10g: print the catalog entries.. we expect 1
00111 Lustre: 2178:0:(llog_test.c:2087:llog_test_10()) 10g: llh_cat_idx has also successfully wrapped!
00111 Lustre: 2203:0:(llog_test.c:1535:cat_check_old_cb()) seeing record at index 2 - [0x1:0x1d:0x0] in log [0xa:0x5:0x0]
00112 Lustre: 2178:0:(llog_test.c:2111:llog_test_10()) 10h: write 64767 more log records
00112 ------------[ cut here ]------------
00112 WARNING: /home/ktest/git/linux/include/linux/fs.h:889 at osd_create+0x9cf/0xcf0 [osd_wbcfs], CPU#14: lctl/2178
00112 Modules linked in: llog_test(O) mgs(O) osd_wbcfs(O) lustre(O) obdecho(O) mgc(O) mdc(O) lov(O) osc(O) lmv(O) ec(O) fid(O) fld(O) ptlrpc(O) efivarfs obdclass(O) ksocklnd(O) lnet(O) libcfs(O)
00112 CPU: 14 UID: 0 PID: 2178 Comm: lctl Tainted: G        W  O        7.0.0-ktest-50f3cfb-6330a45-20260724-dirty #1 PREEMPT 
00112 Tainted: [W]=WARN, [O]=OOT_MODULE
00112 Hardware name: QEMU Standard PC (Q35 + ICH9, 2009), BIOS 2025.11-3ubuntu7 03/31/2026
00112 RIP: 0010:osd_create+0x9cf/0xcf0 [osd_wbcfs]
00112 Code: c7 c7 00 76 7c a1 48 c7 c6 a0 f2 7d a1 48 c7 c2 00 fc 7d a1 e8 82 dd 43 ff 48 c7 c7 00 76 7c a1 e8 f6 6a 44 ff e9 fe fc ff ff <0f> 0b e9 a5 fa ff ff 48 c7 c1 80 44 5d a0 80 e1 07 80 c1 03 38 c1
00112 RSP: 0018:ffffc90002a07478 EFLAGS: 00010246
00112 RAX: 0000000000000000 RBX: ffff888074590800 RCX: 0000000000000046
00112 RDX: 0000000000000000 RSI: ffff888204521f30 RDI: ffff888137c22a80
00112 RBP: ffff888204521ea0 R08: ffffffff83a16803 R09: 1ffffffff0742d00
00112 R10: dffffc0000000000 R11: fffffbfff0742d01 R12: ffff88814ebbc400
00112 R13: dffffc0000000000 R14: 1ffff1100e8b2100 R15: 1ffff11029d7788f
00112 FS:  00007fe47b056940(0000) GS:ffff88831eb2d000(0000) knlGS:0000000000000000
00112 CS:  0010 DS: 0000 ES: 0000 CR0: 0000000080050033
00112 CR2: 00007f81738053e8 CR3: 0000000120bb8000 CR4: 0000000000750eb0
00112 PKRU: 55555554
00112 Call Trace:
00112  <TASK>
00112  ? local_object_create+0x109/0x640 [obdclass]
00112  ? dt_write_lock+0x16d/0x2a0 [obdclass]
00112  ? llog_osd_create+0x356/0x1140 [obdclass]
00112  ? llog_create+0x2ed/0x530 [obdclass]
00112  ? llog_cat_new_log+0x6c3/0x2bf0 [obdclass]
00112  ? llog_cat_add_rec+0x6ba/0x1960 [obdclass]
00112  ? llog_cat_add+0x451/0x890 [obdclass]
00112  ? llog_test_10+0x50f8/0x5600 [llog_test]
00112  ? llog_test_9_sub+0x800/0x800 [llog_test]
00112  ? llog_run_tests+0x3f45/0x5ac0 [llog_test]
00112  ? get_random_u32+0x51/0x470
00112  ? llog_test_device_init+0x503/0x840 [llog_test]
00112  ? obd_setup+0x559/0x960 [obdclass]
00112  ? class_setup+0xc7d/0x10e0 [obdclass]
00112  ? class_process_config+0x2edb/0x7cb0 [obdclass]
00112  ? class_handle_ioctl+0x2055/0x3590 [obdclass]
00112  ? obd_class_ioctl+0x1f6/0x3c0 [obdclass]
00112  ? __x64_sys_ioctl+0x961/0xe00
00112  ? _copy_to_user+0x3d/0x60
00112  ? __x64_sys_rt_sigaction+0x107/0x140
00112  ? do_syscall_64+0xc1/0x350
00112  ? entry_SYSCALL_64_after_hwframe+0x4b/0x53
00112  </TASK>
00112 ---[ end trace 0000000000000000 ]---
00112 LustreError: 2178:0:(llog_osd.c:684:llog_osd_write_rec()) cfs_race id 1317 sleeping
00112 LustreError: 2203:0:(llog.c:690:llog_process_thread()) cfs_fail_race id 1317 waking
00112 LustreError: 2178:0:(llog_osd.c:684:llog_osd_write_rec()) cfs_fail_race id 1317 awake: rc=444
00113 LustreError: 2203:0:(llog.c:690:llog_process_thread()) cfs_fail_race id 1317 waking
00113 Lustre: 2203:0:(llog_test.c:1535:cat_check_old_cb()) seeing record at index 3 - [0x1:0x1e:0x0] in log [0xa:0x5:0x0]
00116 ------------[ cut here ]------------
00116 WARNING: /home/ktest/git/linux/include/linux/fs.h:889 at osd_create+0x9cf/0xcf0 [osd_wbcfs], CPU#14: lctl/2178
00116 Modules linked in: llog_test(O) mgs(O) osd_wbcfs(O) lustre(O) obdecho(O) mgc(O) mdc(O) lov(O) osc(O) lmv(O) ec(O) fid(O) fld(O) ptlrpc(O) efivarfs obdclass(O) ksocklnd(O) lnet(O) libcfs(O)
00116 CPU: 14 UID: 0 PID: 2178 Comm: lctl Tainted: G        W  O        7.0.0-ktest-50f3cfb-6330a45-20260724-dirty #1 PREEMPT 
00116 Tainted: [W]=WARN, [O]=OOT_MODULE
00116 Hardware name: QEMU Standard PC (Q35 + ICH9, 2009), BIOS 2025.11-3ubuntu7 03/31/2026
00116 RIP: 0010:osd_create+0x9cf/0xcf0 [osd_wbcfs]
00116 Code: c7 c7 00 76 7c a1 48 c7 c6 a0 f2 7d a1 48 c7 c2 00 fc 7d a1 e8 82 dd 43 ff 48 c7 c7 00 76 7c a1 e8 f6 6a 44 ff e9 fe fc ff ff <0f> 0b e9 a5 fa ff ff 48 c7 c1 80 44 5d a0 80 e1 07 80 c1 03 38 c1
00116 RSP: 0018:ffffc90002a07478 EFLAGS: 00010246
00116 RAX: 0000000000000000 RBX: ffff888013751800 RCX: 0000000000000046
00116 RDX: 0000000000000000 RSI: ffff888204521818 RDI: ffff888137c22a80
00116 RBP: ffff888204521788 R08: ffffffff83a16803 R09: 1ffffffff0742d00
00116 R10: dffffc0000000000 R11: fffffbfff0742d01 R12: ffff88814ebbc400
00116 R13: dffffc0000000000 R14: 1ffff110026ea300 R15: 1ffff11029d7788f
00116 FS:  00007fe47b056940(0000) GS:ffff88831eb2d000(0000) knlGS:0000000000000000
00116 CS:  0010 DS: 0000 ES: 0000 CR0: 0000000080050033
00116 CR2: 00007f81738053e8 CR3: 0000000120bb8000 CR4: 0000000000750eb0
00116 PKRU: 55555554
00116 Call Trace:
00116  <TASK>
00116  ? local_object_create+0x109/0x640 [obdclass]
00116  ? dt_write_lock+0x16d/0x2a0 [obdclass]
00116  ? llog_osd_create+0x356/0x1140 [obdclass]
00116  ? llog_create+0x2ed/0x530 [obdclass]
00116  ? llog_cat_new_log+0x6c3/0x2bf0 [obdclass]
00116  ? llog_cat_add_rec+0x6ba/0x1960 [obdclass]
00116  ? llog_cat_add+0x451/0x890 [obdclass]
00116  ? llog_test_10+0x50f8/0x5600 [llog_test]
00116  ? llog_test_9_sub+0x800/0x800 [llog_test]
00116  ? llog_run_tests+0x3f45/0x5ac0 [llog_test]
00116  ? get_random_u32+0x51/0x470
00116  ? llog_test_device_init+0x503/0x840 [llog_test]
00116  ? obd_setup+0x559/0x960 [obdclass]
00116  ? class_setup+0xc7d/0x10e0 [obdclass]
00116  ? class_process_config+0x2edb/0x7cb0 [obdclass]
00116  ? class_handle_ioctl+0x2055/0x3590 [obdclass]
00116  ? obd_class_ioctl+0x1f6/0x3c0 [obdclass]
00116  ? __x64_sys_ioctl+0x961/0xe00
00116  ? _copy_to_user+0x3d/0x60
00116  ? __x64_sys_rt_sigaction+0x107/0x140
00116  ? do_syscall_64+0xc1/0x350
00116  ? entry_SYSCALL_64_after_hwframe+0x4b/0x53
00116  </TASK>
00116 ---[ end trace 0000000000000000 ]---
00116 LustreError: 2178:0:(llog_osd.c:684:llog_osd_write_rec()) cfs_fail_race id 1317 waking
00117 Lustre: 2178:0:(llog_test.c:2137:llog_test_10()) 10h: wrote 64767 records then 0 failed with ENOSPC
00117 Lustre: 2178:0:(llog_test.c:2150:llog_test_10()) 10: put newly-created catalog
00117 Lustre: 2178:0:(llog_test.c:2180:llog_test_11()) 11: create a plain nameless log
00117 ------------[ cut here ]------------
00117 WARNING: /home/ktest/git/linux/include/linux/fs.h:889 at osd_create+0x9cf/0xcf0 [osd_wbcfs], CPU#14: lctl/2178
00117 Modules linked in: llog_test(O) mgs(O) osd_wbcfs(O) lustre(O) obdecho(O) mgc(O) mdc(O) lov(O) osc(O) lmv(O) ec(O) fid(O) fld(O) ptlrpc(O) efivarfs obdclass(O) ksocklnd(O) lnet(O) libcfs(O)
00117 CPU: 14 UID: 0 PID: 2178 Comm: lctl Tainted: G        W  O        7.0.0-ktest-50f3cfb-6330a45-20260724-dirty #1 PREEMPT 
00117 Tainted: [W]=WARN, [O]=OOT_MODULE
00117 Hardware name: QEMU Standard PC (Q35 + ICH9, 2009), BIOS 2025.11-3ubuntu7 03/31/2026
00117 RIP: 0010:osd_create+0x9cf/0xcf0 [osd_wbcfs]
00117 Code: c7 c7 00 76 7c a1 48 c7 c6 a0 f2 7d a1 48 c7 c2 00 fc 7d a1 e8 82 dd 43 ff 48 c7 c7 00 76 7c a1 e8 f6 6a 44 ff e9 fe fc ff ff <0f> 0b e9 a5 fa ff ff 48 c7 c1 80 44 5d a0 80 e1 07 80 c1 03 38 c1
00117 RSP: 0018:ffffc90002a07680 EFLAGS: 00010246
00117 RAX: 0000000000000000 RBX: ffff888034991800 RCX: 0000000000000046
00117 RDX: 0000000000000000 RSI: ffff888204521100 RDI: ffff888137c22a58
00117 RBP: ffff888204521070 R08: ffffffff83a16803 R09: 1ffffffff0742d00
00117 R10: dffffc0000000000 R11: fffffbfff0742d01 R12: ffff88814ebbc400
00117 R13: dffffc0000000000 R14: 1ffff11006932300 R15: 1ffff11029d7788f
00117 FS:  00007fe47b056940(0000) GS:ffff88831eb2d000(0000) knlGS:0000000000000000
00117 CS:  0010 DS: 0000 ES: 0000 CR0: 0000000080050033
00117 CR2: 00007f81738053e8 CR3: 0000000120bb8000 CR4: 0000000000750eb0
00117 PKRU: 55555554
00117 Call Trace:
00117  <TASK>
00117  ? local_object_create+0x109/0x640 [obdclass]
00117  ? dt_write_lock+0x16d/0x2a0 [obdclass]
00117  ? llog_osd_create+0x356/0x1140 [obdclass]
00117  ? llog_create+0x2ed/0x530 [obdclass]
00117  ? llog_open_create+0x5af/0xb10 [obdclass]
00117  ? llog_test_11+0x2a4/0x1130 [llog_test]
00117  ? llog_test_9_sub+0x800/0x800 [llog_test]
00117  ? llog_run_tests+0x41b0/0x5ac0 [llog_test]
00117  ? get_random_u32+0x51/0x470
00117  ? llog_test_device_init+0x503/0x840 [llog_test]
00117  ? obd_setup+0x559/0x960 [obdclass]
00117  ? class_setup+0xc7d/0x10e0 [obdclass]
00117  ? class_process_config+0x2edb/0x7cb0 [obdclass]
00117  ? class_handle_ioctl+0x2055/0x3590 [obdclass]
00117  ? obd_class_ioctl+0x1f6/0x3c0 [obdclass]
00117  ? __x64_sys_ioctl+0x961/0xe00
00117  ? _copy_to_user+0x3d/0x60
00117  ? __x64_sys_rt_sigaction+0x107/0x140
00117  ? do_syscall_64+0xc1/0x350
00117  ? entry_SYSCALL_64_after_hwframe+0x4b/0x53
00117  </TASK>
00117 ---[ end trace 0000000000000000 ]---
00117 Lustre: 2178:0:(llog_test.c:2205:llog_test_11()) 11: size 8216 in 0 blocks after 1 rec
00117 Lustre: 2178:0:(llog_test.c:2207:llog_test_11()) 11: add few records
00117 Lustre: 2178:0:(llog_test.c:2224:llog_test_11()) 11: size 10616 in 0 blocks with few recs
00117 lctl (2178): drop_caches: 3
00117 Lustre: 2178:0:(llog_test.c:2250:llog_test_11()) 11: re-open the log by LOGID and verify llh_count
00117 Lustre: 2178:0:(llog_test.c:2265:llog_test_11()) 11: size 10616 in 0 blocks after re-open
00117 Lustre: 2178:0:(llog_test.c:2355:llog_test_12()) 12: create a catalog log with name: aad20172
00117 ------------[ cut here ]------------
00117 WARNING: /home/ktest/git/linux/include/linux/fs.h:889 at osd_create+0x9cf/0xcf0 [osd_wbcfs], CPU#14: lctl/2178
00117 Modules linked in: llog_test(O) mgs(O) osd_wbcfs(O) lustre(O) obdecho(O) mgc(O) mdc(O) lov(O) osc(O) lmv(O) ec(O) fid(O) fld(O) ptlrpc(O) efivarfs obdclass(O) ksocklnd(O) lnet(O) libcfs(O)
00117 CPU: 14 UID: 0 PID: 2178 Comm: lctl Tainted: G        W  O        7.0.0-ktest-50f3cfb-6330a45-20260724-dirty #1 PREEMPT 
00117 Tainted: [W]=WARN, [O]=OOT_MODULE
00117 Hardware name: QEMU Standard PC (Q35 + ICH9, 2009), BIOS 2025.11-3ubuntu7 03/31/2026
00117 RIP: 0010:osd_create+0x9cf/0xcf0 [osd_wbcfs]
00117 Code: c7 c7 00 76 7c a1 48 c7 c6 a0 f2 7d a1 48 c7 c2 00 fc 7d a1 e8 82 dd 43 ff 48 c7 c7 00 76 7c a1 e8 f6 6a 44 ff e9 fe fc ff ff <0f> 0b e9 a5 fa ff ff 48 c7 c1 80 44 5d a0 80 e1 07 80 c1 03 38 c1
00117 RSP: 0018:ffffc90002a07678 EFLAGS: 00010246
00117 RAX: 0000000000000000 RBX: ffff888034994400 RCX: 0000000000000046
00117 RDX: 0000000000000000 RSI: ffff8882045209e8 RDI: ffff888137c22a58
00117 RBP: ffff888204520958 R08: ffffffff83a16803 R09: 1ffffffff0742d00
00117 R10: dffffc0000000000 R11: fffffbfff0742d01 R12: ffff88814ebbc400
00117 R13: dffffc0000000000 R14: 1ffff11006932880 R15: 1ffff11029d7788f
00117 FS:  00007fe47b056940(0000) GS:ffff88831eb2d000(0000) knlGS:0000000000000000
00117 CS:  0010 DS: 0000 ES: 0000 CR0: 0000000080050033
00117 CR2: 00007f81738053e8 CR3: 0000000120bb8000 CR4: 0000000000750eb0
00117 PKRU: 55555554
00117 Call Trace:
00117  <TASK>
00117  ? local_object_create+0x109/0x640 [obdclass]
00117  ? dt_write_lock+0x16d/0x2a0 [obdclass]
00117  ? llog_osd_create+0x356/0x1140 [obdclass]
00117  ? llog_create+0x2ed/0x530 [obdclass]
00117  ? llog_open_create+0x5af/0xb10 [obdclass]
00117  ? llog_test_12+0x40f/0x2d90 [llog_test]
00117  ? llog_test_11+0xc14/0x1130 [llog_test]
00117  ? llog_run_tests+0x4434/0x5ac0 [llog_test]
00117  ? get_random_u32+0x51/0x470
00117  ? llog_test_device_init+0x503/0x840 [llog_test]
00117  ? obd_setup+0x559/0x960 [obdclass]
00117  ? class_setup+0xc7d/0x10e0 [obdclass]
00117  ? class_process_config+0x2edb/0x7cb0 [obdclass]
00117  ? class_handle_ioctl+0x2055/0x3590 [obdclass]
00117  ? obd_class_ioctl+0x1f6/0x3c0 [obdclass]
00117  ? __x64_sys_ioctl+0x961/0xe00
00117  ? _copy_to_user+0x3d/0x60
00117  ? __x64_sys_rt_sigaction+0x107/0x140
00117  ? do_syscall_64+0xc1/0x350
00117  ? entry_SYSCALL_64_after_hwframe+0x4b/0x53
00117  </TASK>
00117 ---[ end trace 0000000000000000 ]---
00117 ------------[ cut here ]------------
00117 WARNING: /home/ktest/git/linux/include/linux/fs.h:889 at osd_create+0x9cf/0xcf0 [osd_wbcfs], CPU#14: lctl/2178
00117 Modules linked in: llog_test(O) mgs(O) osd_wbcfs(O) lustre(O) obdecho(O) mgc(O) mdc(O) lov(O) osc(O) lmv(O) ec(O) fid(O) fld(O) ptlrpc(O) efivarfs obdclass(O) ksocklnd(O) lnet(O) libcfs(O)
00117 CPU: 14 UID: 0 PID: 2178 Comm: lctl Tainted: G        W  O        7.0.0-ktest-50f3cfb-6330a45-20260724-dirty #1 PREEMPT 
00117 Tainted: [W]=WARN, [O]=OOT_MODULE
00117 Hardware name: QEMU Standard PC (Q35 + ICH9, 2009), BIOS 2025.11-3ubuntu7 03/31/2026
00117 RIP: 0010:osd_create+0x9cf/0xcf0 [osd_wbcfs]
00117 Code: c7 c7 00 76 7c a1 48 c7 c6 a0 f2 7d a1 48 c7 c2 00 fc 7d a1 e8 82 dd 43 ff 48 c7 c7 00 76 7c a1 e8 f6 6a 44 ff e9 fe fc ff ff <0f> 0b e9 a5 fa ff ff 48 c7 c1 80 44 5d a0 80 e1 07 80 c1 03 38 c1
00117 RSP: 0018:ffffc90002a07518 EFLAGS: 00010246
00117 RAX: 0000000000000000 RBX: ffff8881470e9c00 RCX: 0000000000000046
00117 RDX: 0000000000000000 RSI: ffff8882045202d0 RDI: ffff888137c22a80
00117 RBP: ffff888204520240 R08: ffffffff83a16803 R09: 1ffffffff0742d00
00117 R10: dffffc0000000000 R11: fffffbfff0742d01 R12: ffff88814ebbc400
00117 R13: dffffc0000000000 R14: 1ffff11028e1d380 R15: 1ffff11029d7788f
00117 FS:  00007fe47b056940(0000) GS:ffff88831eb2d000(0000) knlGS:0000000000000000
00117 CS:  0010 DS: 0000 ES: 0000 CR0: 0000000080050033
00117 CR2: 00007f81738053e8 CR3: 0000000120bb8000 CR4: 0000000000750eb0
00117 PKRU: 55555554
00117 Call Trace:
00117  <TASK>
00117  ? local_object_create+0x109/0x640 [obdclass]
00117  ? dt_write_lock+0x16d/0x2a0 [obdclass]
00117  ? llog_osd_create+0x356/0x1140 [obdclass]
00117  ? llog_create+0x2ed/0x530 [obdclass]
00117  ? llog_cat_new_log+0x6c3/0x2bf0 [obdclass]
00117  ? llog_cat_add_rec+0x6ba/0x1960 [obdclass]
00117  ? llog_cat_add+0x451/0x890 [obdclass]
00117  ? llog_test_12+0x68f/0x2d90 [llog_test]
00117  ? llog_test_11+0xc14/0x1130 [llog_test]
00117  ? llog_run_tests+0x4434/0x5ac0 [llog_test]
00117  ? get_random_u32+0x51/0x470
00117  ? llog_test_device_init+0x503/0x840 [llog_test]
00117  ? obd_setup+0x559/0x960 [obdclass]
00117  ? class_setup+0xc7d/0x10e0 [obdclass]
00117  ? class_process_config+0x2edb/0x7cb0 [obdclass]
00117  ? class_handle_ioctl+0x2055/0x3590 [obdclass]
00117  ? obd_class_ioctl+0x1f6/0x3c0 [obdclass]
00117  ? __x64_sys_ioctl+0x961/0xe00
00117  ? _copy_to_user+0x3d/0x60
00117  ? __x64_sys_rt_sigaction+0x107/0x140
00117  ? do_syscall_64+0xc1/0x350
00117  ? entry_SYSCALL_64_after_hwframe+0x4b/0x53
00117  </TASK>
00117 ---[ end trace 0000000000000000 ]---
00117 Lustre: 12: truncate 24 bytes
00117 Lustre: 12: re-open and process the catalog
00117 LustreError: 2178:0:(llog_osd.c:1248:llog_osd_next_block()) MGS0000-osd: invalid llog tail at log id [0xa:0x6:0x0] offset 8232 last_rec idx 8704 tail idx 275010875 lrt len 1 read_size 40
00117 LustreError: 2178:0:(llog.c:886:llog_process_thread()) MGS: local llog is corrupted [0xa:0x6:0x0] catalog index 1 count 2
00117 Lustre: 12: try to add to the catalog
00117 ------------[ cut here ]------------
00117 WARNING: /home/ktest/git/linux/include/linux/fs.h:889 at osd_create+0x9cf/0xcf0 [osd_wbcfs], CPU#14: lctl/2178
00117 Modules linked in: llog_test(O) mgs(O) osd_wbcfs(O) lustre(O) obdecho(O) mgc(O) mdc(O) lov(O) osc(O) lmv(O) ec(O) fid(O) fld(O) ptlrpc(O) efivarfs obdclass(O) ksocklnd(O) lnet(O) libcfs(O)
00117 CPU: 14 UID: 0 PID: 2178 Comm: lctl Tainted: G        W  O        7.0.0-ktest-50f3cfb-6330a45-20260724-dirty #1 PREEMPT 
00117 Tainted: [W]=WARN, [O]=OOT_MODULE
00117 Hardware name: QEMU Standard PC (Q35 + ICH9, 2009), BIOS 2025.11-3ubuntu7 03/31/2026
00117 RIP: 0010:osd_create+0x9cf/0xcf0 [osd_wbcfs]
00117 Code: c7 c7 00 76 7c a1 48 c7 c6 a0 f2 7d a1 48 c7 c2 00 fc 7d a1 e8 82 dd 43 ff 48 c7 c7 00 76 7c a1 e8 f6 6a 44 ff e9 fe fc ff ff <0f> 0b e9 a5 fa ff ff 48 c7 c1 80 44 5d a0 80 e1 07 80 c1 03 38 c1
00117 RSP: 0018:ffffc90002a07518 EFLAGS: 00010246
00117 RAX: 0000000000000000 RBX: ffff8881470ec800 RCX: 0000000000000046
00117 RDX: 0000000000000000 RSI: ffff88813935fb68 RDI: ffff888137c22a80
00117 RBP: ffff88813935fad8 R08: ffffffff83a16803 R09: 1ffffffff0742d00
00117 R10: dffffc0000000000 R11: fffffbfff0742d01 R12: ffff88814ebbc400
00117 R13: dffffc0000000000 R14: 1ffff11028e1d900 R15: 1ffff11029d7788f
00117 FS:  00007fe47b056940(0000) GS:ffff88831eb2d000(0000) knlGS:0000000000000000
00117 CS:  0010 DS: 0000 ES: 0000 CR0: 0000000080050033
00117 CR2: 00007f81738053e8 CR3: 0000000120bb8000 CR4: 0000000000750eb0
00117 PKRU: 55555554
00117 Call Trace:
00117  <TASK>
00117  ? local_object_create+0x109/0x640 [obdclass]
00117  ? dt_write_lock+0x16d/0x2a0 [obdclass]
00117  ? llog_osd_create+0x356/0x1140 [obdclass]
00117  ? llog_create+0x2ed/0x530 [obdclass]
00117  ? llog_cat_new_log+0x6c3/0x2bf0 [obdclass]
00117  ? llog_cat_add_rec+0x6ba/0x1960 [obdclass]
00117  ? llog_cat_add+0x451/0x890 [obdclass]
00117  ? llog_test_12+0xfdb/0x2d90 [llog_test]
00117  ? llog_run_tests+0x4434/0x5ac0 [llog_test]
00117  ? get_random_u32+0x51/0x470
00117  ? llog_test_device_init+0x503/0x840 [llog_test]
00117  ? obd_setup+0x559/0x960 [obdclass]
00117  ? class_setup+0xc7d/0x10e0 [obdclass]
00117  ? class_process_config+0x2edb/0x7cb0 [obdclass]
00117  ? class_handle_ioctl+0x2055/0x3590 [obdclass]
00117  ? obd_class_ioctl+0x1f6/0x3c0 [obdclass]
00117  ? __x64_sys_ioctl+0x961/0xe00
00117  ? _copy_to_user+0x3d/0x60
00117  ? __x64_sys_rt_sigaction+0x107/0x140
00117  ? do_syscall_64+0xc1/0x350
00117  ? entry_SYSCALL_64_after_hwframe+0x4b/0x53
00117  </TASK>
00117 ---[ end trace 0000000000000000 ]---
00117 LustreError: 2178:0:(llog_osd.c:1231:llog_osd_next_block()) MGS0000-osd: invalid llog tail at log id [0x6:0xa:0x0]:0 offset 8297 tail idx 603979776 lrt len 1074261 read_size 105
00117 ------------[ cut here ]------------
00117 WARNING: /home/ktest/git/linux/include/linux/fs.h:889 at osd_create+0x9cf/0xcf0 [osd_wbcfs], CPU#14: lctl/2178
00117 Modules linked in: llog_test(O) mgs(O) osd_wbcfs(O) lustre(O) obdecho(O) mgc(O) mdc(O) lov(O) osc(O) lmv(O) ec(O) fid(O) fld(O) ptlrpc(O) efivarfs obdclass(O) ksocklnd(O) lnet(O) libcfs(O)
00117 CPU: 14 UID: 0 PID: 2178 Comm: lctl Tainted: G        W  O        7.0.0-ktest-50f3cfb-6330a45-20260724-dirty #1 PREEMPT 
00117 Tainted: [W]=WARN, [O]=OOT_MODULE
00117 Hardware name: QEMU Standard PC (Q35 + ICH9, 2009), BIOS 2025.11-3ubuntu7 03/31/2026
00117 RIP: 0010:osd_create+0x9cf/0xcf0 [osd_wbcfs]
00117 Code: c7 c7 00 76 7c a1 48 c7 c6 a0 f2 7d a1 48 c7 c2 00 fc 7d a1 e8 82 dd 43 ff 48 c7 c7 00 76 7c a1 e8 f6 6a 44 ff e9 fe fc ff ff <0f> 0b e9 a5 fa ff ff 48 c7 c1 80 44 5d a0 80 e1 07 80 c1 03 38 c1
00117 RSP: 0018:ffffc90002a07518 EFLAGS: 00010246
00117 RAX: 0000000000000000 RBX: ffff8881470ee000 RCX: 0000000000000046
00117 RDX: 0000000000000000 RSI: ffff88813935f450 RDI: ffff888137c22a80
00117 RBP: ffff88813935f3c0 R08: ffffffff83a16803 R09: 1ffffffff0742d00
00117 R10: dffffc0000000000 R11: fffffbfff0742d01 R12: ffff88814ebbc400
00117 R13: dffffc0000000000 R14: 1ffff11028e1dc00 R15: 1ffff11029d7788f
00117 FS:  00007fe47b056940(0000) GS:ffff88831eb2d000(0000) knlGS:0000000000000000
00117 CS:  0010 DS: 0000 ES: 0000 CR0: 0000000080050033
00117 CR2: 00007f81738053e8 CR3: 0000000120bb8000 CR4: 0000000000750eb0
00117 PKRU: 55555554
00117 Call Trace:
00117  <TASK>
00117  ? local_object_create+0x109/0x640 [obdclass]
00117  ? dt_write_lock+0x16d/0x2a0 [obdclass]
00117  ? llog_osd_create+0x356/0x1140 [obdclass]
00117  ? llog_create+0x2ed/0x530 [obdclass]
00117  ? llog_cat_new_log+0x6c3/0x2bf0 [obdclass]
00117  ? llog_cat_add_rec+0x6ba/0x1960 [obdclass]
00117  ? llog_cat_add+0x451/0x890 [obdclass]
00117  ? llog_test_12+0xfdb/0x2d90 [llog_test]
00117  ? llog_run_tests+0x4434/0x5ac0 [llog_test]
00117  ? get_random_u32+0x51/0x470
00117  ? llog_test_device_init+0x503/0x840 [llog_test]
00117  ? obd_setup+0x559/0x960 [obdclass]
00117  ? class_setup+0xc7d/0x10e0 [obdclass]
00117  ? class_process_config+0x2edb/0x7cb0 [obdclass]
00117  ? class_handle_ioctl+0x2055/0x3590 [obdclass]
00117  ? obd_class_ioctl+0x1f6/0x3c0 [obdclass]
00117  ? __x64_sys_ioctl+0x961/0xe00
00117  ? _copy_to_user+0x3d/0x60
00117  ? __x64_sys_rt_sigaction+0x107/0x140
00117  ? do_syscall_64+0xc1/0x350
00117  ? entry_SYSCALL_64_after_hwframe+0x4b/0x53
00117  </TASK>
00117 ---[ end trace 0000000000000000 ]---
00117 ==================================================================
00117 BUG: KASAN: slab-out-of-bounds in llog_osd_next_block+0x13e1/0x3340 [obdclass]
00117 Read of size 4 at addr ffff8881be6c3036 by task lctl/2178
00117 
00117 CPU: 14 UID: 0 PID: 2178 Comm: lctl Tainted: G        W  O        7.0.0-ktest-50f3cfb-6330a45-20260724-dirty #1 PREEMPT 
00117 Tainted: [W]=WARN, [O]=OOT_MODULE
00117 Hardware name: QEMU Standard PC (Q35 + ICH9, 2009), BIOS 2025.11-3ubuntu7 03/31/2026
00117 Call Trace:
00117  <TASK>
00117  dump_stack_lvl+0x52/0x80
00117  print_report+0xbc/0x260
00117  ? llog_osd_next_block+0x13e1/0x3340 [obdclass]
00117  kasan_report+0xa2/0xd0
00117  ? llog_osd_next_block+0x13e1/0x3340 [obdclass]
00117  llog_osd_next_block+0x13e1/0x3340 [obdclass]
00117  ? local_trylock_acquire+0x23/0x70
00117  llog_process_thread+0xdd7/0x4f70 [obdclass]
00117  ? entry_SYSCALL_64_after_hwframe+0x4b/0x53
00117  ? task_work_add+0x177/0x210
00117  llog_process_or_fork+0x656/0xc90 [obdclass]
00117  ? llog_cat_process+0x30/0x30 [obdclass]
00117  llog_cat_process_or_fork+0x780/0xdb0 [obdclass]
00117  ? llog_cat_process+0x30/0x30 [obdclass]
00117  ? llog_cancel_rec_cb+0x450/0x450 [llog_test]
00117  llog_cat_process+0x24/0x30 [obdclass]
00117  llog_test_12+0xf58/0x2d90 [llog_test]
00117  llog_run_tests+0x4434/0x5ac0 [llog_test]
00117  ? get_random_u32+0x51/0x470
00117  llog_test_device_init+0x503/0x840 [llog_test]
00117  obd_setup+0x559/0x960 [obdclass]
00117  class_setup+0xc7d/0x10e0 [obdclass]
00117  class_process_config+0x2edb/0x7cb0 [obdclass]
00117  class_handle_ioctl+0x2055/0x3590 [obdclass]
00117  obd_class_ioctl+0x1f6/0x3c0 [obdclass]
00117  __x64_sys_ioctl+0x961/0xe00
00117  ? _copy_to_user+0x3d/0x60
00117  ? __x64_sys_rt_sigaction+0x107/0x140
00117  do_syscall_64+0xc1/0x350
00117  entry_SYSCALL_64_after_hwframe+0x4b/0x53
00117 RIP: 0033:0x7fe47af24e1d
00117 Code: 04 25 28 00 00 00 48 89 45 c8 31 c0 48 8d 45 10 c7 45 b0 10 00 00 00 48 89 45 b8 48 8d 45 d0 48 89 45 c0 b8 10 00 00 00 0f 05 <89> c2 3d 00 f0 ff ff 77 1a 48 8b 45 c8 64 48 2b 04 25 28 00 00 00
00117 RSP: 002b:00007ffc3d16e530 EFLAGS: 00000246 ORIG_RAX: 0000000000000010
00117 RAX: ffffffffffffffda RBX: 00007fe47b1d61f0 RCX: 00007fe47af24e1d
00117 RDX: 00007ffc3d16e810 RSI: 00000000c00866b8 RDI: 0000000000000003
00117 RBP: 00007ffc3d16e580 R08: 00007ffc3d16e5d0 R09: 00007ffc3d16e810
00117 R10: 00005579f3c91930 R11: 0000000000000246 R12: 00007ffc3d16e810
00117 R13: 00005579b4e0c822 R14: 0000000000000000 R15: 00007ffc3d170890
00117  </TASK>
00117 
00117 The buggy address belongs to the object at ffff8881be6c0000
00117  which belongs to the cache kmalloc-8k of size 8192
00117 The buggy address is located 4150 bytes to the right of
00117  allocated 8192-byte region [ffff8881be6c0000, ffff8881be6c2000)
00117 
00117 The buggy address belongs to the physical page:
00117 page: refcount:0 mapcount:0 mapping:0000000000000000 index:0x0 pfn:0x1be6c0
00117 head: order:3 mapcount:0 entire_mapcount:0 nr_pages_mapped:0 pincount:0
00117 flags: 0x8000000000000040(head|zone=2)
00117 page_type: f5(slab)
00117 raw: 8000000000000040 ffff888100042e00 dead000000000122 0000000000000000
00117 raw: 0000000000000000 0000400000020002 00000000f5000000 ffff8881be6c2010
00117 head: 8000000000000040 ffff888100042e00 dead000000000122 0000000000000000
00117 head: 0000000000000000 0000400000020002 00000000f5000000 ffff8881be6c2010
00117 head: 8000000000000003 ffffea0006f9b001 00000000ffffffff 00000000ffffffff
00117 head: ffffffffffffffff 0000000000000000 00000000ffffffff 0000000000000008
00117 page dumped because: kasan: bad access detected
00117 
00117 Memory state around the buggy address:
00117  ffff8881be6c2f00: fc fc fc fc fc fc fc fc fc fc fc fc fc fc fc fc
00117  ffff8881be6c2f80: fc fc fc fc fc fc fc fc fc fc fc fc fc fc fc fc
00117 >ffff8881be6c3000: fc fc fc fc fc fc fc fc fc fc fc fc fc fc fc fc
00117                                      ^
00117  ffff8881be6c3080: fc fc fc fc fc fc fc fc fc fc fc fc fc fc fc fc
00117  ffff8881be6c3100: fc fc fc fc fc fc fc fc fc fc fc fc fc fc fc fc
00117 ==================================================================
00117 Disabling lock debugging due to kernel taint
00117 Lustre: 2178:0:(llog_test.c:2464:llog_test_12()) 12: put newly-created catalog
00117 Lustre: 2178:0:(llog_test.c:2532:llog_test_13()) 13a: create a catalog log with name: aad20172
00117 Lustre: 2178:0:(llog_test.c:2548:llog_test_13()) 13b: write 1 record into the catalog
00117 LustreError: 2178:0:(llog_test.c:2559:llog_test_13()) 13b: found 8 plain llogs
00117 Lustre: 2178:0:(llog_test.c:2561:llog_test_13()) 13c: erase plain llog
00117 LustreError: 2178:0:(llog_cat.c:404:llog_cat_id2handle()) MGS: error opening log id [0x1:0x4f:0x0]: rc = -2
00117 Lustre: 2178:0:(llog_test.c:2581:llog_test_13()) 13d: forward process: found=1708 rc=0
00117 Lustre: 2178:0:(llog_test.c:2585:llog_test_13()) 13e: erase another plain llog
00117 Lustre: 2178:0:(llog_test.c:2605:llog_test_13()) 13e: backward process: found=1367 rc=0
00117 Lustre: 2178:0:(llog_test.c:2608:llog_test_13()) 13f: put newly-created catalog
00122 ========= FAILED TIMEOUT llog-unit in 240s
Error 1 at /home/ktest/ktest/lib/libktest.sh 587 from: "$ktest_dir/lib/supervisor" -S -F -T "$ktest_timeout" -b "$test_basename" -o "$test_logdir" -f "$test_basename.$(date -Iseconds).log" -- "${qemu_cmd[@]}", exiting
Error 1 at ./qlkbuild 182 from: "$ktest_dir/lib/supervisor" -S -F -T "$ktest_timeout" -b "$test_basename" -o "$test_logdir" -f "$test_basename.$(date -Iseconds).log" -- "${qemu_cmd[@]}", exiting
Error 1 at ./qlkbuild 1161 from: "$ktest_dir/lib/supervisor" -S -F -T "$ktest_timeout" -b "$test_basename" -o "$test_logdir" -f "$test_basename.$(date -Iseconds).log" -- "${qemu_cmd[@]}", exiting
