00000 
00001 RDSEED32 is broken. Disabling the corresponding CPUID bit.
00002 init: failed to load nvme_core
00002 init: failed to load nvme
00002 init: failed to load zfs
00003 LNetError: 1:0:(lib-socket.c:619:lnet_inet_enumerate()) lnet: Can't find any usable interfaces, rc = -ENOENT
00003 LNetError: Error -100 starting up LNI tcp
00003 LustreError: 1:0:(events.c:627:ptlrpc_init_portals()) network initialisation failed: rc = -100
00004 init: finit_module /lib/modules/7.0.0-ktest-5117e59-6330a45-20260714-dirty/updates/ptlrpc.ko: Network is down
00004 init: failed to load lustre
00004 init: failed to load osd_zfs
00004 init: failed to load iwlwifi
00004 init: failed to load iwlmvm
00004 init: failed to load mt7921e
00004 init: failed to load i915
00004 init: failed to load nouveau
00048 tlp: vm.laptop_mode is deprecated. Ignoring setting.
00048 Kernel version: 7.0.0-ktest-5117e59-6330a45-20260714-dirty
00048 hook init_noop
00049 
00049 Running tests boot
00049 
00049 ========= TEST   boot
00049 boot
00049 
00049 ========= PASSED boot in 0s
00049 
00049 Passed: boot
00049 Failed: 
00049 NOTICE: Automounting of tracing to debugfs is deprecated and will be removed in 2030
00049 Kernel version: 7.0.0-ktest-5117e59-6330a45-20260714-dirty
00049 TEST SUCCESS
