CLI: ./podman-ktest --podman-socket unix:///run/podman/podman.sock --shared-filesystem /tmp --tarball-input job lustre-ci --output /var/www/ci-lustre/upstream-patch-review --git-hash 5196e6479842d7a5b821dfbd4d86787f3f8e641e --change-id 56384_5196e6479842d7a5b821dfbd4d86787f3f8e641e --subject LU-14058 tests: clean up sanity.sh MDT name generation

  Checking /dev/kvm exists... OK
  Checking /dev/kvm permissions... OK
  Creating ccache directory... OK
  Checking ccache directory writable... OK
  Creating package output directory... OK

Environment validated successfully
Creating kernel tarball at /tmp/ktest-kernel.tar.gz...
Creating lustre tarball at /tmp/ktest-lustre.tar.gz...
Creating ZFS tarball at /tmp/ktest-zfs.tar.gz...
Executing 13 jobs
Jobs will start as soon as their dependencies are satisfied
Using tarball input mode

START lustre_mainline build tests/fs/lustre/boot.ktest
START checkpatch tool checkpatch
START lustre_mainline_native build tests/fs/lustre/boot.ktest
START lustre_mainline_strict build tests/fs/lustre/boot-strict.ktest
START u24 build tests/fs/lustre/boot.ktest
START al2023 build tests/fs/lustre/boot.ktest
PUT /tmp/ktest-lustre.tar.gz 1s
PUT /tmp/ktest-lustre.tar.gz 1s
PUT /tmp/ktest-kernel.tar.gz 6s
PUT /tmp/ktest-kernel.tar.gz 6s
PUT /tmp/ktest-kernel.tar.gz 6s
PUT /tmp/ktest-kernel.tar.gz 6s
PUT /tmp/ktest-lustre.tar.gz 3s
PUT /tmp/ktest-lustre.tar.gz 3s
PUT /tmp/ktest-lustre.tar.gz 3s
PUT /tmp/ktest-lustre.tar.gz 3s
PUT /tmp/ktest-zfs.tar.gz 0s
PUT /tmp/ktest-zfs.tar.gz 0s
PUT /tmp/ktest-zfs.tar.gz 0s
END checkpatch tool checkpatch FAIL 11s (exit code: 1)
END al2023 build tests/fs/lustre/boot.ktest PASS 66s
END u24 build tests/fs/lustre/boot.ktest PASS 67s
GET /tmp/ktest_lustre_mainline_strict_8y4daw7j.tar 6s
END lustre_mainline_strict build tests/fs/lustre/boot-strict.ktest FAIL 143s (exit code: 1)
GET /tmp/ktest_lustre_mainline_native_xouhj0jj.tar 0s
GET /tmp/ktest_lustre_mainline_1m7x78g3.tar 0s
END lustre_mainline_native build tests/fs/lustre/boot.ktest PASS 155s
START boot run tests/fs/lustre/boot.ktest
START llmount run tests/fs/lustre/llmount.ktest
START mgs-setup run tests/fs/lustre/mgs-setup.ktest
START sanity-1 run tests/fs/lustre/sanity/sanity-1.ktest
START sanity-2 run tests/fs/lustre/sanity/sanity-2.ktest
START sanity-3 run tests/fs/lustre/sanity/sanity-3.ktest
START sanity-4 run tests/fs/lustre/sanity/sanity-4.ktest
END lustre_mainline build tests/fs/lustre/boot.ktest PASS 157s
PUT /tmp/ktest-kernel.tar.gz 31s
PUT /tmp/ktest-kernel.tar.gz 31s
PUT /tmp/ktest-kernel.tar.gz 31s
PUT /tmp/ktest-kernel.tar.gz 32s
PUT /tmp/ktest-kernel.tar.gz 31s
PUT /tmp/ktest-kernel.tar.gz 32s
PUT /tmp/ktest-kernel.tar.gz 32s
PUT /tmp/ktest-lustre.tar.gz 8s
PUT /tmp/ktest-lustre.tar.gz 8s
PUT /tmp/ktest-lustre.tar.gz 8s
PUT /tmp/ktest-lustre.tar.gz 8s
PUT /tmp/ktest-lustre.tar.gz 7s
PUT /tmp/ktest-lustre.tar.gz 8s
PUT /tmp/ktest-lustre.tar.gz 8s
PUT /tmp/ktest_lustre_mainline_native_xouhj0jj.tar 1s
PUT /tmp/ktest_lustre_mainline_native_xouhj0jj.tar 1s
PUT /tmp/ktest_lustre_mainline_native_xouhj0jj.tar 1s
PUT /tmp/ktest_lustre_mainline_native_xouhj0jj.tar 1s
PUT /tmp/ktest_lustre_mainline_native_xouhj0jj.tar 1s
PUT /tmp/ktest_lustre_mainline_native_xouhj0jj.tar 1s
PUT /tmp/ktest_lustre_mainline_native_xouhj0jj.tar 1s
END boot run tests/fs/lustre/boot.ktest PASS 50s
END mgs-setup run tests/fs/lustre/mgs-setup.ktest PASS 60s
END sanity-3 run tests/fs/lustre/sanity/sanity-3.ktest PASS 84s
END sanity-2 run tests/fs/lustre/sanity/sanity-2.ktest PASS 87s
END sanity-1 run tests/fs/lustre/sanity/sanity-1.ktest PASS 88s
END sanity-4 run tests/fs/lustre/sanity/sanity-4.ktest PASS 97s
END llmount run tests/fs/lustre/llmount.ktest PASS 110s

============================================================
Final Results:
  checkpatch: FAIL (11s) (log: /var/www/ci-lustre/upstream-patch-review/5196e6479842d7a5b821dfbd4d86787f3f8e641e_checkpatch.log)
  u24: PASS (67s) (log: /var/www/ci-lustre/upstream-patch-review/5196e6479842d7a5b821dfbd4d86787f3f8e641e_u24.log)
  al2023: PASS (66s) (log: /var/www/ci-lustre/upstream-patch-review/5196e6479842d7a5b821dfbd4d86787f3f8e641e_al2023.log)
  lustre_mainline_strict: FAIL (143s) (log: /var/www/ci-lustre/upstream-patch-review/5196e6479842d7a5b821dfbd4d86787f3f8e641e_lustre_mainline_strict.log)
  lustre_mainline: PASS (157s) (log: /var/www/ci-lustre/upstream-patch-review/5196e6479842d7a5b821dfbd4d86787f3f8e641e_lustre_mainline.log)
  lustre_mainline_native: PASS (155s) (log: /var/www/ci-lustre/upstream-patch-review/5196e6479842d7a5b821dfbd4d86787f3f8e641e_lustre_mainline_native.log)
  boot: PASS (50s) (log: /var/www/ci-lustre/upstream-patch-review/5196e6479842d7a5b821dfbd4d86787f3f8e641e_boot.log)
  llmount: PASS (110s) (log: /var/www/ci-lustre/upstream-patch-review/5196e6479842d7a5b821dfbd4d86787f3f8e641e_llmount.log)
  mgs-setup: PASS (60s) (log: /var/www/ci-lustre/upstream-patch-review/5196e6479842d7a5b821dfbd4d86787f3f8e641e_mgs-setup.log)
  sanity-1: PASS (88s) (log: /var/www/ci-lustre/upstream-patch-review/5196e6479842d7a5b821dfbd4d86787f3f8e641e_sanity-1.log)
  sanity-2: PASS (87s) (log: /var/www/ci-lustre/upstream-patch-review/5196e6479842d7a5b821dfbd4d86787f3f8e641e_sanity-2.log)
  sanity-3: PASS (84s) (log: /var/www/ci-lustre/upstream-patch-review/5196e6479842d7a5b821dfbd4d86787f3f8e641e_sanity-3.log)
  sanity-4: PASS (97s) (log: /var/www/ci-lustre/upstream-patch-review/5196e6479842d7a5b821dfbd4d86787f3f8e641e_sanity-4.log)

Total execution time: 294s
