CLI: ./podman-ktest --podman-socket unix:///run/podman/podman.sock --shared-filesystem /tmp --tarball-input job lustre-ci --output /var/www/ci-lustre/upstream-patch-review --git-hash 5308b14982218388a2462926e35fd8c2d3069515 --change-id 65217_5308b14982218388a2462926e35fd8c2d3069515 --subject LU-20114 ldlm: include resource and ibits_node in lock cost

  Checking /dev/kvm exists... OK
  Checking /dev/kvm permissions... OK
  Creating ccache directory... OK
  Checking ccache directory writable... OK

Environment validated successfully
Creating kernel tarball at /tmp/ktest-kernel.tar.gz...
Creating lustre tarball at /tmp/ktest-lustre.tar.gz...
Executing 16 jobs
Jobs will start as soon as their dependencies are satisfied
Using tarball input mode

START checkpatch tool checkpatch
START lustre_mainline build tests/fs/lustre/boot.ktest
START lustre_mainline_native build tests/fs/lustre/boot.ktest
START al2023 build tests/fs/lustre/boot.ktest
START lustre_mainline_strict build tests/fs/lustre/boot-strict.ktest
START u24 build tests/fs/lustre/boot.ktest
PUT /tmp/ktest-kernel.tar.gz 8s
PUT /tmp/ktest-kernel.tar.gz 8s
PUT /tmp/ktest-kernel.tar.gz 8s
PUT /tmp/ktest-kernel.tar.gz 9s
PUT /tmp/ktest-kernel.tar.gz 9s
PUT /tmp/ktest-kernel.tar.gz 9s
PUT /tmp/ktest-lustre.tar.gz 2s
PUT /tmp/ktest-lustre.tar.gz 2s
PUT /tmp/ktest-lustre.tar.gz 2s
PUT /tmp/ktest-lustre.tar.gz 2s
PUT /tmp/ktest-lustre.tar.gz 1s
PUT /tmp/ktest-lustre.tar.gz 2s
END checkpatch tool checkpatch FAIL 13s (exit code: 1)
END al2023 build tests/fs/lustre/boot.ktest PASS 67s
END u24 build tests/fs/lustre/boot.ktest PASS 71s
GET /tmp/ktest_lustre_mainline_strict_zqb9bus9.tar 5s
END lustre_mainline_strict build tests/fs/lustre/boot-strict.ktest FAIL 117s (exit code: 1)
GET /tmp/ktest_lustre_mainline_native_wtex1jpl.tar 4s
GET /tmp/ktest_lustre_mainline_thnmqns_.tar 5s
END lustre_mainline_native build tests/fs/lustre/boot.ktest PASS 120s
START clang-tidy tool clang-tidy
START cc-plugin tool cc-plugin
START boot run tests/fs/lustre/boot.ktest
START llmount run tests/fs/lustre/llmount.ktest
START llog-unit run tests/fs/lustre/llog-unit.ktest
START mgs-setup run tests/fs/lustre/mgs-setup.ktest
START sanity-1 run tests/fs/lustre/sanity/sanity-1.ktest
START sanity-2 run tests/fs/lustre/sanity/sanity-2.ktest
START sanity-3 run tests/fs/lustre/sanity/sanity-3.ktest
START sanity-4 run tests/fs/lustre/sanity/sanity-4.ktest
END lustre_mainline build tests/fs/lustre/boot.ktest PASS 121s
PUT /tmp/ktest-kernel.tar.gz 10s
PUT /tmp/ktest_lustre_mainline_native_wtex1jpl.tar 13s
PUT /tmp/ktest-kernel.tar.gz 14s
PUT /tmp/ktest_lustre_mainline_native_wtex1jpl.tar 13s
PUT /tmp/ktest_lustre_mainline_native_wtex1jpl.tar 13s
PUT /tmp/ktest_lustre_mainline_native_wtex1jpl.tar 13s
PUT /tmp/ktest_lustre_mainline_native_wtex1jpl.tar 13s
PUT /tmp/ktest_lustre_mainline_native_wtex1jpl.tar 14s
PUT /tmp/ktest_lustre_mainline_native_wtex1jpl.tar 14s
PUT /tmp/ktest_lustre_mainline_native_wtex1jpl.tar 14s
PUT /tmp/ktest-lustre.tar.gz 28s
PUT /tmp/ktest-lustre.tar.gz 37s
PUT /tmp/ktest_lustre_mainline_native_wtex1jpl.tar 9s
PUT /tmp/ktest_lustre_mainline_native_wtex1jpl.tar 4s
END cc-plugin tool cc-plugin FAIL 56s (exit code: 127)
END boot run tests/fs/lustre/boot.ktest PASS 68s
END clang-tidy tool clang-tidy PASS 75s
END mgs-setup run tests/fs/lustre/mgs-setup.ktest PASS 81s
END sanity-3 run tests/fs/lustre/sanity/sanity-3.ktest PASS 90s
END sanity-1 run tests/fs/lustre/sanity/sanity-1.ktest PASS 101s
END sanity-2 run tests/fs/lustre/sanity/sanity-2.ktest PASS 104s
END sanity-4 run tests/fs/lustre/sanity/sanity-4.ktest PASS 113s
END llmount run tests/fs/lustre/llmount.ktest PASS 158s
END llog-unit run tests/fs/lustre/llog-unit.ktest PASS 168s

============================================================
Final Results:
  checkpatch: FAIL (13s) (log: /var/www/ci-lustre/upstream-patch-review/5308b14982218388a2462926e35fd8c2d3069515_checkpatch.log)
  u24: PASS (71s) (log: /var/www/ci-lustre/upstream-patch-review/5308b14982218388a2462926e35fd8c2d3069515_u24.log)
  al2023: PASS (67s) (log: /var/www/ci-lustre/upstream-patch-review/5308b14982218388a2462926e35fd8c2d3069515_al2023.log)
  lustre_mainline_strict: FAIL (117s) (log: /var/www/ci-lustre/upstream-patch-review/5308b14982218388a2462926e35fd8c2d3069515_lustre_mainline_strict.log)
  lustre_mainline: PASS (121s) (log: /var/www/ci-lustre/upstream-patch-review/5308b14982218388a2462926e35fd8c2d3069515_lustre_mainline.log)
  lustre_mainline_native: PASS (120s) (log: /var/www/ci-lustre/upstream-patch-review/5308b14982218388a2462926e35fd8c2d3069515_lustre_mainline_native.log)
  clang-tidy: PASS (75s) (log: /var/www/ci-lustre/upstream-patch-review/5308b14982218388a2462926e35fd8c2d3069515_clang-tidy.log)
  cc-plugin: FAIL (56s) (log: /var/www/ci-lustre/upstream-patch-review/5308b14982218388a2462926e35fd8c2d3069515_cc-plugin.log)
  boot: PASS (68s) (log: /var/www/ci-lustre/upstream-patch-review/5308b14982218388a2462926e35fd8c2d3069515_boot.log)
  llmount: PASS (158s) (log: /var/www/ci-lustre/upstream-patch-review/5308b14982218388a2462926e35fd8c2d3069515_llmount.log)
  llog-unit: PASS (168s) (log: /var/www/ci-lustre/upstream-patch-review/5308b14982218388a2462926e35fd8c2d3069515_llog-unit.log)
  mgs-setup: PASS (81s) (log: /var/www/ci-lustre/upstream-patch-review/5308b14982218388a2462926e35fd8c2d3069515_mgs-setup.log)
  sanity-1: PASS (101s) (log: /var/www/ci-lustre/upstream-patch-review/5308b14982218388a2462926e35fd8c2d3069515_sanity-1.log)
  sanity-2: PASS (104s) (log: /var/www/ci-lustre/upstream-patch-review/5308b14982218388a2462926e35fd8c2d3069515_sanity-2.log)
  sanity-3: PASS (90s) (log: /var/www/ci-lustre/upstream-patch-review/5308b14982218388a2462926e35fd8c2d3069515_sanity-3.log)
  sanity-4: PASS (113s) (log: /var/www/ci-lustre/upstream-patch-review/5308b14982218388a2462926e35fd8c2d3069515_sanity-4.log)

Total execution time: 319s
