WARNING:FILE_PATH_CHANGES: added, moved or deleted file(s), does MAINTAINERS need updating?
#19: 
new file mode 100644

ERROR:TRAILING_WHITESPACE: trailing whitespace
#87: FILE: ldiskfs/kernel_patches/patches/linux-7.1/ext4-dir-entry-len.patch:64:
+ $

ERROR:TRAILING_WHITESPACE: trailing whitespace
#118: FILE: ldiskfs/kernel_patches/patches/linux-7.1/ext4-dir-entry-len.patch:95:
+ $

ERROR:TRAILING_WHITESPACE: trailing whitespace
#120: FILE: ldiskfs/kernel_patches/patches/linux-7.1/ext4-dir-entry-len.patch:97:
+ $

ERROR:TRAILING_WHITESPACE: trailing whitespace
#136: FILE: ldiskfs/kernel_patches/patches/linux-7.1/ext4-dir-entry-len.patch:113:
+ $

ERROR:TRAILING_WHITESPACE: trailing whitespace
#149: FILE: ldiskfs/kernel_patches/patches/linux-7.1/ext4-dir-entry-len.patch:126:
+ $

ERROR:TRAILING_WHITESPACE: trailing whitespace
#153: FILE: ldiskfs/kernel_patches/patches/linux-7.1/ext4-dir-entry-len.patch:130:
+ $

ERROR:TRAILING_WHITESPACE: trailing whitespace
#161: FILE: ldiskfs/kernel_patches/patches/linux-7.1/ext4-dir-entry-len.patch:138:
+ $

ERROR:TRAILING_WHITESPACE: trailing whitespace
#174: FILE: ldiskfs/kernel_patches/patches/linux-7.1/ext4-dir-entry-len.patch:151:
+ $

ERROR:TRAILING_WHITESPACE: trailing whitespace
#220: FILE: ldiskfs/kernel_patches/patches/linux-7.1/ext4-dir-entry-len.patch:197:
+ $

ERROR:TRAILING_WHITESPACE: trailing whitespace
#235: FILE: ldiskfs/kernel_patches/patches/linux-7.1/ext4-dir-entry-len.patch:212:
+ $

ERROR:TRAILING_WHITESPACE: trailing whitespace
#240: FILE: ldiskfs/kernel_patches/patches/linux-7.1/ext4-dir-entry-len.patch:217:
+ $

ERROR:TRAILING_WHITESPACE: trailing whitespace
#246: FILE: ldiskfs/kernel_patches/patches/linux-7.1/ext4-dir-entry-len.patch:223:
+ $

ERROR:TRAILING_WHITESPACE: trailing whitespace
#261: FILE: ldiskfs/kernel_patches/patches/linux-7.1/ext4-dir-entry-len.patch:238:
+-- $

ERROR:TRAILING_WHITESPACE: trailing whitespace
#334: FILE: ldiskfs/kernel_patches/patches/linux-7.1/ext4-dirdata-core.patch:67:
+ $

ERROR:TRAILING_WHITESPACE: trailing whitespace
#354: FILE: ldiskfs/kernel_patches/patches/linux-7.1/ext4-dirdata-core.patch:87:
+ $

ERROR:TRAILING_WHITESPACE: trailing whitespace
#374: FILE: ldiskfs/kernel_patches/patches/linux-7.1/ext4-dirdata-core.patch:107:
+ $

ERROR:TRAILING_WHITESPACE: trailing whitespace
#380: FILE: ldiskfs/kernel_patches/patches/linux-7.1/ext4-dirdata-core.patch:113:
+ $

ERROR:TRAILING_WHITESPACE: trailing whitespace
#387: FILE: ldiskfs/kernel_patches/patches/linux-7.1/ext4-dirdata-core.patch:120:
+ $

ERROR:TRAILING_WHITESPACE: trailing whitespace
#389: FILE: ldiskfs/kernel_patches/patches/linux-7.1/ext4-dirdata-core.patch:122:
+ $

ERROR:TRAILING_WHITESPACE: trailing whitespace
#411: FILE: ldiskfs/kernel_patches/patches/linux-7.1/ext4-dirdata-core.patch:144:
+ $

ERROR:TRAILING_WHITESPACE: trailing whitespace
#431: FILE: ldiskfs/kernel_patches/patches/linux-7.1/ext4-dirdata-core.patch:164:
+ $

ERROR:TRAILING_WHITESPACE: trailing whitespace
#453: FILE: ldiskfs/kernel_patches/patches/linux-7.1/ext4-dirdata-core.patch:186:
+ $

ERROR:TRAILING_WHITESPACE: trailing whitespace
#467: FILE: ldiskfs/kernel_patches/patches/linux-7.1/ext4-dirdata-core.patch:200:
+ $

ERROR:TRAILING_WHITESPACE: trailing whitespace
#482: FILE: ldiskfs/kernel_patches/patches/linux-7.1/ext4-dirdata-core.patch:215:
+ $

ERROR:TRAILING_WHITESPACE: trailing whitespace
#495: FILE: ldiskfs/kernel_patches/patches/linux-7.1/ext4-dirdata-core.patch:228:
+ $

ERROR:TRAILING_WHITESPACE: trailing whitespace
#497: FILE: ldiskfs/kernel_patches/patches/linux-7.1/ext4-dirdata-core.patch:230:
+ $

ERROR:TRAILING_WHITESPACE: trailing whitespace
#511: FILE: ldiskfs/kernel_patches/patches/linux-7.1/ext4-dirdata-core.patch:244:
+ $

ERROR:TRAILING_WHITESPACE: trailing whitespace
#580: FILE: ldiskfs/kernel_patches/patches/linux-7.1/ext4-dirdata-core.patch:313:
+ $

ERROR:TRAILING_WHITESPACE: trailing whitespace
#624: FILE: ldiskfs/kernel_patches/patches/linux-7.1/ext4-dirdata-core.patch:357:
+ $

ERROR:TRAILING_WHITESPACE: trailing whitespace
#667: FILE: ldiskfs/kernel_patches/patches/linux-7.1/ext4-dirdata-core.patch:400:
+ $

ERROR:TRAILING_WHITESPACE: trailing whitespace
#669: FILE: ldiskfs/kernel_patches/patches/linux-7.1/ext4-dirdata-core.patch:402:
+ $

ERROR:TRAILING_WHITESPACE: trailing whitespace
#684: FILE: ldiskfs/kernel_patches/patches/linux-7.1/ext4-dirdata-core.patch:417:
+ $

ERROR:TRAILING_WHITESPACE: trailing whitespace
#693: FILE: ldiskfs/kernel_patches/patches/linux-7.1/ext4-dirdata-core.patch:426:
+ $

ERROR:TRAILING_WHITESPACE: trailing whitespace
#697: FILE: ldiskfs/kernel_patches/patches/linux-7.1/ext4-dirdata-core.patch:430:
+ $

ERROR:TRAILING_WHITESPACE: trailing whitespace
#710: FILE: ldiskfs/kernel_patches/patches/linux-7.1/ext4-dirdata-core.patch:443:
+ $

ERROR:TRAILING_WHITESPACE: trailing whitespace
#714: FILE: ldiskfs/kernel_patches/patches/linux-7.1/ext4-dirdata-core.patch:447:
+ $

ERROR:TRAILING_WHITESPACE: trailing whitespace
#723: FILE: ldiskfs/kernel_patches/patches/linux-7.1/ext4-dirdata-core.patch:456:
+ $

ERROR:TRAILING_WHITESPACE: trailing whitespace
#729: FILE: ldiskfs/kernel_patches/patches/linux-7.1/ext4-dirdata-core.patch:462:
+ $

ERROR:TRAILING_WHITESPACE: trailing whitespace
#838: FILE: ldiskfs/kernel_patches/patches/linux-7.1/ext4-dirdata-core.patch:571:
+ $

ERROR:TRAILING_WHITESPACE: trailing whitespace
#842: FILE: ldiskfs/kernel_patches/patches/linux-7.1/ext4-dirdata-core.patch:575:
+ $

ERROR:TRAILING_WHITESPACE: trailing whitespace
#844: FILE: ldiskfs/kernel_patches/patches/linux-7.1/ext4-dirdata-core.patch:577:
+ $

ERROR:TRAILING_WHITESPACE: trailing whitespace
#874: FILE: ldiskfs/kernel_patches/patches/linux-7.1/ext4-dirdata-core.patch:607:
+ $

ERROR:TRAILING_WHITESPACE: trailing whitespace
#897: FILE: ldiskfs/kernel_patches/patches/linux-7.1/ext4-dirdata-core.patch:630:
+ $

ERROR:TRAILING_WHITESPACE: trailing whitespace
#924: FILE: ldiskfs/kernel_patches/patches/linux-7.1/ext4-dirdata-core.patch:657:
+ $

ERROR:TRAILING_WHITESPACE: trailing whitespace
#1033: FILE: ldiskfs/kernel_patches/patches/linux-7.1/ext4-dirdata-lustre-compat.patch:48:
+ $

ERROR:TRAILING_WHITESPACE: trailing whitespace
#1036: FILE: ldiskfs/kernel_patches/patches/linux-7.1/ext4-dirdata-lustre-compat.patch:51:
+ $

ERROR:TRAILING_WHITESPACE: trailing whitespace
#1042: FILE: ldiskfs/kernel_patches/patches/linux-7.1/ext4-dirdata-lustre-compat.patch:57:
+ $

ERROR:TRAILING_WHITESPACE: trailing whitespace
#1056: FILE: ldiskfs/kernel_patches/patches/linux-7.1/ext4-dirdata-lustre-compat.patch:71:
+ $

ERROR:TRAILING_WHITESPACE: trailing whitespace
#1069: FILE: ldiskfs/kernel_patches/patches/linux-7.1/ext4-dirdata-lustre-compat.patch:84:
+ $

ERROR:TRAILING_WHITESPACE: trailing whitespace
#1077: FILE: ldiskfs/kernel_patches/patches/linux-7.1/ext4-dirdata-lustre-compat.patch:92:
+ $

ERROR:TRAILING_WHITESPACE: trailing whitespace
#1084: FILE: ldiskfs/kernel_patches/patches/linux-7.1/ext4-dirdata-lustre-compat.patch:99:
+ $

ERROR:TRAILING_WHITESPACE: trailing whitespace
#1086: FILE: ldiskfs/kernel_patches/patches/linux-7.1/ext4-dirdata-lustre-compat.patch:101:
+ $

ERROR:TRAILING_WHITESPACE: trailing whitespace
#1098: FILE: ldiskfs/kernel_patches/patches/linux-7.1/ext4-dirdata-lustre-compat.patch:113:
+ $

ERROR:TRAILING_WHITESPACE: trailing whitespace
#1101: FILE: ldiskfs/kernel_patches/patches/linux-7.1/ext4-dirdata-lustre-compat.patch:116:
+ $

ERROR:TRAILING_WHITESPACE: trailing whitespace
#1108: FILE: ldiskfs/kernel_patches/patches/linux-7.1/ext4-dirdata-lustre-compat.patch:123:
+ $

ERROR:TRAILING_WHITESPACE: trailing whitespace
#1139: FILE: ldiskfs/kernel_patches/patches/linux-7.1/ext4-dirdata-lustre-compat.patch:154:
+ $

ERROR:TRAILING_WHITESPACE: trailing whitespace
#1166: FILE: ldiskfs/kernel_patches/patches/linux-7.1/ext4-dirdata-lustre-compat.patch:181:
+-- $

ERROR:TRAILING_WHITESPACE: trailing whitespace
#1241: FILE: ldiskfs/kernel_patches/patches/linux-7.1/ext4-give-warning-with-dir-htree-growing.patch:69:
+ $

ERROR:TRAILING_WHITESPACE: trailing whitespace
#1256: FILE: ldiskfs/kernel_patches/patches/linux-7.1/ext4-give-warning-with-dir-htree-growing.patch:84:
+ $

ERROR:TRAILING_WHITESPACE: trailing whitespace
#1260: FILE: ldiskfs/kernel_patches/patches/linux-7.1/ext4-give-warning-with-dir-htree-growing.patch:88:
+ $

ERROR:TRAILING_WHITESPACE: trailing whitespace
#1317: FILE: ldiskfs/kernel_patches/patches/linux-7.1/ext4-give-warning-with-dir-htree-growing.patch:145:
+ $

ERROR:TRAILING_WHITESPACE: trailing whitespace
#1340: FILE: ldiskfs/kernel_patches/patches/linux-7.1/ext4-give-warning-with-dir-htree-growing.patch:168:
+ $

ERROR:TRAILING_WHITESPACE: trailing whitespace
#1351: FILE: ldiskfs/kernel_patches/patches/linux-7.1/ext4-give-warning-with-dir-htree-growing.patch:179:
+ $

ERROR:TRAILING_WHITESPACE: trailing whitespace
#1373: FILE: ldiskfs/kernel_patches/patches/linux-7.1/ext4-give-warning-with-dir-htree-growing.patch:201:
+-- $

ERROR:TRAILING_WHITESPACE: trailing whitespace
#1432: FILE: ldiskfs/kernel_patches/patches/linux-7.1/ext4-hash-indexed-dir-dotdot-update.patch:53:
+ $

ERROR:TRAILING_WHITESPACE: trailing whitespace
#1500: FILE: ldiskfs/kernel_patches/patches/linux-7.1/ext4-hash-indexed-dir-dotdot-update.patch:121:
+ $

ERROR:TRAILING_WHITESPACE: trailing whitespace
#1507: FILE: ldiskfs/kernel_patches/patches/linux-7.1/ext4-hash-indexed-dir-dotdot-update.patch:128:
+-- $

ERROR:TRAILING_WHITESPACE: trailing whitespace
#1544: FILE: ldiskfs/kernel_patches/patches/linux-7.1/ext4-kill-dx-root.patch:30:
+ $

ERROR:TRAILING_WHITESPACE: trailing whitespace
#1568: FILE: ldiskfs/kernel_patches/patches/linux-7.1/ext4-kill-dx-root.patch:54:
+ $

ERROR:TRAILING_WHITESPACE: trailing whitespace
#1584: FILE: ldiskfs/kernel_patches/patches/linux-7.1/ext4-kill-dx-root.patch:70:
+ $

ERROR:TRAILING_WHITESPACE: trailing whitespace
#1599: FILE: ldiskfs/kernel_patches/patches/linux-7.1/ext4-kill-dx-root.patch:85:
+ $

ERROR:TRAILING_WHITESPACE: trailing whitespace
#1643: FILE: ldiskfs/kernel_patches/patches/linux-7.1/ext4-kill-dx-root.patch:129:
+ $

ERROR:TRAILING_WHITESPACE: trailing whitespace
#1651: FILE: ldiskfs/kernel_patches/patches/linux-7.1/ext4-kill-dx-root.patch:137:
+ $

ERROR:TRAILING_WHITESPACE: trailing whitespace
#1660: FILE: ldiskfs/kernel_patches/patches/linux-7.1/ext4-kill-dx-root.patch:146:
+ $

ERROR:TRAILING_WHITESPACE: trailing whitespace
#1664: FILE: ldiskfs/kernel_patches/patches/linux-7.1/ext4-kill-dx-root.patch:150:
+ $

ERROR:TRAILING_WHITESPACE: trailing whitespace
#1674: FILE: ldiskfs/kernel_patches/patches/linux-7.1/ext4-kill-dx-root.patch:160:
+ $

ERROR:TRAILING_WHITESPACE: trailing whitespace
#1678: FILE: ldiskfs/kernel_patches/patches/linux-7.1/ext4-kill-dx-root.patch:164:
+ $

ERROR:TRAILING_WHITESPACE: trailing whitespace
#1687: FILE: ldiskfs/kernel_patches/patches/linux-7.1/ext4-kill-dx-root.patch:173:
+ $

ERROR:TRAILING_WHITESPACE: trailing whitespace
#1700: FILE: ldiskfs/kernel_patches/patches/linux-7.1/ext4-kill-dx-root.patch:186:
+ $

ERROR:TRAILING_WHITESPACE: trailing whitespace
#1717: FILE: ldiskfs/kernel_patches/patches/linux-7.1/ext4-kill-dx-root.patch:203:
+ $

ERROR:TRAILING_WHITESPACE: trailing whitespace
#1740: FILE: ldiskfs/kernel_patches/patches/linux-7.1/ext4-kill-dx-root.patch:226:
+ $

ERROR:TRAILING_WHITESPACE: trailing whitespace
#1759: FILE: ldiskfs/kernel_patches/patches/linux-7.1/ext4-kill-dx-root.patch:245:
+ $

ERROR:TRAILING_WHITESPACE: trailing whitespace
#1764: FILE: ldiskfs/kernel_patches/patches/linux-7.1/ext4-kill-dx-root.patch:250:
+ $

ERROR:TRAILING_WHITESPACE: trailing whitespace
#1773: FILE: ldiskfs/kernel_patches/patches/linux-7.1/ext4-kill-dx-root.patch:259:
+ $

ERROR:TRAILING_WHITESPACE: trailing whitespace
#1780: FILE: ldiskfs/kernel_patches/patches/linux-7.1/ext4-kill-dx-root.patch:266:
+ $

ERROR:TRAILING_WHITESPACE: trailing whitespace
#1785: FILE: ldiskfs/kernel_patches/patches/linux-7.1/ext4-kill-dx-root.patch:271:
+ $

ERROR:TRAILING_WHITESPACE: trailing whitespace
#1814: FILE: ldiskfs/kernel_patches/patches/linux-7.1/ext4-kill-dx-root.patch:300:
+ $

ERROR:TRAILING_WHITESPACE: trailing whitespace
#1842: FILE: ldiskfs/kernel_patches/patches/linux-7.1/ext4-kill-dx-root.patch:328:
+-- $

ERROR:TRAILING_WHITESPACE: trailing whitespace
#1902: FILE: ldiskfs/kernel_patches/patches/linux-7.1/ext4-lookup-dotdot.patch:54:
+ $

ERROR:TRAILING_WHITESPACE: trailing whitespace
#1905: FILE: ldiskfs/kernel_patches/patches/linux-7.1/ext4-lookup-dotdot.patch:57:
+-- $

ERROR:TRAILING_WHITESPACE: trailing whitespace
#1923: FILE: ldiskfs/kernel_patches/patches/linux-7.1/ext4-mballoc-pa-free-mismatch.patch:11:
+Reviewed-by: Rahul Deshmukh <rahul.deshmukh@sun.com> $

ERROR:TRAILING_WHITESPACE: trailing whitespace
#1937: FILE: ldiskfs/kernel_patches/patches/linux-7.1/ext4-mballoc-pa-free-mismatch.patch:25:
+ $

ERROR:TRAILING_WHITESPACE: trailing whitespace
#1945: FILE: ldiskfs/kernel_patches/patches/linux-7.1/ext4-mballoc-pa-free-mismatch.patch:33:
+ $

ERROR:TRAILING_WHITESPACE: trailing whitespace
#1951: FILE: ldiskfs/kernel_patches/patches/linux-7.1/ext4-mballoc-pa-free-mismatch.patch:39:
+ $

ERROR:TRAILING_WHITESPACE: trailing whitespace
#1991: FILE: ldiskfs/kernel_patches/patches/linux-7.1/ext4-mballoc-pa-free-mismatch.patch:79:
+ $

ERROR:TRAILING_WHITESPACE: trailing whitespace
#2029: FILE: ldiskfs/kernel_patches/patches/linux-7.1/ext4-mballoc-pa-free-mismatch.patch:117:
+-- $

ERROR:TRAILING_WHITESPACE: trailing whitespace
#2075: FILE: ldiskfs/kernel_patches/patches/linux-7.1/ext4-pdirop.patch:39:
+ $

ERROR:TRAILING_WHITESPACE: trailing whitespace
#2096: FILE: ldiskfs/kernel_patches/patches/linux-7.1/ext4-pdirop.patch:60:
+ $

ERROR:TRAILING_WHITESPACE: trailing whitespace
#2106: FILE: ldiskfs/kernel_patches/patches/linux-7.1/ext4-pdirop.patch:70:
+ $

ERROR:TRAILING_WHITESPACE: trailing whitespace
#2206: FILE: ldiskfs/kernel_patches/patches/linux-7.1/ext4-pdirop.patch:170:
+ $

ERROR:TRAILING_WHITESPACE: trailing whitespace
#2211: FILE: ldiskfs/kernel_patches/patches/linux-7.1/ext4-pdirop.patch:175:
+ $

ERROR:TRAILING_WHITESPACE: trailing whitespace
#2231: FILE: ldiskfs/kernel_patches/patches/linux-7.1/ext4-pdirop.patch:195:
+ $

ERROR:TRAILING_WHITESPACE: trailing whitespace
#2247: FILE: ldiskfs/kernel_patches/patches/linux-7.1/ext4-pdirop.patch:211:
+ $

ERROR:TRAILING_WHITESPACE: trailing whitespace
#2255: FILE: ldiskfs/kernel_patches/patches/linux-7.1/ext4-pdirop.patch:219:
+ $

ERROR:TRAILING_WHITESPACE: trailing whitespace
#2258: FILE: ldiskfs/kernel_patches/patches/linux-7.1/ext4-pdirop.patch:222:
+ $

ERROR:TRAILING_WHITESPACE: trailing whitespace
#2276: FILE: ldiskfs/kernel_patches/patches/linux-7.1/ext4-pdirop.patch:240:
+ $

WARNING:TYPO_SPELLING: 'mutiple' may be misspelled - perhaps 'multiple'?
#2426: FILE: ldiskfs/kernel_patches/patches/linux-7.1/ext4-pdirop.patch:390:
++	/* NB: it's safe to call mutiple times or even it's not locked */
  	                         ^^^^^^^

ERROR:TRAILING_WHITESPACE: trailing whitespace
#2656: FILE: ldiskfs/kernel_patches/patches/linux-7.1/ext4-pdirop.patch:620:
+ $

ERROR:TRAILING_WHITESPACE: trailing whitespace
#2678: FILE: ldiskfs/kernel_patches/patches/linux-7.1/ext4-pdirop.patch:642:
+ $

ERROR:TRAILING_WHITESPACE: trailing whitespace
#2730: FILE: ldiskfs/kernel_patches/patches/linux-7.1/ext4-pdirop.patch:694:
+ $

ERROR:TRAILING_WHITESPACE: trailing whitespace
#2743: FILE: ldiskfs/kernel_patches/patches/linux-7.1/ext4-pdirop.patch:707:
+ $

ERROR:TRAILING_WHITESPACE: trailing whitespace
#2746: FILE: ldiskfs/kernel_patches/patches/linux-7.1/ext4-pdirop.patch:710:
+ $

ERROR:TRAILING_WHITESPACE: trailing whitespace
#2750: FILE: ldiskfs/kernel_patches/patches/linux-7.1/ext4-pdirop.patch:714:
+ $

ERROR:TRAILING_WHITESPACE: trailing whitespace
#2759: FILE: ldiskfs/kernel_patches/patches/linux-7.1/ext4-pdirop.patch:723:
+ $

ERROR:TRAILING_WHITESPACE: trailing whitespace
#2762: FILE: ldiskfs/kernel_patches/patches/linux-7.1/ext4-pdirop.patch:726:
+ $

ERROR:TRAILING_WHITESPACE: trailing whitespace
#2766: FILE: ldiskfs/kernel_patches/patches/linux-7.1/ext4-pdirop.patch:730:
+ $

ERROR:TRAILING_WHITESPACE: trailing whitespace
#2785: FILE: ldiskfs/kernel_patches/patches/linux-7.1/ext4-pdirop.patch:749:
+ $

ERROR:TRAILING_WHITESPACE: trailing whitespace
#2807: FILE: ldiskfs/kernel_patches/patches/linux-7.1/ext4-pdirop.patch:771:
+ $

ERROR:TRAILING_WHITESPACE: trailing whitespace
#2825: FILE: ldiskfs/kernel_patches/patches/linux-7.1/ext4-pdirop.patch:789:
+ $

ERROR:TRAILING_WHITESPACE: trailing whitespace
#2852: FILE: ldiskfs/kernel_patches/patches/linux-7.1/ext4-pdirop.patch:816:
+ $

ERROR:TRAILING_WHITESPACE: trailing whitespace
#2860: FILE: ldiskfs/kernel_patches/patches/linux-7.1/ext4-pdirop.patch:824:
+ $

ERROR:TRAILING_WHITESPACE: trailing whitespace
#2883: FILE: ldiskfs/kernel_patches/patches/linux-7.1/ext4-pdirop.patch:847:
+ $

ERROR:TRAILING_WHITESPACE: trailing whitespace
#2896: FILE: ldiskfs/kernel_patches/patches/linux-7.1/ext4-pdirop.patch:860:
+ $

ERROR:TRAILING_WHITESPACE: trailing whitespace
#2903: FILE: ldiskfs/kernel_patches/patches/linux-7.1/ext4-pdirop.patch:867:
+ $

ERROR:TRAILING_WHITESPACE: trailing whitespace
#2910: FILE: ldiskfs/kernel_patches/patches/linux-7.1/ext4-pdirop.patch:874:
+ $

ERROR:TRAILING_WHITESPACE: trailing whitespace
#2922: FILE: ldiskfs/kernel_patches/patches/linux-7.1/ext4-pdirop.patch:886:
+ $

ERROR:TRAILING_WHITESPACE: trailing whitespace
#2933: FILE: ldiskfs/kernel_patches/patches/linux-7.1/ext4-pdirop.patch:897:
+ $

ERROR:TRAILING_WHITESPACE: trailing whitespace
#2991: FILE: ldiskfs/kernel_patches/patches/linux-7.1/ext4-pdirop.patch:955:
+ $

ERROR:TRAILING_WHITESPACE: trailing whitespace
#2997: FILE: ldiskfs/kernel_patches/patches/linux-7.1/ext4-pdirop.patch:961:
+-- $

ERROR:TRAILING_WHITESPACE: trailing whitespace
#3030: FILE: ldiskfs/kernel_patches/patches/linux-7.1/ext4-prealloc.patch:26:
+ $

ERROR:TRAILING_WHITESPACE: trailing whitespace
#3053: FILE: ldiskfs/kernel_patches/patches/linux-7.1/ext4-prealloc.patch:49:
+ $

ERROR:TRAILING_WHITESPACE: trailing whitespace
#3065: FILE: ldiskfs/kernel_patches/patches/linux-7.1/ext4-prealloc.patch:61:
+ $

ERROR:TRAILING_WHITESPACE: trailing whitespace
#3071: FILE: ldiskfs/kernel_patches/patches/linux-7.1/ext4-prealloc.patch:67:
+ $

ERROR:TRAILING_WHITESPACE: trailing whitespace
#3078: FILE: ldiskfs/kernel_patches/patches/linux-7.1/ext4-prealloc.patch:74:
+ $

ERROR:TRAILING_WHITESPACE: trailing whitespace
#3191: FILE: ldiskfs/kernel_patches/patches/linux-7.1/ext4-prealloc.patch:187:
+ $

ERROR:TRAILING_WHITESPACE: trailing whitespace
#3223: FILE: ldiskfs/kernel_patches/patches/linux-7.1/ext4-prealloc.patch:219:
+ $

ERROR:TRAILING_WHITESPACE: trailing whitespace
#3235: FILE: ldiskfs/kernel_patches/patches/linux-7.1/ext4-prealloc.patch:231:
+ $

ERROR:TRAILING_WHITESPACE: trailing whitespace
#3240: FILE: ldiskfs/kernel_patches/patches/linux-7.1/ext4-prealloc.patch:236:
+ $

ERROR:TRAILING_WHITESPACE: trailing whitespace
#3244: FILE: ldiskfs/kernel_patches/patches/linux-7.1/ext4-prealloc.patch:240:
+ $

ERROR:TRAILING_WHITESPACE: trailing whitespace
#3247: FILE: ldiskfs/kernel_patches/patches/linux-7.1/ext4-prealloc.patch:243:
+ $

ERROR:TRAILING_WHITESPACE: trailing whitespace
#3261: FILE: ldiskfs/kernel_patches/patches/linux-7.1/ext4-prealloc.patch:257:
+ $

ERROR:TRAILING_WHITESPACE: trailing whitespace
#3270: FILE: ldiskfs/kernel_patches/patches/linux-7.1/ext4-prealloc.patch:266:
+ $

ERROR:TRAILING_WHITESPACE: trailing whitespace
#3275: FILE: ldiskfs/kernel_patches/patches/linux-7.1/ext4-prealloc.patch:271:
+ $

ERROR:TRAILING_WHITESPACE: trailing whitespace
#3342: FILE: ldiskfs/kernel_patches/patches/linux-7.1/ext4-prealloc.patch:338:
+ $

ERROR:TRAILING_WHITESPACE: trailing whitespace
#3350: FILE: ldiskfs/kernel_patches/patches/linux-7.1/ext4-prealloc.patch:346:
+ $

ERROR:TRAILING_WHITESPACE: trailing whitespace
#3352: FILE: ldiskfs/kernel_patches/patches/linux-7.1/ext4-prealloc.patch:348:
+ $

ERROR:TRAILING_WHITESPACE: trailing whitespace
#3355: FILE: ldiskfs/kernel_patches/patches/linux-7.1/ext4-prealloc.patch:351:
+ $

ERROR:TRAILING_WHITESPACE: trailing whitespace
#3362: FILE: ldiskfs/kernel_patches/patches/linux-7.1/ext4-prealloc.patch:358:
+ $

ERROR:TRAILING_WHITESPACE: trailing whitespace
#3367: FILE: ldiskfs/kernel_patches/patches/linux-7.1/ext4-prealloc.patch:363:
+ $

ERROR:TRAILING_WHITESPACE: trailing whitespace
#3410: FILE: ldiskfs/kernel_patches/patches/linux-7.1/ext4-prealloc.patch:406:
+-- $

total: 149 errors, 2 warnings, 3391 lines checked

NOTE: For some of the reported defects, checkpatch may be able to
      mechanically convert to the typical style using --fix or --fix-inplace.

NOTE: Whitespace errors detected.
      You may wish to use scripts/cleanpatch or scripts/cleanfile

Your patch has style problems, please review.

NOTE: If any of the errors are false positives, please report
      them to the maintainer, see CHECKPATCH in MAINTAINERS.
