CLI: ./podman-ktest --podman-socket unix:///run/podman/podman.sock --shared-filesystem /tmp --tarball-input job lustre-ci --output /var/www/ci-lustre/upstream-patch-review --git-hash 55d175e2e975da36ecb8819a3bd4c43936783317 --change-id 66887_55d175e2e975da36ecb8819a3bd4c43936783317 --subject LU-20373 build: switch to kvfree_atomic

  Checking /dev/kvm exists... OK
  Checking /dev/kvm permissions... OK
  Creating ccache directory... OK
  Checking ccache directory writable... OK
  Creating package output directory... OK

Environment validated successfully
Creating kernel tarball at /tmp/ktest-kernel.tar.gz...
Creating lustre tarball at /tmp/ktest-lustre.tar.gz...
Creating ZFS tarball at /tmp/ktest-zfs.tar.gz...
Executing 13 jobs
Jobs will start as soon as their dependencies are satisfied
Using tarball input mode

START al2023 build tests/fs/lustre/boot.ktest
START checkpatch tool checkpatch
START lustre_mainline_native build tests/fs/lustre/boot.ktest
START lustre_mainline build tests/fs/lustre/boot.ktest
START u24 build tests/fs/lustre/boot.ktest
START lustre_mainline_strict build tests/fs/lustre/boot-strict.ktest
PUT /tmp/ktest-lustre.tar.gz 1s
PUT /tmp/ktest-lustre.tar.gz 1s
PUT /tmp/ktest-kernel.tar.gz 7s
PUT /tmp/ktest-kernel.tar.gz 8s
PUT /tmp/ktest-kernel.tar.gz 8s
PUT /tmp/ktest-kernel.tar.gz 8s
PUT /tmp/ktest-lustre.tar.gz 4s
PUT /tmp/ktest-lustre.tar.gz 3s
PUT /tmp/ktest-lustre.tar.gz 4s
PUT /tmp/ktest-lustre.tar.gz 4s
PUT /tmp/ktest-zfs.tar.gz 0s
PUT /tmp/ktest-zfs.tar.gz 0s
PUT /tmp/ktest-zfs.tar.gz 0s
END checkpatch tool checkpatch FAIL 14s (exit code: 1)
END al2023 build tests/fs/lustre/boot.ktest PASS 47s
END u24 build tests/fs/lustre/boot.ktest PASS 52s
GET /tmp/ktest_lustre_mainline_g03hqkpn.tar 0s
GET /tmp/ktest_lustre_mainline_native_r4wm4jg0.tar 0s
END lustre_mainline build tests/fs/lustre/boot.ktest PASS 207s
GET /tmp/ktest_lustre_mainline_strict_2g8u62yq.tar 5s
END lustre_mainline_native build tests/fs/lustre/boot.ktest PASS 208s
START boot run tests/fs/lustre/boot.ktest
START llmount run tests/fs/lustre/llmount.ktest
START mgs-setup run tests/fs/lustre/mgs-setup.ktest
START sanity-1 run tests/fs/lustre/sanity/sanity-1.ktest
START sanity-2 run tests/fs/lustre/sanity/sanity-2.ktest
START sanity-3 run tests/fs/lustre/sanity/sanity-3.ktest
START sanity-4 run tests/fs/lustre/sanity/sanity-4.ktest
END lustre_mainline_strict build tests/fs/lustre/boot-strict.ktest FAIL 210s (exit code: 1)
PUT /tmp/ktest-kernel.tar.gz 24s
PUT /tmp/ktest-kernel.tar.gz 24s
PUT /tmp/ktest-kernel.tar.gz 25s
PUT /tmp/ktest-kernel.tar.gz 24s
PUT /tmp/ktest-kernel.tar.gz 25s
PUT /tmp/ktest-kernel.tar.gz 25s
PUT /tmp/ktest-kernel.tar.gz 25s
PUT /tmp/ktest-lustre.tar.gz 8s
PUT /tmp/ktest-lustre.tar.gz 7s
PUT /tmp/ktest-lustre.tar.gz 7s
PUT /tmp/ktest-lustre.tar.gz 8s
PUT /tmp/ktest-lustre.tar.gz 8s
PUT /tmp/ktest-lustre.tar.gz 8s
PUT /tmp/ktest-lustre.tar.gz 7s
PUT /tmp/ktest_lustre_mainline_native_r4wm4jg0.tar 1s
PUT /tmp/ktest_lustre_mainline_native_r4wm4jg0.tar 1s
PUT /tmp/ktest_lustre_mainline_native_r4wm4jg0.tar 1s
PUT /tmp/ktest_lustre_mainline_native_r4wm4jg0.tar 1s
PUT /tmp/ktest_lustre_mainline_native_r4wm4jg0.tar 1s
PUT /tmp/ktest_lustre_mainline_native_r4wm4jg0.tar 1s
PUT /tmp/ktest_lustre_mainline_native_r4wm4jg0.tar 1s
END boot run tests/fs/lustre/boot.ktest PASS 75s
END mgs-setup run tests/fs/lustre/mgs-setup.ktest PASS 86s
END sanity-1 run tests/fs/lustre/sanity/sanity-1.ktest PASS 116s
END sanity-3 run tests/fs/lustre/sanity/sanity-3.ktest PASS 117s
END sanity-2 run tests/fs/lustre/sanity/sanity-2.ktest PASS 118s
END sanity-4 run tests/fs/lustre/sanity/sanity-4.ktest PASS 125s
END llmount run tests/fs/lustre/llmount.ktest PASS 137s

============================================================
Final Results:
  checkpatch: FAIL (14s) (log: /var/www/ci-lustre/upstream-patch-review/55d175e2e975da36ecb8819a3bd4c43936783317_checkpatch.log)
  u24: PASS (52s) (log: /var/www/ci-lustre/upstream-patch-review/55d175e2e975da36ecb8819a3bd4c43936783317_u24.log)
  al2023: PASS (47s) (log: /var/www/ci-lustre/upstream-patch-review/55d175e2e975da36ecb8819a3bd4c43936783317_al2023.log)
  lustre_mainline_strict: FAIL (210s) (log: /var/www/ci-lustre/upstream-patch-review/55d175e2e975da36ecb8819a3bd4c43936783317_lustre_mainline_strict.log)
  lustre_mainline: PASS (207s) (log: /var/www/ci-lustre/upstream-patch-review/55d175e2e975da36ecb8819a3bd4c43936783317_lustre_mainline.log)
  lustre_mainline_native: PASS (208s) (log: /var/www/ci-lustre/upstream-patch-review/55d175e2e975da36ecb8819a3bd4c43936783317_lustre_mainline_native.log)
  boot: PASS (75s) (log: /var/www/ci-lustre/upstream-patch-review/55d175e2e975da36ecb8819a3bd4c43936783317_boot.log)
  llmount: PASS (137s) (log: /var/www/ci-lustre/upstream-patch-review/55d175e2e975da36ecb8819a3bd4c43936783317_llmount.log)
  mgs-setup: PASS (86s) (log: /var/www/ci-lustre/upstream-patch-review/55d175e2e975da36ecb8819a3bd4c43936783317_mgs-setup.log)
  sanity-1: PASS (116s) (log: /var/www/ci-lustre/upstream-patch-review/55d175e2e975da36ecb8819a3bd4c43936783317_sanity-1.log)
  sanity-2: PASS (118s) (log: /var/www/ci-lustre/upstream-patch-review/55d175e2e975da36ecb8819a3bd4c43936783317_sanity-2.log)
  sanity-3: PASS (117s) (log: /var/www/ci-lustre/upstream-patch-review/55d175e2e975da36ecb8819a3bd4c43936783317_sanity-3.log)
  sanity-4: PASS (125s) (log: /var/www/ci-lustre/upstream-patch-review/55d175e2e975da36ecb8819a3bd4c43936783317_sanity-4.log)

Total execution time: 374s
