00001 
00010 RDSEED32 is broken. Disabling the corresponding CPUID bit.
00014 init: failed to load nvme_core
00014 init: failed to load nvme
00014 init: failed to load zfs
00015 LNetError: 1:0:(lib-socket.c:619:lnet_inet_enumerate()) lnet: Can't find any usable interfaces, rc = -ENOENT
00015 LNetError: Error -100 starting up LNI tcp
00016 LustreError: 1:0:(events.c:627:ptlrpc_init_portals()) network initialisation failed: rc = -100
00016 init: finit_module /lib/modules/7.0.0-ktest-578c42a-6330a45-20260724-dirty/updates/ptlrpc.ko: Network is down
00016 init: failed to load lustre
00016 init: failed to load osd_zfs
00016 init: failed to load iwlwifi
00016 init: failed to load iwlmvm
00016 init: failed to load mt7921e
00016 init: failed to load i915
00016 init: failed to load nouveau
00030 tlp: vm.laptop_mode is deprecated. Ignoring setting.
00030 Kernel version: 7.0.0-ktest-578c42a-6330a45-20260724-dirty
00030 hook init_noop
00030 
00030 Running tests boot
00030 
00030 ========= TEST   boot
00031 boot
00031 
00031 ========= PASSED boot in 0s
00031 
00031 Passed: boot
00031 Failed: 
00031 NOTICE: Automounting of tracing to debugfs is deprecated and will be removed in 2030
00031 Kernel version: 7.0.0-ktest-578c42a-6330a45-20260724-dirty
00031 TEST SUCCESS
