CLI: ./podman-ktest --podman-socket unix:///run/podman/podman.sock --shared-filesystem /tmp --tarball-input job lustre-ci --output /var/www/ci-lustre/upstream-patch-review --git-hash 57c0436ebc3d3e29087196ff8ede8cd98456350b --change-id 59834_57c0436ebc3d3e29087196ff8ede8cd98456350b --subject LU-18687 compat: move account_page_dirtied() import to symbols.c

  Checking /dev/kvm exists... OK
  Checking /dev/kvm permissions... OK
  Creating ccache directory... OK
  Checking ccache directory writable... OK

Environment validated successfully
Creating kernel tarball at /tmp/ktest-kernel.tar.gz...
Creating lustre tarball at /tmp/ktest-lustre.tar.gz...
Executing 16 jobs
Jobs will start as soon as their dependencies are satisfied
Using tarball input mode

START lustre_mainline build tests/fs/lustre/boot.ktest
START lustre_mainline_native build tests/fs/lustre/boot.ktest
START lustre_al2023 build tests/fs/lustre/boot.ktest
START lustre_u24 build tests/fs/lustre/boot.ktest
START checkpatch tool checkpatch
START lustre_mainline_strict build tests/fs/lustre/boot-strict.ktest
PUT /tmp/ktest-kernel.tar.gz 9s
PUT /tmp/ktest-kernel.tar.gz 9s
PUT /tmp/ktest-kernel.tar.gz 9s
PUT /tmp/ktest-kernel.tar.gz 9s
PUT /tmp/ktest-kernel.tar.gz 9s
PUT /tmp/ktest-kernel.tar.gz 9s
PUT /tmp/ktest-lustre.tar.gz 4s
PUT /tmp/ktest-lustre.tar.gz 4s
PUT /tmp/ktest-lustre.tar.gz 4s
PUT /tmp/ktest-lustre.tar.gz 4s
PUT /tmp/ktest-lustre.tar.gz 4s
PUT /tmp/ktest-lustre.tar.gz 4s
END checkpatch tool checkpatch FAIL 16s (exit code: 1)
END lustre_al2023 build tests/fs/lustre/boot.ktest PASS 78s
END lustre_u24 build tests/fs/lustre/boot.ktest PASS 79s
GET /tmp/ktest_lustre_mainline_strict_k0fbet77.tar 4s
END lustre_mainline_strict build tests/fs/lustre/boot-strict.ktest FAIL 121s (exit code: 1)
GET /tmp/ktest_lustre_mainline_dk4pngyi.tar 3s
GET /tmp/ktest_lustre_mainline_native_7hb40ht_.tar 3s
END lustre_mainline build tests/fs/lustre/boot.ktest PASS 141s
END lustre_mainline_native build tests/fs/lustre/boot.ktest PASS 143s
START clang-tidy tool clang-tidy
START cc-plugin tool cc-plugin
START boot run tests/fs/lustre/boot.ktest
START llmount run tests/fs/lustre/llmount.ktest
START llog-unit run tests/fs/lustre/llog-unit.ktest
START mgs-setup run tests/fs/lustre/mgs-setup.ktest
START sanity-1 run tests/fs/lustre/sanity/sanity-1.ktest
START sanity-2 run tests/fs/lustre/sanity/sanity-2.ktest
START sanity-3 run tests/fs/lustre/sanity/sanity-3.ktest
START sanity-4 run tests/fs/lustre/sanity/sanity-4.ktest
PUT /tmp/ktest-kernel.tar.gz 37s
PUT /tmp/ktest_lustre_mainline_native_7hb40ht_.tar 44s
PUT /tmp/ktest-kernel.tar.gz 44s
PUT /tmp/ktest_lustre_mainline_native_7hb40ht_.tar 44s
PUT /tmp/ktest_lustre_mainline_native_7hb40ht_.tar 44s
PUT /tmp/ktest_lustre_mainline_native_7hb40ht_.tar 44s
PUT /tmp/ktest_lustre_mainline_native_7hb40ht_.tar 44s
PUT /tmp/ktest_lustre_mainline_native_7hb40ht_.tar 44s
PUT /tmp/ktest_lustre_mainline_native_7hb40ht_.tar 44s
PUT /tmp/ktest_lustre_mainline_native_7hb40ht_.tar 44s
PUT /tmp/ktest-lustre.tar.gz 93s
PUT /tmp/ktest-lustre.tar.gz 86s
PUT /tmp/ktest_lustre_mainline_native_7hb40ht_.tar 16s
PUT /tmp/ktest_lustre_mainline_native_7hb40ht_.tar 16s
END cc-plugin tool cc-plugin FAIL 150s (exit code: 127)
END clang-tidy tool clang-tidy PASS 172s
END boot run tests/fs/lustre/boot.ktest PASS 175s
END sanity-4 run tests/fs/lustre/sanity/sanity-4.ktest PASS 179s
END mgs-setup run tests/fs/lustre/mgs-setup.ktest PASS 187s
END sanity-3 run tests/fs/lustre/sanity/sanity-3.ktest PASS 196s
END sanity-2 run tests/fs/lustre/sanity/sanity-2.ktest PASS 208s
END sanity-1 run tests/fs/lustre/sanity/sanity-1.ktest PASS 213s
END llog-unit run tests/fs/lustre/llog-unit.ktest PASS 263s
END llmount run tests/fs/lustre/llmount.ktest PASS 267s

============================================================
Final Results:
  checkpatch: FAIL (16s) (log: /var/www/ci-lustre/upstream-patch-review/57c0436ebc3d3e29087196ff8ede8cd98456350b_checkpatch.log)
  lustre_u24: PASS (79s) (log: /var/www/ci-lustre/upstream-patch-review/57c0436ebc3d3e29087196ff8ede8cd98456350b_lustre_u24.log)
  lustre_al2023: PASS (78s) (log: /var/www/ci-lustre/upstream-patch-review/57c0436ebc3d3e29087196ff8ede8cd98456350b_lustre_al2023.log)
  lustre_mainline_strict: FAIL (121s) (log: /var/www/ci-lustre/upstream-patch-review/57c0436ebc3d3e29087196ff8ede8cd98456350b_lustre_mainline_strict.log)
  lustre_mainline: PASS (141s) (log: /var/www/ci-lustre/upstream-patch-review/57c0436ebc3d3e29087196ff8ede8cd98456350b_lustre_mainline.log)
  lustre_mainline_native: PASS (143s) (log: /var/www/ci-lustre/upstream-patch-review/57c0436ebc3d3e29087196ff8ede8cd98456350b_lustre_mainline_native.log)
  clang-tidy: PASS (172s) (log: /var/www/ci-lustre/upstream-patch-review/57c0436ebc3d3e29087196ff8ede8cd98456350b_clang-tidy.log)
  cc-plugin: FAIL (150s) (log: /var/www/ci-lustre/upstream-patch-review/57c0436ebc3d3e29087196ff8ede8cd98456350b_cc-plugin.log)
  boot: PASS (175s) (log: /var/www/ci-lustre/upstream-patch-review/57c0436ebc3d3e29087196ff8ede8cd98456350b_boot.log)
  llmount: PASS (267s) (log: /var/www/ci-lustre/upstream-patch-review/57c0436ebc3d3e29087196ff8ede8cd98456350b_llmount.log)
  llog-unit: PASS (263s) (log: /var/www/ci-lustre/upstream-patch-review/57c0436ebc3d3e29087196ff8ede8cd98456350b_llog-unit.log)
  mgs-setup: PASS (187s) (log: /var/www/ci-lustre/upstream-patch-review/57c0436ebc3d3e29087196ff8ede8cd98456350b_mgs-setup.log)
  sanity-1: PASS (213s) (log: /var/www/ci-lustre/upstream-patch-review/57c0436ebc3d3e29087196ff8ede8cd98456350b_sanity-1.log)
  sanity-2: PASS (208s) (log: /var/www/ci-lustre/upstream-patch-review/57c0436ebc3d3e29087196ff8ede8cd98456350b_sanity-2.log)
  sanity-3: PASS (196s) (log: /var/www/ci-lustre/upstream-patch-review/57c0436ebc3d3e29087196ff8ede8cd98456350b_sanity-3.log)
  sanity-4: PASS (179s) (log: /var/www/ci-lustre/upstream-patch-review/57c0436ebc3d3e29087196ff8ede8cd98456350b_sanity-4.log)

Total execution time: 440s
