CLI: ./podman-ktest --podman-socket unix:///run/podman/podman.sock --shared-filesystem /tmp --tarball-input job lustre-ci --output /var/www/ci-lustre/upstream-patch-review --git-hash 581171a0fe4bdd309691b4dfaaabeaba10107165 --change-id 66885_581171a0fe4bdd309691b4dfaaabeaba10107165 --subject LU-20418 build: Move lnet o2ib in-kernel checks to ksym

Environment validated successfully
Creating kernel tarball at /tmp/ktest-kernel.tar.gz...
Creating lustre tarball at /tmp/ktest-lustre.tar.gz...
Creating ZFS tarball at /tmp/ktest-zfs.tar.gz...
Executing 14 jobs
Jobs will start as soon as their dependencies are satisfied
Using tarball input mode

START checkpatch:checkpatch tool checkpatch
START u24:u24 build tests/fs/lustre/boot.ktest
START ml-strict:lustre_mainline build tests/fs/lustre/boot-strict.ktest
START ml:lustre_mainline build tests/fs/lustre/boot.ktest
START al2023:al2023 build tests/fs/lustre/boot.ktest
START ml-miscvm:lustre_mainline_native build tests/fs/lustre/boot.ktest
PUT /tmp/ktest-lustre.tar.gz 1s
PUT /tmp/ktest-lustre.tar.gz 1s
PUT /tmp/ktest-kernel.tar.gz 14s
PUT /tmp/ktest-kernel.tar.gz 14s
PUT /tmp/ktest-kernel.tar.gz 14s
PUT /tmp/ktest-kernel.tar.gz 14s
PUT /tmp/ktest-lustre.tar.gz 1s
PUT /tmp/ktest-lustre.tar.gz 1s
PUT /tmp/ktest-lustre.tar.gz 1s
PUT /tmp/ktest-lustre.tar.gz 1s
PUT /tmp/ktest-zfs.tar.gz 0s
PUT /tmp/ktest-zfs.tar.gz 0s
PUT /tmp/ktest-zfs.tar.gz 0s
END checkpatch:checkpatch tool checkpatch FAIL 20s (exit code: 1)
END al2023:al2023 build tests/fs/lustre/boot.ktest PASS 60s
END u24:u24 build tests/fs/lustre/boot.ktest PASS 61s
GET /tmp/ktest_ml-strict:lustre_mainline__0qfw07c.tar 6s
END ml-strict:lustre_mainline build tests/fs/lustre/boot-strict.ktest FAIL 198s (exit code: 1)
GET /tmp/ktest_ml:lustre_mainline_fk5d_cwn.tar 0s
GET /tmp/ktest_ml-miscvm:lustre_mainline_native_006nhsga.tar 2s
END ml:lustre_mainline build tests/fs/lustre/boot.ktest PASS 200s
END ml-miscvm:lustre_mainline_native build tests/fs/lustre/boot.ktest PASS 202s
START ml-miscvm:boot run tests/fs/lustre/boot.ktest
START ml-miscvm:llmount run tests/fs/lustre/llmount.ktest
START ml-miscvm:llog-unit run tests/fs/lustre/llog-unit.ktest
START ml-miscvm:mgs-setup run tests/fs/lustre/mgs-setup.ktest
START ml-miscvm:sanity-1 run tests/fs/lustre/sanity/sanity-1.ktest
START ml-miscvm:sanity-2 run tests/fs/lustre/sanity/sanity-2.ktest
START ml-miscvm:sanity-3 run tests/fs/lustre/sanity/sanity-3.ktest
START ml-miscvm:sanity-4 run tests/fs/lustre/sanity/sanity-4.ktest
PUT /tmp/ktest-kernel.tar.gz 35s
PUT /tmp/ktest-kernel.tar.gz 34s
PUT /tmp/ktest-kernel.tar.gz 35s
PUT /tmp/ktest-kernel.tar.gz 35s
PUT /tmp/ktest-kernel.tar.gz 35s
PUT /tmp/ktest-kernel.tar.gz 35s
PUT /tmp/ktest-kernel.tar.gz 36s
PUT /tmp/ktest-kernel.tar.gz 35s
PUT /tmp/ktest-lustre.tar.gz 11s
PUT /tmp/ktest-lustre.tar.gz 11s
PUT /tmp/ktest-lustre.tar.gz 11s
PUT /tmp/ktest-lustre.tar.gz 11s
PUT /tmp/ktest-lustre.tar.gz 12s
PUT /tmp/ktest-lustre.tar.gz 11s
PUT /tmp/ktest-lustre.tar.gz 11s
PUT /tmp/ktest-lustre.tar.gz 11s
PUT /tmp/ktest_ml-miscvm:lustre_mainline_native_006nhsga.tar 0s
PUT /tmp/ktest_ml-miscvm:lustre_mainline_native_006nhsga.tar 1s
PUT /tmp/ktest_ml-miscvm:lustre_mainline_native_006nhsga.tar 1s
PUT /tmp/ktest_ml-miscvm:lustre_mainline_native_006nhsga.tar 1s
PUT /tmp/ktest_ml-miscvm:lustre_mainline_native_006nhsga.tar 1s
PUT /tmp/ktest_ml-miscvm:lustre_mainline_native_006nhsga.tar 1s
PUT /tmp/ktest_ml-miscvm:lustre_mainline_native_006nhsga.tar 1s
PUT /tmp/ktest_ml-miscvm:lustre_mainline_native_006nhsga.tar 1s
END ml-miscvm:boot run tests/fs/lustre/boot.ktest PASS 93s
END ml-miscvm:mgs-setup run tests/fs/lustre/mgs-setup.ktest PASS 100s
END ml-miscvm:sanity-4 run tests/fs/lustre/sanity/sanity-4.ktest PASS 128s
END ml-miscvm:sanity-2 run tests/fs/lustre/sanity/sanity-2.ktest PASS 129s
END ml-miscvm:sanity-3 run tests/fs/lustre/sanity/sanity-3.ktest PASS 131s
END ml-miscvm:sanity-1 run tests/fs/lustre/sanity/sanity-1.ktest PASS 132s
END ml-miscvm:llmount run tests/fs/lustre/llmount.ktest PASS 142s
END ml-miscvm:llog-unit run tests/fs/lustre/llog-unit.ktest FAIL 176s (exit code: 1)

============================================================
Final Results:
  checkpatch:checkpatch: FAIL (20s) (log: /var/www/ci-lustre/upstream-patch-review/581171a0fe4bdd309691b4dfaaabeaba10107165_checkpatch:checkpatch.log)
  u24:u24: PASS (61s) (log: /var/www/ci-lustre/upstream-patch-review/581171a0fe4bdd309691b4dfaaabeaba10107165_u24:u24.log)
  al2023:al2023: PASS (60s) (log: /var/www/ci-lustre/upstream-patch-review/581171a0fe4bdd309691b4dfaaabeaba10107165_al2023:al2023.log)
  ml-strict:lustre_mainline: FAIL (198s) (log: /var/www/ci-lustre/upstream-patch-review/581171a0fe4bdd309691b4dfaaabeaba10107165_ml-strict:lustre_mainline.log)
  ml:lustre_mainline: PASS (200s) (log: /var/www/ci-lustre/upstream-patch-review/581171a0fe4bdd309691b4dfaaabeaba10107165_ml:lustre_mainline.log)
  ml-miscvm:lustre_mainline_native: PASS (202s) (log: /var/www/ci-lustre/upstream-patch-review/581171a0fe4bdd309691b4dfaaabeaba10107165_ml-miscvm:lustre_mainline_native.log)
  ml-miscvm:boot: PASS (93s) (log: /var/www/ci-lustre/upstream-patch-review/581171a0fe4bdd309691b4dfaaabeaba10107165_ml-miscvm:boot.log)
  ml-miscvm:llmount: PASS (142s) (log: /var/www/ci-lustre/upstream-patch-review/581171a0fe4bdd309691b4dfaaabeaba10107165_ml-miscvm:llmount.log)
  ml-miscvm:llog-unit: FAIL (176s) (log: /var/www/ci-lustre/upstream-patch-review/581171a0fe4bdd309691b4dfaaabeaba10107165_ml-miscvm:llog-unit.log)
  ml-miscvm:mgs-setup: PASS (100s) (log: /var/www/ci-lustre/upstream-patch-review/581171a0fe4bdd309691b4dfaaabeaba10107165_ml-miscvm:mgs-setup.log)
  ml-miscvm:sanity-1: PASS (132s) (log: /var/www/ci-lustre/upstream-patch-review/581171a0fe4bdd309691b4dfaaabeaba10107165_ml-miscvm:sanity-1.log)
  ml-miscvm:sanity-2: PASS (129s) (log: /var/www/ci-lustre/upstream-patch-review/581171a0fe4bdd309691b4dfaaabeaba10107165_ml-miscvm:sanity-2.log)
  ml-miscvm:sanity-3: PASS (131s) (log: /var/www/ci-lustre/upstream-patch-review/581171a0fe4bdd309691b4dfaaabeaba10107165_ml-miscvm:sanity-3.log)
  ml-miscvm:sanity-4: PASS (128s) (log: /var/www/ci-lustre/upstream-patch-review/581171a0fe4bdd309691b4dfaaabeaba10107165_ml-miscvm:sanity-4.log)

Total execution time: 407s
