CLI: ./podman-ktest --podman-socket unix:///run/podman/podman.sock --shared-filesystem /tmp --tarball-input job lustre-ci --output /var/www/ci-lustre/upstream-patch-review --git-hash 58980fff18f7fd03993923014c486e9ebcf41bd3 --change-id 65832_58980fff18f7fd03993923014c486e9ebcf41bd3 --subject LU-20248 tests: fix race in check_gss_daemon_nodes

  Checking /dev/kvm exists... OK
  Checking /dev/kvm permissions... OK
  Creating ccache directory... OK
  Checking ccache directory writable... OK
  Creating package output directory... OK

Environment validated successfully
Creating kernel tarball at /tmp/ktest-kernel.tar.gz...
Creating lustre tarball at /tmp/ktest-lustre.tar.gz...
Creating ZFS tarball at /tmp/ktest-zfs.tar.gz...
Executing 13 jobs
Jobs will start as soon as their dependencies are satisfied
Using tarball input mode

START al2023 build tests/fs/lustre/boot.ktest
START checkpatch tool checkpatch
START u24 build tests/fs/lustre/boot.ktest
START lustre_mainline_strict build tests/fs/lustre/boot-strict.ktest
START lustre_mainline_native build tests/fs/lustre/boot.ktest
START lustre_mainline build tests/fs/lustre/boot.ktest
PUT /tmp/ktest-lustre.tar.gz 1s
PUT /tmp/ktest-lustre.tar.gz 1s
PUT /tmp/ktest-kernel.tar.gz 14s
PUT /tmp/ktest-kernel.tar.gz 14s
PUT /tmp/ktest-kernel.tar.gz 14s
PUT /tmp/ktest-kernel.tar.gz 15s
PUT /tmp/ktest-lustre.tar.gz 1s
PUT /tmp/ktest-lustre.tar.gz 1s
PUT /tmp/ktest-lustre.tar.gz 1s
PUT /tmp/ktest-lustre.tar.gz 1s
PUT /tmp/ktest-zfs.tar.gz 0s
PUT /tmp/ktest-zfs.tar.gz 0s
PUT /tmp/ktest-zfs.tar.gz 0s
END checkpatch tool checkpatch PASS 18s
END al2023 build tests/fs/lustre/boot.ktest PASS 72s
END u24 build tests/fs/lustre/boot.ktest PASS 73s
GET /tmp/ktest_lustre_mainline_strict_gznbd865.tar 5s
END lustre_mainline_strict build tests/fs/lustre/boot-strict.ktest FAIL 148s (exit code: 1)
GET /tmp/ktest_lustre_mainline__qo_6tlp.tar 0s
GET /tmp/ktest_lustre_mainline_native_dirkqcd0.tar 0s
END lustre_mainline build tests/fs/lustre/boot.ktest PASS 162s
END lustre_mainline_native build tests/fs/lustre/boot.ktest PASS 164s
START boot run tests/fs/lustre/boot.ktest
START llmount run tests/fs/lustre/llmount.ktest
START mgs-setup run tests/fs/lustre/mgs-setup.ktest
START sanity-1 run tests/fs/lustre/sanity/sanity-1.ktest
START sanity-2 run tests/fs/lustre/sanity/sanity-2.ktest
START sanity-3 run tests/fs/lustre/sanity/sanity-3.ktest
START sanity-4 run tests/fs/lustre/sanity/sanity-4.ktest
PUT /tmp/ktest-kernel.tar.gz 29s
PUT /tmp/ktest-kernel.tar.gz 29s
PUT /tmp/ktest-kernel.tar.gz 29s
PUT /tmp/ktest-kernel.tar.gz 29s
PUT /tmp/ktest-kernel.tar.gz 29s
PUT /tmp/ktest-kernel.tar.gz 29s
PUT /tmp/ktest-kernel.tar.gz 30s
PUT /tmp/ktest-lustre.tar.gz 7s
PUT /tmp/ktest-lustre.tar.gz 6s
PUT /tmp/ktest-lustre.tar.gz 6s
PUT /tmp/ktest-lustre.tar.gz 7s
PUT /tmp/ktest-lustre.tar.gz 7s
PUT /tmp/ktest-lustre.tar.gz 6s
PUT /tmp/ktest-lustre.tar.gz 7s
PUT /tmp/ktest_lustre_mainline_native_dirkqcd0.tar 0s
PUT /tmp/ktest_lustre_mainline_native_dirkqcd0.tar 0s
PUT /tmp/ktest_lustre_mainline_native_dirkqcd0.tar 0s
PUT /tmp/ktest_lustre_mainline_native_dirkqcd0.tar 0s
PUT /tmp/ktest_lustre_mainline_native_dirkqcd0.tar 0s
PUT /tmp/ktest_lustre_mainline_native_dirkqcd0.tar 0s
PUT /tmp/ktest_lustre_mainline_native_dirkqcd0.tar 0s
END boot run tests/fs/lustre/boot.ktest PASS 136s
END mgs-setup run tests/fs/lustre/mgs-setup.ktest PASS 146s
END sanity-3 run tests/fs/lustre/sanity/sanity-3.ktest PASS 201s
END sanity-1 run tests/fs/lustre/sanity/sanity-1.ktest PASS 202s
END sanity-4 run tests/fs/lustre/sanity/sanity-4.ktest PASS 212s
END llmount run tests/fs/lustre/llmount.ktest PASS 214s
END sanity-2 run tests/fs/lustre/sanity/sanity-2.ktest PASS 223s

============================================================
Final Results:
  checkpatch: PASS (18s) (log: /var/www/ci-lustre/upstream-patch-review/58980fff18f7fd03993923014c486e9ebcf41bd3_checkpatch.log)
  u24: PASS (73s) (log: /var/www/ci-lustre/upstream-patch-review/58980fff18f7fd03993923014c486e9ebcf41bd3_u24.log)
  al2023: PASS (72s) (log: /var/www/ci-lustre/upstream-patch-review/58980fff18f7fd03993923014c486e9ebcf41bd3_al2023.log)
  lustre_mainline_strict: FAIL (148s) (log: /var/www/ci-lustre/upstream-patch-review/58980fff18f7fd03993923014c486e9ebcf41bd3_lustre_mainline_strict.log)
  lustre_mainline: PASS (162s) (log: /var/www/ci-lustre/upstream-patch-review/58980fff18f7fd03993923014c486e9ebcf41bd3_lustre_mainline.log)
  lustre_mainline_native: PASS (164s) (log: /var/www/ci-lustre/upstream-patch-review/58980fff18f7fd03993923014c486e9ebcf41bd3_lustre_mainline_native.log)
  boot: PASS (136s) (log: /var/www/ci-lustre/upstream-patch-review/58980fff18f7fd03993923014c486e9ebcf41bd3_boot.log)
  llmount: PASS (214s) (log: /var/www/ci-lustre/upstream-patch-review/58980fff18f7fd03993923014c486e9ebcf41bd3_llmount.log)
  mgs-setup: PASS (146s) (log: /var/www/ci-lustre/upstream-patch-review/58980fff18f7fd03993923014c486e9ebcf41bd3_mgs-setup.log)
  sanity-1: PASS (202s) (log: /var/www/ci-lustre/upstream-patch-review/58980fff18f7fd03993923014c486e9ebcf41bd3_sanity-1.log)
  sanity-2: PASS (223s) (log: /var/www/ci-lustre/upstream-patch-review/58980fff18f7fd03993923014c486e9ebcf41bd3_sanity-2.log)
  sanity-3: PASS (201s) (log: /var/www/ci-lustre/upstream-patch-review/58980fff18f7fd03993923014c486e9ebcf41bd3_sanity-3.log)
  sanity-4: PASS (212s) (log: /var/www/ci-lustre/upstream-patch-review/58980fff18f7fd03993923014c486e9ebcf41bd3_sanity-4.log)

Total execution time: 416s
