CLI: ./podman-ktest --podman-socket unix:///run/podman/podman.sock --shared-filesystem /tmp --tarball-input job lustre-ci --output /var/www/ci-lustre/upstream-patch-review --git-hash 5be76f2c33fd7d47c8c07c9465bdd1548264647c --change-id 65111_5be76f2c33fd7d47c8c07c9465bdd1548264647c --subject LU-6363 tests: Increase wait time of test_9b to 25s

  Checking /dev/kvm exists... OK
  Checking /dev/kvm permissions... OK
  Creating ccache directory... OK
  Checking ccache directory writable... OK

Environment validated successfully
Creating kernel tarball at /tmp/ktest-kernel.tar.gz...
Creating lustre tarball at /tmp/ktest-lustre.tar.gz...
Executing 16 jobs
Jobs will start as soon as their dependencies are satisfied
Using tarball input mode

START al2023 build tests/fs/lustre/boot.ktest
START checkpatch tool checkpatch
START lustre_mainline_strict build tests/fs/lustre/boot-strict.ktest
START u24 build tests/fs/lustre/boot.ktest
START lustre_mainline_native build tests/fs/lustre/boot.ktest
START lustre_mainline build tests/fs/lustre/boot.ktest
PUT /tmp/ktest-kernel.tar.gz 8s
PUT /tmp/ktest-kernel.tar.gz 8s
PUT /tmp/ktest-kernel.tar.gz 8s
PUT /tmp/ktest-kernel.tar.gz 8s
PUT /tmp/ktest-kernel.tar.gz 8s
PUT /tmp/ktest-kernel.tar.gz 8s
PUT /tmp/ktest-lustre.tar.gz 1s
PUT /tmp/ktest-lustre.tar.gz 1s
PUT /tmp/ktest-lustre.tar.gz 2s
PUT /tmp/ktest-lustre.tar.gz 1s
PUT /tmp/ktest-lustre.tar.gz 1s
PUT /tmp/ktest-lustre.tar.gz 1s
END checkpatch tool checkpatch PASS 12s
END al2023 build tests/fs/lustre/boot.ktest PASS 64s
END u24 build tests/fs/lustre/boot.ktest PASS 69s
GET /tmp/ktest_lustre_mainline_strict_rxy0ju93.tar 5s
END lustre_mainline_strict build tests/fs/lustre/boot-strict.ktest FAIL 109s (exit code: 1)
GET /tmp/ktest_lustre_mainline_9004chyf.tar 4s
GET /tmp/ktest_lustre_mainline_native_o9_17sji.tar 4s
END lustre_mainline build tests/fs/lustre/boot.ktest PASS 112s
END lustre_mainline_native build tests/fs/lustre/boot.ktest PASS 113s
START clang-tidy tool clang-tidy
START cc-plugin tool cc-plugin
START boot run tests/fs/lustre/boot.ktest
START llmount run tests/fs/lustre/llmount.ktest
START llog-unit run tests/fs/lustre/llog-unit.ktest
START mgs-setup run tests/fs/lustre/mgs-setup.ktest
START sanity-1 run tests/fs/lustre/sanity/sanity-1.ktest
START sanity-2 run tests/fs/lustre/sanity/sanity-2.ktest
START sanity-3 run tests/fs/lustre/sanity/sanity-3.ktest
START sanity-4 run tests/fs/lustre/sanity/sanity-4.ktest
PUT /tmp/ktest-kernel.tar.gz 7s
PUT /tmp/ktest-kernel.tar.gz 9s
PUT /tmp/ktest_lustre_mainline_native_o9_17sji.tar 11s
PUT /tmp/ktest_lustre_mainline_native_o9_17sji.tar 11s
PUT /tmp/ktest_lustre_mainline_native_o9_17sji.tar 11s
PUT /tmp/ktest_lustre_mainline_native_o9_17sji.tar 11s
PUT /tmp/ktest_lustre_mainline_native_o9_17sji.tar 11s
PUT /tmp/ktest_lustre_mainline_native_o9_17sji.tar 11s
PUT /tmp/ktest_lustre_mainline_native_o9_17sji.tar 11s
PUT /tmp/ktest_lustre_mainline_native_o9_17sji.tar 11s
PUT /tmp/ktest-lustre.tar.gz 4s
PUT /tmp/ktest-lustre.tar.gz 29s
PUT /tmp/ktest_lustre_mainline_native_o9_17sji.tar 36s
PUT /tmp/ktest_lustre_mainline_native_o9_17sji.tar 8s
END cc-plugin tool cc-plugin FAIL 51s (exit code: 127)
END boot run tests/fs/lustre/boot.ktest PASS 64s
END clang-tidy tool clang-tidy PASS 71s
END mgs-setup run tests/fs/lustre/mgs-setup.ktest PASS 80s
END sanity-1 run tests/fs/lustre/sanity/sanity-1.ktest PASS 88s
END sanity-3 run tests/fs/lustre/sanity/sanity-3.ktest PASS 92s
END sanity-4 run tests/fs/lustre/sanity/sanity-4.ktest PASS 110s
END sanity-2 run tests/fs/lustre/sanity/sanity-2.ktest PASS 113s
END llmount run tests/fs/lustre/llmount.ktest PASS 155s
END llog-unit run tests/fs/lustre/llog-unit.ktest PASS 167s

============================================================
Final Results:
  checkpatch: PASS (12s) (log: /var/www/ci-lustre/upstream-patch-review/5be76f2c33fd7d47c8c07c9465bdd1548264647c_checkpatch.log)
  u24: PASS (69s) (log: /var/www/ci-lustre/upstream-patch-review/5be76f2c33fd7d47c8c07c9465bdd1548264647c_u24.log)
  al2023: PASS (64s) (log: /var/www/ci-lustre/upstream-patch-review/5be76f2c33fd7d47c8c07c9465bdd1548264647c_al2023.log)
  lustre_mainline_strict: FAIL (109s) (log: /var/www/ci-lustre/upstream-patch-review/5be76f2c33fd7d47c8c07c9465bdd1548264647c_lustre_mainline_strict.log)
  lustre_mainline: PASS (112s) (log: /var/www/ci-lustre/upstream-patch-review/5be76f2c33fd7d47c8c07c9465bdd1548264647c_lustre_mainline.log)
  lustre_mainline_native: PASS (113s) (log: /var/www/ci-lustre/upstream-patch-review/5be76f2c33fd7d47c8c07c9465bdd1548264647c_lustre_mainline_native.log)
  clang-tidy: PASS (71s) (log: /var/www/ci-lustre/upstream-patch-review/5be76f2c33fd7d47c8c07c9465bdd1548264647c_clang-tidy.log)
  cc-plugin: FAIL (51s) (log: /var/www/ci-lustre/upstream-patch-review/5be76f2c33fd7d47c8c07c9465bdd1548264647c_cc-plugin.log)
  boot: PASS (64s) (log: /var/www/ci-lustre/upstream-patch-review/5be76f2c33fd7d47c8c07c9465bdd1548264647c_boot.log)
  llmount: PASS (155s) (log: /var/www/ci-lustre/upstream-patch-review/5be76f2c33fd7d47c8c07c9465bdd1548264647c_llmount.log)
  llog-unit: PASS (167s) (log: /var/www/ci-lustre/upstream-patch-review/5be76f2c33fd7d47c8c07c9465bdd1548264647c_llog-unit.log)
  mgs-setup: PASS (80s) (log: /var/www/ci-lustre/upstream-patch-review/5be76f2c33fd7d47c8c07c9465bdd1548264647c_mgs-setup.log)
  sanity-1: PASS (88s) (log: /var/www/ci-lustre/upstream-patch-review/5be76f2c33fd7d47c8c07c9465bdd1548264647c_sanity-1.log)
  sanity-2: PASS (113s) (log: /var/www/ci-lustre/upstream-patch-review/5be76f2c33fd7d47c8c07c9465bdd1548264647c_sanity-2.log)
  sanity-3: PASS (92s) (log: /var/www/ci-lustre/upstream-patch-review/5be76f2c33fd7d47c8c07c9465bdd1548264647c_sanity-3.log)
  sanity-4: PASS (110s) (log: /var/www/ci-lustre/upstream-patch-review/5be76f2c33fd7d47c8c07c9465bdd1548264647c_sanity-4.log)

Total execution time: 310s
