CLI: ./podman-ktest --podman-socket unix:///run/podman/podman.sock --shared-filesystem /tmp --tarball-input job lustre-ci --output /var/www/ci-lustre/upstream-patch-review --git-hash 5c71d789a1fab8a70f3c52180b1e636c2ce0bfe2 --change-id 66823_5c71d789a1fab8a70f3c52180b1e636c2ce0bfe2 --subject LU-20422 llite: use lockless inode_state_read_once

Environment validated successfully
Creating kernel tarball at /tmp/ktest-kernel.tar.gz...
Creating lustre tarball at /tmp/ktest-lustre.tar.gz...
Creating ZFS tarball at /tmp/ktest-zfs.tar.gz...
Executing 14 jobs
Jobs will start as soon as their dependencies are satisfied
Using tarball input mode

START ml-miscvm:lustre_mainline_native build tests/fs/lustre/boot.ktest
START checkpatch:checkpatch tool checkpatch
START ml:lustre_mainline build tests/fs/lustre/boot.ktest
START ml-strict:lustre_mainline build tests/fs/lustre/boot-strict.ktest
START al2023:al2023 build tests/fs/lustre/boot.ktest
START u24:u24 build tests/fs/lustre/boot.ktest
PUT /tmp/ktest-lustre.tar.gz 1s
PUT /tmp/ktest-lustre.tar.gz 2s
PUT /tmp/ktest-kernel.tar.gz 6s
PUT /tmp/ktest-kernel.tar.gz 6s
PUT /tmp/ktest-kernel.tar.gz 7s
PUT /tmp/ktest-kernel.tar.gz 7s
PUT /tmp/ktest-lustre.tar.gz 3s
PUT /tmp/ktest-lustre.tar.gz 3s
PUT /tmp/ktest-lustre.tar.gz 3s
PUT /tmp/ktest-lustre.tar.gz 3s
PUT /tmp/ktest-zfs.tar.gz 0s
PUT /tmp/ktest-zfs.tar.gz 0s
PUT /tmp/ktest-zfs.tar.gz 0s
END checkpatch:checkpatch tool checkpatch FAIL 13s (exit code: 1)
END al2023:al2023 build tests/fs/lustre/boot.ktest PASS 55s
END u24:u24 build tests/fs/lustre/boot.ktest PASS 56s
GET /tmp/ktest_ml-miscvm:lustre_mainline_native_v8owe0fo.tar 0s
END ml-miscvm:lustre_mainline_native build tests/fs/lustre/boot.ktest PASS 154s
START ml-miscvm:boot run tests/fs/lustre/boot.ktest
START ml-miscvm:llmount run tests/fs/lustre/llmount.ktest
START ml-miscvm:llog-unit run tests/fs/lustre/llog-unit.ktest
START ml-miscvm:mgs-setup run tests/fs/lustre/mgs-setup.ktest
START ml-miscvm:sanity-1 run tests/fs/lustre/sanity/sanity-1.ktest
START ml-miscvm:sanity-2 run tests/fs/lustre/sanity/sanity-2.ktest
START ml-miscvm:sanity-3 run tests/fs/lustre/sanity/sanity-3.ktest
START ml-miscvm:sanity-4 run tests/fs/lustre/sanity/sanity-4.ktest
GET /tmp/ktest_ml:lustre_mainline__mep5z04.tar 0s
END ml:lustre_mainline build tests/fs/lustre/boot.ktest PASS 157sGET /tmp/ktest_ml-strict:lustre_mainline_xs9vydtx.tar 6s

END ml-strict:lustre_mainline build tests/fs/lustre/boot-strict.ktest FAIL 159s (exit code: 1)
PUT /tmp/ktest-kernel.tar.gz 36s
PUT /tmp/ktest-kernel.tar.gz 46s
PUT /tmp/ktest-kernel.tar.gz 44s
PUT /tmp/ktest-kernel.tar.gz 44s
PUT /tmp/ktest-kernel.tar.gz 42s
PUT /tmp/ktest-kernel.tar.gz 41s
PUT /tmp/ktest-kernel.tar.gz 42s
PUT /tmp/ktest-kernel.tar.gz 42s
PUT /tmp/ktest-lustre.tar.gz 11s
PUT /tmp/ktest-lustre.tar.gz 11s
PUT /tmp/ktest-lustre.tar.gz 11s
PUT /tmp/ktest-lustre.tar.gz 11s
PUT /tmp/ktest-lustre.tar.gz 21s
PUT /tmp/ktest-lustre.tar.gz 11s
PUT /tmp/ktest-lustre.tar.gz 11s
PUT /tmp/ktest-lustre.tar.gz 11s
PUT /tmp/ktest_ml-miscvm:lustre_mainline_native_v8owe0fo.tar 1s
PUT /tmp/ktest_ml-miscvm:lustre_mainline_native_v8owe0fo.tar 1s
PUT /tmp/ktest_ml-miscvm:lustre_mainline_native_v8owe0fo.tar 1s
PUT /tmp/ktest_ml-miscvm:lustre_mainline_native_v8owe0fo.tar 1s
PUT /tmp/ktest_ml-miscvm:lustre_mainline_native_v8owe0fo.tar 1s
PUT /tmp/ktest_ml-miscvm:lustre_mainline_native_v8owe0fo.tar 1s
PUT /tmp/ktest_ml-miscvm:lustre_mainline_native_v8owe0fo.tar 1s
PUT /tmp/ktest_ml-miscvm:lustre_mainline_native_v8owe0fo.tar 1s
END ml-miscvm:boot run tests/fs/lustre/boot.ktest PASS 101s
END ml-miscvm:mgs-setup run tests/fs/lustre/mgs-setup.ktest PASS 112s
END ml-miscvm:sanity-4 run tests/fs/lustre/sanity/sanity-4.ktest PASS 139s
END ml-miscvm:sanity-2 run tests/fs/lustre/sanity/sanity-2.ktest PASS 151s
END ml-miscvm:sanity-1 run tests/fs/lustre/sanity/sanity-1.ktest PASS 152s
END ml-miscvm:sanity-3 run tests/fs/lustre/sanity/sanity-3.ktest PASS 154s
END ml-miscvm:llmount run tests/fs/lustre/llmount.ktest PASS 155s
END ml-miscvm:llog-unit run tests/fs/lustre/llog-unit.ktest FAIL 188s (exit code: 1)

============================================================
Final Results:
  checkpatch:checkpatch: FAIL (13s) (log: /var/www/ci-lustre/upstream-patch-review/5c71d789a1fab8a70f3c52180b1e636c2ce0bfe2_checkpatch:checkpatch.log)
  u24:u24: PASS (56s) (log: /var/www/ci-lustre/upstream-patch-review/5c71d789a1fab8a70f3c52180b1e636c2ce0bfe2_u24:u24.log)
  al2023:al2023: PASS (55s) (log: /var/www/ci-lustre/upstream-patch-review/5c71d789a1fab8a70f3c52180b1e636c2ce0bfe2_al2023:al2023.log)
  ml-strict:lustre_mainline: FAIL (159s) (log: /var/www/ci-lustre/upstream-patch-review/5c71d789a1fab8a70f3c52180b1e636c2ce0bfe2_ml-strict:lustre_mainline.log)
  ml:lustre_mainline: PASS (157s) (log: /var/www/ci-lustre/upstream-patch-review/5c71d789a1fab8a70f3c52180b1e636c2ce0bfe2_ml:lustre_mainline.log)
  ml-miscvm:lustre_mainline_native: PASS (154s) (log: /var/www/ci-lustre/upstream-patch-review/5c71d789a1fab8a70f3c52180b1e636c2ce0bfe2_ml-miscvm:lustre_mainline_native.log)
  ml-miscvm:boot: PASS (101s) (log: /var/www/ci-lustre/upstream-patch-review/5c71d789a1fab8a70f3c52180b1e636c2ce0bfe2_ml-miscvm:boot.log)
  ml-miscvm:llmount: PASS (155s) (log: /var/www/ci-lustre/upstream-patch-review/5c71d789a1fab8a70f3c52180b1e636c2ce0bfe2_ml-miscvm:llmount.log)
  ml-miscvm:llog-unit: FAIL (188s) (log: /var/www/ci-lustre/upstream-patch-review/5c71d789a1fab8a70f3c52180b1e636c2ce0bfe2_ml-miscvm:llog-unit.log)
  ml-miscvm:mgs-setup: PASS (112s) (log: /var/www/ci-lustre/upstream-patch-review/5c71d789a1fab8a70f3c52180b1e636c2ce0bfe2_ml-miscvm:mgs-setup.log)
  ml-miscvm:sanity-1: PASS (152s) (log: /var/www/ci-lustre/upstream-patch-review/5c71d789a1fab8a70f3c52180b1e636c2ce0bfe2_ml-miscvm:sanity-1.log)
  ml-miscvm:sanity-2: PASS (151s) (log: /var/www/ci-lustre/upstream-patch-review/5c71d789a1fab8a70f3c52180b1e636c2ce0bfe2_ml-miscvm:sanity-2.log)
  ml-miscvm:sanity-3: PASS (154s) (log: /var/www/ci-lustre/upstream-patch-review/5c71d789a1fab8a70f3c52180b1e636c2ce0bfe2_ml-miscvm:sanity-3.log)
  ml-miscvm:sanity-4: PASS (139s) (log: /var/www/ci-lustre/upstream-patch-review/5c71d789a1fab8a70f3c52180b1e636c2ce0bfe2_ml-miscvm:sanity-4.log)

Total execution time: 373s
