CLI: ./podman-ktest --podman-socket unix:///run/podman/podman.sock --shared-filesystem /tmp --tarball-input job lustre-ci --output /var/www/ci-lustre/upstream-patch-review --git-hash 5d2b605f16990d7f7f1350ce83535f033615d0e4 --change-id 63310_5d2b605f16990d7f7f1350ce83535f033615d0e4 --subject LU-19772 build: Improve o2iblnd path detection

  Checking /dev/kvm exists... OK
  Checking /dev/kvm permissions... OK
  Creating ccache directory... OK
  Checking ccache directory writable... OK

Environment validated successfully
Creating kernel tarball at /tmp/ktest-kernel.tar.gz...
Creating lustre tarball at /tmp/ktest-lustre.tar.gz...
Executing 16 jobs
Jobs will start as soon as their dependencies are satisfied
Using tarball input mode

START checkpatch tool checkpatch
START lustre_u24 build tests/fs/lustre/boot.ktest
START lustre_mainline build tests/fs/lustre/boot.ktest
START lustre_mainline_strict build tests/fs/lustre/boot-strict.ktest
START lustre_al2023 build tests/fs/lustre/boot.ktest
START lustre_mainline_native build tests/fs/lustre/boot.ktest
PUT /tmp/ktest-kernel.tar.gz 9s
PUT /tmp/ktest-kernel.tar.gz 9s
PUT /tmp/ktest-kernel.tar.gz 9s
PUT /tmp/ktest-kernel.tar.gz 9s
PUT /tmp/ktest-kernel.tar.gz 9s
PUT /tmp/ktest-kernel.tar.gz 9s
PUT /tmp/ktest-lustre.tar.gz 3s
PUT /tmp/ktest-lustre.tar.gz 3s
PUT /tmp/ktest-lustre.tar.gz 3s
PUT /tmp/ktest-lustre.tar.gz 3s
PUT /tmp/ktest-lustre.tar.gz 3s
PUT /tmp/ktest-lustre.tar.gz 3s
END checkpatch tool checkpatch PASS 15s
END lustre_al2023 build tests/fs/lustre/boot.ktest PASS 73s
END lustre_u24 build tests/fs/lustre/boot.ktest PASS 75s
GET /tmp/ktest_lustre_mainline_strict_mqdjbrbe.tar 5s
END lustre_mainline_strict build tests/fs/lustre/boot-strict.ktest FAIL 115s (exit code: 1)
GET /tmp/ktest_lustre_mainline_96kaorev.tar 3s
GET /tmp/ktest_lustre_mainline_native_ljitsh0y.tar 3s
END lustre_mainline build tests/fs/lustre/boot.ktest PASS 123s
END lustre_mainline_native build tests/fs/lustre/boot.ktest PASS 124s
START clang-tidy tool clang-tidy
START cc-plugin tool cc-plugin
START boot run tests/fs/lustre/boot.ktest
START llmount run tests/fs/lustre/llmount.ktest
START llog-unit run tests/fs/lustre/llog-unit.ktest
START mgs-setup run tests/fs/lustre/mgs-setup.ktest
START sanity-1 run tests/fs/lustre/sanity/sanity-1.ktest
START sanity-2 run tests/fs/lustre/sanity/sanity-2.ktest
START sanity-3 run tests/fs/lustre/sanity/sanity-3.ktest
START sanity-4 run tests/fs/lustre/sanity/sanity-4.ktest
PUT /tmp/ktest-kernel.tar.gz 13s
PUT /tmp/ktest_lustre_mainline_native_ljitsh0y.tar 18s
PUT /tmp/ktest_lustre_mainline_native_ljitsh0y.tar 18s
PUT /tmp/ktest_lustre_mainline_native_ljitsh0y.tar 18s
PUT /tmp/ktest_lustre_mainline_native_ljitsh0y.tar 19s
PUT /tmp/ktest_lustre_mainline_native_ljitsh0y.tar 18s
PUT /tmp/ktest_lustre_mainline_native_ljitsh0y.tar 18s
PUT /tmp/ktest-kernel.tar.gz 19s
PUT /tmp/ktest_lustre_mainline_native_ljitsh0y.tar 19s
PUT /tmp/ktest_lustre_mainline_native_ljitsh0y.tar 19s
PUT /tmp/ktest-lustre.tar.gz 43s
PUT /tmp/ktest-lustre.tar.gz 45s
PUT /tmp/ktest_lustre_mainline_native_ljitsh0y.tar 5s
PUT /tmp/ktest_lustre_mainline_native_ljitsh0y.tar 13s
END cc-plugin tool cc-plugin FAIL 73s (exit code: 127)
END clang-tidy tool clang-tidy PASS 92s
END boot run tests/fs/lustre/boot.ktest PASS 92s
END mgs-setup run tests/fs/lustre/mgs-setup.ktest PASS 95s
END sanity-2 run tests/fs/lustre/sanity/sanity-2.ktest PASS 107s
END sanity-4 run tests/fs/lustre/sanity/sanity-4.ktest PASS 115s
END sanity-1 run tests/fs/lustre/sanity/sanity-1.ktest PASS 123s
END sanity-3 run tests/fs/lustre/sanity/sanity-3.ktest PASS 133s
END llog-unit run tests/fs/lustre/llog-unit.ktest PASS 173s
END llmount run tests/fs/lustre/llmount.ktest PASS 191s

============================================================
Final Results:
  checkpatch: PASS (15s) (log: /var/www/ci-lustre/upstream-patch-review/5d2b605f16990d7f7f1350ce83535f033615d0e4_checkpatch.log)
  lustre_u24: PASS (75s) (log: /var/www/ci-lustre/upstream-patch-review/5d2b605f16990d7f7f1350ce83535f033615d0e4_lustre_u24.log)
  lustre_al2023: PASS (73s) (log: /var/www/ci-lustre/upstream-patch-review/5d2b605f16990d7f7f1350ce83535f033615d0e4_lustre_al2023.log)
  lustre_mainline_strict: FAIL (115s) (log: /var/www/ci-lustre/upstream-patch-review/5d2b605f16990d7f7f1350ce83535f033615d0e4_lustre_mainline_strict.log)
  lustre_mainline: PASS (123s) (log: /var/www/ci-lustre/upstream-patch-review/5d2b605f16990d7f7f1350ce83535f033615d0e4_lustre_mainline.log)
  lustre_mainline_native: PASS (124s) (log: /var/www/ci-lustre/upstream-patch-review/5d2b605f16990d7f7f1350ce83535f033615d0e4_lustre_mainline_native.log)
  clang-tidy: PASS (92s) (log: /var/www/ci-lustre/upstream-patch-review/5d2b605f16990d7f7f1350ce83535f033615d0e4_clang-tidy.log)
  cc-plugin: FAIL (73s) (log: /var/www/ci-lustre/upstream-patch-review/5d2b605f16990d7f7f1350ce83535f033615d0e4_cc-plugin.log)
  boot: PASS (92s) (log: /var/www/ci-lustre/upstream-patch-review/5d2b605f16990d7f7f1350ce83535f033615d0e4_boot.log)
  llmount: PASS (191s) (log: /var/www/ci-lustre/upstream-patch-review/5d2b605f16990d7f7f1350ce83535f033615d0e4_llmount.log)
  llog-unit: PASS (173s) (log: /var/www/ci-lustre/upstream-patch-review/5d2b605f16990d7f7f1350ce83535f033615d0e4_llog-unit.log)
  mgs-setup: PASS (95s) (log: /var/www/ci-lustre/upstream-patch-review/5d2b605f16990d7f7f1350ce83535f033615d0e4_mgs-setup.log)
  sanity-1: PASS (123s) (log: /var/www/ci-lustre/upstream-patch-review/5d2b605f16990d7f7f1350ce83535f033615d0e4_sanity-1.log)
  sanity-2: PASS (107s) (log: /var/www/ci-lustre/upstream-patch-review/5d2b605f16990d7f7f1350ce83535f033615d0e4_sanity-2.log)
  sanity-3: PASS (133s) (log: /var/www/ci-lustre/upstream-patch-review/5d2b605f16990d7f7f1350ce83535f033615d0e4_sanity-3.log)
  sanity-4: PASS (115s) (log: /var/www/ci-lustre/upstream-patch-review/5d2b605f16990d7f7f1350ce83535f033615d0e4_sanity-4.log)

Total execution time: 347s
