00000 
00000 RDSEED32 is broken. Disabling the corresponding CPUID bit.
00001 init: failed to load nvme_core
00001 init: failed to load nvme
00001 init: failed to load zfs
00002 LNetError: 1:0:(lib-socket.c:619:lnet_inet_enumerate()) lnet: Can't find any usable interfaces, rc = -ENOENT
00002 LNetError: Error -100 starting up LNI tcp
00002 LustreError: 1:0:(events.c:627:ptlrpc_init_portals()) network initialisation failed: rc = -100
00003 init: finit_module /lib/modules/7.0.0-ktest-5dcd37d-6330a45-20260717-dirty/updates/ptlrpc.ko: Network is down
00003 init: failed to load lustre
00003 init: failed to load osd_zfs
00003 init: failed to load iwlwifi
00003 init: failed to load iwlmvm
00003 init: failed to load mt7921e
00003 init: failed to load i915
00003 init: failed to load nouveau
00037 tlp: vm.laptop_mode is deprecated. Ignoring setting.
00037 Kernel version: 7.0.0-ktest-5dcd37d-6330a45-20260717-dirty
00037 hook init_noop
00038 
00038 Running tests mgs-setup
00038 
00038 ========= TEST   mgs-setup
00038 /host/home/ktest/git/lustre-release/lustre/tests/test-framework.sh: line 6934: cd: HOME not set
00038 /host/home/ktest/git/lustre-release/lustre/tests/test-framework.sh: line 6934: cd: HOME not set
00038 /host/home/ktest/git/lustre-release/lustre/tests/test-framework.sh: line 6934: cd: HOME not set
00039 MGS_OS_VERSION_ID=24.04
00039 MGS_OS_ID=ubuntu
00039 MGS_OS_VERSION_CODE=402915328
00039 MGS_OS_ID_LIKE=debian ubuntu
00039 MDS1_OS_ID=ubuntu
00039 MDS1_OS_VERSION_CODE=402915328
00039 MDS1_OS_ID_LIKE=debian ubuntu
00039 MDS1_OS_VERSION_ID=24.04
00040 OST1_OS_VERSION_ID=24.04
00040 OST1_OS_VERSION_CODE=402915328
00040 OST1_OS_ID=ubuntu
00040 OST1_OS_ID_LIKE=debian ubuntu
00040 CLIENT_OS_VERSION_ID=24.04
00040 CLIENT_OS_ID_LIKE=debian ubuntu
00040 CLIENT_OS_ID=ubuntu
00040 CLIENT_OS_VERSION_CODE=402915328
00040 Loading modules from /host/home/ktest/git/lustre-release/lustre
00040 detected 16 online CPUs by sysfs
00040 MODOPTS_LIBCFS=
00040 libcfs will create CPU partition based on online CPUs
00041 LNet: Added LNI 10.0.2.15@tcp [8/256/0/180]
00041 gss/krb5 is not supported
00041 Lustre: Echo OBD driver; http://www.lustre.org/
00042 
00042 
00047 
00047 
00047 
00047 Lustre: server umount MGS0000 complete
00047 
00047 Removed directory: /mnt/lustre-mZupdC-MGS0000
00047 
00047 ========= PASSED mgs-setup in 11s
00047 
00047 Passed: mgs-setup
00047 Failed: 
00047 NOTICE: Automounting of tracing to debugfs is deprecated and will be removed in 2030
00047 Kernel version: 7.0.0-ktest-5dcd37d-6330a45-20260717-dirty
00047 TEST SUCCESS
