CLI: ./podman-ktest --podman-socket unix:///run/podman/podman.sock --shared-filesystem /tmp --tarball-input job lustre-ci --output /var/www/ci-lustre/upstream-patch-review --git-hash 5f4d038082b1b7559fb701e48cc68cbb68962d98 --change-id 64092_5f4d038082b1b7559fb701e48cc68cbb68962d98 --subject LU-12668 tests: add EC stress and admin tests

  Checking /dev/kvm exists... OK
  Checking /dev/kvm permissions... OK
  Creating ccache directory... OK
  Checking ccache directory writable... OK

Environment validated successfully
Creating kernel tarball at /tmp/ktest-kernel.tar.gz...
Creating lustre tarball at /tmp/ktest-lustre.tar.gz...
Executing 16 jobs
Jobs will start as soon as their dependencies are satisfied
Using tarball input mode

START lustre_mainline build tests/fs/lustre/boot.ktest
START lustre_u24 build tests/fs/lustre/boot.ktest
START lustre_al2023 build tests/fs/lustre/boot.ktest
START checkpatch tool checkpatch
START lustre_mainline_native build tests/fs/lustre/boot.ktest
START lustre_mainline_strict build tests/fs/lustre/boot-strict.ktest
PUT /tmp/ktest-kernel.tar.gz 7s
PUT /tmp/ktest-kernel.tar.gz 7s
PUT /tmp/ktest-kernel.tar.gz 7s
PUT /tmp/ktest-kernel.tar.gz 8s
PUT /tmp/ktest-kernel.tar.gz 8s
PUT /tmp/ktest-kernel.tar.gz 8s
PUT /tmp/ktest-lustre.tar.gz 2s
PUT /tmp/ktest-lustre.tar.gz 2s
PUT /tmp/ktest-lustre.tar.gz 2s
PUT /tmp/ktest-lustre.tar.gz 1s
PUT /tmp/ktest-lustre.tar.gz 1s
PUT /tmp/ktest-lustre.tar.gz 2s
END checkpatch tool checkpatch PASS 12s
END lustre_al2023 build tests/fs/lustre/boot.ktest PASS 67s
END lustre_u24 build tests/fs/lustre/boot.ktest PASS 72s
GET /tmp/ktest_lustre_mainline_strict_bhyfsvn_.tar 4s
END lustre_mainline_strict build tests/fs/lustre/boot-strict.ktest FAIL 110s (exit code: 1)
GET /tmp/ktest_lustre_mainline_native_pu8r6z_8.tar 3s
GET /tmp/ktest_lustre_mainline_gkowi5zh.tar 3s
END lustre_mainline_native build tests/fs/lustre/boot.ktest PASS 118s
START clang-tidy tool clang-tidy
START cc-plugin tool cc-plugin
START boot run tests/fs/lustre/boot.ktest
START llmount run tests/fs/lustre/llmount.ktest
START llog-unit run tests/fs/lustre/llog-unit.ktest
START mgs-setup run tests/fs/lustre/mgs-setup.ktest
START sanity-1 run tests/fs/lustre/sanity/sanity-1.ktest
START sanity-2 run tests/fs/lustre/sanity/sanity-2.ktest
START sanity-3 run tests/fs/lustre/sanity/sanity-3.ktest
START sanity-4 run tests/fs/lustre/sanity/sanity-4.ktest
END lustre_mainline build tests/fs/lustre/boot.ktest PASS 119s
PUT /tmp/ktest-kernel.tar.gz 13s
PUT /tmp/ktest_lustre_mainline_native_pu8r6z_8.tar 17s
PUT /tmp/ktest_lustre_mainline_native_pu8r6z_8.tar 17s
PUT /tmp/ktest_lustre_mainline_native_pu8r6z_8.tar 17s
PUT /tmp/ktest_lustre_mainline_native_pu8r6z_8.tar 17s
PUT /tmp/ktest_lustre_mainline_native_pu8r6z_8.tar 17s
PUT /tmp/ktest_lustre_mainline_native_pu8r6z_8.tar 17s
PUT /tmp/ktest_lustre_mainline_native_pu8r6z_8.tar 17s
PUT /tmp/ktest-kernel.tar.gz 17s
PUT /tmp/ktest_lustre_mainline_native_pu8r6z_8.tar 17s
PUT /tmp/ktest-lustre.tar.gz 27s
PUT /tmp/ktest-lustre.tar.gz 28s
PUT /tmp/ktest_lustre_mainline_native_pu8r6z_8.tar 4s
PUT /tmp/ktest_lustre_mainline_native_pu8r6z_8.tar 9s
END cc-plugin tool cc-plugin FAIL 54s (exit code: 127)
END boot run tests/fs/lustre/boot.ktest PASS 66s
END clang-tidy tool clang-tidy PASS 73s
END mgs-setup run tests/fs/lustre/mgs-setup.ktest PASS 79s
END sanity-1 run tests/fs/lustre/sanity/sanity-1.ktest PASS 93s
END sanity-4 run tests/fs/lustre/sanity/sanity-4.ktest PASS 96s
END sanity-3 run tests/fs/lustre/sanity/sanity-3.ktest PASS 100s
END sanity-2 run tests/fs/lustre/sanity/sanity-2.ktest PASS 101s
END llmount run tests/fs/lustre/llmount.ktest PASS 160s
END llog-unit run tests/fs/lustre/llog-unit.ktest PASS 161s

============================================================
Final Results:
  checkpatch: PASS (12s) (log: /var/www/ci-lustre/upstream-patch-review/5f4d038082b1b7559fb701e48cc68cbb68962d98_checkpatch.log)
  lustre_u24: PASS (72s) (log: /var/www/ci-lustre/upstream-patch-review/5f4d038082b1b7559fb701e48cc68cbb68962d98_lustre_u24.log)
  lustre_al2023: PASS (67s) (log: /var/www/ci-lustre/upstream-patch-review/5f4d038082b1b7559fb701e48cc68cbb68962d98_lustre_al2023.log)
  lustre_mainline_strict: FAIL (110s) (log: /var/www/ci-lustre/upstream-patch-review/5f4d038082b1b7559fb701e48cc68cbb68962d98_lustre_mainline_strict.log)
  lustre_mainline: PASS (119s) (log: /var/www/ci-lustre/upstream-patch-review/5f4d038082b1b7559fb701e48cc68cbb68962d98_lustre_mainline.log)
  lustre_mainline_native: PASS (118s) (log: /var/www/ci-lustre/upstream-patch-review/5f4d038082b1b7559fb701e48cc68cbb68962d98_lustre_mainline_native.log)
  clang-tidy: PASS (73s) (log: /var/www/ci-lustre/upstream-patch-review/5f4d038082b1b7559fb701e48cc68cbb68962d98_clang-tidy.log)
  cc-plugin: FAIL (54s) (log: /var/www/ci-lustre/upstream-patch-review/5f4d038082b1b7559fb701e48cc68cbb68962d98_cc-plugin.log)
  boot: PASS (66s) (log: /var/www/ci-lustre/upstream-patch-review/5f4d038082b1b7559fb701e48cc68cbb68962d98_boot.log)
  llmount: PASS (160s) (log: /var/www/ci-lustre/upstream-patch-review/5f4d038082b1b7559fb701e48cc68cbb68962d98_llmount.log)
  llog-unit: PASS (161s) (log: /var/www/ci-lustre/upstream-patch-review/5f4d038082b1b7559fb701e48cc68cbb68962d98_llog-unit.log)
  mgs-setup: PASS (79s) (log: /var/www/ci-lustre/upstream-patch-review/5f4d038082b1b7559fb701e48cc68cbb68962d98_mgs-setup.log)
  sanity-1: PASS (93s) (log: /var/www/ci-lustre/upstream-patch-review/5f4d038082b1b7559fb701e48cc68cbb68962d98_sanity-1.log)
  sanity-2: PASS (101s) (log: /var/www/ci-lustre/upstream-patch-review/5f4d038082b1b7559fb701e48cc68cbb68962d98_sanity-2.log)
  sanity-3: PASS (100s) (log: /var/www/ci-lustre/upstream-patch-review/5f4d038082b1b7559fb701e48cc68cbb68962d98_sanity-3.log)
  sanity-4: PASS (96s) (log: /var/www/ci-lustre/upstream-patch-review/5f4d038082b1b7559fb701e48cc68cbb68962d98_sanity-4.log)

Total execution time: 309s
