CLI: ./podman-ktest --podman-socket unix:///run/podman/podman.sock --shared-filesystem /tmp --tarball-input job lustre-ci --output /var/www/ci-lustre/upstream-patch-review --git-hash 5fffac8e06e0271e29704dc12323ba40e26a89d2 --change-id 65737_5fffac8e06e0271e29704dc12323ba40e26a89d2 --subject LU-10026 csdc: set compress component for file

  Checking /dev/kvm exists... OK
  Checking /dev/kvm permissions... OK
  Creating ccache directory... OK
  Checking ccache directory writable... OK

Environment validated successfully
Creating kernel tarball at /tmp/ktest-kernel.tar.gz...
Creating lustre tarball at /tmp/ktest-lustre.tar.gz...
Executing 16 jobs
Jobs will start as soon as their dependencies are satisfied
Using tarball input mode

START u24 build tests/fs/lustre/boot.ktest
START lustre_mainline build tests/fs/lustre/boot.ktest
START checkpatch tool checkpatch
START al2023 build tests/fs/lustre/boot.ktest
START lustre_mainline_strict build tests/fs/lustre/boot-strict.ktest
START lustre_mainline_native build tests/fs/lustre/boot.ktest
PUT /tmp/ktest-lustre.tar.gz 2s
PUT /tmp/ktest-lustre.tar.gz 2s
PUT /tmp/ktest-kernel.tar.gz 8s
PUT /tmp/ktest-kernel.tar.gz 8s
PUT /tmp/ktest-kernel.tar.gz 8s
PUT /tmp/ktest-kernel.tar.gz 8s
PUT /tmp/ktest-lustre.tar.gz 5s
PUT /tmp/ktest-lustre.tar.gz 5s
PUT /tmp/ktest-lustre.tar.gz 5s
PUT /tmp/ktest-lustre.tar.gz 5s
END checkpatch tool checkpatch FAIL 17s (exit code: 1)
END al2023 build tests/fs/lustre/boot.ktest FAIL 69s (exit code: 2)
END u24 build tests/fs/lustre/boot.ktest FAIL 69s (exit code: 2)
GET /tmp/ktest_lustre_mainline_strict_4myufif7.tar 7s
GET /tmp/ktest_lustre_mainline_hwx155a8.tar 7s
GET /tmp/ktest_lustre_mainline_native_dj30ezm1.tar 6s
END lustre_mainline_strict build tests/fs/lustre/boot-strict.ktest FAIL 152s (exit code: 1)
END lustre_mainline build tests/fs/lustre/boot.ktest FAIL 153s (exit code: 1)
END lustre_mainline_native build tests/fs/lustre/boot.ktest FAIL 155s (exit code: 1)

============================================================
Final Results:
  checkpatch: FAIL (17s) (log: /var/www/ci-lustre/upstream-patch-review/5fffac8e06e0271e29704dc12323ba40e26a89d2_checkpatch.log)
  u24: FAIL (69s) (log: /var/www/ci-lustre/upstream-patch-review/5fffac8e06e0271e29704dc12323ba40e26a89d2_u24.log)
  al2023: FAIL (69s) (log: /var/www/ci-lustre/upstream-patch-review/5fffac8e06e0271e29704dc12323ba40e26a89d2_al2023.log)
  lustre_mainline_strict: FAIL (152s) (log: /var/www/ci-lustre/upstream-patch-review/5fffac8e06e0271e29704dc12323ba40e26a89d2_lustre_mainline_strict.log)
  lustre_mainline: FAIL (153s) (log: /var/www/ci-lustre/upstream-patch-review/5fffac8e06e0271e29704dc12323ba40e26a89d2_lustre_mainline.log)
  lustre_mainline_native: FAIL (155s) (log: /var/www/ci-lustre/upstream-patch-review/5fffac8e06e0271e29704dc12323ba40e26a89d2_lustre_mainline_native.log)
  clang-tidy: SKIPPED (due to dependency failure)
  cc-plugin: SKIPPED (due to dependency failure)
  boot: SKIPPED (due to dependency failure)
  llmount: SKIPPED (due to dependency failure)
  llog-unit: SKIPPED (due to dependency failure)
  mgs-setup: SKIPPED (due to dependency failure)
  sanity-1: SKIPPED (due to dependency failure)
  sanity-2: SKIPPED (due to dependency failure)
  sanity-3: SKIPPED (due to dependency failure)
  sanity-4: SKIPPED (due to dependency failure)

Total execution time: 187s
