CLI: ./podman-ktest --podman-socket unix:///run/podman/podman.sock --shared-filesystem /tmp --tarball-input job lustre-ci --output /var/www/ci-lustre/upstream-patch-review --git-hash 6039376cb79f00f5370ae20e07c53d6773fa89d0 --change-id 66065_6039376cb79f00f5370ae20e07c53d6773fa89d0 --subject LU-20292 build: improve kernel rpm naming

  Checking /dev/kvm exists... OK
  Checking /dev/kvm permissions... OK
  Creating ccache directory... OK
  Checking ccache directory writable... OK

Environment validated successfully
Creating kernel tarball at /tmp/ktest-kernel.tar.gz...
Creating lustre tarball at /tmp/ktest-lustre.tar.gz...
Creating ZFS tarball at /tmp/ktest-zfs.tar.gz...
Executing 13 jobs
Jobs will start as soon as their dependencies are satisfied
Using tarball input mode

START lustre_mainline_strict build tests/fs/lustre/boot-strict.ktest
START al2023 build tests/fs/lustre/boot.ktest
START checkpatch tool checkpatch
START u24 build tests/fs/lustre/boot.ktest
START lustre_mainline build tests/fs/lustre/boot.ktest
START lustre_mainline_native build tests/fs/lustre/boot.ktest
PUT /tmp/ktest-lustre.tar.gz 2s
PUT /tmp/ktest-lustre.tar.gz 3s
PUT /tmp/ktest-kernel.tar.gz 5s
PUT /tmp/ktest-kernel.tar.gz 5s
PUT /tmp/ktest-kernel.tar.gz 5s
PUT /tmp/ktest-kernel.tar.gz 6s
PUT /tmp/ktest-lustre.tar.gz 1s
PUT /tmp/ktest-lustre.tar.gz 1s
PUT /tmp/ktest-lustre.tar.gz 1s
PUT /tmp/ktest-lustre.tar.gz 1s
PUT /tmp/ktest-zfs.tar.gz 0s
PUT /tmp/ktest-zfs.tar.gz 0s
PUT /tmp/ktest-zfs.tar.gz 0s
END checkpatch tool checkpatch PASS 9s
END al2023 build tests/fs/lustre/boot.ktest PASS 58s
END u24 build tests/fs/lustre/boot.ktest PASS 63s
GET /tmp/ktest_lustre_mainline_strict_yma9w7qa.tar 6s
END lustre_mainline_strict build tests/fs/lustre/boot-strict.ktest FAIL 139s (exit code: 1)
GET /tmp/ktest_lustre_mainline_native_cnigu287.tar 0s
GET /tmp/ktest_lustre_mainline_grtnw1yv.tar 0s
END lustre_mainline_native build tests/fs/lustre/boot.ktest PASS 156s
START boot run tests/fs/lustre/boot.ktest
START llmount run tests/fs/lustre/llmount.ktest
START mgs-setup run tests/fs/lustre/mgs-setup.ktest
START sanity-1 run tests/fs/lustre/sanity/sanity-1.ktest
START sanity-2 run tests/fs/lustre/sanity/sanity-2.ktest
START sanity-3 run tests/fs/lustre/sanity/sanity-3.ktest
START sanity-4 run tests/fs/lustre/sanity/sanity-4.ktest
END lustre_mainline build tests/fs/lustre/boot.ktest PASS 158s
PUT /tmp/ktest_lustre_mainline_native_cnigu287.tar 5s
PUT /tmp/ktest_lustre_mainline_native_cnigu287.tar 5s
PUT /tmp/ktest_lustre_mainline_native_cnigu287.tar 5s
PUT /tmp/ktest_lustre_mainline_native_cnigu287.tar 1s
PUT /tmp/ktest_lustre_mainline_native_cnigu287.tar 3s
PUT /tmp/ktest_lustre_mainline_native_cnigu287.tar 3s
PUT /tmp/ktest_lustre_mainline_native_cnigu287.tar 3s
END boot run tests/fs/lustre/boot.ktest PASS 25s
END mgs-setup run tests/fs/lustre/mgs-setup.ktest PASS 34s
END sanity-3 run tests/fs/lustre/sanity/sanity-3.ktest PASS 57s
END sanity-4 run tests/fs/lustre/sanity/sanity-4.ktest PASS 58s
END sanity-1 run tests/fs/lustre/sanity/sanity-1.ktest PASS 71s
END sanity-2 run tests/fs/lustre/sanity/sanity-2.ktest PASS 79s
END llmount run tests/fs/lustre/llmount.ktest PASS 108s

============================================================
Final Results:
  checkpatch: PASS (9s) (log: /var/www/ci-lustre/upstream-patch-review/6039376cb79f00f5370ae20e07c53d6773fa89d0_checkpatch.log)
  u24: PASS (63s) (log: /var/www/ci-lustre/upstream-patch-review/6039376cb79f00f5370ae20e07c53d6773fa89d0_u24.log)
  al2023: PASS (58s) (log: /var/www/ci-lustre/upstream-patch-review/6039376cb79f00f5370ae20e07c53d6773fa89d0_al2023.log)
  lustre_mainline_strict: FAIL (139s) (log: /var/www/ci-lustre/upstream-patch-review/6039376cb79f00f5370ae20e07c53d6773fa89d0_lustre_mainline_strict.log)
  lustre_mainline: PASS (158s) (log: /var/www/ci-lustre/upstream-patch-review/6039376cb79f00f5370ae20e07c53d6773fa89d0_lustre_mainline.log)
  lustre_mainline_native: PASS (156s) (log: /var/www/ci-lustre/upstream-patch-review/6039376cb79f00f5370ae20e07c53d6773fa89d0_lustre_mainline_native.log)
  boot: PASS (25s) (log: /var/www/ci-lustre/upstream-patch-review/6039376cb79f00f5370ae20e07c53d6773fa89d0_boot.log)
  llmount: PASS (108s) (log: /var/www/ci-lustre/upstream-patch-review/6039376cb79f00f5370ae20e07c53d6773fa89d0_llmount.log)
  mgs-setup: PASS (34s) (log: /var/www/ci-lustre/upstream-patch-review/6039376cb79f00f5370ae20e07c53d6773fa89d0_mgs-setup.log)
  sanity-1: PASS (71s) (log: /var/www/ci-lustre/upstream-patch-review/6039376cb79f00f5370ae20e07c53d6773fa89d0_sanity-1.log)
  sanity-2: PASS (79s) (log: /var/www/ci-lustre/upstream-patch-review/6039376cb79f00f5370ae20e07c53d6773fa89d0_sanity-2.log)
  sanity-3: PASS (57s) (log: /var/www/ci-lustre/upstream-patch-review/6039376cb79f00f5370ae20e07c53d6773fa89d0_sanity-3.log)
  sanity-4: PASS (58s) (log: /var/www/ci-lustre/upstream-patch-review/6039376cb79f00f5370ae20e07c53d6773fa89d0_sanity-4.log)

Total execution time: 294s
