Creating kernel tarball at /tmp/ktest-kernel.tar.gz...
Creating lustre tarball at /tmp/ktest-lustre.tar.gz...
Executing 16 jobs with dependencies
Jobs will start as soon as their dependencies are satisfied

Starting job: lustre_al2023 (ktest-out: /tmp/ktest_lustre_al2023_x_1n0j55)
Starting job: lustre_mainline_strict (ktest-out: /tmp/ktest_lustre_mainline_strict_o0x16pop)
Starting job: lustre_mainline_native (ktest-out: /tmp/ktest_lustre_mainline_native_t3fjjtoz)
Starting job: lustre_mainline (ktest-out: /tmp/ktest_lustre_mainline_ic5hh43p)
Starting job: checkpatch (ktest-out: /tmp/ktest_checkpatch_ia419omd)
Starting job: lustre_u24 (ktest-out: /tmp/ktest_lustre_u24_wdx3bquj)
put_archive(/tmp/ktest-kernel.tar.gz): 10.69s
put_archive(/tmp/ktest-kernel.tar.gz): 12.43s
put_archive(/tmp/ktest-kernel.tar.gz): 12.71s
put_archive(/tmp/ktest-kernel.tar.gz): 12.18s
put_archive(/tmp/ktest-kernel.tar.gz): 12.44s
put_archive(/tmp/ktest-kernel.tar.gz): 12.58s
put_archive(/tmp/ktest-lustre.tar.gz): 7.54s
put_archive(/tmp/ktest-lustre.tar.gz): 8.13s
put_archive(/tmp/ktest-lustre.tar.gz): 7.86s
put_archive(/tmp/ktest-lustre.tar.gz): 7.75s
put_archive(/tmp/ktest-lustre.tar.gz): 8.06s
put_archive(/tmp/ktest-lustre.tar.gz): 10.16s
Job checkpatch completed: SUCCESS (return code = 0, log: /tmp/ktest-results/checkpatch.log)
Job lustre_u24 completed: SUCCESS (return code = 0, log: /tmp/ktest-results/lustre_u24.log)
Job lustre_al2023 completed: SUCCESS (return code = 0, log: /tmp/ktest-results/lustre_al2023.log)
get_archive(ktest-out): 4.23s
Job lustre_mainline_strict completed: FAILED (return code = 1, log: /tmp/ktest-results/lustre_mainline_strict.log)
get_archive(ktest-out): 3.18s
get_archive(ktest-out): 3.44s
Job lustre_mainline_native completed: SUCCESS (return code = 0, log: /tmp/ktest-results/lustre_mainline_native.log)
Starting job: clang-tidy (ktest-out: /tmp/ktest_lustre_mainline_native_t3fjjtoz)
Starting job: cc-plugin (ktest-out: /tmp/ktest_lustre_mainline_native_t3fjjtoz)
Starting job: boot (ktest-out: /tmp/ktest_lustre_mainline_native_t3fjjtoz)
Starting job: llmount (ktest-out: /tmp/ktest_lustre_mainline_native_t3fjjtoz)
Starting job: llog-unit (ktest-out: /tmp/ktest_lustre_mainline_native_t3fjjtoz)
Starting job: mgs-setup (ktest-out: /tmp/ktest_lustre_mainline_native_t3fjjtoz)
Starting job: sanity-1 (ktest-out: /tmp/ktest_lustre_mainline_native_t3fjjtoz)
Starting job: sanity-2 (ktest-out: /tmp/ktest_lustre_mainline_native_t3fjjtoz)
Starting job: sanity-3 (ktest-out: /tmp/ktest_lustre_mainline_native_t3fjjtoz)
Starting job: sanity-4 (ktest-out: /tmp/ktest_lustre_mainline_native_t3fjjtoz)
Job lustre_mainline completed: SUCCESS (return code = 0, log: /tmp/ktest-results/lustre_mainline.log)
put_archive(/tmp/ktest_lustre_mainline_native_t3fjjtoz.tar): 5.59s
put_archive(/tmp/ktest_lustre_mainline_native_t3fjjtoz.tar): 25.32s
put_archive(/tmp/ktest_lustre_mainline_native_t3fjjtoz.tar): 25.00s
put_archive(/tmp/ktest_lustre_mainline_native_t3fjjtoz.tar): 25.16s
put_archive(/tmp/ktest_lustre_mainline_native_t3fjjtoz.tar): 52.63s
put_archive(/tmp/ktest_lustre_mainline_native_t3fjjtoz.tar): 63.81s
put_archive(/tmp/ktest_lustre_mainline_native_t3fjjtoz.tar): 63.85s
put_archive(/tmp/ktest-kernel.tar.gz): 64.24s
put_archive(/tmp/ktest_lustre_mainline_native_t3fjjtoz.tar): 64.07s
put_archive(/tmp/ktest-kernel.tar.gz): 64.54s
put_archive(/tmp/ktest-lustre.tar.gz): 22.52s
put_archive(/tmp/ktest-lustre.tar.gz): 22.72s
put_archive(/tmp/ktest_lustre_mainline_native_t3fjjtoz.tar): 18.22s
put_archive(/tmp/ktest_lustre_mainline_native_t3fjjtoz.tar): 18.29s
Job mgs-setup completed: SUCCESS (return code = 0, log: /tmp/ktest-results/mgs-setup.log)
Job sanity-3 completed: SUCCESS (return code = 0, log: /tmp/ktest-results/sanity-3.log)
Job cc-plugin completed: FAILED (return code = 127, log: /tmp/ktest-results/cc-plugin.log)
Job clang-tidy completed: SUCCESS (return code = 0, log: /tmp/ktest-results/clang-tidy.log)
Job boot completed: SUCCESS (return code = 0, log: /tmp/ktest-results/boot.log)
Job sanity-1 completed: SUCCESS (return code = 0, log: /tmp/ktest-results/sanity-1.log)
Job llog-unit completed: SUCCESS (return code = 0, log: /tmp/ktest-results/llog-unit.log)
Job sanity-2 completed: SUCCESS (return code = 0, log: /tmp/ktest-results/sanity-2.log)
Job sanity-4 completed: SUCCESS (return code = 0, log: /tmp/ktest-results/sanity-4.log)
Job llmount completed: SUCCESS (return code = 0, log: /tmp/ktest-results/llmount.log)

============================================================
Final Results:
  checkpatch: SUCCESS (return code = 0, log: /tmp/ktest-results/checkpatch.log)
  lustre_u24: SUCCESS (return code = 0, log: /tmp/ktest-results/lustre_u24.log)
  lustre_al2023: SUCCESS (return code = 0, log: /tmp/ktest-results/lustre_al2023.log)
  lustre_mainline_strict: FAILED (return code = 1, log: /tmp/ktest-results/lustre_mainline_strict.log)
  lustre_mainline: SUCCESS (return code = 0, log: /tmp/ktest-results/lustre_mainline.log)
  lustre_mainline_native: SUCCESS (return code = 0, log: /tmp/ktest-results/lustre_mainline_native.log)
  clang-tidy: SUCCESS (return code = 0, log: /tmp/ktest-results/clang-tidy.log)
  cc-plugin: FAILED (return code = 127, log: /tmp/ktest-results/cc-plugin.log)
  boot: SUCCESS (return code = 0, log: /tmp/ktest-results/boot.log)
  llmount: SUCCESS (return code = 0, log: /tmp/ktest-results/llmount.log)
  llog-unit: SUCCESS (return code = 0, log: /tmp/ktest-results/llog-unit.log)
  mgs-setup: SUCCESS (return code = 0, log: /tmp/ktest-results/mgs-setup.log)
  sanity-1: SUCCESS (return code = 0, log: /tmp/ktest-results/sanity-1.log)
  sanity-2: SUCCESS (return code = 0, log: /tmp/ktest-results/sanity-2.log)
  sanity-3: SUCCESS (return code = 0, log: /tmp/ktest-results/sanity-3.log)
  sanity-4: SUCCESS (return code = 0, log: /tmp/ktest-results/sanity-4.log)