CLI: ./podman-ktest --podman-socket unix:///run/podman/podman.sock --shared-filesystem /tmp --tarball-input job lustre-ci --output /var/www/ci-lustre/upstream-patch-review --git-hash 6086767a46661f60a784c7e79ebfff5e36f2d0f8 --change-id 65064_6086767a46661f60a784c7e79ebfff5e36f2d0f8 --subject LU-19921 target: move target tunables to tgt_lproc.c

  Checking /dev/kvm exists... OK
  Checking /dev/kvm permissions... OK
  Creating ccache directory... OK
  Checking ccache directory writable... OK

Environment validated successfully
Creating kernel tarball at /tmp/ktest-kernel.tar.gz...
Creating lustre tarball at /tmp/ktest-lustre.tar.gz...
Executing 16 jobs
Jobs will start as soon as their dependencies are satisfied
Using tarball input mode

START u24 build tests/fs/lustre/boot.ktest
START lustre_mainline_native build tests/fs/lustre/boot.ktest
START lustre_mainline build tests/fs/lustre/boot.ktest
START checkpatch tool checkpatch
START lustre_mainline_strict build tests/fs/lustre/boot-strict.ktest
START al2023 build tests/fs/lustre/boot.ktest
PUT /tmp/ktest-kernel.tar.gz 8s
PUT /tmp/ktest-kernel.tar.gz 8s
PUT /tmp/ktest-kernel.tar.gz 8s
PUT /tmp/ktest-kernel.tar.gz 8s
PUT /tmp/ktest-kernel.tar.gz 8s
PUT /tmp/ktest-kernel.tar.gz 9s
PUT /tmp/ktest-lustre.tar.gz 2s
PUT /tmp/ktest-lustre.tar.gz 2s
PUT /tmp/ktest-lustre.tar.gz 1s
PUT /tmp/ktest-lustre.tar.gz 1s
PUT /tmp/ktest-lustre.tar.gz 2s
PUT /tmp/ktest-lustre.tar.gz 2s
END checkpatch tool checkpatch FAIL 13s (exit code: 1)
END al2023 build tests/fs/lustre/boot.ktest PASS 66s
END u24 build tests/fs/lustre/boot.ktest PASS 70s
GET /tmp/ktest_lustre_mainline_strict_jhvoj1hg.tar 5s
END lustre_mainline_strict build tests/fs/lustre/boot-strict.ktest FAIL 152s (exit code: 1)
GET /tmp/ktest_lustre_mainline_07jek92m.tar 5s
GET /tmp/ktest_lustre_mainline_native_qcyv02aw.tar 4s
END lustre_mainline build tests/fs/lustre/boot.ktest PASS 155s
END lustre_mainline_native build tests/fs/lustre/boot.ktest PASS 156s
START clang-tidy tool clang-tidy
START cc-plugin tool cc-plugin
START boot run tests/fs/lustre/boot.ktest
START llmount run tests/fs/lustre/llmount.ktest
START llog-unit run tests/fs/lustre/llog-unit.ktest
START mgs-setup run tests/fs/lustre/mgs-setup.ktest
START sanity-1 run tests/fs/lustre/sanity/sanity-1.ktest
START sanity-2 run tests/fs/lustre/sanity/sanity-2.ktest
START sanity-3 run tests/fs/lustre/sanity/sanity-3.ktest
START sanity-4 run tests/fs/lustre/sanity/sanity-4.ktest
PUT /tmp/ktest-kernel.tar.gz 17s
PUT /tmp/ktest_lustre_mainline_native_qcyv02aw.tar 19s
PUT /tmp/ktest_lustre_mainline_native_qcyv02aw.tar 20s
PUT /tmp/ktest_lustre_mainline_native_qcyv02aw.tar 20s
PUT /tmp/ktest_lustre_mainline_native_qcyv02aw.tar 19s
PUT /tmp/ktest_lustre_mainline_native_qcyv02aw.tar 20s
PUT /tmp/ktest_lustre_mainline_native_qcyv02aw.tar 20s
PUT /tmp/ktest_lustre_mainline_native_qcyv02aw.tar 19s
PUT /tmp/ktest_lustre_mainline_native_qcyv02aw.tar 19s
PUT /tmp/ktest-kernel.tar.gz 20s
PUT /tmp/ktest-lustre.tar.gz 30s
PUT /tmp/ktest-lustre.tar.gz 32s
PUT /tmp/ktest_lustre_mainline_native_qcyv02aw.tar 9s
PUT /tmp/ktest_lustre_mainline_native_qcyv02aw.tar 5s
END cc-plugin tool cc-plugin FAIL 61s (exit code: 127)
END boot run tests/fs/lustre/boot.ktest PASS 70s
END clang-tidy tool clang-tidy PASS 91s
END mgs-setup run tests/fs/lustre/mgs-setup.ktest PASS 93s
END sanity-4 run tests/fs/lustre/sanity/sanity-4.ktest PASS 98s
END sanity-1 run tests/fs/lustre/sanity/sanity-1.ktest PASS 106s
END sanity-2 run tests/fs/lustre/sanity/sanity-2.ktest PASS 107s
END sanity-3 run tests/fs/lustre/sanity/sanity-3.ktest PASS 112s
END llmount run tests/fs/lustre/llmount.ktest PASS 177s
END llog-unit run tests/fs/lustre/llog-unit.ktest PASS 179s

============================================================
Final Results:
  checkpatch: FAIL (13s) (log: /var/www/ci-lustre/upstream-patch-review/6086767a46661f60a784c7e79ebfff5e36f2d0f8_checkpatch.log)
  u24: PASS (70s) (log: /var/www/ci-lustre/upstream-patch-review/6086767a46661f60a784c7e79ebfff5e36f2d0f8_u24.log)
  al2023: PASS (66s) (log: /var/www/ci-lustre/upstream-patch-review/6086767a46661f60a784c7e79ebfff5e36f2d0f8_al2023.log)
  lustre_mainline_strict: FAIL (152s) (log: /var/www/ci-lustre/upstream-patch-review/6086767a46661f60a784c7e79ebfff5e36f2d0f8_lustre_mainline_strict.log)
  lustre_mainline: PASS (155s) (log: /var/www/ci-lustre/upstream-patch-review/6086767a46661f60a784c7e79ebfff5e36f2d0f8_lustre_mainline.log)
  lustre_mainline_native: PASS (156s) (log: /var/www/ci-lustre/upstream-patch-review/6086767a46661f60a784c7e79ebfff5e36f2d0f8_lustre_mainline_native.log)
  clang-tidy: PASS (91s) (log: /var/www/ci-lustre/upstream-patch-review/6086767a46661f60a784c7e79ebfff5e36f2d0f8_clang-tidy.log)
  cc-plugin: FAIL (61s) (log: /var/www/ci-lustre/upstream-patch-review/6086767a46661f60a784c7e79ebfff5e36f2d0f8_cc-plugin.log)
  boot: PASS (70s) (log: /var/www/ci-lustre/upstream-patch-review/6086767a46661f60a784c7e79ebfff5e36f2d0f8_boot.log)
  llmount: PASS (177s) (log: /var/www/ci-lustre/upstream-patch-review/6086767a46661f60a784c7e79ebfff5e36f2d0f8_llmount.log)
  llog-unit: PASS (179s) (log: /var/www/ci-lustre/upstream-patch-review/6086767a46661f60a784c7e79ebfff5e36f2d0f8_llog-unit.log)
  mgs-setup: PASS (93s) (log: /var/www/ci-lustre/upstream-patch-review/6086767a46661f60a784c7e79ebfff5e36f2d0f8_mgs-setup.log)
  sanity-1: PASS (106s) (log: /var/www/ci-lustre/upstream-patch-review/6086767a46661f60a784c7e79ebfff5e36f2d0f8_sanity-1.log)
  sanity-2: PASS (107s) (log: /var/www/ci-lustre/upstream-patch-review/6086767a46661f60a784c7e79ebfff5e36f2d0f8_sanity-2.log)
  sanity-3: PASS (112s) (log: /var/www/ci-lustre/upstream-patch-review/6086767a46661f60a784c7e79ebfff5e36f2d0f8_sanity-3.log)
  sanity-4: PASS (98s) (log: /var/www/ci-lustre/upstream-patch-review/6086767a46661f60a784c7e79ebfff5e36f2d0f8_sanity-4.log)

Total execution time: 367s
Deleted orphaned log file: a71f00766d7982f403c2f869455fcbb0c33b04fe_mgs-setup.log
Deleted orphaned log file: a71f00766d7982f403c2f869455fcbb0c33b04fe_llog-unit.log
Deleted orphaned log file: a71f00766d7982f403c2f869455fcbb0c33b04fe_cc-plugin.log
Deleted orphaned log file: a71f00766d7982f403c2f869455fcbb0c33b04fe_clang-tidy.log
Deleted orphaned log file: a71f00766d7982f403c2f869455fcbb0c33b04fe_lustre_mainline_native.log
Deleted orphaned log file: a71f00766d7982f403c2f869455fcbb0c33b04fe_sanity-2.log
Deleted orphaned log file: a71f00766d7982f403c2f869455fcbb0c33b04fe_boot.log
Deleted orphaned log file: a71f00766d7982f403c2f869455fcbb0c33b04fe_sanity-3.log
Deleted orphaned log file: a71f00766d7982f403c2f869455fcbb0c33b04fe_u24.log
Deleted orphaned log file: a71f00766d7982f403c2f869455fcbb0c33b04fe_lustre_mainline.log
Deleted orphaned log file: a71f00766d7982f403c2f869455fcbb0c33b04fe_lustre_mainline_strict.log
Deleted orphaned log file: a71f00766d7982f403c2f869455fcbb0c33b04fe_sanity-4.log
Deleted orphaned log file: a71f00766d7982f403c2f869455fcbb0c33b04fe_al2023.log
Deleted orphaned log file: a71f00766d7982f403c2f869455fcbb0c33b04fe_execution.log
Deleted orphaned log file: a71f00766d7982f403c2f869455fcbb0c33b04fe_sanity-1.log
Deleted orphaned log file: a71f00766d7982f403c2f869455fcbb0c33b04fe_checkpatch.log
Deleted orphaned log file: a71f00766d7982f403c2f869455fcbb0c33b04fe_llmount.log
Cleanup complete: deleted 17 orphaned log files
