CLI: ./podman-ktest --podman-socket unix:///run/podman/podman.sock --shared-filesystem /tmp --tarball-input job lustre-ci --output /var/www/ci-lustre/upstream-patch-review --git-hash 619e88eeaed4db80901f6ada4313944be25e84ea --change-id 56423_619e88eeaed4db80901f6ada4313944be25e84ea --subject LU-18231 obd: change obd_force into OBDF_FORCE

  Checking /dev/kvm exists... OK
  Checking /dev/kvm permissions... OK
  Creating ccache directory... OK
  Checking ccache directory writable... OK

Environment validated successfully
Creating kernel tarball at /tmp/ktest-kernel.tar.gz...
Creating lustre tarball at /tmp/ktest-lustre.tar.gz...
Executing 16 jobs
Jobs will start as soon as their dependencies are satisfied
Using tarball input mode

START u24 build tests/fs/lustre/boot.ktest
START lustre_mainline build tests/fs/lustre/boot.ktest
START lustre_mainline_strict build tests/fs/lustre/boot-strict.ktest
START checkpatch tool checkpatch
START al2023 build tests/fs/lustre/boot.ktest
START lustre_mainline_native build tests/fs/lustre/boot.ktest
PUT /tmp/ktest-kernel.tar.gz 8s
PUT /tmp/ktest-kernel.tar.gz 8s
PUT /tmp/ktest-kernel.tar.gz 8s
PUT /tmp/ktest-kernel.tar.gz 8s
PUT /tmp/ktest-kernel.tar.gz 8s
PUT /tmp/ktest-kernel.tar.gz 8s
PUT /tmp/ktest-lustre.tar.gz 2s
PUT /tmp/ktest-lustre.tar.gz 2s
PUT /tmp/ktest-lustre.tar.gz 2s
PUT /tmp/ktest-lustre.tar.gz 2s
PUT /tmp/ktest-lustre.tar.gz 1s
PUT /tmp/ktest-lustre.tar.gz 2s
END checkpatch tool checkpatch PASS 13s
END al2023 build tests/fs/lustre/boot.ktest FAIL 56s (exit code: 2)
END u24 build tests/fs/lustre/boot.ktest FAIL 57s (exit code: 2)
GET /tmp/ktest_lustre_mainline_native_xf1upd5m.tar 6s
GET /tmp/ktest_lustre_mainline_strict_5gmxs1un.tar 7s
GET /tmp/ktest_lustre_mainline_mudfo3f_.tar 7s
END lustre_mainline_native build tests/fs/lustre/boot.ktest FAIL 90s (exit code: 1)
END lustre_mainline_strict build tests/fs/lustre/boot-strict.ktest FAIL 91s (exit code: 1)
END lustre_mainline build tests/fs/lustre/boot.ktest FAIL 93s (exit code: 1)

============================================================
Final Results:
  checkpatch: PASS (13s) (log: /var/www/ci-lustre/upstream-patch-review/619e88eeaed4db80901f6ada4313944be25e84ea_checkpatch.log)
  u24: FAIL (57s) (log: /var/www/ci-lustre/upstream-patch-review/619e88eeaed4db80901f6ada4313944be25e84ea_u24.log)
  al2023: FAIL (56s) (log: /var/www/ci-lustre/upstream-patch-review/619e88eeaed4db80901f6ada4313944be25e84ea_al2023.log)
  lustre_mainline_strict: FAIL (91s) (log: /var/www/ci-lustre/upstream-patch-review/619e88eeaed4db80901f6ada4313944be25e84ea_lustre_mainline_strict.log)
  lustre_mainline: FAIL (93s) (log: /var/www/ci-lustre/upstream-patch-review/619e88eeaed4db80901f6ada4313944be25e84ea_lustre_mainline.log)
  lustre_mainline_native: FAIL (90s) (log: /var/www/ci-lustre/upstream-patch-review/619e88eeaed4db80901f6ada4313944be25e84ea_lustre_mainline_native.log)
  clang-tidy: SKIPPED (due to dependency failure)
  cc-plugin: SKIPPED (due to dependency failure)
  boot: SKIPPED (due to dependency failure)
  llmount: SKIPPED (due to dependency failure)
  llog-unit: SKIPPED (due to dependency failure)
  mgs-setup: SKIPPED (due to dependency failure)
  sanity-1: SKIPPED (due to dependency failure)
  sanity-2: SKIPPED (due to dependency failure)
  sanity-3: SKIPPED (due to dependency failure)
  sanity-4: SKIPPED (due to dependency failure)

Total execution time: 124s
