CLI: ./podman-ktest --podman-socket unix:///run/podman/podman.sock --shared-filesystem /tmp job --tarball-input lustre-ci

Creating kernel tarball at /tmp/ktest-kernel.tar.gz...
Creating lustre tarball at /tmp/ktest-lustre.tar.gz...
Executing 16 jobs
Jobs will start as soon as their dependencies are satisfied
Using tarball input mode

START checkpatch tool checkpatch
START lustre_mainline_native build tests/fs/lustre/boot.ktest
START lustre_mainline build tests/fs/lustre/boot.ktest
START lustre_mainline_strict build tests/fs/lustre/boot-strict.ktest
START lustre_al2023 build tests/fs/lustre/boot.ktest
START lustre_u24 build tests/fs/lustre/boot.ktest
PUT /tmp/ktest-kernel.tar.gz 9s
PUT /tmp/ktest-kernel.tar.gz 9s
PUT /tmp/ktest-kernel.tar.gz 9s
PUT /tmp/ktest-kernel.tar.gz 9s
PUT /tmp/ktest-kernel.tar.gz 9s
PUT /tmp/ktest-kernel.tar.gz 9s
PUT /tmp/ktest-lustre.tar.gz 4s
PUT /tmp/ktest-lustre.tar.gz 4s
PUT /tmp/ktest-lustre.tar.gz 3s
PUT /tmp/ktest-lustre.tar.gz 4s
PUT /tmp/ktest-lustre.tar.gz 3s
PUT /tmp/ktest-lustre.tar.gz 4s
END checkpatch tool checkpatch PASS 17s
END lustre_al2023 build tests/fs/lustre/boot.ktest FAIL 87s (exit code: 2)
END lustre_u24 build tests/fs/lustre/boot.ktest FAIL 88s (exit code: 2)
GET /tmp/ktest_lustre_mainline_strict_zk_aq3na.tar 5s
END lustre_mainline_strict build tests/fs/lustre/boot-strict.ktest FAIL 142s (exit code: 1)
GET /tmp/ktest_lustre_mainline_native_2eq58i2f.tar 5s
GET /tmp/ktest_lustre_mainline_74ex3vom.tar 5s
END lustre_mainline_native build tests/fs/lustre/boot.ktest FAIL 161s (exit code: 1)
END lustre_mainline build tests/fs/lustre/boot.ktest FAIL 163s (exit code: 1)

============================================================
Final Results:
  checkpatch: PASS (log: /tmp/ktest-results/checkpatch.log)
  lustre_u24: FAIL (log: /tmp/ktest-results/lustre_u24.log)
  lustre_al2023: FAIL (log: /tmp/ktest-results/lustre_al2023.log)
  lustre_mainline_strict: FAIL (log: /tmp/ktest-results/lustre_mainline_strict.log)
  lustre_mainline: FAIL (log: /tmp/ktest-results/lustre_mainline.log)
  lustre_mainline_native: FAIL (log: /tmp/ktest-results/lustre_mainline_native.log)
  clang-tidy: SKIPPED (due to dependency failure)
  cc-plugin: SKIPPED (due to dependency failure)
  boot: SKIPPED (due to dependency failure)
  llmount: SKIPPED (due to dependency failure)
  llog-unit: SKIPPED (due to dependency failure)
  mgs-setup: SKIPPED (due to dependency failure)
  sanity-1: SKIPPED (due to dependency failure)
  sanity-2: SKIPPED (due to dependency failure)
  sanity-3: SKIPPED (due to dependency failure)
  sanity-4: SKIPPED (due to dependency failure)

Total execution time: 193s