ERROR:SPACING: space prohibited before that close parenthesis ')'
#199: FILE: lustre/utils/liblustreapi_layout.c:2825:
+		if ((mirror_id_of(comp->llc_id) == mirror_id ) &&

ERROR:SPACING: space prohibited before that ',' (ctx:WxW)
#285: FILE: lustre/utils/liblustreapi_layout.c:4069:
+	int rc , i;
 	       ^

WARNING:TYPO_SPELLING: 'nubmer' may be misspelled - perhaps 'number'?
#471: FILE: lustre/utils/liblustreapi_layout.c:4255:
+ *     For a raid set, this is the nubmer of stripes from one row in a raid
                                    ^^^^^^

WARNING:LONG_LINE: line length of 105 exceeds 100 columns
#726: FILE: lustre/utils/liblustreapi_layout.c:4510:
+		if (data_comp->llc_stripe_count < (sc.esc_n0 + sc.esc_n1) * ec_comp->llc_cstripe_count) {

total: 2 errors, 2 warnings, 721 lines checked

NOTE: For some of the reported defects, checkpatch may be able to
      mechanically convert to the typical style using --fix or --fix-inplace.

Your patch has style problems, please review.

NOTE: If any of the errors are false positives, please report
      them to the maintainer, see CHECKPATCH in MAINTAINERS.
