Creating kernel tarball at /tmp/ktest-kernel.tar.gz...
Creating lustre tarball at /tmp/ktest-lustre.tar.gz...
Executing 16 jobs with dependencies
Jobs will start as soon as their dependencies are satisfied

Starting job: checkpatch (ktest-out: /tmp/ktest_checkpatch_ps14bm19)
Starting job: lustre_mainline (ktest-out: /tmp/ktest_lustre_mainline_w0ga3dly)
Starting job: lustre_u24 (ktest-out: /tmp/ktest_lustre_u24_iildnc31)
Starting job: lustre_mainline_strict (ktest-out: /tmp/ktest_lustre_mainline_strict_5x_kbt5k)
Starting job: lustre_mainline_native (ktest-out: /tmp/ktest_lustre_mainline_native_xnuh2jh2)
Starting job: lustre_al2023 (ktest-out: /tmp/ktest_lustre_al2023_0cyv6b41)
put_archive(/tmp/ktest-kernel.tar.gz): 13.23s
put_archive(/tmp/ktest-kernel.tar.gz): 16.43s
put_archive(/tmp/ktest-kernel.tar.gz): 16.15s
put_archive(/tmp/ktest-kernel.tar.gz): 16.41s
put_archive(/tmp/ktest-kernel.tar.gz): 16.43s
put_archive(/tmp/ktest-kernel.tar.gz): 17.20s
put_archive(/tmp/ktest-lustre.tar.gz): 11.75s
put_archive(/tmp/ktest-lustre.tar.gz): 8.16s
put_archive(/tmp/ktest-lustre.tar.gz): 7.75s
put_archive(/tmp/ktest-lustre.tar.gz): 8.05s
put_archive(/tmp/ktest-lustre.tar.gz): 7.92s
put_archive(/tmp/ktest-lustre.tar.gz): 8.39s
Job checkpatch completed: FAILED (return code = 1, log: /tmp/ktest-results/checkpatch.log)
Job lustre_al2023 completed: SUCCESS (return code = 0, log: /tmp/ktest-results/lustre_al2023.log)
Job lustre_u24 completed: SUCCESS (return code = 0, log: /tmp/ktest-results/lustre_u24.log)
get_archive(ktest-out): 3.41s
Job lustre_mainline_strict completed: FAILED (return code = 1, log: /tmp/ktest-results/lustre_mainline_strict.log)
get_archive(ktest-out): 3.12s
get_archive(ktest-out): 3.27s
Job lustre_mainline_native completed: SUCCESS (return code = 0, log: /tmp/ktest-results/lustre_mainline_native.log)
Starting job: clang-tidy (ktest-out: /tmp/ktest_lustre_mainline_native_xnuh2jh2)
Starting job: cc-plugin (ktest-out: /tmp/ktest_lustre_mainline_native_xnuh2jh2)
Starting job: boot (ktest-out: /tmp/ktest_lustre_mainline_native_xnuh2jh2)
Starting job: llmount (ktest-out: /tmp/ktest_lustre_mainline_native_xnuh2jh2)
Starting job: llog-unit (ktest-out: /tmp/ktest_lustre_mainline_native_xnuh2jh2)
Starting job: mgs-setup (ktest-out: /tmp/ktest_lustre_mainline_native_xnuh2jh2)
Starting job: sanity-1 (ktest-out: /tmp/ktest_lustre_mainline_native_xnuh2jh2)
Starting job: sanity-2 (ktest-out: /tmp/ktest_lustre_mainline_native_xnuh2jh2)
Starting job: sanity-3 (ktest-out: /tmp/ktest_lustre_mainline_native_xnuh2jh2)
Starting job: sanity-4 (ktest-out: /tmp/ktest_lustre_mainline_native_xnuh2jh2)
Job lustre_mainline completed: SUCCESS (return code = 0, log: /tmp/ktest-results/lustre_mainline.log)
put_archive(/tmp/ktest_lustre_mainline_native_xnuh2jh2.tar): 13.41s
put_archive(/tmp/ktest-kernel.tar.gz): 13.87s
put_archive(/tmp/ktest_lustre_mainline_native_xnuh2jh2.tar): 13.81s
put_archive(/tmp/ktest_lustre_mainline_native_xnuh2jh2.tar): 13.74s
put_archive(/tmp/ktest-lustre.tar.gz): 66.81s
put_archive(/tmp/ktest_lustre_mainline_native_xnuh2jh2.tar): 66.15s
put_archive(/tmp/ktest_lustre_mainline_native_xnuh2jh2.tar): 75.01s
put_archive(/tmp/ktest_lustre_mainline_native_xnuh2jh2.tar): 66.65s
put_archive(/tmp/ktest_lustre_mainline_native_xnuh2jh2.tar): 66.26s
put_archive(/tmp/ktest_lustre_mainline_native_xnuh2jh2.tar): 66.34s
put_archive(/tmp/ktest-kernel.tar.gz): 66.45s
put_archive(/tmp/ktest-lustre.tar.gz): 53.27s
put_archive(/tmp/ktest_lustre_mainline_native_xnuh2jh2.tar): 60.36s
put_archive(/tmp/ktest_lustre_mainline_native_xnuh2jh2.tar): 16.18s
Job mgs-setup completed: SUCCESS (return code = 0, log: /tmp/ktest-results/mgs-setup.log)
Job cc-plugin completed: FAILED (return code = 127, log: /tmp/ktest-results/cc-plugin.log)
Job sanity-1 completed: SUCCESS (return code = 0, log: /tmp/ktest-results/sanity-1.log)
Job clang-tidy completed: SUCCESS (return code = 0, log: /tmp/ktest-results/clang-tidy.log)
Job boot completed: SUCCESS (return code = 0, log: /tmp/ktest-results/boot.log)
Job llmount completed: SUCCESS (return code = 0, log: /tmp/ktest-results/llmount.log)
Job sanity-4 completed: SUCCESS (return code = 0, log: /tmp/ktest-results/sanity-4.log)
Job sanity-2 completed: SUCCESS (return code = 0, log: /tmp/ktest-results/sanity-2.log)
Job sanity-3 completed: SUCCESS (return code = 0, log: /tmp/ktest-results/sanity-3.log)
Job llog-unit completed: SUCCESS (return code = 0, log: /tmp/ktest-results/llog-unit.log)

============================================================
Final Results:
  checkpatch: FAILED (return code = 1, log: /tmp/ktest-results/checkpatch.log)
  lustre_u24: SUCCESS (return code = 0, log: /tmp/ktest-results/lustre_u24.log)
  lustre_al2023: SUCCESS (return code = 0, log: /tmp/ktest-results/lustre_al2023.log)
  lustre_mainline_strict: FAILED (return code = 1, log: /tmp/ktest-results/lustre_mainline_strict.log)
  lustre_mainline: SUCCESS (return code = 0, log: /tmp/ktest-results/lustre_mainline.log)
  lustre_mainline_native: SUCCESS (return code = 0, log: /tmp/ktest-results/lustre_mainline_native.log)
  clang-tidy: SUCCESS (return code = 0, log: /tmp/ktest-results/clang-tidy.log)
  cc-plugin: FAILED (return code = 127, log: /tmp/ktest-results/cc-plugin.log)
  boot: SUCCESS (return code = 0, log: /tmp/ktest-results/boot.log)
  llmount: SUCCESS (return code = 0, log: /tmp/ktest-results/llmount.log)
  llog-unit: SUCCESS (return code = 0, log: /tmp/ktest-results/llog-unit.log)
  mgs-setup: SUCCESS (return code = 0, log: /tmp/ktest-results/mgs-setup.log)
  sanity-1: SUCCESS (return code = 0, log: /tmp/ktest-results/sanity-1.log)
  sanity-2: SUCCESS (return code = 0, log: /tmp/ktest-results/sanity-2.log)
  sanity-3: SUCCESS (return code = 0, log: /tmp/ktest-results/sanity-3.log)
  sanity-4: SUCCESS (return code = 0, log: /tmp/ktest-results/sanity-4.log)