Creating kernel tarball at /tmp/ktest-kernel.tar.gz...
Creating lustre tarball at /tmp/ktest-lustre.tar.gz...
Executing 16 jobs with dependencies
Jobs will start as soon as their dependencies are satisfied

Starting job: lustre_mainline_strict (ktest-out: /tmp/ktest_lustre_mainline_strict_y6thod8k)
Starting job: lustre_u24 (ktest-out: /tmp/ktest_lustre_u24_glk0p3qz)
Starting job: lustre_mainline_native (ktest-out: /tmp/ktest_lustre_mainline_native__x07g0xz)
Starting job: lustre_mainline (ktest-out: /tmp/ktest_lustre_mainline_eaij4ke_)
Starting job: lustre_al2023 (ktest-out: /tmp/ktest_lustre_al2023_obol5o33)
Starting job: checkpatch (ktest-out: /tmp/ktest_checkpatch_f8teu1q5)
put_archive(/tmp/ktest-kernel.tar.gz): 6.44s
put_archive(/tmp/ktest-kernel.tar.gz): 5.88s
put_archive(/tmp/ktest-kernel.tar.gz): 6.09s
put_archive(/tmp/ktest-kernel.tar.gz): 7.45s
put_archive(/tmp/ktest-kernel.tar.gz): 6.40s
put_archive(/tmp/ktest-kernel.tar.gz): 6.11s
put_archive(/tmp/ktest-lustre.tar.gz): 7.97s
put_archive(/tmp/ktest-lustre.tar.gz): 7.71s
put_archive(/tmp/ktest-lustre.tar.gz): 7.87s
put_archive(/tmp/ktest-lustre.tar.gz): 7.60s
put_archive(/tmp/ktest-lustre.tar.gz): 8.87s
put_archive(/tmp/ktest-lustre.tar.gz): 7.10s
Job checkpatch completed: SUCCESS (return code = 0, log: /tmp/ktest-results/checkpatch.log)
Job lustre_u24 completed: SUCCESS (return code = 0, log: /tmp/ktest-results/lustre_u24.log)
Job lustre_al2023 completed: SUCCESS (return code = 0, log: /tmp/ktest-results/lustre_al2023.log)
get_archive(ktest-out): 5.16s
Job lustre_mainline_strict completed: FAILED (return code = 1, log: /tmp/ktest-results/lustre_mainline_strict.log)
get_archive(ktest-out): 3.30s
get_archive(ktest-out): 3.30s
Job lustre_mainline_native completed: SUCCESS (return code = 0, log: /tmp/ktest-results/lustre_mainline_native.log)
Starting job: clang-tidy (ktest-out: /tmp/ktest_lustre_mainline_native__x07g0xz)
Starting job: cc-plugin (ktest-out: /tmp/ktest_lustre_mainline_native__x07g0xz)
Starting job: boot (ktest-out: /tmp/ktest_lustre_mainline_native__x07g0xz)
Starting job: llmount (ktest-out: /tmp/ktest_lustre_mainline_native__x07g0xz)
Starting job: llog-unit (ktest-out: /tmp/ktest_lustre_mainline_native__x07g0xz)
Starting job: mgs-setup (ktest-out: /tmp/ktest_lustre_mainline_native__x07g0xz)
Starting job: sanity-1 (ktest-out: /tmp/ktest_lustre_mainline_native__x07g0xz)
Starting job: sanity-2 (ktest-out: /tmp/ktest_lustre_mainline_native__x07g0xz)
Starting job: sanity-3 (ktest-out: /tmp/ktest_lustre_mainline_native__x07g0xz)
Starting job: sanity-4 (ktest-out: /tmp/ktest_lustre_mainline_native__x07g0xz)
Job lustre_mainline completed: SUCCESS (return code = 0, log: /tmp/ktest-results/lustre_mainline.log)
put_archive(/tmp/ktest_lustre_mainline_native__x07g0xz.tar): 5.58s
put_archive(/tmp/ktest_lustre_mainline_native__x07g0xz.tar): 28.29s
put_archive(/tmp/ktest-kernel.tar.gz): 28.13s
put_archive(/tmp/ktest_lustre_mainline_native__x07g0xz.tar): 28.02s
put_archive(/tmp/ktest-lustre.tar.gz): 41.43s
put_archive(/tmp/ktest_lustre_mainline_native__x07g0xz.tar): 41.03s
put_archive(/tmp/ktest_lustre_mainline_native__x07g0xz.tar): 40.92s
put_archive(/tmp/ktest_lustre_mainline_native__x07g0xz.tar): 41.70s
put_archive(/tmp/ktest_lustre_mainline_native__x07g0xz.tar): 41.16s
put_archive(/tmp/ktest-kernel.tar.gz): 41.07s
put_archive(/tmp/ktest_lustre_mainline_native__x07g0xz.tar): 41.07s
put_archive(/tmp/ktest-lustre.tar.gz): 68.66s
put_archive(/tmp/ktest_lustre_mainline_native__x07g0xz.tar): 69.11s
Job boot completed: SUCCESS (return code = 0, log: /tmp/ktest-results/boot.log)
put_archive(/tmp/ktest_lustre_mainline_native__x07g0xz.tar): 7.11s
Job sanity-3 completed: SUCCESS (return code = 0, log: /tmp/ktest-results/sanity-3.log)
Job cc-plugin completed: FAILED (return code = 127, log: /tmp/ktest-results/cc-plugin.log)
Job clang-tidy completed: SUCCESS (return code = 0, log: /tmp/ktest-results/clang-tidy.log)
Job sanity-2 completed: SUCCESS (return code = 0, log: /tmp/ktest-results/sanity-2.log)
Job mgs-setup completed: SUCCESS (return code = 0, log: /tmp/ktest-results/mgs-setup.log)
Job sanity-1 completed: SUCCESS (return code = 0, log: /tmp/ktest-results/sanity-1.log)
Job sanity-4 completed: SUCCESS (return code = 0, log: /tmp/ktest-results/sanity-4.log)
Job llmount completed: SUCCESS (return code = 0, log: /tmp/ktest-results/llmount.log)
Job llog-unit completed: SUCCESS (return code = 0, log: /tmp/ktest-results/llog-unit.log)

============================================================
Final Results:
  checkpatch: SUCCESS (return code = 0, log: /tmp/ktest-results/checkpatch.log)
  lustre_u24: SUCCESS (return code = 0, log: /tmp/ktest-results/lustre_u24.log)
  lustre_al2023: SUCCESS (return code = 0, log: /tmp/ktest-results/lustre_al2023.log)
  lustre_mainline_strict: FAILED (return code = 1, log: /tmp/ktest-results/lustre_mainline_strict.log)
  lustre_mainline: SUCCESS (return code = 0, log: /tmp/ktest-results/lustre_mainline.log)
  lustre_mainline_native: SUCCESS (return code = 0, log: /tmp/ktest-results/lustre_mainline_native.log)
  clang-tidy: SUCCESS (return code = 0, log: /tmp/ktest-results/clang-tidy.log)
  cc-plugin: FAILED (return code = 127, log: /tmp/ktest-results/cc-plugin.log)
  boot: SUCCESS (return code = 0, log: /tmp/ktest-results/boot.log)
  llmount: SUCCESS (return code = 0, log: /tmp/ktest-results/llmount.log)
  llog-unit: SUCCESS (return code = 0, log: /tmp/ktest-results/llog-unit.log)
  mgs-setup: SUCCESS (return code = 0, log: /tmp/ktest-results/mgs-setup.log)
  sanity-1: SUCCESS (return code = 0, log: /tmp/ktest-results/sanity-1.log)
  sanity-2: SUCCESS (return code = 0, log: /tmp/ktest-results/sanity-2.log)
  sanity-3: SUCCESS (return code = 0, log: /tmp/ktest-results/sanity-3.log)
  sanity-4: SUCCESS (return code = 0, log: /tmp/ktest-results/sanity-4.log)