CLI: ./podman-ktest --podman-socket unix:///run/podman/podman.sock --shared-filesystem /tmp job --tarball-input lustre-ci

Creating kernel tarball at /tmp/ktest-kernel.tar.gz...
Creating lustre tarball at /tmp/ktest-lustre.tar.gz...
Executing 16 jobs
Jobs will start as soon as their dependencies are satisfied
Using tarball input mode

START lustre_u24 build tests/fs/lustre/boot.ktest
START lustre_mainline build tests/fs/lustre/boot.ktest
START lustre_al2023 build tests/fs/lustre/boot.ktest
START lustre_mainline_strict build tests/fs/lustre/boot-strict.ktest
START lustre_mainline_native build tests/fs/lustre/boot.ktest
START checkpatch tool checkpatch
PUT /tmp/ktest-kernel.tar.gz 7s
PUT /tmp/ktest-kernel.tar.gz 7s
PUT /tmp/ktest-kernel.tar.gz 7s
PUT /tmp/ktest-kernel.tar.gz 7s
PUT /tmp/ktest-kernel.tar.gz 7s
PUT /tmp/ktest-kernel.tar.gz 8s
PUT /tmp/ktest-lustre.tar.gz 1s
PUT /tmp/ktest-lustre.tar.gz 1s
PUT /tmp/ktest-lustre.tar.gz 1s
PUT /tmp/ktest-lustre.tar.gz 2s
PUT /tmp/ktest-lustre.tar.gz 1s
PUT /tmp/ktest-lustre.tar.gz 2s
END checkpatch tool checkpatch PASS 13s
END lustre_al2023 build tests/fs/lustre/boot.ktest PASS 71s
END lustre_u24 build tests/fs/lustre/boot.ktest PASS 77s
GET /tmp/ktest_lustre_mainline_strict_igl6w57i.tar 5s
END lustre_mainline_strict build tests/fs/lustre/boot-strict.ktest FAIL 148s (exit code: 1)
GET /tmp/ktest_lustre_mainline_qvabuhqv.tar 3s
GET /tmp/ktest_lustre_mainline_native_kj0e3qwt.tar 3s
END lustre_mainline_native build tests/fs/lustre/boot.ktest PASS 164s
START clang-tidy tool clang-tidy
START cc-plugin tool cc-plugin
START boot run tests/fs/lustre/boot.ktest
START llmount run tests/fs/lustre/llmount.ktest
START llog-unit run tests/fs/lustre/llog-unit.ktest
START mgs-setup run tests/fs/lustre/mgs-setup.ktest
START sanity-1 run tests/fs/lustre/sanity/sanity-1.ktest
START sanity-2 run tests/fs/lustre/sanity/sanity-2.ktest
START sanity-3 run tests/fs/lustre/sanity/sanity-3.ktest
END lustre_mainline build tests/fs/lustre/boot.ktest PASS 165s
START sanity-4 run tests/fs/lustre/sanity/sanity-4.ktest
PUT /tmp/ktest_lustre_mainline_native_kj0e3qwt.tar 6s
PUT /tmp/ktest_lustre_mainline_native_kj0e3qwt.tar 6s
PUT /tmp/ktest_lustre_mainline_native_kj0e3qwt.tar 7s
PUT /tmp/ktest_lustre_mainline_native_kj0e3qwt.tar 6s
PUT /tmp/ktest_lustre_mainline_native_kj0e3qwt.tar 7s
PUT /tmp/ktest_lustre_mainline_native_kj0e3qwt.tar 21s
PUT /tmp/ktest_lustre_mainline_native_kj0e3qwt.tar 21s
PUT /tmp/ktest-kernel.tar.gz 21s
PUT /tmp/ktest-kernel.tar.gz 21s
PUT /tmp/ktest-lustre.tar.gz 6s
PUT /tmp/ktest-lustre.tar.gz 7s
PUT /tmp/ktest_lustre_mainline_native_kj0e3qwt.tar 7s
PUT /tmp/ktest_lustre_mainline_native_kj0e3qwt.tar 7s
PUT /tmp/ktest_lustre_mainline_native_kj0e3qwt.tar 7s
END cc-plugin tool cc-plugin FAIL 50s (exit code: 127)
END mgs-setup run tests/fs/lustre/mgs-setup.ktest PASS 64s
END clang-tidy tool clang-tidy PASS 66s
END boot run tests/fs/lustre/boot.ktest PASS 68s
END sanity-4 run tests/fs/lustre/sanity/sanity-4.ktest PASS 125s
END sanity-2 run tests/fs/lustre/sanity/sanity-2.ktest PASS 130s
END sanity-3 run tests/fs/lustre/sanity/sanity-3.ktest PASS 140s
END llog-unit run tests/fs/lustre/llog-unit.ktest PASS 146s
END sanity-1 run tests/fs/lustre/sanity/sanity-1.ktest PASS 147s
END llmount run tests/fs/lustre/llmount.ktest PASS 160s

============================================================
Final Results:
  checkpatch: PASS (log: /tmp/ktest-results/checkpatch.log)
  lustre_u24: PASS (log: /tmp/ktest-results/lustre_u24.log)
  lustre_al2023: PASS (log: /tmp/ktest-results/lustre_al2023.log)
  lustre_mainline_strict: FAIL (log: /tmp/ktest-results/lustre_mainline_strict.log)
  lustre_mainline: PASS (log: /tmp/ktest-results/lustre_mainline.log)
  lustre_mainline_native: PASS (log: /tmp/ktest-results/lustre_mainline_native.log)
  clang-tidy: PASS (log: /tmp/ktest-results/clang-tidy.log)
  cc-plugin: FAIL (log: /tmp/ktest-results/cc-plugin.log)
  boot: PASS (log: /tmp/ktest-results/boot.log)
  llmount: PASS (log: /tmp/ktest-results/llmount.log)
  llog-unit: PASS (log: /tmp/ktest-results/llog-unit.log)
  mgs-setup: PASS (log: /tmp/ktest-results/mgs-setup.log)
  sanity-1: PASS (log: /tmp/ktest-results/sanity-1.log)
  sanity-2: PASS (log: /tmp/ktest-results/sanity-2.log)
  sanity-3: PASS (log: /tmp/ktest-results/sanity-3.log)
  sanity-4: PASS (log: /tmp/ktest-results/sanity-4.log)

Total execution time: 354s