CLI: ./podman-ktest --podman-socket unix:///run/podman/podman.sock --shared-filesystem /tmp job --tarball-input lustre-ci

Creating kernel tarball at /tmp/ktest-kernel.tar.gz...
Creating lustre tarball at /tmp/ktest-lustre.tar.gz...
Executing 16 jobs
Jobs will start as soon as their dependencies are satisfied
Using tarball input mode

START lustre_u24 build tests/fs/lustre/boot.ktest
START lustre_mainline build tests/fs/lustre/boot.ktest
START lustre_al2023 build tests/fs/lustre/boot.ktest
START lustre_mainline_native build tests/fs/lustre/boot.ktest
START checkpatch tool checkpatch
START lustre_mainline_strict build tests/fs/lustre/boot-strict.ktest
PUT /tmp/ktest-kernel.tar.gz 7s
PUT /tmp/ktest-kernel.tar.gz 9s
PUT /tmp/ktest-kernel.tar.gz 8s
PUT /tmp/ktest-kernel.tar.gz 9s
PUT /tmp/ktest-kernel.tar.gz 9s
PUT /tmp/ktest-kernel.tar.gz 9s
PUT /tmp/ktest-lustre.tar.gz 9s
PUT /tmp/ktest-lustre.tar.gz 6s
PUT /tmp/ktest-lustre.tar.gz 7s
PUT /tmp/ktest-lustre.tar.gz 6s
PUT /tmp/ktest-lustre.tar.gz 6s
PUT /tmp/ktest-lustre.tar.gz 7s
END checkpatch tool checkpatch PASS 21s
END lustre_al2023 build tests/fs/lustre/boot.ktest PASS 91s
END lustre_u24 build tests/fs/lustre/boot.ktest PASS 93s
GET /tmp/ktest_lustre_mainline_strict_n7oc4rds.tar 4s
END lustre_mainline_strict build tests/fs/lustre/boot-strict.ktest FAIL 119s (exit code: 1)
GET /tmp/ktest_lustre_mainline_native_k56grw_d.tar 3s
GET /tmp/ktest_lustre_mainline_5nzqyxt3.tar 3s
END lustre_mainline_native build tests/fs/lustre/boot.ktest PASS 138s
START clang-tidy tool clang-tidy
START cc-plugin tool cc-plugin
START boot run tests/fs/lustre/boot.ktest
START llmount run tests/fs/lustre/llmount.ktest
START llog-unit run tests/fs/lustre/llog-unit.ktest
START mgs-setup run tests/fs/lustre/mgs-setup.ktest
START sanity-1 run tests/fs/lustre/sanity/sanity-1.ktest
START sanity-2 run tests/fs/lustre/sanity/sanity-2.ktest
START sanity-3 run tests/fs/lustre/sanity/sanity-3.ktest
END lustre_mainline build tests/fs/lustre/boot.ktest PASS 139s
START sanity-4 run tests/fs/lustre/sanity/sanity-4.ktest
PUT /tmp/ktest_lustre_mainline_native_k56grw_d.tar 9s
PUT /tmp/ktest-kernel.tar.gz 10s
PUT /tmp/ktest-lustre.tar.gz 18s
PUT /tmp/ktest_lustre_mainline_native_k56grw_d.tar 16s
PUT /tmp/ktest_lustre_mainline_native_k56grw_d.tar 47s
PUT /tmp/ktest_lustre_mainline_native_k56grw_d.tar 47s
PUT /tmp/ktest_lustre_mainline_native_k56grw_d.tar 47s
PUT /tmp/ktest-kernel.tar.gz 46s
PUT /tmp/ktest_lustre_mainline_native_k56grw_d.tar 47s
PUT /tmp/ktest_lustre_mainline_native_k56grw_d.tar 47s
PUT /tmp/ktest_lustre_mainline_native_k56grw_d.tar 47s
PUT /tmp/ktest_lustre_mainline_native_k56grw_d.tar 46s
PUT /tmp/ktest-lustre.tar.gz 58s
END boot run tests/fs/lustre/boot.ktest PASS 152s
END cc-plugin tool cc-plugin FAIL 156s (exit code: 127)
PUT /tmp/ktest_lustre_mainline_native_k56grw_d.tar 20s
END sanity-3 run tests/fs/lustre/sanity/sanity-3.ktest PASS 173s
END clang-tidy tool clang-tidy PASS 189s
END mgs-setup run tests/fs/lustre/mgs-setup.ktest PASS 200s
END llmount run tests/fs/lustre/llmount.ktest PASS 243s
END sanity-4 run tests/fs/lustre/sanity/sanity-4.ktest PASS 265s
END sanity-1 run tests/fs/lustre/sanity/sanity-1.ktest PASS 268s
END sanity-2 run tests/fs/lustre/sanity/sanity-2.ktest PASS 273s
END llog-unit run tests/fs/lustre/llog-unit.ktest PASS 280s

============================================================
Final Results:
  checkpatch: PASS (log: /tmp/ktest-results/checkpatch.log)
  lustre_u24: PASS (log: /tmp/ktest-results/lustre_u24.log)
  lustre_al2023: PASS (log: /tmp/ktest-results/lustre_al2023.log)
  lustre_mainline_strict: FAIL (log: /tmp/ktest-results/lustre_mainline_strict.log)
  lustre_mainline: PASS (log: /tmp/ktest-results/lustre_mainline.log)
  lustre_mainline_native: PASS (log: /tmp/ktest-results/lustre_mainline_native.log)
  clang-tidy: PASS (log: /tmp/ktest-results/clang-tidy.log)
  cc-plugin: FAIL (log: /tmp/ktest-results/cc-plugin.log)
  boot: PASS (log: /tmp/ktest-results/boot.log)
  llmount: PASS (log: /tmp/ktest-results/llmount.log)
  llog-unit: PASS (log: /tmp/ktest-results/llog-unit.log)
  mgs-setup: PASS (log: /tmp/ktest-results/mgs-setup.log)
  sanity-1: PASS (log: /tmp/ktest-results/sanity-1.log)
  sanity-2: PASS (log: /tmp/ktest-results/sanity-2.log)
  sanity-3: PASS (log: /tmp/ktest-results/sanity-3.log)
  sanity-4: PASS (log: /tmp/ktest-results/sanity-4.log)

Total execution time: 449s