CLI: ./podman-ktest --podman-socket unix:///run/podman/podman.sock --shared-filesystem /tmp job --tarball-input lustre-ci

Creating kernel tarball at /tmp/ktest-kernel.tar.gz...
Creating lustre tarball at /tmp/ktest-lustre.tar.gz...
Executing 16 jobs
Jobs will start as soon as their dependencies are satisfied
Using tarball input mode

START lustre_mainline_strict build tests/fs/lustre/boot-strict.ktest
START checkpatch tool checkpatch
START lustre_al2023 build tests/fs/lustre/boot.ktest
START lustre_mainline_native build tests/fs/lustre/boot.ktest
START lustre_mainline build tests/fs/lustre/boot.ktest
START lustre_u24 build tests/fs/lustre/boot.ktest
PUT /tmp/ktest-kernel.tar.gz 12s
PUT /tmp/ktest-kernel.tar.gz 15s
PUT /tmp/ktest-kernel.tar.gz 15s
PUT /tmp/ktest-kernel.tar.gz 15s
PUT /tmp/ktest-kernel.tar.gz 15s
PUT /tmp/ktest-kernel.tar.gz 15s
PUT /tmp/ktest-lustre.tar.gz 9s
PUT /tmp/ktest-lustre.tar.gz 6s
PUT /tmp/ktest-lustre.tar.gz 6s
PUT /tmp/ktest-lustre.tar.gz 6s
PUT /tmp/ktest-lustre.tar.gz 6s
PUT /tmp/ktest-lustre.tar.gz 6s
END checkpatch tool checkpatch PASS 25s
END lustre_al2023 build tests/fs/lustre/boot.ktest PASS 90s
END lustre_u24 build tests/fs/lustre/boot.ktest PASS 92s
GET /tmp/ktest_lustre_mainline_strict_wldongg3.tar 4s
END lustre_mainline_strict build tests/fs/lustre/boot-strict.ktest FAIL 126s (exit code: 1)
GET /tmp/ktest_lustre_mainline_native_f4y6ipj6.tar 3s
GET /tmp/ktest_lustre_mainline_bxy0ifq9.tar 3s
END lustre_mainline_native build tests/fs/lustre/boot.ktest PASS 142s
START clang-tidy tool clang-tidy
START cc-plugin tool cc-plugin
START boot run tests/fs/lustre/boot.ktest
START llmount run tests/fs/lustre/llmount.ktest
START llog-unit run tests/fs/lustre/llog-unit.ktest
START mgs-setup run tests/fs/lustre/mgs-setup.ktest
START sanity-1 run tests/fs/lustre/sanity/sanity-1.ktest
START sanity-2 run tests/fs/lustre/sanity/sanity-2.ktest
START sanity-3 run tests/fs/lustre/sanity/sanity-3.ktest
END lustre_mainline build tests/fs/lustre/boot.ktest PASS 143s
START sanity-4 run tests/fs/lustre/sanity/sanity-4.ktest
PUT /tmp/ktest_lustre_mainline_native_f4y6ipj6.tar 5s
PUT /tmp/ktest_lustre_mainline_native_f4y6ipj6.tar 16s
PUT /tmp/ktest_lustre_mainline_native_f4y6ipj6.tar 44s
PUT /tmp/ktest_lustre_mainline_native_f4y6ipj6.tar 44s
PUT /tmp/ktest-kernel.tar.gz 44s
PUT /tmp/ktest_lustre_mainline_native_f4y6ipj6.tar 44s
PUT /tmp/ktest_lustre_mainline_native_f4y6ipj6.tar 44s
PUT /tmp/ktest-kernel.tar.gz 67s
PUT /tmp/ktest_lustre_mainline_native_f4y6ipj6.tar 44s
PUT /tmp/ktest_lustre_mainline_native_f4y6ipj6.tar 45s
PUT /tmp/ktest-lustre.tar.gz 52s
PUT /tmp/ktest-lustre.tar.gz 52s
END sanity-3 run tests/fs/lustre/sanity/sanity-3.ktest PASS 134s
PUT /tmp/ktest_lustre_mainline_native_f4y6ipj6.tar 22s
PUT /tmp/ktest_lustre_mainline_native_f4y6ipj6.tar 22s
END sanity-4 run tests/fs/lustre/sanity/sanity-4.ktest PASS 154s
END cc-plugin tool cc-plugin FAIL 159s (exit code: 127)
END boot run tests/fs/lustre/boot.ktest PASS 171s
END clang-tidy tool clang-tidy PASS 174s
END sanity-1 run tests/fs/lustre/sanity/sanity-1.ktest PASS 175s
END mgs-setup run tests/fs/lustre/mgs-setup.ktest PASS 183s
END sanity-2 run tests/fs/lustre/sanity/sanity-2.ktest PASS 199s
END llmount run tests/fs/lustre/llmount.ktest PASS 263s
END llog-unit run tests/fs/lustre/llog-unit.ktest PASS 264s

============================================================
Final Results:
  checkpatch: PASS (log: /tmp/ktest-results/checkpatch.log)
  lustre_u24: PASS (log: /tmp/ktest-results/lustre_u24.log)
  lustre_al2023: PASS (log: /tmp/ktest-results/lustre_al2023.log)
  lustre_mainline_strict: FAIL (log: /tmp/ktest-results/lustre_mainline_strict.log)
  lustre_mainline: PASS (log: /tmp/ktest-results/lustre_mainline.log)
  lustre_mainline_native: PASS (log: /tmp/ktest-results/lustre_mainline_native.log)
  clang-tidy: PASS (log: /tmp/ktest-results/clang-tidy.log)
  cc-plugin: FAIL (log: /tmp/ktest-results/cc-plugin.log)
  boot: PASS (log: /tmp/ktest-results/boot.log)
  llmount: PASS (log: /tmp/ktest-results/llmount.log)
  llog-unit: PASS (log: /tmp/ktest-results/llog-unit.log)
  mgs-setup: PASS (log: /tmp/ktest-results/mgs-setup.log)
  sanity-1: PASS (log: /tmp/ktest-results/sanity-1.log)
  sanity-2: PASS (log: /tmp/ktest-results/sanity-2.log)
  sanity-3: PASS (log: /tmp/ktest-results/sanity-3.log)
  sanity-4: PASS (log: /tmp/ktest-results/sanity-4.log)

Total execution time: 436s