CLI: ./podman-ktest --podman-socket unix:///run/podman/podman.sock --shared-filesystem /tmp --tarball-input job lustre-ci --output /var/www/ci-lustre/upstream-patch-review --git-hash 63d4203672bca623f34c4877961fbcff21ef4bf2 --change-id 66519_63d4203672bca623f34c4877961fbcff21ef4bf2 --subject LU-18948 tests: Check powerman availability before HARD operations

  Checking /dev/kvm exists... OK
  Checking /dev/kvm permissions... OK
  Creating ccache directory... OK
  Checking ccache directory writable... OK
  Creating package output directory... OK

Environment validated successfully
Creating kernel tarball at /tmp/ktest-kernel.tar.gz...
Creating lustre tarball at /tmp/ktest-lustre.tar.gz...
Creating ZFS tarball at /tmp/ktest-zfs.tar.gz...
Executing 13 jobs
Jobs will start as soon as their dependencies are satisfied
Using tarball input mode

START al2023 build tests/fs/lustre/boot.ktest
START checkpatch tool checkpatch
START u24 build tests/fs/lustre/boot.ktest
START lustre_mainline_native build tests/fs/lustre/boot.ktest
START lustre_mainline build tests/fs/lustre/boot.ktest
START lustre_mainline_strict build tests/fs/lustre/boot-strict.ktest
PUT /tmp/ktest-lustre.tar.gz 1s
PUT /tmp/ktest-lustre.tar.gz 1s
PUT /tmp/ktest-kernel.tar.gz 6s
PUT /tmp/ktest-kernel.tar.gz 6s
PUT /tmp/ktest-kernel.tar.gz 6s
PUT /tmp/ktest-kernel.tar.gz 7s
PUT /tmp/ktest-lustre.tar.gz 2s
PUT /tmp/ktest-lustre.tar.gz 2s
PUT /tmp/ktest-lustre.tar.gz 2s
PUT /tmp/ktest-lustre.tar.gz 2s
PUT /tmp/ktest-zfs.tar.gz 0s
PUT /tmp/ktest-zfs.tar.gz 0s
PUT /tmp/ktest-zfs.tar.gz 0s
END checkpatch tool checkpatch PASS 12s
END al2023 build tests/fs/lustre/boot.ktest PASS 56s
END u24 build tests/fs/lustre/boot.ktest PASS 68s
GET /tmp/ktest_lustre_mainline_strict_ud2v7g5q.tar 6s
END lustre_mainline_strict build tests/fs/lustre/boot-strict.ktest FAIL 180s (exit code: 1)
GET /tmp/ktest_lustre_mainline_native_ky9ejrv0.tar 0s
GET /tmp/ktest_lustre_mainline_m1vv1kod.tar 0s
END lustre_mainline_native build tests/fs/lustre/boot.ktest PASS 196s
START boot run tests/fs/lustre/boot.ktest
START llmount run tests/fs/lustre/llmount.ktest
START mgs-setup run tests/fs/lustre/mgs-setup.ktest
START sanity-1 run tests/fs/lustre/sanity/sanity-1.ktest
START sanity-2 run tests/fs/lustre/sanity/sanity-2.ktest
START sanity-3 run tests/fs/lustre/sanity/sanity-3.ktest
START sanity-4 run tests/fs/lustre/sanity/sanity-4.ktest
END lustre_mainline build tests/fs/lustre/boot.ktest PASS 197s
PUT /tmp/ktest-kernel.tar.gz 33s
PUT /tmp/ktest-kernel.tar.gz 33s
PUT /tmp/ktest-kernel.tar.gz 33s
PUT /tmp/ktest-kernel.tar.gz 33s
PUT /tmp/ktest-kernel.tar.gz 33s
PUT /tmp/ktest-kernel.tar.gz 33s
PUT /tmp/ktest-kernel.tar.gz 34s
PUT /tmp/ktest-lustre.tar.gz 9s
PUT /tmp/ktest-lustre.tar.gz 9s
PUT /tmp/ktest-lustre.tar.gz 9s
PUT /tmp/ktest-lustre.tar.gz 10s
PUT /tmp/ktest-lustre.tar.gz 9s
PUT /tmp/ktest-lustre.tar.gz 9s
PUT /tmp/ktest-lustre.tar.gz 9s
PUT /tmp/ktest_lustre_mainline_native_ky9ejrv0.tar 1s
PUT /tmp/ktest_lustre_mainline_native_ky9ejrv0.tar 1s
PUT /tmp/ktest_lustre_mainline_native_ky9ejrv0.tar 1s
PUT /tmp/ktest_lustre_mainline_native_ky9ejrv0.tar 1s
PUT /tmp/ktest_lustre_mainline_native_ky9ejrv0.tar 1s
PUT /tmp/ktest_lustre_mainline_native_ky9ejrv0.tar 1s
PUT /tmp/ktest_lustre_mainline_native_ky9ejrv0.tar 1s
END boot run tests/fs/lustre/boot.ktest PASS 86s
END mgs-setup run tests/fs/lustre/mgs-setup.ktest PASS 96s
END sanity-1 run tests/fs/lustre/sanity/sanity-1.ktest PASS 123s
END sanity-3 run tests/fs/lustre/sanity/sanity-3.ktest PASS 124s
END sanity-4 run tests/fs/lustre/sanity/sanity-4.ktest PASS 134s
END sanity-2 run tests/fs/lustre/sanity/sanity-2.ktest PASS 136s
END llmount run tests/fs/lustre/llmount.ktest PASS 147s

============================================================
Final Results:
  checkpatch: PASS (12s) (log: /var/www/ci-lustre/upstream-patch-review/63d4203672bca623f34c4877961fbcff21ef4bf2_checkpatch.log)
  u24: PASS (68s) (log: /var/www/ci-lustre/upstream-patch-review/63d4203672bca623f34c4877961fbcff21ef4bf2_u24.log)
  al2023: PASS (56s) (log: /var/www/ci-lustre/upstream-patch-review/63d4203672bca623f34c4877961fbcff21ef4bf2_al2023.log)
  lustre_mainline_strict: FAIL (180s) (log: /var/www/ci-lustre/upstream-patch-review/63d4203672bca623f34c4877961fbcff21ef4bf2_lustre_mainline_strict.log)
  lustre_mainline: PASS (197s) (log: /var/www/ci-lustre/upstream-patch-review/63d4203672bca623f34c4877961fbcff21ef4bf2_lustre_mainline.log)
  lustre_mainline_native: PASS (196s) (log: /var/www/ci-lustre/upstream-patch-review/63d4203672bca623f34c4877961fbcff21ef4bf2_lustre_mainline_native.log)
  boot: PASS (86s) (log: /var/www/ci-lustre/upstream-patch-review/63d4203672bca623f34c4877961fbcff21ef4bf2_boot.log)
  llmount: PASS (147s) (log: /var/www/ci-lustre/upstream-patch-review/63d4203672bca623f34c4877961fbcff21ef4bf2_llmount.log)
  mgs-setup: PASS (96s) (log: /var/www/ci-lustre/upstream-patch-review/63d4203672bca623f34c4877961fbcff21ef4bf2_mgs-setup.log)
  sanity-1: PASS (123s) (log: /var/www/ci-lustre/upstream-patch-review/63d4203672bca623f34c4877961fbcff21ef4bf2_sanity-1.log)
  sanity-2: PASS (136s) (log: /var/www/ci-lustre/upstream-patch-review/63d4203672bca623f34c4877961fbcff21ef4bf2_sanity-2.log)
  sanity-3: PASS (124s) (log: /var/www/ci-lustre/upstream-patch-review/63d4203672bca623f34c4877961fbcff21ef4bf2_sanity-3.log)
  sanity-4: PASS (134s) (log: /var/www/ci-lustre/upstream-patch-review/63d4203672bca623f34c4877961fbcff21ef4bf2_sanity-4.log)

Total execution time: 371s
