00001 
00001 RDSEED32 is broken. Disabling the corresponding CPUID bit.
00002 init: failed to load nvme_core
00002 init: failed to load nvme
00002 init: failed to load zfs
00003 LNetError: 1:0:(lib-socket.c:619:lnet_inet_enumerate()) lnet: Can't find any usable interfaces, rc = -ENOENT
00003 LNetError: Error -100 starting up LNI tcp
00003 LustreError: 1:0:(events.c:627:ptlrpc_init_portals()) network initialisation failed: rc = -100
00004 init: finit_module /lib/modules/7.0.0-ktest-64bcebe8e5-7433349-20260708/updates/ptlrpc.ko: Network is down
00004 init: failed to load lustre
00004 init: failed to load osd_zfs
00004 init: failed to load iwlwifi
00004 init: failed to load iwlmvm
00004 init: failed to load mt7921e
00004 init: failed to load i915
00004 init: failed to load nouveau
00042 tlp: vm.laptop_mode is deprecated. Ignoring setting.
00043 Kernel version: 7.0.0-ktest-64bcebe8e5-7433349-20260708
00043 hook init_noop
00043 
00043 Running tests llog-unit
00043 
00043 ========= TEST   llog-unit
00043 /host/home/ktest/git/lustre-release/lustre/tests/test-framework.sh: line 6933: cd: HOME not set
00043 /host/home/ktest/git/lustre-release/lustre/tests/test-framework.sh: line 6933: cd: HOME not set
00043 /host/home/ktest/git/lustre-release/lustre/tests/test-framework.sh: line 6933: cd: HOME not set
00046 MGS_OS_VERSION_ID=24.04
00046 MGS_OS_ID=ubuntu
00046 MGS_OS_VERSION_CODE=402915328
00046 MGS_OS_ID_LIKE=debian ubuntu
00046 MDS1_OS_ID=ubuntu
00046 MDS1_OS_VERSION_CODE=402915328
00046 MDS1_OS_ID_LIKE=debian ubuntu
00046 MDS1_OS_VERSION_ID=24.04
00046 OST1_OS_VERSION_ID=24.04
00046 OST1_OS_VERSION_CODE=402915328
00046 OST1_OS_ID=ubuntu
00046 OST1_OS_ID_LIKE=debian ubuntu
00047 CLIENT_OS_VERSION_ID=24.04
00047 CLIENT_OS_ID_LIKE=debian ubuntu
00047 CLIENT_OS_ID=ubuntu
00047 CLIENT_OS_VERSION_CODE=402915328
00047 Loading modules from /host/home/ktest/git/lustre-release/lustre
00047 detected 16 online CPUs by sysfs
00047 MODOPTS_LIBCFS=
00047 libcfs will create CPU partition based on online CPUs
00047 LNet: Added LNI 10.0.2.15@tcp [8/256/0/180]
00047 gss/krb5 is not supported
00048 Lustre: Echo OBD driver; http://www.lustre.org/
00048 
00048 
00049 /host/home/ktest/git/lustre-release/lustre/tests/test-framework.sh: line 6933: cd: HOME not set
00049 /host/home/ktest/git/lustre-release/lustre/tests/test-framework.sh: line 6933: cd: HOME not set
00049 /host/home/ktest/git/lustre-release/lustre/tests/test-framework.sh: line 6933: cd: HOME not set
00074 Lustre: 2191:0:(llog_test.c:1106:llog_test_7()) 7d: test llog_size_change_rec
00074 ------------[ cut here ]------------
00074 WARNING: /home/ktest/git/linux/include/linux/fs.h:889 at osd_create+0x9cf/0xcf0 [osd_wbcfs], CPU#3: lctl/2191
00074 Modules linked in: llog_test(O) mgs(O) osd_wbcfs(O) lustre(O) obdecho(O) mgc(O) mdc(O) lov(O) osc(O) lmv(O) ec(O) fid(O) fld(O) ptlrpc(O) efivarfs obdclass(O) ksocklnd(O) lnet(O) libcfs(O)
00074 CPU: 3 UID: 0 PID: 2191 Comm: lctl Tainted: G        W  O        7.0.0-ktest-64bcebe8e5-7433349-20260708 #1 PREEMPT 
00074 Tainted: [W]=WARN, [O]=OOT_MODULE
00074 Hardware name: QEMU Standard PC (Q35 + ICH9, 2009), BIOS 2025.11-3ubuntu7 03/31/2026
00074 RIP: 0010:osd_create+0x9cf/0xcf0 [osd_wbcfs]
00074 Code: c7 c7 00 16 7c a1 48 c7 c6 a0 92 7d a1 48 c7 c2 00 9c 7d a1 e8 82 ad 43 ff 48 c7 c7 00 16 7c a1 e8 06 3b 44 ff e9 fe fc ff ff <0f> 0b e9 a5 fa ff ff 48 c7 c1 80 44 5d a0 80 e1 07 80 c1 03 38 c1
00074 RSP: 0018:ffffc9000621f700 EFLAGS: 00010246
00074 RAX: 0000000000000000 RBX: ffff888158a63800 RCX: 0000000000000046
00074 RDX: 0000000000000000 RSI: ffff88813d316620 RDI: ffff88817f7d4b18
00074 RBP: ffff88813d316590 R08: ffffffff83a16803 R09: 1ffffffff0742d00
00074 R10: dffffc0000000000 R11: fffffbfff0742d01 R12: ffff88817e65f000
00074 R13: dffffc0000000000 R14: 1ffff1102b14c700 R15: 1ffff1102fccbe0f
00074 FS:  00007f1304822940(0000) GS:ffff88831e5ae000(0000) knlGS:0000000000000000
00074 CS:  0010 DS: 0000 ES: 0000 CR0: 0000000080050033
00074 CR2: 000055902debcb40 CR3: 0000000107886000 CR4: 0000000000750eb0
00074 PKRU: 55555554
00074 Call Trace:
00074  <TASK>
00074  ? local_object_create+0x109/0x640 [obdclass]
00074  ? dt_write_lock+0x16d/0x2a0 [obdclass]
00074  ? llog_osd_create+0x35b/0x12e0 [obdclass]
00074  ? llog_create+0x2ed/0x530 [obdclass]
00074  ? llog_open_create+0x5af/0xb10 [obdclass]
00074  ? llog_test_7_sub+0xea/0x1250 [llog_test]
00074  ? llog_test_7+0x5d5/0xf50 [llog_test]
00074  ? llog_run_tests+0x3616/0x5ad0 [llog_test]
00074  ? get_random_u32+0x51/0x470
00074  ? llog_test_device_init+0x503/0x840 [llog_test]
00074  ? obd_setup+0x559/0x960 [obdclass]
00074  ? class_setup+0xc7d/0x10e0 [obdclass]
00074  ? class_process_config+0x2edb/0x7cb0 [obdclass]
00074  ? class_handle_ioctl+0x1f4d/0x3440 [obdclass]
00074  ? obd_class_ioctl+0x1f6/0x3c0 [obdclass]
00074  ? __x64_sys_ioctl+0x961/0xe00
00074  ? _copy_to_user+0x3d/0x60
00074  ? __x64_sys_rt_sigaction+0x107/0x140
00074  ? do_syscall_64+0xc1/0x350
00074  ? entry_SYSCALL_64_after_hwframe+0x4b/0x53
00074  </TASK>
00074 ---[ end trace 0000000000000000 ]---
00079 Lustre: 2191:0:(llog_test.c:1117:llog_test_7()) 7e: test llog_changelog_rec
00079 ------------[ cut here ]------------
00079 WARNING: /home/ktest/git/linux/include/linux/fs.h:889 at osd_create+0x9cf/0xcf0 [osd_wbcfs], CPU#3: lctl/2191
00079 Modules linked in: llog_test(O) mgs(O) osd_wbcfs(O) lustre(O) obdecho(O) mgc(O) mdc(O) lov(O) osc(O) lmv(O) ec(O) fid(O) fld(O) ptlrpc(O) efivarfs obdclass(O) ksocklnd(O) lnet(O) libcfs(O)
00079 CPU: 3 UID: 0 PID: 2191 Comm: lctl Tainted: G        W  O        7.0.0-ktest-64bcebe8e5-7433349-20260708 #1 PREEMPT 
00079 Tainted: [W]=WARN, [O]=OOT_MODULE
00079 Hardware name: QEMU Standard PC (Q35 + ICH9, 2009), BIOS 2025.11-3ubuntu7 03/31/2026
00079 RIP: 0010:osd_create+0x9cf/0xcf0 [osd_wbcfs]
00079 Code: c7 c7 00 16 7c a1 48 c7 c6 a0 92 7d a1 48 c7 c2 00 9c 7d a1 e8 82 ad 43 ff 48 c7 c7 00 16 7c a1 e8 06 3b 44 ff e9 fe fc ff ff <0f> 0b e9 a5 fa ff ff 48 c7 c1 80 44 5d a0 80 e1 07 80 c1 03 38 c1
00079 RSP: 0018:ffffc9000621f700 EFLAGS: 00010246
00079 RAX: 0000000000000000 RBX: ffff88818d34d400 RCX: 0000000000000046
00079 RDX: 0000000000000000 RSI: ffff88813d315f08 RDI: ffff88817f7d4b18
00079 RBP: ffff88813d315e78 R08: ffffffff83a16803 R09: 1ffffffff0742d00
00079 R10: dffffc0000000000 R11: fffffbfff0742d01 R12: ffff88817e65f000
00079 R13: dffffc0000000000 R14: 1ffff11031a69a80 R15: 1ffff1102fccbe0f
00079 FS:  00007f1304822940(0000) GS:ffff88831e5ae000(0000) knlGS:0000000000000000
00079 CS:  0010 DS: 0000 ES: 0000 CR0: 0000000080050033
00079 CR2: 000055902debcb40 CR3: 0000000107886000 CR4: 0000000000750eb0
00079 PKRU: 55555554
00079 Call Trace:
00079  <TASK>
00079  ? local_object_create+0x109/0x640 [obdclass]
00079  ? dt_write_lock+0x16d/0x2a0 [obdclass]
00079  ? llog_osd_create+0x35b/0x12e0 [obdclass]
00079  ? llog_create+0x2ed/0x530 [obdclass]
00079  ? llog_open_create+0x5af/0xb10 [obdclass]
00079  ? llog_test_7_sub+0xea/0x1250 [llog_test]
00079  ? llog_test_7+0x706/0xf50 [llog_test]
00079  ? llog_run_tests+0x3616/0x5ad0 [llog_test]
00079  ? get_random_u32+0x51/0x470
00079  ? llog_test_device_init+0x503/0x840 [llog_test]
00079  ? obd_setup+0x559/0x960 [obdclass]
00079  ? class_setup+0xc7d/0x10e0 [obdclass]
00079  ? class_process_config+0x2edb/0x7cb0 [obdclass]
00079  ? class_handle_ioctl+0x1f4d/0x3440 [obdclass]
00079  ? obd_class_ioctl+0x1f6/0x3c0 [obdclass]
00079  ? __x64_sys_ioctl+0x961/0xe00
00079  ? _copy_to_user+0x3d/0x60
00079  ? __x64_sys_rt_sigaction+0x107/0x140
00079  ? do_syscall_64+0xc1/0x350
00079  ? entry_SYSCALL_64_after_hwframe+0x4b/0x53
00079  </TASK>
00079 ---[ end trace 0000000000000000 ]---
00082 Lustre: 2191:0:(llog_test.c:1024:llog_test_7_sub()) 7_sub: records are not aligned, written 64071 from 64767
00083 Lustre: 2191:0:(llog_test.c:1129:llog_test_7()) 7f: test llog_changelog_user_rec2
00083 ------------[ cut here ]------------
00083 WARNING: /home/ktest/git/linux/include/linux/fs.h:889 at osd_create+0x9cf/0xcf0 [osd_wbcfs], CPU#3: lctl/2191
00083 Modules linked in: llog_test(O) mgs(O) osd_wbcfs(O) lustre(O) obdecho(O) mgc(O) mdc(O) lov(O) osc(O) lmv(O) ec(O) fid(O) fld(O) ptlrpc(O) efivarfs obdclass(O) ksocklnd(O) lnet(O) libcfs(O)
00083 CPU: 3 UID: 0 PID: 2191 Comm: lctl Tainted: G        W  O        7.0.0-ktest-64bcebe8e5-7433349-20260708 #1 PREEMPT 
00083 Tainted: [W]=WARN, [O]=OOT_MODULE
00083 Hardware name: QEMU Standard PC (Q35 + ICH9, 2009), BIOS 2025.11-3ubuntu7 03/31/2026
00083 RIP: 0010:osd_create+0x9cf/0xcf0 [osd_wbcfs]
00083 Code: c7 c7 00 16 7c a1 48 c7 c6 a0 92 7d a1 48 c7 c2 00 9c 7d a1 e8 82 ad 43 ff 48 c7 c7 00 16 7c a1 e8 06 3b 44 ff e9 fe fc ff ff <0f> 0b e9 a5 fa ff ff 48 c7 c1 80 44 5d a0 80 e1 07 80 c1 03 38 c1
00083 RSP: 0018:ffffc9000621f700 EFLAGS: 00010246
00083 RAX: 0000000000000000 RBX: ffff88818c05f000 RCX: 0000000000000046
00083 RDX: 0000000000000000 RSI: ffff88813d3157f0 RDI: ffff88817f7d4b18
00083 RBP: ffff88813d315760 R08: ffffffff83a16803 R09: 1ffffffff0742d00
00083 R10: dffffc0000000000 R11: fffffbfff0742d01 R12: ffff88817e65f000
00083 R13: dffffc0000000000 R14: 1ffff1103180be00 R15: 1ffff1102fccbe0f
00083 FS:  00007f1304822940(0000) GS:ffff88831e5ae000(0000) knlGS:0000000000000000
00083 CS:  0010 DS: 0000 ES: 0000 CR0: 0000000080050033
00083 CR2: 000055902debcb40 CR3: 0000000107886000 CR4: 0000000000750eb0
00083 PKRU: 55555554
00083 Call Trace:
00083  <TASK>
00083  ? local_object_create+0x109/0x640 [obdclass]
00083  ? dt_write_lock+0x16d/0x2a0 [obdclass]
00083  ? llog_osd_create+0x35b/0x12e0 [obdclass]
00083  ? llog_create+0x2ed/0x530 [obdclass]
00083  ? llog_open_create+0x5af/0xb10 [obdclass]
00083  ? llog_test_7_sub+0xea/0x1250 [llog_test]
00083  ? llog_test_7+0x837/0xf50 [llog_test]
00083  ? llog_run_tests+0x3616/0x5ad0 [llog_test]
00083  ? get_random_u32+0x51/0x470
00083  ? llog_test_device_init+0x503/0x840 [llog_test]
00083  ? obd_setup+0x559/0x960 [obdclass]
00083  ? class_setup+0xc7d/0x10e0 [obdclass]
00083  ? class_process_config+0x2edb/0x7cb0 [obdclass]
00083  ? class_handle_ioctl+0x1f4d/0x3440 [obdclass]
00083  ? obd_class_ioctl+0x1f6/0x3c0 [obdclass]
00083  ? __x64_sys_ioctl+0x961/0xe00
00083  ? _copy_to_user+0x3d/0x60
00083  ? __x64_sys_rt_sigaction+0x107/0x140
00083  ? do_syscall_64+0xc1/0x350
00083  ? entry_SYSCALL_64_after_hwframe+0x4b/0x53
00083  </TASK>
00083 ---[ end trace 0000000000000000 ]---
00086 Lustre: 2191:0:(llog_test.c:1024:llog_test_7_sub()) 7_sub: records are not aligned, written 64139 from 64767
00100 ------------[ cut here ]------------
00100 WARNING: /home/ktest/git/linux/include/linux/fs.h:889 at osd_create+0x9cf/0xcf0 [osd_wbcfs], CPU#3: lctl/2191
00100 Modules linked in: llog_test(O) mgs(O) osd_wbcfs(O) lustre(O) obdecho(O) mgc(O) mdc(O) lov(O) osc(O) lmv(O) ec(O) fid(O) fld(O) ptlrpc(O) efivarfs obdclass(O) ksocklnd(O) lnet(O) libcfs(O)
00100 CPU: 3 UID: 0 PID: 2191 Comm: lctl Tainted: G        W  O        7.0.0-ktest-64bcebe8e5-7433349-20260708 #1 PREEMPT 
00100 Tainted: [W]=WARN, [O]=OOT_MODULE
00100 Hardware name: QEMU Standard PC (Q35 + ICH9, 2009), BIOS 2025.11-3ubuntu7 03/31/2026
00100 RIP: 0010:osd_create+0x9cf/0xcf0 [osd_wbcfs]
00100 Code: c7 c7 00 16 7c a1 48 c7 c6 a0 92 7d a1 48 c7 c2 00 9c 7d a1 e8 82 ad 43 ff 48 c7 c7 00 16 7c a1 e8 06 3b 44 ff e9 fe fc ff ff <0f> 0b e9 a5 fa ff ff 48 c7 c1 80 44 5d a0 80 e1 07 80 c1 03 38 c1
00100 RSP: 0018:ffffc9000621f480 EFLAGS: 00010246
00100 RAX: 0000000000000000 RBX: ffff88811fc68400 RCX: 0000000000000046
00100 RDX: 0000000000000000 RSI: ffff888196d93478 RDI: ffff88817f7d4b40
00100 RBP: ffff888196d933e8 R08: ffffffff83a16803 R09: 1ffffffff0742d00
00100 R10: dffffc0000000000 R11: fffffbfff0742d01 R12: ffff88817e65f000
00100 R13: dffffc0000000000 R14: 1ffff11023f8d080 R15: 1ffff1102fccbe0f
00100 FS:  00007f1304822940(0000) GS:ffff88831e5ae000(0000) knlGS:0000000000000000
00100 CS:  0010 DS: 0000 ES: 0000 CR0: 0000000080050033
00100 CR2: 000055902debcb40 CR3: 0000000107886000 CR4: 0000000000750eb0
00100 PKRU: 55555554
00100 Call Trace:
00100  <TASK>
00100  ? local_object_create+0x109/0x640 [obdclass]
00100  ? dt_write_lock+0x16d/0x2a0 [obdclass]
00100  ? llog_osd_create+0x35b/0x12e0 [obdclass]
00100  ? register_lock_class+0x31/0x2c0
00100  ? llog_create+0x2ed/0x530 [obdclass]
00100  ? llog_cat_new_log+0x6c3/0x2c80 [obdclass]
00100  ? llog_cat_add_rec+0x6ba/0x1960 [obdclass]
00100  ? llog_cat_add+0x451/0x890 [obdclass]
00100  ? llog_test_10+0x920/0x5620 [llog_test]
00100  ? do_raw_spin_unlock+0x52/0x230
00100  ? _raw_spin_unlock+0x23/0x40
00100  ? __llog_ctxt_put+0x1c4/0x2f0 [obdclass]
00100  ? llog_run_tests+0x3f47/0x5ad0 [llog_test]
00100  ? get_random_u32+0x51/0x470
00100  ? llog_test_device_init+0x503/0x840 [llog_test]
00100  ? obd_setup+0x559/0x960 [obdclass]
00100  ? class_setup+0xc7d/0x10e0 [obdclass]
00100  ? class_process_config+0x2edb/0x7cb0 [obdclass]
00100  ? class_handle_ioctl+0x1f4d/0x3440 [obdclass]
00100  ? obd_class_ioctl+0x1f6/0x3c0 [obdclass]
00100  ? __x64_sys_ioctl+0x961/0xe00
00100  ? _copy_to_user+0x3d/0x60
00100  ? __x64_sys_rt_sigaction+0x107/0x140
00100  ? do_syscall_64+0xc1/0x350
00100  ? entry_SYSCALL_64_after_hwframe+0x4b/0x53
00100  </TASK>
00100 ---[ end trace 0000000000000000 ]---
00100 Lustre: 2191:0:(llog_test.c:1634:llog_test_10()) 10c: write 129534 more log records
00102 ------------[ cut here ]------------
00102 WARNING: /home/ktest/git/linux/include/linux/fs.h:889 at osd_create+0x9cf/0xcf0 [osd_wbcfs], CPU#3: lctl/2191
00102 Modules linked in: llog_test(O) mgs(O) osd_wbcfs(O) lustre(O) obdecho(O) mgc(O) mdc(O) lov(O) osc(O) lmv(O) ec(O) fid(O) fld(O) ptlrpc(O) efivarfs obdclass(O) ksocklnd(O) lnet(O) libcfs(O)
00102 CPU: 3 UID: 0 PID: 2191 Comm: lctl Tainted: G        W  O        7.0.0-ktest-64bcebe8e5-7433349-20260708 #1 PREEMPT 
00102 Tainted: [W]=WARN, [O]=OOT_MODULE
00102 Hardware name: QEMU Standard PC (Q35 + ICH9, 2009), BIOS 2025.11-3ubuntu7 03/31/2026
00102 RIP: 0010:osd_create+0x9cf/0xcf0 [osd_wbcfs]
00102 Code: c7 c7 00 16 7c a1 48 c7 c6 a0 92 7d a1 48 c7 c2 00 9c 7d a1 e8 82 ad 43 ff 48 c7 c7 00 16 7c a1 e8 06 3b 44 ff e9 fe fc ff ff <0f> 0b e9 a5 fa ff ff 48 c7 c1 80 44 5d a0 80 e1 07 80 c1 03 38 c1
00102 RSP: 0018:ffffc9000621f480 EFLAGS: 00010246
00102 RAX: 0000000000000000 RBX: ffff888195d4c800 RCX: 0000000000000046
00102 RDX: 0000000000000000 RSI: ffff888196d92d60 RDI: ffff88817f7d4b40
00102 RBP: ffff888196d92cd0 R08: ffffffff83a16803 R09: 1ffffffff0742d00
00102 R10: dffffc0000000000 R11: fffffbfff0742d01 R12: ffff88817e65f000
00102 R13: dffffc0000000000 R14: 1ffff11032ba9900 R15: 1ffff1102fccbe0f
00102 FS:  00007f1304822940(0000) GS:ffff88831e5ae000(0000) knlGS:0000000000000000
00102 CS:  0010 DS: 0000 ES: 0000 CR0: 0000000080050033
00102 CR2: 000055902debcb40 CR3: 0000000107886000 CR4: 0000000000750eb0
00102 PKRU: 55555554
00102 Call Trace:
00102  <TASK>
00102  ? local_object_create+0x109/0x640 [obdclass]
00102  ? dt_write_lock+0x16d/0x2a0 [obdclass]
00102  ? llog_osd_create+0x35b/0x12e0 [obdclass]
00102  ? register_lock_class+0x31/0x2c0
00102  ? llog_create+0x2ed/0x530 [obdclass]
00102  ? llog_cat_new_log+0x6c3/0x2c80 [obdclass]
00102  ? llog_cat_add_rec+0x6ba/0x1960 [obdclass]
00102  ? llog_cat_add+0x451/0x890 [obdclass]
00102  ? llog_test_10+0xbdb/0x5620 [llog_test]
00102  ? do_raw_spin_unlock+0x52/0x230
00102  ? _raw_spin_unlock+0x23/0x40
00102  ? __llog_ctxt_put+0x1c4/0x2f0 [obdclass]
00102  ? llog_run_tests+0x3f47/0x5ad0 [llog_test]
00102  ? get_random_u32+0x51/0x470
00102  ? llog_test_device_init+0x503/0x840 [llog_test]
00102  ? obd_setup+0x559/0x960 [obdclass]
00102  ? class_setup+0xc7d/0x10e0 [obdclass]
00102  ? class_process_config+0x2edb/0x7cb0 [obdclass]
00102  ? class_handle_ioctl+0x1f4d/0x3440 [obdclass]
00102  ? obd_class_ioctl+0x1f6/0x3c0 [obdclass]
00102  ? __x64_sys_ioctl+0x961/0xe00
00102  ? _copy_to_user+0x3d/0x60
00102  ? __x64_sys_rt_sigaction+0x107/0x140
00102  ? do_syscall_64+0xc1/0x350
00102  ? entry_SYSCALL_64_after_hwframe+0x4b/0x53
00102  </TASK>
00102 ---[ end trace 0000000000000000 ]---
00105 ------------[ cut here ]------------
00105 WARNING: /home/ktest/git/linux/include/linux/fs.h:889 at osd_create+0x9cf/0xcf0 [osd_wbcfs], CPU#3: lctl/2191
00105 Modules linked in: llog_test(O) mgs(O) osd_wbcfs(O) lustre(O) obdecho(O) mgc(O) mdc(O) lov(O) osc(O) lmv(O) ec(O) fid(O) fld(O) ptlrpc(O) efivarfs obdclass(O) ksocklnd(O) lnet(O) libcfs(O)
00105 CPU: 3 UID: 0 PID: 2191 Comm: lctl Tainted: G        W  O        7.0.0-ktest-64bcebe8e5-7433349-20260708 #1 PREEMPT 
00105 Tainted: [W]=WARN, [O]=OOT_MODULE
00105 Hardware name: QEMU Standard PC (Q35 + ICH9, 2009), BIOS 2025.11-3ubuntu7 03/31/2026
00105 RIP: 0010:osd_create+0x9cf/0xcf0 [osd_wbcfs]
00105 Code: c7 c7 00 16 7c a1 48 c7 c6 a0 92 7d a1 48 c7 c2 00 9c 7d a1 e8 82 ad 43 ff 48 c7 c7 00 16 7c a1 e8 06 3b 44 ff e9 fe fc ff ff <0f> 0b e9 a5 fa ff ff 48 c7 c1 80 44 5d a0 80 e1 07 80 c1 03 38 c1
00105 RSP: 0018:ffffc9000621f480 EFLAGS: 00010246
00105 RAX: 0000000000000000 RBX: ffff888198bf3800 RCX: 0000000000000046
00105 RDX: 0000000000000000 RSI: ffff8881812ad0d8 RDI: ffff88817f7d4b40
00105 RBP: ffff8881812ad048 R08: ffffffff83a16803 R09: 1ffffffff0742d00
00105 R10: dffffc0000000000 R11: fffffbfff0742d01 R12: ffff88817e65f000
00105 R13: dffffc0000000000 R14: 1ffff1103317e700 R15: 1ffff1102fccbe0f
00105 FS:  00007f1304822940(0000) GS:ffff88831e5ae000(0000) knlGS:0000000000000000
00105 CS:  0010 DS: 0000 ES: 0000 CR0: 0000000080050033
00105 CR2: 000055902debcb40 CR3: 0000000107886000 CR4: 0000000000750eb0
00105 PKRU: 55555554
00105 Call Trace:
00105  <TASK>
00105  ? local_object_create+0x109/0x640 [obdclass]
00105  ? dt_write_lock+0x16d/0x2a0 [obdclass]
00105  ? llog_osd_create+0x35b/0x12e0 [obdclass]
00105  ? register_lock_class+0x31/0x2c0
00105  ? llog_create+0x2ed/0x530 [obdclass]
00105  ? llog_cat_new_log+0x6c3/0x2c80 [obdclass]
00105  ? llog_cat_add_rec+0x6ba/0x1960 [obdclass]
00105  ? llog_cat_add+0x451/0x890 [obdclass]
00105  ? llog_test_10+0xbdb/0x5620 [llog_test]
00105  ? do_raw_spin_unlock+0x52/0x230
00105  ? _raw_spin_unlock+0x23/0x40
00105  ? __llog_ctxt_put+0x1c4/0x2f0 [obdclass]
00105  ? llog_run_tests+0x3f47/0x5ad0 [llog_test]
00105  ? get_random_u32+0x51/0x470
00105  ? llog_test_device_init+0x503/0x840 [llog_test]
00105  ? obd_setup+0x559/0x960 [obdclass]
00105  ? class_setup+0xc7d/0x10e0 [obdclass]
00105  ? class_process_config+0x2edb/0x7cb0 [obdclass]
00105  ? class_handle_ioctl+0x1f4d/0x3440 [obdclass]
00105  ? obd_class_ioctl+0x1f6/0x3c0 [obdclass]
00105  ? __x64_sys_ioctl+0x961/0xe00
00105  ? _copy_to_user+0x3d/0x60
00105  ? __x64_sys_rt_sigaction+0x107/0x140
00105  ? do_syscall_64+0xc1/0x350
00105  ? entry_SYSCALL_64_after_hwframe+0x4b/0x53
00105  </TASK>
00105 ---[ end trace 0000000000000000 ]---
00105 Lustre: 2191:0:(llog_test.c:1666:llog_test_10()) 10c: write 64767 more log records
00108 Lustre: 2191:0:(llog_cat.c:80:llog_cat_new_log()) MGS: there are no more free slots in catalog 75fcf2c4
00108 LustreError: 2191:0:(llog_cat.c:593:llog_cat_add_rec()) MGS: initialization error: rc = -28
00108 Lustre: 2191:0:(llog_test.c:1692:llog_test_10()) 10c: wrote 64011 records then 756 failed with ENOSPC
00108 Lustre: 2191:0:(llog_test.c:1711:llog_test_10()) 10d: Cancel 64767 records, see one log zapped
00110 Lustre: 2191:0:(llog_test.c:1725:llog_test_10()) 10d: print the catalog entries.. we expect 3
00110 Lustre: 2209:0:(llog_test.c:700:cat_print_cb()) seeing record at index 2 - [0x1:0x19:0x0] in log [0xa:0x5:0x0]
00110 Lustre: 2191:0:(llog_test.c:1755:llog_test_10()) 10e: write 64767 more log records
00110 ------------[ cut here ]------------
00110 WARNING: /home/ktest/git/linux/include/linux/fs.h:889 at osd_create+0x9cf/0xcf0 [osd_wbcfs], CPU#3: lctl/2191
00110 Modules linked in: llog_test(O) mgs(O) osd_wbcfs(O) lustre(O) obdecho(O) mgc(O) mdc(O) lov(O) osc(O) lmv(O) ec(O) fid(O) fld(O) ptlrpc(O) efivarfs obdclass(O) ksocklnd(O) lnet(O) libcfs(O)
00110 CPU: 3 UID: 0 PID: 2191 Comm: lctl Tainted: G        W  O        7.0.0-ktest-64bcebe8e5-7433349-20260708 #1 PREEMPT 
00110 Tainted: [W]=WARN, [O]=OOT_MODULE
00110 Hardware name: QEMU Standard PC (Q35 + ICH9, 2009), BIOS 2025.11-3ubuntu7 03/31/2026
00110 RIP: 0010:osd_create+0x9cf/0xcf0 [osd_wbcfs]
00110 Code: c7 c7 00 16 7c a1 48 c7 c6 a0 92 7d a1 48 c7 c2 00 9c 7d a1 e8 82 ad 43 ff 48 c7 c7 00 16 7c a1 e8 06 3b 44 ff e9 fe fc ff ff <0f> 0b e9 a5 fa ff ff 48 c7 c1 80 44 5d a0 80 e1 07 80 c1 03 38 c1
00110 RSP: 0018:ffffc9000621f480 EFLAGS: 00010246
00110 RAX: 0000000000000000 RBX: ffff888184d6bc00 RCX: 0000000000000046
00110 RDX: 0000000000000000 RSI: ffff8881812ac9c0 RDI: ffff88817f7d4b40
00110 RBP: ffff8881812ac930 R08: ffffffff83a16803 R09: 1ffffffff0742d00
00110 R10: dffffc0000000000 R11: fffffbfff0742d01 R12: ffff88817e65f000
00110 R13: dffffc0000000000 R14: 1ffff110309ad780 R15: 1ffff1102fccbe0f
00110 FS:  00007f1304822940(0000) GS:ffff88831e5ae000(0000) knlGS:0000000000000000
00110 CS:  0010 DS: 0000 ES: 0000 CR0: 0000000080050033
00110 CR2: 000055902debcb40 CR3: 0000000107886000 CR4: 0000000000750eb0
00110 PKRU: 55555554
00110 Call Trace:
00110  <TASK>
00110  ? local_object_create+0x109/0x640 [obdclass]
00110  ? dt_write_lock+0x16d/0x2a0 [obdclass]
00110  ? llog_osd_create+0x35b/0x12e0 [obdclass]
00110  ? llog_create+0x2ed/0x530 [obdclass]
00110  ? llog_cat_new_log+0x6c3/0x2c80 [obdclass]
00110  ? llog_cat_add_rec+0x6ba/0x1960 [obdclass]
00110  ? llog_cat_add+0x451/0x890 [obdclass]
00110  ? llog_test_10+0x19c0/0x5620 [llog_test]
00110  ? do_raw_spin_unlock+0x52/0x230
00110  ? _raw_spin_unlock+0x23/0x40
00110  ? __llog_ctxt_put+0x1c4/0x2f0 [obdclass]
00110  ? llog_run_tests+0x3f47/0x5ad0 [llog_test]
00110  ? get_random_u32+0x51/0x470
00110  ? llog_test_device_init+0x503/0x840 [llog_test]
00110  ? obd_setup+0x559/0x960 [obdclass]
00110  ? class_setup+0xc7d/0x10e0 [obdclass]
00110  ? class_process_config+0x2edb/0x7cb0 [obdclass]
00110  ? class_handle_ioctl+0x1f4d/0x3440 [obdclass]
00110  ? obd_class_ioctl+0x1f6/0x3c0 [obdclass]
00110  ? __x64_sys_ioctl+0x961/0xe00
00110  ? _copy_to_user+0x3d/0x60
00110  ? __x64_sys_rt_sigaction+0x107/0x140
00110  ? do_syscall_64+0xc1/0x350
00110  ? entry_SYSCALL_64_after_hwframe+0x4b/0x53
00110  </TASK>
00110 ---[ end trace 0000000000000000 ]---
00113 Lustre: 2191:0:(llog_cat.c:80:llog_cat_new_log()) MGS: there are no more free slots in catalog 75fcf2c4
00113 Lustre: 2191:0:(llog_cat.c:80:llog_cat_new_log()) Skipped 755 previous similar messages
00113 LustreError: 2191:0:(llog_cat.c:593:llog_cat_add_rec()) MGS: initialization error: rc = -28
00113 LustreError: 2191:0:(llog_cat.c:593:llog_cat_add_rec()) Skipped 755 previous similar messages
00113 Lustre: 2191:0:(llog_test.c:1781:llog_test_10()) 10e: wrote 64578 records then 189 failed with ENOSPC
00113 Lustre: 2191:0:(llog_test.c:1783:llog_test_10()) 10e: print the catalog entries.. we expect 4
00113 Lustre: 2191:0:(llog_cat.c:984:llog_cat_process_or_fork()) MGS: catlog [0xa:0x5:0x0] crosses index zero
00113 Lustre: 2191:0:(llog_test.c:700:cat_print_cb()) seeing record at index 2 - [0x1:0x19:0x0] in log [0xa:0x5:0x0]
00113 Lustre: 2191:0:(llog_test.c:700:cat_print_cb()) Skipped 2 previous similar messages
00113 Lustre: 2191:0:(llog_test.c:1819:llog_test_10()) 10e: catalog successfully wrap around, last_idx 1, first 1
00113 Lustre: 2191:0:(llog_test.c:1836:llog_test_10()) 10f: Cancel 64767 records, see one log zapped
00115 Lustre: 2191:0:(llog_test.c:1850:llog_test_10()) 10f: print the catalog entries.. we expect 3
00115 Lustre: 2191:0:(llog_cat.c:984:llog_cat_process_or_fork()) MGS: catlog [0xa:0x5:0x0] crosses index zero
00115 Lustre: 2191:0:(llog_cat.c:984:llog_cat_process_or_fork()) Skipped 1 previous similar message
00115 Lustre: 2191:0:(llog_test.c:1881:llog_test_10()) 10f: write 64767 more log records
00115 ------------[ cut here ]------------
00115 WARNING: /home/ktest/git/linux/include/linux/fs.h:889 at osd_create+0x9cf/0xcf0 [osd_wbcfs], CPU#3: lctl/2191
00115 Modules linked in: llog_test(O) mgs(O) osd_wbcfs(O) lustre(O) obdecho(O) mgc(O) mdc(O) lov(O) osc(O) lmv(O) ec(O) fid(O) fld(O) ptlrpc(O) efivarfs obdclass(O) ksocklnd(O) lnet(O) libcfs(O)
00115 CPU: 3 UID: 0 PID: 2191 Comm: lctl Tainted: G        W  O        7.0.0-ktest-64bcebe8e5-7433349-20260708 #1 PREEMPT 
00115 Tainted: [W]=WARN, [O]=OOT_MODULE
00115 Hardware name: QEMU Standard PC (Q35 + ICH9, 2009), BIOS 2025.11-3ubuntu7 03/31/2026
00115 RIP: 0010:osd_create+0x9cf/0xcf0 [osd_wbcfs]
00115 Code: c7 c7 00 16 7c a1 48 c7 c6 a0 92 7d a1 48 c7 c2 00 9c 7d a1 e8 82 ad 43 ff 48 c7 c7 00 16 7c a1 e8 06 3b 44 ff e9 fe fc ff ff <0f> 0b e9 a5 fa ff ff 48 c7 c1 80 44 5d a0 80 e1 07 80 c1 03 38 c1
00115 RSP: 0018:ffffc9000621f480 EFLAGS: 00010246
00115 RAX: 0000000000000000 RBX: ffff88828c7ce000 RCX: 0000000000000046
00115 RDX: 0000000000000000 RSI: ffff8881812ac2a8 RDI: ffff88817f7d4b40
00115 RBP: ffff8881812ac218 R08: ffffffff83a16803 R09: 1ffffffff0742d00
00115 R10: dffffc0000000000 R11: fffffbfff0742d01 R12: ffff88817e65f000
00115 R13: dffffc0000000000 R14: 1ffff110518f9c00 R15: 1ffff1102fccbe0f
00115 FS:  00007f1304822940(0000) GS:ffff88831e5ae000(0000) knlGS:0000000000000000
00115 CS:  0010 DS: 0000 ES: 0000 CR0: 0000000080050033
00115 CR2: 000055902debcb40 CR3: 0000000107886000 CR4: 0000000000750eb0
00115 PKRU: 55555554
00115 Call Trace:
00115  <TASK>
00115  ? local_object_create+0x109/0x640 [obdclass]
00115  ? dt_write_lock+0x16d/0x2a0 [obdclass]
00115  ? llog_osd_create+0x35b/0x12e0 [obdclass]
00115  ? llog_create+0x2ed/0x530 [obdclass]
00115  ? llog_cat_new_log+0x6c3/0x2c80 [obdclass]
00115  ? llog_cat_add_rec+0x6ba/0x1960 [obdclass]
00115  ? llog_cat_add+0x451/0x890 [obdclass]
00115  ? llog_test_10+0x2c78/0x5620 [llog_test]
00115  ? do_raw_spin_unlock+0x52/0x230
00115  ? _raw_spin_unlock+0x23/0x40
00115  ? __llog_ctxt_put+0x1c4/0x2f0 [obdclass]
00115  ? llog_run_tests+0x3f47/0x5ad0 [llog_test]
00115  ? get_random_u32+0x51/0x470
00115  ? llog_test_device_init+0x503/0x840 [llog_test]
00115  ? obd_setup+0x559/0x960 [obdclass]
00115  ? class_setup+0xc7d/0x10e0 [obdclass]
00115  ? class_process_config+0x2edb/0x7cb0 [obdclass]
00115  ? class_handle_ioctl+0x1f4d/0x3440 [obdclass]
00115  ? obd_class_ioctl+0x1f6/0x3c0 [obdclass]
00115  ? __x64_sys_ioctl+0x961/0xe00
00115  ? _copy_to_user+0x3d/0x60
00115  ? __x64_sys_rt_sigaction+0x107/0x140
00115  ? do_syscall_64+0xc1/0x350
00115  ? entry_SYSCALL_64_after_hwframe+0x4b/0x53
00115  </TASK>
00115 ---[ end trace 0000000000000000 ]---
00117 Lustre: 2191:0:(llog_cat.c:80:llog_cat_new_log()) MGS: there are no more free slots in catalog 75fcf2c4
00117 Lustre: 2191:0:(llog_cat.c:80:llog_cat_new_log()) Skipped 188 previous similar messages
00117 LustreError: 2191:0:(llog_cat.c:593:llog_cat_add_rec()) MGS: initialization error: rc = -28
00117 LustreError: 2191:0:(llog_cat.c:593:llog_cat_add_rec()) Skipped 188 previous similar messages
00117 Lustre: 2191:0:(llog_test.c:1907:llog_test_10()) 10f: wrote 64578 records then 189 failed with ENOSPC
00117 Lustre: 2191:0:(llog_test.c:1953:llog_test_10()) 10g: Cancel 64767 records, see one log zapped
00117 Lustre: 2191:0:(llog_cat.c:984:llog_cat_process_or_fork()) MGS: catlog [0xa:0x5:0x0] crosses index zero
00120 Lustre: 2191:0:(llog_test.c:1965:llog_test_10()) 10g: print the catalog entries.. we expect 3
00120 Lustre: 2191:0:(llog_cat.c:984:llog_cat_process_or_fork()) MGS: catlog [0xa:0x5:0x0] crosses index zero
00120 Lustre: 2191:0:(llog_test.c:700:cat_print_cb()) seeing record at index 4 - [0x1:0x1b:0x0] in log [0xa:0x5:0x0]
00120 Lustre: 2191:0:(llog_test.c:700:cat_print_cb()) Skipped 6 previous similar messages
00120 Lustre: 2191:0:(llog_test.c:1995:llog_test_10()) 10g: Cancel 64767 records, see one log zapped
00122 Lustre: 2191:0:(llog_test.c:2009:llog_test_10()) 10g: print the catalog entries.. we expect 2
00122 Lustre: 2191:0:(llog_test.c:2047:llog_test_10()) 10g: Cancel 64767 records, see one log zapped
00124 Lustre: 2191:0:(llog_test.c:2061:llog_test_10()) 10g: print the catalog entries.. we expect 1
00124 Lustre: 2191:0:(llog_test.c:2087:llog_test_10()) 10g: llh_cat_idx has also successfully wrapped!
00124 Lustre: 2211:0:(llog_test.c:1535:cat_check_old_cb()) seeing record at index 2 - [0x1:0x1d:0x0] in log [0xa:0x5:0x0]
00124 Lustre: 2191:0:(llog_test.c:2111:llog_test_10()) 10h: write 64767 more log records
00124 ------------[ cut here ]------------
00124 WARNING: /home/ktest/git/linux/include/linux/fs.h:889 at osd_create+0x9cf/0xcf0 [osd_wbcfs], CPU#3: lctl/2191
00124 Modules linked in: llog_test(O) mgs(O) osd_wbcfs(O) lustre(O) obdecho(O) mgc(O) mdc(O) lov(O) osc(O) lmv(O) ec(O) fid(O) fld(O) ptlrpc(O) efivarfs obdclass(O) ksocklnd(O) lnet(O) libcfs(O)
00124 CPU: 3 UID: 0 PID: 2191 Comm: lctl Tainted: G        W  O        7.0.0-ktest-64bcebe8e5-7433349-20260708 #1 PREEMPT 
00124 Tainted: [W]=WARN, [O]=OOT_MODULE
00124 Hardware name: QEMU Standard PC (Q35 + ICH9, 2009), BIOS 2025.11-3ubuntu7 03/31/2026
00124 RIP: 0010:osd_create+0x9cf/0xcf0 [osd_wbcfs]
00124 Code: c7 c7 00 16 7c a1 48 c7 c6 a0 92 7d a1 48 c7 c2 00 9c 7d a1 e8 82 ad 43 ff 48 c7 c7 00 16 7c a1 e8 06 3b 44 ff e9 fe fc ff ff <0f> 0b e9 a5 fa ff ff 48 c7 c1 80 44 5d a0 80 e1 07 80 c1 03 38 c1
00124 RSP: 0018:ffffc9000621f480 EFLAGS: 00010246
00124 RAX: 0000000000000000 RBX: ffff888073a72c00 RCX: 0000000000000046
00124 RDX: 0000000000000000 RSI: ffff8881812abb90 RDI: ffff88817f7d4b40
00124 RBP: ffff8881812abb00 R08: ffffffff83a16803 R09: 1ffffffff0742d00
00124 R10: dffffc0000000000 R11: fffffbfff0742d01 R12: ffff88817e65f000
00124 R13: dffffc0000000000 R14: 1ffff1100e74e580 R15: 1ffff1102fccbe0f
00124 FS:  00007f1304822940(0000) GS:ffff88831e5ae000(0000) knlGS:0000000000000000
00124 CS:  0010 DS: 0000 ES: 0000 CR0: 0000000080050033
00124 CR2: 000055902debcb40 CR3: 0000000107886000 CR4: 0000000000750eb0
00124 PKRU: 55555554
00124 Call Trace:
00124  <TASK>
00124  ? local_object_create+0x109/0x640 [obdclass]
00124  ? dt_write_lock+0x16d/0x2a0 [obdclass]
00124  ? llog_osd_create+0x35b/0x12e0 [obdclass]
00124  ? llog_create+0x2ed/0x530 [obdclass]
00124  ? llog_cat_new_log+0x6c3/0x2c80 [obdclass]
00124  ? llog_cat_add_rec+0x6ba/0x1960 [obdclass]
00124  ? llog_cat_add+0x451/0x890 [obdclass]
00124  ? llog_test_10+0x5112/0x5620 [llog_test]
00124  ? llog_test_9_sub+0x800/0x800 [llog_test]
00124  ? llog_run_tests+0x3f47/0x5ad0 [llog_test]
00124  ? get_random_u32+0x51/0x470
00124  ? llog_test_device_init+0x503/0x840 [llog_test]
00124  ? obd_setup+0x559/0x960 [obdclass]
00124  ? class_setup+0xc7d/0x10e0 [obdclass]
00124  ? class_process_config+0x2edb/0x7cb0 [obdclass]
00124  ? class_handle_ioctl+0x1f4d/0x3440 [obdclass]
00124  ? obd_class_ioctl+0x1f6/0x3c0 [obdclass]
00124  ? __x64_sys_ioctl+0x961/0xe00
00124  ? _copy_to_user+0x3d/0x60
00124  ? __x64_sys_rt_sigaction+0x107/0x140
00124  ? do_syscall_64+0xc1/0x350
00124  ? entry_SYSCALL_64_after_hwframe+0x4b/0x53
00124  </TASK>
00124 ---[ end trace 0000000000000000 ]---
00124 LustreError: 2191:0:(llog_osd.c:684:llog_osd_write_rec()) cfs_race id 1317 sleeping
00125 LustreError: 2211:0:(llog.c:690:llog_process_thread()) cfs_fail_race id 1317 waking
00125 LustreError: 2191:0:(llog_osd.c:684:llog_osd_write_rec()) cfs_fail_race id 1317 awake: rc=448
00126 LustreError: 2211:0:(llog.c:690:llog_process_thread()) cfs_fail_race id 1317 waking
00126 Lustre: 2211:0:(llog_test.c:1535:cat_check_old_cb()) seeing record at index 3 - [0x1:0x1e:0x0] in log [0xa:0x5:0x0]
00129 ------------[ cut here ]------------
00129 WARNING: /home/ktest/git/linux/include/linux/fs.h:889 at osd_create+0x9cf/0xcf0 [osd_wbcfs], CPU#3: lctl/2191
00129 Modules linked in: llog_test(O) mgs(O) osd_wbcfs(O) lustre(O) obdecho(O) mgc(O) mdc(O) lov(O) osc(O) lmv(O) ec(O) fid(O) fld(O) ptlrpc(O) efivarfs obdclass(O) ksocklnd(O) lnet(O) libcfs(O)
00129 CPU: 3 UID: 0 PID: 2191 Comm: lctl Tainted: G        W  O        7.0.0-ktest-64bcebe8e5-7433349-20260708 #1 PREEMPT 
00129 Tainted: [W]=WARN, [O]=OOT_MODULE
00129 Hardware name: QEMU Standard PC (Q35 + ICH9, 2009), BIOS 2025.11-3ubuntu7 03/31/2026
00129 RIP: 0010:osd_create+0x9cf/0xcf0 [osd_wbcfs]
00129 Code: c7 c7 00 16 7c a1 48 c7 c6 a0 92 7d a1 48 c7 c2 00 9c 7d a1 e8 82 ad 43 ff 48 c7 c7 00 16 7c a1 e8 06 3b 44 ff e9 fe fc ff ff <0f> 0b e9 a5 fa ff ff 48 c7 c1 80 44 5d a0 80 e1 07 80 c1 03 38 c1
00129 RSP: 0018:ffffc9000621f480 EFLAGS: 00010246
00129 RAX: 0000000000000000 RBX: ffff88817e6a0000 RCX: 0000000000000046
00129 RDX: 0000000000000000 RSI: ffff8881812ab478 RDI: ffff88817f7d4b40
00129 RBP: ffff8881812ab3e8 R08: ffffffff83a16803 R09: 1ffffffff0742d00
00129 R10: dffffc0000000000 R11: fffffbfff0742d01 R12: ffff88817e65f000
00129 R13: dffffc0000000000 R14: 1ffff1102fcd4000 R15: 1ffff1102fccbe0f
00129 FS:  00007f1304822940(0000) GS:ffff88831e5ae000(0000) knlGS:0000000000000000
00129 CS:  0010 DS: 0000 ES: 0000 CR0: 0000000080050033
00129 CR2: 000055902debcb40 CR3: 0000000107886000 CR4: 0000000000750eb0
00129 PKRU: 55555554
00129 Call Trace:
00129  <TASK>
00129  ? local_object_create+0x109/0x640 [obdclass]
00129  ? dt_write_lock+0x16d/0x2a0 [obdclass]
00129  ? llog_osd_create+0x35b/0x12e0 [obdclass]
00129  ? register_lock_class+0x31/0x2c0
00129  ? llog_create+0x2ed/0x530 [obdclass]
00129  ? llog_cat_new_log+0x6c3/0x2c80 [obdclass]
00129  ? llog_cat_add_rec+0x6ba/0x1960 [obdclass]
00129  ? llog_cat_add+0x451/0x890 [obdclass]
00129  ? llog_test_10+0x5112/0x5620 [llog_test]
00129  ? llog_test_9_sub+0x800/0x800 [llog_test]
00129  ? llog_run_tests+0x3f47/0x5ad0 [llog_test]
00129  ? get_random_u32+0x51/0x470
00129  ? llog_test_device_init+0x503/0x840 [llog_test]
00129  ? obd_setup+0x559/0x960 [obdclass]
00129  ? class_setup+0xc7d/0x10e0 [obdclass]
00129  ? class_process_config+0x2edb/0x7cb0 [obdclass]
00129  ? class_handle_ioctl+0x1f4d/0x3440 [obdclass]
00129  ? obd_class_ioctl+0x1f6/0x3c0 [obdclass]
00129  ? __x64_sys_ioctl+0x961/0xe00
00129  ? _copy_to_user+0x3d/0x60
00129  ? __x64_sys_rt_sigaction+0x107/0x140
00129  ? do_syscall_64+0xc1/0x350
00129  ? entry_SYSCALL_64_after_hwframe+0x4b/0x53
00129  </TASK>
00129 ---[ end trace 0000000000000000 ]---
00129 LustreError: 2191:0:(llog_osd.c:684:llog_osd_write_rec()) cfs_fail_race id 1317 waking
00130 Lustre: 2191:0:(llog_test.c:2137:llog_test_10()) 10h: wrote 64767 records then 0 failed with ENOSPC
00130 Lustre: 2191:0:(llog_test.c:2150:llog_test_10()) 10: put newly-created catalog
00130 Lustre: 2191:0:(llog_test.c:2180:llog_test_11()) 11: create a plain nameless log
00130 ------------[ cut here ]------------
00130 WARNING: /home/ktest/git/linux/include/linux/fs.h:889 at osd_create+0x9cf/0xcf0 [osd_wbcfs], CPU#3: lctl/2191
00130 Modules linked in: llog_test(O) mgs(O) osd_wbcfs(O) lustre(O) obdecho(O) mgc(O) mdc(O) lov(O) osc(O) lmv(O) ec(O) fid(O) fld(O) ptlrpc(O) efivarfs obdclass(O) ksocklnd(O) lnet(O) libcfs(O)
00130 CPU: 3 UID: 0 PID: 2191 Comm: lctl Tainted: G        W  O        7.0.0-ktest-64bcebe8e5-7433349-20260708 #1 PREEMPT 
00130 Tainted: [W]=WARN, [O]=OOT_MODULE
00130 Hardware name: QEMU Standard PC (Q35 + ICH9, 2009), BIOS 2025.11-3ubuntu7 03/31/2026
00130 RIP: 0010:osd_create+0x9cf/0xcf0 [osd_wbcfs]
00130 Code: c7 c7 00 16 7c a1 48 c7 c6 a0 92 7d a1 48 c7 c2 00 9c 7d a1 e8 82 ad 43 ff 48 c7 c7 00 16 7c a1 e8 06 3b 44 ff e9 fe fc ff ff <0f> 0b e9 a5 fa ff ff 48 c7 c1 80 44 5d a0 80 e1 07 80 c1 03 38 c1
00130 RSP: 0018:ffffc9000621f688 EFLAGS: 00010246
00130 RAX: 0000000000000000 RBX: ffff88803396c000 RCX: 0000000000000046
00130 RDX: 0000000000000000 RSI: ffff8881812aad60 RDI: ffff88817f7d4b18
00130 RBP: ffff8881812aacd0 R08: ffffffff83a16803 R09: 1ffffffff0742d00
00130 R10: dffffc0000000000 R11: fffffbfff0742d01 R12: ffff88817e65f000
00130 R13: dffffc0000000000 R14: 1ffff1100672d800 R15: 1ffff1102fccbe0f
00130 FS:  00007f1304822940(0000) GS:ffff88831e5ae000(0000) knlGS:0000000000000000
00130 CS:  0010 DS: 0000 ES: 0000 CR0: 0000000080050033
00130 CR2: 000055902debcb40 CR3: 0000000107886000 CR4: 0000000000750eb0
00130 PKRU: 55555554
00130 Call Trace:
00130  <TASK>
00130  ? local_object_create+0x109/0x640 [obdclass]
00130  ? dt_write_lock+0x16d/0x2a0 [obdclass]
00130  ? llog_osd_create+0x35b/0x12e0 [obdclass]
00130  ? llog_create+0x2ed/0x530 [obdclass]
00130  ? llog_open_create+0x5af/0xb10 [obdclass]
00130  ? llog_test_11+0x2a4/0x1130 [llog_test]
00130  ? llog_test_9_sub+0x800/0x800 [llog_test]
00130  ? llog_run_tests+0x41b8/0x5ad0 [llog_test]
00130  ? get_random_u32+0x51/0x470
00130  ? llog_test_device_init+0x503/0x840 [llog_test]
00130  ? obd_setup+0x559/0x960 [obdclass]
00130  ? class_setup+0xc7d/0x10e0 [obdclass]
00130  ? class_process_config+0x2edb/0x7cb0 [obdclass]
00130  ? class_handle_ioctl+0x1f4d/0x3440 [obdclass]
00130  ? obd_class_ioctl+0x1f6/0x3c0 [obdclass]
00130  ? __x64_sys_ioctl+0x961/0xe00
00130  ? _copy_to_user+0x3d/0x60
00130  ? __x64_sys_rt_sigaction+0x107/0x140
00130  ? do_syscall_64+0xc1/0x350
00130  ? entry_SYSCALL_64_after_hwframe+0x4b/0x53
00130  </TASK>
00130 ---[ end trace 0000000000000000 ]---
00130 Lustre: 2191:0:(llog_test.c:2205:llog_test_11()) 11: size 8216 in 0 blocks after 1 rec
00130 Lustre: 2191:0:(llog_test.c:2207:llog_test_11()) 11: add few records
00130 Lustre: 2191:0:(llog_test.c:2224:llog_test_11()) 11: size 10616 in 0 blocks with few recs
00130 lctl (2191): drop_caches: 3
00130 Lustre: 2191:0:(llog_test.c:2250:llog_test_11()) 11: re-open the log by LOGID and verify llh_count
00130 Lustre: 2191:0:(llog_test.c:2265:llog_test_11()) 11: size 10616 in 0 blocks after re-open
00130 Lustre: 2191:0:(llog_test.c:2355:llog_test_12()) 12: create a catalog log with name: 75fcf2c5
00130 ------------[ cut here ]------------
00130 WARNING: /home/ktest/git/linux/include/linux/fs.h:889 at osd_create+0x9cf/0xcf0 [osd_wbcfs], CPU#3: lctl/2191
00130 Modules linked in: llog_test(O) mgs(O) osd_wbcfs(O) lustre(O) obdecho(O) mgc(O) mdc(O) lov(O) osc(O) lmv(O) ec(O) fid(O) fld(O) ptlrpc(O) efivarfs obdclass(O) ksocklnd(O) lnet(O) libcfs(O)
00130 CPU: 3 UID: 0 PID: 2191 Comm: lctl Tainted: G        W  O        7.0.0-ktest-64bcebe8e5-7433349-20260708 #1 PREEMPT 
00130 Tainted: [W]=WARN, [O]=OOT_MODULE
00130 Hardware name: QEMU Standard PC (Q35 + ICH9, 2009), BIOS 2025.11-3ubuntu7 03/31/2026
00130 RIP: 0010:osd_create+0x9cf/0xcf0 [osd_wbcfs]
00130 Code: c7 c7 00 16 7c a1 48 c7 c6 a0 92 7d a1 48 c7 c2 00 9c 7d a1 e8 82 ad 43 ff 48 c7 c7 00 16 7c a1 e8 06 3b 44 ff e9 fe fc ff ff <0f> 0b e9 a5 fa ff ff 48 c7 c1 80 44 5d a0 80 e1 07 80 c1 03 38 c1
00130 RSP: 0018:ffffc9000621f680 EFLAGS: 00010246
00130 RAX: 0000000000000000 RBX: ffff8881b9871c00 RCX: 0000000000000046
00130 RDX: 0000000000000000 RSI: ffff8881812aa648 RDI: ffff88817f7d4b18
00130 RBP: ffff8881812aa5b8 R08: ffffffff83a16803 R09: 1ffffffff0742d00
00130 R10: dffffc0000000000 R11: fffffbfff0742d01 R12: ffff88817e65f000
00130 R13: dffffc0000000000 R14: 1ffff1103730e380 R15: 1ffff1102fccbe0f
00130 FS:  00007f1304822940(0000) GS:ffff88831e5ae000(0000) knlGS:0000000000000000
00130 CS:  0010 DS: 0000 ES: 0000 CR0: 0000000080050033
00130 CR2: 000055902debcb40 CR3: 0000000107886000 CR4: 0000000000750eb0
00130 PKRU: 55555554
00130 Call Trace:
00130  <TASK>
00130  ? local_object_create+0x109/0x640 [obdclass]
00130  ? dt_write_lock+0x16d/0x2a0 [obdclass]
00130  ? llog_osd_create+0x35b/0x12e0 [obdclass]
00130  ? llog_create+0x2ed/0x530 [obdclass]
00130  ? llog_open_create+0x5af/0xb10 [obdclass]
00130  ? llog_test_12+0x40f/0x2d90 [llog_test]
00130  ? llog_test_11+0xc14/0x1130 [llog_test]
00130  ? llog_run_tests+0x443a/0x5ad0 [llog_test]
00130  ? get_random_u32+0x51/0x470
00130  ? llog_test_device_init+0x503/0x840 [llog_test]
00130  ? obd_setup+0x559/0x960 [obdclass]
00130  ? class_setup+0xc7d/0x10e0 [obdclass]
00130  ? class_process_config+0x2edb/0x7cb0 [obdclass]
00130  ? class_handle_ioctl+0x1f4d/0x3440 [obdclass]
00130  ? obd_class_ioctl+0x1f6/0x3c0 [obdclass]
00130  ? __x64_sys_ioctl+0x961/0xe00
00130  ? _copy_to_user+0x3d/0x60
00130  ? __x64_sys_rt_sigaction+0x107/0x140
00130  ? do_syscall_64+0xc1/0x350
00130  ? entry_SYSCALL_64_after_hwframe+0x4b/0x53
00130  </TASK>
00130 ---[ end trace 0000000000000000 ]---
00130 ------------[ cut here ]------------
00130 WARNING: /home/ktest/git/linux/include/linux/fs.h:889 at osd_create+0x9cf/0xcf0 [osd_wbcfs], CPU#3: lctl/2191
00130 Modules linked in: llog_test(O) mgs(O) osd_wbcfs(O) lustre(O) obdecho(O) mgc(O) mdc(O) lov(O) osc(O) lmv(O) ec(O) fid(O) fld(O) ptlrpc(O) efivarfs obdclass(O) ksocklnd(O) lnet(O) libcfs(O)
00130 CPU: 3 UID: 0 PID: 2191 Comm: lctl Tainted: G        W  O        7.0.0-ktest-64bcebe8e5-7433349-20260708 #1 PREEMPT 
00130 Tainted: [W]=WARN, [O]=OOT_MODULE
00130 Hardware name: QEMU Standard PC (Q35 + ICH9, 2009), BIOS 2025.11-3ubuntu7 03/31/2026
00130 RIP: 0010:osd_create+0x9cf/0xcf0 [osd_wbcfs]
00130 Code: c7 c7 00 16 7c a1 48 c7 c6 a0 92 7d a1 48 c7 c2 00 9c 7d a1 e8 82 ad 43 ff 48 c7 c7 00 16 7c a1 e8 06 3b 44 ff e9 fe fc ff ff <0f> 0b e9 a5 fa ff ff 48 c7 c1 80 44 5d a0 80 e1 07 80 c1 03 38 c1
00130 RSP: 0018:ffffc9000621f520 EFLAGS: 00010246
00130 RAX: 0000000000000000 RBX: ffff8881b9871400 RCX: 0000000000000046
00130 RDX: 0000000000000000 RSI: ffff8881812a9f30 RDI: ffff88817f7d4b40
00130 RBP: ffff8881812a9ea0 R08: ffffffff83a16803 R09: 1ffffffff0742d00
00130 R10: dffffc0000000000 R11: fffffbfff0742d01 R12: ffff88817e65f000
00130 R13: dffffc0000000000 R14: 1ffff1103730e280 R15: 1ffff1102fccbe0f
00130 FS:  00007f1304822940(0000) GS:ffff88831e5ae000(0000) knlGS:0000000000000000
00130 CS:  0010 DS: 0000 ES: 0000 CR0: 0000000080050033
00130 CR2: 000055902debcb40 CR3: 0000000107886000 CR4: 0000000000750eb0
00130 PKRU: 55555554
00130 Call Trace:
00130  <TASK>
00130  ? local_object_create+0x109/0x640 [obdclass]
00130  ? dt_write_lock+0x16d/0x2a0 [obdclass]
00130  ? llog_osd_create+0x35b/0x12e0 [obdclass]
00130  ? register_lock_class+0x31/0x2c0
00130  ? llog_create+0x2ed/0x530 [obdclass]
00130  ? llog_cat_new_log+0x6c3/0x2c80 [obdclass]
00130  ? llog_cat_add_rec+0x6ba/0x1960 [obdclass]
00130  ? llog_cat_add+0x451/0x890 [obdclass]
00130  ? llog_test_12+0x68f/0x2d90 [llog_test]
00130  ? llog_test_11+0xc14/0x1130 [llog_test]
00130  ? llog_run_tests+0x443a/0x5ad0 [llog_test]
00130  ? get_random_u32+0x51/0x470
00130  ? llog_test_device_init+0x503/0x840 [llog_test]
00130  ? obd_setup+0x559/0x960 [obdclass]
00130  ? class_setup+0xc7d/0x10e0 [obdclass]
00130  ? class_process_config+0x2edb/0x7cb0 [obdclass]
00130  ? class_handle_ioctl+0x1f4d/0x3440 [obdclass]
00130  ? obd_class_ioctl+0x1f6/0x3c0 [obdclass]
00130  ? __x64_sys_ioctl+0x961/0xe00
00130  ? _copy_to_user+0x3d/0x60
00130  ? __x64_sys_rt_sigaction+0x107/0x140
00130  ? do_syscall_64+0xc1/0x350
00130  ? entry_SYSCALL_64_after_hwframe+0x4b/0x53
00130  </TASK>
00130 ---[ end trace 0000000000000000 ]---
00130 Lustre: 12: truncate 24 bytes
00130 Lustre: 12: re-open and process the catalog
00130 LustreError: 2191:0:(llog_osd.c:1248:llog_osd_next_block()) MGS0000-osd: invalid llog tail at log id [0xa:0x6:0x0] offset 8232 last_rec idx 8704 tail idx 275010875 lrt len 1 read_size 40
00130 LustreError: 2191:0:(llog.c:886:llog_process_thread()) MGS: local llog is corrupted [0xa:0x6:0x0] catalog index 1 count 2
00130 Lustre: 12: try to add to the catalog
00130 ------------[ cut here ]------------
00130 WARNING: /home/ktest/git/linux/include/linux/fs.h:889 at osd_create+0x9cf/0xcf0 [osd_wbcfs], CPU#3: lctl/2191
00130 Modules linked in: llog_test(O) mgs(O) osd_wbcfs(O) lustre(O) obdecho(O) mgc(O) mdc(O) lov(O) osc(O) lmv(O) ec(O) fid(O) fld(O) ptlrpc(O) efivarfs obdclass(O) ksocklnd(O) lnet(O) libcfs(O)
00130 CPU: 3 UID: 0 PID: 2191 Comm: lctl Tainted: G        W  O        7.0.0-ktest-64bcebe8e5-7433349-20260708 #1 PREEMPT 
00130 Tainted: [W]=WARN, [O]=OOT_MODULE
00130 Hardware name: QEMU Standard PC (Q35 + ICH9, 2009), BIOS 2025.11-3ubuntu7 03/31/2026
00130 RIP: 0010:osd_create+0x9cf/0xcf0 [osd_wbcfs]
00130 Code: c7 c7 00 16 7c a1 48 c7 c6 a0 92 7d a1 48 c7 c2 00 9c 7d a1 e8 82 ad 43 ff 48 c7 c7 00 16 7c a1 e8 06 3b 44 ff e9 fe fc ff ff <0f> 0b e9 a5 fa ff ff 48 c7 c1 80 44 5d a0 80 e1 07 80 c1 03 38 c1
00130 RSP: 0018:ffffc9000621f520 EFLAGS: 00010246
00130 RAX: 0000000000000000 RBX: ffff8881b9874000 RCX: 0000000000000046
00130 RDX: 0000000000000000 RSI: ffff8881812a9818 RDI: ffff88817f7d4b40
00130 RBP: ffff8881812a9788 R08: ffffffff83a16803 R09: 1ffffffff0742d00
00130 R10: dffffc0000000000 R11: fffffbfff0742d01 R12: ffff88817e65f000
00130 R13: dffffc0000000000 R14: 1ffff1103730e800 R15: 1ffff1102fccbe0f
00130 FS:  00007f1304822940(0000) GS:ffff88831e5ae000(0000) knlGS:0000000000000000
00130 CS:  0010 DS: 0000 ES: 0000 CR0: 0000000080050033
00130 CR2: 000055902debcb40 CR3: 0000000107886000 CR4: 0000000000750eb0
00130 PKRU: 55555554
00130 Call Trace:
00130  <TASK>
00130  ? local_object_create+0x109/0x640 [obdclass]
00130  ? dt_write_lock+0x16d/0x2a0 [obdclass]
00130  ? llog_osd_create+0x35b/0x12e0 [obdclass]
00130  ? register_lock_class+0x31/0x2c0
00130  ? llog_create+0x2ed/0x530 [obdclass]
00130  ? llog_cat_new_log+0x6c3/0x2c80 [obdclass]
00130  ? llog_cat_add_rec+0x6ba/0x1960 [obdclass]
00130  ? llog_cat_add+0x451/0x890 [obdclass]
00130  ? llog_test_12+0xfdb/0x2d90 [llog_test]
00130  ? llog_run_tests+0x443a/0x5ad0 [llog_test]
00130  ? get_random_u32+0x51/0x470
00130  ? llog_test_device_init+0x503/0x840 [llog_test]
00130  ? obd_setup+0x559/0x960 [obdclass]
00130  ? class_setup+0xc7d/0x10e0 [obdclass]
00130  ? class_process_config+0x2edb/0x7cb0 [obdclass]
00130  ? class_handle_ioctl+0x1f4d/0x3440 [obdclass]
00130  ? obd_class_ioctl+0x1f6/0x3c0 [obdclass]
00130  ? __x64_sys_ioctl+0x961/0xe00
00130  ? _copy_to_user+0x3d/0x60
00130  ? __x64_sys_rt_sigaction+0x107/0x140
00130  ? do_syscall_64+0xc1/0x350
00130  ? entry_SYSCALL_64_after_hwframe+0x4b/0x53
00130  </TASK>
00130 ---[ end trace 0000000000000000 ]---
00130 LustreError: 2191:0:(llog_osd.c:1231:llog_osd_next_block()) MGS0000-osd: invalid llog tail at log id [0x6:0xa:0x0]:0 offset 8297 tail idx 603979776 lrt len 1074261 read_size 105
00130 ------------[ cut here ]------------
00130 WARNING: /home/ktest/git/linux/include/linux/fs.h:889 at osd_create+0x9cf/0xcf0 [osd_wbcfs], CPU#3: lctl/2191
00130 Modules linked in: llog_test(O) mgs(O) osd_wbcfs(O) lustre(O) obdecho(O) mgc(O) mdc(O) lov(O) osc(O) lmv(O) ec(O) fid(O) fld(O) ptlrpc(O) efivarfs obdclass(O) ksocklnd(O) lnet(O) libcfs(O)
00130 CPU: 3 UID: 0 PID: 2191 Comm: lctl Tainted: G        W  O        7.0.0-ktest-64bcebe8e5-7433349-20260708 #1 PREEMPT 
00130 Tainted: [W]=WARN, [O]=OOT_MODULE
00130 Hardware name: QEMU Standard PC (Q35 + ICH9, 2009), BIOS 2025.11-3ubuntu7 03/31/2026
00130 RIP: 0010:osd_create+0x9cf/0xcf0 [osd_wbcfs]
00130 Code: c7 c7 00 16 7c a1 48 c7 c6 a0 92 7d a1 48 c7 c2 00 9c 7d a1 e8 82 ad 43 ff 48 c7 c7 00 16 7c a1 e8 06 3b 44 ff e9 fe fc ff ff <0f> 0b e9 a5 fa ff ff 48 c7 c1 80 44 5d a0 80 e1 07 80 c1 03 38 c1
00130 RSP: 0018:ffffc9000621f520 EFLAGS: 00010246
00130 RAX: 0000000000000000 RBX: ffff8881385fb800 RCX: 0000000000000046
00130 RDX: 0000000000000000 RSI: ffff8881812a9100 RDI: ffff88817f7d4b40
00130 RBP: ffff8881812a9070 R08: ffffffff83a16803 R09: 1ffffffff0742d00
00130 R10: dffffc0000000000 R11: fffffbfff0742d01 R12: ffff88817e65f000
00130 R13: dffffc0000000000 R14: 1ffff110270bf700 R15: 1ffff1102fccbe0f
00130 FS:  00007f1304822940(0000) GS:ffff88831e5ae000(0000) knlGS:0000000000000000
00130 CS:  0010 DS: 0000 ES: 0000 CR0: 0000000080050033
00130 CR2: 000055902debcb40 CR3: 0000000107886000 CR4: 0000000000750eb0
00130 PKRU: 55555554
00130 Call Trace:
00130  <TASK>
00130  ? local_object_create+0x109/0x640 [obdclass]
00130  ? dt_write_lock+0x16d/0x2a0 [obdclass]
00130  ? llog_osd_create+0x35b/0x12e0 [obdclass]
00130  ? register_lock_class+0x31/0x2c0
00130  ? llog_create+0x2ed/0x530 [obdclass]
00130  ? llog_cat_new_log+0x6c3/0x2c80 [obdclass]
00130  ? llog_cat_add_rec+0x6ba/0x1960 [obdclass]
00130  ? llog_cat_add+0x451/0x890 [obdclass]
00130  ? llog_test_12+0xfdb/0x2d90 [llog_test]
00130  ? llog_run_tests+0x443a/0x5ad0 [llog_test]
00130  ? get_random_u32+0x51/0x470
00130  ? llog_test_device_init+0x503/0x840 [llog_test]
00130  ? obd_setup+0x559/0x960 [obdclass]
00130  ? class_setup+0xc7d/0x10e0 [obdclass]
00130  ? class_process_config+0x2edb/0x7cb0 [obdclass]
00130  ? class_handle_ioctl+0x1f4d/0x3440 [obdclass]
00130  ? obd_class_ioctl+0x1f6/0x3c0 [obdclass]
00130  ? __x64_sys_ioctl+0x961/0xe00
00130  ? _copy_to_user+0x3d/0x60
00130  ? __x64_sys_rt_sigaction+0x107/0x140
00130  ? do_syscall_64+0xc1/0x350
00130  ? entry_SYSCALL_64_after_hwframe+0x4b/0x53
00130  </TASK>
00130 ---[ end trace 0000000000000000 ]---
00130 ------------[ cut here ]------------
00130 WARNING: /home/ktest/git/linux/include/linux/fs.h:889 at osd_create+0x9cf/0xcf0 [osd_wbcfs], CPU#3: lctl/2191
00130 Modules linked in: llog_test(O) mgs(O) osd_wbcfs(O) lustre(O) obdecho(O) mgc(O) mdc(O) lov(O) osc(O) lmv(O) ec(O) fid(O) fld(O) ptlrpc(O) efivarfs obdclass(O) ksocklnd(O) lnet(O) libcfs(O)
00130 CPU: 3 UID: 0 PID: 2191 Comm: lctl Tainted: G        W  O        7.0.0-ktest-64bcebe8e5-7433349-20260708 #1 PREEMPT 
00130 Tainted: [W]=WARN, [O]=OOT_MODULE
00130 Hardware name: QEMU Standard PC (Q35 + ICH9, 2009), BIOS 2025.11-3ubuntu7 03/31/2026
00130 RIP: 0010:osd_create+0x9cf/0xcf0 [osd_wbcfs]
00130 Code: c7 c7 00 16 7c a1 48 c7 c6 a0 92 7d a1 48 c7 c2 00 9c 7d a1 e8 82 ad 43 ff 48 c7 c7 00 16 7c a1 e8 06 3b 44 ff e9 fe fc ff ff <0f> 0b e9 a5 fa ff ff 48 c7 c1 80 44 5d a0 80 e1 07 80 c1 03 38 c1
00130 RSP: 0018:ffffc9000621f520 EFLAGS: 00010246
00130 RAX: 0000000000000000 RBX: ffff8881385fd400 RCX: 0000000000000046
00130 RDX: 0000000000000000 RSI: ffff8881812a89e8 RDI: ffff88817f7d4b40
00130 RBP: ffff8881812a8958 R08: ffffffff83a16803 R09: 1ffffffff0742d00
00130 R10: dffffc0000000000 R11: fffffbfff0742d01 R12: ffff88817e65f000
00130 R13: dffffc0000000000 R14: 1ffff110270bfa80 R15: 1ffff1102fccbe0f
00130 FS:  00007f1304822940(0000) GS:ffff88831e5ae000(0000) knlGS:0000000000000000
00130 CS:  0010 DS: 0000 ES: 0000 CR0: 0000000080050033
00130 CR2: 000055902debcb40 CR3: 0000000107886000 CR4: 0000000000750eb0
00130 PKRU: 55555554
00130 Call Trace:
00130  <TASK>
00130  ? local_object_create+0x109/0x640 [obdclass]
00130  ? dt_write_lock+0x16d/0x2a0 [obdclass]
00130  ? llog_osd_create+0x35b/0x12e0 [obdclass]
00130  ? register_lock_class+0x31/0x2c0
00130  ? llog_create+0x2ed/0x530 [obdclass]
00130  ? llog_cat_new_log+0x6c3/0x2c80 [obdclass]
00130  ? llog_cat_add_rec+0x6ba/0x1960 [obdclass]
00130  ? llog_cat_add+0x451/0x890 [obdclass]
00130  ? llog_test_12+0xfdb/0x2d90 [llog_test]
00130  ? llog_run_tests+0x443a/0x5ad0 [llog_test]
00130  ? get_random_u32+0x51/0x470
00130  ? llog_test_device_init+0x503/0x840 [llog_test]
00130  ? obd_setup+0x559/0x960 [obdclass]
00130  ? class_setup+0xc7d/0x10e0 [obdclass]
00130  ? class_process_config+0x2edb/0x7cb0 [obdclass]
00130  ? class_handle_ioctl+0x1f4d/0x3440 [obdclass]
00130  ? obd_class_ioctl+0x1f6/0x3c0 [obdclass]
00130  ? __x64_sys_ioctl+0x961/0xe00
00130  ? _copy_to_user+0x3d/0x60
00130  ? __x64_sys_rt_sigaction+0x107/0x140
00130  ? do_syscall_64+0xc1/0x350
00130  ? entry_SYSCALL_64_after_hwframe+0x4b/0x53
00130  </TASK>
00130 ---[ end trace 0000000000000000 ]---
00130 ------------[ cut here ]------------
00130 WARNING: /home/ktest/git/linux/include/linux/fs.h:889 at osd_create+0x9cf/0xcf0 [osd_wbcfs], CPU#3: lctl/2191
00130 Modules linked in: llog_test(O) mgs(O) osd_wbcfs(O) lustre(O) obdecho(O) mgc(O) mdc(O) lov(O) osc(O) lmv(O) ec(O) fid(O) fld(O) ptlrpc(O) efivarfs obdclass(O) ksocklnd(O) lnet(O) libcfs(O)
00130 CPU: 3 UID: 0 PID: 2191 Comm: lctl Tainted: G        W  O        7.0.0-ktest-64bcebe8e5-7433349-20260708 #1 PREEMPT 
00130 Tainted: [W]=WARN, [O]=OOT_MODULE
00130 Hardware name: QEMU Standard PC (Q35 + ICH9, 2009), BIOS 2025.11-3ubuntu7 03/31/2026
00130 RIP: 0010:osd_create+0x9cf/0xcf0 [osd_wbcfs]
00130 Code: c7 c7 00 16 7c a1 48 c7 c6 a0 92 7d a1 48 c7 c2 00 9c 7d a1 e8 82 ad 43 ff 48 c7 c7 00 16 7c a1 e8 06 3b 44 ff e9 fe fc ff ff <0f> 0b e9 a5 fa ff ff 48 c7 c1 80 44 5d a0 80 e1 07 80 c1 03 38 c1
00130 RSP: 0018:ffffc9000621f520 EFLAGS: 00010246
00130 RAX: 0000000000000000 RBX: ffff8881385ff000 RCX: 0000000000000046
00130 RDX: 0000000000000000 RSI: ffff8881812a82d0 RDI: ffff88817f7d4b40
00130 RBP: ffff8881812a8240 R08: ffffffff83a16803 R09: 1ffffffff0742d00
00130 R10: dffffc0000000000 R11: fffffbfff0742d01 R12: ffff88817e65f000
00130 R13: dffffc0000000000 R14: 1ffff110270bfe00 R15: 1ffff1102fccbe0f
00130 FS:  00007f1304822940(0000) GS:ffff88831e5ae000(0000) knlGS:0000000000000000
00130 CS:  0010 DS: 0000 ES: 0000 CR0: 0000000080050033
00130 CR2: 000055902debcb40 CR3: 0000000107886000 CR4: 0000000000750eb0
00130 PKRU: 55555554
00130 Call Trace:
00130  <TASK>
00130  ? local_object_create+0x109/0x640 [obdclass]
00130  ? dt_write_lock+0x16d/0x2a0 [obdclass]
00130  ? llog_osd_create+0x35b/0x12e0 [obdclass]
00130  ? register_lock_class+0x31/0x2c0
00130  ? llog_create+0x2ed/0x530 [obdclass]
00130  ? llog_cat_new_log+0x6c3/0x2c80 [obdclass]
00130  ? llog_cat_add_rec+0x6ba/0x1960 [obdclass]
00130  ? llog_cat_add+0x451/0x890 [obdclass]
00130  ? llog_test_12+0xfdb/0x2d90 [llog_test]
00130  ? llog_run_tests+0x443a/0x5ad0 [llog_test]
00130  ? get_random_u32+0x51/0x470
00130  ? llog_test_device_init+0x503/0x840 [llog_test]
00130  ? obd_setup+0x559/0x960 [obdclass]
00130  ? class_setup+0xc7d/0x10e0 [obdclass]
00130  ? class_process_config+0x2edb/0x7cb0 [obdclass]
00130  ? class_handle_ioctl+0x1f4d/0x3440 [obdclass]
00130  ? obd_class_ioctl+0x1f6/0x3c0 [obdclass]
00130  ? __x64_sys_ioctl+0x961/0xe00
00130  ? _copy_to_user+0x3d/0x60
00130  ? __x64_sys_rt_sigaction+0x107/0x140
00130  ? do_syscall_64+0xc1/0x350
00130  ? entry_SYSCALL_64_after_hwframe+0x4b/0x53
00130  </TASK>
00130 ---[ end trace 0000000000000000 ]---
00130 ------------[ cut here ]------------
00130 WARNING: /home/ktest/git/linux/include/linux/fs.h:889 at osd_create+0x9cf/0xcf0 [osd_wbcfs], CPU#3: lctl/2191
00130 Modules linked in: llog_test(O) mgs(O) osd_wbcfs(O) lustre(O) obdecho(O) mgc(O) mdc(O) lov(O) osc(O) lmv(O) ec(O) fid(O) fld(O) ptlrpc(O) efivarfs obdclass(O) ksocklnd(O) lnet(O) libcfs(O)
00130 CPU: 3 UID: 0 PID: 2191 Comm: lctl Tainted: G        W  O        7.0.0-ktest-64bcebe8e5-7433349-20260708 #1 PREEMPT 
00130 Tainted: [W]=WARN, [O]=OOT_MODULE
00130 Hardware name: QEMU Standard PC (Q35 + ICH9, 2009), BIOS 2025.11-3ubuntu7 03/31/2026
00130 RIP: 0010:osd_create+0x9cf/0xcf0 [osd_wbcfs]
00130 Code: c7 c7 00 16 7c a1 48 c7 c6 a0 92 7d a1 48 c7 c2 00 9c 7d a1 e8 82 ad 43 ff 48 c7 c7 00 16 7c a1 e8 06 3b 44 ff e9 fe fc ff ff <0f> 0b e9 a5 fa ff ff 48 c7 c1 80 44 5d a0 80 e1 07 80 c1 03 38 c1
00130 RSP: 0018:ffffc9000621f520 EFLAGS: 00010246
00130 RAX: 0000000000000000 RBX: ffff888148a76800 RCX: 0000000000000046
00130 RDX: 0000000000000000 RSI: ffff88815acca648 RDI: ffff88817f7d4b40
00130 RBP: ffff88815acca5b8 R08: ffffffff83a16803 R09: 1ffffffff0742d00
00130 R10: dffffc0000000000 R11: fffffbfff0742d01 R12: ffff88817e65f000
00130 R13: dffffc0000000000 R14: 1ffff1102914ed00 R15: 1ffff1102fccbe0f
00130 FS:  00007f1304822940(0000) GS:ffff88831e5ae000(0000) knlGS:0000000000000000
00130 CS:  0010 DS: 0000 ES: 0000 CR0: 0000000080050033
00130 CR2: 000055902debcb40 CR3: 0000000107886000 CR4: 0000000000750eb0
00130 PKRU: 55555554
00130 Call Trace:
00130  <TASK>
00130  ? local_object_create+0x109/0x640 [obdclass]
00130  ? dt_write_lock+0x16d/0x2a0 [obdclass]
00130  ? llog_osd_create+0x35b/0x12e0 [obdclass]
00130  ? register_lock_class+0x31/0x2c0
00130  ? llog_create+0x2ed/0x530 [obdclass]
00130  ? llog_cat_new_log+0x6c3/0x2c80 [obdclass]
00130  ? llog_cat_add_rec+0x6ba/0x1960 [obdclass]
00130  ? llog_cat_add+0x451/0x890 [obdclass]
00130  ? llog_test_12+0xfdb/0x2d90 [llog_test]
00130  ? llog_run_tests+0x443a/0x5ad0 [llog_test]
00130  ? get_random_u32+0x51/0x470
00130  ? llog_test_device_init+0x503/0x840 [llog_test]
00130  ? obd_setup+0x559/0x960 [obdclass]
00130  ? class_setup+0xc7d/0x10e0 [obdclass]
00130  ? class_process_config+0x2edb/0x7cb0 [obdclass]
00130  ? class_handle_ioctl+0x1f4d/0x3440 [obdclass]
00130  ? obd_class_ioctl+0x1f6/0x3c0 [obdclass]
00130  ? __x64_sys_ioctl+0x961/0xe00
00130  ? _copy_to_user+0x3d/0x60
00130  ? __x64_sys_rt_sigaction+0x107/0x140
00130  ? do_syscall_64+0xc1/0x350
00130  ? entry_SYSCALL_64_after_hwframe+0x4b/0x53
00130  </TASK>
00130 ---[ end trace 0000000000000000 ]---
00130 ------------[ cut here ]------------
00130 WARNING: /home/ktest/git/linux/include/linux/fs.h:889 at osd_create+0x9cf/0xcf0 [osd_wbcfs], CPU#3: lctl/2191
00130 Modules linked in: llog_test(O) mgs(O) osd_wbcfs(O) lustre(O) obdecho(O) mgc(O) mdc(O) lov(O) osc(O) lmv(O) ec(O) fid(O) fld(O) ptlrpc(O) efivarfs obdclass(O) ksocklnd(O) lnet(O) libcfs(O)
00130 CPU: 3 UID: 0 PID: 2191 Comm: lctl Tainted: G        W  O        7.0.0-ktest-64bcebe8e5-7433349-20260708 #1 PREEMPT 
00130 Tainted: [W]=WARN, [O]=OOT_MODULE
00130 Hardware name: QEMU Standard PC (Q35 + ICH9, 2009), BIOS 2025.11-3ubuntu7 03/31/2026
00130 RIP: 0010:osd_create+0x9cf/0xcf0 [osd_wbcfs]
00130 Code: c7 c7 00 16 7c a1 48 c7 c6 a0 92 7d a1 48 c7 c2 00 9c 7d a1 e8 82 ad 43 ff 48 c7 c7 00 16 7c a1 e8 06 3b 44 ff e9 fe fc ff ff <0f> 0b e9 a5 fa ff ff 48 c7 c1 80 44 5d a0 80 e1 07 80 c1 03 38 c1
00130 RSP: 0018:ffffc9000621f520 EFLAGS: 00010246
00130 RAX: 0000000000000000 RBX: ffff88811fba0400 RCX: 0000000000000046
00130 RDX: 0000000000000000 RSI: ffff88815acc9f30 RDI: ffff88817f7d4b40
00130 RBP: ffff88815acc9ea0 R08: ffffffff83a16803 R09: 1ffffffff0742d00
00130 R10: dffffc0000000000 R11: fffffbfff0742d01 R12: ffff88817e65f000
00130 R13: dffffc0000000000 R14: 1ffff11023f74080 R15: 1ffff1102fccbe0f
00130 FS:  00007f1304822940(0000) GS:ffff88831e5ae000(0000) knlGS:0000000000000000
00130 CS:  0010 DS: 0000 ES: 0000 CR0: 0000000080050033
00130 CR2: 000055902debcb40 CR3: 0000000107886000 CR4: 0000000000750eb0
00130 PKRU: 55555554
00130 Call Trace:
00130  <TASK>
00130  ? local_object_create+0x109/0x640 [obdclass]
00130  ? dt_write_lock+0x16d/0x2a0 [obdclass]
00130  ? llog_osd_create+0x35b/0x12e0 [obdclass]
00130  ? register_lock_class+0x31/0x2c0
00130  ? llog_create+0x2ed/0x530 [obdclass]
00130  ? llog_cat_new_log+0x6c3/0x2c80 [obdclass]
00130  ? llog_cat_add_rec+0x6ba/0x1960 [obdclass]
00130  ? llog_cat_add+0x451/0x890 [obdclass]
00130  ? llog_test_12+0xfdb/0x2d90 [llog_test]
00130  ? llog_run_tests+0x443a/0x5ad0 [llog_test]
00130  ? get_random_u32+0x51/0x470
00130  ? llog_test_device_init+0x503/0x840 [llog_test]
00130  ? obd_setup+0x559/0x960 [obdclass]
00130  ? class_setup+0xc7d/0x10e0 [obdclass]
00130  ? class_process_config+0x2edb/0x7cb0 [obdclass]
00130  ? class_handle_ioctl+0x1f4d/0x3440 [obdclass]
00130  ? obd_class_ioctl+0x1f6/0x3c0 [obdclass]
00130  ? __x64_sys_ioctl+0x961/0xe00
00130  ? _copy_to_user+0x3d/0x60
00130  ? __x64_sys_rt_sigaction+0x107/0x140
00130  ? do_syscall_64+0xc1/0x350
00130  ? entry_SYSCALL_64_after_hwframe+0x4b/0x53
00130  </TASK>
00130 ---[ end trace 0000000000000000 ]---
00130 ==================================================================
00130 BUG: KASAN: use-after-free in llog_osd_next_block+0x13e1/0x3340 [obdclass]
00130 Read of size 4 at addr ffff88818cddf136 by task lctl/2191
00130 
00130 CPU: 3 UID: 0 PID: 2191 Comm: lctl Tainted: G        W  O        7.0.0-ktest-64bcebe8e5-7433349-20260708 #1 PREEMPT 
00130 Tainted: [W]=WARN, [O]=OOT_MODULE
00130 Hardware name: QEMU Standard PC (Q35 + ICH9, 2009), BIOS 2025.11-3ubuntu7 03/31/2026
00130 Call Trace:
00130  <TASK>
00130  dump_stack_lvl+0x52/0x80
00130  print_report+0xbc/0x260
00130  ? llog_osd_next_block+0x13e1/0x3340 [obdclass]
00130  kasan_report+0xa2/0xd0
00130  ? llog_osd_next_block+0x13e1/0x3340 [obdclass]
00130  llog_osd_next_block+0x13e1/0x3340 [obdclass]
00130  llog_process_thread+0xdd7/0x4f70 [obdclass]
00130  ? entry_SYSCALL_64_after_hwframe+0x4b/0x53
00130  ? __slab_free+0xfc/0x210
00130  llog_process_or_fork+0x656/0xc90 [obdclass]
00130  ? llog_cat_process+0x30/0x30 [obdclass]
00130  llog_cat_process_or_fork+0x780/0xdb0 [obdclass]
00130  ? llog_cat_process+0x30/0x30 [obdclass]
00130  ? llog_cancel_rec_cb+0x450/0x450 [llog_test]
00130  llog_cat_process+0x24/0x30 [obdclass]
00130  llog_test_12+0xf58/0x2d90 [llog_test]
00130  llog_run_tests+0x443a/0x5ad0 [llog_test]
00130  ? get_random_u32+0x51/0x470
00130  llog_test_device_init+0x503/0x840 [llog_test]
00130  obd_setup+0x559/0x960 [obdclass]
00130  class_setup+0xc7d/0x10e0 [obdclass]
00130  class_process_config+0x2edb/0x7cb0 [obdclass]
00130  class_handle_ioctl+0x1f4d/0x3440 [obdclass]
00130  obd_class_ioctl+0x1f6/0x3c0 [obdclass]
00130  __x64_sys_ioctl+0x961/0xe00
00130  ? _copy_to_user+0x3d/0x60
00130  ? __x64_sys_rt_sigaction+0x107/0x140
00130  do_syscall_64+0xc1/0x350
00130  entry_SYSCALL_64_after_hwframe+0x4b/0x53
00130 RIP: 0033:0x7f1304724e1d
00130 Code: 04 25 28 00 00 00 48 89 45 c8 31 c0 48 8d 45 10 c7 45 b0 10 00 00 00 48 89 45 b8 48 8d 45 d0 48 89 45 c0 b8 10 00 00 00 0f 05 <89> c2 3d 00 f0 ff ff 77 1a 48 8b 45 c8 64 48 2b 04 25 28 00 00 00
00130 RSP: 002b:00007ffc89d3c390 EFLAGS: 00000246 ORIG_RAX: 0000000000000010
00130 RAX: ffffffffffffffda RBX: 00007f1304a8b1f0 RCX: 00007f1304724e1d
00130 RDX: 00007ffc89d3c670 RSI: 00000000c00866b8 RDI: 0000000000000003
00130 RBP: 00007ffc89d3c3e0 R08: 00007ffc89d3c430 R09: 00007ffc89d3c670
00130 R10: 000055905f606910 R11: 0000000000000246 R12: 00007ffc89d3c670
00130 R13: 000055902deac822 R14: 0000000000000000 R15: 00007ffc89d3e6f0
00130  </TASK>
00130 
00130 The buggy address belongs to the physical page:
00130 page: refcount:0 mapcount:0 mapping:0000000000000000 index:0xffffffffffffffff pfn:0x18cddf
00130 flags: 0x8000000000000000(zone=2)
00130 raw: 8000000000000000 0000000000000000 00000000ffffffff 0000000000000000
00130 raw: ffffffffffffffff 0000000000000000 00000000ffffffff 0000000000000000
00130 page dumped because: kasan: bad access detected
00130 
00130 Memory state around the buggy address:
00130  ffff88818cddf000: ff ff ff ff ff ff ff ff ff ff ff ff ff ff ff ff
00130  ffff88818cddf080: ff ff ff ff ff ff ff ff ff ff ff ff ff ff ff ff
00130 >ffff88818cddf100: ff ff ff ff ff ff ff ff ff ff ff ff ff ff ff ff
00130                                      ^
00130  ffff88818cddf180: ff ff ff ff ff ff ff ff ff ff ff ff ff ff ff ff
00130  ffff88818cddf200: ff ff ff ff ff ff ff ff ff ff ff ff ff ff ff ff
00130 ==================================================================
00130 Disabling lock debugging due to kernel taint
00130 Lustre: 2191:0:(llog_test.c:2464:llog_test_12()) 12: put newly-created catalog
00130 Lustre: 2191:0:(llog_test.c:2532:llog_test_13()) 13a: create a catalog log with name: 75fcf2c5
00130 Lustre: 2191:0:(llog_test.c:2548:llog_test_13()) 13b: write 1 record into the catalog
00130 LustreError: 2191:0:(llog_test.c:2559:llog_test_13()) 13b: found 8 plain llogs
00130 Lustre: 2191:0:(llog_test.c:2561:llog_test_13()) 13c: erase plain llog
00130 LustreError: 2191:0:(llog_cat.c:404:llog_cat_id2handle()) MGS: error opening log id [0x1:0x4f:0x0]: rc = -2
00130 Lustre: 2191:0:(llog_test.c:2581:llog_test_13()) 13d: forward process: found=1708 rc=0
00130 Lustre: 2191:0:(llog_test.c:2585:llog_test_13()) 13e: erase another plain llog
00130 Lustre: 2191:0:(llog_test.c:2605:llog_test_13()) 13e: backward process: found=1367 rc=0
00130 Lustre: 2191:0:(llog_test.c:2608:llog_test_13()) 13f: put newly-created catalog
00135 ========= FAILED TIMEOUT llog-unit in 240s
Error 1 at /home/ktest/ktest/lib/libktest.sh 587 from: "$ktest_dir/lib/supervisor" -S -F -T "$ktest_timeout" -b "$test_basename" -o "$test_logdir" -f "$test_basename.$(date -Iseconds).log" -- "${qemu_cmd[@]}", exiting
Error 1 at ./qlkbuild 195 from: "$ktest_dir/lib/supervisor" -S -F -T "$ktest_timeout" -b "$test_basename" -o "$test_logdir" -f "$test_basename.$(date -Iseconds).log" -- "${qemu_cmd[@]}", exiting
Error 1 at ./qlkbuild 1005 from: "$ktest_dir/lib/supervisor" -S -F -T "$ktest_timeout" -b "$test_basename" -o "$test_logdir" -f "$test_basename.$(date -Iseconds).log" -- "${qemu_cmd[@]}", exiting
