CLI: ./podman-ktest --podman-socket unix:///run/podman/podman.sock --shared-filesystem /tmp --tarball-input job lustre-ci --output /var/www/ci-lustre/upstream-patch-review --git-hash 656844f22e058d3d8f6a4346ff98cb0cedcbf1d2 --change-id 65949_656844f22e058d3d8f6a4346ff98cb0cedcbf1d2 --subject LU-20270 tests: check memory leak in NRS CRRN policy

  Checking /dev/kvm exists... OK
  Checking /dev/kvm permissions... OK
  Creating ccache directory... OK
  Checking ccache directory writable... OK

Environment validated successfully
Creating kernel tarball at /tmp/ktest-kernel.tar.gz...
Creating lustre tarball at /tmp/ktest-lustre.tar.gz...
Creating ZFS tarball at /tmp/ktest-zfs.tar.gz...
Executing 13 jobs
Jobs will start as soon as their dependencies are satisfied
Using tarball input mode

START lustre_mainline build tests/fs/lustre/boot.ktest
START checkpatch tool checkpatch
START lustre_mainline_native build tests/fs/lustre/boot.ktest
START u24 build tests/fs/lustre/boot.ktest
START lustre_mainline_strict build tests/fs/lustre/boot-strict.ktest
START al2023 build tests/fs/lustre/boot.ktest
PUT /tmp/ktest-lustre.tar.gz 1s
PUT /tmp/ktest-lustre.tar.gz 1s
PUT /tmp/ktest-kernel.tar.gz 6s
PUT /tmp/ktest-kernel.tar.gz 6s
PUT /tmp/ktest-kernel.tar.gz 6s
PUT /tmp/ktest-kernel.tar.gz 6s
PUT /tmp/ktest-lustre.tar.gz 3s
PUT /tmp/ktest-lustre.tar.gz 4s
PUT /tmp/ktest-lustre.tar.gz 3s
PUT /tmp/ktest-lustre.tar.gz 4s
PUT /tmp/ktest-zfs.tar.gz 0s
PUT /tmp/ktest-zfs.tar.gz 0s
PUT /tmp/ktest-zfs.tar.gz 0s
END checkpatch tool checkpatch PASS 12s
END al2023 build tests/fs/lustre/boot.ktest PASS 63s
END u24 build tests/fs/lustre/boot.ktest PASS 66s
GET /tmp/ktest_lustre_mainline_strict_zd2qqb24.tar 6s
END lustre_mainline_strict build tests/fs/lustre/boot-strict.ktest FAIL 150s (exit code: 1)
GET /tmp/ktest_lustre_mainline_ki7clevs.tar 0s
GET /tmp/ktest_lustre_mainline_native_0nrp5yti.tar 0s
END lustre_mainline build tests/fs/lustre/boot.ktest PASS 163s
END lustre_mainline_native build tests/fs/lustre/boot.ktest PASS 164s
START boot run tests/fs/lustre/boot.ktest
START llmount run tests/fs/lustre/llmount.ktest
START mgs-setup run tests/fs/lustre/mgs-setup.ktest
START sanity-1 run tests/fs/lustre/sanity/sanity-1.ktest
START sanity-2 run tests/fs/lustre/sanity/sanity-2.ktest
START sanity-3 run tests/fs/lustre/sanity/sanity-3.ktest
START sanity-4 run tests/fs/lustre/sanity/sanity-4.ktest
PUT /tmp/ktest_lustre_mainline_native_0nrp5yti.tar 10s
PUT /tmp/ktest_lustre_mainline_native_0nrp5yti.tar 10s
PUT /tmp/ktest_lustre_mainline_native_0nrp5yti.tar 10s
PUT /tmp/ktest_lustre_mainline_native_0nrp5yti.tar 10s
PUT /tmp/ktest_lustre_mainline_native_0nrp5yti.tar 10s
PUT /tmp/ktest_lustre_mainline_native_0nrp5yti.tar 4s
PUT /tmp/ktest_lustre_mainline_native_0nrp5yti.tar 3s
END boot run tests/fs/lustre/boot.ktest PASS 27s
END mgs-setup run tests/fs/lustre/mgs-setup.ktest PASS 35s
END sanity-2 run tests/fs/lustre/sanity/sanity-2.ktest PASS 53s
END sanity-3 run tests/fs/lustre/sanity/sanity-3.ktest PASS 55s
END sanity-1 run tests/fs/lustre/sanity/sanity-1.ktest PASS 59s
END sanity-4 run tests/fs/lustre/sanity/sanity-4.ktest PASS 61s
END llmount run tests/fs/lustre/llmount.ktest PASS 111s

============================================================
Final Results:
  checkpatch: PASS (12s) (log: /var/www/ci-lustre/upstream-patch-review/656844f22e058d3d8f6a4346ff98cb0cedcbf1d2_checkpatch.log)
  u24: PASS (66s) (log: /var/www/ci-lustre/upstream-patch-review/656844f22e058d3d8f6a4346ff98cb0cedcbf1d2_u24.log)
  al2023: PASS (63s) (log: /var/www/ci-lustre/upstream-patch-review/656844f22e058d3d8f6a4346ff98cb0cedcbf1d2_al2023.log)
  lustre_mainline_strict: FAIL (150s) (log: /var/www/ci-lustre/upstream-patch-review/656844f22e058d3d8f6a4346ff98cb0cedcbf1d2_lustre_mainline_strict.log)
  lustre_mainline: PASS (163s) (log: /var/www/ci-lustre/upstream-patch-review/656844f22e058d3d8f6a4346ff98cb0cedcbf1d2_lustre_mainline.log)
  lustre_mainline_native: PASS (164s) (log: /var/www/ci-lustre/upstream-patch-review/656844f22e058d3d8f6a4346ff98cb0cedcbf1d2_lustre_mainline_native.log)
  boot: PASS (27s) (log: /var/www/ci-lustre/upstream-patch-review/656844f22e058d3d8f6a4346ff98cb0cedcbf1d2_boot.log)
  llmount: PASS (111s) (log: /var/www/ci-lustre/upstream-patch-review/656844f22e058d3d8f6a4346ff98cb0cedcbf1d2_llmount.log)
  mgs-setup: PASS (35s) (log: /var/www/ci-lustre/upstream-patch-review/656844f22e058d3d8f6a4346ff98cb0cedcbf1d2_mgs-setup.log)
  sanity-1: PASS (59s) (log: /var/www/ci-lustre/upstream-patch-review/656844f22e058d3d8f6a4346ff98cb0cedcbf1d2_sanity-1.log)
  sanity-2: PASS (53s) (log: /var/www/ci-lustre/upstream-patch-review/656844f22e058d3d8f6a4346ff98cb0cedcbf1d2_sanity-2.log)
  sanity-3: PASS (55s) (log: /var/www/ci-lustre/upstream-patch-review/656844f22e058d3d8f6a4346ff98cb0cedcbf1d2_sanity-3.log)
  sanity-4: PASS (61s) (log: /var/www/ci-lustre/upstream-patch-review/656844f22e058d3d8f6a4346ff98cb0cedcbf1d2_sanity-4.log)

Total execution time: 305s
