CLI: ./podman-ktest --podman-socket unix:///run/podman/podman.sock --shared-filesystem /tmp --tarball-input job lustre-ci --output /var/www/ci-lustre/upstream-patch-review --git-hash 66060fc3320259fb29a765c97167c691433c1bb0 --change-id 66481_66060fc3320259fb29a765c97167c691433c1bb0 --subject LU-12669 ec: fix EC recovery read for encrypted files

Environment validated successfully
Note: custom LLVM is not synced in tarball input mode
Creating kernel tarball at /tmp/ktest-kernel.tar.gz...
Creating lustre tarball at /tmp/ktest-lustre.tar.gz...
Creating ZFS tarball at /tmp/ktest-zfs.tar.gz...
Executing 14 jobs
Jobs will start as soon as their dependencies are satisfied
Using tarball input mode

START u24:u24 build tests/fs/lustre/boot.ktest
START ml:lustre_mainline build tests/fs/lustre/boot.ktest
START checkpatch:checkpatch tool checkpatch
START ml-strict:lustre_mainline build tests/fs/lustre/boot-strict.ktest
START ml-miscvm:lustre_mainline_native build tests/fs/lustre/boot.ktest
START al2023:al2023 build tests/fs/lustre/boot.ktest
PUT /tmp/ktest-lustre.tar.gz 1s
PUT /tmp/ktest-lustre.tar.gz 1s
PUT /tmp/ktest-kernel.tar.gz 7s
PUT /tmp/ktest-kernel.tar.gz 6s
PUT /tmp/ktest-kernel.tar.gz 7s
PUT /tmp/ktest-kernel.tar.gz 7s
PUT /tmp/ktest-lustre.tar.gz 3s
PUT /tmp/ktest-lustre.tar.gz 3s
PUT /tmp/ktest-lustre.tar.gz 3s
PUT /tmp/ktest-lustre.tar.gz 3s
PUT /tmp/ktest-zfs.tar.gz 0s
PUT /tmp/ktest-zfs.tar.gz 0s
PUT /tmp/ktest-zfs.tar.gz 0s
END checkpatch:checkpatch tool checkpatch FAIL 13s (exit code: 1)
END al2023:al2023 build tests/fs/lustre/boot.ktest PASS 55s
END u24:u24 build tests/fs/lustre/boot.ktest PASS 56s
GET /tmp/ktest_ml-miscvm:lustre_mainline_native__431n9fv.tar 0s
GET /tmp/ktest_ml:lustre_mainline_ym1bm95c.tar 0s
END ml-miscvm:lustre_mainline_native build tests/fs/lustre/boot.ktest PASS 175s
START ml-miscvm:boot run tests/fs/lustre/boot.ktest
START ml-miscvm:llmount run tests/fs/lustre/llmount.ktest
START ml-miscvm:llog-unit run tests/fs/lustre/llog-unit.ktest
START ml-miscvm:mgs-setup run tests/fs/lustre/mgs-setup.ktest
START ml-miscvm:sanity-1 run tests/fs/lustre/sanity/sanity-1.ktest
START ml-miscvm:sanity-2 run tests/fs/lustre/sanity/sanity-2.ktest
START ml-miscvm:sanity-3 run tests/fs/lustre/sanity/sanity-3.ktest
START ml-miscvm:sanity-4 run tests/fs/lustre/sanity/sanity-4.ktest
END ml:lustre_mainline build tests/fs/lustre/boot.ktest PASS 177s
GET /tmp/ktest_ml-strict:lustre_mainline_vst4taf5.tar 9s
END ml-strict:lustre_mainline build tests/fs/lustre/boot-strict.ktest FAIL 185s (exit code: 1)
PUT /tmp/ktest-kernel.tar.gz 61s
PUT /tmp/ktest-kernel.tar.gz 61s
PUT /tmp/ktest-kernel.tar.gz 61s
PUT /tmp/ktest-kernel.tar.gz 61s
PUT /tmp/ktest-kernel.tar.gz 61s
PUT /tmp/ktest-kernel.tar.gz 61s
PUT /tmp/ktest-kernel.tar.gz 62s
PUT /tmp/ktest-kernel.tar.gz 61s
PUT /tmp/ktest-lustre.tar.gz 9s
PUT /tmp/ktest-lustre.tar.gz 8s
PUT /tmp/ktest-lustre.tar.gz 9s
PUT /tmp/ktest-lustre.tar.gz 9s
PUT /tmp/ktest-lustre.tar.gz 8s
PUT /tmp/ktest-lustre.tar.gz 9s
PUT /tmp/ktest-lustre.tar.gz 9s
PUT /tmp/ktest-lustre.tar.gz 9s
PUT /tmp/ktest_ml-miscvm:lustre_mainline_native__431n9fv.tar 0s
PUT /tmp/ktest_ml-miscvm:lustre_mainline_native__431n9fv.tar 1s
PUT /tmp/ktest_ml-miscvm:lustre_mainline_native__431n9fv.tar 1s
PUT /tmp/ktest_ml-miscvm:lustre_mainline_native__431n9fv.tar 1s
PUT /tmp/ktest_ml-miscvm:lustre_mainline_native__431n9fv.tar 1s
PUT /tmp/ktest_ml-miscvm:lustre_mainline_native__431n9fv.tar 1s
PUT /tmp/ktest_ml-miscvm:lustre_mainline_native__431n9fv.tar 1s
PUT /tmp/ktest_ml-miscvm:lustre_mainline_native__431n9fv.tar 1s
END ml-miscvm:boot run tests/fs/lustre/boot.ktest PASS 118s
END ml-miscvm:mgs-setup run tests/fs/lustre/mgs-setup.ktest PASS 127s
END ml-miscvm:sanity-4 run tests/fs/lustre/sanity/sanity-4.ktest PASS 151s
END ml-miscvm:sanity-2 run tests/fs/lustre/sanity/sanity-2.ktest PASS 154s
END ml-miscvm:sanity-1 run tests/fs/lustre/sanity/sanity-1.ktest PASS 156s
END ml-miscvm:sanity-3 run tests/fs/lustre/sanity/sanity-3.ktest PASS 166s
END ml-miscvm:llmount run tests/fs/lustre/llmount.ktest PASS 167s
END ml-miscvm:llog-unit run tests/fs/lustre/llog-unit.ktest FAIL 202s (exit code: 1)

============================================================
Final Results:
  checkpatch:checkpatch: FAIL (13s) (log: /var/www/ci-lustre/upstream-patch-review/66060fc3320259fb29a765c97167c691433c1bb0_checkpatch:checkpatch.log)
  u24:u24: PASS (56s) (log: /var/www/ci-lustre/upstream-patch-review/66060fc3320259fb29a765c97167c691433c1bb0_u24:u24.log)
  al2023:al2023: PASS (55s) (log: /var/www/ci-lustre/upstream-patch-review/66060fc3320259fb29a765c97167c691433c1bb0_al2023:al2023.log)
  ml-strict:lustre_mainline: FAIL (185s) (log: /var/www/ci-lustre/upstream-patch-review/66060fc3320259fb29a765c97167c691433c1bb0_ml-strict:lustre_mainline.log)
  ml:lustre_mainline: PASS (177s) (log: /var/www/ci-lustre/upstream-patch-review/66060fc3320259fb29a765c97167c691433c1bb0_ml:lustre_mainline.log)
  ml-miscvm:lustre_mainline_native: PASS (175s) (log: /var/www/ci-lustre/upstream-patch-review/66060fc3320259fb29a765c97167c691433c1bb0_ml-miscvm:lustre_mainline_native.log)
  ml-miscvm:boot: PASS (118s) (log: /var/www/ci-lustre/upstream-patch-review/66060fc3320259fb29a765c97167c691433c1bb0_ml-miscvm:boot.log)
  ml-miscvm:llmount: PASS (167s) (log: /var/www/ci-lustre/upstream-patch-review/66060fc3320259fb29a765c97167c691433c1bb0_ml-miscvm:llmount.log)
  ml-miscvm:llog-unit: FAIL (202s) (log: /var/www/ci-lustre/upstream-patch-review/66060fc3320259fb29a765c97167c691433c1bb0_ml-miscvm:llog-unit.log)
  ml-miscvm:mgs-setup: PASS (127s) (log: /var/www/ci-lustre/upstream-patch-review/66060fc3320259fb29a765c97167c691433c1bb0_ml-miscvm:mgs-setup.log)
  ml-miscvm:sanity-1: PASS (156s) (log: /var/www/ci-lustre/upstream-patch-review/66060fc3320259fb29a765c97167c691433c1bb0_ml-miscvm:sanity-1.log)
  ml-miscvm:sanity-2: PASS (154s) (log: /var/www/ci-lustre/upstream-patch-review/66060fc3320259fb29a765c97167c691433c1bb0_ml-miscvm:sanity-2.log)
  ml-miscvm:sanity-3: PASS (166s) (log: /var/www/ci-lustre/upstream-patch-review/66060fc3320259fb29a765c97167c691433c1bb0_ml-miscvm:sanity-3.log)
  ml-miscvm:sanity-4: PASS (151s) (log: /var/www/ci-lustre/upstream-patch-review/66060fc3320259fb29a765c97167c691433c1bb0_ml-miscvm:sanity-4.log)

Total execution time: 408s
