CLI: ./podman-ktest --podman-socket unix:///run/podman/podman.sock --shared-filesystem /tmp --tarball-input job lustre-ci --output /var/www/ci-lustre/upstream-patch-review --git-hash 66846ef94b3cdd9668e94f22165e1788534d4911 --change-id 66529_66846ef94b3cdd9668e94f22165e1788534d4911 --subject LU-19917 mgc: dynamic MGS nids discovery

  Checking /dev/kvm exists... OK
  Checking /dev/kvm permissions... OK
  Creating ccache directory... OK
  Checking ccache directory writable... OK
  Creating package output directory... OK

Environment validated successfully
Creating kernel tarball at /tmp/ktest-kernel.tar.gz...
Creating lustre tarball at /tmp/ktest-lustre.tar.gz...
Creating ZFS tarball at /tmp/ktest-zfs.tar.gz...
Executing 13 jobs
Jobs will start as soon as their dependencies are satisfied
Using tarball input mode

START u24 build tests/fs/lustre/boot.ktest
START checkpatch tool checkpatch
START lustre_mainline build tests/fs/lustre/boot.ktest
START lustre_mainline_native build tests/fs/lustre/boot.ktest
START lustre_mainline_strict build tests/fs/lustre/boot-strict.ktest
START al2023 build tests/fs/lustre/boot.ktest
PUT /tmp/ktest-lustre.tar.gz 1s
PUT /tmp/ktest-lustre.tar.gz 1s
PUT /tmp/ktest-kernel.tar.gz 6s
PUT /tmp/ktest-kernel.tar.gz 7s
PUT /tmp/ktest-kernel.tar.gz 7s
PUT /tmp/ktest-kernel.tar.gz 7s
PUT /tmp/ktest-lustre.tar.gz 1s
PUT /tmp/ktest-lustre.tar.gz 1s
PUT /tmp/ktest-lustre.tar.gz 1s
PUT /tmp/ktest-lustre.tar.gz 1s
PUT /tmp/ktest-zfs.tar.gz 0s
PUT /tmp/ktest-zfs.tar.gz 0s
PUT /tmp/ktest-zfs.tar.gz 0s
END checkpatch tool checkpatch PASS 10s
END al2023 build tests/fs/lustre/boot.ktest PASS 63s
END u24 build tests/fs/lustre/boot.ktest PASS 65s
GET /tmp/ktest_lustre_mainline_strict_q4gk44kw.tar 6s
END lustre_mainline_strict build tests/fs/lustre/boot-strict.ktest FAIL 186s (exit code: 1)
GET /tmp/ktest_lustre_mainline_w29jlk0f.tar 0s
GET /tmp/ktest_lustre_mainline_native_5f8dd2c6.tar 0s
END lustre_mainline build tests/fs/lustre/boot.ktest PASS 200s
END lustre_mainline_native build tests/fs/lustre/boot.ktest PASS 201s
START boot run tests/fs/lustre/boot.ktest
START llmount run tests/fs/lustre/llmount.ktest
START mgs-setup run tests/fs/lustre/mgs-setup.ktest
START sanity-1 run tests/fs/lustre/sanity/sanity-1.ktest
START sanity-2 run tests/fs/lustre/sanity/sanity-2.ktest
START sanity-3 run tests/fs/lustre/sanity/sanity-3.ktest
START sanity-4 run tests/fs/lustre/sanity/sanity-4.ktest
PUT /tmp/ktest-kernel.tar.gz 27s
PUT /tmp/ktest-kernel.tar.gz 27s
PUT /tmp/ktest-kernel.tar.gz 26s
PUT /tmp/ktest-kernel.tar.gz 27s
PUT /tmp/ktest-kernel.tar.gz 27s
PUT /tmp/ktest-kernel.tar.gz 27s
PUT /tmp/ktest-kernel.tar.gz 27s
PUT /tmp/ktest-lustre.tar.gz 7s
PUT /tmp/ktest-lustre.tar.gz 6s
PUT /tmp/ktest-lustre.tar.gz 7s
PUT /tmp/ktest-lustre.tar.gz 7s
PUT /tmp/ktest-lustre.tar.gz 7s
PUT /tmp/ktest-lustre.tar.gz 7s
PUT /tmp/ktest-lustre.tar.gz 7s
PUT /tmp/ktest_lustre_mainline_native_5f8dd2c6.tar 1s
PUT /tmp/ktest_lustre_mainline_native_5f8dd2c6.tar 1s
PUT /tmp/ktest_lustre_mainline_native_5f8dd2c6.tar 1s
PUT /tmp/ktest_lustre_mainline_native_5f8dd2c6.tar 1s
PUT /tmp/ktest_lustre_mainline_native_5f8dd2c6.tar 1s
PUT /tmp/ktest_lustre_mainline_native_5f8dd2c6.tar 1s
PUT /tmp/ktest_lustre_mainline_native_5f8dd2c6.tar 1s
END boot run tests/fs/lustre/boot.ktest PASS 43s
END mgs-setup run tests/fs/lustre/mgs-setup.ktest PASS 52s
END sanity-4 run tests/fs/lustre/sanity/sanity-4.ktest PASS 79s
END sanity-3 run tests/fs/lustre/sanity/sanity-3.ktest PASS 80s
END sanity-2 run tests/fs/lustre/sanity/sanity-2.ktest PASS 82s
END sanity-1 run tests/fs/lustre/sanity/sanity-1.ktest PASS 83s
END llmount run tests/fs/lustre/llmount.ktest PASS 93s

============================================================
Final Results:
  checkpatch: PASS (10s) (log: /var/www/ci-lustre/upstream-patch-review/66846ef94b3cdd9668e94f22165e1788534d4911_checkpatch.log)
  u24: PASS (65s) (log: /var/www/ci-lustre/upstream-patch-review/66846ef94b3cdd9668e94f22165e1788534d4911_u24.log)
  al2023: PASS (63s) (log: /var/www/ci-lustre/upstream-patch-review/66846ef94b3cdd9668e94f22165e1788534d4911_al2023.log)
  lustre_mainline_strict: FAIL (186s) (log: /var/www/ci-lustre/upstream-patch-review/66846ef94b3cdd9668e94f22165e1788534d4911_lustre_mainline_strict.log)
  lustre_mainline: PASS (200s) (log: /var/www/ci-lustre/upstream-patch-review/66846ef94b3cdd9668e94f22165e1788534d4911_lustre_mainline.log)
  lustre_mainline_native: PASS (201s) (log: /var/www/ci-lustre/upstream-patch-review/66846ef94b3cdd9668e94f22165e1788534d4911_lustre_mainline_native.log)
  boot: PASS (43s) (log: /var/www/ci-lustre/upstream-patch-review/66846ef94b3cdd9668e94f22165e1788534d4911_boot.log)
  llmount: PASS (93s) (log: /var/www/ci-lustre/upstream-patch-review/66846ef94b3cdd9668e94f22165e1788534d4911_llmount.log)
  mgs-setup: PASS (52s) (log: /var/www/ci-lustre/upstream-patch-review/66846ef94b3cdd9668e94f22165e1788534d4911_mgs-setup.log)
  sanity-1: PASS (83s) (log: /var/www/ci-lustre/upstream-patch-review/66846ef94b3cdd9668e94f22165e1788534d4911_sanity-1.log)
  sanity-2: PASS (82s) (log: /var/www/ci-lustre/upstream-patch-review/66846ef94b3cdd9668e94f22165e1788534d4911_sanity-2.log)
  sanity-3: PASS (80s) (log: /var/www/ci-lustre/upstream-patch-review/66846ef94b3cdd9668e94f22165e1788534d4911_sanity-3.log)
  sanity-4: PASS (79s) (log: /var/www/ci-lustre/upstream-patch-review/66846ef94b3cdd9668e94f22165e1788534d4911_sanity-4.log)

Total execution time: 323s
