CLI: ./podman-ktest --podman-socket unix:///run/podman/podman.sock --shared-filesystem /tmp --tarball-input job lustre-ci --output /var/www/ci-lustre/upstream-patch-review --git-hash 66a42ccfbd8423385adeadfd3cb30a49786e3256 --change-id 63747_66a42ccfbd8423385adeadfd3cb30a49786e3256 --subject LU-12669 tests: EC recovery read operations tests

  Checking /dev/kvm exists... OK
  Checking /dev/kvm permissions... OK
  Creating ccache directory... OK
  Checking ccache directory writable... OK

Environment validated successfully
Creating kernel tarball at /tmp/ktest-kernel.tar.gz...
Creating lustre tarball at /tmp/ktest-lustre.tar.gz...
Executing 16 jobs
Jobs will start as soon as their dependencies are satisfied
Using tarball input mode

START lustre_u24 build tests/fs/lustre/boot.ktest
START checkpatch tool checkpatch
START lustre_mainline_native build tests/fs/lustre/boot.ktest
START lustre_mainline_strict build tests/fs/lustre/boot-strict.ktest
START lustre_al2023 build tests/fs/lustre/boot.ktest
START lustre_mainline build tests/fs/lustre/boot.ktest
PUT /tmp/ktest-kernel.tar.gz 7s
PUT /tmp/ktest-kernel.tar.gz 8s
PUT /tmp/ktest-kernel.tar.gz 8s
PUT /tmp/ktest-kernel.tar.gz 8s
PUT /tmp/ktest-kernel.tar.gz 8s
PUT /tmp/ktest-kernel.tar.gz 8s
PUT /tmp/ktest-lustre.tar.gz 2s
PUT /tmp/ktest-lustre.tar.gz 2s
PUT /tmp/ktest-lustre.tar.gz 1s
PUT /tmp/ktest-lustre.tar.gz 2s
PUT /tmp/ktest-lustre.tar.gz 2s
PUT /tmp/ktest-lustre.tar.gz 2s
END checkpatch tool checkpatch FAIL 12s (exit code: 1)
END lustre_al2023 build tests/fs/lustre/boot.ktest PASS 69s
END lustre_u24 build tests/fs/lustre/boot.ktest PASS 75s
GET /tmp/ktest_lustre_mainline_strict_ryzq7249.tar 4s
END lustre_mainline_strict build tests/fs/lustre/boot-strict.ktest FAIL 111s (exit code: 1)
GET /tmp/ktest_lustre_mainline_580yql96.tar 3s
GET /tmp/ktest_lustre_mainline_native_y1xmzjge.tar 3s
END lustre_mainline build tests/fs/lustre/boot.ktest PASS 120s
END lustre_mainline_native build tests/fs/lustre/boot.ktest PASS 121s
START clang-tidy tool clang-tidy
START cc-plugin tool cc-plugin
START boot run tests/fs/lustre/boot.ktest
START llmount run tests/fs/lustre/llmount.ktest
START llog-unit run tests/fs/lustre/llog-unit.ktest
START mgs-setup run tests/fs/lustre/mgs-setup.ktest
START sanity-1 run tests/fs/lustre/sanity/sanity-1.ktest
START sanity-2 run tests/fs/lustre/sanity/sanity-2.ktest
START sanity-3 run tests/fs/lustre/sanity/sanity-3.ktest
START sanity-4 run tests/fs/lustre/sanity/sanity-4.ktest
PUT /tmp/ktest-kernel.tar.gz 15s
PUT /tmp/ktest_lustre_mainline_native_y1xmzjge.tar 19s
PUT /tmp/ktest_lustre_mainline_native_y1xmzjge.tar 19s
PUT /tmp/ktest_lustre_mainline_native_y1xmzjge.tar 19s
PUT /tmp/ktest_lustre_mainline_native_y1xmzjge.tar 19s
PUT /tmp/ktest-kernel.tar.gz 19s
PUT /tmp/ktest_lustre_mainline_native_y1xmzjge.tar 19s
PUT /tmp/ktest_lustre_mainline_native_y1xmzjge.tar 19s
PUT /tmp/ktest_lustre_mainline_native_y1xmzjge.tar 19s
PUT /tmp/ktest_lustre_mainline_native_y1xmzjge.tar 19s
PUT /tmp/ktest-lustre.tar.gz 32s
PUT /tmp/ktest-lustre.tar.gz 28s
PUT /tmp/ktest_lustre_mainline_native_y1xmzjge.tar 5s
PUT /tmp/ktest_lustre_mainline_native_y1xmzjge.tar 5s
END cc-plugin tool cc-plugin FAIL 56s (exit code: 127)
END clang-tidy tool clang-tidy PASS 75s
END boot run tests/fs/lustre/boot.ktest PASS 76s
END mgs-setup run tests/fs/lustre/mgs-setup.ktest PASS 78s
END sanity-1 run tests/fs/lustre/sanity/sanity-1.ktest PASS 91s
END sanity-3 run tests/fs/lustre/sanity/sanity-3.ktest PASS 92s
END sanity-2 run tests/fs/lustre/sanity/sanity-2.ktest PASS 98s
END sanity-4 run tests/fs/lustre/sanity/sanity-4.ktest PASS 103s
END llog-unit run tests/fs/lustre/llog-unit.ktest PASS 160s
END llmount run tests/fs/lustre/llmount.ktest PASS 162s

============================================================
Final Results:
  checkpatch: FAIL (12s) (log: /var/www/ci-lustre/upstream-patch-review/66a42ccfbd8423385adeadfd3cb30a49786e3256_checkpatch.log)
  lustre_u24: PASS (75s) (log: /var/www/ci-lustre/upstream-patch-review/66a42ccfbd8423385adeadfd3cb30a49786e3256_lustre_u24.log)
  lustre_al2023: PASS (69s) (log: /var/www/ci-lustre/upstream-patch-review/66a42ccfbd8423385adeadfd3cb30a49786e3256_lustre_al2023.log)
  lustre_mainline_strict: FAIL (111s) (log: /var/www/ci-lustre/upstream-patch-review/66a42ccfbd8423385adeadfd3cb30a49786e3256_lustre_mainline_strict.log)
  lustre_mainline: PASS (120s) (log: /var/www/ci-lustre/upstream-patch-review/66a42ccfbd8423385adeadfd3cb30a49786e3256_lustre_mainline.log)
  lustre_mainline_native: PASS (121s) (log: /var/www/ci-lustre/upstream-patch-review/66a42ccfbd8423385adeadfd3cb30a49786e3256_lustre_mainline_native.log)
  clang-tidy: PASS (75s) (log: /var/www/ci-lustre/upstream-patch-review/66a42ccfbd8423385adeadfd3cb30a49786e3256_clang-tidy.log)
  cc-plugin: FAIL (56s) (log: /var/www/ci-lustre/upstream-patch-review/66a42ccfbd8423385adeadfd3cb30a49786e3256_cc-plugin.log)
  boot: PASS (76s) (log: /var/www/ci-lustre/upstream-patch-review/66a42ccfbd8423385adeadfd3cb30a49786e3256_boot.log)
  llmount: PASS (162s) (log: /var/www/ci-lustre/upstream-patch-review/66a42ccfbd8423385adeadfd3cb30a49786e3256_llmount.log)
  llog-unit: PASS (160s) (log: /var/www/ci-lustre/upstream-patch-review/66a42ccfbd8423385adeadfd3cb30a49786e3256_llog-unit.log)
  mgs-setup: PASS (78s) (log: /var/www/ci-lustre/upstream-patch-review/66a42ccfbd8423385adeadfd3cb30a49786e3256_mgs-setup.log)
  sanity-1: PASS (91s) (log: /var/www/ci-lustre/upstream-patch-review/66a42ccfbd8423385adeadfd3cb30a49786e3256_sanity-1.log)
  sanity-2: PASS (98s) (log: /var/www/ci-lustre/upstream-patch-review/66a42ccfbd8423385adeadfd3cb30a49786e3256_sanity-2.log)
  sanity-3: PASS (92s) (log: /var/www/ci-lustre/upstream-patch-review/66a42ccfbd8423385adeadfd3cb30a49786e3256_sanity-3.log)
  sanity-4: PASS (103s) (log: /var/www/ci-lustre/upstream-patch-review/66a42ccfbd8423385adeadfd3cb30a49786e3256_sanity-4.log)

Total execution time: 313s
