CLI: ./podman-ktest --podman-socket unix:///run/podman/podman.sock --shared-filesystem /tmp --tarball-input job lustre-ci --output /var/www/ci-lustre/upstream-patch-review --git-hash 69bb343b8544d9e3ef33fb9d1a133d1984ae9d9f --change-id 60716_69bb343b8544d9e3ef33fb9d1a133d1984ae9d9f --subject LU-19823 lod: move flagging ost for avoidance into a helper function

  Checking /dev/kvm exists... OK
  Checking /dev/kvm permissions... OK
  Creating ccache directory... OK
  Checking ccache directory writable... OK

Environment validated successfully
Creating kernel tarball at /tmp/ktest-kernel.tar.gz...
Creating lustre tarball at /tmp/ktest-lustre.tar.gz...
Executing 16 jobs
Jobs will start as soon as their dependencies are satisfied
Using tarball input mode

START lustre_mainline_native build tests/fs/lustre/boot.ktest
START lustre_mainline_strict build tests/fs/lustre/boot-strict.ktest
START lustre_u24 build tests/fs/lustre/boot.ktest
START lustre_al2023 build tests/fs/lustre/boot.ktest
START checkpatch tool checkpatch
START lustre_mainline build tests/fs/lustre/boot.ktest
PUT /tmp/ktest-kernel.tar.gz 7s
PUT /tmp/ktest-kernel.tar.gz 8s
PUT /tmp/ktest-kernel.tar.gz 8s
PUT /tmp/ktest-kernel.tar.gz 8s
PUT /tmp/ktest-kernel.tar.gz 8s
PUT /tmp/ktest-kernel.tar.gz 8s
PUT /tmp/ktest-lustre.tar.gz 2s
PUT /tmp/ktest-lustre.tar.gz 2s
PUT /tmp/ktest-lustre.tar.gz 1s
PUT /tmp/ktest-lustre.tar.gz 2s
PUT /tmp/ktest-lustre.tar.gz 1s
PUT /tmp/ktest-lustre.tar.gz 1s
END checkpatch tool checkpatch FAIL 12s (exit code: 1)
END lustre_al2023 build tests/fs/lustre/boot.ktest PASS 69s
END lustre_u24 build tests/fs/lustre/boot.ktest PASS 75s
GET /tmp/ktest_lustre_mainline_strict_6gckx7mc.tar 4s
END lustre_mainline_strict build tests/fs/lustre/boot-strict.ktest FAIL 119s (exit code: 1)
GET /tmp/ktest_lustre_mainline_native_gycpbeki.tar 3s
GET /tmp/ktest_lustre_mainline_stnfeiwy.tar 3s
END lustre_mainline_native build tests/fs/lustre/boot.ktest PASS 127s
START clang-tidy tool clang-tidy
START cc-plugin tool cc-plugin
START boot run tests/fs/lustre/boot.ktest
START llmount run tests/fs/lustre/llmount.ktest
START llog-unit run tests/fs/lustre/llog-unit.ktest
START mgs-setup run tests/fs/lustre/mgs-setup.ktest
START sanity-1 run tests/fs/lustre/sanity/sanity-1.ktest
START sanity-2 run tests/fs/lustre/sanity/sanity-2.ktest
START sanity-3 run tests/fs/lustre/sanity/sanity-3.ktest
START sanity-4 run tests/fs/lustre/sanity/sanity-4.ktest
END lustre_mainline build tests/fs/lustre/boot.ktest PASS 128s
PUT /tmp/ktest-kernel.tar.gz 15s
PUT /tmp/ktest_lustre_mainline_native_gycpbeki.tar 19s
PUT /tmp/ktest_lustre_mainline_native_gycpbeki.tar 19s
PUT /tmp/ktest_lustre_mainline_native_gycpbeki.tar 19s
PUT /tmp/ktest_lustre_mainline_native_gycpbeki.tar 19s
PUT /tmp/ktest_lustre_mainline_native_gycpbeki.tar 19s
PUT /tmp/ktest-kernel.tar.gz 19s
PUT /tmp/ktest_lustre_mainline_native_gycpbeki.tar 19s
PUT /tmp/ktest_lustre_mainline_native_gycpbeki.tar 19s
PUT /tmp/ktest_lustre_mainline_native_gycpbeki.tar 19s
PUT /tmp/ktest-lustre.tar.gz 23s
PUT /tmp/ktest-lustre.tar.gz 32s
PUT /tmp/ktest_lustre_mainline_native_gycpbeki.tar 4s
PUT /tmp/ktest_lustre_mainline_native_gycpbeki.tar 9s
END cc-plugin tool cc-plugin FAIL 56s (exit code: 127)
END boot run tests/fs/lustre/boot.ktest PASS 76s
END clang-tidy tool clang-tidy PASS 78s
END mgs-setup run tests/fs/lustre/mgs-setup.ktest PASS 85s
END sanity-3 run tests/fs/lustre/sanity/sanity-3.ktest PASS 109s
END sanity-1 run tests/fs/lustre/sanity/sanity-1.ktest PASS 117s
END sanity-4 run tests/fs/lustre/sanity/sanity-4.ktest PASS 118s
END sanity-2 run tests/fs/lustre/sanity/sanity-2.ktest PASS 120s
END llog-unit run tests/fs/lustre/llog-unit.ktest PASS 162s
END llmount run tests/fs/lustre/llmount.ktest PASS 176s

============================================================
Final Results:
  checkpatch: FAIL (12s) (log: /var/www/ci-lustre/upstream-patch-review/69bb343b8544d9e3ef33fb9d1a133d1984ae9d9f_checkpatch.log)
  lustre_u24: PASS (75s) (log: /var/www/ci-lustre/upstream-patch-review/69bb343b8544d9e3ef33fb9d1a133d1984ae9d9f_lustre_u24.log)
  lustre_al2023: PASS (69s) (log: /var/www/ci-lustre/upstream-patch-review/69bb343b8544d9e3ef33fb9d1a133d1984ae9d9f_lustre_al2023.log)
  lustre_mainline_strict: FAIL (119s) (log: /var/www/ci-lustre/upstream-patch-review/69bb343b8544d9e3ef33fb9d1a133d1984ae9d9f_lustre_mainline_strict.log)
  lustre_mainline: PASS (128s) (log: /var/www/ci-lustre/upstream-patch-review/69bb343b8544d9e3ef33fb9d1a133d1984ae9d9f_lustre_mainline.log)
  lustre_mainline_native: PASS (127s) (log: /var/www/ci-lustre/upstream-patch-review/69bb343b8544d9e3ef33fb9d1a133d1984ae9d9f_lustre_mainline_native.log)
  clang-tidy: PASS (78s) (log: /var/www/ci-lustre/upstream-patch-review/69bb343b8544d9e3ef33fb9d1a133d1984ae9d9f_clang-tidy.log)
  cc-plugin: FAIL (56s) (log: /var/www/ci-lustre/upstream-patch-review/69bb343b8544d9e3ef33fb9d1a133d1984ae9d9f_cc-plugin.log)
  boot: PASS (76s) (log: /var/www/ci-lustre/upstream-patch-review/69bb343b8544d9e3ef33fb9d1a133d1984ae9d9f_boot.log)
  llmount: PASS (176s) (log: /var/www/ci-lustre/upstream-patch-review/69bb343b8544d9e3ef33fb9d1a133d1984ae9d9f_llmount.log)
  llog-unit: PASS (162s) (log: /var/www/ci-lustre/upstream-patch-review/69bb343b8544d9e3ef33fb9d1a133d1984ae9d9f_llog-unit.log)
  mgs-setup: PASS (85s) (log: /var/www/ci-lustre/upstream-patch-review/69bb343b8544d9e3ef33fb9d1a133d1984ae9d9f_mgs-setup.log)
  sanity-1: PASS (117s) (log: /var/www/ci-lustre/upstream-patch-review/69bb343b8544d9e3ef33fb9d1a133d1984ae9d9f_sanity-1.log)
  sanity-2: PASS (120s) (log: /var/www/ci-lustre/upstream-patch-review/69bb343b8544d9e3ef33fb9d1a133d1984ae9d9f_sanity-2.log)
  sanity-3: PASS (109s) (log: /var/www/ci-lustre/upstream-patch-review/69bb343b8544d9e3ef33fb9d1a133d1984ae9d9f_sanity-3.log)
  sanity-4: PASS (118s) (log: /var/www/ci-lustre/upstream-patch-review/69bb343b8544d9e3ef33fb9d1a133d1984ae9d9f_sanity-4.log)

Total execution time: 332s
