CLI: ./podman-ktest --podman-socket unix:///run/podman/podman.sock --shared-filesystem /tmp --tarball-input job lustre-ci --output /var/www/ci-lustre/upstream-patch-review --git-hash 69fb8e29b521ca166d9e8991a71fa0877b07fea0 --change-id 63334_69fb8e29b521ca166d9e8991a71fa0877b07fea0 --subject LU-9644 target: Add kernel doc style for target (7)

  Checking /dev/kvm exists... OK
  Checking /dev/kvm permissions... OK
  Creating ccache directory... OK
  Checking ccache directory writable... OK

Environment validated successfully
Creating kernel tarball at /tmp/ktest-kernel.tar.gz...
Creating lustre tarball at /tmp/ktest-lustre.tar.gz...
Executing 16 jobs
Jobs will start as soon as their dependencies are satisfied
Using tarball input mode

START lustre_mainline_strict build tests/fs/lustre/boot-strict.ktest
START lustre_al2023 build tests/fs/lustre/boot.ktest
START checkpatch tool checkpatch
START lustre_u24 build tests/fs/lustre/boot.ktest
START lustre_mainline_native build tests/fs/lustre/boot.ktest
START lustre_mainline build tests/fs/lustre/boot.ktest
PUT /tmp/ktest-kernel.tar.gz 18s
PUT /tmp/ktest-kernel.tar.gz 18s
PUT /tmp/ktest-kernel.tar.gz 18s
PUT /tmp/ktest-kernel.tar.gz 18s
PUT /tmp/ktest-kernel.tar.gz 19s
PUT /tmp/ktest-kernel.tar.gz 19s
PUT /tmp/ktest-lustre.tar.gz 5s
PUT /tmp/ktest-lustre.tar.gz 5s
PUT /tmp/ktest-lustre.tar.gz 6s
PUT /tmp/ktest-lustre.tar.gz 5s
PUT /tmp/ktest-lustre.tar.gz 6s
PUT /tmp/ktest-lustre.tar.gz 5s
END checkpatch tool checkpatch FAIL 27s (exit code: 1)
END lustre_al2023 build tests/fs/lustre/boot.ktest PASS 88s
END lustre_u24 build tests/fs/lustre/boot.ktest PASS 91s
GET /tmp/ktest_lustre_mainline_native_4rnqq920.tar 6s
GET /tmp/ktest_lustre_mainline_strict_x98duo3w.tar 6s
GET /tmp/ktest_lustre_mainline_j1s6o3h_.tar 6s
END lustre_mainline_native build tests/fs/lustre/boot.ktest FAIL 121s (exit code: 1)
END lustre_mainline build tests/fs/lustre/boot.ktest FAIL 123s (exit code: 1)
END lustre_mainline_strict build tests/fs/lustre/boot-strict.ktest FAIL 124s (exit code: 1)

============================================================
Final Results:
  checkpatch: FAIL (27s) (log: /var/www/ci-lustre/upstream-patch-review/69fb8e29b521ca166d9e8991a71fa0877b07fea0_checkpatch.log)
  lustre_u24: PASS (91s) (log: /var/www/ci-lustre/upstream-patch-review/69fb8e29b521ca166d9e8991a71fa0877b07fea0_lustre_u24.log)
  lustre_al2023: PASS (88s) (log: /var/www/ci-lustre/upstream-patch-review/69fb8e29b521ca166d9e8991a71fa0877b07fea0_lustre_al2023.log)
  lustre_mainline_strict: FAIL (124s) (log: /var/www/ci-lustre/upstream-patch-review/69fb8e29b521ca166d9e8991a71fa0877b07fea0_lustre_mainline_strict.log)
  lustre_mainline: FAIL (123s) (log: /var/www/ci-lustre/upstream-patch-review/69fb8e29b521ca166d9e8991a71fa0877b07fea0_lustre_mainline.log)
  lustre_mainline_native: FAIL (121s) (log: /var/www/ci-lustre/upstream-patch-review/69fb8e29b521ca166d9e8991a71fa0877b07fea0_lustre_mainline_native.log)
  clang-tidy: SKIPPED (due to dependency failure)
  cc-plugin: SKIPPED (due to dependency failure)
  boot: SKIPPED (due to dependency failure)
  llmount: SKIPPED (due to dependency failure)
  llog-unit: SKIPPED (due to dependency failure)
  mgs-setup: SKIPPED (due to dependency failure)
  sanity-1: SKIPPED (due to dependency failure)
  sanity-2: SKIPPED (due to dependency failure)
  sanity-3: SKIPPED (due to dependency failure)
  sanity-4: SKIPPED (due to dependency failure)

Total execution time: 156s
