CLI: ./podman-ktest --podman-socket unix:///run/podman/podman.sock --shared-filesystem /tmp --tarball-input job lustre-ci --output /var/www/ci-lustre/upstream-patch-review --git-hash 6a781961a3855889a1f85a8dbb594659b543fdad --change-id 64142_6a781961a3855889a1f85a8dbb594659b543fdad --subject LU-19826 lov: increase maximum mirror count to 256

  Checking /dev/kvm exists... OK
  Checking /dev/kvm permissions... OK
  Creating ccache directory... OK
  Checking ccache directory writable... OK

Environment validated successfully
Creating kernel tarball at /tmp/ktest-kernel.tar.gz...
Creating lustre tarball at /tmp/ktest-lustre.tar.gz...
Executing 16 jobs
Jobs will start as soon as their dependencies are satisfied
Using tarball input mode

START lustre_mainline_strict build tests/fs/lustre/boot-strict.ktest
START lustre_mainline_native build tests/fs/lustre/boot.ktest
START checkpatch tool checkpatch
START lustre_u24 build tests/fs/lustre/boot.ktest
START lustre_al2023 build tests/fs/lustre/boot.ktest
START lustre_mainline build tests/fs/lustre/boot.ktest
PUT /tmp/ktest-kernel.tar.gz 12s
PUT /tmp/ktest-kernel.tar.gz 12s
PUT /tmp/ktest-kernel.tar.gz 12s
PUT /tmp/ktest-kernel.tar.gz 12s
PUT /tmp/ktest-kernel.tar.gz 12s
PUT /tmp/ktest-kernel.tar.gz 12s
PUT /tmp/ktest-lustre.tar.gz 7s
PUT /tmp/ktest-lustre.tar.gz 7s
PUT /tmp/ktest-lustre.tar.gz 7s
PUT /tmp/ktest-lustre.tar.gz 7s
PUT /tmp/ktest-lustre.tar.gz 7s
PUT /tmp/ktest-lustre.tar.gz 8s
END checkpatch tool checkpatch PASS 23s
END lustre_al2023 build tests/fs/lustre/boot.ktest PASS 81s
END lustre_u24 build tests/fs/lustre/boot.ktest PASS 83s
GET /tmp/ktest_lustre_mainline_strict_9f0komet.tar 5s
END lustre_mainline_strict build tests/fs/lustre/boot-strict.ktest FAIL 156s (exit code: 1)
GET /tmp/ktest_lustre_mainline_sqbv99d9.tar 3s
GET /tmp/ktest_lustre_mainline_native_8akbshv5.tar 3s
END lustre_mainline build tests/fs/lustre/boot.ktest PASS 180s
END lustre_mainline_native build tests/fs/lustre/boot.ktest PASS 181s
START clang-tidy tool clang-tidy
START cc-plugin tool cc-plugin
START boot run tests/fs/lustre/boot.ktest
START llmount run tests/fs/lustre/llmount.ktest
START llog-unit run tests/fs/lustre/llog-unit.ktest
START mgs-setup run tests/fs/lustre/mgs-setup.ktest
START sanity-1 run tests/fs/lustre/sanity/sanity-1.ktest
START sanity-2 run tests/fs/lustre/sanity/sanity-2.ktest
START sanity-3 run tests/fs/lustre/sanity/sanity-3.ktest
START sanity-4 run tests/fs/lustre/sanity/sanity-4.ktest
PUT /tmp/ktest-kernel.tar.gz 39s
PUT /tmp/ktest_lustre_mainline_native_8akbshv5.tar 38s
PUT /tmp/ktest_lustre_mainline_native_8akbshv5.tar 39s
PUT /tmp/ktest_lustre_mainline_native_8akbshv5.tar 39s
PUT /tmp/ktest_lustre_mainline_native_8akbshv5.tar 39s
PUT /tmp/ktest_lustre_mainline_native_8akbshv5.tar 39s
PUT /tmp/ktest_lustre_mainline_native_8akbshv5.tar 39s
PUT /tmp/ktest_lustre_mainline_native_8akbshv5.tar 39s
PUT /tmp/ktest-kernel.tar.gz 39s
PUT /tmp/ktest_lustre_mainline_native_8akbshv5.tar 39s
PUT /tmp/ktest-lustre.tar.gz 72s
PUT /tmp/ktest-lustre.tar.gz 76s
PUT /tmp/ktest_lustre_mainline_native_8akbshv5.tar 12s
PUT /tmp/ktest_lustre_mainline_native_8akbshv5.tar 16s
END cc-plugin tool cc-plugin FAIL 131s (exit code: 127)
END boot run tests/fs/lustre/boot.ktest PASS 135s
END mgs-setup run tests/fs/lustre/mgs-setup.ktest PASS 151s
END clang-tidy tool clang-tidy PASS 156s
END sanity-1 run tests/fs/lustre/sanity/sanity-1.ktest PASS 158s
END sanity-3 run tests/fs/lustre/sanity/sanity-3.ktest PASS 171s
END sanity-4 run tests/fs/lustre/sanity/sanity-4.ktest PASS 176s
END sanity-2 run tests/fs/lustre/sanity/sanity-2.ktest PASS 188s
END llmount run tests/fs/lustre/llmount.ktest PASS 239s
END llog-unit run tests/fs/lustre/llog-unit.ktest PASS 245s

============================================================
Final Results:
  checkpatch: PASS (23s) (log: /var/www/ci-lustre/upstream-patch-review/6a781961a3855889a1f85a8dbb594659b543fdad_checkpatch.log)
  lustre_u24: PASS (83s) (log: /var/www/ci-lustre/upstream-patch-review/6a781961a3855889a1f85a8dbb594659b543fdad_lustre_u24.log)
  lustre_al2023: PASS (81s) (log: /var/www/ci-lustre/upstream-patch-review/6a781961a3855889a1f85a8dbb594659b543fdad_lustre_al2023.log)
  lustre_mainline_strict: FAIL (156s) (log: /var/www/ci-lustre/upstream-patch-review/6a781961a3855889a1f85a8dbb594659b543fdad_lustre_mainline_strict.log)
  lustre_mainline: PASS (180s) (log: /var/www/ci-lustre/upstream-patch-review/6a781961a3855889a1f85a8dbb594659b543fdad_lustre_mainline.log)
  lustre_mainline_native: PASS (181s) (log: /var/www/ci-lustre/upstream-patch-review/6a781961a3855889a1f85a8dbb594659b543fdad_lustre_mainline_native.log)
  clang-tidy: PASS (156s) (log: /var/www/ci-lustre/upstream-patch-review/6a781961a3855889a1f85a8dbb594659b543fdad_clang-tidy.log)
  cc-plugin: FAIL (131s) (log: /var/www/ci-lustre/upstream-patch-review/6a781961a3855889a1f85a8dbb594659b543fdad_cc-plugin.log)
  boot: PASS (135s) (log: /var/www/ci-lustre/upstream-patch-review/6a781961a3855889a1f85a8dbb594659b543fdad_boot.log)
  llmount: PASS (239s) (log: /var/www/ci-lustre/upstream-patch-review/6a781961a3855889a1f85a8dbb594659b543fdad_llmount.log)
  llog-unit: PASS (245s) (log: /var/www/ci-lustre/upstream-patch-review/6a781961a3855889a1f85a8dbb594659b543fdad_llog-unit.log)
  mgs-setup: PASS (151s) (log: /var/www/ci-lustre/upstream-patch-review/6a781961a3855889a1f85a8dbb594659b543fdad_mgs-setup.log)
  sanity-1: PASS (158s) (log: /var/www/ci-lustre/upstream-patch-review/6a781961a3855889a1f85a8dbb594659b543fdad_sanity-1.log)
  sanity-2: PASS (188s) (log: /var/www/ci-lustre/upstream-patch-review/6a781961a3855889a1f85a8dbb594659b543fdad_sanity-2.log)
  sanity-3: PASS (171s) (log: /var/www/ci-lustre/upstream-patch-review/6a781961a3855889a1f85a8dbb594659b543fdad_sanity-3.log)
  sanity-4: PASS (176s) (log: /var/www/ci-lustre/upstream-patch-review/6a781961a3855889a1f85a8dbb594659b543fdad_sanity-4.log)

Total execution time: 457s
