WARNING:MACRO_ARG_UNUSED: Argument 'page' is not used in function-like macro
#113: FILE: include/lustre_compat/linux/folio.h:35:
+#define folio_order(page)		(0)

WARNING:MACRO_ARG_UNUSED: Argument 'page' is not used in function-like macro
#144: FILE: include/lustre_compat/linux/folio.h:421:
+#define wbe_folio_size(page)		(PAGE_SIZE)

WARNING:MACRO_ARG_UNUSED: Argument 'folio' is not used in function-like macro
#154: FILE: include/lustre_compat/linux/folio.h:440:
+#define folio_size(folio)			(PAGE_SIZE)

WARNING:LONG_LINE_STRING: line length of 110 exceeds 100 columns
#797: FILE: lustre/llite/llite_mmap.c:445:
+	       "COMPLETED: "DFID": vma=%p start=%#lx end=%#lx vm_flags=%#lx pgoff=%lu vmf_flags=%#x: rc=%d\n",

ERROR:TRAILING_WHITESPACE: trailing whitespace
#3137: FILE: lustre/osc/osc_cache.c:1143:
+^I$

WARNING:LONG_LINE_STRING: line length of 117 exceeds 100 columns
#3141: FILE: lustre/osc/osc_cache.c:1147:
+		ext, "oe_start:%lu pgoff:%d trunc_index:%lu + partial:%d oe_end:%lu nr_oap:%d npgs:%d nr_pages:%d\n",

WARNING:VSPRINTF_SPECIFIER_PX: Using vsprintf specifier '%px' potentially exposes the kernel memory layout, if you don't really need the address please consider using '%p'.
#3221: FILE: lustre/osc/osc_cache.c:1220:
+		LASSERTF(ext->oe_npgs <=
+			 (LNET_MAX_IOV * osc_max_brw_imp(osc_cli(obj))),
+			 "ext:%px [%lu-%lu] oe_npgs:%d\n",
+			 ext, ext->oe_start, ext->oe_end, ext->oe_npgs);

WARNING:VSPRINTF_SPECIFIER_PX: Using vsprintf specifier '%px' potentially exposes the kernel memory layout, if you don't really need the address please consider using '%p'.
#3824: FILE: lustre/osc/osc_cache.c:2757:
+		LASSERTF(ext->oe_npgs <= (LNET_MAX_IOV * osc_max_brw_imp(cli)),
+			 "ext:%px [%lu-%lu] oe_npgs:%d (added:%d)\n",
+			 ext, ext->oe_start, ext->oe_end, ext->oe_npgs, npgs);

WARNING:VSPRINTF_SPECIFIER_PX: Using vsprintf specifier '%px' potentially exposes the kernel memory layout, if you don't really need the address please consider using '%p'.
#5709: FILE: lustre/osc/osc_request.c:1993:
+		LASSERTF(brw_count == 1 ||
+			 (ergo(i == 0, poff + pg->bp_count == brw_size(pg)) &&
+			  ergo(i > 0 && i < brw_count - 1,
+			       poff == 0 && pg->bp_count == brw_size(pg)) &&
+			  ergo(i == brw_count - 1, poff == 0)),
+			 "i:%d/%d pg:%px f:%px bp_off:%llu, bp_pgoff:%d poff:%d bp_count:%u size:%zu npgs:%d\n",
+			 i, brw_count, pg, pg->bp_folio,
+			 pg->bp_off, pg->bp_pgoff, poff,
+			 pg->bp_count, brw_size(pg), brw_npgs(pg));

total: 1 errors, 8 warnings, 6031 lines checked

NOTE: For some of the reported defects, checkpatch may be able to
      mechanically convert to the typical style using --fix or --fix-inplace.

NOTE: Whitespace errors detected.
      You may wish to use scripts/cleanpatch or scripts/cleanfile

Your patch has style problems, please review.

NOTE: If any of the errors are false positives, please report
      them to the maintainer, see CHECKPATCH in MAINTAINERS.
