CLI: ./podman-ktest --podman-socket unix:///run/podman/podman.sock --shared-filesystem /tmp --tarball-input job lustre-ci --output /var/www/ci-lustre/upstream-patch-review --git-hash 6a9ae8c93feb4a447bae18818f43a868f48ebe49 --change-id 54225_6a9ae8c93feb4a447bae18818f43a868f48ebe49 --subject LU-17594 ptlrpc: remove ptlrpc_connection hash table

  Checking /dev/kvm exists... OK
  Checking /dev/kvm permissions... OK
  Creating ccache directory... OK
  Checking ccache directory writable... OK

Environment validated successfully
Creating kernel tarball at /tmp/ktest-kernel.tar.gz...
Creating lustre tarball at /tmp/ktest-lustre.tar.gz...
Executing 16 jobs
Jobs will start as soon as their dependencies are satisfied
Using tarball input mode

START lustre_mainline_strict build tests/fs/lustre/boot-strict.ktest
START lustre_u24 build tests/fs/lustre/boot.ktest
START lustre_mainline_native build tests/fs/lustre/boot.ktest
START lustre_al2023 build tests/fs/lustre/boot.ktest
START checkpatch tool checkpatch
START lustre_mainline build tests/fs/lustre/boot.ktest
PUT /tmp/ktest-kernel.tar.gz 13s
PUT /tmp/ktest-kernel.tar.gz 13s
PUT /tmp/ktest-kernel.tar.gz 13s
PUT /tmp/ktest-kernel.tar.gz 13s
PUT /tmp/ktest-kernel.tar.gz 13s
PUT /tmp/ktest-kernel.tar.gz 13s
PUT /tmp/ktest-lustre.tar.gz 6s
PUT /tmp/ktest-lustre.tar.gz 6s
PUT /tmp/ktest-lustre.tar.gz 6s
PUT /tmp/ktest-lustre.tar.gz 6s
PUT /tmp/ktest-lustre.tar.gz 6s
PUT /tmp/ktest-lustre.tar.gz 6s
END checkpatch tool checkpatch FAIL 22s (exit code: 1)
END lustre_u24 build tests/fs/lustre/boot.ktest PASS 84s
END lustre_al2023 build tests/fs/lustre/boot.ktest PASS 86s
GET /tmp/ktest_lustre_mainline_strict_u6n3cp6b.tar 5s
END lustre_mainline_strict build tests/fs/lustre/boot-strict.ktest FAIL 154s (exit code: 1)
GET /tmp/ktest_lustre_mainline_4dcs_ztx.tar 3s
GET /tmp/ktest_lustre_mainline_native_oy6rfiu7.tar 3s
END lustre_mainline build tests/fs/lustre/boot.ktest PASS 175s
END lustre_mainline_native build tests/fs/lustre/boot.ktest PASS 177s
START clang-tidy tool clang-tidy
START cc-plugin tool cc-plugin
START boot run tests/fs/lustre/boot.ktest
START llmount run tests/fs/lustre/llmount.ktest
START llog-unit run tests/fs/lustre/llog-unit.ktest
START mgs-setup run tests/fs/lustre/mgs-setup.ktest
START sanity-1 run tests/fs/lustre/sanity/sanity-1.ktest
START sanity-2 run tests/fs/lustre/sanity/sanity-2.ktest
START sanity-3 run tests/fs/lustre/sanity/sanity-3.ktest
START sanity-4 run tests/fs/lustre/sanity/sanity-4.ktest
PUT /tmp/ktest-kernel.tar.gz 56s
PUT /tmp/ktest_lustre_mainline_native_oy6rfiu7.tar 56s
PUT /tmp/ktest_lustre_mainline_native_oy6rfiu7.tar 56s
PUT /tmp/ktest_lustre_mainline_native_oy6rfiu7.tar 56s
PUT /tmp/ktest_lustre_mainline_native_oy6rfiu7.tar 56s
PUT /tmp/ktest_lustre_mainline_native_oy6rfiu7.tar 56s
PUT /tmp/ktest-kernel.tar.gz 56s
PUT /tmp/ktest_lustre_mainline_native_oy6rfiu7.tar 56s
PUT /tmp/ktest_lustre_mainline_native_oy6rfiu7.tar 56s
PUT /tmp/ktest_lustre_mainline_native_oy6rfiu7.tar 56s
PUT /tmp/ktest-lustre.tar.gz 103s
PUT /tmp/ktest-lustre.tar.gz 103s
PUT /tmp/ktest_lustre_mainline_native_oy6rfiu7.tar 8s
PUT /tmp/ktest_lustre_mainline_native_oy6rfiu7.tar 8s
END cc-plugin tool cc-plugin FAIL 171s (exit code: 127)
END boot run tests/fs/lustre/boot.ktest PASS 177s
END clang-tidy tool clang-tidy PASS 199s
END mgs-setup run tests/fs/lustre/mgs-setup.ktest PASS 200s
END sanity-3 run tests/fs/lustre/sanity/sanity-3.ktest PASS 207s
END sanity-2 run tests/fs/lustre/sanity/sanity-2.ktest PASS 215s
END sanity-1 run tests/fs/lustre/sanity/sanity-1.ktest PASS 216s
END sanity-4 run tests/fs/lustre/sanity/sanity-4.ktest PASS 226s
END llog-unit run tests/fs/lustre/llog-unit.ktest PASS 283s
END llmount run tests/fs/lustre/llmount.ktest PASS 291s

============================================================
Final Results:
  checkpatch: FAIL (22s) (log: /var/www/ci-lustre/upstream-patch-review/6a9ae8c93feb4a447bae18818f43a868f48ebe49_checkpatch.log)
  lustre_u24: PASS (84s) (log: /var/www/ci-lustre/upstream-patch-review/6a9ae8c93feb4a447bae18818f43a868f48ebe49_lustre_u24.log)
  lustre_al2023: PASS (86s) (log: /var/www/ci-lustre/upstream-patch-review/6a9ae8c93feb4a447bae18818f43a868f48ebe49_lustre_al2023.log)
  lustre_mainline_strict: FAIL (154s) (log: /var/www/ci-lustre/upstream-patch-review/6a9ae8c93feb4a447bae18818f43a868f48ebe49_lustre_mainline_strict.log)
  lustre_mainline: PASS (175s) (log: /var/www/ci-lustre/upstream-patch-review/6a9ae8c93feb4a447bae18818f43a868f48ebe49_lustre_mainline.log)
  lustre_mainline_native: PASS (177s) (log: /var/www/ci-lustre/upstream-patch-review/6a9ae8c93feb4a447bae18818f43a868f48ebe49_lustre_mainline_native.log)
  clang-tidy: PASS (199s) (log: /var/www/ci-lustre/upstream-patch-review/6a9ae8c93feb4a447bae18818f43a868f48ebe49_clang-tidy.log)
  cc-plugin: FAIL (171s) (log: /var/www/ci-lustre/upstream-patch-review/6a9ae8c93feb4a447bae18818f43a868f48ebe49_cc-plugin.log)
  boot: PASS (177s) (log: /var/www/ci-lustre/upstream-patch-review/6a9ae8c93feb4a447bae18818f43a868f48ebe49_boot.log)
  llmount: PASS (291s) (log: /var/www/ci-lustre/upstream-patch-review/6a9ae8c93feb4a447bae18818f43a868f48ebe49_llmount.log)
  llog-unit: PASS (283s) (log: /var/www/ci-lustre/upstream-patch-review/6a9ae8c93feb4a447bae18818f43a868f48ebe49_llog-unit.log)
  mgs-setup: PASS (200s) (log: /var/www/ci-lustre/upstream-patch-review/6a9ae8c93feb4a447bae18818f43a868f48ebe49_mgs-setup.log)
  sanity-1: PASS (216s) (log: /var/www/ci-lustre/upstream-patch-review/6a9ae8c93feb4a447bae18818f43a868f48ebe49_sanity-1.log)
  sanity-2: PASS (215s) (log: /var/www/ci-lustre/upstream-patch-review/6a9ae8c93feb4a447bae18818f43a868f48ebe49_sanity-2.log)
  sanity-3: PASS (207s) (log: /var/www/ci-lustre/upstream-patch-review/6a9ae8c93feb4a447bae18818f43a868f48ebe49_sanity-3.log)
  sanity-4: PASS (226s) (log: /var/www/ci-lustre/upstream-patch-review/6a9ae8c93feb4a447bae18818f43a868f48ebe49_sanity-4.log)

Total execution time: 498s
