CLI: ./podman-ktest --podman-socket unix:///run/podman/podman.sock --shared-filesystem /tmp --tarball-input job lustre-ci --output /var/www/ci-lustre/upstream-patch-review --git-hash 6aacbed1b5daccef0d66955460ad18ff5872d653 --change-id 63897_6aacbed1b5daccef0d66955460ad18ff5872d653 --subject LU-19866 lnet: Add kernel doc style for lnet (5)

  Checking /dev/kvm exists... OK
  Checking /dev/kvm permissions... OK
  Creating ccache directory... OK
  Checking ccache directory writable... OK

Environment validated successfully
Creating kernel tarball at /tmp/ktest-kernel.tar.gz...
Creating lustre tarball at /tmp/ktest-lustre.tar.gz...
Executing 16 jobs
Jobs will start as soon as their dependencies are satisfied
Using tarball input mode

START lustre_mainline_strict build tests/fs/lustre/boot-strict.ktest
START checkpatch tool checkpatch
START lustre_mainline_native build tests/fs/lustre/boot.ktest
START lustre_mainline build tests/fs/lustre/boot.ktest
START lustre_u24 build tests/fs/lustre/boot.ktest
START lustre_al2023 build tests/fs/lustre/boot.ktest
PUT /tmp/ktest-kernel.tar.gz 9s
PUT /tmp/ktest-kernel.tar.gz 9s
PUT /tmp/ktest-kernel.tar.gz 9s
PUT /tmp/ktest-kernel.tar.gz 9s
PUT /tmp/ktest-kernel.tar.gz 9s
PUT /tmp/ktest-kernel.tar.gz 10s
PUT /tmp/ktest-lustre.tar.gz 8s
PUT /tmp/ktest-lustre.tar.gz 7s
PUT /tmp/ktest-lustre.tar.gz 7s
PUT /tmp/ktest-lustre.tar.gz 7s
PUT /tmp/ktest-lustre.tar.gz 7s
PUT /tmp/ktest-lustre.tar.gz 7s
END checkpatch tool checkpatch FAIL 20s (exit code: 1)
END lustre_al2023 build tests/fs/lustre/boot.ktest PASS 80s
END lustre_u24 build tests/fs/lustre/boot.ktest PASS 82s
GET /tmp/ktest_lustre_mainline_strict_vxdp_qwn.tar 4s
END lustre_mainline_strict build tests/fs/lustre/boot-strict.ktest FAIL 126s (exit code: 1)
GET /tmp/ktest_lustre_mainline_28r7lb0z.tar 3s
GET /tmp/ktest_lustre_mainline_native_yilhnrzg.tar 3s
END lustre_mainline build tests/fs/lustre/boot.ktest PASS 145s
END lustre_mainline_native build tests/fs/lustre/boot.ktest PASS 147s
START clang-tidy tool clang-tidy
START cc-plugin tool cc-plugin
START boot run tests/fs/lustre/boot.ktest
START llmount run tests/fs/lustre/llmount.ktest
START llog-unit run tests/fs/lustre/llog-unit.ktest
START mgs-setup run tests/fs/lustre/mgs-setup.ktest
START sanity-1 run tests/fs/lustre/sanity/sanity-1.ktest
START sanity-2 run tests/fs/lustre/sanity/sanity-2.ktest
START sanity-3 run tests/fs/lustre/sanity/sanity-3.ktest
START sanity-4 run tests/fs/lustre/sanity/sanity-4.ktest
PUT /tmp/ktest-kernel.tar.gz 49s
PUT /tmp/ktest_lustre_mainline_native_yilhnrzg.tar 49s
PUT /tmp/ktest_lustre_mainline_native_yilhnrzg.tar 49s
PUT /tmp/ktest_lustre_mainline_native_yilhnrzg.tar 49s
PUT /tmp/ktest-kernel.tar.gz 49s
PUT /tmp/ktest_lustre_mainline_native_yilhnrzg.tar 49s
PUT /tmp/ktest_lustre_mainline_native_yilhnrzg.tar 49s
PUT /tmp/ktest_lustre_mainline_native_yilhnrzg.tar 49s
PUT /tmp/ktest_lustre_mainline_native_yilhnrzg.tar 49s
PUT /tmp/ktest_lustre_mainline_native_yilhnrzg.tar 49s
PUT /tmp/ktest-lustre.tar.gz 68s
PUT /tmp/ktest-lustre.tar.gz 68s
PUT /tmp/ktest_lustre_mainline_native_yilhnrzg.tar 15s
PUT /tmp/ktest_lustre_mainline_native_yilhnrzg.tar 15s
END cc-plugin tool cc-plugin FAIL 136s (exit code: 127)
END boot run tests/fs/lustre/boot.ktest PASS 138s
END mgs-setup run tests/fs/lustre/mgs-setup.ktest PASS 152s
END clang-tidy tool clang-tidy PASS 153s
END sanity-2 run tests/fs/lustre/sanity/sanity-2.ktest PASS 157s
END sanity-3 run tests/fs/lustre/sanity/sanity-3.ktest PASS 168s
END sanity-1 run tests/fs/lustre/sanity/sanity-1.ktest PASS 170s
END sanity-4 run tests/fs/lustre/sanity/sanity-4.ktest PASS 183s
END llmount run tests/fs/lustre/llmount.ktest PASS 251s
END llog-unit run tests/fs/lustre/llog-unit.ktest PASS 253s

============================================================
Final Results:
  checkpatch: FAIL (20s) (log: /var/www/ci-lustre/upstream-patch-review/6aacbed1b5daccef0d66955460ad18ff5872d653_checkpatch.log)
  lustre_u24: PASS (82s) (log: /var/www/ci-lustre/upstream-patch-review/6aacbed1b5daccef0d66955460ad18ff5872d653_lustre_u24.log)
  lustre_al2023: PASS (80s) (log: /var/www/ci-lustre/upstream-patch-review/6aacbed1b5daccef0d66955460ad18ff5872d653_lustre_al2023.log)
  lustre_mainline_strict: FAIL (126s) (log: /var/www/ci-lustre/upstream-patch-review/6aacbed1b5daccef0d66955460ad18ff5872d653_lustre_mainline_strict.log)
  lustre_mainline: PASS (145s) (log: /var/www/ci-lustre/upstream-patch-review/6aacbed1b5daccef0d66955460ad18ff5872d653_lustre_mainline.log)
  lustre_mainline_native: PASS (147s) (log: /var/www/ci-lustre/upstream-patch-review/6aacbed1b5daccef0d66955460ad18ff5872d653_lustre_mainline_native.log)
  clang-tidy: PASS (153s) (log: /var/www/ci-lustre/upstream-patch-review/6aacbed1b5daccef0d66955460ad18ff5872d653_clang-tidy.log)
  cc-plugin: FAIL (136s) (log: /var/www/ci-lustre/upstream-patch-review/6aacbed1b5daccef0d66955460ad18ff5872d653_cc-plugin.log)
  boot: PASS (138s) (log: /var/www/ci-lustre/upstream-patch-review/6aacbed1b5daccef0d66955460ad18ff5872d653_boot.log)
  llmount: PASS (251s) (log: /var/www/ci-lustre/upstream-patch-review/6aacbed1b5daccef0d66955460ad18ff5872d653_llmount.log)
  llog-unit: PASS (253s) (log: /var/www/ci-lustre/upstream-patch-review/6aacbed1b5daccef0d66955460ad18ff5872d653_llog-unit.log)
  mgs-setup: PASS (152s) (log: /var/www/ci-lustre/upstream-patch-review/6aacbed1b5daccef0d66955460ad18ff5872d653_mgs-setup.log)
  sanity-1: PASS (170s) (log: /var/www/ci-lustre/upstream-patch-review/6aacbed1b5daccef0d66955460ad18ff5872d653_sanity-1.log)
  sanity-2: PASS (157s) (log: /var/www/ci-lustre/upstream-patch-review/6aacbed1b5daccef0d66955460ad18ff5872d653_sanity-2.log)
  sanity-3: PASS (168s) (log: /var/www/ci-lustre/upstream-patch-review/6aacbed1b5daccef0d66955460ad18ff5872d653_sanity-3.log)
  sanity-4: PASS (183s) (log: /var/www/ci-lustre/upstream-patch-review/6aacbed1b5daccef0d66955460ad18ff5872d653_sanity-4.log)

Total execution time: 431s
