CLI: ./podman-ktest --podman-socket unix:///run/podman/podman.sock --shared-filesystem /tmp --tarball-input job lustre-ci --output /var/www/ci-lustre/upstream-patch-review --git-hash 6b25776e41196df6be8aa4af4cb725f5c53659da --change-id 62860_6b25776e41196df6be8aa4af4cb725f5c53659da --subject LU-18857 mgs: add allow_register tunable parameter

  Checking /dev/kvm exists... OK
  Checking /dev/kvm permissions... OK
  Creating ccache directory... OK
  Checking ccache directory writable... OK

Environment validated successfully
Creating kernel tarball at /tmp/ktest-kernel.tar.gz...
Creating lustre tarball at /tmp/ktest-lustre.tar.gz...
Executing 16 jobs
Jobs will start as soon as their dependencies are satisfied
Using tarball input mode

START lustre_mainline_strict build tests/fs/lustre/boot-strict.ktest
START lustre_al2023 build tests/fs/lustre/boot.ktest
START checkpatch tool checkpatch
START lustre_mainline_native build tests/fs/lustre/boot.ktest
START lustre_u24 build tests/fs/lustre/boot.ktest
START lustre_mainline build tests/fs/lustre/boot.ktest
PUT /tmp/ktest-kernel.tar.gz 17s
PUT /tmp/ktest-kernel.tar.gz 17s
PUT /tmp/ktest-kernel.tar.gz 17s
PUT /tmp/ktest-kernel.tar.gz 17s
PUT /tmp/ktest-kernel.tar.gz 17s
PUT /tmp/ktest-kernel.tar.gz 17s
PUT /tmp/ktest-lustre.tar.gz 5s
PUT /tmp/ktest-lustre.tar.gz 6s
PUT /tmp/ktest-lustre.tar.gz 5s
PUT /tmp/ktest-lustre.tar.gz 6s
PUT /tmp/ktest-lustre.tar.gz 6s
PUT /tmp/ktest-lustre.tar.gz 5s
END checkpatch tool checkpatch FAIL 26s (exit code: 1)
END lustre_u24 build tests/fs/lustre/boot.ktest PASS 90s
END lustre_al2023 build tests/fs/lustre/boot.ktest PASS 92s
GET /tmp/ktest_lustre_mainline_strict_59rw3kfc.tar 5s
END lustre_mainline_strict build tests/fs/lustre/boot-strict.ktest FAIL 164s (exit code: 1)
GET /tmp/ktest_lustre_mainline_1j73m42m.tar 3s
GET /tmp/ktest_lustre_mainline_native_mqn4yqi9.tar 3s
END lustre_mainline build tests/fs/lustre/boot.ktest PASS 184s
END lustre_mainline_native build tests/fs/lustre/boot.ktest PASS 185s
START clang-tidy tool clang-tidy
START cc-plugin tool cc-plugin
START boot run tests/fs/lustre/boot.ktest
START llmount run tests/fs/lustre/llmount.ktest
START llog-unit run tests/fs/lustre/llog-unit.ktest
START mgs-setup run tests/fs/lustre/mgs-setup.ktest
START sanity-1 run tests/fs/lustre/sanity/sanity-1.ktest
START sanity-2 run tests/fs/lustre/sanity/sanity-2.ktest
START sanity-3 run tests/fs/lustre/sanity/sanity-3.ktest
START sanity-4 run tests/fs/lustre/sanity/sanity-4.ktest
PUT /tmp/ktest-kernel.tar.gz 33s
PUT /tmp/ktest_lustre_mainline_native_mqn4yqi9.tar 40s
PUT /tmp/ktest_lustre_mainline_native_mqn4yqi9.tar 39s
PUT /tmp/ktest_lustre_mainline_native_mqn4yqi9.tar 39s
PUT /tmp/ktest_lustre_mainline_native_mqn4yqi9.tar 39s
PUT /tmp/ktest-kernel.tar.gz 40s
PUT /tmp/ktest_lustre_mainline_native_mqn4yqi9.tar 40s
PUT /tmp/ktest_lustre_mainline_native_mqn4yqi9.tar 40s
PUT /tmp/ktest_lustre_mainline_native_mqn4yqi9.tar 40s
PUT /tmp/ktest_lustre_mainline_native_mqn4yqi9.tar 40s
PUT /tmp/ktest-lustre.tar.gz 90s
PUT /tmp/ktest-lustre.tar.gz 96s
PUT /tmp/ktest_lustre_mainline_native_mqn4yqi9.tar 20s
PUT /tmp/ktest_lustre_mainline_native_mqn4yqi9.tar 20s
END cc-plugin tool cc-plugin FAIL 153s (exit code: 127)
END boot run tests/fs/lustre/boot.ktest PASS 154s
END clang-tidy tool clang-tidy PASS 178s
END mgs-setup run tests/fs/lustre/mgs-setup.ktest PASS 179s
END sanity-4 run tests/fs/lustre/sanity/sanity-4.ktest PASS 182s
END sanity-3 run tests/fs/lustre/sanity/sanity-3.ktest PASS 184s
END sanity-2 run tests/fs/lustre/sanity/sanity-2.ktest PASS 207s
END sanity-1 run tests/fs/lustre/sanity/sanity-1.ktest PASS 209s
END llmount run tests/fs/lustre/llmount.ktest PASS 236s
END llog-unit run tests/fs/lustre/llog-unit.ktest PASS 259s

============================================================
Final Results:
  checkpatch: FAIL (26s) (log: /var/www/ci-lustre/upstream-patch-review/6b25776e41196df6be8aa4af4cb725f5c53659da_checkpatch.log)
  lustre_u24: PASS (90s) (log: /var/www/ci-lustre/upstream-patch-review/6b25776e41196df6be8aa4af4cb725f5c53659da_lustre_u24.log)
  lustre_al2023: PASS (92s) (log: /var/www/ci-lustre/upstream-patch-review/6b25776e41196df6be8aa4af4cb725f5c53659da_lustre_al2023.log)
  lustre_mainline_strict: FAIL (164s) (log: /var/www/ci-lustre/upstream-patch-review/6b25776e41196df6be8aa4af4cb725f5c53659da_lustre_mainline_strict.log)
  lustre_mainline: PASS (184s) (log: /var/www/ci-lustre/upstream-patch-review/6b25776e41196df6be8aa4af4cb725f5c53659da_lustre_mainline.log)
  lustre_mainline_native: PASS (185s) (log: /var/www/ci-lustre/upstream-patch-review/6b25776e41196df6be8aa4af4cb725f5c53659da_lustre_mainline_native.log)
  clang-tidy: PASS (178s) (log: /var/www/ci-lustre/upstream-patch-review/6b25776e41196df6be8aa4af4cb725f5c53659da_clang-tidy.log)
  cc-plugin: FAIL (153s) (log: /var/www/ci-lustre/upstream-patch-review/6b25776e41196df6be8aa4af4cb725f5c53659da_cc-plugin.log)
  boot: PASS (154s) (log: /var/www/ci-lustre/upstream-patch-review/6b25776e41196df6be8aa4af4cb725f5c53659da_boot.log)
  llmount: PASS (236s) (log: /var/www/ci-lustre/upstream-patch-review/6b25776e41196df6be8aa4af4cb725f5c53659da_llmount.log)
  llog-unit: PASS (259s) (log: /var/www/ci-lustre/upstream-patch-review/6b25776e41196df6be8aa4af4cb725f5c53659da_llog-unit.log)
  mgs-setup: PASS (179s) (log: /var/www/ci-lustre/upstream-patch-review/6b25776e41196df6be8aa4af4cb725f5c53659da_mgs-setup.log)
  sanity-1: PASS (209s) (log: /var/www/ci-lustre/upstream-patch-review/6b25776e41196df6be8aa4af4cb725f5c53659da_sanity-1.log)
  sanity-2: PASS (207s) (log: /var/www/ci-lustre/upstream-patch-review/6b25776e41196df6be8aa4af4cb725f5c53659da_sanity-2.log)
  sanity-3: PASS (184s) (log: /var/www/ci-lustre/upstream-patch-review/6b25776e41196df6be8aa4af4cb725f5c53659da_sanity-3.log)
  sanity-4: PASS (182s) (log: /var/www/ci-lustre/upstream-patch-review/6b25776e41196df6be8aa4af4cb725f5c53659da_sanity-4.log)

Total execution time: 475s
