00001 
00002 RDSEED32 is broken. Disabling the corresponding CPUID bit.
00038 tlp: vm.laptop_mode is deprecated. Ignoring setting.
00039 Kernel version: 7.0.0-ktest-6b64c6c428-20260619
00039 hook init_noop
00039 
00039 Running tests mgs-setup
00039 
00039 ========= TEST   mgs-setup
00039 /host/home/ktest/git/lustre-release/lustre/tests/test-framework.sh: line 6897: cd: HOME not set
00041 MGS_OS_VERSION_ID=24.04
00041 MGS_OS_ID=ubuntu
00041 MGS_OS_VERSION_CODE=402915328
00041 MGS_OS_ID_LIKE=debian ubuntu
00041 MDS1_OS_ID=ubuntu
00041 MDS1_OS_VERSION_CODE=402915328
00041 MDS1_OS_ID_LIKE=debian ubuntu
00041 MDS1_OS_VERSION_ID=24.04
00041 OST1_OS_VERSION_ID=24.04
00041 OST1_OS_VERSION_CODE=402915328
00041 OST1_OS_ID=ubuntu
00041 OST1_OS_ID_LIKE=debian ubuntu
00041 CLIENT_OS_VERSION_ID=24.04
00041 CLIENT_OS_ID_LIKE=debian ubuntu
00041 CLIENT_OS_ID=ubuntu
00041 CLIENT_OS_VERSION_CODE=402915328
00041 Loading modules from /host/home/ktest/git/lustre-release/lustre
00041 detected 16 online CPUs by sysfs
00041 MODOPTS_LIBCFS=
00041 libcfs will create CPU partition based on online CPUs
00042 libcfs: loading out-of-tree module taints kernel.
00042 libcfs: HW NUMA nodes: 1, HW CPU cores: 16, npartitions: 1
00042 Lustre: Lustre: Build Version: 2.17.54_5_g6b64c6c_dirty
00043 LNet: Added LNI 10.0.2.15@tcp [8/256/0/180]
00043 gss/krb5 is not supported
00043 Lustre: Echo OBD driver; http://www.lustre.org/
00044 
00044 
00049 
00049 
00049 
00049 Lustre: server umount MGS0000 complete
00049 
00049 Removed directory: /mnt/lustre-w2pjIX-MGS0000
00049 
00049 ========= PASSED mgs-setup in 11s
00049 
00049 Passed: mgs-setup
00049 Failed: 
00049 NOTICE: Automounting of tracing to debugfs is deprecated and will be removed in 2030
00049 Kernel version: 7.0.0-ktest-6b64c6c428-20260619
00049 TEST SUCCESS
