CLI: ./podman-ktest --podman-socket unix:///run/podman/podman.sock --shared-filesystem /tmp --tarball-input job lustre-ci --output /var/www/ci-lustre/upstream-patch-review --git-hash 6b9bd62621ecc557ad155e7bb674c4bde52bd9f0 --change-id 57454_6b9bd62621ecc557ad155e7bb674c4bde52bd9f0 --subject LU-18461 layout: allow to be started from zero offset.

  Checking /dev/kvm exists... OK
  Checking /dev/kvm permissions... OK
  Creating ccache directory... OK
  Checking ccache directory writable... OK

Environment validated successfully
Creating kernel tarball at /tmp/ktest-kernel.tar.gz...
Creating lustre tarball at /tmp/ktest-lustre.tar.gz...
Executing 16 jobs
Jobs will start as soon as their dependencies are satisfied
Using tarball input mode

START lustre_mainline_strict build tests/fs/lustre/boot-strict.ktest
START al2023 build tests/fs/lustre/boot.ktest
START lustre_mainline_native build tests/fs/lustre/boot.ktest
START u24 build tests/fs/lustre/boot.ktest
START lustre_mainline build tests/fs/lustre/boot.ktest
START checkpatch tool checkpatch
PUT /tmp/ktest-kernel.tar.gz 8s
PUT /tmp/ktest-kernel.tar.gz 8s
PUT /tmp/ktest-kernel.tar.gz 8s
PUT /tmp/ktest-kernel.tar.gz 8s
PUT /tmp/ktest-kernel.tar.gz 8s
PUT /tmp/ktest-kernel.tar.gz 8s
PUT /tmp/ktest-lustre.tar.gz 2s
PUT /tmp/ktest-lustre.tar.gz 2s
PUT /tmp/ktest-lustre.tar.gz 2s
PUT /tmp/ktest-lustre.tar.gz 2s
PUT /tmp/ktest-lustre.tar.gz 2s
PUT /tmp/ktest-lustre.tar.gz 2s
END checkpatch tool checkpatch FAIL 13s (exit code: 1)
END al2023 build tests/fs/lustre/boot.ktest PASS 67s
END u24 build tests/fs/lustre/boot.ktest PASS 70s
GET /tmp/ktest_lustre_mainline_strict_51nfde16.tar 5s
END lustre_mainline_strict build tests/fs/lustre/boot-strict.ktest FAIL 91s (exit code: 1)
GET /tmp/ktest_lustre_mainline_native_tc8fgag_.tar 3s
GET /tmp/ktest_lustre_mainline_gyhy_m30.tar 3s
END lustre_mainline_native build tests/fs/lustre/boot.ktest PASS 96s
START clang-tidy tool clang-tidy
START cc-plugin tool cc-plugin
START boot run tests/fs/lustre/boot.ktest
START llmount run tests/fs/lustre/llmount.ktest
START llog-unit run tests/fs/lustre/llog-unit.ktest
START mgs-setup run tests/fs/lustre/mgs-setup.ktest
START sanity-1 run tests/fs/lustre/sanity/sanity-1.ktest
START sanity-2 run tests/fs/lustre/sanity/sanity-2.ktest
START sanity-3 run tests/fs/lustre/sanity/sanity-3.ktest
START sanity-4 run tests/fs/lustre/sanity/sanity-4.ktest
END lustre_mainline build tests/fs/lustre/boot.ktest PASS 97s
PUT /tmp/ktest-kernel.tar.gz 9s
PUT /tmp/ktest_lustre_mainline_native_tc8fgag_.tar 9s
PUT /tmp/ktest_lustre_mainline_native_tc8fgag_.tar 9s
PUT /tmp/ktest_lustre_mainline_native_tc8fgag_.tar 10s
PUT /tmp/ktest_lustre_mainline_native_tc8fgag_.tar 9s
PUT /tmp/ktest_lustre_mainline_native_tc8fgag_.tar 10s
PUT /tmp/ktest_lustre_mainline_native_tc8fgag_.tar 10s
PUT /tmp/ktest_lustre_mainline_native_tc8fgag_.tar 10s
PUT /tmp/ktest_lustre_mainline_native_tc8fgag_.tar 9s
PUT /tmp/ktest-kernel.tar.gz 10s
PUT /tmp/ktest-lustre.tar.gz 29s
PUT /tmp/ktest-lustre.tar.gz 32s
PUT /tmp/ktest_lustre_mainline_native_tc8fgag_.tar 4s
PUT /tmp/ktest_lustre_mainline_native_tc8fgag_.tar 8s
END clang-tidy tool clang-tidy FAIL 50s (exit code: 1)
END cc-plugin tool cc-plugin FAIL 51s (exit code: 127)
END boot run tests/fs/lustre/boot.ktest PASS 61s
END mgs-setup run tests/fs/lustre/mgs-setup.ktest PASS 70s
END sanity-4 run tests/fs/lustre/sanity/sanity-4.ktest PASS 77s
END sanity-2 run tests/fs/lustre/sanity/sanity-2.ktest PASS 82s
END sanity-3 run tests/fs/lustre/sanity/sanity-3.ktest PASS 88s
END sanity-1 run tests/fs/lustre/sanity/sanity-1.ktest PASS 89s
END llmount run tests/fs/lustre/llmount.ktest PASS 149s
END llog-unit run tests/fs/lustre/llog-unit.ktest PASS 162s

============================================================
Final Results:
  checkpatch: FAIL (13s) (log: /var/www/ci-lustre/upstream-patch-review/6b9bd62621ecc557ad155e7bb674c4bde52bd9f0_checkpatch.log)
  u24: PASS (70s) (log: /var/www/ci-lustre/upstream-patch-review/6b9bd62621ecc557ad155e7bb674c4bde52bd9f0_u24.log)
  al2023: PASS (67s) (log: /var/www/ci-lustre/upstream-patch-review/6b9bd62621ecc557ad155e7bb674c4bde52bd9f0_al2023.log)
  lustre_mainline_strict: FAIL (91s) (log: /var/www/ci-lustre/upstream-patch-review/6b9bd62621ecc557ad155e7bb674c4bde52bd9f0_lustre_mainline_strict.log)
  lustre_mainline: PASS (97s) (log: /var/www/ci-lustre/upstream-patch-review/6b9bd62621ecc557ad155e7bb674c4bde52bd9f0_lustre_mainline.log)
  lustre_mainline_native: PASS (96s) (log: /var/www/ci-lustre/upstream-patch-review/6b9bd62621ecc557ad155e7bb674c4bde52bd9f0_lustre_mainline_native.log)
  clang-tidy: FAIL (50s) (log: /var/www/ci-lustre/upstream-patch-review/6b9bd62621ecc557ad155e7bb674c4bde52bd9f0_clang-tidy.log)
  cc-plugin: FAIL (51s) (log: /var/www/ci-lustre/upstream-patch-review/6b9bd62621ecc557ad155e7bb674c4bde52bd9f0_cc-plugin.log)
  boot: PASS (61s) (log: /var/www/ci-lustre/upstream-patch-review/6b9bd62621ecc557ad155e7bb674c4bde52bd9f0_boot.log)
  llmount: PASS (149s) (log: /var/www/ci-lustre/upstream-patch-review/6b9bd62621ecc557ad155e7bb674c4bde52bd9f0_llmount.log)
  llog-unit: PASS (162s) (log: /var/www/ci-lustre/upstream-patch-review/6b9bd62621ecc557ad155e7bb674c4bde52bd9f0_llog-unit.log)
  mgs-setup: PASS (70s) (log: /var/www/ci-lustre/upstream-patch-review/6b9bd62621ecc557ad155e7bb674c4bde52bd9f0_mgs-setup.log)
  sanity-1: PASS (89s) (log: /var/www/ci-lustre/upstream-patch-review/6b9bd62621ecc557ad155e7bb674c4bde52bd9f0_sanity-1.log)
  sanity-2: PASS (82s) (log: /var/www/ci-lustre/upstream-patch-review/6b9bd62621ecc557ad155e7bb674c4bde52bd9f0_sanity-2.log)
  sanity-3: PASS (88s) (log: /var/www/ci-lustre/upstream-patch-review/6b9bd62621ecc557ad155e7bb674c4bde52bd9f0_sanity-3.log)
  sanity-4: PASS (77s) (log: /var/www/ci-lustre/upstream-patch-review/6b9bd62621ecc557ad155e7bb674c4bde52bd9f0_sanity-4.log)

Total execution time: 290s
