CLI: ./podman-ktest --podman-socket unix:///run/podman/podman.sock --shared-filesystem /tmp --tarball-input job lustre-ci --output /var/www/ci-lustre/upstream-patch-review --git-hash 6beeeb9d9628a4d5293f6278d4d86c0263b393aa --change-id 63825_6beeeb9d9628a4d5293f6278d4d86c0263b393aa --subject LU-19856 ldiskfs: restore commit info on ldiskfs patches

  Checking /dev/kvm exists... OK
  Checking /dev/kvm permissions... OK
  Creating ccache directory... OK
  Checking ccache directory writable... OK

Environment validated successfully
Creating kernel tarball at /tmp/ktest-kernel.tar.gz...
Creating lustre tarball at /tmp/ktest-lustre.tar.gz...
Executing 16 jobs
Jobs will start as soon as their dependencies are satisfied
Using tarball input mode

START lustre_mainline build tests/fs/lustre/boot.ktest
START lustre_al2023 build tests/fs/lustre/boot.ktest
START checkpatch tool checkpatch
START lustre_u24 build tests/fs/lustre/boot.ktest
START lustre_mainline_strict build tests/fs/lustre/boot-strict.ktest
START lustre_mainline_native build tests/fs/lustre/boot.ktest
PUT /tmp/ktest-kernel.tar.gz 8s
PUT /tmp/ktest-kernel.tar.gz 8s
PUT /tmp/ktest-kernel.tar.gz 9s
PUT /tmp/ktest-kernel.tar.gz 9s
PUT /tmp/ktest-kernel.tar.gz 9s
PUT /tmp/ktest-kernel.tar.gz 9s
PUT /tmp/ktest-lustre.tar.gz 4s
PUT /tmp/ktest-lustre.tar.gz 4s
PUT /tmp/ktest-lustre.tar.gz 4s
PUT /tmp/ktest-lustre.tar.gz 3s
PUT /tmp/ktest-lustre.tar.gz 3s
PUT /tmp/ktest-lustre.tar.gz 4s
END checkpatch tool checkpatch FAIL 20s (exit code: 1)
END lustre_al2023 build tests/fs/lustre/boot.ktest PASS 73s
END lustre_u24 build tests/fs/lustre/boot.ktest PASS 79s
GET /tmp/ktest_lustre_mainline_strict_bjfbhz9u.tar 4s
END lustre_mainline_strict build tests/fs/lustre/boot-strict.ktest FAIL 117s (exit code: 1)
GET /tmp/ktest_lustre_mainline_native_q75bwoft.tar 3s
GET /tmp/ktest_lustre_mainline_4lmcksl3.tar 3s
END lustre_mainline_native build tests/fs/lustre/boot.ktest PASS 136s
START clang-tidy tool clang-tidy
START cc-plugin tool cc-plugin
START boot run tests/fs/lustre/boot.ktest
START llmount run tests/fs/lustre/llmount.ktest
START llog-unit run tests/fs/lustre/llog-unit.ktest
START mgs-setup run tests/fs/lustre/mgs-setup.ktest
START sanity-1 run tests/fs/lustre/sanity/sanity-1.ktest
START sanity-2 run tests/fs/lustre/sanity/sanity-2.ktest
START sanity-3 run tests/fs/lustre/sanity/sanity-3.ktest
START sanity-4 run tests/fs/lustre/sanity/sanity-4.ktest
END lustre_mainline build tests/fs/lustre/boot.ktest PASS 138s
PUT /tmp/ktest-kernel.tar.gz 23s
PUT /tmp/ktest_lustre_mainline_native_q75bwoft.tar 26s
PUT /tmp/ktest_lustre_mainline_native_q75bwoft.tar 26s
PUT /tmp/ktest_lustre_mainline_native_q75bwoft.tar 26s
PUT /tmp/ktest_lustre_mainline_native_q75bwoft.tar 26s
PUT /tmp/ktest-kernel.tar.gz 26s
PUT /tmp/ktest_lustre_mainline_native_q75bwoft.tar 26s
PUT /tmp/ktest_lustre_mainline_native_q75bwoft.tar 26s
PUT /tmp/ktest_lustre_mainline_native_q75bwoft.tar 26s
PUT /tmp/ktest_lustre_mainline_native_q75bwoft.tar 26s
PUT /tmp/ktest-lustre.tar.gz 64s
PUT /tmp/ktest-lustre.tar.gz 61s
PUT /tmp/ktest_lustre_mainline_native_q75bwoft.tar 10s
PUT /tmp/ktest_lustre_mainline_native_q75bwoft.tar 11s
END boot run tests/fs/lustre/boot.ktest PASS 102s
END cc-plugin tool cc-plugin FAIL 104s (exit code: 127)
END clang-tidy tool clang-tidy PASS 120s
END mgs-setup run tests/fs/lustre/mgs-setup.ktest PASS 121s
END sanity-3 run tests/fs/lustre/sanity/sanity-3.ktest PASS 124s
END sanity-1 run tests/fs/lustre/sanity/sanity-1.ktest PASS 133s
END sanity-2 run tests/fs/lustre/sanity/sanity-2.ktest PASS 136s
END sanity-4 run tests/fs/lustre/sanity/sanity-4.ktest PASS 136s
END llog-unit run tests/fs/lustre/llog-unit.ktest PASS 199s
END llmount run tests/fs/lustre/llmount.ktest PASS 200s

============================================================
Final Results:
  checkpatch: FAIL (20s) (log: /var/www/ci-lustre/upstream-patch-review/6beeeb9d9628a4d5293f6278d4d86c0263b393aa_checkpatch.log)
  lustre_u24: PASS (79s) (log: /var/www/ci-lustre/upstream-patch-review/6beeeb9d9628a4d5293f6278d4d86c0263b393aa_lustre_u24.log)
  lustre_al2023: PASS (73s) (log: /var/www/ci-lustre/upstream-patch-review/6beeeb9d9628a4d5293f6278d4d86c0263b393aa_lustre_al2023.log)
  lustre_mainline_strict: FAIL (117s) (log: /var/www/ci-lustre/upstream-patch-review/6beeeb9d9628a4d5293f6278d4d86c0263b393aa_lustre_mainline_strict.log)
  lustre_mainline: PASS (138s) (log: /var/www/ci-lustre/upstream-patch-review/6beeeb9d9628a4d5293f6278d4d86c0263b393aa_lustre_mainline.log)
  lustre_mainline_native: PASS (136s) (log: /var/www/ci-lustre/upstream-patch-review/6beeeb9d9628a4d5293f6278d4d86c0263b393aa_lustre_mainline_native.log)
  clang-tidy: PASS (120s) (log: /var/www/ci-lustre/upstream-patch-review/6beeeb9d9628a4d5293f6278d4d86c0263b393aa_clang-tidy.log)
  cc-plugin: FAIL (104s) (log: /var/www/ci-lustre/upstream-patch-review/6beeeb9d9628a4d5293f6278d4d86c0263b393aa_cc-plugin.log)
  boot: PASS (102s) (log: /var/www/ci-lustre/upstream-patch-review/6beeeb9d9628a4d5293f6278d4d86c0263b393aa_boot.log)
  llmount: PASS (200s) (log: /var/www/ci-lustre/upstream-patch-review/6beeeb9d9628a4d5293f6278d4d86c0263b393aa_llmount.log)
  llog-unit: PASS (199s) (log: /var/www/ci-lustre/upstream-patch-review/6beeeb9d9628a4d5293f6278d4d86c0263b393aa_llog-unit.log)
  mgs-setup: PASS (121s) (log: /var/www/ci-lustre/upstream-patch-review/6beeeb9d9628a4d5293f6278d4d86c0263b393aa_mgs-setup.log)
  sanity-1: PASS (133s) (log: /var/www/ci-lustre/upstream-patch-review/6beeeb9d9628a4d5293f6278d4d86c0263b393aa_sanity-1.log)
  sanity-2: PASS (136s) (log: /var/www/ci-lustre/upstream-patch-review/6beeeb9d9628a4d5293f6278d4d86c0263b393aa_sanity-2.log)
  sanity-3: PASS (124s) (log: /var/www/ci-lustre/upstream-patch-review/6beeeb9d9628a4d5293f6278d4d86c0263b393aa_sanity-3.log)
  sanity-4: PASS (136s) (log: /var/www/ci-lustre/upstream-patch-review/6beeeb9d9628a4d5293f6278d4d86c0263b393aa_sanity-4.log)

Total execution time: 368s
