CLI: ./podman-ktest --podman-socket unix:///run/podman/podman.sock --shared-filesystem /tmp --tarball-input job lustre-ci --output /var/www/ci-lustre/upstream-patch-review --git-hash 6c67a5ddc9ba1e11af732ad88fd232a35a5c8cff --change-id 62654_6c67a5ddc9ba1e11af732ad88fd232a35a5c8cff --subject LU-19631 llite: fix EOF handling for EC parity mirrors

  Checking /dev/kvm exists... OK
  Checking /dev/kvm permissions... OK
  Creating ccache directory... OK
  Checking ccache directory writable... OK

Environment validated successfully
Creating kernel tarball at /tmp/ktest-kernel.tar.gz...
Creating lustre tarball at /tmp/ktest-lustre.tar.gz...
Executing 16 jobs
Jobs will start as soon as their dependencies are satisfied
Using tarball input mode

START lustre_mainline build tests/fs/lustre/boot.ktest
START al2023 build tests/fs/lustre/boot.ktest
START lustre_mainline_strict build tests/fs/lustre/boot-strict.ktest
START u24 build tests/fs/lustre/boot.ktest
START lustre_mainline_native build tests/fs/lustre/boot.ktest
START checkpatch tool checkpatch
PUT /tmp/ktest-kernel.tar.gz 8s
PUT /tmp/ktest-kernel.tar.gz 8s
PUT /tmp/ktest-kernel.tar.gz 8s
PUT /tmp/ktest-kernel.tar.gz 8s
PUT /tmp/ktest-kernel.tar.gz 8s
PUT /tmp/ktest-kernel.tar.gz 8s
PUT /tmp/ktest-lustre.tar.gz 2s
PUT /tmp/ktest-lustre.tar.gz 2s
PUT /tmp/ktest-lustre.tar.gz 2s
PUT /tmp/ktest-lustre.tar.gz 2s
PUT /tmp/ktest-lustre.tar.gz 2s
PUT /tmp/ktest-lustre.tar.gz 2s
END checkpatch tool checkpatch FAIL 13s (exit code: 1)
END al2023 build tests/fs/lustre/boot.ktest PASS 72s
END u24 build tests/fs/lustre/boot.ktest PASS 75s
GET /tmp/ktest_lustre_mainline_native_3kuaw44w.tar 5s
END lustre_mainline_native build tests/fs/lustre/boot.ktest FAIL 92s (exit code: 1)
GET /tmp/ktest_lustre_mainline_o144hxws.tar 6s
GET /tmp/ktest_lustre_mainline_strict_2f9o28la.tar 6s
END lustre_mainline build tests/fs/lustre/boot.ktest FAIL 96s (exit code: 1)
END lustre_mainline_strict build tests/fs/lustre/boot-strict.ktest FAIL 97s (exit code: 1)

============================================================
Final Results:
  checkpatch: FAIL (13s) (log: /var/www/ci-lustre/upstream-patch-review/6c67a5ddc9ba1e11af732ad88fd232a35a5c8cff_checkpatch.log)
  u24: PASS (75s) (log: /var/www/ci-lustre/upstream-patch-review/6c67a5ddc9ba1e11af732ad88fd232a35a5c8cff_u24.log)
  al2023: PASS (72s) (log: /var/www/ci-lustre/upstream-patch-review/6c67a5ddc9ba1e11af732ad88fd232a35a5c8cff_al2023.log)
  lustre_mainline_strict: FAIL (97s) (log: /var/www/ci-lustre/upstream-patch-review/6c67a5ddc9ba1e11af732ad88fd232a35a5c8cff_lustre_mainline_strict.log)
  lustre_mainline: FAIL (96s) (log: /var/www/ci-lustre/upstream-patch-review/6c67a5ddc9ba1e11af732ad88fd232a35a5c8cff_lustre_mainline.log)
  lustre_mainline_native: FAIL (92s) (log: /var/www/ci-lustre/upstream-patch-review/6c67a5ddc9ba1e11af732ad88fd232a35a5c8cff_lustre_mainline_native.log)
  clang-tidy: SKIPPED (due to dependency failure)
  cc-plugin: SKIPPED (due to dependency failure)
  boot: SKIPPED (due to dependency failure)
  llmount: SKIPPED (due to dependency failure)
  llog-unit: SKIPPED (due to dependency failure)
  mgs-setup: SKIPPED (due to dependency failure)
  sanity-1: SKIPPED (due to dependency failure)
  sanity-2: SKIPPED (due to dependency failure)
  sanity-3: SKIPPED (due to dependency failure)
  sanity-4: SKIPPED (due to dependency failure)

Total execution time: 128s
