CLI: ./podman-ktest --podman-socket unix:///run/podman/podman.sock --shared-filesystem /tmp --tarball-input job lustre-ci --output /var/www/ci-lustre/upstream-patch-review --git-hash 6e6d66df579598dab1d005f3ca7f4c080c32264a --change-id 62078_6e6d66df579598dab1d005f3ca7f4c080c32264a --subject LU-19527 lod: block prefer flags on parity components

  Checking /dev/kvm exists... OK
  Checking /dev/kvm permissions... OK
  Creating ccache directory... OK
  Checking ccache directory writable... OK

Environment validated successfully
Creating kernel tarball at /tmp/ktest-kernel.tar.gz...
Creating lustre tarball at /tmp/ktest-lustre.tar.gz...
Executing 16 jobs
Jobs will start as soon as their dependencies are satisfied
Using tarball input mode

START checkpatch tool checkpatch
START lustre_mainline build tests/fs/lustre/boot.ktest
START lustre_al2023 build tests/fs/lustre/boot.ktest
START lustre_u24 build tests/fs/lustre/boot.ktest
START lustre_mainline_native build tests/fs/lustre/boot.ktest
START lustre_mainline_strict build tests/fs/lustre/boot-strict.ktest
PUT /tmp/ktest-kernel.tar.gz 8s
PUT /tmp/ktest-kernel.tar.gz 8s
PUT /tmp/ktest-kernel.tar.gz 8s
PUT /tmp/ktest-kernel.tar.gz 8s
PUT /tmp/ktest-kernel.tar.gz 9s
PUT /tmp/ktest-kernel.tar.gz 9s
PUT /tmp/ktest-lustre.tar.gz 2s
PUT /tmp/ktest-lustre.tar.gz 2s
PUT /tmp/ktest-lustre.tar.gz 2s
PUT /tmp/ktest-lustre.tar.gz 2s
PUT /tmp/ktest-lustre.tar.gz 2s
PUT /tmp/ktest-lustre.tar.gz 3s
END checkpatch tool checkpatch PASS 14s
END lustre_al2023 build tests/fs/lustre/boot.ktest PASS 72s
END lustre_u24 build tests/fs/lustre/boot.ktest PASS 74s
GET /tmp/ktest_lustre_mainline_strict_4kwsn06x.tar 4s
END lustre_mainline_strict build tests/fs/lustre/boot-strict.ktest FAIL 116s (exit code: 1)
GET /tmp/ktest_lustre_mainline_native_3hg31wl2.tar 3s
GET /tmp/ktest_lustre_mainline_7p9_pcz7.tar 3s
END lustre_mainline_native build tests/fs/lustre/boot.ktest PASS 128s
START clang-tidy tool clang-tidy
START cc-plugin tool cc-plugin
START boot run tests/fs/lustre/boot.ktest
START llmount run tests/fs/lustre/llmount.ktest
START llog-unit run tests/fs/lustre/llog-unit.ktest
START mgs-setup run tests/fs/lustre/mgs-setup.ktest
START sanity-1 run tests/fs/lustre/sanity/sanity-1.ktest
START sanity-2 run tests/fs/lustre/sanity/sanity-2.ktest
START sanity-3 run tests/fs/lustre/sanity/sanity-3.ktest
START sanity-4 run tests/fs/lustre/sanity/sanity-4.ktest
END lustre_mainline build tests/fs/lustre/boot.ktest PASS 129s
PUT /tmp/ktest-kernel.tar.gz 15s
PUT /tmp/ktest_lustre_mainline_native_3hg31wl2.tar 17s
PUT /tmp/ktest_lustre_mainline_native_3hg31wl2.tar 17s
PUT /tmp/ktest_lustre_mainline_native_3hg31wl2.tar 17s
PUT /tmp/ktest_lustre_mainline_native_3hg31wl2.tar 17s
PUT /tmp/ktest_lustre_mainline_native_3hg31wl2.tar 17s
PUT /tmp/ktest_lustre_mainline_native_3hg31wl2.tar 17s
PUT /tmp/ktest_lustre_mainline_native_3hg31wl2.tar 17s
PUT /tmp/ktest-kernel.tar.gz 17s
PUT /tmp/ktest_lustre_mainline_native_3hg31wl2.tar 17s
PUT /tmp/ktest-lustre.tar.gz 23s
PUT /tmp/ktest-lustre.tar.gz 27s
PUT /tmp/ktest_lustre_mainline_native_3hg31wl2.tar 6s
PUT /tmp/ktest_lustre_mainline_native_3hg31wl2.tar 4s
END cc-plugin tool cc-plugin FAIL 52s (exit code: 127)
END boot run tests/fs/lustre/boot.ktest PASS 64s
END clang-tidy tool clang-tidy PASS 69s
END mgs-setup run tests/fs/lustre/mgs-setup.ktest PASS 79s
END sanity-3 run tests/fs/lustre/sanity/sanity-3.ktest PASS 87s
END sanity-4 run tests/fs/lustre/sanity/sanity-4.ktest PASS 95s
END sanity-2 run tests/fs/lustre/sanity/sanity-2.ktest PASS 98s
END sanity-1 run tests/fs/lustre/sanity/sanity-1.ktest PASS 99s
END llmount run tests/fs/lustre/llmount.ktest PASS 156s
END llog-unit run tests/fs/lustre/llog-unit.ktest PASS 171s

============================================================
Final Results:
  checkpatch: PASS (14s) (log: /var/www/ci-lustre/upstream-patch-review/6e6d66df579598dab1d005f3ca7f4c080c32264a_checkpatch.log)
  lustre_u24: PASS (74s) (log: /var/www/ci-lustre/upstream-patch-review/6e6d66df579598dab1d005f3ca7f4c080c32264a_lustre_u24.log)
  lustre_al2023: PASS (72s) (log: /var/www/ci-lustre/upstream-patch-review/6e6d66df579598dab1d005f3ca7f4c080c32264a_lustre_al2023.log)
  lustre_mainline_strict: FAIL (116s) (log: /var/www/ci-lustre/upstream-patch-review/6e6d66df579598dab1d005f3ca7f4c080c32264a_lustre_mainline_strict.log)
  lustre_mainline: PASS (129s) (log: /var/www/ci-lustre/upstream-patch-review/6e6d66df579598dab1d005f3ca7f4c080c32264a_lustre_mainline.log)
  lustre_mainline_native: PASS (128s) (log: /var/www/ci-lustre/upstream-patch-review/6e6d66df579598dab1d005f3ca7f4c080c32264a_lustre_mainline_native.log)
  clang-tidy: PASS (69s) (log: /var/www/ci-lustre/upstream-patch-review/6e6d66df579598dab1d005f3ca7f4c080c32264a_clang-tidy.log)
  cc-plugin: FAIL (52s) (log: /var/www/ci-lustre/upstream-patch-review/6e6d66df579598dab1d005f3ca7f4c080c32264a_cc-plugin.log)
  boot: PASS (64s) (log: /var/www/ci-lustre/upstream-patch-review/6e6d66df579598dab1d005f3ca7f4c080c32264a_boot.log)
  llmount: PASS (156s) (log: /var/www/ci-lustre/upstream-patch-review/6e6d66df579598dab1d005f3ca7f4c080c32264a_llmount.log)
  llog-unit: PASS (171s) (log: /var/www/ci-lustre/upstream-patch-review/6e6d66df579598dab1d005f3ca7f4c080c32264a_llog-unit.log)
  mgs-setup: PASS (79s) (log: /var/www/ci-lustre/upstream-patch-review/6e6d66df579598dab1d005f3ca7f4c080c32264a_mgs-setup.log)
  sanity-1: PASS (99s) (log: /var/www/ci-lustre/upstream-patch-review/6e6d66df579598dab1d005f3ca7f4c080c32264a_sanity-1.log)
  sanity-2: PASS (98s) (log: /var/www/ci-lustre/upstream-patch-review/6e6d66df579598dab1d005f3ca7f4c080c32264a_sanity-2.log)
  sanity-3: PASS (87s) (log: /var/www/ci-lustre/upstream-patch-review/6e6d66df579598dab1d005f3ca7f4c080c32264a_sanity-3.log)
  sanity-4: PASS (95s) (log: /var/www/ci-lustre/upstream-patch-review/6e6d66df579598dab1d005f3ca7f4c080c32264a_sanity-4.log)

Total execution time: 331s
