CLI: ./podman-ktest --podman-socket unix:///run/podman/podman.sock --shared-filesystem /tmp --tarball-input job lustre-ci --output /var/www/ci-lustre/upstream-patch-review --git-hash 6f13efde71fddb6c034275b43a887c14a0f88c9d --change-id 64194_6f13efde71fddb6c034275b43a887c14a0f88c9d --subject LU-0000 dbg: wip

  Checking /dev/kvm exists... OK
  Checking /dev/kvm permissions... OK
  Creating ccache directory... OK
  Checking ccache directory writable... OK

Environment validated successfully
Creating kernel tarball at /tmp/ktest-kernel.tar.gz...
Creating lustre tarball at /tmp/ktest-lustre.tar.gz...
Executing 16 jobs
Jobs will start as soon as their dependencies are satisfied
Using tarball input mode

START checkpatch tool checkpatch
START lustre_mainline_strict build tests/fs/lustre/boot-strict.ktest
START lustre_al2023 build tests/fs/lustre/boot.ktest
START lustre_mainline_native build tests/fs/lustre/boot.ktest
START lustre_mainline build tests/fs/lustre/boot.ktest
START lustre_u24 build tests/fs/lustre/boot.ktest
PUT /tmp/ktest-kernel.tar.gz 8s
PUT /tmp/ktest-kernel.tar.gz 8s
PUT /tmp/ktest-kernel.tar.gz 8s
PUT /tmp/ktest-kernel.tar.gz 8s
PUT /tmp/ktest-kernel.tar.gz 8s
PUT /tmp/ktest-kernel.tar.gz 8s
PUT /tmp/ktest-lustre.tar.gz 2s
PUT /tmp/ktest-lustre.tar.gz 2s
PUT /tmp/ktest-lustre.tar.gz 2s
PUT /tmp/ktest-lustre.tar.gz 2s
PUT /tmp/ktest-lustre.tar.gz 2s
PUT /tmp/ktest-lustre.tar.gz 2s
END checkpatch tool checkpatch PASS 12s
END lustre_al2023 build tests/fs/lustre/boot.ktest PASS 67s
END lustre_u24 build tests/fs/lustre/boot.ktest PASS 72s
GET /tmp/ktest_lustre_mainline_strict_qzf6f3gq.tar 4s
END lustre_mainline_strict build tests/fs/lustre/boot-strict.ktest FAIL 109s (exit code: 1)
GET /tmp/ktest_lustre_mainline_native_ja0ikzsk.tar 3s
GET /tmp/ktest_lustre_mainline_c5lmd1m7.tar 3s
END lustre_mainline_native build tests/fs/lustre/boot.ktest PASS 117s
START clang-tidy tool clang-tidy
START cc-plugin tool cc-plugin
START boot run tests/fs/lustre/boot.ktest
START llmount run tests/fs/lustre/llmount.ktest
START llog-unit run tests/fs/lustre/llog-unit.ktest
START mgs-setup run tests/fs/lustre/mgs-setup.ktest
START sanity-1 run tests/fs/lustre/sanity/sanity-1.ktest
START sanity-2 run tests/fs/lustre/sanity/sanity-2.ktest
START sanity-3 run tests/fs/lustre/sanity/sanity-3.ktest
START sanity-4 run tests/fs/lustre/sanity/sanity-4.ktest
END lustre_mainline build tests/fs/lustre/boot.ktest PASS 118s
PUT /tmp/ktest-kernel.tar.gz 9s
PUT /tmp/ktest-kernel.tar.gz 10s
PUT /tmp/ktest_lustre_mainline_native_ja0ikzsk.tar 11s
PUT /tmp/ktest_lustre_mainline_native_ja0ikzsk.tar 11s
PUT /tmp/ktest_lustre_mainline_native_ja0ikzsk.tar 12s
PUT /tmp/ktest_lustre_mainline_native_ja0ikzsk.tar 15s
PUT /tmp/ktest-lustre.tar.gz 5s
PUT /tmp/ktest_lustre_mainline_native_ja0ikzsk.tar 15s
PUT /tmp/ktest_lustre_mainline_native_ja0ikzsk.tar 15s
PUT /tmp/ktest_lustre_mainline_native_ja0ikzsk.tar 15s
PUT /tmp/ktest_lustre_mainline_native_ja0ikzsk.tar 15s
PUT /tmp/ktest-lustre.tar.gz 5s
PUT /tmp/ktest_lustre_mainline_native_ja0ikzsk.tar 25s
PUT /tmp/ktest_lustre_mainline_native_ja0ikzsk.tar 25s
END cc-plugin tool cc-plugin FAIL 45s (exit code: 127)
END clang-tidy tool clang-tidy PASS 61s
END boot run tests/fs/lustre/boot.ktest PASS 63s
END mgs-setup run tests/fs/lustre/mgs-setup.ktest PASS 70s
END sanity-4 run tests/fs/lustre/sanity/sanity-4.ktest PASS 70s
END sanity-2 run tests/fs/lustre/sanity/sanity-2.ktest PASS 81s
END sanity-1 run tests/fs/lustre/sanity/sanity-1.ktest PASS 92s
END sanity-3 run tests/fs/lustre/sanity/sanity-3.ktest PASS 103s
END llmount run tests/fs/lustre/llmount.ktest PASS 125s
END llog-unit run tests/fs/lustre/llog-unit.ktest PASS 163s

============================================================
Final Results:
  checkpatch: PASS (12s) (log: /var/www/ci-lustre/upstream-patch-review/6f13efde71fddb6c034275b43a887c14a0f88c9d_checkpatch.log)
  lustre_u24: PASS (72s) (log: /var/www/ci-lustre/upstream-patch-review/6f13efde71fddb6c034275b43a887c14a0f88c9d_lustre_u24.log)
  lustre_al2023: PASS (67s) (log: /var/www/ci-lustre/upstream-patch-review/6f13efde71fddb6c034275b43a887c14a0f88c9d_lustre_al2023.log)
  lustre_mainline_strict: FAIL (109s) (log: /var/www/ci-lustre/upstream-patch-review/6f13efde71fddb6c034275b43a887c14a0f88c9d_lustre_mainline_strict.log)
  lustre_mainline: PASS (118s) (log: /var/www/ci-lustre/upstream-patch-review/6f13efde71fddb6c034275b43a887c14a0f88c9d_lustre_mainline.log)
  lustre_mainline_native: PASS (117s) (log: /var/www/ci-lustre/upstream-patch-review/6f13efde71fddb6c034275b43a887c14a0f88c9d_lustre_mainline_native.log)
  clang-tidy: PASS (61s) (log: /var/www/ci-lustre/upstream-patch-review/6f13efde71fddb6c034275b43a887c14a0f88c9d_clang-tidy.log)
  cc-plugin: FAIL (45s) (log: /var/www/ci-lustre/upstream-patch-review/6f13efde71fddb6c034275b43a887c14a0f88c9d_cc-plugin.log)
  boot: PASS (63s) (log: /var/www/ci-lustre/upstream-patch-review/6f13efde71fddb6c034275b43a887c14a0f88c9d_boot.log)
  llmount: PASS (125s) (log: /var/www/ci-lustre/upstream-patch-review/6f13efde71fddb6c034275b43a887c14a0f88c9d_llmount.log)
  llog-unit: PASS (163s) (log: /var/www/ci-lustre/upstream-patch-review/6f13efde71fddb6c034275b43a887c14a0f88c9d_llog-unit.log)
  mgs-setup: PASS (70s) (log: /var/www/ci-lustre/upstream-patch-review/6f13efde71fddb6c034275b43a887c14a0f88c9d_mgs-setup.log)
  sanity-1: PASS (92s) (log: /var/www/ci-lustre/upstream-patch-review/6f13efde71fddb6c034275b43a887c14a0f88c9d_sanity-1.log)
  sanity-2: PASS (81s) (log: /var/www/ci-lustre/upstream-patch-review/6f13efde71fddb6c034275b43a887c14a0f88c9d_sanity-2.log)
  sanity-3: PASS (103s) (log: /var/www/ci-lustre/upstream-patch-review/6f13efde71fddb6c034275b43a887c14a0f88c9d_sanity-3.log)
  sanity-4: PASS (70s) (log: /var/www/ci-lustre/upstream-patch-review/6f13efde71fddb6c034275b43a887c14a0f88c9d_sanity-4.log)

Total execution time: 311s
