CLI: ./podman-ktest --podman-socket unix:///run/podman/podman.sock --shared-filesystem /tmp --tarball-input job lustre-ci --output /var/www/ci-lustre/upstream-patch-review --git-hash 6f471a15e7fdf6e2564547860fc09e6be46dd7d1 --change-id 64351_6f471a15e7fdf6e2564547860fc09e6be46dd7d1 --subject LU-19536 llite: drain and retry on DIO pool ENOMEM

  Checking /dev/kvm exists... OK
  Checking /dev/kvm permissions... OK
  Creating ccache directory... OK
  Checking ccache directory writable... OK

Environment validated successfully
Creating kernel tarball at /tmp/ktest-kernel.tar.gz...
Creating lustre tarball at /tmp/ktest-lustre.tar.gz...
Executing 16 jobs
Jobs will start as soon as their dependencies are satisfied
Using tarball input mode

START lustre_mainline build tests/fs/lustre/boot.ktest
START checkpatch tool checkpatch
START lustre_mainline_native build tests/fs/lustre/boot.ktest
START lustre_mainline_strict build tests/fs/lustre/boot-strict.ktest
START lustre_al2023 build tests/fs/lustre/boot.ktest
START lustre_u24 build tests/fs/lustre/boot.ktest
PUT /tmp/ktest-kernel.tar.gz 8s
PUT /tmp/ktest-kernel.tar.gz 8s
PUT /tmp/ktest-kernel.tar.gz 8s
PUT /tmp/ktest-kernel.tar.gz 8s
PUT /tmp/ktest-kernel.tar.gz 8s
PUT /tmp/ktest-kernel.tar.gz 8s
PUT /tmp/ktest-lustre.tar.gz 2s
PUT /tmp/ktest-lustre.tar.gz 2s
PUT /tmp/ktest-lustre.tar.gz 2s
PUT /tmp/ktest-lustre.tar.gz 2s
PUT /tmp/ktest-lustre.tar.gz 2s
PUT /tmp/ktest-lustre.tar.gz 2s
END checkpatch tool checkpatch PASS 13s
END lustre_al2023 build tests/fs/lustre/boot.ktest PASS 69s
END lustre_u24 build tests/fs/lustre/boot.ktest PASS 71s
GET /tmp/ktest_lustre_mainline_strict_f36n86in.tar 4s
END lustre_mainline_strict build tests/fs/lustre/boot-strict.ktest FAIL 110s (exit code: 1)
GET /tmp/ktest_lustre_mainline_native_6o5h2f_h.tar 3s
GET /tmp/ktest_lustre_mainline_04ngmyj8.tar 3s
END lustre_mainline_native build tests/fs/lustre/boot.ktest PASS 121s
START clang-tidy tool clang-tidy
START cc-plugin tool cc-plugin
START boot run tests/fs/lustre/boot.ktest
START llmount run tests/fs/lustre/llmount.ktest
START llog-unit run tests/fs/lustre/llog-unit.ktest
START mgs-setup run tests/fs/lustre/mgs-setup.ktest
START sanity-1 run tests/fs/lustre/sanity/sanity-1.ktest
START sanity-2 run tests/fs/lustre/sanity/sanity-2.ktest
START sanity-3 run tests/fs/lustre/sanity/sanity-3.ktest
START sanity-4 run tests/fs/lustre/sanity/sanity-4.ktest
END lustre_mainline build tests/fs/lustre/boot.ktest PASS 122s
PUT /tmp/ktest-kernel.tar.gz 14s
PUT /tmp/ktest_lustre_mainline_native_6o5h2f_h.tar 17s
PUT /tmp/ktest-kernel.tar.gz 17s
PUT /tmp/ktest_lustre_mainline_native_6o5h2f_h.tar 17s
PUT /tmp/ktest_lustre_mainline_native_6o5h2f_h.tar 18s
PUT /tmp/ktest_lustre_mainline_native_6o5h2f_h.tar 18s
PUT /tmp/ktest_lustre_mainline_native_6o5h2f_h.tar 17s
PUT /tmp/ktest_lustre_mainline_native_6o5h2f_h.tar 18s
PUT /tmp/ktest_lustre_mainline_native_6o5h2f_h.tar 18s
PUT /tmp/ktest_lustre_mainline_native_6o5h2f_h.tar 18s
PUT /tmp/ktest-lustre.tar.gz 25s
PUT /tmp/ktest-lustre.tar.gz 22s
PUT /tmp/ktest_lustre_mainline_native_6o5h2f_h.tar 7s
PUT /tmp/ktest_lustre_mainline_native_6o5h2f_h.tar 7s
END cc-plugin tool cc-plugin FAIL 51s (exit code: 127)
END clang-tidy tool clang-tidy PASS 68s
END boot run tests/fs/lustre/boot.ktest PASS 69s
END mgs-setup run tests/fs/lustre/mgs-setup.ktest PASS 79s
END sanity-4 run tests/fs/lustre/sanity/sanity-4.ktest PASS 84s
END sanity-1 run tests/fs/lustre/sanity/sanity-1.ktest PASS 88s
END sanity-2 run tests/fs/lustre/sanity/sanity-2.ktest PASS 97s
END sanity-3 run tests/fs/lustre/sanity/sanity-3.ktest PASS 99s
END llog-unit run tests/fs/lustre/llog-unit.ktest PASS 167s
END llmount run tests/fs/lustre/llmount.ktest PASS 170s

============================================================
Final Results:
  checkpatch: PASS (13s) (log: /var/www/ci-lustre/upstream-patch-review/6f471a15e7fdf6e2564547860fc09e6be46dd7d1_checkpatch.log)
  lustre_u24: PASS (71s) (log: /var/www/ci-lustre/upstream-patch-review/6f471a15e7fdf6e2564547860fc09e6be46dd7d1_lustre_u24.log)
  lustre_al2023: PASS (69s) (log: /var/www/ci-lustre/upstream-patch-review/6f471a15e7fdf6e2564547860fc09e6be46dd7d1_lustre_al2023.log)
  lustre_mainline_strict: FAIL (110s) (log: /var/www/ci-lustre/upstream-patch-review/6f471a15e7fdf6e2564547860fc09e6be46dd7d1_lustre_mainline_strict.log)
  lustre_mainline: PASS (122s) (log: /var/www/ci-lustre/upstream-patch-review/6f471a15e7fdf6e2564547860fc09e6be46dd7d1_lustre_mainline.log)
  lustre_mainline_native: PASS (121s) (log: /var/www/ci-lustre/upstream-patch-review/6f471a15e7fdf6e2564547860fc09e6be46dd7d1_lustre_mainline_native.log)
  clang-tidy: PASS (68s) (log: /var/www/ci-lustre/upstream-patch-review/6f471a15e7fdf6e2564547860fc09e6be46dd7d1_clang-tidy.log)
  cc-plugin: FAIL (51s) (log: /var/www/ci-lustre/upstream-patch-review/6f471a15e7fdf6e2564547860fc09e6be46dd7d1_cc-plugin.log)
  boot: PASS (69s) (log: /var/www/ci-lustre/upstream-patch-review/6f471a15e7fdf6e2564547860fc09e6be46dd7d1_boot.log)
  llmount: PASS (170s) (log: /var/www/ci-lustre/upstream-patch-review/6f471a15e7fdf6e2564547860fc09e6be46dd7d1_llmount.log)
  llog-unit: PASS (167s) (log: /var/www/ci-lustre/upstream-patch-review/6f471a15e7fdf6e2564547860fc09e6be46dd7d1_llog-unit.log)
  mgs-setup: PASS (79s) (log: /var/www/ci-lustre/upstream-patch-review/6f471a15e7fdf6e2564547860fc09e6be46dd7d1_mgs-setup.log)
  sanity-1: PASS (88s) (log: /var/www/ci-lustre/upstream-patch-review/6f471a15e7fdf6e2564547860fc09e6be46dd7d1_sanity-1.log)
  sanity-2: PASS (97s) (log: /var/www/ci-lustre/upstream-patch-review/6f471a15e7fdf6e2564547860fc09e6be46dd7d1_sanity-2.log)
  sanity-3: PASS (99s) (log: /var/www/ci-lustre/upstream-patch-review/6f471a15e7fdf6e2564547860fc09e6be46dd7d1_sanity-3.log)
  sanity-4: PASS (84s) (log: /var/www/ci-lustre/upstream-patch-review/6f471a15e7fdf6e2564547860fc09e6be46dd7d1_sanity-4.log)

Total execution time: 322s
