CLI: ./podman-ktest --podman-socket unix:///run/podman/podman.sock --shared-filesystem /tmp --tarball-input job lustre-ci --output /var/www/ci-lustre/upstream-patch-review --git-hash 71111c14afe5a08e11c3d04fddba9759f2fa9a55 --change-id 65331_71111c14afe5a08e11c3d04fddba9759f2fa9a55 --subject LU-20119 selinux: add lustre_helpers SELinux policy module

  Checking /dev/kvm exists... OK
  Checking /dev/kvm permissions... OK
  Creating ccache directory... OK
  Checking ccache directory writable... OK

Environment validated successfully
Creating kernel tarball at /tmp/ktest-kernel.tar.gz...
Creating lustre tarball at /tmp/ktest-lustre.tar.gz...
Executing 16 jobs
Jobs will start as soon as their dependencies are satisfied
Using tarball input mode

START al2023 build tests/fs/lustre/boot.ktest
START lustre_mainline_native build tests/fs/lustre/boot.ktest
START u24 build tests/fs/lustre/boot.ktest
START lustre_mainline build tests/fs/lustre/boot.ktest
START lustre_mainline_strict build tests/fs/lustre/boot-strict.ktest
START checkpatch tool checkpatch
PUT /tmp/ktest-kernel.tar.gz 7s
PUT /tmp/ktest-kernel.tar.gz 8s
PUT /tmp/ktest-kernel.tar.gz 7s
PUT /tmp/ktest-kernel.tar.gz 8s
PUT /tmp/ktest-kernel.tar.gz 8s
PUT /tmp/ktest-kernel.tar.gz 8s
PUT /tmp/ktest-lustre.tar.gz 3s
PUT /tmp/ktest-lustre.tar.gz 2s
PUT /tmp/ktest-lustre.tar.gz 2s
PUT /tmp/ktest-lustre.tar.gz 2s
PUT /tmp/ktest-lustre.tar.gz 2s
PUT /tmp/ktest-lustre.tar.gz 2s
END checkpatch tool checkpatch FAIL 13s (exit code: 1)
END al2023 build tests/fs/lustre/boot.ktest PASS 66s
END u24 build tests/fs/lustre/boot.ktest PASS 71s
GET /tmp/ktest_lustre_mainline_strict_yynyqtkf.tar 5s
END lustre_mainline_strict build tests/fs/lustre/boot-strict.ktest FAIL 117s (exit code: 1)
GET /tmp/ktest_lustre_mainline_native_fmfanjjp.tar 4s
GET /tmp/ktest_lustre_mainline_8spbb8kj.tar 5s
END lustre_mainline_native build tests/fs/lustre/boot.ktest PASS 120s
START clang-tidy tool clang-tidy
START cc-plugin tool cc-plugin
START boot run tests/fs/lustre/boot.ktest
START llmount run tests/fs/lustre/llmount.ktest
START llog-unit run tests/fs/lustre/llog-unit.ktest
START mgs-setup run tests/fs/lustre/mgs-setup.ktest
START sanity-1 run tests/fs/lustre/sanity/sanity-1.ktest
START sanity-2 run tests/fs/lustre/sanity/sanity-2.ktest
START sanity-3 run tests/fs/lustre/sanity/sanity-3.ktest
START sanity-4 run tests/fs/lustre/sanity/sanity-4.ktest
END lustre_mainline build tests/fs/lustre/boot.ktest PASS 121s
PUT /tmp/ktest-kernel.tar.gz 7s
PUT /tmp/ktest-kernel.tar.gz 8s
PUT /tmp/ktest_lustre_mainline_native_fmfanjjp.tar 11s
PUT /tmp/ktest_lustre_mainline_native_fmfanjjp.tar 12s
PUT /tmp/ktest_lustre_mainline_native_fmfanjjp.tar 12s
PUT /tmp/ktest_lustre_mainline_native_fmfanjjp.tar 12s
PUT /tmp/ktest-lustre.tar.gz 5s
PUT /tmp/ktest_lustre_mainline_native_fmfanjjp.tar 12s
PUT /tmp/ktest-lustre.tar.gz 4s
PUT /tmp/ktest_lustre_mainline_native_fmfanjjp.tar 12s
PUT /tmp/ktest_lustre_mainline_native_fmfanjjp.tar 12s
PUT /tmp/ktest_lustre_mainline_native_fmfanjjp.tar 12s
PUT /tmp/ktest_lustre_mainline_native_fmfanjjp.tar 39s
PUT /tmp/ktest_lustre_mainline_native_fmfanjjp.tar 39s
END cc-plugin tool cc-plugin FAIL 56s (exit code: 127)
END clang-tidy tool clang-tidy PASS 79s
END boot run tests/fs/lustre/boot.ktest PASS 82s
END mgs-setup run tests/fs/lustre/mgs-setup.ktest PASS 90s
END sanity-3 run tests/fs/lustre/sanity/sanity-3.ktest PASS 110s
END sanity-2 run tests/fs/lustre/sanity/sanity-2.ktest PASS 111s
END sanity-1 run tests/fs/lustre/sanity/sanity-1.ktest PASS 112s
END sanity-4 run tests/fs/lustre/sanity/sanity-4.ktest PASS 111s
END llog-unit run tests/fs/lustre/llog-unit.ktest PASS 176s
END llmount run tests/fs/lustre/llmount.ktest PASS 177s

============================================================
Final Results:
  checkpatch: FAIL (13s) (log: /var/www/ci-lustre/upstream-patch-review/71111c14afe5a08e11c3d04fddba9759f2fa9a55_checkpatch.log)
  u24: PASS (71s) (log: /var/www/ci-lustre/upstream-patch-review/71111c14afe5a08e11c3d04fddba9759f2fa9a55_u24.log)
  al2023: PASS (66s) (log: /var/www/ci-lustre/upstream-patch-review/71111c14afe5a08e11c3d04fddba9759f2fa9a55_al2023.log)
  lustre_mainline_strict: FAIL (117s) (log: /var/www/ci-lustre/upstream-patch-review/71111c14afe5a08e11c3d04fddba9759f2fa9a55_lustre_mainline_strict.log)
  lustre_mainline: PASS (121s) (log: /var/www/ci-lustre/upstream-patch-review/71111c14afe5a08e11c3d04fddba9759f2fa9a55_lustre_mainline.log)
  lustre_mainline_native: PASS (120s) (log: /var/www/ci-lustre/upstream-patch-review/71111c14afe5a08e11c3d04fddba9759f2fa9a55_lustre_mainline_native.log)
  clang-tidy: PASS (79s) (log: /var/www/ci-lustre/upstream-patch-review/71111c14afe5a08e11c3d04fddba9759f2fa9a55_clang-tidy.log)
  cc-plugin: FAIL (56s) (log: /var/www/ci-lustre/upstream-patch-review/71111c14afe5a08e11c3d04fddba9759f2fa9a55_cc-plugin.log)
  boot: PASS (82s) (log: /var/www/ci-lustre/upstream-patch-review/71111c14afe5a08e11c3d04fddba9759f2fa9a55_boot.log)
  llmount: PASS (177s) (log: /var/www/ci-lustre/upstream-patch-review/71111c14afe5a08e11c3d04fddba9759f2fa9a55_llmount.log)
  llog-unit: PASS (176s) (log: /var/www/ci-lustre/upstream-patch-review/71111c14afe5a08e11c3d04fddba9759f2fa9a55_llog-unit.log)
  mgs-setup: PASS (90s) (log: /var/www/ci-lustre/upstream-patch-review/71111c14afe5a08e11c3d04fddba9759f2fa9a55_mgs-setup.log)
  sanity-1: PASS (112s) (log: /var/www/ci-lustre/upstream-patch-review/71111c14afe5a08e11c3d04fddba9759f2fa9a55_sanity-1.log)
  sanity-2: PASS (111s) (log: /var/www/ci-lustre/upstream-patch-review/71111c14afe5a08e11c3d04fddba9759f2fa9a55_sanity-2.log)
  sanity-3: PASS (110s) (log: /var/www/ci-lustre/upstream-patch-review/71111c14afe5a08e11c3d04fddba9759f2fa9a55_sanity-3.log)
  sanity-4: PASS (111s) (log: /var/www/ci-lustre/upstream-patch-review/71111c14afe5a08e11c3d04fddba9759f2fa9a55_sanity-4.log)

Total execution time: 330s
