CLI: ./podman-ktest --podman-socket unix:///run/podman/podman.sock --shared-filesystem /tmp --tarball-input job lustre-ci --output /var/www/ci-lustre/upstream-patch-review --git-hash 71cb9eee531e020adaae50e467ae046aeea93e5c --change-id 66001_71cb9eee531e020adaae50e467ae046aeea93e5c --subject LU-10026 lustre: add lzstd kernel module

  Checking /dev/kvm exists... OK
  Checking /dev/kvm permissions... OK
  Creating ccache directory... OK
  Checking ccache directory writable... OK

Environment validated successfully
Creating kernel tarball at /tmp/ktest-kernel.tar.gz...
Creating lustre tarball at /tmp/ktest-lustre.tar.gz...
Creating ZFS tarball at /tmp/ktest-zfs.tar.gz...
Executing 13 jobs
Jobs will start as soon as their dependencies are satisfied
Using tarball input mode

START lustre_mainline_native build tests/fs/lustre/boot.ktest
START checkpatch tool checkpatch
START lustre_mainline_strict build tests/fs/lustre/boot-strict.ktest
START u24 build tests/fs/lustre/boot.ktest
START al2023 build tests/fs/lustre/boot.ktest
START lustre_mainline build tests/fs/lustre/boot.ktest
PUT /tmp/ktest-lustre.tar.gz 1s
PUT /tmp/ktest-lustre.tar.gz 2s
PUT /tmp/ktest-kernel.tar.gz 8s
PUT /tmp/ktest-kernel.tar.gz 8s
PUT /tmp/ktest-kernel.tar.gz 8s
PUT /tmp/ktest-kernel.tar.gz 8s
PUT /tmp/ktest-lustre.tar.gz 4s
PUT /tmp/ktest-lustre.tar.gz 4s
PUT /tmp/ktest-lustre.tar.gz 3s
PUT /tmp/ktest-lustre.tar.gz 4s
PUT /tmp/ktest-zfs.tar.gz 0s
PUT /tmp/ktest-zfs.tar.gz 0s
PUT /tmp/ktest-zfs.tar.gz 0s
END al2023 build tests/fs/lustre/boot.ktest FAIL 60s (exit code: 2)
END u24 build tests/fs/lustre/boot.ktest FAIL 62s (exit code: 2)
GET /tmp/ktest_lustre_mainline_strict_vgkpnwg_.tar 5s
GET /tmp/ktest_lustre_mainline_native_rd7bbfme.tar 6s
GET /tmp/ktest_lustre_mainline_5w3386y6.tar 7s
END lustre_mainline_strict build tests/fs/lustre/boot-strict.ktest FAIL 135s (exit code: 1)
END lustre_mainline_native build tests/fs/lustre/boot.ktest FAIL 137s (exit code: 1)
END lustre_mainline build tests/fs/lustre/boot.ktest FAIL 138s (exit code: 1)
