CLI: ./podman-ktest --podman-socket unix:///run/podman/podman.sock --shared-filesystem /tmp --tarball-input job lustre-ci --output /var/www/ci-lustre/upstream-patch-review --git-hash 7263b36e5292f28387f23ffcea1332aecc9388bf --change-id 63928_7263b36e5292f28387f23ffcea1332aecc9388bf --subject LU-14633 lnet: have lnet layer use struct iov_iter

  Checking /dev/kvm exists... OK
  Checking /dev/kvm permissions... OK
  Creating ccache directory... OK
  Checking ccache directory writable... OK

Environment validated successfully
Creating kernel tarball at /tmp/ktest-kernel.tar.gz...
Creating lustre tarball at /tmp/ktest-lustre.tar.gz...
Executing 16 jobs
Jobs will start as soon as their dependencies are satisfied
Using tarball input mode

START lustre_mainline_strict build tests/fs/lustre/boot-strict.ktest
START lustre_mainline build tests/fs/lustre/boot.ktest
START lustre_al2023 build tests/fs/lustre/boot.ktest
START checkpatch tool checkpatch
START lustre_u24 build tests/fs/lustre/boot.ktest
START lustre_mainline_native build tests/fs/lustre/boot.ktest
PUT /tmp/ktest-kernel.tar.gz 11s
PUT /tmp/ktest-kernel.tar.gz 11s
PUT /tmp/ktest-kernel.tar.gz 11s
PUT /tmp/ktest-kernel.tar.gz 11s
PUT /tmp/ktest-kernel.tar.gz 12s
PUT /tmp/ktest-kernel.tar.gz 12s
PUT /tmp/ktest-lustre.tar.gz 6s
PUT /tmp/ktest-lustre.tar.gz 5s
PUT /tmp/ktest-lustre.tar.gz 5s
PUT /tmp/ktest-lustre.tar.gz 5s
PUT /tmp/ktest-lustre.tar.gz 5s
PUT /tmp/ktest-lustre.tar.gz 5s
END checkpatch tool checkpatch FAIL 20s (exit code: 1)
END lustre_al2023 build tests/fs/lustre/boot.ktest FAIL 76s (exit code: 2)
END lustre_u24 build tests/fs/lustre/boot.ktest PASS 80s
GET /tmp/ktest_lustre_mainline_strict_jiponvp2.tar 3s
END lustre_mainline_strict build tests/fs/lustre/boot-strict.ktest FAIL 127s (exit code: 1)
GET /tmp/ktest_lustre_mainline_native_v6ia9u72.tar 3s
GET /tmp/ktest_lustre_mainline_vig_llol.tar 3s
END lustre_mainline_native build tests/fs/lustre/boot.ktest PASS 146s
START clang-tidy tool clang-tidy
START cc-plugin tool cc-plugin
START boot run tests/fs/lustre/boot.ktest
START llmount run tests/fs/lustre/llmount.ktest
START llog-unit run tests/fs/lustre/llog-unit.ktest
START mgs-setup run tests/fs/lustre/mgs-setup.ktest
START sanity-1 run tests/fs/lustre/sanity/sanity-1.ktest
START sanity-2 run tests/fs/lustre/sanity/sanity-2.ktest
START sanity-3 run tests/fs/lustre/sanity/sanity-3.ktest
START sanity-4 run tests/fs/lustre/sanity/sanity-4.ktest
END lustre_mainline build tests/fs/lustre/boot.ktest PASS 148s
PUT /tmp/ktest-kernel.tar.gz 51s
PUT /tmp/ktest_lustre_mainline_native_v6ia9u72.tar 51s
PUT /tmp/ktest_lustre_mainline_native_v6ia9u72.tar 51s
PUT /tmp/ktest_lustre_mainline_native_v6ia9u72.tar 50s
PUT /tmp/ktest_lustre_mainline_native_v6ia9u72.tar 51s
PUT /tmp/ktest_lustre_mainline_native_v6ia9u72.tar 51s
PUT /tmp/ktest_lustre_mainline_native_v6ia9u72.tar 51s
PUT /tmp/ktest_lustre_mainline_native_v6ia9u72.tar 51s
PUT /tmp/ktest-kernel.tar.gz 51s
PUT /tmp/ktest_lustre_mainline_native_v6ia9u72.tar 51s
PUT /tmp/ktest-lustre.tar.gz 83s
PUT /tmp/ktest-lustre.tar.gz 84s
PUT /tmp/ktest_lustre_mainline_native_v6ia9u72.tar 17s
PUT /tmp/ktest_lustre_mainline_native_v6ia9u72.tar 17s
END cc-plugin tool cc-plugin FAIL 157s (exit code: 127)
END clang-tidy tool clang-tidy PASS 178s
END mgs-setup run tests/fs/lustre/mgs-setup.ktest PASS 187s
END boot run tests/fs/lustre/boot.ktest PASS 191s
END sanity-2 run tests/fs/lustre/sanity/sanity-2.ktest PASS 200s
END sanity-1 run tests/fs/lustre/sanity/sanity-1.ktest PASS 223s
END sanity-3 run tests/fs/lustre/sanity/sanity-3.ktest PASS 226s
END sanity-4 run tests/fs/lustre/sanity/sanity-4.ktest PASS 227s
END llmount run tests/fs/lustre/llmount.ktest PASS 280s
END llog-unit run tests/fs/lustre/llog-unit.ktest PASS 286s

============================================================
Final Results:
  checkpatch: FAIL (20s) (log: /var/www/ci-lustre/upstream-patch-review/7263b36e5292f28387f23ffcea1332aecc9388bf_checkpatch.log)
  lustre_u24: PASS (80s) (log: /var/www/ci-lustre/upstream-patch-review/7263b36e5292f28387f23ffcea1332aecc9388bf_lustre_u24.log)
  lustre_al2023: FAIL (76s) (log: /var/www/ci-lustre/upstream-patch-review/7263b36e5292f28387f23ffcea1332aecc9388bf_lustre_al2023.log)
  lustre_mainline_strict: FAIL (127s) (log: /var/www/ci-lustre/upstream-patch-review/7263b36e5292f28387f23ffcea1332aecc9388bf_lustre_mainline_strict.log)
  lustre_mainline: PASS (148s) (log: /var/www/ci-lustre/upstream-patch-review/7263b36e5292f28387f23ffcea1332aecc9388bf_lustre_mainline.log)
  lustre_mainline_native: PASS (146s) (log: /var/www/ci-lustre/upstream-patch-review/7263b36e5292f28387f23ffcea1332aecc9388bf_lustre_mainline_native.log)
  clang-tidy: PASS (178s) (log: /var/www/ci-lustre/upstream-patch-review/7263b36e5292f28387f23ffcea1332aecc9388bf_clang-tidy.log)
  cc-plugin: FAIL (157s) (log: /var/www/ci-lustre/upstream-patch-review/7263b36e5292f28387f23ffcea1332aecc9388bf_cc-plugin.log)
  boot: PASS (191s) (log: /var/www/ci-lustre/upstream-patch-review/7263b36e5292f28387f23ffcea1332aecc9388bf_boot.log)
  llmount: PASS (280s) (log: /var/www/ci-lustre/upstream-patch-review/7263b36e5292f28387f23ffcea1332aecc9388bf_llmount.log)
  llog-unit: PASS (286s) (log: /var/www/ci-lustre/upstream-patch-review/7263b36e5292f28387f23ffcea1332aecc9388bf_llog-unit.log)
  mgs-setup: PASS (187s) (log: /var/www/ci-lustre/upstream-patch-review/7263b36e5292f28387f23ffcea1332aecc9388bf_mgs-setup.log)
  sanity-1: PASS (223s) (log: /var/www/ci-lustre/upstream-patch-review/7263b36e5292f28387f23ffcea1332aecc9388bf_sanity-1.log)
  sanity-2: PASS (200s) (log: /var/www/ci-lustre/upstream-patch-review/7263b36e5292f28387f23ffcea1332aecc9388bf_sanity-2.log)
  sanity-3: PASS (226s) (log: /var/www/ci-lustre/upstream-patch-review/7263b36e5292f28387f23ffcea1332aecc9388bf_sanity-3.log)
  sanity-4: PASS (227s) (log: /var/www/ci-lustre/upstream-patch-review/7263b36e5292f28387f23ffcea1332aecc9388bf_sanity-4.log)

Total execution time: 462s
