CLI: ./podman-ktest --podman-socket unix:///run/podman/podman.sock --shared-filesystem /tmp --tarball-input job lustre-ci --output /var/www/ci-lustre/upstream-patch-review --git-hash 728ca28bdd4fcfb294900a57c93e6870ec470ef3 --change-id 58097_728ca28bdd4fcfb294900a57c93e6870ec470ef3 --subject LU-17916 llite: switch to struct folio of order 0

Environment validated successfully
Note: custom LLVM is not synced in tarball input mode
Creating kernel tarball at /tmp/ktest-kernel.tar.gz...
Creating lustre tarball at /tmp/ktest-lustre.tar.gz...
Creating ZFS tarball at /tmp/ktest-zfs.tar.gz...
Executing 14 jobs
Jobs will start as soon as their dependencies are satisfied
Using tarball input mode

START al2023:al2023 build tests/fs/lustre/boot.ktest
START u24:u24 build tests/fs/lustre/boot.ktest
START ml-miscvm:lustre_mainline_native build tests/fs/lustre/boot.ktest
START ml-strict:lustre_mainline build tests/fs/lustre/boot-strict.ktest
START checkpatch:checkpatch tool checkpatch
START ml:lustre_mainline build tests/fs/lustre/boot.ktest
PUT /tmp/ktest-lustre.tar.gz 1s
PUT /tmp/ktest-lustre.tar.gz 1s
PUT /tmp/ktest-kernel.tar.gz 8s
PUT /tmp/ktest-kernel.tar.gz 8s
PUT /tmp/ktest-kernel.tar.gz 8s
PUT /tmp/ktest-kernel.tar.gz 8s
PUT /tmp/ktest-lustre.tar.gz 4s
PUT /tmp/ktest-lustre.tar.gz 3s
PUT /tmp/ktest-lustre.tar.gz 3s
PUT /tmp/ktest-lustre.tar.gz 3s
PUT /tmp/ktest-zfs.tar.gz 0s
PUT /tmp/ktest-zfs.tar.gz 0s
PUT /tmp/ktest-zfs.tar.gz 0s
END checkpatch:checkpatch tool checkpatch FAIL 16s (exit code: 1)
END al2023:al2023 build tests/fs/lustre/boot.ktest PASS 57s
END u24:u24 build tests/fs/lustre/boot.ktest PASS 58s
GET /tmp/ktest_ml-miscvm:lustre_mainline_native_7yrm5xki.tar 0s
GET /tmp/ktest_ml:lustre_mainline_phlxbyyy.tar 0s
END ml-miscvm:lustre_mainline_native build tests/fs/lustre/boot.ktest PASS 193s
START ml-miscvm:boot run tests/fs/lustre/boot.ktest
START ml-miscvm:llmount run tests/fs/lustre/llmount.ktest
START ml-miscvm:llog-unit run tests/fs/lustre/llog-unit.ktest
START ml-miscvm:mgs-setup run tests/fs/lustre/mgs-setup.ktest
START ml-miscvm:sanity-1 run tests/fs/lustre/sanity/sanity-1.ktest
START ml-miscvm:sanity-2 run tests/fs/lustre/sanity/sanity-2.ktest
START ml-miscvm:sanity-3 run tests/fs/lustre/sanity/sanity-3.ktest
START ml-miscvm:sanity-4 run tests/fs/lustre/sanity/sanity-4.ktest
END ml:lustre_mainline build tests/fs/lustre/boot.ktest PASS 194s
GET /tmp/ktest_ml-strict:lustre_mainline_79rin7t_.tar 9s
END ml-strict:lustre_mainline build tests/fs/lustre/boot-strict.ktest FAIL 207s (exit code: 1)
PUT /tmp/ktest-kernel.tar.gz 43s
PUT /tmp/ktest-kernel.tar.gz 43s
PUT /tmp/ktest-kernel.tar.gz 43s
PUT /tmp/ktest-kernel.tar.gz 43s
PUT /tmp/ktest-kernel.tar.gz 43s
PUT /tmp/ktest-kernel.tar.gz 43s
PUT /tmp/ktest-kernel.tar.gz 44s
PUT /tmp/ktest-kernel.tar.gz 44s
PUT /tmp/ktest-lustre.tar.gz 10s
PUT /tmp/ktest-lustre.tar.gz 10s
PUT /tmp/ktest-lustre.tar.gz 11s
PUT /tmp/ktest-lustre.tar.gz 10s
PUT /tmp/ktest-lustre.tar.gz 11s
PUT /tmp/ktest-lustre.tar.gz 10s
PUT /tmp/ktest-lustre.tar.gz 10s
PUT /tmp/ktest-lustre.tar.gz 11s
PUT /tmp/ktest_ml-miscvm:lustre_mainline_native_7yrm5xki.tar 0s
PUT /tmp/ktest_ml-miscvm:lustre_mainline_native_7yrm5xki.tar 0s
PUT /tmp/ktest_ml-miscvm:lustre_mainline_native_7yrm5xki.tar 1s
PUT /tmp/ktest_ml-miscvm:lustre_mainline_native_7yrm5xki.tar 1s
PUT /tmp/ktest_ml-miscvm:lustre_mainline_native_7yrm5xki.tar 1s
PUT /tmp/ktest_ml-miscvm:lustre_mainline_native_7yrm5xki.tar 1s
PUT /tmp/ktest_ml-miscvm:lustre_mainline_native_7yrm5xki.tar 1s
PUT /tmp/ktest_ml-miscvm:lustre_mainline_native_7yrm5xki.tar 1s
END ml-miscvm:boot run tests/fs/lustre/boot.ktest PASS 92s
END ml-miscvm:mgs-setup run tests/fs/lustre/mgs-setup.ktest PASS 103s
END ml-miscvm:sanity-2 run tests/fs/lustre/sanity/sanity-2.ktest PASS 122s
END ml-miscvm:sanity-1 run tests/fs/lustre/sanity/sanity-1.ktest PASS 123s
END ml-miscvm:sanity-3 run tests/fs/lustre/sanity/sanity-3.ktest PASS 136s
END ml-miscvm:sanity-4 run tests/fs/lustre/sanity/sanity-4.ktest PASS 138s
END ml-miscvm:llmount run tests/fs/lustre/llmount.ktest PASS 147s
END ml-miscvm:llog-unit run tests/fs/lustre/llog-unit.ktest FAIL 186s (exit code: 1)

============================================================
Final Results:
  checkpatch:checkpatch: FAIL (16s) (log: /var/www/ci-lustre/upstream-patch-review/728ca28bdd4fcfb294900a57c93e6870ec470ef3_checkpatch:checkpatch.log)
  u24:u24: PASS (58s) (log: /var/www/ci-lustre/upstream-patch-review/728ca28bdd4fcfb294900a57c93e6870ec470ef3_u24:u24.log)
  al2023:al2023: PASS (57s) (log: /var/www/ci-lustre/upstream-patch-review/728ca28bdd4fcfb294900a57c93e6870ec470ef3_al2023:al2023.log)
  ml-strict:lustre_mainline: FAIL (207s) (log: /var/www/ci-lustre/upstream-patch-review/728ca28bdd4fcfb294900a57c93e6870ec470ef3_ml-strict:lustre_mainline.log)
  ml:lustre_mainline: PASS (194s) (log: /var/www/ci-lustre/upstream-patch-review/728ca28bdd4fcfb294900a57c93e6870ec470ef3_ml:lustre_mainline.log)
  ml-miscvm:lustre_mainline_native: PASS (193s) (log: /var/www/ci-lustre/upstream-patch-review/728ca28bdd4fcfb294900a57c93e6870ec470ef3_ml-miscvm:lustre_mainline_native.log)
  ml-miscvm:boot: PASS (92s) (log: /var/www/ci-lustre/upstream-patch-review/728ca28bdd4fcfb294900a57c93e6870ec470ef3_ml-miscvm:boot.log)
  ml-miscvm:llmount: PASS (147s) (log: /var/www/ci-lustre/upstream-patch-review/728ca28bdd4fcfb294900a57c93e6870ec470ef3_ml-miscvm:llmount.log)
  ml-miscvm:llog-unit: FAIL (186s) (log: /var/www/ci-lustre/upstream-patch-review/728ca28bdd4fcfb294900a57c93e6870ec470ef3_ml-miscvm:llog-unit.log)
  ml-miscvm:mgs-setup: PASS (103s) (log: /var/www/ci-lustre/upstream-patch-review/728ca28bdd4fcfb294900a57c93e6870ec470ef3_ml-miscvm:mgs-setup.log)
  ml-miscvm:sanity-1: PASS (123s) (log: /var/www/ci-lustre/upstream-patch-review/728ca28bdd4fcfb294900a57c93e6870ec470ef3_ml-miscvm:sanity-1.log)
  ml-miscvm:sanity-2: PASS (122s) (log: /var/www/ci-lustre/upstream-patch-review/728ca28bdd4fcfb294900a57c93e6870ec470ef3_ml-miscvm:sanity-2.log)
  ml-miscvm:sanity-3: PASS (136s) (log: /var/www/ci-lustre/upstream-patch-review/728ca28bdd4fcfb294900a57c93e6870ec470ef3_ml-miscvm:sanity-3.log)
  ml-miscvm:sanity-4: PASS (138s) (log: /var/www/ci-lustre/upstream-patch-review/728ca28bdd4fcfb294900a57c93e6870ec470ef3_ml-miscvm:sanity-4.log)

Total execution time: 410s
