CLI: ./podman-ktest --podman-socket unix:///run/podman/podman.sock --shared-filesystem /tmp --tarball-input job lustre-ci --output /var/www/ci-lustre/upstream-patch-review --git-hash 72ad23d6a31890b5019b1bc6a0fa9050d9b6a7a8 --change-id 64315_72ad23d6a31890b5019b1bc6a0fa9050d9b6a7a8 --subject LU-19921 lmv: move register observer before obd_connect

  Checking /dev/kvm exists... OK
  Checking /dev/kvm permissions... OK
  Creating ccache directory... OK
  Checking ccache directory writable... OK

Environment validated successfully
Creating kernel tarball at /tmp/ktest-kernel.tar.gz...
Creating lustre tarball at /tmp/ktest-lustre.tar.gz...
Executing 16 jobs
Jobs will start as soon as their dependencies are satisfied
Using tarball input mode

START lustre_mainline build tests/fs/lustre/boot.ktest
START checkpatch tool checkpatch
START lustre_mainline_native build tests/fs/lustre/boot.ktest
START al2023 build tests/fs/lustre/boot.ktest
START u24 build tests/fs/lustre/boot.ktest
START lustre_mainline_strict build tests/fs/lustre/boot-strict.ktest
PUT /tmp/ktest-lustre.tar.gz 1s
PUT /tmp/ktest-lustre.tar.gz 2s
PUT /tmp/ktest-kernel.tar.gz 6s
PUT /tmp/ktest-kernel.tar.gz 6s
PUT /tmp/ktest-kernel.tar.gz 6s
PUT /tmp/ktest-kernel.tar.gz 6s
PUT /tmp/ktest-lustre.tar.gz 2s
PUT /tmp/ktest-lustre.tar.gz 2s
PUT /tmp/ktest-lustre.tar.gz 2s
PUT /tmp/ktest-lustre.tar.gz 2s
END checkpatch tool checkpatch PASS 11s
END al2023 build tests/fs/lustre/boot.ktest PASS 64s
END u24 build tests/fs/lustre/boot.ktest PASS 66s
GET /tmp/ktest_lustre_mainline_strict_g1fxudxh.tar 5s
END lustre_mainline_strict build tests/fs/lustre/boot-strict.ktest FAIL 127s (exit code: 1)
GET /tmp/ktest_lustre_mainline_native_s0j3gnlx.tar 5s
GET /tmp/ktest_lustre_mainline_x69q6_2_.tar 5s
END lustre_mainline_native build tests/fs/lustre/boot.ktest PASS 131s
START clang-tidy tool clang-tidy
START cc-plugin tool cc-plugin
START boot run tests/fs/lustre/boot.ktest
START llmount run tests/fs/lustre/llmount.ktest
START llog-unit run tests/fs/lustre/llog-unit.ktest
START mgs-setup run tests/fs/lustre/mgs-setup.ktest
START sanity-1 run tests/fs/lustre/sanity/sanity-1.ktest
START sanity-2 run tests/fs/lustre/sanity/sanity-2.ktest
START sanity-3 run tests/fs/lustre/sanity/sanity-3.ktest
START sanity-4 run tests/fs/lustre/sanity/sanity-4.ktest
END lustre_mainline build tests/fs/lustre/boot.ktest PASS 133s
PUT /tmp/ktest-kernel.tar.gz 12s
PUT /tmp/ktest_lustre_mainline_native_s0j3gnlx.tar 15s
PUT /tmp/ktest_lustre_mainline_native_s0j3gnlx.tar 15s
PUT /tmp/ktest_lustre_mainline_native_s0j3gnlx.tar 15s
PUT /tmp/ktest-kernel.tar.gz 16s
PUT /tmp/ktest_lustre_mainline_native_s0j3gnlx.tar 15s
PUT /tmp/ktest_lustre_mainline_native_s0j3gnlx.tar 16s
PUT /tmp/ktest_lustre_mainline_native_s0j3gnlx.tar 15s
PUT /tmp/ktest_lustre_mainline_native_s0j3gnlx.tar 15s
PUT /tmp/ktest_lustre_mainline_native_s0j3gnlx.tar 15s
PUT /tmp/ktest-lustre.tar.gz 33s
PUT /tmp/ktest-lustre.tar.gz 42s
PUT /tmp/ktest_lustre_mainline_native_s0j3gnlx.tar 4s
PUT /tmp/ktest_lustre_mainline_native_s0j3gnlx.tar 10s
END cc-plugin tool cc-plugin FAIL 64s (exit code: 127)
END clang-tidy tool clang-tidy PASS 85s
END boot run tests/fs/lustre/boot.ktest PASS 86s
END mgs-setup run tests/fs/lustre/mgs-setup.ktest PASS 87s
END sanity-4 run tests/fs/lustre/sanity/sanity-4.ktest PASS 93s
END sanity-3 run tests/fs/lustre/sanity/sanity-3.ktest PASS 102s
END sanity-2 run tests/fs/lustre/sanity/sanity-2.ktest PASS 113s
END sanity-1 run tests/fs/lustre/sanity/sanity-1.ktest PASS 123s
END llog-unit run tests/fs/lustre/llog-unit.ktest PASS 176s
END llmount run tests/fs/lustre/llmount.ktest PASS 181s

============================================================
Final Results:
  checkpatch: PASS (11s) (log: /var/www/ci-lustre/upstream-patch-review/72ad23d6a31890b5019b1bc6a0fa9050d9b6a7a8_checkpatch.log)
  u24: PASS (66s) (log: /var/www/ci-lustre/upstream-patch-review/72ad23d6a31890b5019b1bc6a0fa9050d9b6a7a8_u24.log)
  al2023: PASS (64s) (log: /var/www/ci-lustre/upstream-patch-review/72ad23d6a31890b5019b1bc6a0fa9050d9b6a7a8_al2023.log)
  lustre_mainline_strict: FAIL (127s) (log: /var/www/ci-lustre/upstream-patch-review/72ad23d6a31890b5019b1bc6a0fa9050d9b6a7a8_lustre_mainline_strict.log)
  lustre_mainline: PASS (133s) (log: /var/www/ci-lustre/upstream-patch-review/72ad23d6a31890b5019b1bc6a0fa9050d9b6a7a8_lustre_mainline.log)
  lustre_mainline_native: PASS (131s) (log: /var/www/ci-lustre/upstream-patch-review/72ad23d6a31890b5019b1bc6a0fa9050d9b6a7a8_lustre_mainline_native.log)
  clang-tidy: PASS (85s) (log: /var/www/ci-lustre/upstream-patch-review/72ad23d6a31890b5019b1bc6a0fa9050d9b6a7a8_clang-tidy.log)
  cc-plugin: FAIL (64s) (log: /var/www/ci-lustre/upstream-patch-review/72ad23d6a31890b5019b1bc6a0fa9050d9b6a7a8_cc-plugin.log)
  boot: PASS (86s) (log: /var/www/ci-lustre/upstream-patch-review/72ad23d6a31890b5019b1bc6a0fa9050d9b6a7a8_boot.log)
  llmount: PASS (181s) (log: /var/www/ci-lustre/upstream-patch-review/72ad23d6a31890b5019b1bc6a0fa9050d9b6a7a8_llmount.log)
  llog-unit: PASS (176s) (log: /var/www/ci-lustre/upstream-patch-review/72ad23d6a31890b5019b1bc6a0fa9050d9b6a7a8_llog-unit.log)
  mgs-setup: PASS (87s) (log: /var/www/ci-lustre/upstream-patch-review/72ad23d6a31890b5019b1bc6a0fa9050d9b6a7a8_mgs-setup.log)
  sanity-1: PASS (123s) (log: /var/www/ci-lustre/upstream-patch-review/72ad23d6a31890b5019b1bc6a0fa9050d9b6a7a8_sanity-1.log)
  sanity-2: PASS (113s) (log: /var/www/ci-lustre/upstream-patch-review/72ad23d6a31890b5019b1bc6a0fa9050d9b6a7a8_sanity-2.log)
  sanity-3: PASS (102s) (log: /var/www/ci-lustre/upstream-patch-review/72ad23d6a31890b5019b1bc6a0fa9050d9b6a7a8_sanity-3.log)
  sanity-4: PASS (93s) (log: /var/www/ci-lustre/upstream-patch-review/72ad23d6a31890b5019b1bc6a0fa9050d9b6a7a8_sanity-4.log)

Total execution time: 344s
