CLI: ./podman-ktest --podman-socket unix:///run/podman/podman.sock --shared-filesystem /tmp --tarball-input job lustre-ci --output /var/www/ci-lustre/upstream-patch-review --git-hash 7528bd9641192699cf1b405a332b139d9b7f4855 --change-id 65824_7528bd9641192699cf1b405a332b139d9b7f4855 --subject LU-20234 build: fix -Werror=discarded-qualifiers errors in utils

  Checking /dev/kvm exists... OK
  Checking /dev/kvm permissions... OK
  Creating ccache directory... OK
  Checking ccache directory writable... OK

Environment validated successfully
Creating kernel tarball at /tmp/ktest-kernel.tar.gz...
Creating lustre tarball at /tmp/ktest-lustre.tar.gz...
Creating ZFS tarball at /tmp/ktest-zfs.tar.gz...
Executing 15 jobs
Jobs will start as soon as their dependencies are satisfied
Using tarball input mode

START lustre_mainline_strict build tests/fs/lustre/boot-strict.ktest
START checkpatch tool checkpatch
START u24 build tests/fs/lustre/boot.ktest
START lustre_mainline_native build tests/fs/lustre/boot.ktest
START al2023 build tests/fs/lustre/boot.ktest
START lustre_mainline build tests/fs/lustre/boot.ktest
PUT /tmp/ktest-lustre.tar.gz 2s
PUT /tmp/ktest-lustre.tar.gz 3s
PUT /tmp/ktest-kernel.tar.gz 6s
PUT /tmp/ktest-kernel.tar.gz 6s
PUT /tmp/ktest-kernel.tar.gz 6s
PUT /tmp/ktest-kernel.tar.gz 7s
PUT /tmp/ktest-lustre.tar.gz 4s
PUT /tmp/ktest-lustre.tar.gz 4s
PUT /tmp/ktest-lustre.tar.gz 4s
PUT /tmp/ktest-lustre.tar.gz 4s
PUT /tmp/ktest-zfs.tar.gz 0s
PUT /tmp/ktest-zfs.tar.gz 0s
PUT /tmp/ktest-zfs.tar.gz 0s
END checkpatch tool checkpatch PASS 13s
END al2023 build tests/fs/lustre/boot.ktest PASS 76s
END u24 build tests/fs/lustre/boot.ktest PASS 76s
GET /tmp/ktest_lustre_mainline_strict_juufj2_5.tar 5s
END lustre_mainline_strict build tests/fs/lustre/boot-strict.ktest FAIL 181s (exit code: 1)
GET /tmp/ktest_lustre_mainline_02xcw0ax.tar 5s
GET /tmp/ktest_lustre_mainline_native_v_hctqyl.tar 6s
END lustre_mainline build tests/fs/lustre/boot.ktest PASS 187s
END lustre_mainline_native build tests/fs/lustre/boot.ktest PASS 188s
START clang-tidy tool clang-tidy
START cc-plugin tool cc-plugin
START boot run tests/fs/lustre/boot.ktest
START llmount run tests/fs/lustre/llmount.ktest
START mgs-setup run tests/fs/lustre/mgs-setup.ktest
START sanity-1 run tests/fs/lustre/sanity/sanity-1.ktest
START sanity-2 run tests/fs/lustre/sanity/sanity-2.ktest
START sanity-3 run tests/fs/lustre/sanity/sanity-3.ktest
START sanity-4 run tests/fs/lustre/sanity/sanity-4.ktest
PUT /tmp/ktest-kernel.tar.gz 25s
PUT /tmp/ktest_lustre_mainline_native_v_hctqyl.tar 39s
PUT /tmp/ktest_lustre_mainline_native_v_hctqyl.tar 40s
PUT /tmp/ktest_lustre_mainline_native_v_hctqyl.tar 39s
PUT /tmp/ktest_lustre_mainline_native_v_hctqyl.tar 39s
PUT /tmp/ktest_lustre_mainline_native_v_hctqyl.tar 39s
PUT /tmp/ktest_lustre_mainline_native_v_hctqyl.tar 39s
PUT /tmp/ktest-kernel.tar.gz 40s
PUT /tmp/ktest_lustre_mainline_native_v_hctqyl.tar 40s
PUT /tmp/ktest-lustre.tar.gz 87s
PUT /tmp/ktest-lustre.tar.gz 89s
PUT /tmp/ktest_lustre_mainline_native_v_hctqyl.tar 29s
PUT /tmp/ktest_lustre_mainline_native_v_hctqyl.tar 12s
END cc-plugin tool cc-plugin FAIL 145s (exit code: 127)
END boot run tests/fs/lustre/boot.ktest PASS 146s
END mgs-setup run tests/fs/lustre/mgs-setup.ktest PASS 156s
END clang-tidy tool clang-tidy PASS 173s
END sanity-2 run tests/fs/lustre/sanity/sanity-2.ktest PASS 174s
END sanity-4 run tests/fs/lustre/sanity/sanity-4.ktest PASS 175s
END sanity-1 run tests/fs/lustre/sanity/sanity-1.ktest PASS 176s
END sanity-3 run tests/fs/lustre/sanity/sanity-3.ktest PASS 183s
END llmount run tests/fs/lustre/llmount.ktest PASS 232s

============================================================
Final Results:
  checkpatch: PASS (13s) (log: /var/www/ci-lustre/upstream-patch-review/7528bd9641192699cf1b405a332b139d9b7f4855_checkpatch.log)
  u24: PASS (76s) (log: /var/www/ci-lustre/upstream-patch-review/7528bd9641192699cf1b405a332b139d9b7f4855_u24.log)
  al2023: PASS (76s) (log: /var/www/ci-lustre/upstream-patch-review/7528bd9641192699cf1b405a332b139d9b7f4855_al2023.log)
  lustre_mainline_strict: FAIL (181s) (log: /var/www/ci-lustre/upstream-patch-review/7528bd9641192699cf1b405a332b139d9b7f4855_lustre_mainline_strict.log)
  lustre_mainline: PASS (187s) (log: /var/www/ci-lustre/upstream-patch-review/7528bd9641192699cf1b405a332b139d9b7f4855_lustre_mainline.log)
  lustre_mainline_native: PASS (188s) (log: /var/www/ci-lustre/upstream-patch-review/7528bd9641192699cf1b405a332b139d9b7f4855_lustre_mainline_native.log)
  clang-tidy: PASS (173s) (log: /var/www/ci-lustre/upstream-patch-review/7528bd9641192699cf1b405a332b139d9b7f4855_clang-tidy.log)
  cc-plugin: FAIL (145s) (log: /var/www/ci-lustre/upstream-patch-review/7528bd9641192699cf1b405a332b139d9b7f4855_cc-plugin.log)
  boot: PASS (146s) (log: /var/www/ci-lustre/upstream-patch-review/7528bd9641192699cf1b405a332b139d9b7f4855_boot.log)
  llmount: PASS (232s) (log: /var/www/ci-lustre/upstream-patch-review/7528bd9641192699cf1b405a332b139d9b7f4855_llmount.log)
  mgs-setup: PASS (156s) (log: /var/www/ci-lustre/upstream-patch-review/7528bd9641192699cf1b405a332b139d9b7f4855_mgs-setup.log)
  sanity-1: PASS (176s) (log: /var/www/ci-lustre/upstream-patch-review/7528bd9641192699cf1b405a332b139d9b7f4855_sanity-1.log)
  sanity-2: PASS (174s) (log: /var/www/ci-lustre/upstream-patch-review/7528bd9641192699cf1b405a332b139d9b7f4855_sanity-2.log)
  sanity-3: PASS (183s) (log: /var/www/ci-lustre/upstream-patch-review/7528bd9641192699cf1b405a332b139d9b7f4855_sanity-3.log)
  sanity-4: PASS (175s) (log: /var/www/ci-lustre/upstream-patch-review/7528bd9641192699cf1b405a332b139d9b7f4855_sanity-4.log)

Total execution time: 452s
