CLI: ./podman-ktest --podman-socket unix:///run/podman/podman.sock --shared-filesystem /tmp --tarball-input job lustre-ci --output /var/www/ci-lustre/upstream-patch-review --git-hash 765b494fdf1a885eb6037b103be079aa9b4f8fbb --change-id 64348_765b494fdf1a885eb6037b103be079aa9b4f8fbb --subject LU-19944 utils: Make tunefs.lustre -V/--version work properly

  Checking /dev/kvm exists... OK
  Checking /dev/kvm permissions... OK
  Creating ccache directory... OK
  Checking ccache directory writable... OK

Environment validated successfully
Creating kernel tarball at /tmp/ktest-kernel.tar.gz...
Creating lustre tarball at /tmp/ktest-lustre.tar.gz...
Executing 16 jobs
Jobs will start as soon as their dependencies are satisfied
Using tarball input mode

START lustre_u24 build tests/fs/lustre/boot.ktest
START checkpatch tool checkpatch
START lustre_mainline build tests/fs/lustre/boot.ktest
START lustre_al2023 build tests/fs/lustre/boot.ktest
START lustre_mainline_native build tests/fs/lustre/boot.ktest
START lustre_mainline_strict build tests/fs/lustre/boot-strict.ktest
PUT /tmp/ktest-kernel.tar.gz 8s
PUT /tmp/ktest-kernel.tar.gz 8s
PUT /tmp/ktest-kernel.tar.gz 8s
PUT /tmp/ktest-kernel.tar.gz 8s
PUT /tmp/ktest-kernel.tar.gz 8s
PUT /tmp/ktest-kernel.tar.gz 8s
PUT /tmp/ktest-lustre.tar.gz 2s
PUT /tmp/ktest-lustre.tar.gz 2s
PUT /tmp/ktest-lustre.tar.gz 2s
PUT /tmp/ktest-lustre.tar.gz 2s
PUT /tmp/ktest-lustre.tar.gz 2s
PUT /tmp/ktest-lustre.tar.gz 2s
END checkpatch tool checkpatch FAIL 13s (exit code: 1)
END lustre_al2023 build tests/fs/lustre/boot.ktest PASS 68s
END lustre_u24 build tests/fs/lustre/boot.ktest PASS 71s
GET /tmp/ktest_lustre_mainline_strict_nc48xy64.tar 4s
END lustre_mainline_strict build tests/fs/lustre/boot-strict.ktest FAIL 109s (exit code: 1)
GET /tmp/ktest_lustre_mainline_native_6_v37ty3.tar 3s
GET /tmp/ktest_lustre_mainline_g4yxyadu.tar 3s
END lustre_mainline_native build tests/fs/lustre/boot.ktest PASS 115s
START clang-tidy tool clang-tidy
START cc-plugin tool cc-plugin
START boot run tests/fs/lustre/boot.ktest
START llmount run tests/fs/lustre/llmount.ktest
START llog-unit run tests/fs/lustre/llog-unit.ktest
START mgs-setup run tests/fs/lustre/mgs-setup.ktest
START sanity-1 run tests/fs/lustre/sanity/sanity-1.ktest
START sanity-2 run tests/fs/lustre/sanity/sanity-2.ktest
START sanity-3 run tests/fs/lustre/sanity/sanity-3.ktest
START sanity-4 run tests/fs/lustre/sanity/sanity-4.ktest
END lustre_mainline build tests/fs/lustre/boot.ktest PASS 117s
PUT /tmp/ktest-kernel.tar.gz 13s
PUT /tmp/ktest_lustre_mainline_native_6_v37ty3.tar 17s
PUT /tmp/ktest-kernel.tar.gz 17s
PUT /tmp/ktest_lustre_mainline_native_6_v37ty3.tar 17s
PUT /tmp/ktest_lustre_mainline_native_6_v37ty3.tar 18s
PUT /tmp/ktest_lustre_mainline_native_6_v37ty3.tar 17s
PUT /tmp/ktest_lustre_mainline_native_6_v37ty3.tar 18s
PUT /tmp/ktest_lustre_mainline_native_6_v37ty3.tar 18s
PUT /tmp/ktest_lustre_mainline_native_6_v37ty3.tar 18s
PUT /tmp/ktest_lustre_mainline_native_6_v37ty3.tar 18s
PUT /tmp/ktest-lustre.tar.gz 31s
PUT /tmp/ktest-lustre.tar.gz 27s
PUT /tmp/ktest_lustre_mainline_native_6_v37ty3.tar 6s
PUT /tmp/ktest_lustre_mainline_native_6_v37ty3.tar 6s
END cc-plugin tool cc-plugin FAIL 56s (exit code: 127)
END clang-tidy tool clang-tidy PASS 73s
END boot run tests/fs/lustre/boot.ktest PASS 73s
END mgs-setup run tests/fs/lustre/mgs-setup.ktest PASS 81s
END sanity-3 run tests/fs/lustre/sanity/sanity-3.ktest PASS 90s
END sanity-4 run tests/fs/lustre/sanity/sanity-4.ktest PASS 90s
END sanity-1 run tests/fs/lustre/sanity/sanity-1.ktest PASS 94s
END sanity-2 run tests/fs/lustre/sanity/sanity-2.ktest PASS 100s
END llmount run tests/fs/lustre/llmount.ktest PASS 160s
END llog-unit run tests/fs/lustre/llog-unit.ktest PASS 175s

============================================================
Final Results:
  checkpatch: FAIL (13s) (log: /var/www/ci-lustre/upstream-patch-review/765b494fdf1a885eb6037b103be079aa9b4f8fbb_checkpatch.log)
  lustre_u24: PASS (71s) (log: /var/www/ci-lustre/upstream-patch-review/765b494fdf1a885eb6037b103be079aa9b4f8fbb_lustre_u24.log)
  lustre_al2023: PASS (68s) (log: /var/www/ci-lustre/upstream-patch-review/765b494fdf1a885eb6037b103be079aa9b4f8fbb_lustre_al2023.log)
  lustre_mainline_strict: FAIL (109s) (log: /var/www/ci-lustre/upstream-patch-review/765b494fdf1a885eb6037b103be079aa9b4f8fbb_lustre_mainline_strict.log)
  lustre_mainline: PASS (117s) (log: /var/www/ci-lustre/upstream-patch-review/765b494fdf1a885eb6037b103be079aa9b4f8fbb_lustre_mainline.log)
  lustre_mainline_native: PASS (115s) (log: /var/www/ci-lustre/upstream-patch-review/765b494fdf1a885eb6037b103be079aa9b4f8fbb_lustre_mainline_native.log)
  clang-tidy: PASS (73s) (log: /var/www/ci-lustre/upstream-patch-review/765b494fdf1a885eb6037b103be079aa9b4f8fbb_clang-tidy.log)
  cc-plugin: FAIL (56s) (log: /var/www/ci-lustre/upstream-patch-review/765b494fdf1a885eb6037b103be079aa9b4f8fbb_cc-plugin.log)
  boot: PASS (73s) (log: /var/www/ci-lustre/upstream-patch-review/765b494fdf1a885eb6037b103be079aa9b4f8fbb_boot.log)
  llmount: PASS (160s) (log: /var/www/ci-lustre/upstream-patch-review/765b494fdf1a885eb6037b103be079aa9b4f8fbb_llmount.log)
  llog-unit: PASS (175s) (log: /var/www/ci-lustre/upstream-patch-review/765b494fdf1a885eb6037b103be079aa9b4f8fbb_llog-unit.log)
  mgs-setup: PASS (81s) (log: /var/www/ci-lustre/upstream-patch-review/765b494fdf1a885eb6037b103be079aa9b4f8fbb_mgs-setup.log)
  sanity-1: PASS (94s) (log: /var/www/ci-lustre/upstream-patch-review/765b494fdf1a885eb6037b103be079aa9b4f8fbb_sanity-1.log)
  sanity-2: PASS (100s) (log: /var/www/ci-lustre/upstream-patch-review/765b494fdf1a885eb6037b103be079aa9b4f8fbb_sanity-2.log)
  sanity-3: PASS (90s) (log: /var/www/ci-lustre/upstream-patch-review/765b494fdf1a885eb6037b103be079aa9b4f8fbb_sanity-3.log)
  sanity-4: PASS (90s) (log: /var/www/ci-lustre/upstream-patch-review/765b494fdf1a885eb6037b103be079aa9b4f8fbb_sanity-4.log)

Total execution time: 321s
