WARNING:LONG_LINE_STRING: line length of 177 exceeds 100 columns
#42: FILE: lustre/llite/dcache.c:342:
+			       "POSIX immutable: retention expired for "DFID" (atime %lld <= current %lld), clearing S_IMMUTABLE in d_revalidate (uid=%u owner=%u has_cap=%d)\n",

WARNING:LONG_LINE_STRING: line length of 161 exceeds 100 columns
#91: FILE: lustre/llite/file.c:6270:
+			       "POSIX immutable: retention expired for "DFID" (atime %lld <= current %lld), clearing S_IMMUTABLE (uid=%u owner=%u has_cap=%d)\n",

WARNING:LONG_LINE: line length of 132 exceeds 100 columns
#112: FILE: lustre/llite/file.c:6291:
+					       "POSIX immutable: failed to notify server to clear IMMUTABLE_FL for "DFID": rc=%d\n",

WARNING:LONG_LINE_STRING: line length of 104 exceeds 100 columns
#301: FILE: lustre/mdd/mdd_object.c:150:
+	       "POSIX immutable: setting IMMUTABLE_FL on "DFID" (atime %lld > current %lld, mode %o)\n",

WARNING:LONG_LINE_STRING: line length of 156 exceeds 100 columns
#401: FILE: lustre/mdd/mdd_permission.c:329:
+				       "POSIX immutable: retention expired on "DFID", allowing access (atime %lld <= current %lld, owner=%d, has_cap=%d)\n",

total: 0 errors, 5 warnings, 528 lines checked

NOTE: For some of the reported defects, checkpatch may be able to
      mechanically convert to the typical style using --fix or --fix-inplace.

Your patch has style problems, please review.

NOTE: If any of the errors are false positives, please report
      them to the maintainer, see CHECKPATCH in MAINTAINERS.
