CLI: ./podman-ktest --podman-socket unix:///run/podman/podman.sock --shared-filesystem /tmp --tarball-input job lustre-ci --output /var/www/ci-lustre/upstream-patch-review --git-hash 796f07c26b6b48cc1d9fbbf295915ed9b43ce49f --change-id 67249_796f07c26b6b48cc1d9fbbf295915ed9b43ce49f --subject LU-20055 llite: bump i_version on lock loss

Environment validated successfully
Note: custom LLVM is not synced in tarball input mode
Creating kernel tarball at /tmp/ktest-kernel.tar.gz...
Creating lustre tarball at /tmp/ktest-lustre.tar.gz...
Creating ZFS tarball at /tmp/ktest-zfs.tar.gz...
Executing 14 jobs
Jobs will start as soon as their dependencies are satisfied
Using tarball input mode

START ml:lustre_mainline build tests/fs/lustre/boot.ktest
START ml-miscvm:lustre_mainline_native build tests/fs/lustre/boot.ktest
START u24:u24 build tests/fs/lustre/boot.ktest
START checkpatch:checkpatch tool checkpatch
START al2023:al2023 build tests/fs/lustre/boot.ktest
START ml-strict:lustre_mainline build tests/fs/lustre/boot-strict.ktest
PUT /tmp/ktest-lustre.tar.gz 1s
PUT /tmp/ktest-lustre.tar.gz 1s
PUT /tmp/ktest-kernel.tar.gz 8s
PUT /tmp/ktest-kernel.tar.gz 9s
PUT /tmp/ktest-kernel.tar.gz 9s
PUT /tmp/ktest-kernel.tar.gz 9s
PUT /tmp/ktest-lustre.tar.gz 3s
PUT /tmp/ktest-lustre.tar.gz 3s
PUT /tmp/ktest-lustre.tar.gz 3s
PUT /tmp/ktest-lustre.tar.gz 3s
PUT /tmp/ktest-zfs.tar.gz 0s
PUT /tmp/ktest-zfs.tar.gz 0s
PUT /tmp/ktest-zfs.tar.gz 0s
END checkpatch:checkpatch tool checkpatch PASS 15s
END al2023:al2023 build tests/fs/lustre/boot.ktest PASS 57s
END u24:u24 build tests/fs/lustre/boot.ktest PASS 58s
GET /tmp/ktest_ml-strict:lustre_mainline_z16iphgw.tar 9s
END ml-strict:lustre_mainline build tests/fs/lustre/boot-strict.ktest FAIL 182s (exit code: 1)
GET /tmp/ktest_ml:lustre_mainline_pf7gwy7c.tar 0s
GET /tmp/ktest_ml-miscvm:lustre_mainline_native_u7w_ydic.tar 0s
END ml:lustre_mainline build tests/fs/lustre/boot.ktest PASS 193s
END ml-miscvm:lustre_mainline_native build tests/fs/lustre/boot.ktest PASS 195s
START ml-miscvm:boot run tests/fs/lustre/boot.ktest
START ml-miscvm:llmount run tests/fs/lustre/llmount.ktest
START ml-miscvm:llog-unit run tests/fs/lustre/llog-unit.ktest
START ml-miscvm:mgs-setup run tests/fs/lustre/mgs-setup.ktest
START ml-miscvm:sanity-1 run tests/fs/lustre/sanity/sanity-1.ktest
START ml-miscvm:sanity-2 run tests/fs/lustre/sanity/sanity-2.ktest
START ml-miscvm:sanity-3 run tests/fs/lustre/sanity/sanity-3.ktest
START ml-miscvm:sanity-4 run tests/fs/lustre/sanity/sanity-4.ktest
PUT /tmp/ktest-kernel.tar.gz 37s
PUT /tmp/ktest-kernel.tar.gz 37s
PUT /tmp/ktest-kernel.tar.gz 37s
PUT /tmp/ktest-kernel.tar.gz 37s
PUT /tmp/ktest-kernel.tar.gz 37s
PUT /tmp/ktest-kernel.tar.gz 37s
PUT /tmp/ktest-kernel.tar.gz 38s
PUT /tmp/ktest-kernel.tar.gz 38s
PUT /tmp/ktest-lustre.tar.gz 12s
PUT /tmp/ktest-lustre.tar.gz 12s
PUT /tmp/ktest-lustre.tar.gz 12s
PUT /tmp/ktest-lustre.tar.gz 12s
PUT /tmp/ktest-lustre.tar.gz 12s
PUT /tmp/ktest-lustre.tar.gz 12s
PUT /tmp/ktest-lustre.tar.gz 12s
PUT /tmp/ktest-lustre.tar.gz 13s
PUT /tmp/ktest_ml-miscvm:lustre_mainline_native_u7w_ydic.tar 0s
PUT /tmp/ktest_ml-miscvm:lustre_mainline_native_u7w_ydic.tar 1s
PUT /tmp/ktest_ml-miscvm:lustre_mainline_native_u7w_ydic.tar 1s
PUT /tmp/ktest_ml-miscvm:lustre_mainline_native_u7w_ydic.tar 1s
PUT /tmp/ktest_ml-miscvm:lustre_mainline_native_u7w_ydic.tar 1s
PUT /tmp/ktest_ml-miscvm:lustre_mainline_native_u7w_ydic.tar 1s
PUT /tmp/ktest_ml-miscvm:lustre_mainline_native_u7w_ydic.tar 1s
PUT /tmp/ktest_ml-miscvm:lustre_mainline_native_u7w_ydic.tar 1s
END ml-miscvm:boot run tests/fs/lustre/boot.ktest PASS 82s
END ml-miscvm:mgs-setup run tests/fs/lustre/mgs-setup.ktest PASS 97s
END ml-miscvm:sanity-2 run tests/fs/lustre/sanity/sanity-2.ktest PASS 123s
END ml-miscvm:sanity-4 run tests/fs/lustre/sanity/sanity-4.ktest PASS 129s
END ml-miscvm:sanity-1 run tests/fs/lustre/sanity/sanity-1.ktest PASS 133s
END ml-miscvm:sanity-3 run tests/fs/lustre/sanity/sanity-3.ktest PASS 134s
END ml-miscvm:llmount run tests/fs/lustre/llmount.ktest PASS 136s
END ml-miscvm:llog-unit run tests/fs/lustre/llog-unit.ktest FAIL 187s (exit code: 1)

============================================================
Final Results:
  checkpatch:checkpatch: PASS (15s) (log: /var/www/ci-lustre/upstream-patch-review/796f07c26b6b48cc1d9fbbf295915ed9b43ce49f_checkpatch:checkpatch.log)
  u24:u24: PASS (58s) (log: /var/www/ci-lustre/upstream-patch-review/796f07c26b6b48cc1d9fbbf295915ed9b43ce49f_u24:u24.log)
  al2023:al2023: PASS (57s) (log: /var/www/ci-lustre/upstream-patch-review/796f07c26b6b48cc1d9fbbf295915ed9b43ce49f_al2023:al2023.log)
  ml-strict:lustre_mainline: FAIL (182s) (log: /var/www/ci-lustre/upstream-patch-review/796f07c26b6b48cc1d9fbbf295915ed9b43ce49f_ml-strict:lustre_mainline.log)
  ml:lustre_mainline: PASS (193s) (log: /var/www/ci-lustre/upstream-patch-review/796f07c26b6b48cc1d9fbbf295915ed9b43ce49f_ml:lustre_mainline.log)
  ml-miscvm:lustre_mainline_native: PASS (195s) (log: /var/www/ci-lustre/upstream-patch-review/796f07c26b6b48cc1d9fbbf295915ed9b43ce49f_ml-miscvm:lustre_mainline_native.log)
  ml-miscvm:boot: PASS (82s) (log: /var/www/ci-lustre/upstream-patch-review/796f07c26b6b48cc1d9fbbf295915ed9b43ce49f_ml-miscvm:boot.log)
  ml-miscvm:llmount: PASS (136s) (log: /var/www/ci-lustre/upstream-patch-review/796f07c26b6b48cc1d9fbbf295915ed9b43ce49f_ml-miscvm:llmount.log)
  ml-miscvm:llog-unit: FAIL (187s) (log: /var/www/ci-lustre/upstream-patch-review/796f07c26b6b48cc1d9fbbf295915ed9b43ce49f_ml-miscvm:llog-unit.log)
  ml-miscvm:mgs-setup: PASS (97s) (log: /var/www/ci-lustre/upstream-patch-review/796f07c26b6b48cc1d9fbbf295915ed9b43ce49f_ml-miscvm:mgs-setup.log)
  ml-miscvm:sanity-1: PASS (133s) (log: /var/www/ci-lustre/upstream-patch-review/796f07c26b6b48cc1d9fbbf295915ed9b43ce49f_ml-miscvm:sanity-1.log)
  ml-miscvm:sanity-2: PASS (123s) (log: /var/www/ci-lustre/upstream-patch-review/796f07c26b6b48cc1d9fbbf295915ed9b43ce49f_ml-miscvm:sanity-2.log)
  ml-miscvm:sanity-3: PASS (134s) (log: /var/www/ci-lustre/upstream-patch-review/796f07c26b6b48cc1d9fbbf295915ed9b43ce49f_ml-miscvm:sanity-3.log)
  ml-miscvm:sanity-4: PASS (129s) (log: /var/www/ci-lustre/upstream-patch-review/796f07c26b6b48cc1d9fbbf295915ed9b43ce49f_ml-miscvm:sanity-4.log)

Total execution time: 412s
