CLI: ./podman-ktest --podman-socket unix:///run/podman/podman.sock --shared-filesystem /tmp --tarball-input job lustre-ci --output /var/www/ci-lustre/upstream-patch-review --git-hash 7a10cff156cfa2885bd3708053c2747c72bb1f42 --change-id 67404_7a10cff156cfa2885bd3708053c2747c72bb1f42 --subject LU-20501 llite: skip dot/dotdot in NFS get_name

Environment validated successfully
Note: custom LLVM is not synced in tarball input mode
Creating kernel tarball at /tmp/ktest-kernel.tar.gz...
Creating lustre tarball at /tmp/ktest-lustre.tar.gz...
Creating ZFS tarball at /tmp/ktest-zfs.tar.gz...
Executing 14 jobs
Jobs will start as soon as their dependencies are satisfied
Using tarball input mode

START u24:u24 build tests/fs/lustre/boot.ktest
START ml:lustre_mainline build tests/fs/lustre/boot.ktest
START checkpatch:checkpatch tool checkpatch
START ml-miscvm:lustre_mainline_native build tests/fs/lustre/boot.ktest
START al2023:al2023 build tests/fs/lustre/boot.ktest
START ml-strict:lustre_mainline build tests/fs/lustre/boot-strict.ktest
PUT /tmp/ktest-lustre.tar.gz 1s
PUT /tmp/ktest-lustre.tar.gz 1s
PUT /tmp/ktest-kernel.tar.gz 9s
PUT /tmp/ktest-kernel.tar.gz 9s
PUT /tmp/ktest-kernel.tar.gz 9s
PUT /tmp/ktest-kernel.tar.gz 9s
PUT /tmp/ktest-lustre.tar.gz 3s
PUT /tmp/ktest-lustre.tar.gz 3s
PUT /tmp/ktest-lustre.tar.gz 2s
PUT /tmp/ktest-lustre.tar.gz 3s
PUT /tmp/ktest-zfs.tar.gz 0s
PUT /tmp/ktest-zfs.tar.gz 0s
PUT /tmp/ktest-zfs.tar.gz 0s
END checkpatch:checkpatch tool checkpatch PASS 15s
END al2023:al2023 build tests/fs/lustre/boot.ktest PASS 56s
END u24:u24 build tests/fs/lustre/boot.ktest PASS 57s
GET /tmp/ktest_ml-miscvm:lustre_mainline_native_21_aif1o.tar 0s
GET /tmp/ktest_ml:lustre_mainline_13xs9y68.tar 0s
END ml-miscvm:lustre_mainline_native build tests/fs/lustre/boot.ktest PASS 170s
START ml-miscvm:boot run tests/fs/lustre/boot.ktest
START ml-miscvm:llmount run tests/fs/lustre/llmount.ktest
START ml-miscvm:llog-unit run tests/fs/lustre/llog-unit.ktest
START ml-miscvm:mgs-setup run tests/fs/lustre/mgs-setup.ktest
START ml-miscvm:sanity-1 run tests/fs/lustre/sanity/sanity-1.ktest
START ml-miscvm:sanity-2 run tests/fs/lustre/sanity/sanity-2.ktest
START ml-miscvm:sanity-3 run tests/fs/lustre/sanity/sanity-3.ktest
START ml-miscvm:sanity-4 run tests/fs/lustre/sanity/sanity-4.ktest
GET /tmp/ktest_ml-strict:lustre_mainline_h_uzjyml.tar 5s
END ml:lustre_mainline build tests/fs/lustre/boot.ktest PASS 172s
END ml-strict:lustre_mainline build tests/fs/lustre/boot-strict.ktest FAIL 173s (exit code: 1)
PUT /tmp/ktest-kernel.tar.gz 50s
PUT /tmp/ktest-kernel.tar.gz 49s
PUT /tmp/ktest-kernel.tar.gz 49s
PUT /tmp/ktest-kernel.tar.gz 50s
PUT /tmp/ktest-kernel.tar.gz 50s
PUT /tmp/ktest-kernel.tar.gz 50s
PUT /tmp/ktest-kernel.tar.gz 51s
PUT /tmp/ktest-kernel.tar.gz 50s
PUT /tmp/ktest-lustre.tar.gz 6s
PUT /tmp/ktest-lustre.tar.gz 6s
PUT /tmp/ktest-lustre.tar.gz 6s
PUT /tmp/ktest-lustre.tar.gz 6s
PUT /tmp/ktest-lustre.tar.gz 6s
PUT /tmp/ktest-lustre.tar.gz 7s
PUT /tmp/ktest-lustre.tar.gz 6s
PUT /tmp/ktest-lustre.tar.gz 6s
PUT /tmp/ktest_ml-miscvm:lustre_mainline_native_21_aif1o.tar 0s
PUT /tmp/ktest_ml-miscvm:lustre_mainline_native_21_aif1o.tar 0s
PUT /tmp/ktest_ml-miscvm:lustre_mainline_native_21_aif1o.tar 0s
PUT /tmp/ktest_ml-miscvm:lustre_mainline_native_21_aif1o.tar 0s
PUT /tmp/ktest_ml-miscvm:lustre_mainline_native_21_aif1o.tar 0s
PUT /tmp/ktest_ml-miscvm:lustre_mainline_native_21_aif1o.tar 0s
PUT /tmp/ktest_ml-miscvm:lustre_mainline_native_21_aif1o.tar 0s
PUT /tmp/ktest_ml-miscvm:lustre_mainline_native_21_aif1o.tar 0s
END ml-miscvm:boot run tests/fs/lustre/boot.ktest PASS 93s
END ml-miscvm:mgs-setup run tests/fs/lustre/mgs-setup.ktest PASS 102s
END ml-miscvm:sanity-2 run tests/fs/lustre/sanity/sanity-2.ktest PASS 125s
END ml-miscvm:llmount run tests/fs/lustre/llmount.ktest PASS 136s
END ml-miscvm:sanity-3 run tests/fs/lustre/sanity/sanity-3.ktest PASS 138s
END ml-miscvm:sanity-1 run tests/fs/lustre/sanity/sanity-1.ktest PASS 139s
END ml-miscvm:sanity-4 run tests/fs/lustre/sanity/sanity-4.ktest PASS 140s
END ml-miscvm:llog-unit run tests/fs/lustre/llog-unit.ktest FAIL 178s (exit code: 1)

============================================================
Final Results:
  checkpatch:checkpatch: PASS (15s) (log: /var/www/ci-lustre/upstream-patch-review/7a10cff156cfa2885bd3708053c2747c72bb1f42_checkpatch:checkpatch.log)
  u24:u24: PASS (57s) (log: /var/www/ci-lustre/upstream-patch-review/7a10cff156cfa2885bd3708053c2747c72bb1f42_u24:u24.log)
  al2023:al2023: PASS (56s) (log: /var/www/ci-lustre/upstream-patch-review/7a10cff156cfa2885bd3708053c2747c72bb1f42_al2023:al2023.log)
  ml-strict:lustre_mainline: FAIL (173s) (log: /var/www/ci-lustre/upstream-patch-review/7a10cff156cfa2885bd3708053c2747c72bb1f42_ml-strict:lustre_mainline.log)
  ml:lustre_mainline: PASS (172s) (log: /var/www/ci-lustre/upstream-patch-review/7a10cff156cfa2885bd3708053c2747c72bb1f42_ml:lustre_mainline.log)
  ml-miscvm:lustre_mainline_native: PASS (170s) (log: /var/www/ci-lustre/upstream-patch-review/7a10cff156cfa2885bd3708053c2747c72bb1f42_ml-miscvm:lustre_mainline_native.log)
  ml-miscvm:boot: PASS (93s) (log: /var/www/ci-lustre/upstream-patch-review/7a10cff156cfa2885bd3708053c2747c72bb1f42_ml-miscvm:boot.log)
  ml-miscvm:llmount: PASS (136s) (log: /var/www/ci-lustre/upstream-patch-review/7a10cff156cfa2885bd3708053c2747c72bb1f42_ml-miscvm:llmount.log)
  ml-miscvm:llog-unit: FAIL (178s) (log: /var/www/ci-lustre/upstream-patch-review/7a10cff156cfa2885bd3708053c2747c72bb1f42_ml-miscvm:llog-unit.log)
  ml-miscvm:mgs-setup: PASS (102s) (log: /var/www/ci-lustre/upstream-patch-review/7a10cff156cfa2885bd3708053c2747c72bb1f42_ml-miscvm:mgs-setup.log)
  ml-miscvm:sanity-1: PASS (139s) (log: /var/www/ci-lustre/upstream-patch-review/7a10cff156cfa2885bd3708053c2747c72bb1f42_ml-miscvm:sanity-1.log)
  ml-miscvm:sanity-2: PASS (125s) (log: /var/www/ci-lustre/upstream-patch-review/7a10cff156cfa2885bd3708053c2747c72bb1f42_ml-miscvm:sanity-2.log)
  ml-miscvm:sanity-3: PASS (138s) (log: /var/www/ci-lustre/upstream-patch-review/7a10cff156cfa2885bd3708053c2747c72bb1f42_ml-miscvm:sanity-3.log)
  ml-miscvm:sanity-4: PASS (140s) (log: /var/www/ci-lustre/upstream-patch-review/7a10cff156cfa2885bd3708053c2747c72bb1f42_ml-miscvm:sanity-4.log)

Total execution time: 379s
