CLI: ./podman-ktest --podman-socket unix:///run/podman/podman.sock --shared-filesystem /tmp --tarball-input job lustre-ci --output /var/www/ci-lustre/upstream-patch-review --git-hash 7b6e626a9ab66fbd12bebab952e7fe271a1e5178 --change-id 64327_7b6e626a9ab66fbd12bebab952e7fe271a1e5178 --subject LU-18687 build: refactor the top-level Makefile

  Checking /dev/kvm exists... OK
  Checking /dev/kvm permissions... OK
  Creating ccache directory... OK
  Checking ccache directory writable... OK

Environment validated successfully
Creating kernel tarball at /tmp/ktest-kernel.tar.gz...
Creating lustre tarball at /tmp/ktest-lustre.tar.gz...
Executing 16 jobs
Jobs will start as soon as their dependencies are satisfied
Using tarball input mode

START lustre_mainline_strict build tests/fs/lustre/boot-strict.ktest
START lustre_mainline_native build tests/fs/lustre/boot.ktest
START checkpatch tool checkpatch
START lustre_mainline build tests/fs/lustre/boot.ktest
START lustre_u24 build tests/fs/lustre/boot.ktest
START lustre_al2023 build tests/fs/lustre/boot.ktest
PUT /tmp/ktest-kernel.tar.gz 8s
PUT /tmp/ktest-kernel.tar.gz 8s
PUT /tmp/ktest-kernel.tar.gz 8s
PUT /tmp/ktest-kernel.tar.gz 8s
PUT /tmp/ktest-kernel.tar.gz 8s
PUT /tmp/ktest-kernel.tar.gz 8s
PUT /tmp/ktest-lustre.tar.gz 2s
PUT /tmp/ktest-lustre.tar.gz 2s
PUT /tmp/ktest-lustre.tar.gz 2s
PUT /tmp/ktest-lustre.tar.gz 2s
PUT /tmp/ktest-lustre.tar.gz 2s
PUT /tmp/ktest-lustre.tar.gz 2s
END checkpatch tool checkpatch FAIL 13s (exit code: 1)
END lustre_al2023 build tests/fs/lustre/boot.ktest PASS 65s
END lustre_u24 build tests/fs/lustre/boot.ktest PASS 67s
GET /tmp/ktest_lustre_mainline_strict_zy4_uqlc.tar 5s
GET /tmp/ktest_lustre_mainline_nn68rz__.tar 4s
GET /tmp/ktest_lustre_mainline_native_zu7ztfoe.tar 4s
END lustre_mainline_strict build tests/fs/lustre/boot-strict.ktest FAIL 149s (exit code: 1)
END lustre_mainline build tests/fs/lustre/boot.ktest PASS 150s
END lustre_mainline_native build tests/fs/lustre/boot.ktest PASS 152s
START clang-tidy tool clang-tidy
START cc-plugin tool cc-plugin
START boot run tests/fs/lustre/boot.ktest
START llmount run tests/fs/lustre/llmount.ktest
START llog-unit run tests/fs/lustre/llog-unit.ktest
START mgs-setup run tests/fs/lustre/mgs-setup.ktest
START sanity-1 run tests/fs/lustre/sanity/sanity-1.ktest
START sanity-2 run tests/fs/lustre/sanity/sanity-2.ktest
START sanity-3 run tests/fs/lustre/sanity/sanity-3.ktest
START sanity-4 run tests/fs/lustre/sanity/sanity-4.ktest
PUT /tmp/ktest-kernel.tar.gz 14s
PUT /tmp/ktest_lustre_mainline_native_zu7ztfoe.tar 19s
PUT /tmp/ktest_lustre_mainline_native_zu7ztfoe.tar 19s
PUT /tmp/ktest_lustre_mainline_native_zu7ztfoe.tar 19s
PUT /tmp/ktest_lustre_mainline_native_zu7ztfoe.tar 19s
PUT /tmp/ktest_lustre_mainline_native_zu7ztfoe.tar 19s
PUT /tmp/ktest_lustre_mainline_native_zu7ztfoe.tar 19s
PUT /tmp/ktest-kernel.tar.gz 19s
PUT /tmp/ktest_lustre_mainline_native_zu7ztfoe.tar 19s
PUT /tmp/ktest_lustre_mainline_native_zu7ztfoe.tar 19s
PUT /tmp/ktest-lustre.tar.gz 31s
PUT /tmp/ktest-lustre.tar.gz 26s
PUT /tmp/ktest_lustre_mainline_native_zu7ztfoe.tar 6s
PUT /tmp/ktest_lustre_mainline_native_zu7ztfoe.tar 7s
END cc-plugin tool cc-plugin FAIL 56s (exit code: 127)
END boot run tests/fs/lustre/boot.ktest PASS 80s
END clang-tidy tool clang-tidy PASS 82s
END mgs-setup run tests/fs/lustre/mgs-setup.ktest PASS 86s
END sanity-4 run tests/fs/lustre/sanity/sanity-4.ktest PASS 89s
END sanity-2 run tests/fs/lustre/sanity/sanity-2.ktest PASS 97s
END sanity-3 run tests/fs/lustre/sanity/sanity-3.ktest PASS 99s
END sanity-1 run tests/fs/lustre/sanity/sanity-1.ktest PASS 113s
END llmount run tests/fs/lustre/llmount.ktest PASS 161s
END llog-unit run tests/fs/lustre/llog-unit.ktest PASS 181s

============================================================
Final Results:
  checkpatch: FAIL (13s) (log: /var/www/ci-lustre/upstream-patch-review/7b6e626a9ab66fbd12bebab952e7fe271a1e5178_checkpatch.log)
  lustre_u24: PASS (67s) (log: /var/www/ci-lustre/upstream-patch-review/7b6e626a9ab66fbd12bebab952e7fe271a1e5178_lustre_u24.log)
  lustre_al2023: PASS (65s) (log: /var/www/ci-lustre/upstream-patch-review/7b6e626a9ab66fbd12bebab952e7fe271a1e5178_lustre_al2023.log)
  lustre_mainline_strict: FAIL (149s) (log: /var/www/ci-lustre/upstream-patch-review/7b6e626a9ab66fbd12bebab952e7fe271a1e5178_lustre_mainline_strict.log)
  lustre_mainline: PASS (150s) (log: /var/www/ci-lustre/upstream-patch-review/7b6e626a9ab66fbd12bebab952e7fe271a1e5178_lustre_mainline.log)
  lustre_mainline_native: PASS (152s) (log: /var/www/ci-lustre/upstream-patch-review/7b6e626a9ab66fbd12bebab952e7fe271a1e5178_lustre_mainline_native.log)
  clang-tidy: PASS (82s) (log: /var/www/ci-lustre/upstream-patch-review/7b6e626a9ab66fbd12bebab952e7fe271a1e5178_clang-tidy.log)
  cc-plugin: FAIL (56s) (log: /var/www/ci-lustre/upstream-patch-review/7b6e626a9ab66fbd12bebab952e7fe271a1e5178_cc-plugin.log)
  boot: PASS (80s) (log: /var/www/ci-lustre/upstream-patch-review/7b6e626a9ab66fbd12bebab952e7fe271a1e5178_boot.log)
  llmount: PASS (161s) (log: /var/www/ci-lustre/upstream-patch-review/7b6e626a9ab66fbd12bebab952e7fe271a1e5178_llmount.log)
  llog-unit: PASS (181s) (log: /var/www/ci-lustre/upstream-patch-review/7b6e626a9ab66fbd12bebab952e7fe271a1e5178_llog-unit.log)
  mgs-setup: PASS (86s) (log: /var/www/ci-lustre/upstream-patch-review/7b6e626a9ab66fbd12bebab952e7fe271a1e5178_mgs-setup.log)
  sanity-1: PASS (113s) (log: /var/www/ci-lustre/upstream-patch-review/7b6e626a9ab66fbd12bebab952e7fe271a1e5178_sanity-1.log)
  sanity-2: PASS (97s) (log: /var/www/ci-lustre/upstream-patch-review/7b6e626a9ab66fbd12bebab952e7fe271a1e5178_sanity-2.log)
  sanity-3: PASS (99s) (log: /var/www/ci-lustre/upstream-patch-review/7b6e626a9ab66fbd12bebab952e7fe271a1e5178_sanity-3.log)
  sanity-4: PASS (89s) (log: /var/www/ci-lustre/upstream-patch-review/7b6e626a9ab66fbd12bebab952e7fe271a1e5178_sanity-4.log)

Total execution time: 364s
