CLI: ./podman-ktest --podman-socket unix:///run/podman/podman.sock --shared-filesystem /tmp --tarball-input job lustre-ci --output /var/www/ci-lustre/upstream-patch-review --git-hash 7bfc155dc4eede608fdefbed2c4d858fa0a4057c --change-id 62859_7bfc155dc4eede608fdefbed2c4d858fa0a4057c --subject LU-12668 ec: Add tests for computing the parity coverage

  Checking /dev/kvm exists... OK
  Checking /dev/kvm permissions... OK
  Creating ccache directory... OK
  Checking ccache directory writable... OK
  Creating package output directory... OK

Environment validated successfully
Creating kernel tarball at /tmp/ktest-kernel.tar.gz...
Creating lustre tarball at /tmp/ktest-lustre.tar.gz...
Creating ZFS tarball at /tmp/ktest-zfs.tar.gz...
Executing 13 jobs
Jobs will start as soon as their dependencies are satisfied
Using tarball input mode

START al2023 build tests/fs/lustre/boot.ktest
START lustre_mainline_native build tests/fs/lustre/boot.ktest
START checkpatch tool checkpatch
START lustre_mainline build tests/fs/lustre/boot.ktest
START u24 build tests/fs/lustre/boot.ktest
START lustre_mainline_strict build tests/fs/lustre/boot-strict.ktest
PUT /tmp/ktest-lustre.tar.gz 1s
PUT /tmp/ktest-lustre.tar.gz 1s
PUT /tmp/ktest-kernel.tar.gz 7s
PUT /tmp/ktest-kernel.tar.gz 7s
PUT /tmp/ktest-kernel.tar.gz 7s
PUT /tmp/ktest-kernel.tar.gz 7s
PUT /tmp/ktest-lustre.tar.gz 2s
PUT /tmp/ktest-lustre.tar.gz 2s
PUT /tmp/ktest-lustre.tar.gz 2s
PUT /tmp/ktest-lustre.tar.gz 2s
PUT /tmp/ktest-zfs.tar.gz 0s
PUT /tmp/ktest-zfs.tar.gz 0s
PUT /tmp/ktest-zfs.tar.gz 0s
END checkpatch tool checkpatch FAIL 12s (exit code: 1)
END al2023 build tests/fs/lustre/boot.ktest PASS 63s
END u24 build tests/fs/lustre/boot.ktest PASS 67s
GET /tmp/ktest_lustre_mainline_strict_lj61pt2s.tar 6s
END lustre_mainline_strict build tests/fs/lustre/boot-strict.ktest FAIL 133s (exit code: 1)
GET /tmp/ktest_lustre_mainline_6onkc1j1.tar 0s
GET /tmp/ktest_lustre_mainline_native_b6f1r0d8.tar 0s
END lustre_mainline build tests/fs/lustre/boot.ktest PASS 137s
END lustre_mainline_native build tests/fs/lustre/boot.ktest PASS 138s
START boot run tests/fs/lustre/boot.ktest
START llmount run tests/fs/lustre/llmount.ktest
START mgs-setup run tests/fs/lustre/mgs-setup.ktest
START sanity-1 run tests/fs/lustre/sanity/sanity-1.ktest
START sanity-2 run tests/fs/lustre/sanity/sanity-2.ktest
START sanity-3 run tests/fs/lustre/sanity/sanity-3.ktest
START sanity-4 run tests/fs/lustre/sanity/sanity-4.ktest
PUT /tmp/ktest-kernel.tar.gz 11s
PUT /tmp/ktest-kernel.tar.gz 11s
PUT /tmp/ktest-kernel.tar.gz 11s
PUT /tmp/ktest-kernel.tar.gz 11s
PUT /tmp/ktest-kernel.tar.gz 11s
PUT /tmp/ktest-kernel.tar.gz 11s
PUT /tmp/ktest-kernel.tar.gz 11s
PUT /tmp/ktest-lustre.tar.gz 3s
PUT /tmp/ktest-lustre.tar.gz 4s
PUT /tmp/ktest-lustre.tar.gz 3s
PUT /tmp/ktest-lustre.tar.gz 4s
PUT /tmp/ktest-lustre.tar.gz 3s
PUT /tmp/ktest-lustre.tar.gz 3s
PUT /tmp/ktest-lustre.tar.gz 3s
PUT /tmp/ktest_lustre_mainline_native_b6f1r0d8.tar 0s
PUT /tmp/ktest_lustre_mainline_native_b6f1r0d8.tar 0s
PUT /tmp/ktest_lustre_mainline_native_b6f1r0d8.tar 0s
PUT /tmp/ktest_lustre_mainline_native_b6f1r0d8.tar 0s
PUT /tmp/ktest_lustre_mainline_native_b6f1r0d8.tar 0s
PUT /tmp/ktest_lustre_mainline_native_b6f1r0d8.tar 0s
PUT /tmp/ktest_lustre_mainline_native_b6f1r0d8.tar 0s
END boot run tests/fs/lustre/boot.ktest PASS 115s
END mgs-setup run tests/fs/lustre/mgs-setup.ktest PASS 125s
END sanity-4 run tests/fs/lustre/sanity/sanity-4.ktest PASS 160s
END llmount run tests/fs/lustre/llmount.ktest PASS 163s
END sanity-2 run tests/fs/lustre/sanity/sanity-2.ktest PASS 164s
END sanity-3 run tests/fs/lustre/sanity/sanity-3.ktest PASS 165s
END sanity-1 run tests/fs/lustre/sanity/sanity-1.ktest PASS 173s

============================================================
Final Results:
  checkpatch: FAIL (12s) (log: /var/www/ci-lustre/upstream-patch-review/7bfc155dc4eede608fdefbed2c4d858fa0a4057c_checkpatch.log)
  u24: PASS (67s) (log: /var/www/ci-lustre/upstream-patch-review/7bfc155dc4eede608fdefbed2c4d858fa0a4057c_u24.log)
  al2023: PASS (63s) (log: /var/www/ci-lustre/upstream-patch-review/7bfc155dc4eede608fdefbed2c4d858fa0a4057c_al2023.log)
  lustre_mainline_strict: FAIL (133s) (log: /var/www/ci-lustre/upstream-patch-review/7bfc155dc4eede608fdefbed2c4d858fa0a4057c_lustre_mainline_strict.log)
  lustre_mainline: PASS (137s) (log: /var/www/ci-lustre/upstream-patch-review/7bfc155dc4eede608fdefbed2c4d858fa0a4057c_lustre_mainline.log)
  lustre_mainline_native: PASS (138s) (log: /var/www/ci-lustre/upstream-patch-review/7bfc155dc4eede608fdefbed2c4d858fa0a4057c_lustre_mainline_native.log)
  boot: PASS (115s) (log: /var/www/ci-lustre/upstream-patch-review/7bfc155dc4eede608fdefbed2c4d858fa0a4057c_boot.log)
  llmount: PASS (163s) (log: /var/www/ci-lustre/upstream-patch-review/7bfc155dc4eede608fdefbed2c4d858fa0a4057c_llmount.log)
  mgs-setup: PASS (125s) (log: /var/www/ci-lustre/upstream-patch-review/7bfc155dc4eede608fdefbed2c4d858fa0a4057c_mgs-setup.log)
  sanity-1: PASS (173s) (log: /var/www/ci-lustre/upstream-patch-review/7bfc155dc4eede608fdefbed2c4d858fa0a4057c_sanity-1.log)
  sanity-2: PASS (164s) (log: /var/www/ci-lustre/upstream-patch-review/7bfc155dc4eede608fdefbed2c4d858fa0a4057c_sanity-2.log)
  sanity-3: PASS (165s) (log: /var/www/ci-lustre/upstream-patch-review/7bfc155dc4eede608fdefbed2c4d858fa0a4057c_sanity-3.log)
  sanity-4: PASS (160s) (log: /var/www/ci-lustre/upstream-patch-review/7bfc155dc4eede608fdefbed2c4d858fa0a4057c_sanity-4.log)

Total execution time: 342s
