CLI: ./podman-ktest --podman-socket unix:///run/podman/podman.sock --shared-filesystem /tmp --tarball-input job lustre-ci --output /var/www/ci-lustre/upstream-patch-review --git-hash 7c1f86b001159cc72b061dcd49c77e7ce614ec77 --change-id 64497_7c1f86b001159cc72b061dcd49c77e7ce614ec77 --subject LU-19278 osd: check null inode in osd_attr_get

  Checking /dev/kvm exists... OK
  Checking /dev/kvm permissions... OK
  Creating ccache directory... OK
  Checking ccache directory writable... OK

Environment validated successfully
Creating kernel tarball at /tmp/ktest-kernel.tar.gz...
Creating lustre tarball at /tmp/ktest-lustre.tar.gz...
Executing 16 jobs
Jobs will start as soon as their dependencies are satisfied
Using tarball input mode

START lustre_mainline build tests/fs/lustre/boot.ktest
START lustre_u24 build tests/fs/lustre/boot.ktest
START checkpatch tool checkpatch
START lustre_mainline_strict build tests/fs/lustre/boot-strict.ktest
START lustre_mainline_native build tests/fs/lustre/boot.ktest
START lustre_al2023 build tests/fs/lustre/boot.ktest
PUT /tmp/ktest-kernel.tar.gz 7s
PUT /tmp/ktest-kernel.tar.gz 7s
PUT /tmp/ktest-kernel.tar.gz 7s
PUT /tmp/ktest-kernel.tar.gz 8s
PUT /tmp/ktest-kernel.tar.gz 8s
PUT /tmp/ktest-kernel.tar.gz 8s
PUT /tmp/ktest-lustre.tar.gz 2s
PUT /tmp/ktest-lustre.tar.gz 2s
PUT /tmp/ktest-lustre.tar.gz 2s
PUT /tmp/ktest-lustre.tar.gz 3s
PUT /tmp/ktest-lustre.tar.gz 3s
PUT /tmp/ktest-lustre.tar.gz 2s
END checkpatch tool checkpatch PASS 13s
END lustre_al2023 build tests/fs/lustre/boot.ktest FAIL 62s (exit code: 2)
END lustre_u24 build tests/fs/lustre/boot.ktest PASS 72s
GET /tmp/ktest_lustre_mainline_xjpe5pdd.tar 6s
GET /tmp/ktest_lustre_mainline_strict_h9l3pc8d.tar 6s
GET /tmp/ktest_lustre_mainline_native_qyy5knhs.tar 6s
END lustre_mainline build tests/fs/lustre/boot.ktest FAIL 101s (exit code: 1)
END lustre_mainline_native build tests/fs/lustre/boot.ktest FAIL 102s (exit code: 1)
END lustre_mainline_strict build tests/fs/lustre/boot-strict.ktest FAIL 103s (exit code: 1)

============================================================
Final Results:
  checkpatch: PASS (13s) (log: /var/www/ci-lustre/upstream-patch-review/7c1f86b001159cc72b061dcd49c77e7ce614ec77_checkpatch.log)
  lustre_u24: PASS (72s) (log: /var/www/ci-lustre/upstream-patch-review/7c1f86b001159cc72b061dcd49c77e7ce614ec77_lustre_u24.log)
  lustre_al2023: FAIL (62s) (log: /var/www/ci-lustre/upstream-patch-review/7c1f86b001159cc72b061dcd49c77e7ce614ec77_lustre_al2023.log)
  lustre_mainline_strict: FAIL (103s) (log: /var/www/ci-lustre/upstream-patch-review/7c1f86b001159cc72b061dcd49c77e7ce614ec77_lustre_mainline_strict.log)
  lustre_mainline: FAIL (101s) (log: /var/www/ci-lustre/upstream-patch-review/7c1f86b001159cc72b061dcd49c77e7ce614ec77_lustre_mainline.log)
  lustre_mainline_native: FAIL (102s) (log: /var/www/ci-lustre/upstream-patch-review/7c1f86b001159cc72b061dcd49c77e7ce614ec77_lustre_mainline_native.log)
  clang-tidy: SKIPPED (due to dependency failure)
  cc-plugin: SKIPPED (due to dependency failure)
  boot: SKIPPED (due to dependency failure)
  llmount: SKIPPED (due to dependency failure)
  llog-unit: SKIPPED (due to dependency failure)
  mgs-setup: SKIPPED (due to dependency failure)
  sanity-1: SKIPPED (due to dependency failure)
  sanity-2: SKIPPED (due to dependency failure)
  sanity-3: SKIPPED (due to dependency failure)
  sanity-4: SKIPPED (due to dependency failure)

Total execution time: 135s
