CLI: ./podman-ktest --podman-socket unix:///run/podman/podman.sock --shared-filesystem /tmp --tarball-input job lustre-ci --output /var/www/ci-lustre/upstream-patch-review --git-hash 7c86093c32326870788bf29393a831015787a04c --change-id 65809_7c86093c32326870788bf29393a831015787a04c --subject LU-18856 mgs: Add nodemap security check for new target registration

Environment validated successfully
Note: custom LLVM is not synced in tarball input mode
Creating kernel tarball at /tmp/ktest-kernel.tar.gz...
Creating lustre tarball at /tmp/ktest-lustre.tar.gz...
Creating ZFS tarball at /tmp/ktest-zfs.tar.gz...
Executing 14 jobs
Jobs will start as soon as their dependencies are satisfied
Using tarball input mode

START ml:lustre_mainline build tests/fs/lustre/boot.ktest
START checkpatch:checkpatch tool checkpatch
START ml-strict:lustre_mainline build tests/fs/lustre/boot-strict.ktest
START al2023:al2023 build tests/fs/lustre/boot.ktest
START ml-miscvm:lustre_mainline_native build tests/fs/lustre/boot.ktest
START u24:u24 build tests/fs/lustre/boot.ktest
PUT /tmp/ktest-lustre.tar.gz 1s
PUT /tmp/ktest-lustre.tar.gz 1s
PUT /tmp/ktest-kernel.tar.gz 7s
PUT /tmp/ktest-kernel.tar.gz 7s
PUT /tmp/ktest-kernel.tar.gz 8s
PUT /tmp/ktest-kernel.tar.gz 8s
PUT /tmp/ktest-lustre.tar.gz 3s
PUT /tmp/ktest-lustre.tar.gz 3s
PUT /tmp/ktest-lustre.tar.gz 3s
PUT /tmp/ktest-lustre.tar.gz 3s
PUT /tmp/ktest-zfs.tar.gz 0s
PUT /tmp/ktest-zfs.tar.gz 0s
PUT /tmp/ktest-zfs.tar.gz 0s
END checkpatch:checkpatch tool checkpatch FAIL 14s (exit code: 1)
END al2023:al2023 build tests/fs/lustre/boot.ktest PASS 56s
END u24:u24 build tests/fs/lustre/boot.ktest PASS 57s
GET /tmp/ktest_ml:lustre_mainline_tco3454w.tar 0s
END ml:lustre_mainline build tests/fs/lustre/boot.ktest PASS 170s
GET /tmp/ktest_ml-miscvm:lustre_mainline_native_hq8ecn8b.tar 1s
END ml-miscvm:lustre_mainline_native build tests/fs/lustre/boot.ktest PASS 172s
START ml-miscvm:boot run tests/fs/lustre/boot.ktest
START ml-miscvm:llmount run tests/fs/lustre/llmount.ktest
START ml-miscvm:llog-unit run tests/fs/lustre/llog-unit.ktest
START ml-miscvm:mgs-setup run tests/fs/lustre/mgs-setup.ktest
START ml-miscvm:sanity-1 run tests/fs/lustre/sanity/sanity-1.ktest
START ml-miscvm:sanity-2 run tests/fs/lustre/sanity/sanity-2.ktest
START ml-miscvm:sanity-3 run tests/fs/lustre/sanity/sanity-3.ktest
START ml-miscvm:sanity-4 run tests/fs/lustre/sanity/sanity-4.ktest
GET /tmp/ktest_ml-strict:lustre_mainline_6nnx25ol.tar 5s
END ml-strict:lustre_mainline build tests/fs/lustre/boot-strict.ktest FAIL 175s (exit code: 1)
PUT /tmp/ktest-kernel.tar.gz 40s
PUT /tmp/ktest-kernel.tar.gz 37s
PUT /tmp/ktest-kernel.tar.gz 40s
PUT /tmp/ktest-kernel.tar.gz 37s
PUT /tmp/ktest-kernel.tar.gz 37s
PUT /tmp/ktest-kernel.tar.gz 37s
PUT /tmp/ktest-kernel.tar.gz 40s
PUT /tmp/ktest-kernel.tar.gz 38s
PUT /tmp/ktest-lustre.tar.gz 9s
PUT /tmp/ktest-lustre.tar.gz 9s
PUT /tmp/ktest-lustre.tar.gz 8s
PUT /tmp/ktest-lustre.tar.gz 8s
PUT /tmp/ktest-lustre.tar.gz 8s
PUT /tmp/ktest-lustre.tar.gz 8s
PUT /tmp/ktest-lustre.tar.gz 9s
PUT /tmp/ktest-lustre.tar.gz 8s
PUT /tmp/ktest_ml-miscvm:lustre_mainline_native_hq8ecn8b.tar 1s
PUT /tmp/ktest_ml-miscvm:lustre_mainline_native_hq8ecn8b.tar 1s
PUT /tmp/ktest_ml-miscvm:lustre_mainline_native_hq8ecn8b.tar 1s
PUT /tmp/ktest_ml-miscvm:lustre_mainline_native_hq8ecn8b.tar 1s
PUT /tmp/ktest_ml-miscvm:lustre_mainline_native_hq8ecn8b.tar 1s
PUT /tmp/ktest_ml-miscvm:lustre_mainline_native_hq8ecn8b.tar 1s
PUT /tmp/ktest_ml-miscvm:lustre_mainline_native_hq8ecn8b.tar 1s
PUT /tmp/ktest_ml-miscvm:lustre_mainline_native_hq8ecn8b.tar 1s
END ml-miscvm:boot run tests/fs/lustre/boot.ktest PASS 96s
END ml-miscvm:mgs-setup run tests/fs/lustre/mgs-setup.ktest PASS 108s
END ml-miscvm:sanity-3 run tests/fs/lustre/sanity/sanity-3.ktest PASS 130s
END ml-miscvm:sanity-1 run tests/fs/lustre/sanity/sanity-1.ktest PASS 133s
END ml-miscvm:sanity-4 run tests/fs/lustre/sanity/sanity-4.ktest PASS 136s
END ml-miscvm:sanity-2 run tests/fs/lustre/sanity/sanity-2.ktest PASS 147s
END ml-miscvm:llmount run tests/fs/lustre/llmount.ktest PASS 158s
END ml-miscvm:llog-unit run tests/fs/lustre/llog-unit.ktest FAIL 184s (exit code: 1)

============================================================
Final Results:
  checkpatch:checkpatch: FAIL (14s) (log: /var/www/ci-lustre/upstream-patch-review/7c86093c32326870788bf29393a831015787a04c_checkpatch:checkpatch.log)
  u24:u24: PASS (57s) (log: /var/www/ci-lustre/upstream-patch-review/7c86093c32326870788bf29393a831015787a04c_u24:u24.log)
  al2023:al2023: PASS (56s) (log: /var/www/ci-lustre/upstream-patch-review/7c86093c32326870788bf29393a831015787a04c_al2023:al2023.log)
  ml-strict:lustre_mainline: FAIL (175s) (log: /var/www/ci-lustre/upstream-patch-review/7c86093c32326870788bf29393a831015787a04c_ml-strict:lustre_mainline.log)
  ml:lustre_mainline: PASS (170s) (log: /var/www/ci-lustre/upstream-patch-review/7c86093c32326870788bf29393a831015787a04c_ml:lustre_mainline.log)
  ml-miscvm:lustre_mainline_native: PASS (172s) (log: /var/www/ci-lustre/upstream-patch-review/7c86093c32326870788bf29393a831015787a04c_ml-miscvm:lustre_mainline_native.log)
  ml-miscvm:boot: PASS (96s) (log: /var/www/ci-lustre/upstream-patch-review/7c86093c32326870788bf29393a831015787a04c_ml-miscvm:boot.log)
  ml-miscvm:llmount: PASS (158s) (log: /var/www/ci-lustre/upstream-patch-review/7c86093c32326870788bf29393a831015787a04c_ml-miscvm:llmount.log)
  ml-miscvm:llog-unit: FAIL (184s) (log: /var/www/ci-lustre/upstream-patch-review/7c86093c32326870788bf29393a831015787a04c_ml-miscvm:llog-unit.log)
  ml-miscvm:mgs-setup: PASS (108s) (log: /var/www/ci-lustre/upstream-patch-review/7c86093c32326870788bf29393a831015787a04c_ml-miscvm:mgs-setup.log)
  ml-miscvm:sanity-1: PASS (133s) (log: /var/www/ci-lustre/upstream-patch-review/7c86093c32326870788bf29393a831015787a04c_ml-miscvm:sanity-1.log)
  ml-miscvm:sanity-2: PASS (147s) (log: /var/www/ci-lustre/upstream-patch-review/7c86093c32326870788bf29393a831015787a04c_ml-miscvm:sanity-2.log)
  ml-miscvm:sanity-3: PASS (130s) (log: /var/www/ci-lustre/upstream-patch-review/7c86093c32326870788bf29393a831015787a04c_ml-miscvm:sanity-3.log)
  ml-miscvm:sanity-4: PASS (136s) (log: /var/www/ci-lustre/upstream-patch-review/7c86093c32326870788bf29393a831015787a04c_ml-miscvm:sanity-4.log)

Total execution time: 385s
