CLI: ./podman-ktest --podman-socket unix:///run/podman/podman.sock --shared-filesystem /tmp --tarball-input job lustre-ci --output /var/www/ci-lustre/upstream-patch-review --git-hash 7ec3d5b17386da7f425725a3181c51aac760ac5f --change-id 58457_7ec3d5b17386da7f425725a3181c51aac760ac5f --subject LU-17916 osp: switch to struct folio

  Checking /dev/kvm exists... OK
  Checking /dev/kvm permissions... OK
  Creating ccache directory... OK
  Checking ccache directory writable... OK

Environment validated successfully
Creating kernel tarball at /tmp/ktest-kernel.tar.gz...
Creating lustre tarball at /tmp/ktest-lustre.tar.gz...
Executing 16 jobs
Jobs will start as soon as their dependencies are satisfied
Using tarball input mode

START checkpatch tool checkpatch
START lustre_mainline_strict build tests/fs/lustre/boot-strict.ktest
START lustre_al2023 build tests/fs/lustre/boot.ktest
START lustre_u24 build tests/fs/lustre/boot.ktest
START lustre_mainline_native build tests/fs/lustre/boot.ktest
START lustre_mainline build tests/fs/lustre/boot.ktest
PUT /tmp/ktest-kernel.tar.gz 7s
PUT /tmp/ktest-kernel.tar.gz 8s
PUT /tmp/ktest-kernel.tar.gz 8s
PUT /tmp/ktest-kernel.tar.gz 8s
PUT /tmp/ktest-kernel.tar.gz 8s
PUT /tmp/ktest-kernel.tar.gz 8s
PUT /tmp/ktest-lustre.tar.gz 2s
PUT /tmp/ktest-lustre.tar.gz 2s
PUT /tmp/ktest-lustre.tar.gz 3s
PUT /tmp/ktest-lustre.tar.gz 2s
PUT /tmp/ktest-lustre.tar.gz 3s
PUT /tmp/ktest-lustre.tar.gz 2s
END checkpatch tool checkpatch PASS 13s
END lustre_al2023 build tests/fs/lustre/boot.ktest PASS 69s
END lustre_u24 build tests/fs/lustre/boot.ktest PASS 71s
GET /tmp/ktest_lustre_mainline_strict_8f2jtyd2.tar 5s
END lustre_mainline_strict build tests/fs/lustre/boot-strict.ktest FAIL 117s (exit code: 1)
GET /tmp/ktest_lustre_mainline_kunh9a65.tar 4s
GET /tmp/ktest_lustre_mainline_native_yv12pwk8.tar 4s
END lustre_mainline build tests/fs/lustre/boot.ktest PASS 119s
END lustre_mainline_native build tests/fs/lustre/boot.ktest PASS 121s
START clang-tidy tool clang-tidy
START cc-plugin tool cc-plugin
START boot run tests/fs/lustre/boot.ktest
START llmount run tests/fs/lustre/llmount.ktest
START llog-unit run tests/fs/lustre/llog-unit.ktest
START mgs-setup run tests/fs/lustre/mgs-setup.ktest
START sanity-1 run tests/fs/lustre/sanity/sanity-1.ktest
START sanity-2 run tests/fs/lustre/sanity/sanity-2.ktest
START sanity-3 run tests/fs/lustre/sanity/sanity-3.ktest
START sanity-4 run tests/fs/lustre/sanity/sanity-4.ktest
PUT /tmp/ktest-kernel.tar.gz 11s
PUT /tmp/ktest_lustre_mainline_native_yv12pwk8.tar 14s
PUT /tmp/ktest_lustre_mainline_native_yv12pwk8.tar 14s
PUT /tmp/ktest-kernel.tar.gz 14s
PUT /tmp/ktest_lustre_mainline_native_yv12pwk8.tar 14s
PUT /tmp/ktest_lustre_mainline_native_yv12pwk8.tar 14s
PUT /tmp/ktest_lustre_mainline_native_yv12pwk8.tar 14s
PUT /tmp/ktest_lustre_mainline_native_yv12pwk8.tar 14s
PUT /tmp/ktest_lustre_mainline_native_yv12pwk8.tar 14s
PUT /tmp/ktest_lustre_mainline_native_yv12pwk8.tar 14s
PUT /tmp/ktest-lustre.tar.gz 31s
PUT /tmp/ktest-lustre.tar.gz 44s
PUT /tmp/ktest_lustre_mainline_native_yv12pwk8.tar 23s
PUT /tmp/ktest_lustre_mainline_native_yv12pwk8.tar 7s
END cc-plugin tool cc-plugin FAIL 69s (exit code: 127)
END clang-tidy tool clang-tidy PASS 90s
END boot run tests/fs/lustre/boot.ktest PASS 94s
END mgs-setup run tests/fs/lustre/mgs-setup.ktest PASS 103s
END sanity-2 run tests/fs/lustre/sanity/sanity-2.ktest PASS 135s
END llmount run tests/fs/lustre/llmount.ktest PASS 195s
END llog-unit run tests/fs/lustre/llog-unit.ktest PASS 196s
