CLI: ./podman-ktest --podman-socket unix:///run/podman/podman.sock --shared-filesystem /tmp --tarball-input job lustre-ci --output /var/www/ci-lustre/upstream-patch-review --git-hash 7ed97e3e4c9518686a86270c3be192babe45761f --change-id 66253_7ed97e3e4c9518686a86270c3be192babe45761f --subject LU-19712 lfs: Add only and not-pool options to lfs pool pin

  Checking /dev/kvm exists... OK
  Checking /dev/kvm permissions... OK
  Creating ccache directory... OK
  Checking ccache directory writable... OK
  Creating package output directory... OK

Environment validated successfully
Creating kernel tarball at /tmp/ktest-kernel.tar.gz...
Creating lustre tarball at /tmp/ktest-lustre.tar.gz...
Creating ZFS tarball at /tmp/ktest-zfs.tar.gz...
Executing 13 jobs
Jobs will start as soon as their dependencies are satisfied
Using tarball input mode

START u24 build tests/fs/lustre/boot.ktest
START lustre_mainline_native build tests/fs/lustre/boot.ktest
START al2023 build tests/fs/lustre/boot.ktest
START checkpatch tool checkpatch
START lustre_mainline build tests/fs/lustre/boot.ktest
START lustre_mainline_strict build tests/fs/lustre/boot-strict.ktest
PUT /tmp/ktest-lustre.tar.gz 1s
PUT /tmp/ktest-lustre.tar.gz 1s
PUT /tmp/ktest-kernel.tar.gz 8s
PUT /tmp/ktest-kernel.tar.gz 8s
PUT /tmp/ktest-kernel.tar.gz 8s
PUT /tmp/ktest-kernel.tar.gz 8s
PUT /tmp/ktest-lustre.tar.gz 4s
PUT /tmp/ktest-lustre.tar.gz 4s
PUT /tmp/ktest-lustre.tar.gz 4s
PUT /tmp/ktest-lustre.tar.gz 5s
PUT /tmp/ktest-zfs.tar.gz 0s
PUT /tmp/ktest-zfs.tar.gz 0s
PUT /tmp/ktest-zfs.tar.gz 0s
END checkpatch tool checkpatch FAIL 15s (exit code: 1)
END al2023 build tests/fs/lustre/boot.ktest PASS 66s
END u24 build tests/fs/lustre/boot.ktest PASS 70s
GET /tmp/ktest_lustre_mainline_strict_0em3m9xq.tar 6s
END lustre_mainline_strict build tests/fs/lustre/boot-strict.ktest FAIL 149s (exit code: 1)
GET /tmp/ktest_lustre_mainline_raugte2q.tar 0s
GET /tmp/ktest_lustre_mainline_native_9lnt0_t2.tar 0s
END lustre_mainline build tests/fs/lustre/boot.ktest PASS 163s
END lustre_mainline_native build tests/fs/lustre/boot.ktest PASS 164s
START boot run tests/fs/lustre/boot.ktest
START llmount run tests/fs/lustre/llmount.ktest
START mgs-setup run tests/fs/lustre/mgs-setup.ktest
START sanity-1 run tests/fs/lustre/sanity/sanity-1.ktest
START sanity-2 run tests/fs/lustre/sanity/sanity-2.ktest
START sanity-3 run tests/fs/lustre/sanity/sanity-3.ktest
START sanity-4 run tests/fs/lustre/sanity/sanity-4.ktest
PUT /tmp/ktest-kernel.tar.gz 37s
PUT /tmp/ktest-kernel.tar.gz 37s
PUT /tmp/ktest-kernel.tar.gz 37s
PUT /tmp/ktest-kernel.tar.gz 37s
PUT /tmp/ktest-kernel.tar.gz 37s
PUT /tmp/ktest-kernel.tar.gz 37s
PUT /tmp/ktest-kernel.tar.gz 38s
PUT /tmp/ktest-lustre.tar.gz 9s
PUT /tmp/ktest-lustre.tar.gz 9s
PUT /tmp/ktest-lustre.tar.gz 9s
PUT /tmp/ktest-lustre.tar.gz 9s
PUT /tmp/ktest-lustre.tar.gz 9s
PUT /tmp/ktest-lustre.tar.gz 10s
PUT /tmp/ktest-lustre.tar.gz 9s
PUT /tmp/ktest_lustre_mainline_native_9lnt0_t2.tar 1s
PUT /tmp/ktest_lustre_mainline_native_9lnt0_t2.tar 1s
PUT /tmp/ktest_lustre_mainline_native_9lnt0_t2.tar 2s
PUT /tmp/ktest_lustre_mainline_native_9lnt0_t2.tar 1s
PUT /tmp/ktest_lustre_mainline_native_9lnt0_t2.tar 1s
PUT /tmp/ktest_lustre_mainline_native_9lnt0_t2.tar 1s
PUT /tmp/ktest_lustre_mainline_native_9lnt0_t2.tar 1s
END boot run tests/fs/lustre/boot.ktest PASS 147s
END mgs-setup run tests/fs/lustre/mgs-setup.ktest PASS 158s
END sanity-4 run tests/fs/lustre/sanity/sanity-4.ktest PASS 183s
END sanity-3 run tests/fs/lustre/sanity/sanity-3.ktest PASS 225s
END sanity-2 run tests/fs/lustre/sanity/sanity-2.ktest PASS 226s
END llmount run tests/fs/lustre/llmount.ktest PASS 227s
END sanity-1 run tests/fs/lustre/sanity/sanity-1.ktest PASS 234s

============================================================
Final Results:
  checkpatch: FAIL (15s) (log: /var/www/ci-lustre/upstream-patch-review/7ed97e3e4c9518686a86270c3be192babe45761f_checkpatch.log)
  u24: PASS (70s) (log: /var/www/ci-lustre/upstream-patch-review/7ed97e3e4c9518686a86270c3be192babe45761f_u24.log)
  al2023: PASS (66s) (log: /var/www/ci-lustre/upstream-patch-review/7ed97e3e4c9518686a86270c3be192babe45761f_al2023.log)
  lustre_mainline_strict: FAIL (149s) (log: /var/www/ci-lustre/upstream-patch-review/7ed97e3e4c9518686a86270c3be192babe45761f_lustre_mainline_strict.log)
  lustre_mainline: PASS (163s) (log: /var/www/ci-lustre/upstream-patch-review/7ed97e3e4c9518686a86270c3be192babe45761f_lustre_mainline.log)
  lustre_mainline_native: PASS (164s) (log: /var/www/ci-lustre/upstream-patch-review/7ed97e3e4c9518686a86270c3be192babe45761f_lustre_mainline_native.log)
  boot: PASS (147s) (log: /var/www/ci-lustre/upstream-patch-review/7ed97e3e4c9518686a86270c3be192babe45761f_boot.log)
  llmount: PASS (227s) (log: /var/www/ci-lustre/upstream-patch-review/7ed97e3e4c9518686a86270c3be192babe45761f_llmount.log)
  mgs-setup: PASS (158s) (log: /var/www/ci-lustre/upstream-patch-review/7ed97e3e4c9518686a86270c3be192babe45761f_mgs-setup.log)
  sanity-1: PASS (234s) (log: /var/www/ci-lustre/upstream-patch-review/7ed97e3e4c9518686a86270c3be192babe45761f_sanity-1.log)
  sanity-2: PASS (226s) (log: /var/www/ci-lustre/upstream-patch-review/7ed97e3e4c9518686a86270c3be192babe45761f_sanity-2.log)
  sanity-3: PASS (225s) (log: /var/www/ci-lustre/upstream-patch-review/7ed97e3e4c9518686a86270c3be192babe45761f_sanity-3.log)
  sanity-4: PASS (183s) (log: /var/www/ci-lustre/upstream-patch-review/7ed97e3e4c9518686a86270c3be192babe45761f_sanity-4.log)

Total execution time: 430s
