CLI: ./podman-ktest --podman-socket unix:///run/podman/podman.sock --shared-filesystem /tmp --tarball-input job lustre-ci --output /var/www/ci-lustre/upstream-patch-review --git-hash 833f10c5d84bbd677ec1de5e7500f9932d6f0da3 --change-id 65064_833f10c5d84bbd677ec1de5e7500f9932d6f0da3 --subject LU-19921 target: move target tunables to tgt_lproc.c

  Checking /dev/kvm exists... OK
  Checking /dev/kvm permissions... OK
  Creating ccache directory... OK
  Checking ccache directory writable... OK

Environment validated successfully
Creating kernel tarball at /tmp/ktest-kernel.tar.gz...
Creating lustre tarball at /tmp/ktest-lustre.tar.gz...
Executing 16 jobs
Jobs will start as soon as their dependencies are satisfied
Using tarball input mode

START lustre_mainline build tests/fs/lustre/boot.ktest
START u24 build tests/fs/lustre/boot.ktest
START checkpatch tool checkpatch
START al2023 build tests/fs/lustre/boot.ktest
START lustre_mainline_native build tests/fs/lustre/boot.ktest
START lustre_mainline_strict build tests/fs/lustre/boot-strict.ktest
PUT /tmp/ktest-kernel.tar.gz 8s
PUT /tmp/ktest-kernel.tar.gz 8s
PUT /tmp/ktest-kernel.tar.gz 8s
PUT /tmp/ktest-kernel.tar.gz 8s
PUT /tmp/ktest-kernel.tar.gz 8s
PUT /tmp/ktest-kernel.tar.gz 8s
PUT /tmp/ktest-lustre.tar.gz 2s
PUT /tmp/ktest-lustre.tar.gz 2s
PUT /tmp/ktest-lustre.tar.gz 2s
PUT /tmp/ktest-lustre.tar.gz 2s
PUT /tmp/ktest-lustre.tar.gz 2s
PUT /tmp/ktest-lustre.tar.gz 2s
END checkpatch tool checkpatch FAIL 13s (exit code: 1)
END al2023 build tests/fs/lustre/boot.ktest PASS 64s
END u24 build tests/fs/lustre/boot.ktest PASS 69s
GET /tmp/ktest_lustre_mainline_strict_8yk27qnl.tar 5s
END lustre_mainline_strict build tests/fs/lustre/boot-strict.ktest FAIL 139s (exit code: 1)
GET /tmp/ktest_lustre_mainline_ayk13o_w.tar 4s
GET /tmp/ktest_lustre_mainline_native_h00s0pi9.tar 4s
END lustre_mainline build tests/fs/lustre/boot.ktest PASS 142s
END lustre_mainline_native build tests/fs/lustre/boot.ktest PASS 143s
START clang-tidy tool clang-tidy
START cc-plugin tool cc-plugin
START boot run tests/fs/lustre/boot.ktest
START llmount run tests/fs/lustre/llmount.ktest
START llog-unit run tests/fs/lustre/llog-unit.ktest
START mgs-setup run tests/fs/lustre/mgs-setup.ktest
START sanity-1 run tests/fs/lustre/sanity/sanity-1.ktest
START sanity-2 run tests/fs/lustre/sanity/sanity-2.ktest
START sanity-3 run tests/fs/lustre/sanity/sanity-3.ktest
START sanity-4 run tests/fs/lustre/sanity/sanity-4.ktest
PUT /tmp/ktest-kernel.tar.gz 9s
PUT /tmp/ktest_lustre_mainline_native_h00s0pi9.tar 9s
PUT /tmp/ktest-kernel.tar.gz 9s
PUT /tmp/ktest_lustre_mainline_native_h00s0pi9.tar 9s
PUT /tmp/ktest_lustre_mainline_native_h00s0pi9.tar 9s
PUT /tmp/ktest_lustre_mainline_native_h00s0pi9.tar 9s
PUT /tmp/ktest_lustre_mainline_native_h00s0pi9.tar 9s
PUT /tmp/ktest_lustre_mainline_native_h00s0pi9.tar 9s
PUT /tmp/ktest_lustre_mainline_native_h00s0pi9.tar 9s
PUT /tmp/ktest_lustre_mainline_native_h00s0pi9.tar 9s
PUT /tmp/ktest-lustre.tar.gz 27s
PUT /tmp/ktest-lustre.tar.gz 28s
PUT /tmp/ktest_lustre_mainline_native_h00s0pi9.tar 8s
PUT /tmp/ktest_lustre_mainline_native_h00s0pi9.tar 8s
END clang-tidy tool clang-tidy FAIL 47s (exit code: 1)
END cc-plugin tool cc-plugin FAIL 49s (exit code: 127)
END boot run tests/fs/lustre/boot.ktest PASS 60s
END mgs-setup run tests/fs/lustre/mgs-setup.ktest PASS 66s
END sanity-4 run tests/fs/lustre/sanity/sanity-4.ktest PASS 75s
END sanity-3 run tests/fs/lustre/sanity/sanity-3.ktest PASS 77s
END sanity-1 run tests/fs/lustre/sanity/sanity-1.ktest PASS 89s
END sanity-2 run tests/fs/lustre/sanity/sanity-2.ktest PASS 92s
END llog-unit run tests/fs/lustre/llog-unit.ktest PASS 152s
END llmount run tests/fs/lustre/llmount.ktest PASS 153s

============================================================
Final Results:
  checkpatch: FAIL (13s) (log: /var/www/ci-lustre/upstream-patch-review/833f10c5d84bbd677ec1de5e7500f9932d6f0da3_checkpatch.log)
  u24: PASS (69s) (log: /var/www/ci-lustre/upstream-patch-review/833f10c5d84bbd677ec1de5e7500f9932d6f0da3_u24.log)
  al2023: PASS (64s) (log: /var/www/ci-lustre/upstream-patch-review/833f10c5d84bbd677ec1de5e7500f9932d6f0da3_al2023.log)
  lustre_mainline_strict: FAIL (139s) (log: /var/www/ci-lustre/upstream-patch-review/833f10c5d84bbd677ec1de5e7500f9932d6f0da3_lustre_mainline_strict.log)
  lustre_mainline: PASS (142s) (log: /var/www/ci-lustre/upstream-patch-review/833f10c5d84bbd677ec1de5e7500f9932d6f0da3_lustre_mainline.log)
  lustre_mainline_native: PASS (143s) (log: /var/www/ci-lustre/upstream-patch-review/833f10c5d84bbd677ec1de5e7500f9932d6f0da3_lustre_mainline_native.log)
  clang-tidy: FAIL (47s) (log: /var/www/ci-lustre/upstream-patch-review/833f10c5d84bbd677ec1de5e7500f9932d6f0da3_clang-tidy.log)
  cc-plugin: FAIL (49s) (log: /var/www/ci-lustre/upstream-patch-review/833f10c5d84bbd677ec1de5e7500f9932d6f0da3_cc-plugin.log)
  boot: PASS (60s) (log: /var/www/ci-lustre/upstream-patch-review/833f10c5d84bbd677ec1de5e7500f9932d6f0da3_boot.log)
  llmount: PASS (153s) (log: /var/www/ci-lustre/upstream-patch-review/833f10c5d84bbd677ec1de5e7500f9932d6f0da3_llmount.log)
  llog-unit: PASS (152s) (log: /var/www/ci-lustre/upstream-patch-review/833f10c5d84bbd677ec1de5e7500f9932d6f0da3_llog-unit.log)
  mgs-setup: PASS (66s) (log: /var/www/ci-lustre/upstream-patch-review/833f10c5d84bbd677ec1de5e7500f9932d6f0da3_mgs-setup.log)
  sanity-1: PASS (89s) (log: /var/www/ci-lustre/upstream-patch-review/833f10c5d84bbd677ec1de5e7500f9932d6f0da3_sanity-1.log)
  sanity-2: PASS (92s) (log: /var/www/ci-lustre/upstream-patch-review/833f10c5d84bbd677ec1de5e7500f9932d6f0da3_sanity-2.log)
  sanity-3: PASS (77s) (log: /var/www/ci-lustre/upstream-patch-review/833f10c5d84bbd677ec1de5e7500f9932d6f0da3_sanity-3.log)
  sanity-4: PASS (75s) (log: /var/www/ci-lustre/upstream-patch-review/833f10c5d84bbd677ec1de5e7500f9932d6f0da3_sanity-4.log)

Total execution time: 328s
