CLI: ./podman-ktest --podman-socket unix:///run/podman/podman.sock --shared-filesystem /tmp --tarball-input job lustre-ci --output /var/www/ci-lustre/upstream-patch-review --git-hash 8369920bf29513fbc71d963faff77a48f53b3ae8 --change-id 65465_8369920bf29513fbc71d963faff77a48f53b3ae8 --subject LU-20184 nrs: extend TBF rate to support bandwidth (BPS) mode

  Checking /dev/kvm exists... OK
  Checking /dev/kvm permissions... OK
  Creating ccache directory... OK
  Checking ccache directory writable... OK

Environment validated successfully
Creating kernel tarball at /tmp/ktest-kernel.tar.gz...
Creating lustre tarball at /tmp/ktest-lustre.tar.gz...
Creating ZFS tarball at /tmp/ktest-zfs.tar.gz...
Executing 15 jobs
Jobs will start as soon as their dependencies are satisfied
Using tarball input mode

START al2023 build tests/fs/lustre/boot.ktest
START lustre_mainline_strict build tests/fs/lustre/boot-strict.ktest
START lustre_mainline_native build tests/fs/lustre/boot.ktest
START checkpatch tool checkpatch
START u24 build tests/fs/lustre/boot.ktest
START lustre_mainline build tests/fs/lustre/boot.ktest
PUT /tmp/ktest-lustre.tar.gz 2s
PUT /tmp/ktest-lustre.tar.gz 2s
PUT /tmp/ktest-kernel.tar.gz 5s
PUT /tmp/ktest-kernel.tar.gz 5s
PUT /tmp/ktest-kernel.tar.gz 6s
PUT /tmp/ktest-kernel.tar.gz 6s
PUT /tmp/ktest-lustre.tar.gz 3s
PUT /tmp/ktest-lustre.tar.gz 3s
PUT /tmp/ktest-lustre.tar.gz 3s
PUT /tmp/ktest-lustre.tar.gz 3s
PUT /tmp/ktest-zfs.tar.gz 0s
PUT /tmp/ktest-zfs.tar.gz 0s
PUT /tmp/ktest-zfs.tar.gz 0s
END checkpatch tool checkpatch FAIL 11s (exit code: 1)
END al2023 build tests/fs/lustre/boot.ktest PASS 63s
END u24 build tests/fs/lustre/boot.ktest PASS 67s
GET /tmp/ktest_lustre_mainline_strict_em11c292.tar 5s
END lustre_mainline_strict build tests/fs/lustre/boot-strict.ktest FAIL 166s (exit code: 1)
GET /tmp/ktest_lustre_mainline_native_r2uewko5.tar 15s
END lustre_mainline_native build tests/fs/lustre/boot.ktest PASS 175s
START clang-tidy tool clang-tidy
START cc-plugin tool cc-plugin
START boot run tests/fs/lustre/boot.ktest
START llmount run tests/fs/lustre/llmount.ktest
START mgs-setup run tests/fs/lustre/mgs-setup.ktest
START sanity-1 run tests/fs/lustre/sanity/sanity-1.ktest
START sanity-2 run tests/fs/lustre/sanity/sanity-2.ktest
START sanity-3 run tests/fs/lustre/sanity/sanity-3.ktest
START sanity-4 run tests/fs/lustre/sanity/sanity-4.ktest
GET /tmp/ktest_lustre_mainline_sj4c3o8a.tar 18s
END lustre_mainline build tests/fs/lustre/boot.ktest PASS 186s
PUT /tmp/ktest-kernel.tar.gz 39s
PUT /tmp/ktest_lustre_mainline_native_r2uewko5.tar 50s
PUT /tmp/ktest_lustre_mainline_native_r2uewko5.tar 50s
PUT /tmp/ktest_lustre_mainline_native_r2uewko5.tar 50s
PUT /tmp/ktest_lustre_mainline_native_r2uewko5.tar 50s
PUT /tmp/ktest_lustre_mainline_native_r2uewko5.tar 50s
PUT /tmp/ktest_lustre_mainline_native_r2uewko5.tar 50s
PUT /tmp/ktest_lustre_mainline_native_r2uewko5.tar 50s
PUT /tmp/ktest-kernel.tar.gz 51s
PUT /tmp/ktest-lustre.tar.gz 65s
PUT /tmp/ktest-lustre.tar.gz 80s
PUT /tmp/ktest_lustre_mainline_native_r2uewko5.tar 51s
PUT /tmp/ktest_lustre_mainline_native_r2uewko5.tar 24s
END cc-plugin tool cc-plugin FAIL 165s (exit code: 127)
END boot run tests/fs/lustre/boot.ktest PASS 173s
END mgs-setup run tests/fs/lustre/mgs-setup.ktest PASS 187s
END clang-tidy tool clang-tidy PASS 195s
END sanity-4 run tests/fs/lustre/sanity/sanity-4.ktest PASS 200s
END sanity-3 run tests/fs/lustre/sanity/sanity-3.ktest PASS 203s
END sanity-2 run tests/fs/lustre/sanity/sanity-2.ktest PASS 207s
END sanity-1 run tests/fs/lustre/sanity/sanity-1.ktest PASS 211s
END llmount run tests/fs/lustre/llmount.ktest PASS 254s

============================================================
Final Results:
  checkpatch: FAIL (11s) (log: /var/www/ci-lustre/upstream-patch-review/8369920bf29513fbc71d963faff77a48f53b3ae8_checkpatch.log)
  u24: PASS (67s) (log: /var/www/ci-lustre/upstream-patch-review/8369920bf29513fbc71d963faff77a48f53b3ae8_u24.log)
  al2023: PASS (63s) (log: /var/www/ci-lustre/upstream-patch-review/8369920bf29513fbc71d963faff77a48f53b3ae8_al2023.log)
  lustre_mainline_strict: FAIL (166s) (log: /var/www/ci-lustre/upstream-patch-review/8369920bf29513fbc71d963faff77a48f53b3ae8_lustre_mainline_strict.log)
  lustre_mainline: PASS (186s) (log: /var/www/ci-lustre/upstream-patch-review/8369920bf29513fbc71d963faff77a48f53b3ae8_lustre_mainline.log)
  lustre_mainline_native: PASS (175s) (log: /var/www/ci-lustre/upstream-patch-review/8369920bf29513fbc71d963faff77a48f53b3ae8_lustre_mainline_native.log)
  clang-tidy: PASS (195s) (log: /var/www/ci-lustre/upstream-patch-review/8369920bf29513fbc71d963faff77a48f53b3ae8_clang-tidy.log)
  cc-plugin: FAIL (165s) (log: /var/www/ci-lustre/upstream-patch-review/8369920bf29513fbc71d963faff77a48f53b3ae8_cc-plugin.log)
  boot: PASS (173s) (log: /var/www/ci-lustre/upstream-patch-review/8369920bf29513fbc71d963faff77a48f53b3ae8_boot.log)
  llmount: PASS (254s) (log: /var/www/ci-lustre/upstream-patch-review/8369920bf29513fbc71d963faff77a48f53b3ae8_llmount.log)
  mgs-setup: PASS (187s) (log: /var/www/ci-lustre/upstream-patch-review/8369920bf29513fbc71d963faff77a48f53b3ae8_mgs-setup.log)
  sanity-1: PASS (211s) (log: /var/www/ci-lustre/upstream-patch-review/8369920bf29513fbc71d963faff77a48f53b3ae8_sanity-1.log)
  sanity-2: PASS (207s) (log: /var/www/ci-lustre/upstream-patch-review/8369920bf29513fbc71d963faff77a48f53b3ae8_sanity-2.log)
  sanity-3: PASS (203s) (log: /var/www/ci-lustre/upstream-patch-review/8369920bf29513fbc71d963faff77a48f53b3ae8_sanity-3.log)
  sanity-4: PASS (200s) (log: /var/www/ci-lustre/upstream-patch-review/8369920bf29513fbc71d963faff77a48f53b3ae8_sanity-4.log)

Total execution time: 461s
