CLI: ./podman-ktest --podman-socket unix:///run/podman/podman.sock --shared-filesystem /tmp --tarball-input job lustre-ci --output /var/www/ci-lustre/upstream-patch-review --git-hash 83add05c9f7383c87ebfb97bd0ca59e7e3062b18 --change-id 65509_83add05c9f7383c87ebfb97bd0ca59e7e3062b18 --subject LU-19825 lustre: Use io_wait_event() instead of wait_event()

Environment validated successfully
Creating kernel tarball at /tmp/ktest-kernel.tar.gz...
Creating lustre tarball at /tmp/ktest-lustre.tar.gz...
Creating ZFS tarball at /tmp/ktest-zfs.tar.gz...
Executing 14 jobs
Jobs will start as soon as their dependencies are satisfied
Using tarball input mode

START al2023:al2023 build tests/fs/lustre/boot.ktest
START ml-miscvm:lustre_mainline_native build tests/fs/lustre/boot.ktest
START ml:lustre_mainline build tests/fs/lustre/boot.ktest
START ml-strict:lustre_mainline build tests/fs/lustre/boot-strict.ktest
START u24:u24 build tests/fs/lustre/boot.ktest
START checkpatch:checkpatch tool checkpatch
PUT /tmp/ktest-lustre.tar.gz 1s
PUT /tmp/ktest-lustre.tar.gz 2s
PUT /tmp/ktest-kernel.tar.gz 13s
PUT /tmp/ktest-kernel.tar.gz 13s
PUT /tmp/ktest-kernel.tar.gz 13s
PUT /tmp/ktest-kernel.tar.gz 14s
PUT /tmp/ktest-lustre.tar.gz 2s
PUT /tmp/ktest-lustre.tar.gz 1s
PUT /tmp/ktest-lustre.tar.gz 2s
PUT /tmp/ktest-lustre.tar.gz 2s
PUT /tmp/ktest-zfs.tar.gz 0s
PUT /tmp/ktest-zfs.tar.gz 0s
PUT /tmp/ktest-zfs.tar.gz 0s
END checkpatch:checkpatch tool checkpatch PASS 18s
END u24:u24 build tests/fs/lustre/boot.ktest PASS 62s
END al2023:al2023 build tests/fs/lustre/boot.ktest PASS 62s
GET /tmp/ktest_ml-strict:lustre_mainline_xwcri3pr.tar 6s
GET /tmp/ktest_ml:lustre_mainline_z2bid329.tar 11s
END ml-strict:lustre_mainline build tests/fs/lustre/boot-strict.ktest FAIL 195s (exit code: 1)
END ml:lustre_mainline build tests/fs/lustre/boot.ktest PASS 196s
GET /tmp/ktest_ml-miscvm:lustre_mainline_native_vlf9oqim.tar 13s
END ml-miscvm:lustre_mainline_native build tests/fs/lustre/boot.ktest PASS 198s
START ml-miscvm:boot run tests/fs/lustre/boot.ktest
START ml-miscvm:llmount run tests/fs/lustre/llmount.ktest
START ml-miscvm:llog-unit run tests/fs/lustre/llog-unit.ktest
START ml-miscvm:mgs-setup run tests/fs/lustre/mgs-setup.ktest
START ml-miscvm:sanity-1 run tests/fs/lustre/sanity/sanity-1.ktest
START ml-miscvm:sanity-2 run tests/fs/lustre/sanity/sanity-2.ktest
START ml-miscvm:sanity-3 run tests/fs/lustre/sanity/sanity-3.ktest
START ml-miscvm:sanity-4 run tests/fs/lustre/sanity/sanity-4.ktest
PUT /tmp/ktest-kernel.tar.gz 33s
PUT /tmp/ktest-kernel.tar.gz 33s
PUT /tmp/ktest-kernel.tar.gz 33s
PUT /tmp/ktest-kernel.tar.gz 33s
PUT /tmp/ktest-kernel.tar.gz 34s
PUT /tmp/ktest-kernel.tar.gz 33s
PUT /tmp/ktest-kernel.tar.gz 34s
PUT /tmp/ktest-kernel.tar.gz 34s
PUT /tmp/ktest-lustre.tar.gz 10s
PUT /tmp/ktest-lustre.tar.gz 10s
PUT /tmp/ktest-lustre.tar.gz 10s
PUT /tmp/ktest-lustre.tar.gz 10s
PUT /tmp/ktest-lustre.tar.gz 9s
PUT /tmp/ktest-lustre.tar.gz 9s
PUT /tmp/ktest-lustre.tar.gz 9s
PUT /tmp/ktest-lustre.tar.gz 10s
PUT /tmp/ktest_ml-miscvm:lustre_mainline_native_vlf9oqim.tar 0s
PUT /tmp/ktest_ml-miscvm:lustre_mainline_native_vlf9oqim.tar 1s
PUT /tmp/ktest_ml-miscvm:lustre_mainline_native_vlf9oqim.tar 1s
PUT /tmp/ktest_ml-miscvm:lustre_mainline_native_vlf9oqim.tar 1s
PUT /tmp/ktest_ml-miscvm:lustre_mainline_native_vlf9oqim.tar 1s
PUT /tmp/ktest_ml-miscvm:lustre_mainline_native_vlf9oqim.tar 1s
PUT /tmp/ktest_ml-miscvm:lustre_mainline_native_vlf9oqim.tar 1s
PUT /tmp/ktest_ml-miscvm:lustre_mainline_native_vlf9oqim.tar 1s
END ml-miscvm:boot run tests/fs/lustre/boot.ktest PASS 88s
END ml-miscvm:mgs-setup run tests/fs/lustre/mgs-setup.ktest PASS 98s
END ml-miscvm:sanity-4 run tests/fs/lustre/sanity/sanity-4.ktest PASS 127s
END ml-miscvm:sanity-2 run tests/fs/lustre/sanity/sanity-2.ktest PASS 129s
END ml-miscvm:sanity-3 run tests/fs/lustre/sanity/sanity-3.ktest PASS 130s
END ml-miscvm:llmount run tests/fs/lustre/llmount.ktest PASS 134s
END ml-miscvm:sanity-1 run tests/fs/lustre/sanity/sanity-1.ktest PASS 136s
END ml-miscvm:llog-unit run tests/fs/lustre/llog-unit.ktest FAIL 175s (exit code: 1)

============================================================
Final Results:
  checkpatch:checkpatch: PASS (18s) (log: /var/www/ci-lustre/upstream-patch-review/83add05c9f7383c87ebfb97bd0ca59e7e3062b18_checkpatch:checkpatch.log)
  u24:u24: PASS (62s) (log: /var/www/ci-lustre/upstream-patch-review/83add05c9f7383c87ebfb97bd0ca59e7e3062b18_u24:u24.log)
  al2023:al2023: PASS (62s) (log: /var/www/ci-lustre/upstream-patch-review/83add05c9f7383c87ebfb97bd0ca59e7e3062b18_al2023:al2023.log)
  ml-strict:lustre_mainline: FAIL (195s) (log: /var/www/ci-lustre/upstream-patch-review/83add05c9f7383c87ebfb97bd0ca59e7e3062b18_ml-strict:lustre_mainline.log)
  ml:lustre_mainline: PASS (196s) (log: /var/www/ci-lustre/upstream-patch-review/83add05c9f7383c87ebfb97bd0ca59e7e3062b18_ml:lustre_mainline.log)
  ml-miscvm:lustre_mainline_native: PASS (198s) (log: /var/www/ci-lustre/upstream-patch-review/83add05c9f7383c87ebfb97bd0ca59e7e3062b18_ml-miscvm:lustre_mainline_native.log)
  ml-miscvm:boot: PASS (88s) (log: /var/www/ci-lustre/upstream-patch-review/83add05c9f7383c87ebfb97bd0ca59e7e3062b18_ml-miscvm:boot.log)
  ml-miscvm:llmount: PASS (134s) (log: /var/www/ci-lustre/upstream-patch-review/83add05c9f7383c87ebfb97bd0ca59e7e3062b18_ml-miscvm:llmount.log)
  ml-miscvm:llog-unit: FAIL (175s) (log: /var/www/ci-lustre/upstream-patch-review/83add05c9f7383c87ebfb97bd0ca59e7e3062b18_ml-miscvm:llog-unit.log)
  ml-miscvm:mgs-setup: PASS (98s) (log: /var/www/ci-lustre/upstream-patch-review/83add05c9f7383c87ebfb97bd0ca59e7e3062b18_ml-miscvm:mgs-setup.log)
  ml-miscvm:sanity-1: PASS (136s) (log: /var/www/ci-lustre/upstream-patch-review/83add05c9f7383c87ebfb97bd0ca59e7e3062b18_ml-miscvm:sanity-1.log)
  ml-miscvm:sanity-2: PASS (129s) (log: /var/www/ci-lustre/upstream-patch-review/83add05c9f7383c87ebfb97bd0ca59e7e3062b18_ml-miscvm:sanity-2.log)
  ml-miscvm:sanity-3: PASS (130s) (log: /var/www/ci-lustre/upstream-patch-review/83add05c9f7383c87ebfb97bd0ca59e7e3062b18_ml-miscvm:sanity-3.log)
  ml-miscvm:sanity-4: PASS (127s) (log: /var/www/ci-lustre/upstream-patch-review/83add05c9f7383c87ebfb97bd0ca59e7e3062b18_ml-miscvm:sanity-4.log)

Total execution time: 403s
