CLI: ./podman-ktest --podman-socket unix:///run/podman/podman.sock --shared-filesystem /tmp --tarball-input job lustre-ci --output /var/www/ci-lustre/upstream-patch-review --git-hash 83eafc1355a0f9152c0fce07c0cfc7674da94aaf --change-id 65064_83eafc1355a0f9152c0fce07c0cfc7674da94aaf --subject LU-19921 target: move target tunables to tgt_lproc.c

  Checking /dev/kvm exists... OK
  Checking /dev/kvm permissions... OK
  Creating ccache directory... OK
  Checking ccache directory writable... OK

Environment validated successfully
Creating kernel tarball at /tmp/ktest-kernel.tar.gz...
Creating lustre tarball at /tmp/ktest-lustre.tar.gz...
Creating ZFS tarball at /tmp/ktest-zfs.tar.gz...
Executing 15 jobs
Jobs will start as soon as their dependencies are satisfied
Using tarball input mode

START al2023 build tests/fs/lustre/boot.ktest
START lustre_mainline_native build tests/fs/lustre/boot.ktest
START checkpatch tool checkpatch
START u24 build tests/fs/lustre/boot.ktest
START lustre_mainline_strict build tests/fs/lustre/boot-strict.ktest
START lustre_mainline build tests/fs/lustre/boot.ktest
PUT /tmp/ktest-lustre.tar.gz 2s
PUT /tmp/ktest-lustre.tar.gz 3s
PUT /tmp/ktest-kernel.tar.gz 6s
PUT /tmp/ktest-kernel.tar.gz 6s
PUT /tmp/ktest-kernel.tar.gz 5s
PUT /tmp/ktest-kernel.tar.gz 6s
PUT /tmp/ktest-lustre.tar.gz 2s
PUT /tmp/ktest-lustre.tar.gz 2s
PUT /tmp/ktest-lustre.tar.gz 2s
PUT /tmp/ktest-lustre.tar.gz 2s
PUT /tmp/ktest-zfs.tar.gz 0s
PUT /tmp/ktest-zfs.tar.gz 0s
PUT /tmp/ktest-zfs.tar.gz 0s
END checkpatch tool checkpatch FAIL 11s (exit code: 1)
END al2023 build tests/fs/lustre/boot.ktest PASS 61s
END u24 build tests/fs/lustre/boot.ktest PASS 67s
GET /tmp/ktest_lustre_mainline_strict_d8dpg4z1.tar 5s
END lustre_mainline_strict build tests/fs/lustre/boot-strict.ktest FAIL 177s (exit code: 1)
GET /tmp/ktest_lustre_mainline_oqanik1m.tar 5s
GET /tmp/ktest_lustre_mainline_native_lro37140.tar 6s
END lustre_mainline build tests/fs/lustre/boot.ktest PASS 182s
END lustre_mainline_native build tests/fs/lustre/boot.ktest PASS 183s
START clang-tidy tool clang-tidy
START cc-plugin tool cc-plugin
START boot run tests/fs/lustre/boot.ktest
START llmount run tests/fs/lustre/llmount.ktest
START mgs-setup run tests/fs/lustre/mgs-setup.ktest
START sanity-1 run tests/fs/lustre/sanity/sanity-1.ktest
START sanity-2 run tests/fs/lustre/sanity/sanity-2.ktest
START sanity-3 run tests/fs/lustre/sanity/sanity-3.ktest
START sanity-4 run tests/fs/lustre/sanity/sanity-4.ktest
PUT /tmp/ktest-kernel.tar.gz 27s
PUT /tmp/ktest_lustre_mainline_native_lro37140.tar 43s
PUT /tmp/ktest_lustre_mainline_native_lro37140.tar 43s
PUT /tmp/ktest_lustre_mainline_native_lro37140.tar 44s
PUT /tmp/ktest_lustre_mainline_native_lro37140.tar 43s
PUT /tmp/ktest_lustre_mainline_native_lro37140.tar 44s
PUT /tmp/ktest-kernel.tar.gz 44s
PUT /tmp/ktest_lustre_mainline_native_lro37140.tar 43s
PUT /tmp/ktest_lustre_mainline_native_lro37140.tar 43s
PUT /tmp/ktest-lustre.tar.gz 77s
PUT /tmp/ktest-lustre.tar.gz 93s
PUT /tmp/ktest_lustre_mainline_native_lro37140.tar 19s
PUT /tmp/ktest_lustre_mainline_native_lro37140.tar 52s
END cc-plugin tool cc-plugin FAIL 160s (exit code: 127)
END boot run tests/fs/lustre/boot.ktest PASS 172s
END mgs-setup run tests/fs/lustre/mgs-setup.ktest PASS 186s
END clang-tidy tool clang-tidy PASS 191s
END sanity-1 run tests/fs/lustre/sanity/sanity-1.ktest PASS 194s
END sanity-2 run tests/fs/lustre/sanity/sanity-2.ktest PASS 202s
END sanity-3 run tests/fs/lustre/sanity/sanity-3.ktest PASS 211s
END sanity-4 run tests/fs/lustre/sanity/sanity-4.ktest PASS 212s
END llmount run tests/fs/lustre/llmount.ktest PASS 258s

============================================================
Final Results:
  checkpatch: FAIL (11s) (log: /var/www/ci-lustre/upstream-patch-review/83eafc1355a0f9152c0fce07c0cfc7674da94aaf_checkpatch.log)
  u24: PASS (67s) (log: /var/www/ci-lustre/upstream-patch-review/83eafc1355a0f9152c0fce07c0cfc7674da94aaf_u24.log)
  al2023: PASS (61s) (log: /var/www/ci-lustre/upstream-patch-review/83eafc1355a0f9152c0fce07c0cfc7674da94aaf_al2023.log)
  lustre_mainline_strict: FAIL (177s) (log: /var/www/ci-lustre/upstream-patch-review/83eafc1355a0f9152c0fce07c0cfc7674da94aaf_lustre_mainline_strict.log)
  lustre_mainline: PASS (182s) (log: /var/www/ci-lustre/upstream-patch-review/83eafc1355a0f9152c0fce07c0cfc7674da94aaf_lustre_mainline.log)
  lustre_mainline_native: PASS (183s) (log: /var/www/ci-lustre/upstream-patch-review/83eafc1355a0f9152c0fce07c0cfc7674da94aaf_lustre_mainline_native.log)
  clang-tidy: PASS (191s) (log: /var/www/ci-lustre/upstream-patch-review/83eafc1355a0f9152c0fce07c0cfc7674da94aaf_clang-tidy.log)
  cc-plugin: FAIL (160s) (log: /var/www/ci-lustre/upstream-patch-review/83eafc1355a0f9152c0fce07c0cfc7674da94aaf_cc-plugin.log)
  boot: PASS (172s) (log: /var/www/ci-lustre/upstream-patch-review/83eafc1355a0f9152c0fce07c0cfc7674da94aaf_boot.log)
  llmount: PASS (258s) (log: /var/www/ci-lustre/upstream-patch-review/83eafc1355a0f9152c0fce07c0cfc7674da94aaf_llmount.log)
  mgs-setup: PASS (186s) (log: /var/www/ci-lustre/upstream-patch-review/83eafc1355a0f9152c0fce07c0cfc7674da94aaf_mgs-setup.log)
  sanity-1: PASS (194s) (log: /var/www/ci-lustre/upstream-patch-review/83eafc1355a0f9152c0fce07c0cfc7674da94aaf_sanity-1.log)
  sanity-2: PASS (202s) (log: /var/www/ci-lustre/upstream-patch-review/83eafc1355a0f9152c0fce07c0cfc7674da94aaf_sanity-2.log)
  sanity-3: PASS (211s) (log: /var/www/ci-lustre/upstream-patch-review/83eafc1355a0f9152c0fce07c0cfc7674da94aaf_sanity-3.log)
  sanity-4: PASS (212s) (log: /var/www/ci-lustre/upstream-patch-review/83eafc1355a0f9152c0fce07c0cfc7674da94aaf_sanity-4.log)

Total execution time: 474s
