CLI: ./podman-ktest --podman-socket unix:///run/podman/podman.sock --shared-filesystem /tmp --tarball-input job lustre-ci --output /var/www/ci-lustre/upstream-patch-review --git-hash 8737cfe373edcee50bb2310d70148ed5059d48af --change-id 63115_8737cfe373edcee50bb2310d70148ed5059d48af --subject LU-19734 mgc: refactor mgc_apply_recover_logs()

  Checking /dev/kvm exists... OK
  Checking /dev/kvm permissions... OK
  Creating ccache directory... OK
  Checking ccache directory writable... OK

Environment validated successfully
Creating kernel tarball at /tmp/ktest-kernel.tar.gz...
Creating lustre tarball at /tmp/ktest-lustre.tar.gz...
Executing 16 jobs
Jobs will start as soon as their dependencies are satisfied
Using tarball input mode

START lustre_mainline_native build tests/fs/lustre/boot.ktest
START lustre_al2023 build tests/fs/lustre/boot.ktest
START lustre_mainline_strict build tests/fs/lustre/boot-strict.ktest
START checkpatch tool checkpatch
START lustre_u24 build tests/fs/lustre/boot.ktest
START lustre_mainline build tests/fs/lustre/boot.ktest
PUT /tmp/ktest-kernel.tar.gz 8s
PUT /tmp/ktest-kernel.tar.gz 8s
PUT /tmp/ktest-kernel.tar.gz 8s
PUT /tmp/ktest-kernel.tar.gz 8s
PUT /tmp/ktest-kernel.tar.gz 8s
PUT /tmp/ktest-kernel.tar.gz 8s
PUT /tmp/ktest-lustre.tar.gz 2s
PUT /tmp/ktest-lustre.tar.gz 2s
PUT /tmp/ktest-lustre.tar.gz 2s
PUT /tmp/ktest-lustre.tar.gz 2s
PUT /tmp/ktest-lustre.tar.gz 1s
PUT /tmp/ktest-lustre.tar.gz 2s
END checkpatch tool checkpatch FAIL 13s (exit code: 1)
END lustre_al2023 build tests/fs/lustre/boot.ktest PASS 69s
END lustre_u24 build tests/fs/lustre/boot.ktest PASS 76s
GET /tmp/ktest_lustre_mainline_strict_5a609kla.tar 4s
END lustre_mainline_strict build tests/fs/lustre/boot-strict.ktest FAIL 109s (exit code: 1)
GET /tmp/ktest_lustre_mainline_native_gid6d4fz.tar 3s
GET /tmp/ktest_lustre_mainline_903zdwe_.tar 3s
END lustre_mainline_native build tests/fs/lustre/boot.ktest PASS 117s
START clang-tidy tool clang-tidy
START cc-plugin tool cc-plugin
START boot run tests/fs/lustre/boot.ktest
START llmount run tests/fs/lustre/llmount.ktest
START llog-unit run tests/fs/lustre/llog-unit.ktest
START mgs-setup run tests/fs/lustre/mgs-setup.ktest
START sanity-1 run tests/fs/lustre/sanity/sanity-1.ktest
START sanity-2 run tests/fs/lustre/sanity/sanity-2.ktest
START sanity-3 run tests/fs/lustre/sanity/sanity-3.ktest
START sanity-4 run tests/fs/lustre/sanity/sanity-4.ktest
END lustre_mainline build tests/fs/lustre/boot.ktest PASS 118s
PUT /tmp/ktest-kernel.tar.gz 9s
PUT /tmp/ktest-kernel.tar.gz 9s
PUT /tmp/ktest_lustre_mainline_native_gid6d4fz.tar 9s
PUT /tmp/ktest_lustre_mainline_native_gid6d4fz.tar 12s
PUT /tmp/ktest_lustre_mainline_native_gid6d4fz.tar 12s
PUT /tmp/ktest_lustre_mainline_native_gid6d4fz.tar 12s
PUT /tmp/ktest_lustre_mainline_native_gid6d4fz.tar 12s
PUT /tmp/ktest-lustre.tar.gz 2s
PUT /tmp/ktest_lustre_mainline_native_gid6d4fz.tar 12s
PUT /tmp/ktest-lustre.tar.gz 3s
PUT /tmp/ktest_lustre_mainline_native_gid6d4fz.tar 12s
PUT /tmp/ktest_lustre_mainline_native_gid6d4fz.tar 12s
PUT /tmp/ktest_lustre_mainline_native_gid6d4fz.tar 27s
PUT /tmp/ktest_lustre_mainline_native_gid6d4fz.tar 27s
END cc-plugin tool cc-plugin FAIL 44s (exit code: 127)
END boot run tests/fs/lustre/boot.ktest PASS 60s
END clang-tidy tool clang-tidy PASS 62s
END sanity-4 run tests/fs/lustre/sanity/sanity-4.ktest PASS 63s
END mgs-setup run tests/fs/lustre/mgs-setup.ktest PASS 71s
END sanity-3 run tests/fs/lustre/sanity/sanity-3.ktest PASS 80s
END sanity-2 run tests/fs/lustre/sanity/sanity-2.ktest PASS 91s
END sanity-1 run tests/fs/lustre/sanity/sanity-1.ktest PASS 103s
END llog-unit run tests/fs/lustre/llog-unit.ktest PASS 148s
END llmount run tests/fs/lustre/llmount.ktest PASS 150s

============================================================
Final Results:
  checkpatch: FAIL (13s) (log: /var/www/ci-lustre/upstream-patch-review/8737cfe373edcee50bb2310d70148ed5059d48af_checkpatch.log)
  lustre_u24: PASS (76s) (log: /var/www/ci-lustre/upstream-patch-review/8737cfe373edcee50bb2310d70148ed5059d48af_lustre_u24.log)
  lustre_al2023: PASS (69s) (log: /var/www/ci-lustre/upstream-patch-review/8737cfe373edcee50bb2310d70148ed5059d48af_lustre_al2023.log)
  lustre_mainline_strict: FAIL (109s) (log: /var/www/ci-lustre/upstream-patch-review/8737cfe373edcee50bb2310d70148ed5059d48af_lustre_mainline_strict.log)
  lustre_mainline: PASS (118s) (log: /var/www/ci-lustre/upstream-patch-review/8737cfe373edcee50bb2310d70148ed5059d48af_lustre_mainline.log)
  lustre_mainline_native: PASS (117s) (log: /var/www/ci-lustre/upstream-patch-review/8737cfe373edcee50bb2310d70148ed5059d48af_lustre_mainline_native.log)
  clang-tidy: PASS (62s) (log: /var/www/ci-lustre/upstream-patch-review/8737cfe373edcee50bb2310d70148ed5059d48af_clang-tidy.log)
  cc-plugin: FAIL (44s) (log: /var/www/ci-lustre/upstream-patch-review/8737cfe373edcee50bb2310d70148ed5059d48af_cc-plugin.log)
  boot: PASS (60s) (log: /var/www/ci-lustre/upstream-patch-review/8737cfe373edcee50bb2310d70148ed5059d48af_boot.log)
  llmount: PASS (150s) (log: /var/www/ci-lustre/upstream-patch-review/8737cfe373edcee50bb2310d70148ed5059d48af_llmount.log)
  llog-unit: PASS (148s) (log: /var/www/ci-lustre/upstream-patch-review/8737cfe373edcee50bb2310d70148ed5059d48af_llog-unit.log)
  mgs-setup: PASS (71s) (log: /var/www/ci-lustre/upstream-patch-review/8737cfe373edcee50bb2310d70148ed5059d48af_mgs-setup.log)
  sanity-1: PASS (103s) (log: /var/www/ci-lustre/upstream-patch-review/8737cfe373edcee50bb2310d70148ed5059d48af_sanity-1.log)
  sanity-2: PASS (91s) (log: /var/www/ci-lustre/upstream-patch-review/8737cfe373edcee50bb2310d70148ed5059d48af_sanity-2.log)
  sanity-3: PASS (80s) (log: /var/www/ci-lustre/upstream-patch-review/8737cfe373edcee50bb2310d70148ed5059d48af_sanity-3.log)
  sanity-4: PASS (63s) (log: /var/www/ci-lustre/upstream-patch-review/8737cfe373edcee50bb2310d70148ed5059d48af_sanity-4.log)

Total execution time: 298s
