CLI: ./podman-ktest --podman-socket unix:///run/podman/podman.sock --shared-filesystem /tmp --tarball-input job lustre-ci --output /var/www/ci-lustre/upstream-patch-review --git-hash 88b8b1221b6e16f46697c4534c132f68bf586a0c --change-id 64525_88b8b1221b6e16f46697c4534c132f68bf586a0c --subject LU-19819: utils: enhance 'lctl getobjversion' usage message

  Checking /dev/kvm exists... OK
  Checking /dev/kvm permissions... OK
  Creating ccache directory... OK
  Checking ccache directory writable... OK

Environment validated successfully
Creating kernel tarball at /tmp/ktest-kernel.tar.gz...
Creating lustre tarball at /tmp/ktest-lustre.tar.gz...
Executing 16 jobs
Jobs will start as soon as their dependencies are satisfied
Using tarball input mode

START lustre_al2023 build tests/fs/lustre/boot.ktest
START lustre_u24 build tests/fs/lustre/boot.ktest
START lustre_mainline build tests/fs/lustre/boot.ktest
START checkpatch tool checkpatch
START lustre_mainline_native build tests/fs/lustre/boot.ktest
START lustre_mainline_strict build tests/fs/lustre/boot-strict.ktest
PUT /tmp/ktest-kernel.tar.gz 8s
PUT /tmp/ktest-kernel.tar.gz 8s
PUT /tmp/ktest-kernel.tar.gz 8s
PUT /tmp/ktest-kernel.tar.gz 8s
PUT /tmp/ktest-kernel.tar.gz 8s
PUT /tmp/ktest-kernel.tar.gz 8s
PUT /tmp/ktest-lustre.tar.gz 2s
PUT /tmp/ktest-lustre.tar.gz 2s
PUT /tmp/ktest-lustre.tar.gz 2s
PUT /tmp/ktest-lustre.tar.gz 2s
PUT /tmp/ktest-lustre.tar.gz 2s
PUT /tmp/ktest-lustre.tar.gz 2s
END checkpatch tool checkpatch PASS 12s
END lustre_al2023 build tests/fs/lustre/boot.ktest PASS 66s
END lustre_u24 build tests/fs/lustre/boot.ktest PASS 70s
GET /tmp/ktest_lustre_mainline_strict_ge1eybr9.tar 5s
END lustre_mainline_strict build tests/fs/lustre/boot-strict.ktest FAIL 112s (exit code: 1)
GET /tmp/ktest_lustre_mainline_native_l2trkr9t.tar 5s
GET /tmp/ktest_lustre_mainline_2vi3rf0y.tar 5s
END lustre_mainline_native build tests/fs/lustre/boot.ktest PASS 115s
START clang-tidy tool clang-tidy
START cc-plugin tool cc-plugin
START boot run tests/fs/lustre/boot.ktest
START llmount run tests/fs/lustre/llmount.ktest
START llog-unit run tests/fs/lustre/llog-unit.ktest
START mgs-setup run tests/fs/lustre/mgs-setup.ktest
START sanity-1 run tests/fs/lustre/sanity/sanity-1.ktest
START sanity-2 run tests/fs/lustre/sanity/sanity-2.ktest
START sanity-3 run tests/fs/lustre/sanity/sanity-3.ktest
START sanity-4 run tests/fs/lustre/sanity/sanity-4.ktest
END lustre_mainline build tests/fs/lustre/boot.ktest PASS 116s
PUT /tmp/ktest-kernel.tar.gz 9s
PUT /tmp/ktest_lustre_mainline_native_l2trkr9t.tar 10s
PUT /tmp/ktest_lustre_mainline_native_l2trkr9t.tar 10s
PUT /tmp/ktest_lustre_mainline_native_l2trkr9t.tar 10s
PUT /tmp/ktest_lustre_mainline_native_l2trkr9t.tar 10s
PUT /tmp/ktest_lustre_mainline_native_l2trkr9t.tar 10s
PUT /tmp/ktest-kernel.tar.gz 10s
PUT /tmp/ktest_lustre_mainline_native_l2trkr9t.tar 10s
PUT /tmp/ktest_lustre_mainline_native_l2trkr9t.tar 10s
PUT /tmp/ktest_lustre_mainline_native_l2trkr9t.tar 10s
PUT /tmp/ktest-lustre.tar.gz 29s
PUT /tmp/ktest-lustre.tar.gz 28s
PUT /tmp/ktest_lustre_mainline_native_l2trkr9t.tar 5s
PUT /tmp/ktest_lustre_mainline_native_l2trkr9t.tar 5s
END cc-plugin tool cc-plugin FAIL 48s (exit code: 127)
END boot run tests/fs/lustre/boot.ktest PASS 59s
END clang-tidy tool clang-tidy PASS 65s
END mgs-setup run tests/fs/lustre/mgs-setup.ktest PASS 72s
END sanity-4 run tests/fs/lustre/sanity/sanity-4.ktest PASS 81s
END sanity-2 run tests/fs/lustre/sanity/sanity-2.ktest PASS 84s
END sanity-3 run tests/fs/lustre/sanity/sanity-3.ktest PASS 93s
END sanity-1 run tests/fs/lustre/sanity/sanity-1.ktest PASS 95s
END llmount run tests/fs/lustre/llmount.ktest PASS 151s
END llog-unit run tests/fs/lustre/llog-unit.ktest PASS 158s

============================================================
Final Results:
  checkpatch: PASS (12s) (log: /var/www/ci-lustre/upstream-patch-review/88b8b1221b6e16f46697c4534c132f68bf586a0c_checkpatch.log)
  lustre_u24: PASS (70s) (log: /var/www/ci-lustre/upstream-patch-review/88b8b1221b6e16f46697c4534c132f68bf586a0c_lustre_u24.log)
  lustre_al2023: PASS (66s) (log: /var/www/ci-lustre/upstream-patch-review/88b8b1221b6e16f46697c4534c132f68bf586a0c_lustre_al2023.log)
  lustre_mainline_strict: FAIL (112s) (log: /var/www/ci-lustre/upstream-patch-review/88b8b1221b6e16f46697c4534c132f68bf586a0c_lustre_mainline_strict.log)
  lustre_mainline: PASS (116s) (log: /var/www/ci-lustre/upstream-patch-review/88b8b1221b6e16f46697c4534c132f68bf586a0c_lustre_mainline.log)
  lustre_mainline_native: PASS (115s) (log: /var/www/ci-lustre/upstream-patch-review/88b8b1221b6e16f46697c4534c132f68bf586a0c_lustre_mainline_native.log)
  clang-tidy: PASS (65s) (log: /var/www/ci-lustre/upstream-patch-review/88b8b1221b6e16f46697c4534c132f68bf586a0c_clang-tidy.log)
  cc-plugin: FAIL (48s) (log: /var/www/ci-lustre/upstream-patch-review/88b8b1221b6e16f46697c4534c132f68bf586a0c_cc-plugin.log)
  boot: PASS (59s) (log: /var/www/ci-lustre/upstream-patch-review/88b8b1221b6e16f46697c4534c132f68bf586a0c_boot.log)
  llmount: PASS (151s) (log: /var/www/ci-lustre/upstream-patch-review/88b8b1221b6e16f46697c4534c132f68bf586a0c_llmount.log)
  llog-unit: PASS (158s) (log: /var/www/ci-lustre/upstream-patch-review/88b8b1221b6e16f46697c4534c132f68bf586a0c_llog-unit.log)
  mgs-setup: PASS (72s) (log: /var/www/ci-lustre/upstream-patch-review/88b8b1221b6e16f46697c4534c132f68bf586a0c_mgs-setup.log)
  sanity-1: PASS (95s) (log: /var/www/ci-lustre/upstream-patch-review/88b8b1221b6e16f46697c4534c132f68bf586a0c_sanity-1.log)
  sanity-2: PASS (84s) (log: /var/www/ci-lustre/upstream-patch-review/88b8b1221b6e16f46697c4534c132f68bf586a0c_sanity-2.log)
  sanity-3: PASS (93s) (log: /var/www/ci-lustre/upstream-patch-review/88b8b1221b6e16f46697c4534c132f68bf586a0c_sanity-3.log)
  sanity-4: PASS (81s) (log: /var/www/ci-lustre/upstream-patch-review/88b8b1221b6e16f46697c4534c132f68bf586a0c_sanity-4.log)

Total execution time: 304s
