CLI: ./podman-ktest --podman-socket unix:///run/podman/podman.sock --shared-filesystem /tmp --tarball-input job lustre-ci --output /var/www/ci-lustre/upstream-patch-review --git-hash 89399f152443bed2dadf7cbb2bdbe6536db628f2 --change-id 66979_89399f152443bed2dadf7cbb2bdbe6536db628f2 --subject LU-20080 quota: fix qsd_fini() vs qsd_op_end() race

Environment validated successfully
Note: custom LLVM is not synced in tarball input mode
Creating kernel tarball at /tmp/ktest-kernel.tar.gz...
Creating lustre tarball at /tmp/ktest-lustre.tar.gz...
Creating ZFS tarball at /tmp/ktest-zfs.tar.gz...
Executing 14 jobs
Jobs will start as soon as their dependencies are satisfied
Using tarball input mode

START ml:lustre_mainline build tests/fs/lustre/boot.ktest
START al2023:al2023 build tests/fs/lustre/boot.ktest
START ml-miscvm:lustre_mainline_native build tests/fs/lustre/boot.ktest
START ml-strict:lustre_mainline build tests/fs/lustre/boot-strict.ktest
START checkpatch:checkpatch tool checkpatch
START u24:u24 build tests/fs/lustre/boot.ktest
PUT /tmp/ktest-lustre.tar.gz 1s
PUT /tmp/ktest-lustre.tar.gz 1s
PUT /tmp/ktest-kernel.tar.gz 7s
PUT /tmp/ktest-kernel.tar.gz 7s
PUT /tmp/ktest-kernel.tar.gz 8s
PUT /tmp/ktest-kernel.tar.gz 8s
PUT /tmp/ktest-lustre.tar.gz 3s
PUT /tmp/ktest-lustre.tar.gz 4s
PUT /tmp/ktest-lustre.tar.gz 3s
PUT /tmp/ktest-lustre.tar.gz 3s
PUT /tmp/ktest-zfs.tar.gz 0s
PUT /tmp/ktest-zfs.tar.gz 0s
PUT /tmp/ktest-zfs.tar.gz 0s
END checkpatch:checkpatch tool checkpatch PASS 14s
END al2023:al2023 build tests/fs/lustre/boot.ktest PASS 58s
END u24:u24 build tests/fs/lustre/boot.ktest PASS 58s
GET /tmp/ktest_ml-miscvm:lustre_mainline_native_45d1h62s.tar 0s
END ml-miscvm:lustre_mainline_native build tests/fs/lustre/boot.ktest PASS 156s
START ml-miscvm:boot run tests/fs/lustre/boot.ktest
START ml-miscvm:llmount run tests/fs/lustre/llmount.ktest
START ml-miscvm:llog-unit run tests/fs/lustre/llog-unit.ktest
START ml-miscvm:mgs-setup run tests/fs/lustre/mgs-setup.ktest
START ml-miscvm:sanity-1 run tests/fs/lustre/sanity/sanity-1.ktest
START ml-miscvm:sanity-2 run tests/fs/lustre/sanity/sanity-2.ktest
START ml-miscvm:sanity-3 run tests/fs/lustre/sanity/sanity-3.ktest
START ml-miscvm:sanity-4 run tests/fs/lustre/sanity/sanity-4.ktest
PUT /tmp/ktest-kernel.tar.gz 39s
PUT /tmp/ktest-kernel.tar.gz 38s
PUT /tmp/ktest-kernel.tar.gz 38s
PUT /tmp/ktest-kernel.tar.gz 39s
PUT /tmp/ktest-kernel.tar.gz 39s
PUT /tmp/ktest-kernel.tar.gz 39s
PUT /tmp/ktest-kernel.tar.gz 39s
PUT /tmp/ktest-kernel.tar.gz 40s
GET /tmp/ktest_ml:lustre_mainline_hu_t4d94.tar 2s
PUT /tmp/ktest-lustre.tar.gz 9s
PUT /tmp/ktest-lustre.tar.gz 10s
PUT /tmp/ktest-lustre.tar.gz 9s
PUT /tmp/ktest-lustre.tar.gz 10s
PUT /tmp/ktest-lustre.tar.gz 10s
GET /tmp/ktest_ml-strict:lustre_mainline_dieh5oqz.tar 43s
END ml:lustre_mainline build tests/fs/lustre/boot.ktest PASS 208s
PUT /tmp/ktest-lustre.tar.gz 22s
PUT /tmp/ktest-lustre.tar.gz 22s
PUT /tmp/ktest-lustre.tar.gz 22s
END ml-strict:lustre_mainline build tests/fs/lustre/boot-strict.ktest FAIL 221s (exit code: 1)
PUT /tmp/ktest_ml-miscvm:lustre_mainline_native_45d1h62s.tar 15s
PUT /tmp/ktest_ml-miscvm:lustre_mainline_native_45d1h62s.tar 15s
PUT /tmp/ktest_ml-miscvm:lustre_mainline_native_45d1h62s.tar 15s
PUT /tmp/ktest_ml-miscvm:lustre_mainline_native_45d1h62s.tar 3s
PUT /tmp/ktest_ml-miscvm:lustre_mainline_native_45d1h62s.tar 16s
PUT /tmp/ktest_ml-miscvm:lustre_mainline_native_45d1h62s.tar 16s
PUT /tmp/ktest_ml-miscvm:lustre_mainline_native_45d1h62s.tar 3s
PUT /tmp/ktest_ml-miscvm:lustre_mainline_native_45d1h62s.tar 3s
END ml-miscvm:boot run tests/fs/lustre/boot.ktest PASS 99s
END ml-miscvm:mgs-setup run tests/fs/lustre/mgs-setup.ktest PASS 109s
END ml-miscvm:sanity-4 run tests/fs/lustre/sanity/sanity-4.ktest PASS 132s
END ml-miscvm:sanity-1 run tests/fs/lustre/sanity/sanity-1.ktest PASS 136s
END ml-miscvm:sanity-3 run tests/fs/lustre/sanity/sanity-3.ktest PASS 138s
END ml-miscvm:llmount run tests/fs/lustre/llmount.ktest PASS 145s
END ml-miscvm:sanity-2 run tests/fs/lustre/sanity/sanity-2.ktest PASS 148s
END ml-miscvm:llog-unit run tests/fs/lustre/llog-unit.ktest FAIL 197s (exit code: 1)

============================================================
Final Results:
  checkpatch:checkpatch: PASS (14s) (log: /var/www/ci-lustre/upstream-patch-review/89399f152443bed2dadf7cbb2bdbe6536db628f2_checkpatch:checkpatch.log)
  u24:u24: PASS (58s) (log: /var/www/ci-lustre/upstream-patch-review/89399f152443bed2dadf7cbb2bdbe6536db628f2_u24:u24.log)
  al2023:al2023: PASS (58s) (log: /var/www/ci-lustre/upstream-patch-review/89399f152443bed2dadf7cbb2bdbe6536db628f2_al2023:al2023.log)
  ml-strict:lustre_mainline: FAIL (221s) (log: /var/www/ci-lustre/upstream-patch-review/89399f152443bed2dadf7cbb2bdbe6536db628f2_ml-strict:lustre_mainline.log)
  ml:lustre_mainline: PASS (208s) (log: /var/www/ci-lustre/upstream-patch-review/89399f152443bed2dadf7cbb2bdbe6536db628f2_ml:lustre_mainline.log)
  ml-miscvm:lustre_mainline_native: PASS (156s) (log: /var/www/ci-lustre/upstream-patch-review/89399f152443bed2dadf7cbb2bdbe6536db628f2_ml-miscvm:lustre_mainline_native.log)
  ml-miscvm:boot: PASS (99s) (log: /var/www/ci-lustre/upstream-patch-review/89399f152443bed2dadf7cbb2bdbe6536db628f2_ml-miscvm:boot.log)
  ml-miscvm:llmount: PASS (145s) (log: /var/www/ci-lustre/upstream-patch-review/89399f152443bed2dadf7cbb2bdbe6536db628f2_ml-miscvm:llmount.log)
  ml-miscvm:llog-unit: FAIL (197s) (log: /var/www/ci-lustre/upstream-patch-review/89399f152443bed2dadf7cbb2bdbe6536db628f2_ml-miscvm:llog-unit.log)
  ml-miscvm:mgs-setup: PASS (109s) (log: /var/www/ci-lustre/upstream-patch-review/89399f152443bed2dadf7cbb2bdbe6536db628f2_ml-miscvm:mgs-setup.log)
  ml-miscvm:sanity-1: PASS (136s) (log: /var/www/ci-lustre/upstream-patch-review/89399f152443bed2dadf7cbb2bdbe6536db628f2_ml-miscvm:sanity-1.log)
  ml-miscvm:sanity-2: PASS (148s) (log: /var/www/ci-lustre/upstream-patch-review/89399f152443bed2dadf7cbb2bdbe6536db628f2_ml-miscvm:sanity-2.log)
  ml-miscvm:sanity-3: PASS (138s) (log: /var/www/ci-lustre/upstream-patch-review/89399f152443bed2dadf7cbb2bdbe6536db628f2_ml-miscvm:sanity-3.log)
  ml-miscvm:sanity-4: PASS (132s) (log: /var/www/ci-lustre/upstream-patch-review/89399f152443bed2dadf7cbb2bdbe6536db628f2_ml-miscvm:sanity-4.log)

Total execution time: 384s
