WARNING:FILE_PATH_CHANGES: added, moved or deleted file(s), does MAINTAINERS need updating?
#2: 
new file mode 100755

ERROR:TRAILING_WHITESPACE: trailing whitespace
#46: FILE: contrib/scripts/apply-ldiskfs-patches.sh:40:
+    $

ERROR:TRAILING_WHITESPACE: trailing whitespace
#48: FILE: contrib/scripts/apply-ldiskfs-patches.sh:42:
+    $

ERROR:TRAILING_WHITESPACE: trailing whitespace
#53: FILE: contrib/scripts/apply-ldiskfs-patches.sh:47:
+    $

total: 3 errors, 1 warnings, 58 lines checked

NOTE: For some of the reported defects, checkpatch may be able to
      mechanically convert to the typical style using --fix or --fix-inplace.

NOTE: Whitespace errors detected.
      You may wish to use scripts/cleanpatch or scripts/cleanfile

Your patch has style problems, please review.

NOTE: If any of the errors are false positives, please report
      them to the maintainer, see CHECKPATCH in MAINTAINERS.
