00001 
00001 RDSEED32 is broken. Disabling the corresponding CPUID bit.
00002 init: failed to load nvme_core
00002 init: failed to load nvme
00002 init: failed to load zfs
00003 LNetError: 1:0:(lib-socket.c:619:lnet_inet_enumerate()) lnet: Can't find any usable interfaces, rc = -ENOENT
00003 LNetError: Error -100 starting up LNI tcp
00003 LustreError: 1:0:(events.c:627:ptlrpc_init_portals()) network initialisation failed: rc = -100
00004 init: finit_module /lib/modules/7.0.0-ktest-8c7e257cb2-7433349-20260707/updates/ptlrpc.ko: Network is down
00004 init: failed to load lustre
00004 init: failed to load osd_zfs
00004 init: failed to load iwlwifi
00004 init: failed to load iwlmvm
00004 init: failed to load mt7921e
00004 init: failed to load i915
00004 init: failed to load nouveau
00040 tlp: vm.laptop_mode is deprecated. Ignoring setting.
00040 Kernel version: 7.0.0-ktest-8c7e257cb2-7433349-20260707
00040 hook init_noop
00041 
00041 Running tests llog-unit
00041 
00041 ========= TEST   llog-unit
00041 /host/home/ktest/git/lustre-release/lustre/tests/test-framework.sh: line 6933: cd: HOME not set
00041 /host/home/ktest/git/lustre-release/lustre/tests/test-framework.sh: line 6933: cd: HOME not set
00041 /host/home/ktest/git/lustre-release/lustre/tests/test-framework.sh: line 6933: cd: HOME not set
00043 MGS_OS_VERSION_ID=24.04
00043 MGS_OS_ID=ubuntu
00043 MGS_OS_VERSION_CODE=402915328
00043 MGS_OS_ID_LIKE=debian ubuntu
00043 MDS1_OS_ID=ubuntu
00043 MDS1_OS_VERSION_CODE=402915328
00043 MDS1_OS_ID_LIKE=debian ubuntu
00043 MDS1_OS_VERSION_ID=24.04
00043 OST1_OS_VERSION_ID=24.04
00043 OST1_OS_VERSION_CODE=402915328
00043 OST1_OS_ID=ubuntu
00043 OST1_OS_ID_LIKE=debian ubuntu
00043 CLIENT_OS_VERSION_ID=24.04
00043 CLIENT_OS_ID_LIKE=debian ubuntu
00043 CLIENT_OS_ID=ubuntu
00043 CLIENT_OS_VERSION_CODE=402915328
00043 Loading modules from /host/home/ktest/git/lustre-release/lustre
00043 detected 16 online CPUs by sysfs
00043 MODOPTS_LIBCFS=
00043 libcfs will create CPU partition based on online CPUs
00044 LNet: Added LNI 10.0.2.15@tcp [8/256/0/180]
00044 gss/krb5 is not supported
00045 Lustre: Echo OBD driver; http://www.lustre.org/
00045 
00045 
00045 /host/home/ktest/git/lustre-release/lustre/tests/test-framework.sh: line 6933: cd: HOME not set
00045 /host/home/ktest/git/lustre-release/lustre/tests/test-framework.sh: line 6933: cd: HOME not set
00045 /host/home/ktest/git/lustre-release/lustre/tests/test-framework.sh: line 6933: cd: HOME not set
00048 Lustre: DEBUG MARKER: Attempt llog unit tests
00048 Lustre: 2192:0:(llog_test.c:2805:llog_test_device_init()) Setup llog-test device over MGS device
00048 Lustre: 2192:0:(llog_test.c:98:llog_test_1()) 1a: create a log with name: 59dbff5a
00048 ------------[ cut here ]------------
00048 WARNING: /home/ktest/git/linux/include/linux/fs.h:889 at osd_create+0x9cf/0xcf0 [osd_wbcfs], CPU#0: lctl/2192
00048 Modules linked in: llog_test(O) mgs(O) osd_wbcfs(O) lustre(O) obdecho(O) mgc(O) mdc(O) lov(O) osc(O) lmv(O) ec(O) fid(O) fld(O) ptlrpc(O) efivarfs obdclass(O) ksocklnd(O) lnet(O) libcfs(O)
00048 CPU: 0 UID: 0 PID: 2192 Comm: lctl Tainted: G           O        7.0.0-ktest-8c7e257cb2-7433349-20260707 #1 PREEMPT 
00048 Tainted: [O]=OOT_MODULE
00048 Hardware name: QEMU Standard PC (Q35 + ICH9, 2009), BIOS 2025.11-3ubuntu7 03/31/2026
00048 RIP: 0010:osd_create+0x9cf/0xcf0 [osd_wbcfs]
00048 Code: c7 c7 00 76 7e a1 48 c7 c6 a0 02 73 a1 48 c7 c2 00 0c 73 a1 e8 52 c1 43 ff 48 c7 c7 00 76 7e a1 e8 56 51 44 ff e9 fe fc ff ff <0f> 0b e9 a5 fa ff ff 48 c7 c1 80 44 5d a0 80 e1 07 80 c1 03 38 c1
00048 RSP: 0018:ffffc90001a27798 EFLAGS: 00010246
00048 RAX: 0000000000000000 RBX: ffff88817e9a9400 RCX: 0000000000000046
00048 RDX: 0000000000000000 RSI: ffff888192aea648 RDI: ffff88811daa0998
00048 RBP: ffff888192aea5b8 R08: ffffffff83a16803 R09: 1ffffffff0742d00
00048 R10: dffffc0000000000 R11: fffffbfff0742d01 R12: ffff88817e9ae000
00048 R13: dffffc0000000000 R14: 1ffff1102fd35280 R15: 1ffff1102fd35c0f
00048 FS:  00007f3b84e16940(0000) GS:ffff88831e42e000(0000) knlGS:0000000000000000
00048 CS:  0010 DS: 0000 ES: 0000 CR0: 0000000080050033
00048 CR2: 0000560f78f10b40 CR3: 0000000104c2c000 CR4: 0000000000750eb0
00048 PKRU: 55555554
00048 Call Trace:
00048  <TASK>
00048  ? local_object_create+0x109/0x640 [obdclass]
00048  ? dt_write_lock+0x16d/0x2a0 [obdclass]
00048  ? llog_osd_create+0x35b/0x1270 [obdclass]
00048  ? llog_create+0x2ed/0x530 [obdclass]
00048  ? llog_open_create+0x6e7/0xb30 [obdclass]
00048  ? llog_run_tests+0x4bb/0x5ad0 [llog_test]
00048  ? get_random_u32+0x51/0x470
00048  ? get_random_u32+0x51/0x470
00048  ? _raw_spin_unlock+0x23/0x40
00048  ? __llog_ctxt_put+0x1c4/0x2f0 [obdclass]
00048  ? llog_test_device_init+0x6e8/0xa20 [llog_test]
00048  ? obd_setup+0x54d/0x950 [obdclass]
00048  ? class_setup+0xc7d/0x10e0 [obdclass]
00048  ? class_process_config+0x2edb/0x7cb0 [obdclass]
00048  ? class_handle_ioctl+0x1f4d/0x3440 [obdclass]
00048  ? obd_class_ioctl+0x1f6/0x3c0 [obdclass]
00048  ? __x64_sys_ioctl+0x961/0xe00
00048  ? _copy_to_user+0x3d/0x60
00048  ? __x64_sys_rt_sigaction+0x107/0x140
00048  ? do_syscall_64+0xc1/0x350
00048  ? entry_SYSCALL_64_after_hwframe+0x4b/0x53
00048  </TASK>
00048 ---[ end trace 0000000000000000 ]---
00048 Lustre: 2192:0:(llog_test.c:115:llog_test_1()) 1b: close newly-created log
00048 Lustre: 2192:0:(llog_test.c:146:llog_test_2()) 2a: re-open a log with name: 59dbff5a
00048 Lustre: 2192:0:(llog_test.c:166:llog_test_2()) 2b: create a log without specified NAME & LOGID
00048 ------------[ cut here ]------------
00048 WARNING: /home/ktest/git/linux/include/linux/fs.h:889 at osd_create+0x9cf/0xcf0 [osd_wbcfs], CPU#0: lctl/2192
00048 Modules linked in: llog_test(O) mgs(O) osd_wbcfs(O) lustre(O) obdecho(O) mgc(O) mdc(O) lov(O) osc(O) lmv(O) ec(O) fid(O) fld(O) ptlrpc(O) efivarfs obdclass(O) ksocklnd(O) lnet(O) libcfs(O)
00048 CPU: 0 UID: 0 PID: 2192 Comm: lctl Tainted: G        W  O        7.0.0-ktest-8c7e257cb2-7433349-20260707 #1 PREEMPT 
00048 Tainted: [W]=WARN, [O]=OOT_MODULE
00048 Hardware name: QEMU Standard PC (Q35 + ICH9, 2009), BIOS 2025.11-3ubuntu7 03/31/2026
00048 RIP: 0010:osd_create+0x9cf/0xcf0 [osd_wbcfs]
00048 Code: c7 c7 00 76 7e a1 48 c7 c6 a0 02 73 a1 48 c7 c2 00 0c 73 a1 e8 52 c1 43 ff 48 c7 c7 00 76 7e a1 e8 56 51 44 ff e9 fe fc ff ff <0f> 0b e9 a5 fa ff ff 48 c7 c1 80 44 5d a0 80 e1 07 80 c1 03 38 c1
00048 RSP: 0018:ffffc90001a27798 EFLAGS: 00010246
00048 RAX: 0000000000000000 RBX: ffff88817e9ac800 RCX: 0000000000000046
00048 RDX: 0000000000000000 RSI: ffff888192ae9f30 RDI: ffff88811daa0998
00048 RBP: ffff888192ae9ea0 R08: ffffffff83a16803 R09: 1ffffffff0742d00
00048 R10: dffffc0000000000 R11: fffffbfff0742d01 R12: ffff88817e9ae000
00048 R13: dffffc0000000000 R14: 1ffff1102fd35900 R15: 1ffff1102fd35c0f
00048 FS:  00007f3b84e16940(0000) GS:ffff88831e42e000(0000) knlGS:0000000000000000
00048 CS:  0010 DS: 0000 ES: 0000 CR0: 0000000080050033
00048 CR2: 0000560f78f10b40 CR3: 0000000104c2c000 CR4: 0000000000750eb0
00048 PKRU: 55555554
00048 Call Trace:
00048  <TASK>
00048  ? local_object_create+0x109/0x640 [obdclass]
00048  ? dt_write_lock+0x16d/0x2a0 [obdclass]
00048  ? llog_osd_create+0x35b/0x1270 [obdclass]
00048  ? llog_create+0x2ed/0x530 [obdclass]
00048  ? llog_open_create+0x6e7/0xb30 [obdclass]
00048  ? llog_run_tests+0xd1a/0x5ad0 [llog_test]
00048  ? get_random_u32+0x51/0x470
00048  ? get_random_u32+0x51/0x470
00048  ? _raw_spin_unlock+0x23/0x40
00048  ? llog_test_device_init+0x6e8/0xa20 [llog_test]
00048  ? obd_setup+0x54d/0x950 [obdclass]
00048  ? class_setup+0xc7d/0x10e0 [obdclass]
00048  ? class_process_config+0x2edb/0x7cb0 [obdclass]
00048  ? class_handle_ioctl+0x1f4d/0x3440 [obdclass]
00048  ? obd_class_ioctl+0x1f6/0x3c0 [obdclass]
00048  ? __x64_sys_ioctl+0x961/0xe00
00048  ? _copy_to_user+0x3d/0x60
00048  ? __x64_sys_rt_sigaction+0x107/0x140
00048  ? do_syscall_64+0xc1/0x350
00048  ? entry_SYSCALL_64_after_hwframe+0x4b/0x53
00048  </TASK>
00048 ---[ end trace 0000000000000000 ]---
00048 Lustre: 2192:0:(llog_test.c:184:llog_test_2()) 2b: write 1 llog records, check llh_count
00048 Lustre: 2192:0:(llog_test.c:197:llog_test_2()) 2c: re-open the log by LOGID and verify llh_count
00048 Lustre: 2192:0:(llog_test.c:244:llog_test_2()) 2d: destroy this log
00048 Lustre: 2192:0:(llog_test.c:402:llog_test_3()) 3a: write 1023 fixed-size llog records
00048 Lustre: 2192:0:(llog_test.c:366:llog_test3_process()) test3: processing records from index 501 to the end
00048 Lustre: 2192:0:(llog_test.c:376:llog_test3_process()) test3: total 525 records processed with 0 paddings
00048 Lustre: 2192:0:(llog_test.c:458:llog_test_3()) 3b: write 566 variable size llog records
00048 Lustre: 2192:0:(llog_test.c:529:llog_test_3()) 3c: write records with variable size until BITMAP_SIZE, return -ENOSPC
00051 Lustre: 2192:0:(llog_test.c:552:llog_test_3()) 3c: wrote 63962 more records before end of llog is reached
00051 Lustre: 2192:0:(llog_test.c:581:llog_test_4()) 4a: create a catalog log with name: 59dbff5b
00051 ------------[ cut here ]------------
00051 WARNING: /home/ktest/git/linux/include/linux/fs.h:889 at osd_create+0x9cf/0xcf0 [osd_wbcfs], CPU#0: lctl/2192
00051 Modules linked in: llog_test(O) mgs(O) osd_wbcfs(O) lustre(O) obdecho(O) mgc(O) mdc(O) lov(O) osc(O) lmv(O) ec(O) fid(O) fld(O) ptlrpc(O) efivarfs obdclass(O) ksocklnd(O) lnet(O) libcfs(O)
00051 CPU: 0 UID: 0 PID: 2192 Comm: lctl Tainted: G        W  O        7.0.0-ktest-8c7e257cb2-7433349-20260707 #1 PREEMPT 
00051 Tainted: [W]=WARN, [O]=OOT_MODULE
00051 Hardware name: QEMU Standard PC (Q35 + ICH9, 2009), BIOS 2025.11-3ubuntu7 03/31/2026
00051 RIP: 0010:osd_create+0x9cf/0xcf0 [osd_wbcfs]
00051 Code: c7 c7 00 76 7e a1 48 c7 c6 a0 02 73 a1 48 c7 c2 00 0c 73 a1 e8 52 c1 43 ff 48 c7 c7 00 76 7e a1 e8 56 51 44 ff e9 fe fc ff ff <0f> 0b e9 a5 fa ff ff 48 c7 c1 80 44 5d a0 80 e1 07 80 c1 03 38 c1
00051 RSP: 0018:ffffc90001a27798 EFLAGS: 00010246
00051 RAX: 0000000000000000 RBX: ffff888138403400 RCX: 0000000000000046
00051 RDX: 0000000000000000 RSI: ffff888192ae9818 RDI: ffff88811daa0998
00051 RBP: ffff888192ae9788 R08: ffffffff83a16803 R09: 1ffffffff0742d00
00051 R10: dffffc0000000000 R11: fffffbfff0742d01 R12: ffff88817e9ae000
00051 R13: dffffc0000000000 R14: 1ffff11027080680 R15: 1ffff1102fd35c0f
00051 FS:  00007f3b84e16940(0000) GS:ffff88831e42e000(0000) knlGS:0000000000000000
00051 CS:  0010 DS: 0000 ES: 0000 CR0: 0000000080050033
00051 CR2: 0000560f78f10b40 CR3: 0000000104c2c000 CR4: 0000000000750eb0
00051 PKRU: 55555554
00051 Call Trace:
00051  <TASK>
00051  ? local_object_create+0x109/0x640 [obdclass]
00051  ? dt_write_lock+0x16d/0x2a0 [obdclass]
00051  ? llog_osd_create+0x35b/0x1270 [obdclass]
00051  ? llog_create+0x2ed/0x530 [obdclass]
00051  ? llog_open_create+0x6e7/0xb30 [obdclass]
00051  ? llog_run_tests+0x2c10/0x5ad0 [llog_test]
00051  ? get_random_u32+0x51/0x470
00051  ? llog_test_device_init+0x6e8/0xa20 [llog_test]
00051  ? obd_setup+0x54d/0x950 [obdclass]
00051  ? class_setup+0xc7d/0x10e0 [obdclass]
00051  ? class_process_config+0x2edb/0x7cb0 [obdclass]
00051  ? class_handle_ioctl+0x1f4d/0x3440 [obdclass]
00051  ? obd_class_ioctl+0x1f6/0x3c0 [obdclass]
00051  ? __x64_sys_ioctl+0x961/0xe00
00051  ? _copy_to_user+0x3d/0x60
00051  ? __x64_sys_rt_sigaction+0x107/0x140
00051  ? do_syscall_64+0xc1/0x350
00051  ? entry_SYSCALL_64_after_hwframe+0x4b/0x53
00051  </TASK>
00051 ---[ end trace 0000000000000000 ]---
00051 Lustre: 2192:0:(llog_test.c:596:llog_test_4()) 4b: write 1 record into the catalog
00051 ------------[ cut here ]------------
00051 WARNING: /home/ktest/git/linux/include/linux/fs.h:889 at osd_create+0x9cf/0xcf0 [osd_wbcfs], CPU#0: lctl/2192
00051 Modules linked in: llog_test(O) mgs(O) osd_wbcfs(O) lustre(O) obdecho(O) mgc(O) mdc(O) lov(O) osc(O) lmv(O) ec(O) fid(O) fld(O) ptlrpc(O) efivarfs obdclass(O) ksocklnd(O) lnet(O) libcfs(O)
00051 CPU: 0 UID: 0 PID: 2192 Comm: lctl Tainted: G        W  O        7.0.0-ktest-8c7e257cb2-7433349-20260707 #1 PREEMPT 
00051 Tainted: [W]=WARN, [O]=OOT_MODULE
00051 Hardware name: QEMU Standard PC (Q35 + ICH9, 2009), BIOS 2025.11-3ubuntu7 03/31/2026
00051 RIP: 0010:osd_create+0x9cf/0xcf0 [osd_wbcfs]
00051 Code: c7 c7 00 76 7e a1 48 c7 c6 a0 02 73 a1 48 c7 c2 00 0c 73 a1 e8 52 c1 43 ff 48 c7 c7 00 76 7e a1 e8 56 51 44 ff e9 fe fc ff ff <0f> 0b e9 a5 fa ff ff 48 c7 c1 80 44 5d a0 80 e1 07 80 c1 03 38 c1
00051 RSP: 0018:ffffc90001a27638 EFLAGS: 00010246
00051 RAX: 0000000000000000 RBX: ffff888138402c00 RCX: 0000000000000046
00051 RDX: 0000000000000000 RSI: ffff888192ae9100 RDI: ffff88811daa09c0
00051 RBP: ffff888192ae9070 R08: ffffffff83a16803 R09: 1ffffffff0742d00
00051 R10: dffffc0000000000 R11: fffffbfff0742d01 R12: ffff88817e9ae000
00051 R13: dffffc0000000000 R14: 1ffff11027080580 R15: 1ffff1102fd35c0f
00051 FS:  00007f3b84e16940(0000) GS:ffff88831e42e000(0000) knlGS:0000000000000000
00051 CS:  0010 DS: 0000 ES: 0000 CR0: 0000000080050033
00051 CR2: 0000560f78f10b40 CR3: 0000000104c2c000 CR4: 0000000000750eb0
00051 PKRU: 55555554
00051 Call Trace:
00051  <TASK>
00051  ? local_object_create+0x109/0x640 [obdclass]
00051  ? dt_write_lock+0x16d/0x2a0 [obdclass]
00051  ? llog_osd_create+0x35b/0x1270 [obdclass]
00051  ? llog_create+0x2ed/0x530 [obdclass]
00051  ? llog_cat_new_log+0x6c5/0x2a10 [obdclass]
00051  ? llog_cat_add_rec+0x4fe/0x1960 [obdclass]
00051  ? llog_cat_add_rec+0x6ba/0x1960 [obdclass]
00051  ? llog_cat_add+0x499/0x7a0 [obdclass]
00051  ? llog_run_tests+0x2ff4/0x5ad0 [llog_test]
00051  ? get_random_u32+0x51/0x470
00051  ? llog_test_device_init+0x6e8/0xa20 [llog_test]
00051  ? obd_setup+0x54d/0x950 [obdclass]
00051  ? class_setup+0xc7d/0x10e0 [obdclass]
00051  ? class_process_config+0x2edb/0x7cb0 [obdclass]
00051  ? class_handle_ioctl+0x1f4d/0x3440 [obdclass]
00051  ? obd_class_ioctl+0x1f6/0x3c0 [obdclass]
00051  ? __x64_sys_ioctl+0x961/0xe00
00051  ? _copy_to_user+0x3d/0x60
00051  ? __x64_sys_rt_sigaction+0x107/0x140
00051  ? do_syscall_64+0xc1/0x350
00051  ? entry_SYSCALL_64_after_hwframe+0x4b/0x53
00051  </TASK>
00051 ---[ end trace 0000000000000000 ]---
00051 Lustre: 2192:0:(llog_test.c:623:llog_test_4()) 4c: cancel 1 log record
00051 Lustre: 2192:0:(llog_test.c:635:llog_test_4()) 4d: write 64767 more log records
00068 Lustre: 2192:0:(llog_test.c:1106:llog_test_7()) 7d: test llog_size_change_rec
00068 ------------[ cut here ]------------
00068 WARNING: /home/ktest/git/linux/include/linux/fs.h:889 at osd_create+0x9cf/0xcf0 [osd_wbcfs], CPU#7: lctl/2192
00068 Modules linked in: llog_test(O) mgs(O) osd_wbcfs(O) lustre(O) obdecho(O) mgc(O) mdc(O) lov(O) osc(O) lmv(O) ec(O) fid(O) fld(O) ptlrpc(O) efivarfs obdclass(O) ksocklnd(O) lnet(O) libcfs(O)
00068 CPU: 7 UID: 0 PID: 2192 Comm: lctl Tainted: G        W  O        7.0.0-ktest-8c7e257cb2-7433349-20260707 #1 PREEMPT 
00068 Tainted: [W]=WARN, [O]=OOT_MODULE
00068 Hardware name: QEMU Standard PC (Q35 + ICH9, 2009), BIOS 2025.11-3ubuntu7 03/31/2026
00068 RIP: 0010:osd_create+0x9cf/0xcf0 [osd_wbcfs]
00068 Code: c7 c7 00 76 7e a1 48 c7 c6 a0 02 73 a1 48 c7 c2 00 0c 73 a1 e8 52 c1 43 ff 48 c7 c7 00 76 7e a1 e8 56 51 44 ff e9 fe fc ff ff <0f> 0b e9 a5 fa ff ff 48 c7 c1 80 44 5d a0 80 e1 07 80 c1 03 38 c1
00068 RSP: 0018:ffffc90001a276f0 EFLAGS: 00010246
00068 RAX: 0000000000000000 RBX: ffff8881390bd000 RCX: 0000000000000046
00068 RDX: 0000000000000000 RSI: ffff888192aee620 RDI: ffff88811daa0998
00068 RBP: ffff888192aee590 R08: ffffffff83a16803 R09: 1ffffffff0742d00
00068 R10: dffffc0000000000 R11: fffffbfff0742d01 R12: ffff88817e9ae000
00068 R13: dffffc0000000000 R14: 1ffff11027217a00 R15: 1ffff1102fd35c0f
00068 FS:  00007f3b84e16940(0000) GS:ffff88831e7ae000(0000) knlGS:0000000000000000
00068 CS:  0010 DS: 0000 ES: 0000 CR0: 0000000080050033
00068 CR2: 00005580e2fdf570 CR3: 0000000104c2c000 CR4: 0000000000750eb0
00068 PKRU: 55555554
00068 Call Trace:
00068  <TASK>
00068  ? local_object_create+0x109/0x640 [obdclass]
00068  ? dt_write_lock+0x16d/0x2a0 [obdclass]
00068  ? llog_osd_create+0x35b/0x1270 [obdclass]
00068  ? llog_create+0x2ed/0x530 [obdclass]
00068  ? llog_open_create+0x6e7/0xb30 [obdclass]
00068  ? llog_test_7_sub+0xea/0x1250 [llog_test]
00068  ? llog_test_7+0x5d5/0xf50 [llog_test]
00068  ? llog_run_tests+0x3616/0x5ad0 [llog_test]
00068  ? get_random_u32+0x51/0x470
00068  ? llog_test_device_init+0x6e8/0xa20 [llog_test]
00068  ? obd_setup+0x54d/0x950 [obdclass]
00068  ? class_setup+0xc7d/0x10e0 [obdclass]
00068  ? class_process_config+0x2edb/0x7cb0 [obdclass]
00068  ? class_handle_ioctl+0x1f4d/0x3440 [obdclass]
00068  ? obd_class_ioctl+0x1f6/0x3c0 [obdclass]
00068  ? __x64_sys_ioctl+0x961/0xe00
00068  ? _copy_to_user+0x3d/0x60
00068  ? __x64_sys_rt_sigaction+0x107/0x140
00068  ? do_syscall_64+0xc1/0x350
00068  ? entry_SYSCALL_64_after_hwframe+0x4b/0x53
00068  </TASK>
00068 ---[ end trace 0000000000000000 ]---
00073 Lustre: 2192:0:(llog_test.c:1117:llog_test_7()) 7e: test llog_changelog_rec
00073 ------------[ cut here ]------------
00073 WARNING: /home/ktest/git/linux/include/linux/fs.h:889 at osd_create+0x9cf/0xcf0 [osd_wbcfs], CPU#7: lctl/2192
00073 Modules linked in: llog_test(O) mgs(O) osd_wbcfs(O) lustre(O) obdecho(O) mgc(O) mdc(O) lov(O) osc(O) lmv(O) ec(O) fid(O) fld(O) ptlrpc(O) efivarfs obdclass(O) ksocklnd(O) lnet(O) libcfs(O)
00073 CPU: 7 UID: 0 PID: 2192 Comm: lctl Tainted: G        W  O        7.0.0-ktest-8c7e257cb2-7433349-20260707 #1 PREEMPT 
00073 Tainted: [W]=WARN, [O]=OOT_MODULE
00073 Hardware name: QEMU Standard PC (Q35 + ICH9, 2009), BIOS 2025.11-3ubuntu7 03/31/2026
00073 RIP: 0010:osd_create+0x9cf/0xcf0 [osd_wbcfs]
00073 Code: c7 c7 00 76 7e a1 48 c7 c6 a0 02 73 a1 48 c7 c2 00 0c 73 a1 e8 52 c1 43 ff 48 c7 c7 00 76 7e a1 e8 56 51 44 ff e9 fe fc ff ff <0f> 0b e9 a5 fa ff ff 48 c7 c1 80 44 5d a0 80 e1 07 80 c1 03 38 c1
00073 RSP: 0018:ffffc90001a276f0 EFLAGS: 00010246
00073 RAX: 0000000000000000 RBX: ffff88813a463000 RCX: 0000000000000046
00073 RDX: 0000000000000000 RSI: ffff888192aedf08 RDI: ffff88811daa0998
00073 RBP: ffff888192aede78 R08: ffffffff83a16803 R09: 1ffffffff0742d00
00073 R10: dffffc0000000000 R11: fffffbfff0742d01 R12: ffff88817e9ae000
00073 R13: dffffc0000000000 R14: 1ffff1102748c600 R15: 1ffff1102fd35c0f
00073 FS:  00007f3b84e16940(0000) GS:ffff88831e7ae000(0000) knlGS:0000000000000000
00073 CS:  0010 DS: 0000 ES: 0000 CR0: 0000000080050033
00073 CR2: 00005580e2fdf570 CR3: 0000000104c2c000 CR4: 0000000000750eb0
00073 PKRU: 55555554
00073 Call Trace:
00073  <TASK>
00073  ? local_object_create+0x109/0x640 [obdclass]
00073  ? dt_write_lock+0x16d/0x2a0 [obdclass]
00073  ? llog_osd_create+0x35b/0x1270 [obdclass]
00073  ? llog_create+0x2ed/0x530 [obdclass]
00073  ? llog_open_create+0x6e7/0xb30 [obdclass]
00073  ? llog_test_7_sub+0xea/0x1250 [llog_test]
00073  ? llog_test_7+0x706/0xf50 [llog_test]
00073  ? llog_run_tests+0x3616/0x5ad0 [llog_test]
00073  ? get_random_u32+0x51/0x470
00073  ? llog_test_device_init+0x6e8/0xa20 [llog_test]
00073  ? obd_setup+0x54d/0x950 [obdclass]
00073  ? class_setup+0xc7d/0x10e0 [obdclass]
00073  ? class_process_config+0x2edb/0x7cb0 [obdclass]
00073  ? class_handle_ioctl+0x1f4d/0x3440 [obdclass]
00073  ? obd_class_ioctl+0x1f6/0x3c0 [obdclass]
00073  ? __x64_sys_ioctl+0x961/0xe00
00073  ? _copy_to_user+0x3d/0x60
00073  ? __x64_sys_rt_sigaction+0x107/0x140
00073  ? do_syscall_64+0xc1/0x350
00073  ? entry_SYSCALL_64_after_hwframe+0x4b/0x53
00073  </TASK>
00073 ---[ end trace 0000000000000000 ]---
00076 Lustre: 2192:0:(llog_test.c:1024:llog_test_7_sub()) 7_sub: records are not aligned, written 64071 from 64767
00078 Lustre: 2192:0:(llog_test.c:1129:llog_test_7()) 7f: test llog_changelog_user_rec2
00078 ------------[ cut here ]------------
00078 WARNING: /home/ktest/git/linux/include/linux/fs.h:889 at osd_create+0x9cf/0xcf0 [osd_wbcfs], CPU#7: lctl/2192
00078 Modules linked in: llog_test(O) mgs(O) osd_wbcfs(O) lustre(O) obdecho(O) mgc(O) mdc(O) lov(O) osc(O) lmv(O) ec(O) fid(O) fld(O) ptlrpc(O) efivarfs obdclass(O) ksocklnd(O) lnet(O) libcfs(O)
00078 CPU: 7 UID: 0 PID: 2192 Comm: lctl Tainted: G        W  O        7.0.0-ktest-8c7e257cb2-7433349-20260707 #1 PREEMPT 
00078 Tainted: [W]=WARN, [O]=OOT_MODULE
00078 Hardware name: QEMU Standard PC (Q35 + ICH9, 2009), BIOS 2025.11-3ubuntu7 03/31/2026
00078 RIP: 0010:osd_create+0x9cf/0xcf0 [osd_wbcfs]
00078 Code: c7 c7 00 76 7e a1 48 c7 c6 a0 02 73 a1 48 c7 c2 00 0c 73 a1 e8 52 c1 43 ff 48 c7 c7 00 76 7e a1 e8 56 51 44 ff e9 fe fc ff ff <0f> 0b e9 a5 fa ff ff 48 c7 c1 80 44 5d a0 80 e1 07 80 c1 03 38 c1
00078 RSP: 0018:ffffc90001a276f0 EFLAGS: 00010246
00078 RAX: 0000000000000000 RBX: ffff8881928e1000 RCX: 0000000000000046
00078 RDX: 0000000000000000 RSI: ffff888192aed7f0 RDI: ffff88811daa0998
00078 RBP: ffff888192aed760 R08: ffffffff83a16803 R09: 1ffffffff0742d00
00078 R10: dffffc0000000000 R11: fffffbfff0742d01 R12: ffff88817e9ae000
00078 R13: dffffc0000000000 R14: 1ffff1103251c200 R15: 1ffff1102fd35c0f
00078 FS:  00007f3b84e16940(0000) GS:ffff88831e7ae000(0000) knlGS:0000000000000000
00078 CS:  0010 DS: 0000 ES: 0000 CR0: 0000000080050033
00078 CR2: 00005580e2fdf570 CR3: 0000000104c2c000 CR4: 0000000000750eb0
00078 PKRU: 55555554
00078 Call Trace:
00078  <TASK>
00078  ? local_object_create+0x109/0x640 [obdclass]
00078  ? dt_write_lock+0x16d/0x2a0 [obdclass]
00078  ? llog_osd_create+0x35b/0x1270 [obdclass]
00078  ? llog_create+0x2ed/0x530 [obdclass]
00078  ? llog_open_create+0x6e7/0xb30 [obdclass]
00078  ? llog_test_7_sub+0xea/0x1250 [llog_test]
00078  ? llog_test_7+0x837/0xf50 [llog_test]
00078  ? llog_run_tests+0x3616/0x5ad0 [llog_test]
00078  ? get_random_u32+0x51/0x470
00078  ? llog_test_device_init+0x6e8/0xa20 [llog_test]
00078  ? obd_setup+0x54d/0x950 [obdclass]
00078  ? class_setup+0xc7d/0x10e0 [obdclass]
00078  ? class_process_config+0x2edb/0x7cb0 [obdclass]
00078  ? class_handle_ioctl+0x1f4d/0x3440 [obdclass]
00078  ? obd_class_ioctl+0x1f6/0x3c0 [obdclass]
00078  ? __x64_sys_ioctl+0x961/0xe00
00078  ? _copy_to_user+0x3d/0x60
00078  ? __x64_sys_rt_sigaction+0x107/0x140
00078  ? do_syscall_64+0xc1/0x350
00078  ? entry_SYSCALL_64_after_hwframe+0x4b/0x53
00078  </TASK>
00078 ---[ end trace 0000000000000000 ]---
00080 Lustre: 2192:0:(llog_test.c:1024:llog_test_7_sub()) 7_sub: records are not aligned, written 64139 from 64767
00082 Lustre: 2192:0:(llog_test.c:1140:llog_test_7()) 7g: test llog_gen_rec
00082 ------------[ cut here ]------------
00082 WARNING: /home/ktest/git/linux/include/linux/fs.h:889 at osd_create+0x9cf/0xcf0 [osd_wbcfs], CPU#7: lctl/2192
00082 Modules linked in: llog_test(O) mgs(O) osd_wbcfs(O) lustre(O) obdecho(O) mgc(O) mdc(O) lov(O) osc(O) lmv(O) ec(O) fid(O) fld(O) ptlrpc(O) efivarfs obdclass(O) ksocklnd(O) lnet(O) libcfs(O)
00082 CPU: 7 UID: 0 PID: 2192 Comm: lctl Tainted: G        W  O        7.0.0-ktest-8c7e257cb2-7433349-20260707 #1 PREEMPT 
00082 Tainted: [W]=WARN, [O]=OOT_MODULE
00082 Hardware name: QEMU Standard PC (Q35 + ICH9, 2009), BIOS 2025.11-3ubuntu7 03/31/2026
00082 RIP: 0010:osd_create+0x9cf/0xcf0 [osd_wbcfs]
00082 Code: c7 c7 00 76 7e a1 48 c7 c6 a0 02 73 a1 48 c7 c2 00 0c 73 a1 e8 52 c1 43 ff 48 c7 c7 00 76 7e a1 e8 56 51 44 ff e9 fe fc ff ff <0f> 0b e9 a5 fa ff ff 48 c7 c1 80 44 5d a0 80 e1 07 80 c1 03 38 c1
00082 RSP: 0018:ffffc90001a276f0 EFLAGS: 00010246
00082 RAX: 0000000000000000 RBX: ffff888198dda800 RCX: 0000000000000046
00082 RDX: 0000000000000000 RSI: ffff888192aed0d8 RDI: ffff88811daa0998
00082 RBP: ffff888192aed048 R08: ffffffff83a16803 R09: 1ffffffff0742d00
00082 R10: dffffc0000000000 R11: fffffbfff0742d01 R12: ffff88817e9ae000
00082 R13: dffffc0000000000 R14: 1ffff110331bb500 R15: 1ffff1102fd35c0f
00082 FS:  00007f3b84e16940(0000) GS:ffff88831e7ae000(0000) knlGS:0000000000000000
00082 CS:  0010 DS: 0000 ES: 0000 CR0: 0000000080050033
00082 CR2: 00005580e2fdf570 CR3: 0000000104c2c000 CR4: 0000000000750eb0
00082 PKRU: 55555554
00082 Call Trace:
00082  <TASK>
00082  ? local_object_create+0x109/0x640 [obdclass]
00082  ? dt_write_lock+0x16d/0x2a0 [obdclass]
00082  ? llog_osd_create+0x35b/0x1270 [obdclass]
00082  ? llog_create+0x2ed/0x530 [obdclass]
00082  ? llog_open_create+0x6e7/0xb30 [obdclass]
00082  ? llog_test_7_sub+0xea/0x1250 [llog_test]
00082  ? llog_test_7+0x968/0xf50 [llog_test]
00082  ? llog_run_tests+0x3616/0x5ad0 [llog_test]
00082  ? get_random_u32+0x51/0x470
00082  ? llog_test_device_init+0x6e8/0xa20 [llog_test]
00082  ? obd_setup+0x54d/0x950 [obdclass]
00082  ? class_setup+0xc7d/0x10e0 [obdclass]
00082  ? class_process_config+0x2edb/0x7cb0 [obdclass]
00082  ? class_handle_ioctl+0x1f4d/0x3440 [obdclass]
00082  ? obd_class_ioctl+0x1f6/0x3c0 [obdclass]
00082  ? __x64_sys_ioctl+0x961/0xe00
00082  ? _copy_to_user+0x3d/0x60
00082  ? __x64_sys_rt_sigaction+0x107/0x140
00082  ? do_syscall_64+0xc1/0x350
00082  ? entry_SYSCALL_64_after_hwframe+0x4b/0x53
00082  </TASK>
00082 ---[ end trace 0000000000000000 ]---
00086 Lustre: 2192:0:(llog_test.c:1151:llog_test_7()) 7h: test llog_setattr64_rec_v2
00086 ------------[ cut here ]------------
00086 WARNING: /home/ktest/git/linux/include/linux/fs.h:889 at osd_create+0x9cf/0xcf0 [osd_wbcfs], CPU#7: lctl/2192
00086 Modules linked in: llog_test(O) mgs(O) osd_wbcfs(O) lustre(O) obdecho(O) mgc(O) mdc(O) lov(O) osc(O) lmv(O) ec(O) fid(O) fld(O) ptlrpc(O) efivarfs obdclass(O) ksocklnd(O) lnet(O) libcfs(O)
00086 CPU: 7 UID: 0 PID: 2192 Comm: lctl Tainted: G        W  O        7.0.0-ktest-8c7e257cb2-7433349-20260707 #1 PREEMPT 
00086 Tainted: [W]=WARN, [O]=OOT_MODULE
00086 Hardware name: QEMU Standard PC (Q35 + ICH9, 2009), BIOS 2025.11-3ubuntu7 03/31/2026
00086 RIP: 0010:osd_create+0x9cf/0xcf0 [osd_wbcfs]
00086 Code: c7 c7 00 76 7e a1 48 c7 c6 a0 02 73 a1 48 c7 c2 00 0c 73 a1 e8 52 c1 43 ff 48 c7 c7 00 76 7e a1 e8 56 51 44 ff e9 fe fc ff ff <0f> 0b e9 a5 fa ff ff 48 c7 c1 80 44 5d a0 80 e1 07 80 c1 03 38 c1
00086 RSP: 0018:ffffc90001a276f0 EFLAGS: 00010246
00086 RAX: 0000000000000000 RBX: ffff88813c924400 RCX: 0000000000000046
00086 RDX: 0000000000000000 RSI: ffff888192aec9c0 RDI: ffff88811daa0998
00086 RBP: ffff888192aec930 R08: ffffffff83a16803 R09: 1ffffffff0742d00
00086 R10: dffffc0000000000 R11: fffffbfff0742d01 R12: ffff88817e9ae000
00086 R13: dffffc0000000000 R14: 1ffff11027924880 R15: 1ffff1102fd35c0f
00086 FS:  00007f3b84e16940(0000) GS:ffff88831e7ae000(0000) knlGS:0000000000000000
00086 CS:  0010 DS: 0000 ES: 0000 CR0: 0000000080050033
00086 CR2: 00005580e2fdf570 CR3: 0000000104c2c000 CR4: 0000000000750eb0
00086 PKRU: 55555554
00086 Call Trace:
00086  <TASK>
00086  ? local_object_create+0x109/0x640 [obdclass]
00086  ? dt_write_lock+0x16d/0x2a0 [obdclass]
00086  ? llog_osd_create+0x35b/0x1270 [obdclass]
00086  ? llog_create+0x2ed/0x530 [obdclass]
00086  ? llog_open_create+0x6e7/0xb30 [obdclass]
00086  ? llog_test_7_sub+0xea/0x1250 [llog_test]
00086  ? llog_test_7+0xa99/0xf50 [llog_test]
00086  ? llog_run_tests+0x3616/0x5ad0 [llog_test]
00086  ? get_random_u32+0x51/0x470
00086  ? llog_test_device_init+0x6e8/0xa20 [llog_test]
00086  ? obd_setup+0x54d/0x950 [obdclass]
00086  ? class_setup+0xc7d/0x10e0 [obdclass]
00086  ? class_process_config+0x2edb/0x7cb0 [obdclass]
00086  ? class_handle_ioctl+0x1f4d/0x3440 [obdclass]
00086  ? obd_class_ioctl+0x1f6/0x3c0 [obdclass]
00086  ? __x64_sys_ioctl+0x961/0xe00
00086  ? _copy_to_user+0x3d/0x60
00086  ? __x64_sys_rt_sigaction+0x107/0x140
00086  ? do_syscall_64+0xc1/0x350
00086  ? entry_SYSCALL_64_after_hwframe+0x4b/0x53
00086  </TASK>
00086 ---[ end trace 0000000000000000 ]---
00089 Lustre: 2192:0:(llog_test.c:1024:llog_test_7_sub()) 7_sub: records are not aligned, written 64071 from 64767
00090 Lustre: 2192:0:(llog_test.c:1260:llog_test_8()) 8a: fill the first plain llog
00090 ------------[ cut here ]------------
00090 WARNING: /home/ktest/git/linux/include/linux/fs.h:889 at osd_create+0x9cf/0xcf0 [osd_wbcfs], CPU#7: lctl/2192
00090 Modules linked in: llog_test(O) mgs(O) osd_wbcfs(O) lustre(O) obdecho(O) mgc(O) mdc(O) lov(O) osc(O) lmv(O) ec(O) fid(O) fld(O) ptlrpc(O) efivarfs obdclass(O) ksocklnd(O) lnet(O) libcfs(O)
00090 CPU: 7 UID: 0 PID: 2192 Comm: lctl Tainted: G        W  O        7.0.0-ktest-8c7e257cb2-7433349-20260707 #1 PREEMPT 
00090 Tainted: [W]=WARN, [O]=OOT_MODULE
00090 Hardware name: QEMU Standard PC (Q35 + ICH9, 2009), BIOS 2025.11-3ubuntu7 03/31/2026
00090 RIP: 0010:osd_create+0x9cf/0xcf0 [osd_wbcfs]
00090 Code: c7 c7 00 76 7e a1 48 c7 c6 a0 02 73 a1 48 c7 c2 00 0c 73 a1 e8 52 c1 43 ff 48 c7 c7 00 76 7e a1 e8 56 51 44 ff e9 fe fc ff ff <0f> 0b e9 a5 fa ff ff 48 c7 c1 80 44 5d a0 80 e1 07 80 c1 03 38 c1
00090 RSP: 0018:ffffc90001a274c0 EFLAGS: 00010246
00090 RAX: 0000000000000000 RBX: ffff8881bbf48400 RCX: 0000000000000046
00090 RDX: 0000000000000000 RSI: ffff888192aec2a8 RDI: ffff88811daa09c0
00090 RBP: ffff888192aec218 R08: ffffffff83a16803 R09: 1ffffffff0742d00
00090 R10: dffffc0000000000 R11: fffffbfff0742d01 R12: ffff88817e9ae000
00090 R13: dffffc0000000000 R14: 1ffff110377e9080 R15: 1ffff1102fd35c0f
00090 FS:  00007f3b84e16940(0000) GS:ffff88831e7ae000(0000) knlGS:0000000000000000
00090 CS:  0010 DS: 0000 ES: 0000 CR0: 0000000080050033
00090 CR2: 00005580e2fdf570 CR3: 0000000104c2c000 CR4: 0000000000750eb0
00090 PKRU: 55555554
00090 Call Trace:
00090  <TASK>
00090  ? local_object_create+0x109/0x640 [obdclass]
00090  ? dt_write_lock+0x16d/0x2a0 [obdclass]
00090  ? llog_osd_create+0x35b/0x1270 [obdclass]
00090  ? llog_create+0x2ed/0x530 [obdclass]
00090  ? llog_cat_new_log+0x6c5/0x2a10 [obdclass]
00090  ? llog_cat_add_rec+0x4fe/0x1960 [obdclass]
00090  ? llog_cat_add_rec+0x6ba/0x1960 [obdclass]
00090  ? llog_cat_add+0x499/0x7a0 [obdclass]
00090  ? llog_test_8+0x567/0x1c20 [llog_test]
00090  ? do_raw_spin_unlock+0x52/0x230
00090  ? _raw_spin_unlock+0x23/0x40
00090  ? __llog_ctxt_put+0x1c4/0x2f0 [obdclass]
00090  ? llog_run_tests+0x39a4/0x5ad0 [llog_test]
00090  ? get_random_u32+0x51/0x470
00090  ? llog_test_device_init+0x6e8/0xa20 [llog_test]
00090  ? obd_setup+0x54d/0x950 [obdclass]
00090  ? class_setup+0xc7d/0x10e0 [obdclass]
00090  ? class_process_config+0x2edb/0x7cb0 [obdclass]
00090  ? class_handle_ioctl+0x1f4d/0x3440 [obdclass]
00090  ? obd_class_ioctl+0x1f6/0x3c0 [obdclass]
00090  ? __x64_sys_ioctl+0x961/0xe00
00090  ? _copy_to_user+0x3d/0x60
00090  ? __x64_sys_rt_sigaction+0x107/0x140
00090  ? do_syscall_64+0xc1/0x350
00090  ? entry_SYSCALL_64_after_hwframe+0x4b/0x53
00090  </TASK>
00090 ---[ end trace 0000000000000000 ]---
00090 Lustre: 2192:0:(llog_test.c:1289:llog_test_8()) 8b: first llog [0x1:0x10:0x0]
00090 Lustre: 2192:0:(llog_test.c:1305:llog_test_8()) 8b: fill the second plain llog
00090 ------------[ cut here ]------------
00090 WARNING: /home/ktest/git/linux/include/linux/fs.h:889 at osd_create+0x9cf/0xcf0 [osd_wbcfs], CPU#7: lctl/2192
00090 Modules linked in: llog_test(O) mgs(O) osd_wbcfs(O) lustre(O) obdecho(O) mgc(O) mdc(O) lov(O) osc(O) lmv(O) ec(O) fid(O) fld(O) ptlrpc(O) efivarfs obdclass(O) ksocklnd(O) lnet(O) libcfs(O)
00090 CPU: 7 UID: 0 PID: 2192 Comm: lctl Tainted: G        W  O        7.0.0-ktest-8c7e257cb2-7433349-20260707 #1 PREEMPT 
00090 Tainted: [W]=WARN, [O]=OOT_MODULE
00090 Hardware name: QEMU Standard PC (Q35 + ICH9, 2009), BIOS 2025.11-3ubuntu7 03/31/2026
00090 RIP: 0010:osd_create+0x9cf/0xcf0 [osd_wbcfs]
00090 Code: c7 c7 00 76 7e a1 48 c7 c6 a0 02 73 a1 48 c7 c2 00 0c 73 a1 e8 52 c1 43 ff 48 c7 c7 00 76 7e a1 e8 56 51 44 ff e9 fe fc ff ff <0f> 0b e9 a5 fa ff ff 48 c7 c1 80 44 5d a0 80 e1 07 80 c1 03 38 c1
00090 RSP: 0018:ffffc90001a274c0 EFLAGS: 00010246
00090 RAX: 0000000000000000 RBX: ffff8881bbf4cc00 RCX: 0000000000000046
00090 RDX: 0000000000000000 RSI: ffff888192aebb90 RDI: ffff88811daa09c0
00090 RBP: ffff888192aebb00 R08: ffffffff83a16803 R09: 1ffffffff0742d00
00090 R10: dffffc0000000000 R11: fffffbfff0742d01 R12: ffff88817e9ae000
00090 R13: dffffc0000000000 R14: 1ffff110377e9980 R15: 1ffff1102fd35c0f
00090 FS:  00007f3b84e16940(0000) GS:ffff88831e7ae000(0000) knlGS:0000000000000000
00090 CS:  0010 DS: 0000 ES: 0000 CR0: 0000000080050033
00090 CR2: 00005580e2fdf570 CR3: 0000000104c2c000 CR4: 0000000000750eb0
00090 PKRU: 55555554
00090 Call Trace:
00090  <TASK>
00090  ? local_object_create+0x109/0x640 [obdclass]
00090  ? dt_write_lock+0x16d/0x2a0 [obdclass]
00090  ? llog_osd_create+0x35b/0x1270 [obdclass]
00090  ? llog_create+0x2ed/0x530 [obdclass]
00090  ? llog_cat_new_log+0x6c5/0x2a10 [obdclass]
00090  ? llog_cat_add_rec+0x4fe/0x1960 [obdclass]
00090  ? llog_cat_add_rec+0x6ba/0x1960 [obdclass]
00090  ? llog_cat_add+0x499/0x7a0 [obdclass]
00090  ? llog_test_8+0xd89/0x1c20 [llog_test]
00090  ? do_raw_spin_unlock+0x52/0x230
00090  ? _raw_spin_unlock+0x23/0x40
00090  ? __llog_ctxt_put+0x1c4/0x2f0 [obdclass]
00090  ? llog_run_tests+0x39a4/0x5ad0 [llog_test]
00090  ? get_random_u32+0x51/0x470
00090  ? llog_test_device_init+0x6e8/0xa20 [llog_test]
00090  ? obd_setup+0x54d/0x950 [obdclass]
00090  ? class_setup+0xc7d/0x10e0 [obdclass]
00090  ? class_process_config+0x2edb/0x7cb0 [obdclass]
00090  ? class_handle_ioctl+0x1f4d/0x3440 [obdclass]
00090  ? obd_class_ioctl+0x1f6/0x3c0 [obdclass]
00090  ? __x64_sys_ioctl+0x961/0xe00
00090  ? _copy_to_user+0x3d/0x60
00090  ? __x64_sys_rt_sigaction+0x107/0x140
00090  ? do_syscall_64+0xc1/0x350
00090  ? entry_SYSCALL_64_after_hwframe+0x4b/0x53
00090  </TASK>
00090 ---[ end trace 0000000000000000 ]---
00090 Lustre: 2192:0:(llog_test.c:1329:llog_test_8()) 8b: pin llog [0x1:0x12:0x0]
00090 Lustre: 2192:0:(llog_test.c:1332:llog_test_8()) 8b: clean first llog record in catalog
00090 Lustre: 2192:0:(llog_test.c:1343:llog_test_8()) 8c: corrupt first chunk in the middle
00090 Lustre: 2192:0:(llog_test.c:1346:llog_test_8()) 8c: corrupt second chunk at start
00090 Lustre: 2192:0:(llog_test.c:1349:llog_test_8()) 8d: count survived records
00090 Lustre: 2192:0:(llog_test.c:1379:llog_test_8()) 8d: close re-opened catalog
00090 Lustre: 2192:0:(llog_test.c:1440:llog_test_9()) 9a: test llog_logid_rec
00090 ------------[ cut here ]------------
00090 WARNING: /home/ktest/git/linux/include/linux/fs.h:889 at osd_create+0x9cf/0xcf0 [osd_wbcfs], CPU#7: lctl/2192
00090 Modules linked in: llog_test(O) mgs(O) osd_wbcfs(O) lustre(O) obdecho(O) mgc(O) mdc(O) lov(O) osc(O) lmv(O) ec(O) fid(O) fld(O) ptlrpc(O) efivarfs obdclass(O) ksocklnd(O) lnet(O) libcfs(O)
00090 CPU: 7 UID: 0 PID: 2192 Comm: lctl Tainted: G        W  O        7.0.0-ktest-8c7e257cb2-7433349-20260707 #1 PREEMPT 
00090 Tainted: [W]=WARN, [O]=OOT_MODULE
00090 Hardware name: QEMU Standard PC (Q35 + ICH9, 2009), BIOS 2025.11-3ubuntu7 03/31/2026
00090 RIP: 0010:osd_create+0x9cf/0xcf0 [osd_wbcfs]
00090 Code: c7 c7 00 76 7e a1 48 c7 c6 a0 02 73 a1 48 c7 c2 00 0c 73 a1 e8 52 c1 43 ff 48 c7 c7 00 76 7e a1 e8 56 51 44 ff e9 fe fc ff ff <0f> 0b e9 a5 fa ff ff 48 c7 c1 80 44 5d a0 80 e1 07 80 c1 03 38 c1
00090 RSP: 0018:ffffc90001a27718 EFLAGS: 00010246
00090 RAX: 0000000000000000 RBX: ffff8881bbf4e400 RCX: 0000000000000046
00090 RDX: 0000000000000000 RSI: ffff888192aeb478 RDI: ffff88811daa0998
00090 RBP: ffff888192aeb3e8 R08: ffffffff83a16803 R09: 1ffffffff0742d00
00090 R10: dffffc0000000000 R11: fffffbfff0742d01 R12: ffff88817e9ae000
00090 R13: dffffc0000000000 R14: 1ffff110377e9c80 R15: 1ffff1102fd35c0f
00090 FS:  00007f3b84e16940(0000) GS:ffff88831e7ae000(0000) knlGS:0000000000000000
00090 CS:  0010 DS: 0000 ES: 0000 CR0: 0000000080050033
00090 CR2: 00005580e2fdf570 CR3: 0000000104c2c000 CR4: 0000000000750eb0
00090 PKRU: 55555554
00090 Call Trace:
00090  <TASK>
00090  ? local_object_create+0x109/0x640 [obdclass]
00090  ? dt_write_lock+0x16d/0x2a0 [obdclass]
00090  ? llog_osd_create+0x35b/0x1270 [obdclass]
00090  ? llog_create+0x2ed/0x530 [obdclass]
00090  ? llog_open_create+0x6e7/0xb30 [obdclass]
00090  ? llog_test_9_sub+0xd4/0x800 [llog_test]
00090  ? llog_test_9+0x242/0x960 [llog_test]
00090  ? llog_run_tests+0x3d66/0x5ad0 [llog_test]
00090  ? get_random_u32+0x51/0x470
00090  ? llog_test_device_init+0x6e8/0xa20 [llog_test]
00090  ? obd_setup+0x54d/0x950 [obdclass]
00090  ? class_setup+0xc7d/0x10e0 [obdclass]
00090  ? class_process_config+0x2edb/0x7cb0 [obdclass]
00090  ? class_handle_ioctl+0x1f4d/0x3440 [obdclass]
00090  ? obd_class_ioctl+0x1f6/0x3c0 [obdclass]
00090  ? __x64_sys_ioctl+0x961/0xe00
00090  ? _copy_to_user+0x3d/0x60
00090  ? __x64_sys_rt_sigaction+0x107/0x140
00090  ? do_syscall_64+0xc1/0x350
00090  ? entry_SYSCALL_64_after_hwframe+0x4b/0x53
00090  </TASK>
00090 ---[ end trace 0000000000000000 ]---
00090 Lustre: 2192:0:(llog_test.c:1424:llog_test_9_sub()) 9_sub: record type 1064553b in log 0x1:0x14:0x0
00090 Lustre: 2192:0:(llog_test.c:1451:llog_test_9()) 9b: test llog_obd_cfg_rec
00090 ------------[ cut here ]------------
00090 WARNING: /home/ktest/git/linux/include/linux/fs.h:889 at osd_create+0x9cf/0xcf0 [osd_wbcfs], CPU#7: lctl/2192
00090 Modules linked in: llog_test(O) mgs(O) osd_wbcfs(O) lustre(O) obdecho(O) mgc(O) mdc(O) lov(O) osc(O) lmv(O) ec(O) fid(O) fld(O) ptlrpc(O) efivarfs obdclass(O) ksocklnd(O) lnet(O) libcfs(O)
00090 CPU: 7 UID: 0 PID: 2192 Comm: lctl Tainted: G        W  O        7.0.0-ktest-8c7e257cb2-7433349-20260707 #1 PREEMPT 
00090 Tainted: [W]=WARN, [O]=OOT_MODULE
00090 Hardware name: QEMU Standard PC (Q35 + ICH9, 2009), BIOS 2025.11-3ubuntu7 03/31/2026
00090 RIP: 0010:osd_create+0x9cf/0xcf0 [osd_wbcfs]
00090 Code: c7 c7 00 76 7e a1 48 c7 c6 a0 02 73 a1 48 c7 c2 00 0c 73 a1 e8 52 c1 43 ff 48 c7 c7 00 76 7e a1 e8 56 51 44 ff e9 fe fc ff ff <0f> 0b e9 a5 fa ff ff 48 c7 c1 80 44 5d a0 80 e1 07 80 c1 03 38 c1
00090 RSP: 0018:ffffc90001a27718 EFLAGS: 00010246
00090 RAX: 0000000000000000 RBX: ffff8881bbf4d800 RCX: 0000000000000046
00090 RDX: 0000000000000000 RSI: ffff888192aead60 RDI: ffff88811daa0998
00090 RBP: ffff888192aeacd0 R08: ffffffff83a16803 R09: 1ffffffff0742d00
00090 R10: dffffc0000000000 R11: fffffbfff0742d01 R12: ffff88817e9ae000
00090 R13: dffffc0000000000 R14: 1ffff110377e9b00 R15: 1ffff1102fd35c0f
00090 FS:  00007f3b84e16940(0000) GS:ffff88831e7ae000(0000) knlGS:0000000000000000
00090 CS:  0010 DS: 0000 ES: 0000 CR0: 0000000080050033
00090 CR2: 00005580e2fdf570 CR3: 0000000104c2c000 CR4: 0000000000750eb0
00090 PKRU: 55555554
00090 Call Trace:
00090  <TASK>
00090  ? local_object_create+0x109/0x640 [obdclass]
00090  ? dt_write_lock+0x16d/0x2a0 [obdclass]
00090  ? llog_osd_create+0x35b/0x1270 [obdclass]
00090  ? llog_create+0x2ed/0x530 [obdclass]
00090  ? llog_open_create+0x6e7/0xb30 [obdclass]
00090  ? llog_test_9_sub+0xd4/0x800 [llog_test]
00090  ? llog_test_9+0x373/0x960 [llog_test]
00090  ? llog_run_tests+0x3d66/0x5ad0 [llog_test]
00090  ? get_random_u32+0x51/0x470
00090  ? llog_test_device_init+0x6e8/0xa20 [llog_test]
00090  ? obd_setup+0x54d/0x950 [obdclass]
00090  ? class_setup+0xc7d/0x10e0 [obdclass]
00090  ? class_process_config+0x2edb/0x7cb0 [obdclass]
00090  ? class_handle_ioctl+0x1f4d/0x3440 [obdclass]
00090  ? obd_class_ioctl+0x1f6/0x3c0 [obdclass]
00090  ? __x64_sys_ioctl+0x961/0xe00
00090  ? _copy_to_user+0x3d/0x60
00090  ? __x64_sys_rt_sigaction+0x107/0x140
00090  ? do_syscall_64+0xc1/0x350
00090  ? entry_SYSCALL_64_after_hwframe+0x4b/0x53
00090  </TASK>
00090 ---[ end trace 0000000000000000 ]---
00090 Lustre: 2192:0:(llog_test.c:1462:llog_test_9()) 9c: test llog_changelog_rec
00090 ------------[ cut here ]------------
00090 WARNING: /home/ktest/git/linux/include/linux/fs.h:889 at osd_create+0x9cf/0xcf0 [osd_wbcfs], CPU#7: lctl/2192
00090 Modules linked in: llog_test(O) mgs(O) osd_wbcfs(O) lustre(O) obdecho(O) mgc(O) mdc(O) lov(O) osc(O) lmv(O) ec(O) fid(O) fld(O) ptlrpc(O) efivarfs obdclass(O) ksocklnd(O) lnet(O) libcfs(O)
00090 CPU: 7 UID: 0 PID: 2192 Comm: lctl Tainted: G        W  O        7.0.0-ktest-8c7e257cb2-7433349-20260707 #1 PREEMPT 
00090 Tainted: [W]=WARN, [O]=OOT_MODULE
00090 Hardware name: QEMU Standard PC (Q35 + ICH9, 2009), BIOS 2025.11-3ubuntu7 03/31/2026
00090 RIP: 0010:osd_create+0x9cf/0xcf0 [osd_wbcfs]
00090 Code: c7 c7 00 76 7e a1 48 c7 c6 a0 02 73 a1 48 c7 c2 00 0c 73 a1 e8 52 c1 43 ff 48 c7 c7 00 76 7e a1 e8 56 51 44 ff e9 fe fc ff ff <0f> 0b e9 a5 fa ff ff 48 c7 c1 80 44 5d a0 80 e1 07 80 c1 03 38 c1
00090 RSP: 0018:ffffc90001a27718 EFLAGS: 00010246
00090 RAX: 0000000000000000 RBX: ffff88819a90ac00 RCX: 0000000000000046
00090 RDX: 0000000000000000 RSI: ffff8881bbeed0d8 RDI: ffff88811daa0998
00090 RBP: ffff8881bbeed048 R08: ffffffff83a16803 R09: 1ffffffff0742d00
00090 R10: dffffc0000000000 R11: fffffbfff0742d01 R12: ffff88817e9ae000
00090 R13: dffffc0000000000 R14: 1ffff11033521580 R15: 1ffff1102fd35c0f
00090 FS:  00007f3b84e16940(0000) GS:ffff88831e7ae000(0000) knlGS:0000000000000000
00090 CS:  0010 DS: 0000 ES: 0000 CR0: 0000000080050033
00090 CR2: 00005580e2fdf570 CR3: 0000000104c2c000 CR4: 0000000000750eb0
00090 PKRU: 55555554
00090 Call Trace:
00090  <TASK>
00090  ? local_object_create+0x109/0x640 [obdclass]
00090  ? dt_write_lock+0x16d/0x2a0 [obdclass]
00090  ? llog_osd_create+0x35b/0x1270 [obdclass]
00090  ? llog_create+0x2ed/0x530 [obdclass]
00090  ? llog_open_create+0x6e7/0xb30 [obdclass]
00090  ? llog_test_9_sub+0xd4/0x800 [llog_test]
00090  ? llog_test_9+0x4a4/0x960 [llog_test]
00090  ? llog_run_tests+0x3d66/0x5ad0 [llog_test]
00090  ? get_random_u32+0x51/0x470
00090  ? llog_test_device_init+0x6e8/0xa20 [llog_test]
00090  ? obd_setup+0x54d/0x950 [obdclass]
00090  ? class_setup+0xc7d/0x10e0 [obdclass]
00090  ? class_process_config+0x2edb/0x7cb0 [obdclass]
00090  ? class_handle_ioctl+0x1f4d/0x3440 [obdclass]
00090  ? obd_class_ioctl+0x1f6/0x3c0 [obdclass]
00090  ? __x64_sys_ioctl+0x961/0xe00
00090  ? _copy_to_user+0x3d/0x60
00090  ? __x64_sys_rt_sigaction+0x107/0x140
00090  ? do_syscall_64+0xc1/0x350
00090  ? entry_SYSCALL_64_after_hwframe+0x4b/0x53
00090  </TASK>
00090 ---[ end trace 0000000000000000 ]---
00090 Lustre: 2192:0:(llog_test.c:1474:llog_test_9()) 9d: test llog_changelog_user_rec2
00090 ------------[ cut here ]------------
00090 WARNING: /home/ktest/git/linux/include/linux/fs.h:889 at osd_create+0x9cf/0xcf0 [osd_wbcfs], CPU#7: lctl/2192
00090 Modules linked in: llog_test(O) mgs(O) osd_wbcfs(O) lustre(O) obdecho(O) mgc(O) mdc(O) lov(O) osc(O) lmv(O) ec(O) fid(O) fld(O) ptlrpc(O) efivarfs obdclass(O) ksocklnd(O) lnet(O) libcfs(O)
00090 CPU: 7 UID: 0 PID: 2192 Comm: lctl Tainted: G        W  O        7.0.0-ktest-8c7e257cb2-7433349-20260707 #1 PREEMPT 
00090 Tainted: [W]=WARN, [O]=OOT_MODULE
00090 Hardware name: QEMU Standard PC (Q35 + ICH9, 2009), BIOS 2025.11-3ubuntu7 03/31/2026
00090 RIP: 0010:osd_create+0x9cf/0xcf0 [osd_wbcfs]
00090 Code: c7 c7 00 76 7e a1 48 c7 c6 a0 02 73 a1 48 c7 c2 00 0c 73 a1 e8 52 c1 43 ff 48 c7 c7 00 76 7e a1 e8 56 51 44 ff e9 fe fc ff ff <0f> 0b e9 a5 fa ff ff 48 c7 c1 80 44 5d a0 80 e1 07 80 c1 03 38 c1
00090 RSP: 0018:ffffc90001a27718 EFLAGS: 00010246
00090 RAX: 0000000000000000 RBX: ffff88819a90a400 RCX: 0000000000000046
00090 RDX: 0000000000000000 RSI: ffff8881bbeec9c0 RDI: ffff88811daa0998
00090 RBP: ffff8881bbeec930 R08: ffffffff83a16803 R09: 1ffffffff0742d00
00090 R10: dffffc0000000000 R11: fffffbfff0742d01 R12: ffff88817e9ae000
00090 R13: dffffc0000000000 R14: 1ffff11033521480 R15: 1ffff1102fd35c0f
00090 FS:  00007f3b84e16940(0000) GS:ffff88831e7ae000(0000) knlGS:0000000000000000
00090 CS:  0010 DS: 0000 ES: 0000 CR0: 0000000080050033
00090 CR2: 00005580e2fdf570 CR3: 0000000104c2c000 CR4: 0000000000750eb0
00090 PKRU: 55555554
00090 Call Trace:
00090  <TASK>
00090  ? local_object_create+0x109/0x640 [obdclass]
00090  ? dt_write_lock+0x16d/0x2a0 [obdclass]
00090  ? llog_osd_create+0x35b/0x1270 [obdclass]
00090  ? llog_create+0x2ed/0x530 [obdclass]
00090  ? llog_open_create+0x6e7/0xb30 [obdclass]
00090  ? llog_test_9_sub+0xd4/0x800 [llog_test]
00090  ? llog_test_9+0x5d5/0x960 [llog_test]
00090  ? llog_run_tests+0x3d66/0x5ad0 [llog_test]
00090  ? get_random_u32+0x51/0x470
00090  ? llog_test_device_init+0x6e8/0xa20 [llog_test]
00090  ? obd_setup+0x54d/0x950 [obdclass]
00090  ? class_setup+0xc7d/0x10e0 [obdclass]
00090  ? class_process_config+0x2edb/0x7cb0 [obdclass]
00090  ? class_handle_ioctl+0x1f4d/0x3440 [obdclass]
00090  ? obd_class_ioctl+0x1f6/0x3c0 [obdclass]
00090  ? __x64_sys_ioctl+0x961/0xe00
00090  ? _copy_to_user+0x3d/0x60
00090  ? __x64_sys_rt_sigaction+0x107/0x140
00090  ? do_syscall_64+0xc1/0x350
00090  ? entry_SYSCALL_64_after_hwframe+0x4b/0x53
00090  </TASK>
00090 ---[ end trace 0000000000000000 ]---
00090 Lustre: 2192:0:(llog_test.c:1575:llog_test_10()) 10a: create a catalog log with name: 59dbff5c
00090 ------------[ cut here ]------------
00090 WARNING: /home/ktest/git/linux/include/linux/fs.h:889 at osd_create+0x9cf/0xcf0 [osd_wbcfs], CPU#7: lctl/2192
00090 Modules linked in: llog_test(O) mgs(O) osd_wbcfs(O) lustre(O) obdecho(O) mgc(O) mdc(O) lov(O) osc(O) lmv(O) ec(O) fid(O) fld(O) ptlrpc(O) efivarfs obdclass(O) ksocklnd(O) lnet(O) libcfs(O)
00090 CPU: 7 UID: 0 PID: 2192 Comm: lctl Tainted: G        W  O        7.0.0-ktest-8c7e257cb2-7433349-20260707 #1 PREEMPT 
00090 Tainted: [W]=WARN, [O]=OOT_MODULE
00090 Hardware name: QEMU Standard PC (Q35 + ICH9, 2009), BIOS 2025.11-3ubuntu7 03/31/2026
00090 RIP: 0010:osd_create+0x9cf/0xcf0 [osd_wbcfs]
00090 Code: c7 c7 00 76 7e a1 48 c7 c6 a0 02 73 a1 48 c7 c2 00 0c 73 a1 e8 52 c1 43 ff 48 c7 c7 00 76 7e a1 e8 56 51 44 ff e9 fe fc ff ff <0f> 0b e9 a5 fa ff ff 48 c7 c1 80 44 5d a0 80 e1 07 80 c1 03 38 c1
00090 RSP: 0018:ffffc90001a275d0 EFLAGS: 00010246
00090 RAX: 0000000000000000 RBX: ffff88819a909c00 RCX: 0000000000000046
00090 RDX: 0000000000000000 RSI: ffff8881bbeec2a8 RDI: ffff88811daa0998
00090 RBP: ffff8881bbeec218 R08: ffffffff83a16803 R09: 1ffffffff0742d00
00090 R10: dffffc0000000000 R11: fffffbfff0742d01 R12: ffff88817e9ae000
00090 R13: dffffc0000000000 R14: 1ffff11033521380 R15: 1ffff1102fd35c0f
00090 FS:  00007f3b84e16940(0000) GS:ffff88831e7ae000(0000) knlGS:0000000000000000
00090 CS:  0010 DS: 0000 ES: 0000 CR0: 0000000080050033
00090 CR2: 00005580e2fdf570 CR3: 0000000104c2c000 CR4: 0000000000750eb0
00090 PKRU: 55555554
00090 Call Trace:
00090  <TASK>
00090  ? local_object_create+0x109/0x640 [obdclass]
00090  ? dt_write_lock+0x16d/0x2a0 [obdclass]
00090  ? llog_osd_create+0x35b/0x1270 [obdclass]
00090  ? llog_create+0x2ed/0x530 [obdclass]
00090  ? llog_open_create+0x6e7/0xb30 [obdclass]
00090  ? llog_test_10+0x2e1/0x5540 [llog_test]
00090  ? lu_object_put+0xa40/0x12e0 [obdclass]
00090  ? do_raw_spin_unlock+0x52/0x230
00090  ? _raw_spin_unlock+0x23/0x40
00090  ? __llog_ctxt_put+0x1c4/0x2f0 [obdclass]
00090  ? llog_run_tests+0x3f47/0x5ad0 [llog_test]
00090  ? get_random_u32+0x51/0x470
00090  ? llog_test_device_init+0x6e8/0xa20 [llog_test]
00090  ? obd_setup+0x54d/0x950 [obdclass]
00090  ? class_setup+0xc7d/0x10e0 [obdclass]
00090  ? class_process_config+0x2edb/0x7cb0 [obdclass]
00090  ? class_handle_ioctl+0x1f4d/0x3440 [obdclass]
00090  ? obd_class_ioctl+0x1f6/0x3c0 [obdclass]
00090  ? __x64_sys_ioctl+0x961/0xe00
00090  ? _copy_to_user+0x3d/0x60
00090  ? __x64_sys_rt_sigaction+0x107/0x140
00090  ? do_syscall_64+0xc1/0x350
00090  ? entry_SYSCALL_64_after_hwframe+0x4b/0x53
00090  </TASK>
00090 ---[ end trace 0000000000000000 ]---
00090 Lustre: 2192:0:(llog_test.c:1605:llog_test_10()) 10b: write 64767 log records
00090 ------------[ cut here ]------------
00090 WARNING: /home/ktest/git/linux/include/linux/fs.h:889 at osd_create+0x9cf/0xcf0 [osd_wbcfs], CPU#7: lctl/2192
00090 Modules linked in: llog_test(O) mgs(O) osd_wbcfs(O) lustre(O) obdecho(O) mgc(O) mdc(O) lov(O) osc(O) lmv(O) ec(O) fid(O) fld(O) ptlrpc(O) efivarfs obdclass(O) ksocklnd(O) lnet(O) libcfs(O)
00090 CPU: 7 UID: 0 PID: 2192 Comm: lctl Tainted: G        W  O        7.0.0-ktest-8c7e257cb2-7433349-20260707 #1 PREEMPT 
00090 Tainted: [W]=WARN, [O]=OOT_MODULE
00090 Hardware name: QEMU Standard PC (Q35 + ICH9, 2009), BIOS 2025.11-3ubuntu7 03/31/2026
00090 RIP: 0010:osd_create+0x9cf/0xcf0 [osd_wbcfs]
00090 Code: c7 c7 00 76 7e a1 48 c7 c6 a0 02 73 a1 48 c7 c2 00 0c 73 a1 e8 52 c1 43 ff 48 c7 c7 00 76 7e a1 e8 56 51 44 ff e9 fe fc ff ff <0f> 0b e9 a5 fa ff ff 48 c7 c1 80 44 5d a0 80 e1 07 80 c1 03 38 c1
00090 RSP: 0018:ffffc90001a27470 EFLAGS: 00010246
00090 RAX: 0000000000000000 RBX: ffff88819a909400 RCX: 0000000000000046
00090 RDX: 0000000000000000 RSI: ffff8881bbeebb90 RDI: ffff88811daa09c0
00090 RBP: ffff8881bbeebb00 R08: ffffffff83a16803 R09: 1ffffffff0742d00
00090 R10: dffffc0000000000 R11: fffffbfff0742d01 R12: ffff88817e9ae000
00090 R13: dffffc0000000000 R14: 1ffff11033521280 R15: 1ffff1102fd35c0f
00090 FS:  00007f3b84e16940(0000) GS:ffff88831e7ae000(0000) knlGS:0000000000000000
00090 CS:  0010 DS: 0000 ES: 0000 CR0: 0000000080050033
00090 CR2: 00005580e2fdf570 CR3: 0000000104c2c000 CR4: 0000000000750eb0
00090 PKRU: 55555554
00090 Call Trace:
00090  <TASK>
00090  ? local_object_create+0x109/0x640 [obdclass]
00090  ? dt_write_lock+0x16d/0x2a0 [obdclass]
00090  ? llog_osd_create+0x35b/0x1270 [obdclass]
00090  ? llog_create+0x2ed/0x530 [obdclass]
00090  ? llog_cat_new_log+0x6c5/0x2a10 [obdclass]
00090  ? llog_cat_add_rec+0x4fe/0x1960 [obdclass]
00090  ? llog_cat_add_rec+0x6ba/0x1960 [obdclass]
00090  ? llog_cat_add+0x499/0x7a0 [obdclass]
00090  ? llog_test_10+0x6d3/0x5540 [llog_test]
00090  ? do_raw_spin_unlock+0x52/0x230
00090  ? _raw_spin_unlock+0x23/0x40
00090  ? __llog_ctxt_put+0x1c4/0x2f0 [obdclass]
00090  ? llog_run_tests+0x3f47/0x5ad0 [llog_test]
00090  ? get_random_u32+0x51/0x470
00090  ? llog_test_device_init+0x6e8/0xa20 [llog_test]
00090  ? obd_setup+0x54d/0x950 [obdclass]
00090  ? class_setup+0xc7d/0x10e0 [obdclass]
00090  ? class_process_config+0x2edb/0x7cb0 [obdclass]
00090  ? class_handle_ioctl+0x1f4d/0x3440 [obdclass]
00090  ? obd_class_ioctl+0x1f6/0x3c0 [obdclass]
00090  ? __x64_sys_ioctl+0x961/0xe00
00090  ? _copy_to_user+0x3d/0x60
00090  ? __x64_sys_rt_sigaction+0x107/0x140
00090  ? do_syscall_64+0xc1/0x350
00090  ? entry_SYSCALL_64_after_hwframe+0x4b/0x53
00090  </TASK>
00090 ---[ end trace 0000000000000000 ]---
00093 ------------[ cut here ]------------
00093 WARNING: /home/ktest/git/linux/include/linux/fs.h:889 at osd_create+0x9cf/0xcf0 [osd_wbcfs], CPU#7: lctl/2192
00093 Modules linked in: llog_test(O) mgs(O) osd_wbcfs(O) lustre(O) obdecho(O) mgc(O) mdc(O) lov(O) osc(O) lmv(O) ec(O) fid(O) fld(O) ptlrpc(O) efivarfs obdclass(O) ksocklnd(O) lnet(O) libcfs(O)
00093 CPU: 7 UID: 0 PID: 2192 Comm: lctl Tainted: G        W  O        7.0.0-ktest-8c7e257cb2-7433349-20260707 #1 PREEMPT 
00093 Tainted: [W]=WARN, [O]=OOT_MODULE
00093 Hardware name: QEMU Standard PC (Q35 + ICH9, 2009), BIOS 2025.11-3ubuntu7 03/31/2026
00093 RIP: 0010:osd_create+0x9cf/0xcf0 [osd_wbcfs]
00093 Code: c7 c7 00 76 7e a1 48 c7 c6 a0 02 73 a1 48 c7 c2 00 0c 73 a1 e8 52 c1 43 ff 48 c7 c7 00 76 7e a1 e8 56 51 44 ff e9 fe fc ff ff <0f> 0b e9 a5 fa ff ff 48 c7 c1 80 44 5d a0 80 e1 07 80 c1 03 38 c1
00093 RSP: 0018:ffffc90001a27470 EFLAGS: 00010246
00093 RAX: 0000000000000000 RBX: ffff88819a908c00 RCX: 0000000000000046
00093 RDX: 0000000000000000 RSI: ffff8881bbeeb478 RDI: ffff88811daa09c0
00093 RBP: ffff8881bbeeb3e8 R08: ffffffff83a16803 R09: 1ffffffff0742d00
00093 R10: dffffc0000000000 R11: fffffbfff0742d01 R12: ffff88817e9ae000
00093 R13: dffffc0000000000 R14: 1ffff11033521180 R15: 1ffff1102fd35c0f
00093 FS:  00007f3b84e16940(0000) GS:ffff88831e7ae000(0000) knlGS:0000000000000000
00093 CS:  0010 DS: 0000 ES: 0000 CR0: 0000000080050033
00093 CR2: 00005580e2fdf570 CR3: 0000000104c2c000 CR4: 0000000000750eb0
00093 PKRU: 55555554
00093 Call Trace:
00093  <TASK>
00093  ? local_object_create+0x109/0x640 [obdclass]
00093  ? dt_write_lock+0x16d/0x2a0 [obdclass]
00093  ? llog_osd_create+0x35b/0x1270 [obdclass]
00093  ? llog_create+0x2ed/0x530 [obdclass]
00093  ? llog_cat_new_log+0x6c5/0x2a10 [obdclass]
00093  ? llog_cat_add_rec+0x4fe/0x1960 [obdclass]
00093  ? llog_cat_add_rec+0x6ba/0x1960 [obdclass]
00093  ? llog_cat_add+0x499/0x7a0 [obdclass]
00093  ? llog_test_10+0x6d3/0x5540 [llog_test]
00093  ? do_raw_spin_unlock+0x52/0x230
00093  ? _raw_spin_unlock+0x23/0x40
00093  ? __llog_ctxt_put+0x1c4/0x2f0 [obdclass]
00093  ? llog_run_tests+0x3f47/0x5ad0 [llog_test]
00093  ? get_random_u32+0x51/0x470
00093  ? llog_test_device_init+0x6e8/0xa20 [llog_test]
00093  ? obd_setup+0x54d/0x950 [obdclass]
00093  ? class_setup+0xc7d/0x10e0 [obdclass]
00093  ? class_process_config+0x2edb/0x7cb0 [obdclass]
00093  ? class_handle_ioctl+0x1f4d/0x3440 [obdclass]
00093  ? obd_class_ioctl+0x1f6/0x3c0 [obdclass]
00093  ? __x64_sys_ioctl+0x961/0xe00
00093  ? _copy_to_user+0x3d/0x60
00093  ? __x64_sys_rt_sigaction+0x107/0x140
00093  ? do_syscall_64+0xc1/0x350
00093  ? entry_SYSCALL_64_after_hwframe+0x4b/0x53
00093  </TASK>
00093 ---[ end trace 0000000000000000 ]---
00093 Lustre: 2192:0:(llog_test.c:1631:llog_test_10()) 10c: write 129534 more log records
00095 ------------[ cut here ]------------
00095 WARNING: /home/ktest/git/linux/include/linux/fs.h:889 at osd_create+0x9cf/0xcf0 [osd_wbcfs], CPU#7: lctl/2192
00095 Modules linked in: llog_test(O) mgs(O) osd_wbcfs(O) lustre(O) obdecho(O) mgc(O) mdc(O) lov(O) osc(O) lmv(O) ec(O) fid(O) fld(O) ptlrpc(O) efivarfs obdclass(O) ksocklnd(O) lnet(O) libcfs(O)
00095 CPU: 7 UID: 0 PID: 2192 Comm: lctl Tainted: G        W  O        7.0.0-ktest-8c7e257cb2-7433349-20260707 #1 PREEMPT 
00095 Tainted: [W]=WARN, [O]=OOT_MODULE
00095 Hardware name: QEMU Standard PC (Q35 + ICH9, 2009), BIOS 2025.11-3ubuntu7 03/31/2026
00095 RIP: 0010:osd_create+0x9cf/0xcf0 [osd_wbcfs]
00095 Code: c7 c7 00 76 7e a1 48 c7 c6 a0 02 73 a1 48 c7 c2 00 0c 73 a1 e8 52 c1 43 ff 48 c7 c7 00 76 7e a1 e8 56 51 44 ff e9 fe fc ff ff <0f> 0b e9 a5 fa ff ff 48 c7 c1 80 44 5d a0 80 e1 07 80 c1 03 38 c1
00095 RSP: 0018:ffffc90001a27470 EFLAGS: 00010246
00095 RAX: 0000000000000000 RBX: ffff8881389c7400 RCX: 0000000000000046
00095 RDX: 0000000000000000 RSI: ffff8881bbeead60 RDI: ffff88811daa09c0
00095 RBP: ffff8881bbeeacd0 R08: ffffffff83a16803 R09: 1ffffffff0742d00
00095 R10: dffffc0000000000 R11: fffffbfff0742d01 R12: ffff88817e9ae000
00095 R13: dffffc0000000000 R14: 1ffff11027138e80 R15: 1ffff1102fd35c0f
00095 FS:  00007f3b84e16940(0000) GS:ffff88831e7ae000(0000) knlGS:0000000000000000
00095 CS:  0010 DS: 0000 ES: 0000 CR0: 0000000080050033
00095 CR2: 00005580e2fdf570 CR3: 0000000104c2c000 CR4: 0000000000750eb0
00095 PKRU: 55555554
00095 Call Trace:
00095  <TASK>
00095  ? local_object_create+0x109/0x640 [obdclass]
00095  ? dt_write_lock+0x16d/0x2a0 [obdclass]
00095  ? llog_osd_create+0x35b/0x1270 [obdclass]
00095  ? llog_create+0x2ed/0x530 [obdclass]
00095  ? llog_cat_new_log+0x6c5/0x2a10 [obdclass]
00095  ? llog_cat_add_rec+0x4fe/0x1960 [obdclass]
00095  ? llog_cat_add_rec+0x6ba/0x1960 [obdclass]
00095  ? llog_cat_add+0x499/0x7a0 [obdclass]
00095  ? llog_test_10+0x98e/0x5540 [llog_test]
00095  ? do_raw_spin_unlock+0x52/0x230
00095  ? _raw_spin_unlock+0x23/0x40
00095  ? __llog_ctxt_put+0x1c4/0x2f0 [obdclass]
00095  ? llog_run_tests+0x3f47/0x5ad0 [llog_test]
00095  ? get_random_u32+0x51/0x470
00095  ? llog_test_device_init+0x6e8/0xa20 [llog_test]
00095  ? obd_setup+0x54d/0x950 [obdclass]
00095  ? class_setup+0xc7d/0x10e0 [obdclass]
00095  ? class_process_config+0x2edb/0x7cb0 [obdclass]
00095  ? class_handle_ioctl+0x1f4d/0x3440 [obdclass]
00095  ? obd_class_ioctl+0x1f6/0x3c0 [obdclass]
00095  ? __x64_sys_ioctl+0x961/0xe00
00095  ? _copy_to_user+0x3d/0x60
00095  ? __x64_sys_rt_sigaction+0x107/0x140
00095  ? do_syscall_64+0xc1/0x350
00095  ? entry_SYSCALL_64_after_hwframe+0x4b/0x53
00095  </TASK>
00095 ---[ end trace 0000000000000000 ]---
00098 ------------[ cut here ]------------
00098 WARNING: /home/ktest/git/linux/include/linux/fs.h:889 at osd_create+0x9cf/0xcf0 [osd_wbcfs], CPU#7: lctl/2192
00098 Modules linked in: llog_test(O) mgs(O) osd_wbcfs(O) lustre(O) obdecho(O) mgc(O) mdc(O) lov(O) osc(O) lmv(O) ec(O) fid(O) fld(O) ptlrpc(O) efivarfs obdclass(O) ksocklnd(O) lnet(O) libcfs(O)
00098 CPU: 7 UID: 0 PID: 2192 Comm: lctl Tainted: G        W  O        7.0.0-ktest-8c7e257cb2-7433349-20260707 #1 PREEMPT 
00098 Tainted: [W]=WARN, [O]=OOT_MODULE
00098 Hardware name: QEMU Standard PC (Q35 + ICH9, 2009), BIOS 2025.11-3ubuntu7 03/31/2026
00098 RIP: 0010:osd_create+0x9cf/0xcf0 [osd_wbcfs]
00098 Code: c7 c7 00 76 7e a1 48 c7 c6 a0 02 73 a1 48 c7 c2 00 0c 73 a1 e8 52 c1 43 ff 48 c7 c7 00 76 7e a1 e8 56 51 44 ff e9 fe fc ff ff <0f> 0b e9 a5 fa ff ff 48 c7 c1 80 44 5d a0 80 e1 07 80 c1 03 38 c1
00098 RSP: 0018:ffffc90001a27470 EFLAGS: 00010246
00098 RAX: 0000000000000000 RBX: ffff888180cfd400 RCX: 0000000000000046
00098 RDX: 0000000000000000 RSI: ffff8881bbeea648 RDI: ffff88811daa09c0
00098 RBP: ffff8881bbeea5b8 R08: ffffffff83a16803 R09: 1ffffffff0742d00
00098 R10: dffffc0000000000 R11: fffffbfff0742d01 R12: ffff88817e9ae000
00098 R13: dffffc0000000000 R14: 1ffff1103019fa80 R15: 1ffff1102fd35c0f
00098 FS:  00007f3b84e16940(0000) GS:ffff88831e7ae000(0000) knlGS:0000000000000000
00098 CS:  0010 DS: 0000 ES: 0000 CR0: 0000000080050033
00098 CR2: 00005580e2fdf570 CR3: 0000000104c2c000 CR4: 0000000000750eb0
00098 PKRU: 55555554
00098 Call Trace:
00098  <TASK>
00098  ? local_object_create+0x109/0x640 [obdclass]
00098  ? dt_write_lock+0x16d/0x2a0 [obdclass]
00098  ? llog_osd_create+0x35b/0x1270 [obdclass]
00098  ? llog_create+0x2ed/0x530 [obdclass]
00098  ? llog_cat_new_log+0x6c5/0x2a10 [obdclass]
00098  ? llog_cat_add_rec+0x4fe/0x1960 [obdclass]
00098  ? llog_cat_add_rec+0x6ba/0x1960 [obdclass]
00098  ? llog_cat_add+0x499/0x7a0 [obdclass]
00098  ? llog_test_10+0x98e/0x5540 [llog_test]
00098  ? do_raw_spin_unlock+0x52/0x230
00098  ? _raw_spin_unlock+0x23/0x40
00098  ? __llog_ctxt_put+0x1c4/0x2f0 [obdclass]
00098  ? llog_run_tests+0x3f47/0x5ad0 [llog_test]
00098  ? get_random_u32+0x51/0x470
00098  ? llog_test_device_init+0x6e8/0xa20 [llog_test]
00098  ? obd_setup+0x54d/0x950 [obdclass]
00098  ? class_setup+0xc7d/0x10e0 [obdclass]
00098  ? class_process_config+0x2edb/0x7cb0 [obdclass]
00098  ? class_handle_ioctl+0x1f4d/0x3440 [obdclass]
00098  ? obd_class_ioctl+0x1f6/0x3c0 [obdclass]
00098  ? __x64_sys_ioctl+0x961/0xe00
00098  ? _copy_to_user+0x3d/0x60
00098  ? __x64_sys_rt_sigaction+0x107/0x140
00098  ? do_syscall_64+0xc1/0x350
00098  ? entry_SYSCALL_64_after_hwframe+0x4b/0x53
00098  </TASK>
00098 ---[ end trace 0000000000000000 ]---
00098 Lustre: 2192:0:(llog_test.c:1663:llog_test_10()) 10c: write 64767 more log records
00100 Lustre: 2192:0:(llog_cat.c:80:llog_cat_new_log()) MGS: there are no more free slots in catalog 59dbff5c
00100 LustreError: 2192:0:(llog_cat.c:588:llog_cat_add_rec()) MGS: initialization error: rc = -28
00100 Lustre: 2192:0:(llog_test.c:1689:llog_test_10()) 10c: wrote 64011 records then 756 failed with ENOSPC
00100 Lustre: 2192:0:(llog_test.c:1708:llog_test_10()) 10d: Cancel 64767 records, see one log zapped
00102 Lustre: 2192:0:(llog_test.c:1722:llog_test_10()) 10d: print the catalog entries.. we expect 3
00102 Lustre: 2212:0:(llog_test.c:700:cat_print_cb()) seeing record at index 2 - [0x1:0x19:0x0] in log [0xa:0x5:0x0]
00102 Lustre: 2192:0:(llog_test.c:1752:llog_test_10()) 10e: write 64767 more log records
00102 ------------[ cut here ]------------
00102 WARNING: /home/ktest/git/linux/include/linux/fs.h:889 at osd_create+0x9cf/0xcf0 [osd_wbcfs], CPU#7: lctl/2192
00102 Modules linked in: llog_test(O) mgs(O) osd_wbcfs(O) lustre(O) obdecho(O) mgc(O) mdc(O) lov(O) osc(O) lmv(O) ec(O) fid(O) fld(O) ptlrpc(O) efivarfs obdclass(O) ksocklnd(O) lnet(O) libcfs(O)
00102 CPU: 7 UID: 0 PID: 2192 Comm: lctl Tainted: G        W  O        7.0.0-ktest-8c7e257cb2-7433349-20260707 #1 PREEMPT 
00102 Tainted: [W]=WARN, [O]=OOT_MODULE
00102 Hardware name: QEMU Standard PC (Q35 + ICH9, 2009), BIOS 2025.11-3ubuntu7 03/31/2026
00102 RIP: 0010:osd_create+0x9cf/0xcf0 [osd_wbcfs]
00102 Code: c7 c7 00 76 7e a1 48 c7 c6 a0 02 73 a1 48 c7 c2 00 0c 73 a1 e8 52 c1 43 ff 48 c7 c7 00 76 7e a1 e8 56 51 44 ff e9 fe fc ff ff <0f> 0b e9 a5 fa ff ff 48 c7 c1 80 44 5d a0 80 e1 07 80 c1 03 38 c1
00102 RSP: 0018:ffffc90001a27470 EFLAGS: 00010246
00102 RAX: 0000000000000000 RBX: ffff88811d751400 RCX: 0000000000000046
00102 RDX: 0000000000000000 RSI: ffff8881bbee9f30 RDI: ffff88811daa09c0
00102 RBP: ffff8881bbee9ea0 R08: ffffffff83a16803 R09: 1ffffffff0742d00
00102 R10: dffffc0000000000 R11: fffffbfff0742d01 R12: ffff88817e9ae000
00102 R13: dffffc0000000000 R14: 1ffff11023aea280 R15: 1ffff1102fd35c0f
00102 FS:  00007f3b84e16940(0000) GS:ffff88831e7ae000(0000) knlGS:0000000000000000
00102 CS:  0010 DS: 0000 ES: 0000 CR0: 0000000080050033
00102 CR2: 00005580e2fdf570 CR3: 0000000104c2c000 CR4: 0000000000750eb0
00102 PKRU: 55555554
00102 Call Trace:
00102  <TASK>
00102  ? local_object_create+0x109/0x640 [obdclass]
00102  ? dt_write_lock+0x16d/0x2a0 [obdclass]
00102  ? llog_osd_create+0x35b/0x1270 [obdclass]
00102  ? llog_create+0x2ed/0x530 [obdclass]
00102  ? llog_cat_new_log+0x6c5/0x2a10 [obdclass]
00102  ? llog_cat_add_rec+0x4fe/0x1960 [obdclass]
00102  ? llog_cat_add_rec+0x6ba/0x1960 [obdclass]
00102  ? llog_cat_add+0x499/0x7a0 [obdclass]
00102  ? llog_test_10+0x185a/0x5540 [llog_test]
00102  ? do_raw_spin_unlock+0x52/0x230
00102  ? _raw_spin_unlock+0x23/0x40
00102  ? __llog_ctxt_put+0x1c4/0x2f0 [obdclass]
00102  ? llog_run_tests+0x3f47/0x5ad0 [llog_test]
00102  ? get_random_u32+0x51/0x470
00102  ? llog_test_device_init+0x6e8/0xa20 [llog_test]
00102  ? obd_setup+0x54d/0x950 [obdclass]
00102  ? class_setup+0xc7d/0x10e0 [obdclass]
00102  ? class_process_config+0x2edb/0x7cb0 [obdclass]
00102  ? class_handle_ioctl+0x1f4d/0x3440 [obdclass]
00102  ? obd_class_ioctl+0x1f6/0x3c0 [obdclass]
00102  ? __x64_sys_ioctl+0x961/0xe00
00102  ? _copy_to_user+0x3d/0x60
00102  ? __x64_sys_rt_sigaction+0x107/0x140
00102  ? do_syscall_64+0xc1/0x350
00102  ? entry_SYSCALL_64_after_hwframe+0x4b/0x53
00102  </TASK>
00102 ---[ end trace 0000000000000000 ]---
00105 Lustre: 2192:0:(llog_cat.c:80:llog_cat_new_log()) MGS: there are no more free slots in catalog 59dbff5c
00105 Lustre: 2192:0:(llog_cat.c:80:llog_cat_new_log()) Skipped 755 previous similar messages
00105 LustreError: 2192:0:(llog_cat.c:588:llog_cat_add_rec()) MGS: initialization error: rc = -28
00105 LustreError: 2192:0:(llog_cat.c:588:llog_cat_add_rec()) Skipped 755 previous similar messages
00105 Lustre: 2192:0:(llog_test.c:1778:llog_test_10()) 10e: wrote 64578 records then 189 failed with ENOSPC
00105 Lustre: 2192:0:(llog_test.c:1780:llog_test_10()) 10e: print the catalog entries.. we expect 4
00105 Lustre: 2192:0:(llog_cat.c:977:llog_cat_process_or_fork()) MGS: catlog [0xa:0x5:0x0] crosses index zero
00105 Lustre: 2192:0:(llog_test.c:700:cat_print_cb()) seeing record at index 2 - [0x1:0x19:0x0] in log [0xa:0x5:0x0]
00105 Lustre: 2192:0:(llog_test.c:700:cat_print_cb()) Skipped 2 previous similar messages
00105 Lustre: 2192:0:(llog_test.c:1816:llog_test_10()) 10e: catalog successfully wrap around, last_idx 1, first 1
00105 Lustre: 2192:0:(llog_test.c:1833:llog_test_10()) 10f: Cancel 64767 records, see one log zapped
00107 Lustre: 2192:0:(llog_test.c:1847:llog_test_10()) 10f: print the catalog entries.. we expect 3
00107 Lustre: 2192:0:(llog_cat.c:977:llog_cat_process_or_fork()) MGS: catlog [0xa:0x5:0x0] crosses index zero
00107 Lustre: 2192:0:(llog_cat.c:977:llog_cat_process_or_fork()) Skipped 1 previous similar message
00107 Lustre: 2192:0:(llog_test.c:1878:llog_test_10()) 10f: write 64767 more log records
00107 ------------[ cut here ]------------
00107 WARNING: /home/ktest/git/linux/include/linux/fs.h:889 at osd_create+0x9cf/0xcf0 [osd_wbcfs], CPU#7: lctl/2192
00107 Modules linked in: llog_test(O) mgs(O) osd_wbcfs(O) lustre(O) obdecho(O) mgc(O) mdc(O) lov(O) osc(O) lmv(O) ec(O) fid(O) fld(O) ptlrpc(O) efivarfs obdclass(O) ksocklnd(O) lnet(O) libcfs(O)
00107 CPU: 7 UID: 0 PID: 2192 Comm: lctl Tainted: G        W  O        7.0.0-ktest-8c7e257cb2-7433349-20260707 #1 PREEMPT 
00107 Tainted: [W]=WARN, [O]=OOT_MODULE
00107 Hardware name: QEMU Standard PC (Q35 + ICH9, 2009), BIOS 2025.11-3ubuntu7 03/31/2026
00107 RIP: 0010:osd_create+0x9cf/0xcf0 [osd_wbcfs]
00107 Code: c7 c7 00 76 7e a1 48 c7 c6 a0 02 73 a1 48 c7 c2 00 0c 73 a1 e8 52 c1 43 ff 48 c7 c7 00 76 7e a1 e8 56 51 44 ff e9 fe fc ff ff <0f> 0b e9 a5 fa ff ff 48 c7 c1 80 44 5d a0 80 e1 07 80 c1 03 38 c1
00107 RSP: 0018:ffffc90001a27470 EFLAGS: 00010246
00107 RAX: 0000000000000000 RBX: ffff8881879bd000 RCX: 0000000000000046
00107 RDX: 0000000000000000 RSI: ffff8881bbee9818 RDI: ffff88811daa09c0
00107 RBP: ffff8881bbee9788 R08: ffffffff83a16803 R09: 1ffffffff0742d00
00107 R10: dffffc0000000000 R11: fffffbfff0742d01 R12: ffff88817e9ae000
00107 R13: dffffc0000000000 R14: 1ffff11030f37a00 R15: 1ffff1102fd35c0f
00107 FS:  00007f3b84e16940(0000) GS:ffff88831e7ae000(0000) knlGS:0000000000000000
00107 CS:  0010 DS: 0000 ES: 0000 CR0: 0000000080050033
00107 CR2: 00005580e2fdf570 CR3: 0000000104c2c000 CR4: 0000000000750eb0
00107 PKRU: 55555554
00107 Call Trace:
00107  <TASK>
00107  ? local_object_create+0x109/0x640 [obdclass]
00107  ? dt_write_lock+0x16d/0x2a0 [obdclass]
00107  ? llog_osd_create+0x35b/0x1270 [obdclass]
00107  ? llog_create+0x2ed/0x530 [obdclass]
00107  ? llog_cat_new_log+0x6c5/0x2a10 [obdclass]
00107  ? llog_cat_add_rec+0x4fe/0x1960 [obdclass]
00107  ? llog_cat_add_rec+0x6ba/0x1960 [obdclass]
00107  ? llog_cat_add+0x499/0x7a0 [obdclass]
00107  ? llog_test_10+0x2b7c/0x5540 [llog_test]
00107  ? do_raw_spin_unlock+0x52/0x230
00107  ? _raw_spin_unlock+0x23/0x40
00107  ? __llog_ctxt_put+0x1c4/0x2f0 [obdclass]
00107  ? llog_run_tests+0x3f47/0x5ad0 [llog_test]
00107  ? get_random_u32+0x51/0x470
00107  ? llog_test_device_init+0x6e8/0xa20 [llog_test]
00107  ? obd_setup+0x54d/0x950 [obdclass]
00107  ? class_setup+0xc7d/0x10e0 [obdclass]
00107  ? class_process_config+0x2edb/0x7cb0 [obdclass]
00107  ? class_handle_ioctl+0x1f4d/0x3440 [obdclass]
00107  ? obd_class_ioctl+0x1f6/0x3c0 [obdclass]
00107  ? __x64_sys_ioctl+0x961/0xe00
00107  ? _copy_to_user+0x3d/0x60
00107  ? __x64_sys_rt_sigaction+0x107/0x140
00107  ? do_syscall_64+0xc1/0x350
00107  ? entry_SYSCALL_64_after_hwframe+0x4b/0x53
00107  </TASK>
00107 ---[ end trace 0000000000000000 ]---
00109 Lustre: 2192:0:(llog_cat.c:80:llog_cat_new_log()) MGS: there are no more free slots in catalog 59dbff5c
00109 Lustre: 2192:0:(llog_cat.c:80:llog_cat_new_log()) Skipped 188 previous similar messages
00109 LustreError: 2192:0:(llog_cat.c:588:llog_cat_add_rec()) MGS: initialization error: rc = -28
00109 LustreError: 2192:0:(llog_cat.c:588:llog_cat_add_rec()) Skipped 188 previous similar messages
00109 Lustre: 2192:0:(llog_test.c:1904:llog_test_10()) 10f: wrote 64578 records then 189 failed with ENOSPC
00109 Lustre: 2192:0:(llog_test.c:1950:llog_test_10()) 10g: Cancel 64767 records, see one log zapped
00109 Lustre: 2192:0:(llog_cat.c:977:llog_cat_process_or_fork()) MGS: catlog [0xa:0x5:0x0] crosses index zero
00111 Lustre: 2192:0:(llog_test.c:1962:llog_test_10()) 10g: print the catalog entries.. we expect 3
00111 Lustre: 2192:0:(llog_test.c:700:cat_print_cb()) seeing record at index 4 - [0x1:0x1b:0x0] in log [0xa:0x5:0x0]
00111 Lustre: 2192:0:(llog_test.c:700:cat_print_cb()) Skipped 6 previous similar messages
00111 Lustre: 2192:0:(llog_test.c:1992:llog_test_10()) 10g: Cancel 64767 records, see one log zapped
00113 Lustre: 2192:0:(llog_test.c:2006:llog_test_10()) 10g: print the catalog entries.. we expect 2
00113 Lustre: 2192:0:(llog_test.c:2044:llog_test_10()) 10g: Cancel 64767 records, see one log zapped
00115 Lustre: 2192:0:(llog_test.c:2058:llog_test_10()) 10g: print the catalog entries.. we expect 1
00115 Lustre: 2192:0:(llog_test.c:2084:llog_test_10()) 10g: llh_cat_idx has also successfully wrapped!
00115 Lustre: 2214:0:(llog_test.c:1534:cat_check_old_cb()) seeing record at index 2 - [0x1:0x1d:0x0] in log [0xa:0x5:0x0]
00116 Lustre: 2192:0:(llog_test.c:2108:llog_test_10()) 10h: write 64767 more log records
00116 ------------[ cut here ]------------
00116 WARNING: /home/ktest/git/linux/include/linux/fs.h:889 at osd_create+0x9cf/0xcf0 [osd_wbcfs], CPU#7: lctl/2192
00116 Modules linked in: llog_test(O) mgs(O) osd_wbcfs(O) lustre(O) obdecho(O) mgc(O) mdc(O) lov(O) osc(O) lmv(O) ec(O) fid(O) fld(O) ptlrpc(O) efivarfs obdclass(O) ksocklnd(O) lnet(O) libcfs(O)
00116 CPU: 7 UID: 0 PID: 2192 Comm: lctl Tainted: G        W  O        7.0.0-ktest-8c7e257cb2-7433349-20260707 #1 PREEMPT 
00116 Tainted: [W]=WARN, [O]=OOT_MODULE
00116 Hardware name: QEMU Standard PC (Q35 + ICH9, 2009), BIOS 2025.11-3ubuntu7 03/31/2026
00116 RIP: 0010:osd_create+0x9cf/0xcf0 [osd_wbcfs]
00116 Code: c7 c7 00 76 7e a1 48 c7 c6 a0 02 73 a1 48 c7 c2 00 0c 73 a1 e8 52 c1 43 ff 48 c7 c7 00 76 7e a1 e8 56 51 44 ff e9 fe fc ff ff <0f> 0b e9 a5 fa ff ff 48 c7 c1 80 44 5d a0 80 e1 07 80 c1 03 38 c1
00116 RSP: 0018:ffffc90001a27470 EFLAGS: 00010246
00116 RAX: 0000000000000000 RBX: ffff88807368b800 RCX: 0000000000000046
00116 RDX: 0000000000000000 RSI: ffff8881bbee9100 RDI: ffff88811daa09c0
00116 RBP: ffff8881bbee9070 R08: ffffffff83a16803 R09: 1ffffffff0742d00
00116 R10: dffffc0000000000 R11: fffffbfff0742d01 R12: ffff88817e9ae000
00116 R13: dffffc0000000000 R14: 1ffff1100e6d1700 R15: 1ffff1102fd35c0f
00116 FS:  00007f3b84e16940(0000) GS:ffff88831e7ae000(0000) knlGS:0000000000000000
00116 CS:  0010 DS: 0000 ES: 0000 CR0: 0000000080050033
00116 CR2: 00005580e2fdf570 CR3: 0000000104c2c000 CR4: 0000000000750eb0
00116 PKRU: 55555554
00116 Call Trace:
00116  <TASK>
00116  ? local_object_create+0x109/0x640 [obdclass]
00116  ? dt_write_lock+0x16d/0x2a0 [obdclass]
00116  ? llog_osd_create+0x35b/0x1270 [obdclass]
00116  ? llog_create+0x2ed/0x530 [obdclass]
00116  ? llog_cat_new_log+0x6c5/0x2a10 [obdclass]
00116  ? llog_cat_add_rec+0x4fe/0x1960 [obdclass]
00116  ? llog_cat_add_rec+0x6ba/0x1960 [obdclass]
00116  ? llog_cat_add+0x499/0x7a0 [obdclass]
00116  ? llog_test_10+0x5030/0x5540 [llog_test]
00116  ? llog_test_9_sub+0x800/0x800 [llog_test]
00116  ? llog_run_tests+0x3f47/0x5ad0 [llog_test]
00116  ? get_random_u32+0x51/0x470
00116  ? llog_test_device_init+0x6e8/0xa20 [llog_test]
00116  ? obd_setup+0x54d/0x950 [obdclass]
00116  ? class_setup+0xc7d/0x10e0 [obdclass]
00116  ? class_process_config+0x2edb/0x7cb0 [obdclass]
00116  ? class_handle_ioctl+0x1f4d/0x3440 [obdclass]
00116  ? obd_class_ioctl+0x1f6/0x3c0 [obdclass]
00116  ? __x64_sys_ioctl+0x961/0xe00
00116  ? _copy_to_user+0x3d/0x60
00116  ? __x64_sys_rt_sigaction+0x107/0x140
00116  ? do_syscall_64+0xc1/0x350
00116  ? entry_SYSCALL_64_after_hwframe+0x4b/0x53
00116  </TASK>
00116 ---[ end trace 0000000000000000 ]---
00116 LustreError: 2192:0:(llog_osd.c:684:llog_osd_write_rec()) cfs_race id 1317 sleeping
00116 LustreError: 2214:0:(llog.c:685:llog_process_thread()) cfs_fail_race id 1317 waking
00116 LustreError: 2192:0:(llog_osd.c:684:llog_osd_write_rec()) cfs_fail_race id 1317 awake: rc=448
00117 LustreError: 2214:0:(llog.c:685:llog_process_thread()) cfs_fail_race id 1317 waking
00117 Lustre: 2214:0:(llog_test.c:1534:cat_check_old_cb()) seeing record at index 3 - [0x1:0x1e:0x0] in log [0xa:0x5:0x0]
00120 ------------[ cut here ]------------
00120 WARNING: /home/ktest/git/linux/include/linux/fs.h:889 at osd_create+0x9cf/0xcf0 [osd_wbcfs], CPU#7: lctl/2192
00120 Modules linked in: llog_test(O) mgs(O) osd_wbcfs(O) lustre(O) obdecho(O) mgc(O) mdc(O) lov(O) osc(O) lmv(O) ec(O) fid(O) fld(O) ptlrpc(O) efivarfs obdclass(O) ksocklnd(O) lnet(O) libcfs(O)
00120 CPU: 7 UID: 0 PID: 2192 Comm: lctl Tainted: G        W  O        7.0.0-ktest-8c7e257cb2-7433349-20260707 #1 PREEMPT 
00120 Tainted: [W]=WARN, [O]=OOT_MODULE
00120 Hardware name: QEMU Standard PC (Q35 + ICH9, 2009), BIOS 2025.11-3ubuntu7 03/31/2026
00120 RIP: 0010:osd_create+0x9cf/0xcf0 [osd_wbcfs]
00120 Code: c7 c7 00 76 7e a1 48 c7 c6 a0 02 73 a1 48 c7 c2 00 0c 73 a1 e8 52 c1 43 ff 48 c7 c7 00 76 7e a1 e8 56 51 44 ff e9 fe fc ff ff <0f> 0b e9 a5 fa ff ff 48 c7 c1 80 44 5d a0 80 e1 07 80 c1 03 38 c1
00120 RSP: 0018:ffffc90001a27470 EFLAGS: 00010246
00120 RAX: 0000000000000000 RBX: ffff8880125e4800 RCX: 0000000000000046
00120 RDX: 0000000000000000 RSI: ffff8881bbee89e8 RDI: ffff88811daa09c0
00120 RBP: ffff8881bbee8958 R08: ffffffff83a16803 R09: 1ffffffff0742d00
00120 R10: dffffc0000000000 R11: fffffbfff0742d01 R12: ffff88817e9ae000
00120 R13: dffffc0000000000 R14: 1ffff110024bc900 R15: 1ffff1102fd35c0f
00120 FS:  00007f3b84e16940(0000) GS:ffff88831e7ae000(0000) knlGS:0000000000000000
00120 CS:  0010 DS: 0000 ES: 0000 CR0: 0000000080050033
00120 CR2: 00005580e2fdf570 CR3: 0000000104c2c000 CR4: 0000000000750eb0
00120 PKRU: 55555554
00120 Call Trace:
00120  <TASK>
00120  ? local_object_create+0x109/0x640 [obdclass]
00120  ? dt_write_lock+0x16d/0x2a0 [obdclass]
00120  ? llog_osd_create+0x35b/0x1270 [obdclass]
00120  ? llog_create+0x2ed/0x530 [obdclass]
00120  ? llog_cat_new_log+0x6c5/0x2a10 [obdclass]
00120  ? llog_cat_add_rec+0x4fe/0x1960 [obdclass]
00120  ? llog_cat_add_rec+0x6ba/0x1960 [obdclass]
00120  ? llog_cat_add+0x499/0x7a0 [obdclass]
00120  ? llog_test_10+0x5030/0x5540 [llog_test]
00120  ? llog_test_9_sub+0x800/0x800 [llog_test]
00120  ? llog_run_tests+0x3f47/0x5ad0 [llog_test]
00120  ? get_random_u32+0x51/0x470
00120  ? llog_test_device_init+0x6e8/0xa20 [llog_test]
00120  ? obd_setup+0x54d/0x950 [obdclass]
00120  ? class_setup+0xc7d/0x10e0 [obdclass]
00120  ? class_process_config+0x2edb/0x7cb0 [obdclass]
00120  ? class_handle_ioctl+0x1f4d/0x3440 [obdclass]
00120  ? obd_class_ioctl+0x1f6/0x3c0 [obdclass]
00120  ? __x64_sys_ioctl+0x961/0xe00
00120  ? _copy_to_user+0x3d/0x60
00120  ? __x64_sys_rt_sigaction+0x107/0x140
00120  ? do_syscall_64+0xc1/0x350
00120  ? entry_SYSCALL_64_after_hwframe+0x4b/0x53
00120  </TASK>
00120 ---[ end trace 0000000000000000 ]---
00120 LustreError: 2192:0:(llog_osd.c:684:llog_osd_write_rec()) cfs_fail_race id 1317 waking
00121 Lustre: 2192:0:(llog_test.c:2134:llog_test_10()) 10h: wrote 64767 records then 0 failed with ENOSPC
00121 Lustre: 2192:0:(llog_test.c:2147:llog_test_10()) 10: put newly-created catalog
00121 Lustre: 2192:0:(llog_test.c:2177:llog_test_11()) 11: create a plain nameless log
00121 ------------[ cut here ]------------
00121 WARNING: /home/ktest/git/linux/include/linux/fs.h:889 at osd_create+0x9cf/0xcf0 [osd_wbcfs], CPU#7: lctl/2192
00121 Modules linked in: llog_test(O) mgs(O) osd_wbcfs(O) lustre(O) obdecho(O) mgc(O) mdc(O) lov(O) osc(O) lmv(O) ec(O) fid(O) fld(O) ptlrpc(O) efivarfs obdclass(O) ksocklnd(O) lnet(O) libcfs(O)
00121 CPU: 7 UID: 0 PID: 2192 Comm: lctl Tainted: G        W  O        7.0.0-ktest-8c7e257cb2-7433349-20260707 #1 PREEMPT 
00121 Tainted: [W]=WARN, [O]=OOT_MODULE
00121 Hardware name: QEMU Standard PC (Q35 + ICH9, 2009), BIOS 2025.11-3ubuntu7 03/31/2026
00121 RIP: 0010:osd_create+0x9cf/0xcf0 [osd_wbcfs]
00121 Code: c7 c7 00 76 7e a1 48 c7 c6 a0 02 73 a1 48 c7 c2 00 0c 73 a1 e8 52 c1 43 ff 48 c7 c7 00 76 7e a1 e8 56 51 44 ff e9 fe fc ff ff <0f> 0b e9 a5 fa ff ff 48 c7 c1 80 44 5d a0 80 e1 07 80 c1 03 38 c1
00121 RSP: 0018:ffffc90001a27678 EFLAGS: 00010246
00121 RAX: 0000000000000000 RBX: ffff888033b94400 RCX: 0000000000000046
00121 RDX: 0000000000000000 RSI: ffff8881bbee82d0 RDI: ffff88811daa0998
00121 RBP: ffff8881bbee8240 R08: ffffffff83a16803 R09: 1ffffffff0742d00
00121 R10: dffffc0000000000 R11: fffffbfff0742d01 R12: ffff88817e9ae000
00121 R13: dffffc0000000000 R14: 1ffff11006772880 R15: 1ffff1102fd35c0f
00121 FS:  00007f3b84e16940(0000) GS:ffff88831e7ae000(0000) knlGS:0000000000000000
00121 CS:  0010 DS: 0000 ES: 0000 CR0: 0000000080050033
00121 CR2: 00005580e2fdf570 CR3: 0000000104c2c000 CR4: 0000000000750eb0
00121 PKRU: 55555554
00121 Call Trace:
00121  <TASK>
00121  ? local_object_create+0x109/0x640 [obdclass]
00121  ? dt_write_lock+0x16d/0x2a0 [obdclass]
00121  ? llog_osd_create+0x35b/0x1270 [obdclass]
00121  ? llog_create+0x2ed/0x530 [obdclass]
00121  ? llog_open_create+0x6e7/0xb30 [obdclass]
00121  ? llog_test_11+0x2a4/0x1130 [llog_test]
00121  ? llog_test_9_sub+0x800/0x800 [llog_test]
00121  ? llog_run_tests+0x41b8/0x5ad0 [llog_test]
00121  ? get_random_u32+0x51/0x470
00121  ? llog_test_device_init+0x6e8/0xa20 [llog_test]
00121  ? obd_setup+0x54d/0x950 [obdclass]
00121  ? class_setup+0xc7d/0x10e0 [obdclass]
00121  ? class_process_config+0x2edb/0x7cb0 [obdclass]
00121  ? class_handle_ioctl+0x1f4d/0x3440 [obdclass]
00121  ? obd_class_ioctl+0x1f6/0x3c0 [obdclass]
00121  ? __x64_sys_ioctl+0x961/0xe00
00121  ? _copy_to_user+0x3d/0x60
00121  ? __x64_sys_rt_sigaction+0x107/0x140
00121  ? do_syscall_64+0xc1/0x350
00121  ? entry_SYSCALL_64_after_hwframe+0x4b/0x53
00121  </TASK>
00121 ---[ end trace 0000000000000000 ]---
00121 Lustre: 2192:0:(llog_test.c:2202:llog_test_11()) 11: size 8216 in 0 blocks after 1 rec
00121 Lustre: 2192:0:(llog_test.c:2204:llog_test_11()) 11: add few records
00121 Lustre: 2192:0:(llog_test.c:2221:llog_test_11()) 11: size 10616 in 0 blocks with few recs
00121 lctl (2192): drop_caches: 3
00121 Lustre: 2192:0:(llog_test.c:2247:llog_test_11()) 11: re-open the log by LOGID and verify llh_count
00121 Lustre: 2192:0:(llog_test.c:2262:llog_test_11()) 11: size 10616 in 0 blocks after re-open
00121 Lustre: 2192:0:(llog_test.c:2352:llog_test_12()) 12: create a catalog log with name: 59dbff5d
00121 ------------[ cut here ]------------
00121 WARNING: /home/ktest/git/linux/include/linux/fs.h:889 at osd_create+0x9cf/0xcf0 [osd_wbcfs], CPU#7: lctl/2192
00121 Modules linked in: llog_test(O) mgs(O) osd_wbcfs(O) lustre(O) obdecho(O) mgc(O) mdc(O) lov(O) osc(O) lmv(O) ec(O) fid(O) fld(O) ptlrpc(O) efivarfs obdclass(O) ksocklnd(O) lnet(O) libcfs(O)
00121 CPU: 7 UID: 0 PID: 2192 Comm: lctl Tainted: G        W  O        7.0.0-ktest-8c7e257cb2-7433349-20260707 #1 PREEMPT 
00121 Tainted: [W]=WARN, [O]=OOT_MODULE
00121 Hardware name: QEMU Standard PC (Q35 + ICH9, 2009), BIOS 2025.11-3ubuntu7 03/31/2026
00121 RIP: 0010:osd_create+0x9cf/0xcf0 [osd_wbcfs]
00121 Code: c7 c7 00 76 7e a1 48 c7 c6 a0 02 73 a1 48 c7 c2 00 0c 73 a1 e8 52 c1 43 ff 48 c7 c7 00 76 7e a1 e8 56 51 44 ff e9 fe fc ff ff <0f> 0b e9 a5 fa ff ff 48 c7 c1 80 44 5d a0 80 e1 07 80 c1 03 38 c1
00121 RSP: 0018:ffffc90001a27650 EFLAGS: 00010246
00121 RAX: 0000000000000000 RBX: ffff888033b96c00 RCX: 0000000000000046
00121 RDX: 0000000000000000 RSI: ffff8881bb772648 RDI: ffff88811daa0998
00121 RBP: ffff8881bb7725b8 R08: ffffffff83a16803 R09: 1ffffffff0742d00
00121 R10: dffffc0000000000 R11: fffffbfff0742d01 R12: ffff88817e9ae000
00121 R13: dffffc0000000000 R14: 1ffff11006772d80 R15: 1ffff1102fd35c0f
00121 FS:  00007f3b84e16940(0000) GS:ffff88831e7ae000(0000) knlGS:0000000000000000
00121 CS:  0010 DS: 0000 ES: 0000 CR0: 0000000080050033
00121 CR2: 00005580e2fdf570 CR3: 0000000104c2c000 CR4: 0000000000750eb0
00121 PKRU: 55555554
00121 Call Trace:
00121  <TASK>
00121  ? local_object_create+0x109/0x640 [obdclass]
00121  ? dt_write_lock+0x16d/0x2a0 [obdclass]
00121  ? llog_osd_create+0x35b/0x1270 [obdclass]
00121  ? llog_create+0x2ed/0x530 [obdclass]
00121  ? llog_open_create+0x6e7/0xb30 [obdclass]
00121  ? llog_test_12+0x402/0x2d90 [llog_test]
00121  ? llog_test_11+0xc14/0x1130 [llog_test]
00121  ? llog_run_tests+0x443a/0x5ad0 [llog_test]
00121  ? get_random_u32+0x51/0x470
00121  ? llog_test_device_init+0x6e8/0xa20 [llog_test]
00121  ? obd_setup+0x54d/0x950 [obdclass]
00121  ? class_setup+0xc7d/0x10e0 [obdclass]
00121  ? class_process_config+0x2edb/0x7cb0 [obdclass]
00121  ? class_handle_ioctl+0x1f4d/0x3440 [obdclass]
00121  ? obd_class_ioctl+0x1f6/0x3c0 [obdclass]
00121  ? __x64_sys_ioctl+0x961/0xe00
00121  ? _copy_to_user+0x3d/0x60
00121  ? __x64_sys_rt_sigaction+0x107/0x140
00121  ? do_syscall_64+0xc1/0x350
00121  ? entry_SYSCALL_64_after_hwframe+0x4b/0x53
00121  </TASK>
00121 ---[ end trace 0000000000000000 ]---
00121 ------------[ cut here ]------------
00121 WARNING: /home/ktest/git/linux/include/linux/fs.h:889 at osd_create+0x9cf/0xcf0 [osd_wbcfs], CPU#7: lctl/2192
00121 Modules linked in: llog_test(O) mgs(O) osd_wbcfs(O) lustre(O) obdecho(O) mgc(O) mdc(O) lov(O) osc(O) lmv(O) ec(O) fid(O) fld(O) ptlrpc(O) efivarfs obdclass(O) ksocklnd(O) lnet(O) libcfs(O)
00121 CPU: 7 UID: 0 PID: 2192 Comm: lctl Tainted: G        W  O        7.0.0-ktest-8c7e257cb2-7433349-20260707 #1 PREEMPT 
00121 Tainted: [W]=WARN, [O]=OOT_MODULE
00121 Hardware name: QEMU Standard PC (Q35 + ICH9, 2009), BIOS 2025.11-3ubuntu7 03/31/2026
00121 RIP: 0010:osd_create+0x9cf/0xcf0 [osd_wbcfs]
00121 Code: c7 c7 00 76 7e a1 48 c7 c6 a0 02 73 a1 48 c7 c2 00 0c 73 a1 e8 52 c1 43 ff 48 c7 c7 00 76 7e a1 e8 56 51 44 ff e9 fe fc ff ff <0f> 0b e9 a5 fa ff ff 48 c7 c1 80 44 5d a0 80 e1 07 80 c1 03 38 c1
00121 RSP: 0018:ffffc90001a274f0 EFLAGS: 00010246
00121 RAX: 0000000000000000 RBX: ffff888033b96400 RCX: 0000000000000046
00121 RDX: 0000000000000000 RSI: ffff8881bb771f30 RDI: ffff88811daa09c0
00121 RBP: ffff8881bb771ea0 R08: ffffffff83a16803 R09: 1ffffffff0742d00
00121 R10: dffffc0000000000 R11: fffffbfff0742d01 R12: ffff88817e9ae000
00121 R13: dffffc0000000000 R14: 1ffff11006772c80 R15: 1ffff1102fd35c0f
00121 FS:  00007f3b84e16940(0000) GS:ffff88831e7ae000(0000) knlGS:0000000000000000
00121 CS:  0010 DS: 0000 ES: 0000 CR0: 0000000080050033
00121 CR2: 00005580e2fdf570 CR3: 0000000104c2c000 CR4: 0000000000750eb0
00121 PKRU: 55555554
00121 Call Trace:
00121  <TASK>
00121  ? local_object_create+0x109/0x640 [obdclass]
00121  ? dt_write_lock+0x16d/0x2a0 [obdclass]
00121  ? llog_osd_create+0x35b/0x1270 [obdclass]
00121  ? llog_create+0x2ed/0x530 [obdclass]
00121  ? llog_cat_new_log+0x6c5/0x2a10 [obdclass]
00121  ? llog_cat_add_rec+0x4fe/0x1960 [obdclass]
00121  ? llog_cat_add_rec+0x6ba/0x1960 [obdclass]
00121  ? llog_cat_add+0x499/0x7a0 [obdclass]
00121  ? llog_test_12+0x683/0x2d90 [llog_test]
00121  ? llog_test_11+0xc14/0x1130 [llog_test]
00121  ? llog_run_tests+0x443a/0x5ad0 [llog_test]
00121  ? get_random_u32+0x51/0x470
00121  ? llog_test_device_init+0x6e8/0xa20 [llog_test]
00121  ? obd_setup+0x54d/0x950 [obdclass]
00121  ? class_setup+0xc7d/0x10e0 [obdclass]
00121  ? class_process_config+0x2edb/0x7cb0 [obdclass]
00121  ? class_handle_ioctl+0x1f4d/0x3440 [obdclass]
00121  ? obd_class_ioctl+0x1f6/0x3c0 [obdclass]
00121  ? __x64_sys_ioctl+0x961/0xe00
00121  ? _copy_to_user+0x3d/0x60
00121  ? __x64_sys_rt_sigaction+0x107/0x140
00121  ? do_syscall_64+0xc1/0x350
00121  ? entry_SYSCALL_64_after_hwframe+0x4b/0x53
00121  </TASK>
00121 ---[ end trace 0000000000000000 ]---
00121 Lustre: 12: truncate 24 bytes
00121 Lustre: 12: re-open and process the catalog
00121 LustreError: 2192:0:(llog_osd.c:1247:llog_osd_next_block()) MGS0000-osd: invalid llog tail at log id [0xa:0x6:0x0] offset 8232 last_rec idx 8704 tail idx 275010875 lrt len 1 read_size 40
00121 LustreError: 2192:0:(llog.c:881:llog_process_thread()) MGS: local llog is corrupted [0xa:0x6:0x0] catalog index 1 count 2
00121 Lustre: 12: try to add to the catalog
00121 ------------[ cut here ]------------
00121 WARNING: /home/ktest/git/linux/include/linux/fs.h:889 at osd_create+0x9cf/0xcf0 [osd_wbcfs], CPU#7: lctl/2192
00121 Modules linked in: llog_test(O) mgs(O) osd_wbcfs(O) lustre(O) obdecho(O) mgc(O) mdc(O) lov(O) osc(O) lmv(O) ec(O) fid(O) fld(O) ptlrpc(O) efivarfs obdclass(O) ksocklnd(O) lnet(O) libcfs(O)
00121 CPU: 7 UID: 0 PID: 2192 Comm: lctl Tainted: G        W  O        7.0.0-ktest-8c7e257cb2-7433349-20260707 #1 PREEMPT 
00121 Tainted: [W]=WARN, [O]=OOT_MODULE
00121 Hardware name: QEMU Standard PC (Q35 + ICH9, 2009), BIOS 2025.11-3ubuntu7 03/31/2026
00121 RIP: 0010:osd_create+0x9cf/0xcf0 [osd_wbcfs]
00121 Code: c7 c7 00 76 7e a1 48 c7 c6 a0 02 73 a1 48 c7 c2 00 0c 73 a1 e8 52 c1 43 ff 48 c7 c7 00 76 7e a1 e8 56 51 44 ff e9 fe fc ff ff <0f> 0b e9 a5 fa ff ff 48 c7 c1 80 44 5d a0 80 e1 07 80 c1 03 38 c1
00121 RSP: 0018:ffffc90001a274f0 EFLAGS: 00010246
00121 RAX: 0000000000000000 RBX: ffff88813d789000 RCX: 0000000000000046
00121 RDX: 0000000000000000 RSI: ffff8881bb771818 RDI: ffff88811daa09c0
00121 RBP: ffff8881bb771788 R08: ffffffff83a16803 R09: 1ffffffff0742d00
00121 R10: dffffc0000000000 R11: fffffbfff0742d01 R12: ffff88817e9ae000
00121 R13: dffffc0000000000 R14: 1ffff11027af1200 R15: 1ffff1102fd35c0f
00121 FS:  00007f3b84e16940(0000) GS:ffff88831e7ae000(0000) knlGS:0000000000000000
00121 CS:  0010 DS: 0000 ES: 0000 CR0: 0000000080050033
00121 CR2: 00005580e2fdf570 CR3: 0000000104c2c000 CR4: 0000000000750eb0
00121 PKRU: 55555554
00121 Call Trace:
00121  <TASK>
00121  ? local_object_create+0x109/0x640 [obdclass]
00121  ? dt_write_lock+0x16d/0x2a0 [obdclass]
00121  ? llog_osd_create+0x35b/0x1270 [obdclass]
00121  ? llog_create+0x2ed/0x530 [obdclass]
00121  ? llog_cat_new_log+0x6c5/0x2a10 [obdclass]
00121  ? llog_cat_add_rec+0x4fe/0x1960 [obdclass]
00121  ? llog_cat_add_rec+0x6ba/0x1960 [obdclass]
00121  ? llog_cat_add+0x499/0x7a0 [obdclass]
00121  ? llog_test_12+0x1471/0x2d90 [llog_test]
00121  ? llog_run_tests+0x443a/0x5ad0 [llog_test]
00121  ? get_random_u32+0x51/0x470
00121  ? llog_test_device_init+0x6e8/0xa20 [llog_test]
00121  ? obd_setup+0x54d/0x950 [obdclass]
00121  ? class_setup+0xc7d/0x10e0 [obdclass]
00121  ? class_process_config+0x2edb/0x7cb0 [obdclass]
00121  ? class_handle_ioctl+0x1f4d/0x3440 [obdclass]
00121  ? obd_class_ioctl+0x1f6/0x3c0 [obdclass]
00121  ? __x64_sys_ioctl+0x961/0xe00
00121  ? _copy_to_user+0x3d/0x60
00121  ? __x64_sys_rt_sigaction+0x107/0x140
00121  ? do_syscall_64+0xc1/0x350
00121  ? entry_SYSCALL_64_after_hwframe+0x4b/0x53
00121  </TASK>
00121 ---[ end trace 0000000000000000 ]---
00121 LustreError: 2192:0:(llog_osd.c:1230:llog_osd_next_block()) MGS0000-osd: invalid llog tail at log id [0x6:0xa:0x0]:0 offset 8297 tail idx 603979776 lrt len 1074261 read_size 105
00121 ------------[ cut here ]------------
00121 WARNING: /home/ktest/git/linux/include/linux/fs.h:889 at osd_create+0x9cf/0xcf0 [osd_wbcfs], CPU#7: lctl/2192
00121 Modules linked in: llog_test(O) mgs(O) osd_wbcfs(O) lustre(O) obdecho(O) mgc(O) mdc(O) lov(O) osc(O) lmv(O) ec(O) fid(O) fld(O) ptlrpc(O) efivarfs obdclass(O) ksocklnd(O) lnet(O) libcfs(O)
00121 CPU: 7 UID: 0 PID: 2192 Comm: lctl Tainted: G        W  O        7.0.0-ktest-8c7e257cb2-7433349-20260707 #1 PREEMPT 
00121 Tainted: [W]=WARN, [O]=OOT_MODULE
00121 Hardware name: QEMU Standard PC (Q35 + ICH9, 2009), BIOS 2025.11-3ubuntu7 03/31/2026
00121 RIP: 0010:osd_create+0x9cf/0xcf0 [osd_wbcfs]
00121 Code: c7 c7 00 76 7e a1 48 c7 c6 a0 02 73 a1 48 c7 c2 00 0c 73 a1 e8 52 c1 43 ff 48 c7 c7 00 76 7e a1 e8 56 51 44 ff e9 fe fc ff ff <0f> 0b e9 a5 fa ff ff 48 c7 c1 80 44 5d a0 80 e1 07 80 c1 03 38 c1
00121 RSP: 0018:ffffc90001a274f0 EFLAGS: 00010246
00121 RAX: 0000000000000000 RBX: ffff8881ba1f8c00 RCX: 0000000000000046
00121 RDX: 0000000000000000 RSI: ffff8881bb771100 RDI: ffff88811daa09c0
00121 RBP: ffff8881bb771070 R08: ffffffff83a16803 R09: 1ffffffff0742d00
00121 R10: dffffc0000000000 R11: fffffbfff0742d01 R12: ffff88817e9ae000
00121 R13: dffffc0000000000 R14: 1ffff1103743f180 R15: 1ffff1102fd35c0f
00121 FS:  00007f3b84e16940(0000) GS:ffff88831e7ae000(0000) knlGS:0000000000000000
00121 CS:  0010 DS: 0000 ES: 0000 CR0: 0000000080050033
00121 CR2: 00005580e2fdf570 CR3: 0000000104c2c000 CR4: 0000000000750eb0
00121 PKRU: 55555554
00121 Call Trace:
00121  <TASK>
00121  ? local_object_create+0x109/0x640 [obdclass]
00121  ? dt_write_lock+0x16d/0x2a0 [obdclass]
00121  ? llog_osd_create+0x35b/0x1270 [obdclass]
00121  ? llog_create+0x2ed/0x530 [obdclass]
00121  ? llog_cat_new_log+0x6c5/0x2a10 [obdclass]
00121  ? llog_cat_add_rec+0x4fe/0x1960 [obdclass]
00121  ? llog_cat_add_rec+0x6ba/0x1960 [obdclass]
00121  ? llog_cat_add+0x499/0x7a0 [obdclass]
00121  ? llog_test_12+0x1471/0x2d90 [llog_test]
00121  ? llog_run_tests+0x443a/0x5ad0 [llog_test]
00121  ? get_random_u32+0x51/0x470
00121  ? llog_test_device_init+0x6e8/0xa20 [llog_test]
00121  ? obd_setup+0x54d/0x950 [obdclass]
00121  ? class_setup+0xc7d/0x10e0 [obdclass]
00121  ? class_process_config+0x2edb/0x7cb0 [obdclass]
00121  ? class_handle_ioctl+0x1f4d/0x3440 [obdclass]
00121  ? obd_class_ioctl+0x1f6/0x3c0 [obdclass]
00121  ? __x64_sys_ioctl+0x961/0xe00
00121  ? _copy_to_user+0x3d/0x60
00121  ? __x64_sys_rt_sigaction+0x107/0x140
00121  ? do_syscall_64+0xc1/0x350
00121  ? entry_SYSCALL_64_after_hwframe+0x4b/0x53
00121  </TASK>
00121 ---[ end trace 0000000000000000 ]---
00121 ==================================================================
00121 BUG: KASAN: slab-out-of-bounds in llog_osd_next_block+0x1368/0x3080 [obdclass]
00121 Read of size 4 at addr ffff8881b9fd3036 by task lctl/2192
00121 
00121 CPU: 7 UID: 0 PID: 2192 Comm: lctl Tainted: G        W  O        7.0.0-ktest-8c7e257cb2-7433349-20260707 #1 PREEMPT 
00121 Tainted: [W]=WARN, [O]=OOT_MODULE
00121 Hardware name: QEMU Standard PC (Q35 + ICH9, 2009), BIOS 2025.11-3ubuntu7 03/31/2026
00121 Call Trace:
00121  <TASK>
00121  dump_stack_lvl+0x52/0x80
00121  print_report+0xbc/0x260
00121  ? llog_osd_next_block+0x1368/0x3080 [obdclass]
00121  kasan_report+0xa2/0xd0
00121  ? llog_osd_next_block+0x1368/0x3080 [obdclass]
00121  llog_osd_next_block+0x1368/0x3080 [obdclass]
00121  llog_process_thread+0xdd7/0x4f70 [obdclass]
00121  ? entry_SYSCALL_64_after_hwframe+0x4b/0x53
00121  ? task_work_add+0x177/0x210
00121  llog_process_or_fork+0x656/0xc90 [obdclass]
00121  ? llog_cat_process+0x30/0x30 [obdclass]
00121  llog_cat_process_or_fork+0x780/0xdb0 [obdclass]
00121  ? llog_cat_process+0x30/0x30 [obdclass]
00121  ? llog_cancel_rec_cb+0x450/0x450 [llog_test]
00121  llog_cat_process+0x24/0x30 [obdclass]
00121  llog_test_12+0x13ee/0x2d90 [llog_test]
00121  llog_run_tests+0x443a/0x5ad0 [llog_test]
00121  ? get_random_u32+0x51/0x470
00121  llog_test_device_init+0x6e8/0xa20 [llog_test]
00121  obd_setup+0x54d/0x950 [obdclass]
00121  class_setup+0xc7d/0x10e0 [obdclass]
00121  class_process_config+0x2edb/0x7cb0 [obdclass]
00121  class_handle_ioctl+0x1f4d/0x3440 [obdclass]
00121  obd_class_ioctl+0x1f6/0x3c0 [obdclass]
00121  __x64_sys_ioctl+0x961/0xe00
00121  ? _copy_to_user+0x3d/0x60
00121  ? __x64_sys_rt_sigaction+0x107/0x140
00121  do_syscall_64+0xc1/0x350
00121  entry_SYSCALL_64_after_hwframe+0x4b/0x53
00121 RIP: 0033:0x7f3b84d24e1d
00121 Code: 04 25 28 00 00 00 48 89 45 c8 31 c0 48 8d 45 10 c7 45 b0 10 00 00 00 48 89 45 b8 48 8d 45 d0 48 89 45 c0 b8 10 00 00 00 0f 05 <89> c2 3d 00 f0 ff ff 77 1a 48 8b 45 c8 64 48 2b 04 25 28 00 00 00
00121 RSP: 002b:00007ffd7b4ecb80 EFLAGS: 00000246 ORIG_RAX: 0000000000000010
00121 RAX: ffffffffffffffda RBX: 00007f3b84f411f0 RCX: 00007f3b84d24e1d
00121 RDX: 00007ffd7b4ece60 RSI: 00000000c00866b8 RDI: 0000000000000003
00121 RBP: 00007ffd7b4ecbd0 R08: 00007ffd7b4ecc20 R09: 00007ffd7b4ece60
00121 R10: 0000560facfa1910 R11: 0000000000000246 R12: 00007ffd7b4ece60
00121 R13: 0000560f78f00822 R14: 0000000000000000 R15: 00007ffd7b4eeee0
00121  </TASK>
00121 
00121 Allocated by task 2192:
00121  kasan_save_track+0x2f/0x60
00121  __kasan_kmalloc+0x72/0x80
00121  __kmalloc_noprof+0x1cd/0x4a0
00121  llog_process_thread+0x3db/0x4f70 [obdclass]
00121  llog_process_or_fork+0x656/0xc90 [obdclass]
00121  llog_cat_process_or_fork+0x780/0xdb0 [obdclass]
00121  llog_cat_process+0x24/0x30 [obdclass]
00121  llog_test_12+0x13ee/0x2d90 [llog_test]
00121  llog_run_tests+0x443a/0x5ad0 [llog_test]
00121  llog_test_device_init+0x6e8/0xa20 [llog_test]
00121  obd_setup+0x54d/0x950 [obdclass]
00121  class_setup+0xc7d/0x10e0 [obdclass]
00121  class_process_config+0x2edb/0x7cb0 [obdclass]
00121  class_handle_ioctl+0x1f4d/0x3440 [obdclass]
00121  obd_class_ioctl+0x1f6/0x3c0 [obdclass]
00121  __x64_sys_ioctl+0x961/0xe00
00121  do_syscall_64+0xc1/0x350
00121  entry_SYSCALL_64_after_hwframe+0x4b/0x53
00121 
00121 Freed by task 2192:
00121  kasan_save_track+0x2f/0x60
00121  kasan_save_free_info+0x40/0x50
00121  __kasan_slab_free+0x3a/0x60
00121  kfree+0x1b5/0x530
00121  llog_process_thread+0x41cd/0x4f70 [obdclass]
00121  llog_process_or_fork+0x656/0xc90 [obdclass]
00121  llog_cat_process_or_fork+0x780/0xdb0 [obdclass]
00121  llog_cat_process+0x24/0x30 [obdclass]
00121  llog_test_12+0x13ee/0x2d90 [llog_test]
00121  llog_run_tests+0x443a/0x5ad0 [llog_test]
00121  llog_test_device_init+0x6e8/0xa20 [llog_test]
00121  obd_setup+0x54d/0x950 [obdclass]
00121  class_setup+0xc7d/0x10e0 [obdclass]
00121  class_process_config+0x2edb/0x7cb0 [obdclass]
00121  class_handle_ioctl+0x1f4d/0x3440 [obdclass]
00121  obd_class_ioctl+0x1f6/0x3c0 [obdclass]
00121  __x64_sys_ioctl+0x961/0xe00
00121  do_syscall_64+0xc1/0x350
00121  entry_SYSCALL_64_after_hwframe+0x4b/0x53
00121 
00121 The buggy address belongs to the object at ffff8881b9fd0000
00121  which belongs to the cache kmalloc-8k of size 8192
00121 The buggy address is located 4150 bytes to the right of
00121  allocated 8192-byte region [ffff8881b9fd0000, ffff8881b9fd2000)
00121 
00121 The buggy address belongs to the physical page:
00121 page: refcount:0 mapcount:0 mapping:0000000000000000 index:0x0 pfn:0x1b9fd0
00121 head: order:3 mapcount:0 entire_mapcount:0 nr_pages_mapped:0 pincount:0
00121 flags: 0x8000000000000040(head|zone=2)
00121 page_type: f5(slab)
00121 raw: 8000000000000040 ffff888100042e00 dead000000000100 dead000000000122
00121 raw: 0000000000000000 0000400000020002 00000000f5000000 ffff8881b9fd2010
00121 head: 8000000000000040 ffff888100042e00 dead000000000100 dead000000000122
00121 head: 0000000000000000 0000400000020002 00000000f5000000 ffff8881b9fd2010
00121 head: 8000000000000003 ffffea0006e7f401 00000000ffffffff 00000000ffffffff
00121 head: ffffffffffffffff 0000000000000000 00000000ffffffff 0000000000000008
00121 page dumped because: kasan: bad access detected
00121 
00121 Memory state around the buggy address:
00121  ffff8881b9fd2f00: fc fc fc fc fc fc fc fc fc fc fc fc fc fc fc fc
00121  ffff8881b9fd2f80: fc fc fc fc fc fc fc fc fc fc fc fc fc fc fc fc
00121 >ffff8881b9fd3000: fc fc fc fc fc fc fc fc fc fc fc fc fc fc fc fc
00121                                      ^
00121  ffff8881b9fd3080: fc fc fc fc fc fc fc fc fc fc fc fc fc fc fc fc
00121  ffff8881b9fd3100: fc fc fc fc fc fc fc fc fc fc fc fc fc fc fc fc
00121 ==================================================================
00121 Disabling lock debugging due to kernel taint
00121 Lustre: 2192:0:(llog_test.c:2461:llog_test_12()) 12: put newly-created catalog
00121 Lustre: 2192:0:(llog_test.c:2529:llog_test_13()) 13a: create a catalog log with name: 59dbff5d
00121 Lustre: 2192:0:(llog_test.c:2545:llog_test_13()) 13b: write 1 record into the catalog
00121 LustreError: 2192:0:(llog_test.c:2556:llog_test_13()) 13b: found 8 plain llogs
00121 Lustre: 2192:0:(llog_test.c:2558:llog_test_13()) 13c: erase plain llog
00121 LustreError: 2192:0:(llog_cat.c:399:llog_cat_id2handle()) MGS: error opening log id [0x1:0x4f:0x0]: rc = -2
00121 Lustre: 2192:0:(llog_test.c:2578:llog_test_13()) 13d: forward process: found=1708 rc=0
00121 Lustre: 2192:0:(llog_test.c:2582:llog_test_13()) 13e: erase another plain llog
00121 Lustre: 2192:0:(llog_test.c:2602:llog_test_13()) 13e: backward process: found=1367 rc=0
00121 Lustre: 2192:0:(llog_test.c:2605:llog_test_13()) 13f: put newly-created catalog
00126 ========= FAILED TIMEOUT llog-unit in 240s
Error 1 at /home/ktest/ktest/lib/libktest.sh 587 from: "$ktest_dir/lib/supervisor" -S -F -T "$ktest_timeout" -b "$test_basename" -o "$test_logdir" -f "$test_basename.$(date -Iseconds).log" -- "${qemu_cmd[@]}", exiting
Error 1 at ./qlkbuild 195 from: "$ktest_dir/lib/supervisor" -S -F -T "$ktest_timeout" -b "$test_basename" -o "$test_logdir" -f "$test_basename.$(date -Iseconds).log" -- "${qemu_cmd[@]}", exiting
Error 1 at ./qlkbuild 1005 from: "$ktest_dir/lib/supervisor" -S -F -T "$ktest_timeout" -b "$test_basename" -o "$test_logdir" -f "$test_basename.$(date -Iseconds).log" -- "${qemu_cmd[@]}", exiting
