CLI: ./podman-ktest --podman-socket unix:///run/podman/podman.sock --shared-filesystem /tmp --tarball-input job lustre-ci --output /var/www/ci-lustre/upstream-patch-review --git-hash 8db9cd52163d1d0f267cb19145e295b0837a39da --change-id 65845_8db9cd52163d1d0f267cb19145e295b0837a39da --subject LU-20099 nrs: minimum bandwidth guarantee (reservation) for mClock

  Checking /dev/kvm exists... OK
  Checking /dev/kvm permissions... OK
  Creating ccache directory... OK
  Checking ccache directory writable... OK

Environment validated successfully
Creating kernel tarball at /tmp/ktest-kernel.tar.gz...
Creating lustre tarball at /tmp/ktest-lustre.tar.gz...
Creating ZFS tarball at /tmp/ktest-zfs.tar.gz...
Executing 15 jobs
Jobs will start as soon as their dependencies are satisfied
Using tarball input mode

START checkpatch tool checkpatch
START lustre_mainline_strict build tests/fs/lustre/boot-strict.ktest
START lustre_mainline_native build tests/fs/lustre/boot.ktest
START u24 build tests/fs/lustre/boot.ktest
START al2023 build tests/fs/lustre/boot.ktest
START lustre_mainline build tests/fs/lustre/boot.ktest
PUT /tmp/ktest-lustre.tar.gz 1s
PUT /tmp/ktest-lustre.tar.gz 2s
PUT /tmp/ktest-kernel.tar.gz 8s
PUT /tmp/ktest-kernel.tar.gz 8s
PUT /tmp/ktest-kernel.tar.gz 8s
PUT /tmp/ktest-kernel.tar.gz 8s
PUT /tmp/ktest-lustre.tar.gz 3s
PUT /tmp/ktest-lustre.tar.gz 3s
PUT /tmp/ktest-lustre.tar.gz 3s
PUT /tmp/ktest-lustre.tar.gz 2s
PUT /tmp/ktest-zfs.tar.gz 0s
PUT /tmp/ktest-zfs.tar.gz 0s
PUT /tmp/ktest-zfs.tar.gz 0s
END checkpatch tool checkpatch FAIL 14s (exit code: 1)
END al2023 build tests/fs/lustre/boot.ktest PASS 64s
END u24 build tests/fs/lustre/boot.ktest PASS 72s
GET /tmp/ktest_lustre_mainline_native_n2g6p7xk.tar 8s
GET /tmp/ktest_lustre_mainline_strict_17d14ndz.tar 8s
GET /tmp/ktest_lustre_mainline_ms3t0jrz.tar 8s
END lustre_mainline_native build tests/fs/lustre/boot.ktest FAIL 127s (exit code: 1)
END lustre_mainline_strict build tests/fs/lustre/boot-strict.ktest FAIL 129s (exit code: 1)
END lustre_mainline build tests/fs/lustre/boot.ktest FAIL 130s (exit code: 1)

============================================================
Final Results:
  checkpatch: FAIL (14s) (log: /var/www/ci-lustre/upstream-patch-review/8db9cd52163d1d0f267cb19145e295b0837a39da_checkpatch.log)
  u24: PASS (72s) (log: /var/www/ci-lustre/upstream-patch-review/8db9cd52163d1d0f267cb19145e295b0837a39da_u24.log)
  al2023: PASS (64s) (log: /var/www/ci-lustre/upstream-patch-review/8db9cd52163d1d0f267cb19145e295b0837a39da_al2023.log)
  lustre_mainline_strict: FAIL (129s) (log: /var/www/ci-lustre/upstream-patch-review/8db9cd52163d1d0f267cb19145e295b0837a39da_lustre_mainline_strict.log)
  lustre_mainline: FAIL (130s) (log: /var/www/ci-lustre/upstream-patch-review/8db9cd52163d1d0f267cb19145e295b0837a39da_lustre_mainline.log)
  lustre_mainline_native: FAIL (127s) (log: /var/www/ci-lustre/upstream-patch-review/8db9cd52163d1d0f267cb19145e295b0837a39da_lustre_mainline_native.log)
  clang-tidy: SKIPPED (due to dependency failure)
  cc-plugin: SKIPPED (due to dependency failure)
  boot: SKIPPED (due to dependency failure)
  llmount: SKIPPED (due to dependency failure)
  mgs-setup: SKIPPED (due to dependency failure)
  sanity-1: SKIPPED (due to dependency failure)
  sanity-2: SKIPPED (due to dependency failure)
  sanity-3: SKIPPED (due to dependency failure)
  sanity-4: SKIPPED (due to dependency failure)

Total execution time: 163s
