CLI: ./podman-ktest --podman-socket unix:///run/podman/podman.sock --shared-filesystem /tmp --tarball-input job lustre-ci --output /var/www/ci-lustre/upstream-patch-review --git-hash 8eb53796df84d9b481f19f84b4fac8b9de1886f3 --change-id 65798_8eb53796df84d9b481f19f84b4fac8b9de1886f3 --subject LU-20238 ec: GFNI-accelerated EC primitives

  Checking /dev/kvm exists... OK
  Checking /dev/kvm permissions... OK
  Creating ccache directory... OK
  Checking ccache directory writable... OK
  Creating package output directory... OK

Environment validated successfully
Creating kernel tarball at /tmp/ktest-kernel.tar.gz...
Creating lustre tarball at /tmp/ktest-lustre.tar.gz...
Creating ZFS tarball at /tmp/ktest-zfs.tar.gz...
Executing 13 jobs
Jobs will start as soon as their dependencies are satisfied
Using tarball input mode

START lustre_mainline_strict build tests/fs/lustre/boot-strict.ktest
START checkpatch tool checkpatch
START lustre_mainline build tests/fs/lustre/boot.ktest
START al2023 build tests/fs/lustre/boot.ktest
START lustre_mainline_native build tests/fs/lustre/boot.ktest
START u24 build tests/fs/lustre/boot.ktest
PUT /tmp/ktest-lustre.tar.gz 1s
PUT /tmp/ktest-lustre.tar.gz 1s
PUT /tmp/ktest-kernel.tar.gz 6s
PUT /tmp/ktest-kernel.tar.gz 7s
PUT /tmp/ktest-kernel.tar.gz 7s
PUT /tmp/ktest-kernel.tar.gz 7s
PUT /tmp/ktest-lustre.tar.gz 2s
PUT /tmp/ktest-lustre.tar.gz 2s
PUT /tmp/ktest-lustre.tar.gz 2s
PUT /tmp/ktest-lustre.tar.gz 1s
PUT /tmp/ktest-zfs.tar.gz 0s
PUT /tmp/ktest-zfs.tar.gz 0s
PUT /tmp/ktest-zfs.tar.gz 0s
END checkpatch tool checkpatch FAIL 13s (exit code: 1)
END al2023 build tests/fs/lustre/boot.ktest PASS 63s
END u24 build tests/fs/lustre/boot.ktest PASS 66s
GET /tmp/ktest_lustre_mainline_strict_1l8foon3.tar 6s
END lustre_mainline_strict build tests/fs/lustre/boot-strict.ktest FAIL 144s (exit code: 1)
GET /tmp/ktest_lustre_mainline_native_lzh3g3gw.tar 0s
GET /tmp/ktest_lustre_mainline_v_u01gq5.tar 0s
END lustre_mainline_native build tests/fs/lustre/boot.ktest PASS 150s
START boot run tests/fs/lustre/boot.ktest
START llmount run tests/fs/lustre/llmount.ktest
START mgs-setup run tests/fs/lustre/mgs-setup.ktest
START sanity-1 run tests/fs/lustre/sanity/sanity-1.ktest
START sanity-2 run tests/fs/lustre/sanity/sanity-2.ktest
START sanity-3 run tests/fs/lustre/sanity/sanity-3.ktest
START sanity-4 run tests/fs/lustre/sanity/sanity-4.ktest
END lustre_mainline build tests/fs/lustre/boot.ktest PASS 151s
PUT /tmp/ktest-kernel.tar.gz 15s
PUT /tmp/ktest-kernel.tar.gz 15s
PUT /tmp/ktest-kernel.tar.gz 15s
PUT /tmp/ktest-kernel.tar.gz 15s
PUT /tmp/ktest-kernel.tar.gz 16s
PUT /tmp/ktest-kernel.tar.gz 16s
PUT /tmp/ktest-kernel.tar.gz 16s
PUT /tmp/ktest-lustre.tar.gz 4s
PUT /tmp/ktest-lustre.tar.gz 4s
PUT /tmp/ktest-lustre.tar.gz 4s
PUT /tmp/ktest-lustre.tar.gz 4s
PUT /tmp/ktest-lustre.tar.gz 4s
PUT /tmp/ktest-lustre.tar.gz 4s
PUT /tmp/ktest-lustre.tar.gz 4s
PUT /tmp/ktest_lustre_mainline_native_lzh3g3gw.tar 0s
PUT /tmp/ktest_lustre_mainline_native_lzh3g3gw.tar 0s
PUT /tmp/ktest_lustre_mainline_native_lzh3g3gw.tar 0s
PUT /tmp/ktest_lustre_mainline_native_lzh3g3gw.tar 0s
PUT /tmp/ktest_lustre_mainline_native_lzh3g3gw.tar 0s
PUT /tmp/ktest_lustre_mainline_native_lzh3g3gw.tar 0s
PUT /tmp/ktest_lustre_mainline_native_lzh3g3gw.tar 0s
END boot run tests/fs/lustre/boot.ktest PASS 29s
END mgs-setup run tests/fs/lustre/mgs-setup.ktest PASS 39s
END sanity-1 run tests/fs/lustre/sanity/sanity-1.ktest PASS 64s
END sanity-4 run tests/fs/lustre/sanity/sanity-4.ktest PASS 67s
END sanity-3 run tests/fs/lustre/sanity/sanity-3.ktest PASS 68s
END sanity-2 run tests/fs/lustre/sanity/sanity-2.ktest PASS 69s
END llmount run tests/fs/lustre/llmount.ktest PASS 89s

============================================================
Final Results:
  checkpatch: FAIL (13s) (log: /var/www/ci-lustre/upstream-patch-review/8eb53796df84d9b481f19f84b4fac8b9de1886f3_checkpatch.log)
  u24: PASS (66s) (log: /var/www/ci-lustre/upstream-patch-review/8eb53796df84d9b481f19f84b4fac8b9de1886f3_u24.log)
  al2023: PASS (63s) (log: /var/www/ci-lustre/upstream-patch-review/8eb53796df84d9b481f19f84b4fac8b9de1886f3_al2023.log)
  lustre_mainline_strict: FAIL (144s) (log: /var/www/ci-lustre/upstream-patch-review/8eb53796df84d9b481f19f84b4fac8b9de1886f3_lustre_mainline_strict.log)
  lustre_mainline: PASS (151s) (log: /var/www/ci-lustre/upstream-patch-review/8eb53796df84d9b481f19f84b4fac8b9de1886f3_lustre_mainline.log)
  lustre_mainline_native: PASS (150s) (log: /var/www/ci-lustre/upstream-patch-review/8eb53796df84d9b481f19f84b4fac8b9de1886f3_lustre_mainline_native.log)
  boot: PASS (29s) (log: /var/www/ci-lustre/upstream-patch-review/8eb53796df84d9b481f19f84b4fac8b9de1886f3_boot.log)
  llmount: PASS (89s) (log: /var/www/ci-lustre/upstream-patch-review/8eb53796df84d9b481f19f84b4fac8b9de1886f3_llmount.log)
  mgs-setup: PASS (39s) (log: /var/www/ci-lustre/upstream-patch-review/8eb53796df84d9b481f19f84b4fac8b9de1886f3_mgs-setup.log)
  sanity-1: PASS (64s) (log: /var/www/ci-lustre/upstream-patch-review/8eb53796df84d9b481f19f84b4fac8b9de1886f3_sanity-1.log)
  sanity-2: PASS (69s) (log: /var/www/ci-lustre/upstream-patch-review/8eb53796df84d9b481f19f84b4fac8b9de1886f3_sanity-2.log)
  sanity-3: PASS (68s) (log: /var/www/ci-lustre/upstream-patch-review/8eb53796df84d9b481f19f84b4fac8b9de1886f3_sanity-3.log)
  sanity-4: PASS (67s) (log: /var/www/ci-lustre/upstream-patch-review/8eb53796df84d9b481f19f84b4fac8b9de1886f3_sanity-4.log)

Total execution time: 268s
