CLI: ./podman-ktest --podman-socket unix:///run/podman/podman.sock --shared-filesystem /tmp --tarball-input job lustre-ci --output /var/www/ci-lustre/upstream-patch-review --git-hash 8ed6cf71fc4e9c5d66fcba039a516a9666f3267e --change-id 65423_8ed6cf71fc4e9c5d66fcba039a516a9666f3267e --subject LU-20167 build: Add _FAMILY suffix to HAVE_GENL_DUMPIT_INFO

  Checking /dev/kvm exists... OK
  Checking /dev/kvm permissions... OK
  Creating ccache directory... OK
  Checking ccache directory writable... OK

Environment validated successfully
Creating kernel tarball at /tmp/ktest-kernel.tar.gz...
Creating lustre tarball at /tmp/ktest-lustre.tar.gz...
Executing 15 jobs
Jobs will start as soon as their dependencies are satisfied
Using tarball input mode

START checkpatch tool checkpatch
START u24 build tests/fs/lustre/boot.ktest
START lustre_mainline build tests/fs/lustre/boot.ktest
START lustre_mainline_strict build tests/fs/lustre/boot-strict.ktest
START al2023 build tests/fs/lustre/boot.ktest
START lustre_mainline_native build tests/fs/lustre/boot.ktest
PUT /tmp/ktest-lustre.tar.gz 1s
PUT /tmp/ktest-lustre.tar.gz 1s
PUT /tmp/ktest-kernel.tar.gz 8s
PUT /tmp/ktest-kernel.tar.gz 8s
PUT /tmp/ktest-kernel.tar.gz 8s
PUT /tmp/ktest-kernel.tar.gz 8s
PUT /tmp/ktest-lustre.tar.gz 4s
PUT /tmp/ktest-lustre.tar.gz 4s
PUT /tmp/ktest-lustre.tar.gz 4s
PUT /tmp/ktest-lustre.tar.gz 4s
END checkpatch tool checkpatch PASS 15s
END al2023 build tests/fs/lustre/boot.ktest PASS 78s
END u24 build tests/fs/lustre/boot.ktest PASS 78s
GET /tmp/ktest_lustre_mainline_strict_3xcvhv2h.tar 5s
END lustre_mainline_strict build tests/fs/lustre/boot-strict.ktest FAIL 130s (exit code: 1)
GET /tmp/ktest_lustre_mainline_native_tzhn15jo.tar 3s
GET /tmp/ktest_lustre_mainline_27fucnuc.tar 3s
END lustre_mainline_native build tests/fs/lustre/boot.ktest PASS 145s
START clang-tidy tool clang-tidy
START cc-plugin tool cc-plugin
START boot run tests/fs/lustre/boot.ktest
START llmount run tests/fs/lustre/llmount.ktest
START mgs-setup run tests/fs/lustre/mgs-setup.ktest
START sanity-1 run tests/fs/lustre/sanity/sanity-1.ktest
START sanity-2 run tests/fs/lustre/sanity/sanity-2.ktest
START sanity-3 run tests/fs/lustre/sanity/sanity-3.ktest
START sanity-4 run tests/fs/lustre/sanity/sanity-4.ktest
END lustre_mainline build tests/fs/lustre/boot.ktest PASS 147s
PUT /tmp/ktest-kernel.tar.gz 21s
PUT /tmp/ktest_lustre_mainline_native_tzhn15jo.tar 28s
PUT /tmp/ktest_lustre_mainline_native_tzhn15jo.tar 28s
PUT /tmp/ktest_lustre_mainline_native_tzhn15jo.tar 28s
PUT /tmp/ktest_lustre_mainline_native_tzhn15jo.tar 28s
PUT /tmp/ktest_lustre_mainline_native_tzhn15jo.tar 28s
PUT /tmp/ktest-kernel.tar.gz 29s
PUT /tmp/ktest_lustre_mainline_native_tzhn15jo.tar 29s
PUT /tmp/ktest_lustre_mainline_native_tzhn15jo.tar 29s
PUT /tmp/ktest-lustre.tar.gz 88s
PUT /tmp/ktest-lustre.tar.gz 106s
PUT /tmp/ktest_lustre_mainline_native_tzhn15jo.tar 12s
PUT /tmp/ktest_lustre_mainline_native_tzhn15jo.tar 22s
END boot run tests/fs/lustre/boot.ktest PASS 142s
END cc-plugin tool cc-plugin FAIL 145s (exit code: 127)
END mgs-setup run tests/fs/lustre/mgs-setup.ktest PASS 152s
END clang-tidy tool clang-tidy PASS 159s
END sanity-3 run tests/fs/lustre/sanity/sanity-3.ktest PASS 164s
END sanity-1 run tests/fs/lustre/sanity/sanity-1.ktest PASS 171s
END sanity-2 run tests/fs/lustre/sanity/sanity-2.ktest PASS 172s
END sanity-4 run tests/fs/lustre/sanity/sanity-4.ktest PASS 174s
END llmount run tests/fs/lustre/llmount.ktest PASS 229s

============================================================
Final Results:
  checkpatch: PASS (15s) (log: /var/www/ci-lustre/upstream-patch-review/8ed6cf71fc4e9c5d66fcba039a516a9666f3267e_checkpatch.log)
  u24: PASS (78s) (log: /var/www/ci-lustre/upstream-patch-review/8ed6cf71fc4e9c5d66fcba039a516a9666f3267e_u24.log)
  al2023: PASS (78s) (log: /var/www/ci-lustre/upstream-patch-review/8ed6cf71fc4e9c5d66fcba039a516a9666f3267e_al2023.log)
  lustre_mainline_strict: FAIL (130s) (log: /var/www/ci-lustre/upstream-patch-review/8ed6cf71fc4e9c5d66fcba039a516a9666f3267e_lustre_mainline_strict.log)
  lustre_mainline: PASS (147s) (log: /var/www/ci-lustre/upstream-patch-review/8ed6cf71fc4e9c5d66fcba039a516a9666f3267e_lustre_mainline.log)
  lustre_mainline_native: PASS (145s) (log: /var/www/ci-lustre/upstream-patch-review/8ed6cf71fc4e9c5d66fcba039a516a9666f3267e_lustre_mainline_native.log)
  clang-tidy: PASS (159s) (log: /var/www/ci-lustre/upstream-patch-review/8ed6cf71fc4e9c5d66fcba039a516a9666f3267e_clang-tidy.log)
  cc-plugin: FAIL (145s) (log: /var/www/ci-lustre/upstream-patch-review/8ed6cf71fc4e9c5d66fcba039a516a9666f3267e_cc-plugin.log)
  boot: PASS (142s) (log: /var/www/ci-lustre/upstream-patch-review/8ed6cf71fc4e9c5d66fcba039a516a9666f3267e_boot.log)
  llmount: PASS (229s) (log: /var/www/ci-lustre/upstream-patch-review/8ed6cf71fc4e9c5d66fcba039a516a9666f3267e_llmount.log)
  mgs-setup: PASS (152s) (log: /var/www/ci-lustre/upstream-patch-review/8ed6cf71fc4e9c5d66fcba039a516a9666f3267e_mgs-setup.log)
  sanity-1: PASS (171s) (log: /var/www/ci-lustre/upstream-patch-review/8ed6cf71fc4e9c5d66fcba039a516a9666f3267e_sanity-1.log)
  sanity-2: PASS (172s) (log: /var/www/ci-lustre/upstream-patch-review/8ed6cf71fc4e9c5d66fcba039a516a9666f3267e_sanity-2.log)
  sanity-3: PASS (164s) (log: /var/www/ci-lustre/upstream-patch-review/8ed6cf71fc4e9c5d66fcba039a516a9666f3267e_sanity-3.log)
  sanity-4: PASS (174s) (log: /var/www/ci-lustre/upstream-patch-review/8ed6cf71fc4e9c5d66fcba039a516a9666f3267e_sanity-4.log)

Total execution time: 406s
