CLI: ./podman-ktest --podman-socket unix:///run/podman/podman.sock --shared-filesystem /tmp --tarball-input job lustre-ci --output /var/www/ci-lustre/upstream-patch-review --git-hash 8ee715c4727b578725cbc7751832123ba5f8f67a --change-id 66912_8ee715c4727b578725cbc7751832123ba5f8f67a --subject LU-20426 lnet: add lnetctl stats latency command

  Checking /dev/kvm exists... OK
  Checking /dev/kvm permissions... OK
  Creating ccache directory... OK
  Checking ccache directory writable... OK
  Creating package output directory... OK

Environment validated successfully
Creating kernel tarball at /tmp/ktest-kernel.tar.gz...
Creating lustre tarball at /tmp/ktest-lustre.tar.gz...
Creating ZFS tarball at /tmp/ktest-zfs.tar.gz...
Executing 13 jobs
Jobs will start as soon as their dependencies are satisfied
Using tarball input mode

START lustre_mainline build tests/fs/lustre/boot.ktest
START checkpatch tool checkpatch
START lustre_mainline_native build tests/fs/lustre/boot.ktest
START u24 build tests/fs/lustre/boot.ktest
START al2023 build tests/fs/lustre/boot.ktest
START lustre_mainline_strict build tests/fs/lustre/boot-strict.ktest
PUT /tmp/ktest-lustre.tar.gz 1s
PUT /tmp/ktest-lustre.tar.gz 1s
PUT /tmp/ktest-kernel.tar.gz 6s
PUT /tmp/ktest-kernel.tar.gz 6s
PUT /tmp/ktest-kernel.tar.gz 6s
PUT /tmp/ktest-kernel.tar.gz 7s
PUT /tmp/ktest-lustre.tar.gz 1s
PUT /tmp/ktest-lustre.tar.gz 1s
PUT /tmp/ktest-lustre.tar.gz 1s
PUT /tmp/ktest-lustre.tar.gz 1s
PUT /tmp/ktest-zfs.tar.gz 0s
PUT /tmp/ktest-zfs.tar.gz 0s
PUT /tmp/ktest-zfs.tar.gz 0s
END checkpatch tool checkpatch FAIL 10s (exit code: 1)
END al2023 build tests/fs/lustre/boot.ktest PASS 52s
END u24 build tests/fs/lustre/boot.ktest PASS 53s
GET /tmp/ktest_lustre_mainline_native_x7wrdg43.tar 0s
GET /tmp/ktest_lustre_mainline_zqrwcp0c.tar 0s
END lustre_mainline_native build tests/fs/lustre/boot.ktest PASS 204s
START boot run tests/fs/lustre/boot.ktest
START llmount run tests/fs/lustre/llmount.ktest
START mgs-setup run tests/fs/lustre/mgs-setup.ktest
START sanity-1 run tests/fs/lustre/sanity/sanity-1.ktest
START sanity-2 run tests/fs/lustre/sanity/sanity-2.ktest
START sanity-3 run tests/fs/lustre/sanity/sanity-3.ktest
START sanity-4 run tests/fs/lustre/sanity/sanity-4.ktest
END lustre_mainline build tests/fs/lustre/boot.ktest PASS 205s
GET /tmp/ktest_lustre_mainline_strict_kbze58k4.tar 10s
END lustre_mainline_strict build tests/fs/lustre/boot-strict.ktest FAIL 215s (exit code: 1)
PUT /tmp/ktest-kernel.tar.gz 52s
PUT /tmp/ktest-kernel.tar.gz 53s
PUT /tmp/ktest-kernel.tar.gz 53s
PUT /tmp/ktest-kernel.tar.gz 53s
PUT /tmp/ktest-kernel.tar.gz 53s
PUT /tmp/ktest-kernel.tar.gz 53s
PUT /tmp/ktest-kernel.tar.gz 53s
PUT /tmp/ktest-lustre.tar.gz 3s
PUT /tmp/ktest-lustre.tar.gz 3s
PUT /tmp/ktest-lustre.tar.gz 3s
PUT /tmp/ktest-lustre.tar.gz 4s
PUT /tmp/ktest-lustre.tar.gz 3s
PUT /tmp/ktest-lustre.tar.gz 3s
PUT /tmp/ktest-lustre.tar.gz 3s
PUT /tmp/ktest_lustre_mainline_native_x7wrdg43.tar 0s
PUT /tmp/ktest_lustre_mainline_native_x7wrdg43.tar 0s
PUT /tmp/ktest_lustre_mainline_native_x7wrdg43.tar 0s
PUT /tmp/ktest_lustre_mainline_native_x7wrdg43.tar 0s
PUT /tmp/ktest_lustre_mainline_native_x7wrdg43.tar 0s
PUT /tmp/ktest_lustre_mainline_native_x7wrdg43.tar 0s
PUT /tmp/ktest_lustre_mainline_native_x7wrdg43.tar 0s
END boot run tests/fs/lustre/boot.ktest PASS 101s
END mgs-setup run tests/fs/lustre/mgs-setup.ktest PASS 110s
END sanity-4 run tests/fs/lustre/sanity/sanity-4.ktest PASS 138s
END sanity-2 run tests/fs/lustre/sanity/sanity-2.ktest PASS 139s
END sanity-1 run tests/fs/lustre/sanity/sanity-1.ktest PASS 140s
END sanity-3 run tests/fs/lustre/sanity/sanity-3.ktest PASS 142s
END llmount run tests/fs/lustre/llmount.ktest PASS 151s

============================================================
Final Results:
  checkpatch: FAIL (10s) (log: /var/www/ci-lustre/upstream-patch-review/8ee715c4727b578725cbc7751832123ba5f8f67a_checkpatch.log)
  u24: PASS (53s) (log: /var/www/ci-lustre/upstream-patch-review/8ee715c4727b578725cbc7751832123ba5f8f67a_u24.log)
  al2023: PASS (52s) (log: /var/www/ci-lustre/upstream-patch-review/8ee715c4727b578725cbc7751832123ba5f8f67a_al2023.log)
  lustre_mainline_strict: FAIL (215s) (log: /var/www/ci-lustre/upstream-patch-review/8ee715c4727b578725cbc7751832123ba5f8f67a_lustre_mainline_strict.log)
  lustre_mainline: PASS (205s) (log: /var/www/ci-lustre/upstream-patch-review/8ee715c4727b578725cbc7751832123ba5f8f67a_lustre_mainline.log)
  lustre_mainline_native: PASS (204s) (log: /var/www/ci-lustre/upstream-patch-review/8ee715c4727b578725cbc7751832123ba5f8f67a_lustre_mainline_native.log)
  boot: PASS (101s) (log: /var/www/ci-lustre/upstream-patch-review/8ee715c4727b578725cbc7751832123ba5f8f67a_boot.log)
  llmount: PASS (151s) (log: /var/www/ci-lustre/upstream-patch-review/8ee715c4727b578725cbc7751832123ba5f8f67a_llmount.log)
  mgs-setup: PASS (110s) (log: /var/www/ci-lustre/upstream-patch-review/8ee715c4727b578725cbc7751832123ba5f8f67a_mgs-setup.log)
  sanity-1: PASS (140s) (log: /var/www/ci-lustre/upstream-patch-review/8ee715c4727b578725cbc7751832123ba5f8f67a_sanity-1.log)
  sanity-2: PASS (139s) (log: /var/www/ci-lustre/upstream-patch-review/8ee715c4727b578725cbc7751832123ba5f8f67a_sanity-2.log)
  sanity-3: PASS (142s) (log: /var/www/ci-lustre/upstream-patch-review/8ee715c4727b578725cbc7751832123ba5f8f67a_sanity-3.log)
  sanity-4: PASS (138s) (log: /var/www/ci-lustre/upstream-patch-review/8ee715c4727b578725cbc7751832123ba5f8f67a_sanity-4.log)

Total execution time: 383s
