CLI: ./podman-ktest --podman-socket unix:///run/podman/podman.sock --shared-filesystem /tmp --tarball-input job lustre-ci --output /var/www/ci-lustre/upstream-patch-review --git-hash 8fad9f1009c26568478a640dd4531ddf2a7da5b8 --change-id 66567_8fad9f1009c26568478a640dd4531ddf2a7da5b8 --subject LU-20212 lov: avoid partial glimpse with deactivated import

  Checking /dev/kvm exists... OK
  Checking /dev/kvm permissions... OK
  Creating ccache directory... OK
  Checking ccache directory writable... OK
  Creating package output directory... OK

Environment validated successfully
Creating kernel tarball at /tmp/ktest-kernel.tar.gz...
Creating lustre tarball at /tmp/ktest-lustre.tar.gz...
Creating ZFS tarball at /tmp/ktest-zfs.tar.gz...
Executing 13 jobs
Jobs will start as soon as their dependencies are satisfied
Using tarball input mode

START al2023 build tests/fs/lustre/boot.ktest
START lustre_mainline build tests/fs/lustre/boot.ktest
START lustre_mainline_strict build tests/fs/lustre/boot-strict.ktest
START u24 build tests/fs/lustre/boot.ktest
START checkpatch tool checkpatch
START lustre_mainline_native build tests/fs/lustre/boot.ktest
PUT /tmp/ktest-lustre.tar.gz 1s
PUT /tmp/ktest-lustre.tar.gz 1s
PUT /tmp/ktest-kernel.tar.gz 7s
PUT /tmp/ktest-kernel.tar.gz 7s
PUT /tmp/ktest-kernel.tar.gz 7s
PUT /tmp/ktest-kernel.tar.gz 7s
PUT /tmp/ktest-lustre.tar.gz 1s
PUT /tmp/ktest-lustre.tar.gz 2s
PUT /tmp/ktest-lustre.tar.gz 2s
PUT /tmp/ktest-lustre.tar.gz 1s
PUT /tmp/ktest-zfs.tar.gz 0s
PUT /tmp/ktest-zfs.tar.gz 0s
PUT /tmp/ktest-zfs.tar.gz 0s
END checkpatch tool checkpatch PASS 11s
GET /tmp/ktest_lustre_mainline_strict_q1ogaa6n.tar 0s
GET /tmp/ktest_lustre_mainline_gj0tltb9.tar 1s
GET /tmp/ktest_lustre_mainline_native_k9rh05by.tar 0s
END lustre_mainline_strict build tests/fs/lustre/boot-strict.ktest FAIL 42s (exit code: 1)
END lustre_mainline build tests/fs/lustre/boot.ktest FAIL 44s (exit code: 1)
END lustre_mainline_native build tests/fs/lustre/boot.ktest FAIL 46s (exit code: 1)
END al2023 build tests/fs/lustre/boot.ktest PASS 53s
END u24 build tests/fs/lustre/boot.ktest PASS 58s

============================================================
Final Results:
  checkpatch: PASS (11s) (log: /var/www/ci-lustre/upstream-patch-review/8fad9f1009c26568478a640dd4531ddf2a7da5b8_checkpatch.log)
  u24: PASS (58s) (log: /var/www/ci-lustre/upstream-patch-review/8fad9f1009c26568478a640dd4531ddf2a7da5b8_u24.log)
  al2023: PASS (53s) (log: /var/www/ci-lustre/upstream-patch-review/8fad9f1009c26568478a640dd4531ddf2a7da5b8_al2023.log)
  lustre_mainline_strict: FAIL (42s) (log: /var/www/ci-lustre/upstream-patch-review/8fad9f1009c26568478a640dd4531ddf2a7da5b8_lustre_mainline_strict.log)
  lustre_mainline: FAIL (44s) (log: /var/www/ci-lustre/upstream-patch-review/8fad9f1009c26568478a640dd4531ddf2a7da5b8_lustre_mainline.log)
  lustre_mainline_native: FAIL (46s) (log: /var/www/ci-lustre/upstream-patch-review/8fad9f1009c26568478a640dd4531ddf2a7da5b8_lustre_mainline_native.log)
  boot: SKIPPED (due to dependency failure)
  llmount: SKIPPED (due to dependency failure)
  mgs-setup: SKIPPED (due to dependency failure)
  sanity-1: SKIPPED (due to dependency failure)
  sanity-2: SKIPPED (due to dependency failure)
  sanity-3: SKIPPED (due to dependency failure)
  sanity-4: SKIPPED (due to dependency failure)

Total execution time: 86s
