[2J[001;001H[=3h[2J[001;001H[2J[001;001H[8;056;240t[2J[001;001H[2J[001;001H[=3h[2J[001;001H[2J[001;001H[8;056;240t[2J[001;001HKernel compiled without mitigations, ignoring 'mitigations'; system may still be vulnerable
RDSEED32 is broken. Disabling the corresponding CPUID bit.
Kernel version: 6.19.0-ktest-90452155cb-20260615
hook init_noop

Running tests sanity-quick

========= TEST   sanity-quick
0a 0b 0c 0d 0e 1 2 3 4 5 6a 6c 6e 6g 6h 6i 7a 7b 8 9 10 11 12 13 14 15 16 17a 17b 17c 17d 17e 17f 17g 17h 17i 17k 17l 17m 17n 17o 17p 17q 18 19a 19b 19c 19d 20 21 22 23a 23b 23c 23d 24a 24b 24c 24d 24e 24f 24g 24h 24i 24j 24k 24l 24m 24n 24o 24p 24q 24r 24s 24t 24u 24v 24w 24x 24y 24z 24A 24B 24C 24E 24F 24G 24H 24I 25a 25b 26a 26b 26c 26d 26e 26f 27a 27b 27ca 27cb 27cc 27cd 27ce 27cf 27cg 27d 27e 27f 27g 27ga 27i 27j 27k 27l 27m 27n 27o 27oo 27p 27q 27r 27s 27t 27u 27v 27w 27wa 27x 27y 27z 27A 27B 27Ca 27Cb 27Cc 27Cd 27Ce 27Cf 27Cg 27Ci 27Cj 27D 27E 27F 27G 27H 27I 27Ia 27J 27K 27Ke 27L 27M 27N 27O 27P 27Q 27R 27T 27U 27V 27W 27X 28 29 30a 30b 30c 30d 31a 31b 31c 31d 31e 31f 31g 31h 31i 31j 31k 31l 31m 31n 31o 31p 31q 31r 32a 32b 32c 32d 32e 32f 32g 32h 32i 32j 32k 32l 32m 32n 32o 32p 32q 32r 33aa 33a 33b 33c 33d 33e 33f 33g 33h 33hh 33i 33j 34a 34b 34c 34d 34e 34f 34g 34h 35a 36a 36b 36c 36d 36e 36f 36g 36h 36i 38 39a 39b 39c 39d 39e 39f 39g 39h 39i 39j 39k 39l 39m 39n 39o 39p 39r 39q 39s 39u 40 41 42a 42b 42c 42d 42e 43A 43a 43b 43c 44A 44a 44b 44c 44d 44e 44f 44g 45 46 48a 48b 48c 48d 48e 48f 49a 49b 49c 50 51a 51b 51c 51d 51e 51f 52a 52b 53 54a 54b 54c 54d 54e 55a 55b 55c 56a 56b 56bb 56bc 56bd 56c 56ca 56d 56e 56g 56h 56i 56ib 56j 56k 56l 56m 56n 56o 56ob 56oc 56od 56oe 56p 56q 56r 56ra 56rb 56rc 56rd 56re 56rf 56s 56t 56u 56v 56wa 56wb 56wc 56wd 56we 56x 56xB 56xC 56xD 56xa 56xab 56xb 56xc 56xd 56xe 56xf 56xg 56xh 56xi 56xj 56xk 56xl 56y 56z 56Aa 56ab 56aca 56acb 56acc 56Ba 56Ca 56Da 56Db 56Dc 56Dd 56Ea 56Eaa 56Eab 56Eb 56Ebb 56Ec 56Ed 56Eda 56Edb 56Ef 56Eg 56Eh 56Ei 56Ej 56Ek 57a 57b 58 59 60a 60b 60c 60d 60e 60f 60g 60h 60i 60j 61a 61b 63a 63b 64a 64b 64c 64d 64e 64f 64g 64h 64i 64j 65a 65b 65c 65d 65e 65f 65g 65h 65i 65j 65k 65l 65m 65n 65o 65p 65q 65r 66 69 70a 71 72a 72b 73 74a 74b 74c 76a 76b 77a 77b 77c 77d 77f 77g 77k 77l 77m 77n 77o 78 79 80 81a 81b 99 100 101a 101b 101c 101d 101e 101f 101g 101h 101i 101j 101m 102a 102b 102c 102d 102f 102h 102ha 102i 102j 102k 102l 102m 102n 102p 102q 102r 102s 102t 103a 103b 103c 103e 103f 103g 104a 104b 104c 104d 105a 105b 105c 105d 105e 105f 105g 105h 105i 106 107 110 116a 116b 117 118a 118b 118c 118d 118f 118g 118h 118i 118j 118k 118l 118m 118n 119a 119b 119c 119e 119f 119g 119h 119i 119j 119k 119m 119n 119o 119p 119q 119r 120a 120b 120c 120d 120e 120f 120g 121 123aa 123ab 123ac 123ad 123b 123c 123d 123e 123f 123g 123h 123i 123j 123k 123l 124a 124b 124c 124d 124e 124f 124g 125 126 127a 127b 127c 127d 127e 127f 128 129 130a 130b 130c 130d 130e 130f 130g 130h 130i 131a 131b 131c 131d 131e 133a 133b 133c 133d 133e 133f 133g 133h 134a 134b 135 136 140 150a 150b 150bb 150c 150d 150e 150f 150g 150h 150ia 150ib 150ic 151 152 153 154A 154B 154C 154a 154b 154c 154d 154e 154ea 154f 154g 154h 154i 154j 155a 155b 155c 155d 155e 155f 155g 155h 156 157a 157b 160a 160b 160c 160d 160e 160f 160g 160h 160i 160j 160k 160l 160m 160n 160o 160p 160q 160s 160t 160u 160v 160w 161a 161b 161c 161d 162a 162b 162c 165a 165b 165c 165d 165e 165f 165g 169 170a 170b 171 172 180a 180b 180c 181 182a 182b 183 184a 184b 184c 184d 184e 184f 185 185a 187a 187b 190a 190b 190c 200 204a 204b 204c 204d 204e 204f 204g 204h 205a 205b 205c 205d 205e 205f 205g 205h 205i 205k 205l 205m 206 207a 207b 208 209 210 212 213 214 215 216 217 218 219 220 221 222a 222b 223 224a 224b 224c 224d 225a 225b 226a 226b 226c 226d 226e 227 228a 228b 228c 229 230a 230b 230c 230d 230e 230f 230g 230h 230i 230j 230k 230l 230m 230n 230o 230p 230q 230r 230s 230t 230u 230v 230w 230x 230y 230z 230A 230B 231a 231b 232a 232b 233a 233b 234 235 236 238 239A 239a 239b 240 241a 241b 242 243 244a 244b 245a 245b 247a 247b 247c 247d 247e 247f 247g 247h 248a 248b 248c 248d 249 250 251a 252 253 254 255a 255b 255c 256 257 258a 258b 259 260 270a 270b 270c 270d 270e 270f 270g 270h 270i 270j 271a 271b 271ba 271c 271d 271f 271g 272a 272b 272c 272d 272e 272f 273a 273b 273c 275 276 277 278 280 300a 300b 300c 300d 300e 300f 300g 300h 300i 300j 300k 300l 300m 300n 300ne 300o 300p 300q 300r 300s 300t 300ua 300ub 300uc 300ud 300ue 300uf 300ug 300uh 300ui 300uj 310a 310b 310c 311 312 313 314 315 316 317 318 319 350 398a 398b 398c 398d 398e 398f 398g 398h 398i 398j 398k 398l 398m 398n 398o 398p 398q 398r 398s 398t 398u 399a 399b 400a 400b 401a 401aa 401ab 401ac 401ad 401b 401c 401d 401db 401e 401fa 401fb 401ga 401gb 401gc 401gd 402 403 404 405 406 407 408 409 410 411a 411b 412 413A 413a 413b 413c 413d 413e 413f 413g 413h 413i 413j 413k 413l 413z 414 415 416 417 418 419 420 421a 421b 421c 421d 421e 421f 421g 421h 422 423 424 425 426 427 428 429 430a 430b 430c 431 432 433 434 440 442 460d 600a 600b 600c 600d 801a 801b 801c 802b 802c 803a 803b 804 805 806 807a 807b 808 809 810 812a 812b 812c 813 814 815 816 817 818 819a 819b 820 823 831 832 833 834 842 850 851 852 853 854 855 860 900 901 902 903 904 905 906 907 908a 908b 909 910 911 920
0a 0b 0c 0d 0e 1 2 3 4 5
0a,0b,0c,0d,0e,1,2,3,4,5
SETUP LUSTRE ... libcfs: loading out-of-tree module taints kernel.
libcfs: HW NUMA nodes: 1, HW CPU cores: 4, npartitions: 2
Lustre: Lustre: Build Version: 2.17.54_40_g9045215
------------[ cut here ]------------
Unexpected gfp: 0x2 (__GFP_HIGHMEM). Fixing up to gfp: 0xd40 (GFP_NOFS|__GFP_ZERO). Fix your code!
WARNING: mm/vmalloc.c:3940 at vmalloc_fix_flags+0x34/0x60, CPU#2: modprobe/799
Modules linked in: obdclass(O+) ksocklnd(O) lnet(O) libcfs(O) efivarfs
CPU: 2 UID: 0 PID: 799 Comm: modprobe Tainted: G           O        6.19.0-ktest-90452155cb-20260615 #1 NONE 
Tainted: [O]=OOT_MODULE
Hardware name: QEMU Standard PC (Q35 + ICH9, 2009), BIOS 2025.11-3ubuntu7 03/31/2026
RIP: 0010:vmalloc_fix_flags+0x3c/0x60
Code: 02 48 89 44 24 08 89 fe 81 e6 1f 52 ae fe 89 34 24 81 e1 e0 ad 51 01 89 4c 24 04 48 8d 3d 6c ae 44 02 48 89 e2 4c 8d 44 24 04 <67> 48 0f b9 3a 8b 44 24 04 65 48 8b 0d 03 6d b9 02 48 3b 4c 24 08
RSP: 0018:ffffc90000c179a0 EFLAGS: 00010202
RAX: 327ee8c0dc84a400 RBX: 0000000000000d42 RCX: 0000000000000d40
RDX: ffffc90000c179a0 RSI: 0000000000000002 RDI: ffffffff83dd6170
RBP: ffffc90000c17d18 R08: ffffc90000c179a4 R09: 1ffffffff0777bc6
R10: dffffc0000000000 R11: fffffbfff0777bc7 R12: 1ffff1102562f007
R13: 0000000000000000 R14: 0000000000480000 R15: dffffc0000000000
FS:  00007f359fe8a3c0(0000) GS:ffff8881d4dfe000(0000) knlGS:0000000000000000
CS:  0010 DS: 0000 ES: 0000 CR0: 0000000080050033
CR2: 00007ffc2b5778b8 CR3: 0000000105b80000 CR4: 0000000000750eb0
PKRU: 55555554
Call Trace:
 <TASK>
 __vmalloc_noprof+0xd8/0xe0
 class_handle_init+0x75/0x3b0 [obdclass]
 init_module+0xc7/0x2f0 [obdclass]
 do_one_initcall+0x113/0x3e0
 ? cleanup_module+0xed0/0xed0 [ksocklnd]
 ? stack_depot_save_flags+0x34/0x7f0
 ? kasan_save_track+0x40/0x60
 ? kasan_save_track+0x2f/0x60
 ? __kasan_kmalloc+0x72/0x80
 ? do_init_module+0x92/0x780
 ? __x64_sys_finit_module+0x3b5/0x5b0
 ? do_syscall_64+0x69/0x270
 ? entry_SYSCALL_64_after_hwframe+0x4b/0x53
 ? free_frozen_page_commit+0x5dd/0x1040
 ? do_raw_spin_unlock+0x52/0x230
 ? vfree+0x1a0/0x220
 ? kfree+0x1b5/0x530
 ? vfree+0x1a0/0x220
 ? kfree+0x1b5/0x530
 ? lock_acquire+0xbf/0x190
 ? __kmalloc_cache_noprof+0x38/0x3e0
 ? kasan_unpoison+0x48/0x70
 ? __kasan_slab_alloc+0x37/0x60
 ? kasan_unpoison+0x48/0x70
 ? __asan_register_globals+0x59/0x70
 do_init_module+0x273/0x780
 __x64_sys_finit_module+0x3b5/0x5b0
 do_syscall_64+0x69/0x270
 entry_SYSCALL_64_after_hwframe+0x4b/0x53
RIP: 0033:0x7f359f52728d
Code: ff c3 66 2e 0f 1f 84 00 00 00 00 00 90 f3 0f 1e fa 48 89 f8 48 89 f7 48 89 d6 48 89 ca 4d 89 c2 4d 89 c8 4c 8b 4c 24 08 0f 05 <48> 3d 01 f0 ff ff 73 01 c3 48 8b 0d 5b bb 0d 00 f7 d8 64 89 01 48
RSP: 002b:00007ffc2b57a898 EFLAGS: 00000246 ORIG_RAX: 0000000000000139
RAX: ffffffffffffffda RBX: 00005599be45ca20 RCX: 00007f359f52728d
RDX: 0000000000000000 RSI: 000055999c174e52 RDI: 0000000000000003
RBP: 00007ffc2b57a950 R08: 0000000000000040 R09: 00007ffc2b57a8e0
R10: 00007f359f603b20 R11: 0000000000000246 R12: 000055999c174e52
R13: 0000000000040000 R14: 00005599be45caa0 R15: 0000000000000000
 </TASK>
---[ end trace 0000000000000000 ]---
LNet: Added LNI 10.0.2.15@tcp [8/256/0/180]
Lustre: Echo OBD driver; http://www.lustre.org/
------------[ cut here ]------------
WARNING: /home/ktest/git/linux/include/linux/fs.h:888 at osd_create+0x9cf/0xcf0 [osd_wbcfs], CPU#0: ll_mgs_0002/945
Modules linked in: mdt(O) lquota(O) lfsck(O) mgs(O) osd_wbcfs(O) lustre(O) obdecho(O) mgc(O) mdc(O) lov(O) osc(O) lmv(O) ec(O) fid(O) fld(O) ptlrpc(O) obdclass(O) ksocklnd(O) lnet(O) libcfs(O) efivarfs
CPU: 0 UID: 0 PID: 945 Comm: ll_mgs_0002 Tainted: G        W  O        6.19.0-ktest-90452155cb-20260615 #1 NONE 
Tainted: [W]=WARN, [O]=OOT_MODULE
Hardware name: QEMU Standard PC (Q35 + ICH9, 2009), BIOS 2025.11-3ubuntu7 03/31/2026
RIP: 0010:osd_create+0x9cf/0xcf0 [osd_wbcfs]
Code: c7 c7 00 06 7a a1 48 c7 c6 80 82 7b a1 48 c7 c2 e0 8b 7b a1 e8 a2 71 44 ff 48 c7 c7 00 06 7a a1 e8 d6 00 45 ff e9 fe fc ff ff <0f> 0b e9 a5 fa ff ff 48 c7 c1 80 e4 5d a0 80 e1 07 80 c1 03 38 c1
RSP: 0018:ffffc9000106f728 EFLAGS: 00010246
RAX: 0000000000000000 RBX: ffff888128949400 RCX: 0000000000000046
RDX: 0000000000000000 RSI: ffff88812b7902d0 RDI: ffff888107dda9e0
RBP: ffff88812b790240 R08: ffffffff838167c3 R09: 1ffffffff0702cf8
R10: dffffc0000000000 R11: fffffbfff0702cf9 R12: ffff888132ca6800
R13: dffffc0000000000 R14: 1ffff11025129280 R15: 1ffff11026594d0f
FS:  0000000000000000(0000) GS:ffff8881d4cfe000(0000) knlGS:0000000000000000
CS:  0010 DS: 0000 ES: 0000 CR0: 0000000080050033
CR2: 00007f80ce9c0b48 CR3: 000000012fe50000 CR4: 0000000000750eb0
PKRU: 55555554
Call Trace:
 <TASK>
 ? local_object_create+0x109/0x640 [obdclass]
 ? dt_write_lock+0x16d/0x2a0 [obdclass]
 ? llog_osd_create+0x35b/0x1270 [obdclass]
 ? llog_create+0x2ed/0x530 [obdclass]
 ? llog_open_create+0x6e7/0xb30 [obdclass]
 ? mgs_find_or_make_fsdb_nolock+0x16d4/0x2d80 [mgs]
 ? class_find_param+0x25/0x70 [obdclass]
 ? mgs_find_or_make_fsdb+0xda/0x1f0 [mgs]
 ? mgs_target_reg+0x2333/0x4480 [mgs]
 ? tgt_request_handle+0x23ad/0x3d30 [ptlrpc]
 ? ptlrpc_main+0x635f/0x9700 [ptlrpc]
 ? __kthread_parkme+0x70/0x110
 ? kthread+0x58a/0x700
 ? ptlrpc_start_thread+0x1f10/0x1f10 [ptlrpc]
 ? kthread_unuse_mm+0x130/0x130
 ? ret_from_fork+0x18a/0x450
 ? kthread_unuse_mm+0x130/0x130
 ? ret_from_fork_asm+0x11/0x20
 </TASK>
---[ end trace 0000000000000000 ]---
------------[ cut here ]------------
WARNING: /home/ktest/git/linux/include/linux/fs.h:888 at osd_create+0x9cf/0xcf0 [osd_wbcfs], CPU#0: ll_mgs_0002/945
Modules linked in: mdt(O) lquota(O) lfsck(O) mgs(O) osd_wbcfs(O) lustre(O) obdecho(O) mgc(O) mdc(O) lov(O) osc(O) lmv(O) ec(O) fid(O) fld(O) ptlrpc(O) obdclass(O) ksocklnd(O) lnet(O) libcfs(O) efivarfs
CPU: 0 UID: 0 PID: 945 Comm: ll_mgs_0002 Tainted: G        W  O        6.19.0-ktest-90452155cb-20260615 #1 NONE 
Tainted: [W]=WARN, [O]=OOT_MODULE
Hardware name: QEMU Standard PC (Q35 + ICH9, 2009), BIOS 2025.11-3ubuntu7 03/31/2026
RIP: 0010:osd_create+0x9cf/0xcf0 [osd_wbcfs]
Code: c7 c7 00 06 7a a1 48 c7 c6 80 82 7b a1 48 c7 c2 e0 8b 7b a1 e8 a2 71 44 ff 48 c7 c7 00 06 7a a1 e8 d6 00 45 ff e9 fe fc ff ff <0f> 0b e9 a5 fa ff ff 48 c7 c1 80 e4 5d a0 80 e1 07 80 c1 03 38 c1
RSP: 0018:ffffc9000106f670 EFLAGS: 00010246
RAX: 0000000000000000 RBX: ffff88812894b800 RCX: 0000000000000046
RDX: 0000000000000000 RSI: ffff88812b7909e8 RDI: ffff888107dda9e0
RBP: ffff88812b790958 R08: ffffffff838167c3 R09: 1ffffffff0702cf8
R10: dffffc0000000000 R11: fffffbfff0702cf9 R12: ffff888132ca6800
R13: dffffc0000000000 R14: 1ffff11025129700 R15: 1ffff11026594d0f
FS:  0000000000000000(0000) GS:ffff8881d4cfe000(0000) knlGS:0000000000000000
CS:  0010 DS: 0000 ES: 0000 CR0: 0000000080050033
CR2: 00007f80ce9c0b48 CR3: 000000012fe50000 CR4: 0000000000750eb0
PKRU: 55555554
Call Trace:
 <TASK>
 ? local_object_create+0x109/0x640 [obdclass]
 ? dt_write_lock+0x16d/0x2a0 [obdclass]
 ? llog_osd_create+0x35b/0x1270 [obdclass]
 ? llog_create+0x2ed/0x530 [obdclass]
 ? llog_open_create+0x6e7/0xb30 [obdclass]
 ? record_start_log+0x348/0xa40 [mgs]
 ? mgs_write_log_lov+0x3ac/0xde0 [mgs]
 ? mgs_write_log_target+0x17a4/0x6ab0 [mgs]
 ? mgs_target_reg+0x254e/0x4480 [mgs]
 ? tgt_request_handle+0x23ad/0x3d30 [ptlrpc]
 ? ptlrpc_main+0x635f/0x9700 [ptlrpc]
 ? __kthread_parkme+0x70/0x110
 ? kthread+0x58a/0x700
 ? ptlrpc_start_thread+0x1f10/0x1f10 [ptlrpc]
 ? kthread_unuse_mm+0x130/0x130
 ? ret_from_fork+0x18a/0x450
 ? kthread_unuse_mm+0x130/0x130
 ? ret_from_fork_asm+0x11/0x20
 </TASK>
---[ end trace 0000000000000000 ]---
------------[ cut here ]------------
WARNING: /home/ktest/git/linux/include/linux/fs.h:888 at osd_create+0x9cf/0xcf0 [osd_wbcfs], CPU#1: llog_process_th/978
Modules linked in: mdd(O) lod(O) mdt(O) lquota(O) lfsck(O) mgs(O) osd_wbcfs(O) lustre(O) obdecho(O) mgc(O) mdc(O) lov(O) osc(O) lmv(O) ec(O) fid(O) fld(O) ptlrpc(O) obdclass(O) ksocklnd(O) lnet(O) libcfs(O) efivarfs
CPU: 1 UID: 0 PID: 978 Comm: llog_process_th Tainted: G        W  O        6.19.0-ktest-90452155cb-20260615 #1 NONE 
Tainted: [W]=WARN, [O]=OOT_MODULE
Hardware name: QEMU Standard PC (Q35 + ICH9, 2009), BIOS 2025.11-3ubuntu7 03/31/2026
RIP: 0010:osd_create+0x9cf/0xcf0 [osd_wbcfs]
Code: c7 c7 00 06 7a a1 48 c7 c6 80 82 7b a1 48 c7 c2 e0 8b 7b a1 e8 a2 71 44 ff 48 c7 c7 00 06 7a a1 e8 d6 00 45 ff e9 fe fc ff ff <0f> 0b e9 a5 fa ff ff 48 c7 c1 80 e4 5d a0 80 e1 07 80 c1 03 38 c1
RSP: 0018:ffffc900012d7440 EFLAGS: 00010246
RAX: 0000000000000000 RBX: ffff88814ce36800 RCX: 0000000000000046
RDX: ffffffff8496bea0 RSI: ffff888130c902d0 RDI: ffff88812a4a49d0
RBP: ffff888130c90240 R08: 0000000000000000 R09: 0000000000000000
R10: dffffc0000000000 R11: ffffed102619203d R12: ffff88812952af00
R13: dffffc0000000000 R14: 1ffff110299c6d00 R15: 1ffff9200025aebd
FS:  0000000000000000(0000) GS:ffff8881d4d7e000(0000) knlGS:0000000000000000
CS:  0010 DS: 0000 ES: 0000 CR0: 0000000080050033
CR2: 00007f25163e62f4 CR3: 0000000130e59000 CR4: 0000000000750eb0
PKRU: 55555554
Call Trace:
 <TASK>
 ? dt_find_or_create+0x81a/0x1170 [obdclass]
 ? fld_index_init+0x404/0x1610 [fld]
 ? is_module_address+0x54/0x60
 ? __asan_memset+0x22/0x40
 ? fld_server_init+0x1d7/0x580 [fld]
 ? mdt_device_alloc+0x36b4/0x66c0 [mdt]
 ? obd_setup+0x25c/0x950 [obdclass]
 ? class_setup+0xc7d/0x10e0 [obdclass]
 ? class_process_config+0x2edb/0x7cb0 [obdclass]
 ? __kasan_kmalloc+0x72/0x80
 ? class_config_llog_handler+0x29d3/0x5110 [obdclass]
 ? class_config_llog_handler+0x2d7a/0x5110 [obdclass]
 ? lustre_cfg_rec_free+0x350/0x350 [obdclass]
 ? llog_process_thread+0x205e/0x4f80 [obdclass]
 ? _raw_spin_unlock+0x23/0x30
 ? llog_process_thread_daemonize+0x16d/0x1b0 [obdclass]
 ? kthread+0x58a/0x700
 ? llog_process_or_fork+0xc90/0xc90 [obdclass]
 ? kthread_unuse_mm+0x130/0x130
 ? ret_from_fork+0x18a/0x450
 ? kthread_unuse_mm+0x130/0x130
 ? ret_from_fork_asm+0x11/0x20
 </TASK>
---[ end trace 0000000000000000 ]---
------------[ cut here ]------------
WARNING: /home/ktest/git/linux/include/linux/fs.h:888 at osd_create+0x9cf/0xcf0 [osd_wbcfs], CPU#1: llog_process_th/978
Modules linked in: mdd(O) lod(O) mdt(O) lquota(O) lfsck(O) mgs(O) osd_wbcfs(O) lustre(O) obdecho(O) mgc(O) mdc(O) lov(O) osc(O) lmv(O) ec(O) fid(O) fld(O) ptlrpc(O) obdclass(O) ksocklnd(O) lnet(O) libcfs(O) efivarfs
CPU: 1 UID: 0 PID: 978 Comm: llog_process_th Tainted: G        W  O        6.19.0-ktest-90452155cb-20260615 #1 NONE 
Tainted: [W]=WARN, [O]=OOT_MODULE
Hardware name: QEMU Standard PC (Q35 + ICH9, 2009), BIOS 2025.11-3ubuntu7 03/31/2026
RIP: 0010:osd_create+0x9cf/0xcf0 [osd_wbcfs]
Code: c7 c7 00 06 7a a1 48 c7 c6 80 82 7b a1 48 c7 c2 e0 8b 7b a1 e8 a2 71 44 ff 48 c7 c7 00 06 7a a1 e8 d6 00 45 ff e9 fe fc ff ff <0f> 0b e9 a5 fa ff ff 48 c7 c1 80 e4 5d a0 80 e1 07 80 c1 03 38 c1
RSP: 0018:ffffc900012d7418 EFLAGS: 00010246
RAX: 0000000000000000 RBX: ffff88814ce37000 RCX: 0000000000000046
RDX: 0000000000000000 RSI: ffff888130c909e8 RDI: ffff88812a4a49d0
RBP: ffff888130c90958 R08: ffffffff838167c3 R09: 1ffffffff0702cf8
R10: dffffc0000000000 R11: fffffbfff0702cf9 R12: ffffc900012d7518
R13: dffffc0000000000 R14: 1ffff110299c6e00 R15: 1ffff9200025aea1
FS:  0000000000000000(0000) GS:ffff8881d4d7e000(0000) knlGS:0000000000000000
CS:  0010 DS: 0000 ES: 0000 CR0: 0000000080050033
CR2: 00007f25163e62f4 CR3: 0000000130e59000 CR4: 0000000000750eb0
PKRU: 55555554
Call Trace:
 <TASK>
 ? dt_find_or_create+0x81a/0x1170 [obdclass]
 ? seq_store_init+0x155/0x360 [fid]
 ? seq_server_init+0x290/0xba0 [fid]
 ? mdt_seq_init+0x513/0x1f00 [mdt]
 ? mdt_device_alloc+0x39c5/0x66c0 [mdt]
 ? obd_setup+0x25c/0x950 [obdclass]
 ? class_setup+0xc7d/0x10e0 [obdclass]
 ? class_process_config+0x2edb/0x7cb0 [obdclass]
 ? __kasan_kmalloc+0x72/0x80
 ? class_config_llog_handler+0x29d3/0x5110 [obdclass]
 ? class_config_llog_handler+0x2d7a/0x5110 [obdclass]
 ? lustre_cfg_rec_free+0x350/0x350 [obdclass]
 ? llog_process_thread+0x205e/0x4f80 [obdclass]
 ? _raw_spin_unlock+0x23/0x30
 ? llog_process_thread_daemonize+0x16d/0x1b0 [obdclass]
 ? kthread+0x58a/0x700
 ? llog_process_or_fork+0xc90/0xc90 [obdclass]
 ? kthread_unuse_mm+0x130/0x130
 ? ret_from_fork+0x18a/0x450
 ? kthread_unuse_mm+0x130/0x130
 ? ret_from_fork_asm+0x11/0x20
 </TASK>
---[ end trace 0000000000000000 ]---
Lustre: ctl-lustre-MDT0000: No data found on store. Initialize space.
------------[ cut here ]------------
WARNING: /home/ktest/git/linux/include/linux/fs.h:888 at osd_create+0x9cf/0xcf0 [osd_wbcfs], CPU#1: llog_process_th/978
Modules linked in: mdd(O) lod(O) mdt(O) lquota(O) lfsck(O) mgs(O) osd_wbcfs(O) lustre(O) obdecho(O) mgc(O) mdc(O) lov(O) osc(O) lmv(O) ec(O) fid(O) fld(O) ptlrpc(O) obdclass(O) ksocklnd(O) lnet(O) libcfs(O) efivarfs
CPU: 1 UID: 0 PID: 978 Comm: llog_process_th Tainted: G        W  O        6.19.0-ktest-90452155cb-20260615 #1 NONE 
Tainted: [W]=WARN, [O]=OOT_MODULE
Hardware name: QEMU Standard PC (Q35 + ICH9, 2009), BIOS 2025.11-3ubuntu7 03/31/2026
RIP: 0010:osd_create+0x9cf/0xcf0 [osd_wbcfs]
Code: c7 c7 00 06 7a a1 48 c7 c6 80 82 7b a1 48 c7 c2 e0 8b 7b a1 e8 a2 71 44 ff 48 c7 c7 00 06 7a a1 e8 d6 00 45 ff e9 fe fc ff ff <0f> 0b e9 a5 fa ff ff 48 c7 c1 80 e4 5d a0 80 e1 07 80 c1 03 38 c1
RSP: 0018:ffffc900012d7418 EFLAGS: 00010246
RAX: 0000000000000000 RBX: ffff88814ce37800 RCX: 0000000000000046
RDX: 0000000000000000 RSI: ffff888130c91100 RDI: ffff88812a4a49d0
RBP: ffff888130c91070 R08: ffffffff838167c3 R09: 1ffffffff0702cf8
R10: dffffc0000000000 R11: fffffbfff0702cf9 R12: ffffc900012d7518
R13: dffffc0000000000 R14: 1ffff110299c6f00 R15: 1ffff9200025aea1
FS:  0000000000000000(0000) GS:ffff8881d4d7e000(0000) knlGS:0000000000000000
CS:  0010 DS: 0000 ES: 0000 CR0: 0000000080050033
CR2: 00007f25163e62f4 CR3: 0000000130e59000 CR4: 0000000000750eb0
PKRU: 55555554
Call Trace:
 <TASK>
 ? dt_find_or_create+0x81a/0x1170 [obdclass]
 ? seq_store_init+0x155/0x360 [fid]
 ? seq_server_init+0x290/0xba0 [fid]
 ? mdt_seq_init+0x2c1/0x1f00 [mdt]
 ? mdt_device_alloc+0x39c5/0x66c0 [mdt]
 ? obd_setup+0x25c/0x950 [obdclass]
 ? class_setup+0xc7d/0x10e0 [obdclass]
 ? class_process_config+0x2edb/0x7cb0 [obdclass]
 ? __kasan_kmalloc+0x72/0x80
 ? class_config_llog_handler+0x29d3/0x5110 [obdclass]
 ? class_config_llog_handler+0x2d7a/0x5110 [obdclass]
 ? lustre_cfg_rec_free+0x350/0x350 [obdclass]
 ? llog_process_thread+0x205e/0x4f80 [obdclass]
 ? _raw_spin_unlock+0x23/0x30
 ? llog_process_thread_daemonize+0x16d/0x1b0 [obdclass]
 ? kthread+0x58a/0x700
 ? llog_process_or_fork+0xc90/0xc90 [obdclass]
 ? kthread_unuse_mm+0x130/0x130
 ? ret_from_fork+0x18a/0x450
 ? kthread_unuse_mm+0x130/0x130
 ? ret_from_fork_asm+0x11/0x20
 </TASK>
---[ end trace 0000000000000000 ]---
------------[ cut here ]------------
WARNING: /home/ktest/git/linux/include/linux/fs.h:888 at osd_create+0x9cf/0xcf0 [osd_wbcfs], CPU#1: llog_process_th/978
Modules linked in: mdd(O) lod(O) mdt(O) lquota(O) lfsck(O) mgs(O) osd_wbcfs(O) lustre(O) obdecho(O) mgc(O) mdc(O) lov(O) osc(O) lmv(O) ec(O) fid(O) fld(O) ptlrpc(O) obdclass(O) ksocklnd(O) lnet(O) libcfs(O) efivarfs
CPU: 1 UID: 0 PID: 978 Comm: llog_process_th Tainted: G        W  O        6.19.0-ktest-90452155cb-20260615 #1 NONE 
Tainted: [W]=WARN, [O]=OOT_MODULE
Hardware name: QEMU Standard PC (Q35 + ICH9, 2009), BIOS 2025.11-3ubuntu7 03/31/2026
RIP: 0010:osd_create+0x9cf/0xcf0 [osd_wbcfs]
Code: c7 c7 00 06 7a a1 48 c7 c6 80 82 7b a1 48 c7 c2 e0 8b 7b a1 e8 a2 71 44 ff 48 c7 c7 00 06 7a a1 e8 d6 00 45 ff e9 fe fc ff ff <0f> 0b e9 a5 fa ff ff 48 c7 c1 80 e4 5d a0 80 e1 07 80 c1 03 38 c1
RSP: 0018:ffffc900012d7460 EFLAGS: 00010246
RAX: 0000000000000000 RBX: ffff888105ab8800 RCX: 0000000000000046
RDX: 0000000000000000 RSI: ffff888130c91818 RDI: ffff88812a4a49d0
RBP: ffff888130c91788 R08: ffffffff838167c3 R09: 1ffffffff0702cf8
R10: dffffc0000000000 R11: fffffbfff0702cf9 R12: ffffc900012d75d0
R13: dffffc0000000000 R14: 1ffff11020b57100 R15: 1ffff9200025aec7
FS:  0000000000000000(0000) GS:ffff8881d4d7e000(0000) knlGS:0000000000000000
CS:  0010 DS: 0000 ES: 0000 CR0: 0000000080050033
CR2: 00007f25163e62f4 CR3: 0000000130e59000 CR4: 0000000000750eb0
PKRU: 55555554
Call Trace:
 <TASK>
 ? dt_find_or_create+0x81a/0x1170 [obdclass]
 ? tgt_init+0xb6e/0x2a60 [ptlrpc]
 ? mdt_device_alloc+0x3ce7/0x66c0 [mdt]
 ? obd_setup+0x25c/0x950 [obdclass]
 ? class_setup+0xc7d/0x10e0 [obdclass]
 ? class_process_config+0x2edb/0x7cb0 [obdclass]
 ? __kasan_kmalloc+0x72/0x80
 ? class_config_llog_handler+0x29d3/0x5110 [obdclass]
 ? class_config_llog_handler+0x2d7a/0x5110 [obdclass]
 ? lustre_cfg_rec_free+0x350/0x350 [obdclass]
 ? llog_process_thread+0x205e/0x4f80 [obdclass]
 ? _raw_spin_unlock+0x23/0x30
 ? llog_process_thread_daemonize+0x16d/0x1b0 [obdclass]
 ? kthread+0x58a/0x700
 ? llog_process_or_fork+0xc90/0xc90 [obdclass]
 ? kthread_unuse_mm+0x130/0x130
 ? ret_from_fork+0x18a/0x450
 ? kthread_unuse_mm+0x130/0x130
 ? ret_from_fork_asm+0x11/0x20
 </TASK>
---[ end trace 0000000000000000 ]---
Lustre: lustre-MDT0000: new disk, initializing
------------[ cut here ]------------
WARNING: /home/ktest/git/linux/include/linux/fs.h:888 at osd_create+0x9cf/0xcf0 [osd_wbcfs], CPU#1: llog_process_th/978
Modules linked in: mdd(O) lod(O) mdt(O) lquota(O) lfsck(O) mgs(O) osd_wbcfs(O) lustre(O) obdecho(O) mgc(O) mdc(O) lov(O) osc(O) lmv(O) ec(O) fid(O) fld(O) ptlrpc(O) obdclass(O) ksocklnd(O) lnet(O) libcfs(O) efivarfs
CPU: 1 UID: 0 PID: 978 Comm: llog_process_th Tainted: G        W  O        6.19.0-ktest-90452155cb-20260615 #1 NONE 
Tainted: [W]=WARN, [O]=OOT_MODULE
Hardware name: QEMU Standard PC (Q35 + ICH9, 2009), BIOS 2025.11-3ubuntu7 03/31/2026
RIP: 0010:osd_create+0x9cf/0xcf0 [osd_wbcfs]
Code: c7 c7 00 06 7a a1 48 c7 c6 80 82 7b a1 48 c7 c2 e0 8b 7b a1 e8 a2 71 44 ff 48 c7 c7 00 06 7a a1 e8 d6 00 45 ff e9 fe fc ff ff <0f> 0b e9 a5 fa ff ff 48 c7 c1 80 e4 5d a0 80 e1 07 80 c1 03 38 c1
RSP: 0018:ffffc900012d7460 EFLAGS: 00010246
RAX: 0000000000000000 RBX: ffff888105ab8c00 RCX: 0000000000000046
RDX: 0000000000000000 RSI: ffff888130c91f30 RDI: ffff88812a4a49d0
RBP: ffff888130c91ea0 R08: ffffffff838167c3 R09: 1ffffffff0702cf8
R10: dffffc0000000000 R11: fffffbfff0702cf9 R12: ffffc900012d75d0
R13: dffffc0000000000 R14: 1ffff11020b57180 R15: 1ffff9200025aec7
FS:  0000000000000000(0000) GS:ffff8881d4d7e000(0000) knlGS:0000000000000000
CS:  0010 DS: 0000 ES: 0000 CR0: 0000000080050033
CR2: 00007f25163e62f4 CR3: 0000000130e59000 CR4: 0000000000750eb0
PKRU: 55555554
Call Trace:
 <TASK>
 ? dt_find_or_create+0x81a/0x1170 [obdclass]
 ? tgt_init+0x1a94/0x2a60 [ptlrpc]
 ? mdt_device_alloc+0x3ce7/0x66c0 [mdt]
 ? obd_setup+0x25c/0x950 [obdclass]
 ? class_setup+0xc7d/0x10e0 [obdclass]
 ? class_process_config+0x2edb/0x7cb0 [obdclass]
 ? __kasan_kmalloc+0x72/0x80
 ? class_config_llog_handler+0x29d3/0x5110 [obdclass]
 ? class_config_llog_handler+0x2d7a/0x5110 [obdclass]
 ? lustre_cfg_rec_free+0x350/0x350 [obdclass]
 ? llog_process_thread+0x205e/0x4f80 [obdclass]
 ? _raw_spin_unlock+0x23/0x30
 ? llog_process_thread_daemonize+0x16d/0x1b0 [obdclass]
 ? kthread+0x58a/0x700
 ? llog_process_or_fork+0xc90/0xc90 [obdclass]
 ? kthread_unuse_mm+0x130/0x130
 ? ret_from_fork+0x18a/0x450
 ? kthread_unuse_mm+0x130/0x130
 ? ret_from_fork_asm+0x11/0x20
 </TASK>
---[ end trace 0000000000000000 ]---
------------[ cut here ]------------
WARNING: /home/ktest/git/linux/include/linux/fs.h:888 at osd_create+0x9cf/0xcf0 [osd_wbcfs], CPU#2: llog_process_th/978
Modules linked in: mdd(O) lod(O) mdt(O) lquota(O) lfsck(O) mgs(O) osd_wbcfs(O) lustre(O) obdecho(O) mgc(O) mdc(O) lov(O) osc(O) lmv(O) ec(O) fid(O) fld(O) ptlrpc(O) obdclass(O) ksocklnd(O) lnet(O) libcfs(O) efivarfs
CPU: 2 UID: 0 PID: 978 Comm: llog_process_th Tainted: G        W  O        6.19.0-ktest-90452155cb-20260615 #1 NONE 
Tainted: [W]=WARN, [O]=OOT_MODULE
Hardware name: QEMU Standard PC (Q35 + ICH9, 2009), BIOS 2025.11-3ubuntu7 03/31/2026
RIP: 0010:osd_create+0x9cf/0xcf0 [osd_wbcfs]
Code: c7 c7 00 06 7a a1 48 c7 c6 80 82 7b a1 48 c7 c2 e0 8b 7b a1 e8 a2 71 44 ff 48 c7 c7 00 06 7a a1 e8 d6 00 45 ff e9 fe fc ff ff <0f> 0b e9 a5 fa ff ff 48 c7 c1 80 e4 5d a0 80 e1 07 80 c1 03 38 c1
RSP: 0018:ffffc900012d7360 EFLAGS: 00010246
RAX: 0000000000000000 RBX: ffff88812d33ec00 RCX: 0000000000000046
RDX: 0000000000000000 RSI: ffff88813071ad60 RDI: ffff88812a4a49d0
RBP: ffff88813071acd0 R08: ffffffff838167c3 R09: 1ffffffff0702cf8
R10: dffffc0000000000 R11: fffffbfff0702cf9 R12: ffff88812f7fd418
R13: dffffc0000000000 R14: 1ffff11025a67d80 R15: 1ffff11025effa92
FS:  0000000000000000(0000) GS:ffff8881d4dfe000(0000) knlGS:0000000000000000
CS:  0010 DS: 0000 ES: 0000 CR0: 0000000080050033
CR2: 00007f92ca7e62f4 CR3: 000000012caaa000 CR4: 0000000000750eb0
PKRU: 55555554
Call Trace:
 <TASK>
 ? local_object_create+0x109/0x640 [obdclass]
 ? dt_write_lock+0x16d/0x2a0 [obdclass]
 ? __local_file_create+0xce4/0x1bc0 [obdclass]
 ? local_file_find_or_create+0x13c/0x1d0 [obdclass]
 ? lquota_disk_dir_find_create+0x31f/0xd10 [lquota]
 ? qmt_device_prepare+0x122/0x600 [lquota]
 ? mdt_quota_init+0x1a65/0x3220 [mdt]
 ? mdt_tunables_init+0x3e6/0x530 [mdt]
 ? mdt_device_alloc+0x46a6/0x66c0 [mdt]
 ? obd_setup+0x25c/0x950 [obdclass]
 ? class_setup+0xc7d/0x10e0 [obdclass]
 ? class_process_config+0x2edb/0x7cb0 [obdclass]
 ? __kasan_kmalloc+0x72/0x80
 ? class_config_llog_handler+0x29d3/0x5110 [obdclass]
 ? class_config_llog_handler+0x2d7a/0x5110 [obdclass]
 ? lustre_cfg_rec_free+0x350/0x350 [obdclass]
 ? llog_process_thread+0x205e/0x4f80 [obdclass]
 ? _raw_spin_unlock+0x23/0x30
 ? llog_process_thread_daemonize+0x16d/0x1b0 [obdclass]
 ? kthread+0x58a/0x700
 ? llog_process_or_fork+0xc90/0xc90 [obdclass]
 ? kthread_unuse_mm+0x130/0x130
 ? ret_from_fork+0x18a/0x450
 ? kthread_unuse_mm+0x130/0x130
 ? ret_from_fork_asm+0x11/0x20
 </TASK>
---[ end trace 0000000000000000 ]---
------------[ cut here ]------------
WARNING: /home/ktest/git/linux/include/linux/fs.h:888 at osd_create+0x9cf/0xcf0 [osd_wbcfs], CPU#2: llog_process_th/978
Modules linked in: mdd(O) lod(O) mdt(O) lquota(O) lfsck(O) mgs(O) osd_wbcfs(O) lustre(O) obdecho(O) mgc(O) mdc(O) lov(O) osc(O) lmv(O) ec(O) fid(O) fld(O) ptlrpc(O) obdclass(O) ksocklnd(O) lnet(O) libcfs(O) efivarfs
CPU: 2 UID: 0 PID: 978 Comm: llog_process_th Tainted: G        W  O        6.19.0-ktest-90452155cb-20260615 #1 NONE 
Tainted: [W]=WARN, [O]=OOT_MODULE
Hardware name: QEMU Standard PC (Q35 + ICH9, 2009), BIOS 2025.11-3ubuntu7 03/31/2026
RIP: 0010:osd_create+0x9cf/0xcf0 [osd_wbcfs]
Code: c7 c7 00 06 7a a1 48 c7 c6 80 82 7b a1 48 c7 c2 e0 8b 7b a1 e8 a2 71 44 ff 48 c7 c7 00 06 7a a1 e8 d6 00 45 ff e9 fe fc ff ff <0f> 0b e9 a5 fa ff ff 48 c7 c1 80 e4 5d a0 80 e1 07 80 c1 03 38 c1
RSP: 0018:ffffc900012d7260 EFLAGS: 00010246
RAX: 0000000000000000 RBX: ffff88812d33dc00 RCX: 0000000000000046
RDX: 0000000000000000 RSI: ffff88813071b478 RDI: ffff88812a4a49d0
RBP: ffff88813071b3e8 R08: ffffffff838167c3 R09: 1ffffffff0702cf8
R10: dffffc0000000000 R11: fffffbfff0702cf9 R12: ffff88812f7fd418
R13: dffffc0000000000 R14: 1ffff11025a67b80 R15: 1ffff11025effa92
FS:  0000000000000000(0000) GS:ffff8881d4dfe000(0000) knlGS:0000000000000000
CS:  0010 DS: 0000 ES: 0000 CR0: 0000000080050033
CR2: 00007f92ca7e62f4 CR3: 000000012caaa000 CR4: 0000000000750eb0
PKRU: 55555554
Call Trace:
 <TASK>
 ? local_object_create+0x109/0x640 [obdclass]
 ? dt_write_lock+0x16d/0x2a0 [obdclass]
 ? __local_file_create+0xce4/0x1bc0 [obdclass]
 ? local_file_find_or_create+0x13c/0x1d0 [obdclass]
 ? lquota_disk_dir_find_create+0x31f/0xd10 [lquota]
 ? qmt_pool_prepare+0x3ee/0x16f0 [lquota]
 ? qmt_device_prepare+0x22a/0x600 [lquota]
 ? mdt_quota_init+0x1a65/0x3220 [mdt]
 ? mdt_tunables_init+0x3e6/0x530 [mdt]
 ? mdt_device_alloc+0x46a6/0x66c0 [mdt]
 ? obd_setup+0x25c/0x950 [obdclass]
 ? class_setup+0xc7d/0x10e0 [obdclass]
 ? class_process_config+0x2edb/0x7cb0 [obdclass]
 ? __kasan_kmalloc+0x72/0x80
 ? class_config_llog_handler+0x29d3/0x5110 [obdclass]
 ? class_config_llog_handler+0x2d7a/0x5110 [obdclass]
 ? lustre_cfg_rec_free+0x350/0x350 [obdclass]
 ? llog_process_thread+0x205e/0x4f80 [obdclass]
 ? _raw_spin_unlock+0x23/0x30
 ? llog_process_thread_daemonize+0x16d/0x1b0 [obdclass]
 ? kthread+0x58a/0x700
 ? llog_process_or_fork+0xc90/0xc90 [obdclass]
 ? kthread_unuse_mm+0x130/0x130
 ? ret_from_fork+0x18a/0x450
 ? kthread_unuse_mm+0x130/0x130
 ? ret_from_fork_asm+0x11/0x20
 </TASK>
---[ end trace 0000000000000000 ]---
------------[ cut here ]------------
WARNING: /home/ktest/git/linux/include/linux/fs.h:888 at osd_create+0x9cf/0xcf0 [osd_wbcfs], CPU#2: llog_process_th/978
Modules linked in: mdd(O) lod(O) mdt(O) lquota(O) lfsck(O) mgs(O) osd_wbcfs(O) lustre(O) obdecho(O) mgc(O) mdc(O) lov(O) osc(O) lmv(O) ec(O) fid(O) fld(O) ptlrpc(O) obdclass(O) ksocklnd(O) lnet(O) libcfs(O) efivarfs
CPU: 2 UID: 0 PID: 978 Comm: llog_process_th Tainted: G        W  O        6.19.0-ktest-90452155cb-20260615 #1 NONE 
Tainted: [W]=WARN, [O]=OOT_MODULE
Hardware name: QEMU Standard PC (Q35 + ICH9, 2009), BIOS 2025.11-3ubuntu7 03/31/2026
RIP: 0010:osd_create+0x9cf/0xcf0 [osd_wbcfs]
Code: c7 c7 00 06 7a a1 48 c7 c6 80 82 7b a1 48 c7 c2 e0 8b 7b a1 e8 a2 71 44 ff 48 c7 c7 00 06 7a a1 e8 d6 00 45 ff e9 fe fc ff ff <0f> 0b e9 a5 fa ff ff 48 c7 c1 80 e4 5d a0 80 e1 07 80 c1 03 38 c1
RSP: 0018:ffffc900012d7248 EFLAGS: 00010246
RAX: 0000000000000000 RBX: ffff888104905000 RCX: 0000000000000046
RDX: ffffffff8496bea0 RSI: ffff88813071bb90 RDI: ffff88812a4a49d0
RBP: ffff88813071bb00 R08: 0000000000000000 R09: 0000000000000000
R10: dffffc0000000000 R11: ffffed10260e3755 R12: ffff88812f7fd418
R13: dffffc0000000000 R14: 1ffff11020920a00 R15: 1ffff11025effa92
FS:  0000000000000000(0000) GS:ffff8881d4dfe000(0000) knlGS:0000000000000000
CS:  0010 DS: 0000 ES: 0000 CR0: 0000000080050033
CR2: 00007f92ca7e62f4 CR3: 000000012caaa000 CR4: 0000000000750eb0
PKRU: 55555554
Call Trace:
 <TASK>
 ? local_object_create+0x109/0x640 [obdclass]
 ? dt_write_lock+0x16d/0x2a0 [obdclass]
 ? __local_file_create+0xce4/0x1bc0 [obdclass]
 ? local_index_find_or_create_with_fid+0x20d/0x3c0 [obdclass]
 ? lquota_disk_glb_find_create+0x3e7/0xe50 [lquota]
 ? qmt_pool_prepare+0x5af/0x16f0 [lquota]
 ? qmt_device_prepare+0x22a/0x600 [lquota]
 ? mdt_quota_init+0x1a65/0x3220 [mdt]
 ? mdt_tunables_init+0x3e6/0x530 [mdt]
 ? mdt_device_alloc+0x46a6/0x66c0 [mdt]
 ? obd_setup+0x25c/0x950 [obdclass]
 ? class_setup+0xc7d/0x10e0 [obdclass]
 ? class_process_config+0x2edb/0x7cb0 [obdclass]
 ? __kasan_kmalloc+0x72/0x80
 ? class_config_llog_handler+0x29d3/0x5110 [obdclass]
 ? class_config_llog_handler+0x2d7a/0x5110 [obdclass]
 ? lustre_cfg_rec_free+0x350/0x350 [obdclass]
 ? llog_process_thread+0x205e/0x4f80 [obdclass]
 ? _raw_spin_unlock+0x23/0x30
 ? llog_process_thread_daemonize+0x16d/0x1b0 [obdclass]
 ? kthread+0x58a/0x700
 ? llog_process_or_fork+0xc90/0xc90 [obdclass]
 ? kthread_unuse_mm+0x130/0x130
 ? ret_from_fork+0x18a/0x450
 ? kthread_unuse_mm+0x130/0x130
 ? ret_from_fork_asm+0x11/0x20
 </TASK>
---[ end trace 0000000000000000 ]---
------------[ cut here ]------------
WARNING: /home/ktest/git/linux/include/linux/fs.h:888 at osd_create+0x9cf/0xcf0 [osd_wbcfs], CPU#2: llog_process_th/978
Modules linked in: mdd(O) lod(O) mdt(O) lquota(O) lfsck(O) mgs(O) osd_wbcfs(O) lustre(O) obdecho(O) mgc(O) mdc(O) lov(O) osc(O) lmv(O) ec(O) fid(O) fld(O) ptlrpc(O) obdclass(O) ksocklnd(O) lnet(O) libcfs(O) efivarfs
CPU: 2 UID: 0 PID: 978 Comm: llog_process_th Tainted: G        W  O        6.19.0-ktest-90452155cb-20260615 #1 NONE 
Tainted: [W]=WARN, [O]=OOT_MODULE
Hardware name: QEMU Standard PC (Q35 + ICH9, 2009), BIOS 2025.11-3ubuntu7 03/31/2026
RIP: 0010:osd_create+0x9cf/0xcf0 [osd_wbcfs]
Code: c7 c7 00 06 7a a1 48 c7 c6 80 82 7b a1 48 c7 c2 e0 8b 7b a1 e8 a2 71 44 ff 48 c7 c7 00 06 7a a1 e8 d6 00 45 ff e9 fe fc ff ff <0f> 0b e9 a5 fa ff ff 48 c7 c1 80 e4 5d a0 80 e1 07 80 c1 03 38 c1
RSP: 0018:ffffc900012d7248 EFLAGS: 00010246
RAX: 0000000000000000 RBX: ffff8881317fac00 RCX: 0000000000000046
RDX: ffffffff8496bea0 RSI: ffff88813071c2a8 RDI: ffff88812a4a49d0
RBP: ffff88813071c218 R08: 0000000000000000 R09: 0000000000000000
R10: dffffc0000000000 R11: ffffed10260e3838 R12: ffff88812f7fd418
R13: dffffc0000000000 R14: 1ffff110262ff580 R15: 1ffff11025effa92
FS:  0000000000000000(0000) GS:ffff8881d4dfe000(0000) knlGS:0000000000000000
CS:  0010 DS: 0000 ES: 0000 CR0: 0000000080050033
CR2: 00007f92ca7e62f4 CR3: 000000012caaa000 CR4: 0000000000750eb0
PKRU: 55555554
Call Trace:
 <TASK>
 ? local_object_create+0x109/0x640 [obdclass]
 ? dt_write_lock+0x16d/0x2a0 [obdclass]
 ? __local_file_create+0xce4/0x1bc0 [obdclass]
 ? local_index_find_or_create_with_fid+0x20d/0x3c0 [obdclass]
 ? lquota_disk_glb_find_create+0x3e7/0xe50 [lquota]
 ? lprocfs_seq_create+0x120/0x340 [obdclass]
 ? qmt_pool_prepare+0x5af/0x16f0 [lquota]
 ? qmt_device_prepare+0x22a/0x600 [lquota]
 ? mdt_quota_init+0x1a65/0x3220 [mdt]
 ? mdt_tunables_init+0x3e6/0x530 [mdt]
 ? mdt_device_alloc+0x46a6/0x66c0 [mdt]
 ? obd_setup+0x25c/0x950 [obdclass]
 ? class_setup+0xc7d/0x10e0 [obdclass]
 ? class_process_config+0x2edb/0x7cb0 [obdclass]
 ? __kasan_kmalloc+0x72/0x80
 ? class_config_llog_handler+0x29d3/0x5110 [obdclass]
 ? class_config_llog_handler+0x2d7a/0x5110 [obdclass]
 ? lustre_cfg_rec_free+0x350/0x350 [obdclass]
 ? llog_process_thread+0x205e/0x4f80 [obdclass]
 ? _raw_spin_unlock+0x23/0x30
 ? llog_process_thread_daemonize+0x16d/0x1b0 [obdclass]
 ? kthread+0x58a/0x700
 ? llog_process_or_fork+0xc90/0xc90 [obdclass]
 ? kthread_unuse_mm+0x130/0x130
 ? ret_from_fork+0x18a/0x450
 ? kthread_unuse_mm+0x130/0x130
 ? ret_from_fork_asm+0x11/0x20
 </TASK>
---[ end trace 0000000000000000 ]---
------------[ cut here ]------------
WARNING: /home/ktest/git/linux/include/linux/fs.h:888 at osd_create+0x9cf/0xcf0 [osd_wbcfs], CPU#2: llog_process_th/978
Modules linked in: mdd(O) lod(O) mdt(O) lquota(O) lfsck(O) mgs(O) osd_wbcfs(O) lustre(O) obdecho(O) mgc(O) mdc(O) lov(O) osc(O) lmv(O) ec(O) fid(O) fld(O) ptlrpc(O) obdclass(O) ksocklnd(O) lnet(O) libcfs(O) efivarfs
CPU: 2 UID: 0 PID: 978 Comm: llog_process_th Tainted: G        W  O        6.19.0-ktest-90452155cb-20260615 #1 NONE 
Tainted: [W]=WARN, [O]=OOT_MODULE
Hardware name: QEMU Standard PC (Q35 + ICH9, 2009), BIOS 2025.11-3ubuntu7 03/31/2026
RIP: 0010:osd_create+0x9cf/0xcf0 [osd_wbcfs]
Code: c7 c7 00 06 7a a1 48 c7 c6 80 82 7b a1 48 c7 c2 e0 8b 7b a1 e8 a2 71 44 ff 48 c7 c7 00 06 7a a1 e8 d6 00 45 ff e9 fe fc ff ff <0f> 0b e9 a5 fa ff ff 48 c7 c1 80 e4 5d a0 80 e1 07 80 c1 03 38 c1
RSP: 0018:ffffc900012d7248 EFLAGS: 00010246
RAX: 0000000000000000 RBX: ffff88814b951c00 RCX: 0000000000000046
RDX: ffffffff8496bea0 RSI: ffff88813071c9c0 RDI: ffff88812a4a49d0
RBP: ffff88813071c930 R08: 0000000000000000 R09: 0000000000000000
R10: dffffc0000000000 R11: ffffed10260e391b R12: ffff88812f7fd418
R13: dffffc0000000000 R14: 1ffff1102972a380 R15: 1ffff11025effa92
FS:  0000000000000000(0000) GS:ffff8881d4dfe000(0000) knlGS:0000000000000000
CS:  0010 DS: 0000 ES: 0000 CR0: 0000000080050033
CR2: 00007f92ca7e62f4 CR3: 000000012caaa000 CR4: 0000000000750eb0
PKRU: 55555554
Call Trace:
 <TASK>
 ? local_object_create+0x109/0x640 [obdclass]
 ? dt_write_lock+0x16d/0x2a0 [obdclass]
 ? __local_file_create+0xce4/0x1bc0 [obdclass]
 ? local_index_find_or_create_with_fid+0x20d/0x3c0 [obdclass]
 ? lquota_disk_glb_find_create+0x3e7/0xe50 [lquota]
 ? lprocfs_seq_create+0x120/0x340 [obdclass]
 ? qmt_pool_prepare+0x5af/0x16f0 [lquota]
 ? qmt_device_prepare+0x22a/0x600 [lquota]
 ? mdt_quota_init+0x1a65/0x3220 [mdt]
 ? mdt_tunables_init+0x3e6/0x530 [mdt]
 ? mdt_device_alloc+0x46a6/0x66c0 [mdt]
 ? obd_setup+0x25c/0x950 [obdclass]
 ? class_setup+0xc7d/0x10e0 [obdclass]
 ? class_process_config+0x2edb/0x7cb0 [obdclass]
 ? __kasan_kmalloc+0x72/0x80
 ? class_config_llog_handler+0x29d3/0x5110 [obdclass]
 ? class_config_llog_handler+0x2d7a/0x5110 [obdclass]
 ? lustre_cfg_rec_free+0x350/0x350 [obdclass]
 ? llog_process_thread+0x205e/0x4f80 [obdclass]
 ? _raw_spin_unlock+0x23/0x30
 ? llog_process_thread_daemonize+0x16d/0x1b0 [obdclass]
 ? kthread+0x58a/0x700
 ? llog_process_or_fork+0xc90/0xc90 [obdclass]
 ? kthread_unuse_mm+0x130/0x130
 ? ret_from_fork+0x18a/0x450
 ? kthread_unuse_mm+0x130/0x130
 ? ret_from_fork_asm+0x11/0x20
 </TASK>
---[ end trace 0000000000000000 ]---
------------[ cut here ]------------
WARNING: /home/ktest/git/linux/include/linux/fs.h:888 at osd_create+0x9cf/0xcf0 [osd_wbcfs], CPU#2: llog_process_th/978
Modules linked in: mdd(O) lod(O) mdt(O) lquota(O) lfsck(O) mgs(O) osd_wbcfs(O) lustre(O) obdecho(O) mgc(O) mdc(O) lov(O) osc(O) lmv(O) ec(O) fid(O) fld(O) ptlrpc(O) obdclass(O) ksocklnd(O) lnet(O) libcfs(O) efivarfs
CPU: 2 UID: 0 PID: 978 Comm: llog_process_th Tainted: G        W  O        6.19.0-ktest-90452155cb-20260615 #1 NONE 
Tainted: [W]=WARN, [O]=OOT_MODULE
Hardware name: QEMU Standard PC (Q35 + ICH9, 2009), BIOS 2025.11-3ubuntu7 03/31/2026
RIP: 0010:osd_create+0x9cf/0xcf0 [osd_wbcfs]
Code: c7 c7 00 06 7a a1 48 c7 c6 80 82 7b a1 48 c7 c2 e0 8b 7b a1 e8 a2 71 44 ff 48 c7 c7 00 06 7a a1 e8 d6 00 45 ff e9 fe fc ff ff <0f> 0b e9 a5 fa ff ff 48 c7 c1 80 e4 5d a0 80 e1 07 80 c1 03 38 c1
RSP: 0018:ffffc900012d7260 EFLAGS: 00010246
RAX: 0000000000000000 RBX: ffff88814b953c00 RCX: 0000000000000046
RDX: 0000000000000000 RSI: ffff88813071d0d8 RDI: ffff88812a4a49d0
RBP: ffff88813071d048 R08: ffffffff838167c3 R09: 1ffffffff0702cf8
R10: dffffc0000000000 R11: fffffbfff0702cf9 R12: ffff88812f7fd418
R13: dffffc0000000000 R14: 1ffff1102972a780 R15: 1ffff11025effa92
FS:  0000000000000000(0000) GS:ffff8881d4dfe000(0000) knlGS:0000000000000000
CS:  0010 DS: 0000 ES: 0000 CR0: 0000000080050033
CR2: 00007f92ca7e62f4 CR3: 000000012caaa000 CR4: 0000000000750eb0
PKRU: 55555554
Call Trace:
 <TASK>
 ? local_object_create+0x109/0x640 [obdclass]
 ? dt_write_lock+0x16d/0x2a0 [obdclass]
 ? __local_file_create+0xce4/0x1bc0 [obdclass]
 ? local_file_find_or_create+0x13c/0x1d0 [obdclass]
 ? lquota_disk_dir_find_create+0x31f/0xd10 [lquota]
 ? qmt_pool_prepare+0x3ee/0x16f0 [lquota]
 ? qmt_device_prepare+0x22a/0x600 [lquota]
 ? mdt_quota_init+0x1a65/0x3220 [mdt]
 ? mdt_tunables_init+0x3e6/0x530 [mdt]
 ? mdt_device_alloc+0x46a6/0x66c0 [mdt]
 ? obd_setup+0x25c/0x950 [obdclass]
 ? class_setup+0xc7d/0x10e0 [obdclass]
 ? class_process_config+0x2edb/0x7cb0 [obdclass]
 ? __kasan_kmalloc+0x72/0x80
 ? class_config_llog_handler+0x29d3/0x5110 [obdclass]
 ? class_config_llog_handler+0x2d7a/0x5110 [obdclass]
 ? lustre_cfg_rec_free+0x350/0x350 [obdclass]
 ? llog_process_thread+0x205e/0x4f80 [obdclass]
 ? _raw_spin_unlock+0x23/0x30
 ? llog_process_thread_daemonize+0x16d/0x1b0 [obdclass]
 ? kthread+0x58a/0x700
 ? llog_process_or_fork+0xc90/0xc90 [obdclass]
 ? kthread_unuse_mm+0x130/0x130
 ? ret_from_fork+0x18a/0x450
 ? kthread_unuse_mm+0x130/0x130
 ? ret_from_fork_asm+0x11/0x20
 </TASK>
---[ end trace 0000000000000000 ]---
------------[ cut here ]------------
WARNING: /home/ktest/git/linux/include/linux/fs.h:888 at osd_create+0x9cf/0xcf0 [osd_wbcfs], CPU#2: llog_process_th/978
Modules linked in: mdd(O) lod(O) mdt(O) lquota(O) lfsck(O) mgs(O) osd_wbcfs(O) lustre(O) obdecho(O) mgc(O) mdc(O) lov(O) osc(O) lmv(O) ec(O) fid(O) fld(O) ptlrpc(O) obdclass(O) ksocklnd(O) lnet(O) libcfs(O) efivarfs
CPU: 2 UID: 0 PID: 978 Comm: llog_process_th Tainted: G        W  O        6.19.0-ktest-90452155cb-20260615 #1 NONE 
Tainted: [W]=WARN, [O]=OOT_MODULE
Hardware name: QEMU Standard PC (Q35 + ICH9, 2009), BIOS 2025.11-3ubuntu7 03/31/2026
RIP: 0010:osd_create+0x9cf/0xcf0 [osd_wbcfs]
Code: c7 c7 00 06 7a a1 48 c7 c6 80 82 7b a1 48 c7 c2 e0 8b 7b a1 e8 a2 71 44 ff 48 c7 c7 00 06 7a a1 e8 d6 00 45 ff e9 fe fc ff ff <0f> 0b e9 a5 fa ff ff 48 c7 c1 80 e4 5d a0 80 e1 07 80 c1 03 38 c1
RSP: 0018:ffffc900012d7248 EFLAGS: 00010246
RAX: 0000000000000000 RBX: ffff88814b910800 RCX: 0000000000000046
RDX: ffffffff8496bea0 RSI: ffff88813071d7f0 RDI: ffff88812a4a49d0
RBP: ffff88813071d760 R08: 0000000000000000 R09: 0000000000000000
R10: dffffc0000000000 R11: ffffed10260e3ae1 R12: ffff88812f7fd418
R13: dffffc0000000000 R14: 1ffff11029722100 R15: 1ffff11025effa92
FS:  0000000000000000(0000) GS:ffff8881d4dfe000(0000) knlGS:0000000000000000
CS:  0010 DS: 0000 ES: 0000 CR0: 0000000080050033
CR2: 00007f92ca7e62f4 CR3: 000000012caaa000 CR4: 0000000000750eb0
PKRU: 55555554
Call Trace:
 <TASK>
 ? local_object_create+0x109/0x640 [obdclass]
 ? dt_write_lock+0x16d/0x2a0 [obdclass]
 ? __local_file_create+0xce4/0x1bc0 [obdclass]
 ? local_index_find_or_create_with_fid+0x20d/0x3c0 [obdclass]
 ? lquota_disk_glb_find_create+0x3e7/0xe50 [lquota]
 ? qmt_pool_prepare+0x5af/0x16f0 [lquota]
 ? qmt_device_prepare+0x22a/0x600 [lquota]
 ? mdt_quota_init+0x1a65/0x3220 [mdt]
 ? mdt_tunables_init+0x3e6/0x530 [mdt]
 ? mdt_device_alloc+0x46a6/0x66c0 [mdt]
 ? obd_setup+0x25c/0x950 [obdclass]
 ? class_setup+0xc7d/0x10e0 [obdclass]
 ? class_process_config+0x2edb/0x7cb0 [obdclass]
 ? __kasan_kmalloc+0x72/0x80
 ? class_config_llog_handler+0x29d3/0x5110 [obdclass]
 ? class_config_llog_handler+0x2d7a/0x5110 [obdclass]
 ? lustre_cfg_rec_free+0x350/0x350 [obdclass]
 ? llog_process_thread+0x205e/0x4f80 [obdclass]
 ? _raw_spin_unlock+0x23/0x30
 ? llog_process_thread_daemonize+0x16d/0x1b0 [obdclass]
 ? kthread+0x58a/0x700
 ? llog_process_or_fork+0xc90/0xc90 [obdclass]
 ? kthread_unuse_mm+0x130/0x130
 ? ret_from_fork+0x18a/0x450
 ? kthread_unuse_mm+0x130/0x130
 ? ret_from_fork_asm+0x11/0x20
 </TASK>
---[ end trace 0000000000000000 ]---
------------[ cut here ]------------
WARNING: /home/ktest/git/linux/include/linux/fs.h:888 at osd_create+0x9cf/0xcf0 [osd_wbcfs], CPU#2: llog_process_th/978
Modules linked in: mdd(O) lod(O) mdt(O) lquota(O) lfsck(O) mgs(O) osd_wbcfs(O) lustre(O) obdecho(O) mgc(O) mdc(O) lov(O) osc(O) lmv(O) ec(O) fid(O) fld(O) ptlrpc(O) obdclass(O) ksocklnd(O) lnet(O) libcfs(O) efivarfs
CPU: 2 UID: 0 PID: 978 Comm: llog_process_th Tainted: G        W  O        6.19.0-ktest-90452155cb-20260615 #1 NONE 
Tainted: [W]=WARN, [O]=OOT_MODULE
Hardware name: QEMU Standard PC (Q35 + ICH9, 2009), BIOS 2025.11-3ubuntu7 03/31/2026
RIP: 0010:osd_create+0x9cf/0xcf0 [osd_wbcfs]
Code: c7 c7 00 06 7a a1 48 c7 c6 80 82 7b a1 48 c7 c2 e0 8b 7b a1 e8 a2 71 44 ff 48 c7 c7 00 06 7a a1 e8 d6 00 45 ff e9 fe fc ff ff <0f> 0b e9 a5 fa ff ff 48 c7 c1 80 e4 5d a0 80 e1 07 80 c1 03 38 c1
RSP: 0018:ffffc900012d7248 EFLAGS: 00010246
RAX: 0000000000000000 RBX: ffff88814b912800 RCX: 0000000000000046
RDX: ffffffff8496bea0 RSI: ffff88813071df08 RDI: ffff88812a4a49d0
RBP: ffff88813071de78 R08: 0000000000000000 R09: 0000000000000000
R10: dffffc0000000000 R11: ffffed10260e3bc4 R12: ffff88812f7fd418
R13: dffffc0000000000 R14: 1ffff11029722500 R15: 1ffff11025effa92
FS:  0000000000000000(0000) GS:ffff8881d4dfe000(0000) knlGS:0000000000000000
CS:  0010 DS: 0000 ES: 0000 CR0: 0000000080050033
CR2: 00007f92ca7e62f4 CR3: 000000012caaa000 CR4: 0000000000750eb0
PKRU: 55555554
Call Trace:
 <TASK>
 ? local_object_create+0x109/0x640 [obdclass]
 ? dt_write_lock+0x16d/0x2a0 [obdclass]
 ? __local_file_create+0xce4/0x1bc0 [obdclass]
 ? local_index_find_or_create_with_fid+0x20d/0x3c0 [obdclass]
 ? lquota_disk_glb_find_create+0x3e7/0xe50 [lquota]
 ? lprocfs_seq_create+0x120/0x340 [obdclass]
 ? qmt_pool_prepare+0x5af/0x16f0 [lquota]
 ? qmt_device_prepare+0x22a/0x600 [lquota]
 ? mdt_quota_init+0x1a65/0x3220 [mdt]
 ? mdt_tunables_init+0x3e6/0x530 [mdt]
 ? mdt_device_alloc+0x46a6/0x66c0 [mdt]
 ? obd_setup+0x25c/0x950 [obdclass]
 ? class_setup+0xc7d/0x10e0 [obdclass]
 ? class_process_config+0x2edb/0x7cb0 [obdclass]
 ? __kasan_kmalloc+0x72/0x80
 ? class_config_llog_handler+0x29d3/0x5110 [obdclass]
 ? class_config_llog_handler+0x2d7a/0x5110 [obdclass]
 ? lustre_cfg_rec_free+0x350/0x350 [obdclass]
 ? llog_process_thread+0x205e/0x4f80 [obdclass]
 ? _raw_spin_unlock+0x23/0x30
 ? llog_process_thread_daemonize+0x16d/0x1b0 [obdclass]
 ? kthread+0x58a/0x700
 ? llog_process_or_fork+0xc90/0xc90 [obdclass]
 ? kthread_unuse_mm+0x130/0x130
 ? ret_from_fork+0x18a/0x450
 ? kthread_unuse_mm+0x130/0x130
 ? ret_from_fork_asm+0x11/0x20
 </TASK>
---[ end trace 0000000000000000 ]---
------------[ cut here ]------------
WARNING: /home/ktest/git/linux/include/linux/fs.h:888 at osd_create+0x9cf/0xcf0 [osd_wbcfs], CPU#2: llog_process_th/978
Modules linked in: mdd(O) lod(O) mdt(O) lquota(O) lfsck(O) mgs(O) osd_wbcfs(O) lustre(O) obdecho(O) mgc(O) mdc(O) lov(O) osc(O) lmv(O) ec(O) fid(O) fld(O) ptlrpc(O) obdclass(O) ksocklnd(O) lnet(O) libcfs(O) efivarfs
CPU: 2 UID: 0 PID: 978 Comm: llog_process_th Tainted: G        W  O        6.19.0-ktest-90452155cb-20260615 #1 NONE 
Tainted: [W]=WARN, [O]=OOT_MODULE
Hardware name: QEMU Standard PC (Q35 + ICH9, 2009), BIOS 2025.11-3ubuntu7 03/31/2026
RIP: 0010:osd_create+0x9cf/0xcf0 [osd_wbcfs]
Code: c7 c7 00 06 7a a1 48 c7 c6 80 82 7b a1 48 c7 c2 e0 8b 7b a1 e8 a2 71 44 ff 48 c7 c7 00 06 7a a1 e8 d6 00 45 ff e9 fe fc ff ff <0f> 0b e9 a5 fa ff ff 48 c7 c1 80 e4 5d a0 80 e1 07 80 c1 03 38 c1
RSP: 0018:ffffc900012d7248 EFLAGS: 00010246
RAX: 0000000000000000 RBX: ffff88813117c400 RCX: 0000000000000046
RDX: ffffffff8496bea0 RSI: ffff88813071e620 RDI: ffff88812a4a49d0
RBP: ffff88813071e590 R08: 0000000000000000 R09: 0000000000000000
R10: dffffc0000000000 R11: ffffed10260e3ca7 R12: ffff88812f7fd418
R13: dffffc0000000000 R14: 1ffff1102622f880 R15: 1ffff11025effa92
FS:  0000000000000000(0000) GS:ffff8881d4dfe000(0000) knlGS:0000000000000000
CS:  0010 DS: 0000 ES: 0000 CR0: 0000000080050033
CR2: 00007f92ca7e62f4 CR3: 000000012caaa000 CR4: 0000000000750eb0
PKRU: 55555554
Call Trace:
 <TASK>
 ? local_object_create+0x109/0x640 [obdclass]
 ? dt_write_lock+0x16d/0x2a0 [obdclass]
 ? __local_file_create+0xce4/0x1bc0 [obdclass]
 ? local_index_find_or_create_with_fid+0x20d/0x3c0 [obdclass]
 ? lquota_disk_glb_find_create+0x3e7/0xe50 [lquota]
 ? lprocfs_seq_create+0x120/0x340 [obdclass]
 ? qmt_pool_prepare+0x5af/0x16f0 [lquota]
 ? qmt_device_prepare+0x22a/0x600 [lquota]
 ? mdt_quota_init+0x1a65/0x3220 [mdt]
 ? mdt_tunables_init+0x3e6/0x530 [mdt]
 ? mdt_device_alloc+0x46a6/0x66c0 [mdt]
 ? obd_setup+0x25c/0x950 [obdclass]
 ? class_setup+0xc7d/0x10e0 [obdclass]
 ? class_process_config+0x2edb/0x7cb0 [obdclass]
 ? __kasan_kmalloc+0x72/0x80
 ? class_config_llog_handler+0x29d3/0x5110 [obdclass]
 ? class_config_llog_handler+0x2d7a/0x5110 [obdclass]
 ? lustre_cfg_rec_free+0x350/0x350 [obdclass]
 ? llog_process_thread+0x205e/0x4f80 [obdclass]
 ? _raw_spin_unlock+0x23/0x30
 ? llog_process_thread_daemonize+0x16d/0x1b0 [obdclass]
 ? kthread+0x58a/0x700
 ? llog_process_or_fork+0xc90/0xc90 [obdclass]
 ? kthread_unuse_mm+0x130/0x130
 ? ret_from_fork+0x18a/0x450
 ? kthread_unuse_mm+0x130/0x130
 ? ret_from_fork_asm+0x11/0x20
 </TASK>
---[ end trace 0000000000000000 ]---
------------[ cut here ]------------
WARNING: /home/ktest/git/linux/include/linux/fs.h:888 at osd_create+0x9cf/0xcf0 [osd_wbcfs], CPU#0: ll_mgs_0000/943
Modules linked in: osp(O) mdd(O) lod(O) mdt(O) lquota(O) lfsck(O) mgs(O) osd_wbcfs(O) lustre(O) obdecho(O) mgc(O) mdc(O) lov(O) osc(O) lmv(O) ec(O) fid(O) fld(O) ptlrpc(O) obdclass(O) ksocklnd(O) lnet(O) libcfs(O) efivarfs
CPU: 0 UID: 0 PID: 943 Comm: ll_mgs_0000 Tainted: G        W  O        6.19.0-ktest-90452155cb-20260615 #1 NONE 
Tainted: [W]=WARN, [O]=OOT_MODULE
Hardware name: QEMU Standard PC (Q35 + ICH9, 2009), BIOS 2025.11-3ubuntu7 03/31/2026
RIP: 0010:osd_create+0x9cf/0xcf0 [osd_wbcfs]
Code: c7 c7 00 06 7a a1 48 c7 c6 80 82 7b a1 48 c7 c2 e0 8b 7b a1 e8 a2 71 44 ff 48 c7 c7 00 06 7a a1 e8 d6 00 45 ff e9 fe fc ff ff <0f> 0b e9 a5 fa ff ff 48 c7 c1 80 e4 5d a0 80 e1 07 80 c1 03 38 c1
RSP: 0018:ffffc90000e776e0 EFLAGS: 00010246
RAX: 0000000000000000 RBX: ffff888146dbbc00 RCX: 0000000000000046
RDX: 0000000000000000 RSI: ffff88812b791100 RDI: ffff88812fca89a0
RBP: ffff88812b791070 R08: ffffffff838167c3 R09: 1ffffffff0702cf8
R10: dffffc0000000000 R11: fffffbfff0702cf9 R12: ffff8881312c2418
R13: dffffc0000000000 R14: 1ffff11028db7780 R15: 1ffff11026258492
FS:  0000000000000000(0000) GS:ffff8881d4cfe000(0000) knlGS:0000000000000000
CS:  0010 DS: 0000 ES: 0000 CR0: 0000000080050033
CR2: 00007f80ce9c0b48 CR3: 0000000105b33000 CR4: 0000000000750eb0
PKRU: 55555554
Call Trace:
 <TASK>
 ? local_object_create+0x109/0x640 [obdclass]
 ? dt_write_lock+0x16d/0x2a0 [obdclass]
 ? __local_file_create+0xce4/0x1bc0 [obdclass]
 ? local_file_find_or_create+0x13c/0x1d0 [obdclass]
 ? mgs_ir_update+0x1ce1/0x3850 [mgs]
 ? mgs_target_reg+0xd98/0x4480 [mgs]
 ? tgt_request_handle+0x23ad/0x3d30 [ptlrpc]
 ? ptlrpc_main+0x635f/0x9700 [ptlrpc]
 ? __kthread_parkme+0x70/0x110
 ? kthread+0x58a/0x700
 ? ptlrpc_start_thread+0x1f10/0x1f10 [ptlrpc]
 ? kthread_unuse_mm+0x130/0x130
 ? ret_from_fork+0x18a/0x450
 ? kthread_unuse_mm+0x130/0x130
 ? ret_from_fork_asm+0x11/0x20
 </TASK>
---[ end trace 0000000000000000 ]---
Lustre: lustre-MDT0000: Imperative Recovery not enabled, recovery window 300-900
Lustre: ctl-lustre-MDT0000: super-sequence allocation rc = 0 [0x0000000200000400-0x0000000240000400]:0:mdt
------------[ cut here ]------------
WARNING: /home/ktest/git/linux/include/linux/fs.h:888 at osd_create+0x9cf/0xcf0 [osd_wbcfs], CPU#0: lod0000_rec0000/989
Modules linked in: osp(O) mdd(O) lod(O) mdt(O) lquota(O) lfsck(O) mgs(O) osd_wbcfs(O) lustre(O) obdecho(O) mgc(O) mdc(O) lov(O) osc(O) lmv(O) ec(O) fid(O) fld(O) ptlrpc(O) obdclass(O) ksocklnd(O) lnet(O) libcfs(O) efivarfs
CPU: 0 UID: 0 PID: 989 Comm: lod0000_rec0000 Tainted: G        W  O        6.19.0-ktest-90452155cb-20260615 #1 NONE 
Tainted: [W]=WARN, [O]=OOT_MODULE
Hardware name: QEMU Standard PC (Q35 + ICH9, 2009), BIOS 2025.11-3ubuntu7 03/31/2026
RIP: 0010:osd_create+0x9cf/0xcf0 [osd_wbcfs]
Code: c7 c7 00 06 7a a1 48 c7 c6 80 82 7b a1 48 c7 c2 e0 8b 7b a1 e8 a2 71 44 ff 48 c7 c7 00 06 7a a1 e8 d6 00 45 ff e9 fe fc ff ff <0f> 0b e9 a5 fa ff ff 48 c7 c1 80 e4 5d a0 80 e1 07 80 c1 03 38 c1
RSP: 0018:ffffc90000c17b38 EFLAGS: 00010246
RAX: 0000000000000000 RBX: ffff88813171cc00 RCX: 0000000000000046
RDX: 0000000000000000 RSI: ffff88812b791818 RDI: ffff88810557c9d0
RBP: ffff88812b791788 R08: ffffffff838167c3 R09: 1ffffffff0702cf8
R10: dffffc0000000000 R11: fffffbfff0702cf9 R12: ffff888129427400
R13: dffffc0000000000 R14: 1ffff110262e3980 R15: 1ffff11025284e8f
FS:  0000000000000000(0000) GS:ffff8881d4cfe000(0000) knlGS:0000000000000000
CS:  0010 DS: 0000 ES: 0000 CR0: 0000000080050033
CR2: 00007f80ce9c0b48 CR3: 0000000105b33000 CR4: 0000000000750eb0
PKRU: 55555554
Call Trace:
 <TASK>
 ? llog_osd_create+0x61e/0x1270 [obdclass]
 ? llog_create+0x2ed/0x530 [obdclass]
 ? llog_open_create+0x6e7/0xb30 [obdclass]
 ? lod_sub_prep_llog+0xdfd/0x1b40 [lod]
 ? lod_sub_recovery_thread+0x316/0x18d0 [lod]
 ? __kthread_parkme+0x70/0x110
 ? kthread+0x58a/0x700
 ? lod_sub_init_llog+0x1180/0x1180 [lod]
 ? kthread_unuse_mm+0x130/0x130
 ? ret_from_fork+0x18a/0x450
 ? kthread_unuse_mm+0x130/0x130
 ? ret_from_fork_asm+0x11/0x20
 </TASK>
---[ end trace 0000000000000000 ]---
==================================================================
BUG: KASAN: slab-out-of-bounds in mgc_target_register+0x8a1/0x1750 [mgc]
Read of size 64 at addr ffff88812bd651c0 by task lustre-ktest/924

CPU: 2 UID: 0 PID: 924 Comm: lustre-ktest Tainted: G        W  O        6.19.0-ktest-90452155cb-20260615 #1 NONE 
Tainted: [W]=WARN, [O]=OOT_MODULE
Hardware name: QEMU Standard PC (Q35 + ICH9, 2009), BIOS 2025.11-3ubuntu7 03/31/2026
Call Trace:
 <TASK>
 dump_stack_lvl+0x52/0x80
 print_report+0xbc/0x260
 ? mgc_target_register+0x8a1/0x1750 [mgc]
 kasan_report+0xa2/0xd0
 ? mgc_target_register+0x8a1/0x1750 [mgc]
 kasan_check_range+0x25f/0x2c0
 ? mgc_target_register+0x8a1/0x1750 [mgc]
 __asan_memcpy+0x29/0x70
 mgc_target_register+0x8a1/0x1750 [mgc]
 mgc_set_info_async_server+0x24e/0x35a0 [mgc]
 ? vsnprintf+0x72f/0xc90
 mgc_set_info_async+0x4e5/0xe20 [mgc]
 ? snprintf+0x56/0x70
 obd_set_info_async+0x20c/0x590 [ptlrpc]
 server_start_targets+0xd70/0x2660 [ptlrpc]
 ? _raw_spin_unlock+0x23/0x30
 ? libcfs_debug_msg+0x1a9d/0x22f0 [libcfs]
 ? lock_release+0x42/0x300
 ? lustre_start_mgc+0x18f0/0x2710 [obdclass]
 ? kfree+0x1b5/0x530
 ? lustre_start_mgc+0x18f0/0x2710 [obdclass]
 ? do_raw_spin_unlock+0x52/0x230
 ? class_name2obd+0x168/0x1a0 [obdclass]
 server_fill_super+0x1afc/0x3000 [ptlrpc]
 ? obd_zombie_barrier+0xa4/0xc0 [obdclass]
 ? lustre_init_lsi+0x330/0x6c0 [obdclass]
 lustre_tgt_fill_super+0x2a6/0x7c0 [ptlrpc]
 ? lustre_tgt_get_tree+0x20/0x20 [ptlrpc]
 get_tree_nodev+0x9e/0x110
 vfs_get_tree+0x86/0x200
 do_new_mount+0x1ee/0x830
 __x64_sys_mount+0x290/0x330
 do_syscall_64+0x69/0x270
 entry_SYSCALL_64_after_hwframe+0x4b/0x53
RIP: 0033:0x561d25c793e9
Code: 89 74 24 10 41 83 d6 00 44 89 b4 24 70 01 00 00 b8 a5 00 00 00 4c 89 e7 48 89 ee 48 8b 54 24 18 45 31 d2 4c 8b 44 24 08 0f 05 <48> 3d 01 f0 ff ff 0f 82 92 02 00 00 f7 d8 89 44 24 28 44 89 f0 ff
RSP: 002b:00007ffe42dabf90 EFLAGS: 00000246 ORIG_RAX: 00000000000000a5
RAX: ffffffffffffffda RBX: 00007ffe42dac1f0 RCX: 0000561d25c793e9
RDX: 0000561d57620510 RSI: 0000561d5761da10 RDI: 0000561d576205a0
RBP: 0000561d5761da10 R08: 0000561d57620400 R09: 0000000000000050
R10: 0000000000000000 R11: 0000000000000246 R12: 0000561d576205a0
R13: 00007ffe42dac1d8 R14: 0000000000000001 R15: 000000000000000d
 </TASK>

Allocated by task 924:
 kasan_save_track+0x2f/0x60
 __kasan_kmalloc+0x72/0x80
 __kmalloc_noprof+0x1b4/0x4e0
 server_lsi2mti+0x59e/0x11f0 [ptlrpc]
 server_start_targets+0x829/0x2660 [ptlrpc]
 server_fill_super+0x1afc/0x3000 [ptlrpc]
 lustre_tgt_fill_super+0x2a6/0x7c0 [ptlrpc]
 get_tree_nodev+0x9e/0x110
 vfs_get_tree+0x86/0x200
 do_new_mount+0x1ee/0x830
 __x64_sys_mount+0x290/0x330
 do_syscall_64+0x69/0x270
 entry_SYSCALL_64_after_hwframe+0x4b/0x53

The buggy address belongs to the object at ffff88812bd64000
 which belongs to the cache kmalloc-8k of size 8192
The buggy address is located 0 bytes to the right of
 allocated 4544-byte region [ffff88812bd64000, ffff88812bd651c0)

The buggy address belongs to the physical page:
page: refcount:0 mapcount:0 mapping:0000000000000000 index:0x0 pfn:0x12bd60
head: order:3 mapcount:0 entire_mapcount:0 nr_pages_mapped:0 pincount:0
flags: 0x8000000000000040(head|zone=2)
page_type: f5(slab)
raw: 8000000000000040 ffff888100043180 dead000000000122 0000000000000000
raw: 0000000000000000 0000000000020002 00000000f5000000 ffff88812dff7ea0
head: 8000000000000040 ffff888100043180 dead000000000122 0000000000000000
head: 0000000000000000 0000000000020002 00000000f5000000 ffff88812dff7ea0
head: 8000000000000003 ffffea0004af5801 00000000ffffffff 00000000ffffffff
head: ffffffffffffffff 0000000000000000 00000000ffffffff 0000000000000008
page dumped because: kasan: bad access detected

Memory state around the buggy address:
 ffff88812bd65080: 00 00 00 00 00 00 00 00 00 00 00 00 00 00 00 00
 ffff88812bd65100: 00 00 00 00 00 00 00 00 00 00 00 00 00 00 00 00
>ffff88812bd65180: 00 00 00 00 00 00 00 00 fc fc fc fc fc fc fc fc
                                           ^
 ffff88812bd65200: fc fc fc fc fc fc fc fc fc fc fc fc fc fc fc fc
 ffff88812bd65280: fc fc fc fc fc fc fc fc fc fc fc fc fc fc fc fc
==================================================================
Disabling lock debugging due to kernel taint
Lustre: cli-ctl-lustre-MDT0001: Allocated super-sequence [0x0000000240000400-0x0000000280000400]:1:mdt]
LustreError: 960:0:(osd_dirent.c:113:osd_index_dir_insert()) lustre-MDT0000: lookup [0x240000402:0x3:0x0] from icache failed: rc=-22
Lustre: 960:0:(out_handler.c:886:out_tx_end()) lustre-MDT0000-osd: error during execution of #0 from lustre/ptlrpc/../target/out_handler.c:535: rc = -22
mkdir: cannot create directory '/mnt/lustre/d5.sanity': Invalid argument
 sanity test_5: @@@@@@ FAIL: mkdir '/mnt/lustre/d5.sanity' failed 
Lustre: DEBUG MARKER: sanity test_5: @@@@@@ FAIL: mkdir '/mnt/lustre/d5.sanity' failed
  Trace dump:
  = /host/home/ktest/git/lustre-release/lustre/tests/test-framework.sh:7430:error()
  = /host/home/ktest/git/lustre-release/lustre/tests/test-framework.sh:10478:test_mkdir()
  = /host/home/ktest/git/lustre-release/lustre/tests/sanity.sh:401:test_5()
  = /host/home/ktest/git/lustre-release/lustre/tests/test-framework.sh:7806:run_one()
  = /host/home/ktest/git/lustre-release/lustre/tests/test-framework.sh:7869:run_one_logged()
  = /host/home/ktest/git/lustre-release/lustre/tests/test-framework.sh:7669:run_test()
  = /host/home/ktest/git/lustre-release/lustre/tests/sanity.sh:407:main()
Dumping lctl log to /tmp/test_logs/2026-06-15/070831/sanity.test_5.*.1781507323.log
Dumping logs only on local client.
FAIL 5 (1s)
resend_count is set to 4 4
resend_count is set to 4 4
resend_count is set to 4 4
resend_count is set to 4 4
resend_count is set to 4 4
== sanity test complete, duration 10 sec ================= 07:08:45 (1781507325)
Lustre: DEBUG MARKER: == sanity test complete, duration 10 sec ================= 07:08:45 (1781507325)
sanity: FAIL: test_1 mkdir '/mnt/lustre/d1.sanity' failed
sanity: FAIL: test_3 mkdir '/mnt/lustre/d3.sanity' failed
sanity: FAIL: test_5 mkdir '/mnt/lustre/d5.sanity' failed
=== sanity: start cleanup 07:08:46 (1781507326) ===
Lustre: DEBUG MARKER: === sanity: start cleanup 07:08:46 (1781507326) ===
skip cleanup
=== sanity: finish cleanup 07:08:46 (1781507326) ===
Lustre: DEBUG MARKER: === sanity: finish cleanup 07:08:46 (1781507326) ===
debug=malloc neterror net warning nettrace error emerg console
sanity returned 1
Finished at Mon Jun 15 07:08:46 UTC 2026 in 15s
/host/home/ktest/git/lustre-release/lustre/tests/auster: completed with rc 0

========= PASSED sanity-quick in 35s

Passed: sanity-quick
Failed: 
NOTICE: Automounting of tracing to debugfs is deprecated and will be removed in 2030
Kernel version: 6.19.0-ktest-90452155cb-20260615
TEST SUCCESS
sysrq: Power Off
