CLI: ./podman-ktest --podman-socket unix:///run/podman/podman.sock --shared-filesystem /tmp --tarball-input job lustre-ci --output /var/www/ci-lustre/upstream-patch-review --git-hash 90a60b7285b4adedf2d473096ea84a6f8afcbce4 --change-id 63422_90a60b7285b4adedf2d473096ea84a6f8afcbce4 --subject LU-19792 dkms: Remove all escape characters in dkms.conf.in

  Checking /dev/kvm exists... OK
  Checking /dev/kvm permissions... OK
  Creating ccache directory... OK
  Checking ccache directory writable... OK

Environment validated successfully
Creating kernel tarball at /tmp/ktest-kernel.tar.gz...
Creating lustre tarball at /tmp/ktest-lustre.tar.gz...
Executing 16 jobs
Jobs will start as soon as their dependencies are satisfied
Using tarball input mode

START checkpatch tool checkpatch
START lustre_al2023 build tests/fs/lustre/boot.ktest
START lustre_u24 build tests/fs/lustre/boot.ktest
START lustre_mainline_strict build tests/fs/lustre/boot-strict.ktest
START lustre_mainline build tests/fs/lustre/boot.ktest
START lustre_mainline_native build tests/fs/lustre/boot.ktest
PUT /tmp/ktest-kernel.tar.gz 10s
PUT /tmp/ktest-kernel.tar.gz 10s
PUT /tmp/ktest-kernel.tar.gz 10s
PUT /tmp/ktest-kernel.tar.gz 10s
PUT /tmp/ktest-kernel.tar.gz 10s
PUT /tmp/ktest-kernel.tar.gz 11s
PUT /tmp/ktest-lustre.tar.gz 7s
PUT /tmp/ktest-lustre.tar.gz 7s
PUT /tmp/ktest-lustre.tar.gz 6s
PUT /tmp/ktest-lustre.tar.gz 7s
PUT /tmp/ktest-lustre.tar.gz 7s
PUT /tmp/ktest-lustre.tar.gz 6s
END checkpatch tool checkpatch PASS 20s
END lustre_al2023 build tests/fs/lustre/boot.ktest PASS 91s
END lustre_u24 build tests/fs/lustre/boot.ktest PASS 94s
GET /tmp/ktest_lustre_mainline_strict_ddh58n6m.tar 4s
END lustre_mainline_strict build tests/fs/lustre/boot-strict.ktest FAIL 129s (exit code: 1)
GET /tmp/ktest_lustre_mainline_native_gwaeol6n.tar 3s
GET /tmp/ktest_lustre_mainline_l43wkphi.tar 3s
END lustre_mainline_native build tests/fs/lustre/boot.ktest PASS 141s
START clang-tidy tool clang-tidy
START cc-plugin tool cc-plugin
START boot run tests/fs/lustre/boot.ktest
START llmount run tests/fs/lustre/llmount.ktest
START llog-unit run tests/fs/lustre/llog-unit.ktest
START mgs-setup run tests/fs/lustre/mgs-setup.ktest
START sanity-1 run tests/fs/lustre/sanity/sanity-1.ktest
START sanity-2 run tests/fs/lustre/sanity/sanity-2.ktest
START sanity-3 run tests/fs/lustre/sanity/sanity-3.ktest
START sanity-4 run tests/fs/lustre/sanity/sanity-4.ktest
END lustre_mainline build tests/fs/lustre/boot.ktest PASS 143s
PUT /tmp/ktest-kernel.tar.gz 57s
PUT /tmp/ktest_lustre_mainline_native_gwaeol6n.tar 57s
PUT /tmp/ktest_lustre_mainline_native_gwaeol6n.tar 56s
PUT /tmp/ktest_lustre_mainline_native_gwaeol6n.tar 56s
PUT /tmp/ktest_lustre_mainline_native_gwaeol6n.tar 57s
PUT /tmp/ktest_lustre_mainline_native_gwaeol6n.tar 56s
PUT /tmp/ktest_lustre_mainline_native_gwaeol6n.tar 56s
PUT /tmp/ktest_lustre_mainline_native_gwaeol6n.tar 57s
PUT /tmp/ktest-kernel.tar.gz 57s
PUT /tmp/ktest_lustre_mainline_native_gwaeol6n.tar 57s
PUT /tmp/ktest-lustre.tar.gz 97s
PUT /tmp/ktest-lustre.tar.gz 97s
PUT /tmp/ktest_lustre_mainline_native_gwaeol6n.tar 22s
PUT /tmp/ktest_lustre_mainline_native_gwaeol6n.tar 22s
END boot run tests/fs/lustre/boot.ktest PASS 180s
END cc-plugin tool cc-plugin FAIL 182s (exit code: 127)
END clang-tidy tool clang-tidy PASS 198s
END sanity-3 run tests/fs/lustre/sanity/sanity-3.ktest PASS 200s
END sanity-4 run tests/fs/lustre/sanity/sanity-4.ktest PASS 199s
END mgs-setup run tests/fs/lustre/mgs-setup.ktest PASS 205s
END sanity-1 run tests/fs/lustre/sanity/sanity-1.ktest PASS 218s
END sanity-2 run tests/fs/lustre/sanity/sanity-2.ktest PASS 237s
END llog-unit run tests/fs/lustre/llog-unit.ktest PASS 265s
END llmount run tests/fs/lustre/llmount.ktest PASS 297s

============================================================
Final Results:
  checkpatch: PASS (20s) (log: /var/www/ci-lustre/upstream-patch-review/90a60b7285b4adedf2d473096ea84a6f8afcbce4_checkpatch.log)
  lustre_u24: PASS (94s) (log: /var/www/ci-lustre/upstream-patch-review/90a60b7285b4adedf2d473096ea84a6f8afcbce4_lustre_u24.log)
  lustre_al2023: PASS (91s) (log: /var/www/ci-lustre/upstream-patch-review/90a60b7285b4adedf2d473096ea84a6f8afcbce4_lustre_al2023.log)
  lustre_mainline_strict: FAIL (129s) (log: /var/www/ci-lustre/upstream-patch-review/90a60b7285b4adedf2d473096ea84a6f8afcbce4_lustre_mainline_strict.log)
  lustre_mainline: PASS (143s) (log: /var/www/ci-lustre/upstream-patch-review/90a60b7285b4adedf2d473096ea84a6f8afcbce4_lustre_mainline.log)
  lustre_mainline_native: PASS (141s) (log: /var/www/ci-lustre/upstream-patch-review/90a60b7285b4adedf2d473096ea84a6f8afcbce4_lustre_mainline_native.log)
  clang-tidy: PASS (198s) (log: /var/www/ci-lustre/upstream-patch-review/90a60b7285b4adedf2d473096ea84a6f8afcbce4_clang-tidy.log)
  cc-plugin: FAIL (182s) (log: /var/www/ci-lustre/upstream-patch-review/90a60b7285b4adedf2d473096ea84a6f8afcbce4_cc-plugin.log)
  boot: PASS (180s) (log: /var/www/ci-lustre/upstream-patch-review/90a60b7285b4adedf2d473096ea84a6f8afcbce4_boot.log)
  llmount: PASS (297s) (log: /var/www/ci-lustre/upstream-patch-review/90a60b7285b4adedf2d473096ea84a6f8afcbce4_llmount.log)
  llog-unit: PASS (265s) (log: /var/www/ci-lustre/upstream-patch-review/90a60b7285b4adedf2d473096ea84a6f8afcbce4_llog-unit.log)
  mgs-setup: PASS (205s) (log: /var/www/ci-lustre/upstream-patch-review/90a60b7285b4adedf2d473096ea84a6f8afcbce4_mgs-setup.log)
  sanity-1: PASS (218s) (log: /var/www/ci-lustre/upstream-patch-review/90a60b7285b4adedf2d473096ea84a6f8afcbce4_sanity-1.log)
  sanity-2: PASS (237s) (log: /var/www/ci-lustre/upstream-patch-review/90a60b7285b4adedf2d473096ea84a6f8afcbce4_sanity-2.log)
  sanity-3: PASS (200s) (log: /var/www/ci-lustre/upstream-patch-review/90a60b7285b4adedf2d473096ea84a6f8afcbce4_sanity-3.log)
  sanity-4: PASS (199s) (log: /var/www/ci-lustre/upstream-patch-review/90a60b7285b4adedf2d473096ea84a6f8afcbce4_sanity-4.log)

Total execution time: 469s
