CLI: ./podman-ktest --podman-socket unix:///run/podman/podman.sock --shared-filesystem /tmp --tarball-input job lustre-ci-branch --output /var/www/ci-lustre/upstream-patch-review --git-hash 90dfed830cbe9229f86a57fafec0f5bc10007cb4_lustre-ci-branch --change-id master_90dfed830cbe9229f86a57fafec0f5bc10007cb4_lustre-ci-branch --subject [lustre-ci-branch] Main development branch

Environment validated successfully
Note: custom LLVM is not synced in tarball input mode
Creating kernel tarball at /tmp/ktest-kernel.tar.gz...
Creating lustre tarball at /tmp/ktest-lustre.tar.gz...
Creating ZFS tarball at /tmp/ktest-zfs.tar.gz...
Executing 18 jobs
Jobs will start as soon as their dependencies are satisfied
Using tarball input mode

START al2023:al2023 build tests/fs/lustre/boot.ktest
START u24:u24 build tests/fs/lustre/boot.ktest
START ml-strict:lustre_mainline build tests/fs/lustre/boot-strict.ktest
START checkpatch-parallel:checkpatch-parallel tool checkpatch-parallel
START license-status:license-status tool license-status
START llvm-checks:cc-plugin build tests/fs/lustre/boot.ktest
START ml-miscvm:lustre_mainline_native build tests/fs/lustre/boot.ktest
START kernel-doc:kernel-doc tool kernel_doc_helper.sh
START contributions:contributions tool contributions
START ml:lustre_mainline build tests/fs/lustre/boot.ktest
PUT /tmp/ktest-lustre.tar.gz 1s
PUT /tmp/ktest-lustre.tar.gz 2s
PUT /tmp/ktest-kernel.tar.gz 24s
PUT /tmp/ktest-kernel.tar.gz 24s
PUT /tmp/ktest-kernel.tar.gz 25s
PUT /tmp/ktest-kernel.tar.gz 25s
PUT /tmp/ktest-kernel.tar.gz 25s
PUT /tmp/ktest-kernel.tar.gz 25s
PUT /tmp/ktest-kernel.tar.gz 26s
PUT /tmp/ktest-kernel.tar.gz 26s
PUT /tmp/ktest-lustre.tar.gz 12s
PUT /tmp/ktest-lustre.tar.gz 12s
PUT /tmp/ktest-lustre.tar.gz 10s
PUT /tmp/ktest-lustre.tar.gz 11s
PUT /tmp/ktest-lustre.tar.gz 12s
PUT /tmp/ktest-lustre.tar.gz 12s
PUT /tmp/ktest-lustre.tar.gz 10s
PUT /tmp/ktest-lustre.tar.gz 11s
PUT /tmp/ktest-zfs.tar.gz 2s
PUT /tmp/ktest-zfs.tar.gz 2s
PUT /tmp/ktest-zfs.tar.gz 2s
PUT /tmp/ktest-zfs.tar.gz 3s
END contributions:contributions tool contributions PASS 42s
END kernel-doc:kernel-doc tool kernel_doc_helper.sh PASS 45s
END license-status:license-status tool license-status FAIL 47s (exit code: 1)
END al2023:al2023 build tests/fs/lustre/boot.ktest PASS 82s
END u24:u24 build tests/fs/lustre/boot.ktest PASS 82s
END checkpatch-parallel:checkpatch-parallel tool checkpatch-parallel PASS 99s
GET /tmp/ktest_ml-strict:lustre_mainline_ammoor9c.tar 11s
END ml-strict:lustre_mainline build tests/fs/lustre/boot-strict.ktest FAIL 275s (exit code: 1)
GET /tmp/ktest_ml:lustre_mainline_21fb99u_.tar 0s
GET /tmp/ktest_ml-miscvm:lustre_mainline_native_krfj9nh4.tar 0s
END ml:lustre_mainline build tests/fs/lustre/boot.ktest PASS 288s
END ml-miscvm:lustre_mainline_native build tests/fs/lustre/boot.ktest PASS 291s
START ml-miscvm:boot run tests/fs/lustre/boot.ktest
START ml-miscvm:llmount run tests/fs/lustre/llmount.ktest
START ml-miscvm:llog-unit run tests/fs/lustre/llog-unit.ktest
START ml-miscvm:mgs-setup run tests/fs/lustre/mgs-setup.ktest
START ml-miscvm:sanity-1 run tests/fs/lustre/sanity/sanity-1.ktest
START ml-miscvm:sanity-2 run tests/fs/lustre/sanity/sanity-2.ktest
START ml-miscvm:sanity-3 run tests/fs/lustre/sanity/sanity-3.ktest
START ml-miscvm:sanity-4 run tests/fs/lustre/sanity/sanity-4.ktest
PUT /tmp/ktest-kernel.tar.gz 30s
PUT /tmp/ktest-kernel.tar.gz 30s
PUT /tmp/ktest-kernel.tar.gz 30s
PUT /tmp/ktest-kernel.tar.gz 31s
PUT /tmp/ktest-kernel.tar.gz 30s
PUT /tmp/ktest-kernel.tar.gz 31s
PUT /tmp/ktest-kernel.tar.gz 30s
PUT /tmp/ktest-kernel.tar.gz 31s
END llvm-checks:cc-plugin build tests/fs/lustre/boot.ktest PASS 325s
PUT /tmp/ktest-lustre.tar.gz 13s
PUT /tmp/ktest-lustre.tar.gz 13s
PUT /tmp/ktest-lustre.tar.gz 12s
PUT /tmp/ktest-lustre.tar.gz 13s
PUT /tmp/ktest-lustre.tar.gz 13s
PUT /tmp/ktest-lustre.tar.gz 13s
PUT /tmp/ktest-lustre.tar.gz 12s
PUT /tmp/ktest-lustre.tar.gz 12s
PUT /tmp/ktest_ml-miscvm:lustre_mainline_native_krfj9nh4.tar 0s
PUT /tmp/ktest_ml-miscvm:lustre_mainline_native_krfj9nh4.tar 0s
PUT /tmp/ktest_ml-miscvm:lustre_mainline_native_krfj9nh4.tar 1s
PUT /tmp/ktest_ml-miscvm:lustre_mainline_native_krfj9nh4.tar 1s
PUT /tmp/ktest_ml-miscvm:lustre_mainline_native_krfj9nh4.tar 1s
PUT /tmp/ktest_ml-miscvm:lustre_mainline_native_krfj9nh4.tar 1s
PUT /tmp/ktest_ml-miscvm:lustre_mainline_native_krfj9nh4.tar 1s
PUT /tmp/ktest_ml-miscvm:lustre_mainline_native_krfj9nh4.tar 1s
END ml-miscvm:boot run tests/fs/lustre/boot.ktest PASS 72s
END ml-miscvm:mgs-setup run tests/fs/lustre/mgs-setup.ktest PASS 86s
END ml-miscvm:sanity-4 run tests/fs/lustre/sanity/sanity-4.ktest PASS 110s
END ml-miscvm:sanity-1 run tests/fs/lustre/sanity/sanity-1.ktest PASS 117s
END ml-miscvm:llmount run tests/fs/lustre/llmount.ktest PASS 126s
END ml-miscvm:sanity-3 run tests/fs/lustre/sanity/sanity-3.ktest PASS 128s
END ml-miscvm:sanity-2 run tests/fs/lustre/sanity/sanity-2.ktest PASS 129s
END ml-miscvm:llog-unit run tests/fs/lustre/llog-unit.ktest FAIL 170s (exit code: 1)

============================================================
Final Results:
  checkpatch-parallel:checkpatch-parallel: PASS (99s) (log: /var/www/ci-lustre/upstream-patch-review/90dfed830cbe9229f86a57fafec0f5bc10007cb4_lustre-ci-branch_checkpatch-parallel:checkpatch-parallel.log)
  contributions:contributions: PASS (42s) (log: /var/www/ci-lustre/upstream-patch-review/90dfed830cbe9229f86a57fafec0f5bc10007cb4_lustre-ci-branch_contributions:contributions.log)
  license-status:license-status: FAIL (47s) (log: /var/www/ci-lustre/upstream-patch-review/90dfed830cbe9229f86a57fafec0f5bc10007cb4_lustre-ci-branch_license-status:license-status.log)
  kernel-doc:kernel-doc: PASS (45s) (log: /var/www/ci-lustre/upstream-patch-review/90dfed830cbe9229f86a57fafec0f5bc10007cb4_lustre-ci-branch_kernel-doc:kernel-doc.log)
  u24:u24: PASS (82s) (log: /var/www/ci-lustre/upstream-patch-review/90dfed830cbe9229f86a57fafec0f5bc10007cb4_lustre-ci-branch_u24:u24.log)
  al2023:al2023: PASS (82s) (log: /var/www/ci-lustre/upstream-patch-review/90dfed830cbe9229f86a57fafec0f5bc10007cb4_lustre-ci-branch_al2023:al2023.log)
  ml-strict:lustre_mainline: FAIL (275s) (log: /var/www/ci-lustre/upstream-patch-review/90dfed830cbe9229f86a57fafec0f5bc10007cb4_lustre-ci-branch_ml-strict:lustre_mainline.log)
  ml:lustre_mainline: PASS (288s) (log: /var/www/ci-lustre/upstream-patch-review/90dfed830cbe9229f86a57fafec0f5bc10007cb4_lustre-ci-branch_ml:lustre_mainline.log)
  llvm-checks:cc-plugin: PASS (325s) (log: /var/www/ci-lustre/upstream-patch-review/90dfed830cbe9229f86a57fafec0f5bc10007cb4_lustre-ci-branch_llvm-checks:cc-plugin.log)
  ml-miscvm:lustre_mainline_native: PASS (291s) (log: /var/www/ci-lustre/upstream-patch-review/90dfed830cbe9229f86a57fafec0f5bc10007cb4_lustre-ci-branch_ml-miscvm:lustre_mainline_native.log)
  ml-miscvm:boot: PASS (72s) (log: /var/www/ci-lustre/upstream-patch-review/90dfed830cbe9229f86a57fafec0f5bc10007cb4_lustre-ci-branch_ml-miscvm:boot.log)
  ml-miscvm:llmount: PASS (126s) (log: /var/www/ci-lustre/upstream-patch-review/90dfed830cbe9229f86a57fafec0f5bc10007cb4_lustre-ci-branch_ml-miscvm:llmount.log)
  ml-miscvm:llog-unit: FAIL (170s) (log: /var/www/ci-lustre/upstream-patch-review/90dfed830cbe9229f86a57fafec0f5bc10007cb4_lustre-ci-branch_ml-miscvm:llog-unit.log)
  ml-miscvm:mgs-setup: PASS (86s) (log: /var/www/ci-lustre/upstream-patch-review/90dfed830cbe9229f86a57fafec0f5bc10007cb4_lustre-ci-branch_ml-miscvm:mgs-setup.log)
  ml-miscvm:sanity-1: PASS (117s) (log: /var/www/ci-lustre/upstream-patch-review/90dfed830cbe9229f86a57fafec0f5bc10007cb4_lustre-ci-branch_ml-miscvm:sanity-1.log)
  ml-miscvm:sanity-2: PASS (129s) (log: /var/www/ci-lustre/upstream-patch-review/90dfed830cbe9229f86a57fafec0f5bc10007cb4_lustre-ci-branch_ml-miscvm:sanity-2.log)
  ml-miscvm:sanity-3: PASS (128s) (log: /var/www/ci-lustre/upstream-patch-review/90dfed830cbe9229f86a57fafec0f5bc10007cb4_lustre-ci-branch_ml-miscvm:sanity-3.log)
  ml-miscvm:sanity-4: PASS (110s) (log: /var/www/ci-lustre/upstream-patch-review/90dfed830cbe9229f86a57fafec0f5bc10007cb4_lustre-ci-branch_ml-miscvm:sanity-4.log)

Total execution time: 491s
