CLI: ./podman-ktest --podman-socket unix:///run/podman/podman.sock --shared-filesystem /tmp --tarball-input job lustre-ci --output /var/www/ci-lustre/upstream-patch-review --git-hash 914c5a19ddfa26ce0d3b00c51d179ab7556dcd80 --change-id 65359_914c5a19ddfa26ce0d3b00c51d179ab7556dcd80 --subject LU-20146 osd-ldiskfs: use OBD_ALLOC_LARGE() in osd_oxc_add()

  Checking /dev/kvm exists... OK
  Checking /dev/kvm permissions... OK
  Creating ccache directory... OK
  Checking ccache directory writable... OK

Environment validated successfully
Creating kernel tarball at /tmp/ktest-kernel.tar.gz...
Creating lustre tarball at /tmp/ktest-lustre.tar.gz...
Executing 16 jobs
Jobs will start as soon as their dependencies are satisfied
Using tarball input mode

START lustre_mainline_native build tests/fs/lustre/boot.ktest
START u24 build tests/fs/lustre/boot.ktest
START checkpatch tool checkpatch
START al2023 build tests/fs/lustre/boot.ktest
START lustre_mainline build tests/fs/lustre/boot.ktest
START lustre_mainline_strict build tests/fs/lustre/boot-strict.ktest
PUT /tmp/ktest-lustre.tar.gz 1s
PUT /tmp/ktest-lustre.tar.gz 2s
PUT /tmp/ktest-kernel.tar.gz 6s
PUT /tmp/ktest-kernel.tar.gz 6s
PUT /tmp/ktest-kernel.tar.gz 6s
PUT /tmp/ktest-kernel.tar.gz 6s
PUT /tmp/ktest-lustre.tar.gz 2s
PUT /tmp/ktest-lustre.tar.gz 2s
PUT /tmp/ktest-lustre.tar.gz 2s
PUT /tmp/ktest-lustre.tar.gz 2s
END checkpatch tool checkpatch PASS 11s
END al2023 build tests/fs/lustre/boot.ktest PASS 62s
END u24 build tests/fs/lustre/boot.ktest PASS 64s
GET /tmp/ktest_lustre_mainline_strict_ahb3i1pl.tar 5s
END lustre_mainline_strict build tests/fs/lustre/boot-strict.ktest FAIL 121s (exit code: 1)
GET /tmp/ktest_lustre_mainline_an4ep3za.tar 6s
GET /tmp/ktest_lustre_mainline_native_zly0391r.tar 5s
END lustre_mainline build tests/fs/lustre/boot.ktest PASS 125s
END lustre_mainline_native build tests/fs/lustre/boot.ktest PASS 127s
START clang-tidy tool clang-tidy
START cc-plugin tool cc-plugin
START boot run tests/fs/lustre/boot.ktest
START llmount run tests/fs/lustre/llmount.ktest
START llog-unit run tests/fs/lustre/llog-unit.ktest
START mgs-setup run tests/fs/lustre/mgs-setup.ktest
START sanity-1 run tests/fs/lustre/sanity/sanity-1.ktest
START sanity-2 run tests/fs/lustre/sanity/sanity-2.ktest
START sanity-3 run tests/fs/lustre/sanity/sanity-3.ktest
START sanity-4 run tests/fs/lustre/sanity/sanity-4.ktest
PUT /tmp/ktest-kernel.tar.gz 12s
PUT /tmp/ktest_lustre_mainline_native_zly0391r.tar 15s
PUT /tmp/ktest_lustre_mainline_native_zly0391r.tar 15s
PUT /tmp/ktest_lustre_mainline_native_zly0391r.tar 15s
PUT /tmp/ktest-kernel.tar.gz 15s
PUT /tmp/ktest_lustre_mainline_native_zly0391r.tar 15s
PUT /tmp/ktest_lustre_mainline_native_zly0391r.tar 15s
PUT /tmp/ktest_lustre_mainline_native_zly0391r.tar 15s
PUT /tmp/ktest_lustre_mainline_native_zly0391r.tar 15s
PUT /tmp/ktest_lustre_mainline_native_zly0391r.tar 15s
PUT /tmp/ktest-lustre.tar.gz 29s
PUT /tmp/ktest-lustre.tar.gz 31s
PUT /tmp/ktest_lustre_mainline_native_zly0391r.tar 4s
PUT /tmp/ktest_lustre_mainline_native_zly0391r.tar 9s
END cc-plugin tool cc-plugin FAIL 54s (exit code: 127)
END boot run tests/fs/lustre/boot.ktest PASS 71s
END clang-tidy tool clang-tidy PASS 73s
END mgs-setup run tests/fs/lustre/mgs-setup.ktest PASS 80s
END sanity-1 run tests/fs/lustre/sanity/sanity-1.ktest PASS 87s
END sanity-4 run tests/fs/lustre/sanity/sanity-4.ktest PASS 94s
END sanity-3 run tests/fs/lustre/sanity/sanity-3.ktest PASS 102s
END sanity-2 run tests/fs/lustre/sanity/sanity-2.ktest PASS 111s
END llog-unit run tests/fs/lustre/llog-unit.ktest PASS 165s
END llmount run tests/fs/lustre/llmount.ktest PASS 166s

============================================================
Final Results:
  checkpatch: PASS (11s) (log: /var/www/ci-lustre/upstream-patch-review/914c5a19ddfa26ce0d3b00c51d179ab7556dcd80_checkpatch.log)
  u24: PASS (64s) (log: /var/www/ci-lustre/upstream-patch-review/914c5a19ddfa26ce0d3b00c51d179ab7556dcd80_u24.log)
  al2023: PASS (62s) (log: /var/www/ci-lustre/upstream-patch-review/914c5a19ddfa26ce0d3b00c51d179ab7556dcd80_al2023.log)
  lustre_mainline_strict: FAIL (121s) (log: /var/www/ci-lustre/upstream-patch-review/914c5a19ddfa26ce0d3b00c51d179ab7556dcd80_lustre_mainline_strict.log)
  lustre_mainline: PASS (125s) (log: /var/www/ci-lustre/upstream-patch-review/914c5a19ddfa26ce0d3b00c51d179ab7556dcd80_lustre_mainline.log)
  lustre_mainline_native: PASS (127s) (log: /var/www/ci-lustre/upstream-patch-review/914c5a19ddfa26ce0d3b00c51d179ab7556dcd80_lustre_mainline_native.log)
  clang-tidy: PASS (73s) (log: /var/www/ci-lustre/upstream-patch-review/914c5a19ddfa26ce0d3b00c51d179ab7556dcd80_clang-tidy.log)
  cc-plugin: FAIL (54s) (log: /var/www/ci-lustre/upstream-patch-review/914c5a19ddfa26ce0d3b00c51d179ab7556dcd80_cc-plugin.log)
  boot: PASS (71s) (log: /var/www/ci-lustre/upstream-patch-review/914c5a19ddfa26ce0d3b00c51d179ab7556dcd80_boot.log)
  llmount: PASS (166s) (log: /var/www/ci-lustre/upstream-patch-review/914c5a19ddfa26ce0d3b00c51d179ab7556dcd80_llmount.log)
  llog-unit: PASS (165s) (log: /var/www/ci-lustre/upstream-patch-review/914c5a19ddfa26ce0d3b00c51d179ab7556dcd80_llog-unit.log)
  mgs-setup: PASS (80s) (log: /var/www/ci-lustre/upstream-patch-review/914c5a19ddfa26ce0d3b00c51d179ab7556dcd80_mgs-setup.log)
  sanity-1: PASS (87s) (log: /var/www/ci-lustre/upstream-patch-review/914c5a19ddfa26ce0d3b00c51d179ab7556dcd80_sanity-1.log)
  sanity-2: PASS (111s) (log: /var/www/ci-lustre/upstream-patch-review/914c5a19ddfa26ce0d3b00c51d179ab7556dcd80_sanity-2.log)
  sanity-3: PASS (102s) (log: /var/www/ci-lustre/upstream-patch-review/914c5a19ddfa26ce0d3b00c51d179ab7556dcd80_sanity-3.log)
  sanity-4: PASS (94s) (log: /var/www/ci-lustre/upstream-patch-review/914c5a19ddfa26ce0d3b00c51d179ab7556dcd80_sanity-4.log)

Total execution time: 324s
