CLI: ./podman-ktest --podman-socket unix:///run/podman/podman.sock --shared-filesystem /tmp --tarball-input job lustre-ci --output /var/www/ci-lustre/upstream-patch-review --git-hash 9167e21ba9e262e7e7e9a2a9b44ff785bf8c246c --change-id 63809_9167e21ba9e262e7e7e9a2a9b44ff785bf8c246c --subject LU-19852 lod: raidset aware stripe allocator

  Checking /dev/kvm exists... OK
  Checking /dev/kvm permissions... OK
  Creating ccache directory... OK
  Checking ccache directory writable... OK

Environment validated successfully
Creating kernel tarball at /tmp/ktest-kernel.tar.gz...
Creating lustre tarball at /tmp/ktest-lustre.tar.gz...
Executing 16 jobs
Jobs will start as soon as their dependencies are satisfied
Using tarball input mode

START lustre_mainline build tests/fs/lustre/boot.ktest
START al2023 build tests/fs/lustre/boot.ktest
START lustre_mainline_strict build tests/fs/lustre/boot-strict.ktest
START lustre_mainline_native build tests/fs/lustre/boot.ktest
START u24 build tests/fs/lustre/boot.ktest
START checkpatch tool checkpatch
PUT /tmp/ktest-kernel.tar.gz 8s
PUT /tmp/ktest-kernel.tar.gz 8s
PUT /tmp/ktest-kernel.tar.gz 8s
PUT /tmp/ktest-kernel.tar.gz 8s
PUT /tmp/ktest-kernel.tar.gz 9s
PUT /tmp/ktest-kernel.tar.gz 9s
PUT /tmp/ktest-lustre.tar.gz 1s
PUT /tmp/ktest-lustre.tar.gz 2s
PUT /tmp/ktest-lustre.tar.gz 2s
PUT /tmp/ktest-lustre.tar.gz 2s
PUT /tmp/ktest-lustre.tar.gz 1s
PUT /tmp/ktest-lustre.tar.gz 2s
END checkpatch tool checkpatch FAIL 13s (exit code: 1)
END al2023 build tests/fs/lustre/boot.ktest FAIL 68s (exit code: 2)
END u24 build tests/fs/lustre/boot.ktest FAIL 71s (exit code: 2)
GET /tmp/ktest_lustre_mainline_eez55nmk.tar 7s
GET /tmp/ktest_lustre_mainline_strict_mwh6an1e.tar 7s
GET /tmp/ktest_lustre_mainline_native_vl78uuq9.tar 7s
END lustre_mainline build tests/fs/lustre/boot.ktest FAIL 122s (exit code: 1)
END lustre_mainline_strict build tests/fs/lustre/boot-strict.ktest FAIL 124s (exit code: 1)
END lustre_mainline_native build tests/fs/lustre/boot.ktest FAIL 125s (exit code: 1)

============================================================
Final Results:
  checkpatch: FAIL (13s) (log: /var/www/ci-lustre/upstream-patch-review/9167e21ba9e262e7e7e9a2a9b44ff785bf8c246c_checkpatch.log)
  u24: FAIL (71s) (log: /var/www/ci-lustre/upstream-patch-review/9167e21ba9e262e7e7e9a2a9b44ff785bf8c246c_u24.log)
  al2023: FAIL (68s) (log: /var/www/ci-lustre/upstream-patch-review/9167e21ba9e262e7e7e9a2a9b44ff785bf8c246c_al2023.log)
  lustre_mainline_strict: FAIL (124s) (log: /var/www/ci-lustre/upstream-patch-review/9167e21ba9e262e7e7e9a2a9b44ff785bf8c246c_lustre_mainline_strict.log)
  lustre_mainline: FAIL (122s) (log: /var/www/ci-lustre/upstream-patch-review/9167e21ba9e262e7e7e9a2a9b44ff785bf8c246c_lustre_mainline.log)
  lustre_mainline_native: FAIL (125s) (log: /var/www/ci-lustre/upstream-patch-review/9167e21ba9e262e7e7e9a2a9b44ff785bf8c246c_lustre_mainline_native.log)
  clang-tidy: SKIPPED (due to dependency failure)
  cc-plugin: SKIPPED (due to dependency failure)
  boot: SKIPPED (due to dependency failure)
  llmount: SKIPPED (due to dependency failure)
  llog-unit: SKIPPED (due to dependency failure)
  mgs-setup: SKIPPED (due to dependency failure)
  sanity-1: SKIPPED (due to dependency failure)
  sanity-2: SKIPPED (due to dependency failure)
  sanity-3: SKIPPED (due to dependency failure)
  sanity-4: SKIPPED (due to dependency failure)

Total execution time: 156s
