CLI: ./podman-ktest --podman-socket unix:///run/podman/podman.sock --shared-filesystem /tmp --tarball-input job lustre-ci --output /var/www/ci-lustre/upstream-patch-review --git-hash 917748062bb78e13558fc1c2bc421a01bee8adb8 --change-id 66726_917748062bb78e13558fc1c2bc421a01bee8adb8 --subject LU-20363 tests: use GNU ls in sanity test_33i

  Checking /dev/kvm exists... OK
  Checking /dev/kvm permissions... OK
  Creating ccache directory... OK
  Checking ccache directory writable... OK
  Creating package output directory... OK

Environment validated successfully
Creating kernel tarball at /tmp/ktest-kernel.tar.gz...
Creating lustre tarball at /tmp/ktest-lustre.tar.gz...
Creating ZFS tarball at /tmp/ktest-zfs.tar.gz...
Executing 13 jobs
Jobs will start as soon as their dependencies are satisfied
Using tarball input mode

START u24 build tests/fs/lustre/boot.ktest
START checkpatch tool checkpatch
START lustre_mainline build tests/fs/lustre/boot.ktest
START al2023 build tests/fs/lustre/boot.ktest
START lustre_mainline_strict build tests/fs/lustre/boot-strict.ktest
START lustre_mainline_native build tests/fs/lustre/boot.ktest
PUT /tmp/ktest-lustre.tar.gz 1s
PUT /tmp/ktest-lustre.tar.gz 1s
PUT /tmp/ktest-kernel.tar.gz 13s
PUT /tmp/ktest-kernel.tar.gz 13s
PUT /tmp/ktest-kernel.tar.gz 13s
PUT /tmp/ktest-kernel.tar.gz 13s
PUT /tmp/ktest-lustre.tar.gz 2s
PUT /tmp/ktest-lustre.tar.gz 2s
PUT /tmp/ktest-lustre.tar.gz 1s
PUT /tmp/ktest-lustre.tar.gz 2s
PUT /tmp/ktest-zfs.tar.gz 0s
PUT /tmp/ktest-zfs.tar.gz 0s
PUT /tmp/ktest-zfs.tar.gz 0s
END checkpatch tool checkpatch FAIL 18s (exit code: 1)
END al2023 build tests/fs/lustre/boot.ktest PASS 63s
END u24 build tests/fs/lustre/boot.ktest PASS 75s
GET /tmp/ktest_lustre_mainline_strict_o2ro9vo6.tar 6s
END lustre_mainline_strict build tests/fs/lustre/boot-strict.ktest FAIL 187s (exit code: 1)
GET /tmp/ktest_lustre_mainline_native_kvx7tzsm.tar 0s
GET /tmp/ktest_lustre_mainline_mkkv27le.tar 0s
END lustre_mainline_native build tests/fs/lustre/boot.ktest PASS 200s
START boot run tests/fs/lustre/boot.ktest
START llmount run tests/fs/lustre/llmount.ktest
START mgs-setup run tests/fs/lustre/mgs-setup.ktest
START sanity-1 run tests/fs/lustre/sanity/sanity-1.ktest
START sanity-2 run tests/fs/lustre/sanity/sanity-2.ktest
START sanity-3 run tests/fs/lustre/sanity/sanity-3.ktest
START sanity-4 run tests/fs/lustre/sanity/sanity-4.ktest
END lustre_mainline build tests/fs/lustre/boot.ktest PASS 201s
PUT /tmp/ktest-kernel.tar.gz 33s
PUT /tmp/ktest-kernel.tar.gz 33s
PUT /tmp/ktest-kernel.tar.gz 34s
PUT /tmp/ktest-kernel.tar.gz 33s
PUT /tmp/ktest-kernel.tar.gz 33s
PUT /tmp/ktest-kernel.tar.gz 34s
PUT /tmp/ktest-kernel.tar.gz 33s
PUT /tmp/ktest-lustre.tar.gz 9s
PUT /tmp/ktest-lustre.tar.gz 8s
PUT /tmp/ktest-lustre.tar.gz 9s
PUT /tmp/ktest-lustre.tar.gz 9s
PUT /tmp/ktest-lustre.tar.gz 9s
PUT /tmp/ktest-lustre.tar.gz 8s
PUT /tmp/ktest-lustre.tar.gz 9s
PUT /tmp/ktest_lustre_mainline_native_kvx7tzsm.tar 0s
PUT /tmp/ktest_lustre_mainline_native_kvx7tzsm.tar 1s
PUT /tmp/ktest_lustre_mainline_native_kvx7tzsm.tar 1s
PUT /tmp/ktest_lustre_mainline_native_kvx7tzsm.tar 1s
PUT /tmp/ktest_lustre_mainline_native_kvx7tzsm.tar 1s
PUT /tmp/ktest_lustre_mainline_native_kvx7tzsm.tar 1s
PUT /tmp/ktest_lustre_mainline_native_kvx7tzsm.tar 1s
END boot run tests/fs/lustre/boot.ktest PASS 86s
END mgs-setup run tests/fs/lustre/mgs-setup.ktest FAIL 96s (exit code: 1)
END llmount run tests/fs/lustre/llmount.ktest FAIL 121s (exit code: 1)
END sanity-2 run tests/fs/lustre/sanity/sanity-2.ktest PASS 124s
END sanity-4 run tests/fs/lustre/sanity/sanity-4.ktest PASS 126s
END sanity-3 run tests/fs/lustre/sanity/sanity-3.ktest PASS 166s
END sanity-1 run tests/fs/lustre/sanity/sanity-1.ktest PASS 167s

============================================================
Final Results:
  checkpatch: FAIL (18s) (log: /var/www/ci-lustre/upstream-patch-review/917748062bb78e13558fc1c2bc421a01bee8adb8_checkpatch.log)
  u24: PASS (75s) (log: /var/www/ci-lustre/upstream-patch-review/917748062bb78e13558fc1c2bc421a01bee8adb8_u24.log)
  al2023: PASS (63s) (log: /var/www/ci-lustre/upstream-patch-review/917748062bb78e13558fc1c2bc421a01bee8adb8_al2023.log)
  lustre_mainline_strict: FAIL (187s) (log: /var/www/ci-lustre/upstream-patch-review/917748062bb78e13558fc1c2bc421a01bee8adb8_lustre_mainline_strict.log)
  lustre_mainline: PASS (201s) (log: /var/www/ci-lustre/upstream-patch-review/917748062bb78e13558fc1c2bc421a01bee8adb8_lustre_mainline.log)
  lustre_mainline_native: PASS (200s) (log: /var/www/ci-lustre/upstream-patch-review/917748062bb78e13558fc1c2bc421a01bee8adb8_lustre_mainline_native.log)
  boot: PASS (86s) (log: /var/www/ci-lustre/upstream-patch-review/917748062bb78e13558fc1c2bc421a01bee8adb8_boot.log)
  llmount: FAIL (121s) (log: /var/www/ci-lustre/upstream-patch-review/917748062bb78e13558fc1c2bc421a01bee8adb8_llmount.log)
  mgs-setup: FAIL (96s) (log: /var/www/ci-lustre/upstream-patch-review/917748062bb78e13558fc1c2bc421a01bee8adb8_mgs-setup.log)
  sanity-1: PASS (167s) (log: /var/www/ci-lustre/upstream-patch-review/917748062bb78e13558fc1c2bc421a01bee8adb8_sanity-1.log)
  sanity-2: PASS (124s) (log: /var/www/ci-lustre/upstream-patch-review/917748062bb78e13558fc1c2bc421a01bee8adb8_sanity-2.log)
  sanity-3: PASS (166s) (log: /var/www/ci-lustre/upstream-patch-review/917748062bb78e13558fc1c2bc421a01bee8adb8_sanity-3.log)
  sanity-4: PASS (126s) (log: /var/www/ci-lustre/upstream-patch-review/917748062bb78e13558fc1c2bc421a01bee8adb8_sanity-4.log)

Total execution time: 396s
