CLI: ./podman-ktest --podman-socket unix:///run/podman/podman.sock --shared-filesystem /tmp --tarball-input job lustre-ci --output /var/www/ci-lustre/upstream-patch-review --git-hash 91d6252da26729d0f280569d3779add4a8900d6f --change-id 56384_91d6252da26729d0f280569d3779add4a8900d6f --subject LU-14058 tests: clean up sanity.sh MDT name generation

  Checking /dev/kvm exists... OK
  Checking /dev/kvm permissions... OK
  Creating ccache directory... OK
  Checking ccache directory writable... OK

Environment validated successfully
Creating kernel tarball at /tmp/ktest-kernel.tar.gz...
Creating lustre tarball at /tmp/ktest-lustre.tar.gz...
Executing 16 jobs
Jobs will start as soon as their dependencies are satisfied
Using tarball input mode

START checkpatch tool checkpatch
START lustre_mainline_strict build tests/fs/lustre/boot-strict.ktest
START lustre_u24 build tests/fs/lustre/boot.ktest
START lustre_al2023 build tests/fs/lustre/boot.ktest
START lustre_mainline build tests/fs/lustre/boot.ktest
START lustre_mainline_native build tests/fs/lustre/boot.ktest
PUT /tmp/ktest-kernel.tar.gz 9s
PUT /tmp/ktest-kernel.tar.gz 9s
PUT /tmp/ktest-kernel.tar.gz 10s
PUT /tmp/ktest-kernel.tar.gz 10s
PUT /tmp/ktest-kernel.tar.gz 10s
PUT /tmp/ktest-kernel.tar.gz 10s
PUT /tmp/ktest-lustre.tar.gz 2s
PUT /tmp/ktest-lustre.tar.gz 3s
PUT /tmp/ktest-lustre.tar.gz 3s
PUT /tmp/ktest-lustre.tar.gz 3s
PUT /tmp/ktest-lustre.tar.gz 3s
PUT /tmp/ktest-lustre.tar.gz 2s
END checkpatch tool checkpatch FAIL 15s (exit code: 1)
END lustre_al2023 build tests/fs/lustre/boot.ktest PASS 72s
END lustre_u24 build tests/fs/lustre/boot.ktest PASS 74s
GET /tmp/ktest_lustre_mainline_strict_uczapi40.tar 4s
END lustre_mainline_strict build tests/fs/lustre/boot-strict.ktest FAIL 114s (exit code: 1)
GET /tmp/ktest_lustre_mainline_native_bwaocf1y.tar 3s
GET /tmp/ktest_lustre_mainline_wir5hh7l.tar 3s
END lustre_mainline_native build tests/fs/lustre/boot.ktest PASS 125s
START clang-tidy tool clang-tidy
START cc-plugin tool cc-plugin
START boot run tests/fs/lustre/boot.ktest
START llmount run tests/fs/lustre/llmount.ktest
START llog-unit run tests/fs/lustre/llog-unit.ktest
START mgs-setup run tests/fs/lustre/mgs-setup.ktest
START sanity-1 run tests/fs/lustre/sanity/sanity-1.ktest
START sanity-2 run tests/fs/lustre/sanity/sanity-2.ktest
START sanity-3 run tests/fs/lustre/sanity/sanity-3.ktest
START sanity-4 run tests/fs/lustre/sanity/sanity-4.ktest
END lustre_mainline build tests/fs/lustre/boot.ktest PASS 127s
PUT /tmp/ktest-kernel.tar.gz 14s
PUT /tmp/ktest_lustre_mainline_native_bwaocf1y.tar 16s
PUT /tmp/ktest-kernel.tar.gz 16s
PUT /tmp/ktest_lustre_mainline_native_bwaocf1y.tar 16s
PUT /tmp/ktest_lustre_mainline_native_bwaocf1y.tar 17s
PUT /tmp/ktest_lustre_mainline_native_bwaocf1y.tar 16s
PUT /tmp/ktest_lustre_mainline_native_bwaocf1y.tar 17s
PUT /tmp/ktest_lustre_mainline_native_bwaocf1y.tar 17s
PUT /tmp/ktest_lustre_mainline_native_bwaocf1y.tar 16s
PUT /tmp/ktest_lustre_mainline_native_bwaocf1y.tar 16s
PUT /tmp/ktest-lustre.tar.gz 30s
PUT /tmp/ktest-lustre.tar.gz 32s
PUT /tmp/ktest_lustre_mainline_native_bwaocf1y.tar 8s
PUT /tmp/ktest_lustre_mainline_native_bwaocf1y.tar 7s
END cc-plugin tool cc-plugin FAIL 59s (exit code: 127)
END boot run tests/fs/lustre/boot.ktest PASS 70s
END clang-tidy tool clang-tidy PASS 77s
END mgs-setup run tests/fs/lustre/mgs-setup.ktest PASS 87s
END sanity-4 run tests/fs/lustre/sanity/sanity-4.ktest PASS 96s
END sanity-1 run tests/fs/lustre/sanity/sanity-1.ktest PASS 102s
END sanity-2 run tests/fs/lustre/sanity/sanity-2.ktest PASS 103s
END sanity-3 run tests/fs/lustre/sanity/sanity-3.ktest PASS 105s
END llog-unit run tests/fs/lustre/llog-unit.ktest PASS 176s
END llmount run tests/fs/lustre/llmount.ktest PASS 178s

============================================================
Final Results:
  checkpatch: FAIL (15s) (log: /var/www/ci-lustre/upstream-patch-review/91d6252da26729d0f280569d3779add4a8900d6f_checkpatch.log)
  lustre_u24: PASS (74s) (log: /var/www/ci-lustre/upstream-patch-review/91d6252da26729d0f280569d3779add4a8900d6f_lustre_u24.log)
  lustre_al2023: PASS (72s) (log: /var/www/ci-lustre/upstream-patch-review/91d6252da26729d0f280569d3779add4a8900d6f_lustre_al2023.log)
  lustre_mainline_strict: FAIL (114s) (log: /var/www/ci-lustre/upstream-patch-review/91d6252da26729d0f280569d3779add4a8900d6f_lustre_mainline_strict.log)
  lustre_mainline: PASS (127s) (log: /var/www/ci-lustre/upstream-patch-review/91d6252da26729d0f280569d3779add4a8900d6f_lustre_mainline.log)
  lustre_mainline_native: PASS (125s) (log: /var/www/ci-lustre/upstream-patch-review/91d6252da26729d0f280569d3779add4a8900d6f_lustre_mainline_native.log)
  clang-tidy: PASS (77s) (log: /var/www/ci-lustre/upstream-patch-review/91d6252da26729d0f280569d3779add4a8900d6f_clang-tidy.log)
  cc-plugin: FAIL (59s) (log: /var/www/ci-lustre/upstream-patch-review/91d6252da26729d0f280569d3779add4a8900d6f_cc-plugin.log)
  boot: PASS (70s) (log: /var/www/ci-lustre/upstream-patch-review/91d6252da26729d0f280569d3779add4a8900d6f_boot.log)
  llmount: PASS (178s) (log: /var/www/ci-lustre/upstream-patch-review/91d6252da26729d0f280569d3779add4a8900d6f_llmount.log)
  llog-unit: PASS (176s) (log: /var/www/ci-lustre/upstream-patch-review/91d6252da26729d0f280569d3779add4a8900d6f_llog-unit.log)
  mgs-setup: PASS (87s) (log: /var/www/ci-lustre/upstream-patch-review/91d6252da26729d0f280569d3779add4a8900d6f_mgs-setup.log)
  sanity-1: PASS (102s) (log: /var/www/ci-lustre/upstream-patch-review/91d6252da26729d0f280569d3779add4a8900d6f_sanity-1.log)
  sanity-2: PASS (103s) (log: /var/www/ci-lustre/upstream-patch-review/91d6252da26729d0f280569d3779add4a8900d6f_sanity-2.log)
  sanity-3: PASS (105s) (log: /var/www/ci-lustre/upstream-patch-review/91d6252da26729d0f280569d3779add4a8900d6f_sanity-3.log)
  sanity-4: PASS (96s) (log: /var/www/ci-lustre/upstream-patch-review/91d6252da26729d0f280569d3779add4a8900d6f_sanity-4.log)

Total execution time: 335s
