CLI: ./podman-ktest --podman-socket unix:///run/podman/podman.sock --shared-filesystem /tmp --tarball-input job lustre-ci --output /var/www/ci-lustre/upstream-patch-review --git-hash 921b721cb30843869770cb9ac453023b361cba46 --change-id 65453_921b721cb30843869770cb9ac453023b361cba46 --subject LU-0000 dbg: test runtime of sanitysec26_4

  Checking /dev/kvm exists... OK
  Checking /dev/kvm permissions... OK
  Creating ccache directory... OK
  Checking ccache directory writable... OK

Environment validated successfully
Creating kernel tarball at /tmp/ktest-kernel.tar.gz...
Creating lustre tarball at /tmp/ktest-lustre.tar.gz...
Executing 16 jobs
Jobs will start as soon as their dependencies are satisfied
Using tarball input mode

START checkpatch tool checkpatch
START lustre_mainline build tests/fs/lustre/boot.ktest
START u24 build tests/fs/lustre/boot.ktest
START al2023 build tests/fs/lustre/boot.ktest
START lustre_mainline_native build tests/fs/lustre/boot.ktest
START lustre_mainline_strict build tests/fs/lustre/boot-strict.ktest
PUT /tmp/ktest-kernel.tar.gz 7s
PUT /tmp/ktest-kernel.tar.gz 7s
PUT /tmp/ktest-kernel.tar.gz 7s
PUT /tmp/ktest-kernel.tar.gz 7s
PUT /tmp/ktest-kernel.tar.gz 7s
PUT /tmp/ktest-kernel.tar.gz 8s
PUT /tmp/ktest-lustre.tar.gz 2s
PUT /tmp/ktest-lustre.tar.gz 1s
PUT /tmp/ktest-lustre.tar.gz 1s
PUT /tmp/ktest-lustre.tar.gz 2s
PUT /tmp/ktest-lustre.tar.gz 2s
PUT /tmp/ktest-lustre.tar.gz 2s
END checkpatch tool checkpatch PASS 12s
END al2023 build tests/fs/lustre/boot.ktest PASS 67s
END u24 build tests/fs/lustre/boot.ktest PASS 69s
GET /tmp/ktest_lustre_mainline_strict_lhqwisd3.tar 5s
END lustre_mainline_strict build tests/fs/lustre/boot-strict.ktest FAIL 121s (exit code: 1)
GET /tmp/ktest_lustre_mainline_native_mm4chcl7.tar 3s
GET /tmp/ktest_lustre_mainline_sz_oz9fv.tar 3s
END lustre_mainline_native build tests/fs/lustre/boot.ktest PASS 126s
START clang-tidy tool clang-tidy
START cc-plugin tool cc-plugin
START boot run tests/fs/lustre/boot.ktest
START llmount run tests/fs/lustre/llmount.ktest
START llog-unit run tests/fs/lustre/llog-unit.ktest
START mgs-setup run tests/fs/lustre/mgs-setup.ktest
START sanity-1 run tests/fs/lustre/sanity/sanity-1.ktest
START sanity-2 run tests/fs/lustre/sanity/sanity-2.ktest
START sanity-3 run tests/fs/lustre/sanity/sanity-3.ktest
START sanity-4 run tests/fs/lustre/sanity/sanity-4.ktest
END lustre_mainline build tests/fs/lustre/boot.ktest PASS 127s
PUT /tmp/ktest-kernel.tar.gz 11s
PUT /tmp/ktest_lustre_mainline_native_mm4chcl7.tar 13s
PUT /tmp/ktest_lustre_mainline_native_mm4chcl7.tar 13s
PUT /tmp/ktest_lustre_mainline_native_mm4chcl7.tar 13s
PUT /tmp/ktest_lustre_mainline_native_mm4chcl7.tar 13s
PUT /tmp/ktest_lustre_mainline_native_mm4chcl7.tar 13s
PUT /tmp/ktest_lustre_mainline_native_mm4chcl7.tar 13s
PUT /tmp/ktest-kernel.tar.gz 13s
PUT /tmp/ktest_lustre_mainline_native_mm4chcl7.tar 13s
PUT /tmp/ktest_lustre_mainline_native_mm4chcl7.tar 13s
PUT /tmp/ktest-lustre.tar.gz 12s
PUT /tmp/ktest-lustre.tar.gz 18s
PUT /tmp/ktest_lustre_mainline_native_mm4chcl7.tar 15s
PUT /tmp/ktest_lustre_mainline_native_mm4chcl7.tar 12s
END cc-plugin tool cc-plugin FAIL 49s (exit code: 127)
END clang-tidy tool clang-tidy PASS 71s
END boot run tests/fs/lustre/boot.ktest PASS 86s
END mgs-setup run tests/fs/lustre/mgs-setup.ktest PASS 98s
END sanity-2 run tests/fs/lustre/sanity/sanity-2.ktest PASS 106s
END sanity-3 run tests/fs/lustre/sanity/sanity-3.ktest PASS 112s
END sanity-4 run tests/fs/lustre/sanity/sanity-4.ktest PASS 114s
END sanity-1 run tests/fs/lustre/sanity/sanity-1.ktest PASS 118s
END llog-unit run tests/fs/lustre/llog-unit.ktest PASS 183s
END llmount run tests/fs/lustre/llmount.ktest PASS 188s

============================================================
Final Results:
  checkpatch: PASS (12s) (log: /var/www/ci-lustre/upstream-patch-review/921b721cb30843869770cb9ac453023b361cba46_checkpatch.log)
  u24: PASS (69s) (log: /var/www/ci-lustre/upstream-patch-review/921b721cb30843869770cb9ac453023b361cba46_u24.log)
  al2023: PASS (67s) (log: /var/www/ci-lustre/upstream-patch-review/921b721cb30843869770cb9ac453023b361cba46_al2023.log)
  lustre_mainline_strict: FAIL (121s) (log: /var/www/ci-lustre/upstream-patch-review/921b721cb30843869770cb9ac453023b361cba46_lustre_mainline_strict.log)
  lustre_mainline: PASS (127s) (log: /var/www/ci-lustre/upstream-patch-review/921b721cb30843869770cb9ac453023b361cba46_lustre_mainline.log)
  lustre_mainline_native: PASS (126s) (log: /var/www/ci-lustre/upstream-patch-review/921b721cb30843869770cb9ac453023b361cba46_lustre_mainline_native.log)
  clang-tidy: PASS (71s) (log: /var/www/ci-lustre/upstream-patch-review/921b721cb30843869770cb9ac453023b361cba46_clang-tidy.log)
  cc-plugin: FAIL (49s) (log: /var/www/ci-lustre/upstream-patch-review/921b721cb30843869770cb9ac453023b361cba46_cc-plugin.log)
  boot: PASS (86s) (log: /var/www/ci-lustre/upstream-patch-review/921b721cb30843869770cb9ac453023b361cba46_boot.log)
  llmount: PASS (188s) (log: /var/www/ci-lustre/upstream-patch-review/921b721cb30843869770cb9ac453023b361cba46_llmount.log)
  llog-unit: PASS (183s) (log: /var/www/ci-lustre/upstream-patch-review/921b721cb30843869770cb9ac453023b361cba46_llog-unit.log)
  mgs-setup: PASS (98s) (log: /var/www/ci-lustre/upstream-patch-review/921b721cb30843869770cb9ac453023b361cba46_mgs-setup.log)
  sanity-1: PASS (118s) (log: /var/www/ci-lustre/upstream-patch-review/921b721cb30843869770cb9ac453023b361cba46_sanity-1.log)
  sanity-2: PASS (106s) (log: /var/www/ci-lustre/upstream-patch-review/921b721cb30843869770cb9ac453023b361cba46_sanity-2.log)
  sanity-3: PASS (112s) (log: /var/www/ci-lustre/upstream-patch-review/921b721cb30843869770cb9ac453023b361cba46_sanity-3.log)
  sanity-4: PASS (114s) (log: /var/www/ci-lustre/upstream-patch-review/921b721cb30843869770cb9ac453023b361cba46_sanity-4.log)

Total execution time: 344s
