WARNING:LONG_LINE_STRING: line length of 124 exceeds 100 columns
#331: FILE: lustre/tests/sanity-ec.sh:3308:
+		error "BUG: aligned read (offset 2M) checksum changed after OST failure: $sum_aligned vs $sum_aligned_after"

WARNING:LONG_LINE_STRING: line length of 147 exceeds 100 columns
#336: FILE: lustre/tests/sanity-ec.sh:3313:
+		error "BUG: 512K unaligned read (offset 512K) checksum changed after OST failure: $sum_unaligned_512k vs $sum_unaligned_512k_after"

WARNING:LONG_LINE_STRING: line length of 148 exceeds 100 columns
#341: FILE: lustre/tests/sanity-ec.sh:3318:
+		error "BUG: 256K unaligned read (offset 1.25M) checksum changed after OST failure: $sum_unaligned_256k vs $sum_unaligned_256k_after"

WARNING:LONG_LINE_STRING: line length of 160 exceeds 100 columns
#346: FILE: lustre/tests/sanity-ec.sh:3323:
+		error "BUG: small unaligned read (offset 64K, size 128K) checksum changed after OST failure: $sum_small_unaligned vs $sum_small_unaligned_after"

WARNING:LONG_LINE_STRING: line length of 104 exceeds 100 columns
#419: FILE: lustre/tests/sanity-ec.sh:3396:
+		error "BUG: Direct I/O read checksum changed (returns zeros): $sum_before vs $sum_after"

total: 0 errors, 5 warnings, 2228 lines checked

NOTE: For some of the reported defects, checkpatch may be able to
      mechanically convert to the typical style using --fix or --fix-inplace.

Your patch has style problems, please review.

NOTE: If any of the errors are false positives, please report
      them to the maintainer, see CHECKPATCH in MAINTAINERS.
