CLI: ./podman-ktest --podman-socket unix:///run/podman/podman.sock --shared-filesystem /tmp --tarball-input job lustre-ci --output /var/www/ci-lustre/upstream-patch-review --git-hash 932162718051d06aa62431e6d48f0e13132d3dd5 --change-id 65281_932162718051d06aa62431e6d48f0e13132d3dd5 --subject LU-18222 quota: check lqa name for illegal characters

  Checking /dev/kvm exists... OK
  Checking /dev/kvm permissions... OK
  Creating ccache directory... OK
  Checking ccache directory writable... OK

Environment validated successfully
Creating kernel tarball at /tmp/ktest-kernel.tar.gz...
Creating lustre tarball at /tmp/ktest-lustre.tar.gz...
Executing 16 jobs
Jobs will start as soon as their dependencies are satisfied
Using tarball input mode

START lustre_mainline_strict build tests/fs/lustre/boot-strict.ktest
START u24 build tests/fs/lustre/boot.ktest
START lustre_mainline build tests/fs/lustre/boot.ktest
START checkpatch tool checkpatch
START lustre_mainline_native build tests/fs/lustre/boot.ktest
START al2023 build tests/fs/lustre/boot.ktest
PUT /tmp/ktest-kernel.tar.gz 8s
PUT /tmp/ktest-kernel.tar.gz 8s
PUT /tmp/ktest-kernel.tar.gz 8s
PUT /tmp/ktest-kernel.tar.gz 8s
PUT /tmp/ktest-kernel.tar.gz 9s
PUT /tmp/ktest-kernel.tar.gz 9s
PUT /tmp/ktest-lustre.tar.gz 2s
PUT /tmp/ktest-lustre.tar.gz 2s
PUT /tmp/ktest-lustre.tar.gz 2s
PUT /tmp/ktest-lustre.tar.gz 2s
PUT /tmp/ktest-lustre.tar.gz 2s
PUT /tmp/ktest-lustre.tar.gz 2s
END checkpatch tool checkpatch PASS 13s
END al2023 build tests/fs/lustre/boot.ktest PASS 66s
END u24 build tests/fs/lustre/boot.ktest PASS 72s
GET /tmp/ktest_lustre_mainline_strict_7rpziv2h.tar 5s
END lustre_mainline_strict build tests/fs/lustre/boot-strict.ktest FAIL 116s (exit code: 1)
GET /tmp/ktest_lustre_mainline_9i6x_qas.tar 5s
GET /tmp/ktest_lustre_mainline_native_frai73fw.tar 5s
END lustre_mainline build tests/fs/lustre/boot.ktest PASS 119s
END lustre_mainline_native build tests/fs/lustre/boot.ktest PASS 120s
START clang-tidy tool clang-tidy
START cc-plugin tool cc-plugin
START boot run tests/fs/lustre/boot.ktest
START llmount run tests/fs/lustre/llmount.ktest
START llog-unit run tests/fs/lustre/llog-unit.ktest
START mgs-setup run tests/fs/lustre/mgs-setup.ktest
START sanity-1 run tests/fs/lustre/sanity/sanity-1.ktest
START sanity-2 run tests/fs/lustre/sanity/sanity-2.ktest
START sanity-3 run tests/fs/lustre/sanity/sanity-3.ktest
START sanity-4 run tests/fs/lustre/sanity/sanity-4.ktest
PUT /tmp/ktest-kernel.tar.gz 12s
PUT /tmp/ktest_lustre_mainline_native_frai73fw.tar 16s
PUT /tmp/ktest_lustre_mainline_native_frai73fw.tar 16s
PUT /tmp/ktest_lustre_mainline_native_frai73fw.tar 16s
PUT /tmp/ktest_lustre_mainline_native_frai73fw.tar 16s
PUT /tmp/ktest_lustre_mainline_native_frai73fw.tar 16s
PUT /tmp/ktest_lustre_mainline_native_frai73fw.tar 16s
PUT /tmp/ktest_lustre_mainline_native_frai73fw.tar 16s
PUT /tmp/ktest-kernel.tar.gz 16s
PUT /tmp/ktest_lustre_mainline_native_frai73fw.tar 16s
PUT /tmp/ktest-lustre.tar.gz 28s
PUT /tmp/ktest-lustre.tar.gz 36s
PUT /tmp/ktest_lustre_mainline_native_frai73fw.tar 9s
PUT /tmp/ktest_lustre_mainline_native_frai73fw.tar 6s
END cc-plugin tool cc-plugin FAIL 58s (exit code: 127)
END clang-tidy tool clang-tidy PASS 81s
END boot run tests/fs/lustre/boot.ktest PASS 81s
END mgs-setup run tests/fs/lustre/mgs-setup.ktest PASS 89s
END sanity-3 run tests/fs/lustre/sanity/sanity-3.ktest PASS 101s
END sanity-4 run tests/fs/lustre/sanity/sanity-4.ktest PASS 122s
END sanity-2 run tests/fs/lustre/sanity/sanity-2.ktest PASS 123s
END sanity-1 run tests/fs/lustre/sanity/sanity-1.ktest PASS 123s
END llmount run tests/fs/lustre/llmount.ktest PASS 175s
END llog-unit run tests/fs/lustre/llog-unit.ktest PASS 176s

============================================================
Final Results:
  checkpatch: PASS (13s) (log: /var/www/ci-lustre/upstream-patch-review/932162718051d06aa62431e6d48f0e13132d3dd5_checkpatch.log)
  u24: PASS (72s) (log: /var/www/ci-lustre/upstream-patch-review/932162718051d06aa62431e6d48f0e13132d3dd5_u24.log)
  al2023: PASS (66s) (log: /var/www/ci-lustre/upstream-patch-review/932162718051d06aa62431e6d48f0e13132d3dd5_al2023.log)
  lustre_mainline_strict: FAIL (116s) (log: /var/www/ci-lustre/upstream-patch-review/932162718051d06aa62431e6d48f0e13132d3dd5_lustre_mainline_strict.log)
  lustre_mainline: PASS (119s) (log: /var/www/ci-lustre/upstream-patch-review/932162718051d06aa62431e6d48f0e13132d3dd5_lustre_mainline.log)
  lustre_mainline_native: PASS (120s) (log: /var/www/ci-lustre/upstream-patch-review/932162718051d06aa62431e6d48f0e13132d3dd5_lustre_mainline_native.log)
  clang-tidy: PASS (81s) (log: /var/www/ci-lustre/upstream-patch-review/932162718051d06aa62431e6d48f0e13132d3dd5_clang-tidy.log)
  cc-plugin: FAIL (58s) (log: /var/www/ci-lustre/upstream-patch-review/932162718051d06aa62431e6d48f0e13132d3dd5_cc-plugin.log)
  boot: PASS (81s) (log: /var/www/ci-lustre/upstream-patch-review/932162718051d06aa62431e6d48f0e13132d3dd5_boot.log)
  llmount: PASS (175s) (log: /var/www/ci-lustre/upstream-patch-review/932162718051d06aa62431e6d48f0e13132d3dd5_llmount.log)
  llog-unit: PASS (176s) (log: /var/www/ci-lustre/upstream-patch-review/932162718051d06aa62431e6d48f0e13132d3dd5_llog-unit.log)
  mgs-setup: PASS (89s) (log: /var/www/ci-lustre/upstream-patch-review/932162718051d06aa62431e6d48f0e13132d3dd5_mgs-setup.log)
  sanity-1: PASS (123s) (log: /var/www/ci-lustre/upstream-patch-review/932162718051d06aa62431e6d48f0e13132d3dd5_sanity-1.log)
  sanity-2: PASS (123s) (log: /var/www/ci-lustre/upstream-patch-review/932162718051d06aa62431e6d48f0e13132d3dd5_sanity-2.log)
  sanity-3: PASS (101s) (log: /var/www/ci-lustre/upstream-patch-review/932162718051d06aa62431e6d48f0e13132d3dd5_sanity-3.log)
  sanity-4: PASS (122s) (log: /var/www/ci-lustre/upstream-patch-review/932162718051d06aa62431e6d48f0e13132d3dd5_sanity-4.log)

Total execution time: 328s
