CLI: ./podman-ktest --podman-socket unix:///run/podman/podman.sock --shared-filesystem /tmp --tarball-input job lustre-ci --output /var/www/ci-lustre/upstream-patch-review --git-hash 941e894c5ae5229c01c0bc1f9bafe73d9286ddad --change-id 64955_941e894c5ae5229c01c0bc1f9bafe73d9286ddad --subject LU-19921 tests: add GSSIAM security test

  Checking /dev/kvm exists... OK
  Checking /dev/kvm permissions... OK
  Creating ccache directory... OK
  Checking ccache directory writable... OK
  Creating package output directory... OK

Environment validated successfully
Creating kernel tarball at /tmp/ktest-kernel.tar.gz...
Creating lustre tarball at /tmp/ktest-lustre.tar.gz...
Creating ZFS tarball at /tmp/ktest-zfs.tar.gz...
Executing 13 jobs
Jobs will start as soon as their dependencies are satisfied
Using tarball input mode

START al2023 build tests/fs/lustre/boot.ktest
START lustre_mainline_strict build tests/fs/lustre/boot-strict.ktest
START u24 build tests/fs/lustre/boot.ktest
START checkpatch tool checkpatch
START lustre_mainline_native build tests/fs/lustre/boot.ktest
START lustre_mainline build tests/fs/lustre/boot.ktest
PUT /tmp/ktest-lustre.tar.gz 1s
PUT /tmp/ktest-lustre.tar.gz 1s
PUT /tmp/ktest-kernel.tar.gz 6s
PUT /tmp/ktest-kernel.tar.gz 6s
PUT /tmp/ktest-kernel.tar.gz 6s
PUT /tmp/ktest-kernel.tar.gz 7s
PUT /tmp/ktest-lustre.tar.gz 3s
PUT /tmp/ktest-lustre.tar.gz 3s
PUT /tmp/ktest-lustre.tar.gz 3s
PUT /tmp/ktest-lustre.tar.gz 3s
PUT /tmp/ktest-zfs.tar.gz 0s
PUT /tmp/ktest-zfs.tar.gz 0s
PUT /tmp/ktest-zfs.tar.gz 0s
END checkpatch tool checkpatch FAIL 13s (exit code: 1)
END al2023 build tests/fs/lustre/boot.ktest PASS 59s
END u24 build tests/fs/lustre/boot.ktest PASS 69s
GET /tmp/ktest_lustre_mainline_strict_j6hx2jt3.tar 6s
END lustre_mainline_strict build tests/fs/lustre/boot-strict.ktest FAIL 192s (exit code: 1)
GET /tmp/ktest_lustre_mainline_muect_7e.tar 0s
GET /tmp/ktest_lustre_mainline_native_2e6sf3t8.tar 0s
END lustre_mainline build tests/fs/lustre/boot.ktest PASS 206s
END lustre_mainline_native build tests/fs/lustre/boot.ktest PASS 207s
START boot run tests/fs/lustre/boot.ktest
START llmount run tests/fs/lustre/llmount.ktest
START mgs-setup run tests/fs/lustre/mgs-setup.ktest
START sanity-1 run tests/fs/lustre/sanity/sanity-1.ktest
START sanity-2 run tests/fs/lustre/sanity/sanity-2.ktest
START sanity-3 run tests/fs/lustre/sanity/sanity-3.ktest
START sanity-4 run tests/fs/lustre/sanity/sanity-4.ktest
PUT /tmp/ktest-kernel.tar.gz 14s
PUT /tmp/ktest-kernel.tar.gz 14s
PUT /tmp/ktest-kernel.tar.gz 14s
PUT /tmp/ktest-kernel.tar.gz 14s
PUT /tmp/ktest-kernel.tar.gz 15s
PUT /tmp/ktest-kernel.tar.gz 15s
PUT /tmp/ktest-kernel.tar.gz 15s
PUT /tmp/ktest-lustre.tar.gz 7s
PUT /tmp/ktest-lustre.tar.gz 7s
PUT /tmp/ktest-lustre.tar.gz 7s
PUT /tmp/ktest-lustre.tar.gz 7s
PUT /tmp/ktest-lustre.tar.gz 7s
PUT /tmp/ktest-lustre.tar.gz 7s
PUT /tmp/ktest-lustre.tar.gz 8s
PUT /tmp/ktest_lustre_mainline_native_2e6sf3t8.tar 1s
PUT /tmp/ktest_lustre_mainline_native_2e6sf3t8.tar 1s
PUT /tmp/ktest_lustre_mainline_native_2e6sf3t8.tar 1s
PUT /tmp/ktest_lustre_mainline_native_2e6sf3t8.tar 1s
PUT /tmp/ktest_lustre_mainline_native_2e6sf3t8.tar 1s
PUT /tmp/ktest_lustre_mainline_native_2e6sf3t8.tar 1s
PUT /tmp/ktest_lustre_mainline_native_2e6sf3t8.tar 1s
END boot run tests/fs/lustre/boot.ktest PASS 64s
END mgs-setup run tests/fs/lustre/mgs-setup.ktest PASS 74s
END sanity-3 run tests/fs/lustre/sanity/sanity-3.ktest PASS 103s
END sanity-4 run tests/fs/lustre/sanity/sanity-4.ktest PASS 104s
END sanity-1 run tests/fs/lustre/sanity/sanity-1.ktest PASS 106s
END sanity-2 run tests/fs/lustre/sanity/sanity-2.ktest PASS 107s
END llmount run tests/fs/lustre/llmount.ktest PASS 113s

============================================================
Final Results:
  checkpatch: FAIL (13s) (log: /var/www/ci-lustre/upstream-patch-review/941e894c5ae5229c01c0bc1f9bafe73d9286ddad_checkpatch.log)
  u24: PASS (69s) (log: /var/www/ci-lustre/upstream-patch-review/941e894c5ae5229c01c0bc1f9bafe73d9286ddad_u24.log)
  al2023: PASS (59s) (log: /var/www/ci-lustre/upstream-patch-review/941e894c5ae5229c01c0bc1f9bafe73d9286ddad_al2023.log)
  lustre_mainline_strict: FAIL (192s) (log: /var/www/ci-lustre/upstream-patch-review/941e894c5ae5229c01c0bc1f9bafe73d9286ddad_lustre_mainline_strict.log)
  lustre_mainline: PASS (206s) (log: /var/www/ci-lustre/upstream-patch-review/941e894c5ae5229c01c0bc1f9bafe73d9286ddad_lustre_mainline.log)
  lustre_mainline_native: PASS (207s) (log: /var/www/ci-lustre/upstream-patch-review/941e894c5ae5229c01c0bc1f9bafe73d9286ddad_lustre_mainline_native.log)
  boot: PASS (64s) (log: /var/www/ci-lustre/upstream-patch-review/941e894c5ae5229c01c0bc1f9bafe73d9286ddad_boot.log)
  llmount: PASS (113s) (log: /var/www/ci-lustre/upstream-patch-review/941e894c5ae5229c01c0bc1f9bafe73d9286ddad_llmount.log)
  mgs-setup: PASS (74s) (log: /var/www/ci-lustre/upstream-patch-review/941e894c5ae5229c01c0bc1f9bafe73d9286ddad_mgs-setup.log)
  sanity-1: PASS (106s) (log: /var/www/ci-lustre/upstream-patch-review/941e894c5ae5229c01c0bc1f9bafe73d9286ddad_sanity-1.log)
  sanity-2: PASS (107s) (log: /var/www/ci-lustre/upstream-patch-review/941e894c5ae5229c01c0bc1f9bafe73d9286ddad_sanity-2.log)
  sanity-3: PASS (103s) (log: /var/www/ci-lustre/upstream-patch-review/941e894c5ae5229c01c0bc1f9bafe73d9286ddad_sanity-3.log)
  sanity-4: PASS (104s) (log: /var/www/ci-lustre/upstream-patch-review/941e894c5ae5229c01c0bc1f9bafe73d9286ddad_sanity-4.log)

Total execution time: 349s
