CLI: ./podman-ktest --podman-socket unix:///run/podman/podman.sock --shared-filesystem /tmp --tarball-input job lustre-ci --output /var/www/ci-lustre/upstream-patch-review --git-hash 948a5542824ed8e388e3dd44b3571648d348a985 --change-id 66091_948a5542824ed8e388e3dd44b3571648d348a985 --subject LU-19921 ptlrpc: Test the fix and getting some debug

  Checking /dev/kvm exists... OK
  Checking /dev/kvm permissions... OK
  Creating ccache directory... OK
  Checking ccache directory writable... OK

Environment validated successfully
Creating kernel tarball at /tmp/ktest-kernel.tar.gz...
Creating lustre tarball at /tmp/ktest-lustre.tar.gz...
Creating ZFS tarball at /tmp/ktest-zfs.tar.gz...
Executing 13 jobs
Jobs will start as soon as their dependencies are satisfied
Using tarball input mode

START lustre_mainline build tests/fs/lustre/boot.ktest
START lustre_mainline_strict build tests/fs/lustre/boot-strict.ktest
START al2023 build tests/fs/lustre/boot.ktest
START checkpatch tool checkpatch
START u24 build tests/fs/lustre/boot.ktest
START lustre_mainline_native build tests/fs/lustre/boot.ktest
PUT /tmp/ktest-lustre.tar.gz 1s
PUT /tmp/ktest-lustre.tar.gz 1s
PUT /tmp/ktest-kernel.tar.gz 6s
PUT /tmp/ktest-kernel.tar.gz 6s
PUT /tmp/ktest-kernel.tar.gz 6s
PUT /tmp/ktest-kernel.tar.gz 6s
PUT /tmp/ktest-lustre.tar.gz 1s
PUT /tmp/ktest-lustre.tar.gz 1s
PUT /tmp/ktest-lustre.tar.gz 1s
PUT /tmp/ktest-lustre.tar.gz 1s
PUT /tmp/ktest-zfs.tar.gz 0s
PUT /tmp/ktest-zfs.tar.gz 0s
PUT /tmp/ktest-zfs.tar.gz 0s
END checkpatch tool checkpatch FAIL 10s (exit code: 1)
END al2023 build tests/fs/lustre/boot.ktest PASS 64s
END u24 build tests/fs/lustre/boot.ktest PASS 65s
GET /tmp/ktest_lustre_mainline_strict_vqltlpp5.tar 6s
END lustre_mainline_strict build tests/fs/lustre/boot-strict.ktest FAIL 138s (exit code: 1)
GET /tmp/ktest_lustre_mainline_native_6qnkmzq4.tar 0s
GET /tmp/ktest_lustre_mainline_gvzfgb1d.tar 0s
END lustre_mainline_native build tests/fs/lustre/boot.ktest PASS 150s
START boot run tests/fs/lustre/boot.ktest
START llmount run tests/fs/lustre/llmount.ktest
START mgs-setup run tests/fs/lustre/mgs-setup.ktest
START sanity-1 run tests/fs/lustre/sanity/sanity-1.ktest
START sanity-2 run tests/fs/lustre/sanity/sanity-2.ktest
START sanity-3 run tests/fs/lustre/sanity/sanity-3.ktest
START sanity-4 run tests/fs/lustre/sanity/sanity-4.ktest
END lustre_mainline build tests/fs/lustre/boot.ktest PASS 152s
PUT /tmp/ktest_lustre_mainline_native_6qnkmzq4.tar 7s
PUT /tmp/ktest_lustre_mainline_native_6qnkmzq4.tar 7s
PUT /tmp/ktest_lustre_mainline_native_6qnkmzq4.tar 7s
PUT /tmp/ktest_lustre_mainline_native_6qnkmzq4.tar 0s
PUT /tmp/ktest_lustre_mainline_native_6qnkmzq4.tar 1s
PUT /tmp/ktest_lustre_mainline_native_6qnkmzq4.tar 1s
PUT /tmp/ktest_lustre_mainline_native_6qnkmzq4.tar 1s
END boot run tests/fs/lustre/boot.ktest PASS 27s
END mgs-setup run tests/fs/lustre/mgs-setup.ktest PASS 38s
END sanity-2 run tests/fs/lustre/sanity/sanity-2.ktest PASS 50s
END sanity-4 run tests/fs/lustre/sanity/sanity-4.ktest PASS 60s
END sanity-3 run tests/fs/lustre/sanity/sanity-3.ktest PASS 63s
END sanity-1 run tests/fs/lustre/sanity/sanity-1.ktest PASS 70s
END llmount run tests/fs/lustre/llmount.ktest PASS 123s

============================================================
Final Results:
  checkpatch: FAIL (10s) (log: /var/www/ci-lustre/upstream-patch-review/948a5542824ed8e388e3dd44b3571648d348a985_checkpatch.log)
  u24: PASS (65s) (log: /var/www/ci-lustre/upstream-patch-review/948a5542824ed8e388e3dd44b3571648d348a985_u24.log)
  al2023: PASS (64s) (log: /var/www/ci-lustre/upstream-patch-review/948a5542824ed8e388e3dd44b3571648d348a985_al2023.log)
  lustre_mainline_strict: FAIL (138s) (log: /var/www/ci-lustre/upstream-patch-review/948a5542824ed8e388e3dd44b3571648d348a985_lustre_mainline_strict.log)
  lustre_mainline: PASS (152s) (log: /var/www/ci-lustre/upstream-patch-review/948a5542824ed8e388e3dd44b3571648d348a985_lustre_mainline.log)
  lustre_mainline_native: PASS (150s) (log: /var/www/ci-lustre/upstream-patch-review/948a5542824ed8e388e3dd44b3571648d348a985_lustre_mainline_native.log)
  boot: PASS (27s) (log: /var/www/ci-lustre/upstream-patch-review/948a5542824ed8e388e3dd44b3571648d348a985_boot.log)
  llmount: PASS (123s) (log: /var/www/ci-lustre/upstream-patch-review/948a5542824ed8e388e3dd44b3571648d348a985_llmount.log)
  mgs-setup: PASS (38s) (log: /var/www/ci-lustre/upstream-patch-review/948a5542824ed8e388e3dd44b3571648d348a985_mgs-setup.log)
  sanity-1: PASS (70s) (log: /var/www/ci-lustre/upstream-patch-review/948a5542824ed8e388e3dd44b3571648d348a985_sanity-1.log)
  sanity-2: PASS (50s) (log: /var/www/ci-lustre/upstream-patch-review/948a5542824ed8e388e3dd44b3571648d348a985_sanity-2.log)
  sanity-3: PASS (63s) (log: /var/www/ci-lustre/upstream-patch-review/948a5542824ed8e388e3dd44b3571648d348a985_sanity-3.log)
  sanity-4: PASS (60s) (log: /var/www/ci-lustre/upstream-patch-review/948a5542824ed8e388e3dd44b3571648d348a985_sanity-4.log)

Total execution time: 302s
