Repository: /home/ktest/git/lustre-release

============================================================
                 Top Contributors (Names)
============================================================

=== Last month (since 1 month ago) ===
     35 Arshad Hussain
     16 Timothy Day
     11 Andreas Dilger
      9 Alex Zhuravlev
      6 Sebastien Buisson
      5 Xiao Yang
      5 Shaun Tancheff
      4 James Simmons
      3 Sohei Koyama
      3 Li Dongyang

=== Last 3 months (since 3 months ago) ===
     52 Arshad Hussain
     30 Timothy Day
     22 Andreas Dilger
     19 Alex Zhuravlev
     12 Sebastien Buisson
     11 Shaun Tancheff
     10 James Simmons
      8 Oleg Drokin
      7 Xiao Yang
      7 Patrick Farrell

=== Last year (since 1 year ago) ===
    150 Arshad Hussain
    132 Timothy Day
     98 Andreas Dilger
     64 Alex Zhuravlev
     60 Shaun Tancheff
     60 Jian Yu
     58 Sebastien Buisson
     55 Patrick Farrell
     52 Marc Vef
     51 James Simmons

=== Last 3 years (since 3 years ago) ===
    382 Arshad Hussain
    368 Timothy Day
    282 Andreas Dilger
    230 Shaun Tancheff
    195 Sebastien Buisson
    179 James Simmons
    174 Jian Yu
    168 Alex Zhuravlev
    167 Patrick Farrell
    113 Chris Horn


============================================================
          Top Contributors by Email Domain
============================================================

=== Last month (since 1 month ago) ===
     35 aeoncomputing.com
     21 ddn.com
     19 whamcloud.com
     17 amazon.com
     12 thelustrecollective.com
     12 hpe.com
      4 infradead.org
      1 nvidia.com
      1 gmail.com
      1 cea.fr

=== Last 3 months (since 3 months ago) ===
     64 whamcloud.com
     52 aeoncomputing.com
     39 ddn.com
     33 amazon.com
     23 thelustrecollective.com
     23 hpe.com
     10 infradead.org
      4 gmail.com
      3 nvidia.com
      2 lanl.gov

=== Last year (since 1 year ago) ===
    480 whamcloud.com
    151 ddn.com
    150 hpe.com
    150 aeoncomputing.com
    141 amazon.com
     51 infradead.org
     25 thelustrecollective.com
     14 nvidia.com
     14 gmail.com
     10 cea.fr

=== Last 3 years (since 3 years ago) ===
   1374 whamcloud.com
    530 hpe.com
    482 ddn.com
    382 aeoncomputing.com
    380 amazon.com
    179 infradead.org
     64 suse.de
     56 cea.fr
     40 nvidia.com
     38 oracle.com


============================================================
                 Top Reviewers (Names)
============================================================

=== Last month (since 1 month ago) ===
    122 Oleg Drokin
     92 Andreas Dilger
     57 James Simmons
     23 Anjus George
     19 Arshad Hussain
     17 Jian Yu
     10 Timothy Day
     10 Shaun Tancheff
      8 Alex Zhuravlev
      7 Marc Vef

=== Last 3 months (since 3 months ago) ===
    250 Oleg Drokin
    197 Andreas Dilger
     85 James Simmons
     40 Arshad Hussain
     35 Anjus George
     23 Jian Yu
     22 Timothy Day
     20 Marc Vef
     19 Shaun Tancheff
     16 Alex Zhuravlev

=== Last year (since 1 year ago) ===
   1166 Oleg Drokin
    762 Andreas Dilger
    312 James Simmons
    174 Arshad Hussain
    125 Timothy Day
    119 Marc Vef
    105 Anjus George
     97 Jian Yu
     96 Sebastien Buisson
     79 Shaun Tancheff

=== Last 3 years (since 3 years ago) ===
   3554 Oleg Drokin
   2332 Andreas Dilger
    873 James Simmons
    495 Arshad Hussain
    424 Timothy Day
    285 Jian Yu
    237 Sebastien Buisson
    210 Shaun Tancheff
    179 Chris Horn
    172 Patrick Farrell


============================================================
           Top Reviewers by Email Domain
============================================================

=== Last month (since 1 month ago) ===
    178 whamcloud.com
     92 thelustrecollective.com
     57 infradead.org
     23 ornl.gov
     21 hpe.com
     19 aeoncomputing.com
     11 amazon.com
     10 ddn.com
      1 gmail.com
      1 cea.fr

=== Last 3 months (since 3 months ago) ===
    367 whamcloud.com
    193 thelustrecollective.com
     85 infradead.org
     42 hpe.com
     40 aeoncomputing.com
     36 ddn.com
     35 ornl.gov
     25 amazon.com
      4 llnl.gov
      2 nvidia.com

=== Last year (since 1 year ago) ===
   2220 whamcloud.com
    312 infradead.org
    283 ddn.com
    254 thelustrecollective.com
    247 hpe.com
    174 aeoncomputing.com
    153 amazon.com
    105 ornl.gov
     43 dilger.ca
     17 nvidia.com

=== Last 3 years (since 3 years ago) ===
   7270 whamcloud.com
    941 infradead.org
    855 hpe.com
    769 ddn.com
    495 aeoncomputing.com
    470 amazon.com
    254 thelustrecollective.com
    113 ornl.gov
    112 nvidia.com
     98 suse.de

