CLI: ./podman-ktest --podman-socket unix:///run/podman/podman.sock --shared-filesystem /tmp --tarball-input job lustre-ci --output /var/www/ci-lustre/upstream-patch-review --git-hash 94cb4206ed42b2c1c6ee26bfcff44fdec3ee36f3 --change-id 58613_94cb4206ed42b2c1c6ee26bfcff44fdec3ee36f3 --subject LU-18876 build: copy-builtin

  Checking /dev/kvm exists... OK
  Checking /dev/kvm permissions... OK
  Creating ccache directory... OK
  Checking ccache directory writable... OK

Environment validated successfully
Creating kernel tarball at /tmp/ktest-kernel.tar.gz...
Creating lustre tarball at /tmp/ktest-lustre.tar.gz...
Creating ZFS tarball at /tmp/ktest-zfs.tar.gz...
Executing 15 jobs
Jobs will start as soon as their dependencies are satisfied
Using tarball input mode

START checkpatch tool checkpatch
START u24 build tests/fs/lustre/boot.ktest
START lustre_mainline_native build tests/fs/lustre/boot.ktest
START lustre_mainline build tests/fs/lustre/boot.ktest
START lustre_mainline_strict build tests/fs/lustre/boot-strict.ktest
START al2023 build tests/fs/lustre/boot.ktest
PUT /tmp/ktest-lustre.tar.gz 2s
PUT /tmp/ktest-lustre.tar.gz 3s
PUT /tmp/ktest-kernel.tar.gz 6s
PUT /tmp/ktest-kernel.tar.gz 6s
PUT /tmp/ktest-kernel.tar.gz 6s
PUT /tmp/ktest-kernel.tar.gz 6s
PUT /tmp/ktest-lustre.tar.gz 2s
PUT /tmp/ktest-lustre.tar.gz 2s
PUT /tmp/ktest-lustre.tar.gz 2s
PUT /tmp/ktest-lustre.tar.gz 2s
PUT /tmp/ktest-zfs.tar.gz 0s
PUT /tmp/ktest-zfs.tar.gz 0s
PUT /tmp/ktest-zfs.tar.gz 0s
END checkpatch tool checkpatch FAIL 11s (exit code: 1)
END al2023 build tests/fs/lustre/boot.ktest PASS 66s
END u24 build tests/fs/lustre/boot.ktest PASS 66s
GET /tmp/ktest_lustre_mainline_native_m_1kz5f0.tar 4s
GET /tmp/ktest_lustre_mainline_0f4vt8s3.tar 10s
END lustre_mainline_native build tests/fs/lustre/boot.ktest PASS 127s
START clang-tidy tool clang-tidy
START cc-plugin tool cc-plugin
START boot run tests/fs/lustre/boot.ktest
START llmount run tests/fs/lustre/llmount.ktest
START mgs-setup run tests/fs/lustre/mgs-setup.ktest
START sanity-1 run tests/fs/lustre/sanity/sanity-1.ktest
START sanity-2 run tests/fs/lustre/sanity/sanity-2.ktest
START sanity-3 run tests/fs/lustre/sanity/sanity-3.ktest
START sanity-4 run tests/fs/lustre/sanity/sanity-4.ktest
END lustre_mainline build tests/fs/lustre/boot.ktest PASS 133s
GET /tmp/ktest_lustre_mainline_strict_38kxj6fk.tar 17s
END lustre_mainline_strict build tests/fs/lustre/boot-strict.ktest FAIL 138s (exit code: 1)
PUT /tmp/ktest_lustre_mainline_native_m_1kz5f0.tar 37s
PUT /tmp/ktest_lustre_mainline_native_m_1kz5f0.tar 37s
PUT /tmp/ktest_lustre_mainline_native_m_1kz5f0.tar 37s
PUT /tmp/ktest-kernel.tar.gz 37s
PUT /tmp/ktest-kernel.tar.gz 37s
PUT /tmp/ktest_lustre_mainline_native_m_1kz5f0.tar 37s
PUT /tmp/ktest-lustre.tar.gz 61s
PUT /tmp/ktest_lustre_mainline_native_m_1kz5f0.tar 61s
PUT /tmp/ktest_lustre_mainline_native_m_1kz5f0.tar 61s
PUT /tmp/ktest-lustre.tar.gz 61s
PUT /tmp/ktest_lustre_mainline_native_m_1kz5f0.tar 61s
PUT /tmp/ktest_lustre_mainline_native_m_1kz5f0.tar 48s
PUT /tmp/ktest_lustre_mainline_native_m_1kz5f0.tar 48s
END mgs-setup run tests/fs/lustre/mgs-setup.ktest PASS 155s
END sanity-1 run tests/fs/lustre/sanity/sanity-1.ktest PASS 155s
END boot run tests/fs/lustre/boot.ktest PASS 157s
END cc-plugin tool cc-plugin FAIL 159s (exit code: 127)
END clang-tidy tool clang-tidy PASS 174s
END llmount run tests/fs/lustre/llmount.ktest PASS 197s
END sanity-3 run tests/fs/lustre/sanity/sanity-3.ktest PASS 199s
END sanity-4 run tests/fs/lustre/sanity/sanity-4.ktest PASS 195s
END sanity-2 run tests/fs/lustre/sanity/sanity-2.ktest PASS 214s

============================================================
Final Results:
  checkpatch: FAIL (11s) (log: /var/www/ci-lustre/upstream-patch-review/94cb4206ed42b2c1c6ee26bfcff44fdec3ee36f3_checkpatch.log)
  u24: PASS (66s) (log: /var/www/ci-lustre/upstream-patch-review/94cb4206ed42b2c1c6ee26bfcff44fdec3ee36f3_u24.log)
  al2023: PASS (66s) (log: /var/www/ci-lustre/upstream-patch-review/94cb4206ed42b2c1c6ee26bfcff44fdec3ee36f3_al2023.log)
  lustre_mainline_strict: FAIL (138s) (log: /var/www/ci-lustre/upstream-patch-review/94cb4206ed42b2c1c6ee26bfcff44fdec3ee36f3_lustre_mainline_strict.log)
  lustre_mainline: PASS (133s) (log: /var/www/ci-lustre/upstream-patch-review/94cb4206ed42b2c1c6ee26bfcff44fdec3ee36f3_lustre_mainline.log)
  lustre_mainline_native: PASS (127s) (log: /var/www/ci-lustre/upstream-patch-review/94cb4206ed42b2c1c6ee26bfcff44fdec3ee36f3_lustre_mainline_native.log)
  clang-tidy: PASS (174s) (log: /var/www/ci-lustre/upstream-patch-review/94cb4206ed42b2c1c6ee26bfcff44fdec3ee36f3_clang-tidy.log)
  cc-plugin: FAIL (159s) (log: /var/www/ci-lustre/upstream-patch-review/94cb4206ed42b2c1c6ee26bfcff44fdec3ee36f3_cc-plugin.log)
  boot: PASS (157s) (log: /var/www/ci-lustre/upstream-patch-review/94cb4206ed42b2c1c6ee26bfcff44fdec3ee36f3_boot.log)
  llmount: PASS (197s) (log: /var/www/ci-lustre/upstream-patch-review/94cb4206ed42b2c1c6ee26bfcff44fdec3ee36f3_llmount.log)
  mgs-setup: PASS (155s) (log: /var/www/ci-lustre/upstream-patch-review/94cb4206ed42b2c1c6ee26bfcff44fdec3ee36f3_mgs-setup.log)
  sanity-1: PASS (155s) (log: /var/www/ci-lustre/upstream-patch-review/94cb4206ed42b2c1c6ee26bfcff44fdec3ee36f3_sanity-1.log)
  sanity-2: PASS (214s) (log: /var/www/ci-lustre/upstream-patch-review/94cb4206ed42b2c1c6ee26bfcff44fdec3ee36f3_sanity-2.log)
  sanity-3: PASS (199s) (log: /var/www/ci-lustre/upstream-patch-review/94cb4206ed42b2c1c6ee26bfcff44fdec3ee36f3_sanity-3.log)
  sanity-4: PASS (195s) (log: /var/www/ci-lustre/upstream-patch-review/94cb4206ed42b2c1c6ee26bfcff44fdec3ee36f3_sanity-4.log)

Total execution time: 373s
