configure.ac:25: installing 'config/compile'
configure.ac:20: installing 'config/config.guess'
configure.ac:20: installing 'config/config.sub'
configure.ac:22: installing 'config/install-sh'
configure.ac:22: installing 'config/missing'
cc-plugins/Makefile.am: installing 'config/depcomp'
checking build system type... x86_64-pc-linux-gnu
checking host system type... x86_64-pc-linux-gnu
checking target system type... x86_64-pc-linux-gnu
checking for a BSD-compatible install... /usr/bin/install -c
checking whether build environment is sane... yes
checking for a race-free mkdir -p... /usr/bin/mkdir -p
checking for gawk... gawk
checking whether make sets $(MAKE)... yes
checking whether make supports nested variables... yes
checking how to create a pax tar archive... gnutar
checking whether to enable maintainer-specific portions of Makefiles... yes
checking whether make supports the include directive... yes (GNU style)
checking for gcc... gcc
checking whether the C compiler works... yes
checking for C compiler default output file name... a.out
checking for suffix of executables... 
checking whether we are cross compiling... no
checking for suffix of object files... o
checking whether the compiler supports GNU C... yes
checking whether gcc accepts -g... yes
checking for gcc option to enable C11 features... none needed
checking whether gcc understands -c and -o together... yes
checking dependency style of gcc... gcc3
checking for g++... g++
checking whether the compiler supports GNU C++... yes
checking whether g++ accepts -g... yes
checking for g++ option to enable C++11 features... none needed
checking dependency style of g++... gcc3
checking for stdio.h... yes
checking for stdlib.h... yes
checking for string.h... yes
checking for inttypes.h... yes
checking for stdint.h... yes
checking for strings.h... yes
checking for sys/stat.h... yes
checking for sys/types.h... yes
checking for unistd.h... yes
checking dependency style of gcc... gcc3
checking for ar... ar
checking for ranlib... ranlib
checking for ld... ld
checking for objdump... objdump
checking for strip... strip
checking size of unsigned long long... 8
checking for -Wno-format-truncation support... yes
checking for -Wno-stringop-truncation support... yes
checking for -Wno-stringop-overflow support... yes
checking how to print strings... printf
checking for a sed that does not truncate output... /usr/bin/sed
checking for grep that handles long lines and -e... /usr/bin/grep
checking for egrep... /usr/bin/grep -E
checking for fgrep... /usr/bin/grep -F
checking for ld used by gcc... ld
checking if the linker (ld) is GNU ld... yes
checking for BSD- or MS-compatible name lister (nm)... /usr/bin/nm -B
checking the name lister (/usr/bin/nm -B) interface... BSD nm
checking whether ln -s works... yes
checking the maximum length of command line arguments... 1572864
checking how to convert x86_64-pc-linux-gnu file names to x86_64-pc-linux-gnu format... func_convert_file_noop
checking how to convert x86_64-pc-linux-gnu file names to toolchain format... func_convert_file_noop
checking for ld option to reload object files... -r
checking for file... file
checking for objdump... (cached) objdump
checking how to recognize dependent libraries... pass_all
checking for dlltool... no
checking how to associate runtime and link libraries... printf %s\n
checking for archiver @FILE support... @
checking for strip... (cached) strip
checking for ranlib... (cached) ranlib
checking command to parse /usr/bin/nm -B output from gcc object... ok
checking for sysroot... no
checking for a working dd... /usr/bin/dd
checking how to truncate binary pipes... /usr/bin/dd bs=4096 count=1
checking for mt... mt
checking if mt is a manifest tool... no
checking for dlfcn.h... yes
checking for objdir... .libs
checking if gcc supports -fno-rtti -fno-exceptions... no
checking for gcc option to produce PIC... -fPIC -DPIC
checking if gcc PIC flag -fPIC -DPIC works... yes
checking if gcc static flag -static works... yes
checking if gcc supports -c -o file.o... yes
checking if gcc supports -c -o file.o... (cached) yes
checking whether the gcc linker (ld -m elf_x86_64) supports shared libraries... yes
checking whether -lc should be explicitly linked in... no
checking dynamic linker characteristics... GNU/Linux ld.so
checking how to hardcode library paths into programs... immediate
checking whether stripping libraries is possible... yes
checking if libtool supports shared libraries... yes
checking whether to build shared libraries... yes
checking whether to build static libraries... yes
checking how to run the C++ preprocessor... g++ -E
checking for ld used by g++... ld -m elf_x86_64
checking if the linker (ld -m elf_x86_64) is GNU ld... yes
checking whether the g++ linker (ld -m elf_x86_64) supports shared libraries... yes
checking for g++ option to produce PIC... -fPIC -DPIC
checking if g++ PIC flag -fPIC -DPIC works... yes
checking if g++ static flag -static works... yes
checking if g++ supports -c -o file.o... yes
checking if g++ supports -c -o file.o... (cached) yes
checking whether the g++ linker (ld -m elf_x86_64) supports shared libraries... yes
checking dynamic linker characteristics... (cached) GNU/Linux ld.so
checking how to hardcode library paths into programs... immediate
checking for flex... /usr/bin/flex
checking for bison... /usr/bin/bison
checking for rpmbuild... no
checking for pkg-config... /usr/bin/pkg-config
checking for pkg-config... /usr/bin/pkg-config
checking pkg-config is at least version 0.9.0... yes
configure: Lustre base checks
==============================================================================
checking whether to configure just enough for make dist... no
checking if this distro uses dpkg... yes
checking whether to use OSD addon... no
checking whether to build Lustre docs... no
checking whether to build Lustre manpages... yes
checking whether to build Lustre utilities... yes
checking whether to build Lustre tests... yes
checking for python3... /usr/bin/python3
checking for a version of Python >= '3.6.0'... yes
checking for the distutils Python package... no
configure: WARNING: cannot import Python module "distutils".
	Please check your Python installation. The error was:
	Traceback (most recent call last):
  File "<string>", line 1, in <module>
ModuleNotFoundError: No module named 'distutils'
Traceback (most recent call last):
  File "<string>", line 1, in <module>
ModuleNotFoundError: No module named 'distutils'
Traceback (most recent call last):
  File "<string>", line 1, in <module>
ModuleNotFoundError: No module named 'distutils'
checking for Python include path... 
Traceback (most recent call last):
  File "<stdin>", line 4, in <module>
ModuleNotFoundError: No module named 'distutils'
Traceback (most recent call last):
  File "<stdin>", line 3, in <module>
ModuleNotFoundError: No module named 'distutils'
Traceback (most recent call last):
  File "<stdin>", line 2, in <module>
ModuleNotFoundError: No module named 'distutils'
Traceback (most recent call last):
  File "<string>", line 1, in <module>
ModuleNotFoundError: No module named 'distutils'
checking for Python library path... -L -lpython3.1
Traceback (most recent call last):
  File "<string>", line 1, in <module>
ModuleNotFoundError: No module named 'distutils'
checking for Python site-packages path... 
Traceback (most recent call last):
  File "<string>", line 1, in <module>
ModuleNotFoundError: No module named 'distutils'
checking python extra libraries... 
Traceback (most recent call last):
  File "<string>", line 1, in <module>
ModuleNotFoundError: No module named 'distutils'
checking python extra linking flags... 
checking consistency of all components of python development environment... no
configure: WARNING:
	Could not link test program to Python. Maybe the main Python library has been
	installed in some non-standard library path. If so, pass it to configure,
	via the LIBS environment variable.
	Example: ./configure LIBS="-L/usr/non-standard-path/python/lib"
	============================================================================
	ERROR!
	You probably have to install the development version of the Python package
	for your distribution.  The exact name of this package varies among them.
	============================================================================
		
checking whether to build LUTF (LNet Unit Test Framework)... no
checking whether to build Lustre client support... yes
checking whether mpitests can be built... yes
checking whether to build Linux kernel modules... yes (linux-gnu)
find: '/usr/src/kernels/': No such file or directory
checking for Linux sources... /usr/src/linux-headers-6.14.0-37-generic
checking for /usr/src/linux-headers-6.14.0-37-generic... yes
checking for Linux objects... /usr/src/linux-headers-6.14.0-37-generic
checking for /usr/src/linux-headers-6.14.0-37-generic/.config... yes
checking for /boot/kernel.h... no
checking for /var/adm/running-kernel.h... no
checking for /usr/src/linux-headers-6.14.0-37-generic/include/generated/autoconf.h... yes
checking for /usr/src/linux-headers-6.14.0-37-generic/include/linux/version.h... no
checking for /usr/src/linux-headers-6.14.0-37-generic/include/generated/uapi/linux/version.h... yes
checking for /usr/src/linux-headers-6.14.0-37-generic/include/linux/kconfig.h... yes
configure: error: kernel module make failed; check config.log for details
make: *** No targets specified and no makefile found.  Stop.
checking for external module build target... 