CLI: ./podman-ktest --podman-socket unix:///run/podman/podman.sock --shared-filesystem /tmp --tarball-input job lustre-ci --output /var/www/ci-lustre/upstream-patch-review --git-hash 95f605842243515f7e6bca861d283893de4bbb9c --change-id 58458_95f605842243515f7e6bca861d283893de4bbb9c --subject LU-17916 osd: prefer folio of order 0

  Checking /dev/kvm exists... OK
  Checking /dev/kvm permissions... OK
  Creating ccache directory... OK
  Checking ccache directory writable... OK

Environment validated successfully
Creating kernel tarball at /tmp/ktest-kernel.tar.gz...
Creating lustre tarball at /tmp/ktest-lustre.tar.gz...
Creating ZFS tarball at /tmp/ktest-zfs.tar.gz...
Executing 15 jobs
Jobs will start as soon as their dependencies are satisfied
Using tarball input mode

START al2023 build tests/fs/lustre/boot.ktest
START lustre_mainline_strict build tests/fs/lustre/boot-strict.ktest
START u24 build tests/fs/lustre/boot.ktest
START lustre_mainline_native build tests/fs/lustre/boot.ktest
START lustre_mainline build tests/fs/lustre/boot.ktest
START checkpatch tool checkpatch
PUT /tmp/ktest-lustre.tar.gz 1s
PUT /tmp/ktest-lustre.tar.gz 2s
PUT /tmp/ktest-kernel.tar.gz 6s
PUT /tmp/ktest-kernel.tar.gz 6s
PUT /tmp/ktest-kernel.tar.gz 7s
PUT /tmp/ktest-kernel.tar.gz 7s
PUT /tmp/ktest-lustre.tar.gz 2s
PUT /tmp/ktest-lustre.tar.gz 2s
PUT /tmp/ktest-lustre.tar.gz 2s
PUT /tmp/ktest-lustre.tar.gz 2s
PUT /tmp/ktest-zfs.tar.gz 0s
PUT /tmp/ktest-zfs.tar.gz 0s
PUT /tmp/ktest-zfs.tar.gz 0s
END checkpatch tool checkpatch FAIL 12s (exit code: 1)
END al2023 build tests/fs/lustre/boot.ktest PASS 70s
END u24 build tests/fs/lustre/boot.ktest PASS 70s
GET /tmp/ktest_lustre_mainline_strict_rqu394i0.tar 5s
END lustre_mainline_strict build tests/fs/lustre/boot-strict.ktest FAIL 176s (exit code: 1)
GET /tmp/ktest_lustre_mainline_uhjc66wd.tar 5s
GET /tmp/ktest_lustre_mainline_native_4muwz8js.tar 5s
END lustre_mainline build tests/fs/lustre/boot.ktest PASS 181s
END lustre_mainline_native build tests/fs/lustre/boot.ktest PASS 183s
START clang-tidy tool clang-tidy
START cc-plugin tool cc-plugin
START boot run tests/fs/lustre/boot.ktest
START llmount run tests/fs/lustre/llmount.ktest
START mgs-setup run tests/fs/lustre/mgs-setup.ktest
START sanity-1 run tests/fs/lustre/sanity/sanity-1.ktest
START sanity-2 run tests/fs/lustre/sanity/sanity-2.ktest
START sanity-3 run tests/fs/lustre/sanity/sanity-3.ktest
START sanity-4 run tests/fs/lustre/sanity/sanity-4.ktest
PUT /tmp/ktest-kernel.tar.gz 26s
PUT /tmp/ktest_lustre_mainline_native_4muwz8js.tar 30s
PUT /tmp/ktest_lustre_mainline_native_4muwz8js.tar 30s
PUT /tmp/ktest_lustre_mainline_native_4muwz8js.tar 31s
PUT /tmp/ktest_lustre_mainline_native_4muwz8js.tar 31s
PUT /tmp/ktest_lustre_mainline_native_4muwz8js.tar 31s
PUT /tmp/ktest_lustre_mainline_native_4muwz8js.tar 31s
PUT /tmp/ktest_lustre_mainline_native_4muwz8js.tar 30s
PUT /tmp/ktest-kernel.tar.gz 31s
PUT /tmp/ktest-lustre.tar.gz 59s
PUT /tmp/ktest-lustre.tar.gz 76s
PUT /tmp/ktest_lustre_mainline_native_4muwz8js.tar 11s
PUT /tmp/ktest_lustre_mainline_native_4muwz8js.tar 23s
END boot run tests/fs/lustre/boot.ktest PASS 116s
END cc-plugin tool cc-plugin FAIL 118s (exit code: 127)
END mgs-setup run tests/fs/lustre/mgs-setup.ktest PASS 146s
END clang-tidy tool clang-tidy PASS 148s
END sanity-3 run tests/fs/lustre/sanity/sanity-3.ktest PASS 158s
END sanity-4 run tests/fs/lustre/sanity/sanity-4.ktest PASS 159s
END llmount run tests/fs/lustre/llmount.ktest PASS 235s
