CLI: ./podman-ktest --podman-socket unix:///run/podman/podman.sock --shared-filesystem /tmp --tarball-input job lustre-ci --output /var/www/ci-lustre/upstream-patch-review --git-hash 963f887f8f59a5819d49902653bbaeae5d96f706 --change-id 58275_963f887f8f59a5819d49902653bbaeae5d96f706 --subject LU-17916 mdt: switch to struct folio order 0

  Checking /dev/kvm exists... OK
  Checking /dev/kvm permissions... OK
  Creating ccache directory... OK
  Checking ccache directory writable... OK

Environment validated successfully
Creating kernel tarball at /tmp/ktest-kernel.tar.gz...
Creating lustre tarball at /tmp/ktest-lustre.tar.gz...
Executing 16 jobs
Jobs will start as soon as their dependencies are satisfied
Using tarball input mode

START lustre_mainline_native build tests/fs/lustre/boot.ktest
START lustre_mainline_strict build tests/fs/lustre/boot-strict.ktest
START checkpatch tool checkpatch
START lustre_al2023 build tests/fs/lustre/boot.ktest
START lustre_u24 build tests/fs/lustre/boot.ktest
START lustre_mainline build tests/fs/lustre/boot.ktest
PUT /tmp/ktest-kernel.tar.gz 8s
PUT /tmp/ktest-kernel.tar.gz 8s
PUT /tmp/ktest-kernel.tar.gz 8s
PUT /tmp/ktest-kernel.tar.gz 9s
PUT /tmp/ktest-kernel.tar.gz 9s
PUT /tmp/ktest-kernel.tar.gz 9s
PUT /tmp/ktest-lustre.tar.gz 2s
PUT /tmp/ktest-lustre.tar.gz 2s
PUT /tmp/ktest-lustre.tar.gz 2s
PUT /tmp/ktest-lustre.tar.gz 3s
PUT /tmp/ktest-lustre.tar.gz 2s
PUT /tmp/ktest-lustre.tar.gz 2s
END checkpatch tool checkpatch FAIL 14s (exit code: 1)
END lustre_al2023 build tests/fs/lustre/boot.ktest PASS 67s
END lustre_u24 build tests/fs/lustre/boot.ktest PASS 71s
GET /tmp/ktest_lustre_mainline_strict_2a17qcml.tar 5s
END lustre_mainline_strict build tests/fs/lustre/boot-strict.ktest FAIL 118s (exit code: 1)
GET /tmp/ktest_lustre_mainline_x61hnhj7.tar 5s
GET /tmp/ktest_lustre_mainline_native_z71ka2rv.tar 4s
END lustre_mainline build tests/fs/lustre/boot.ktest PASS 121s
END lustre_mainline_native build tests/fs/lustre/boot.ktest PASS 122s
START clang-tidy tool clang-tidy
START cc-plugin tool cc-plugin
START boot run tests/fs/lustre/boot.ktest
START llmount run tests/fs/lustre/llmount.ktest
START llog-unit run tests/fs/lustre/llog-unit.ktest
START mgs-setup run tests/fs/lustre/mgs-setup.ktest
START sanity-1 run tests/fs/lustre/sanity/sanity-1.ktest
START sanity-2 run tests/fs/lustre/sanity/sanity-2.ktest
START sanity-3 run tests/fs/lustre/sanity/sanity-3.ktest
START sanity-4 run tests/fs/lustre/sanity/sanity-4.ktest
PUT /tmp/ktest-kernel.tar.gz 14s
PUT /tmp/ktest_lustre_mainline_native_z71ka2rv.tar 18s
PUT /tmp/ktest-kernel.tar.gz 18s
PUT /tmp/ktest_lustre_mainline_native_z71ka2rv.tar 18s
PUT /tmp/ktest_lustre_mainline_native_z71ka2rv.tar 18s
PUT /tmp/ktest_lustre_mainline_native_z71ka2rv.tar 18s
PUT /tmp/ktest_lustre_mainline_native_z71ka2rv.tar 18s
PUT /tmp/ktest_lustre_mainline_native_z71ka2rv.tar 19s
PUT /tmp/ktest_lustre_mainline_native_z71ka2rv.tar 18s
PUT /tmp/ktest_lustre_mainline_native_z71ka2rv.tar 18s
PUT /tmp/ktest-lustre.tar.gz 28s
PUT /tmp/ktest-lustre.tar.gz 24s
PUT /tmp/ktest_lustre_mainline_native_z71ka2rv.tar 5s
PUT /tmp/ktest_lustre_mainline_native_z71ka2rv.tar 10s
END cc-plugin tool cc-plugin FAIL 56s (exit code: 127)
END clang-tidy tool clang-tidy PASS 77s
END boot run tests/fs/lustre/boot.ktest PASS 91s
END mgs-setup run tests/fs/lustre/mgs-setup.ktest PASS 104s
END sanity-3 run tests/fs/lustre/sanity/sanity-3.ktest PASS 120s
END sanity-2 run tests/fs/lustre/sanity/sanity-2.ktest PASS 122s
END llog-unit run tests/fs/lustre/llog-unit.ktest PASS 187s
END llmount run tests/fs/lustre/llmount.ktest PASS 194s
