CLI: ./podman-ktest --podman-socket unix:///run/podman/podman.sock --shared-filesystem /tmp --tarball-input job lustre-ci --output /var/www/ci-lustre/upstream-patch-review --git-hash 969c0cc332cc892db62d589a87e4d2e8b79b97b6 --change-id 65737_969c0cc332cc892db62d589a87e4d2e8b79b97b6 --subject LU-10026 csdc: set compress component for file

  Checking /dev/kvm exists... OK
  Checking /dev/kvm permissions... OK
  Creating ccache directory... OK
  Checking ccache directory writable... OK
  Creating package output directory... OK

Environment validated successfully
Creating kernel tarball at /tmp/ktest-kernel.tar.gz...
Creating lustre tarball at /tmp/ktest-lustre.tar.gz...
Creating ZFS tarball at /tmp/ktest-zfs.tar.gz...
Executing 13 jobs
Jobs will start as soon as their dependencies are satisfied
Using tarball input mode

START checkpatch tool checkpatch
START lustre_mainline build tests/fs/lustre/boot.ktest
START al2023 build tests/fs/lustre/boot.ktest
START lustre_mainline_native build tests/fs/lustre/boot.ktest
START lustre_mainline_strict build tests/fs/lustre/boot-strict.ktest
START u24 build tests/fs/lustre/boot.ktest
PUT /tmp/ktest-lustre.tar.gz 1s
PUT /tmp/ktest-lustre.tar.gz 1s
PUT /tmp/ktest-kernel.tar.gz 6s
PUT /tmp/ktest-kernel.tar.gz 6s
PUT /tmp/ktest-kernel.tar.gz 6s
PUT /tmp/ktest-kernel.tar.gz 7s
PUT /tmp/ktest-lustre.tar.gz 3s
PUT /tmp/ktest-lustre.tar.gz 3s
PUT /tmp/ktest-lustre.tar.gz 3s
PUT /tmp/ktest-lustre.tar.gz 3s
PUT /tmp/ktest-zfs.tar.gz 0s
PUT /tmp/ktest-zfs.tar.gz 0s
PUT /tmp/ktest-zfs.tar.gz 0s
END checkpatch tool checkpatch FAIL 13s (exit code: 1)
END al2023 build tests/fs/lustre/boot.ktest PASS 70s
END u24 build tests/fs/lustre/boot.ktest PASS 71s
GET /tmp/ktest_lustre_mainline_strict_xpcldjnt.tar 6s
END lustre_mainline_strict build tests/fs/lustre/boot-strict.ktest FAIL 156s (exit code: 1)
GET /tmp/ktest_lustre_mainline_zpeezs77.tar 0s
GET /tmp/ktest_lustre_mainline_native_3vs5tz_j.tar 0s
END lustre_mainline build tests/fs/lustre/boot.ktest PASS 171s
END lustre_mainline_native build tests/fs/lustre/boot.ktest PASS 172s
START boot run tests/fs/lustre/boot.ktest
START llmount run tests/fs/lustre/llmount.ktest
START mgs-setup run tests/fs/lustre/mgs-setup.ktest
START sanity-1 run tests/fs/lustre/sanity/sanity-1.ktest
START sanity-2 run tests/fs/lustre/sanity/sanity-2.ktest
START sanity-3 run tests/fs/lustre/sanity/sanity-3.ktest
START sanity-4 run tests/fs/lustre/sanity/sanity-4.ktest
PUT /tmp/ktest-kernel.tar.gz 22s
PUT /tmp/ktest-kernel.tar.gz 22s
PUT /tmp/ktest-kernel.tar.gz 22s
PUT /tmp/ktest-kernel.tar.gz 22s
PUT /tmp/ktest-kernel.tar.gz 22s
PUT /tmp/ktest-kernel.tar.gz 23s
PUT /tmp/ktest-kernel.tar.gz 23s
PUT /tmp/ktest-lustre.tar.gz 9s
PUT /tmp/ktest-lustre.tar.gz 8s
PUT /tmp/ktest-lustre.tar.gz 8s
PUT /tmp/ktest-lustre.tar.gz 8s
PUT /tmp/ktest-lustre.tar.gz 9s
PUT /tmp/ktest-lustre.tar.gz 9s
PUT /tmp/ktest-lustre.tar.gz 8s
PUT /tmp/ktest_lustre_mainline_native_3vs5tz_j.tar 1s
PUT /tmp/ktest_lustre_mainline_native_3vs5tz_j.tar 1s
PUT /tmp/ktest_lustre_mainline_native_3vs5tz_j.tar 1s
PUT /tmp/ktest_lustre_mainline_native_3vs5tz_j.tar 1s
PUT /tmp/ktest_lustre_mainline_native_3vs5tz_j.tar 1s
PUT /tmp/ktest_lustre_mainline_native_3vs5tz_j.tar 1s
PUT /tmp/ktest_lustre_mainline_native_3vs5tz_j.tar 1s
END boot run tests/fs/lustre/boot.ktest PASS 40s
END mgs-setup run tests/fs/lustre/mgs-setup.ktest PASS 49s
END sanity-1 run tests/fs/lustre/sanity/sanity-1.ktest PASS 71s
END sanity-2 run tests/fs/lustre/sanity/sanity-2.ktest PASS 78s
END llmount run tests/fs/lustre/llmount.ktest PASS 90s
END sanity-4 run tests/fs/lustre/sanity/sanity-4.ktest PASS 92s
END sanity-3 run tests/fs/lustre/sanity/sanity-3.ktest PASS 93s

============================================================
Final Results:
  checkpatch: FAIL (13s) (log: /var/www/ci-lustre/upstream-patch-review/969c0cc332cc892db62d589a87e4d2e8b79b97b6_checkpatch.log)
  u24: PASS (71s) (log: /var/www/ci-lustre/upstream-patch-review/969c0cc332cc892db62d589a87e4d2e8b79b97b6_u24.log)
  al2023: PASS (70s) (log: /var/www/ci-lustre/upstream-patch-review/969c0cc332cc892db62d589a87e4d2e8b79b97b6_al2023.log)
  lustre_mainline_strict: FAIL (156s) (log: /var/www/ci-lustre/upstream-patch-review/969c0cc332cc892db62d589a87e4d2e8b79b97b6_lustre_mainline_strict.log)
  lustre_mainline: PASS (171s) (log: /var/www/ci-lustre/upstream-patch-review/969c0cc332cc892db62d589a87e4d2e8b79b97b6_lustre_mainline.log)
  lustre_mainline_native: PASS (172s) (log: /var/www/ci-lustre/upstream-patch-review/969c0cc332cc892db62d589a87e4d2e8b79b97b6_lustre_mainline_native.log)
  boot: PASS (40s) (log: /var/www/ci-lustre/upstream-patch-review/969c0cc332cc892db62d589a87e4d2e8b79b97b6_boot.log)
  llmount: PASS (90s) (log: /var/www/ci-lustre/upstream-patch-review/969c0cc332cc892db62d589a87e4d2e8b79b97b6_llmount.log)
  mgs-setup: PASS (49s) (log: /var/www/ci-lustre/upstream-patch-review/969c0cc332cc892db62d589a87e4d2e8b79b97b6_mgs-setup.log)
  sanity-1: PASS (71s) (log: /var/www/ci-lustre/upstream-patch-review/969c0cc332cc892db62d589a87e4d2e8b79b97b6_sanity-1.log)
  sanity-2: PASS (78s) (log: /var/www/ci-lustre/upstream-patch-review/969c0cc332cc892db62d589a87e4d2e8b79b97b6_sanity-2.log)
  sanity-3: PASS (93s) (log: /var/www/ci-lustre/upstream-patch-review/969c0cc332cc892db62d589a87e4d2e8b79b97b6_sanity-3.log)
  sanity-4: PASS (92s) (log: /var/www/ci-lustre/upstream-patch-review/969c0cc332cc892db62d589a87e4d2e8b79b97b6_sanity-4.log)

Total execution time: 294s
