CLI: ./podman-ktest --podman-socket unix:///run/podman/podman.sock --shared-filesystem /tmp --tarball-input job lustre-ci --output /var/www/ci-lustre/upstream-patch-review --git-hash 96d7edb89c399f5411b69da128dea2fed536229c --change-id 66740_96d7edb89c399f5411b69da128dea2fed536229c --subject LU-20290 lnet: policy-driven discovery view filtering

Environment validated successfully
Creating kernel tarball at /tmp/ktest-kernel.tar.gz...
Creating lustre tarball at /tmp/ktest-lustre.tar.gz...
Creating ZFS tarball at /tmp/ktest-zfs.tar.gz...
Executing 14 jobs
Jobs will start as soon as their dependencies are satisfied
Using tarball input mode

START ml-miscvm:lustre_mainline_native build tests/fs/lustre/boot.ktest
START ml-strict:lustre_mainline build tests/fs/lustre/boot-strict.ktest
START u24:u24 build tests/fs/lustre/boot.ktest
START ml:lustre_mainline build tests/fs/lustre/boot.ktest
START al2023:al2023 build tests/fs/lustre/boot.ktest
START checkpatch:checkpatch tool checkpatch
PUT /tmp/ktest-lustre.tar.gz 1s
PUT /tmp/ktest-lustre.tar.gz 1s
PUT /tmp/ktest-kernel.tar.gz 6s
PUT /tmp/ktest-kernel.tar.gz 6s
PUT /tmp/ktest-kernel.tar.gz 6s
PUT /tmp/ktest-kernel.tar.gz 6s
PUT /tmp/ktest-lustre.tar.gz 1s
PUT /tmp/ktest-lustre.tar.gz 1s
PUT /tmp/ktest-lustre.tar.gz 1s
PUT /tmp/ktest-lustre.tar.gz 1s
PUT /tmp/ktest-zfs.tar.gz 0s
PUT /tmp/ktest-zfs.tar.gz 0s
PUT /tmp/ktest-zfs.tar.gz 0s
END checkpatch:checkpatch tool checkpatch FAIL 11s (exit code: 1)
END al2023:al2023 build tests/fs/lustre/boot.ktest PASS 53s
END u24:u24 build tests/fs/lustre/boot.ktest PASS 54s
GET /tmp/ktest_ml-miscvm:lustre_mainline_native_ru0bical.tar 0s
GET /tmp/ktest_ml:lustre_mainline_15owda15.tar 0s
GET /tmp/ktest_ml-strict:lustre_mainline_1jiseoz4.tar 5s
END ml-miscvm:lustre_mainline_native build tests/fs/lustre/boot.ktest PASS 160s
START ml-miscvm:boot run tests/fs/lustre/boot.ktest
START ml-miscvm:llmount run tests/fs/lustre/llmount.ktest
START ml-miscvm:llog-unit run tests/fs/lustre/llog-unit.ktest
START ml-miscvm:mgs-setup run tests/fs/lustre/mgs-setup.ktest
START ml-miscvm:sanity-1 run tests/fs/lustre/sanity/sanity-1.ktest
START ml-miscvm:sanity-2 run tests/fs/lustre/sanity/sanity-2.ktest
START ml-miscvm:sanity-3 run tests/fs/lustre/sanity/sanity-3.ktest
START ml-miscvm:sanity-4 run tests/fs/lustre/sanity/sanity-4.ktest
END ml:lustre_mainline build tests/fs/lustre/boot.ktest PASS 161s
END ml-strict:lustre_mainline build tests/fs/lustre/boot-strict.ktest FAIL 163s (exit code: 1)
PUT /tmp/ktest-kernel.tar.gz 24s
PUT /tmp/ktest-kernel.tar.gz 24s
PUT /tmp/ktest-kernel.tar.gz 24s
PUT /tmp/ktest-kernel.tar.gz 24s
PUT /tmp/ktest-kernel.tar.gz 25s
PUT /tmp/ktest-kernel.tar.gz 24s
PUT /tmp/ktest-kernel.tar.gz 25s
PUT /tmp/ktest-kernel.tar.gz 25s
PUT /tmp/ktest-lustre.tar.gz 6s
PUT /tmp/ktest-lustre.tar.gz 6s
PUT /tmp/ktest-lustre.tar.gz 5s
PUT /tmp/ktest-lustre.tar.gz 6s
PUT /tmp/ktest-lustre.tar.gz 6s
PUT /tmp/ktest-lustre.tar.gz 6s
PUT /tmp/ktest-lustre.tar.gz 6s
PUT /tmp/ktest-lustre.tar.gz 5s
PUT /tmp/ktest_ml-miscvm:lustre_mainline_native_ru0bical.tar 0s
PUT /tmp/ktest_ml-miscvm:lustre_mainline_native_ru0bical.tar 0s
PUT /tmp/ktest_ml-miscvm:lustre_mainline_native_ru0bical.tar 0s
PUT /tmp/ktest_ml-miscvm:lustre_mainline_native_ru0bical.tar 0s
PUT /tmp/ktest_ml-miscvm:lustre_mainline_native_ru0bical.tar 0s
PUT /tmp/ktest_ml-miscvm:lustre_mainline_native_ru0bical.tar 0s
PUT /tmp/ktest_ml-miscvm:lustre_mainline_native_ru0bical.tar 0s
PUT /tmp/ktest_ml-miscvm:lustre_mainline_native_ru0bical.tar 0s
END ml-miscvm:boot run tests/fs/lustre/boot.ktest PASS 77s
END ml-miscvm:mgs-setup run tests/fs/lustre/mgs-setup.ktest PASS 86s
END ml-miscvm:sanity-1 run tests/fs/lustre/sanity/sanity-1.ktest PASS 113s
END ml-miscvm:sanity-3 run tests/fs/lustre/sanity/sanity-3.ktest PASS 115s
END ml-miscvm:llmount run tests/fs/lustre/llmount.ktest PASS 125s
END ml-miscvm:sanity-4 run tests/fs/lustre/sanity/sanity-4.ktest PASS 127s
END ml-miscvm:sanity-2 run tests/fs/lustre/sanity/sanity-2.ktest PASS 128s
END ml-miscvm:llog-unit run tests/fs/lustre/llog-unit.ktest FAIL 162s (exit code: 1)

============================================================
Final Results:
  checkpatch:checkpatch: FAIL (11s) (log: /var/www/ci-lustre/upstream-patch-review/96d7edb89c399f5411b69da128dea2fed536229c_checkpatch:checkpatch.log)
  u24:u24: PASS (54s) (log: /var/www/ci-lustre/upstream-patch-review/96d7edb89c399f5411b69da128dea2fed536229c_u24:u24.log)
  al2023:al2023: PASS (53s) (log: /var/www/ci-lustre/upstream-patch-review/96d7edb89c399f5411b69da128dea2fed536229c_al2023:al2023.log)
  ml-strict:lustre_mainline: FAIL (163s) (log: /var/www/ci-lustre/upstream-patch-review/96d7edb89c399f5411b69da128dea2fed536229c_ml-strict:lustre_mainline.log)
  ml:lustre_mainline: PASS (161s) (log: /var/www/ci-lustre/upstream-patch-review/96d7edb89c399f5411b69da128dea2fed536229c_ml:lustre_mainline.log)
  ml-miscvm:lustre_mainline_native: PASS (160s) (log: /var/www/ci-lustre/upstream-patch-review/96d7edb89c399f5411b69da128dea2fed536229c_ml-miscvm:lustre_mainline_native.log)
  ml-miscvm:boot: PASS (77s) (log: /var/www/ci-lustre/upstream-patch-review/96d7edb89c399f5411b69da128dea2fed536229c_ml-miscvm:boot.log)
  ml-miscvm:llmount: PASS (125s) (log: /var/www/ci-lustre/upstream-patch-review/96d7edb89c399f5411b69da128dea2fed536229c_ml-miscvm:llmount.log)
  ml-miscvm:llog-unit: FAIL (162s) (log: /var/www/ci-lustre/upstream-patch-review/96d7edb89c399f5411b69da128dea2fed536229c_ml-miscvm:llog-unit.log)
  ml-miscvm:mgs-setup: PASS (86s) (log: /var/www/ci-lustre/upstream-patch-review/96d7edb89c399f5411b69da128dea2fed536229c_ml-miscvm:mgs-setup.log)
  ml-miscvm:sanity-1: PASS (113s) (log: /var/www/ci-lustre/upstream-patch-review/96d7edb89c399f5411b69da128dea2fed536229c_ml-miscvm:sanity-1.log)
  ml-miscvm:sanity-2: PASS (128s) (log: /var/www/ci-lustre/upstream-patch-review/96d7edb89c399f5411b69da128dea2fed536229c_ml-miscvm:sanity-2.log)
  ml-miscvm:sanity-3: PASS (115s) (log: /var/www/ci-lustre/upstream-patch-review/96d7edb89c399f5411b69da128dea2fed536229c_ml-miscvm:sanity-3.log)
  ml-miscvm:sanity-4: PASS (127s) (log: /var/www/ci-lustre/upstream-patch-review/96d7edb89c399f5411b69da128dea2fed536229c_ml-miscvm:sanity-4.log)

Total execution time: 351s
