ERROR:CODE_INDENT: code indent should use tabs where possible
#48: FILE: lustre/ptlrpc/gss/gss_internal.h:112:
+                                         PTLRPC_GSS_MAX_HANDLE_SIZE)$

WARNING:LEADING_SPACE: please, no spaces at the start of a line
#48: FILE: lustre/ptlrpc/gss/gss_internal.h:112:
+                                         PTLRPC_GSS_MAX_HANDLE_SIZE)$

ERROR:CODE_INDENT: code indent should use tabs where possible
#52: FILE: lustre/ptlrpc/gss/gss_internal.h:116:
+        if (handle->len != PTLRPC_GSS_MAX_HANDLE_SIZE)$

WARNING:LEADING_SPACE: please, no spaces at the start of a line
#52: FILE: lustre/ptlrpc/gss/gss_internal.h:116:
+        if (handle->len != PTLRPC_GSS_MAX_HANDLE_SIZE)$

ERROR:CODE_INDENT: code indent should use tabs where possible
#53: FILE: lustre/ptlrpc/gss/gss_internal.h:117:
+                return -1;$

WARNING:LEADING_SPACE: please, no spaces at the start of a line
#53: FILE: lustre/ptlrpc/gss/gss_internal.h:117:
+                return -1;$

ERROR:CODE_INDENT: code indent should use tabs where possible
#54: FILE: lustre/ptlrpc/gss/gss_internal.h:118:
+        return *((u64 *) handle->data);$

WARNING:LEADING_SPACE: please, no spaces at the start of a line
#54: FILE: lustre/ptlrpc/gss/gss_internal.h:118:
+        return *((u64 *) handle->data);$

total: 4 errors, 4 warnings, 445 lines checked

NOTE: For some of the reported defects, checkpatch may be able to
      mechanically convert to the typical style using --fix or --fix-inplace.

NOTE: Whitespace errors detected.
      You may wish to use scripts/cleanpatch or scripts/cleanfile

Your patch has style problems, please review.

NOTE: If any of the errors are false positives, please report
      them to the maintainer, see CHECKPATCH in MAINTAINERS.
