CLI: ./podman-ktest --podman-socket unix:///run/podman/podman.sock --shared-filesystem /tmp --tarball-input job lustre-ci --output /var/www/ci-lustre/upstream-patch-review --git-hash 970f1242cc32a0f8c0830afd302704d27ea600f8 --change-id 64565_970f1242cc32a0f8c0830afd302704d27ea600f8 --subject LU-14291 gss: seperate out the client from server code.

  Checking /dev/kvm exists... OK
  Checking /dev/kvm permissions... OK
  Creating ccache directory... OK
  Checking ccache directory writable... OK

Environment validated successfully
Creating kernel tarball at /tmp/ktest-kernel.tar.gz...
Creating lustre tarball at /tmp/ktest-lustre.tar.gz...
Executing 16 jobs
Jobs will start as soon as their dependencies are satisfied
Using tarball input mode

START u24 build tests/fs/lustre/boot.ktest
START lustre_mainline build tests/fs/lustre/boot.ktest
START lustre_mainline_strict build tests/fs/lustre/boot-strict.ktest
START checkpatch tool checkpatch
START lustre_mainline_native build tests/fs/lustre/boot.ktest
START al2023 build tests/fs/lustre/boot.ktest
PUT /tmp/ktest-kernel.tar.gz 8s
PUT /tmp/ktest-kernel.tar.gz 8s
PUT /tmp/ktest-kernel.tar.gz 8s
PUT /tmp/ktest-kernel.tar.gz 8s
PUT /tmp/ktest-kernel.tar.gz 8s
PUT /tmp/ktest-kernel.tar.gz 8s
PUT /tmp/ktest-lustre.tar.gz 2s
PUT /tmp/ktest-lustre.tar.gz 1s
PUT /tmp/ktest-lustre.tar.gz 2s
PUT /tmp/ktest-lustre.tar.gz 2s
PUT /tmp/ktest-lustre.tar.gz 2s
PUT /tmp/ktest-lustre.tar.gz 2s
END checkpatch tool checkpatch FAIL 13s (exit code: 1)
END al2023 build tests/fs/lustre/boot.ktest PASS 66s
END u24 build tests/fs/lustre/boot.ktest PASS 69s
GET /tmp/ktest_lustre_mainline_strict_ees1zk_a.tar 5s
END lustre_mainline_strict build tests/fs/lustre/boot-strict.ktest FAIL 101s (exit code: 1)
GET /tmp/ktest_lustre_mainline_native_czinshtd.tar 4s
GET /tmp/ktest_lustre_mainline_sb4dfy43.tar 4s
END lustre_mainline_native build tests/fs/lustre/boot.ktest PASS 104s
START clang-tidy tool clang-tidy
START cc-plugin tool cc-plugin
START boot run tests/fs/lustre/boot.ktest
START llmount run tests/fs/lustre/llmount.ktest
START llog-unit run tests/fs/lustre/llog-unit.ktest
START mgs-setup run tests/fs/lustre/mgs-setup.ktest
START sanity-1 run tests/fs/lustre/sanity/sanity-1.ktest
START sanity-2 run tests/fs/lustre/sanity/sanity-2.ktest
START sanity-3 run tests/fs/lustre/sanity/sanity-3.ktest
START sanity-4 run tests/fs/lustre/sanity/sanity-4.ktest
END lustre_mainline build tests/fs/lustre/boot.ktest PASS 105s
PUT /tmp/ktest-kernel.tar.gz 12s
PUT /tmp/ktest_lustre_mainline_native_czinshtd.tar 15s
PUT /tmp/ktest-kernel.tar.gz 15s
PUT /tmp/ktest_lustre_mainline_native_czinshtd.tar 15s
PUT /tmp/ktest_lustre_mainline_native_czinshtd.tar 15s
PUT /tmp/ktest_lustre_mainline_native_czinshtd.tar 15s
PUT /tmp/ktest_lustre_mainline_native_czinshtd.tar 15s
PUT /tmp/ktest_lustre_mainline_native_czinshtd.tar 15s
PUT /tmp/ktest_lustre_mainline_native_czinshtd.tar 15s
PUT /tmp/ktest_lustre_mainline_native_czinshtd.tar 15s
PUT /tmp/ktest-lustre.tar.gz 31s
PUT /tmp/ktest-lustre.tar.gz 34s
PUT /tmp/ktest_lustre_mainline_native_czinshtd.tar 9s
PUT /tmp/ktest_lustre_mainline_native_czinshtd.tar 4s
END cc-plugin tool cc-plugin FAIL 58s (exit code: 127)
END clang-tidy tool clang-tidy PASS 74s
END boot run tests/fs/lustre/boot.ktest PASS 75s
END mgs-setup run tests/fs/lustre/mgs-setup.ktest PASS 80s
END sanity-3 run tests/fs/lustre/sanity/sanity-3.ktest PASS 94s
END sanity-2 run tests/fs/lustre/sanity/sanity-2.ktest PASS 98s
END sanity-1 run tests/fs/lustre/sanity/sanity-1.ktest PASS 102s
END sanity-4 run tests/fs/lustre/sanity/sanity-4.ktest PASS 113s
END llog-unit run tests/fs/lustre/llog-unit.ktest PASS 167s
END llmount run tests/fs/lustre/llmount.ktest PASS 174s

============================================================
Final Results:
  checkpatch: FAIL (13s) (log: /var/www/ci-lustre/upstream-patch-review/970f1242cc32a0f8c0830afd302704d27ea600f8_checkpatch.log)
  u24: PASS (69s) (log: /var/www/ci-lustre/upstream-patch-review/970f1242cc32a0f8c0830afd302704d27ea600f8_u24.log)
  al2023: PASS (66s) (log: /var/www/ci-lustre/upstream-patch-review/970f1242cc32a0f8c0830afd302704d27ea600f8_al2023.log)
  lustre_mainline_strict: FAIL (101s) (log: /var/www/ci-lustre/upstream-patch-review/970f1242cc32a0f8c0830afd302704d27ea600f8_lustre_mainline_strict.log)
  lustre_mainline: PASS (105s) (log: /var/www/ci-lustre/upstream-patch-review/970f1242cc32a0f8c0830afd302704d27ea600f8_lustre_mainline.log)
  lustre_mainline_native: PASS (104s) (log: /var/www/ci-lustre/upstream-patch-review/970f1242cc32a0f8c0830afd302704d27ea600f8_lustre_mainline_native.log)
  clang-tidy: PASS (74s) (log: /var/www/ci-lustre/upstream-patch-review/970f1242cc32a0f8c0830afd302704d27ea600f8_clang-tidy.log)
  cc-plugin: FAIL (58s) (log: /var/www/ci-lustre/upstream-patch-review/970f1242cc32a0f8c0830afd302704d27ea600f8_cc-plugin.log)
  boot: PASS (75s) (log: /var/www/ci-lustre/upstream-patch-review/970f1242cc32a0f8c0830afd302704d27ea600f8_boot.log)
  llmount: PASS (174s) (log: /var/www/ci-lustre/upstream-patch-review/970f1242cc32a0f8c0830afd302704d27ea600f8_llmount.log)
  llog-unit: PASS (167s) (log: /var/www/ci-lustre/upstream-patch-review/970f1242cc32a0f8c0830afd302704d27ea600f8_llog-unit.log)
  mgs-setup: PASS (80s) (log: /var/www/ci-lustre/upstream-patch-review/970f1242cc32a0f8c0830afd302704d27ea600f8_mgs-setup.log)
  sanity-1: PASS (102s) (log: /var/www/ci-lustre/upstream-patch-review/970f1242cc32a0f8c0830afd302704d27ea600f8_sanity-1.log)
  sanity-2: PASS (98s) (log: /var/www/ci-lustre/upstream-patch-review/970f1242cc32a0f8c0830afd302704d27ea600f8_sanity-2.log)
  sanity-3: PASS (94s) (log: /var/www/ci-lustre/upstream-patch-review/970f1242cc32a0f8c0830afd302704d27ea600f8_sanity-3.log)
  sanity-4: PASS (113s) (log: /var/www/ci-lustre/upstream-patch-review/970f1242cc32a0f8c0830afd302704d27ea600f8_sanity-4.log)

Total execution time: 310s
