WARNING:FILE_PATH_CHANGES: added, moved or deleted file(s), does MAINTAINERS need updating?
#14: 
deleted file mode 100644

WARNING:EMBEDDED_FILENAME: It's generally not useful to have the filename in the file
#433: FILE: Makefile:33:
+-include config/Makefile.dist

WARNING:EMBEDDED_FILENAME: It's generally not useful to have the filename in the file
#435: FILE: Makefile:35:
+-include config/Makefile.install

WARNING:EMBEDDED_FILENAME: It's generally not useful to have the filename in the file
#639: FILE: config/Makefile.dist:6:
+# config/Makefile.dist

WARNING:EMBEDDED_FILENAME: It's generally not useful to have the filename in the file
#840: FILE: config/Makefile.install:6:
+# config/Makefile.install

WARNING:EMBEDDED_FILENAME: It's generally not useful to have the filename in the file
#1761: FILE: contrib/cc-plugins/Makefile.in:6:
+# contrib/cc-plugins/Makefile.in

WARNING:EMBEDDED_FILENAME: It's generally not useful to have the filename in the file
#1813: FILE: ldiskfs/autoMakefile.in:6:
+# ldiskfs/autoMakefile.in

WARNING:EMBEDDED_FILENAME: It's generally not useful to have the filename in the file
#1954: FILE: lib/libcfs/Makefile.in:6:
+# lib/libcfs/Makefile.in

WARNING:EMBEDDED_FILENAME: It's generally not useful to have the filename in the file
#2063: FILE: lnet/utils/Makefile.in:6:
+# lnet/utils/Makefile.in

WARNING:EMBEDDED_FILENAME: It's generally not useful to have the filename in the file
#2182: FILE: lnet/utils/lnetconfig/Makefile.in:8:
+# lnet/utils/lnetconfig/Makefile.in

WARNING:EMBEDDED_FILENAME: It's generally not useful to have the filename in the file
#2666: FILE: lustre/scripts/Makefile.in:6:
+# lustre/scripts/Makefile.in

WARNING:EMBEDDED_FILENAME: It's generally not useful to have the filename in the file
#2732: FILE: lustre/scripts/systemd/Makefile.in:6:
+# lustre/scripts/systemd/Makefile.in

WARNING:EMBEDDED_FILENAME: It's generally not useful to have the filename in the file
#2918: FILE: lustre/tests/Makefile.in:6:
+# lustre/tests/Makefile.in

WARNING:EMBEDDED_FILENAME: It's generally not useful to have the filename in the file
#3213: FILE: lustre/tests/iabf/Makefile.in:6:
+# lustre/tests/iabf/Makefile.in

WARNING:REPEATED_WORD: Possible repeated word: 'iabf'
#3236: FILE: lustre/tests/iabf/Makefile.in:29:
+	rm -f iabf iabf.o callvpe.o

WARNING:EMBEDDED_FILENAME: It's generally not useful to have the filename in the file
#3434: FILE: lustre/tests/lutf/src/Makefile.in:6:
+# lustre/tests/lutf/src/Makefile.in

WARNING:REPEATED_WORD: Possible repeated word: 'lutf'
#3603: FILE: lustre/tests/lutf/src/Makefile.in:175:
+	       lutf lutf.o lutf_listener.o lutf_python.o \

WARNING:EMBEDDED_FILENAME: It's generally not useful to have the filename in the file
#3665: FILE: lustre/tests/mpi/Makefile.in:6:
+# lustre/tests/mpi/Makefile.in

WARNING:EMBEDDED_FILENAME: It's generally not useful to have the filename in the file
#4096: FILE: lustre/utils/Makefile.in:6:
+# lustre/utils/Makefile.in

WARNING:EMBEDDED_FILENAME: It's generally not useful to have the filename in the file
#4560: FILE: lustre/utils/erasurecode/autoMakefile.in:6:
+# lustre/utils/erasurecode/autoMakefile.in

WARNING:EMBEDDED_FILENAME: It's generally not useful to have the filename in the file
#4722: FILE: lustre/utils/gss/Makefile.in:6:
+# lustre/utils/gss/Makefile.in

total: 0 errors, 21 warnings, 2724 lines checked

NOTE: For some of the reported defects, checkpatch may be able to
      mechanically convert to the typical style using --fix or --fix-inplace.

Your patch has style problems, please review.

NOTE: If any of the errors are false positives, please report
      them to the maintainer, see CHECKPATCH in MAINTAINERS.
