CLI: ./podman-ktest --podman-socket unix:///run/podman/podman.sock --shared-filesystem /tmp --tarball-input job lustre-ci --output /var/www/ci-lustre/upstream-patch-review --git-hash 97c88d50a602122dc5e3a7a7fed739a3a61e522e --change-id 64203_97c88d50a602122dc5e3a7a7fed739a3a61e522e --subject LU-19917 mgs: MGS replica IR support

  Checking /dev/kvm exists... OK
  Checking /dev/kvm permissions... OK
  Creating ccache directory... OK
  Checking ccache directory writable... OK

Environment validated successfully
Creating kernel tarball at /tmp/ktest-kernel.tar.gz...
Creating lustre tarball at /tmp/ktest-lustre.tar.gz...
Executing 16 jobs
Jobs will start as soon as their dependencies are satisfied
Using tarball input mode

START lustre_mainline_strict build tests/fs/lustre/boot-strict.ktest
START u24 build tests/fs/lustre/boot.ktest
START checkpatch tool checkpatch
START lustre_mainline build tests/fs/lustre/boot.ktest
START lustre_mainline_native build tests/fs/lustre/boot.ktest
START al2023 build tests/fs/lustre/boot.ktest
PUT /tmp/ktest-kernel.tar.gz 8s
PUT /tmp/ktest-kernel.tar.gz 8s
PUT /tmp/ktest-kernel.tar.gz 8s
PUT /tmp/ktest-kernel.tar.gz 8s
PUT /tmp/ktest-kernel.tar.gz 9s
PUT /tmp/ktest-kernel.tar.gz 9s
PUT /tmp/ktest-lustre.tar.gz 1s
PUT /tmp/ktest-lustre.tar.gz 2s
PUT /tmp/ktest-lustre.tar.gz 1s
PUT /tmp/ktest-lustre.tar.gz 2s
PUT /tmp/ktest-lustre.tar.gz 2s
PUT /tmp/ktest-lustre.tar.gz 2s
END checkpatch tool checkpatch PASS 13s
END al2023 build tests/fs/lustre/boot.ktest PASS 67s
END u24 build tests/fs/lustre/boot.ktest PASS 71s
GET /tmp/ktest_lustre_mainline_89zdnlhe.tar 5s
END lustre_mainline build tests/fs/lustre/boot.ktest FAIL 135s (exit code: 1)
GET /tmp/ktest_lustre_mainline_native_3auz5jys.tar 7s
END lustre_mainline_native build tests/fs/lustre/boot.ktest FAIL 137s (exit code: 1)
GET /tmp/ktest_lustre_mainline_strict_0fvxqc1b.tar 9s
END lustre_mainline_strict build tests/fs/lustre/boot-strict.ktest FAIL 139s (exit code: 1)

============================================================
Final Results:
  checkpatch: PASS (13s) (log: /var/www/ci-lustre/upstream-patch-review/97c88d50a602122dc5e3a7a7fed739a3a61e522e_checkpatch.log)
  u24: PASS (71s) (log: /var/www/ci-lustre/upstream-patch-review/97c88d50a602122dc5e3a7a7fed739a3a61e522e_u24.log)
  al2023: PASS (67s) (log: /var/www/ci-lustre/upstream-patch-review/97c88d50a602122dc5e3a7a7fed739a3a61e522e_al2023.log)
  lustre_mainline_strict: FAIL (139s) (log: /var/www/ci-lustre/upstream-patch-review/97c88d50a602122dc5e3a7a7fed739a3a61e522e_lustre_mainline_strict.log)
  lustre_mainline: FAIL (135s) (log: /var/www/ci-lustre/upstream-patch-review/97c88d50a602122dc5e3a7a7fed739a3a61e522e_lustre_mainline.log)
  lustre_mainline_native: FAIL (137s) (log: /var/www/ci-lustre/upstream-patch-review/97c88d50a602122dc5e3a7a7fed739a3a61e522e_lustre_mainline_native.log)
  clang-tidy: SKIPPED (due to dependency failure)
  cc-plugin: SKIPPED (due to dependency failure)
  boot: SKIPPED (due to dependency failure)
  llmount: SKIPPED (due to dependency failure)
  llog-unit: SKIPPED (due to dependency failure)
  mgs-setup: SKIPPED (due to dependency failure)
  sanity-1: SKIPPED (due to dependency failure)
  sanity-2: SKIPPED (due to dependency failure)
  sanity-3: SKIPPED (due to dependency failure)
  sanity-4: SKIPPED (due to dependency failure)

Total execution time: 171s
