CLI: ./podman-ktest --podman-socket unix:///run/podman/podman.sock --shared-filesystem /tmp --tarball-input job lustre-ci --output /var/www/ci-lustre/upstream-patch-review --git-hash 97ed28d03f466d6283a5289098ae6dc1eaa6b51e --change-id 65184_97ed28d03f466d6283a5289098ae6dc1eaa6b51e --subject LU-19066 ofd: add os_failure_domain to struct obd_statfs

  Checking /dev/kvm exists... OK
  Checking /dev/kvm permissions... OK
  Creating ccache directory... OK
  Checking ccache directory writable... OK

Environment validated successfully
Creating kernel tarball at /tmp/ktest-kernel.tar.gz...
Creating lustre tarball at /tmp/ktest-lustre.tar.gz...
Executing 16 jobs
Jobs will start as soon as their dependencies are satisfied
Using tarball input mode

START lustre_mainline build tests/fs/lustre/boot.ktest
START al2023 build tests/fs/lustre/boot.ktest
START lustre_mainline_strict build tests/fs/lustre/boot-strict.ktest
START checkpatch tool checkpatch
START lustre_mainline_native build tests/fs/lustre/boot.ktest
START u24 build tests/fs/lustre/boot.ktest
PUT /tmp/ktest-kernel.tar.gz 8s
PUT /tmp/ktest-kernel.tar.gz 8s
PUT /tmp/ktest-kernel.tar.gz 8s
PUT /tmp/ktest-kernel.tar.gz 8s
PUT /tmp/ktest-kernel.tar.gz 8s
PUT /tmp/ktest-kernel.tar.gz 8s
PUT /tmp/ktest-lustre.tar.gz 2s
PUT /tmp/ktest-lustre.tar.gz 2s
PUT /tmp/ktest-lustre.tar.gz 2s
PUT /tmp/ktest-lustre.tar.gz 2s
PUT /tmp/ktest-lustre.tar.gz 2s
PUT /tmp/ktest-lustre.tar.gz 2s
END checkpatch tool checkpatch PASS 13s
END al2023 build tests/fs/lustre/boot.ktest PASS 66s
END u24 build tests/fs/lustre/boot.ktest PASS 70s
GET /tmp/ktest_lustre_mainline_strict_i6ungkth.tar 5s
END lustre_mainline_strict build tests/fs/lustre/boot-strict.ktest FAIL 110s (exit code: 1)
GET /tmp/ktest_lustre_mainline_aw9wnese.tar 4s
GET /tmp/ktest_lustre_mainline_native_oxxzazkt.tar 4s
END lustre_mainline build tests/fs/lustre/boot.ktest PASS 113s
END lustre_mainline_native build tests/fs/lustre/boot.ktest PASS 114s
START clang-tidy tool clang-tidy
START cc-plugin tool cc-plugin
START boot run tests/fs/lustre/boot.ktest
START llmount run tests/fs/lustre/llmount.ktest
START llog-unit run tests/fs/lustre/llog-unit.ktest
START mgs-setup run tests/fs/lustre/mgs-setup.ktest
START sanity-1 run tests/fs/lustre/sanity/sanity-1.ktest
START sanity-2 run tests/fs/lustre/sanity/sanity-2.ktest
START sanity-3 run tests/fs/lustre/sanity/sanity-3.ktest
START sanity-4 run tests/fs/lustre/sanity/sanity-4.ktest
PUT /tmp/ktest-kernel.tar.gz 18s
PUT /tmp/ktest_lustre_mainline_native_oxxzazkt.tar 18s
PUT /tmp/ktest_lustre_mainline_native_oxxzazkt.tar 18s
PUT /tmp/ktest_lustre_mainline_native_oxxzazkt.tar 18s
PUT /tmp/ktest-kernel.tar.gz 19s
PUT /tmp/ktest_lustre_mainline_native_oxxzazkt.tar 18s
PUT /tmp/ktest_lustre_mainline_native_oxxzazkt.tar 18s
PUT /tmp/ktest_lustre_mainline_native_oxxzazkt.tar 18s
PUT /tmp/ktest_lustre_mainline_native_oxxzazkt.tar 18s
PUT /tmp/ktest_lustre_mainline_native_oxxzazkt.tar 18s
PUT /tmp/ktest-lustre.tar.gz 26s
PUT /tmp/ktest-lustre.tar.gz 33s
PUT /tmp/ktest_lustre_mainline_native_oxxzazkt.tar 12s
PUT /tmp/ktest_lustre_mainline_native_oxxzazkt.tar 5s
END cc-plugin tool cc-plugin FAIL 60s (exit code: 127)
END boot run tests/fs/lustre/boot.ktest PASS 73s
END clang-tidy tool clang-tidy PASS 78s
END mgs-setup run tests/fs/lustre/mgs-setup.ktest PASS 82s
END sanity-3 run tests/fs/lustre/sanity/sanity-3.ktest PASS 94s
END sanity-1 run tests/fs/lustre/sanity/sanity-1.ktest PASS 95s
END sanity-2 run tests/fs/lustre/sanity/sanity-2.ktest PASS 99s
END sanity-4 run tests/fs/lustre/sanity/sanity-4.ktest PASS 102s
END llmount run tests/fs/lustre/llmount.ktest PASS 167s
END llog-unit run tests/fs/lustre/llog-unit.ktest PASS 170s

============================================================
Final Results:
  checkpatch: PASS (13s) (log: /var/www/ci-lustre/upstream-patch-review/97ed28d03f466d6283a5289098ae6dc1eaa6b51e_checkpatch.log)
  u24: PASS (70s) (log: /var/www/ci-lustre/upstream-patch-review/97ed28d03f466d6283a5289098ae6dc1eaa6b51e_u24.log)
  al2023: PASS (66s) (log: /var/www/ci-lustre/upstream-patch-review/97ed28d03f466d6283a5289098ae6dc1eaa6b51e_al2023.log)
  lustre_mainline_strict: FAIL (110s) (log: /var/www/ci-lustre/upstream-patch-review/97ed28d03f466d6283a5289098ae6dc1eaa6b51e_lustre_mainline_strict.log)
  lustre_mainline: PASS (113s) (log: /var/www/ci-lustre/upstream-patch-review/97ed28d03f466d6283a5289098ae6dc1eaa6b51e_lustre_mainline.log)
  lustre_mainline_native: PASS (114s) (log: /var/www/ci-lustre/upstream-patch-review/97ed28d03f466d6283a5289098ae6dc1eaa6b51e_lustre_mainline_native.log)
  clang-tidy: PASS (78s) (log: /var/www/ci-lustre/upstream-patch-review/97ed28d03f466d6283a5289098ae6dc1eaa6b51e_clang-tidy.log)
  cc-plugin: FAIL (60s) (log: /var/www/ci-lustre/upstream-patch-review/97ed28d03f466d6283a5289098ae6dc1eaa6b51e_cc-plugin.log)
  boot: PASS (73s) (log: /var/www/ci-lustre/upstream-patch-review/97ed28d03f466d6283a5289098ae6dc1eaa6b51e_boot.log)
  llmount: PASS (167s) (log: /var/www/ci-lustre/upstream-patch-review/97ed28d03f466d6283a5289098ae6dc1eaa6b51e_llmount.log)
  llog-unit: PASS (170s) (log: /var/www/ci-lustre/upstream-patch-review/97ed28d03f466d6283a5289098ae6dc1eaa6b51e_llog-unit.log)
  mgs-setup: PASS (82s) (log: /var/www/ci-lustre/upstream-patch-review/97ed28d03f466d6283a5289098ae6dc1eaa6b51e_mgs-setup.log)
  sanity-1: PASS (95s) (log: /var/www/ci-lustre/upstream-patch-review/97ed28d03f466d6283a5289098ae6dc1eaa6b51e_sanity-1.log)
  sanity-2: PASS (99s) (log: /var/www/ci-lustre/upstream-patch-review/97ed28d03f466d6283a5289098ae6dc1eaa6b51e_sanity-2.log)
  sanity-3: PASS (94s) (log: /var/www/ci-lustre/upstream-patch-review/97ed28d03f466d6283a5289098ae6dc1eaa6b51e_sanity-3.log)
  sanity-4: PASS (102s) (log: /var/www/ci-lustre/upstream-patch-review/97ed28d03f466d6283a5289098ae6dc1eaa6b51e_sanity-4.log)

Total execution time: 316s
