CLI: ./podman-ktest --podman-socket unix:///run/podman/podman.sock --shared-filesystem /tmp --tarball-input job lustre-ci --output /var/www/ci-lustre/upstream-patch-review --git-hash 9958c38193978a49177b13965a5356a87d6bdfa8 --change-id 63060_9958c38193978a49177b13965a5356a87d6bdfa8 --subject LU-19709 osc: fix LASSERT failure on osc_extent_find()

Environment validated successfully
Note: custom LLVM is not synced in tarball input mode
Creating kernel tarball at /tmp/ktest-kernel.tar.gz...
Creating lustre tarball at /tmp/ktest-lustre.tar.gz...
Creating ZFS tarball at /tmp/ktest-zfs.tar.gz...
Executing 14 jobs
Jobs will start as soon as their dependencies are satisfied
Using tarball input mode

START checkpatch:checkpatch tool checkpatch
START u24:u24 build tests/fs/lustre/boot.ktest
START al2023:al2023 build tests/fs/lustre/boot.ktest
START ml-miscvm:lustre_mainline_native build tests/fs/lustre/boot.ktest
START ml:lustre_mainline build tests/fs/lustre/boot.ktest
START ml-strict:lustre_mainline build tests/fs/lustre/boot-strict.ktest
PUT /tmp/ktest-lustre.tar.gz 1s
PUT /tmp/ktest-lustre.tar.gz 1s
PUT /tmp/ktest-kernel.tar.gz 14s
PUT /tmp/ktest-kernel.tar.gz 14s
PUT /tmp/ktest-kernel.tar.gz 14s
PUT /tmp/ktest-kernel.tar.gz 14s
PUT /tmp/ktest-lustre.tar.gz 2s
PUT /tmp/ktest-lustre.tar.gz 2s
PUT /tmp/ktest-lustre.tar.gz 1s
PUT /tmp/ktest-lustre.tar.gz 2s
PUT /tmp/ktest-zfs.tar.gz 0s
PUT /tmp/ktest-zfs.tar.gz 0s
PUT /tmp/ktest-zfs.tar.gz 0s
END checkpatch:checkpatch tool checkpatch PASS 19s
END al2023:al2023 build tests/fs/lustre/boot.ktest PASS 61s
END u24:u24 build tests/fs/lustre/boot.ktest PASS 62s
GET /tmp/ktest_ml:lustre_mainline_ijk9mxy5.tar 0s
GET /tmp/ktest_ml-miscvm:lustre_mainline_native_kmxkeia0.tar 0s
END ml:lustre_mainline build tests/fs/lustre/boot.ktest PASS 185s
END ml-miscvm:lustre_mainline_native build tests/fs/lustre/boot.ktest PASS 186s
START ml-miscvm:boot run tests/fs/lustre/boot.ktest
START ml-miscvm:llmount run tests/fs/lustre/llmount.ktest
START ml-miscvm:llog-unit run tests/fs/lustre/llog-unit.ktest
START ml-miscvm:mgs-setup run tests/fs/lustre/mgs-setup.ktest
START ml-miscvm:sanity-1 run tests/fs/lustre/sanity/sanity-1.ktest
START ml-miscvm:sanity-2 run tests/fs/lustre/sanity/sanity-2.ktest
START ml-miscvm:sanity-3 run tests/fs/lustre/sanity/sanity-3.ktest
START ml-miscvm:sanity-4 run tests/fs/lustre/sanity/sanity-4.ktest
GET /tmp/ktest_ml-strict:lustre_mainline_93fr214x.tar 9s
END ml-strict:lustre_mainline build tests/fs/lustre/boot-strict.ktest FAIL 198s (exit code: 1)
PUT /tmp/ktest-kernel.tar.gz 57s
PUT /tmp/ktest-kernel.tar.gz 57s
PUT /tmp/ktest-kernel.tar.gz 57s
PUT /tmp/ktest-kernel.tar.gz 57s
PUT /tmp/ktest-kernel.tar.gz 57s
PUT /tmp/ktest-kernel.tar.gz 58s
PUT /tmp/ktest-kernel.tar.gz 58s
PUT /tmp/ktest-kernel.tar.gz 58s
PUT /tmp/ktest-lustre.tar.gz 6s
PUT /tmp/ktest-lustre.tar.gz 6s
PUT /tmp/ktest-lustre.tar.gz 5s
PUT /tmp/ktest-lustre.tar.gz 6s
PUT /tmp/ktest-lustre.tar.gz 6s
PUT /tmp/ktest-lustre.tar.gz 5s
PUT /tmp/ktest-lustre.tar.gz 6s
PUT /tmp/ktest-lustre.tar.gz 6s
PUT /tmp/ktest_ml-miscvm:lustre_mainline_native_kmxkeia0.tar 0s
PUT /tmp/ktest_ml-miscvm:lustre_mainline_native_kmxkeia0.tar 0s
PUT /tmp/ktest_ml-miscvm:lustre_mainline_native_kmxkeia0.tar 0s
PUT /tmp/ktest_ml-miscvm:lustre_mainline_native_kmxkeia0.tar 0s
PUT /tmp/ktest_ml-miscvm:lustre_mainline_native_kmxkeia0.tar 0s
PUT /tmp/ktest_ml-miscvm:lustre_mainline_native_kmxkeia0.tar 0s
PUT /tmp/ktest_ml-miscvm:lustre_mainline_native_kmxkeia0.tar 0s
PUT /tmp/ktest_ml-miscvm:lustre_mainline_native_kmxkeia0.tar 0s
END ml-miscvm:boot run tests/fs/lustre/boot.ktest PASS 107s
END ml-miscvm:mgs-setup run tests/fs/lustre/mgs-setup.ktest PASS 116s
END ml-miscvm:sanity-4 run tests/fs/lustre/sanity/sanity-4.ktest PASS 143s
END ml-miscvm:sanity-3 run tests/fs/lustre/sanity/sanity-3.ktest PASS 145s
END ml-miscvm:sanity-1 run tests/fs/lustre/sanity/sanity-1.ktest PASS 146s
END ml-miscvm:sanity-2 run tests/fs/lustre/sanity/sanity-2.ktest PASS 148s
END ml-miscvm:llmount run tests/fs/lustre/llmount.ktest PASS 157s
END ml-miscvm:llog-unit run tests/fs/lustre/llog-unit.ktest FAIL 191s (exit code: 1)

============================================================
Final Results:
  checkpatch:checkpatch: PASS (19s) (log: /var/www/ci-lustre/upstream-patch-review/9958c38193978a49177b13965a5356a87d6bdfa8_checkpatch:checkpatch.log)
  u24:u24: PASS (62s) (log: /var/www/ci-lustre/upstream-patch-review/9958c38193978a49177b13965a5356a87d6bdfa8_u24:u24.log)
  al2023:al2023: PASS (61s) (log: /var/www/ci-lustre/upstream-patch-review/9958c38193978a49177b13965a5356a87d6bdfa8_al2023:al2023.log)
  ml-strict:lustre_mainline: FAIL (198s) (log: /var/www/ci-lustre/upstream-patch-review/9958c38193978a49177b13965a5356a87d6bdfa8_ml-strict:lustre_mainline.log)
  ml:lustre_mainline: PASS (185s) (log: /var/www/ci-lustre/upstream-patch-review/9958c38193978a49177b13965a5356a87d6bdfa8_ml:lustre_mainline.log)
  ml-miscvm:lustre_mainline_native: PASS (186s) (log: /var/www/ci-lustre/upstream-patch-review/9958c38193978a49177b13965a5356a87d6bdfa8_ml-miscvm:lustre_mainline_native.log)
  ml-miscvm:boot: PASS (107s) (log: /var/www/ci-lustre/upstream-patch-review/9958c38193978a49177b13965a5356a87d6bdfa8_ml-miscvm:boot.log)
  ml-miscvm:llmount: PASS (157s) (log: /var/www/ci-lustre/upstream-patch-review/9958c38193978a49177b13965a5356a87d6bdfa8_ml-miscvm:llmount.log)
  ml-miscvm:llog-unit: FAIL (191s) (log: /var/www/ci-lustre/upstream-patch-review/9958c38193978a49177b13965a5356a87d6bdfa8_ml-miscvm:llog-unit.log)
  ml-miscvm:mgs-setup: PASS (116s) (log: /var/www/ci-lustre/upstream-patch-review/9958c38193978a49177b13965a5356a87d6bdfa8_ml-miscvm:mgs-setup.log)
  ml-miscvm:sanity-1: PASS (146s) (log: /var/www/ci-lustre/upstream-patch-review/9958c38193978a49177b13965a5356a87d6bdfa8_ml-miscvm:sanity-1.log)
  ml-miscvm:sanity-2: PASS (148s) (log: /var/www/ci-lustre/upstream-patch-review/9958c38193978a49177b13965a5356a87d6bdfa8_ml-miscvm:sanity-2.log)
  ml-miscvm:sanity-3: PASS (145s) (log: /var/www/ci-lustre/upstream-patch-review/9958c38193978a49177b13965a5356a87d6bdfa8_ml-miscvm:sanity-3.log)
  ml-miscvm:sanity-4: PASS (143s) (log: /var/www/ci-lustre/upstream-patch-review/9958c38193978a49177b13965a5356a87d6bdfa8_ml-miscvm:sanity-4.log)

Total execution time: 408s
