00000 
00001 RDSEED32 is broken. Disabling the corresponding CPUID bit.
00037 tlp: vm.laptop_mode is deprecated. Ignoring setting.
00037 Kernel version: 7.0.0-ktest-99864a1f70-20260618
00037 hook init_noop
00037 
00037 Running tests mgs-setup
00037 
00037 ========= TEST   mgs-setup
00038 /host/home/ktest/git/lustre-release/lustre/tests/test-framework.sh: line 6895: cd: HOME not set
00039 cat: /etc/system-release: No such file or directory
00039 mgs: 
00039 MGS_OS_VERSION_ID=24.04
00039 MGS_OS_ID=ubuntu
00039 MGS_OS_VERSION_CODE=402915328
00039 MGS_OS_ID_LIKE=debian ubuntu
00039 cat: /etc/system-release: No such file or directory
00039 mds1: 
00040 MDS1_OS_ID=ubuntu
00040 MDS1_OS_VERSION_CODE=402915328
00040 MDS1_OS_ID_LIKE=debian ubuntu
00040 MDS1_OS_VERSION_ID=24.04
00040 cat: /etc/system-release: No such file or directory
00040 ost1: 
00040 OST1_OS_VERSION_ID=24.04
00040 OST1_OS_VERSION_CODE=402915328
00040 OST1_OS_ID=ubuntu
00040 OST1_OS_ID_LIKE=debian ubuntu
00040 cat: /etc/system-release: No such file or directory
00040 client: 
00040 CLIENT_OS_VERSION_ID=24.04
00040 CLIENT_OS_ID_LIKE=debian ubuntu
00040 CLIENT_OS_ID=ubuntu
00040 CLIENT_OS_VERSION_CODE=402915328
00040 Loading modules from /host/home/ktest/git/lustre-release/lustre
00040 detected 16 online CPUs by sysfs
00040 MODOPTS_LIBCFS=
00040 libcfs will create CPU partition based on online CPUs
00040 libcfs: loading out-of-tree module taints kernel.
00041 libcfs: HW NUMA nodes: 1, HW CPU cores: 16, npartitions: 1
00041 Lustre: Lustre: Build Version: 2.17.53_56_g99864a1_dirty
00041 ------------[ cut here ]------------
00041 Unexpected gfp: 0x2 (__GFP_HIGHMEM). Fixing up to gfp: 0xd40 (GFP_NOFS|__GFP_ZERO). Fix your code!
00041 WARNING: mm/vmalloc.c:3953 at vmalloc_fix_flags+0x34/0x60, CPU#5: modprobe/1751
00041 Modules linked in: obdclass(O+) ksocklnd(O) lnet(O) libcfs(O) efivarfs
00041 CPU: 5 UID: 0 PID: 1751 Comm: modprobe Tainted: G           O        7.0.0-ktest-99864a1f70-20260618 #1 PREEMPT 
00041 Tainted: [O]=OOT_MODULE
00041 Hardware name: QEMU Standard PC (Q35 + ICH9, 2009), BIOS 2025.11-3ubuntu7 03/31/2026
00041 RIP: 0010:vmalloc_fix_flags+0x3c/0x60
00041 Code: 02 48 89 44 24 08 89 fe 81 e6 1f 52 ae fe 89 34 24 81 e1 e0 ad 51 01 89 4c 24 04 48 8d 3d 6c c9 66 02 48 89 e2 4c 8d 44 24 04 <67> 48 0f b9 3a 8b 44 24 04 65 48 8b 0d e3 2c e2 02 48 3b 4c 24 08
00041 RSP: 0018:ffffc900016af990 EFLAGS: 00010202
00041 RAX: e984787a22530300 RBX: 0000000000000d42 RCX: 0000000000000d40
00041 RDX: ffffc900016af990 RSI: 0000000000000002 RDI: ffffffff8401fc90
00041 RBP: ffffc900016afd08 R08: ffffc900016af994 R09: 1ffffffff07baf42
00041 R10: dffffc0000000000 R11: fffffbfff07baf43 R12: 1ffff11027821007
00041 R13: 0000000000000000 R14: 0000000000480000 R15: dffffc0000000000
00041 FS:  00007f9dd568f3c0(0000) GS:ffff88831e6ca000(0000) knlGS:0000000000000000
00041 CS:  0010 DS: 0000 ES: 0000 CR0: 0000000080050033
00041 CR2: 00007ffd5fe5ac88 CR3: 000000013a882000 CR4: 0000000000750eb0
00041 PKRU: 55555554
00041 Call Trace:
00041  <TASK>
00041  __vmalloc_noprof+0xd8/0xe0
00041  class_handle_init+0x75/0x3b0 [obdclass]
00041  init_module+0xc7/0x2f0 [obdclass]
00041  do_one_initcall+0x110/0x450
00041  ? cleanup_module+0xf00/0xf00 [ksocklnd]
00041  ? stack_depot_save_flags+0x33/0x840
00041  ? kasan_save_track+0x40/0x60
00041  ? kasan_save_track+0x2f/0x60
00041  ? __kasan_kmalloc+0x72/0x80
00041  ? do_init_module+0x92/0x780
00041  ? __x64_sys_finit_module+0x3b5/0x5b0
00041  ? do_syscall_64+0xc1/0x350
00041  ? entry_SYSCALL_64_after_hwframe+0x4b/0x53
00041  ? free_frozen_page_commit+0x5f4/0x1040
00041  ? do_raw_spin_unlock+0x52/0x230
00041  ? vfree+0x1a1/0x220
00041  ? kfree+0x1b5/0x530
00041  ? vfree+0x1a1/0x220
00041  ? kfree+0x1b5/0x530
00041  ? kasan_unpoison+0x48/0x70
00041  ? __alloc_tagging_slab_alloc_hook+0x136/0x190
00041  ? kasan_unpoison+0x48/0x70
00041  ? __asan_register_globals+0x59/0x70
00041  do_init_module+0x273/0x780
00041  __x64_sys_finit_module+0x3b5/0x5b0
00041  do_syscall_64+0xc1/0x350
00041  entry_SYSCALL_64_after_hwframe+0x4b/0x53
00041 RIP: 0033:0x7f9dd4d2728d
00041 Code: ff c3 66 2e 0f 1f 84 00 00 00 00 00 90 f3 0f 1e fa 48 89 f8 48 89 f7 48 89 d6 48 89 ca 4d 89 c2 4d 89 c8 4c 8b 4c 24 08 0f 05 <48> 3d 01 f0 ff ff 73 01 c3 48 8b 0d 5b bb 0d 00 f7 d8 64 89 01 48
00041 RSP: 002b:00007ffd5fe5dc68 EFLAGS: 00000246 ORIG_RAX: 0000000000000139
00041 RAX: ffffffffffffffda RBX: 0000556669052a00 RCX: 00007f9dd4d2728d
00041 RDX: 0000000000000000 RSI: 000055663221ae52 RDI: 0000000000000003
00041 RBP: 00007ffd5fe5dd20 R08: 0000000000000040 R09: 00007ffd5fe5dcb0
00041 R10: 00007f9dd4e03b20 R11: 0000000000000246 R12: 000055663221ae52
00041 R13: 0000000000040000 R14: 0000556669052a80 R15: 0000000000000000
00041  </TASK>
00041 ---[ end trace 0000000000000000 ]---
00041 LNet: Added LNI 10.0.2.15@tcp [8/256/0/180]
00041 gss/krb5 is not supported
00042 Lustre: Echo OBD driver; http://www.lustre.org/
00043 
00043 
00048 
00048 
00048 
00048 ------------[ cut here ]------------
00048 BUG: Dentry 00000000eafb64db{i=200000003000004,n=NIDTBL_VERSIONS}  still in use (1) [unmount of wbcfs wbcfs]
00048 WARNING: fs/dcache.c:1648 at umount_check+0x7c/0x1b0, CPU#12: lustre-ktest/1926
00048 Modules linked in: mgs(O) osd_wbcfs(O) lustre(O) obdecho(O) mgc(O) mdc(O) lov(O) osc(O) lmv(O) ec(O) fid(O) fld(O) ptlrpc(O) obdclass(O) ksocklnd(O) lnet(O) libcfs(O) efivarfs
00048 CPU: 12 UID: 0 PID: 1926 Comm: lustre-ktest Tainted: G        W  O        7.0.0-ktest-99864a1f70-20260618 #1 PREEMPT 
00048 Tainted: [W]=WARN, [O]=OOT_MODULE
00048 Hardware name: QEMU Standard PC (Q35 + ICH9, 2009), BIOS 2025.11-3ubuntu7 03/31/2026
00048 RIP: 0010:umount_check+0x157/0x1b0
00048 Code: 3c 28 00 74 08 4c 89 e7 e8 b6 62 f6 ff 4d 8b 0c 24 49 81 c6 38 06 00 00 48 8b 3c 24 48 89 de 4c 89 fa 48 89 d9 41 89 e8 41 56 <67> 48 0f b9 3a 48 83 c4 08 31 c0 48 83 c4 08 5b 41 5c 41 5d 41 5e
00048 RSP: 0018:ffffc90004e07528 EFLAGS: 00010282
00048 RAX: 1ffffffff42f9f28 RBX: ffff888198a882f0 RCX: ffff888198a882f0
00048 RDX: 0200000003000004 RSI: ffff888198a882f0 RDI: ffffffff84022ec0
00048 RBP: 0000000000000001 R08: 0000000000000001 R09: ffffffffa17e1a40
00048 R10: dffffc0000000000 R11: fffff520009c0ea6 R12: ffffffffa17cf940
00048 R13: dffffc0000000000 R14: ffff88813e6ba638 R15: 0200000003000004
00048 FS:  00007f43a75097c0(0000) GS:ffff88831ea4a000(0000) knlGS:0000000000000000
00048 CS:  0010 DS: 0000 ES: 0000 CR0: 0000000080050033
00048 CR2: 000055bfb6079de0 CR3: 000000012eb83000 CR4: 0000000000750eb0
00048 PKRU: 55555554
00048 Call Trace:
00048  <TASK>
00048  ? select_collect2+0x170/0x170
00048  d_walk+0x298/0x450
00048  do_one_tree+0x37/0x140
00048  shrink_dcache_for_umount+0x7c/0x110
00048  generic_shutdown_super+0x6d/0x310
00048  kill_anon_super+0x3d/0x70
00048  deactivate_locked_super+0x99/0x100
00048  cleanup_mnt+0x3e6/0x460
00048  mntput_no_expire_slowpath+0x7c6/0x8c0
00048  ? osd_umount+0x108/0x260 [osd_wbcfs]
00048  osd_umount+0x108/0x260 [osd_wbcfs]
00048  osd_device_fini+0x11e/0x2a0 [osd_wbcfs]
00048  class_cleanup+0x1087/0x1a10 [obdclass]
00048  ? _raw_spin_unlock+0x23/0x40
00048  ? class_name2obd+0x168/0x1a0 [obdclass]
00048  class_process_config+0x1f22/0x7cb0 [obdclass]
00048  ? __kmalloc_noprof+0x21a/0x4a0
00048  ? __kasan_kmalloc+0x72/0x80
00048  ? class_manual_cleanup+0xf58/0x2040 [obdclass]
00048  class_manual_cleanup+0x10d5/0x2040 [obdclass]
00048  ? __queue_work+0xf3/0x9b0
00048  ? class_disconnect+0x607/0x9e0 [obdclass]
00048  osd_obd_disconnect+0x17e/0x310 [osd_wbcfs]
00048  obd_disconnect+0x171/0x470 [obdclass]
00048  lustre_put_lsi+0x2cd/0xab0 [obdclass]
00048  server_put_super+0x3aee/0x52e0 [ptlrpc]
00048  ? do_raw_spin_unlock+0x52/0x230
00048  ? _raw_spin_unlock+0x23/0x40
00048  generic_shutdown_super+0x105/0x310
00048  kill_anon_super+0x3d/0x70
00048  deactivate_locked_super+0x99/0x100
00048  cleanup_mnt+0x3e6/0x460
00048  task_work_run+0xfe/0x170
00048  exit_to_user_mode_loop+0x13a/0x470
00048  ? __x64_sys_umount+0x93/0xc0
00048  do_syscall_64+0x1a8/0x350
00048  entry_SYSCALL_64_after_hwframe+0x4b/0x53
00048 RIP: 0033:0x55bfb60790c6
00048 Code: 00 00 4c 89 ff 4c 89 ee 0f 05 48 3d 00 f0 ff ff 0f 86 8f 00 00 00 4c 8b 74 24 08 eb 19 b8 a6 00 00 00 4c 89 ff 4c 89 ee 0f 05 <48> 3d 00 f0 ff ff 0f 86 90 00 00 00 89 c1 f7 d9 89 4c 24 2c 83 c0
00048 RSP: 002b:00007fff2694b6f0 EFLAGS: 00000246 ORIG_RAX: 00000000000000a6
00048 RAX: 0000000000000000 RBX: 00007fff2694b918 RCX: 000055bfb60790c6
00048 RDX: 000000000000000f RSI: 0000000000000003 RDI: 000055bfb8c0cae0
00048 RBP: 8000000000000000 R08: 8080808080808080 R09: 0101010101010100
00048 R10: 0000000000000000 R11: 0000000000000246 R12: 00007fff2694b820
00048 R13: 0000000000000003 R14: 000000000000001b R15: 000055bfb8c0cae0
00048  </TASK>
00048 ---[ end trace 0000000000000000 ]---
00048 ------------[ cut here ]------------
00048 BUG: Dentry 00000000eb55590c{i=a000002,n=params}  still in use (1) [unmount of wbcfs wbcfs]
00048 WARNING: fs/dcache.c:1648 at umount_check+0x7c/0x1b0, CPU#12: lustre-ktest/1926
00048 Modules linked in: mgs(O) osd_wbcfs(O) lustre(O) obdecho(O) mgc(O) mdc(O) lov(O) osc(O) lmv(O) ec(O) fid(O) fld(O) ptlrpc(O) obdclass(O) ksocklnd(O) lnet(O) libcfs(O) efivarfs
00048 CPU: 12 UID: 0 PID: 1926 Comm: lustre-ktest Tainted: G        W  O        7.0.0-ktest-99864a1f70-20260618 #1 PREEMPT 
00048 Tainted: [W]=WARN, [O]=OOT_MODULE
00048 Hardware name: QEMU Standard PC (Q35 + ICH9, 2009), BIOS 2025.11-3ubuntu7 03/31/2026
00048 RIP: 0010:umount_check+0x157/0x1b0
00048 Code: 3c 28 00 74 08 4c 89 e7 e8 b6 62 f6 ff 4d 8b 0c 24 49 81 c6 38 06 00 00 48 8b 3c 24 48 89 de 4c 89 fa 48 89 d9 41 89 e8 41 56 <67> 48 0f b9 3a 48 83 c4 08 31 c0 48 83 c4 08 5b 41 5c 41 5d 41 5e
00048 RSP: 0018:ffffc90004e07528 EFLAGS: 00010282
00048 RAX: 1ffffffff42f9f28 RBX: ffff888131beb368 RCX: ffff888131beb368
00048 RDX: 000000000a000002 RSI: ffff888131beb368 RDI: ffffffff84022ec0
00048 RBP: 0000000000000001 R08: 0000000000000001 R09: ffffffffa17e1a40
00048 R10: dffffc0000000000 R11: fffff520009c0ea6 R12: ffffffffa17cf940
00048 R13: dffffc0000000000 R14: ffff88813e6ba638 R15: 000000000a000002
00048 FS:  00007f43a75097c0(0000) GS:ffff88831ea4a000(0000) knlGS:0000000000000000
00048 CS:  0010 DS: 0000 ES: 0000 CR0: 0000000080050033
00048 CR2: 000055bfb6079de0 CR3: 000000012eb83000 CR4: 0000000000750eb0
00048 PKRU: 55555554
00048 Call Trace:
00048  <TASK>
00048  ? select_collect2+0x170/0x170
00048  d_walk+0x298/0x450
00048  do_one_tree+0x37/0x140
00048  shrink_dcache_for_umount+0x7c/0x110
00048  generic_shutdown_super+0x6d/0x310
00048  kill_anon_super+0x3d/0x70
00048  deactivate_locked_super+0x99/0x100
00048  cleanup_mnt+0x3e6/0x460
00048  mntput_no_expire_slowpath+0x7c6/0x8c0
00048  ? osd_umount+0x108/0x260 [osd_wbcfs]
00048  osd_umount+0x108/0x260 [osd_wbcfs]
00048  osd_device_fini+0x11e/0x2a0 [osd_wbcfs]
00048  class_cleanup+0x1087/0x1a10 [obdclass]
00048  ? _raw_spin_unlock+0x23/0x40
00048  ? class_name2obd+0x168/0x1a0 [obdclass]
00048  class_process_config+0x1f22/0x7cb0 [obdclass]
00048  ? __kmalloc_noprof+0x21a/0x4a0
00048  ? __kasan_kmalloc+0x72/0x80
00048  ? class_manual_cleanup+0xf58/0x2040 [obdclass]
00048  class_manual_cleanup+0x10d5/0x2040 [obdclass]
00048  ? __queue_work+0xf3/0x9b0
00048  ? class_disconnect+0x607/0x9e0 [obdclass]
00048  osd_obd_disconnect+0x17e/0x310 [osd_wbcfs]
00048  obd_disconnect+0x171/0x470 [obdclass]
00048  lustre_put_lsi+0x2cd/0xab0 [obdclass]
00048  server_put_super+0x3aee/0x52e0 [ptlrpc]
00048  ? do_raw_spin_unlock+0x52/0x230
00048  ? _raw_spin_unlock+0x23/0x40
00048  generic_shutdown_super+0x105/0x310
00048  kill_anon_super+0x3d/0x70
00048  deactivate_locked_super+0x99/0x100
00048  cleanup_mnt+0x3e6/0x460
00048  task_work_run+0xfe/0x170
00048  exit_to_user_mode_loop+0x13a/0x470
00048  ? __x64_sys_umount+0x93/0xc0
00048  do_syscall_64+0x1a8/0x350
00048  entry_SYSCALL_64_after_hwframe+0x4b/0x53
00048 RIP: 0033:0x55bfb60790c6
00048 Code: 00 00 4c 89 ff 4c 89 ee 0f 05 48 3d 00 f0 ff ff 0f 86 8f 00 00 00 4c 8b 74 24 08 eb 19 b8 a6 00 00 00 4c 89 ff 4c 89 ee 0f 05 <48> 3d 00 f0 ff ff 0f 86 90 00 00 00 89 c1 f7 d9 89 4c 24 2c 83 c0
00048 RSP: 002b:00007fff2694b6f0 EFLAGS: 00000246 ORIG_RAX: 00000000000000a6
00048 RAX: 0000000000000000 RBX: 00007fff2694b918 RCX: 000055bfb60790c6
00048 RDX: 000000000000000f RSI: 0000000000000003 RDI: 000055bfb8c0cae0
00048 RBP: 8000000000000000 R08: 8080808080808080 R09: 0101010101010100
00048 R10: 0000000000000000 R11: 0000000000000246 R12: 00007fff2694b820
00048 R13: 0000000000000003 R14: 000000000000001b R15: 000055bfb8c0cae0
00048  </TASK>
00048 ---[ end trace 0000000000000000 ]---
00048 ------------[ cut here ]------------
00048 BUG: Dentry 00000000ae7ea24c{i=200000003000003,n=nodemap}  still in use (1) [unmount of wbcfs wbcfs]
00048 WARNING: fs/dcache.c:1648 at umount_check+0x7c/0x1b0, CPU#12: lustre-ktest/1926
00048 Modules linked in: mgs(O) osd_wbcfs(O) lustre(O) obdecho(O) mgc(O) mdc(O) lov(O) osc(O) lmv(O) ec(O) fid(O) fld(O) ptlrpc(O) obdclass(O) ksocklnd(O) lnet(O) libcfs(O) efivarfs
00048 CPU: 12 UID: 0 PID: 1926 Comm: lustre-ktest Tainted: G        W  O        7.0.0-ktest-99864a1f70-20260618 #1 PREEMPT 
00048 Tainted: [W]=WARN, [O]=OOT_MODULE
00048 Hardware name: QEMU Standard PC (Q35 + ICH9, 2009), BIOS 2025.11-3ubuntu7 03/31/2026
00048 RIP: 0010:umount_check+0x157/0x1b0
00048 Code: 3c 28 00 74 08 4c 89 e7 e8 b6 62 f6 ff 4d 8b 0c 24 49 81 c6 38 06 00 00 48 8b 3c 24 48 89 de 4c 89 fa 48 89 d9 41 89 e8 41 56 <67> 48 0f b9 3a 48 83 c4 08 31 c0 48 83 c4 08 5b 41 5c 41 5d 41 5e
00048 RSP: 0018:ffffc90004e07528 EFLAGS: 00010282
00048 RAX: 1ffffffff42f9f28 RBX: ffff888198a885e0 RCX: ffff888198a885e0
00048 RDX: 0200000003000003 RSI: ffff888198a885e0 RDI: ffffffff84022ec0
00048 RBP: 0000000000000001 R08: 0000000000000001 R09: ffffffffa17e1a40
00048 R10: dffffc0000000000 R11: fffff520009c0ea6 R12: ffffffffa17cf940
00048 R13: dffffc0000000000 R14: ffff88813e6ba638 R15: 0200000003000003
00048 FS:  00007f43a75097c0(0000) GS:ffff88831ea4a000(0000) knlGS:0000000000000000
00048 CS:  0010 DS: 0000 ES: 0000 CR0: 0000000080050033
00048 CR2: 000055bfb6079de0 CR3: 000000012eb83000 CR4: 0000000000750eb0
00048 PKRU: 55555554
00048 Call Trace:
00048  <TASK>
00048  ? select_collect2+0x170/0x170
00048  d_walk+0x298/0x450
00048  do_one_tree+0x37/0x140
00048  shrink_dcache_for_umount+0x7c/0x110
00048  generic_shutdown_super+0x6d/0x310
00048  kill_anon_super+0x3d/0x70
00048  deactivate_locked_super+0x99/0x100
00048  cleanup_mnt+0x3e6/0x460
00048  mntput_no_expire_slowpath+0x7c6/0x8c0
00048  ? osd_umount+0x108/0x260 [osd_wbcfs]
00048  osd_umount+0x108/0x260 [osd_wbcfs]
00048  osd_device_fini+0x11e/0x2a0 [osd_wbcfs]
00048  class_cleanup+0x1087/0x1a10 [obdclass]
00048  ? _raw_spin_unlock+0x23/0x40
00048  ? class_name2obd+0x168/0x1a0 [obdclass]
00048  class_process_config+0x1f22/0x7cb0 [obdclass]
00048  ? __kmalloc_noprof+0x21a/0x4a0
00048  ? __kasan_kmalloc+0x72/0x80
00048  ? class_manual_cleanup+0xf58/0x2040 [obdclass]
00048  class_manual_cleanup+0x10d5/0x2040 [obdclass]
00048  ? __queue_work+0xf3/0x9b0
00048  ? class_disconnect+0x607/0x9e0 [obdclass]
00048  osd_obd_disconnect+0x17e/0x310 [osd_wbcfs]
00048  obd_disconnect+0x171/0x470 [obdclass]
00048  lustre_put_lsi+0x2cd/0xab0 [obdclass]
00048  server_put_super+0x3aee/0x52e0 [ptlrpc]
00048  ? do_raw_spin_unlock+0x52/0x230
00048  ? _raw_spin_unlock+0x23/0x40
00048  generic_shutdown_super+0x105/0x310
00048  kill_anon_super+0x3d/0x70
00048  deactivate_locked_super+0x99/0x100
00048  cleanup_mnt+0x3e6/0x460
00048  task_work_run+0xfe/0x170
00048  exit_to_user_mode_loop+0x13a/0x470
00048  ? __x64_sys_umount+0x93/0xc0
00048  do_syscall_64+0x1a8/0x350
00048  entry_SYSCALL_64_after_hwframe+0x4b/0x53
00048 RIP: 0033:0x55bfb60790c6
00048 Code: 00 00 4c 89 ff 4c 89 ee 0f 05 48 3d 00 f0 ff ff 0f 86 8f 00 00 00 4c 8b 74 24 08 eb 19 b8 a6 00 00 00 4c 89 ff 4c 89 ee 0f 05 <48> 3d 00 f0 ff ff 0f 86 90 00 00 00 89 c1 f7 d9 89 4c 24 2c 83 c0
00048 RSP: 002b:00007fff2694b6f0 EFLAGS: 00000246 ORIG_RAX: 00000000000000a6
00048 RAX: 0000000000000000 RBX: 00007fff2694b918 RCX: 000055bfb60790c6
00048 RDX: 000000000000000f RSI: 0000000000000003 RDI: 000055bfb8c0cae0
00048 RBP: 8000000000000000 R08: 8080808080808080 R09: 0101010101010100
00048 R10: 0000000000000000 R11: 0000000000000246 R12: 00007fff2694b820
00048 R13: 0000000000000003 R14: 000000000000001b R15: 000055bfb8c0cae0
00048  </TASK>
00048 ---[ end trace 0000000000000000 ]---
00048 ------------[ cut here ]------------
00048 VFS: Busy inodes after unmount of wbcfs (wbcfs)
00048 WARNING: fs/super.c:656 at generic_shutdown_super+0x135/0x310, CPU#12: lustre-ktest/1926
00048 Modules linked in: mgs(O) osd_wbcfs(O) lustre(O) obdecho(O) mgc(O) mdc(O) lov(O) osc(O) lmv(O) ec(O) fid(O) fld(O) ptlrpc(O) obdclass(O) ksocklnd(O) lnet(O) libcfs(O) efivarfs
00048 CPU: 12 UID: 0 PID: 1926 Comm: lustre-ktest Tainted: G        W  O        7.0.0-ktest-99864a1f70-20260618 #1 PREEMPT 
00048 Tainted: [W]=WARN, [O]=OOT_MODULE
00048 Hardware name: QEMU Standard PC (Q35 + ICH9, 2009), BIOS 2025.11-3ubuntu7 03/31/2026
00048 RIP: 0010:generic_shutdown_super+0x17c/0x310
00048 Code: 06 00 00 4d 8b 6d 00 4c 89 e8 48 c1 e8 03 80 3c 28 00 74 0f 4c 89 ef e8 f2 29 fb ff 48 8d b3 38 06 00 00 49 8b 55 00 4c 89 ff <67> 48 0f b9 3a 4c 8d bb 80 08 00 00 4c 89 ff e8 a0 db 32 01 41 80
00048 RSP: 0018:ffffc90004e07628 EFLAGS: 00010246
00048 RAX: 1ffffffff42f9f28 RBX: ffff88813e6ba000 RCX: ffff8882a3236ac0
00048 RDX: ffffffffa17e1a40 RSI: ffff88813e6ba638 RDI: ffffffff84022360
00048 RBP: dffffc0000000000 R08: ffffffff83dd7a13 R09: 1ffffffff07baf42
00048 R10: dffffc0000000000 R11: fffffbfff07baf43 R12: 1ffff11027cd7518
00048 R13: ffffffffa17cf940 R14: ffff88813e6ba8c0 R15: ffffffff84022360
00048 FS:  00007f43a75097c0(0000) GS:ffff88831ea4a000(0000) knlGS:0000000000000000
00048 CS:  0010 DS: 0000 ES: 0000 CR0: 0000000080050033
00048 CR2: 000055bfb6079de0 CR3: 000000012eb83000 CR4: 0000000000750eb0
00048 PKRU: 55555554
00048 Call Trace:
00048  <TASK>
00048  kill_anon_super+0x3d/0x70
00048  deactivate_locked_super+0x99/0x100
00048  cleanup_mnt+0x3e6/0x460
00048  mntput_no_expire_slowpath+0x7c6/0x8c0
00048  ? osd_umount+0x108/0x260 [osd_wbcfs]
00048  osd_umount+0x108/0x260 [osd_wbcfs]
00048  osd_device_fini+0x11e/0x2a0 [osd_wbcfs]
00048  class_cleanup+0x1087/0x1a10 [obdclass]
00048  ? _raw_spin_unlock+0x23/0x40
00048  ? class_name2obd+0x168/0x1a0 [obdclass]
00048  class_process_config+0x1f22/0x7cb0 [obdclass]
00048  ? __kmalloc_noprof+0x21a/0x4a0
00048  ? __kasan_kmalloc+0x72/0x80
00048  ? class_manual_cleanup+0xf58/0x2040 [obdclass]
00048  class_manual_cleanup+0x10d5/0x2040 [obdclass]
00048  ? __queue_work+0xf3/0x9b0
00048  ? class_disconnect+0x607/0x9e0 [obdclass]
00048  osd_obd_disconnect+0x17e/0x310 [osd_wbcfs]
00048  obd_disconnect+0x171/0x470 [obdclass]
00048  lustre_put_lsi+0x2cd/0xab0 [obdclass]
00048  server_put_super+0x3aee/0x52e0 [ptlrpc]
00048  ? do_raw_spin_unlock+0x52/0x230
00048  ? _raw_spin_unlock+0x23/0x40
00048  generic_shutdown_super+0x105/0x310
00048  kill_anon_super+0x3d/0x70
00048  deactivate_locked_super+0x99/0x100
00048  cleanup_mnt+0x3e6/0x460
00048  task_work_run+0xfe/0x170
00048  exit_to_user_mode_loop+0x13a/0x470
00048  ? __x64_sys_umount+0x93/0xc0
00048  do_syscall_64+0x1a8/0x350
00048  entry_SYSCALL_64_after_hwframe+0x4b/0x53
00048 RIP: 0033:0x55bfb60790c6
00048 Code: 00 00 4c 89 ff 4c 89 ee 0f 05 48 3d 00 f0 ff ff 0f 86 8f 00 00 00 4c 8b 74 24 08 eb 19 b8 a6 00 00 00 4c 89 ff 4c 89 ee 0f 05 <48> 3d 00 f0 ff ff 0f 86 90 00 00 00 89 c1 f7 d9 89 4c 24 2c 83 c0
00048 RSP: 002b:00007fff2694b6f0 EFLAGS: 00000246 ORIG_RAX: 00000000000000a6
00048 RAX: 0000000000000000 RBX: 00007fff2694b918 RCX: 000055bfb60790c6
00048 RDX: 000000000000000f RSI: 0000000000000003 RDI: 000055bfb8c0cae0
00048 RBP: 8000000000000000 R08: 8080808080808080 R09: 0101010101010100
00048 R10: 0000000000000000 R11: 0000000000000246 R12: 00007fff2694b820
00048 R13: 0000000000000003 R14: 000000000000001b R15: 000055bfb8c0cae0
00048  </TASK>
00048 ---[ end trace 0000000000000000 ]---
00048 Lustre: server umount MGS0000 complete
00048 
00048 Removed directory: /mnt/lustre-D7usuJ-MGS0000
00048 Error 1 at /host/home/ktest/ktest/tests/prelude.sh 348 from: grep -E -q -e "kernel BUG at" -e "WARNING:" -e "\bBUG:" -e "Oops:" -e "possible recursive locking detected" -e "Internal error" -e "(INFO|ERR): suspicious RCU usage" -e "INFO: possible circular locking dependency detected" -e "general protection fault:" -e "BUG .* remaining" -e "UBSAN:", exiting
00048 Error 1 at /host/home/ktest/ktest/tests/prelude.sh 367 from: ( set -e; run_test $i ), exiting
00048 
00048 ========= FAILED mgs-setup in 11s
00048 
00048 Passed: 
00048 Failed: mgs-setup
00048 Error 1 at /host/home/ktest/ktest/tests/prelude.sh 474 from: return ${#tests_failed[@]}, exiting
00048 Error 1 at /host//home/ktest/ktest/tests/fs/lustre/mgs-setup.ktest 34 from: return ${#tests_failed[@]}, exiting
00048 NOTICE: Automounting of tracing to debugfs is deprecated and will be removed in 2030
00048 Kernel version: 7.0.0-ktest-99864a1f70-20260618
00048 TEST FAILED
Error 1 at /home/ktest/ktest/lib/libktest.sh 588 from: "$ktest_dir/lib/supervisor" -S -F -T "$ktest_timeout" -b "$test_basename" -o "$test_logdir" -f "$test_basename.$(date -Iseconds).log" -- "${qemu_cmd[@]}", exiting
Error 1 at ./qlkbuild 187 from: "$ktest_dir/lib/supervisor" -S -F -T "$ktest_timeout" -b "$test_basename" -o "$test_logdir" -f "$test_basename.$(date -Iseconds).log" -- "${qemu_cmd[@]}", exiting
Error 1 at ./qlkbuild 916 from: "$ktest_dir/lib/supervisor" -S -F -T "$ktest_timeout" -b "$test_basename" -o "$test_logdir" -f "$test_basename.$(date -Iseconds).log" -- "${qemu_cmd[@]}", exiting
