CLI: ./podman-ktest --podman-socket unix:///run/podman/podman.sock --shared-filesystem /tmp --tarball-input job lustre-ci --output /var/www/ci-lustre/upstream-patch-review --git-hash 99864a1f709e0e2050339e8c8bf3aa96b09e34b0 --change-id 62643_99864a1f709e0e2050339e8c8bf3aa96b09e34b0 --subject LU-12668 ec: Add lfs mirror verify support for ec comps

  Checking /dev/kvm exists... OK
  Checking /dev/kvm permissions... OK
  Creating ccache directory... OK
  Checking ccache directory writable... OK
  Creating package output directory... OK

Environment validated successfully
Creating kernel tarball at /tmp/ktest-kernel.tar.gz...
Creating lustre tarball at /tmp/ktest-lustre.tar.gz...
Creating ZFS tarball at /tmp/ktest-zfs.tar.gz...
Executing 13 jobs
Jobs will start as soon as their dependencies are satisfied
Using tarball input mode

START checkpatch tool checkpatch
START al2023 build tests/fs/lustre/boot.ktest
START lustre_mainline build tests/fs/lustre/boot.ktest
START u24 build tests/fs/lustre/boot.ktest
START lustre_mainline_strict build tests/fs/lustre/boot-strict.ktest
START lustre_mainline_native build tests/fs/lustre/boot.ktest
PUT /tmp/ktest-lustre.tar.gz 1s
PUT /tmp/ktest-lustre.tar.gz 1s
PUT /tmp/ktest-kernel.tar.gz 6s
PUT /tmp/ktest-kernel.tar.gz 6s
PUT /tmp/ktest-kernel.tar.gz 6s
PUT /tmp/ktest-kernel.tar.gz 6s
PUT /tmp/ktest-lustre.tar.gz 4s
PUT /tmp/ktest-lustre.tar.gz 4s
PUT /tmp/ktest-lustre.tar.gz 3s
PUT /tmp/ktest-lustre.tar.gz 3s
PUT /tmp/ktest-zfs.tar.gz 0s
PUT /tmp/ktest-zfs.tar.gz 0s
PUT /tmp/ktest-zfs.tar.gz 0s
END checkpatch tool checkpatch FAIL 13s (exit code: 1)
END al2023 build tests/fs/lustre/boot.ktest PASS 58s
END u24 build tests/fs/lustre/boot.ktest PASS 69s
GET /tmp/ktest_lustre_mainline_strict_d1e8hqdc.tar 6s
END lustre_mainline_strict build tests/fs/lustre/boot-strict.ktest FAIL 174s (exit code: 1)
GET /tmp/ktest_lustre_mainline_native_80gq6kma.tar 0s
GET /tmp/ktest_lustre_mainline_a_su6drj.tar 0s
END lustre_mainline_native build tests/fs/lustre/boot.ktest PASS 188s
START boot run tests/fs/lustre/boot.ktest
START llmount run tests/fs/lustre/llmount.ktest
START mgs-setup run tests/fs/lustre/mgs-setup.ktest
START sanity-1 run tests/fs/lustre/sanity/sanity-1.ktest
START sanity-2 run tests/fs/lustre/sanity/sanity-2.ktest
START sanity-3 run tests/fs/lustre/sanity/sanity-3.ktest
START sanity-4 run tests/fs/lustre/sanity/sanity-4.ktest
END lustre_mainline build tests/fs/lustre/boot.ktest PASS 189s
PUT /tmp/ktest-kernel.tar.gz 34s
PUT /tmp/ktest-kernel.tar.gz 33s
PUT /tmp/ktest-kernel.tar.gz 34s
PUT /tmp/ktest-kernel.tar.gz 33s
PUT /tmp/ktest-kernel.tar.gz 34s
PUT /tmp/ktest-kernel.tar.gz 34s
PUT /tmp/ktest-kernel.tar.gz 34s
PUT /tmp/ktest-lustre.tar.gz 5s
PUT /tmp/ktest-lustre.tar.gz 5s
PUT /tmp/ktest-lustre.tar.gz 5s
PUT /tmp/ktest-lustre.tar.gz 5s
PUT /tmp/ktest-lustre.tar.gz 5s
PUT /tmp/ktest-lustre.tar.gz 6s
PUT /tmp/ktest-lustre.tar.gz 5s
PUT /tmp/ktest_lustre_mainline_native_80gq6kma.tar 0s
PUT /tmp/ktest_lustre_mainline_native_80gq6kma.tar 0s
PUT /tmp/ktest_lustre_mainline_native_80gq6kma.tar 0s
PUT /tmp/ktest_lustre_mainline_native_80gq6kma.tar 0s
PUT /tmp/ktest_lustre_mainline_native_80gq6kma.tar 0s
PUT /tmp/ktest_lustre_mainline_native_80gq6kma.tar 0s
PUT /tmp/ktest_lustre_mainline_native_80gq6kma.tar 0s
END boot run tests/fs/lustre/boot.ktest PASS 82s
END mgs-setup run tests/fs/lustre/mgs-setup.ktest PASS 91s
END sanity-2 run tests/fs/lustre/sanity/sanity-2.ktest PASS 119s
END sanity-1 run tests/fs/lustre/sanity/sanity-1.ktest PASS 120s
END llmount run tests/fs/lustre/llmount.ktest PASS 131s
END sanity-4 run tests/fs/lustre/sanity/sanity-4.ktest PASS 132s
END sanity-3 run tests/fs/lustre/sanity/sanity-3.ktest PASS 133s

============================================================
Final Results:
  checkpatch: FAIL (13s) (log: /var/www/ci-lustre/upstream-patch-review/99864a1f709e0e2050339e8c8bf3aa96b09e34b0_checkpatch.log)
  u24: PASS (69s) (log: /var/www/ci-lustre/upstream-patch-review/99864a1f709e0e2050339e8c8bf3aa96b09e34b0_u24.log)
  al2023: PASS (58s) (log: /var/www/ci-lustre/upstream-patch-review/99864a1f709e0e2050339e8c8bf3aa96b09e34b0_al2023.log)
  lustre_mainline_strict: FAIL (174s) (log: /var/www/ci-lustre/upstream-patch-review/99864a1f709e0e2050339e8c8bf3aa96b09e34b0_lustre_mainline_strict.log)
  lustre_mainline: PASS (189s) (log: /var/www/ci-lustre/upstream-patch-review/99864a1f709e0e2050339e8c8bf3aa96b09e34b0_lustre_mainline.log)
  lustre_mainline_native: PASS (188s) (log: /var/www/ci-lustre/upstream-patch-review/99864a1f709e0e2050339e8c8bf3aa96b09e34b0_lustre_mainline_native.log)
  boot: PASS (82s) (log: /var/www/ci-lustre/upstream-patch-review/99864a1f709e0e2050339e8c8bf3aa96b09e34b0_boot.log)
  llmount: PASS (131s) (log: /var/www/ci-lustre/upstream-patch-review/99864a1f709e0e2050339e8c8bf3aa96b09e34b0_llmount.log)
  mgs-setup: PASS (91s) (log: /var/www/ci-lustre/upstream-patch-review/99864a1f709e0e2050339e8c8bf3aa96b09e34b0_mgs-setup.log)
  sanity-1: PASS (120s) (log: /var/www/ci-lustre/upstream-patch-review/99864a1f709e0e2050339e8c8bf3aa96b09e34b0_sanity-1.log)
  sanity-2: PASS (119s) (log: /var/www/ci-lustre/upstream-patch-review/99864a1f709e0e2050339e8c8bf3aa96b09e34b0_sanity-2.log)
  sanity-3: PASS (133s) (log: /var/www/ci-lustre/upstream-patch-review/99864a1f709e0e2050339e8c8bf3aa96b09e34b0_sanity-3.log)
  sanity-4: PASS (132s) (log: /var/www/ci-lustre/upstream-patch-review/99864a1f709e0e2050339e8c8bf3aa96b09e34b0_sanity-4.log)

Total execution time: 349s
