WARNING:FILE_PATH_CHANGES: added, moved or deleted file(s), does MAINTAINERS need updating?
#14: 
new file mode 100644

ERROR:TRAILING_WHITESPACE: trailing whitespace
#82: FILE: ldiskfs/kernel_patches/patches/rhel10.2/ext4-add-fstrim-mount-option.patch:64:
+ $

ERROR:TRAILING_WHITESPACE: trailing whitespace
#90: FILE: ldiskfs/kernel_patches/patches/rhel10.2/ext4-add-fstrim-mount-option.patch:72:
+ $

ERROR:TRAILING_WHITESPACE: trailing whitespace
#95: FILE: ldiskfs/kernel_patches/patches/rhel10.2/ext4-add-fstrim-mount-option.patch:77:
+ $

ERROR:TRAILING_WHITESPACE: trailing whitespace
#103: FILE: ldiskfs/kernel_patches/patches/rhel10.2/ext4-add-fstrim-mount-option.patch:85:
+ $

ERROR:TRAILING_WHITESPACE: trailing whitespace
#122: FILE: ldiskfs/kernel_patches/patches/rhel10.2/ext4-add-fstrim-mount-option.patch:104:
+ $

ERROR:TRAILING_WHITESPACE: trailing whitespace
#148: FILE: ldiskfs/kernel_patches/patches/rhel10.2/ext4-add-fstrim-mount-option.patch:130:
+ $

ERROR:TRAILING_WHITESPACE: trailing whitespace
#157: FILE: ldiskfs/kernel_patches/patches/rhel10.2/ext4-add-fstrim-mount-option.patch:139:
+ $

ERROR:TRAILING_WHITESPACE: trailing whitespace
#183: FILE: ldiskfs/kernel_patches/patches/rhel10.2/ext4-add-fstrim-mount-option.patch:165:
+ $

ERROR:TRAILING_WHITESPACE: trailing whitespace
#185: FILE: ldiskfs/kernel_patches/patches/rhel10.2/ext4-add-fstrim-mount-option.patch:167:
+ $

ERROR:TRAILING_WHITESPACE: trailing whitespace
#191: FILE: ldiskfs/kernel_patches/patches/rhel10.2/ext4-add-fstrim-mount-option.patch:173:
+ $

ERROR:TRAILING_WHITESPACE: trailing whitespace
#200: FILE: ldiskfs/kernel_patches/patches/rhel10.2/ext4-add-fstrim-mount-option.patch:182:
+ $

ERROR:TRAILING_WHITESPACE: trailing whitespace
#220: FILE: ldiskfs/kernel_patches/patches/rhel10.2/ext4-add-fstrim-mount-option.patch:202:
+ $

ERROR:TRAILING_WHITESPACE: trailing whitespace
#251: FILE: ldiskfs/kernel_patches/patches/rhel10.2/ext4-add-fstrim-mount-option.patch:233:
+ $

ERROR:TRAILING_WHITESPACE: trailing whitespace
#255: FILE: ldiskfs/kernel_patches/patches/rhel10.2/ext4-add-fstrim-mount-option.patch:237:
+ $

ERROR:TRAILING_WHITESPACE: trailing whitespace
#257: FILE: ldiskfs/kernel_patches/patches/rhel10.2/ext4-add-fstrim-mount-option.patch:239:
+ $

ERROR:TRAILING_WHITESPACE: trailing whitespace
#267: FILE: ldiskfs/kernel_patches/patches/rhel10.2/ext4-add-fstrim-mount-option.patch:249:
+ $

ERROR:TRAILING_WHITESPACE: trailing whitespace
#286: FILE: ldiskfs/kernel_patches/patches/rhel10.2/ext4-add-fstrim-mount-option.patch:268:
+ $

ERROR:TRAILING_WHITESPACE: trailing whitespace
#291: FILE: ldiskfs/kernel_patches/patches/rhel10.2/ext4-add-fstrim-mount-option.patch:273:
+ $

ERROR:TRAILING_WHITESPACE: trailing whitespace
#329: FILE: ldiskfs/kernel_patches/patches/rhel10.2/ext4-add-fstrim-mount-option.patch:311:
+ $

ERROR:TRAILING_WHITESPACE: trailing whitespace
#334: FILE: ldiskfs/kernel_patches/patches/rhel10.2/ext4-add-fstrim-mount-option.patch:316:
+ $

ERROR:TRAILING_WHITESPACE: trailing whitespace
#451: FILE: ldiskfs/kernel_patches/patches/rhel10.2/ext4-add-fstrim-mount-option.patch:433:
+ $

ERROR:TRAILING_WHITESPACE: trailing whitespace
#460: FILE: ldiskfs/kernel_patches/patches/rhel10.2/ext4-add-fstrim-mount-option.patch:442:
+ $

ERROR:TRAILING_WHITESPACE: trailing whitespace
#474: FILE: ldiskfs/kernel_patches/patches/rhel10.2/ext4-add-fstrim-mount-option.patch:456:
+ $

ERROR:TRAILING_WHITESPACE: trailing whitespace
#481: FILE: ldiskfs/kernel_patches/patches/rhel10.2/ext4-add-fstrim-mount-option.patch:463:
+ $

ERROR:TRAILING_WHITESPACE: trailing whitespace
#487: FILE: ldiskfs/kernel_patches/patches/rhel10.2/ext4-add-fstrim-mount-option.patch:469:
+ $

ERROR:TRAILING_WHITESPACE: trailing whitespace
#520: FILE: ldiskfs/kernel_patches/patches/rhel10.2/ext4-add-fstrim-mount-option.patch:502:
+-- $

ERROR:TRAILING_WHITESPACE: trailing whitespace
#574: FILE: ldiskfs/kernel_patches/patches/rhel10.2/ext4-dirdata-lustre-compat.patch:48:
+ $

ERROR:TRAILING_WHITESPACE: trailing whitespace
#578: FILE: ldiskfs/kernel_patches/patches/rhel10.2/ext4-dirdata-lustre-compat.patch:52:
+ $

ERROR:TRAILING_WHITESPACE: trailing whitespace
#583: FILE: ldiskfs/kernel_patches/patches/rhel10.2/ext4-dirdata-lustre-compat.patch:57:
+ $

ERROR:TRAILING_WHITESPACE: trailing whitespace
#597: FILE: ldiskfs/kernel_patches/patches/rhel10.2/ext4-dirdata-lustre-compat.patch:71:
+ $

ERROR:TRAILING_WHITESPACE: trailing whitespace
#610: FILE: ldiskfs/kernel_patches/patches/rhel10.2/ext4-dirdata-lustre-compat.patch:84:
+ $

ERROR:TRAILING_WHITESPACE: trailing whitespace
#618: FILE: ldiskfs/kernel_patches/patches/rhel10.2/ext4-dirdata-lustre-compat.patch:92:
+ $

ERROR:TRAILING_WHITESPACE: trailing whitespace
#625: FILE: ldiskfs/kernel_patches/patches/rhel10.2/ext4-dirdata-lustre-compat.patch:99:
+ $

ERROR:TRAILING_WHITESPACE: trailing whitespace
#627: FILE: ldiskfs/kernel_patches/patches/rhel10.2/ext4-dirdata-lustre-compat.patch:101:
+ $

ERROR:TRAILING_WHITESPACE: trailing whitespace
#637: FILE: ldiskfs/kernel_patches/patches/rhel10.2/ext4-dirdata-lustre-compat.patch:111:
+ $

ERROR:TRAILING_WHITESPACE: trailing whitespace
#641: FILE: ldiskfs/kernel_patches/patches/rhel10.2/ext4-dirdata-lustre-compat.patch:115:
+ $

ERROR:TRAILING_WHITESPACE: trailing whitespace
#647: FILE: ldiskfs/kernel_patches/patches/rhel10.2/ext4-dirdata-lustre-compat.patch:121:
+ $

ERROR:TRAILING_WHITESPACE: trailing whitespace
#650: FILE: ldiskfs/kernel_patches/patches/rhel10.2/ext4-dirdata-lustre-compat.patch:124:
+ $

ERROR:TRAILING_WHITESPACE: trailing whitespace
#657: FILE: ldiskfs/kernel_patches/patches/rhel10.2/ext4-dirdata-lustre-compat.patch:131:
+ $

ERROR:TRAILING_WHITESPACE: trailing whitespace
#688: FILE: ldiskfs/kernel_patches/patches/rhel10.2/ext4-dirdata-lustre-compat.patch:162:
+ $

ERROR:TRAILING_WHITESPACE: trailing whitespace
#715: FILE: ldiskfs/kernel_patches/patches/rhel10.2/ext4-dirdata-lustre-compat.patch:189:
+-- $

total: 41 errors, 1 warnings, 1256 lines checked

NOTE: For some of the reported defects, checkpatch may be able to
      mechanically convert to the typical style using --fix or --fix-inplace.

NOTE: Whitespace errors detected.
      You may wish to use scripts/cleanpatch or scripts/cleanfile

Your patch has style problems, please review.

NOTE: If any of the errors are false positives, please report
      them to the maintainer, see CHECKPATCH in MAINTAINERS.
