CLI: ./podman-ktest --podman-socket unix:///run/podman/podman.sock --shared-filesystem /tmp --tarball-input job lustre-ci --output /var/www/ci-lustre/upstream-patch-review --git-hash 9a5af2d5d43bd5c42574a0d52ab57f2fda87bb38 --change-id 66839_9a5af2d5d43bd5c42574a0d52ab57f2fda87bb38 --subject LU-20418 build: Move core pre-v6.1 checks to ksym checks

  Checking /dev/kvm exists... OK
  Checking /dev/kvm permissions... OK
  Creating ccache directory... OK
  Checking ccache directory writable... OK
  Creating package output directory... OK

Environment validated successfully
Creating kernel tarball at /tmp/ktest-kernel.tar.gz...
Creating lustre tarball at /tmp/ktest-lustre.tar.gz...
Creating ZFS tarball at /tmp/ktest-zfs.tar.gz...
Executing 13 jobs
Jobs will start as soon as their dependencies are satisfied
Using tarball input mode

START al2023 build tests/fs/lustre/boot.ktest
START checkpatch tool checkpatch
START lustre_mainline_strict build tests/fs/lustre/boot-strict.ktest
START lustre_mainline build tests/fs/lustre/boot.ktest
START u24 build tests/fs/lustre/boot.ktest
START lustre_mainline_native build tests/fs/lustre/boot.ktest
PUT /tmp/ktest-lustre.tar.gz 1s
PUT /tmp/ktest-lustre.tar.gz 1s
PUT /tmp/ktest-kernel.tar.gz 6s
PUT /tmp/ktest-kernel.tar.gz 6s
PUT /tmp/ktest-kernel.tar.gz 6s
PUT /tmp/ktest-kernel.tar.gz 7s
PUT /tmp/ktest-lustre.tar.gz 1s
PUT /tmp/ktest-lustre.tar.gz 1s
PUT /tmp/ktest-lustre.tar.gz 1s
PUT /tmp/ktest-lustre.tar.gz 1s
PUT /tmp/ktest-zfs.tar.gz 0s
PUT /tmp/ktest-zfs.tar.gz 0s
PUT /tmp/ktest-zfs.tar.gz 0s
END checkpatch tool checkpatch FAIL 12s (exit code: 1)
END al2023 build tests/fs/lustre/boot.ktest PASS 48s
END u24 build tests/fs/lustre/boot.ktest PASS 50s
GET /tmp/ktest_lustre_mainline_native_t2ktttxm.tar 0s
GET /tmp/ktest_lustre_mainline_2n6ngdtk.tar 0s
GET /tmp/ktest_lustre_mainline_strict_1mbqtiqg.tar 5s
END lustre_mainline_native build tests/fs/lustre/boot.ktest PASS 167s
START boot run tests/fs/lustre/boot.ktest
START llmount run tests/fs/lustre/llmount.ktest
START mgs-setup run tests/fs/lustre/mgs-setup.ktest
START sanity-1 run tests/fs/lustre/sanity/sanity-1.ktest
START sanity-2 run tests/fs/lustre/sanity/sanity-2.ktest
START sanity-3 run tests/fs/lustre/sanity/sanity-3.ktest
START sanity-4 run tests/fs/lustre/sanity/sanity-4.ktest
END lustre_mainline_strict build tests/fs/lustre/boot-strict.ktest FAIL 168s (exit code: 1)
END lustre_mainline build tests/fs/lustre/boot.ktest PASS 169s
PUT /tmp/ktest-kernel.tar.gz 10s
PUT /tmp/ktest-kernel.tar.gz 10s
PUT /tmp/ktest-kernel.tar.gz 10s
PUT /tmp/ktest-kernel.tar.gz 10s
PUT /tmp/ktest-kernel.tar.gz 10s
PUT /tmp/ktest-kernel.tar.gz 10s
PUT /tmp/ktest-kernel.tar.gz 10s
PUT /tmp/ktest-lustre.tar.gz 4s
PUT /tmp/ktest-lustre.tar.gz 4s
PUT /tmp/ktest-lustre.tar.gz 4s
PUT /tmp/ktest-lustre.tar.gz 3s
PUT /tmp/ktest-lustre.tar.gz 4s
PUT /tmp/ktest-lustre.tar.gz 4s
PUT /tmp/ktest-lustre.tar.gz 4s
PUT /tmp/ktest_lustre_mainline_native_t2ktttxm.tar 0s
PUT /tmp/ktest_lustre_mainline_native_t2ktttxm.tar 0s
PUT /tmp/ktest_lustre_mainline_native_t2ktttxm.tar 0s
PUT /tmp/ktest_lustre_mainline_native_t2ktttxm.tar 0s
PUT /tmp/ktest_lustre_mainline_native_t2ktttxm.tar 0s
PUT /tmp/ktest_lustre_mainline_native_t2ktttxm.tar 0s
PUT /tmp/ktest_lustre_mainline_native_t2ktttxm.tar 0s
END boot run tests/fs/lustre/boot.ktest PASS 58s
END mgs-setup run tests/fs/lustre/mgs-setup.ktest PASS 67s
END sanity-1 run tests/fs/lustre/sanity/sanity-1.ktest PASS 96s
END sanity-2 run tests/fs/lustre/sanity/sanity-2.ktest PASS 98s
END sanity-4 run tests/fs/lustre/sanity/sanity-4.ktest PASS 99s
END sanity-3 run tests/fs/lustre/sanity/sanity-3.ktest PASS 100s
END llmount run tests/fs/lustre/llmount.ktest PASS 107s

============================================================
Final Results:
  checkpatch: FAIL (12s) (log: /var/www/ci-lustre/upstream-patch-review/9a5af2d5d43bd5c42574a0d52ab57f2fda87bb38_checkpatch.log)
  u24: PASS (50s) (log: /var/www/ci-lustre/upstream-patch-review/9a5af2d5d43bd5c42574a0d52ab57f2fda87bb38_u24.log)
  al2023: PASS (48s) (log: /var/www/ci-lustre/upstream-patch-review/9a5af2d5d43bd5c42574a0d52ab57f2fda87bb38_al2023.log)
  lustre_mainline_strict: FAIL (168s) (log: /var/www/ci-lustre/upstream-patch-review/9a5af2d5d43bd5c42574a0d52ab57f2fda87bb38_lustre_mainline_strict.log)
  lustre_mainline: PASS (169s) (log: /var/www/ci-lustre/upstream-patch-review/9a5af2d5d43bd5c42574a0d52ab57f2fda87bb38_lustre_mainline.log)
  lustre_mainline_native: PASS (167s) (log: /var/www/ci-lustre/upstream-patch-review/9a5af2d5d43bd5c42574a0d52ab57f2fda87bb38_lustre_mainline_native.log)
  boot: PASS (58s) (log: /var/www/ci-lustre/upstream-patch-review/9a5af2d5d43bd5c42574a0d52ab57f2fda87bb38_boot.log)
  llmount: PASS (107s) (log: /var/www/ci-lustre/upstream-patch-review/9a5af2d5d43bd5c42574a0d52ab57f2fda87bb38_llmount.log)
  mgs-setup: PASS (67s) (log: /var/www/ci-lustre/upstream-patch-review/9a5af2d5d43bd5c42574a0d52ab57f2fda87bb38_mgs-setup.log)
  sanity-1: PASS (96s) (log: /var/www/ci-lustre/upstream-patch-review/9a5af2d5d43bd5c42574a0d52ab57f2fda87bb38_sanity-1.log)
  sanity-2: PASS (98s) (log: /var/www/ci-lustre/upstream-patch-review/9a5af2d5d43bd5c42574a0d52ab57f2fda87bb38_sanity-2.log)
  sanity-3: PASS (100s) (log: /var/www/ci-lustre/upstream-patch-review/9a5af2d5d43bd5c42574a0d52ab57f2fda87bb38_sanity-3.log)
  sanity-4: PASS (99s) (log: /var/www/ci-lustre/upstream-patch-review/9a5af2d5d43bd5c42574a0d52ab57f2fda87bb38_sanity-4.log)

Total execution time: 302s
