CLI: ./podman-ktest --podman-socket unix:///run/podman/podman.sock --shared-filesystem /tmp --tarball-input job lustre-ci --output /var/www/ci-lustre/upstream-patch-review --git-hash 9af10ffe05c85e41ad0b3579bb56ef61f2c07b1c --change-id 67110_9af10ffe05c85e41ad0b3579bb56ef61f2c07b1c --subject LU-19179 build: fix warning in checkpatch spelling.txt

Environment validated successfully
Creating kernel tarball at /tmp/ktest-kernel.tar.gz...
Creating lustre tarball at /tmp/ktest-lustre.tar.gz...
Creating ZFS tarball at /tmp/ktest-zfs.tar.gz...
Executing 14 jobs
Jobs will start as soon as their dependencies are satisfied
Using tarball input mode

START ml-strict:lustre_mainline build tests/fs/lustre/boot-strict.ktest
START al2023:al2023 build tests/fs/lustre/boot.ktest
START ml-miscvm:lustre_mainline_native build tests/fs/lustre/boot.ktest
START checkpatch:checkpatch tool checkpatch
START u24:u24 build tests/fs/lustre/boot.ktest
START ml:lustre_mainline build tests/fs/lustre/boot.ktest
PUT /tmp/ktest-lustre.tar.gz 1s
PUT /tmp/ktest-lustre.tar.gz 1s
PUT /tmp/ktest-kernel.tar.gz 13s
PUT /tmp/ktest-kernel.tar.gz 13s
PUT /tmp/ktest-kernel.tar.gz 13s
PUT /tmp/ktest-kernel.tar.gz 13s
PUT /tmp/ktest-lustre.tar.gz 2s
PUT /tmp/ktest-lustre.tar.gz 2s
PUT /tmp/ktest-lustre.tar.gz 2s
PUT /tmp/ktest-lustre.tar.gz 2s
PUT /tmp/ktest-zfs.tar.gz 0s
PUT /tmp/ktest-zfs.tar.gz 0s
PUT /tmp/ktest-zfs.tar.gz 0s
END checkpatch:checkpatch tool checkpatch PASS 18s
END al2023:al2023 build tests/fs/lustre/boot.ktest PASS 61s
END u24:u24 build tests/fs/lustre/boot.ktest PASS 61s
GET /tmp/ktest_ml:lustre_mainline_sjwa8m_f.tar 0s
GET /tmp/ktest_ml-miscvm:lustre_mainline_native_695wzvw2.tar 0s
GET /tmp/ktest_ml-strict:lustre_mainline_wqj9zysv.tar 4s
END ml:lustre_mainline build tests/fs/lustre/boot.ktest PASS 196s
END ml-miscvm:lustre_mainline_native build tests/fs/lustre/boot.ktest PASS 197s
START ml-miscvm:boot run tests/fs/lustre/boot.ktest
START ml-miscvm:llmount run tests/fs/lustre/llmount.ktest
START ml-miscvm:llog-unit run tests/fs/lustre/llog-unit.ktest
START ml-miscvm:mgs-setup run tests/fs/lustre/mgs-setup.ktest
START ml-miscvm:sanity-1 run tests/fs/lustre/sanity/sanity-1.ktest
START ml-miscvm:sanity-2 run tests/fs/lustre/sanity/sanity-2.ktest
START ml-miscvm:sanity-3 run tests/fs/lustre/sanity/sanity-3.ktest
START ml-miscvm:sanity-4 run tests/fs/lustre/sanity/sanity-4.ktest
END ml-strict:lustre_mainline build tests/fs/lustre/boot-strict.ktest FAIL 199s (exit code: 1)
PUT /tmp/ktest-kernel.tar.gz 35s
PUT /tmp/ktest-kernel.tar.gz 36s
PUT /tmp/ktest-kernel.tar.gz 35s
PUT /tmp/ktest-kernel.tar.gz 34s
PUT /tmp/ktest-kernel.tar.gz 35s
PUT /tmp/ktest-kernel.tar.gz 36s
PUT /tmp/ktest-kernel.tar.gz 35s
PUT /tmp/ktest-kernel.tar.gz 35s
PUT /tmp/ktest-lustre.tar.gz 11s
PUT /tmp/ktest-lustre.tar.gz 12s
PUT /tmp/ktest-lustre.tar.gz 11s
PUT /tmp/ktest-lustre.tar.gz 12s
PUT /tmp/ktest-lustre.tar.gz 11s
PUT /tmp/ktest-lustre.tar.gz 12s
PUT /tmp/ktest-lustre.tar.gz 12s
PUT /tmp/ktest-lustre.tar.gz 12s
PUT /tmp/ktest_ml-miscvm:lustre_mainline_native_695wzvw2.tar 0s
PUT /tmp/ktest_ml-miscvm:lustre_mainline_native_695wzvw2.tar 1s
PUT /tmp/ktest_ml-miscvm:lustre_mainline_native_695wzvw2.tar 1s
PUT /tmp/ktest_ml-miscvm:lustre_mainline_native_695wzvw2.tar 1s
PUT /tmp/ktest_ml-miscvm:lustre_mainline_native_695wzvw2.tar 1s
PUT /tmp/ktest_ml-miscvm:lustre_mainline_native_695wzvw2.tar 1s
PUT /tmp/ktest_ml-miscvm:lustre_mainline_native_695wzvw2.tar 1s
PUT /tmp/ktest_ml-miscvm:lustre_mainline_native_695wzvw2.tar 1s
END ml-miscvm:boot run tests/fs/lustre/boot.ktest PASS 100s
END ml-miscvm:sanity-3 run tests/fs/lustre/sanity/sanity-3.ktest PASS 132s
END ml-miscvm:sanity-4 run tests/fs/lustre/sanity/sanity-4.ktest PASS 137s
END ml-miscvm:mgs-setup run tests/fs/lustre/mgs-setup.ktest PASS 139s
END ml-miscvm:sanity-2 run tests/fs/lustre/sanity/sanity-2.ktest PASS 149s
END ml-miscvm:sanity-1 run tests/fs/lustre/sanity/sanity-1.ktest PASS 150s
END ml-miscvm:llmount run tests/fs/lustre/llmount.ktest PASS 163s
END ml-miscvm:llog-unit run tests/fs/lustre/llog-unit.ktest FAIL 186s (exit code: 1)

============================================================
Final Results:
  checkpatch:checkpatch: PASS (18s) (log: /var/www/ci-lustre/upstream-patch-review/9af10ffe05c85e41ad0b3579bb56ef61f2c07b1c_checkpatch:checkpatch.log)
  u24:u24: PASS (61s) (log: /var/www/ci-lustre/upstream-patch-review/9af10ffe05c85e41ad0b3579bb56ef61f2c07b1c_u24:u24.log)
  al2023:al2023: PASS (61s) (log: /var/www/ci-lustre/upstream-patch-review/9af10ffe05c85e41ad0b3579bb56ef61f2c07b1c_al2023:al2023.log)
  ml-strict:lustre_mainline: FAIL (199s) (log: /var/www/ci-lustre/upstream-patch-review/9af10ffe05c85e41ad0b3579bb56ef61f2c07b1c_ml-strict:lustre_mainline.log)
  ml:lustre_mainline: PASS (196s) (log: /var/www/ci-lustre/upstream-patch-review/9af10ffe05c85e41ad0b3579bb56ef61f2c07b1c_ml:lustre_mainline.log)
  ml-miscvm:lustre_mainline_native: PASS (197s) (log: /var/www/ci-lustre/upstream-patch-review/9af10ffe05c85e41ad0b3579bb56ef61f2c07b1c_ml-miscvm:lustre_mainline_native.log)
  ml-miscvm:boot: PASS (100s) (log: /var/www/ci-lustre/upstream-patch-review/9af10ffe05c85e41ad0b3579bb56ef61f2c07b1c_ml-miscvm:boot.log)
  ml-miscvm:llmount: PASS (163s) (log: /var/www/ci-lustre/upstream-patch-review/9af10ffe05c85e41ad0b3579bb56ef61f2c07b1c_ml-miscvm:llmount.log)
  ml-miscvm:llog-unit: FAIL (186s) (log: /var/www/ci-lustre/upstream-patch-review/9af10ffe05c85e41ad0b3579bb56ef61f2c07b1c_ml-miscvm:llog-unit.log)
  ml-miscvm:mgs-setup: PASS (139s) (log: /var/www/ci-lustre/upstream-patch-review/9af10ffe05c85e41ad0b3579bb56ef61f2c07b1c_ml-miscvm:mgs-setup.log)
  ml-miscvm:sanity-1: PASS (150s) (log: /var/www/ci-lustre/upstream-patch-review/9af10ffe05c85e41ad0b3579bb56ef61f2c07b1c_ml-miscvm:sanity-1.log)
  ml-miscvm:sanity-2: PASS (149s) (log: /var/www/ci-lustre/upstream-patch-review/9af10ffe05c85e41ad0b3579bb56ef61f2c07b1c_ml-miscvm:sanity-2.log)
  ml-miscvm:sanity-3: PASS (132s) (log: /var/www/ci-lustre/upstream-patch-review/9af10ffe05c85e41ad0b3579bb56ef61f2c07b1c_ml-miscvm:sanity-3.log)
  ml-miscvm:sanity-4: PASS (137s) (log: /var/www/ci-lustre/upstream-patch-review/9af10ffe05c85e41ad0b3579bb56ef61f2c07b1c_ml-miscvm:sanity-4.log)

Total execution time: 414s
