[2J[001;001H[=3h[2J[001;001H[2J[001;001H[8;056;240t[2J[001;001H[2J[001;001H[=3h[2J[001;001H[2J[001;001H[8;056;240t[2J[001;001HKernel compiled without mitigations, ignoring 'mitigations'; system may still be vulnerable
RDSEED32 is broken. Disabling the corresponding CPUID bit.
Kernel version: 6.19.0-ktest-9b2b74ff92-20260613
hook init_noop

Running tests sanity-quick

========= TEST   sanity-quick
0a 0b 0c 0d 0e 1 2 3 4 5 6a 6c 6e 6g 6h 6i 7a 7b 8 9 10 11 12 13 14 15 16 17a 17b 17c 17d 17e 17f 17g 17h 17i 17k 17l 17m 17n 17o 17p 17q 18 19a 19b 19c 19d 20 21 22 23a 23b 23c 23d 24a 24b 24c 24d 24e 24f 24g 24h 24i 24j 24k 24l 24m 24n 24o 24p 24q 24r 24s 24t 24u 24v 24w 24x 24y 24z 24A 24B 24C 24E 24F 24G 24H 25a 25b 26a 26b 26c 26d 26e 26f 27a 27b 27ca 27cb 27cc 27cd 27ce 27cf 27cg 27d 27e 27f 27g 27ga 27i 27j 27k 27l 27m 27n 27o 27oo 27p 27q 27r 27s 27t 27u 27v 27w 27wa 27x 27y 27z 27A 27B 27Ca 27Cb 27Cc 27Cd 27Ce 27Cf 27Cg 27Ci 27Cj 27D 27E 27F 27G 27H 27I 27Ia 27J 27K 27Ke 27L 27M 27N 27O 27P 27Q 27R 27T 27U 27V 27W 27X 28 29 30a 30b 30c 30d 31a 31b 31c 31d 31e 31f 31g 31h 31i 31j 31k 31l 31m 31n 31o 31p 31q 31r 32a 32b 32c 32d 32e 32f 32g 32h 32i 32j 32k 32l 32m 32n 32o 32p 32q 32r 33aa 33a 33b 33c 33d 33e 33f 33g 33h 33hh 33i 33j 34a 34b 34c 34d 34e 34f 34g 34h 35a 36a 36b 36c 36d 36e 36f 36g 36h 36i 38 39a 39b 39c 39d 39e 39f 39g 39h 39i 39j 39k 39l 39m 39n 39o 39p 39r 39q 39s 39u 40 41 42a 42b 42c 42d 42e 43A 43a 43b 43c 44A 44a 44b 44c 44d 44e 44f 44g 45 46 48a 48b 48c 48d 48e 48f 49a 49b 49c 50 51a 51b 51c 51d 51e 51f 52a 52b 53 54a 54b 54c 54d 54e 55a 55b 55c 56a 56b 56bb 56bc 56bd 56c 56ca 56d 56e 56g 56h 56i 56ib 56j 56k 56l 56m 56n 56o 56ob 56oc 56od 56oe 56p 56q 56r 56ra 56rb 56rc 56rd 56re 56rf 56s 56t 56u 56v 56wa 56wb 56wc 56wd 56we 56x 56xB 56xC 56xD 56xa 56xab 56xb 56xc 56xd 56xe 56xf 56xg 56xh 56xi 56xj 56xk 56xl 56y 56z 56Aa 56ab 56aca 56acb 56acc 56Ba 56Ca 56Da 56Db 56Dc 56Dd 56Ea 56Eaa 56Eab 56Eb 56Ebb 56Ec 56Ed 56Eda 56Edb 56ef 56eg 56eh 56ei 56ej 56ek 57a 57b 58 59 60a 60b 60c 60d 60e 60f 60g 60h 60i 60j 61a 61b 63a 63b 64a 64b 64c 64d 64e 64f 64g 64h 64i 64j 65a 65b 65c 65d 65e 65f 65g 65h 65i 65j 65k 65l 65m 65n 65o 65p 65q 65r 66 69 70a 71 72a 72b 73 74a 74b 74c 76a 76b 77a 77b 77c 77d 77f 77g 77k 77l 77m 77n 77o 78 79 80 81a 81b 99 100 101a 101b 101c 101d 101e 101f 101g 101h 101i 101j 101m 102a 102b 102c 102d 102f 102h 102ha 102i 102j 102k 102l 102m 102n 102p 102q 102r 102s 102t 103a 103b 103c 103e 103f 104a 104b 104c 104d 105a 105b 105c 105d 105e 105f 105g 105h 105i 106 107 110 116a 116b 117 118a 118b 118c 118d 118f 118g 118h 118i 118j 118k 118l 118m 118n 119a 119b 119c 119e 119f 119g 119h 119i 119j 119k 119m 119n 119o 119p 119q 120a 120b 120c 120d 120e 120f 120g 121 123aa 123ab 123ac 123ad 123b 123c 123d 123e 123f 123g 123h 123i 123j 123k 123l 124a 124b 124c 124d 124e 124f 124g 125 126 127a 127b 127c 127d 127e 127f 128 129 130a 130b 130c 130d 130e 130f 130g 130h 130i 131a 131b 131c 131d 131e 133a 133b 133c 133d 133e 133f 133g 133h 134a 134b 135 136 140 150a 150b 150bb 150c 150d 150e 150f 150g 150h 150ia 150ib 150ic 151 152 153 154A 154B 154C 154a 154b 154c 154d 154e 154ea 154f 154g 154h 154i 154j 155a 155b 155c 155d 155e 155f 155g 155h 156 160a 160b 160c 160d 160e 160f 160g 160h 160i 160j 160k 160l 160m 160n 160o 160p 160q 160s 160t 160u 160v 161a 161b 161c 161d 162a 162b 162c 165a 165b 165c 165d 165e 165f 165g 169 170a 170b 171 172 180a 180b 180c 181 182a 182b 183 184a 184b 184c 184d 184e 184f 185 185a 187a 187b 190a 190b 190c 200 204a 204b 204c 204d 204e 204f 204g 204h 205a 205b 205c 205d 205e 205f 205g 205h 205i 205k 205l 205m 206 207a 207b 208 209 210 212 213 214 215 216 217 218 219 220 221 222a 222b 223 224a 224b 224c 224d 225a 225b 226a 226b 226c 226d 226e 227 228a 228b 228c 229 230a 230b 230c 230d 230e 230f 230g 230h 230i 230j 230k 230l 230m 230n 230o 230p 230q 230r 230s 230t 230u 230v 230w 230x 230y 230z 230A 231a 231b 232a 232b 233a 233b 234 235 236 238 239A 239a 239b 240 241a 241b 242 243 244a 244b 245a 245b 247a 247b 247c 247d 247e 247f 247g 247h 248a 248b 248c 248d 249 250 251a 252 253 254 255a 255b 255c 256 257 258a 258b 259 260 270a 270b 270c 270d 270e 270f 270g 270h 270i 270j 271a 271b 271ba 271c 271d 271f 271g 272a 272b 272c 272d 272e 272f 273a 273b 273c 275 276 277 278 280 300a 300b 300c 300d 300e 300f 300g 300h 300i 300j 300k 300l 300m 300n 300ne 300o 300p 300q 300r 300s 300t 300ua 300ub 300uc 300ud 300ue 300uf 300ug 300uh 300ui 300uj 310a 310b 310c 311 312 313 314 315 316 317 318 319 350 398a 398b 398c 398d 398e 398f 398g 398h 398i 398j 398k 398l 398m 398n 398o 398p 398q 398r 398s 399a 399b 400a 400b 401a 401aa 401ab 401ac 401ad 401b 401c 401d 401db 401e 401fa 401fb 401ga 401gb 401gc 401gd 402 403 404 405 406 407 408 409 410 411a 411b 412 413A 413a 413b 413c 413d 413e 413f 413g 413h 413i 413j 413k 413l 413z 414 415 416 417 418 419 420 421a 421b 421c 421d 421e 421f 421g 421h 422 423 424 425 426 427 428 429 430a 430b 430c 431 432 433 434 440 442 460d 600a 600b 600c 600d 801a 801b 801c 802b 802c 803a 803b 804 805 806 807a 807b 808 809 810 812a 812b 812c 813 814 815 816 817 818 819a 819b 820 823 831 832 833 834 842 850 851 852 853 854 855 860 900 901 902 903 904 905 906 907 908a 908b 909 910 911 920
10 11 12 13 14 15 16 17a 17b 17c
10,11,12,13,14,15,16,17a,17b,17c
SETUP LUSTRE ... libcfs: loading out-of-tree module taints kernel.
libcfs: HW NUMA nodes: 1, HW CPU cores: 4, npartitions: 2
Lustre: Lustre: Build Version: 2.17.52_126_g9b2b74f_dirty
------------[ cut here ]------------
Unexpected gfp: 0x2 (__GFP_HIGHMEM). Fixing up to gfp: 0xd40 (GFP_NOFS|__GFP_ZERO). Fix your code!
WARNING: mm/vmalloc.c:3940 at vmalloc_fix_flags+0x34/0x60, CPU#3: modprobe/810
Modules linked in: obdclass(O+) ksocklnd(O) lnet(O) libcfs(O) efivarfs
CPU: 3 UID: 0 PID: 810 Comm: modprobe Tainted: G           O        6.19.0-ktest-9b2b74ff92-20260613 #1 NONE 
Tainted: [O]=OOT_MODULE
Hardware name: QEMU Standard PC (Q35 + ICH9, 2009), BIOS 2025.11-3ubuntu7 03/31/2026
RIP: 0010:vmalloc_fix_flags+0x3c/0x60
Code: 02 48 89 44 24 08 89 fe 81 e6 1f 52 ae fe 89 34 24 81 e1 e0 ad 51 01 89 4c 24 04 48 8d 3d 6c ae 44 02 48 89 e2 4c 8d 44 24 04 <67> 48 0f b9 3a 8b 44 24 04 65 48 8b 0d 03 6d b9 02 48 3b 4c 24 08
RSP: 0018:ffffc900011179a0 EFLAGS: 00010202
RAX: 485b4467c2e27300 RBX: 0000000000000d42 RCX: 0000000000000d40
RDX: ffffc900011179a0 RSI: 0000000000000002 RDI: ffffffff83dd6170
RBP: ffffc90001117d18 R08: ffffc900011179a4 R09: 1ffffffff0777bc6
R10: dffffc0000000000 R11: fffffbfff0777bc7 R12: 1ffff1102080f817
R13: 0000000000000000 R14: 0000000000480000 R15: dffffc0000000000
FS:  00007fc0637763c0(0000) GS:ffff8881d4e7e000(0000) knlGS:0000000000000000
CS:  0010 DS: 0000 ES: 0000 CR0: 0000000080050033
CR2: 00007ffca38f96d8 CR3: 00000001319b0000 CR4: 0000000000750eb0
PKRU: 55555554
Call Trace:
 <TASK>
 __vmalloc_noprof+0xd8/0xe0
 class_handle_init+0x75/0x3b0 [obdclass]
 init_module+0xc7/0x2f0 [obdclass]
 do_one_initcall+0x113/0x3e0
 ? cleanup_module+0xdd0/0xdd0 [ksocklnd]
 ? stack_depot_save_flags+0x34/0x7f0
 ? kasan_save_track+0x40/0x60
 ? kasan_save_track+0x2f/0x60
 ? __kasan_kmalloc+0x72/0x80
 ? do_init_module+0x92/0x780
 ? __x64_sys_finit_module+0x3b5/0x5b0
 ? do_syscall_64+0x69/0x270
 ? entry_SYSCALL_64_after_hwframe+0x4b/0x53
 ? free_frozen_page_commit+0x5dd/0x1040
 ? do_raw_spin_unlock+0x52/0x230
 ? vfree+0x1a0/0x220
 ? kfree+0x1b5/0x530
 ? vfree+0x1a0/0x220
 ? kfree+0x1b5/0x530
 ? lock_acquire+0xbf/0x190
 ? __kmalloc_cache_noprof+0x38/0x3e0
 ? kasan_unpoison+0x48/0x70
 ? __kasan_slab_alloc+0x37/0x60
 ? kasan_unpoison+0x48/0x70
 ? __asan_register_globals+0x59/0x70
 do_init_module+0x273/0x780
 __x64_sys_finit_module+0x3b5/0x5b0
 do_syscall_64+0x69/0x270
 entry_SYSCALL_64_after_hwframe+0x4b/0x53
RIP: 0033:0x7fc062f2728d
Code: ff c3 66 2e 0f 1f 84 00 00 00 00 00 90 f3 0f 1e fa 48 89 f8 48 89 f7 48 89 d6 48 89 ca 4d 89 c2 4d 89 c8 4c 8b 4c 24 08 0f 05 <48> 3d 01 f0 ff ff 73 01 c3 48 8b 0d 5b bb 0d 00 f7 d8 64 89 01 48
RSP: 002b:00007ffca38fc6b8 EFLAGS: 00000246 ORIG_RAX: 0000000000000139
RAX: ffffffffffffffda RBX: 00005602f171ba20 RCX: 00007fc062f2728d
RDX: 0000000000000000 RSI: 00005602cb398e52 RDI: 0000000000000003
RBP: 00007ffca38fc770 R08: 0000000000000040 R09: 00007ffca38fc700
R10: 00007fc063003b20 R11: 0000000000000246 R12: 00005602cb398e52
R13: 0000000000040000 R14: 00005602f171baa0 R15: 0000000000000000
 </TASK>
---[ end trace 0000000000000000 ]---
LNet: Added LNI 10.0.2.15@tcp [8/256/0/180]
Lustre: Echo OBD driver; http://www.lustre.org/
------------[ cut here ]------------
WARNING: /home/ktest/git/linux/include/linux/fs.h:888 at osd_create+0xae0/0xe00 [osd_wbcfs], CPU#3: ll_mgs_0002/956
Modules linked in: mdt(O) lquota(O) lfsck(O) mgs(O) osd_wbcfs(O) lustre(O) obdecho(O) mgc(O) mdc(O) lov(O) osc(O) lmv(O) ec(O) fid(O) fld(O) ptlrpc(O) obdclass(O) ksocklnd(O) lnet(O) libcfs(O) efivarfs
CPU: 3 UID: 0 PID: 956 Comm: ll_mgs_0002 Tainted: G        W  O        6.19.0-ktest-9b2b74ff92-20260613 #1 NONE 
Tainted: [W]=WARN, [O]=OOT_MODULE
Hardware name: QEMU Standard PC (Q35 + ICH9, 2009), BIOS 2025.11-3ubuntu7 03/31/2026
RIP: 0010:osd_create+0xae0/0xe00 [osd_wbcfs]
Code: c7 c7 c0 a6 7a a1 48 c7 c6 a0 22 7c a1 48 c7 c2 c0 2c 7c a1 e8 d1 1c 44 ff 48 c7 c7 c0 a6 7a a1 e8 f5 ab 44 ff e9 b8 fc ff ff <0f> 0b e9 60 fa ff ff 48 c7 c1 00 e5 5d a0 80 e1 07 80 c1 03 38 c1
RSP: 0018:ffffc90001077718 EFLAGS: 00010246
RAX: 0000000000000000 RBX: ffff888132d7ec00 RCX: 0000000000000046
RDX: 0000000000000000 RSI: ffff88800ba902d0 RDI: ffff888128e529e0
RBP: ffff88800ba90240 R08: ffffffff838167c3 R09: 1ffffffff0702cf8
R10: dffffc0000000000 R11: fffffbfff0702cf9 R12: ffff88812db47800
R13: dffffc0000000000 R14: 0000000000000000 R15: 1ffff11025b68f0f
FS:  0000000000000000(0000) GS:ffff8881d4e7e000(0000) knlGS:0000000000000000
CS:  0010 DS: 0000 ES: 0000 CR0: 0000000080050033
CR2: 00007f9a357e62f4 CR3: 000000012ad76000 CR4: 0000000000750eb0
PKRU: 55555554
Call Trace:
 <TASK>
 ? local_object_create+0x107/0x640 [obdclass]
 ? dt_write_lock+0x155/0x290 [obdclass]
 ? llog_osd_create+0x354/0x1260 [obdclass]
 ? llog_create+0x2ed/0x530 [obdclass]
 ? llog_open_create+0x6e7/0xb30 [obdclass]
 ? mgs_find_or_make_fsdb_nolock+0x16d4/0x2d80 [mgs]
 ? class_find_param+0x25/0x70 [obdclass]
 ? mgs_find_or_make_fsdb+0xda/0x1f0 [mgs]
 ? mgs_target_reg+0x2274/0x4290 [mgs]
 ? req_capsule_server_pack+0xcc/0x670 [ptlrpc]
 ? tgt_request_handle+0x2299/0x3bb0 [ptlrpc]
 ? ptlrpc_main+0x635f/0x9700 [ptlrpc]
 ? __kthread_parkme+0x70/0x110
 ? kthread+0x58a/0x700
 ? ptlrpc_start_thread+0x1f10/0x1f10 [ptlrpc]
 ? kthread_unuse_mm+0x130/0x130
 ? ret_from_fork+0x18a/0x450
 ? kthread_unuse_mm+0x130/0x130
 ? ret_from_fork_asm+0x11/0x20
 </TASK>
---[ end trace 0000000000000000 ]---
------------[ cut here ]------------
WARNING: /home/ktest/git/linux/include/linux/fs.h:888 at osd_create+0xae0/0xe00 [osd_wbcfs], CPU#1: ll_mgs_0002/956
Modules linked in: mdt(O) lquota(O) lfsck(O) mgs(O) osd_wbcfs(O) lustre(O) obdecho(O) mgc(O) mdc(O) lov(O) osc(O) lmv(O) ec(O) fid(O) fld(O) ptlrpc(O) obdclass(O) ksocklnd(O) lnet(O) libcfs(O) efivarfs
CPU: 1 UID: 0 PID: 956 Comm: ll_mgs_0002 Tainted: G        W  O        6.19.0-ktest-9b2b74ff92-20260613 #1 NONE 
Tainted: [W]=WARN, [O]=OOT_MODULE
Hardware name: QEMU Standard PC (Q35 + ICH9, 2009), BIOS 2025.11-3ubuntu7 03/31/2026
RIP: 0010:osd_create+0xae0/0xe00 [osd_wbcfs]
Code: c7 c7 c0 a6 7a a1 48 c7 c6 a0 22 7c a1 48 c7 c2 c0 2c 7c a1 e8 d1 1c 44 ff 48 c7 c7 c0 a6 7a a1 e8 f5 ab 44 ff e9 b8 fc ff ff <0f> 0b e9 60 fa ff ff 48 c7 c1 00 e5 5d a0 80 e1 07 80 c1 03 38 c1
RSP: 0018:ffffc90001077660 EFLAGS: 00010246
RAX: 0000000000000000 RBX: ffff888104158800 RCX: 0000000000000046
RDX: 0000000000000000 RSI: ffff888131f309e8 RDI: ffff888128e529e0
RBP: ffff888131f30958 R08: ffffffff838167c3 R09: 1ffffffff0702cf8
R10: dffffc0000000000 R11: fffffbfff0702cf9 R12: ffff88812db47800
R13: dffffc0000000000 R14: 0000000000000000 R15: 1ffff11025b68f0f
FS:  0000000000000000(0000) GS:ffff8881d4d7e000(0000) knlGS:0000000000000000
CS:  0010 DS: 0000 ES: 0000 CR0: 0000000080050033
CR2: 00007fdecb7e62f4 CR3: 000000000406e000 CR4: 0000000000750eb0
PKRU: 55555554
Call Trace:
 <TASK>
 ? local_object_create+0x107/0x640 [obdclass]
 ? dt_write_lock+0x155/0x290 [obdclass]
 ? llog_osd_create+0x354/0x1260 [obdclass]
 ? llog_create+0x2ed/0x530 [obdclass]
 ? llog_open_create+0x6e7/0xb30 [obdclass]
 ? record_start_log+0x348/0xa40 [mgs]
 ? mgs_write_log_lov+0x3ac/0xde0 [mgs]
 ? mgs_write_log_target+0x17a4/0x6ab0 [mgs]
 ? mgs_target_reg+0x2498/0x4290 [mgs]
 ? req_capsule_server_pack+0xcc/0x670 [ptlrpc]
 ? tgt_request_handle+0x2299/0x3bb0 [ptlrpc]
 ? ptlrpc_main+0x635f/0x9700 [ptlrpc]
 ? __kthread_parkme+0x70/0x110
 ? kthread+0x58a/0x700
 ? ptlrpc_start_thread+0x1f10/0x1f10 [ptlrpc]
 ? kthread_unuse_mm+0x130/0x130
 ? ret_from_fork+0x18a/0x450
 ? kthread_unuse_mm+0x130/0x130
 ? ret_from_fork_asm+0x11/0x20
 </TASK>
---[ end trace 0000000000000000 ]---
------------[ cut here ]------------
WARNING: /home/ktest/git/linux/include/linux/fs.h:888 at osd_create+0xae0/0xe00 [osd_wbcfs], CPU#3: llog_process_th/989
Modules linked in: mdd(O) lod(O) mdt(O) lquota(O) lfsck(O) mgs(O) osd_wbcfs(O) lustre(O) obdecho(O) mgc(O) mdc(O) lov(O) osc(O) lmv(O) ec(O) fid(O) fld(O) ptlrpc(O) obdclass(O) ksocklnd(O) lnet(O) libcfs(O) efivarfs
CPU: 3 UID: 0 PID: 989 Comm: llog_process_th Tainted: G        W  O        6.19.0-ktest-9b2b74ff92-20260613 #1 NONE 
Tainted: [W]=WARN, [O]=OOT_MODULE
Hardware name: QEMU Standard PC (Q35 + ICH9, 2009), BIOS 2025.11-3ubuntu7 03/31/2026
RIP: 0010:osd_create+0xae0/0xe00 [osd_wbcfs]
Code: c7 c7 c0 a6 7a a1 48 c7 c6 a0 22 7c a1 48 c7 c2 c0 2c 7c a1 e8 d1 1c 44 ff 48 c7 c7 c0 a6 7a a1 e8 f5 ab 44 ff e9 b8 fc ff ff <0f> 0b e9 60 fa ff ff 48 c7 c1 00 e5 5d a0 80 e1 07 80 c1 03 38 c1
RSP: 0018:ffffc900013c7430 EFLAGS: 00010246
RAX: 0000000000000000 RBX: ffff88812dec2000 RCX: 0000000000000046
RDX: ffffffff8496bea0 RSI: ffff88800ba909e8 RDI: ffff88800ba82990
RBP: ffff88800ba90958 R08: 0000000000000000 R09: 0000000000000000
R10: dffffc0000000000 R11: ffffed1001752120 R12: ffff88811dae7a00
R13: dffffc0000000000 R14: 0000000000000000 R15: 1ffff92000278ebd
FS:  0000000000000000(0000) GS:ffff8881d4e7e000(0000) knlGS:0000000000000000
CS:  0010 DS: 0000 ES: 0000 CR0: 0000000080050033
CR2: 00007f65a0be62f4 CR3: 000000000406e000 CR4: 0000000000750eb0
PKRU: 55555554
Call Trace:
 <TASK>
 ? dt_find_or_create+0x9c1/0x14d0 [obdclass]
 ? fld_index_init+0x404/0x1610 [fld]
 ? is_module_address+0x54/0x60
 ? __asan_memset+0x22/0x40
 ? fld_server_init+0x1d7/0x580 [fld]
 ? mdt_device_alloc+0x36b4/0x66c0 [mdt]
 ? __kasan_slab_alloc+0x37/0x60
 ? obd_setup+0x25c/0x950 [obdclass]
 ? class_setup+0xc7d/0x10e0 [obdclass]
 ? class_process_config+0x2edb/0x7cb0 [obdclass]
 ? __kasan_kmalloc+0x72/0x80
 ? class_config_llog_handler+0x29d3/0x5110 [obdclass]
 ? class_config_llog_handler+0x2d7a/0x5110 [obdclass]
 ? lustre_cfg_rec_free+0x350/0x350 [obdclass]
 ? llog_process_thread+0x205e/0x4f80 [obdclass]
 ? _raw_spin_unlock+0x23/0x30
 ? llog_process_thread_daemonize+0x16d/0x1b0 [obdclass]
 ? kthread+0x58a/0x700
 ? llog_process_or_fork+0xc90/0xc90 [obdclass]
 ? kthread_unuse_mm+0x130/0x130
 ? ret_from_fork+0x18a/0x450
 ? kthread_unuse_mm+0x130/0x130
 ? ret_from_fork_asm+0x11/0x20
 </TASK>
---[ end trace 0000000000000000 ]---
------------[ cut here ]------------
WARNING: /home/ktest/git/linux/include/linux/fs.h:888 at osd_create+0xae0/0xe00 [osd_wbcfs], CPU#3: llog_process_th/989
Modules linked in: mdd(O) lod(O) mdt(O) lquota(O) lfsck(O) mgs(O) osd_wbcfs(O) lustre(O) obdecho(O) mgc(O) mdc(O) lov(O) osc(O) lmv(O) ec(O) fid(O) fld(O) ptlrpc(O) obdclass(O) ksocklnd(O) lnet(O) libcfs(O) efivarfs
CPU: 3 UID: 0 PID: 989 Comm: llog_process_th Tainted: G        W  O        6.19.0-ktest-9b2b74ff92-20260613 #1 NONE 
Tainted: [W]=WARN, [O]=OOT_MODULE
Hardware name: QEMU Standard PC (Q35 + ICH9, 2009), BIOS 2025.11-3ubuntu7 03/31/2026
RIP: 0010:osd_create+0xae0/0xe00 [osd_wbcfs]
Code: c7 c7 c0 a6 7a a1 48 c7 c6 a0 22 7c a1 48 c7 c2 c0 2c 7c a1 e8 d1 1c 44 ff 48 c7 c7 c0 a6 7a a1 e8 f5 ab 44 ff e9 b8 fc ff ff <0f> 0b e9 60 fa ff ff 48 c7 c1 00 e5 5d a0 80 e1 07 80 c1 03 38 c1
RSP: 0018:ffffc900013c7408 EFLAGS: 00010246
RAX: 0000000000000000 RBX: ffff888104154c00 RCX: 0000000000000046
RDX: 0000000000000000 RSI: ffff88800ba91100 RDI: ffff88800ba82990
RBP: ffff88800ba91070 R08: ffffffff838167c3 R09: 1ffffffff0702cf8
R10: dffffc0000000000 R11: fffffbfff0702cf9 R12: ffffc900013c7518
R13: dffffc0000000000 R14: 0000000000000000 R15: 1ffff92000278ea1
FS:  0000000000000000(0000) GS:ffff8881d4e7e000(0000) knlGS:0000000000000000
CS:  0010 DS: 0000 ES: 0000 CR0: 0000000080050033
CR2: 00007f65a0be62f4 CR3: 000000000406e000 CR4: 0000000000750eb0
PKRU: 55555554
Call Trace:
 <TASK>
 ? dt_find_or_create+0x9c1/0x14d0 [obdclass]
 ? seq_store_init+0x155/0x360 [fid]
 ? seq_server_init+0x290/0xba0 [fid]
 ? mdt_seq_init+0x513/0x1f00 [mdt]
 ? mdt_device_alloc+0x39c5/0x66c0 [mdt]
 ? __kasan_slab_alloc+0x37/0x60
 ? obd_setup+0x25c/0x950 [obdclass]
 ? class_setup+0xc7d/0x10e0 [obdclass]
 ? class_process_config+0x2edb/0x7cb0 [obdclass]
 ? __kasan_kmalloc+0x72/0x80
 ? class_config_llog_handler+0x29d3/0x5110 [obdclass]
 ? class_config_llog_handler+0x2d7a/0x5110 [obdclass]
 ? lustre_cfg_rec_free+0x350/0x350 [obdclass]
 ? llog_process_thread+0x205e/0x4f80 [obdclass]
 ? _raw_spin_unlock+0x23/0x30
 ? llog_process_thread_daemonize+0x16d/0x1b0 [obdclass]
 ? kthread+0x58a/0x700
 ? llog_process_or_fork+0xc90/0xc90 [obdclass]
 ? kthread_unuse_mm+0x130/0x130
 ? ret_from_fork+0x18a/0x450
 ? kthread_unuse_mm+0x130/0x130
 ? ret_from_fork_asm+0x11/0x20
 </TASK>
---[ end trace 0000000000000000 ]---
Lustre: ctl-lustre-MDT0000: No data found on store. Initialize space.
------------[ cut here ]------------
WARNING: /home/ktest/git/linux/include/linux/fs.h:888 at osd_create+0xae0/0xe00 [osd_wbcfs], CPU#3: llog_process_th/989
Modules linked in: mdd(O) lod(O) mdt(O) lquota(O) lfsck(O) mgs(O) osd_wbcfs(O) lustre(O) obdecho(O) mgc(O) mdc(O) lov(O) osc(O) lmv(O) ec(O) fid(O) fld(O) ptlrpc(O) obdclass(O) ksocklnd(O) lnet(O) libcfs(O) efivarfs
CPU: 3 UID: 0 PID: 989 Comm: llog_process_th Tainted: G        W  O        6.19.0-ktest-9b2b74ff92-20260613 #1 NONE 
Tainted: [W]=WARN, [O]=OOT_MODULE
Hardware name: QEMU Standard PC (Q35 + ICH9, 2009), BIOS 2025.11-3ubuntu7 03/31/2026
RIP: 0010:osd_create+0xae0/0xe00 [osd_wbcfs]
Code: c7 c7 c0 a6 7a a1 48 c7 c6 a0 22 7c a1 48 c7 c2 c0 2c 7c a1 e8 d1 1c 44 ff 48 c7 c7 c0 a6 7a a1 e8 f5 ab 44 ff e9 b8 fc ff ff <0f> 0b e9 60 fa ff ff 48 c7 c1 00 e5 5d a0 80 e1 07 80 c1 03 38 c1
RSP: 0018:ffffc900013c7408 EFLAGS: 00010246
RAX: 0000000000000000 RBX: ffff888147a14400 RCX: 0000000000000046
RDX: 0000000000000000 RSI: ffff88800ba91818 RDI: ffff88800ba82990
RBP: ffff88800ba91788 R08: ffffffff838167c3 R09: 1ffffffff0702cf8
R10: dffffc0000000000 R11: fffffbfff0702cf9 R12: ffffc900013c7518
R13: dffffc0000000000 R14: 0000000000000000 R15: 1ffff92000278ea1
FS:  0000000000000000(0000) GS:ffff8881d4e7e000(0000) knlGS:0000000000000000
CS:  0010 DS: 0000 ES: 0000 CR0: 0000000080050033
CR2: 00007f65a0be62f4 CR3: 000000000406e000 CR4: 0000000000750eb0
PKRU: 55555554
Call Trace:
 <TASK>
 ? dt_find_or_create+0x9c1/0x14d0 [obdclass]
 ? seq_store_init+0x155/0x360 [fid]
 ? seq_server_init+0x290/0xba0 [fid]
 ? mdt_seq_init+0x2c1/0x1f00 [mdt]
 ? mdt_device_alloc+0x39c5/0x66c0 [mdt]
 ? __kasan_slab_alloc+0x37/0x60
 ? obd_setup+0x25c/0x950 [obdclass]
 ? class_setup+0xc7d/0x10e0 [obdclass]
 ? class_process_config+0x2edb/0x7cb0 [obdclass]
 ? __kasan_kmalloc+0x72/0x80
 ? class_config_llog_handler+0x29d3/0x5110 [obdclass]
 ? class_config_llog_handler+0x2d7a/0x5110 [obdclass]
 ? lustre_cfg_rec_free+0x350/0x350 [obdclass]
 ? llog_process_thread+0x205e/0x4f80 [obdclass]
 ? _raw_spin_unlock+0x23/0x30
 ? llog_process_thread_daemonize+0x16d/0x1b0 [obdclass]
 ? kthread+0x58a/0x700
 ? llog_process_or_fork+0xc90/0xc90 [obdclass]
 ? kthread_unuse_mm+0x130/0x130
 ? ret_from_fork+0x18a/0x450
 ? kthread_unuse_mm+0x130/0x130
 ? ret_from_fork_asm+0x11/0x20
 </TASK>
---[ end trace 0000000000000000 ]---
------------[ cut here ]------------
WARNING: /home/ktest/git/linux/include/linux/fs.h:888 at osd_create+0xae0/0xe00 [osd_wbcfs], CPU#3: llog_process_th/989
Modules linked in: mdd(O) lod(O) mdt(O) lquota(O) lfsck(O) mgs(O) osd_wbcfs(O) lustre(O) obdecho(O) mgc(O) mdc(O) lov(O) osc(O) lmv(O) ec(O) fid(O) fld(O) ptlrpc(O) obdclass(O) ksocklnd(O) lnet(O) libcfs(O) efivarfs
CPU: 3 UID: 0 PID: 989 Comm: llog_process_th Tainted: G        W  O        6.19.0-ktest-9b2b74ff92-20260613 #1 NONE 
Tainted: [W]=WARN, [O]=OOT_MODULE
Hardware name: QEMU Standard PC (Q35 + ICH9, 2009), BIOS 2025.11-3ubuntu7 03/31/2026
RIP: 0010:osd_create+0xae0/0xe00 [osd_wbcfs]
Code: c7 c7 c0 a6 7a a1 48 c7 c6 a0 22 7c a1 48 c7 c2 c0 2c 7c a1 e8 d1 1c 44 ff 48 c7 c7 c0 a6 7a a1 e8 f5 ab 44 ff e9 b8 fc ff ff <0f> 0b e9 60 fa ff ff 48 c7 c1 00 e5 5d a0 80 e1 07 80 c1 03 38 c1
RSP: 0018:ffffc900013c7450 EFLAGS: 00010246
RAX: 0000000000000000 RBX: ffff888147a15400 RCX: 0000000000000046
RDX: 0000000000000000 RSI: ffff88800ba91f30 RDI: ffff88800ba82990
RBP: ffff88800ba91ea0 R08: ffffffff838167c3 R09: 1ffffffff0702cf8
R10: dffffc0000000000 R11: fffffbfff0702cf9 R12: ffffc900013c75d0
R13: dffffc0000000000 R14: 0000000000000000 R15: 1ffff92000278ec7
FS:  0000000000000000(0000) GS:ffff8881d4e7e000(0000) knlGS:0000000000000000
CS:  0010 DS: 0000 ES: 0000 CR0: 0000000080050033
CR2: 00007f65a0be62f4 CR3: 000000000406e000 CR4: 0000000000750eb0
PKRU: 55555554
Call Trace:
 <TASK>
 ? dt_find_or_create+0x9c1/0x14d0 [obdclass]
 ? tgt_init+0xb6e/0x2a60 [ptlrpc]
 ? mdt_device_alloc+0x3ce7/0x66c0 [mdt]
 ? __kasan_slab_alloc+0x37/0x60
 ? obd_setup+0x25c/0x950 [obdclass]
 ? class_setup+0xc7d/0x10e0 [obdclass]
 ? class_process_config+0x2edb/0x7cb0 [obdclass]
 ? __kasan_kmalloc+0x72/0x80
 ? class_config_llog_handler+0x29d3/0x5110 [obdclass]
 ? class_config_llog_handler+0x2d7a/0x5110 [obdclass]
 ? lustre_cfg_rec_free+0x350/0x350 [obdclass]
 ? llog_process_thread+0x205e/0x4f80 [obdclass]
 ? _raw_spin_unlock+0x23/0x30
 ? llog_process_thread_daemonize+0x16d/0x1b0 [obdclass]
 ? kthread+0x58a/0x700
 ? llog_process_or_fork+0xc90/0xc90 [obdclass]
 ? kthread_unuse_mm+0x130/0x130
 ? ret_from_fork+0x18a/0x450
 ? kthread_unuse_mm+0x130/0x130
 ? ret_from_fork_asm+0x11/0x20
 </TASK>
---[ end trace 0000000000000000 ]---
Lustre: lustre-MDT0000: new disk, initializing
------------[ cut here ]------------
WARNING: /home/ktest/git/linux/include/linux/fs.h:888 at osd_create+0xae0/0xe00 [osd_wbcfs], CPU#3: llog_process_th/989
Modules linked in: mdd(O) lod(O) mdt(O) lquota(O) lfsck(O) mgs(O) osd_wbcfs(O) lustre(O) obdecho(O) mgc(O) mdc(O) lov(O) osc(O) lmv(O) ec(O) fid(O) fld(O) ptlrpc(O) obdclass(O) ksocklnd(O) lnet(O) libcfs(O) efivarfs
CPU: 3 UID: 0 PID: 989 Comm: llog_process_th Tainted: G        W  O        6.19.0-ktest-9b2b74ff92-20260613 #1 NONE 
Tainted: [W]=WARN, [O]=OOT_MODULE
Hardware name: QEMU Standard PC (Q35 + ICH9, 2009), BIOS 2025.11-3ubuntu7 03/31/2026
RIP: 0010:osd_create+0xae0/0xe00 [osd_wbcfs]
Code: c7 c7 c0 a6 7a a1 48 c7 c6 a0 22 7c a1 48 c7 c2 c0 2c 7c a1 e8 d1 1c 44 ff 48 c7 c7 c0 a6 7a a1 e8 f5 ab 44 ff e9 b8 fc ff ff <0f> 0b e9 60 fa ff ff 48 c7 c1 00 e5 5d a0 80 e1 07 80 c1 03 38 c1
RSP: 0018:ffffc900013c7450 EFLAGS: 00010246
RAX: 0000000000000000 RBX: ffff888147a15800 RCX: 0000000000000046
RDX: 0000000000000000 RSI: ffff88800ba92648 RDI: ffff88800ba82990
RBP: ffff88800ba925b8 R08: ffffffff838167c3 R09: 1ffffffff0702cf8
R10: dffffc0000000000 R11: fffffbfff0702cf9 R12: ffffc900013c75d0
R13: dffffc0000000000 R14: 0000000000000000 R15: 1ffff92000278ec7
FS:  0000000000000000(0000) GS:ffff8881d4e7e000(0000) knlGS:0000000000000000
CS:  0010 DS: 0000 ES: 0000 CR0: 0000000080050033
CR2: 00007f65a0be62f4 CR3: 000000000406e000 CR4: 0000000000750eb0
PKRU: 55555554
Call Trace:
 <TASK>
 ? dt_find_or_create+0x9c1/0x14d0 [obdclass]
 ? tgt_init+0x1a94/0x2a60 [ptlrpc]
 ? mdt_device_alloc+0x3ce7/0x66c0 [mdt]
 ? __kasan_slab_alloc+0x37/0x60
 ? obd_setup+0x25c/0x950 [obdclass]
 ? class_setup+0xc7d/0x10e0 [obdclass]
 ? class_process_config+0x2edb/0x7cb0 [obdclass]
 ? __kasan_kmalloc+0x72/0x80
 ? class_config_llog_handler+0x29d3/0x5110 [obdclass]
 ? class_config_llog_handler+0x2d7a/0x5110 [obdclass]
 ? lustre_cfg_rec_free+0x350/0x350 [obdclass]
 ? llog_process_thread+0x205e/0x4f80 [obdclass]
 ? _raw_spin_unlock+0x23/0x30
 ? llog_process_thread_daemonize+0x16d/0x1b0 [obdclass]
 ? kthread+0x58a/0x700
 ? llog_process_or_fork+0xc90/0xc90 [obdclass]
 ? kthread_unuse_mm+0x130/0x130
 ? ret_from_fork+0x18a/0x450
 ? kthread_unuse_mm+0x130/0x130
 ? ret_from_fork_asm+0x11/0x20
 </TASK>
---[ end trace 0000000000000000 ]---
------------[ cut here ]------------
WARNING: /home/ktest/git/linux/include/linux/fs.h:888 at osd_create+0xae0/0xe00 [osd_wbcfs], CPU#0: llog_process_th/989
Modules linked in: mdd(O) lod(O) mdt(O) lquota(O) lfsck(O) mgs(O) osd_wbcfs(O) lustre(O) obdecho(O) mgc(O) mdc(O) lov(O) osc(O) lmv(O) ec(O) fid(O) fld(O) ptlrpc(O) obdclass(O) ksocklnd(O) lnet(O) libcfs(O) efivarfs
CPU: 0 UID: 0 PID: 989 Comm: llog_process_th Tainted: G        W  O        6.19.0-ktest-9b2b74ff92-20260613 #1 NONE 
Tainted: [W]=WARN, [O]=OOT_MODULE
Hardware name: QEMU Standard PC (Q35 + ICH9, 2009), BIOS 2025.11-3ubuntu7 03/31/2026
RIP: 0010:osd_create+0xae0/0xe00 [osd_wbcfs]
Code: c7 c7 c0 a6 7a a1 48 c7 c6 a0 22 7c a1 48 c7 c2 c0 2c 7c a1 e8 d1 1c 44 ff 48 c7 c7 c0 a6 7a a1 e8 f5 ab 44 ff e9 b8 fc ff ff <0f> 0b e9 60 fa ff ff 48 c7 c1 00 e5 5d a0 80 e1 07 80 c1 03 38 c1
RSP: 0018:ffffc900013c7360 EFLAGS: 00010246
RAX: 0000000000000000 RBX: ffff888106365400 RCX: 0000000000000046
RDX: 0000000000000000 RSI: ffff88812b7cad60 RDI: ffff88800ba82990
RBP: ffff88812b7cacd0 R08: ffffffff838167c3 R09: 1ffffffff0702cf8
R10: dffffc0000000000 R11: fffffbfff0702cf9 R12: ffff888127dac418
R13: dffffc0000000000 R14: 0000000000000000 R15: 1ffff11024fb5892
FS:  0000000000000000(0000) GS:ffff8881d4cfe000(0000) knlGS:0000000000000000
CS:  0010 DS: 0000 ES: 0000 CR0: 0000000080050033
CR2: 00007fd4f53e62f4 CR3: 000000011da7c000 CR4: 0000000000750eb0
PKRU: 55555554
Call Trace:
 <TASK>
 ? local_object_create+0x107/0x640 [obdclass]
 ? dt_write_lock+0x164/0x2a0 [obdclass]
 ? __local_file_create+0xce4/0x1bc0 [obdclass]
 ? local_file_find_or_create+0x13c/0x1d0 [obdclass]
 ? lquota_disk_dir_find_create+0x31f/0xd10 [lquota]
 ? qmt_device_prepare+0x122/0x600 [lquota]
 ? mdt_quota_init+0x1a6d/0x3220 [mdt]
 ? mdt_tunables_init+0x3e6/0x530 [mdt]
 ? mdt_device_alloc+0x46ae/0x66c0 [mdt]
 ? obd_setup+0x25c/0x950 [obdclass]
 ? class_setup+0xc7d/0x10e0 [obdclass]
 ? class_process_config+0x2edb/0x7cb0 [obdclass]
 ? __kasan_kmalloc+0x72/0x80
 ? class_config_llog_handler+0x29d3/0x5110 [obdclass]
 ? class_config_llog_handler+0x2d7a/0x5110 [obdclass]
 ? lustre_cfg_rec_free+0x350/0x350 [obdclass]
 ? llog_process_thread+0x205e/0x4f80 [obdclass]
 ? _raw_spin_unlock+0x23/0x30
 ? llog_process_thread_daemonize+0x16d/0x1b0 [obdclass]
 ? kthread+0x58a/0x700
 ? llog_process_or_fork+0xc90/0xc90 [obdclass]
 ? kthread_unuse_mm+0x130/0x130
 ? ret_from_fork+0x18a/0x450
 ? kthread_unuse_mm+0x130/0x130
 ? ret_from_fork_asm+0x11/0x20
 </TASK>
---[ end trace 0000000000000000 ]---
------------[ cut here ]------------
WARNING: /home/ktest/git/linux/include/linux/fs.h:888 at osd_create+0xae0/0xe00 [osd_wbcfs], CPU#0: llog_process_th/989
Modules linked in: mdd(O) lod(O) mdt(O) lquota(O) lfsck(O) mgs(O) osd_wbcfs(O) lustre(O) obdecho(O) mgc(O) mdc(O) lov(O) osc(O) lmv(O) ec(O) fid(O) fld(O) ptlrpc(O) obdclass(O) ksocklnd(O) lnet(O) libcfs(O) efivarfs
CPU: 0 UID: 0 PID: 989 Comm: llog_process_th Tainted: G        W  O        6.19.0-ktest-9b2b74ff92-20260613 #1 NONE 
Tainted: [W]=WARN, [O]=OOT_MODULE
Hardware name: QEMU Standard PC (Q35 + ICH9, 2009), BIOS 2025.11-3ubuntu7 03/31/2026
RIP: 0010:osd_create+0xae0/0xe00 [osd_wbcfs]
Code: c7 c7 c0 a6 7a a1 48 c7 c6 a0 22 7c a1 48 c7 c2 c0 2c 7c a1 e8 d1 1c 44 ff 48 c7 c7 c0 a6 7a a1 e8 f5 ab 44 ff e9 b8 fc ff ff <0f> 0b e9 60 fa ff ff 48 c7 c1 00 e5 5d a0 80 e1 07 80 c1 03 38 c1
RSP: 0018:ffffc900013c7260 EFLAGS: 00010246
RAX: 0000000000000000 RBX: ffff8881319dc800 RCX: 0000000000000046
RDX: 0000000000000000 RSI: ffff88812b7cb478 RDI: ffff88800ba82990
RBP: ffff88812b7cb3e8 R08: ffffffff838167c3 R09: 1ffffffff0702cf8
R10: dffffc0000000000 R11: fffffbfff0702cf9 R12: ffff888127dac418
R13: dffffc0000000000 R14: 0000000000000000 R15: 1ffff11024fb5892
FS:  0000000000000000(0000) GS:ffff8881d4cfe000(0000) knlGS:0000000000000000
CS:  0010 DS: 0000 ES: 0000 CR0: 0000000080050033
CR2: 00007fd4f53e62f4 CR3: 000000011da7c000 CR4: 0000000000750eb0
PKRU: 55555554
Call Trace:
 <TASK>
 ? local_object_create+0x107/0x640 [obdclass]
 ? dt_write_lock+0x164/0x2a0 [obdclass]
 ? __local_file_create+0xce4/0x1bc0 [obdclass]
 ? local_file_find_or_create+0x13c/0x1d0 [obdclass]
 ? lquota_disk_dir_find_create+0x31f/0xd10 [lquota]
 ? qmt_pool_prepare+0x3ee/0x16f0 [lquota]
 ? qmt_device_prepare+0x22a/0x600 [lquota]
 ? mdt_quota_init+0x1a6d/0x3220 [mdt]
 ? mdt_tunables_init+0x3e6/0x530 [mdt]
 ? mdt_device_alloc+0x46ae/0x66c0 [mdt]
 ? obd_setup+0x25c/0x950 [obdclass]
 ? class_setup+0xc7d/0x10e0 [obdclass]
 ? class_process_config+0x2edb/0x7cb0 [obdclass]
 ? __kasan_kmalloc+0x72/0x80
 ? class_config_llog_handler+0x29d3/0x5110 [obdclass]
 ? class_config_llog_handler+0x2d7a/0x5110 [obdclass]
 ? lustre_cfg_rec_free+0x350/0x350 [obdclass]
 ? llog_process_thread+0x205e/0x4f80 [obdclass]
 ? _raw_spin_unlock+0x23/0x30
 ? llog_process_thread_daemonize+0x16d/0x1b0 [obdclass]
 ? kthread+0x58a/0x700
 ? llog_process_or_fork+0xc90/0xc90 [obdclass]
 ? kthread_unuse_mm+0x130/0x130
 ? ret_from_fork+0x18a/0x450
 ? kthread_unuse_mm+0x130/0x130
 ? ret_from_fork_asm+0x11/0x20
 </TASK>
---[ end trace 0000000000000000 ]---
------------[ cut here ]------------
WARNING: /home/ktest/git/linux/include/linux/fs.h:888 at osd_create+0xae0/0xe00 [osd_wbcfs], CPU#0: llog_process_th/989
Modules linked in: mdd(O) lod(O) mdt(O) lquota(O) lfsck(O) mgs(O) osd_wbcfs(O) lustre(O) obdecho(O) mgc(O) mdc(O) lov(O) osc(O) lmv(O) ec(O) fid(O) fld(O) ptlrpc(O) obdclass(O) ksocklnd(O) lnet(O) libcfs(O) efivarfs
CPU: 0 UID: 0 PID: 989 Comm: llog_process_th Tainted: G        W  O        6.19.0-ktest-9b2b74ff92-20260613 #1 NONE 
Tainted: [W]=WARN, [O]=OOT_MODULE
Hardware name: QEMU Standard PC (Q35 + ICH9, 2009), BIOS 2025.11-3ubuntu7 03/31/2026
RIP: 0010:osd_create+0xae0/0xe00 [osd_wbcfs]
Code: c7 c7 c0 a6 7a a1 48 c7 c6 a0 22 7c a1 48 c7 c2 c0 2c 7c a1 e8 d1 1c 44 ff 48 c7 c7 c0 a6 7a a1 e8 f5 ab 44 ff e9 b8 fc ff ff <0f> 0b e9 60 fa ff ff 48 c7 c1 00 e5 5d a0 80 e1 07 80 c1 03 38 c1
RSP: 0018:ffffc900013c7248 EFLAGS: 00010246
RAX: 0000000000000000 RBX: ffff8881319dd400 RCX: 0000000000000046
RDX: ffffffff8496bea0 RSI: ffff88812b7cbb90 RDI: ffff88800ba82990
RBP: ffff88812b7cbb00 R08: 0000000000000000 R09: 0000000000000000
R10: dffffc0000000000 R11: ffffed10256f9755 R12: ffff888127dac418
R13: dffffc0000000000 R14: 0000000000000000 R15: 1ffff11024fb5892
FS:  0000000000000000(0000) GS:ffff8881d4cfe000(0000) knlGS:0000000000000000
CS:  0010 DS: 0000 ES: 0000 CR0: 0000000080050033
CR2: 00007fd4f53e62f4 CR3: 000000011da7c000 CR4: 0000000000750eb0
PKRU: 55555554
Call Trace:
 <TASK>
 ? local_object_create+0x107/0x640 [obdclass]
 ? dt_write_lock+0x164/0x2a0 [obdclass]
 ? __local_file_create+0xce4/0x1bc0 [obdclass]
 ? local_index_find_or_create_with_fid+0x20d/0x3c0 [obdclass]
 ? lquota_disk_glb_find_create+0x3e7/0xe50 [lquota]
 ? qmt_pool_prepare+0x5af/0x16f0 [lquota]
 ? qmt_device_prepare+0x22a/0x600 [lquota]
 ? mdt_quota_init+0x1a6d/0x3220 [mdt]
 ? mdt_tunables_init+0x3e6/0x530 [mdt]
 ? mdt_device_alloc+0x46ae/0x66c0 [mdt]
 ? obd_setup+0x25c/0x950 [obdclass]
 ? class_setup+0xc7d/0x10e0 [obdclass]
 ? class_process_config+0x2edb/0x7cb0 [obdclass]
 ? __kasan_kmalloc+0x72/0x80
 ? class_config_llog_handler+0x29d3/0x5110 [obdclass]
 ? class_config_llog_handler+0x2d7a/0x5110 [obdclass]
 ? lustre_cfg_rec_free+0x350/0x350 [obdclass]
 ? llog_process_thread+0x205e/0x4f80 [obdclass]
 ? _raw_spin_unlock+0x23/0x30
 ? llog_process_thread_daemonize+0x16d/0x1b0 [obdclass]
 ? kthread+0x58a/0x700
 ? llog_process_or_fork+0xc90/0xc90 [obdclass]
 ? kthread_unuse_mm+0x130/0x130
 ? ret_from_fork+0x18a/0x450
 ? kthread_unuse_mm+0x130/0x130
 ? ret_from_fork_asm+0x11/0x20
 </TASK>
---[ end trace 0000000000000000 ]---
------------[ cut here ]------------
WARNING: /home/ktest/git/linux/include/linux/fs.h:888 at osd_create+0xae0/0xe00 [osd_wbcfs], CPU#0: llog_process_th/989
Modules linked in: mdd(O) lod(O) mdt(O) lquota(O) lfsck(O) mgs(O) osd_wbcfs(O) lustre(O) obdecho(O) mgc(O) mdc(O) lov(O) osc(O) lmv(O) ec(O) fid(O) fld(O) ptlrpc(O) obdclass(O) ksocklnd(O) lnet(O) libcfs(O) efivarfs
CPU: 0 UID: 0 PID: 989 Comm: llog_process_th Tainted: G        W  O        6.19.0-ktest-9b2b74ff92-20260613 #1 NONE 
Tainted: [W]=WARN, [O]=OOT_MODULE
Hardware name: QEMU Standard PC (Q35 + ICH9, 2009), BIOS 2025.11-3ubuntu7 03/31/2026
RIP: 0010:osd_create+0xae0/0xe00 [osd_wbcfs]
Code: c7 c7 c0 a6 7a a1 48 c7 c6 a0 22 7c a1 48 c7 c2 c0 2c 7c a1 e8 d1 1c 44 ff 48 c7 c7 c0 a6 7a a1 e8 f5 ab 44 ff e9 b8 fc ff ff <0f> 0b e9 60 fa ff ff 48 c7 c1 00 e5 5d a0 80 e1 07 80 c1 03 38 c1
RSP: 0018:ffffc900013c7248 EFLAGS: 00010246
RAX: 0000000000000000 RBX: ffff8881319df400 RCX: 0000000000000046
RDX: ffffffff8496bea0 RSI: ffff88812b7cc2a8 RDI: ffff88800ba82990
RBP: ffff88812b7cc218 R08: 0000000000000000 R09: 0000000000000000
R10: dffffc0000000000 R11: ffffed10256f9838 R12: ffff888127dac418
R13: dffffc0000000000 R14: 0000000000000000 R15: 1ffff11024fb5892
FS:  0000000000000000(0000) GS:ffff8881d4cfe000(0000) knlGS:0000000000000000
CS:  0010 DS: 0000 ES: 0000 CR0: 0000000080050033
CR2: 00007fd4f53e62f4 CR3: 000000011da7c000 CR4: 0000000000750eb0
PKRU: 55555554
Call Trace:
 <TASK>
 ? local_object_create+0x107/0x640 [obdclass]
 ? dt_write_lock+0x164/0x2a0 [obdclass]
 ? __local_file_create+0xce4/0x1bc0 [obdclass]
 ? local_index_find_or_create_with_fid+0x20d/0x3c0 [obdclass]
 ? lquota_disk_glb_find_create+0x3e7/0xe50 [lquota]
 ? lprocfs_seq_create+0x120/0x340 [obdclass]
 ? qmt_pool_prepare+0x5af/0x16f0 [lquota]
 ? qmt_device_prepare+0x22a/0x600 [lquota]
 ? mdt_quota_init+0x1a6d/0x3220 [mdt]
 ? mdt_tunables_init+0x3e6/0x530 [mdt]
 ? mdt_device_alloc+0x46ae/0x66c0 [mdt]
 ? obd_setup+0x25c/0x950 [obdclass]
 ? class_setup+0xc7d/0x10e0 [obdclass]
 ? class_process_config+0x2edb/0x7cb0 [obdclass]
 ? __kasan_kmalloc+0x72/0x80
 ? class_config_llog_handler+0x29d3/0x5110 [obdclass]
 ? class_config_llog_handler+0x2d7a/0x5110 [obdclass]
 ? lustre_cfg_rec_free+0x350/0x350 [obdclass]
 ? llog_process_thread+0x205e/0x4f80 [obdclass]
 ? _raw_spin_unlock+0x23/0x30
 ? llog_process_thread_daemonize+0x16d/0x1b0 [obdclass]
 ? kthread+0x58a/0x700
 ? llog_process_or_fork+0xc90/0xc90 [obdclass]
 ? kthread_unuse_mm+0x130/0x130
 ? ret_from_fork+0x18a/0x450
 ? kthread_unuse_mm+0x130/0x130
 ? ret_from_fork_asm+0x11/0x20
 </TASK>
---[ end trace 0000000000000000 ]---
------------[ cut here ]------------
WARNING: /home/ktest/git/linux/include/linux/fs.h:888 at osd_create+0xae0/0xe00 [osd_wbcfs], CPU#0: llog_process_th/989
Modules linked in: mdd(O) lod(O) mdt(O) lquota(O) lfsck(O) mgs(O) osd_wbcfs(O) lustre(O) obdecho(O) mgc(O) mdc(O) lov(O) osc(O) lmv(O) ec(O) fid(O) fld(O) ptlrpc(O) obdclass(O) ksocklnd(O) lnet(O) libcfs(O) efivarfs
CPU: 0 UID: 0 PID: 989 Comm: llog_process_th Tainted: G        W  O        6.19.0-ktest-9b2b74ff92-20260613 #1 NONE 
Tainted: [W]=WARN, [O]=OOT_MODULE
Hardware name: QEMU Standard PC (Q35 + ICH9, 2009), BIOS 2025.11-3ubuntu7 03/31/2026
RIP: 0010:osd_create+0xae0/0xe00 [osd_wbcfs]
Code: c7 c7 c0 a6 7a a1 48 c7 c6 a0 22 7c a1 48 c7 c2 c0 2c 7c a1 e8 d1 1c 44 ff 48 c7 c7 c0 a6 7a a1 e8 f5 ab 44 ff e9 b8 fc ff ff <0f> 0b e9 60 fa ff ff 48 c7 c1 00 e5 5d a0 80 e1 07 80 c1 03 38 c1
RSP: 0018:ffffc900013c7248 EFLAGS: 00010246
RAX: 0000000000000000 RBX: ffff88813133d400 RCX: 0000000000000046
RDX: ffffffff8496bea0 RSI: ffff88812b7cc9c0 RDI: ffff88800ba82990
RBP: ffff88812b7cc930 R08: 0000000000000000 R09: 0000000000000000
R10: dffffc0000000000 R11: ffffed10256f991b R12: ffff888127dac418
R13: dffffc0000000000 R14: 0000000000000000 R15: 1ffff11024fb5892
FS:  0000000000000000(0000) GS:ffff8881d4cfe000(0000) knlGS:0000000000000000
CS:  0010 DS: 0000 ES: 0000 CR0: 0000000080050033
CR2: 00007fd4f53e62f4 CR3: 000000011da7c000 CR4: 0000000000750eb0
PKRU: 55555554
Call Trace:
 <TASK>
 ? local_object_create+0x107/0x640 [obdclass]
 ? dt_write_lock+0x164/0x2a0 [obdclass]
 ? __local_file_create+0xce4/0x1bc0 [obdclass]
 ? local_index_find_or_create_with_fid+0x20d/0x3c0 [obdclass]
 ? lquota_disk_glb_find_create+0x3e7/0xe50 [lquota]
 ? lprocfs_seq_create+0x120/0x340 [obdclass]
 ? qmt_pool_prepare+0x5af/0x16f0 [lquota]
 ? qmt_device_prepare+0x22a/0x600 [lquota]
 ? mdt_quota_init+0x1a6d/0x3220 [mdt]
 ? mdt_tunables_init+0x3e6/0x530 [mdt]
 ? mdt_device_alloc+0x46ae/0x66c0 [mdt]
 ? obd_setup+0x25c/0x950 [obdclass]
 ? class_setup+0xc7d/0x10e0 [obdclass]
 ? class_process_config+0x2edb/0x7cb0 [obdclass]
 ? __kasan_kmalloc+0x72/0x80
 ? class_config_llog_handler+0x29d3/0x5110 [obdclass]
 ? class_config_llog_handler+0x2d7a/0x5110 [obdclass]
 ? lustre_cfg_rec_free+0x350/0x350 [obdclass]
 ? llog_process_thread+0x205e/0x4f80 [obdclass]
 ? _raw_spin_unlock+0x23/0x30
 ? llog_process_thread_daemonize+0x16d/0x1b0 [obdclass]
 ? kthread+0x58a/0x700
 ? llog_process_or_fork+0xc90/0xc90 [obdclass]
 ? kthread_unuse_mm+0x130/0x130
 ? ret_from_fork+0x18a/0x450
 ? kthread_unuse_mm+0x130/0x130
 ? ret_from_fork_asm+0x11/0x20
 </TASK>
---[ end trace 0000000000000000 ]---
------------[ cut here ]------------
WARNING: /home/ktest/git/linux/include/linux/fs.h:888 at osd_create+0xae0/0xe00 [osd_wbcfs], CPU#0: llog_process_th/989
Modules linked in: mdd(O) lod(O) mdt(O) lquota(O) lfsck(O) mgs(O) osd_wbcfs(O) lustre(O) obdecho(O) mgc(O) mdc(O) lov(O) osc(O) lmv(O) ec(O) fid(O) fld(O) ptlrpc(O) obdclass(O) ksocklnd(O) lnet(O) libcfs(O) efivarfs
CPU: 0 UID: 0 PID: 989 Comm: llog_process_th Tainted: G        W  O        6.19.0-ktest-9b2b74ff92-20260613 #1 NONE 
Tainted: [W]=WARN, [O]=OOT_MODULE
Hardware name: QEMU Standard PC (Q35 + ICH9, 2009), BIOS 2025.11-3ubuntu7 03/31/2026
RIP: 0010:osd_create+0xae0/0xe00 [osd_wbcfs]
Code: c7 c7 c0 a6 7a a1 48 c7 c6 a0 22 7c a1 48 c7 c2 c0 2c 7c a1 e8 d1 1c 44 ff 48 c7 c7 c0 a6 7a a1 e8 f5 ab 44 ff e9 b8 fc ff ff <0f> 0b e9 60 fa ff ff 48 c7 c1 00 e5 5d a0 80 e1 07 80 c1 03 38 c1
RSP: 0018:ffffc900013c7260 EFLAGS: 00010246
RAX: 0000000000000000 RBX: ffff88813133f400 RCX: 0000000000000046
RDX: 0000000000000000 RSI: ffff88812b7cd0d8 RDI: ffff88800ba82990
RBP: ffff88812b7cd048 R08: ffffffff838167c3 R09: 1ffffffff0702cf8
R10: dffffc0000000000 R11: fffffbfff0702cf9 R12: ffff888127dac418
R13: dffffc0000000000 R14: 0000000000000000 R15: 1ffff11024fb5892
FS:  0000000000000000(0000) GS:ffff8881d4cfe000(0000) knlGS:0000000000000000
CS:  0010 DS: 0000 ES: 0000 CR0: 0000000080050033
CR2: 00007fd4f53e62f4 CR3: 000000011da7c000 CR4: 0000000000750eb0
PKRU: 55555554
Call Trace:
 <TASK>
 ? local_object_create+0x107/0x640 [obdclass]
 ? dt_write_lock+0x164/0x2a0 [obdclass]
 ? __local_file_create+0xce4/0x1bc0 [obdclass]
 ? local_file_find_or_create+0x13c/0x1d0 [obdclass]
 ? lquota_disk_dir_find_create+0x31f/0xd10 [lquota]
 ? qmt_pool_prepare+0x3ee/0x16f0 [lquota]
 ? qmt_device_prepare+0x22a/0x600 [lquota]
 ? mdt_quota_init+0x1a6d/0x3220 [mdt]
 ? mdt_tunables_init+0x3e6/0x530 [mdt]
 ? mdt_device_alloc+0x46ae/0x66c0 [mdt]
 ? obd_setup+0x25c/0x950 [obdclass]
 ? class_setup+0xc7d/0x10e0 [obdclass]
 ? class_process_config+0x2edb/0x7cb0 [obdclass]
 ? __kasan_kmalloc+0x72/0x80
 ? class_config_llog_handler+0x29d3/0x5110 [obdclass]
 ? class_config_llog_handler+0x2d7a/0x5110 [obdclass]
 ? lustre_cfg_rec_free+0x350/0x350 [obdclass]
 ? llog_process_thread+0x205e/0x4f80 [obdclass]
 ? _raw_spin_unlock+0x23/0x30
 ? llog_process_thread_daemonize+0x16d/0x1b0 [obdclass]
 ? kthread+0x58a/0x700
 ? llog_process_or_fork+0xc90/0xc90 [obdclass]
 ? kthread_unuse_mm+0x130/0x130
 ? ret_from_fork+0x18a/0x450
 ? kthread_unuse_mm+0x130/0x130
 ? ret_from_fork_asm+0x11/0x20
 </TASK>
---[ end trace 0000000000000000 ]---
------------[ cut here ]------------
WARNING: /home/ktest/git/linux/include/linux/fs.h:888 at osd_create+0xae0/0xe00 [osd_wbcfs], CPU#0: llog_process_th/989
Modules linked in: mdd(O) lod(O) mdt(O) lquota(O) lfsck(O) mgs(O) osd_wbcfs(O) lustre(O) obdecho(O) mgc(O) mdc(O) lov(O) osc(O) lmv(O) ec(O) fid(O) fld(O) ptlrpc(O) obdclass(O) ksocklnd(O) lnet(O) libcfs(O) efivarfs
CPU: 0 UID: 0 PID: 989 Comm: llog_process_th Tainted: G        W  O        6.19.0-ktest-9b2b74ff92-20260613 #1 NONE 
Tainted: [W]=WARN, [O]=OOT_MODULE
Hardware name: QEMU Standard PC (Q35 + ICH9, 2009), BIOS 2025.11-3ubuntu7 03/31/2026
RIP: 0010:osd_create+0xae0/0xe00 [osd_wbcfs]
Code: c7 c7 c0 a6 7a a1 48 c7 c6 a0 22 7c a1 48 c7 c2 c0 2c 7c a1 e8 d1 1c 44 ff 48 c7 c7 c0 a6 7a a1 e8 f5 ab 44 ff e9 b8 fc ff ff <0f> 0b e9 60 fa ff ff 48 c7 c1 00 e5 5d a0 80 e1 07 80 c1 03 38 c1
RSP: 0018:ffffc900013c7248 EFLAGS: 00010246
RAX: 0000000000000000 RBX: ffff88812f538000 RCX: 0000000000000046
RDX: ffffffff8496bea0 RSI: ffff88812b7cd7f0 RDI: ffff88800ba82990
RBP: ffff88812b7cd760 R08: 0000000000000000 R09: 0000000000000000
R10: dffffc0000000000 R11: ffffed10256f9ae1 R12: ffff888127dac418
R13: dffffc0000000000 R14: 0000000000000000 R15: 1ffff11024fb5892
FS:  0000000000000000(0000) GS:ffff8881d4cfe000(0000) knlGS:0000000000000000
CS:  0010 DS: 0000 ES: 0000 CR0: 0000000080050033
CR2: 00007fd4f53e62f4 CR3: 000000011da7c000 CR4: 0000000000750eb0
PKRU: 55555554
Call Trace:
 <TASK>
 ? local_object_create+0x107/0x640 [obdclass]
 ? dt_write_lock+0x164/0x2a0 [obdclass]
 ? __local_file_create+0xce4/0x1bc0 [obdclass]
 ? local_index_find_or_create_with_fid+0x20d/0x3c0 [obdclass]
 ? lquota_disk_glb_find_create+0x3e7/0xe50 [lquota]
 ? qmt_pool_prepare+0x5af/0x16f0 [lquota]
 ? qmt_device_prepare+0x22a/0x600 [lquota]
 ? mdt_quota_init+0x1a6d/0x3220 [mdt]
 ? mdt_tunables_init+0x3e6/0x530 [mdt]
 ? mdt_device_alloc+0x46ae/0x66c0 [mdt]
 ? obd_setup+0x25c/0x950 [obdclass]
 ? class_setup+0xc7d/0x10e0 [obdclass]
 ? class_process_config+0x2edb/0x7cb0 [obdclass]
 ? __kasan_kmalloc+0x72/0x80
 ? class_config_llog_handler+0x29d3/0x5110 [obdclass]
 ? class_config_llog_handler+0x2d7a/0x5110 [obdclass]
 ? lustre_cfg_rec_free+0x350/0x350 [obdclass]
 ? llog_process_thread+0x205e/0x4f80 [obdclass]
 ? _raw_spin_unlock+0x23/0x30
 ? llog_process_thread_daemonize+0x16d/0x1b0 [obdclass]
 ? kthread+0x58a/0x700
 ? llog_process_or_fork+0xc90/0xc90 [obdclass]
 ? kthread_unuse_mm+0x130/0x130
 ? ret_from_fork+0x18a/0x450
 ? kthread_unuse_mm+0x130/0x130
 ? ret_from_fork_asm+0x11/0x20
 </TASK>
---[ end trace 0000000000000000 ]---
------------[ cut here ]------------
WARNING: /home/ktest/git/linux/include/linux/fs.h:888 at osd_create+0xae0/0xe00 [osd_wbcfs], CPU#0: llog_process_th/989
Modules linked in: mdd(O) lod(O) mdt(O) lquota(O) lfsck(O) mgs(O) osd_wbcfs(O) lustre(O) obdecho(O) mgc(O) mdc(O) lov(O) osc(O) lmv(O) ec(O) fid(O) fld(O) ptlrpc(O) obdclass(O) ksocklnd(O) lnet(O) libcfs(O) efivarfs
CPU: 0 UID: 0 PID: 989 Comm: llog_process_th Tainted: G        W  O        6.19.0-ktest-9b2b74ff92-20260613 #1 NONE 
Tainted: [W]=WARN, [O]=OOT_MODULE
Hardware name: QEMU Standard PC (Q35 + ICH9, 2009), BIOS 2025.11-3ubuntu7 03/31/2026
RIP: 0010:osd_create+0xae0/0xe00 [osd_wbcfs]
Code: c7 c7 c0 a6 7a a1 48 c7 c6 a0 22 7c a1 48 c7 c2 c0 2c 7c a1 e8 d1 1c 44 ff 48 c7 c7 c0 a6 7a a1 e8 f5 ab 44 ff e9 b8 fc ff ff <0f> 0b e9 60 fa ff ff 48 c7 c1 00 e5 5d a0 80 e1 07 80 c1 03 38 c1
RSP: 0018:ffffc900013c7248 EFLAGS: 00010246
RAX: 0000000000000000 RBX: ffff88812f53a000 RCX: 0000000000000046
RDX: ffffffff8496bea0 RSI: ffff88812b7cdf08 RDI: ffff88800ba82990
RBP: ffff88812b7cde78 R08: 0000000000000000 R09: 0000000000000000
R10: dffffc0000000000 R11: ffffed10256f9bc4 R12: ffff888127dac418
R13: dffffc0000000000 R14: 0000000000000000 R15: 1ffff11024fb5892
FS:  0000000000000000(0000) GS:ffff8881d4cfe000(0000) knlGS:0000000000000000
CS:  0010 DS: 0000 ES: 0000 CR0: 0000000080050033
CR2: 00007fd4f53e62f4 CR3: 000000011da7c000 CR4: 0000000000750eb0
PKRU: 55555554
Call Trace:
 <TASK>
 ? local_object_create+0x107/0x640 [obdclass]
 ? dt_write_lock+0x164/0x2a0 [obdclass]
 ? __local_file_create+0xce4/0x1bc0 [obdclass]
 ? local_index_find_or_create_with_fid+0x20d/0x3c0 [obdclass]
 ? lquota_disk_glb_find_create+0x3e7/0xe50 [lquota]
 ? lprocfs_seq_create+0x120/0x340 [obdclass]
 ? qmt_pool_prepare+0x5af/0x16f0 [lquota]
 ? qmt_device_prepare+0x22a/0x600 [lquota]
 ? mdt_quota_init+0x1a6d/0x3220 [mdt]
 ? mdt_tunables_init+0x3e6/0x530 [mdt]
 ? mdt_device_alloc+0x46ae/0x66c0 [mdt]
 ? obd_setup+0x25c/0x950 [obdclass]
 ? class_setup+0xc7d/0x10e0 [obdclass]
 ? class_process_config+0x2edb/0x7cb0 [obdclass]
 ? __kasan_kmalloc+0x72/0x80
 ? class_config_llog_handler+0x29d3/0x5110 [obdclass]
 ? class_config_llog_handler+0x2d7a/0x5110 [obdclass]
 ? lustre_cfg_rec_free+0x350/0x350 [obdclass]
 ? llog_process_thread+0x205e/0x4f80 [obdclass]
 ? _raw_spin_unlock+0x23/0x30
 ? llog_process_thread_daemonize+0x16d/0x1b0 [obdclass]
 ? kthread+0x58a/0x700
 ? llog_process_or_fork+0xc90/0xc90 [obdclass]
 ? kthread_unuse_mm+0x130/0x130
 ? ret_from_fork+0x18a/0x450
 ? kthread_unuse_mm+0x130/0x130
 ? ret_from_fork_asm+0x11/0x20
 </TASK>
---[ end trace 0000000000000000 ]---
------------[ cut here ]------------
WARNING: /home/ktest/git/linux/include/linux/fs.h:888 at osd_create+0xae0/0xe00 [osd_wbcfs], CPU#0: llog_process_th/989
Modules linked in: mdd(O) lod(O) mdt(O) lquota(O) lfsck(O) mgs(O) osd_wbcfs(O) lustre(O) obdecho(O) mgc(O) mdc(O) lov(O) osc(O) lmv(O) ec(O) fid(O) fld(O) ptlrpc(O) obdclass(O) ksocklnd(O) lnet(O) libcfs(O) efivarfs
CPU: 0 UID: 0 PID: 989 Comm: llog_process_th Tainted: G        W  O        6.19.0-ktest-9b2b74ff92-20260613 #1 NONE 
Tainted: [W]=WARN, [O]=OOT_MODULE
Hardware name: QEMU Standard PC (Q35 + ICH9, 2009), BIOS 2025.11-3ubuntu7 03/31/2026
RIP: 0010:osd_create+0xae0/0xe00 [osd_wbcfs]
Code: c7 c7 c0 a6 7a a1 48 c7 c6 a0 22 7c a1 48 c7 c2 c0 2c 7c a1 e8 d1 1c 44 ff 48 c7 c7 c0 a6 7a a1 e8 f5 ab 44 ff e9 b8 fc ff ff <0f> 0b e9 60 fa ff ff 48 c7 c1 00 e5 5d a0 80 e1 07 80 c1 03 38 c1
RSP: 0018:ffffc900013c7248 EFLAGS: 00010246
RAX: 0000000000000000 RBX: ffff88814d6a0000 RCX: 0000000000000046
RDX: ffffffff8496bea0 RSI: ffff88812b7ce620 RDI: ffff88800ba82990
RBP: ffff88812b7ce590 R08: 0000000000000000 R09: 0000000000000000
R10: dffffc0000000000 R11: ffffed10256f9ca7 R12: ffff888127dac418
R13: dffffc0000000000 R14: 0000000000000000 R15: 1ffff11024fb5892
FS:  0000000000000000(0000) GS:ffff8881d4cfe000(0000) knlGS:0000000000000000
CS:  0010 DS: 0000 ES: 0000 CR0: 0000000080050033
CR2: 00007fd4f53e62f4 CR3: 000000011da7c000 CR4: 0000000000750eb0
PKRU: 55555554
Call Trace:
 <TASK>
 ? local_object_create+0x107/0x640 [obdclass]
 ? dt_write_lock+0x164/0x2a0 [obdclass]
 ? __local_file_create+0xce4/0x1bc0 [obdclass]
 ? local_index_find_or_create_with_fid+0x20d/0x3c0 [obdclass]
 ? lquota_disk_glb_find_create+0x3e7/0xe50 [lquota]
 ? lprocfs_seq_create+0x120/0x340 [obdclass]
 ? qmt_pool_prepare+0x5af/0x16f0 [lquota]
 ? qmt_device_prepare+0x22a/0x600 [lquota]
 ? mdt_quota_init+0x1a6d/0x3220 [mdt]
 ? mdt_tunables_init+0x3e6/0x530 [mdt]
 ? mdt_device_alloc+0x46ae/0x66c0 [mdt]
 ? obd_setup+0x25c/0x950 [obdclass]
 ? class_setup+0xc7d/0x10e0 [obdclass]
 ? class_process_config+0x2edb/0x7cb0 [obdclass]
 ? __kasan_kmalloc+0x72/0x80
 ? class_config_llog_handler+0x29d3/0x5110 [obdclass]
 ? class_config_llog_handler+0x2d7a/0x5110 [obdclass]
 ? lustre_cfg_rec_free+0x350/0x350 [obdclass]
 ? llog_process_thread+0x205e/0x4f80 [obdclass]
 ? _raw_spin_unlock+0x23/0x30
 ? llog_process_thread_daemonize+0x16d/0x1b0 [obdclass]
 ? kthread+0x58a/0x700
 ? llog_process_or_fork+0xc90/0xc90 [obdclass]
 ? kthread_unuse_mm+0x130/0x130
 ? ret_from_fork+0x18a/0x450
 ? kthread_unuse_mm+0x130/0x130
 ? ret_from_fork_asm+0x11/0x20
 </TASK>
---[ end trace 0000000000000000 ]---
------------[ cut here ]------------
WARNING: /home/ktest/git/linux/include/linux/fs.h:888 at osd_create+0xae0/0xe00 [osd_wbcfs], CPU#1: ll_mgs_0000/954
Modules linked in: osp(O) mdd(O) lod(O) mdt(O) lquota(O) lfsck(O) mgs(O) osd_wbcfs(O) lustre(O) obdecho(O) mgc(O) mdc(O) lov(O) osc(O) lmv(O) ec(O) fid(O) fld(O) ptlrpc(O) obdclass(O) ksocklnd(O) lnet(O) libcfs(O) efivarfs
CPU: 1 UID: 0 PID: 954 Comm: ll_mgs_0000 Tainted: G        W  O        6.19.0-ktest-9b2b74ff92-20260613 #1 NONE 
Tainted: [W]=WARN, [O]=OOT_MODULE
Hardware name: QEMU Standard PC (Q35 + ICH9, 2009), BIOS 2025.11-3ubuntu7 03/31/2026
RIP: 0010:osd_create+0xae0/0xe00 [osd_wbcfs]
Code: c7 c7 c0 a6 7a a1 48 c7 c6 a0 22 7c a1 48 c7 c2 c0 2c 7c a1 e8 d1 1c 44 ff 48 c7 c7 c0 a6 7a a1 e8 f5 ab 44 ff e9 b8 fc ff ff <0f> 0b e9 60 fa ff ff 48 c7 c1 00 e5 5d a0 80 e1 07 80 c1 03 38 c1
RSP: 0018:ffffc900013d76d0 EFLAGS: 00010246
RAX: 0000000000000000 RBX: ffff888105cf3800 RCX: 0000000000000046
RDX: 0000000000000000 RSI: ffff888131f31100 RDI: ffff88812f9ca9e0
RBP: ffff888131f31070 R08: ffffffff838167c3 R09: 1ffffffff0702cf8
R10: dffffc0000000000 R11: fffffbfff0702cf9 R12: ffff88812d9b2418
R13: dffffc0000000000 R14: 0000000000000000 R15: 1ffff11025b36492
FS:  0000000000000000(0000) GS:ffff8881d4d7e000(0000) knlGS:0000000000000000
CS:  0010 DS: 0000 ES: 0000 CR0: 0000000080050033
CR2: 00007fdecb7e62f4 CR3: 000000012ad76000 CR4: 0000000000750eb0
PKRU: 55555554
Call Trace:
 <TASK>
 ? local_object_create+0x107/0x640 [obdclass]
 ? dt_write_lock+0x164/0x2a0 [obdclass]
 ? __local_file_create+0xce4/0x1bc0 [obdclass]
 ? local_file_find_or_create+0x13c/0x1d0 [obdclass]
 ? mgs_ir_update+0x1cd8/0x39f0 [mgs]
 ? mgs_target_reg+0xce4/0x4290 [mgs]
 ? req_capsule_server_pack+0xcc/0x670 [ptlrpc]
 ? tgt_request_handle+0x2299/0x3bb0 [ptlrpc]
 ? ptlrpc_main+0x635f/0x9700 [ptlrpc]
 ? __kthread_parkme+0x70/0x110
 ? kthread+0x58a/0x700
 ? ptlrpc_start_thread+0x1f10/0x1f10 [ptlrpc]
 ? kthread_unuse_mm+0x130/0x130
 ? ret_from_fork+0x18a/0x450
 ? kthread_unuse_mm+0x130/0x130
 ? ret_from_fork_asm+0x11/0x20
 </TASK>
---[ end trace 0000000000000000 ]---
Lustre: lustre-MDT0000: Imperative Recovery not enabled, recovery window 300-900
Lustre: ctl-lustre-MDT0000: super-sequence allocation rc = 0 [0x0000000200000400-0x0000000240000400]:0:mdt
------------[ cut here ]------------
WARNING: /home/ktest/git/linux/include/linux/fs.h:888 at osd_create+0xae0/0xe00 [osd_wbcfs], CPU#0: lod0000_rec0000/999
Modules linked in: osp(O) mdd(O) lod(O) mdt(O) lquota(O) lfsck(O) mgs(O) osd_wbcfs(O) lustre(O) obdecho(O) mgc(O) mdc(O) lov(O) osc(O) lmv(O) ec(O) fid(O) fld(O) ptlrpc(O) obdclass(O) ksocklnd(O) lnet(O) libcfs(O) efivarfs
CPU: 0 UID: 0 PID: 999 Comm: lod0000_rec0000 Tainted: G        W  O        6.19.0-ktest-9b2b74ff92-20260613 #1 NONE 
Tainted: [W]=WARN, [O]=OOT_MODULE
Hardware name: QEMU Standard PC (Q35 + ICH9, 2009), BIOS 2025.11-3ubuntu7 03/31/2026
RIP: 0010:osd_create+0xae0/0xe00 [osd_wbcfs]
Code: c7 c7 c0 a6 7a a1 48 c7 c6 a0 22 7c a1 48 c7 c2 c0 2c 7c a1 e8 d1 1c 44 ff 48 c7 c7 c0 a6 7a a1 e8 f5 ab 44 ff e9 b8 fc ff ff <0f> 0b e9 60 fa ff ff 48 c7 c1 00 e5 5d a0 80 e1 07 80 c1 03 38 c1
RSP: 0018:ffffc90000c17b38 EFLAGS: 00010246
RAX: 0000000000000000 RBX: ffff88812ed32c00 RCX: 0000000000000046
RDX: 0000000000000000 RSI: ffff88812b8982d0 RDI: ffff88812fcb0950
RBP: ffff88812b898240 R08: ffffffff838167c3 R09: 1ffffffff0702cf8
R10: dffffc0000000000 R11: fffffbfff0702cf9 R12: ffff88812a581000
R13: dffffc0000000000 R14: 0000000000000000 R15: 1ffff110254b020f
FS:  0000000000000000(0000) GS:ffff8881d4cfe000(0000) knlGS:0000000000000000
CS:  0010 DS: 0000 ES: 0000 CR0: 0000000080050033
CR2: 00007fb8b3fe62f4 CR3: 000000012ae5e000 CR4: 0000000000750eb0
PKRU: 55555554
Call Trace:
 <TASK>
 ? llog_osd_create+0x601/0x1260 [obdclass]
 ? llog_create+0x2ed/0x530 [obdclass]
 ? llog_open_create+0x6e7/0xb30 [obdclass]
 ? lod_sub_prep_llog+0xdfd/0x1b40 [lod]
 ? lod_sub_recovery_thread+0x316/0x18d0 [lod]
 ? __kthread_parkme+0x70/0x110
 ? kthread+0x58a/0x700
 ? lod_sub_init_llog+0x1180/0x1180 [lod]
 ? kthread_unuse_mm+0x130/0x130
 ? ret_from_fork+0x18a/0x450
 ? kthread_unuse_mm+0x130/0x130
 ? ret_from_fork_asm+0x11/0x20
 </TASK>
---[ end trace 0000000000000000 ]---
------------[ cut here ]------------
WARNING: /home/ktest/git/linux/include/linux/fs.h:888 at osd_create+0xae0/0xe00 [osd_wbcfs], CPU#1: ll_mgs_0000/954
Modules linked in: osp(O) mdd(O) lod(O) mdt(O) lquota(O) lfsck(O) mgs(O) osd_wbcfs(O) lustre(O) obdecho(O) mgc(O) mdc(O) lov(O) osc(O) lmv(O) ec(O) fid(O) fld(O) ptlrpc(O) obdclass(O) ksocklnd(O) lnet(O) libcfs(O) efivarfs
CPU: 1 UID: 0 PID: 954 Comm: ll_mgs_0000 Tainted: G        W  O        6.19.0-ktest-9b2b74ff92-20260613 #1 NONE 
Tainted: [W]=WARN, [O]=OOT_MODULE
Hardware name: QEMU Standard PC (Q35 + ICH9, 2009), BIOS 2025.11-3ubuntu7 03/31/2026
RIP: 0010:osd_create+0xae0/0xe00 [osd_wbcfs]
Code: c7 c7 c0 a6 7a a1 48 c7 c6 a0 22 7c a1 48 c7 c2 c0 2c 7c a1 e8 d1 1c 44 ff 48 c7 c7 c0 a6 7a a1 e8 f5 ab 44 ff e9 b8 fc ff ff <0f> 0b e9 60 fa ff ff 48 c7 c1 00 e5 5d a0 80 e1 07 80 c1 03 38 c1
RSP: 0018:ffffc900013d7660 EFLAGS: 00010246
RAX: 0000000000000000 RBX: ffff888128dc9c00 RCX: 0000000000000046
RDX: 0000000000000000 RSI: ffff888131f31818 RDI: ffff88812f9ca9e0
RBP: ffff888131f31788 R08: ffffffff838167c3 R09: 1ffffffff0702cf8
R10: dffffc0000000000 R11: fffffbfff0702cf9 R12: ffff88812db43000
R13: dffffc0000000000 R14: 0000000000000000 R15: 1ffff11025b6860f
FS:  0000000000000000(0000) GS:ffff8881d4d7e000(0000) knlGS:0000000000000000
CS:  0010 DS: 0000 ES: 0000 CR0: 0000000080050033
CR2: 00007fdecb7e62f4 CR3: 000000012ad76000 CR4: 0000000000750eb0
PKRU: 55555554
Call Trace:
 <TASK>
 ? local_object_create+0x107/0x640 [obdclass]
 ? dt_write_lock+0x155/0x290 [obdclass]
 ? llog_osd_create+0x354/0x1260 [obdclass]
 ? llog_create+0x2ed/0x530 [obdclass]
 ? llog_open_create+0x6e7/0xb30 [obdclass]
 ? record_start_log+0x348/0xa40 [mgs]
 ? mgs_write_log_lov+0x3ac/0xde0 [mgs]
 ? mgs_write_log_target+0x17a4/0x6ab0 [mgs]
 ? mgs_target_reg+0x2498/0x4290 [mgs]
 ? req_capsule_server_pack+0xcc/0x670 [ptlrpc]
 ? tgt_request_handle+0x2299/0x3bb0 [ptlrpc]
 ? ptlrpc_main+0x635f/0x9700 [ptlrpc]
 ? __kthread_parkme+0x70/0x110
 ? kthread+0x58a/0x700
 ? ptlrpc_start_thread+0x1f10/0x1f10 [ptlrpc]
 ? kthread_unuse_mm+0x130/0x130
 ? ret_from_fork+0x18a/0x450
 ? kthread_unuse_mm+0x130/0x130
 ? ret_from_fork_asm+0x11/0x20
 </TASK>
---[ end trace 0000000000000000 ]---
------------[ cut here ]------------
WARNING: /home/ktest/git/linux/include/linux/fs.h:888 at osd_create+0xae0/0xe00 [osd_wbcfs], CPU#2: llog_process_th/1004
Modules linked in: osp(O) mdd(O) lod(O) mdt(O) lquota(O) lfsck(O) mgs(O) osd_wbcfs(O) lustre(O) obdecho(O) mgc(O) mdc(O) lov(O) osc(O) lmv(O) ec(O) fid(O) fld(O) ptlrpc(O) obdclass(O) ksocklnd(O) lnet(O) libcfs(O) efivarfs
CPU: 2 UID: 0 PID: 1004 Comm: llog_process_th Tainted: G        W  O        6.19.0-ktest-9b2b74ff92-20260613 #1 NONE 
Tainted: [W]=WARN, [O]=OOT_MODULE
Hardware name: QEMU Standard PC (Q35 + ICH9, 2009), BIOS 2025.11-3ubuntu7 03/31/2026
RIP: 0010:osd_create+0xae0/0xe00 [osd_wbcfs]
Code: c7 c7 c0 a6 7a a1 48 c7 c6 a0 22 7c a1 48 c7 c2 c0 2c 7c a1 e8 d1 1c 44 ff 48 c7 c7 c0 a6 7a a1 e8 f5 ab 44 ff e9 b8 fc ff ff <0f> 0b e9 60 fa ff ff 48 c7 c1 00 e5 5d a0 80 e1 07 80 c1 03 38 c1
RSP: 0018:ffffc90001877430 EFLAGS: 00010246
RAX: 0000000000000000 RBX: ffff888147968000 RCX: 0000000000000046
RDX: ffffffff8496bea0 RSI: ffff88812a3749c0 RDI: ffff88812fcb49d0
RBP: ffff88812a374930 R08: 0000000000000000 R09: 0000000000000000
R10: dffffc0000000000 R11: ffffed102546e91b R12: ffff88812fbeb700
R13: dffffc0000000000 R14: 0000000000000000 R15: 1ffff9200030eebd
FS:  0000000000000000(0000) GS:ffff8881d4dfe000(0000) knlGS:0000000000000000
CS:  0010 DS: 0000 ES: 0000 CR0: 0000000080050033
CR2: 000055bd3118d77c CR3: 0000000131ca5000 CR4: 0000000000750eb0
PKRU: 55555554
Call Trace:
 <TASK>
 ? dt_find_or_create+0x9c1/0x14d0 [obdclass]
 ? fld_index_init+0x404/0x1610 [fld]
 ? is_module_address+0x54/0x60
 ? __asan_memset+0x22/0x40
 ? fld_server_init+0x1d7/0x580 [fld]
 ? mdt_device_alloc+0x36b4/0x66c0 [mdt]
 ? __kasan_slab_alloc+0x37/0x60
 ? obd_setup+0x25c/0x950 [obdclass]
 ? class_setup+0xc7d/0x10e0 [obdclass]
 ? class_process_config+0x2edb/0x7cb0 [obdclass]
 ? __kasan_kmalloc+0x72/0x80
 ? class_config_llog_handler+0x29d3/0x5110 [obdclass]
 ? class_config_llog_handler+0x2d7a/0x5110 [obdclass]
 ? lustre_cfg_rec_free+0x350/0x350 [obdclass]
 ? llog_process_thread+0x205e/0x4f80 [obdclass]
 ? _raw_spin_unlock+0x23/0x30
 ? llog_process_thread_daemonize+0x16d/0x1b0 [obdclass]
 ? kthread+0x58a/0x700
 ? llog_process_or_fork+0xc90/0xc90 [obdclass]
 ? kthread_unuse_mm+0x130/0x130
 ? ret_from_fork+0x18a/0x450
 ? kthread_unuse_mm+0x130/0x130
 ? ret_from_fork_asm+0x11/0x20
 </TASK>
---[ end trace 0000000000000000 ]---
------------[ cut here ]------------
WARNING: /home/ktest/git/linux/include/linux/fs.h:888 at osd_create+0xae0/0xe00 [osd_wbcfs], CPU#2: llog_process_th/1004
Modules linked in: osp(O) mdd(O) lod(O) mdt(O) lquota(O) lfsck(O) mgs(O) osd_wbcfs(O) lustre(O) obdecho(O) mgc(O) mdc(O) lov(O) osc(O) lmv(O) ec(O) fid(O) fld(O) ptlrpc(O) obdclass(O) ksocklnd(O) lnet(O) libcfs(O) efivarfs
CPU: 2 UID: 0 PID: 1004 Comm: llog_process_th Tainted: G        W  O        6.19.0-ktest-9b2b74ff92-20260613 #1 NONE 
Tainted: [W]=WARN, [O]=OOT_MODULE
Hardware name: QEMU Standard PC (Q35 + ICH9, 2009), BIOS 2025.11-3ubuntu7 03/31/2026
RIP: 0010:osd_create+0xae0/0xe00 [osd_wbcfs]
Code: c7 c7 c0 a6 7a a1 48 c7 c6 a0 22 7c a1 48 c7 c2 c0 2c 7c a1 e8 d1 1c 44 ff 48 c7 c7 c0 a6 7a a1 e8 f5 ab 44 ff e9 b8 fc ff ff <0f> 0b e9 60 fa ff ff 48 c7 c1 00 e5 5d a0 80 e1 07 80 c1 03 38 c1
RSP: 0018:ffffc90001877408 EFLAGS: 00010246
RAX: 0000000000000000 RBX: ffff888147968800 RCX: 0000000000000046
RDX: 0000000000000000 RSI: ffff88812a3750d8 RDI: ffff88812fcb49d0
RBP: ffff88812a375048 R08: ffffffff838167c3 R09: 1ffffffff0702cf8
R10: dffffc0000000000 R11: fffffbfff0702cf9 R12: ffffc90001877518
R13: dffffc0000000000 R14: 0000000000000000 R15: 1ffff9200030eea1
FS:  0000000000000000(0000) GS:ffff8881d4dfe000(0000) knlGS:0000000000000000
CS:  0010 DS: 0000 ES: 0000 CR0: 0000000080050033
CR2: 000055bd3118d77c CR3: 0000000131ca5000 CR4: 0000000000750eb0
PKRU: 55555554
Call Trace:
 <TASK>
 ? dt_find_or_create+0x9c1/0x14d0 [obdclass]
 ? seq_store_init+0x155/0x360 [fid]
 ? seq_server_init+0x290/0xba0 [fid]
 ? mdt_seq_init+0x2c1/0x1f00 [mdt]
 ? mdt_device_alloc+0x39c5/0x66c0 [mdt]
 ? __kasan_slab_alloc+0x37/0x60
 ? obd_setup+0x25c/0x950 [obdclass]
 ? class_setup+0xc7d/0x10e0 [obdclass]
 ? class_process_config+0x2edb/0x7cb0 [obdclass]
 ? __kasan_kmalloc+0x72/0x80
 ? class_config_llog_handler+0x29d3/0x5110 [obdclass]
 ? class_config_llog_handler+0x2d7a/0x5110 [obdclass]
 ? lustre_cfg_rec_free+0x350/0x350 [obdclass]
 ? llog_process_thread+0x205e/0x4f80 [obdclass]
 ? _raw_spin_unlock+0x23/0x30
 ? llog_process_thread_daemonize+0x16d/0x1b0 [obdclass]
 ? kthread+0x58a/0x700
 ? llog_process_or_fork+0xc90/0xc90 [obdclass]
 ? kthread_unuse_mm+0x130/0x130
 ? ret_from_fork+0x18a/0x450
 ? kthread_unuse_mm+0x130/0x130
 ? ret_from_fork_asm+0x11/0x20
 </TASK>
---[ end trace 0000000000000000 ]---
------------[ cut here ]------------
WARNING: /home/ktest/git/linux/include/linux/fs.h:888 at osd_create+0xae0/0xe00 [osd_wbcfs], CPU#2: llog_process_th/1004
Modules linked in: osp(O) mdd(O) lod(O) mdt(O) lquota(O) lfsck(O) mgs(O) osd_wbcfs(O) lustre(O) obdecho(O) mgc(O) mdc(O) lov(O) osc(O) lmv(O) ec(O) fid(O) fld(O) ptlrpc(O) obdclass(O) ksocklnd(O) lnet(O) libcfs(O) efivarfs
CPU: 2 UID: 0 PID: 1004 Comm: llog_process_th Tainted: G        W  O        6.19.0-ktest-9b2b74ff92-20260613 #1 NONE 
Tainted: [W]=WARN, [O]=OOT_MODULE
Hardware name: QEMU Standard PC (Q35 + ICH9, 2009), BIOS 2025.11-3ubuntu7 03/31/2026
RIP: 0010:osd_create+0xae0/0xe00 [osd_wbcfs]
Code: c7 c7 c0 a6 7a a1 48 c7 c6 a0 22 7c a1 48 c7 c2 c0 2c 7c a1 e8 d1 1c 44 ff 48 c7 c7 c0 a6 7a a1 e8 f5 ab 44 ff e9 b8 fc ff ff <0f> 0b e9 60 fa ff ff 48 c7 c1 00 e5 5d a0 80 e1 07 80 c1 03 38 c1
RSP: 0018:ffffc90001877450 EFLAGS: 00010246
RAX: 0000000000000000 RBX: ffff888147969800 RCX: 0000000000000046
RDX: 0000000000000000 RSI: ffff88812a3757f0 RDI: ffff88812fcb49d0
RBP: ffff88812a375760 R08: ffffffff838167c3 R09: 1ffffffff0702cf8
R10: dffffc0000000000 R11: fffffbfff0702cf9 R12: ffffc900018775d0
R13: dffffc0000000000 R14: 0000000000000000 R15: 1ffff9200030eec7
FS:  0000000000000000(0000) GS:ffff8881d4dfe000(0000) knlGS:0000000000000000
CS:  0010 DS: 0000 ES: 0000 CR0: 0000000080050033
CR2: 000055bd3118d77c CR3: 0000000131ca5000 CR4: 0000000000750eb0
PKRU: 55555554
Call Trace:
 <TASK>
 ? dt_find_or_create+0x9c1/0x14d0 [obdclass]
 ? tgt_init+0xb6e/0x2a60 [ptlrpc]
 ? mdt_device_alloc+0x3ce7/0x66c0 [mdt]
 ? __kasan_slab_alloc+0x37/0x60
 ? obd_setup+0x25c/0x950 [obdclass]
 ? class_setup+0xc7d/0x10e0 [obdclass]
 ? class_process_config+0x2edb/0x7cb0 [obdclass]
 ? __kasan_kmalloc+0x72/0x80
 ? class_config_llog_handler+0x29d3/0x5110 [obdclass]
 ? class_config_llog_handler+0x2d7a/0x5110 [obdclass]
 ? lustre_cfg_rec_free+0x350/0x350 [obdclass]
 ? llog_process_thread+0x205e/0x4f80 [obdclass]
 ? _raw_spin_unlock+0x23/0x30
 ? llog_process_thread_daemonize+0x16d/0x1b0 [obdclass]
 ? kthread+0x58a/0x700
 ? llog_process_or_fork+0xc90/0xc90 [obdclass]
 ? kthread_unuse_mm+0x130/0x130
 ? ret_from_fork+0x18a/0x450
 ? kthread_unuse_mm+0x130/0x130
 ? ret_from_fork_asm+0x11/0x20
 </TASK>
---[ end trace 0000000000000000 ]---
------------[ cut here ]------------
WARNING: /home/ktest/git/linux/include/linux/fs.h:888 at osd_create+0xae0/0xe00 [osd_wbcfs], CPU#2: llog_process_th/1004
Modules linked in: osp(O) mdd(O) lod(O) mdt(O) lquota(O) lfsck(O) mgs(O) osd_wbcfs(O) lustre(O) obdecho(O) mgc(O) mdc(O) lov(O) osc(O) lmv(O) ec(O) fid(O) fld(O) ptlrpc(O) obdclass(O) ksocklnd(O) lnet(O) libcfs(O) efivarfs
CPU: 2 UID: 0 PID: 1004 Comm: llog_process_th Tainted: G        W  O        6.19.0-ktest-9b2b74ff92-20260613 #1 NONE 
Tainted: [W]=WARN, [O]=OOT_MODULE
Hardware name: QEMU Standard PC (Q35 + ICH9, 2009), BIOS 2025.11-3ubuntu7 03/31/2026
RIP: 0010:osd_create+0xae0/0xe00 [osd_wbcfs]
Code: c7 c7 c0 a6 7a a1 48 c7 c6 a0 22 7c a1 48 c7 c2 c0 2c 7c a1 e8 d1 1c 44 ff 48 c7 c7 c0 a6 7a a1 e8 f5 ab 44 ff e9 b8 fc ff ff <0f> 0b e9 60 fa ff ff 48 c7 c1 00 e5 5d a0 80 e1 07 80 c1 03 38 c1
RSP: 0018:ffffc90001877450 EFLAGS: 00010246
RAX: 0000000000000000 RBX: ffff888147969c00 RCX: 0000000000000046
RDX: 0000000000000000 RSI: ffff88812a375f08 RDI: ffff88812fcb49d0
RBP: ffff88812a375e78 R08: ffffffff838167c3 R09: 1ffffffff0702cf8
R10: dffffc0000000000 R11: fffffbfff0702cf9 R12: ffffc900018775d0
R13: dffffc0000000000 R14: 0000000000000000 R15: 1ffff9200030eec7
FS:  0000000000000000(0000) GS:ffff8881d4dfe000(0000) knlGS:0000000000000000
CS:  0010 DS: 0000 ES: 0000 CR0: 0000000080050033
CR2: 000055bd3118d77c CR3: 0000000131ca5000 CR4: 0000000000750eb0
PKRU: 55555554
Call Trace:
 <TASK>
 ? dt_find_or_create+0x9c1/0x14d0 [obdclass]
 ? tgt_init+0x1a94/0x2a60 [ptlrpc]
 ? mdt_device_alloc+0x3ce7/0x66c0 [mdt]
 ? __kasan_slab_alloc+0x37/0x60
 ? obd_setup+0x25c/0x950 [obdclass]
 ? class_setup+0xc7d/0x10e0 [obdclass]
 ? class_process_config+0x2edb/0x7cb0 [obdclass]
 ? __kasan_kmalloc+0x72/0x80
 ? class_config_llog_handler+0x29d3/0x5110 [obdclass]
 ? class_config_llog_handler+0x2d7a/0x5110 [obdclass]
 ? lustre_cfg_rec_free+0x350/0x350 [obdclass]
 ? llog_process_thread+0x205e/0x4f80 [obdclass]
 ? _raw_spin_unlock+0x23/0x30
 ? llog_process_thread_daemonize+0x16d/0x1b0 [obdclass]
 ? kthread+0x58a/0x700
 ? llog_process_or_fork+0xc90/0xc90 [obdclass]
 ? kthread_unuse_mm+0x130/0x130
 ? ret_from_fork+0x18a/0x450
 ? kthread_unuse_mm+0x130/0x130
 ? ret_from_fork_asm+0x11/0x20
 </TASK>
---[ end trace 0000000000000000 ]---
==================================================================
BUG: KASAN: slab-out-of-bounds in statfs_pack+0x2f/0x230 [obdclass]
Write of size 192 at addr ffff88800f041a30 by task mdt_out00_001/971

CPU: 0 UID: 0 PID: 971 Comm: mdt_out00_001 Tainted: G        W  O        6.19.0-ktest-9b2b74ff92-20260613 #1 NONE 
Tainted: [W]=WARN, [O]=OOT_MODULE
Hardware name: QEMU Standard PC (Q35 + ICH9, 2009), BIOS 2025.11-3ubuntu7 03/31/2026
Call Trace:
 <TASK>
 dump_stack_lvl+0x52/0x80
 print_report+0xbc/0x260
 ? statfs_pack+0x2f/0x230 [obdclass]
 kasan_report+0xa2/0xd0
 ? statfs_pack+0x2f/0x230 [obdclass]
 kasan_check_range+0x25f/0x2c0
 __asan_memset+0x22/0x40
 statfs_pack+0x2f/0x230 [obdclass]
 ? memfs_evict_inode+0x360/0x360 [osd_wbcfs]
 osd_statfs+0x1bb/0x460 [osd_wbcfs]
 mdt_statfs+0x76d/0x1500 [mdt]
 tgt_request_handle+0x2299/0x3bb0 [ptlrpc]
 ptlrpc_main+0x635f/0x9700 [ptlrpc]
 ? __kthread_parkme+0x70/0x110
 kthread+0x58a/0x700
 ? ptlrpc_start_thread+0x1f10/0x1f10 [ptlrpc]
 ? kthread_unuse_mm+0x130/0x130
 ret_from_fork+0x18a/0x450
 ? kthread_unuse_mm+0x130/0x130
 ret_from_fork_asm+0x11/0x20
 </TASK>

Allocated by task 971:
 kasan_save_track+0x2f/0x60
 __kasan_kmalloc+0x72/0x80
 __kmalloc_noprof+0x1b4/0x4e0
 null_alloc_rs+0x26b/0x6c0 [ptlrpc]
 sptlrpc_svc_alloc_rs+0x1b8/0x7c0 [ptlrpc]
 lustre_pack_reply_v2+0x473/0x9f0 [ptlrpc]
 lustre_pack_reply_flags+0x11f/0x3a0 [ptlrpc]
 req_capsule_server_pack+0xcc/0x670 [ptlrpc]
 tgt_request_handle+0x226c/0x3bb0 [ptlrpc]
 ptlrpc_main+0x635f/0x9700 [ptlrpc]
 kthread+0x58a/0x700
 ret_from_fork+0x18a/0x450
 ret_from_fork_asm+0x11/0x20

The buggy address belongs to the object at ffff88800f041800
 which belongs to the cache kmalloc-1k of size 1024
The buggy address is located 560 bytes inside of
 allocated 704-byte region [ffff88800f041800, ffff88800f041ac0)

The buggy address belongs to the physical page:
page: refcount:0 mapcount:0 mapping:0000000000000000 index:0x0 pfn:0xf040
head: order:3 mapcount:0 entire_mapcount:0 nr_pages_mapped:0 pincount:0
flags: 0x4000000000000040(head|zone=1)
page_type: f5(slab)
raw: 4000000000000040 ffff888100042dc0 dead000000000122 0000000000000000
raw: 0000000000000000 0000000080100010 00000000f5000000 ffff888104380800
head: 4000000000000040 ffff888100042dc0 dead000000000122 0000000000000000
head: 0000000000000000 0000000080100010 00000000f5000000 ffff888104380800
head: 4000000000000003 ffffea00003c1001 00000000ffffffff 00000000ffffffff
head: ffffffffffffffff 0000000000000000 00000000ffffffff 0000000000000008
page dumped because: kasan: bad access detected

Memory state around the buggy address:
 ffff88800f041980: 00 00 00 00 00 00 00 00 00 00 00 00 00 00 00 00
 ffff88800f041a00: 00 00 00 00 00 00 00 00 00 00 00 00 00 00 00 00
>ffff88800f041a80: 00 00 00 00 00 00 00 00 fc fc fc fc fc fc fc fc
                                           ^
 ffff88800f041b00: fc fc fc fc fc fc fc fc fc fc fc fc fc fc fc fc
 ffff88800f041b80: fc fc fc fc fc fc fc fc fc fc fc fc fc fc fc fc
==================================================================
Disabling lock debugging due to kernel taint
Lustre: cli-ctl-lustre-MDT0001: Allocated super-sequence [0x0000000240000400-0x0000000280000400]:1:mdt]
Lustre: ctl-lustre-MDT0000: super-sequence allocation rc = 0 [0x0000000280000400-0x00000002c0000400]:0:ost
Lustre: Skipped 1 previous similar message
Lustre: cli-lustre-OST0000-super: Allocated super-sequence [0x0000000280000400-0x00000002c0000400]:0:ost]
lod0000_rec0001 (1073) used greatest stack depth: 25592 bytes left
Lustre: lustre-OST0000-osc-MDT0000: update sequence from 0x100000000 to 0x280000401
Lustre: lustre-OST0001-osc-MDT0000: update sequence from 0x100010000 to 0x2c0000401
Lustre: lustre-MDT0000: local client 8c9e8002-ee2c-40a4-9d15-b197d7f83130 w/o recovery
Lustre: client wants to enable acl, but mdt not!
Lustre: Mounted lustre-client
lustre-ktest (935) used greatest stack depth: 23032 bytes left
17s
/host/home/ktest/git/lustre-release/lustre/tests/test-framework.sh: line 6895: cd: HOME not set
cat: /etc/system-release: No such file or directory
mgs: 
MGS_OS_VERSION_ID=24.04
MGS_OS_ID=ubuntu
MGS_OS_VERSION_CODE=402915328
MGS_OS_ID_LIKE=debian ubuntu
cat: /etc/system-release: No such file or directory
mds1: 
MDS1_OS_ID=ubuntu
MDS1_OS_VERSION_CODE=402915328
MDS1_OS_ID_LIKE=debian ubuntu
MDS1_OS_VERSION_ID=24.04
cat: /etc/system-release: No such file or directory
ost1: 
OST1_OS_VERSION_ID=24.04
OST1_OS_VERSION_CODE=402915328
OST1_OS_ID=ubuntu
OST1_OS_ID_LIKE=debian ubuntu
cat: /etc/system-release: No such file or directory
client: 
CLIENT_OS_VERSION_ID=24.04
CLIENT_OS_ID_LIKE=debian ubuntu
CLIENT_OS_ID=ubuntu
CLIENT_OS_VERSION_CODE=402915328
Started at Sat Jun 13 16:37:50 UTC 2026
localhost.localdomain: executing check_logdir /tmp/test_logs/2026-06-13/163748
Lustre: DEBUG MARKER: localhost.localdomain: executing check_logdir /tmp/test_logs/2026-06-13/163748
Logging to shared log directory: /tmp/test_logs/2026-06-13/163748
localhost.localdomain: executing yml_node
Lustre: DEBUG MARKER: localhost.localdomain: executing yml_node
Client: 2.17.52.126
Lustre: DEBUG MARKER: Client: 2.17.52.126
MDS: 2.17.52.126
Lustre: DEBUG MARKER: MDS: 2.17.52.126
OSS: 2.17.52.126
Lustre: DEBUG MARKER: OSS: 2.17.52.126
running: sanity ONLY=10 11 12 13 14 15 16 17a 17b 17c 
run_suite sanity /host/home/ktest/git/lustre-release/lustre/tests/sanity.sh
-----============= acceptance-small: sanity ============----- Sat Jun 13 16:37:52 UTC 2026
Lustre: DEBUG MARKER: -----============= acceptance-small: sanity ============----- Sat Jun 13 16:37:52 UTC 2026
Running: bash /host/home/ktest/git/lustre-release/lustre/tests/sanity.sh
cat: /etc/system-release: No such file or directory
mgs: 
MGS_OS_VERSION_ID=24.04
MGS_OS_ID=ubuntu
MGS_OS_VERSION_CODE=402915328
MGS_OS_ID_LIKE=debian ubuntu
cat: /etc/system-release: No such file or directory
mds1: 
MDS1_OS_ID=ubuntu
MDS1_OS_VERSION_CODE=402915328
MDS1_OS_ID_LIKE=debian ubuntu
MDS1_OS_VERSION_ID=24.04
cat: /etc/system-release: No such file or directory
ost1: 
OST1_OS_VERSION_ID=24.04
OST1_OS_VERSION_CODE=402915328
OST1_OS_ID=ubuntu
OST1_OS_ID_LIKE=debian ubuntu
cat: /etc/system-release: No such file or directory
client: 
CLIENT_OS_VERSION_ID=24.04
CLIENT_OS_ID_LIKE=debian ubuntu
CLIENT_OS_ID=ubuntu
CLIENT_OS_VERSION_CODE=402915328
localhost.localdomain: /host/home/ktest/git/lustre-release/lustre/tests/except/sanity.56aa.ex
localhost.localdomain: /host/home/ktest/git/lustre-release/lustre/tests/except/sanity.ex
- see CLIENT_VERSION > v2_15_63-134-gdacc4b6d38 (34681982 > 34553734) for LU-15963, go 312
- see CLIENT_VERSION > v2_15_63-239-gab4ede45b4 (34681982 > 34553839) for LU-17856, go 56wa 56xe
- see CLIENT_VERSION > v2_16_54-54-ga2e3a2f5a3 (34681982 > 34616886) for LU-14590, go 0d
- see CLIENT_VERSION >= v2_17_50-196-g63ee4af3bb (34681982 >= 34681540) for LU-19620, go 60b
- see CLIENT_VERSION >= v2_17_50-71-g2cbe29c282 (34681982 >= 34681415) for LU-19644, go 150ib
- see CLIENT_VERSION >= v2_17_51-74 (34681982 >= 34681674) for LU-20010, go 56aa
- need MDS1_VERSION < v2_14_55-100-g8a84c7f9c7 (34681982 < 34486116) for LU-14927, skip 0f
Lustre: DEBUG MARKER: - need MDS1_VERSION < v2_14_55-100-g8a84c7f9c7 (34681982 < 34486116) for LU-14927, skip 0f
- need MDS1_VERSION <= 2.16.61-1-g89cf292a8c2 (34681982 <= 34618625) for LU-18938, skip 360
Lustre: DEBUG MARKER: - need MDS1_VERSION <= 2.16.61-1-g89cf292a8c2 (34681982 <= 34618625) for LU-18938, skip 360
- see MDS1_VERSION <= CLIENT_VERSION (34681982 <= 34681982) for LU-18562, go 270a
excepting tests: 442 460d 600a 600b 600c 600d_base 600d 801a 801b 801c 802b 802c 803a 803b 804 805 806 807a 807b 808 809 810 812a 812b 812c 813 814 815 816 817 818 819a 819b 820 823 831 832 833 834 842 850 851 852 853 854 855 860 900 901 902 903 904 905 906 907 908a 908b 909 910 911 920 42a 42c 42b 118c 118d 407 119i 817 0f 27A 53 66 270a 119e 119f 119g 119h 156 17o 27oo 27z 27F 60a 64i 232 257 278 280 427 801c 818 820 17a 17b 17e 17g 17i 17p 21 25a 25b 26a 26c 26d 26e 26f 27ga 27Q 28 32e 32f 32g 32h 32m 32n 32o 32p 48a 54a 54c 54d 56l 56m 56n 56rd 56xb 56Eb 56eg 56eh 56ei 133a 140 170b 162a 226a 27p 27q 34a 31g 31l 31m 36g 44f 130a 130b 130c 130d 130e 130i 430a 51b 56ab 81b 220 413 418 806 52a 52b 102a 102h 102i 102r 102t 154B 154f 154g 160 161c 161d 205a 65k 807 808 812 56 65e 65a 406 205h 208 165 224d 226d 255 258 272 275 277 311 410 414 419 831 313 314 315 317 200 350 398 399 403 404 408 432 433 398a 405 411 421 27Cg 27U 422 424 425 426 428 429 434 442 430b 430c 431 814 833 850 801a 801b 802b 810 812b 842 851 901 903
Lustre: DEBUG MARKER: excepting tests: 442 460d 600a 600b 600c 600d_base 600d 801a 801b 801c 802b 802c 803a 803b 804 805 806 807a 807b 808 809 810 812a 812b 812c 813 814 815 816 817 818 819a 819b 820 823 831 832 833 834 842 850 851 852 853 854 855 860 900 901 902 903 904 905 9
skipping tests SLOW=no: 27m 60i 64b 68 71 135 136 230d 300o 842
Lustre: DEBUG MARKER: skipping tests SLOW=no: 27m 60i 64b 68 71 135 136 230d 300o 842
running as uid/gid/euid/egid 1000/1000/1000/1000, groups: 1000
 [true]
running as uid/gid/euid/egid 1000/1000/1000/1000, groups: 1000
 [touch] [/mnt/lustre/d0_runas_test/f1848]
preparing for tests involving mounts
mke2fs 1.47.0 (5-Feb-2023)

Filesystem too small for a journal

debug=all

== sanity test 10: mkdir .../d10 .../d10/d2; touch .../d10/d2/f ================================================================ 16:37:55 (1781368675)
Lustre: DEBUG MARKER: == sanity test 10: mkdir .../d10 .../d10/d2; touch .../d10/d2/f ================================================================ 16:37:55 (1781368675)
LustreError: 970:0:(osd_dirent.c:113:osd_index_dir_insert()) lustre-MDT0000: lookup [0x240000402:0x1:0x0] from icache failed: rc=-22
Lustre: 970:0:(out_handler.c:879:out_tx_end()) lustre-MDT0000-osd: error during execution of #0 from lustre/ptlrpc/../target/out_handler.c:532: rc = -22
mkdir: cannot create directory '/mnt/lustre/d10.sanity': Invalid argument
 sanity test_10: @@@@@@ FAIL: mkdir '/mnt/lustre/d10.sanity' failed 
Lustre: DEBUG MARKER: sanity test_10: @@@@@@ FAIL: mkdir '/mnt/lustre/d10.sanity' failed
  Trace dump:
  = /host/home/ktest/git/lustre-release/lustre/tests/test-framework.sh:7409:error()
  = /host/home/ktest/git/lustre-release/lustre/tests/test-framework.sh:10449:test_mkdir()
  = /host/home/ktest/git/lustre-release/lustre/tests/sanity.sh:539:test_10()
  = /host/home/ktest/git/lustre-release/lustre/tests/test-framework.sh:7785:run_one()
  = /host/home/ktest/git/lustre-release/lustre/tests/test-framework.sh:7848:run_one_logged()
  = /host/home/ktest/git/lustre-release/lustre/tests/test-framework.sh:7648:run_test()
  = /host/home/ktest/git/lustre-release/lustre/tests/sanity.sh:545:main()
Dumping lctl log to /tmp/test_logs/2026-06-13/163748/sanity.test_10.*.1781368676.log
Dumping logs only on local client.
FAIL 10 (1s)

== sanity test 11: mkdir .../d11 d11/d2; chmod .../d11/d2 ====================================================================== 16:37:56 (1781368676)
Lustre: DEBUG MARKER: == sanity test 11: mkdir .../d11 d11/d2; chmod .../d11/d2 ====================================================================== 16:37:56 (1781368676)
LustreError: 1008:0:(osd_dirent.c:113:osd_index_dir_insert()) lustre-MDT0000: lookup [0x240000402:0x2:0x0] from icache failed: rc=-22
Lustre: 1008:0:(out_handler.c:879:out_tx_end()) lustre-MDT0000-osd: error during execution of #0 from lustre/ptlrpc/../target/out_handler.c:532: rc = -22
mkdir: cannot create directory '/mnt/lustre/d11.sanity/d2': Invalid argument
 sanity test_11: @@@@@@ FAIL: mkdir '/mnt/lustre/d11.sanity/d2' failed 
Lustre: DEBUG MARKER: sanity test_11: @@@@@@ FAIL: mkdir '/mnt/lustre/d11.sanity/d2' failed
  Trace dump:
  = /host/home/ktest/git/lustre-release/lustre/tests/test-framework.sh:7409:error()
  = /host/home/ktest/git/lustre-release/lustre/tests/test-framework.sh:10449:test_mkdir()
  = /host/home/ktest/git/lustre-release/lustre/tests/sanity.sh:549:test_11()
  = /host/home/ktest/git/lustre-release/lustre/tests/test-framework.sh:7785:run_one()
  = /host/home/ktest/git/lustre-release/lustre/tests/test-framework.sh:7848:run_one_logged()
  = /host/home/ktest/git/lustre-release/lustre/tests/test-framework.sh:7648:run_test()
  = /host/home/ktest/git/lustre-release/lustre/tests/sanity.sh:555:main()
Dumping lctl log to /tmp/test_logs/2026-06-13/163748/sanity.test_11.*.1781368676.log
Dumping logs only on local client.
FAIL 11 (1s)

== sanity test 12: touch .../d12/f; chmod .../d12/f .../d12/f ================================================================== 16:37:57 (1781368677)
Lustre: DEBUG MARKER: == sanity test 12: touch .../d12/f; chmod .../d12/f .../d12/f ================================================================== 16:37:57 (1781368677)
/mnt/lustre/d12.sanity/f12.sanity has type file OK
/mnt/lustre/d12.sanity/f12.sanity has perms 0654 OK
PASS 12 (0s)

== sanity test 13: creat .../d13/f; dd .../d13/f; > .../d13/f ================================================================== 16:37:57 (1781368677)
Lustre: DEBUG MARKER: == sanity test 13: creat .../d13/f; dd .../d13/f; > .../d13/f ================================================================== 16:37:57 (1781368677)
LustreError: 971:0:(osd_dirent.c:113:osd_index_dir_insert()) lustre-MDT0000: lookup [0x240000402:0x3:0x0] from icache failed: rc=-22
Lustre: 971:0:(out_handler.c:879:out_tx_end()) lustre-MDT0000-osd: error during execution of #0 from lustre/ptlrpc/../target/out_handler.c:532: rc = -22
mkdir: cannot create directory '/mnt/lustre/d13.sanity': Invalid argument
 sanity test_13: @@@@@@ FAIL: mkdir '/mnt/lustre/d13.sanity' failed 
Lustre: DEBUG MARKER: sanity test_13: @@@@@@ FAIL: mkdir '/mnt/lustre/d13.sanity' failed
  Trace dump:
  = /host/home/ktest/git/lustre-release/lustre/tests/test-framework.sh:7409:error()
  = /host/home/ktest/git/lustre-release/lustre/tests/test-framework.sh:10449:test_mkdir()
  = /host/home/ktest/git/lustre-release/lustre/tests/sanity.sh:568:test_13()
  = /host/home/ktest/git/lustre-release/lustre/tests/test-framework.sh:7785:run_one()
  = /host/home/ktest/git/lustre-release/lustre/tests/test-framework.sh:7848:run_one_logged()
  = /host/home/ktest/git/lustre-release/lustre/tests/test-framework.sh:7648:run_test()
  = /host/home/ktest/git/lustre-release/lustre/tests/sanity.sh:574:main()
Dumping lctl log to /tmp/test_logs/2026-06-13/163748/sanity.test_13.*.1781368678.log
Dumping logs only on local client.
FAIL 13 (1s)

== sanity test 14: touch .../d14/f; rm .../d14/f; rm .../d14/f ================================================================= 16:37:58 (1781368678)
Lustre: DEBUG MARKER: == sanity test 14: touch .../d14/f; rm .../d14/f; rm .../d14/f ================================================================= 16:37:58 (1781368678)
/mnt/lustre/d14.sanity/f14.sanity: absent OK
PASS 14 (1s)

== sanity test 15: touch .../d15/f; mv .../d15/f .../d15/f2 ==================================================================== 16:37:59 (1781368679)
Lustre: DEBUG MARKER: == sanity test 15: touch .../d15/f; mv .../d15/f .../d15/f2 ==================================================================== 16:37:59 (1781368679)
mkdir: cannot create directory '/mnt/lustre/d15.sanity': Invalid argument
 sanity test_15: @@@@@@ FAIL: mkdir '/mnt/lustre/d15.sanity' failed 
Lustre: DEBUG MARKER: sanity test_15: @@@@@@ FAIL: mkdir '/mnt/lustre/d15.sanity' failed
  Trace dump:
  = /host/home/ktest/git/lustre-release/lustre/tests/test-framework.sh:7409:error()
  = /host/home/ktest/git/lustre-release/lustre/tests/test-framework.sh:10449:test_mkdir()
  = /host/home/ktest/git/lustre-release/lustre/tests/sanity.sh:585:test_15()
  = /host/home/ktest/git/lustre-release/lustre/tests/test-framework.sh:7785:run_one()
  = /host/home/ktest/git/lustre-release/lustre/tests/test-framework.sh:7848:run_one_logged()
  = /host/home/ktest/git/lustre-release/lustre/tests/test-framework.sh:7648:run_test()
  = /host/home/ktest/git/lustre-release/lustre/tests/sanity.sh:592:main()
Dumping lctl log to /tmp/test_logs/2026-06-13/163748/sanity.test_15.*.1781368679.log
Dumping logs only on local client.
FAIL 15 (0s)

== sanity test 16: touch .../d16/f; rm -rf .../d16/f ===== 16:37:59 (1781368679)
Lustre: DEBUG MARKER: == sanity test 16: touch .../d16/f; rm -rf .../d16/f ===== 16:37:59 (1781368679)
/mnt/lustre/d16.sanity/f16.sanity: absent OK
PASS 16 (1s)

== sanity test 17a: symlinks: create, remove (real) ====== 16:38:00 (1781368680)
Lustre: DEBUG MARKER: == sanity test 17a: symlinks: create, remove (real) ====== 16:38:00 (1781368680)
LustreError: 970:0:(osd_dirent.c:113:osd_index_dir_insert()) lustre-MDT0000: lookup [0x240000402:0x5:0x0] from icache failed: rc=-22
LustreError: 970:0:(osd_dirent.c:113:osd_index_dir_insert()) Skipped 1 previous similar message
Lustre: 970:0:(out_handler.c:879:out_tx_end()) lustre-MDT0000-osd: error during execution of #0 from lustre/ptlrpc/../target/out_handler.c:532: rc = -22
Lustre: 970:0:(out_handler.c:879:out_tx_end()) Skipped 1 previous similar message
mkdir: cannot create directory '/mnt/lustre/d17a.sanity': Invalid argument
 sanity test_17a: @@@@@@ FAIL: mkdir '/mnt/lustre/d17a.sanity' failed 
Lustre: DEBUG MARKER: sanity test_17a: @@@@@@ FAIL: mkdir '/mnt/lustre/d17a.sanity' failed
  Trace dump:
  = /host/home/ktest/git/lustre-release/lustre/tests/test-framework.sh:7409:error()
  = /host/home/ktest/git/lustre-release/lustre/tests/test-framework.sh:10449:test_mkdir()
  = /host/home/ktest/git/lustre-release/lustre/tests/sanity.sh:603:test_17a()
  = /host/home/ktest/git/lustre-release/lustre/tests/test-framework.sh:7785:run_one()
  = /host/home/ktest/git/lustre-release/lustre/tests/test-framework.sh:7848:run_one_logged()
  = /host/home/ktest/git/lustre-release/lustre/tests/test-framework.sh:7648:run_test()
  = /host/home/ktest/git/lustre-release/lustre/tests/sanity.sh:614:main()
Dumping lctl log to /tmp/test_logs/2026-06-13/163748/sanity.test_17a.*.1781368680.log
Dumping logs only on local client.
FAIL 17a (1s)

== sanity test 17b: symlinks: create, remove (dangling) == 16:38:01 (1781368681)
Lustre: DEBUG MARKER: == sanity test 17b: symlinks: create, remove (dangling) == 16:38:01 (1781368681)
ln: failed to create symbolic link '/mnt/lustre/d17b.sanity/l-dangle': Operation not supported
total 0
Can't lstat /mnt/lustre/d17b.sanity/l-dangle: No such file or directory
 sanity test_17b: @@@@@@ FAIL: d17b.sanity/l-dangle not referencing no-such-file 
Lustre: DEBUG MARKER: sanity test_17b: @@@@@@ FAIL: d17b.sanity/l-dangle not referencing no-such-file
  Trace dump:
  = /host/home/ktest/git/lustre-release/lustre/tests/test-framework.sh:7409:error()
  = /host/home/ktest/git/lustre-release/lustre/tests/sanity.sh:621:test_17b()
  = /host/home/ktest/git/lustre-release/lustre/tests/test-framework.sh:7785:run_one()
  = /host/home/ktest/git/lustre-release/lustre/tests/test-framework.sh:7848:run_one_logged()
  = /host/home/ktest/git/lustre-release/lustre/tests/test-framework.sh:7648:run_test()
  = /host/home/ktest/git/lustre-release/lustre/tests/sanity.sh:627:main()
Dumping lctl log to /tmp/test_logs/2026-06-13/163748/sanity.test_17b.*.1781368681.log
Dumping logs only on local client.
FAIL 17b (0s)

== sanity test 17c: symlinks: open dangling (should return error) ========================================================== 16:38:01 (1781368681)
Lustre: DEBUG MARKER: == sanity test 17c: symlinks: open dangling (should return error) ========================================================== 16:38:01 (1781368681)
mkdir: cannot create directory '/mnt/lustre/d17c.sanity': Invalid argument
 sanity test_17c: @@@@@@ FAIL: mkdir '/mnt/lustre/d17c.sanity' failed 
Lustre: DEBUG MARKER: sanity test_17c: @@@@@@ FAIL: mkdir '/mnt/lustre/d17c.sanity' failed
  Trace dump:
  = /host/home/ktest/git/lustre-release/lustre/tests/test-framework.sh:7409:error()
  = /host/home/ktest/git/lustre-release/lustre/tests/test-framework.sh:10449:test_mkdir()
  = /host/home/ktest/git/lustre-release/lustre/tests/sanity.sh:630:test_17c()
  = /host/home/ktest/git/lustre-release/lustre/tests/test-framework.sh:7785:run_one()
  = /host/home/ktest/git/lustre-release/lustre/tests/test-framework.sh:7848:run_one_logged()
  = /host/home/ktest/git/lustre-release/lustre/tests/test-framework.sh:7648:run_test()
  = /host/home/ktest/git/lustre-release/lustre/tests/sanity.sh:634:main()
Dumping lctl log to /tmp/test_logs/2026-06-13/163748/sanity.test_17c.*.1781368682.log
Dumping logs only on local client.
FAIL 17c (1s)
resend_count is set to 4 4
resend_count is set to 4 4
resend_count is set to 4 4
resend_count is set to 4 4
resend_count is set to 4 4
== sanity test complete, duration 11 sec ================= 16:38:04 (1781368684)
Lustre: DEBUG MARKER: == sanity test complete, duration 11 sec ================= 16:38:04 (1781368684)
sanity: FAIL: test_10 mkdir '/mnt/lustre/d10.sanity' failed
sanity: FAIL: test_11 mkdir '/mnt/lustre/d11.sanity/d2' failed
sanity: FAIL: test_13 mkdir '/mnt/lustre/d13.sanity' failed
sanity: FAIL: test_15 mkdir '/mnt/lustre/d15.sanity' failed
sanity: FAIL: test_17a mkdir '/mnt/lustre/d17a.sanity' failed
sanity: FAIL: test_17b d17b.sanity/l-dangle not referencing no-such-file
sanity: FAIL: test_17c mkdir '/mnt/lustre/d17c.sanity' failed
=== sanity: start cleanup 16:38:04 (1781368684) ===
Lustre: DEBUG MARKER: === sanity: start cleanup 16:38:04 (1781368684) ===
skip cleanup
=== sanity: finish cleanup 16:38:05 (1781368685) ===
Lustre: DEBUG MARKER: === sanity: finish cleanup 16:38:05 (1781368685) ===
debug=malloc neterror net warning nettrace error emerg console
sanity returned 1
Finished at Sat Jun 13 16:38:05 UTC 2026 in 17s
/host/home/ktest/git/lustre-release/lustre/tests/auster: completed with rc 0

========= PASSED sanity-quick in 34s

Passed: sanity-quick
Failed: 
NOTICE: Automounting of tracing to debugfs is deprecated and will be removed in 2030
Kernel version: 6.19.0-ktest-9b2b74ff92-20260613
TEST SUCCESS
sysrq: Power Off
