CLI: ./podman-ktest --podman-socket unix:///run/podman/podman.sock --shared-filesystem /tmp --tarball-input job lustre-ci --output /var/www/ci-lustre/upstream-patch-review --git-hash 9b7ce72ce8d2c54d4f9885cd5d5af513e92fbbd5 --change-id 64919_9b7ce72ce8d2c54d4f9885cd5d5af513e92fbbd5 --subject LU-12668 lov: proactive dead-OST detection for degraded reads

  Checking /dev/kvm exists... OK
  Checking /dev/kvm permissions... OK
  Creating ccache directory... OK
  Checking ccache directory writable... OK

Environment validated successfully
Creating kernel tarball at /tmp/ktest-kernel.tar.gz...
Creating lustre tarball at /tmp/ktest-lustre.tar.gz...
Executing 16 jobs
Jobs will start as soon as their dependencies are satisfied
Using tarball input mode

START lustre_mainline build tests/fs/lustre/boot.ktest
START lustre_mainline_strict build tests/fs/lustre/boot-strict.ktest
START checkpatch tool checkpatch
START lustre_mainline_native build tests/fs/lustre/boot.ktest
START u24 build tests/fs/lustre/boot.ktest
START al2023 build tests/fs/lustre/boot.ktest
PUT /tmp/ktest-kernel.tar.gz 8s
PUT /tmp/ktest-kernel.tar.gz 8s
PUT /tmp/ktest-kernel.tar.gz 8s
PUT /tmp/ktest-kernel.tar.gz 8s
PUT /tmp/ktest-kernel.tar.gz 8s
PUT /tmp/ktest-kernel.tar.gz 8s
PUT /tmp/ktest-lustre.tar.gz 2s
PUT /tmp/ktest-lustre.tar.gz 2s
PUT /tmp/ktest-lustre.tar.gz 2s
PUT /tmp/ktest-lustre.tar.gz 2s
PUT /tmp/ktest-lustre.tar.gz 2s
PUT /tmp/ktest-lustre.tar.gz 2s
END checkpatch tool checkpatch FAIL 13s (exit code: 1)
END al2023 build tests/fs/lustre/boot.ktest FAIL 61s (exit code: 2)
END u24 build tests/fs/lustre/boot.ktest FAIL 63s (exit code: 2)
GET /tmp/ktest_lustre_mainline_strict_zsglbqo8.tar 6s
GET /tmp/ktest_lustre_mainline_native_xt_wm5r0.tar 7s
GET /tmp/ktest_lustre_mainline_vx6u7uda.tar 7s
END lustre_mainline_strict build tests/fs/lustre/boot-strict.ktest FAIL 106s (exit code: 1)
END lustre_mainline_native build tests/fs/lustre/boot.ktest FAIL 107s (exit code: 1)
END lustre_mainline build tests/fs/lustre/boot.ktest FAIL 109s (exit code: 1)

============================================================
Final Results:
  checkpatch: FAIL (13s) (log: /var/www/ci-lustre/upstream-patch-review/9b7ce72ce8d2c54d4f9885cd5d5af513e92fbbd5_checkpatch.log)
  u24: FAIL (63s) (log: /var/www/ci-lustre/upstream-patch-review/9b7ce72ce8d2c54d4f9885cd5d5af513e92fbbd5_u24.log)
  al2023: FAIL (61s) (log: /var/www/ci-lustre/upstream-patch-review/9b7ce72ce8d2c54d4f9885cd5d5af513e92fbbd5_al2023.log)
  lustre_mainline_strict: FAIL (106s) (log: /var/www/ci-lustre/upstream-patch-review/9b7ce72ce8d2c54d4f9885cd5d5af513e92fbbd5_lustre_mainline_strict.log)
  lustre_mainline: FAIL (109s) (log: /var/www/ci-lustre/upstream-patch-review/9b7ce72ce8d2c54d4f9885cd5d5af513e92fbbd5_lustre_mainline.log)
  lustre_mainline_native: FAIL (107s) (log: /var/www/ci-lustre/upstream-patch-review/9b7ce72ce8d2c54d4f9885cd5d5af513e92fbbd5_lustre_mainline_native.log)
  clang-tidy: SKIPPED (due to dependency failure)
  cc-plugin: SKIPPED (due to dependency failure)
  boot: SKIPPED (due to dependency failure)
  llmount: SKIPPED (due to dependency failure)
  llog-unit: SKIPPED (due to dependency failure)
  mgs-setup: SKIPPED (due to dependency failure)
  sanity-1: SKIPPED (due to dependency failure)
  sanity-2: SKIPPED (due to dependency failure)
  sanity-3: SKIPPED (due to dependency failure)
  sanity-4: SKIPPED (due to dependency failure)

Total execution time: 141s
