00000 
00003 RDSEED32 is broken. Disabling the corresponding CPUID bit.
00008 init: failed to load nvme_core
00008 init: failed to load nvme
00008 init: failed to load zfs
00010 LNetError: 1:0:(lib-socket.c:619:lnet_inet_enumerate()) lnet: Can't find any usable interfaces, rc = -ENOENT
00010 LNetError: Error -100 starting up LNI tcp
00010 LustreError: 1:0:(events.c:627:ptlrpc_init_portals()) network initialisation failed: rc = -100
00011 init: finit_module /lib/modules/7.0.0-ktest-9ba06fd-6330a45-20260724-dirty/updates/ptlrpc.ko: Network is down
00011 init: failed to load lustre
00011 init: failed to load osd_zfs
00011 init: failed to load iwlwifi
00011 init: failed to load iwlmvm
00011 init: failed to load mt7921e
00011 init: failed to load i915
00011 init: failed to load nouveau
00023 tlp: vm.laptop_mode is deprecated. Ignoring setting.
00023 Kernel version: 7.0.0-ktest-9ba06fd-6330a45-20260724-dirty
00023 hook init_noop
00024 
00024 Running tests mgs-setup
00024 
00024 ========= TEST   mgs-setup
00025 /host/home/ktest/git/lustre-release/lustre/tests/test-framework.sh: line 6934: cd: HOME not set
00025 /host/home/ktest/git/lustre-release/lustre/tests/test-framework.sh: line 6934: cd: HOME not set
00025 /host/home/ktest/git/lustre-release/lustre/tests/test-framework.sh: line 6934: cd: HOME not set
00028 MGS_OS_VERSION_ID=24.04
00028 MGS_OS_ID=ubuntu
00028 MGS_OS_VERSION_CODE=402915328
00028 MGS_OS_ID_LIKE=debian ubuntu
00028 MDS1_OS_ID=ubuntu
00028 MDS1_OS_VERSION_CODE=402915328
00028 MDS1_OS_ID_LIKE=debian ubuntu
00028 MDS1_OS_VERSION_ID=24.04
00028 OST1_OS_VERSION_ID=24.04
00028 OST1_OS_VERSION_CODE=402915328
00028 OST1_OS_ID=ubuntu
00028 OST1_OS_ID_LIKE=debian ubuntu
00029 CLIENT_OS_VERSION_ID=24.04
00029 CLIENT_OS_ID_LIKE=debian ubuntu
00029 CLIENT_OS_ID=ubuntu
00029 CLIENT_OS_VERSION_CODE=402915328
00029 Loading modules from /host/home/ktest/git/lustre-release/lustre
00029 detected 16 online CPUs by sysfs
00029 MODOPTS_LIBCFS=
00029 libcfs will create CPU partition based on online CPUs
00030 LNet: Added LNI 10.0.2.15@tcp [8/256/0/180]
00030 gss/krb5 is not supported
00031 Lustre: Echo OBD driver; http://www.lustre.org/
00031 
00031 
00036 
00036 
00036 
00036 Lustre: server umount MGS0000 complete
00036 
00036 Removed directory: /mnt/lustre-PahUxH-MGS0000
00037 
00037 ========= PASSED mgs-setup in 13s
00037 
00037 Passed: mgs-setup
00037 Failed: 
00037 NOTICE: Automounting of tracing to debugfs is deprecated and will be removed in 2030
00037 Kernel version: 7.0.0-ktest-9ba06fd-6330a45-20260724-dirty
00037 TEST SUCCESS
