CLI: ./podman-ktest --podman-socket unix:///run/podman/podman.sock --shared-filesystem /tmp --tarball-input job lustre-ci --output /var/www/ci-lustre/upstream-patch-review --git-hash 9bbd2288d7886bf2b410ade1f0a140ed8fb82ea1 --change-id 63708_9bbd2288d7886bf2b410ade1f0a140ed8fb82ea1 --subject LU-19469 ofd: server-side hole ahead for sequential readahead

  Checking /dev/kvm exists... OK
  Checking /dev/kvm permissions... OK
  Creating ccache directory... OK
  Checking ccache directory writable... OK

Environment validated successfully
Creating kernel tarball at /tmp/ktest-kernel.tar.gz...
Creating lustre tarball at /tmp/ktest-lustre.tar.gz...
Executing 16 jobs
Jobs will start as soon as their dependencies are satisfied
Using tarball input mode

START checkpatch tool checkpatch
START lustre_u24 build tests/fs/lustre/boot.ktest
START lustre_mainline_strict build tests/fs/lustre/boot-strict.ktest
START lustre_mainline build tests/fs/lustre/boot.ktest
START lustre_al2023 build tests/fs/lustre/boot.ktest
START lustre_mainline_native build tests/fs/lustre/boot.ktest
PUT /tmp/ktest-kernel.tar.gz 8s
PUT /tmp/ktest-kernel.tar.gz 8s
PUT /tmp/ktest-kernel.tar.gz 8s
PUT /tmp/ktest-kernel.tar.gz 9s
PUT /tmp/ktest-kernel.tar.gz 9s
PUT /tmp/ktest-kernel.tar.gz 9s
PUT /tmp/ktest-lustre.tar.gz 2s
PUT /tmp/ktest-lustre.tar.gz 2s
PUT /tmp/ktest-lustre.tar.gz 2s
PUT /tmp/ktest-lustre.tar.gz 2s
PUT /tmp/ktest-lustre.tar.gz 2s
PUT /tmp/ktest-lustre.tar.gz 1s
END checkpatch tool checkpatch PASS 13s
END lustre_al2023 build tests/fs/lustre/boot.ktest PASS 69s
END lustre_u24 build tests/fs/lustre/boot.ktest PASS 76s
GET /tmp/ktest_lustre_mainline_strict_i51pi3nn.tar 6s
END lustre_mainline_strict build tests/fs/lustre/boot-strict.ktest FAIL 147s (exit code: 1)
GET /tmp/ktest_lustre_mainline_kd6uofap.tar 3s
GET /tmp/ktest_lustre_mainline_native_b17iu1__.tar 3s
END lustre_mainline build tests/fs/lustre/boot.ktest PASS 158s
END lustre_mainline_native build tests/fs/lustre/boot.ktest PASS 159s
START clang-tidy tool clang-tidy
START cc-plugin tool cc-plugin
START boot run tests/fs/lustre/boot.ktest
START llmount run tests/fs/lustre/llmount.ktest
START llog-unit run tests/fs/lustre/llog-unit.ktest
START mgs-setup run tests/fs/lustre/mgs-setup.ktest
START sanity-1 run tests/fs/lustre/sanity/sanity-1.ktest
START sanity-2 run tests/fs/lustre/sanity/sanity-2.ktest
START sanity-3 run tests/fs/lustre/sanity/sanity-3.ktest
START sanity-4 run tests/fs/lustre/sanity/sanity-4.ktest
PUT /tmp/ktest-kernel.tar.gz 9s
PUT /tmp/ktest-kernel.tar.gz 9s
PUT /tmp/ktest_lustre_mainline_native_b17iu1__.tar 10s
PUT /tmp/ktest_lustre_mainline_native_b17iu1__.tar 11s
PUT /tmp/ktest_lustre_mainline_native_b17iu1__.tar 12s
PUT /tmp/ktest_lustre_mainline_native_b17iu1__.tar 12s
PUT /tmp/ktest-lustre.tar.gz 3s
PUT /tmp/ktest_lustre_mainline_native_b17iu1__.tar 12s
PUT /tmp/ktest_lustre_mainline_native_b17iu1__.tar 12s
PUT /tmp/ktest-lustre.tar.gz 2s
PUT /tmp/ktest_lustre_mainline_native_b17iu1__.tar 12s
PUT /tmp/ktest_lustre_mainline_native_b17iu1__.tar 12s
PUT /tmp/ktest_lustre_mainline_native_b17iu1__.tar 26s
PUT /tmp/ktest_lustre_mainline_native_b17iu1__.tar 26s
END cc-plugin tool cc-plugin FAIL 41s (exit code: 127)
END boot run tests/fs/lustre/boot.ktest PASS 67s
END clang-tidy tool clang-tidy PASS 69s
END mgs-setup run tests/fs/lustre/mgs-setup.ktest PASS 74s
END sanity-1 run tests/fs/lustre/sanity/sanity-1.ktest PASS 80s
END sanity-2 run tests/fs/lustre/sanity/sanity-2.ktest PASS 87s
END sanity-3 run tests/fs/lustre/sanity/sanity-3.ktest PASS 89s
END sanity-4 run tests/fs/lustre/sanity/sanity-4.ktest PASS 103s
END llmount run tests/fs/lustre/llmount.ktest PASS 135s
END llog-unit run tests/fs/lustre/llog-unit.ktest PASS 154s

============================================================
Final Results:
  checkpatch: PASS (13s) (log: /var/www/ci-lustre/upstream-patch-review/9bbd2288d7886bf2b410ade1f0a140ed8fb82ea1_checkpatch.log)
  lustre_u24: PASS (76s) (log: /var/www/ci-lustre/upstream-patch-review/9bbd2288d7886bf2b410ade1f0a140ed8fb82ea1_lustre_u24.log)
  lustre_al2023: PASS (69s) (log: /var/www/ci-lustre/upstream-patch-review/9bbd2288d7886bf2b410ade1f0a140ed8fb82ea1_lustre_al2023.log)
  lustre_mainline_strict: FAIL (147s) (log: /var/www/ci-lustre/upstream-patch-review/9bbd2288d7886bf2b410ade1f0a140ed8fb82ea1_lustre_mainline_strict.log)
  lustre_mainline: PASS (158s) (log: /var/www/ci-lustre/upstream-patch-review/9bbd2288d7886bf2b410ade1f0a140ed8fb82ea1_lustre_mainline.log)
  lustre_mainline_native: PASS (159s) (log: /var/www/ci-lustre/upstream-patch-review/9bbd2288d7886bf2b410ade1f0a140ed8fb82ea1_lustre_mainline_native.log)
  clang-tidy: PASS (69s) (log: /var/www/ci-lustre/upstream-patch-review/9bbd2288d7886bf2b410ade1f0a140ed8fb82ea1_clang-tidy.log)
  cc-plugin: FAIL (41s) (log: /var/www/ci-lustre/upstream-patch-review/9bbd2288d7886bf2b410ade1f0a140ed8fb82ea1_cc-plugin.log)
  boot: PASS (67s) (log: /var/www/ci-lustre/upstream-patch-review/9bbd2288d7886bf2b410ade1f0a140ed8fb82ea1_boot.log)
  llmount: PASS (135s) (log: /var/www/ci-lustre/upstream-patch-review/9bbd2288d7886bf2b410ade1f0a140ed8fb82ea1_llmount.log)
  llog-unit: PASS (154s) (log: /var/www/ci-lustre/upstream-patch-review/9bbd2288d7886bf2b410ade1f0a140ed8fb82ea1_llog-unit.log)
  mgs-setup: PASS (74s) (log: /var/www/ci-lustre/upstream-patch-review/9bbd2288d7886bf2b410ade1f0a140ed8fb82ea1_mgs-setup.log)
  sanity-1: PASS (80s) (log: /var/www/ci-lustre/upstream-patch-review/9bbd2288d7886bf2b410ade1f0a140ed8fb82ea1_sanity-1.log)
  sanity-2: PASS (87s) (log: /var/www/ci-lustre/upstream-patch-review/9bbd2288d7886bf2b410ade1f0a140ed8fb82ea1_sanity-2.log)
  sanity-3: PASS (89s) (log: /var/www/ci-lustre/upstream-patch-review/9bbd2288d7886bf2b410ade1f0a140ed8fb82ea1_sanity-3.log)
  sanity-4: PASS (103s) (log: /var/www/ci-lustre/upstream-patch-review/9bbd2288d7886bf2b410ade1f0a140ed8fb82ea1_sanity-4.log)

Total execution time: 344s
