CLANG-TIDY
Enabled checks:
    linuxkernel-must-check-errs
    misc-static-assert

Running clang-tidy for 526 files out of 526 in compilation database ...
[  1/526][0.0s] clang-tidy-20 -checks=-*,linuxkernel-must-check-errs,misc-static-assert -p=/tmp/ktest-out/lustre-release /tmp/ktest-out/lustre-release/lustre/tests/lseek_test.c
[  2/526][0.0s] clang-tidy-20 -checks=-*,linuxkernel-must-check-errs,misc-static-assert -p=/tmp/ktest-out/lustre-release /tmp/ktest-out/lustre-release/lustre/tests/write_time_limit.c
[  3/526][0.0s] clang-tidy-20 -checks=-*,linuxkernel-must-check-errs,misc-static-assert -p=/tmp/ktest-out/lustre-release /tmp/ktest-out/lustre-release/lustre/tests/small_write.c
[  4/526][0.0s] clang-tidy-20 -checks=-*,linuxkernel-must-check-errs,misc-static-assert -p=/tmp/ktest-out/lustre-release /tmp/ktest-out/lustre-release/lustre/utils/pid_file.c
[  5/526][0.0s] clang-tidy-20 -checks=-*,linuxkernel-must-check-errs,misc-static-assert -p=/tmp/ktest-out/lustre-release /tmp/ktest-out/lustre-release/lustre/tests/llapi_root_test.c
[  6/526][0.0s] clang-tidy-20 -checks=-*,linuxkernel-must-check-errs,misc-static-assert -p=/tmp/ktest-out/lustre-release /tmp/ktest-out/lustre-release/lustre/tests/lockahead_test.c
[  7/526][0.0s] clang-tidy-20 -checks=-*,linuxkernel-must-check-errs,misc-static-assert -p=/tmp/ktest-out/lustre-release /tmp/ktest-out/lustre-release/lustre/utils/l_foreign_symlink.c
[  8/526][0.1s] clang-tidy-20 -checks=-*,linuxkernel-must-check-errs,misc-static-assert -p=/tmp/ktest-out/lustre-release /tmp/ktest-out/lustre-release/lustre/utils/llverfs.c
[  9/526][0.1s] clang-tidy-20 -checks=-*,linuxkernel-must-check-errs,misc-static-assert -p=/tmp/ktest-out/lustre-release /tmp/ktest-out/lustre-release/lustre/utils/lctl.c
[ 10/526][0.1s] clang-tidy-20 -checks=-*,linuxkernel-must-check-errs,misc-static-assert -p=/tmp/ktest-out/lustre-release /tmp/ktest-out/lustre-release/lustre/tests/statone.c
[ 11/526][0.1s] clang-tidy-20 -checks=-*,linuxkernel-must-check-errs,misc-static-assert -p=/tmp/ktest-out/lustre-release /tmp/ktest-out/lustre-release/lustre/utils/erasurecode/ec_base_aliases.c
[ 12/526][0.2s] clang-tidy-20 -checks=-*,linuxkernel-must-check-errs,misc-static-assert -p=/tmp/ktest-out/lustre-release /tmp/ktest-out/lustre-release/lustre/utils/liblustreapi_heat.c
[ 13/526][0.4s] clang-tidy-20 -checks=-*,linuxkernel-must-check-errs,misc-static-assert -p=/tmp/ktest-out/lustre-release /tmp/ktest-out/lustre-release/lustre/osd-wbcfs/osd_wbcfs.mod.c
[ 14/526][0.2s] clang-tidy-20 -checks=-*,linuxkernel-must-check-errs,misc-static-assert -p=/tmp/ktest-out/lustre-release /tmp/ktest-out/lustre-release/lustre/tests/mmap_sanity.c
[ 15/526][0.1s] clang-tidy-20 -checks=-*,linuxkernel-must-check-errs,misc-static-assert -p=/tmp/ktest-out/lustre-release /tmp/ktest-out/lustre-release/lustre/tests/flock_deadlock.c
[ 16/526][0.1s] clang-tidy-20 -checks=-*,linuxkernel-must-check-errs,misc-static-assert -p=/tmp/ktest-out/lustre-release /tmp/ktest-out/lustre-release/lustre/utils/lustre_rsync.c
[ 17/526][0.1s] clang-tidy-20 -checks=-*,linuxkernel-must-check-errs,misc-static-assert -p=/tmp/ktest-out/lustre-release /tmp/ktest-out/lustre-release/lustre/utils/llverdev.c
[ 18/526][0.6s] clang-tidy-20 -checks=-*,linuxkernel-must-check-errs,misc-static-assert -p=/tmp/ktest-out/lustre-release /tmp/ktest-out/lustre-release/lustre_compat/mm/shrinker_debug.c
[ 19/526][0.9s] clang-tidy-20 -checks=-*,linuxkernel-must-check-errs,misc-static-assert -p=/tmp/ktest-out/lustre-release /tmp/ktest-out/lustre-release/libcfs/libcfs/debug.c
[ 20/526][1.0s] clang-tidy-20 -checks=-*,linuxkernel-must-check-errs,misc-static-assert -p=/tmp/ktest-out/lustre-release /tmp/ktest-out/lustre-release/lnet/lnet/lock.c
[ 21/526][1.1s] clang-tidy-20 -checks=-*,linuxkernel-must-check-errs,misc-static-assert -p=/tmp/ktest-out/lustre-release /tmp/ktest-out/lustre-release/lustre/ldlm/ldlm_plain.c
[ 22/526][1.2s] clang-tidy-20 -checks=-*,linuxkernel-must-check-errs,misc-static-assert -p=/tmp/ktest-out/lustre-release /tmp/ktest-out/lustre-release/lustre/osc/osc_lock.c
[ 23/526][1.2s] clang-tidy-20 -checks=-*,linuxkernel-must-check-errs,misc-static-assert -p=/tmp/ktest-out/lustre-release /tmp/ktest-out/lustre-release/lnet/selftest/brw_test.c
[ 24/526][1.4s] clang-tidy-20 -checks=-*,linuxkernel-must-check-errs,misc-static-assert -p=/tmp/ktest-out/lustre-release /tmp/ktest-out/lustre-release/lustre/obdclass/lu_ucred.c
[ 25/526][1.4s] clang-tidy-20 -checks=-*,linuxkernel-must-check-errs,misc-static-assert -p=/tmp/ktest-out/lustre-release /tmp/ktest-out/lustre-release/lustre/obdclass/idmap.c
[ 26/526][1.4s] clang-tidy-20 -checks=-*,linuxkernel-must-check-errs,misc-static-assert -p=/tmp/ktest-out/lustre-release /tmp/ktest-out/lustre-release/lnet/lnet/peer.c
[ 27/526][1.4s] clang-tidy-20 -checks=-*,linuxkernel-must-check-errs,misc-static-assert -p=/tmp/ktest-out/lustre-release /tmp/ktest-out/lustre-release/lustre/lov/lov_ea.c
[ 28/526][1.5s] clang-tidy-20 -checks=-*,linuxkernel-must-check-errs,misc-static-assert -p=/tmp/ktest-out/lustre-release /tmp/ktest-out/lustre-release/lustre/quota/qsd_reint.c
[ 29/526][1.5s] clang-tidy-20 -checks=-*,linuxkernel-must-check-errs,misc-static-assert -p=/tmp/ktest-out/lustre-release /tmp/ktest-out/lustre-release/lustre/obdclass/lu_tgt_pool.c
[ 30/526][0.1s] clang-tidy-20 -checks=-*,linuxkernel-must-check-errs,misc-static-assert -p=/tmp/ktest-out/lustre-release /tmp/ktest-out/lustre-release/lnet/utils/lnetconfig/cyaml.c
[ 31/526][1.5s] clang-tidy-20 -checks=-*,linuxkernel-must-check-errs,misc-static-assert -p=/tmp/ktest-out/lustre-release /tmp/ktest-out/lustre-release/lustre_compat/misc.c
[ 32/526][0.1s] clang-tidy-20 -checks=-*,linuxkernel-must-check-errs,misc-static-assert -p=/tmp/ktest-out/lustre-release /tmp/ktest-out/lustre-release/lustre/utils/liblustreapi_util.c
[ 33/526][1.5s] clang-tidy-20 -checks=-*,linuxkernel-must-check-errs,misc-static-assert -p=/tmp/ktest-out/lustre-release /tmp/ktest-out/lustre-release/lustre/obdecho/debug.c
[ 34/526][0.1s] clang-tidy-20 -checks=-*,linuxkernel-must-check-errs,misc-static-assert -p=/tmp/ktest-out/lustre-release /tmp/ktest-out/lustre-release/lustre/ptlrpc/errno.c
[ 35/526][1.5s] clang-tidy-20 -checks=-*,linuxkernel-must-check-errs,misc-static-assert -p=/tmp/ktest-out/lustre-release /tmp/ktest-out/lustre-release/lustre/ptlrpc/sec_config.c
[ 36/526][1.5s] clang-tidy-20 -checks=-*,linuxkernel-must-check-errs,misc-static-assert -p=/tmp/ktest-out/lustre-release /tmp/ktest-out/lustre-release/lustre/ptlrpc/llog_server.c
[ 37/526][0.1s] clang-tidy-20 -checks=-*,linuxkernel-must-check-errs,misc-static-assert -p=/tmp/ktest-out/lustre-release /tmp/ktest-out/lustre-release/lnet/utils/wirecheck.c
[ 38/526][1.6s] clang-tidy-20 -checks=-*,linuxkernel-must-check-errs,misc-static-assert -p=/tmp/ktest-out/lustre-release /tmp/ktest-out/lustre-release/lustre/mdt/mdt_hsm.c
[ 39/526][1.6s] clang-tidy-20 -checks=-*,linuxkernel-must-check-errs,misc-static-assert -p=/tmp/ktest-out/lustre-release /tmp/ktest-out/lustre-release/lustre/ptlrpc/lproc_ptlrpc.c
[ 40/526][1.7s] clang-tidy-20 -checks=-*,linuxkernel-must-check-errs,misc-static-assert -p=/tmp/ktest-out/lustre-release /tmp/ktest-out/lustre-release/lustre/lov/lov_request.c
[ 41/526][1.6s] clang-tidy-20 -checks=-*,linuxkernel-must-check-errs,misc-static-assert -p=/tmp/ktest-out/lustre-release /tmp/ktest-out/lustre-release/lustre/mdt/mdt_hsm_cdt_actions.c
[ 42/526][1.7s] clang-tidy-20 -checks=-*,linuxkernel-must-check-errs,misc-static-assert -p=/tmp/ktest-out/lustre-release /tmp/ktest-out/lustre-release/lustre/quota/qsd_lib.c
[ 43/526][0.2s] clang-tidy-20 -checks=-*,linuxkernel-must-check-errs,misc-static-assert -p=/tmp/ktest-out/lustre-release /tmp/ktest-out/lustre-release/lustre/utils/wirecheck.c
[ 44/526][0.1s] clang-tidy-20 -checks=-*,linuxkernel-must-check-errs,misc-static-assert -p=/tmp/ktest-out/lustre-release /tmp/ktest-out/lustre-release/lustre/utils/lhsmtool_posix.c
[ 45/526][1.7s] clang-tidy-20 -checks=-*,linuxkernel-must-check-errs,misc-static-assert -p=/tmp/ktest-out/lustre-release /tmp/ktest-out/lustre-release/lustre/lov/lov_pack.c
[ 46/526][1.8s] clang-tidy-20 -checks=-*,linuxkernel-must-check-errs,misc-static-assert -p=/tmp/ktest-out/lustre-release /tmp/ktest-out/lustre-release/lustre/fld/lproc_fld.c
[ 47/526][0.1s] clang-tidy-20 -checks=-*,linuxkernel-must-check-errs,misc-static-assert -p=/tmp/ktest-out/lustre-release /tmp/ktest-out/lustre-release/lustre/utils/debug.c
[ 48/526][1.8s] clang-tidy-20 -checks=-*,linuxkernel-must-check-errs,misc-static-assert -p=/tmp/ktest-out/lustre-release /tmp/ktest-out/lustre-release/lustre/fid/fid_lib.c
[ 49/526][1.9s] clang-tidy-20 -checks=-*,linuxkernel-must-check-errs,misc-static-assert -p=/tmp/ktest-out/lustre-release /tmp/ktest-out/lustre-release/lustre/obdclass/kernelcomm.c
[ 50/526][0.4s] clang-tidy-20 -checks=-*,linuxkernel-must-check-errs,misc-static-assert -p=/tmp/ktest-out/lustre-release /home/ktest/git/linux/scripts/module-common.c
[ 51/526][0.1s] clang-tidy-20 -checks=-*,linuxkernel-must-check-errs,misc-static-assert -p=/tmp/ktest-out/lustre-release /tmp/ktest-out/lustre-release/lustre/utils/liblustreapi_json.c
[ 52/526][0.1s] clang-tidy-20 -checks=-*,linuxkernel-must-check-errs,misc-static-assert -p=/tmp/ktest-out/lustre-release /tmp/ktest-out/lustre-release/lustre/utils/liblustreapi_lease.c
[ 53/526][0.4s] clang-tidy-20 -checks=-*,linuxkernel-must-check-errs,misc-static-assert -p=/tmp/ktest-out/lustre-release /tmp/ktest-out/lustre-release/lustre/utils/mkfs_lustre.c
[ 54/526][0.1s] clang-tidy-20 -checks=-*,linuxkernel-must-check-errs,misc-static-assert -p=/tmp/ktest-out/lustre-release /tmp/ktest-out/lustre-release/lustre/tests/multifstat.c
[ 55/526][0.2s] clang-tidy-20 -checks=-*,linuxkernel-must-check-errs,misc-static-assert -p=/tmp/ktest-out/lustre-release /tmp/ktest-out/lustre-release/lustre/utils/lustre_param.c
[ 56/526][2.1s] clang-tidy-20 -checks=-*,linuxkernel-must-check-errs,misc-static-assert -p=/tmp/ktest-out/lustre-release /tmp/ktest-out/lustre-release/lustre/llite/dir.c
[ 57/526][1.6s] clang-tidy-20 -checks=-*,linuxkernel-must-check-errs,misc-static-assert -p=/tmp/ktest-out/lustre-release /tmp/ktest-out/lustre-release/lustre/llite/pcc.c
[ 58/526][0.1s] clang-tidy-20 -checks=-*,linuxkernel-must-check-errs,misc-static-assert -p=/tmp/ktest-out/lustre-release /tmp/ktest-out/lustre-release/lustre/tests/checkfiemap.c
[ 59/526][0.1s] clang-tidy-20 -checks=-*,linuxkernel-must-check-errs,misc-static-assert -p=/tmp/ktest-out/lustre-release /tmp/ktest-out/lustre-release/lustre/tests/opendirunlink.c
[ 60/526][0.1s] clang-tidy-20 -checks=-*,linuxkernel-must-check-errs,misc-static-assert -p=/tmp/ktest-out/lustre-release /tmp/ktest-out/lustre-release/lnet/utils/lnetctl.c
[ 61/526][1.3s] clang-tidy-20 -checks=-*,linuxkernel-must-check-errs,misc-static-assert -p=/tmp/ktest-out/lustre-release /tmp/ktest-out/lustre-release/lnet/selftest/ping_test.c
[ 62/526][1.5s] clang-tidy-20 -checks=-*,linuxkernel-must-check-errs,misc-static-assert -p=/tmp/ktest-out/lustre-release /tmp/ktest-out/lustre-release/lustre/lov/lproc_lov.c
[ 63/526][1.7s] clang-tidy-20 -checks=-*,linuxkernel-must-check-errs,misc-static-assert -p=/tmp/ktest-out/lustre-release /tmp/ktest-out/lustre-release/lustre/mgs/mgs_fs.c
[ 64/526][0.1s] clang-tidy-20 -checks=-*,linuxkernel-must-check-errs,misc-static-assert -p=/tmp/ktest-out/lustre-release /tmp/ktest-out/lustre-release/lustre/utils/ll_decode_filter_fid.c
[ 65/526][1.5s] clang-tidy-20 -checks=-*,linuxkernel-must-check-errs,misc-static-assert -p=/tmp/ktest-out/lustre-release /tmp/ktest-out/lustre-release/lustre/lmv/lmv_fld.c
[ 66/526][1.6s] clang-tidy-20 -checks=-*,linuxkernel-must-check-errs,misc-static-assert -p=/tmp/ktest-out/lustre-release /tmp/ktest-out/lustre-release/lustre/lfsck/lfsck_namespace.c
[ 67/526][1.4s] clang-tidy-20 -checks=-*,linuxkernel-must-check-errs,misc-static-assert -p=/tmp/ktest-out/lustre-release /tmp/ktest-out/lustre-release/lustre/llite/xattr_security.c
[ 68/526][1.1s] clang-tidy-20 -checks=-*,linuxkernel-must-check-errs,misc-static-assert -p=/tmp/ktest-out/lustre-release /tmp/ktest-out/lustre-release/lnet/lnet/udsp.c
[ 69/526][3.0s] clang-tidy-20 -checks=-*,linuxkernel-must-check-errs,misc-static-assert -p=/tmp/ktest-out/lustre-release /tmp/ktest-out/lustre-release/lustre/mgs/mgs_llog.c
[ 70/526][0.2s] clang-tidy-20 -checks=-*,linuxkernel-must-check-errs,misc-static-assert -p=/tmp/ktest-out/lustre-release /tmp/ktest-out/lustre-release/lustre/utils/erasurecode/ec_base.c
[ 71/526][1.5s] clang-tidy-20 -checks=-*,linuxkernel-must-check-errs,misc-static-assert -p=/tmp/ktest-out/lustre-release /tmp/ktest-out/lustre-release/lustre/ldlm/ldlm_pool.c
[ 72/526][1.5s] clang-tidy-20 -checks=-*,linuxkernel-must-check-errs,misc-static-assert -p=/tmp/ktest-out/lustre-release /tmp/ktest-out/lustre-release/lustre/quota/qmt_lqa.c
[ 73/526][1.4s] clang-tidy-20 -checks=-*,linuxkernel-must-check-errs,misc-static-assert -p=/tmp/ktest-out/lustre-release /tmp/ktest-out/lustre-release/lustre/ptlrpc/pack_server.c
[ 74/526][2.8s] clang-tidy-20 -checks=-*,linuxkernel-must-check-errs,misc-static-assert -p=/tmp/ktest-out/lustre-release /tmp/ktest-out/lustre-release/lustre/kunit/obd_test.c
[ 75/526][1.5s] clang-tidy-20 -checks=-*,linuxkernel-must-check-errs,misc-static-assert -p=/tmp/ktest-out/lustre-release /tmp/ktest-out/lustre-release/lustre/ofd/lproc_ofd.c
[ 76/526][3.1s] clang-tidy-20 -checks=-*,linuxkernel-must-check-errs,misc-static-assert -p=/tmp/ktest-out/lustre-release /tmp/ktest-out/lustre-release/lustre/osd-wbcfs/osd_handler.c
[ 77/526][0.1s] clang-tidy-20 -checks=-*,linuxkernel-must-check-errs,misc-static-assert -p=/tmp/ktest-out/lustre-release /tmp/ktest-out/lustre-release/lustre/utils/l_getsepol.c
[ 78/526][0.1s] clang-tidy-20 -checks=-*,linuxkernel-must-check-errs,misc-static-assert -p=/tmp/ktest-out/lustre-release /tmp/ktest-out/lustre-release/lustre/tests/llapi_hsm_test.c
[ 79/526][0.1s] clang-tidy-20 -checks=-*,linuxkernel-must-check-errs,misc-static-assert -p=/tmp/ktest-out/lustre-release /tmp/ktest-out/lustre-release/lustre/utils/portals.c
[ 80/526][1.3s] clang-tidy-20 -checks=-*,linuxkernel-must-check-errs,misc-static-assert -p=/tmp/ktest-out/lustre-release /tmp/ktest-out/lustre-release/lustre/fid/lproc_fid.c
[ 81/526][3.1s] clang-tidy-20 -checks=-*,linuxkernel-must-check-errs,misc-static-assert -p=/tmp/ktest-out/lustre-release /tmp/ktest-out/lustre-release/lustre/quota/qmt_dev.c
[ 82/526][1.6s] clang-tidy-20 -checks=-*,linuxkernel-must-check-errs,misc-static-assert -p=/tmp/ktest-out/lustre-release /tmp/ktest-out/lustre-release/lustre/obdclass/llog_ioctl.c
[ 83/526][1.6s] clang-tidy-20 -checks=-*,linuxkernel-must-check-errs,misc-static-assert -p=/tmp/ktest-out/lustre-release /tmp/ktest-out/lustre-release/lustre/fld/fld_handler.c
[ 84/526][0.4s] clang-tidy-20 -checks=-*,linuxkernel-must-check-errs,misc-static-assert -p=/tmp/ktest-out/lustre-release /tmp/ktest-out/lustre-release/lustre/mgc/mgc.mod.c
[ 85/526][1.8s] clang-tidy-20 -checks=-*,linuxkernel-must-check-errs,misc-static-assert -p=/tmp/ktest-out/lustre-release /tmp/ktest-out/lustre-release/lustre/mdt/mdt_lvb.c
[ 86/526][1.2s] clang-tidy-20 -checks=-*,linuxkernel-must-check-errs,misc-static-assert -p=/tmp/ktest-out/lustre-release /tmp/ktest-out/lustre-release/lustre/obdclass/lprocfs_jobstats.c
[ 87/526][1.5s] clang-tidy-20 -checks=-*,linuxkernel-must-check-errs,misc-static-assert -p=/tmp/ktest-out/lustre-release /tmp/ktest-out/lustre-release/lustre/quota/qmt_lock.c
[ 88/526][1.6s] clang-tidy-20 -checks=-*,linuxkernel-must-check-errs,misc-static-assert -p=/tmp/ktest-out/lustre-release /tmp/ktest-out/lustre-release/lustre/ptlrpc/service.c
[ 89/526][1.5s] clang-tidy-20 -checks=-*,linuxkernel-must-check-errs,misc-static-assert -p=/tmp/ktest-out/lustre-release /tmp/ktest-out/lustre-release/lustre/ptlrpc/nrs.c
[ 90/526][0.1s] clang-tidy-20 -checks=-*,linuxkernel-must-check-errs,misc-static-assert -p=/tmp/ktest-out/lustre-release /tmp/ktest-out/lustre-release/lustre/tests/check_fhandle_syscalls.c
[ 91/526][1.5s] clang-tidy-20 -checks=-*,linuxkernel-must-check-errs,misc-static-assert -p=/tmp/ktest-out/lustre-release /tmp/ktest-out/lustre-release/lustre/llite/vvp_dev.c
[ 92/526][1.6s] clang-tidy-20 -checks=-*,linuxkernel-must-check-errs,misc-static-assert -p=/tmp/ktest-out/lustre-release /tmp/ktest-out/lustre-release/lustre/osp/osp_object.c
[ 93/526][2.9s] clang-tidy-20 -checks=-*,linuxkernel-must-check-errs,misc-static-assert -p=/tmp/ktest-out/lustre-release /tmp/ktest-out/lustre-release/lustre/osp/osp_dev.c
[ 94/526][3.0s] clang-tidy-20 -checks=-*,linuxkernel-must-check-errs,misc-static-assert -p=/tmp/ktest-out/lustre-release /tmp/ktest-out/lustre-release/lustre/ofd/ofd_dev.c
[ 95/526][1.4s] clang-tidy-20 -checks=-*,linuxkernel-must-check-errs,misc-static-assert -p=/tmp/ktest-out/lustre-release /tmp/ktest-out/lustre-release/lustre/llite/lproc_llite.c
[ 96/526][1.4s] clang-tidy-20 -checks=-*,linuxkernel-must-check-errs,misc-static-assert -p=/tmp/ktest-out/lustre-release /tmp/ktest-out/lustre-release/lnet/klnds/socklnd/socklnd_proto.c
[ 97/526][2.0s] clang-tidy-20 -checks=-*,linuxkernel-must-check-errs,misc-static-assert -p=/tmp/ktest-out/lustre-release /tmp/ktest-out/lustre-release/lustre/ptlrpc/wiretest.c
[ 98/526][1.3s] clang-tidy-20 -checks=-*,linuxkernel-must-check-errs,misc-static-assert -p=/tmp/ktest-out/lustre-release /tmp/ktest-out/lustre-release/lustre/obdclass/integrity.c
[ 99/526][1.2s] clang-tidy-20 -checks=-*,linuxkernel-must-check-errs,misc-static-assert -p=/tmp/ktest-out/lustre-release /tmp/ktest-out/lustre-release/lustre/mgc/lproc_mgc.c
[100/526][2.9s] clang-tidy-20 -checks=-*,linuxkernel-must-check-errs,misc-static-assert -p=/tmp/ktest-out/lustre-release /tmp/ktest-out/lustre-release/lustre/target/tgt_handler.c
[101/526][0.8s] clang-tidy-20 -checks=-*,linuxkernel-must-check-errs,misc-static-assert -p=/tmp/ktest-out/lustre-release /tmp/ktest-out/lustre-release/lustre_compat/symbols.c
[102/526][0.7s] clang-tidy-20 -checks=-*,linuxkernel-must-check-errs,misc-static-assert -p=/tmp/ktest-out/lustre-release /tmp/ktest-out/lustre-release/lustre/osd-wbcfs/osd_hash.c
[103/526][1.3s] clang-tidy-20 -checks=-*,linuxkernel-must-check-errs,misc-static-assert -p=/tmp/ktest-out/lustre-release /tmp/ktest-out/lustre-release/lustre/quota/lquota_entry.c
[104/526][1.3s] clang-tidy-20 -checks=-*,linuxkernel-must-check-errs,misc-static-assert -p=/tmp/ktest-out/lustre-release /tmp/ktest-out/lustre-release/lustre/ptlrpc/recover.c
[105/526][1.4s] clang-tidy-20 -checks=-*,linuxkernel-must-check-errs,misc-static-assert -p=/tmp/ktest-out/lustre-release /tmp/ktest-out/lustre-release/lustre/quota/qsd_request.c
[106/526][1.3s] clang-tidy-20 -checks=-*,linuxkernel-must-check-errs,misc-static-assert -p=/tmp/ktest-out/lustre-release /tmp/ktest-out/lustre-release/lustre/mdd/mdd_permission.c
[107/526][1.2s] clang-tidy-20 -checks=-*,linuxkernel-must-check-errs,misc-static-assert -p=/tmp/ktest-out/lustre-release /tmp/ktest-out/lustre-release/lustre/obdclass/linkea.c
[108/526][1.2s] clang-tidy-20 -checks=-*,linuxkernel-must-check-errs,misc-static-assert -p=/tmp/ktest-out/lustre-release /tmp/ktest-out/lustre-release/lustre/mgs/mgs_nids.c
[109/526][0.1s] clang-tidy-20 -checks=-*,linuxkernel-must-check-errs,misc-static-assert -p=/tmp/ktest-out/lustre-release /tmp/ktest-out/lustre-release/lustre/utils/liblustreapi_param.c
[110/526][1.4s] clang-tidy-20 -checks=-*,linuxkernel-must-check-errs,misc-static-assert -p=/tmp/ktest-out/lustre-release /tmp/ktest-out/lustre-release/lustre/obdclass/obd_config.c
[111/526][1.3s] clang-tidy-20 -checks=-*,linuxkernel-must-check-errs,misc-static-assert -p=/tmp/ktest-out/lustre-release /tmp/ktest-out/lustre-release/lustre/mdd/mdd_lproc.c
[112/526][1.5s] clang-tidy-20 -checks=-*,linuxkernel-must-check-errs,misc-static-assert -p=/tmp/ktest-out/lustre-release /tmp/ktest-out/lustre-release/lustre/obdclass/cl_io.c
[113/526][1.3s] clang-tidy-20 -checks=-*,linuxkernel-must-check-errs,misc-static-assert -p=/tmp/ktest-out/lustre-release /tmp/ktest-out/lustre-release/lustre/mdt/mdt_recovery.c
[114/526][1.3s] clang-tidy-20 -checks=-*,linuxkernel-must-check-errs,misc-static-assert -p=/tmp/ktest-out/lustre-release /tmp/ktest-out/lustre-release/lustre/ptlrpc/nrs_tbf.c
[115/526][0.1s] clang-tidy-20 -checks=-*,linuxkernel-must-check-errs,misc-static-assert -p=/tmp/ktest-out/lustre-release /tmp/ktest-out/lustre-release/lustre/tests/flocks_test.c
[116/526][0.1s] clang-tidy-20 -checks=-*,linuxkernel-must-check-errs,misc-static-assert -p=/tmp/ktest-out/lustre-release /tmp/ktest-out/lustre-release/lustre/tests/multiop.c
[117/526][1.2s] clang-tidy-20 -checks=-*,linuxkernel-must-check-errs,misc-static-assert -p=/tmp/ktest-out/lustre-release /tmp/ktest-out/lustre-release/lustre/quota/qmt_entry.c
[118/526][1.4s] clang-tidy-20 -checks=-*,linuxkernel-must-check-errs,misc-static-assert -p=/tmp/ktest-out/lustre-release /tmp/ktest-out/lustre-release/lustre/obdclass/genops.c
[119/526][1.3s] clang-tidy-20 -checks=-*,linuxkernel-must-check-errs,misc-static-assert -p=/tmp/ktest-out/lustre-release /tmp/ktest-out/lustre-release/lustre/obdclass/cl_object.c
[120/526][1.3s] clang-tidy-20 -checks=-*,linuxkernel-must-check-errs,misc-static-assert -p=/tmp/ktest-out/lustre-release /tmp/ktest-out/lustre-release/lustre/llite/vvp_object.c
[121/526][1.5s] clang-tidy-20 -checks=-*,linuxkernel-must-check-errs,misc-static-assert -p=/tmp/ktest-out/lustre-release /tmp/ktest-out/lustre-release/lustre/lod/lproc_lod.c
[122/526][0.1s] clang-tidy-20 -checks=-*,linuxkernel-must-check-errs,misc-static-assert -p=/tmp/ktest-out/lustre-release /tmp/ktest-out/lustre-release/lustre/tests/create_foreign_dir.c
[123/526][1.3s] clang-tidy-20 -checks=-*,linuxkernel-must-check-errs,misc-static-assert -p=/tmp/ktest-out/lustre-release /tmp/ktest-out/lustre-release/lustre/ptlrpc/pinger.c
[124/526][1.7s] clang-tidy-20 -checks=-*,linuxkernel-must-check-errs,misc-static-assert -p=/tmp/ktest-out/lustre-release /tmp/ktest-out/lustre-release/lustre/osp/osp_sync.c
[125/526][0.1s] clang-tidy-20 -checks=-*,linuxkernel-must-check-errs,misc-static-assert -p=/tmp/ktest-out/lustre-release /tmp/ktest-out/lustre-release/lustre/utils/callvpe.c
[126/526][0.1s] clang-tidy-20 -checks=-*,linuxkernel-must-check-errs,misc-static-assert -p=/tmp/ktest-out/lustre-release /tmp/ktest-out/lustre-release/lustre/tests/parse_foreign_file.c
[127/526][0.4s] clang-tidy-20 -checks=-*,linuxkernel-must-check-errs,misc-static-assert -p=/tmp/ktest-out/lustre-release /tmp/ktest-out/lustre-release/libcfs/libcfs/libcfs.mod.c
[128/526][0.1s] clang-tidy-20 -checks=-*,linuxkernel-must-check-errs,misc-static-assert -p=/tmp/ktest-out/lustre-release /tmp/ktest-out/lustre-release/lustre/tests/rename_many.c
[129/526][0.1s] clang-tidy-20 -checks=-*,linuxkernel-must-check-errs,misc-static-assert -p=/tmp/ktest-out/lustre-release /tmp/ktest-out/lustre-release/lustre/tests/listxattr_size_check.c
[130/526][1.7s] clang-tidy-20 -checks=-*,linuxkernel-must-check-errs,misc-static-assert -p=/tmp/ktest-out/lustre-release /tmp/ktest-out/lustre-release/lustre/mdt/mdt_coordinator.c
[131/526][1.6s] clang-tidy-20 -checks=-*,linuxkernel-must-check-errs,misc-static-assert -p=/tmp/ktest-out/lustre-release /tmp/ktest-out/lustre-release/lustre/lod/lod_object.c
[132/526][1.3s] clang-tidy-20 -checks=-*,linuxkernel-must-check-errs,misc-static-assert -p=/tmp/ktest-out/lustre-release /tmp/ktest-out/lustre-release/lustre/llite/lcommon_cl.c
[133/526][1.4s] clang-tidy-20 -checks=-*,linuxkernel-must-check-errs,misc-static-assert -p=/tmp/ktest-out/lustre-release /tmp/ktest-out/lustre-release/lustre/llite/symlink.c
[134/526][1.5s] clang-tidy-20 -checks=-*,linuxkernel-must-check-errs,misc-static-assert -p=/tmp/ktest-out/lustre-release /tmp/ktest-out/lustre-release/lustre/lov/lov_offset.c
[135/526][1.4s] clang-tidy-20 -checks=-*,linuxkernel-must-check-errs,misc-static-assert -p=/tmp/ktest-out/lustre-release /tmp/ktest-out/lustre-release/lustre/obdclass/local_storage.c
[136/526][0.4s] clang-tidy-20 -checks=-*,linuxkernel-must-check-errs,misc-static-assert -p=/tmp/ktest-out/lustre-release /tmp/ktest-out/lustre-release/lustre/ec/ec.mod.c
[137/526][0.2s] clang-tidy-20 -checks=-*,linuxkernel-must-check-errs,misc-static-assert -p=/tmp/ktest-out/lustre-release /tmp/ktest-out/lustre-release/lustre/utils/liblustreapi_pcc.c
[138/526][1.3s] clang-tidy-20 -checks=-*,linuxkernel-must-check-errs,misc-static-assert -p=/tmp/ktest-out/lustre-release /tmp/ktest-out/lustre-release/lustre/mdc/mdc_dev.c
[139/526][1.7s] clang-tidy-20 -checks=-*,linuxkernel-must-check-errs,misc-static-assert -p=/tmp/ktest-out/lustre-release /tmp/ktest-out/lustre-release/lustre/mdc/mdc_reint.c
[140/526][0.2s] clang-tidy-20 -checks=-*,linuxkernel-must-check-errs,misc-static-assert -p=/tmp/ktest-out/lustre-release /tmp/ktest-out/lustre-release/lustre/tests/llapi_layout_test.c
[141/526][2.6s] clang-tidy-20 -checks=-*,linuxkernel-must-check-errs,misc-static-assert -p=/tmp/ktest-out/lustre-release /tmp/ktest-out/lustre-release/lustre/target/update_trans.c
[142/526][1.1s] clang-tidy-20 -checks=-*,linuxkernel-must-check-errs,misc-static-assert -p=/tmp/ktest-out/lustre-release /tmp/ktest-out/lustre-release/lnet/lnet/lnet_debugfs.c
[143/526][1.2s] clang-tidy-20 -checks=-*,linuxkernel-must-check-errs,misc-static-assert -p=/tmp/ktest-out/lustre-release /tmp/ktest-out/lustre-release/lustre/lfsck/lfsck_engine.c
[144/526][0.1s] clang-tidy-20 -checks=-*,linuxkernel-must-check-errs,misc-static-assert -p=/tmp/ktest-out/lustre-release /tmp/ktest-out/lustre-release/lustre/tests/openfile.c
[145/526][0.1s] clang-tidy-20 -checks=-*,linuxkernel-must-check-errs,misc-static-assert -p=/tmp/ktest-out/lustre-release /tmp/ktest-out/lustre-release/lustre/tests/euid_access.c
[146/526][1.6s] clang-tidy-20 -checks=-*,linuxkernel-must-check-errs,misc-static-assert -p=/tmp/ktest-out/lustre-release /tmp/ktest-out/lustre-release/lustre/lfsck/lfsck_striped_dir.c
[147/526][1.0s] clang-tidy-20 -checks=-*,linuxkernel-must-check-errs,misc-static-assert -p=/tmp/ktest-out/lustre-release /tmp/ktest-out/lustre-release/lnet/selftest/conrpc.c
[148/526][0.1s] clang-tidy-20 -checks=-*,linuxkernel-must-check-errs,misc-static-assert -p=/tmp/ktest-out/lustre-release /tmp/ktest-out/lustre-release/lib/libcfs/l_ioctl.c
[149/526][0.1s] clang-tidy-20 -checks=-*,linuxkernel-must-check-errs,misc-static-assert -p=/tmp/ktest-out/lustre-release /tmp/ktest-out/lustre-release/lustre/ec/ec_base_aliases.c
[150/526][1.3s] clang-tidy-20 -checks=-*,linuxkernel-must-check-errs,misc-static-assert -p=/tmp/ktest-out/lustre-release /tmp/ktest-out/lustre-release/lustre/ptlrpc/nodemap_member.c
[151/526][1.6s] clang-tidy-20 -checks=-*,linuxkernel-must-check-errs,misc-static-assert -p=/tmp/ktest-out/lustre-release /tmp/ktest-out/lustre-release/lustre/llite/namei.c
[152/526][1.2s] clang-tidy-20 -checks=-*,linuxkernel-must-check-errs,misc-static-assert -p=/tmp/ktest-out/lustre-release /tmp/ktest-out/lustre-release/lustre/mdt/mdt_reint.c
[153/526][0.2s] clang-tidy-20 -checks=-*,linuxkernel-must-check-errs,misc-static-assert -p=/tmp/ktest-out/lustre-release /tmp/ktest-out/lustre-release/lustre/utils/l_tunedisk.c
[154/526][1.2s] clang-tidy-20 -checks=-*,linuxkernel-must-check-errs,misc-static-assert -p=/tmp/ktest-out/lustre-release /tmp/ktest-out/lustre-release/lustre/mdt/mdt_open.c
[155/526][0.1s] clang-tidy-20 -checks=-*,linuxkernel-must-check-errs,misc-static-assert -p=/tmp/ktest-out/lustre-release /tmp/ktest-out/lustre-release/lustre/tests/ll_sparseness_verify.c
[156/526][1.2s] clang-tidy-20 -checks=-*,linuxkernel-must-check-errs,misc-static-assert -p=/tmp/ktest-out/lustre-release /tmp/ktest-out/lustre-release/lnet/klnds/socklnd/socklnd_lib.c
[157/526][0.9s] clang-tidy-20 -checks=-*,linuxkernel-must-check-errs,misc-static-assert -p=/tmp/ktest-out/lustre-release /tmp/ktest-out/lustre-release/lustre/kunit/kinode.c
[158/526][1.2s] clang-tidy-20 -checks=-*,linuxkernel-must-check-errs,misc-static-assert -p=/tmp/ktest-out/lustre-release /tmp/ktest-out/lustre-release/lustre/ldlm/ldlm_extent.c
[159/526][0.4s] clang-tidy-20 -checks=-*,linuxkernel-must-check-errs,misc-static-assert -p=/tmp/ktest-out/lustre-release /tmp/ktest-out/lustre-release/lustre/obdecho/obdecho.mod.c
[160/526][0.1s] clang-tidy-20 -checks=-*,linuxkernel-must-check-errs,misc-static-assert -p=/tmp/ktest-out/lustre-release /tmp/ktest-out/lustre-release/lustre/tests/rwv.c
[161/526][0.2s] clang-tidy-20 -checks=-*,linuxkernel-must-check-errs,misc-static-assert -p=/tmp/ktest-out/lustre-release /tmp/ktest-out/lustre-release/lustre/utils/lustre_cfg.c
[162/526][2.8s] clang-tidy-20 -checks=-*,linuxkernel-must-check-errs,misc-static-assert -p=/tmp/ktest-out/lustre-release /tmp/ktest-out/lustre-release/lustre/obdecho/echo_client.c
[163/526][0.8s] clang-tidy-20 -checks=-*,linuxkernel-must-check-errs,misc-static-assert -p=/tmp/ktest-out/lustre-release /tmp/ktest-out/lustre-release/lnet/lnet/adler.c
[164/526][1.4s] clang-tidy-20 -checks=-*,linuxkernel-must-check-errs,misc-static-assert -p=/tmp/ktest-out/lustre-release /tmp/ktest-out/lustre-release/lustre/osc/osc_dev.c
[165/526][0.1s] clang-tidy-20 -checks=-*,linuxkernel-must-check-errs,misc-static-assert -p=/tmp/ktest-out/lustre-release /tmp/ktest-out/lustre-release/lustre/utils/l_gssiam_auth.c
[166/526][1.3s] clang-tidy-20 -checks=-*,linuxkernel-must-check-errs,misc-static-assert -p=/tmp/ktest-out/lustre-release /tmp/ktest-out/lustre-release/lnet/lnet/acceptor.c
[167/526][1.3s] clang-tidy-20 -checks=-*,linuxkernel-must-check-errs,misc-static-assert -p=/tmp/ktest-out/lustre-release /tmp/ktest-out/lustre-release/lustre/ptlrpc/sec.c
[168/526][1.3s] clang-tidy-20 -checks=-*,linuxkernel-must-check-errs,misc-static-assert -p=/tmp/ktest-out/lustre-release /tmp/ktest-out/lustre-release/lustre/mdd/mdd_object.c
[169/526][0.1s] clang-tidy-20 -checks=-*,linuxkernel-must-check-errs,misc-static-assert -p=/tmp/ktest-out/lustre-release /tmp/ktest-out/lustre-release/lib/libcfs/nidstrings.c
[170/526][1.3s] clang-tidy-20 -checks=-*,linuxkernel-must-check-errs,misc-static-assert -p=/tmp/ktest-out/lustre-release /tmp/ktest-out/lustre-release/lustre/llite/llite_mmap.c
[171/526][0.1s] clang-tidy-20 -checks=-*,linuxkernel-must-check-errs,misc-static-assert -p=/tmp/ktest-out/lustre-release /tmp/ktest-out/lustre-release/lustre/utils/lustre_lfsck.c
[172/526][1.1s] clang-tidy-20 -checks=-*,linuxkernel-must-check-errs,misc-static-assert -p=/tmp/ktest-out/lustre-release /tmp/ktest-out/lustre-release/lnet/lnet/config.c
[173/526][0.1s] clang-tidy-20 -checks=-*,linuxkernel-must-check-errs,misc-static-assert -p=/tmp/ktest-out/lustre-release /tmp/ktest-out/lustre-release/lustre/utils/libhsm_scanner.c
[174/526][1.1s] clang-tidy-20 -checks=-*,linuxkernel-must-check-errs,misc-static-assert -p=/tmp/ktest-out/lustre-release /tmp/ktest-out/lustre-release/lustre/ptlrpc/heap.c
[175/526][1.1s] clang-tidy-20 -checks=-*,linuxkernel-must-check-errs,misc-static-assert -p=/tmp/ktest-out/lustre-release /tmp/ktest-out/lustre-release/libcfs/libcfs/module.c
[176/526][0.1s] clang-tidy-20 -checks=-*,linuxkernel-must-check-errs,misc-static-assert -p=/tmp/ktest-out/lustre-release /tmp/ktest-out/lustre-release/lustre/tests/iabf/iabf.c
[177/526][0.4s] clang-tidy-20 -checks=-*,linuxkernel-must-check-errs,misc-static-assert -p=/tmp/ktest-out/lustre-release /tmp/ktest-out/lustre-release/lustre/kunit/obd_test.mod.c
[178/526][1.2s] clang-tidy-20 -checks=-*,linuxkernel-must-check-errs,misc-static-assert -p=/tmp/ktest-out/lustre-release /tmp/ktest-out/lustre-release/lustre/osp/osp_trans.c
[179/526][1.1s] clang-tidy-20 -checks=-*,linuxkernel-must-check-errs,misc-static-assert -p=/tmp/ktest-out/lustre-release /tmp/ktest-out/lustre-release/lnet/lnet/lib-msg.c
[180/526][1.3s] clang-tidy-20 -checks=-*,linuxkernel-must-check-errs,misc-static-assert -p=/tmp/ktest-out/lustre-release /tmp/ktest-out/lustre-release/lustre/mdc/mdc_lib.c
[181/526][0.1s] clang-tidy-20 -checks=-*,linuxkernel-must-check-errs,misc-static-assert -p=/tmp/ktest-out/lustre-release /tmp/ktest-out/lustre-release/lustre/tests/parse_foreign_dir.c
[182/526][0.5s] clang-tidy-20 -checks=-*,linuxkernel-must-check-errs,misc-static-assert -p=/tmp/ktest-out/lustre-release /tmp/ktest-out/lustre-release/lustre/mdd/mdd.mod.c
[183/526][0.1s] clang-tidy-20 -checks=-*,linuxkernel-must-check-errs,misc-static-assert -p=/tmp/ktest-out/lustre-release /tmp/ktest-out/lustre-release/lustre/tests/aiocp.c
[184/526][0.2s] clang-tidy-20 -checks=-*,linuxkernel-must-check-errs,misc-static-assert -p=/tmp/ktest-out/lustre-release /tmp/ktest-out/lustre-release/lustre/tests/fsx.c
[185/526][0.8s] clang-tidy-20 -checks=-*,linuxkernel-must-check-errs,misc-static-assert -p=/tmp/ktest-out/lustre-release /tmp/ktest-out/lustre-release/lnet/lnet/lnet-crypto.c
[186/526][1.2s] clang-tidy-20 -checks=-*,linuxkernel-must-check-errs,misc-static-assert -p=/tmp/ktest-out/lustre-release /tmp/ktest-out/lustre-release/lnet/lnet/lib-move.c
[187/526][1.3s] clang-tidy-20 -checks=-*,linuxkernel-must-check-errs,misc-static-assert -p=/tmp/ktest-out/lustre-release /tmp/ktest-out/lustre-release/lustre/lov/lovsub_object.c
[188/526][1.1s] clang-tidy-20 -checks=-*,linuxkernel-must-check-errs,misc-static-assert -p=/tmp/ktest-out/lustre-release /tmp/ktest-out/lustre-release/lustre/lod/lod_pool.c
[189/526][1.3s] clang-tidy-20 -checks=-*,linuxkernel-must-check-errs,misc-static-assert -p=/tmp/ktest-out/lustre-release /tmp/ktest-out/lustre-release/lustre/ofd/ofd_io.c
[190/526][1.4s] clang-tidy-20 -checks=-*,linuxkernel-must-check-errs,misc-static-assert -p=/tmp/ktest-out/lustre-release /tmp/ktest-out/lustre-release/lustre/mdt/mdt_hsm_cdt_requests.c
[191/526][0.1s] clang-tidy-20 -checks=-*,linuxkernel-must-check-errs,misc-static-assert -p=/tmp/ktest-out/lustre-release /tmp/ktest-out/lustre-release/lustre/utils/l_getidentity.c
[192/526][1.3s] clang-tidy-20 -checks=-*,linuxkernel-must-check-errs,misc-static-assert -p=/tmp/ktest-out/lustre-release /tmp/ktest-out/lustre-release/lustre/quota/qmt_handler.c
[193/526][0.5s] clang-tidy-20 -checks=-*,linuxkernel-must-check-errs,misc-static-assert -p=/tmp/ktest-out/lustre-release /tmp/ktest-out/lustre-release/lustre/kunit/ec_test.mod.c
[194/526][0.1s] clang-tidy-20 -checks=-*,linuxkernel-must-check-errs,misc-static-assert -p=/tmp/ktest-out/lustre-release /tmp/ktest-out/lustre-release/lustre/tests/runas.c
[195/526][0.3s] clang-tidy-20 -checks=-*,linuxkernel-must-check-errs,misc-static-assert -p=/tmp/ktest-out/lustre-release /tmp/ktest-out/lustre-release/lustre/ofd/ofd.mod.c
[196/526][0.1s] clang-tidy-20 -checks=-*,linuxkernel-must-check-errs,misc-static-assert -p=/tmp/ktest-out/lustre-release /tmp/ktest-out/lustre-release/lib/libcfs/parser.c
[197/526][0.1s] clang-tidy-20 -checks=-*,linuxkernel-must-check-errs,misc-static-assert -p=/tmp/ktest-out/lustre-release /tmp/ktest-out/lustre-release/lustre/tests/monitor_lustrefs.c
[198/526][0.6s] clang-tidy-20 -checks=-*,linuxkernel-must-check-errs,misc-static-assert -p=/tmp/ktest-out/lustre-release /tmp/ktest-out/lustre-release/lustre/quota/lquota.mod.c
[199/526][1.4s] clang-tidy-20 -checks=-*,linuxkernel-must-check-errs,misc-static-assert -p=/tmp/ktest-out/lustre-release /tmp/ktest-out/lustre-release/lustre/mdc/mdc_locks.c
[200/526][1.3s] clang-tidy-20 -checks=-*,linuxkernel-must-check-errs,misc-static-assert -p=/tmp/ktest-out/lustre-release /tmp/ktest-out/lustre-release/lustre/mdc/mdc_changelog.c
[201/526][0.3s] clang-tidy-20 -checks=-*,linuxkernel-must-check-errs,misc-static-assert -p=/tmp/ktest-out/lustre-release /tmp/ktest-out/lustre-release/lustre/lov/lov.mod.c
[202/526][0.1s] clang-tidy-20 -checks=-*,linuxkernel-must-check-errs,misc-static-assert -p=/tmp/ktest-out/lustre-release /tmp/ktest-out/lustre-release/lustre/tests/ll_sparseness_write.c
[203/526][1.5s] clang-tidy-20 -checks=-*,linuxkernel-must-check-errs,misc-static-assert -p=/tmp/ktest-out/lustre-release /tmp/ktest-out/lustre-release/lustre/mgs/lproc_mgs.c
[204/526][1.1s] clang-tidy-20 -checks=-*,linuxkernel-must-check-errs,misc-static-assert -p=/tmp/ktest-out/lustre-release /tmp/ktest-out/lustre-release/lustre/obdclass/lprocfs_status_server.c
[205/526][1.2s] clang-tidy-20 -checks=-*,linuxkernel-must-check-errs,misc-static-assert -p=/tmp/ktest-out/lustre-release /tmp/ktest-out/lustre-release/lustre/ptlrpc/sec_null.c
[206/526][0.1s] clang-tidy-20 -checks=-*,linuxkernel-must-check-errs,misc-static-assert -p=/tmp/ktest-out/lustre-release /tmp/ktest-out/lustre-release/lustre/tests/test_brw.c
[207/526][1.2s] clang-tidy-20 -checks=-*,linuxkernel-must-check-errs,misc-static-assert -p=/tmp/ktest-out/lustre-release /tmp/ktest-out/lustre-release/lustre/lov/lov_dev.c
[208/526][2.7s] clang-tidy-20 -checks=-*,linuxkernel-must-check-errs,misc-static-assert -p=/tmp/ktest-out/lustre-release /tmp/ktest-out/lustre-release/lustre/obdclass/obd_mount.c
[209/526][1.4s] clang-tidy-20 -checks=-*,linuxkernel-must-check-errs,misc-static-assert -p=/tmp/ktest-out/lustre-release /tmp/ktest-out/lustre-release/lustre/ptlrpc/pack_generic.c
[210/526][1.3s] clang-tidy-20 -checks=-*,linuxkernel-must-check-errs,misc-static-assert -p=/tmp/ktest-out/lustre-release /tmp/ktest-out/lustre-release/lustre/obdclass/upcall_cache.c
[211/526][0.1s] clang-tidy-20 -checks=-*,linuxkernel-must-check-errs,misc-static-assert -p=/tmp/ktest-out/lustre-release /tmp/ktest-out/lustre-release/lustre/utils/liblustreapi_kernelconn.c
[212/526][0.3s] clang-tidy-20 -checks=-*,linuxkernel-must-check-errs,misc-static-assert -p=/tmp/ktest-out/lustre-release /tmp/ktest-out/lustre-release/lustre/utils/wiretest.c
[213/526][1.3s] clang-tidy-20 -checks=-*,linuxkernel-must-check-errs,misc-static-assert -p=/tmp/ktest-out/lustre-release /tmp/ktest-out/lustre-release/lustre/quota/qsd_handler.c
[214/526][0.1s] clang-tidy-20 -checks=-*,linuxkernel-must-check-errs,misc-static-assert -p=/tmp/ktest-out/lustre-release /tmp/ktest-out/lustre-release/lustre/tests/openfilleddirunlink.c
[215/526][1.4s] clang-tidy-20 -checks=-*,linuxkernel-must-check-errs,misc-static-assert -p=/tmp/ktest-out/lustre-release /tmp/ktest-out/lustre-release/lustre/quota/qsd_lock.c
[216/526][1.8s] clang-tidy-20 -checks=-*,linuxkernel-must-check-errs,misc-static-assert -p=/tmp/ktest-out/lustre-release /tmp/ktest-out/lustre-release/lustre/ptlrpc/sec_gc.c
[217/526][1.4s] clang-tidy-20 -checks=-*,linuxkernel-must-check-errs,misc-static-assert -p=/tmp/ktest-out/lustre-release /tmp/ktest-out/lustre-release/lustre/fld/fld_index.c
[218/526][2.5s] clang-tidy-20 -checks=-*,linuxkernel-must-check-errs,misc-static-assert -p=/tmp/ktest-out/lustre-release /tmp/ktest-out/lustre-release/lustre/mgs/mgs_handler.c
[219/526][1.4s] clang-tidy-20 -checks=-*,linuxkernel-must-check-errs,misc-static-assert -p=/tmp/ktest-out/lustre-release /tmp/ktest-out/lustre-release/lustre/mdt/mdt_lproc.c
[220/526][0.5s] clang-tidy-20 -checks=-*,linuxkernel-must-check-errs,misc-static-assert -p=/tmp/ktest-out/lustre-release /tmp/ktest-out/lustre-release/lustre/kunit/llog_test.mod.c
[221/526][0.1s] clang-tidy-20 -checks=-*,linuxkernel-must-check-errs,misc-static-assert -p=/tmp/ktest-out/lustre-release /tmp/ktest-out/lustre-release/lib/libcfs/string.c
[222/526][1.5s] clang-tidy-20 -checks=-*,linuxkernel-must-check-errs,misc-static-assert -p=/tmp/ktest-out/lustre-release /tmp/ktest-out/lustre-release/lustre/obdclass/lu_object.c
[223/526][0.1s] clang-tidy-20 -checks=-*,linuxkernel-must-check-errs,misc-static-assert -p=/tmp/ktest-out/lustre-release /tmp/ktest-out/lustre-release/lustre/tests/mmap_mknod_test.c
[224/526][1.1s] clang-tidy-20 -checks=-*,linuxkernel-must-check-errs,misc-static-assert -p=/tmp/ktest-out/lustre-release /tmp/ktest-out/lustre-release/lnet/lnet/lib-md.c
[225/526][1.0s] clang-tidy-20 -checks=-*,linuxkernel-must-check-errs,misc-static-assert -p=/tmp/ktest-out/lustre-release /tmp/ktest-out/lustre-release/lnet/lnet/lib-cpt.c
[226/526][1.3s] clang-tidy-20 -checks=-*,linuxkernel-must-check-errs,misc-static-assert -p=/tmp/ktest-out/lustre-release /tmp/ktest-out/lustre-release/lustre/mdd/mdd_orphans.c
[227/526][0.1s] clang-tidy-20 -checks=-*,linuxkernel-must-check-errs,misc-static-assert -p=/tmp/ktest-out/lustre-release /tmp/ktest-out/lustre-release/lustre/tests/writeme.c
[228/526][2.9s] clang-tidy-20 -checks=-*,linuxkernel-must-check-errs,misc-static-assert -p=/tmp/ktest-out/lustre-release /tmp/ktest-out/lustre-release/lustre/lod/lod_lov.c
[229/526][1.3s] clang-tidy-20 -checks=-*,linuxkernel-must-check-errs,misc-static-assert -p=/tmp/ktest-out/lustre-release /tmp/ktest-out/lustre-release/lustre/osc/osc_object.c
[230/526][1.5s] clang-tidy-20 -checks=-*,linuxkernel-must-check-errs,misc-static-assert -p=/tmp/ktest-out/lustre-release /tmp/ktest-out/lustre-release/lustre/ptlrpc/nodemap_storage.c
[231/526][0.1s] clang-tidy-20 -checks=-*,linuxkernel-must-check-errs,misc-static-assert -p=/tmp/ktest-out/lustre-release /tmp/ktest-out/lustre-release/lustre/utils/llsom_sync.c
[232/526][1.6s] clang-tidy-20 -checks=-*,linuxkernel-must-check-errs,misc-static-assert -p=/tmp/ktest-out/lustre-release /tmp/ktest-out/lustre-release/lustre/ptlrpc/sec_ctx.c
[233/526][0.6s] clang-tidy-20 -checks=-*,linuxkernel-must-check-errs,misc-static-assert -p=/tmp/ktest-out/lustre-release /tmp/ktest-out/lustre-release/lustre/mdc/mdc.mod.c
[234/526][3.3s] clang-tidy-20 -checks=-*,linuxkernel-must-check-errs,misc-static-assert -p=/tmp/ktest-out/lustre-release /tmp/ktest-out/lustre-release/lustre/obdclass/class_obd.c
[235/526][1.6s] clang-tidy-20 -checks=-*,linuxkernel-must-check-errs,misc-static-assert -p=/tmp/ktest-out/lustre-release /tmp/ktest-out/lustre-release/lustre/lov/lov_io.c
[236/526][0.2s] clang-tidy-20 -checks=-*,linuxkernel-must-check-errs,misc-static-assert -p=/tmp/ktest-out/lustre-release /tmp/ktest-out/lustre-release/lustre/ec/ec_base.c
[237/526][0.1s] clang-tidy-20 -checks=-*,linuxkernel-must-check-errs,misc-static-assert -p=/tmp/ktest-out/lustre-release /tmp/ktest-out/lustre-release/lustre/tests/badarea_io.c
[238/526][1.7s] clang-tidy-20 -checks=-*,linuxkernel-must-check-errs,misc-static-assert -p=/tmp/ktest-out/lustre-release /tmp/ktest-out/lustre-release/lustre/mdt/mdt_mds.c
[239/526][1.6s] clang-tidy-20 -checks=-*,linuxkernel-must-check-errs,misc-static-assert -p=/tmp/ktest-out/lustre-release /tmp/ktest-out/lustre-release/lustre/ptlrpc/nodemap_lproc.c
[240/526][0.4s] clang-tidy-20 -checks=-*,linuxkernel-must-check-errs,misc-static-assert -p=/tmp/ktest-out/lustre-release /tmp/ktest-out/lustre-release/lustre/fld/fld.mod.c
[241/526][0.1s] clang-tidy-20 -checks=-*,linuxkernel-must-check-errs,misc-static-assert -p=/tmp/ktest-out/lustre-release /tmp/ktest-out/lustre-release/lustre/tests/mmap_cat.c
[242/526][0.2s] clang-tidy-20 -checks=-*,linuxkernel-must-check-errs,misc-static-assert -p=/tmp/ktest-out/lustre-release /tmp/ktest-out/lustre-release/lustre/utils/lctl_thread.c
[243/526][0.1s] clang-tidy-20 -checks=-*,linuxkernel-must-check-errs,misc-static-assert -p=/tmp/ktest-out/lustre-release /tmp/ktest-out/lustre-release/lustre/tests/lgetxattr_size_check.c
[244/526][1.3s] clang-tidy-20 -checks=-*,linuxkernel-must-check-errs,misc-static-assert -p=/tmp/ktest-out/lustre-release /tmp/ktest-out/lustre-release/lustre/kunit/ec_test.c
[245/526][0.1s] clang-tidy-20 -checks=-*,linuxkernel-must-check-errs,misc-static-assert -p=/tmp/ktest-out/lustre-release /tmp/ktest-out/lustre-release/lustre/utils/ll_decode_linkea.c
[246/526][1.2s] clang-tidy-20 -checks=-*,linuxkernel-must-check-errs,misc-static-assert -p=/tmp/ktest-out/lustre-release /tmp/ktest-out/lustre-release/lnet/selftest/console.c
[247/526][3.4s] clang-tidy-20 -checks=-*,linuxkernel-must-check-errs,misc-static-assert -p=/tmp/ktest-out/lustre-release /tmp/ktest-out/lustre-release/lustre/mdt/mdt_handler.c
[248/526][1.4s] clang-tidy-20 -checks=-*,linuxkernel-must-check-errs,misc-static-assert -p=/tmp/ktest-out/lustre-release /tmp/ktest-out/lustre-release/lustre/ptlrpc/nodemap_range.c
[249/526][1.4s] clang-tidy-20 -checks=-*,linuxkernel-must-check-errs,misc-static-assert -p=/tmp/ktest-out/lustre-release /tmp/ktest-out/lustre-release/lustre/ldlm/ldlm_inodebits.c
[250/526][0.1s] clang-tidy-20 -checks=-*,linuxkernel-must-check-errs,misc-static-assert -p=/tmp/ktest-out/lustre-release /tmp/ktest-out/lustre-release/lustre/tests/create_foreign_file.c
[251/526][1.6s] clang-tidy-20 -checks=-*,linuxkernel-must-check-errs,misc-static-assert -p=/tmp/ktest-out/lustre-release /tmp/ktest-out/lustre-release/lustre/llite/lcommon_misc.c
[252/526][0.1s] clang-tidy-20 -checks=-*,linuxkernel-must-check-errs,misc-static-assert -p=/tmp/ktest-out/lustre-release /tmp/ktest-out/lustre-release/lustre/tests/mrename.c
[253/526][1.6s] clang-tidy-20 -checks=-*,linuxkernel-must-check-errs,misc-static-assert -p=/tmp/ktest-out/lustre-release /tmp/ktest-out/lustre-release/lustre/ofd/ofd_lvb.c
[254/526][0.1s] clang-tidy-20 -checks=-*,linuxkernel-must-check-errs,misc-static-assert -p=/tmp/ktest-out/lustre-release /tmp/ktest-out/lustre-release/lnet/utils/lnetconfig/liblnetconfig_udsp.c
[255/526][0.5s] clang-tidy-20 -checks=-*,linuxkernel-must-check-errs,misc-static-assert -p=/tmp/ktest-out/lustre-release /tmp/ktest-out/lustre-release/lustre/kunit/obd_mod_rpcs_test.mod.c
[256/526][0.2s] clang-tidy-20 -checks=-*,linuxkernel-must-check-errs,misc-static-assert -p=/tmp/ktest-out/lustre-release /tmp/ktest-out/lustre-release/lustre/utils/liblustreapi.c
[257/526][1.2s] clang-tidy-20 -checks=-*,linuxkernel-must-check-errs,misc-static-assert -p=/tmp/ktest-out/lustre-release /tmp/ktest-out/lustre-release/lnet/lnet/lnet_rdma.c
[258/526][1.2s] clang-tidy-20 -checks=-*,linuxkernel-must-check-errs,misc-static-assert -p=/tmp/ktest-out/lustre-release /tmp/ktest-out/lustre-release/lustre/osc/osc_io.c
[259/526][0.1s] clang-tidy-20 -checks=-*,linuxkernel-must-check-errs,misc-static-assert -p=/tmp/ktest-out/lustre-release /tmp/ktest-out/lustre-release/lustre/tests/expand_truncate_test.c
[260/526][0.5s] clang-tidy-20 -checks=-*,linuxkernel-must-check-errs,misc-static-assert -p=/tmp/ktest-out/lustre-release /tmp/ktest-out/lustre-release/lnet/selftest/lnet_selftest.mod.c
[261/526][1.5s] clang-tidy-20 -checks=-*,linuxkernel-must-check-errs,misc-static-assert -p=/tmp/ktest-out/lustre-release /tmp/ktest-out/lustre-release/lustre/osp/lproc_osp.c
[262/526][1.7s] clang-tidy-20 -checks=-*,linuxkernel-must-check-errs,misc-static-assert -p=/tmp/ktest-out/lustre-release /tmp/ktest-out/lustre-release/lustre/osd-wbcfs/osd_lproc.c
[263/526][3.3s] clang-tidy-20 -checks=-*,linuxkernel-must-check-errs,misc-static-assert -p=/tmp/ktest-out/lustre-release /tmp/ktest-out/lustre-release/lustre/mdc/mdc_request.c
[264/526][1.7s] clang-tidy-20 -checks=-*,linuxkernel-must-check-errs,misc-static-assert -p=/tmp/ktest-out/lustre-release /tmp/ktest-out/lustre-release/lustre/llite/glimpse.c
[265/526][1.3s] clang-tidy-20 -checks=-*,linuxkernel-must-check-errs,misc-static-assert -p=/tmp/ktest-out/lustre-release /tmp/ktest-out/lustre-release/lustre/llite/acl.c
[266/526][1.9s] clang-tidy-20 -checks=-*,linuxkernel-must-check-errs,misc-static-assert -p=/tmp/ktest-out/lustre-release /tmp/ktest-out/lustre-release/lustre/osp/osp_md_object.c
[267/526][1.5s] clang-tidy-20 -checks=-*,linuxkernel-must-check-errs,misc-static-assert -p=/tmp/ktest-out/lustre-release /tmp/ktest-out/lustre-release/lustre/kunit/obd_mod_rpcs_test.c
[268/526][1.5s] clang-tidy-20 -checks=-*,linuxkernel-must-check-errs,misc-static-assert -p=/tmp/ktest-out/lustre-release /tmp/ktest-out/lustre-release/lustre/obdclass/cl_lock.c
[269/526][1.4s] clang-tidy-20 -checks=-*,linuxkernel-must-check-errs,misc-static-assert -p=/tmp/ktest-out/lustre-release /tmp/ktest-out/lustre-release/lustre/obdclass/md_attrs.c
[270/526][0.1s] clang-tidy-20 -checks=-*,linuxkernel-must-check-errs,misc-static-assert -p=/tmp/ktest-out/lustre-release /tmp/ktest-out/lustre-release/lustre/tests/splice-test.c
[271/526][3.3s] clang-tidy-20 -checks=-*,linuxkernel-must-check-errs,misc-static-assert -p=/tmp/ktest-out/lustre-release /tmp/ktest-out/lustre-release/lustre/target/tgt_main.c
[272/526][1.6s] clang-tidy-20 -checks=-*,linuxkernel-must-check-errs,misc-static-assert -p=/tmp/ktest-out/lustre-release /tmp/ktest-out/lustre-release/lustre/osp/osp_precreate.c
[273/526][1.6s] clang-tidy-20 -checks=-*,linuxkernel-must-check-errs,misc-static-assert -p=/tmp/ktest-out/lustre-release /tmp/ktest-out/lustre-release/lustre/quota/lquota_disk.c
[274/526][0.1s] clang-tidy-20 -checks=-*,linuxkernel-must-check-errs,misc-static-assert -p=/tmp/ktest-out/lustre-release /tmp/ktest-out/lustre-release/lustre/utils/llog_reader.c
[275/526][0.1s] clang-tidy-20 -checks=-*,linuxkernel-must-check-errs,misc-static-assert -p=/tmp/ktest-out/lustre-release /tmp/ktest-out/lustre-release/lustre/tests/directio.c
[276/526][1.2s] clang-tidy-20 -checks=-*,linuxkernel-must-check-errs,misc-static-assert -p=/tmp/ktest-out/lustre-release /tmp/ktest-out/lustre-release/lustre/ptlrpc/layout.c
63 warnings generated.
Suppressed 63 warnings (63 with check filters).

[277/526][1.6s] clang-tidy-20 -checks=-*,linuxkernel-must-check-errs,misc-static-assert -p=/tmp/ktest-out/lustre-release /tmp/ktest-out/lustre-release/lustre/ldlm/ldlm_reclaim.c
[278/526][0.6s] clang-tidy-20 -checks=-*,linuxkernel-must-check-errs,misc-static-assert -p=/tmp/ktest-out/lustre-release /tmp/ktest-out/lustre-release/lustre/mdt/mdt.mod.c
[279/526][0.3s] clang-tidy-20 -checks=-*,linuxkernel-must-check-errs,misc-static-assert -p=/tmp/ktest-out/lustre-release /tmp/ktest-out/lustre-release/lnet/utils/lst.c
[280/526][1.7s] clang-tidy-20 -checks=-*,linuxkernel-must-check-errs,misc-static-assert -p=/tmp/ktest-out/lustre-release /tmp/ktest-out/lustre-release/lustre/mdt/mdt_io.c
[281/526][3.2s] clang-tidy-20 -checks=-*,linuxkernel-must-check-errs,misc-static-assert -p=/tmp/ktest-out/lustre-release /tmp/ktest-out/lustre-release/lustre/target/update_records.c
[282/526][1.8s] clang-tidy-20 -checks=-*,linuxkernel-must-check-errs,misc-static-assert -p=/tmp/ktest-out/lustre-release /tmp/ktest-out/lustre-release/lustre/ofd/ofd_oss.c
[283/526][0.1s] clang-tidy-20 -checks=-*,linuxkernel-must-check-errs,misc-static-assert -p=/tmp/ktest-out/lustre-release /tmp/ktest-out/lustre-release/lustre/utils/liblustreapi_project.c
[284/526][1.6s] clang-tidy-20 -checks=-*,linuxkernel-must-check-errs,misc-static-assert -p=/tmp/ktest-out/lustre-release /tmp/ktest-out/lustre-release/lustre/mgs/mgs_barrier.c
[285/526][0.3s] clang-tidy-20 -checks=-*,linuxkernel-must-check-errs,misc-static-assert -p=/tmp/ktest-out/lustre-release /tmp/ktest-out/lustre-release/lustre_compat/mm/vmalloc.c
[286/526][1.6s] clang-tidy-20 -checks=-*,linuxkernel-must-check-errs,misc-static-assert -p=/tmp/ktest-out/lustre-release /tmp/ktest-out/lustre-release/lustre/lod/lod_qos.c
[287/526][1.5s] clang-tidy-20 -checks=-*,linuxkernel-must-check-errs,misc-static-assert -p=/tmp/ktest-out/lustre-release /tmp/ktest-out/lustre-release/lustre/mdt/mdt_som.c
[288/526][1.3s] clang-tidy-20 -checks=-*,linuxkernel-must-check-errs,misc-static-assert -p=/tmp/ktest-out/lustre-release /tmp/ktest-out/lustre-release/lustre/ptlrpc/nrs_fifo.c
[289/526][1.4s] clang-tidy-20 -checks=-*,linuxkernel-must-check-errs,misc-static-assert -p=/tmp/ktest-out/lustre-release /tmp/ktest-out/lustre-release/lustre/fid/fid_handler.c
[290/526][2.0s] clang-tidy-20 -checks=-*,linuxkernel-must-check-errs,misc-static-assert -p=/tmp/ktest-out/lustre-release /tmp/ktest-out/lustre-release/lustre/ptlrpc/sec_lproc.c
[291/526][1.7s] clang-tidy-20 -checks=-*,linuxkernel-must-check-errs,misc-static-assert -p=/tmp/ktest-out/lustre-release /tmp/ktest-out/lustre-release/lnet/lnet/api-ni.c
[292/526][3.6s] clang-tidy-20 -checks=-*,linuxkernel-must-check-errs,misc-static-assert -p=/tmp/ktest-out/lustre-release /tmp/ktest-out/lustre-release/lustre/kunit/llog_test.c
[293/526][1.8s] clang-tidy-20 -checks=-*,linuxkernel-must-check-errs,misc-static-assert -p=/tmp/ktest-out/lustre-release /tmp/ktest-out/lustre-release/lnet/selftest/timer.c
[294/526][0.1s] clang-tidy-20 -checks=-*,linuxkernel-must-check-errs,misc-static-assert -p=/tmp/ktest-out/lustre-release /tmp/ktest-out/lustre-release/lustre/tests/iabf/callvpe.c
[295/526][0.5s] clang-tidy-20 -checks=-*,linuxkernel-must-check-errs,misc-static-assert -p=/tmp/ktest-out/lustre-release /tmp/ktest-out/lustre-release/lustre/fid/fid.mod.c
[296/526][0.1s] clang-tidy-20 -checks=-*,linuxkernel-must-check-errs,misc-static-assert -p=/tmp/ktest-out/lustre-release /tmp/ktest-out/lustre-release/lustre/utils/lsnapshot.c
[297/526][0.3s] clang-tidy-20 -checks=-*,linuxkernel-must-check-errs,misc-static-assert -p=/tmp/ktest-out/lustre-release /tmp/ktest-out/lustre-release/lustre/utils/lfs.c
1 warning generated.
Suppressed 1 warnings (1 with check filters).

[298/526][1.6s] clang-tidy-20 -checks=-*,linuxkernel-must-check-errs,misc-static-assert -p=/tmp/ktest-out/lustre-release /tmp/ktest-out/lustre-release/lustre/ldlm/ldlm_request.c
[299/526][1.4s] clang-tidy-20 -checks=-*,linuxkernel-must-check-errs,misc-static-assert -p=/tmp/ktest-out/lustre-release /tmp/ktest-out/lustre-release/lustre/fld/fld_cache.c
[300/526][0.2s] clang-tidy-20 -checks=-*,linuxkernel-must-check-errs,misc-static-assert -p=/tmp/ktest-out/lustre-release /tmp/ktest-out/lustre-release/lustre/tests/lov_getstripe_old.c
[301/526][0.1s] clang-tidy-20 -checks=-*,linuxkernel-must-check-errs,misc-static-assert -p=/tmp/ktest-out/lustre-release /tmp/ktest-out/lustre-release/lustre/tests/checkstat.c
[302/526][1.8s] clang-tidy-20 -checks=-*,linuxkernel-must-check-errs,misc-static-assert -p=/tmp/ktest-out/lustre-release /tmp/ktest-out/lustre-release/lustre/lod/lod_sub_object.c
[303/526][1.8s] clang-tidy-20 -checks=-*,linuxkernel-must-check-errs,misc-static-assert -p=/tmp/ktest-out/lustre-release /tmp/ktest-out/lustre-release/lnet/klnds/socklnd/socklnd.c
lnet/klnds/socklnd/socklnd.c:2391:8: warning: result from function 'PTR_ERR_OR_ZERO' is unused [linuxkernel-must-check-errs]
 2391 |                 rc = ksocknal_thread_start(ksocknal_connd,
      |                      ^
lnet/klnds/socklnd/socklnd.h:641:3: note: expanded from macro 'ksocknal_thread_start'
  641 |                 PTR_ERR_OR_ZERO(__task);                                \
      |                 ^
lnet/klnds/socklnd/socklnd.c:2403:7: warning: result from function 'PTR_ERR_OR_ZERO' is unused [linuxkernel-must-check-errs]
 2403 |         rc = ksocknal_thread_start(ksocknal_reaper, NULL, "socknal_reaper");
      |              ^
lnet/klnds/socklnd/socklnd.h:641:3: note: expanded from macro 'ksocknal_thread_start'
  641 |                 PTR_ERR_OR_ZERO(__task);                                \
      |                 ^
lnet/klnds/socklnd/socklnd.c:2563:8: warning: result from function 'PTR_ERR_OR_ZERO' is unused [linuxkernel-must-check-errs]
 2563 |                 rc = ksocknal_thread_start(ksocknal_scheduler, (void *)id,
      |                      ^
lnet/klnds/socklnd/socklnd.h:641:3: note: expanded from macro 'ksocknal_thread_start'
  641 |                 PTR_ERR_OR_ZERO(__task);                                \
      |                 ^
3 warnings generated.

[304/526][1.5s] clang-tidy-20 -checks=-*,linuxkernel-must-check-errs,misc-static-assert -p=/tmp/ktest-out/lustre-release /tmp/ktest-out/lustre-release/lustre/kunit/ldlm_extent.c
[305/526][1.5s] clang-tidy-20 -checks=-*,linuxkernel-must-check-errs,misc-static-assert -p=/tmp/ktest-out/lustre-release /tmp/ktest-out/lustre-release/lustre/ldlm/l_lock.c
[306/526][0.2s] clang-tidy-20 -checks=-*,linuxkernel-must-check-errs,misc-static-assert -p=/tmp/ktest-out/lustre-release /tmp/ktest-out/lustre-release/lustre/tests/ll_dirstripe_verify.c
[307/526][1.4s] clang-tidy-20 -checks=-*,linuxkernel-must-check-errs,misc-static-assert -p=/tmp/ktest-out/lustre-release /tmp/ktest-out/lustre-release/lustre/lov/lov_pool.c
[308/526][0.3s] clang-tidy-20 -checks=-*,linuxkernel-must-check-errs,misc-static-assert -p=/tmp/ktest-out/lustre-release /tmp/ktest-out/lustre-release/lustre/utils/lfs_project.c
[309/526][3.0s] clang-tidy-20 -checks=-*,linuxkernel-must-check-errs,misc-static-assert -p=/tmp/ktest-out/lustre-release /tmp/ktest-out/lustre-release/lustre/osc/osc_request.c
[310/526][0.1s] clang-tidy-20 -checks=-*,linuxkernel-must-check-errs,misc-static-assert -p=/tmp/ktest-out/lustre-release /tmp/ktest-out/lustre-release/lustre/tests/utime.c
[311/526][1.3s] clang-tidy-20 -checks=-*,linuxkernel-must-check-errs,misc-static-assert -p=/tmp/ktest-out/lustre-release /tmp/ktest-out/lustre-release/lustre/obdclass/scrub.c
[312/526][1.2s] clang-tidy-20 -checks=-*,linuxkernel-must-check-errs,misc-static-assert -p=/tmp/ktest-out/lustre-release /tmp/ktest-out/lustre-release/lustre/llite/xattr.c
[313/526][0.5s] clang-tidy-20 -checks=-*,linuxkernel-must-check-errs,misc-static-assert -p=/tmp/ktest-out/lustre-release /tmp/ktest-out/lustre-release/lustre/kunit/ldlm_extent.mod.c
[314/526][3.0s] clang-tidy-20 -checks=-*,linuxkernel-must-check-errs,misc-static-assert -p=/tmp/ktest-out/lustre-release /tmp/ktest-out/lustre-release/lustre/ofd/ofd_obd.c
[315/526][1.1s] clang-tidy-20 -checks=-*,linuxkernel-must-check-errs,misc-static-assert -p=/tmp/ktest-out/lustre-release /tmp/ktest-out/lustre-release/lnet/lnet/lib-ptl.c
[316/526][0.1s] clang-tidy-20 -checks=-*,linuxkernel-must-check-errs,misc-static-assert -p=/tmp/ktest-out/lustre-release /tmp/ktest-out/lustre-release/lustre/tests/openunlink.c
[317/526][0.1s] clang-tidy-20 -checks=-*,linuxkernel-must-check-errs,misc-static-assert -p=/tmp/ktest-out/lustre-release /tmp/ktest-out/lustre-release/lustre/utils/liblustreapi_swap.c
[318/526][2.9s] clang-tidy-20 -checks=-*,linuxkernel-must-check-errs,misc-static-assert -p=/tmp/ktest-out/lustre-release /tmp/ktest-out/lustre-release/lustre/fid/fid_request.c
[319/526][0.1s] clang-tidy-20 -checks=-*,linuxkernel-must-check-errs,misc-static-assert -p=/tmp/ktest-out/lustre-release /tmp/ktest-out/lustre-release/lnet/utils/lnetconfig/liblnetconfig_netlink.c
[320/526][0.2s] clang-tidy-20 -checks=-*,linuxkernel-must-check-errs,misc-static-assert -p=/tmp/ktest-out/lustre-release /tmp/ktest-out/lustre-release/lustre/tests/mcreate.c
[321/526][1.8s] clang-tidy-20 -checks=-*,linuxkernel-must-check-errs,misc-static-assert -p=/tmp/ktest-out/lustre-release /tmp/ktest-out/lustre-release/lustre/ptlrpc/events.c
[322/526][1.7s] clang-tidy-20 -checks=-*,linuxkernel-must-check-errs,misc-static-assert -p=/tmp/ktest-out/lustre-release /tmp/ktest-out/lustre-release/lustre/lmv/lmv_intent.c
[323/526][0.1s] clang-tidy-20 -checks=-*,linuxkernel-must-check-errs,misc-static-assert -p=/tmp/ktest-out/lustre-release /tmp/ktest-out/lustre-release/lustre/utils/liblustreapi_fid.c
[324/526][0.9s] clang-tidy-20 -checks=-*,linuxkernel-must-check-errs,misc-static-assert -p=/tmp/ktest-out/lustre-release /tmp/ktest-out/lustre-release/lustre/lod/lod.mod.c
[325/526][1.5s] clang-tidy-20 -checks=-*,linuxkernel-must-check-errs,misc-static-assert -p=/tmp/ktest-out/lustre-release /tmp/ktest-out/lustre-release/lustre/mdt/mdt_hsm_cdt_client.c
[326/526][0.9s] clang-tidy-20 -checks=-*,linuxkernel-must-check-errs,misc-static-assert -p=/tmp/ktest-out/lustre-release /tmp/ktest-out/lustre-release/libcfs/libcfs/tracefile.c
[327/526][1.4s] clang-tidy-20 -checks=-*,linuxkernel-must-check-errs,misc-static-assert -p=/tmp/ktest-out/lustre-release /tmp/ktest-out/lustre-release/lustre/osc/osc_quota.c
[328/526][1.8s] clang-tidy-20 -checks=-*,linuxkernel-must-check-errs,misc-static-assert -p=/tmp/ktest-out/lustre-release /tmp/ktest-out/lustre-release/lustre/obdclass/lu_tgt_descs.c
[329/526][1.6s] clang-tidy-20 -checks=-*,linuxkernel-must-check-errs,misc-static-assert -p=/tmp/ktest-out/lustre-release /tmp/ktest-out/lustre-release/lustre/mdd/mdd_lock.c
[330/526][1.4s] clang-tidy-20 -checks=-*,linuxkernel-must-check-errs,misc-static-assert -p=/tmp/ktest-out/lustre-release /tmp/ktest-out/lustre-release/lustre/obdclass/obdo.c
[331/526][1.9s] clang-tidy-20 -checks=-*,linuxkernel-must-check-errs,misc-static-assert -p=/tmp/ktest-out/lustre-release /tmp/ktest-out/lustre-release/lustre/llite/file.c
1 warning generated.
Suppressed 1 warnings (1 with check filters).

[332/526][1.6s] clang-tidy-20 -checks=-*,linuxkernel-must-check-errs,misc-static-assert -p=/tmp/ktest-out/lustre-release /tmp/ktest-out/lustre-release/lustre/ptlrpc/ptlrpcd.c
[333/526][1.5s] clang-tidy-20 -checks=-*,linuxkernel-must-check-errs,misc-static-assert -p=/tmp/ktest-out/lustre-release /tmp/ktest-out/lustre-release/lustre/quota/lproc_quota.c
[334/526][2.2s] clang-tidy-20 -checks=-*,linuxkernel-must-check-errs,misc-static-assert -p=/tmp/ktest-out/lustre-release /tmp/ktest-out/lustre-release/lustre/lov/lovsub_dev.c
[335/526][1.8s] clang-tidy-20 -checks=-*,linuxkernel-must-check-errs,misc-static-assert -p=/tmp/ktest-out/lustre-release /tmp/ktest-out/lustre-release/lnet/selftest/module.c
[336/526][0.0s] clang-tidy-20 -checks=-*,linuxkernel-must-check-errs,misc-static-assert -p=/tmp/ktest-out/lustre-release /tmp/ktest-out/lustre-release/lustre/tests/tchmod.c
[337/526][0.1s] clang-tidy-20 -checks=-*,linuxkernel-must-check-errs,misc-static-assert -p=/tmp/ktest-out/lustre-release /tmp/ktest-out/lustre-release/lustre/tests/sendfile.c
[338/526][1.8s] clang-tidy-20 -checks=-*,linuxkernel-must-check-errs,misc-static-assert -p=/tmp/ktest-out/lustre-release /tmp/ktest-out/lustre-release/lustre/obdclass/jobid.c
[339/526][0.2s] clang-tidy-20 -checks=-*,linuxkernel-must-check-errs,misc-static-assert -p=/tmp/ktest-out/lustre-release /tmp/ktest-out/lustre-release/lustre/tests/group_lock_test.c
[340/526][0.1s] clang-tidy-20 -checks=-*,linuxkernel-must-check-errs,misc-static-assert -p=/tmp/ktest-out/lustre-release /tmp/ktest-out/lustre-release/lustre/tests/smalliomany.c
[341/526][0.1s] clang-tidy-20 -checks=-*,linuxkernel-must-check-errs,misc-static-assert -p=/tmp/ktest-out/lustre-release /tmp/ktest-out/lustre-release/lustre/tests/writemany.c
[342/526][0.6s] clang-tidy-20 -checks=-*,linuxkernel-must-check-errs,misc-static-assert -p=/tmp/ktest-out/lustre-release /tmp/ktest-out/lustre-release/lustre/mgs/mgs.mod.c
[343/526][2.3s] clang-tidy-20 -checks=-*,linuxkernel-must-check-errs,misc-static-assert -p=/tmp/ktest-out/lustre-release /tmp/ktest-out/lustre-release/lustre/llite/statahead.c
[344/526][2.8s] clang-tidy-20 -checks=-*,linuxkernel-must-check-errs,misc-static-assert -p=/tmp/ktest-out/lustre-release /tmp/ktest-out/lustre-release/lustre/mgc/mgc_request.c
[345/526][0.6s] clang-tidy-20 -checks=-*,linuxkernel-must-check-errs,misc-static-assert -p=/tmp/ktest-out/lustre-release /tmp/ktest-out/lustre-release/lnet/lnet/lnet.mod.c
[346/526][1.7s] clang-tidy-20 -checks=-*,linuxkernel-must-check-errs,misc-static-assert -p=/tmp/ktest-out/lustre-release /tmp/ktest-out/lustre-release/lustre/obdecho/echo.c
[347/526][1.3s] clang-tidy-20 -checks=-*,linuxkernel-must-check-errs,misc-static-assert -p=/tmp/ktest-out/lustre-release /tmp/ktest-out/lustre-release/lustre/ofd/ofd_dlm.c
[348/526][2.8s] clang-tidy-20 -checks=-*,linuxkernel-must-check-errs,misc-static-assert -p=/tmp/ktest-out/lustre-release /tmp/ktest-out/lustre-release/lustre/target/tgt_grant.c
[349/526][1.6s] clang-tidy-20 -checks=-*,linuxkernel-must-check-errs,misc-static-assert -p=/tmp/ktest-out/lustre-release /tmp/ktest-out/lustre-release/lnet/lnet/nidstrings.c
[350/526][2.0s] clang-tidy-20 -checks=-*,linuxkernel-must-check-errs,misc-static-assert -p=/tmp/ktest-out/lustre-release /tmp/ktest-out/lustre-release/lnet/klnds/socklnd/socklnd_cb.c
lnet/klnds/socklnd/socklnd_cb.c:2180:7: warning: result from function 'PTR_ERR_OR_ZERO' is unused [linuxkernel-must-check-errs]
 2180 |         rc = ksocknal_thread_start(ksocknal_connd, NULL,
      |              ^
lnet/klnds/socklnd/socklnd.h:641:3: note: expanded from macro 'ksocknal_thread_start'
  641 |                 PTR_ERR_OR_ZERO(__task);                                \
      |                 ^
1 warning generated.

[351/526][0.1s] clang-tidy-20 -checks=-*,linuxkernel-must-check-errs,misc-static-assert -p=/tmp/ktest-out/lustre-release /tmp/ktest-out/lustre-release/lnet/utils/routerstat.c
[352/526][2.1s] clang-tidy-20 -checks=-*,linuxkernel-must-check-errs,misc-static-assert -p=/tmp/ktest-out/lustre-release /tmp/ktest-out/lustre-release/lustre/ofd/ofd_access_log.c
[353/526][0.6s] clang-tidy-20 -checks=-*,linuxkernel-must-check-errs,misc-static-assert -p=/tmp/ktest-out/lustre-release /tmp/ktest-out/lustre-release/lustre/ptlrpc/ptlrpc.mod.c
[354/526][1.6s] clang-tidy-20 -checks=-*,linuxkernel-must-check-errs,misc-static-assert -p=/tmp/ktest-out/lustre-release /tmp/ktest-out/lustre-release/lustre/lov/lov_lock.c
[355/526][1.3s] clang-tidy-20 -checks=-*,linuxkernel-must-check-errs,misc-static-assert -p=/tmp/ktest-out/lustre-release /tmp/ktest-out/lustre-release/lnet/selftest/conctl.c
[356/526][1.5s] clang-tidy-20 -checks=-*,linuxkernel-must-check-errs,misc-static-assert -p=/tmp/ktest-out/lustre-release /tmp/ktest-out/lustre-release/lustre/ptlrpc/nrs_crr.c
[357/526][1.5s] clang-tidy-20 -checks=-*,linuxkernel-must-check-errs,misc-static-assert -p=/tmp/ktest-out/lustre-release /tmp/ktest-out/lustre-release/lnet/lnet/module.c
[358/526][0.1s] clang-tidy-20 -checks=-*,linuxkernel-must-check-errs,misc-static-assert -p=/tmp/ktest-out/lustre-release /tmp/ktest-out/lustre-release/lustre/tests/check_fallocate.c
[359/526][0.2s] clang-tidy-20 -checks=-*,linuxkernel-must-check-errs,misc-static-assert -p=/tmp/ktest-out/lustre-release /tmp/ktest-out/lustre-release/lustre/utils/ofd_access_batch.c
[360/526][0.1s] clang-tidy-20 -checks=-*,linuxkernel-must-check-errs,misc-static-assert -p=/tmp/ktest-out/lustre-release /tmp/ktest-out/lustre-release/lustre/utils/check_iam.c
[361/526][1.4s] clang-tidy-20 -checks=-*,linuxkernel-must-check-errs,misc-static-assert -p=/tmp/ktest-out/lustre-release /tmp/ktest-out/lustre-release/lnet/lnet/net_fault.c
[362/526][0.2s] clang-tidy-20 -checks=-*,linuxkernel-must-check-errs,misc-static-assert -p=/tmp/ktest-out/lustre-release /tmp/ktest-out/lustre-release/lustre/tests/sendfile_grouplock.c
[363/526][1.9s] clang-tidy-20 -checks=-*,linuxkernel-must-check-errs,misc-static-assert -p=/tmp/ktest-out/lustre-release /tmp/ktest-out/lustre-release/lustre/llite/dcache.c
[364/526][0.1s] clang-tidy-20 -checks=-*,linuxkernel-must-check-errs,misc-static-assert -p=/tmp/ktest-out/lustre-release /tmp/ktest-out/lustre-release/lustre/utils/nidlist.c
[365/526][2.2s] clang-tidy-20 -checks=-*,linuxkernel-must-check-errs,misc-static-assert -p=/tmp/ktest-out/lustre-release /tmp/ktest-out/lustre-release/lustre/mdt/mdt_restripe.c
[366/526][0.1s] clang-tidy-20 -checks=-*,linuxkernel-must-check-errs,misc-static-assert -p=/tmp/ktest-out/lustre-release /tmp/ktest-out/lustre-release/lustre/tests/llapi_fid_test.c
[367/526][0.1s] clang-tidy-20 -checks=-*,linuxkernel-must-check-errs,misc-static-assert -p=/tmp/ktest-out/lustre-release /tmp/ktest-out/lustre-release/lustre/tests/mirror_io.c
[368/526][1.5s] clang-tidy-20 -checks=-*,linuxkernel-must-check-errs,misc-static-assert -p=/tmp/ktest-out/lustre-release /tmp/ktest-out/lustre-release/lustre/quota/qsd_config.c
[369/526][1.6s] clang-tidy-20 -checks=-*,linuxkernel-must-check-errs,misc-static-assert -p=/tmp/ktest-out/lustre-release /tmp/ktest-out/lustre-release/lustre/mdt/mdt_batch.c
[370/526][1.8s] clang-tidy-20 -checks=-*,linuxkernel-must-check-errs,misc-static-assert -p=/tmp/ktest-out/lustre-release /tmp/ktest-out/lustre-release/lustre/llite/llite_foreign_symlink.c
[371/526][0.4s] clang-tidy-20 -checks=-*,linuxkernel-must-check-errs,misc-static-assert -p=/tmp/ktest-out/lustre-release /tmp/ktest-out/lustre-release/lustre/osp/osp.mod.c
[372/526][1.8s] clang-tidy-20 -checks=-*,linuxkernel-must-check-errs,misc-static-assert -p=/tmp/ktest-out/lustre-release /tmp/ktest-out/lustre-release/lustre/lov/lov_object.c
[373/526][0.8s] clang-tidy-20 -checks=-*,linuxkernel-must-check-errs,misc-static-assert -p=/tmp/ktest-out/lustre-release /tmp/ktest-out/lustre-release/lustre/llite/lustre.mod.c
[374/526][1.1s] clang-tidy-20 -checks=-*,linuxkernel-must-check-errs,misc-static-assert -p=/tmp/ktest-out/lustre-release /tmp/ktest-out/lustre-release/libcfs/libcfs/fail.c
[375/526][0.2s] clang-tidy-20 -checks=-*,linuxkernel-must-check-errs,misc-static-assert -p=/tmp/ktest-out/lustre-release /tmp/ktest-out/lustre-release/lustre/tests/swap_lock_test.c
[376/526][1.9s] clang-tidy-20 -checks=-*,linuxkernel-must-check-errs,misc-static-assert -p=/tmp/ktest-out/lustre-release /tmp/ktest-out/lustre-release/lustre/mdc/lproc_mdc.c
[377/526][1.8s] clang-tidy-20 -checks=-*,linuxkernel-must-check-errs,misc-static-assert -p=/tmp/ktest-out/lustre-release /tmp/ktest-out/lustre-release/lustre/llite/llite_nfs.c
[378/526][3.6s] clang-tidy-20 -checks=-*,linuxkernel-must-check-errs,misc-static-assert -p=/tmp/ktest-out/lustre-release /tmp/ktest-out/lustre-release/lustre/lod/lod_dev.c
[379/526][0.5s] clang-tidy-20 -checks=-*,linuxkernel-must-check-errs,misc-static-assert -p=/tmp/ktest-out/lustre-release /tmp/ktest-out/lustre-release/lustre/lfsck/lfsck.mod.c
[380/526][1.4s] clang-tidy-20 -checks=-*,linuxkernel-must-check-errs,misc-static-assert -p=/tmp/ktest-out/lustre-release /tmp/ktest-out/lustre-release/lustre/obdclass/lprocfs_counters.c
[381/526][1.8s] clang-tidy-20 -checks=-*,linuxkernel-must-check-errs,misc-static-assert -p=/tmp/ktest-out/lustre-release /tmp/ktest-out/lustre-release/lustre/lov/lov_merge.c
[382/526][1.6s] clang-tidy-20 -checks=-*,linuxkernel-must-check-errs,misc-static-assert -p=/tmp/ktest-out/lustre-release /tmp/ktest-out/lustre-release/lustre/mdd/mdd_changelog.c
[383/526][3.3s] clang-tidy-20 -checks=-*,linuxkernel-must-check-errs,misc-static-assert -p=/tmp/ktest-out/lustre-release /tmp/ktest-out/lustre-release/lustre/lfsck/lfsck_lib.c
[384/526][1.8s] clang-tidy-20 -checks=-*,linuxkernel-must-check-errs,misc-static-assert -p=/tmp/ktest-out/lustre-release /tmp/ktest-out/lustre-release/lustre/mdd/mdd_trans.c
[385/526][1.4s] clang-tidy-20 -checks=-*,linuxkernel-must-check-errs,misc-static-assert -p=/tmp/ktest-out/lustre-release /tmp/ktest-out/lustre-release/lustre/llite/llite_foreign.c
[386/526][1.8s] clang-tidy-20 -checks=-*,linuxkernel-must-check-errs,misc-static-assert -p=/tmp/ktest-out/lustre-release /tmp/ktest-out/lustre-release/lustre/lfsck/lfsck_bookmark.c
[387/526][0.1s] clang-tidy-20 -checks=-*,linuxkernel-must-check-errs,misc-static-assert -p=/tmp/ktest-out/lustre-release /tmp/ktest-out/lustre-release/lustre/tests/memhog.c
[388/526][1.7s] clang-tidy-20 -checks=-*,linuxkernel-must-check-errs,misc-static-assert -p=/tmp/ktest-out/lustre-release /tmp/ktest-out/lustre-release/lustre/obdclass/lprocfs_status.c
[389/526][2.4s] clang-tidy-20 -checks=-*,linuxkernel-must-check-errs,misc-static-assert -p=/tmp/ktest-out/lustre-release /tmp/ktest-out/lustre-release/lustre/ptlrpc/nodemap_handler.c
1 warning generated.
Suppressed 1 warnings (1 with check filters).

[390/526][1.6s] clang-tidy-20 -checks=-*,linuxkernel-must-check-errs,misc-static-assert -p=/tmp/ktest-out/lustre-release /tmp/ktest-out/lustre-release/lustre/obdclass/llog_obd.c
[391/526][0.1s] clang-tidy-20 -checks=-*,linuxkernel-must-check-errs,misc-static-assert -p=/tmp/ktest-out/lustre-release /tmp/ktest-out/lustre-release/lustre/tests/statx.c
[392/526][0.2s] clang-tidy-20 -checks=-*,linuxkernel-must-check-errs,misc-static-assert -p=/tmp/ktest-out/lustre-release /tmp/ktest-out/lustre-release/lustre/tests/createmany.c
[393/526][1.6s] clang-tidy-20 -checks=-*,linuxkernel-must-check-errs,misc-static-assert -p=/tmp/ktest-out/lustre-release /tmp/ktest-out/lustre-release/lnet/lnet/lo.c
[394/526][1.6s] clang-tidy-20 -checks=-*,linuxkernel-must-check-errs,misc-static-assert -p=/tmp/ktest-out/lustre-release /tmp/ktest-out/lustre-release/lustre/mdc/mdc_acl.c
[395/526][1.9s] clang-tidy-20 -checks=-*,linuxkernel-must-check-errs,misc-static-assert -p=/tmp/ktest-out/lustre-release /tmp/ktest-out/lustre-release/lustre/obdclass/llog_osd.c
[396/526][1.7s] clang-tidy-20 -checks=-*,linuxkernel-must-check-errs,misc-static-assert -p=/tmp/ktest-out/lustre-release /tmp/ktest-out/lustre-release/lustre/llite/vvp_io.c
[397/526][0.7s] clang-tidy-20 -checks=-*,linuxkernel-must-check-errs,misc-static-assert -p=/tmp/ktest-out/lustre-release /tmp/ktest-out/lustre-release/lustre/lmv/lmv.mod.c
[398/526][0.2s] clang-tidy-20 -checks=-*,linuxkernel-must-check-errs,misc-static-assert -p=/tmp/ktest-out/lustre-release /tmp/ktest-out/lustre-release/lnet/utils/lnetconfig/liblnetconfig_lnd.c
[399/526][1.8s] clang-tidy-20 -checks=-*,linuxkernel-must-check-errs,misc-static-assert -p=/tmp/ktest-out/lustre-release /tmp/ktest-out/lustre-release/lustre/ldlm/ldlm_resource.c
[400/526][0.3s] clang-tidy-20 -checks=-*,linuxkernel-must-check-errs,misc-static-assert -p=/tmp/ktest-out/lustre-release /tmp/ktest-out/lustre-release/lustre/tests/rw_seq_cst_vs_drop_caches.c
[401/526][2.0s] clang-tidy-20 -checks=-*,linuxkernel-must-check-errs,misc-static-assert -p=/tmp/ktest-out/lustre-release /tmp/ktest-out/lustre-release/lustre/mdt/mdt_lib.c
[402/526][1.5s] clang-tidy-20 -checks=-*,linuxkernel-must-check-errs,misc-static-assert -p=/tmp/ktest-out/lustre-release /tmp/ktest-out/lustre-release/lustre/obdclass/lustre_handles.c
[403/526][0.3s] clang-tidy-20 -checks=-*,linuxkernel-must-check-errs,misc-static-assert -p=/tmp/ktest-out/lustre-release /tmp/ktest-out/lustre-release/lustre/utils/liblustreapi_ioctl.c
[404/526][0.1s] clang-tidy-20 -checks=-*,linuxkernel-must-check-errs,misc-static-assert -p=/tmp/ktest-out/lustre-release /tmp/ktest-out/lustre-release/lustre/tests/reads.c
[405/526][0.2s] clang-tidy-20 -checks=-*,linuxkernel-must-check-errs,misc-static-assert -p=/tmp/ktest-out/lustre-release /tmp/ktest-out/lustre-release/lustre/tests/foreign_symlink_striping.c
[406/526][2.1s] clang-tidy-20 -checks=-*,linuxkernel-must-check-errs,misc-static-assert -p=/tmp/ktest-out/lustre-release /tmp/ktest-out/lustre-release/lustre/mdd/mdd_dir.c
[407/526][1.6s] clang-tidy-20 -checks=-*,linuxkernel-must-check-errs,misc-static-assert -p=/tmp/ktest-out/lustre-release /tmp/ktest-out/lustre-release/lustre/ldlm/ldlm_lockd.c
[408/526][0.8s] clang-tidy-20 -checks=-*,linuxkernel-must-check-errs,misc-static-assert -p=/tmp/ktest-out/lustre-release /tmp/ktest-out/lustre-release/lustre/obdclass/range_lock.c
[409/526][1.8s] clang-tidy-20 -checks=-*,linuxkernel-must-check-errs,misc-static-assert -p=/tmp/ktest-out/lustre-release /tmp/ktest-out/lustre-release/lustre/mdt/mdt_identity.c
[410/526][3.1s] clang-tidy-20 -checks=-*,linuxkernel-must-check-errs,misc-static-assert -p=/tmp/ktest-out/lustre-release /tmp/ktest-out/lustre-release/lustre/ptlrpc/ptlrpc_module.c
[411/526][0.1s] clang-tidy-20 -checks=-*,linuxkernel-must-check-errs,misc-static-assert -p=/tmp/ktest-out/lustre-release /tmp/ktest-out/lustre-release/lustre/tests/aheadmany.c
[412/526][0.6s] clang-tidy-20 -checks=-*,linuxkernel-must-check-errs,misc-static-assert -p=/tmp/ktest-out/lustre-release /tmp/ktest-out/lustre-release/lustre/kunit/kinode.mod.c
[413/526][0.2s] clang-tidy-20 -checks=-*,linuxkernel-must-check-errs,misc-static-assert -p=/tmp/ktest-out/lustre-release /tmp/ktest-out/lustre-release/lustre/tests/opendevunlink.c
[414/526][1.8s] clang-tidy-20 -checks=-*,linuxkernel-must-check-errs,misc-static-assert -p=/tmp/ktest-out/lustre-release /tmp/ktest-out/lustre-release/lustre/obdclass/page_pools.c
[415/526][1.6s] clang-tidy-20 -checks=-*,linuxkernel-must-check-errs,misc-static-assert -p=/tmp/ktest-out/lustre-release /tmp/ktest-out/lustre-release/lustre/lov/lov_page.c
[416/526][3.4s] clang-tidy-20 -checks=-*,linuxkernel-must-check-errs,misc-static-assert -p=/tmp/ktest-out/lustre-release /tmp/ktest-out/lustre-release/lustre/target/tgt_mount.c
[417/526][0.1s] clang-tidy-20 -checks=-*,linuxkernel-must-check-errs,misc-static-assert -p=/tmp/ktest-out/lustre-release /tmp/ktest-out/lustre-release/lustre/tests/chownmany.c
[418/526][1.6s] clang-tidy-20 -checks=-*,linuxkernel-must-check-errs,misc-static-assert -p=/tmp/ktest-out/lustre-release /tmp/ktest-out/lustre-release/lnet/selftest/rpc.c
[419/526][0.1s] clang-tidy-20 -checks=-*,linuxkernel-must-check-errs,misc-static-assert -p=/tmp/ktest-out/lustre-release /tmp/ktest-out/lustre-release/lustre/utils/liblustreapi_nodemap.c
[420/526][1.4s] clang-tidy-20 -checks=-*,linuxkernel-must-check-errs,misc-static-assert -p=/tmp/ktest-out/lustre-release /tmp/ktest-out/lustre-release/lnet/selftest/framework.c
[421/526][0.2s] clang-tidy-20 -checks=-*,linuxkernel-must-check-errs,misc-static-assert -p=/tmp/ktest-out/lustre-release /tmp/ktest-out/lustre-release/lustre/utils/liblustreapi_root.c
[422/526][1.7s] clang-tidy-20 -checks=-*,linuxkernel-must-check-errs,misc-static-assert -p=/tmp/ktest-out/lustre-release /tmp/ktest-out/lustre-release/lustre/mdd/mdd_acl.c
[423/526][1.7s] clang-tidy-20 -checks=-*,linuxkernel-must-check-errs,misc-static-assert -p=/tmp/ktest-out/lustre-release /tmp/ktest-out/lustre-release/lustre/obdclass/statfs_pack.c
[424/526][0.1s] clang-tidy-20 -checks=-*,linuxkernel-must-check-errs,misc-static-assert -p=/tmp/ktest-out/lustre-release /tmp/ktest-out/lustre-release/lib/libcfs/param.c
[425/526][0.3s] clang-tidy-20 -checks=-*,linuxkernel-must-check-errs,misc-static-assert -p=/tmp/ktest-out/lustre-release /tmp/ktest-out/lustre-release/lnet/utils/lnetconfig/liblnetconfig.c
[426/526][0.1s] clang-tidy-20 -checks=-*,linuxkernel-must-check-errs,misc-static-assert -p=/tmp/ktest-out/lustre-release /tmp/ktest-out/lustre-release/lustre/tests/statmany.c
[427/526][0.1s] clang-tidy-20 -checks=-*,linuxkernel-must-check-errs,misc-static-assert -p=/tmp/ktest-out/lustre-release /tmp/ktest-out/lustre-release/lustre/tests/io_uring_probe.c
[428/526][0.2s] clang-tidy-20 -checks=-*,linuxkernel-must-check-errs,misc-static-assert -p=/tmp/ktest-out/lustre-release /tmp/ktest-out/lustre-release/lustre/utils/lr_reader.c
[429/526][0.6s] clang-tidy-20 -checks=-*,linuxkernel-must-check-errs,misc-static-assert -p=/tmp/ktest-out/lustre-release /tmp/ktest-out/lustre-release/lustre/utils/mount_utils.c
[430/526][1.5s] clang-tidy-20 -checks=-*,linuxkernel-must-check-errs,misc-static-assert -p=/tmp/ktest-out/lustre-release /tmp/ktest-out/lustre-release/lustre/obdclass/lustre_peer.c
[431/526][2.1s] clang-tidy-20 -checks=-*,linuxkernel-must-check-errs,misc-static-assert -p=/tmp/ktest-out/lustre-release /tmp/ktest-out/lustre-release/lustre/llite/rw26.c
[432/526][1.8s] clang-tidy-20 -checks=-*,linuxkernel-must-check-errs,misc-static-assert -p=/tmp/ktest-out/lustre-release /tmp/ktest-out/lustre-release/lustre/llite/crypto.c
[433/526][3.2s] clang-tidy-20 -checks=-*,linuxkernel-must-check-errs,misc-static-assert -p=/tmp/ktest-out/lustre-release /tmp/ktest-out/lustre-release/lustre/lov/lov_obd.c
[434/526][3.5s] clang-tidy-20 -checks=-*,linuxkernel-must-check-errs,misc-static-assert -p=/tmp/ktest-out/lustre-release /tmp/ktest-out/lustre-release/lustre/fld/fld_request.c
[435/526][2.0s] clang-tidy-20 -checks=-*,linuxkernel-must-check-errs,misc-static-assert -p=/tmp/ktest-out/lustre-release /tmp/ktest-out/lustre-release/lustre/lfsck/lfsck_layout.c
[436/526][2.7s] clang-tidy-20 -checks=-*,linuxkernel-must-check-errs,misc-static-assert -p=/tmp/ktest-out/lustre-release /tmp/ktest-out/lustre-release/lustre/target/tgt_fmd.c
[437/526][1.5s] clang-tidy-20 -checks=-*,linuxkernel-must-check-errs,misc-static-assert -p=/tmp/ktest-out/lustre-release /tmp/ktest-out/lustre-release/lustre/osd-wbcfs/osd_dirent.c
[438/526][1.8s] clang-tidy-20 -checks=-*,linuxkernel-must-check-errs,misc-static-assert -p=/tmp/ktest-out/lustre-release /tmp/ktest-out/lustre-release/lustre/osc/osc_page.c
[439/526][1.9s] clang-tidy-20 -checks=-*,linuxkernel-must-check-errs,misc-static-assert -p=/tmp/ktest-out/lustre-release /tmp/ktest-out/lustre-release/lustre/mdt/mdt_fs.c
[440/526][1.3s] clang-tidy-20 -checks=-*,linuxkernel-must-check-errs,misc-static-assert -p=/tmp/ktest-out/lustre-release /tmp/ktest-out/lustre-release/lustre/fid/fid_store.c
[441/526][3.2s] clang-tidy-20 -checks=-*,linuxkernel-must-check-errs,misc-static-assert -p=/tmp/ktest-out/lustre-release /tmp/ktest-out/lustre-release/lustre/target/barrier.c
[442/526][0.1s] clang-tidy-20 -checks=-*,linuxkernel-must-check-errs,misc-static-assert -p=/tmp/ktest-out/lustre-release /tmp/ktest-out/lustre-release/lustre/utils/liblustreapi_ladvise.c
[443/526][1.8s] clang-tidy-20 -checks=-*,linuxkernel-must-check-errs,misc-static-assert -p=/tmp/ktest-out/lustre-release /tmp/ktest-out/lustre-release/lustre/ldlm/ldlm_lock.c
[444/526][0.1s] clang-tidy-20 -checks=-*,linuxkernel-must-check-errs,misc-static-assert -p=/tmp/ktest-out/lustre-release /tmp/ktest-out/lustre-release/lustre/tests/fadvise_dontneed_helper.c
[445/526][1.6s] clang-tidy-20 -checks=-*,linuxkernel-must-check-errs,misc-static-assert -p=/tmp/ktest-out/lustre-release /tmp/ktest-out/lustre-release/lustre/ptlrpc/pers.c
[446/526][1.8s] clang-tidy-20 -checks=-*,linuxkernel-must-check-errs,misc-static-assert -p=/tmp/ktest-out/lustre-release /tmp/ktest-out/lustre-release/lustre/ptlrpc/nrs_orr.c
[447/526][0.4s] clang-tidy-20 -checks=-*,linuxkernel-must-check-errs,misc-static-assert -p=/tmp/ktest-out/lustre-release /tmp/ktest-out/lustre-release/lustre/obdclass/obdclass.mod.c
[448/526][0.4s] clang-tidy-20 -checks=-*,linuxkernel-must-check-errs,misc-static-assert -p=/tmp/ktest-out/lustre-release /tmp/ktest-out/lustre-release/lustre/osc/osc.mod.c
[449/526][0.2s] clang-tidy-20 -checks=-*,linuxkernel-must-check-errs,misc-static-assert -p=/tmp/ktest-out/lustre-release /tmp/ktest-out/lustre-release/lustre/utils/liblustreapi_pfind.c
[450/526][0.3s] clang-tidy-20 -checks=-*,linuxkernel-must-check-errs,misc-static-assert -p=/tmp/ktest-out/lustre-release /tmp/ktest-out/lustre-release/lustre/utils/obd.c
[451/526][3.4s] clang-tidy-20 -checks=-*,linuxkernel-must-check-errs,misc-static-assert -p=/tmp/ktest-out/lustre-release /tmp/ktest-out/lustre-release/lustre/quota/lquota_lib.c
[452/526][3.4s] clang-tidy-20 -checks=-*,linuxkernel-must-check-errs,misc-static-assert -p=/tmp/ktest-out/lustre-release /tmp/ktest-out/lustre-release/lustre/target/update_recovery.c
[453/526][1.3s] clang-tidy-20 -checks=-*,linuxkernel-must-check-errs,misc-static-assert -p=/tmp/ktest-out/lustre-release /tmp/ktest-out/lustre-release/lnet/lnet/router.c
[454/526][2.5s] clang-tidy-20 -checks=-*,linuxkernel-must-check-errs,misc-static-assert -p=/tmp/ktest-out/lustre-release /tmp/ktest-out/lustre-release/lustre/ptlrpc/connection.c
[455/526][1.5s] clang-tidy-20 -checks=-*,linuxkernel-must-check-errs,misc-static-assert -p=/tmp/ktest-out/lustre-release /tmp/ktest-out/lustre-release/lustre/ldlm/ldlm_cache_policy.c
[456/526][1.7s] clang-tidy-20 -checks=-*,linuxkernel-must-check-errs,misc-static-assert -p=/tmp/ktest-out/lustre-release /tmp/ktest-out/lustre-release/lustre/ofd/ofd_fs.c
[457/526][3.3s] clang-tidy-20 -checks=-*,linuxkernel-must-check-errs,misc-static-assert -p=/tmp/ktest-out/lustre-release /tmp/ktest-out/lustre-release/lustre/target/out_handler.c
[458/526][0.2s] clang-tidy-20 -checks=-*,linuxkernel-must-check-errs,misc-static-assert -p=/tmp/ktest-out/lustre-release /tmp/ktest-out/lustre-release/lustre/utils/mount_lustre.c
[459/526][0.1s] clang-tidy-20 -checks=-*,linuxkernel-must-check-errs,misc-static-assert -p=/tmp/ktest-out/lustre-release /tmp/ktest-out/lustre-release/lustre/utils/libmount_utils_wbcfs.c
[460/526][1.8s] clang-tidy-20 -checks=-*,linuxkernel-must-check-errs,misc-static-assert -p=/tmp/ktest-out/lustre-release /tmp/ktest-out/lustre-release/lustre/obdclass/upcall_cache_internal.c
[461/526][1.6s] clang-tidy-20 -checks=-*,linuxkernel-must-check-errs,misc-static-assert -p=/tmp/ktest-out/lustre-release /tmp/ktest-out/lustre-release/lustre/lmv/lproc_lmv.c
[462/526][1.4s] clang-tidy-20 -checks=-*,linuxkernel-must-check-errs,misc-static-assert -p=/tmp/ktest-out/lustre-release /tmp/ktest-out/lustre-release/lustre/quota/qsd_writeback.c
[463/526][0.1s] clang-tidy-20 -checks=-*,linuxkernel-must-check-errs,misc-static-assert -p=/tmp/ktest-out/lustre-release /tmp/ktest-out/lustre-release/lustre/utils/liblustreapi_lseek.c
[464/526][1.8s] clang-tidy-20 -checks=-*,linuxkernel-must-check-errs,misc-static-assert -p=/tmp/ktest-out/lustre-release /tmp/ktest-out/lustre-release/lustre/obdclass/llog.c
[465/526][1.3s] clang-tidy-20 -checks=-*,linuxkernel-must-check-errs,misc-static-assert -p=/tmp/ktest-out/lustre-release /tmp/ktest-out/lustre-release/lustre/llite/xattr_cache.c
[466/526][2.3s] clang-tidy-20 -checks=-*,linuxkernel-must-check-errs,misc-static-assert -p=/tmp/ktest-out/lustre-release /tmp/ktest-out/lustre-release/lustre/obdclass/llog_cat.c
[467/526][2.4s] clang-tidy-20 -checks=-*,linuxkernel-must-check-errs,misc-static-assert -p=/tmp/ktest-out/lustre-release /tmp/ktest-out/lustre-release/lnet/lnet/lib-socket.c
[468/526][2.0s] clang-tidy-20 -checks=-*,linuxkernel-must-check-errs,misc-static-assert -p=/tmp/ktest-out/lustre-release /tmp/ktest-out/lustre-release/lustre/obdclass/dt_object.c
[469/526][0.1s] clang-tidy-20 -checks=-*,linuxkernel-must-check-errs,misc-static-assert -p=/tmp/ktest-out/lustre-release /tmp/ktest-out/lustre-release/lustre/tests/truncate.c
[470/526][3.7s] clang-tidy-20 -checks=-*,linuxkernel-must-check-errs,misc-static-assert -p=/tmp/ktest-out/lustre-release /tmp/ktest-out/lustre-release/lustre/ldlm/ldlm_lib.c
[471/526][0.1s] clang-tidy-20 -checks=-*,linuxkernel-must-check-errs,misc-static-assert -p=/tmp/ktest-out/lustre-release /tmp/ktest-out/lustre-release/lustre/tests/unlinkmany.c
[472/526][0.1s] clang-tidy-20 -checks=-*,linuxkernel-must-check-errs,misc-static-assert -p=/tmp/ktest-out/lustre-release /tmp/ktest-out/lustre-release/lustre/utils/liblustreapi_chlg.c
[473/526][2.8s] clang-tidy-20 -checks=-*,linuxkernel-must-check-errs,misc-static-assert -p=/tmp/ktest-out/lustre-release /tmp/ktest-out/lustre-release/lustre/mdt/mdt_hsm_cdt_agent.c
[474/526][3.4s] clang-tidy-20 -checks=-*,linuxkernel-must-check-errs,misc-static-assert -p=/tmp/ktest-out/lustre-release /tmp/ktest-out/lustre-release/lustre/osp/lwp_dev.c
[475/526][0.2s] clang-tidy-20 -checks=-*,linuxkernel-must-check-errs,misc-static-assert -p=/tmp/ktest-out/lustre-release /tmp/ktest-out/lustre-release/lustre/utils/ofd_access_log_reader.c
[476/526][0.1s] clang-tidy-20 -checks=-*,linuxkernel-must-check-errs,misc-static-assert -p=/tmp/ktest-out/lustre-release /tmp/ktest-out/lustre-release/lustre/tests/orphan_linkea_check.c
[477/526][1.9s] clang-tidy-20 -checks=-*,linuxkernel-must-check-errs,misc-static-assert -p=/tmp/ktest-out/lustre-release /tmp/ktest-out/lustre-release/lustre/ptlrpc/niobuf.c
[478/526][0.1s] clang-tidy-20 -checks=-*,linuxkernel-must-check-errs,misc-static-assert -p=/tmp/ktest-out/lustre-release /tmp/ktest-out/lustre-release/lustre/tests/createtest.c
[479/526][2.1s] clang-tidy-20 -checks=-*,linuxkernel-must-check-errs,misc-static-assert -p=/tmp/ktest-out/lustre-release /tmp/ktest-out/lustre-release/lustre/osc/lproc_osc.c
[480/526][3.2s] clang-tidy-20 -checks=-*,linuxkernel-must-check-errs,misc-static-assert -p=/tmp/ktest-out/lustre-release /tmp/ktest-out/lustre-release/lustre/lmv/lmv_obd.c
[481/526][1.4s] clang-tidy-20 -checks=-*,linuxkernel-must-check-errs,misc-static-assert -p=/tmp/ktest-out/lustre-release /tmp/ktest-out/lustre-release/lustre/llite/rw.c
[482/526][0.2s] clang-tidy-20 -checks=-*,linuxkernel-must-check-errs,misc-static-assert -p=/tmp/ktest-out/lustre-release /tmp/ktest-out/lustre-release/lustre/utils/liblustreapi_hsm.c
[483/526][1.4s] clang-tidy-20 -checks=-*,linuxkernel-must-check-errs,misc-static-assert -p=/tmp/ktest-out/lustre-release /tmp/ktest-out/lustre-release/lustre/ptlrpc/nodemap_fileset_alt.c
[484/526][1.5s] clang-tidy-20 -checks=-*,linuxkernel-must-check-errs,misc-static-assert -p=/tmp/ktest-out/lustre-release /tmp/ktest-out/lustre-release/lustre/quota/qsd_entry.c
[485/526][1.5s] clang-tidy-20 -checks=-*,linuxkernel-must-check-errs,misc-static-assert -p=/tmp/ktest-out/lustre-release /tmp/ktest-out/lustre-release/lustre/obdclass/obdo_server.c
[486/526][0.1s] clang-tidy-20 -checks=-*,linuxkernel-must-check-errs,misc-static-assert -p=/tmp/ktest-out/lustre-release /tmp/ktest-out/lustre-release/lustre/utils/l_gssiam_upcall.c
[487/526][0.5s] clang-tidy-20 -checks=-*,linuxkernel-must-check-errs,misc-static-assert -p=/tmp/ktest-out/lustre-release /tmp/ktest-out/lustre-release/lnet/klnds/socklnd/ksocklnd.mod.c
[488/526][0.2s] clang-tidy-20 -checks=-*,linuxkernel-must-check-errs,misc-static-assert -p=/tmp/ktest-out/lustre-release /tmp/ktest-out/lustre-release/lustre/tests/llapi_test_utils.c
[489/526][1.6s] clang-tidy-20 -checks=-*,linuxkernel-must-check-errs,misc-static-assert -p=/tmp/ktest-out/lustre-release /tmp/ktest-out/lustre-release/lustre/obdclass/llog_swab.c
[490/526][0.2s] clang-tidy-20 -checks=-*,linuxkernel-must-check-errs,misc-static-assert -p=/tmp/ktest-out/lustre-release /tmp/ktest-out/lustre-release/lustre/utils/liblustreapi_layout.c
[491/526][1.6s] clang-tidy-20 -checks=-*,linuxkernel-must-check-errs,misc-static-assert -p=/tmp/ktest-out/lustre-release /tmp/ktest-out/lustre-release/lustre/ptlrpc/nodemap_idmap.c
[492/526][0.5s] clang-tidy-20 -checks=-*,linuxkernel-must-check-errs,misc-static-assert -p=/tmp/ktest-out/lustre-release /tmp/ktest-out/lustre-release/lustre/ec/ec_kmod.c
[493/526][1.7s] clang-tidy-20 -checks=-*,linuxkernel-must-check-errs,misc-static-assert -p=/tmp/ktest-out/lustre-release /tmp/ktest-out/lustre-release/lustre/osd-wbcfs/osd_index_hash.c
[494/526][1.7s] clang-tidy-20 -checks=-*,linuxkernel-must-check-errs,misc-static-assert -p=/tmp/ktest-out/lustre-release /tmp/ktest-out/lustre-release/lustre/ofd/ofd_objects.c
[495/526][0.1s] clang-tidy-20 -checks=-*,linuxkernel-must-check-errs,misc-static-assert -p=/tmp/ktest-out/lustre-release /tmp/ktest-out/lustre-release/lustre/utils/lshowmount.c
[496/526][1.9s] clang-tidy-20 -checks=-*,linuxkernel-must-check-errs,misc-static-assert -p=/tmp/ktest-out/lustre-release /tmp/ktest-out/lustre-release/lustre/ptlrpc/batch.c
[497/526][1.7s] clang-tidy-20 -checks=-*,linuxkernel-must-check-errs,misc-static-assert -p=/tmp/ktest-out/lustre-release /tmp/ktest-out/lustre-release/lustre/ofd/ofd_trans.c
[498/526][0.1s] clang-tidy-20 -checks=-*,linuxkernel-must-check-errs,misc-static-assert -p=/tmp/ktest-out/lustre-release /tmp/ktest-out/lustre-release/lustre/utils/liblustreapi_mirror.c
[499/526][1.5s] clang-tidy-20 -checks=-*,linuxkernel-must-check-errs,misc-static-assert -p=/tmp/ktest-out/lustre-release /tmp/ktest-out/lustre-release/lustre/mdc/mdc_batch.c
[500/526][1.8s] clang-tidy-20 -checks=-*,linuxkernel-must-check-errs,misc-static-assert -p=/tmp/ktest-out/lustre-release /tmp/ktest-out/lustre-release/lustre/llite/vvp_page.c
[501/526][1.7s] clang-tidy-20 -checks=-*,linuxkernel-must-check-errs,misc-static-assert -p=/tmp/ktest-out/lustre-release /tmp/ktest-out/lustre-release/lustre/ptlrpc/client.c
[502/526][1.4s] clang-tidy-20 -checks=-*,linuxkernel-must-check-errs,misc-static-assert -p=/tmp/ktest-out/lustre-release /tmp/ktest-out/lustre-release/lustre/obdclass/obd_cksum.c
[503/526][2.0s] clang-tidy-20 -checks=-*,linuxkernel-must-check-errs,misc-static-assert -p=/tmp/ktest-out/lustre-release /tmp/ktest-out/lustre-release/lnet/klnds/socklnd/socklnd_modparams.c
[504/526][1.6s] clang-tidy-20 -checks=-*,linuxkernel-must-check-errs,misc-static-assert -p=/tmp/ktest-out/lustre-release /tmp/ktest-out/lustre-release/lustre/osd-wbcfs/osd_object.c
[505/526][1.6s] clang-tidy-20 -checks=-*,linuxkernel-must-check-errs,misc-static-assert -p=/tmp/ktest-out/lustre-release /tmp/ktest-out/lustre-release/lustre/ptlrpc/nrs_delay.c
[506/526][1.4s] clang-tidy-20 -checks=-*,linuxkernel-must-check-errs,misc-static-assert -p=/tmp/ktest-out/lustre-release /tmp/ktest-out/lustre-release/lustre/mgc/mgc_request_server.c
[507/526][3.1s] clang-tidy-20 -checks=-*,linuxkernel-must-check-errs,misc-static-assert -p=/tmp/ktest-out/lustre-release /tmp/ktest-out/lustre-release/lustre/ptlrpc/import.c
[508/526][1.2s] clang-tidy-20 -checks=-*,linuxkernel-must-check-errs,misc-static-assert -p=/tmp/ktest-out/lustre-release /tmp/ktest-out/lustre-release/lustre/mdt/mdt_xattr.c
[509/526][1.5s] clang-tidy-20 -checks=-*,linuxkernel-must-check-errs,misc-static-assert -p=/tmp/ktest-out/lustre-release /tmp/ktest-out/lustre-release/lustre/ptlrpc/llog_client.c
[510/526][2.0s] clang-tidy-20 -checks=-*,linuxkernel-must-check-errs,misc-static-assert -p=/tmp/ktest-out/lustre-release /tmp/ktest-out/lustre-release/lustre/ptlrpc/sec_plain.c
[511/526][1.4s] clang-tidy-20 -checks=-*,linuxkernel-must-check-errs,misc-static-assert -p=/tmp/ktest-out/lustre-release /tmp/ktest-out/lustre-release/lustre/obdclass/hash.c
[512/526][1.2s] clang-tidy-20 -checks=-*,linuxkernel-must-check-errs,misc-static-assert -p=/tmp/ktest-out/lustre-release /tmp/ktest-out/lustre-release/lnet/lnet/lib-me.c
[513/526][2.6s] clang-tidy-20 -checks=-*,linuxkernel-must-check-errs,misc-static-assert -p=/tmp/ktest-out/lustre-release /tmp/ktest-out/lustre-release/lustre/target/tgt_lastrcvd.c
[514/526][1.2s] clang-tidy-20 -checks=-*,linuxkernel-must-check-errs,misc-static-assert -p=/tmp/ktest-out/lustre-release /tmp/ktest-out/lustre-release/lustre/ldlm/ldlm_flock.c
[515/526][1.0s] clang-tidy-20 -checks=-*,linuxkernel-must-check-errs,misc-static-assert -p=/tmp/ktest-out/lustre-release /tmp/ktest-out/lustre-release/lustre/osd-wbcfs/wbcfs.c
[516/526][1.4s] clang-tidy-20 -checks=-*,linuxkernel-must-check-errs,misc-static-assert -p=/tmp/ktest-out/lustre-release /tmp/ktest-out/lustre-release/lustre/osd-wbcfs/osd_io.c
[517/526][1.5s] clang-tidy-20 -checks=-*,linuxkernel-must-check-errs,misc-static-assert -p=/tmp/ktest-out/lustre-release /tmp/ktest-out/lustre-release/lustre/osc/osc_cache.c
[518/526][2.8s] clang-tidy-20 -checks=-*,linuxkernel-must-check-errs,misc-static-assert -p=/tmp/ktest-out/lustre-release /tmp/ktest-out/lustre-release/lustre/target/out_lib.c
[519/526][3.0s] clang-tidy-20 -checks=-*,linuxkernel-must-check-errs,misc-static-assert -p=/tmp/ktest-out/lustre-release /tmp/ktest-out/lustre-release/lustre/obdclass/obd_sysfs.c
[520/526][1.2s] clang-tidy-20 -checks=-*,linuxkernel-must-check-errs,misc-static-assert -p=/tmp/ktest-out/lustre-release /tmp/ktest-out/lustre-release/lustre/obdclass/cl_page.c
[521/526][1.1s] clang-tidy-20 -checks=-*,linuxkernel-must-check-errs,misc-static-assert -p=/tmp/ktest-out/lustre-release /tmp/ktest-out/lustre-release/lustre/ptlrpc/llog_net.c
[522/526][2.8s] clang-tidy-20 -checks=-*,linuxkernel-must-check-errs,misc-static-assert -p=/tmp/ktest-out/lustre-release /tmp/ktest-out/lustre-release/lustre/target/tgt_gssiam.c
2 warnings generated.
4 warnings generated.
Suppressed 4 warnings (4 with check filters).

[523/526][1.2s] clang-tidy-20 -checks=-*,linuxkernel-must-check-errs,misc-static-assert -p=/tmp/ktest-out/lustre-release /tmp/ktest-out/lustre-release/lustre/quota/qmt_pool.c
[524/526][2.6s] clang-tidy-20 -checks=-*,linuxkernel-must-check-errs,misc-static-assert -p=/tmp/ktest-out/lustre-release /tmp/ktest-out/lustre-release/lustre/llite/llite_lib.c
[525/526][2.3s] clang-tidy-20 -checks=-*,linuxkernel-must-check-errs,misc-static-assert -p=/tmp/ktest-out/lustre-release /tmp/ktest-out/lustre-release/lustre/llite/super25.c
[526/526][1.8s] clang-tidy-20 -checks=-*,linuxkernel-must-check-errs,misc-static-assert -p=/tmp/ktest-out/lustre-release /tmp/ktest-out/lustre-release/lustre/mdd/mdd_device.c
