UPDATE ROOT IMAGE ... done
c[?7l[2J[0mSeaBIOS (version 1.15.0-1)


iPXE (https://ipxe.org) 00:01.0 C000 PCI2.10 PnP PMM+7FF8AE10+7FECAE10 C000
Press Ctrl-B to configure iPXE (PCI 00:01.0)...                                                                               


Booting from ROM..c[?7l[2JKernel compiled without mitigations, ignoring 'mitigations'; system may still be vulnerable
RDSEED32 is broken. Disabling the corresponding CPUID bit.
P+q6E616D65\[6n[32766;32766H[6n[!p]104[?7h[1G[0J]3008;start=cdd3e7a1895b40a89ced05005b31b7cb;user=root;hostname=lustre-bot-kvm;machineid=a79734507b7a4cd085276a3f8d51378f;bootid=99fd90fc02e8446c9954d1a15c183fff;pid=1;pidfdid=2;comm=systemd;type=boot\Kernel version: 6.18.0-ktest-9c56219376-20260514
hook init_noop

Running tests boot

========= TEST   boot
boot

========= PASSED boot in 0s

Passed: boot
Failed: 
NOTICE: Automounting of tracing to debugfs is deprecated and will be removed in 2030
Kernel version: 6.18.0-ktest-9c56219376-20260514
TEST SUCCESS
Failed to connect to system scope bus via local transport: No such file or directory
rpc.statd (604) used greatest stack depth: 26144 bytes left
]3008;end=cdd3e7a1895b40a89ced05005b31b7cb\EXT4-fs (vda): re-mounted 88f4410a-2dea-4a38-86ba-3ebc2db2db54 ro.
