CLI: ./podman-ktest --podman-socket unix:///run/podman/podman.sock --shared-filesystem /tmp --tarball-input job lustre-ci --output /var/www/ci-lustre/upstream-patch-review --git-hash 9d72c988a4602bbf1be571e3d120a10275d3118e --change-id 63583_9d72c988a4602bbf1be571e3d120a10275d3118e --subject LU-19828 kfilnd: Map intf to cxi device kfi config

  Checking /dev/kvm exists... OK
  Checking /dev/kvm permissions... OK
  Creating ccache directory... OK
  Checking ccache directory writable... OK

Environment validated successfully
Creating kernel tarball at /tmp/ktest-kernel.tar.gz...
Creating lustre tarball at /tmp/ktest-lustre.tar.gz...
Executing 16 jobs
Jobs will start as soon as their dependencies are satisfied
Using tarball input mode

START checkpatch tool checkpatch
START lustre_mainline_native build tests/fs/lustre/boot.ktest
START lustre_mainline build tests/fs/lustre/boot.ktest
START lustre_mainline_strict build tests/fs/lustre/boot-strict.ktest
START lustre_u24 build tests/fs/lustre/boot.ktest
START lustre_al2023 build tests/fs/lustre/boot.ktest
PUT /tmp/ktest-kernel.tar.gz 8s
PUT /tmp/ktest-kernel.tar.gz 8s
PUT /tmp/ktest-kernel.tar.gz 8s
PUT /tmp/ktest-kernel.tar.gz 8s
PUT /tmp/ktest-kernel.tar.gz 8s
PUT /tmp/ktest-kernel.tar.gz 8s
PUT /tmp/ktest-lustre.tar.gz 1s
PUT /tmp/ktest-lustre.tar.gz 2s
PUT /tmp/ktest-lustre.tar.gz 2s
PUT /tmp/ktest-lustre.tar.gz 2s
PUT /tmp/ktest-lustre.tar.gz 2s
PUT /tmp/ktest-lustre.tar.gz 2s
END checkpatch tool checkpatch FAIL 12s (exit code: 1)
END lustre_al2023 build tests/fs/lustre/boot.ktest PASS 68s
END lustre_u24 build tests/fs/lustre/boot.ktest PASS 75s
GET /tmp/ktest_lustre_mainline_strict_vigubpp1.tar 4s
END lustre_mainline_strict build tests/fs/lustre/boot-strict.ktest FAIL 110s (exit code: 1)
GET /tmp/ktest_lustre_mainline_native_k_f96zl9.tar 3s
GET /tmp/ktest_lustre_mainline_bhku72eg.tar 3s
END lustre_mainline_native build tests/fs/lustre/boot.ktest PASS 117s
START clang-tidy tool clang-tidy
START cc-plugin tool cc-plugin
START boot run tests/fs/lustre/boot.ktest
START llmount run tests/fs/lustre/llmount.ktest
START llog-unit run tests/fs/lustre/llog-unit.ktest
START mgs-setup run tests/fs/lustre/mgs-setup.ktest
START sanity-1 run tests/fs/lustre/sanity/sanity-1.ktest
START sanity-2 run tests/fs/lustre/sanity/sanity-2.ktest
START sanity-3 run tests/fs/lustre/sanity/sanity-3.ktest
START sanity-4 run tests/fs/lustre/sanity/sanity-4.ktest
END lustre_mainline build tests/fs/lustre/boot.ktest PASS 118s
PUT /tmp/ktest-kernel.tar.gz 12s
PUT /tmp/ktest_lustre_mainline_native_k_f96zl9.tar 16s
PUT /tmp/ktest_lustre_mainline_native_k_f96zl9.tar 16s
PUT /tmp/ktest_lustre_mainline_native_k_f96zl9.tar 16s
PUT /tmp/ktest-kernel.tar.gz 16s
PUT /tmp/ktest_lustre_mainline_native_k_f96zl9.tar 16s
PUT /tmp/ktest_lustre_mainline_native_k_f96zl9.tar 16s
PUT /tmp/ktest_lustre_mainline_native_k_f96zl9.tar 16s
PUT /tmp/ktest_lustre_mainline_native_k_f96zl9.tar 16s
PUT /tmp/ktest_lustre_mainline_native_k_f96zl9.tar 16s
PUT /tmp/ktest-lustre.tar.gz 23s
PUT /tmp/ktest-lustre.tar.gz 32s
PUT /tmp/ktest_lustre_mainline_native_k_f96zl9.tar 4s
PUT /tmp/ktest_lustre_mainline_native_k_f96zl9.tar 9s
END cc-plugin tool cc-plugin FAIL 53s (exit code: 127)
END boot run tests/fs/lustre/boot.ktest PASS 67s
END clang-tidy tool clang-tidy PASS 70s
END mgs-setup run tests/fs/lustre/mgs-setup.ktest PASS 78s
END sanity-3 run tests/fs/lustre/sanity/sanity-3.ktest PASS 86s
END sanity-1 run tests/fs/lustre/sanity/sanity-1.ktest PASS 97s
END sanity-2 run tests/fs/lustre/sanity/sanity-2.ktest PASS 99s
END sanity-4 run tests/fs/lustre/sanity/sanity-4.ktest PASS 106s
END llmount run tests/fs/lustre/llmount.ktest PASS 157s
END llog-unit run tests/fs/lustre/llog-unit.ktest PASS 158s

============================================================
Final Results:
  checkpatch: FAIL (12s) (log: /var/www/ci-lustre/upstream-patch-review/9d72c988a4602bbf1be571e3d120a10275d3118e_checkpatch.log)
  lustre_u24: PASS (75s) (log: /var/www/ci-lustre/upstream-patch-review/9d72c988a4602bbf1be571e3d120a10275d3118e_lustre_u24.log)
  lustre_al2023: PASS (68s) (log: /var/www/ci-lustre/upstream-patch-review/9d72c988a4602bbf1be571e3d120a10275d3118e_lustre_al2023.log)
  lustre_mainline_strict: FAIL (110s) (log: /var/www/ci-lustre/upstream-patch-review/9d72c988a4602bbf1be571e3d120a10275d3118e_lustre_mainline_strict.log)
  lustre_mainline: PASS (118s) (log: /var/www/ci-lustre/upstream-patch-review/9d72c988a4602bbf1be571e3d120a10275d3118e_lustre_mainline.log)
  lustre_mainline_native: PASS (117s) (log: /var/www/ci-lustre/upstream-patch-review/9d72c988a4602bbf1be571e3d120a10275d3118e_lustre_mainline_native.log)
  clang-tidy: PASS (70s) (log: /var/www/ci-lustre/upstream-patch-review/9d72c988a4602bbf1be571e3d120a10275d3118e_clang-tidy.log)
  cc-plugin: FAIL (53s) (log: /var/www/ci-lustre/upstream-patch-review/9d72c988a4602bbf1be571e3d120a10275d3118e_cc-plugin.log)
  boot: PASS (67s) (log: /var/www/ci-lustre/upstream-patch-review/9d72c988a4602bbf1be571e3d120a10275d3118e_boot.log)
  llmount: PASS (157s) (log: /var/www/ci-lustre/upstream-patch-review/9d72c988a4602bbf1be571e3d120a10275d3118e_llmount.log)
  llog-unit: PASS (158s) (log: /var/www/ci-lustre/upstream-patch-review/9d72c988a4602bbf1be571e3d120a10275d3118e_llog-unit.log)
  mgs-setup: PASS (78s) (log: /var/www/ci-lustre/upstream-patch-review/9d72c988a4602bbf1be571e3d120a10275d3118e_mgs-setup.log)
  sanity-1: PASS (97s) (log: /var/www/ci-lustre/upstream-patch-review/9d72c988a4602bbf1be571e3d120a10275d3118e_sanity-1.log)
  sanity-2: PASS (99s) (log: /var/www/ci-lustre/upstream-patch-review/9d72c988a4602bbf1be571e3d120a10275d3118e_sanity-2.log)
  sanity-3: PASS (86s) (log: /var/www/ci-lustre/upstream-patch-review/9d72c988a4602bbf1be571e3d120a10275d3118e_sanity-3.log)
  sanity-4: PASS (106s) (log: /var/www/ci-lustre/upstream-patch-review/9d72c988a4602bbf1be571e3d120a10275d3118e_sanity-4.log)

Total execution time: 305s
