CLI: ./podman-ktest --podman-socket unix:///run/podman/podman.sock --shared-filesystem /tmp --tarball-input job lustre-ci --output /var/www/ci-lustre/upstream-patch-review --git-hash 9e8e4c30370ee3245ffb9447fe9fb448b6100569 --change-id 64022_9e8e4c30370ee3245ffb9447fe9fb448b6100569 --subject LU-19876 build: update ubuntu ldiskfs for 6.8.0-100

  Checking /dev/kvm exists... OK
  Checking /dev/kvm permissions... OK
  Creating ccache directory... OK
  Checking ccache directory writable... OK

Environment validated successfully
Creating kernel tarball at /tmp/ktest-kernel.tar.gz...
Creating lustre tarball at /tmp/ktest-lustre.tar.gz...
Executing 16 jobs
Jobs will start as soon as their dependencies are satisfied
Using tarball input mode

START lustre_mainline_native build tests/fs/lustre/boot.ktest
START lustre_mainline build tests/fs/lustre/boot.ktest
START checkpatch tool checkpatch
START lustre_u24 build tests/fs/lustre/boot.ktest
START lustre_al2023 build tests/fs/lustre/boot.ktest
START lustre_mainline_strict build tests/fs/lustre/boot-strict.ktest
PUT /tmp/ktest-kernel.tar.gz 13s
PUT /tmp/ktest-kernel.tar.gz 13s
PUT /tmp/ktest-kernel.tar.gz 13s
PUT /tmp/ktest-kernel.tar.gz 13s
PUT /tmp/ktest-kernel.tar.gz 13s
PUT /tmp/ktest-kernel.tar.gz 14s
PUT /tmp/ktest-lustre.tar.gz 5s
PUT /tmp/ktest-lustre.tar.gz 5s
PUT /tmp/ktest-lustre.tar.gz 5s
PUT /tmp/ktest-lustre.tar.gz 5s
PUT /tmp/ktest-lustre.tar.gz 5s
PUT /tmp/ktest-lustre.tar.gz 5s
END checkpatch tool checkpatch FAIL 22s (exit code: 1)
END lustre_al2023 build tests/fs/lustre/boot.ktest PASS 84s
END lustre_u24 build tests/fs/lustre/boot.ktest PASS 86s
GET /tmp/ktest_lustre_mainline_strict_b5n5og_g.tar 3s
END lustre_mainline_strict build tests/fs/lustre/boot-strict.ktest FAIL 131s (exit code: 1)
GET /tmp/ktest_lustre_mainline_native_z8vo04dd.tar 3s
GET /tmp/ktest_lustre_mainline_stwj787j.tar 3s
END lustre_mainline_native build tests/fs/lustre/boot.ktest PASS 150s
START clang-tidy tool clang-tidy
START cc-plugin tool cc-plugin
START boot run tests/fs/lustre/boot.ktest
START llmount run tests/fs/lustre/llmount.ktest
START llog-unit run tests/fs/lustre/llog-unit.ktest
START mgs-setup run tests/fs/lustre/mgs-setup.ktest
START sanity-1 run tests/fs/lustre/sanity/sanity-1.ktest
START sanity-2 run tests/fs/lustre/sanity/sanity-2.ktest
START sanity-3 run tests/fs/lustre/sanity/sanity-3.ktest
START sanity-4 run tests/fs/lustre/sanity/sanity-4.ktest
END lustre_mainline build tests/fs/lustre/boot.ktest PASS 151s
PUT /tmp/ktest-kernel.tar.gz 58s
PUT /tmp/ktest_lustre_mainline_native_z8vo04dd.tar 57s
PUT /tmp/ktest_lustre_mainline_native_z8vo04dd.tar 57s
PUT /tmp/ktest_lustre_mainline_native_z8vo04dd.tar 57s
PUT /tmp/ktest_lustre_mainline_native_z8vo04dd.tar 57s
PUT /tmp/ktest_lustre_mainline_native_z8vo04dd.tar 57s
PUT /tmp/ktest_lustre_mainline_native_z8vo04dd.tar 57s
PUT /tmp/ktest_lustre_mainline_native_z8vo04dd.tar 57s
PUT /tmp/ktest-kernel.tar.gz 58s
PUT /tmp/ktest_lustre_mainline_native_z8vo04dd.tar 58s
PUT /tmp/ktest-lustre.tar.gz 89s
PUT /tmp/ktest-lustre.tar.gz 88s
PUT /tmp/ktest_lustre_mainline_native_z8vo04dd.tar 19s
PUT /tmp/ktest_lustre_mainline_native_z8vo04dd.tar 19s
END boot run tests/fs/lustre/boot.ktest PASS 169s
END cc-plugin tool cc-plugin FAIL 172s (exit code: 127)
END clang-tidy tool clang-tidy PASS 189s
END sanity-2 run tests/fs/lustre/sanity/sanity-2.ktest PASS 192s
END mgs-setup run tests/fs/lustre/mgs-setup.ktest PASS 198s
END sanity-1 run tests/fs/lustre/sanity/sanity-1.ktest PASS 201s
END sanity-3 run tests/fs/lustre/sanity/sanity-3.ktest PASS 216s
END sanity-4 run tests/fs/lustre/sanity/sanity-4.ktest PASS 219s
END llog-unit run tests/fs/lustre/llog-unit.ktest PASS 263s
END llmount run tests/fs/lustre/llmount.ktest PASS 274s

============================================================
Final Results:
  checkpatch: FAIL (22s) (log: /var/www/ci-lustre/upstream-patch-review/9e8e4c30370ee3245ffb9447fe9fb448b6100569_checkpatch.log)
  lustre_u24: PASS (86s) (log: /var/www/ci-lustre/upstream-patch-review/9e8e4c30370ee3245ffb9447fe9fb448b6100569_lustre_u24.log)
  lustre_al2023: PASS (84s) (log: /var/www/ci-lustre/upstream-patch-review/9e8e4c30370ee3245ffb9447fe9fb448b6100569_lustre_al2023.log)
  lustre_mainline_strict: FAIL (131s) (log: /var/www/ci-lustre/upstream-patch-review/9e8e4c30370ee3245ffb9447fe9fb448b6100569_lustre_mainline_strict.log)
  lustre_mainline: PASS (151s) (log: /var/www/ci-lustre/upstream-patch-review/9e8e4c30370ee3245ffb9447fe9fb448b6100569_lustre_mainline.log)
  lustre_mainline_native: PASS (150s) (log: /var/www/ci-lustre/upstream-patch-review/9e8e4c30370ee3245ffb9447fe9fb448b6100569_lustre_mainline_native.log)
  clang-tidy: PASS (189s) (log: /var/www/ci-lustre/upstream-patch-review/9e8e4c30370ee3245ffb9447fe9fb448b6100569_clang-tidy.log)
  cc-plugin: FAIL (172s) (log: /var/www/ci-lustre/upstream-patch-review/9e8e4c30370ee3245ffb9447fe9fb448b6100569_cc-plugin.log)
  boot: PASS (169s) (log: /var/www/ci-lustre/upstream-patch-review/9e8e4c30370ee3245ffb9447fe9fb448b6100569_boot.log)
  llmount: PASS (274s) (log: /var/www/ci-lustre/upstream-patch-review/9e8e4c30370ee3245ffb9447fe9fb448b6100569_llmount.log)
  llog-unit: PASS (263s) (log: /var/www/ci-lustre/upstream-patch-review/9e8e4c30370ee3245ffb9447fe9fb448b6100569_llog-unit.log)
  mgs-setup: PASS (198s) (log: /var/www/ci-lustre/upstream-patch-review/9e8e4c30370ee3245ffb9447fe9fb448b6100569_mgs-setup.log)
  sanity-1: PASS (201s) (log: /var/www/ci-lustre/upstream-patch-review/9e8e4c30370ee3245ffb9447fe9fb448b6100569_sanity-1.log)
  sanity-2: PASS (192s) (log: /var/www/ci-lustre/upstream-patch-review/9e8e4c30370ee3245ffb9447fe9fb448b6100569_sanity-2.log)
  sanity-3: PASS (216s) (log: /var/www/ci-lustre/upstream-patch-review/9e8e4c30370ee3245ffb9447fe9fb448b6100569_sanity-3.log)
  sanity-4: PASS (219s) (log: /var/www/ci-lustre/upstream-patch-review/9e8e4c30370ee3245ffb9447fe9fb448b6100569_sanity-4.log)

Total execution time: 454s
