CLI: ./podman-ktest --podman-socket unix:///run/podman/podman.sock --shared-filesystem /tmp --tarball-input job lustre-ci --output /var/www/ci-lustre/upstream-patch-review --git-hash 9e916930266433811afb77eefa85d43a6d8bf1ea --change-id 58492_9e916930266433811afb77eefa85d43a6d8bf1ea --subject LU-18456 trash: mark LUSTRE_UNRM_FL for a file moving to trash

  Checking /dev/kvm exists... OK
  Checking /dev/kvm permissions... OK
  Creating ccache directory... OK
  Checking ccache directory writable... OK

Environment validated successfully
Creating kernel tarball at /tmp/ktest-kernel.tar.gz...
Creating lustre tarball at /tmp/ktest-lustre.tar.gz...
Creating ZFS tarball at /tmp/ktest-zfs.tar.gz...
Executing 13 jobs
Jobs will start as soon as their dependencies are satisfied
Using tarball input mode

START lustre_mainline build tests/fs/lustre/boot.ktest
START lustre_mainline_strict build tests/fs/lustre/boot-strict.ktest
START checkpatch tool checkpatch
START lustre_mainline_native build tests/fs/lustre/boot.ktest
START u24 build tests/fs/lustre/boot.ktest
START al2023 build tests/fs/lustre/boot.ktest
PUT /tmp/ktest-lustre.tar.gz 1s
PUT /tmp/ktest-lustre.tar.gz 2s
PUT /tmp/ktest-kernel.tar.gz 6s
PUT /tmp/ktest-kernel.tar.gz 6s
PUT /tmp/ktest-kernel.tar.gz 6s
PUT /tmp/ktest-kernel.tar.gz 6s
PUT /tmp/ktest-lustre.tar.gz 1s
PUT /tmp/ktest-lustre.tar.gz 1s
PUT /tmp/ktest-lustre.tar.gz 1s
PUT /tmp/ktest-lustre.tar.gz 1s
PUT /tmp/ktest-zfs.tar.gz 0s
PUT /tmp/ktest-zfs.tar.gz 0s
PUT /tmp/ktest-zfs.tar.gz 0s
END checkpatch tool checkpatch PASS 10s
END al2023 build tests/fs/lustre/boot.ktest PASS 59s
END u24 build tests/fs/lustre/boot.ktest PASS 64s
GET /tmp/ktest_lustre_mainline_strict_ecuyun68.tar 6s
END lustre_mainline_strict build tests/fs/lustre/boot-strict.ktest FAIL 139s (exit code: 1)
GET /tmp/ktest_lustre_mainline_native_hj9g22rv.tar 0s
GET /tmp/ktest_lustre_mainline_84_t768i.tar 0s
END lustre_mainline_native build tests/fs/lustre/boot.ktest PASS 144s
START boot run tests/fs/lustre/boot.ktest
START llmount run tests/fs/lustre/llmount.ktest
START mgs-setup run tests/fs/lustre/mgs-setup.ktest
START sanity-1 run tests/fs/lustre/sanity/sanity-1.ktest
START sanity-2 run tests/fs/lustre/sanity/sanity-2.ktest
START sanity-3 run tests/fs/lustre/sanity/sanity-3.ktest
START sanity-4 run tests/fs/lustre/sanity/sanity-4.ktest
END lustre_mainline build tests/fs/lustre/boot.ktest PASS 145s
PUT /tmp/ktest_lustre_mainline_native_hj9g22rv.tar 1s
PUT /tmp/ktest_lustre_mainline_native_hj9g22rv.tar 1s
PUT /tmp/ktest_lustre_mainline_native_hj9g22rv.tar 1s
PUT /tmp/ktest_lustre_mainline_native_hj9g22rv.tar 1s
PUT /tmp/ktest_lustre_mainline_native_hj9g22rv.tar 1s
PUT /tmp/ktest_lustre_mainline_native_hj9g22rv.tar 0s
PUT /tmp/ktest_lustre_mainline_native_hj9g22rv.tar 1s
END boot run tests/fs/lustre/boot.ktest PASS 19s
END mgs-setup run tests/fs/lustre/mgs-setup.ktest PASS 28s
END sanity-1 run tests/fs/lustre/sanity/sanity-1.ktest PASS 40s
END sanity-4 run tests/fs/lustre/sanity/sanity-4.ktest PASS 48s
END sanity-2 run tests/fs/lustre/sanity/sanity-2.ktest PASS 50s
END sanity-3 run tests/fs/lustre/sanity/sanity-3.ktest PASS 62s
END llmount run tests/fs/lustre/llmount.ktest PASS 114s

============================================================
Final Results:
  checkpatch: PASS (10s) (log: /var/www/ci-lustre/upstream-patch-review/9e916930266433811afb77eefa85d43a6d8bf1ea_checkpatch.log)
  u24: PASS (64s) (log: /var/www/ci-lustre/upstream-patch-review/9e916930266433811afb77eefa85d43a6d8bf1ea_u24.log)
  al2023: PASS (59s) (log: /var/www/ci-lustre/upstream-patch-review/9e916930266433811afb77eefa85d43a6d8bf1ea_al2023.log)
  lustre_mainline_strict: FAIL (139s) (log: /var/www/ci-lustre/upstream-patch-review/9e916930266433811afb77eefa85d43a6d8bf1ea_lustre_mainline_strict.log)
  lustre_mainline: PASS (145s) (log: /var/www/ci-lustre/upstream-patch-review/9e916930266433811afb77eefa85d43a6d8bf1ea_lustre_mainline.log)
  lustre_mainline_native: PASS (144s) (log: /var/www/ci-lustre/upstream-patch-review/9e916930266433811afb77eefa85d43a6d8bf1ea_lustre_mainline_native.log)
  boot: PASS (19s) (log: /var/www/ci-lustre/upstream-patch-review/9e916930266433811afb77eefa85d43a6d8bf1ea_boot.log)
  llmount: PASS (114s) (log: /var/www/ci-lustre/upstream-patch-review/9e916930266433811afb77eefa85d43a6d8bf1ea_llmount.log)
  mgs-setup: PASS (28s) (log: /var/www/ci-lustre/upstream-patch-review/9e916930266433811afb77eefa85d43a6d8bf1ea_mgs-setup.log)
  sanity-1: PASS (40s) (log: /var/www/ci-lustre/upstream-patch-review/9e916930266433811afb77eefa85d43a6d8bf1ea_sanity-1.log)
  sanity-2: PASS (50s) (log: /var/www/ci-lustre/upstream-patch-review/9e916930266433811afb77eefa85d43a6d8bf1ea_sanity-2.log)
  sanity-3: PASS (62s) (log: /var/www/ci-lustre/upstream-patch-review/9e916930266433811afb77eefa85d43a6d8bf1ea_sanity-3.log)
  sanity-4: PASS (48s) (log: /var/www/ci-lustre/upstream-patch-review/9e916930266433811afb77eefa85d43a6d8bf1ea_sanity-4.log)

Total execution time: 290s
