CLI: ./podman-ktest --podman-socket unix:///run/podman/podman.sock --shared-filesystem /tmp --tarball-input job lustre-ci --output /var/www/ci-lustre/upstream-patch-review --git-hash 9ebe5a85b9b6f5ac9d484da074b5b4fc570b4498 --change-id 65809_9ebe5a85b9b6f5ac9d484da074b5b4fc570b4498 --subject LU-18856 mgs: Add nodemap security check for new target registration

Environment validated successfully
Creating kernel tarball at /tmp/ktest-kernel.tar.gz...
Creating lustre tarball at /tmp/ktest-lustre.tar.gz...
Creating ZFS tarball at /tmp/ktest-zfs.tar.gz...
Executing 14 jobs
Jobs will start as soon as their dependencies are satisfied
Using tarball input mode

START ml-miscvm:lustre_mainline_native build tests/fs/lustre/boot.ktest
START u24:u24 build tests/fs/lustre/boot.ktest
START ml:lustre_mainline build tests/fs/lustre/boot.ktest
START ml-strict:lustre_mainline build tests/fs/lustre/boot-strict.ktest
START checkpatch:checkpatch tool checkpatch
START al2023:al2023 build tests/fs/lustre/boot.ktest
PUT /tmp/ktest-lustre.tar.gz 1s
PUT /tmp/ktest-lustre.tar.gz 1s
PUT /tmp/ktest-kernel.tar.gz 6s
PUT /tmp/ktest-kernel.tar.gz 6s
PUT /tmp/ktest-kernel.tar.gz 7s
PUT /tmp/ktest-kernel.tar.gz 7s
PUT /tmp/ktest-lustre.tar.gz 2s
PUT /tmp/ktest-lustre.tar.gz 2s
PUT /tmp/ktest-lustre.tar.gz 2s
PUT /tmp/ktest-lustre.tar.gz 2s
PUT /tmp/ktest-zfs.tar.gz 0s
PUT /tmp/ktest-zfs.tar.gz 0s
PUT /tmp/ktest-zfs.tar.gz 0s
END checkpatch:checkpatch tool checkpatch FAIL 11s (exit code: 1)
END al2023:al2023 build tests/fs/lustre/boot.ktest PASS 53s
END u24:u24 build tests/fs/lustre/boot.ktest PASS 54s
GET /tmp/ktest_ml-miscvm:lustre_mainline_native_mb6ukz61.tar 0s
END ml-miscvm:lustre_mainline_native build tests/fs/lustre/boot.ktest PASS 158s
START ml-miscvm:boot run tests/fs/lustre/boot.ktest
START ml-miscvm:llmount run tests/fs/lustre/llmount.ktest
START ml-miscvm:llog-unit run tests/fs/lustre/llog-unit.ktest
START ml-miscvm:mgs-setup run tests/fs/lustre/mgs-setup.ktest
START ml-miscvm:sanity-1 run tests/fs/lustre/sanity/sanity-1.ktest
START ml-miscvm:sanity-2 run tests/fs/lustre/sanity/sanity-2.ktest
START ml-miscvm:sanity-3 run tests/fs/lustre/sanity/sanity-3.ktest
START ml-miscvm:sanity-4 run tests/fs/lustre/sanity/sanity-4.ktest
GET /tmp/ktest_ml:lustre_mainline_ccz7nmn0.tar 1s
END ml:lustre_mainline build tests/fs/lustre/boot.ktest PASS 160s
GET /tmp/ktest_ml-strict:lustre_mainline_25m5a5ok.tar 6s
END ml-strict:lustre_mainline build tests/fs/lustre/boot-strict.ktest FAIL 164s (exit code: 1)
PUT /tmp/ktest-kernel.tar.gz 14s
PUT /tmp/ktest-kernel.tar.gz 14s
PUT /tmp/ktest-kernel.tar.gz 13s
PUT /tmp/ktest-kernel.tar.gz 16s
PUT /tmp/ktest-kernel.tar.gz 14s
PUT /tmp/ktest-kernel.tar.gz 14s
PUT /tmp/ktest-kernel.tar.gz 14s
PUT /tmp/ktest-kernel.tar.gz 16s
PUT /tmp/ktest-lustre.tar.gz 5s
PUT /tmp/ktest-lustre.tar.gz 5s
PUT /tmp/ktest-lustre.tar.gz 5s
PUT /tmp/ktest-lustre.tar.gz 7s
PUT /tmp/ktest-lustre.tar.gz 5s
PUT /tmp/ktest-lustre.tar.gz 5s
PUT /tmp/ktest-lustre.tar.gz 4s
PUT /tmp/ktest-lustre.tar.gz 5s
PUT /tmp/ktest_ml-miscvm:lustre_mainline_native_mb6ukz61.tar 0s
PUT /tmp/ktest_ml-miscvm:lustre_mainline_native_mb6ukz61.tar 0s
PUT /tmp/ktest_ml-miscvm:lustre_mainline_native_mb6ukz61.tar 0s
PUT /tmp/ktest_ml-miscvm:lustre_mainline_native_mb6ukz61.tar 0s
PUT /tmp/ktest_ml-miscvm:lustre_mainline_native_mb6ukz61.tar 0s
PUT /tmp/ktest_ml-miscvm:lustre_mainline_native_mb6ukz61.tar 0s
PUT /tmp/ktest_ml-miscvm:lustre_mainline_native_mb6ukz61.tar 0s
PUT /tmp/ktest_ml-miscvm:lustre_mainline_native_mb6ukz61.tar 0s
END ml-miscvm:boot run tests/fs/lustre/boot.ktest PASS 64s
END ml-miscvm:sanity-4 run tests/fs/lustre/sanity/sanity-4.ktest PASS 101s
END ml-miscvm:mgs-setup run tests/fs/lustre/mgs-setup.ktest PASS 103s
END ml-miscvm:sanity-1 run tests/fs/lustre/sanity/sanity-1.ktest PASS 105s
END ml-miscvm:sanity-2 run tests/fs/lustre/sanity/sanity-2.ktest PASS 106s
END ml-miscvm:sanity-3 run tests/fs/lustre/sanity/sanity-3.ktest PASS 114s
END ml-miscvm:llmount run tests/fs/lustre/llmount.ktest PASS 125s
END ml-miscvm:llog-unit run tests/fs/lustre/llog-unit.ktest FAIL 149s (exit code: 1)

============================================================
Final Results:
  checkpatch:checkpatch: FAIL (11s) (log: /var/www/ci-lustre/upstream-patch-review/9ebe5a85b9b6f5ac9d484da074b5b4fc570b4498_checkpatch:checkpatch.log)
  u24:u24: PASS (54s) (log: /var/www/ci-lustre/upstream-patch-review/9ebe5a85b9b6f5ac9d484da074b5b4fc570b4498_u24:u24.log)
  al2023:al2023: PASS (53s) (log: /var/www/ci-lustre/upstream-patch-review/9ebe5a85b9b6f5ac9d484da074b5b4fc570b4498_al2023:al2023.log)
  ml-strict:lustre_mainline: FAIL (164s) (log: /var/www/ci-lustre/upstream-patch-review/9ebe5a85b9b6f5ac9d484da074b5b4fc570b4498_ml-strict:lustre_mainline.log)
  ml:lustre_mainline: PASS (160s) (log: /var/www/ci-lustre/upstream-patch-review/9ebe5a85b9b6f5ac9d484da074b5b4fc570b4498_ml:lustre_mainline.log)
  ml-miscvm:lustre_mainline_native: PASS (158s) (log: /var/www/ci-lustre/upstream-patch-review/9ebe5a85b9b6f5ac9d484da074b5b4fc570b4498_ml-miscvm:lustre_mainline_native.log)
  ml-miscvm:boot: PASS (64s) (log: /var/www/ci-lustre/upstream-patch-review/9ebe5a85b9b6f5ac9d484da074b5b4fc570b4498_ml-miscvm:boot.log)
  ml-miscvm:llmount: PASS (125s) (log: /var/www/ci-lustre/upstream-patch-review/9ebe5a85b9b6f5ac9d484da074b5b4fc570b4498_ml-miscvm:llmount.log)
  ml-miscvm:llog-unit: FAIL (149s) (log: /var/www/ci-lustre/upstream-patch-review/9ebe5a85b9b6f5ac9d484da074b5b4fc570b4498_ml-miscvm:llog-unit.log)
  ml-miscvm:mgs-setup: PASS (103s) (log: /var/www/ci-lustre/upstream-patch-review/9ebe5a85b9b6f5ac9d484da074b5b4fc570b4498_ml-miscvm:mgs-setup.log)
  ml-miscvm:sanity-1: PASS (105s) (log: /var/www/ci-lustre/upstream-patch-review/9ebe5a85b9b6f5ac9d484da074b5b4fc570b4498_ml-miscvm:sanity-1.log)
  ml-miscvm:sanity-2: PASS (106s) (log: /var/www/ci-lustre/upstream-patch-review/9ebe5a85b9b6f5ac9d484da074b5b4fc570b4498_ml-miscvm:sanity-2.log)
  ml-miscvm:sanity-3: PASS (114s) (log: /var/www/ci-lustre/upstream-patch-review/9ebe5a85b9b6f5ac9d484da074b5b4fc570b4498_ml-miscvm:sanity-3.log)
  ml-miscvm:sanity-4: PASS (101s) (log: /var/www/ci-lustre/upstream-patch-review/9ebe5a85b9b6f5ac9d484da074b5b4fc570b4498_ml-miscvm:sanity-4.log)

Total execution time: 338s
