CLI: ./podman-ktest --podman-socket unix:///run/podman/podman.sock --shared-filesystem /tmp --tarball-input job lustre-ci --output /var/www/ci-lustre/upstream-patch-review --git-hash 9f4960b9b58047c6e7de80d37c97ef12adc1c236 --change-id 65818_9f4960b9b58047c6e7de80d37c97ef12adc1c236 --subject LU-20239 mdd: fix buffer length in mdd_pin_init()

  Checking /dev/kvm exists... OK
  Checking /dev/kvm permissions... OK
  Creating ccache directory... OK
  Checking ccache directory writable... OK

Environment validated successfully
Creating kernel tarball at /tmp/ktest-kernel.tar.gz...
Creating lustre tarball at /tmp/ktest-lustre.tar.gz...
Executing 15 jobs
Jobs will start as soon as their dependencies are satisfied
Using tarball input mode

START checkpatch tool checkpatch
START lustre_mainline_native build tests/fs/lustre/boot.ktest
START al2023 build tests/fs/lustre/boot.ktest
START u24 build tests/fs/lustre/boot.ktest
START lustre_mainline_strict build tests/fs/lustre/boot-strict.ktest
START lustre_mainline build tests/fs/lustre/boot.ktest
PUT /tmp/ktest-lustre.tar.gz 1s
PUT /tmp/ktest-lustre.tar.gz 2s
PUT /tmp/ktest-kernel.tar.gz 6s
PUT /tmp/ktest-kernel.tar.gz 6s
PUT /tmp/ktest-kernel.tar.gz 6s
PUT /tmp/ktest-kernel.tar.gz 6s
PUT /tmp/ktest-lustre.tar.gz 1s
PUT /tmp/ktest-lustre.tar.gz 1s
PUT /tmp/ktest-lustre.tar.gz 1s
PUT /tmp/ktest-lustre.tar.gz 1s
END checkpatch tool checkpatch PASS 10s
END al2023 build tests/fs/lustre/boot.ktest PASS 59s
END u24 build tests/fs/lustre/boot.ktest PASS 63s
GET /tmp/ktest_lustre_mainline_strict_xy52ze91.tar 5s
END lustre_mainline_strict build tests/fs/lustre/boot-strict.ktest FAIL 118s (exit code: 1)
GET /tmp/ktest_lustre_mainline_1cc0woec.tar 5s
GET /tmp/ktest_lustre_mainline_native_37she6vu.tar 5s
END lustre_mainline build tests/fs/lustre/boot.ktest PASS 121s
END lustre_mainline_native build tests/fs/lustre/boot.ktest PASS 122s
START clang-tidy tool clang-tidy
START cc-plugin tool cc-plugin
START boot run tests/fs/lustre/boot.ktest
START llmount run tests/fs/lustre/llmount.ktest
START mgs-setup run tests/fs/lustre/mgs-setup.ktest
START sanity-1 run tests/fs/lustre/sanity/sanity-1.ktest
START sanity-2 run tests/fs/lustre/sanity/sanity-2.ktest
START sanity-3 run tests/fs/lustre/sanity/sanity-3.ktest
START sanity-4 run tests/fs/lustre/sanity/sanity-4.ktest
PUT /tmp/ktest-kernel.tar.gz 13s
PUT /tmp/ktest_lustre_mainline_native_37she6vu.tar 16s
PUT /tmp/ktest_lustre_mainline_native_37she6vu.tar 16s
PUT /tmp/ktest_lustre_mainline_native_37she6vu.tar 16s
PUT /tmp/ktest_lustre_mainline_native_37she6vu.tar 16s
PUT /tmp/ktest_lustre_mainline_native_37she6vu.tar 16s
PUT /tmp/ktest-kernel.tar.gz 16s
PUT /tmp/ktest_lustre_mainline_native_37she6vu.tar 16s
PUT /tmp/ktest_lustre_mainline_native_37she6vu.tar 16s
PUT /tmp/ktest-lustre.tar.gz 25s
PUT /tmp/ktest-lustre.tar.gz 31s
PUT /tmp/ktest_lustre_mainline_native_37she6vu.tar 6s
PUT /tmp/ktest_lustre_mainline_native_37she6vu.tar 9s
END cc-plugin tool cc-plugin FAIL 53s (exit code: 127)
END boot run tests/fs/lustre/boot.ktest PASS 63s
END clang-tidy tool clang-tidy PASS 74s
END mgs-setup run tests/fs/lustre/mgs-setup.ktest PASS 81s
END sanity-1 run tests/fs/lustre/sanity/sanity-1.ktest PASS 87s
END sanity-2 run tests/fs/lustre/sanity/sanity-2.ktest PASS 98s
END sanity-4 run tests/fs/lustre/sanity/sanity-4.ktest PASS 109s
END sanity-3 run tests/fs/lustre/sanity/sanity-3.ktest PASS 113s
END llmount run tests/fs/lustre/llmount.ktest PASS 162s

============================================================
Final Results:
  checkpatch: PASS (10s) (log: /var/www/ci-lustre/upstream-patch-review/9f4960b9b58047c6e7de80d37c97ef12adc1c236_checkpatch.log)
  u24: PASS (63s) (log: /var/www/ci-lustre/upstream-patch-review/9f4960b9b58047c6e7de80d37c97ef12adc1c236_u24.log)
  al2023: PASS (59s) (log: /var/www/ci-lustre/upstream-patch-review/9f4960b9b58047c6e7de80d37c97ef12adc1c236_al2023.log)
  lustre_mainline_strict: FAIL (118s) (log: /var/www/ci-lustre/upstream-patch-review/9f4960b9b58047c6e7de80d37c97ef12adc1c236_lustre_mainline_strict.log)
  lustre_mainline: PASS (121s) (log: /var/www/ci-lustre/upstream-patch-review/9f4960b9b58047c6e7de80d37c97ef12adc1c236_lustre_mainline.log)
  lustre_mainline_native: PASS (122s) (log: /var/www/ci-lustre/upstream-patch-review/9f4960b9b58047c6e7de80d37c97ef12adc1c236_lustre_mainline_native.log)
  clang-tidy: PASS (74s) (log: /var/www/ci-lustre/upstream-patch-review/9f4960b9b58047c6e7de80d37c97ef12adc1c236_clang-tidy.log)
  cc-plugin: FAIL (53s) (log: /var/www/ci-lustre/upstream-patch-review/9f4960b9b58047c6e7de80d37c97ef12adc1c236_cc-plugin.log)
  boot: PASS (63s) (log: /var/www/ci-lustre/upstream-patch-review/9f4960b9b58047c6e7de80d37c97ef12adc1c236_boot.log)
  llmount: PASS (162s) (log: /var/www/ci-lustre/upstream-patch-review/9f4960b9b58047c6e7de80d37c97ef12adc1c236_llmount.log)
  mgs-setup: PASS (81s) (log: /var/www/ci-lustre/upstream-patch-review/9f4960b9b58047c6e7de80d37c97ef12adc1c236_mgs-setup.log)
  sanity-1: PASS (87s) (log: /var/www/ci-lustre/upstream-patch-review/9f4960b9b58047c6e7de80d37c97ef12adc1c236_sanity-1.log)
  sanity-2: PASS (98s) (log: /var/www/ci-lustre/upstream-patch-review/9f4960b9b58047c6e7de80d37c97ef12adc1c236_sanity-2.log)
  sanity-3: PASS (113s) (log: /var/www/ci-lustre/upstream-patch-review/9f4960b9b58047c6e7de80d37c97ef12adc1c236_sanity-3.log)
  sanity-4: PASS (109s) (log: /var/www/ci-lustre/upstream-patch-review/9f4960b9b58047c6e7de80d37c97ef12adc1c236_sanity-4.log)

Total execution time: 317s
