CLI: ./podman-ktest --podman-socket unix:///run/podman/podman.sock --shared-filesystem /tmp --tarball-input job lustre-ci --output /var/www/ci-lustre/upstream-patch-review --git-hash a036e9086b6382a6d905269f39bc352c2e85db1c --change-id 60237_a036e9086b6382a6d905269f39bc352c2e85db1c --subject LU-13139 obdclass: make several dt functions exportable

  Checking /dev/kvm exists... OK
  Checking /dev/kvm permissions... OK
  Creating ccache directory... OK
  Checking ccache directory writable... OK
  Creating package output directory... OK

Environment validated successfully
Creating kernel tarball at /tmp/ktest-kernel.tar.gz...
Creating lustre tarball at /tmp/ktest-lustre.tar.gz...
Creating ZFS tarball at /tmp/ktest-zfs.tar.gz...
Executing 13 jobs
Jobs will start as soon as their dependencies are satisfied
Using tarball input mode

START u24 build tests/fs/lustre/boot.ktest
START lustre_mainline build tests/fs/lustre/boot.ktest
START al2023 build tests/fs/lustre/boot.ktest
START lustre_mainline_native build tests/fs/lustre/boot.ktest
START lustre_mainline_strict build tests/fs/lustre/boot-strict.ktest
START checkpatch tool checkpatch
PUT /tmp/ktest-lustre.tar.gz 1s
PUT /tmp/ktest-lustre.tar.gz 1s
PUT /tmp/ktest-kernel.tar.gz 6s
PUT /tmp/ktest-kernel.tar.gz 6s
PUT /tmp/ktest-kernel.tar.gz 6s
PUT /tmp/ktest-kernel.tar.gz 6s
PUT /tmp/ktest-lustre.tar.gz 1s
PUT /tmp/ktest-lustre.tar.gz 1s
PUT /tmp/ktest-lustre.tar.gz 1s
PUT /tmp/ktest-lustre.tar.gz 1s
PUT /tmp/ktest-zfs.tar.gz 0s
PUT /tmp/ktest-zfs.tar.gz 0s
PUT /tmp/ktest-zfs.tar.gz 0s
END checkpatch tool checkpatch PASS 10s
END al2023 build tests/fs/lustre/boot.ktest FAIL 50s (exit code: 2)
END u24 build tests/fs/lustre/boot.ktest FAIL 54s (exit code: 2)
GET /tmp/ktest_lustre_mainline_strict_cdxu2hf6.tar 6s
END lustre_mainline_strict build tests/fs/lustre/boot-strict.ktest FAIL 170s (exit code: 1)
GET /tmp/ktest_lustre_mainline_kazg9vus.tar 0s
GET /tmp/ktest_lustre_mainline_native_x0134fj5.tar 0s
END lustre_mainline build tests/fs/lustre/boot.ktest PASS 173s
END lustre_mainline_native build tests/fs/lustre/boot.ktest PASS 174s
START boot run tests/fs/lustre/boot.ktest
START llmount run tests/fs/lustre/llmount.ktest
START mgs-setup run tests/fs/lustre/mgs-setup.ktest
START sanity-1 run tests/fs/lustre/sanity/sanity-1.ktest
START sanity-2 run tests/fs/lustre/sanity/sanity-2.ktest
START sanity-3 run tests/fs/lustre/sanity/sanity-3.ktest
START sanity-4 run tests/fs/lustre/sanity/sanity-4.ktest
PUT /tmp/ktest-kernel.tar.gz 9s
PUT /tmp/ktest-kernel.tar.gz 9s
PUT /tmp/ktest-kernel.tar.gz 9s
PUT /tmp/ktest-kernel.tar.gz 9s
PUT /tmp/ktest-kernel.tar.gz 9s
PUT /tmp/ktest-kernel.tar.gz 9s
PUT /tmp/ktest-kernel.tar.gz 9s
PUT /tmp/ktest-lustre.tar.gz 2s
PUT /tmp/ktest-lustre.tar.gz 1s
PUT /tmp/ktest-lustre.tar.gz 2s
PUT /tmp/ktest-lustre.tar.gz 1s
PUT /tmp/ktest-lustre.tar.gz 2s
PUT /tmp/ktest-lustre.tar.gz 1s
PUT /tmp/ktest-lustre.tar.gz 1s
PUT /tmp/ktest_lustre_mainline_native_x0134fj5.tar 0s
PUT /tmp/ktest_lustre_mainline_native_x0134fj5.tar 0s
PUT /tmp/ktest_lustre_mainline_native_x0134fj5.tar 0s
PUT /tmp/ktest_lustre_mainline_native_x0134fj5.tar 0s
PUT /tmp/ktest_lustre_mainline_native_x0134fj5.tar 0s
PUT /tmp/ktest_lustre_mainline_native_x0134fj5.tar 0s
PUT /tmp/ktest_lustre_mainline_native_x0134fj5.tar 0s
END boot run tests/fs/lustre/boot.ktest PASS 111s
END mgs-setup run tests/fs/lustre/mgs-setup.ktest PASS 121s
END sanity-4 run tests/fs/lustre/sanity/sanity-4.ktest PASS 177s
END sanity-1 run tests/fs/lustre/sanity/sanity-1.ktest PASS 178s
END sanity-2 run tests/fs/lustre/sanity/sanity-2.ktest PASS 186s
END sanity-3 run tests/fs/lustre/sanity/sanity-3.ktest PASS 188s
END llmount run tests/fs/lustre/llmount.ktest PASS 191s

============================================================
Final Results:
  checkpatch: PASS (10s) (log: /var/www/ci-lustre/upstream-patch-review/a036e9086b6382a6d905269f39bc352c2e85db1c_checkpatch.log)
  u24: FAIL (54s) (log: /var/www/ci-lustre/upstream-patch-review/a036e9086b6382a6d905269f39bc352c2e85db1c_u24.log)
  al2023: FAIL (50s) (log: /var/www/ci-lustre/upstream-patch-review/a036e9086b6382a6d905269f39bc352c2e85db1c_al2023.log)
  lustre_mainline_strict: FAIL (170s) (log: /var/www/ci-lustre/upstream-patch-review/a036e9086b6382a6d905269f39bc352c2e85db1c_lustre_mainline_strict.log)
  lustre_mainline: PASS (173s) (log: /var/www/ci-lustre/upstream-patch-review/a036e9086b6382a6d905269f39bc352c2e85db1c_lustre_mainline.log)
  lustre_mainline_native: PASS (174s) (log: /var/www/ci-lustre/upstream-patch-review/a036e9086b6382a6d905269f39bc352c2e85db1c_lustre_mainline_native.log)
  boot: PASS (111s) (log: /var/www/ci-lustre/upstream-patch-review/a036e9086b6382a6d905269f39bc352c2e85db1c_boot.log)
  llmount: PASS (191s) (log: /var/www/ci-lustre/upstream-patch-review/a036e9086b6382a6d905269f39bc352c2e85db1c_llmount.log)
  mgs-setup: PASS (121s) (log: /var/www/ci-lustre/upstream-patch-review/a036e9086b6382a6d905269f39bc352c2e85db1c_mgs-setup.log)
  sanity-1: PASS (178s) (log: /var/www/ci-lustre/upstream-patch-review/a036e9086b6382a6d905269f39bc352c2e85db1c_sanity-1.log)
  sanity-2: PASS (186s) (log: /var/www/ci-lustre/upstream-patch-review/a036e9086b6382a6d905269f39bc352c2e85db1c_sanity-2.log)
  sanity-3: PASS (188s) (log: /var/www/ci-lustre/upstream-patch-review/a036e9086b6382a6d905269f39bc352c2e85db1c_sanity-3.log)
  sanity-4: PASS (177s) (log: /var/www/ci-lustre/upstream-patch-review/a036e9086b6382a6d905269f39bc352c2e85db1c_sanity-4.log)

Total execution time: 394s
