CLI: ./podman-ktest --podman-socket unix:///run/podman/podman.sock --shared-filesystem /tmp --tarball-input job lustre-ci --output /var/www/ci-lustre/upstream-patch-review --git-hash a10b3d6a9b9f0f534b62e591eb34660a84855d04 --change-id 64321_a10b3d6a9b9f0f534b62e591eb34660a84855d04 --subject LU-19921 ptlrpc: register gssiam policy

  Checking /dev/kvm exists... OK
  Checking /dev/kvm permissions... OK
  Creating ccache directory... OK
  Checking ccache directory writable... OK
  Creating package output directory... OK

Environment validated successfully
Creating kernel tarball at /tmp/ktest-kernel.tar.gz...
Creating lustre tarball at /tmp/ktest-lustre.tar.gz...
Creating ZFS tarball at /tmp/ktest-zfs.tar.gz...
Executing 13 jobs
Jobs will start as soon as their dependencies are satisfied
Using tarball input mode

START lustre_mainline_strict build tests/fs/lustre/boot-strict.ktest
START u24 build tests/fs/lustre/boot.ktest
START checkpatch tool checkpatch
START lustre_mainline_native build tests/fs/lustre/boot.ktest
START lustre_mainline build tests/fs/lustre/boot.ktest
START al2023 build tests/fs/lustre/boot.ktest
PUT /tmp/ktest-lustre.tar.gz 1s
PUT /tmp/ktest-lustre.tar.gz 1s
PUT /tmp/ktest-kernel.tar.gz 8s
PUT /tmp/ktest-kernel.tar.gz 8s
PUT /tmp/ktest-kernel.tar.gz 8s
PUT /tmp/ktest-kernel.tar.gz 8s
PUT /tmp/ktest-lustre.tar.gz 2s
PUT /tmp/ktest-lustre.tar.gz 1s
PUT /tmp/ktest-lustre.tar.gz 2s
PUT /tmp/ktest-lustre.tar.gz 2s
PUT /tmp/ktest-zfs.tar.gz 0s
PUT /tmp/ktest-zfs.tar.gz 0s
PUT /tmp/ktest-zfs.tar.gz 0s
END checkpatch tool checkpatch PASS 13s
END al2023 build tests/fs/lustre/boot.ktest PASS 67s
END u24 build tests/fs/lustre/boot.ktest PASS 68s
GET /tmp/ktest_lustre_mainline_strict_tm5d73ue.tar 6s
END lustre_mainline_strict build tests/fs/lustre/boot-strict.ktest FAIL 148s (exit code: 1)
GET /tmp/ktest_lustre_mainline_0b04g1fs.tar 0s
GET /tmp/ktest_lustre_mainline_native_9dz8iv7b.tar 0s
END lustre_mainline build tests/fs/lustre/boot.ktest PASS 157s
END lustre_mainline_native build tests/fs/lustre/boot.ktest PASS 159s
START boot run tests/fs/lustre/boot.ktest
START llmount run tests/fs/lustre/llmount.ktest
START mgs-setup run tests/fs/lustre/mgs-setup.ktest
START sanity-1 run tests/fs/lustre/sanity/sanity-1.ktest
START sanity-2 run tests/fs/lustre/sanity/sanity-2.ktest
START sanity-3 run tests/fs/lustre/sanity/sanity-3.ktest
START sanity-4 run tests/fs/lustre/sanity/sanity-4.ktest
PUT /tmp/ktest-kernel.tar.gz 23s
PUT /tmp/ktest-kernel.tar.gz 22s
PUT /tmp/ktest-kernel.tar.gz 22s
PUT /tmp/ktest-kernel.tar.gz 23s
PUT /tmp/ktest-kernel.tar.gz 23s
PUT /tmp/ktest-kernel.tar.gz 23s
PUT /tmp/ktest-kernel.tar.gz 23s
PUT /tmp/ktest-lustre.tar.gz 7s
PUT /tmp/ktest-lustre.tar.gz 7s
PUT /tmp/ktest-lustre.tar.gz 7s
PUT /tmp/ktest-lustre.tar.gz 7s
PUT /tmp/ktest-lustre.tar.gz 7s
PUT /tmp/ktest-lustre.tar.gz 7s
PUT /tmp/ktest-lustre.tar.gz 7s
PUT /tmp/ktest_lustre_mainline_native_9dz8iv7b.tar 1s
PUT /tmp/ktest_lustre_mainline_native_9dz8iv7b.tar 1s
PUT /tmp/ktest_lustre_mainline_native_9dz8iv7b.tar 1s
PUT /tmp/ktest_lustre_mainline_native_9dz8iv7b.tar 1s
PUT /tmp/ktest_lustre_mainline_native_9dz8iv7b.tar 1s
PUT /tmp/ktest_lustre_mainline_native_9dz8iv7b.tar 1s
PUT /tmp/ktest_lustre_mainline_native_9dz8iv7b.tar 1s
END boot run tests/fs/lustre/boot.ktest PASS 132s
END mgs-setup run tests/fs/lustre/mgs-setup.ktest PASS 142s
END sanity-1 run tests/fs/lustre/sanity/sanity-1.ktest PASS 167s
END sanity-2 run tests/fs/lustre/sanity/sanity-2.ktest PASS 170s
END sanity-4 run tests/fs/lustre/sanity/sanity-4.ktest PASS 179s
END sanity-3 run tests/fs/lustre/sanity/sanity-3.ktest PASS 190s
END llmount run tests/fs/lustre/llmount.ktest PASS 192s

============================================================
Final Results:
  checkpatch: PASS (13s) (log: /var/www/ci-lustre/upstream-patch-review/a10b3d6a9b9f0f534b62e591eb34660a84855d04_checkpatch.log)
  u24: PASS (68s) (log: /var/www/ci-lustre/upstream-patch-review/a10b3d6a9b9f0f534b62e591eb34660a84855d04_u24.log)
  al2023: PASS (67s) (log: /var/www/ci-lustre/upstream-patch-review/a10b3d6a9b9f0f534b62e591eb34660a84855d04_al2023.log)
  lustre_mainline_strict: FAIL (148s) (log: /var/www/ci-lustre/upstream-patch-review/a10b3d6a9b9f0f534b62e591eb34660a84855d04_lustre_mainline_strict.log)
  lustre_mainline: PASS (157s) (log: /var/www/ci-lustre/upstream-patch-review/a10b3d6a9b9f0f534b62e591eb34660a84855d04_lustre_mainline.log)
  lustre_mainline_native: PASS (159s) (log: /var/www/ci-lustre/upstream-patch-review/a10b3d6a9b9f0f534b62e591eb34660a84855d04_lustre_mainline_native.log)
  boot: PASS (132s) (log: /var/www/ci-lustre/upstream-patch-review/a10b3d6a9b9f0f534b62e591eb34660a84855d04_boot.log)
  llmount: PASS (192s) (log: /var/www/ci-lustre/upstream-patch-review/a10b3d6a9b9f0f534b62e591eb34660a84855d04_llmount.log)
  mgs-setup: PASS (142s) (log: /var/www/ci-lustre/upstream-patch-review/a10b3d6a9b9f0f534b62e591eb34660a84855d04_mgs-setup.log)
  sanity-1: PASS (167s) (log: /var/www/ci-lustre/upstream-patch-review/a10b3d6a9b9f0f534b62e591eb34660a84855d04_sanity-1.log)
  sanity-2: PASS (170s) (log: /var/www/ci-lustre/upstream-patch-review/a10b3d6a9b9f0f534b62e591eb34660a84855d04_sanity-2.log)
  sanity-3: PASS (190s) (log: /var/www/ci-lustre/upstream-patch-review/a10b3d6a9b9f0f534b62e591eb34660a84855d04_sanity-3.log)
  sanity-4: PASS (179s) (log: /var/www/ci-lustre/upstream-patch-review/a10b3d6a9b9f0f534b62e591eb34660a84855d04_sanity-4.log)

Total execution time: 380s
