CLI: ./podman-ktest --podman-socket unix:///run/podman/podman.sock --shared-filesystem /tmp --tarball-input job lustre-ci --output /var/www/ci-lustre/upstream-patch-review --git-hash a1342e29ca3a791d597e6a214aeeac4d47d5873e --change-id 65010_a1342e29ca3a791d597e6a214aeeac4d47d5873e --subject LU-12668 target: extend BRW_READ_BULK fail_loc bitmask

  Checking /dev/kvm exists... OK
  Checking /dev/kvm permissions... OK
  Creating ccache directory... OK
  Checking ccache directory writable... OK
  Creating package output directory... OK

Environment validated successfully
Creating kernel tarball at /tmp/ktest-kernel.tar.gz...
Creating lustre tarball at /tmp/ktest-lustre.tar.gz...
Creating ZFS tarball at /tmp/ktest-zfs.tar.gz...
Executing 13 jobs
Jobs will start as soon as their dependencies are satisfied
Using tarball input mode

START u24 build tests/fs/lustre/boot.ktest
START lustre_mainline build tests/fs/lustre/boot.ktest
START lustre_mainline_strict build tests/fs/lustre/boot-strict.ktest
START al2023 build tests/fs/lustre/boot.ktest
START checkpatch tool checkpatch
START lustre_mainline_native build tests/fs/lustre/boot.ktest
PUT /tmp/ktest-lustre.tar.gz 1s
PUT /tmp/ktest-lustre.tar.gz 1s
PUT /tmp/ktest-kernel.tar.gz 9s
PUT /tmp/ktest-kernel.tar.gz 9s
PUT /tmp/ktest-kernel.tar.gz 9s
PUT /tmp/ktest-kernel.tar.gz 9s
PUT /tmp/ktest-lustre.tar.gz 2s
PUT /tmp/ktest-lustre.tar.gz 2s
PUT /tmp/ktest-lustre.tar.gz 2s
PUT /tmp/ktest-lustre.tar.gz 2s
PUT /tmp/ktest-zfs.tar.gz 0s
PUT /tmp/ktest-zfs.tar.gz 0s
PUT /tmp/ktest-zfs.tar.gz 0s
END checkpatch tool checkpatch PASS 14s
END al2023 build tests/fs/lustre/boot.ktest PASS 56s
END u24 build tests/fs/lustre/boot.ktest PASS 57s
GET /tmp/ktest_lustre_mainline__mrkht5w.tar 0s
GET /tmp/ktest_lustre_mainline_native_7pniczc0.tar 0s
END lustre_mainline build tests/fs/lustre/boot.ktest PASS 179s
END lustre_mainline_native build tests/fs/lustre/boot.ktest PASS 180s
START boot run tests/fs/lustre/boot.ktest
START llmount run tests/fs/lustre/llmount.ktest
START mgs-setup run tests/fs/lustre/mgs-setup.ktest
START sanity-1 run tests/fs/lustre/sanity/sanity-1.ktest
START sanity-2 run tests/fs/lustre/sanity/sanity-2.ktest
START sanity-3 run tests/fs/lustre/sanity/sanity-3.ktest
START sanity-4 run tests/fs/lustre/sanity/sanity-4.ktest
GET /tmp/ktest_lustre_mainline_strict_230slyxn.tar 9s
END lustre_mainline_strict build tests/fs/lustre/boot-strict.ktest FAIL 188s (exit code: 1)
PUT /tmp/ktest-kernel.tar.gz 27s
PUT /tmp/ktest-kernel.tar.gz 27s
PUT /tmp/ktest-kernel.tar.gz 27s
PUT /tmp/ktest-kernel.tar.gz 27s
PUT /tmp/ktest-kernel.tar.gz 27s
PUT /tmp/ktest-kernel.tar.gz 28s
PUT /tmp/ktest-kernel.tar.gz 28s
PUT /tmp/ktest-lustre.tar.gz 5s
PUT /tmp/ktest-lustre.tar.gz 4s
PUT /tmp/ktest-lustre.tar.gz 5s
PUT /tmp/ktest-lustre.tar.gz 4s
PUT /tmp/ktest-lustre.tar.gz 5s
PUT /tmp/ktest-lustre.tar.gz 5s
PUT /tmp/ktest-lustre.tar.gz 4s
PUT /tmp/ktest_lustre_mainline_native_7pniczc0.tar 0s
PUT /tmp/ktest_lustre_mainline_native_7pniczc0.tar 0s
PUT /tmp/ktest_lustre_mainline_native_7pniczc0.tar 0s
PUT /tmp/ktest_lustre_mainline_native_7pniczc0.tar 0s
PUT /tmp/ktest_lustre_mainline_native_7pniczc0.tar 0s
PUT /tmp/ktest_lustre_mainline_native_7pniczc0.tar 0s
PUT /tmp/ktest_lustre_mainline_native_7pniczc0.tar 0s
END boot run tests/fs/lustre/boot.ktest PASS 75s
END mgs-setup run tests/fs/lustre/mgs-setup.ktest PASS 84s
END sanity-2 run tests/fs/lustre/sanity/sanity-2.ktest PASS 113s
END sanity-1 run tests/fs/lustre/sanity/sanity-1.ktest PASS 114s
END sanity-4 run tests/fs/lustre/sanity/sanity-4.ktest PASS 124s
END sanity-3 run tests/fs/lustre/sanity/sanity-3.ktest PASS 125s
END llmount run tests/fs/lustre/llmount.ktest PASS 126s

============================================================
Final Results:
  checkpatch: PASS (14s) (log: /var/www/ci-lustre/upstream-patch-review/a1342e29ca3a791d597e6a214aeeac4d47d5873e_checkpatch.log)
  u24: PASS (57s) (log: /var/www/ci-lustre/upstream-patch-review/a1342e29ca3a791d597e6a214aeeac4d47d5873e_u24.log)
  al2023: PASS (56s) (log: /var/www/ci-lustre/upstream-patch-review/a1342e29ca3a791d597e6a214aeeac4d47d5873e_al2023.log)
  lustre_mainline_strict: FAIL (188s) (log: /var/www/ci-lustre/upstream-patch-review/a1342e29ca3a791d597e6a214aeeac4d47d5873e_lustre_mainline_strict.log)
  lustre_mainline: PASS (179s) (log: /var/www/ci-lustre/upstream-patch-review/a1342e29ca3a791d597e6a214aeeac4d47d5873e_lustre_mainline.log)
  lustre_mainline_native: PASS (180s) (log: /var/www/ci-lustre/upstream-patch-review/a1342e29ca3a791d597e6a214aeeac4d47d5873e_lustre_mainline_native.log)
  boot: PASS (75s) (log: /var/www/ci-lustre/upstream-patch-review/a1342e29ca3a791d597e6a214aeeac4d47d5873e_boot.log)
  llmount: PASS (126s) (log: /var/www/ci-lustre/upstream-patch-review/a1342e29ca3a791d597e6a214aeeac4d47d5873e_llmount.log)
  mgs-setup: PASS (84s) (log: /var/www/ci-lustre/upstream-patch-review/a1342e29ca3a791d597e6a214aeeac4d47d5873e_mgs-setup.log)
  sanity-1: PASS (114s) (log: /var/www/ci-lustre/upstream-patch-review/a1342e29ca3a791d597e6a214aeeac4d47d5873e_sanity-1.log)
  sanity-2: PASS (113s) (log: /var/www/ci-lustre/upstream-patch-review/a1342e29ca3a791d597e6a214aeeac4d47d5873e_sanity-2.log)
  sanity-3: PASS (125s) (log: /var/www/ci-lustre/upstream-patch-review/a1342e29ca3a791d597e6a214aeeac4d47d5873e_sanity-3.log)
  sanity-4: PASS (124s) (log: /var/www/ci-lustre/upstream-patch-review/a1342e29ca3a791d597e6a214aeeac4d47d5873e_sanity-4.log)

Total execution time: 335s
