CLI: ./podman-ktest --podman-socket unix:///run/podman/podman.sock --shared-filesystem /tmp --tarball-input job lustre-ci --output /var/www/ci-lustre/upstream-patch-review --git-hash a1b4c7ceecda7677391beaa52ad09df4a2af2558 --change-id 65083_a1b4c7ceecda7677391beaa52ad09df4a2af2558 --subject LU-20079 ldlm: fix kobject leak when client connect fails

Environment validated successfully
Creating kernel tarball at /tmp/ktest-kernel.tar.gz...
Creating lustre tarball at /tmp/ktest-lustre.tar.gz...
Creating ZFS tarball at /tmp/ktest-zfs.tar.gz...
Executing 14 jobs
Jobs will start as soon as their dependencies are satisfied
Using tarball input mode

START u24:u24 build tests/fs/lustre/boot.ktest
START ml-miscvm:lustre_mainline_native build tests/fs/lustre/boot.ktest
START checkpatch:checkpatch tool checkpatch
START ml:lustre_mainline build tests/fs/lustre/boot.ktest
START ml-strict:lustre_mainline build tests/fs/lustre/boot-strict.ktest
START al2023:al2023 build tests/fs/lustre/boot.ktest
PUT /tmp/ktest-lustre.tar.gz 2s
PUT /tmp/ktest-lustre.tar.gz 2s
PUT /tmp/ktest-kernel.tar.gz 6s
PUT /tmp/ktest-kernel.tar.gz 6s
PUT /tmp/ktest-kernel.tar.gz 6s
PUT /tmp/ktest-kernel.tar.gz 7s
PUT /tmp/ktest-lustre.tar.gz 1s
PUT /tmp/ktest-lustre.tar.gz 1s
PUT /tmp/ktest-lustre.tar.gz 2s
PUT /tmp/ktest-lustre.tar.gz 2s
PUT /tmp/ktest-zfs.tar.gz 0s
PUT /tmp/ktest-zfs.tar.gz 0s
PUT /tmp/ktest-zfs.tar.gz 0s
END checkpatch:checkpatch tool checkpatch PASS 11s
END al2023:al2023 build tests/fs/lustre/boot.ktest PASS 54s
END u24:u24 build tests/fs/lustre/boot.ktest PASS 56s
GET /tmp/ktest_ml-miscvm:lustre_mainline_native_7khgrbdk.tar 0s
END ml-miscvm:lustre_mainline_native build tests/fs/lustre/boot.ktest PASS 148s
START ml-miscvm:boot run tests/fs/lustre/boot.ktest
START ml-miscvm:llmount run tests/fs/lustre/llmount.ktest
START ml-miscvm:llog-unit run tests/fs/lustre/llog-unit.ktest
START ml-miscvm:mgs-setup run tests/fs/lustre/mgs-setup.ktest
START ml-miscvm:sanity-1 run tests/fs/lustre/sanity/sanity-1.ktest
START ml-miscvm:sanity-2 run tests/fs/lustre/sanity/sanity-2.ktest
START ml-miscvm:sanity-3 run tests/fs/lustre/sanity/sanity-3.ktest
START ml-miscvm:sanity-4 run tests/fs/lustre/sanity/sanity-4.ktest
PUT /tmp/ktest-kernel.tar.gz 36s
PUT /tmp/ktest-kernel.tar.gz 37s
PUT /tmp/ktest-kernel.tar.gz 37s
PUT /tmp/ktest-kernel.tar.gz 38s
GET /tmp/ktest_ml-strict:lustre_mainline_ff8cff5z.tar 40s
PUT /tmp/ktest-kernel.tar.gz 48s
PUT /tmp/ktest-kernel.tar.gz 48s
PUT /tmp/ktest-kernel.tar.gz 49s
PUT /tmp/ktest-kernel.tar.gz 48s
END ml-strict:lustre_mainline build tests/fs/lustre/boot-strict.ktest FAIL 201s (exit code: 1)
PUT /tmp/ktest-lustre.tar.gz 18s
PUT /tmp/ktest-lustre.tar.gz 22s
PUT /tmp/ktest-lustre.tar.gz 11s
PUT /tmp/ktest-lustre.tar.gz 11s
PUT /tmp/ktest-lustre.tar.gz 11s
PUT /tmp/ktest-lustre.tar.gz 22s
PUT /tmp/ktest-lustre.tar.gz 11s
PUT /tmp/ktest-lustre.tar.gz 22s
GET /tmp/ktest_ml:lustre_mainline_1zpd_v9a.tar 49s
PUT /tmp/ktest_ml-miscvm:lustre_mainline_native_7khgrbdk.tar 1s
PUT /tmp/ktest_ml-miscvm:lustre_mainline_native_7khgrbdk.tar 1s
PUT /tmp/ktest_ml-miscvm:lustre_mainline_native_7khgrbdk.tar 1s
PUT /tmp/ktest_ml-miscvm:lustre_mainline_native_7khgrbdk.tar 1s
PUT /tmp/ktest_ml-miscvm:lustre_mainline_native_7khgrbdk.tar 1s
PUT /tmp/ktest_ml-miscvm:lustre_mainline_native_7khgrbdk.tar 6s
END ml:lustre_mainline build tests/fs/lustre/boot.ktest PASS 214s
PUT /tmp/ktest_ml-miscvm:lustre_mainline_native_7khgrbdk.tar 3s
PUT /tmp/ktest_ml-miscvm:lustre_mainline_native_7khgrbdk.tar 3s
END ml-miscvm:boot run tests/fs/lustre/boot.ktest PASS 112s
END ml-miscvm:mgs-setup run tests/fs/lustre/mgs-setup.ktest PASS 117s
END ml-miscvm:sanity-3 run tests/fs/lustre/sanity/sanity-3.ktest PASS 146s
END ml-miscvm:sanity-1 run tests/fs/lustre/sanity/sanity-1.ktest PASS 147s
END ml-miscvm:sanity-4 run tests/fs/lustre/sanity/sanity-4.ktest PASS 148s
END ml-miscvm:sanity-2 run tests/fs/lustre/sanity/sanity-2.ktest PASS 150s
END ml-miscvm:llmount run tests/fs/lustre/llmount.ktest PASS 160s
END ml-miscvm:llog-unit run tests/fs/lustre/llog-unit.ktest FAIL 197s (exit code: 1)

============================================================
Final Results:
  checkpatch:checkpatch: PASS (11s) (log: /var/www/ci-lustre/upstream-patch-review/a1b4c7ceecda7677391beaa52ad09df4a2af2558_checkpatch:checkpatch.log)
  u24:u24: PASS (56s) (log: /var/www/ci-lustre/upstream-patch-review/a1b4c7ceecda7677391beaa52ad09df4a2af2558_u24:u24.log)
  al2023:al2023: PASS (54s) (log: /var/www/ci-lustre/upstream-patch-review/a1b4c7ceecda7677391beaa52ad09df4a2af2558_al2023:al2023.log)
  ml-strict:lustre_mainline: FAIL (201s) (log: /var/www/ci-lustre/upstream-patch-review/a1b4c7ceecda7677391beaa52ad09df4a2af2558_ml-strict:lustre_mainline.log)
  ml:lustre_mainline: PASS (214s) (log: /var/www/ci-lustre/upstream-patch-review/a1b4c7ceecda7677391beaa52ad09df4a2af2558_ml:lustre_mainline.log)
  ml-miscvm:lustre_mainline_native: PASS (148s) (log: /var/www/ci-lustre/upstream-patch-review/a1b4c7ceecda7677391beaa52ad09df4a2af2558_ml-miscvm:lustre_mainline_native.log)
  ml-miscvm:boot: PASS (112s) (log: /var/www/ci-lustre/upstream-patch-review/a1b4c7ceecda7677391beaa52ad09df4a2af2558_ml-miscvm:boot.log)
  ml-miscvm:llmount: PASS (160s) (log: /var/www/ci-lustre/upstream-patch-review/a1b4c7ceecda7677391beaa52ad09df4a2af2558_ml-miscvm:llmount.log)
  ml-miscvm:llog-unit: FAIL (197s) (log: /var/www/ci-lustre/upstream-patch-review/a1b4c7ceecda7677391beaa52ad09df4a2af2558_ml-miscvm:llog-unit.log)
  ml-miscvm:mgs-setup: PASS (117s) (log: /var/www/ci-lustre/upstream-patch-review/a1b4c7ceecda7677391beaa52ad09df4a2af2558_ml-miscvm:mgs-setup.log)
  ml-miscvm:sanity-1: PASS (147s) (log: /var/www/ci-lustre/upstream-patch-review/a1b4c7ceecda7677391beaa52ad09df4a2af2558_ml-miscvm:sanity-1.log)
  ml-miscvm:sanity-2: PASS (150s) (log: /var/www/ci-lustre/upstream-patch-review/a1b4c7ceecda7677391beaa52ad09df4a2af2558_ml-miscvm:sanity-2.log)
  ml-miscvm:sanity-3: PASS (146s) (log: /var/www/ci-lustre/upstream-patch-review/a1b4c7ceecda7677391beaa52ad09df4a2af2558_ml-miscvm:sanity-3.log)
  ml-miscvm:sanity-4: PASS (148s) (log: /var/www/ci-lustre/upstream-patch-review/a1b4c7ceecda7677391beaa52ad09df4a2af2558_ml-miscvm:sanity-4.log)

Total execution time: 375s
