ERROR:CODE_INDENT: code indent should use tabs where possible
#9: FILE: lustre/llite/llite_lib.c:2689:
+        /* f_bsize=0: server lod_foreach_mdt passed uninitialized sub-MDT$

ERROR:CODE_INDENT: code indent should use tabs where possible
#10: FILE: lustre/llite/llite_lib.c:2690:
+         * opd_statfs (os_bsize=0) into lod_statfs_sum(), corrupting os_bsize.$

ERROR:CODE_INDENT: code indent should use tabs where possible
#11: FILE: lustre/llite/llite_lib.c:2691:
+         * Fall back to COMPAT_BSIZE_SHIFT — the value mdt_statfs() sends in$

ERROR:CODE_INDENT: code indent should use tabs where possible
#12: FILE: lustre/llite/llite_lib.c:2692:
+         * steady state for non-GRANT_PARAM connections.$

ERROR:CODE_INDENT: code indent should use tabs where possible
#13: FILE: lustre/llite/llite_lib.c:2693:
+        */$

WARNING:BLOCK_COMMENT_STYLE: Block comments should align the * on each line
#13: FILE: lustre/llite/llite_lib.c:2693:
+         * steady state for non-GRANT_PARAM connections.
+        */

ERROR:CODE_INDENT: code indent should use tabs where possible
#14: FILE: lustre/llite/llite_lib.c:2694:
+        if (unlikely(sfs->f_bsize == 0)) {$

WARNING:LEADING_SPACE: please, no spaces at the start of a line
#14: FILE: lustre/llite/llite_lib.c:2694:
+        if (unlikely(sfs->f_bsize == 0)) {$

WARNING:SUSPECT_CODE_INDENT: suspect code indent for conditional statements (8, 13)
#14: FILE: lustre/llite/llite_lib.c:2694:
+        if (unlikely(sfs->f_bsize == 0)) {
+             CWARN("%s: f_bsize=0 in ll_statfs_project, "

ERROR:CODE_INDENT: code indent should use tabs where possible
#15: FILE: lustre/llite/llite_lib.c:2695:
+             CWARN("%s: f_bsize=0 in ll_statfs_project, "$

WARNING:LEADING_SPACE: please, no spaces at the start of a line
#15: FILE: lustre/llite/llite_lib.c:2695:
+             CWARN("%s: f_bsize=0 in ll_statfs_project, "$

WARNING:EMBEDDED_FUNCTION_NAME: Prefer using '"%s...", __func__' to using 'll_statfs_project', this function's name, in a string
#15: FILE: lustre/llite/llite_lib.c:2695:
+             CWARN("%s: f_bsize=0 in ll_statfs_project, "

ERROR:CODE_INDENT: code indent should use tabs where possible
#16: FILE: lustre/llite/llite_lib.c:2696:
+             "sub-MDT opd_statfs uninitialized (lod_foreach_mdt bug), "$

WARNING:LEADING_SPACE: please, no spaces at the start of a line
#16: FILE: lustre/llite/llite_lib.c:2696:
+             "sub-MDT opd_statfs uninitialized (lod_foreach_mdt bug), "$

WARNING:SPLIT_STRING: quoted string split across lines
#16: FILE: lustre/llite/llite_lib.c:2696:
+             CWARN("%s: f_bsize=0 in ll_statfs_project, "
+             "sub-MDT opd_statfs uninitialized (lod_foreach_mdt bug), "

ERROR:CODE_INDENT: code indent should use tabs where possible
#17: FILE: lustre/llite/llite_lib.c:2697:
+             "corrected to %u\n",$

WARNING:LEADING_SPACE: please, no spaces at the start of a line
#17: FILE: lustre/llite/llite_lib.c:2697:
+             "corrected to %u\n",$

WARNING:SPLIT_STRING: quoted string split across lines
#17: FILE: lustre/llite/llite_lib.c:2697:
+             "sub-MDT opd_statfs uninitialized (lod_foreach_mdt bug), "
+             "corrected to %u\n",

ERROR:CODE_INDENT: code indent should use tabs where possible
#18: FILE: lustre/llite/llite_lib.c:2698:
+             ll_i2sbi(inode)->ll_fsname, 1 << COMPAT_BSIZE_SHIFT);$

WARNING:LEADING_SPACE: please, no spaces at the start of a line
#18: FILE: lustre/llite/llite_lib.c:2698:
+             ll_i2sbi(inode)->ll_fsname, 1 << COMPAT_BSIZE_SHIFT);$

ERROR:CODE_INDENT: code indent should use tabs where possible
#20: FILE: lustre/llite/llite_lib.c:2700:
+             sfs->f_bsize = 1 << COMPAT_BSIZE_SHIFT;$

WARNING:LEADING_SPACE: please, no spaces at the start of a line
#20: FILE: lustre/llite/llite_lib.c:2700:
+             sfs->f_bsize = 1 << COMPAT_BSIZE_SHIFT;$

ERROR:CODE_INDENT: code indent should use tabs where possible
#21: FILE: lustre/llite/llite_lib.c:2701:
+        }$

WARNING:LEADING_SPACE: please, no spaces at the start of a line
#21: FILE: lustre/llite/llite_lib.c:2701:
+        }$

ERROR:CODE_INDENT: code indent should use tabs where possible
#35: FILE: lustre/lod/lod_dev.c:1609:
+                // add zero-check for os_bsize to prevent division-by-zero kernel panic$

total: 13 errors, 12 warnings, 29 lines checked

NOTE: For some of the reported defects, checkpatch may be able to
      mechanically convert to the typical style using --fix or --fix-inplace.

NOTE: Whitespace errors detected.
      You may wish to use scripts/cleanpatch or scripts/cleanfile

Your patch has style problems, please review.

NOTE: If any of the errors are false positives, please report
      them to the maintainer, see CHECKPATCH in MAINTAINERS.
