CLI: ./podman-ktest --podman-socket unix:///run/podman/podman.sock --shared-filesystem /tmp --tarball-input job lustre-ci --output /var/www/ci-lustre/upstream-patch-review --git-hash a31404b3c7f3aac940f467e1edd9d49d29f35e1f --change-id 62860_a31404b3c7f3aac940f467e1edd9d49d29f35e1f --subject LU-18857 mgs: add allow_register tunable parameter

  Checking /dev/kvm exists... OK
  Checking /dev/kvm permissions... OK
  Creating ccache directory... OK
  Checking ccache directory writable... OK

Environment validated successfully
Creating kernel tarball at /tmp/ktest-kernel.tar.gz...
Creating lustre tarball at /tmp/ktest-lustre.tar.gz...
Executing 16 jobs
Jobs will start as soon as their dependencies are satisfied
Using tarball input mode

START lustre_al2023 build tests/fs/lustre/boot.ktest
START lustre_mainline_native build tests/fs/lustre/boot.ktest
START checkpatch tool checkpatch
START lustre_u24 build tests/fs/lustre/boot.ktest
START lustre_mainline_strict build tests/fs/lustre/boot-strict.ktest
START lustre_mainline build tests/fs/lustre/boot.ktest
PUT /tmp/ktest-kernel.tar.gz 9s
PUT /tmp/ktest-kernel.tar.gz 9s
PUT /tmp/ktest-kernel.tar.gz 9s
PUT /tmp/ktest-kernel.tar.gz 9s
PUT /tmp/ktest-kernel.tar.gz 9s
PUT /tmp/ktest-kernel.tar.gz 10s
PUT /tmp/ktest-lustre.tar.gz 5s
PUT /tmp/ktest-lustre.tar.gz 5s
PUT /tmp/ktest-lustre.tar.gz 5s
PUT /tmp/ktest-lustre.tar.gz 5s
PUT /tmp/ktest-lustre.tar.gz 5s
PUT /tmp/ktest-lustre.tar.gz 5s
END checkpatch tool checkpatch FAIL 17s (exit code: 1)
END lustre_al2023 build tests/fs/lustre/boot.ktest PASS 82s
END lustre_u24 build tests/fs/lustre/boot.ktest PASS 83s
GET /tmp/ktest_lustre_mainline_strict_z055x2w_.tar 4s
END lustre_mainline_strict build tests/fs/lustre/boot-strict.ktest FAIL 151s (exit code: 1)
GET /tmp/ktest_lustre_mainline_native_7rccxv3p.tar 3s
GET /tmp/ktest_lustre_mainline_hd59177q.tar 3s
END lustre_mainline_native build tests/fs/lustre/boot.ktest PASS 172s
START clang-tidy tool clang-tidy
START cc-plugin tool cc-plugin
START boot run tests/fs/lustre/boot.ktest
START llmount run tests/fs/lustre/llmount.ktest
START llog-unit run tests/fs/lustre/llog-unit.ktest
START mgs-setup run tests/fs/lustre/mgs-setup.ktest
START sanity-1 run tests/fs/lustre/sanity/sanity-1.ktest
START sanity-2 run tests/fs/lustre/sanity/sanity-2.ktest
START sanity-3 run tests/fs/lustre/sanity/sanity-3.ktest
START sanity-4 run tests/fs/lustre/sanity/sanity-4.ktest
END lustre_mainline build tests/fs/lustre/boot.ktest PASS 174s
PUT /tmp/ktest-kernel.tar.gz 27s
PUT /tmp/ktest_lustre_mainline_native_7rccxv3p.tar 34s
PUT /tmp/ktest_lustre_mainline_native_7rccxv3p.tar 34s
PUT /tmp/ktest_lustre_mainline_native_7rccxv3p.tar 33s
PUT /tmp/ktest_lustre_mainline_native_7rccxv3p.tar 34s
PUT /tmp/ktest_lustre_mainline_native_7rccxv3p.tar 34s
PUT /tmp/ktest_lustre_mainline_native_7rccxv3p.tar 34s
PUT /tmp/ktest-kernel.tar.gz 34s
PUT /tmp/ktest_lustre_mainline_native_7rccxv3p.tar 34s
PUT /tmp/ktest_lustre_mainline_native_7rccxv3p.tar 34s
PUT /tmp/ktest-lustre.tar.gz 78s
PUT /tmp/ktest-lustre.tar.gz 71s
PUT /tmp/ktest_lustre_mainline_native_7rccxv3p.tar 19s
PUT /tmp/ktest_lustre_mainline_native_7rccxv3p.tar 18s
END cc-plugin tool cc-plugin FAIL 129s (exit code: 127)
END mgs-setup run tests/fs/lustre/mgs-setup.ktest PASS 142s
END boot run tests/fs/lustre/boot.ktest PASS 144s
END clang-tidy tool clang-tidy PASS 154s
END sanity-2 run tests/fs/lustre/sanity/sanity-2.ktest PASS 157s
END sanity-1 run tests/fs/lustre/sanity/sanity-1.ktest PASS 165s
END sanity-4 run tests/fs/lustre/sanity/sanity-4.ktest PASS 173s
END sanity-3 run tests/fs/lustre/sanity/sanity-3.ktest PASS 178s
END llmount run tests/fs/lustre/llmount.ktest PASS 213s
END llog-unit run tests/fs/lustre/llog-unit.ktest PASS 250s

============================================================
Final Results:
  checkpatch: FAIL (17s) (log: /var/www/ci-lustre/upstream-patch-review/a31404b3c7f3aac940f467e1edd9d49d29f35e1f_checkpatch.log)
  lustre_u24: PASS (83s) (log: /var/www/ci-lustre/upstream-patch-review/a31404b3c7f3aac940f467e1edd9d49d29f35e1f_lustre_u24.log)
  lustre_al2023: PASS (82s) (log: /var/www/ci-lustre/upstream-patch-review/a31404b3c7f3aac940f467e1edd9d49d29f35e1f_lustre_al2023.log)
  lustre_mainline_strict: FAIL (151s) (log: /var/www/ci-lustre/upstream-patch-review/a31404b3c7f3aac940f467e1edd9d49d29f35e1f_lustre_mainline_strict.log)
  lustre_mainline: PASS (174s) (log: /var/www/ci-lustre/upstream-patch-review/a31404b3c7f3aac940f467e1edd9d49d29f35e1f_lustre_mainline.log)
  lustre_mainline_native: PASS (172s) (log: /var/www/ci-lustre/upstream-patch-review/a31404b3c7f3aac940f467e1edd9d49d29f35e1f_lustre_mainline_native.log)
  clang-tidy: PASS (154s) (log: /var/www/ci-lustre/upstream-patch-review/a31404b3c7f3aac940f467e1edd9d49d29f35e1f_clang-tidy.log)
  cc-plugin: FAIL (129s) (log: /var/www/ci-lustre/upstream-patch-review/a31404b3c7f3aac940f467e1edd9d49d29f35e1f_cc-plugin.log)
  boot: PASS (144s) (log: /var/www/ci-lustre/upstream-patch-review/a31404b3c7f3aac940f467e1edd9d49d29f35e1f_boot.log)
  llmount: PASS (213s) (log: /var/www/ci-lustre/upstream-patch-review/a31404b3c7f3aac940f467e1edd9d49d29f35e1f_llmount.log)
  llog-unit: PASS (250s) (log: /var/www/ci-lustre/upstream-patch-review/a31404b3c7f3aac940f467e1edd9d49d29f35e1f_llog-unit.log)
  mgs-setup: PASS (142s) (log: /var/www/ci-lustre/upstream-patch-review/a31404b3c7f3aac940f467e1edd9d49d29f35e1f_mgs-setup.log)
  sanity-1: PASS (165s) (log: /var/www/ci-lustre/upstream-patch-review/a31404b3c7f3aac940f467e1edd9d49d29f35e1f_sanity-1.log)
  sanity-2: PASS (157s) (log: /var/www/ci-lustre/upstream-patch-review/a31404b3c7f3aac940f467e1edd9d49d29f35e1f_sanity-2.log)
  sanity-3: PASS (178s) (log: /var/www/ci-lustre/upstream-patch-review/a31404b3c7f3aac940f467e1edd9d49d29f35e1f_sanity-3.log)
  sanity-4: PASS (173s) (log: /var/www/ci-lustre/upstream-patch-review/a31404b3c7f3aac940f467e1edd9d49d29f35e1f_sanity-4.log)

Total execution time: 453s
