CLI: ./podman-ktest --podman-socket unix:///run/podman/podman.sock --shared-filesystem /tmp --tarball-input job lustre-ci --output /var/www/ci-lustre/upstream-patch-review --git-hash a4c698e58174ad6c065dae7ce6c5cd0d007541ae --change-id 63531_a4c698e58174ad6c065dae7ce6c5cd0d007541ae --subject LU-19773 dkms: Remove the ineffective $kmoddir setting

  Checking /dev/kvm exists... OK
  Checking /dev/kvm permissions... OK
  Creating ccache directory... OK
  Checking ccache directory writable... OK

Environment validated successfully
Creating kernel tarball at /tmp/ktest-kernel.tar.gz...
Creating lustre tarball at /tmp/ktest-lustre.tar.gz...
Executing 16 jobs
Jobs will start as soon as their dependencies are satisfied
Using tarball input mode

START lustre_u24 build tests/fs/lustre/boot.ktest
START lustre_mainline_strict build tests/fs/lustre/boot-strict.ktest
START lustre_mainline_native build tests/fs/lustre/boot.ktest
START lustre_al2023 build tests/fs/lustre/boot.ktest
START checkpatch tool checkpatch
START lustre_mainline build tests/fs/lustre/boot.ktest
PUT /tmp/ktest-kernel.tar.gz 9s
PUT /tmp/ktest-kernel.tar.gz 9s
PUT /tmp/ktest-kernel.tar.gz 10s
PUT /tmp/ktest-kernel.tar.gz 10s
PUT /tmp/ktest-kernel.tar.gz 10s
PUT /tmp/ktest-kernel.tar.gz 10s
PUT /tmp/ktest-lustre.tar.gz 3s
PUT /tmp/ktest-lustre.tar.gz 3s
PUT /tmp/ktest-lustre.tar.gz 3s
PUT /tmp/ktest-lustre.tar.gz 3s
PUT /tmp/ktest-lustre.tar.gz 3s
PUT /tmp/ktest-lustre.tar.gz 3s
END checkpatch tool checkpatch PASS 15s
END lustre_al2023 build tests/fs/lustre/boot.ktest PASS 75s
END lustre_u24 build tests/fs/lustre/boot.ktest PASS 78s
GET /tmp/ktest_lustre_mainline_strict_8a7hsv4x.tar 5s
END lustre_mainline_strict build tests/fs/lustre/boot-strict.ktest FAIL 119s (exit code: 1)
GET /tmp/ktest_lustre_mainline_native_kbz79jh9.tar 3s
GET /tmp/ktest_lustre_mainline_iy4gea73.tar 3s
END lustre_mainline_native build tests/fs/lustre/boot.ktest PASS 131s
START clang-tidy tool clang-tidy
START cc-plugin tool cc-plugin
START boot run tests/fs/lustre/boot.ktest
START llmount run tests/fs/lustre/llmount.ktest
START llog-unit run tests/fs/lustre/llog-unit.ktest
START mgs-setup run tests/fs/lustre/mgs-setup.ktest
START sanity-1 run tests/fs/lustre/sanity/sanity-1.ktest
START sanity-2 run tests/fs/lustre/sanity/sanity-2.ktest
START sanity-3 run tests/fs/lustre/sanity/sanity-3.ktest
START sanity-4 run tests/fs/lustre/sanity/sanity-4.ktest
END lustre_mainline build tests/fs/lustre/boot.ktest PASS 132s
PUT /tmp/ktest-kernel.tar.gz 17s
PUT /tmp/ktest_lustre_mainline_native_kbz79jh9.tar 25s
PUT /tmp/ktest_lustre_mainline_native_kbz79jh9.tar 25s
PUT /tmp/ktest_lustre_mainline_native_kbz79jh9.tar 25s
PUT /tmp/ktest-kernel.tar.gz 25s
PUT /tmp/ktest_lustre_mainline_native_kbz79jh9.tar 25s
PUT /tmp/ktest_lustre_mainline_native_kbz79jh9.tar 25s
PUT /tmp/ktest_lustre_mainline_native_kbz79jh9.tar 25s
PUT /tmp/ktest_lustre_mainline_native_kbz79jh9.tar 25s
PUT /tmp/ktest_lustre_mainline_native_kbz79jh9.tar 25s
PUT /tmp/ktest-lustre.tar.gz 69s
PUT /tmp/ktest-lustre.tar.gz 77s
PUT /tmp/ktest_lustre_mainline_native_kbz79jh9.tar 10s
PUT /tmp/ktest_lustre_mainline_native_kbz79jh9.tar 10s
END cc-plugin tool cc-plugin FAIL 109s (exit code: 127)
END boot run tests/fs/lustre/boot.ktest PASS 121s
END clang-tidy tool clang-tidy PASS 127s
END mgs-setup run tests/fs/lustre/mgs-setup.ktest PASS 129s
END sanity-4 run tests/fs/lustre/sanity/sanity-4.ktest PASS 130s
END sanity-1 run tests/fs/lustre/sanity/sanity-1.ktest PASS 142s
END sanity-2 run tests/fs/lustre/sanity/sanity-2.ktest PASS 145s
END sanity-3 run tests/fs/lustre/sanity/sanity-3.ktest PASS 158s
END llog-unit run tests/fs/lustre/llog-unit.ktest PASS 211s
END llmount run tests/fs/lustre/llmount.ktest PASS 212s

============================================================
Final Results:
  checkpatch: PASS (15s) (log: /var/www/ci-lustre/upstream-patch-review/a4c698e58174ad6c065dae7ce6c5cd0d007541ae_checkpatch.log)
  lustre_u24: PASS (78s) (log: /var/www/ci-lustre/upstream-patch-review/a4c698e58174ad6c065dae7ce6c5cd0d007541ae_lustre_u24.log)
  lustre_al2023: PASS (75s) (log: /var/www/ci-lustre/upstream-patch-review/a4c698e58174ad6c065dae7ce6c5cd0d007541ae_lustre_al2023.log)
  lustre_mainline_strict: FAIL (119s) (log: /var/www/ci-lustre/upstream-patch-review/a4c698e58174ad6c065dae7ce6c5cd0d007541ae_lustre_mainline_strict.log)
  lustre_mainline: PASS (132s) (log: /var/www/ci-lustre/upstream-patch-review/a4c698e58174ad6c065dae7ce6c5cd0d007541ae_lustre_mainline.log)
  lustre_mainline_native: PASS (131s) (log: /var/www/ci-lustre/upstream-patch-review/a4c698e58174ad6c065dae7ce6c5cd0d007541ae_lustre_mainline_native.log)
  clang-tidy: PASS (127s) (log: /var/www/ci-lustre/upstream-patch-review/a4c698e58174ad6c065dae7ce6c5cd0d007541ae_clang-tidy.log)
  cc-plugin: FAIL (109s) (log: /var/www/ci-lustre/upstream-patch-review/a4c698e58174ad6c065dae7ce6c5cd0d007541ae_cc-plugin.log)
  boot: PASS (121s) (log: /var/www/ci-lustre/upstream-patch-review/a4c698e58174ad6c065dae7ce6c5cd0d007541ae_boot.log)
  llmount: PASS (212s) (log: /var/www/ci-lustre/upstream-patch-review/a4c698e58174ad6c065dae7ce6c5cd0d007541ae_llmount.log)
  llog-unit: PASS (211s) (log: /var/www/ci-lustre/upstream-patch-review/a4c698e58174ad6c065dae7ce6c5cd0d007541ae_llog-unit.log)
  mgs-setup: PASS (129s) (log: /var/www/ci-lustre/upstream-patch-review/a4c698e58174ad6c065dae7ce6c5cd0d007541ae_mgs-setup.log)
  sanity-1: PASS (142s) (log: /var/www/ci-lustre/upstream-patch-review/a4c698e58174ad6c065dae7ce6c5cd0d007541ae_sanity-1.log)
  sanity-2: PASS (145s) (log: /var/www/ci-lustre/upstream-patch-review/a4c698e58174ad6c065dae7ce6c5cd0d007541ae_sanity-2.log)
  sanity-3: PASS (158s) (log: /var/www/ci-lustre/upstream-patch-review/a4c698e58174ad6c065dae7ce6c5cd0d007541ae_sanity-3.log)
  sanity-4: PASS (130s) (log: /var/www/ci-lustre/upstream-patch-review/a4c698e58174ad6c065dae7ce6c5cd0d007541ae_sanity-4.log)

Total execution time: 374s
