00001 
00001 RDSEED32 is broken. Disabling the corresponding CPUID bit.
00004 init: failed to load nvme_core
00004 init: failed to load nvme
00004 init: failed to load zfs
00005 LNetError: 1:0:(lib-socket.c:619:lnet_inet_enumerate()) lnet: Can't find any usable interfaces, rc = -ENOENT
00005 LNetError: Error -100 starting up LNI tcp
00005 LustreError: 1:0:(events.c:627:ptlrpc_init_portals()) network initialisation failed: rc = -100
00006 init: finit_module /lib/modules/7.0.0-ktest-a54ed72-6330a45-20260714-dirty/updates/ptlrpc.ko: Network is down
00006 init: failed to load lustre
00006 init: failed to load osd_zfs
00006 init: failed to load iwlwifi
00006 init: failed to load iwlmvm
00006 init: failed to load mt7921e
00006 init: failed to load i915
00006 init: failed to load nouveau
00049 tlp: vm.laptop_mode is deprecated. Ignoring setting.
00049 Kernel version: 7.0.0-ktest-a54ed72-6330a45-20260714-dirty
00050 hook init_noop
00050 
00050 Running tests mgs-setup
00050 
00050 ========= TEST   mgs-setup
00050 /host/home/ktest/git/lustre-release/lustre/tests/test-framework.sh: line 6934: cd: HOME not set
00050 /host/home/ktest/git/lustre-release/lustre/tests/test-framework.sh: line 6934: cd: HOME not set
00050 /host/home/ktest/git/lustre-release/lustre/tests/test-framework.sh: line 6934: cd: HOME not set
00052 MGS_OS_VERSION_ID=24.04
00052 MGS_OS_ID=ubuntu
00052 MGS_OS_VERSION_CODE=402915328
00052 MGS_OS_ID_LIKE=debian ubuntu
00052 MDS1_OS_ID=ubuntu
00052 MDS1_OS_VERSION_CODE=402915328
00052 MDS1_OS_ID_LIKE=debian ubuntu
00052 MDS1_OS_VERSION_ID=24.04
00052 OST1_OS_VERSION_ID=24.04
00052 OST1_OS_VERSION_CODE=402915328
00052 OST1_OS_ID=ubuntu
00052 OST1_OS_ID_LIKE=debian ubuntu
00052 CLIENT_OS_VERSION_ID=24.04
00052 CLIENT_OS_ID_LIKE=debian ubuntu
00052 CLIENT_OS_ID=ubuntu
00052 CLIENT_OS_VERSION_CODE=402915328
00053 Loading modules from /host/home/ktest/git/lustre-release/lustre
00053 detected 16 online CPUs by sysfs
00053 MODOPTS_LIBCFS=
00053 libcfs will create CPU partition based on online CPUs
00053 LNet: Added LNI 10.0.2.15@tcp [8/256/0/180]
00053 gss/krb5 is not supported
00054 Lustre: Echo OBD driver; http://www.lustre.org/
00054 
00054 
00059 
00059 
00059 
00059 Lustre: server umount MGS0000 complete
00059 
00059 Removed directory: /mnt/lustre-wTG8y7-MGS0000
00060 
00060 ========= PASSED mgs-setup in 10s
00060 
00060 Passed: mgs-setup
00060 Failed: 
00060 NOTICE: Automounting of tracing to debugfs is deprecated and will be removed in 2030
00060 Kernel version: 7.0.0-ktest-a54ed72-6330a45-20260714-dirty
00060 TEST SUCCESS
