CLI: ./podman-ktest --podman-socket unix:///run/podman/podman.sock --shared-filesystem /tmp --tarball-input job lustre-ci --output /var/www/ci-lustre/upstream-patch-review --git-hash a579a852916f99c0eceed3ae548533d4f9f29cdc --change-id 66529_a579a852916f99c0eceed3ae548533d4f9f29cdc --subject LU-19917 mgc: dynamic MGS nids discovery

Environment validated successfully
Creating kernel tarball at /tmp/ktest-kernel.tar.gz...
Creating lustre tarball at /tmp/ktest-lustre.tar.gz...
Creating ZFS tarball at /tmp/ktest-zfs.tar.gz...
Executing 14 jobs
Jobs will start as soon as their dependencies are satisfied
Using tarball input mode

START ml-strict:lustre_mainline build tests/fs/lustre/boot-strict.ktest
START ml-miscvm:lustre_mainline_native build tests/fs/lustre/boot.ktest
START ml:lustre_mainline build tests/fs/lustre/boot.ktest
START al2023:al2023 build tests/fs/lustre/boot.ktest
START checkpatch:checkpatch tool checkpatch
START u24:u24 build tests/fs/lustre/boot.ktest
PUT /tmp/ktest-lustre.tar.gz 1s
PUT /tmp/ktest-lustre.tar.gz 1s
PUT /tmp/ktest-kernel.tar.gz 8s
PUT /tmp/ktest-kernel.tar.gz 9s
PUT /tmp/ktest-kernel.tar.gz 9s
PUT /tmp/ktest-kernel.tar.gz 9s
PUT /tmp/ktest-lustre.tar.gz 2s
PUT /tmp/ktest-lustre.tar.gz 2s
PUT /tmp/ktest-lustre.tar.gz 2s
PUT /tmp/ktest-lustre.tar.gz 2s
PUT /tmp/ktest-zfs.tar.gz 0s
PUT /tmp/ktest-zfs.tar.gz 0s
PUT /tmp/ktest-zfs.tar.gz 0s
END checkpatch:checkpatch tool checkpatch PASS 14s
END al2023:al2023 build tests/fs/lustre/boot.ktest PASS 62s
END u24:u24 build tests/fs/lustre/boot.ktest PASS 70s
GET /tmp/ktest_ml:lustre_mainline_0xupeuxi.tar 5s
GET /tmp/ktest_ml-strict:lustre_mainline_8gvof512.tar 5s
GET /tmp/ktest_ml-miscvm:lustre_mainline_native_76ynqjck.tar 5s
END ml:lustre_mainline build tests/fs/lustre/boot.ktest FAIL 156s (exit code: 1)
END ml-strict:lustre_mainline build tests/fs/lustre/boot-strict.ktest FAIL 161s (exit code: 1)
END ml-miscvm:lustre_mainline_native build tests/fs/lustre/boot.ktest FAIL 162s (exit code: 1)

============================================================
Final Results:
  checkpatch:checkpatch: PASS (14s) (log: /var/www/ci-lustre/upstream-patch-review/a579a852916f99c0eceed3ae548533d4f9f29cdc_checkpatch:checkpatch.log)
  u24:u24: PASS (70s) (log: /var/www/ci-lustre/upstream-patch-review/a579a852916f99c0eceed3ae548533d4f9f29cdc_u24:u24.log)
  al2023:al2023: PASS (62s) (log: /var/www/ci-lustre/upstream-patch-review/a579a852916f99c0eceed3ae548533d4f9f29cdc_al2023:al2023.log)
  ml-strict:lustre_mainline: FAIL (161s) (log: /var/www/ci-lustre/upstream-patch-review/a579a852916f99c0eceed3ae548533d4f9f29cdc_ml-strict:lustre_mainline.log)
  ml:lustre_mainline: FAIL (156s) (log: /var/www/ci-lustre/upstream-patch-review/a579a852916f99c0eceed3ae548533d4f9f29cdc_ml:lustre_mainline.log)
  ml-miscvm:lustre_mainline_native: FAIL (162s) (log: /var/www/ci-lustre/upstream-patch-review/a579a852916f99c0eceed3ae548533d4f9f29cdc_ml-miscvm:lustre_mainline_native.log)
  ml-miscvm:boot: SKIPPED (due to dependency failure)
  ml-miscvm:llmount: SKIPPED (due to dependency failure)
  ml-miscvm:llog-unit: SKIPPED (due to dependency failure)
  ml-miscvm:mgs-setup: SKIPPED (due to dependency failure)
  ml-miscvm:sanity-1: SKIPPED (due to dependency failure)
  ml-miscvm:sanity-2: SKIPPED (due to dependency failure)
  ml-miscvm:sanity-3: SKIPPED (due to dependency failure)
  ml-miscvm:sanity-4: SKIPPED (due to dependency failure)

Total execution time: 191s
