CLI: ./podman-ktest --podman-socket unix:///run/podman/podman.sock --shared-filesystem /tmp --tarball-input job lustre-ci --output /var/www/ci-lustre/upstream-patch-review --git-hash a619d854076441c8119c48748c970e748d17c3f2 --change-id 66200_a619d854076441c8119c48748c970e748d17c3f2 --subject LU-20310 echo: fix remaining checkpatch.pl warnings

  Checking /dev/kvm exists... OK
  Checking /dev/kvm permissions... OK
  Creating ccache directory... OK
  Checking ccache directory writable... OK
  Creating package output directory... OK

Environment validated successfully
Creating kernel tarball at /tmp/ktest-kernel.tar.gz...
Creating lustre tarball at /tmp/ktest-lustre.tar.gz...
Creating ZFS tarball at /tmp/ktest-zfs.tar.gz...
Executing 13 jobs
Jobs will start as soon as their dependencies are satisfied
Using tarball input mode

START checkpatch tool checkpatch
START lustre_mainline build tests/fs/lustre/boot.ktest
START u24 build tests/fs/lustre/boot.ktest
START lustre_mainline_native build tests/fs/lustre/boot.ktest
START al2023 build tests/fs/lustre/boot.ktest
START lustre_mainline_strict build tests/fs/lustre/boot-strict.ktest
PUT /tmp/ktest-lustre.tar.gz 1s
PUT /tmp/ktest-lustre.tar.gz 1s
PUT /tmp/ktest-kernel.tar.gz 7s
PUT /tmp/ktest-kernel.tar.gz 7s
PUT /tmp/ktest-kernel.tar.gz 7s
PUT /tmp/ktest-kernel.tar.gz 7s
PUT /tmp/ktest-lustre.tar.gz 2s
PUT /tmp/ktest-lustre.tar.gz 2s
PUT /tmp/ktest-lustre.tar.gz 2s
PUT /tmp/ktest-lustre.tar.gz 2s
PUT /tmp/ktest-zfs.tar.gz 0s
PUT /tmp/ktest-zfs.tar.gz 0s
PUT /tmp/ktest-zfs.tar.gz 0s
END checkpatch tool checkpatch PASS 12s
END al2023 build tests/fs/lustre/boot.ktest PASS 62s
END u24 build tests/fs/lustre/boot.ktest PASS 67s
GET /tmp/ktest_lustre_mainline_strict__xxxkm37.tar 6s
END lustre_mainline_strict build tests/fs/lustre/boot-strict.ktest FAIL 142s (exit code: 1)
GET /tmp/ktest_lustre_mainline_native_eu54jm5g.tar 0s
GET /tmp/ktest_lustre_mainline_79d84uf1.tar 0s
END lustre_mainline_native build tests/fs/lustre/boot.ktest PASS 148s
START boot run tests/fs/lustre/boot.ktest
START llmount run tests/fs/lustre/llmount.ktest
START mgs-setup run tests/fs/lustre/mgs-setup.ktest
START sanity-1 run tests/fs/lustre/sanity/sanity-1.ktest
START sanity-2 run tests/fs/lustre/sanity/sanity-2.ktest
START sanity-3 run tests/fs/lustre/sanity/sanity-3.ktest
START sanity-4 run tests/fs/lustre/sanity/sanity-4.ktest
END lustre_mainline build tests/fs/lustre/boot.ktest PASS 149s
PUT /tmp/ktest-kernel.tar.gz 12s
PUT /tmp/ktest-kernel.tar.gz 12s
PUT /tmp/ktest-kernel.tar.gz 12s
PUT /tmp/ktest-kernel.tar.gz 12s
PUT /tmp/ktest-kernel.tar.gz 12s
PUT /tmp/ktest-kernel.tar.gz 12s
PUT /tmp/ktest-kernel.tar.gz 12s
PUT /tmp/ktest-lustre.tar.gz 2s
PUT /tmp/ktest-lustre.tar.gz 3s
PUT /tmp/ktest-lustre.tar.gz 3s
PUT /tmp/ktest-lustre.tar.gz 3s
PUT /tmp/ktest-lustre.tar.gz 3s
PUT /tmp/ktest-lustre.tar.gz 3s
PUT /tmp/ktest-lustre.tar.gz 2s
PUT /tmp/ktest_lustre_mainline_native_eu54jm5g.tar 0s
PUT /tmp/ktest_lustre_mainline_native_eu54jm5g.tar 0s
PUT /tmp/ktest_lustre_mainline_native_eu54jm5g.tar 0s
PUT /tmp/ktest_lustre_mainline_native_eu54jm5g.tar 0s
PUT /tmp/ktest_lustre_mainline_native_eu54jm5g.tar 0s
PUT /tmp/ktest_lustre_mainline_native_eu54jm5g.tar 0s
PUT /tmp/ktest_lustre_mainline_native_eu54jm5g.tar 0s
END boot run tests/fs/lustre/boot.ktest PASS 116s
END mgs-setup run tests/fs/lustre/mgs-setup.ktest PASS 125s
END sanity-3 run tests/fs/lustre/sanity/sanity-3.ktest PASS 153s
END sanity-2 run tests/fs/lustre/sanity/sanity-2.ktest PASS 162s
END sanity-4 run tests/fs/lustre/sanity/sanity-4.ktest PASS 163s
END sanity-1 run tests/fs/lustre/sanity/sanity-1.ktest PASS 164s
END llmount run tests/fs/lustre/llmount.ktest PASS 177s

============================================================
Final Results:
  checkpatch: PASS (12s) (log: /var/www/ci-lustre/upstream-patch-review/a619d854076441c8119c48748c970e748d17c3f2_checkpatch.log)
  u24: PASS (67s) (log: /var/www/ci-lustre/upstream-patch-review/a619d854076441c8119c48748c970e748d17c3f2_u24.log)
  al2023: PASS (62s) (log: /var/www/ci-lustre/upstream-patch-review/a619d854076441c8119c48748c970e748d17c3f2_al2023.log)
  lustre_mainline_strict: FAIL (142s) (log: /var/www/ci-lustre/upstream-patch-review/a619d854076441c8119c48748c970e748d17c3f2_lustre_mainline_strict.log)
  lustre_mainline: PASS (149s) (log: /var/www/ci-lustre/upstream-patch-review/a619d854076441c8119c48748c970e748d17c3f2_lustre_mainline.log)
  lustre_mainline_native: PASS (148s) (log: /var/www/ci-lustre/upstream-patch-review/a619d854076441c8119c48748c970e748d17c3f2_lustre_mainline_native.log)
  boot: PASS (116s) (log: /var/www/ci-lustre/upstream-patch-review/a619d854076441c8119c48748c970e748d17c3f2_boot.log)
  llmount: PASS (177s) (log: /var/www/ci-lustre/upstream-patch-review/a619d854076441c8119c48748c970e748d17c3f2_llmount.log)
  mgs-setup: PASS (125s) (log: /var/www/ci-lustre/upstream-patch-review/a619d854076441c8119c48748c970e748d17c3f2_mgs-setup.log)
  sanity-1: PASS (164s) (log: /var/www/ci-lustre/upstream-patch-review/a619d854076441c8119c48748c970e748d17c3f2_sanity-1.log)
  sanity-2: PASS (162s) (log: /var/www/ci-lustre/upstream-patch-review/a619d854076441c8119c48748c970e748d17c3f2_sanity-2.log)
  sanity-3: PASS (153s) (log: /var/www/ci-lustre/upstream-patch-review/a619d854076441c8119c48748c970e748d17c3f2_sanity-3.log)
  sanity-4: PASS (163s) (log: /var/www/ci-lustre/upstream-patch-review/a619d854076441c8119c48748c970e748d17c3f2_sanity-4.log)

Total execution time: 356s
