CLI: ./podman-ktest --podman-socket unix:///run/podman/podman.sock --shared-filesystem /tmp --tarball-input job lustre-ci --output /var/www/ci-lustre/upstream-patch-review --git-hash a66ac5b3850b4af1e55af069ec9f8f0a974a98fe --change-id 61980_a66ac5b3850b4af1e55af069ec9f8f0a974a98fe --subject LU-19079 ssk: mount-point specific key

  Checking /dev/kvm exists... OK
  Checking /dev/kvm permissions... OK
  Creating ccache directory... OK
  Checking ccache directory writable... OK

Environment validated successfully
Creating kernel tarball at /tmp/ktest-kernel.tar.gz...
Creating lustre tarball at /tmp/ktest-lustre.tar.gz...
Executing 16 jobs
Jobs will start as soon as their dependencies are satisfied
Using tarball input mode

START lustre_u24 build tests/fs/lustre/boot.ktest
START lustre_mainline_strict build tests/fs/lustre/boot-strict.ktest
START lustre_mainline_native build tests/fs/lustre/boot.ktest
START lustre_al2023 build tests/fs/lustre/boot.ktest
START checkpatch tool checkpatch
START lustre_mainline build tests/fs/lustre/boot.ktest
PUT /tmp/ktest-kernel.tar.gz 9s
PUT /tmp/ktest-kernel.tar.gz 9s
PUT /tmp/ktest-kernel.tar.gz 9s
PUT /tmp/ktest-kernel.tar.gz 9s
PUT /tmp/ktest-kernel.tar.gz 9s
PUT /tmp/ktest-kernel.tar.gz 9s
PUT /tmp/ktest-lustre.tar.gz 4s
PUT /tmp/ktest-lustre.tar.gz 4s
PUT /tmp/ktest-lustre.tar.gz 4s
PUT /tmp/ktest-lustre.tar.gz 4s
PUT /tmp/ktest-lustre.tar.gz 4s
PUT /tmp/ktest-lustre.tar.gz 4s
END checkpatch tool checkpatch FAIL 17s (exit code: 1)
END lustre_u24 build tests/fs/lustre/boot.ktest PASS 79s
END lustre_al2023 build tests/fs/lustre/boot.ktest PASS 81s
GET /tmp/ktest_lustre_mainline_a_mzoop8.tar 6s
GET /tmp/ktest_lustre_mainline_native_txyfn9x3.tar 6s
GET /tmp/ktest_lustre_mainline_strict_9x_ylq_0.tar 6s
END lustre_mainline build tests/fs/lustre/boot.ktest FAIL 112s (exit code: 1)
END lustre_mainline_native build tests/fs/lustre/boot.ktest FAIL 113s (exit code: 1)
END lustre_mainline_strict build tests/fs/lustre/boot-strict.ktest FAIL 115s (exit code: 1)

============================================================
Final Results:
  checkpatch: FAIL (17s) (log: /var/www/ci-lustre/upstream-patch-review/a66ac5b3850b4af1e55af069ec9f8f0a974a98fe_checkpatch.log)
  lustre_u24: PASS (79s) (log: /var/www/ci-lustre/upstream-patch-review/a66ac5b3850b4af1e55af069ec9f8f0a974a98fe_lustre_u24.log)
  lustre_al2023: PASS (81s) (log: /var/www/ci-lustre/upstream-patch-review/a66ac5b3850b4af1e55af069ec9f8f0a974a98fe_lustre_al2023.log)
  lustre_mainline_strict: FAIL (115s) (log: /var/www/ci-lustre/upstream-patch-review/a66ac5b3850b4af1e55af069ec9f8f0a974a98fe_lustre_mainline_strict.log)
  lustre_mainline: FAIL (112s) (log: /var/www/ci-lustre/upstream-patch-review/a66ac5b3850b4af1e55af069ec9f8f0a974a98fe_lustre_mainline.log)
  lustre_mainline_native: FAIL (113s) (log: /var/www/ci-lustre/upstream-patch-review/a66ac5b3850b4af1e55af069ec9f8f0a974a98fe_lustre_mainline_native.log)
  clang-tidy: SKIPPED (due to dependency failure)
  cc-plugin: SKIPPED (due to dependency failure)
  boot: SKIPPED (due to dependency failure)
  llmount: SKIPPED (due to dependency failure)
  llog-unit: SKIPPED (due to dependency failure)
  mgs-setup: SKIPPED (due to dependency failure)
  sanity-1: SKIPPED (due to dependency failure)
  sanity-2: SKIPPED (due to dependency failure)
  sanity-3: SKIPPED (due to dependency failure)
  sanity-4: SKIPPED (due to dependency failure)

Total execution time: 146s
