CLI: ./podman-ktest --podman-socket unix:///run/podman/podman.sock --shared-filesystem /tmp --tarball-input job lustre-ci --output /var/www/ci-lustre/upstream-patch-review --git-hash a69fc58ceb7632321f5c764a3e8bbf451ca54800 --change-id 66481_a69fc58ceb7632321f5c764a3e8bbf451ca54800 --subject LU-12669 ec: fix EC recovery read for encrypted files

  Checking /dev/kvm exists... OK
  Checking /dev/kvm permissions... OK
  Creating ccache directory... OK
  Checking ccache directory writable... OK
  Creating package output directory... OK

Environment validated successfully
Creating kernel tarball at /tmp/ktest-kernel.tar.gz...
Creating lustre tarball at /tmp/ktest-lustre.tar.gz...
Creating ZFS tarball at /tmp/ktest-zfs.tar.gz...
Executing 13 jobs
Jobs will start as soon as their dependencies are satisfied
Using tarball input mode

START lustre_mainline_strict build tests/fs/lustre/boot-strict.ktest
START al2023 build tests/fs/lustre/boot.ktest
START lustre_mainline build tests/fs/lustre/boot.ktest
START checkpatch tool checkpatch
START u24 build tests/fs/lustre/boot.ktest
START lustre_mainline_native build tests/fs/lustre/boot.ktest
PUT /tmp/ktest-lustre.tar.gz 1s
PUT /tmp/ktest-lustre.tar.gz 1s
PUT /tmp/ktest-kernel.tar.gz 6s
PUT /tmp/ktest-kernel.tar.gz 6s
PUT /tmp/ktest-kernel.tar.gz 6s
PUT /tmp/ktest-kernel.tar.gz 6s
PUT /tmp/ktest-lustre.tar.gz 1s
PUT /tmp/ktest-lustre.tar.gz 1s
PUT /tmp/ktest-lustre.tar.gz 1s
PUT /tmp/ktest-lustre.tar.gz 1s
PUT /tmp/ktest-zfs.tar.gz 0s
PUT /tmp/ktest-zfs.tar.gz 0s
PUT /tmp/ktest-zfs.tar.gz 0s
END checkpatch tool checkpatch FAIL 10s (exit code: 1)
END al2023 build tests/fs/lustre/boot.ktest PASS 62s
END u24 build tests/fs/lustre/boot.ktest PASS 64s
GET /tmp/ktest_lustre_mainline_strict_09xeuwjp.tar 6s
GET /tmp/ktest_lustre_mainline_lvncsaz1.tar 6s
GET /tmp/ktest_lustre_mainline_native_t5lwudj6.tar 6s
END lustre_mainline_strict build tests/fs/lustre/boot-strict.ktest FAIL 133s (exit code: 1)
END lustre_mainline build tests/fs/lustre/boot.ktest FAIL 134s (exit code: 1)
END lustre_mainline_native build tests/fs/lustre/boot.ktest FAIL 136s (exit code: 1)

============================================================
Final Results:
  checkpatch: FAIL (10s) (log: /var/www/ci-lustre/upstream-patch-review/a69fc58ceb7632321f5c764a3e8bbf451ca54800_checkpatch.log)
  u24: PASS (64s) (log: /var/www/ci-lustre/upstream-patch-review/a69fc58ceb7632321f5c764a3e8bbf451ca54800_u24.log)
  al2023: PASS (62s) (log: /var/www/ci-lustre/upstream-patch-review/a69fc58ceb7632321f5c764a3e8bbf451ca54800_al2023.log)
  lustre_mainline_strict: FAIL (133s) (log: /var/www/ci-lustre/upstream-patch-review/a69fc58ceb7632321f5c764a3e8bbf451ca54800_lustre_mainline_strict.log)
  lustre_mainline: FAIL (134s) (log: /var/www/ci-lustre/upstream-patch-review/a69fc58ceb7632321f5c764a3e8bbf451ca54800_lustre_mainline.log)
  lustre_mainline_native: FAIL (136s) (log: /var/www/ci-lustre/upstream-patch-review/a69fc58ceb7632321f5c764a3e8bbf451ca54800_lustre_mainline_native.log)
  boot: SKIPPED (due to dependency failure)
  llmount: SKIPPED (due to dependency failure)
  mgs-setup: SKIPPED (due to dependency failure)
  sanity-1: SKIPPED (due to dependency failure)
  sanity-2: SKIPPED (due to dependency failure)
  sanity-3: SKIPPED (due to dependency failure)
  sanity-4: SKIPPED (due to dependency failure)

Total execution time: 165s
