WARNING:LONG_LINE_STRING: line length of 102 exceeds 100 columns
#237: FILE: lustre/lov/lov_io.c:2639:
+			CERROR("%s: "DFID": encryption failed for stripe %d: rc = %d, rolling back\n",

WARNING:LONG_LINE_STRING: line length of 112 exceeds 100 columns
#277: FILE: lustre/lov/lov_io.c:2679:
+			CDEBUG(D_SEC, "%s: "DFID": rollback decrypt failed for stripe %d, marking page stale\n",

ERROR:SPACING: spaces prohibited around that '->' (ctx:VxW)
#278: FILE: lustre/lov/lov_io.c:2680:
+			       lov2obd(lov_object_dev(lov)-> ld_lov)->obd_name,
 			                                  ^

WARNING:LONG_LINE_STRING: line length of 103 exceeds 100 columns
#381: FILE: lustre/lov/lov_io.c:2783:
+			CERROR("%s: "DFID": failed to decrypt recovered page for stripe %d: rc = %d\n",

WARNING:SPLIT_STRING: quoted string split across lines
#427: FILE: lustre/lov/lov_io.c:2829:
+		CDEBUG(D_SEC, "Data pages already plaintext from OSC, "
+		       "skipping decrypt\n");

WARNING:LONG_LINE_STRING: line length of 131 exceeds 100 columns
#458: FILE: lustre/lov/lov_io.c:2860:
+			CWARN("%s: "DFID": failed to decrypt in-place encrypted page for stripe %d: rc = %d, marking page stale\n",

WARNING:LONG_LINE_STRING: line length of 122 exceeds 100 columns
#550: FILE: lustre/lov/lov_io.c:3140:
+			CDEBUG(D_SEC, "%s: "DFID": cannot allocate bounce page array, will encrypt data pages in-place\n",

WARNING:LONG_LINE_STRING: line length of 127 exceeds 100 columns
#583: FILE: lustre/lov/lov_io.c:3218:
+					CDEBUG(D_SEC, "%s: "DFID": cannot allocate bounce page %d/%d, will encrypt in-place\n",

WARNING:BLOCK_COMMENT_STYLE: Block comments use a trailing */ on a separate line
#650: FILE: lustre/lov/lov_io.c:3445:
+					 * encrypted bounce pages */

WARNING:LINE_SPACING: Missing a blank line after declarations
#769: FILE: lustre/osc/osc_request.c:2378:
+			struct brw_page *first_brwpg = aa->aa_ppga[0];
+			first_clpage = oap2cl_page(brw_page2oap(first_brwpg));

total: 1 errors, 9 warnings, 793 lines checked

NOTE: For some of the reported defects, checkpatch may be able to
      mechanically convert to the typical style using --fix or --fix-inplace.

Your patch has style problems, please review.

NOTE: If any of the errors are false positives, please report
      them to the maintainer, see CHECKPATCH in MAINTAINERS.
