CLI: ./podman-ktest --podman-socket unix:///run/podman/podman.sock --shared-filesystem /tmp --tarball-input job lustre-ci --output /var/www/ci-lustre/upstream-patch-review --git-hash a6e9fef8620e659992f87e29fabbb434d03bc49d --change-id 66666_a6e9fef8620e659992f87e29fabbb434d03bc49d --subject LU-20373 build: py3 updates for kernel v7.1

  Checking /dev/kvm exists... OK
  Checking /dev/kvm permissions... OK
  Creating ccache directory... OK
  Checking ccache directory writable... OK
  Creating package output directory... OK

Environment validated successfully
Creating kernel tarball at /tmp/ktest-kernel.tar.gz...
Creating lustre tarball at /tmp/ktest-lustre.tar.gz...
Creating ZFS tarball at /tmp/ktest-zfs.tar.gz...
Executing 13 jobs
Jobs will start as soon as their dependencies are satisfied
Using tarball input mode

START checkpatch tool checkpatch
START lustre_mainline build tests/fs/lustre/boot.ktest
START lustre_mainline_strict build tests/fs/lustre/boot-strict.ktest
START u24 build tests/fs/lustre/boot.ktest
START lustre_mainline_native build tests/fs/lustre/boot.ktest
START al2023 build tests/fs/lustre/boot.ktest
PUT /tmp/ktest-lustre.tar.gz 1s
PUT /tmp/ktest-lustre.tar.gz 2s
PUT /tmp/ktest-kernel.tar.gz 6s
PUT /tmp/ktest-kernel.tar.gz 6s
PUT /tmp/ktest-kernel.tar.gz 6s
PUT /tmp/ktest-kernel.tar.gz 7s
PUT /tmp/ktest-lustre.tar.gz 1s
PUT /tmp/ktest-lustre.tar.gz 1s
PUT /tmp/ktest-lustre.tar.gz 1s
PUT /tmp/ktest-lustre.tar.gz 1s
PUT /tmp/ktest-zfs.tar.gz 0s
PUT /tmp/ktest-zfs.tar.gz 0s
PUT /tmp/ktest-zfs.tar.gz 0s
END checkpatch tool checkpatch FAIL 11s (exit code: 1)
END al2023 build tests/fs/lustre/boot.ktest PASS 50s
END u24 build tests/fs/lustre/boot.ktest PASS 55s
GET /tmp/ktest_lustre_mainline_9673mq0x.tar 1s
GET /tmp/ktest_lustre_mainline_strict_msp7r67k.tar 4s
END lustre_mainline build tests/fs/lustre/boot.ktest PASS 132s
GET /tmp/ktest_lustre_mainline_native_al9ysoep.tar 3s
END lustre_mainline_strict build tests/fs/lustre/boot-strict.ktest FAIL 135s (exit code: 1)
END lustre_mainline_native build tests/fs/lustre/boot.ktest PASS 136s
START boot run tests/fs/lustre/boot.ktest
START llmount run tests/fs/lustre/llmount.ktest
START mgs-setup run tests/fs/lustre/mgs-setup.ktest
START sanity-1 run tests/fs/lustre/sanity/sanity-1.ktest
START sanity-2 run tests/fs/lustre/sanity/sanity-2.ktest
START sanity-3 run tests/fs/lustre/sanity/sanity-3.ktest
START sanity-4 run tests/fs/lustre/sanity/sanity-4.ktest
PUT /tmp/ktest-kernel.tar.gz 10s
PUT /tmp/ktest-kernel.tar.gz 10s
PUT /tmp/ktest-kernel.tar.gz 11s
PUT /tmp/ktest-kernel.tar.gz 10s
PUT /tmp/ktest-kernel.tar.gz 11s
PUT /tmp/ktest-kernel.tar.gz 11s
PUT /tmp/ktest-kernel.tar.gz 11s
PUT /tmp/ktest-lustre.tar.gz 4s
PUT /tmp/ktest-lustre.tar.gz 3s
PUT /tmp/ktest-lustre.tar.gz 3s
PUT /tmp/ktest-lustre.tar.gz 3s
PUT /tmp/ktest-lustre.tar.gz 3s
PUT /tmp/ktest-lustre.tar.gz 3s
PUT /tmp/ktest-lustre.tar.gz 3s
PUT /tmp/ktest_lustre_mainline_native_al9ysoep.tar 0s
PUT /tmp/ktest_lustre_mainline_native_al9ysoep.tar 0s
PUT /tmp/ktest_lustre_mainline_native_al9ysoep.tar 0s
PUT /tmp/ktest_lustre_mainline_native_al9ysoep.tar 0s
PUT /tmp/ktest_lustre_mainline_native_al9ysoep.tar 0s
PUT /tmp/ktest_lustre_mainline_native_al9ysoep.tar 0s
PUT /tmp/ktest_lustre_mainline_native_al9ysoep.tar 0s
END boot run tests/fs/lustre/boot.ktest PASS 21s
END mgs-setup run tests/fs/lustre/mgs-setup.ktest PASS 31s
END sanity-2 run tests/fs/lustre/sanity/sanity-2.ktest PASS 56s
END sanity-1 run tests/fs/lustre/sanity/sanity-1.ktest PASS 57s
END sanity-3 run tests/fs/lustre/sanity/sanity-3.ktest PASS 58s
END sanity-4 run tests/fs/lustre/sanity/sanity-4.ktest PASS 60s
END llmount run tests/fs/lustre/llmount.ktest PASS 83s

============================================================
Final Results:
  checkpatch: FAIL (11s) (log: /var/www/ci-lustre/upstream-patch-review/a6e9fef8620e659992f87e29fabbb434d03bc49d_checkpatch.log)
  u24: PASS (55s) (log: /var/www/ci-lustre/upstream-patch-review/a6e9fef8620e659992f87e29fabbb434d03bc49d_u24.log)
  al2023: PASS (50s) (log: /var/www/ci-lustre/upstream-patch-review/a6e9fef8620e659992f87e29fabbb434d03bc49d_al2023.log)
  lustre_mainline_strict: FAIL (135s) (log: /var/www/ci-lustre/upstream-patch-review/a6e9fef8620e659992f87e29fabbb434d03bc49d_lustre_mainline_strict.log)
  lustre_mainline: PASS (132s) (log: /var/www/ci-lustre/upstream-patch-review/a6e9fef8620e659992f87e29fabbb434d03bc49d_lustre_mainline.log)
  lustre_mainline_native: PASS (136s) (log: /var/www/ci-lustre/upstream-patch-review/a6e9fef8620e659992f87e29fabbb434d03bc49d_lustre_mainline_native.log)
  boot: PASS (21s) (log: /var/www/ci-lustre/upstream-patch-review/a6e9fef8620e659992f87e29fabbb434d03bc49d_boot.log)
  llmount: PASS (83s) (log: /var/www/ci-lustre/upstream-patch-review/a6e9fef8620e659992f87e29fabbb434d03bc49d_llmount.log)
  mgs-setup: PASS (31s) (log: /var/www/ci-lustre/upstream-patch-review/a6e9fef8620e659992f87e29fabbb434d03bc49d_mgs-setup.log)
  sanity-1: PASS (57s) (log: /var/www/ci-lustre/upstream-patch-review/a6e9fef8620e659992f87e29fabbb434d03bc49d_sanity-1.log)
  sanity-2: PASS (56s) (log: /var/www/ci-lustre/upstream-patch-review/a6e9fef8620e659992f87e29fabbb434d03bc49d_sanity-2.log)
  sanity-3: PASS (58s) (log: /var/www/ci-lustre/upstream-patch-review/a6e9fef8620e659992f87e29fabbb434d03bc49d_sanity-3.log)
  sanity-4: PASS (60s) (log: /var/www/ci-lustre/upstream-patch-review/a6e9fef8620e659992f87e29fabbb434d03bc49d_sanity-4.log)

Total execution time: 248s
