WARNING:FILE_PATH_CHANGES: added, moved or deleted file(s), does MAINTAINERS need updating?
#2: 
new file mode 100644

WARNING:LONG_LINE: line length of 112 exceeds 100 columns
#381: FILE: lustre/osd-ldiskfs/osd_compat.c:733:
+		CERROR("%s: the FID "DFID" is used by two objects: %llu/%u %llu/%u\n", osd_name(osd), PFID(fid),

WARNING:LONG_LINE_STRING: line length of 113 exceeds 100 columns
#401: FILE: lustre/osd-ldiskfs/osd_compat.c:754:
+					CERROR("%s: the FID "DFID" is used by two objects(2): %llu/%u %llu/%u\n",

WARNING:LONG_LINE_STRING: line length of 113 exceeds 100 columns
#411: FILE: lustre/osd-ldiskfs/osd_compat.c:765:
+					CERROR("%s: the FID "DFID" is used by two objects(2): %llu/%u %llu/%u\n",

WARNING:LONG_LINE_STRING: line length of 116 exceeds 100 columns
#446: FILE: lustre/osd-ldiskfs/osd_handler.c:478:
+			CWARN("%s: unsupported incompat LMA feature(s) %#x for fid = "DFID", ino = %llu: rc = %d\n",

WARNING:LONG_LINE_STRING: line length of 101 exceeds 100 columns
#503: FILE: lustre/osd-ldiskfs/osd_handler.c:612:
+			CWARN("%s: directory (inode: %llu, FID: %s) is approaching max size limit\n",

WARNING:SPLIT_STRING: quoted string split across lines
#522: FILE: lustre/osd-ldiskfs/osd_handler.c:871:
 			CWARN("%s: unsupported incompat LMA feature(s) %#x for "
+			      "fid = "DFID", ino = %llu\n", osd_name(osd),

WARNING:LONG_LINE_STRING: line length of 114 exceeds 100 columns
#601: FILE: lustre/osd-ldiskfs/osd_handler.c:4153:
+			CERROR("%s: directory "DFID" ino %llu link count is %u at unlink. run e2fsck to repair\n",

WARNING:LONG_LINE_STRING: line length of 119 exceeds 100 columns
#634: FILE: lustre/osd-ldiskfs/osd_handler.c:6393:
+			     "%s: trigger partial OI scrub for RPC inconsistency, checking FID "DFID"/%llu: rc = %d\n",

WARNING:LONG_LINE_STRING: line length of 107 exceeds 100 columns
#666: FILE: lustre/osd-ldiskfs/osd_handler.c:7600:
+		       "%s: fail to reinsert the dirent, dir = %llu/%u, name = "DNAME", "DFID": rc = %d\n",

WARNING:LONG_LINE: line length of 130 exceeds 100 columns
#677: FILE: lustre/osd-ldiskfs/osd_handler.c:7655:
+			       "%s: fail to iget() for dirent check_repair, dir = %llu/%u, name = "DNAME", ino = %llu: rc = %d\n",

WARNING:SPLIT_STRING: quoted string split across lines
#687: FILE: lustre/osd-ldiskfs/osd_handler.c:7699:
 			CDEBUG(D_LFSCK, "%s: fail to start trans for dirent "
+			       "check_repair, dir = %llu/%u, credits = %d, "

WARNING:SPLIT_STRING: quoted string split across lines
#703: FILE: lustre/osd-ldiskfs/osd_handler.c:7768:
 				       "parent directory, but got "DNAME" under "
+				       "dir = %llu/%u with the FID "DFID"\n",

WARNING:SPLIT_STRING: quoted string split across lines
#715: FILE: lustre/osd-ldiskfs/osd_handler.c:7792:
 			CDEBUG(D_LFSCK, "%s: the target inode does not "
+			       "recognize the dirent, dir = %llu/%u, "

WARNING:SPLIT_STRING: quoted string split across lines
#728: FILE: lustre/osd-ldiskfs/osd_handler.c:7804:
 			CDEBUG(D_LFSCK, "%s: fail to verify FID in the dirent, "
+			       "dir = %llu/%u, name = "DNAME", ino = %llu, "

WARNING:SPLIT_STRING: quoted string split across lines
#738: FILE: lustre/osd-ldiskfs/osd_handler.c:7848:
 			CDEBUG(D_LFSCK, "%s: fail to re-insert FID after "
+			       "the dirent, dir = %llu/%u, name = "DNAME", "

WARNING:SPLIT_STRING: quoted string split across lines
#750: FILE: lustre/osd-ldiskfs/osd_handler.c:7891:
 				CDEBUG(D_LFSCK, "%s: fail to set LMA for "
+				       "update dirent, dir = %llu/%u, "

ERROR:SPACING: space required after that ',' (ctx:VxV)
#757: FILE: lustre/osd-ldiskfs/osd_handler.c:7895:
+				       dir->i_generation,encode_fn_oied(ent),
 				                        ^

WARNING:SPLIT_STRING: quoted string split across lines
#767: FILE: lustre/osd-ldiskfs/osd_handler.c:7909:
 				CDEBUG(D_LFSCK, "%s: fail to append IGIF "
+				       "after the dirent, dir = %llu/%u, "

WARNING:LONG_LINE_STRING: line length of 116 exceeds 100 columns
#1095: FILE: lustre_compat/fs/crypto/policy.c:463:
+			CWARN("inode %llu: returning policy filenames_encryption_mode as %d, but is in fact null\n",

WARNING:LONG_LINE_STRING: line length of 116 exceeds 100 columns
#1106: FILE: lustre_compat/fs/crypto/policy.c:473:
+			CWARN("inode %llu: returning policy filenames_encryption_mode as %d, but is in fact null\n",

total: 1 errors, 20 warnings, 891 lines checked

NOTE: For some of the reported defects, checkpatch may be able to
      mechanically convert to the typical style using --fix or --fix-inplace.

Your patch has style problems, please review.

NOTE: If any of the errors are false positives, please report
      them to the maintainer, see CHECKPATCH in MAINTAINERS.
