lustre/ec:       loc=507    errors/warnings=444 per_kloc=875.74
  CODE_INDENT                                        221
  LEADING_SPACE                                      213
  AVOID_EXTERNS                                      3
  SPDX_LICENSE_TAG                                   2
  LINE_SPACING                                       2
  BLOCK_COMMENT_STYLE                                2
  BRACES                                             1

lustre/ptlrpc/gss: loc=12499  errors/warnings=2452 per_kloc=196.18
  CODE_INDENT                                        1187
  LEADING_SPACE                                      1141
  LINE_SPACING                                       43
  BLOCK_COMMENT_STYLE                                23
  ASSIGN_IN_IF                                       12
  SPLIT_STRING                                       10
  POINTER_LOCATION                                   8
  TRAILING_WHITESPACE                                4
  SPDX_LICENSE_TAG                                   4
  SPACING                                            4
  STATIC_CONST_CHAR_ARRAY                            2
  REPEATED_WORD                                      2
  NEW_TYPEDEFS                                       2
  MULTILINE_DEREFERENCE                              2
  UNNECESSARY_ELSE                                   1
  TRAILING_SEMICOLON                                 1
  STRNCPY                                            1
  PREFER_DEFINED_ATTRIBUTE_MACRO                     1
  OPEN_BRACE                                         1
  MULTISTATEMENT_MACRO_USE_DO_WHILE                  1
  INCLUDE_LINUX                                      1
  CONSTANT_COMPARISON                                1

lnet/klnds/gnilnd: loc=22772  errors/warnings=939 per_kloc=41.23 
  BLOCK_COMMENT_STYLE                                354
  BRACES                                             122
  SPLIT_STRING                                       92
  NEW_TYPEDEFS                                       70
  LINE_SPACING                                       51
  VSPRINTF_SPECIFIER_PX                              45
  SPACING                                            42
  FUNCTION_ARGUMENTS                                 36
  SUSPECT_CODE_INDENT                                19
  TABSTOP                                            10
  MEMORY_BARRIER                                     9
  MACRO_ARG_UNUSED                                   8
  INITIALISED_STATIC                                 8
  REPEATED_WORD                                      7
  CONST_STRUCT                                       7
  TRAILING_STATEMENTS                                6
  TRAILING_SEMICOLON                                 5
  SINGLE_STATEMENT_DO_WHILE_MACRO                    5
  QUOTED_WHITESPACE_BEFORE_NEWLINE                   5
  OPEN_BRACE                                         4
  VOLATILE                                           3
  UNSPECIFIED_INT                                    3
  UNNECESSARY_ELSE                                   3
  TRAILING_WHITESPACE                                3
  PREFER_SEQ_PUTS                                    2
  INCLUDE_LINUX                                      2
  IF_0                                               2
  EMBEDDED_FUNCTION_NAME                             2
  DEPRECATED_API                                     2
  YIELD                                              1
  USE_NEGATIVE_ERRNO                                 1
  USE_FUNC                                           1
  SSCANF_TO_KSTRTO                                   1
  PREFER_DEFINED_ATTRIBUTE_MACRO                     1
  POINTER_LOCATION                                   1
  ONE_SEMICOLON                                      1
  ENOSYS                                             1
  COMPLEX_MACRO                                      1
  BRACKET_SPACE                                      1
  ASSIGN_IN_IF                                       1
  ALLOC_WITH_MULTIPLY                                1

lnet/libcfs:     loc=3052   errors/warnings=112 per_kloc=36.70 
  CODE_INDENT                                        41
  LEADING_SPACE                                      38
  BLOCK_COMMENT_STYLE                                6
  DEPRECATED_API                                     4
  LOGGING_CONTINUATION                               3
  SYMBOLIC_PERMS                                     2
  PRINTK_RATELIMITED                                 2
  MEMORY_BARRIER                                     2
  LINE_SPACING                                       2
  CONST_STRUCT                                       2
  BRACES                                             2
  TRAILING_STATEMENTS                                1
  TABSTOP                                            1
  SUSPECT_CODE_INDENT                                1
  STRCPY                                             1
  SPACING                                            1
  REPEATED_WORD                                      1
  COMPLEX_MACRO                                      1
  ALLOC_WITH_SIZEOF                                  1

lustre/osd-ldiskfs: loc=28771  errors/warnings=969 per_kloc=33.68 
  CODE_INDENT                                        443
  LEADING_SPACE                                      263
  BLOCK_COMMENT_STYLE                                61
  LINE_SPACING                                       43
  SPLIT_STRING                                       35
  MACRO_ARG_UNUSED                                   22
  UNSPECIFIED_INT                                    17
  CONSTANT_COMPARISON                                14
  SPACING                                            13
  PRINTK_WITHOUT_KERN_LEVEL                          5
  SPACE_BEFORE_TAB                                   4
  BRACES                                             4
  UNNECESSARY_ELSE                                   3
  SINGLE_STATEMENT_DO_WHILE_MACRO                    3
  REPEATED_WORD                                      3
  PREFER_PR_LEVEL                                    3
  OPEN_BRACE                                         3
  NAKED_SSCANF                                       3
  COMPLEX_MACRO                                      3
  TRAILING_WHITESPACE                                2
  SYMBOLIC_PERMS                                     2
  STRNCPY                                            2
  POINTER_LOCATION                                   2
  LIKELY_MISUSE                                      2
  IF_0                                               2
  VSPRINTF_SPECIFIER_PX                              1
  VOLATILE                                           1
  TRAILING_STATEMENTS                                1
  STRCPY                                             1
  RETURN_VOID                                        1
  PREFER_DEFINED_ATTRIBUTE_MACRO                     1
  NR_CPUS                                            1
  NEW_TYPEDEFS                                       1
  MULTILINE_DEREFERENCE                              1
  GLOBAL_INITIALISERS                                1
  ENOSYS                                             1
  ASSIGN_IN_IF                                       1

lustre/quota:    loc=16420  errors/warnings=513 per_kloc=31.24 
  FUNCTION_ARGUMENTS                                 248
  BLOCK_COMMENT_STYLE                                207
  MACRO_ARG_UNUSED                                   27
  VSPRINTF_SPECIFIER_PX                              6
  SPLIT_STRING                                       6
  UNNECESSARY_ELSE                                   5
  SUSPECT_CODE_INDENT                                3
  BRACES                                             3
  STRNCPY                                            2
  STRCPY                                             1
  REPEATED_WORD                                      1
  OPEN_BRACE                                         1
  MULTILINE_DEREFERENCE                              1
  MISORDERED_TYPE                                    1
  EMBEDDED_FUNCTION_NAME                             1

lustre/obdclass: loc=42800  errors/warnings=1313 per_kloc=30.68 
  CODE_INDENT                                        511
  LEADING_SPACE                                      476
  LINE_SPACING                                       74
  BLOCK_COMMENT_STYLE                                72
  SPLIT_STRING                                       28
  UNSPECIFIED_INT                                    24
  PREFER_SEQ_PUTS                                    20
  SPACING                                            14
  VSPRINTF_SPECIFIER_PX                              11
  CONSTANT_COMPARISON                                10
  STRNCPY                                            8
  OPEN_BRACE                                         8
  SYMBOLIC_PERMS                                     7
  REPEATED_WORD                                      4
  MEMORY_BARRIER                                     4
  BRACES                                             4
  STRCPY                                             3
  LIKELY_MISUSE                                      3
  EXPORT_SYMBOL                                      3
  STATIC_CONST_CHAR_ARRAY                            2
  NEEDLESS_IF                                        2
  INITIALISED_STATIC                                 2
  INCLUDE_LINUX                                      2
  DEPRECATED_API                                     2
  CONST_STRUCT                                       2
  WAITQUEUE_ACTIVE                                   1
  USE_FUNC                                           1
  UNNECESSARY_MODIFIER                               1
  UNNECESSARY_ELSE                                   1
  SWITCH_CASE_INDENT_LEVEL                           1
  SUSPECT_CODE_INDENT                                1
  RETURN_VOID                                        1
  PREFER_LORE_ARCHIVE                                1
  POINTER_LOCATION                                   1
  ONE_SEMICOLON                                      1
  NEW_TYPEDEFS                                       1
  MINMAX                                             1
  GLOBAL_INITIALISERS                                1
  ENOSYS                                             1
  EMBEDDED_FUNCTION_NAME                             1
  COMPLEX_MACRO                                      1
  ALLOC_WITH_MULTIPLY                                1

lustre/osc:      loc=14637  errors/warnings=373 per_kloc=25.48 
  CODE_INDENT                                        108
  LEADING_SPACE                                      106
  BLOCK_COMMENT_STYLE                                66
  LINE_SPACING                                       33
  SPLIT_STRING                                       15
  SPACING                                            12
  PREFER_SEQ_PUTS                                    9
  VSPRINTF_SPECIFIER_PX                              5
  WAITQUEUE_ACTIVE                                   4
  UNSPECIFIED_INT                                    3
  MEMORY_BARRIER                                     3
  SIZEOF_PARENTHESIS                                 2
  MACRO_ARG_UNUSED                                   2
  RETURN_VOID                                        1
  INCLUDE_LINUX                                      1
  IF_0                                               1
  DEEP_INDENTATION                                   1
  COMPLEX_MACRO                                      1

lnet/include:    loc=197    errors/warnings=4 per_kloc=20.30 
  SPDX_LICENSE_TAG                                   4

lustre/lod:      loc=23001  errors/warnings=241 per_kloc=10.48 
  LINE_SPACING                                       96
  BLOCK_COMMENT_STYLE                                75
  SPLIT_STRING                                       28
  UNSPECIFIED_INT                                    11
  STRNCPY                                            5
  STRCPY                                             3
  SPACE_BEFORE_TAB                                   3
  FUNCTION_ARGUMENTS                                 3
  SSCANF_TO_KSTRTO                                   2
  SPACING                                            2
  REPEATED_WORD                                      2
  POINTER_LOCATION                                   2
  MACRO_ARG_UNUSED                                   2
  LEADING_SPACE                                      2
  VSPRINTF_SPECIFIER_PX                              1
  RETURN_PARENTHESES                                 1
  QUOTED_WHITESPACE_BEFORE_NEWLINE                   1
  OPEN_BRACE                                         1
  MEMORY_BARRIER                                     1

lustre/ptlrpc:   loc=59930  errors/warnings=590 per_kloc=9.84  
  UNSPECIFIED_INT                                    279
  LINE_SPACING                                       86
  VSPRINTF_SPECIFIER_PX                              35
  BLOCK_COMMENT_STYLE                                29
  MEMORY_BARRIER                                     20
  SPLIT_STRING                                       19
  LEADING_SPACE                                      13
  CODE_INDENT                                        13
  SPACING                                            11
  REPEATED_WORD                                      9
  PREFER_SEQ_PUTS                                    8
  CONSTANT_COMPARISON                                8
  FUNCTION_ARGUMENTS                                 6
  POINTER_LOCATION                                   5
  ENOSYS                                             5
  STATIC_CONST_CHAR_ARRAY                            4
  EMBEDDED_FUNCTION_NAME                             4
  UNNECESSARY_INT                                    3
  MACRO_ARG_UNUSED                                   3
  UNNECESSARY_ELSE                                   2
  TRAILING_WHITESPACE                                2
  STRCPY                                             2
  MISORDERED_TYPE                                    2
  IF_0                                               2
  BRACES                                             2
  TABSTOP                                            1
  SYMBOLIC_PERMS                                     1
  SUSPECT_CODE_INDENT                                1
  STRNCPY                                            1
  PREFER_DEFINED_ATTRIBUTE_MACRO                     1
  OPEN_BRACE                                         1
  MULTILINE_DEREFERENCE                              1
  MSLEEP                                             1
  LINE_CONTINUATIONS                                 1
  LIKELY_MISUSE                                      1
  INITIALISED_STATIC                                 1
  GLOBAL_INITIALISERS                                1
  EXPORT_SYMBOL                                      1
  DEEP_INDENTATION                                   1
  CONST_STRUCT                                       1
  COMPLEX_MACRO                                      1
  AVOID_EXTERNS                                      1
  ASSIGN_IN_IF                                       1

lustre/mdt:      loc=32686  errors/warnings=309 per_kloc=9.45  
  BLOCK_COMMENT_STYLE                                112
  LINE_SPACING                                       71
  SPLIT_STRING                                       62
  STRNCPY                                            10
  LIKELY_MISUSE                                      8
  REPEATED_WORD                                      5
  FUNCTION_ARGUMENTS                                 5
  CONSTANT_COMPARISON                                5
  CODE_INDENT                                        5
  BRACES                                             4
  VSPRINTF_SPECIFIER_PX                              3
  STATIC_CONST_CHAR_ARRAY                            3
  STRCPY                                             2
  SPACING                                            2
  UNNECESSARY_ELSE                                   1
  SYMBOLIC_PERMS                                     1
  SUSPECT_CODE_INDENT                                1
  PREFER_SEQ_PUTS                                    1
  NEW_TYPEDEFS                                       1
  MACRO_ARG_UNUSED                                   1
  LEADING_SPACE                                      1
  INCLUDE_LINUX                                      1
  ENOSYS                                             1
  EMBEDDED_FUNCTION_NAME                             1
  EMBEDDED_FILENAME                                  1
  CONST_STRUCT                                       1

lustre/target:   loc=18924  errors/warnings=162 per_kloc=8.56  
  BLOCK_COMMENT_STYLE                                143
  SPLIT_STRING                                       5
  BRACES                                             3
  STRCPY                                             2
  DEPRECATED_API                                     2
  CONSTANT_COMPARISON                                2
  VSPRINTF_SPECIFIER_PX                              1
  STRNCPY                                            1
  MACRO_ARG_UNUSED                                   1
  LINE_CONTINUATIONS                                 1
  EXPORT_SYMBOL                                      1

lustre/include:  loc=32806  errors/warnings=229 per_kloc=6.98  
  BLOCK_COMMENT_STYLE                                53
  MACRO_ARG_UNUSED                                   51
  FUNCTION_ARGUMENTS                                 44
  REPEATED_WORD                                      26
  CONSTANT_COMPARISON                                9
  SPACING                                            8
  COMPLEX_MACRO                                      7
  TRAILING_SEMICOLON                                 4
  UNSPECIFIED_INT                                    3
  NEW_TYPEDEFS                                       3
  LEADING_SPACE                                      3
  SPACE_BEFORE_TAB                                   2
  PREFER_DEFINED_ATTRIBUTE_MACRO                     2
  POINTER_LOCATION                                   2
  MULTISTATEMENT_MACRO_USE_DO_WHILE                  2
  LINE_SPACING                                       2
  CONST_STRUCT                                       2
  VSPRINTF_SPECIFIER_PX                              1
  PREFER_LORE_ARCHIVE                                1
  MEMORY_BARRIER                                     1
  INDENTED_LABEL                                     1
  EXPORT_SYMBOL                                      1
  CODE_INDENT                                        1

lustre/osp:      loc=14086  errors/warnings=95 per_kloc=6.74  
  BLOCK_COMMENT_STYLE                                81
  VSPRINTF_SPECIFIER_PX                              4
  SUSPECT_CODE_INDENT                                2
  SPLIT_STRING                                       2
  MEMORY_BARRIER                                     2
  STRNCPY                                            1
  FUNCTION_ARGUMENTS                                 1
  ENOSYS                                             1
  EMBEDDED_FUNCTION_NAME                             1

lnet/lnet:       loc=38183  errors/warnings=247 per_kloc=6.47  
  BLOCK_COMMENT_STYLE                                82
  SPLIT_STRING                                       29
  LINE_SPACING                                       29
  UNSPECIFIED_INT                                    13
  SPACING                                            12
  CONST_STRUCT                                       11
  CONSTANT_COMPARISON                                11
  SYMBOLIC_PERMS                                     5
  STRNCPY                                            5
  NEEDLESS_IF                                        5
  MEMORY_BARRIER                                     5
  DEEP_INDENTATION                                   5
  MULTILINE_DEREFERENCE                              4
  COMPLEX_MACRO                                      4
  BRACES                                             4
  STRCPY                                             3
  UNNECESSARY_ELSE                                   2
  REPEATED_WORD                                      2
  INITIALISED_STATIC                                 2
  GLOBAL_INITIALISERS                                2
  TRAILING_WHITESPACE                                1
  TABSTOP                                            1
  SUSPECT_CODE_INDENT                                1
  RETURN_PARENTHESES                                 1
  OPEN_BRACE                                         1
  LEADING_SPACE                                      1
  IF_0                                               1
  EXPORT_SYMBOL                                      1
  CONSIDER_COMPLETION                                1
  AVOID_EXTERNS                                      1
  ASSIGN_IN_IF                                       1
  ALLOC_WITH_SIZEOF                                  1

lustre/ofd:      loc=12917  errors/warnings=69 per_kloc=5.34  
  BLOCK_COMMENT_STYLE                                50
  SPLIT_STRING                                       4
  CONSTANT_COMPARISON                                4
  FUNCTION_ARGUMENTS                                 3
  ALLOC_WITH_SIZEOF                                  3
  UNNECESSARY_ELSE                                   1
  MINMAX                                             1
  LIKELY_MISUSE                                      1
  DEPRECATED_API                                     1
  BRACES                                             1

lustre/mgs:      loc=11490  errors/warnings=45 per_kloc=3.92  
  BLOCK_COMMENT_STYLE                                26
  STRNCPY                                            5
  SUSPECT_CODE_INDENT                                2
  FUNCTION_ARGUMENTS                                 2
  CONSTANT_COMPARISON                                2
  VOLATILE                                           1
  UNNECESSARY_ELSE                                   1
  SPLIT_STRING                                       1
  RETURN_PARENTHESES                                 1
  LIKELY_MISUSE                                      1
  INCLUDE_LINUX                                      1
  IF_0                                               1
  ENOSYS                                             1

lustre/lov:      loc=11991  errors/warnings=45 per_kloc=3.75  
  BLOCK_COMMENT_STYLE                                27
  SPLIT_STRING                                       5
  MULTILINE_DEREFERENCE                              3
  FUNCTION_ARGUMENTS                                 3
  SPACING                                            1
  MULTISTATEMENT_MACRO_USE_DO_WHILE                  1
  INCLUDE_LINUX                                      1
  IF_0                                               1
  EMBEDDED_FUNCTION_NAME                             1
  COMPLEX_MACRO                                      1
  ASSIGN_IN_IF                                       1

lnet/selftest:   loc=10678  errors/warnings=39 per_kloc=3.65  
  FUNCTION_ARGUMENTS                                 12
  BLOCK_COMMENT_STYLE                                12
  SPDX_LICENSE_TAG                                   10
  STRNCPY                                            2
  VSPRINTF_SPECIFIER_PX                              1
  IF_0                                               1
  CONSTANT_COMPARISON                                1

lustre/lmv:      loc=6150   errors/warnings=17 per_kloc=2.76  
  STRNCPY                                            4
  FUNCTION_ARGUMENTS                                 4
  BLOCK_COMMENT_STYLE                                4
  STRCPY                                             2
  SSCANF_TO_KSTRTO                                   2
  VSPRINTF_SPECIFIER_PX                              1

lustre/mdc:      loc=10197  errors/warnings=28 per_kloc=2.75  
  BLOCK_COMMENT_STYLE                                11
  VSPRINTF_SPECIFIER_PX                              4
  MACRO_ARG_UNUSED                                   3
  CONSTANT_COMPARISON                                3
  BRACES                                             2
  UNNECESSARY_ELSE                                   1
  MEMORY_BARRIER                                     1
  LINE_SPACING                                       1
  DEPRECATED_API                                     1
  ASSIGN_IN_IF                                       1

lustre/kunit:    loc=3669   errors/warnings=10 per_kloc=2.73  
  BLOCK_COMMENT_STYLE                                5
  EMBEDDED_FILENAME                                  3
  STRNCPY                                            1
  BRACES                                             1

lustre/llite:    loc=43309  errors/warnings=110 per_kloc=2.54  
  MACRO_ARG_UNUSED                                   22
  SYMBOLIC_PERMS                                     7
  SPLIT_STRING                                       7
  CONSTANT_COMPARISON                                7
  CONST_STRUCT                                       6
  UNSPECIFIED_INT                                    5
  STRNCPY                                            5
  REPEATED_WORD                                      5
  LINE_SPACING                                       5
  VSPRINTF_SPECIFIER_PX                              4
  DEPRECATED_API                                     4
  BLOCK_COMMENT_STYLE                                4
  SPACING                                            3
  BRACES                                             3
  STATIC_CONST_CHAR_ARRAY                            2
  SINGLE_STATEMENT_DO_WHILE_MACRO                    2
  INCLUDE_LINUX                                      2
  ENOSYS                                             2
  COMPLEX_MACRO                                      2
  VOLATILE                                           1
  TRAILING_STATEMENTS                                1
  TRAILING_SEMICOLON                                 1
  SUSPECT_CODE_INDENT                                1
  STRCPY                                             1
  POINTER_LOCATION                                   1
  MSLEEP                                             1
  LINUX_VERSION_CODE                                 1
  LEADING_SPACE                                      1
  FUNCTION_ARGUMENTS                                 1
  EMBEDDED_FUNCTION_NAME                             1
  CONSIDER_KSTRTO                                    1
  ALLOC_WITH_SIZEOF                                  1

lustre/osd-zfs:  loc=14692  errors/warnings=37 per_kloc=2.52  
  MACRO_ARG_UNUSED                                   5
  STRNCPY                                            4
  STRCPY                                             4
  LINE_SPACING                                       4
  TRAILING_WHITESPACE                                2
  SYMBOLIC_PERMS                                     2
  PREFER_DEFINED_ATTRIBUTE_MACRO                     2
  NAKED_SSCANF                                       2
  DEPRECATED_API                                     2
  CONSTANT_COMPARISON                                2
  BLOCK_COMMENT_STYLE                                2
  VSPRINTF_SPECIFIER_PX                              1
  SPLIT_STRING                                       1
  MEMORY_BARRIER                                     1
  LIKELY_MISUSE                                      1
  IF_0                                               1
  BRACES                                             1

lnet/klnds/o2iblnd: loc=9696   errors/warnings=22 per_kloc=2.27  
  MACRO_ARG_UNUSED                                   7
  BLOCK_COMMENT_STYLE                                4
  ENOSYS                                             3
  WAITQUEUE_ACTIVE                                   2
  MEMORY_BARRIER                                     2
  INCLUDE_LINUX                                      2
  VSPRINTF_SPECIFIER_PX                              1
  SUSPECT_CODE_INDENT                                1

lustre/mgc:      loc=3247   errors/warnings=7 per_kloc=2.16  
  EMBEDDED_FUNCTION_NAME                             3
  STRNCPY                                            1
  STRCPY                                             1
  MULTILINE_DEREFERENCE                              1
  LIKELY_MISUSE                                      1

lnet/klnds/socklnd: loc=8098   errors/warnings=17 per_kloc=2.10  
  BLOCK_COMMENT_STYLE                                6
  SPDX_LICENSE_TAG                                   4
  DEPRECATED_API                                     2
  SPLIT_STRING                                       1
  RETURN_VOID                                        1
  OPEN_BRACE                                         1
  MEMORY_BARRIER                                     1
  AVOID_EXTERNS                                      1

lustre/osd-wbcfs: loc=4873   errors/warnings=8 per_kloc=1.64  
  DEPRECATED_API                                     4
  MACRO_ARG_UNUSED                                   3
  STRNCPY                                            1

lustre/ldlm:     loc=20894  errors/warnings=33 per_kloc=1.58  
  BLOCK_COMMENT_STYLE                                8
  BRACES                                             4
  CONSTANT_COMPARISON                                3
  VSPRINTF_SPECIFIER_PX                              2
  NEW_TYPEDEFS                                       2
  MEMORY_BARRIER                                     2
  ENOSYS                                             2
  CONST_STRUCT                                       2
  UNNECESSARY_ELSE                                   1
  TRAILING_STATEMENTS                                1
  SWITCH_CASE_INDENT_LEVEL                           1
  SPLIT_STRING                                       1
  MULTILINE_DEREFERENCE                              1
  EXPORT_SYMBOL                                      1
  EMBEDDED_FUNCTION_NAME                             1
  AVOID_EXTERNS                                      1

lnet/klnds/kfilnd: loc=6688   errors/warnings=8 per_kloc=1.20  
  STRCPY                                             2
  INCLUDE_LINUX                                      2
  VSPRINTF_SPECIFIER_PX                              1
  UNNECESSARY_ELSE                                   1
  IF_0                                               1
  ALLOC_WITH_SIZEOF                                  1

lustre/mdd:      loc=15956  errors/warnings=19 per_kloc=1.19  
  BLOCK_COMMENT_STYLE                                4
  MEMORY_BARRIER                                     3
  LIKELY_MISUSE                                      3
  COMPLEX_MACRO                                      2
  ASSIGN_IN_IF                                       2
  SWITCH_CASE_INDENT_LEVEL                           1
  STRNCPY                                            1
  MULTILINE_DEREFERENCE                              1
  CONST_STRUCT                                       1
  CONSTANT_COMPARISON                                1

lustre/lfsck:    loc=25187  errors/warnings=10 per_kloc=0.40  
  STATIC_CONST_CHAR_ARRAY                            2
  MULTILINE_DEREFERENCE                              2
  UNNECESSARY_ELSE                                   1
  TRAILING_SEMICOLON                                 1
  LINE_CONTINUATIONS                                 1
  LIKELY_MISUSE                                      1
  IF_0                                               1
  BLOCK_COMMENT_STYLE                                1

lustre/fld:      loc=2557   errors/warnings=1 per_kloc=0.39  
  SUSPECT_CODE_INDENT                                1

lustre/obdecho:  loc=3742   errors/warnings=1 per_kloc=0.27  
  LIKELY_MISUSE                                      1

lnet/klnds/efalnd: loc=5786   errors/warnings=1 per_kloc=0.17  
  BRACES                                             1

lustre/fid:      loc=2202   errors/warnings=0 per_kloc=0.00  
==== summary ====
all-of-LNet:     loc=105150 errors/warnings=1389 per_kloc=13.21 
all-of-Lustre:   loc=490140 errors/warnings=8130 per_kloc=16.59 
total:           loc=595290 errors/warnings=9519 per_kloc=15.99 
