CLI: ./podman-ktest --podman-socket unix:///run/podman/podman.sock --shared-filesystem /tmp --tarball-input job lustre-ci --output /var/www/ci-lustre/upstream-patch-review --git-hash a7c513afbb4bc83092fe24c252c51cf2f1450bc6 --change-id 62497_a7c513afbb4bc83092fe24c252c51cf2f1450bc6 --subject LU-7266 ldlm: introduce pressure-based SLV

  Checking /dev/kvm exists... OK
  Checking /dev/kvm permissions... OK
  Creating ccache directory... OK
  Checking ccache directory writable... OK
  Creating package output directory... OK

Environment validated successfully
Creating kernel tarball at /tmp/ktest-kernel.tar.gz...
Creating lustre tarball at /tmp/ktest-lustre.tar.gz...
Creating ZFS tarball at /tmp/ktest-zfs.tar.gz...
Executing 13 jobs
Jobs will start as soon as their dependencies are satisfied
Using tarball input mode

START lustre_mainline_strict build tests/fs/lustre/boot-strict.ktest
START al2023 build tests/fs/lustre/boot.ktest
START u24 build tests/fs/lustre/boot.ktest
START checkpatch tool checkpatch
START lustre_mainline build tests/fs/lustre/boot.ktest
START lustre_mainline_native build tests/fs/lustre/boot.ktest
PUT /tmp/ktest-lustre.tar.gz 1s
PUT /tmp/ktest-lustre.tar.gz 1s
PUT /tmp/ktest-kernel.tar.gz 6s
PUT /tmp/ktest-kernel.tar.gz 6s
PUT /tmp/ktest-kernel.tar.gz 6s
PUT /tmp/ktest-kernel.tar.gz 7s
PUT /tmp/ktest-lustre.tar.gz 2s
PUT /tmp/ktest-lustre.tar.gz 2s
PUT /tmp/ktest-lustre.tar.gz 2s
PUT /tmp/ktest-lustre.tar.gz 2s
PUT /tmp/ktest-zfs.tar.gz 0s
PUT /tmp/ktest-zfs.tar.gz 0s
PUT /tmp/ktest-zfs.tar.gz 0s
END checkpatch tool checkpatch FAIL 13s (exit code: 1)
END al2023 build tests/fs/lustre/boot.ktest PASS 53s
END u24 build tests/fs/lustre/boot.ktest PASS 54s
GET /tmp/ktest_lustre_mainline_native_xnzy8w1v.tar 0s
GET /tmp/ktest_lustre_mainline_qayxlp30.tar 0s
END lustre_mainline_native build tests/fs/lustre/boot.ktest PASS 217s
START boot run tests/fs/lustre/boot.ktest
START llmount run tests/fs/lustre/llmount.ktest
START mgs-setup run tests/fs/lustre/mgs-setup.ktest
START sanity-1 run tests/fs/lustre/sanity/sanity-1.ktest
START sanity-2 run tests/fs/lustre/sanity/sanity-2.ktest
START sanity-3 run tests/fs/lustre/sanity/sanity-3.ktest
START sanity-4 run tests/fs/lustre/sanity/sanity-4.ktest
GET /tmp/ktest_lustre_mainline_strict_lwbe3jte.tar 6s
END lustre_mainline build tests/fs/lustre/boot.ktest PASS 218s
END lustre_mainline_strict build tests/fs/lustre/boot-strict.ktest FAIL 220s (exit code: 1)
PUT /tmp/ktest-kernel.tar.gz 34s
PUT /tmp/ktest-kernel.tar.gz 33s
PUT /tmp/ktest-kernel.tar.gz 33s
PUT /tmp/ktest-kernel.tar.gz 34s
PUT /tmp/ktest-kernel.tar.gz 33s
PUT /tmp/ktest-kernel.tar.gz 34s
PUT /tmp/ktest-kernel.tar.gz 34s
PUT /tmp/ktest-lustre.tar.gz 10s
PUT /tmp/ktest-lustre.tar.gz 10s
PUT /tmp/ktest-lustre.tar.gz 9s
PUT /tmp/ktest-lustre.tar.gz 10s
PUT /tmp/ktest-lustre.tar.gz 10s
PUT /tmp/ktest-lustre.tar.gz 10s
PUT /tmp/ktest-lustre.tar.gz 10s
PUT /tmp/ktest_lustre_mainline_native_xnzy8w1v.tar 1s
PUT /tmp/ktest_lustre_mainline_native_xnzy8w1v.tar 1s
PUT /tmp/ktest_lustre_mainline_native_xnzy8w1v.tar 1s
PUT /tmp/ktest_lustre_mainline_native_xnzy8w1v.tar 1s
PUT /tmp/ktest_lustre_mainline_native_xnzy8w1v.tar 1s
PUT /tmp/ktest_lustre_mainline_native_xnzy8w1v.tar 1s
PUT /tmp/ktest_lustre_mainline_native_xnzy8w1v.tar 1s
END boot run tests/fs/lustre/boot.ktest PASS 90s
END mgs-setup run tests/fs/lustre/mgs-setup.ktest PASS 100s
END sanity-4 run tests/fs/lustre/sanity/sanity-4.ktest PASS 128s
END sanity-2 run tests/fs/lustre/sanity/sanity-2.ktest PASS 129s
END sanity-1 run tests/fs/lustre/sanity/sanity-1.ktest PASS 131s
END sanity-3 run tests/fs/lustre/sanity/sanity-3.ktest PASS 132s
END llmount run tests/fs/lustre/llmount.ktest PASS 140s

============================================================
Final Results:
  checkpatch: FAIL (13s) (log: /var/www/ci-lustre/upstream-patch-review/a7c513afbb4bc83092fe24c252c51cf2f1450bc6_checkpatch.log)
  u24: PASS (54s) (log: /var/www/ci-lustre/upstream-patch-review/a7c513afbb4bc83092fe24c252c51cf2f1450bc6_u24.log)
  al2023: PASS (53s) (log: /var/www/ci-lustre/upstream-patch-review/a7c513afbb4bc83092fe24c252c51cf2f1450bc6_al2023.log)
  lustre_mainline_strict: FAIL (220s) (log: /var/www/ci-lustre/upstream-patch-review/a7c513afbb4bc83092fe24c252c51cf2f1450bc6_lustre_mainline_strict.log)
  lustre_mainline: PASS (218s) (log: /var/www/ci-lustre/upstream-patch-review/a7c513afbb4bc83092fe24c252c51cf2f1450bc6_lustre_mainline.log)
  lustre_mainline_native: PASS (217s) (log: /var/www/ci-lustre/upstream-patch-review/a7c513afbb4bc83092fe24c252c51cf2f1450bc6_lustre_mainline_native.log)
  boot: PASS (90s) (log: /var/www/ci-lustre/upstream-patch-review/a7c513afbb4bc83092fe24c252c51cf2f1450bc6_boot.log)
  llmount: PASS (140s) (log: /var/www/ci-lustre/upstream-patch-review/a7c513afbb4bc83092fe24c252c51cf2f1450bc6_llmount.log)
  mgs-setup: PASS (100s) (log: /var/www/ci-lustre/upstream-patch-review/a7c513afbb4bc83092fe24c252c51cf2f1450bc6_mgs-setup.log)
  sanity-1: PASS (131s) (log: /var/www/ci-lustre/upstream-patch-review/a7c513afbb4bc83092fe24c252c51cf2f1450bc6_sanity-1.log)
  sanity-2: PASS (129s) (log: /var/www/ci-lustre/upstream-patch-review/a7c513afbb4bc83092fe24c252c51cf2f1450bc6_sanity-2.log)
  sanity-3: PASS (132s) (log: /var/www/ci-lustre/upstream-patch-review/a7c513afbb4bc83092fe24c252c51cf2f1450bc6_sanity-3.log)
  sanity-4: PASS (128s) (log: /var/www/ci-lustre/upstream-patch-review/a7c513afbb4bc83092fe24c252c51cf2f1450bc6_sanity-4.log)

Total execution time: 386s
