CLI: ./podman-ktest --podman-socket unix:///run/podman/podman.sock --shared-filesystem /tmp --tarball-input job lustre-ci --output /var/www/ci-lustre/upstream-patch-review --git-hash a828ac01898e469bac46f16442248c8c1feb553e --change-id 58482_a828ac01898e469bac46f16442248c8c1feb553e --subject LU-18839 misc: update MODULE_VERSION strings

  Checking /dev/kvm exists... OK
  Checking /dev/kvm permissions... OK
  Creating ccache directory... OK
  Checking ccache directory writable... OK

Environment validated successfully
Creating kernel tarball at /tmp/ktest-kernel.tar.gz...
Creating lustre tarball at /tmp/ktest-lustre.tar.gz...
Executing 16 jobs
Jobs will start as soon as their dependencies are satisfied
Using tarball input mode

START lustre_mainline_native build tests/fs/lustre/boot.ktest
START lustre_u24 build tests/fs/lustre/boot.ktest
START lustre_mainline_strict build tests/fs/lustre/boot-strict.ktest
START lustre_al2023 build tests/fs/lustre/boot.ktest
START lustre_mainline build tests/fs/lustre/boot.ktest
START checkpatch tool checkpatch
PUT /tmp/ktest-kernel.tar.gz 8s
PUT /tmp/ktest-kernel.tar.gz 8s
PUT /tmp/ktest-kernel.tar.gz 9s
PUT /tmp/ktest-kernel.tar.gz 9s
PUT /tmp/ktest-kernel.tar.gz 9s
PUT /tmp/ktest-kernel.tar.gz 9s
PUT /tmp/ktest-lustre.tar.gz 4s
PUT /tmp/ktest-lustre.tar.gz 5s
PUT /tmp/ktest-lustre.tar.gz 5s
PUT /tmp/ktest-lustre.tar.gz 4s
PUT /tmp/ktest-lustre.tar.gz 5s
PUT /tmp/ktest-lustre.tar.gz 4s
END checkpatch tool checkpatch PASS 16s
END lustre_u24 build tests/fs/lustre/boot.ktest PASS 81s
END lustre_al2023 build tests/fs/lustre/boot.ktest PASS 82s
GET /tmp/ktest_lustre_mainline_strict_0raq3wwf.tar 6s
GET /tmp/ktest_lustre_mainline_1dur_jjs.tar 6s
GET /tmp/ktest_lustre_mainline_native_p_vqyjyl.tar 6s
END lustre_mainline_strict build tests/fs/lustre/boot-strict.ktest FAIL 119s (exit code: 1)
END lustre_mainline_native build tests/fs/lustre/boot.ktest FAIL 120s (exit code: 1)
END lustre_mainline build tests/fs/lustre/boot.ktest FAIL 122s (exit code: 1)

============================================================
Final Results:
  checkpatch: PASS (16s) (log: /var/www/ci-lustre/upstream-patch-review/a828ac01898e469bac46f16442248c8c1feb553e_checkpatch.log)
  lustre_u24: PASS (81s) (log: /var/www/ci-lustre/upstream-patch-review/a828ac01898e469bac46f16442248c8c1feb553e_lustre_u24.log)
  lustre_al2023: PASS (82s) (log: /var/www/ci-lustre/upstream-patch-review/a828ac01898e469bac46f16442248c8c1feb553e_lustre_al2023.log)
  lustre_mainline_strict: FAIL (119s) (log: /var/www/ci-lustre/upstream-patch-review/a828ac01898e469bac46f16442248c8c1feb553e_lustre_mainline_strict.log)
  lustre_mainline: FAIL (122s) (log: /var/www/ci-lustre/upstream-patch-review/a828ac01898e469bac46f16442248c8c1feb553e_lustre_mainline.log)
  lustre_mainline_native: FAIL (120s) (log: /var/www/ci-lustre/upstream-patch-review/a828ac01898e469bac46f16442248c8c1feb553e_lustre_mainline_native.log)
  clang-tidy: SKIPPED (due to dependency failure)
  cc-plugin: SKIPPED (due to dependency failure)
  boot: SKIPPED (due to dependency failure)
  llmount: SKIPPED (due to dependency failure)
  llog-unit: SKIPPED (due to dependency failure)
  mgs-setup: SKIPPED (due to dependency failure)
  sanity-1: SKIPPED (due to dependency failure)
  sanity-2: SKIPPED (due to dependency failure)
  sanity-3: SKIPPED (due to dependency failure)
  sanity-4: SKIPPED (due to dependency failure)

Total execution time: 153s
