CLI: ./podman-ktest --podman-socket unix:///run/podman/podman.sock --shared-filesystem /tmp --tarball-input job lustre-ci --output /var/www/ci-lustre/upstream-patch-review --git-hash a85dce0eb7156c8e13c51e85f778194b2714271f --change-id 62689_a85dce0eb7156c8e13c51e85f778194b2714271f --subject LU-12668 ec: skip holed stripe-sets when resyncing

  Checking /dev/kvm exists... OK
  Checking /dev/kvm permissions... OK
  Creating ccache directory... OK
  Checking ccache directory writable... OK

Environment validated successfully
Creating kernel tarball at /tmp/ktest-kernel.tar.gz...
Creating lustre tarball at /tmp/ktest-lustre.tar.gz...
Executing 16 jobs
Jobs will start as soon as their dependencies are satisfied
Using tarball input mode

START lustre_mainline_native build tests/fs/lustre/boot.ktest
START lustre_mainline_strict build tests/fs/lustre/boot-strict.ktest
START lustre_mainline build tests/fs/lustre/boot.ktest
START u24 build tests/fs/lustre/boot.ktest
START al2023 build tests/fs/lustre/boot.ktest
START checkpatch tool checkpatch
PUT /tmp/ktest-kernel.tar.gz 8s
PUT /tmp/ktest-kernel.tar.gz 8s
PUT /tmp/ktest-kernel.tar.gz 8s
PUT /tmp/ktest-kernel.tar.gz 8s
PUT /tmp/ktest-kernel.tar.gz 8s
PUT /tmp/ktest-kernel.tar.gz 9s
PUT /tmp/ktest-lustre.tar.gz 2s
PUT /tmp/ktest-lustre.tar.gz 2s
PUT /tmp/ktest-lustre.tar.gz 2s
PUT /tmp/ktest-lustre.tar.gz 2s
PUT /tmp/ktest-lustre.tar.gz 2s
PUT /tmp/ktest-lustre.tar.gz 2s
END checkpatch tool checkpatch FAIL 13s (exit code: 1)
END al2023 build tests/fs/lustre/boot.ktest FAIL 68s (exit code: 2)
END u24 build tests/fs/lustre/boot.ktest FAIL 71s (exit code: 2)
GET /tmp/ktest_lustre_mainline_native_c2kixp9w.tar 6s
GET /tmp/ktest_lustre_mainline_strict_n7anh_2m.tar 7s
GET /tmp/ktest_lustre_mainline_x9ikux38.tar 7s
END lustre_mainline_native build tests/fs/lustre/boot.ktest FAIL 116s (exit code: 1)
END lustre_mainline_strict build tests/fs/lustre/boot-strict.ktest FAIL 117s (exit code: 1)
END lustre_mainline build tests/fs/lustre/boot.ktest FAIL 119s (exit code: 1)

============================================================
Final Results:
  checkpatch: FAIL (13s) (log: /var/www/ci-lustre/upstream-patch-review/a85dce0eb7156c8e13c51e85f778194b2714271f_checkpatch.log)
  u24: FAIL (71s) (log: /var/www/ci-lustre/upstream-patch-review/a85dce0eb7156c8e13c51e85f778194b2714271f_u24.log)
  al2023: FAIL (68s) (log: /var/www/ci-lustre/upstream-patch-review/a85dce0eb7156c8e13c51e85f778194b2714271f_al2023.log)
  lustre_mainline_strict: FAIL (117s) (log: /var/www/ci-lustre/upstream-patch-review/a85dce0eb7156c8e13c51e85f778194b2714271f_lustre_mainline_strict.log)
  lustre_mainline: FAIL (119s) (log: /var/www/ci-lustre/upstream-patch-review/a85dce0eb7156c8e13c51e85f778194b2714271f_lustre_mainline.log)
  lustre_mainline_native: FAIL (116s) (log: /var/www/ci-lustre/upstream-patch-review/a85dce0eb7156c8e13c51e85f778194b2714271f_lustre_mainline_native.log)
  clang-tidy: SKIPPED (due to dependency failure)
  cc-plugin: SKIPPED (due to dependency failure)
  boot: SKIPPED (due to dependency failure)
  llmount: SKIPPED (due to dependency failure)
  llog-unit: SKIPPED (due to dependency failure)
  mgs-setup: SKIPPED (due to dependency failure)
  sanity-1: SKIPPED (due to dependency failure)
  sanity-2: SKIPPED (due to dependency failure)
  sanity-3: SKIPPED (due to dependency failure)
  sanity-4: SKIPPED (due to dependency failure)

Total execution time: 150s
