CLI: ./podman-ktest --podman-socket unix:///run/podman/podman.sock --shared-filesystem /tmp --tarball-input job lustre-ci-branch --output /var/www/ci-lustre/upstream-patch-review --git-hash a9ac6028dfca91e5a02d3df0381150a1e255f776 --change-id master_a9ac6028dfca91e5a02d3df0381150a1e255f776 --subject Main development branch

  Checking /dev/kvm exists... OK
  Checking /dev/kvm permissions... OK
  Creating ccache directory... OK
  Checking ccache directory writable... OK

Environment validated successfully
Creating kernel tarball at /tmp/ktest-kernel.tar.gz...
Creating lustre tarball at /tmp/ktest-lustre.tar.gz...
Creating ZFS tarball at /tmp/ktest-zfs.tar.gz...
Executing 17 jobs
Jobs will start as soon as their dependencies are satisfied
Using tarball input mode

START cc-plugin build tests/fs/lustre/boot.ktest
START al2023 build tests/fs/lustre/boot.ktest
START contribution-report tool contributions
START u24 build tests/fs/lustre/boot.ktest
START license-status tool license-status
START lustre_mainline build tests/fs/lustre/boot.ktest
START lustre_mainline_strict build tests/fs/lustre/boot-strict.ktest
START checkpatch-parallel tool checkpatch-parallel
START lustre_mainline_native build tests/fs/lustre/boot.ktest
START kernel-doc tool kernel_doc_helper.sh
PUT /tmp/ktest-lustre.tar.gz 4s
PUT /tmp/ktest-lustre.tar.gz 19s
PUT /tmp/ktest-kernel.tar.gz 31s
PUT /tmp/ktest-kernel.tar.gz 31s
PUT /tmp/ktest-kernel.tar.gz 31s
PUT /tmp/ktest-kernel.tar.gz 31s
PUT /tmp/ktest-kernel.tar.gz 31s
PUT /tmp/ktest-lustre.tar.gz 9s
PUT /tmp/ktest-lustre.tar.gz 25s
PUT /tmp/ktest-kernel.tar.gz 25s
PUT /tmp/ktest-lustre.tar.gz 25s
PUT /tmp/ktest-lustre.tar.gz 25s
PUT /tmp/ktest-lustre.tar.gz 26s
PUT /tmp/ktest-kernel.tar.gz 26s
PUT /tmp/ktest-kernel.tar.gz 26s
PUT /tmp/ktest-zfs.tar.gz 0s
PUT /tmp/ktest-zfs.tar.gz 17s
PUT /tmp/ktest-zfs.tar.gz 0s
PUT /tmp/ktest-lustre.tar.gz 5s
PUT /tmp/ktest-lustre.tar.gz 6s
PUT /tmp/ktest-lustre.tar.gz 5s
END contribution-report tool contributions PASS 268s
PUT /tmp/ktest-zfs.tar.gz 3s
END license-status tool license-status PASS 271s
END kernel-doc tool kernel_doc_helper.sh PASS 274s
END al2023 build tests/fs/lustre/boot.ktest PASS 286s
END u24 build tests/fs/lustre/boot.ktest PASS 381s
END checkpatch-parallel tool checkpatch-parallel PASS 452s
GET /tmp/ktest_lustre_mainline_strict_l1k36goc.tar 6s
END lustre_mainline_strict build tests/fs/lustre/boot-strict.ktest FAIL 757s (exit code: 1)
GET /tmp/ktest_lustre_mainline_native_twyf72qj.tar 0s
END cc-plugin build tests/fs/lustre/boot.ktest PASS 779s
GET /tmp/ktest_lustre_mainline_jlykpvot.tar 3s
END lustre_mainline_native build tests/fs/lustre/boot.ktest PASS 781s
START boot run tests/fs/lustre/boot.ktest
START llmount run tests/fs/lustre/llmount.ktest
START mgs-setup run tests/fs/lustre/mgs-setup.ktest
START sanity-1 run tests/fs/lustre/sanity/sanity-1.ktest
START sanity-2 run tests/fs/lustre/sanity/sanity-2.ktest
START sanity-3 run tests/fs/lustre/sanity/sanity-3.ktest
START sanity-4 run tests/fs/lustre/sanity/sanity-4.ktest
END lustre_mainline build tests/fs/lustre/boot.ktest PASS 782s
PUT /tmp/ktest_lustre_mainline_native_twyf72qj.tar 4s
PUT /tmp/ktest_lustre_mainline_native_twyf72qj.tar 4s
PUT /tmp/ktest_lustre_mainline_native_twyf72qj.tar 4s
PUT /tmp/ktest_lustre_mainline_native_twyf72qj.tar 4s
PUT /tmp/ktest_lustre_mainline_native_twyf72qj.tar 3s
PUT /tmp/ktest_lustre_mainline_native_twyf72qj.tar 3s
PUT /tmp/ktest_lustre_mainline_native_twyf72qj.tar 3s
END boot run tests/fs/lustre/boot.ktest PASS 22s
END mgs-setup run tests/fs/lustre/mgs-setup.ktest PASS 31s
END sanity-1 run tests/fs/lustre/sanity/sanity-1.ktest PASS 44s
END sanity-2 run tests/fs/lustre/sanity/sanity-2.ktest PASS 47s
END sanity-3 run tests/fs/lustre/sanity/sanity-3.ktest PASS 48s
END sanity-4 run tests/fs/lustre/sanity/sanity-4.ktest PASS 57s
END llmount run tests/fs/lustre/llmount.ktest PASS 104s

============================================================
Final Results:
  checkpatch-parallel: PASS (452s) (log: /var/www/ci-lustre/upstream-patch-review/a9ac6028dfca91e5a02d3df0381150a1e255f776_checkpatch-parallel.log)
  contribution-report: PASS (268s) (log: /var/www/ci-lustre/upstream-patch-review/a9ac6028dfca91e5a02d3df0381150a1e255f776_contribution-report.log)
  license-status: PASS (271s) (log: /var/www/ci-lustre/upstream-patch-review/a9ac6028dfca91e5a02d3df0381150a1e255f776_license-status.log)
  kernel-doc: PASS (274s) (log: /var/www/ci-lustre/upstream-patch-review/a9ac6028dfca91e5a02d3df0381150a1e255f776_kernel-doc.log)
  u24: PASS (381s) (log: /var/www/ci-lustre/upstream-patch-review/a9ac6028dfca91e5a02d3df0381150a1e255f776_u24.log)
  al2023: PASS (286s) (log: /var/www/ci-lustre/upstream-patch-review/a9ac6028dfca91e5a02d3df0381150a1e255f776_al2023.log)
  lustre_mainline_strict: FAIL (757s) (log: /var/www/ci-lustre/upstream-patch-review/a9ac6028dfca91e5a02d3df0381150a1e255f776_lustre_mainline_strict.log)
  lustre_mainline: PASS (782s) (log: /var/www/ci-lustre/upstream-patch-review/a9ac6028dfca91e5a02d3df0381150a1e255f776_lustre_mainline.log)
  lustre_mainline_native: PASS (781s) (log: /var/www/ci-lustre/upstream-patch-review/a9ac6028dfca91e5a02d3df0381150a1e255f776_lustre_mainline_native.log)
  cc-plugin: PASS (779s) (log: /var/www/ci-lustre/upstream-patch-review/a9ac6028dfca91e5a02d3df0381150a1e255f776_cc-plugin.log)
  boot: PASS (22s) (log: /var/www/ci-lustre/upstream-patch-review/a9ac6028dfca91e5a02d3df0381150a1e255f776_boot.log)
  llmount: PASS (104s) (log: /var/www/ci-lustre/upstream-patch-review/a9ac6028dfca91e5a02d3df0381150a1e255f776_llmount.log)
  mgs-setup: PASS (31s) (log: /var/www/ci-lustre/upstream-patch-review/a9ac6028dfca91e5a02d3df0381150a1e255f776_mgs-setup.log)
  sanity-1: PASS (44s) (log: /var/www/ci-lustre/upstream-patch-review/a9ac6028dfca91e5a02d3df0381150a1e255f776_sanity-1.log)
  sanity-2: PASS (47s) (log: /var/www/ci-lustre/upstream-patch-review/a9ac6028dfca91e5a02d3df0381150a1e255f776_sanity-2.log)
  sanity-3: PASS (48s) (log: /var/www/ci-lustre/upstream-patch-review/a9ac6028dfca91e5a02d3df0381150a1e255f776_sanity-3.log)
  sanity-4: PASS (57s) (log: /var/www/ci-lustre/upstream-patch-review/a9ac6028dfca91e5a02d3df0381150a1e255f776_sanity-4.log)

Total execution time: 915s
