CLI: ./podman-ktest --podman-socket unix:///run/podman/podman.sock --shared-filesystem /tmp --tarball-input job lustre-ci --output /var/www/ci-lustre/upstream-patch-review --git-hash a9e4a0e900d873d46096f267a79677171b671bb6 --change-id 65603_a9e4a0e900d873d46096f267a79677171b671bb6 --subject LU-17238 llite: track validity of cached lli_posix_acl

  Checking /dev/kvm exists... OK
  Checking /dev/kvm permissions... OK
  Creating ccache directory... OK
  Checking ccache directory writable... OK

Environment validated successfully
Creating kernel tarball at /tmp/ktest-kernel.tar.gz...
Creating lustre tarball at /tmp/ktest-lustre.tar.gz...
Creating ZFS tarball at /tmp/ktest-zfs.tar.gz...
Executing 15 jobs
Jobs will start as soon as their dependencies are satisfied
Using tarball input mode

START u24 build tests/fs/lustre/boot.ktest
START lustre_mainline_strict build tests/fs/lustre/boot-strict.ktest
START checkpatch tool checkpatch
START lustre_mainline build tests/fs/lustre/boot.ktest
START lustre_mainline_native build tests/fs/lustre/boot.ktest
START al2023 build tests/fs/lustre/boot.ktest
PUT /tmp/ktest-lustre.tar.gz 1s
PUT /tmp/ktest-lustre.tar.gz 1s
PUT /tmp/ktest-kernel.tar.gz 6s
PUT /tmp/ktest-kernel.tar.gz 6s
PUT /tmp/ktest-kernel.tar.gz 6s
PUT /tmp/ktest-kernel.tar.gz 6s
PUT /tmp/ktest-lustre.tar.gz 1s
PUT /tmp/ktest-lustre.tar.gz 1s
PUT /tmp/ktest-lustre.tar.gz 1s
PUT /tmp/ktest-lustre.tar.gz 1s
PUT /tmp/ktest-zfs.tar.gz 0s
PUT /tmp/ktest-zfs.tar.gz 0s
PUT /tmp/ktest-zfs.tar.gz 0s
END checkpatch tool checkpatch PASS 9s
END al2023 build tests/fs/lustre/boot.ktest PASS 69s
END u24 build tests/fs/lustre/boot.ktest PASS 74s
GET /tmp/ktest_lustre_mainline_strict_ju70ehkx.tar 5s
END lustre_mainline_strict build tests/fs/lustre/boot-strict.ktest FAIL 142s (exit code: 1)
GET /tmp/ktest_lustre_mainline_4kdz54e5.tar 5s
GET /tmp/ktest_lustre_mainline_native_l7wt8_fu.tar 3s
END lustre_mainline build tests/fs/lustre/boot.ktest PASS 148s
END lustre_mainline_native build tests/fs/lustre/boot.ktest PASS 150s
START clang-tidy tool clang-tidy
START cc-plugin tool cc-plugin
START boot run tests/fs/lustre/boot.ktest
START llmount run tests/fs/lustre/llmount.ktest
START mgs-setup run tests/fs/lustre/mgs-setup.ktest
START sanity-1 run tests/fs/lustre/sanity/sanity-1.ktest
START sanity-2 run tests/fs/lustre/sanity/sanity-2.ktest
START sanity-3 run tests/fs/lustre/sanity/sanity-3.ktest
START sanity-4 run tests/fs/lustre/sanity/sanity-4.ktest
PUT /tmp/ktest-kernel.tar.gz 39s
PUT /tmp/ktest_lustre_mainline_native_l7wt8_fu.tar 51s
PUT /tmp/ktest_lustre_mainline_native_l7wt8_fu.tar 51s
PUT /tmp/ktest_lustre_mainline_native_l7wt8_fu.tar 50s
PUT /tmp/ktest_lustre_mainline_native_l7wt8_fu.tar 50s
PUT /tmp/ktest_lustre_mainline_native_l7wt8_fu.tar 51s
PUT /tmp/ktest-kernel.tar.gz 51s
PUT /tmp/ktest_lustre_mainline_native_l7wt8_fu.tar 51s
PUT /tmp/ktest_lustre_mainline_native_l7wt8_fu.tar 51s
PUT /tmp/ktest-lustre.tar.gz 90s
PUT /tmp/ktest-lustre.tar.gz 86s
PUT /tmp/ktest_lustre_mainline_native_l7wt8_fu.tar 13s
PUT /tmp/ktest_lustre_mainline_native_l7wt8_fu.tar 21s
END boot run tests/fs/lustre/boot.ktest PASS 153s
END cc-plugin tool cc-plugin FAIL 155s (exit code: 127)
END mgs-setup run tests/fs/lustre/mgs-setup.ktest PASS 163s
END clang-tidy tool clang-tidy PASS 174s
END sanity-4 run tests/fs/lustre/sanity/sanity-4.ktest PASS 185s
END sanity-1 run tests/fs/lustre/sanity/sanity-1.ktest PASS 186s
END sanity-2 run tests/fs/lustre/sanity/sanity-2.ktest PASS 187s
END sanity-3 run tests/fs/lustre/sanity/sanity-3.ktest PASS 189s
END llmount run tests/fs/lustre/llmount.ktest PASS 247s

============================================================
Final Results:
  checkpatch: PASS (9s) (log: /var/www/ci-lustre/upstream-patch-review/a9e4a0e900d873d46096f267a79677171b671bb6_checkpatch.log)
  u24: PASS (74s) (log: /var/www/ci-lustre/upstream-patch-review/a9e4a0e900d873d46096f267a79677171b671bb6_u24.log)
  al2023: PASS (69s) (log: /var/www/ci-lustre/upstream-patch-review/a9e4a0e900d873d46096f267a79677171b671bb6_al2023.log)
  lustre_mainline_strict: FAIL (142s) (log: /var/www/ci-lustre/upstream-patch-review/a9e4a0e900d873d46096f267a79677171b671bb6_lustre_mainline_strict.log)
  lustre_mainline: PASS (148s) (log: /var/www/ci-lustre/upstream-patch-review/a9e4a0e900d873d46096f267a79677171b671bb6_lustre_mainline.log)
  lustre_mainline_native: PASS (150s) (log: /var/www/ci-lustre/upstream-patch-review/a9e4a0e900d873d46096f267a79677171b671bb6_lustre_mainline_native.log)
  clang-tidy: PASS (174s) (log: /var/www/ci-lustre/upstream-patch-review/a9e4a0e900d873d46096f267a79677171b671bb6_clang-tidy.log)
  cc-plugin: FAIL (155s) (log: /var/www/ci-lustre/upstream-patch-review/a9e4a0e900d873d46096f267a79677171b671bb6_cc-plugin.log)
  boot: PASS (153s) (log: /var/www/ci-lustre/upstream-patch-review/a9e4a0e900d873d46096f267a79677171b671bb6_boot.log)
  llmount: PASS (247s) (log: /var/www/ci-lustre/upstream-patch-review/a9e4a0e900d873d46096f267a79677171b671bb6_llmount.log)
  mgs-setup: PASS (163s) (log: /var/www/ci-lustre/upstream-patch-review/a9e4a0e900d873d46096f267a79677171b671bb6_mgs-setup.log)
  sanity-1: PASS (186s) (log: /var/www/ci-lustre/upstream-patch-review/a9e4a0e900d873d46096f267a79677171b671bb6_sanity-1.log)
  sanity-2: PASS (187s) (log: /var/www/ci-lustre/upstream-patch-review/a9e4a0e900d873d46096f267a79677171b671bb6_sanity-2.log)
  sanity-3: PASS (189s) (log: /var/www/ci-lustre/upstream-patch-review/a9e4a0e900d873d46096f267a79677171b671bb6_sanity-3.log)
  sanity-4: PASS (185s) (log: /var/www/ci-lustre/upstream-patch-review/a9e4a0e900d873d46096f267a79677171b671bb6_sanity-4.log)

Total execution time: 428s
Deleted orphaned log file: 6f7b503e946f7157f0c7c79c93c9cd9b33977ee2_lustre_mainline_strict.log
Deleted orphaned log file: 6f7b503e946f7157f0c7c79c93c9cd9b33977ee2_lustre_mainline.log
Deleted orphaned log file: 6f7b503e946f7157f0c7c79c93c9cd9b33977ee2_llmount.log
Deleted orphaned log file: 6f7b503e946f7157f0c7c79c93c9cd9b33977ee2_sanity-2.log
Deleted orphaned log file: 6f7b503e946f7157f0c7c79c93c9cd9b33977ee2_mgs-setup.log
Deleted orphaned log file: 6f7b503e946f7157f0c7c79c93c9cd9b33977ee2_clang-tidy.log
Deleted orphaned log file: 6f7b503e946f7157f0c7c79c93c9cd9b33977ee2_boot.log
Deleted orphaned log file: 6f7b503e946f7157f0c7c79c93c9cd9b33977ee2_sanity-3.log
Deleted orphaned log file: 6f7b503e946f7157f0c7c79c93c9cd9b33977ee2_al2023.log
Deleted orphaned log file: 6f7b503e946f7157f0c7c79c93c9cd9b33977ee2_u24.log
Deleted orphaned log file: 6f7b503e946f7157f0c7c79c93c9cd9b33977ee2_cc-plugin.log
Deleted orphaned log file: 6f7b503e946f7157f0c7c79c93c9cd9b33977ee2_sanity-4.log
Deleted orphaned log file: 6f7b503e946f7157f0c7c79c93c9cd9b33977ee2_lustre_mainline_native.log
Deleted orphaned log file: 6f7b503e946f7157f0c7c79c93c9cd9b33977ee2_sanity-1.log
Deleted orphaned log file: 6f7b503e946f7157f0c7c79c93c9cd9b33977ee2_checkpatch.log
Deleted orphaned log file: 6f7b503e946f7157f0c7c79c93c9cd9b33977ee2_execution.log
Cleanup complete: deleted 16 orphaned log files
