CLI: ./podman-ktest --podman-socket unix:///run/podman/podman.sock --shared-filesystem /tmp --tarball-input job lustre-ci --output /var/www/ci-lustre/upstream-patch-review --git-hash aaba11876e62ecf528723225962a5381999c9405 --change-id 62483_aaba11876e62ecf528723225962a5381999c9405 --subject LU-19527 lfs: fix resync with nosync+stale components

  Checking /dev/kvm exists... OK
  Checking /dev/kvm permissions... OK
  Creating ccache directory... OK
  Checking ccache directory writable... OK

Environment validated successfully
Creating kernel tarball at /tmp/ktest-kernel.tar.gz...
Creating lustre tarball at /tmp/ktest-lustre.tar.gz...
Executing 16 jobs
Jobs will start as soon as their dependencies are satisfied
Using tarball input mode

START lustre_u24 build tests/fs/lustre/boot.ktest
START lustre_al2023 build tests/fs/lustre/boot.ktest
START lustre_mainline build tests/fs/lustre/boot.ktest
START lustre_mainline_native build tests/fs/lustre/boot.ktest
START lustre_mainline_strict build tests/fs/lustre/boot-strict.ktest
START checkpatch tool checkpatch
PUT /tmp/ktest-kernel.tar.gz 12s
PUT /tmp/ktest-kernel.tar.gz 12s
PUT /tmp/ktest-kernel.tar.gz 12s
PUT /tmp/ktest-kernel.tar.gz 13s
PUT /tmp/ktest-kernel.tar.gz 13s
PUT /tmp/ktest-kernel.tar.gz 13s
PUT /tmp/ktest-lustre.tar.gz 7s
PUT /tmp/ktest-lustre.tar.gz 7s
PUT /tmp/ktest-lustre.tar.gz 7s
PUT /tmp/ktest-lustre.tar.gz 7s
PUT /tmp/ktest-lustre.tar.gz 7s
PUT /tmp/ktest-lustre.tar.gz 7s
END checkpatch tool checkpatch PASS 23s
END lustre_al2023 build tests/fs/lustre/boot.ktest PASS 84s
END lustre_u24 build tests/fs/lustre/boot.ktest PASS 86s
GET /tmp/ktest_lustre_mainline_strict_u64emn0w.tar 4s
END lustre_mainline_strict build tests/fs/lustre/boot-strict.ktest FAIL 137s (exit code: 1)
GET /tmp/ktest_lustre_mainline_native_cz12im8o.tar 3s
GET /tmp/ktest_lustre_mainline_he2a41t9.tar 3s
END lustre_mainline_native build tests/fs/lustre/boot.ktest PASS 158s
START clang-tidy tool clang-tidy
START cc-plugin tool cc-plugin
START boot run tests/fs/lustre/boot.ktest
START llmount run tests/fs/lustre/llmount.ktest
START llog-unit run tests/fs/lustre/llog-unit.ktest
START mgs-setup run tests/fs/lustre/mgs-setup.ktest
START sanity-1 run tests/fs/lustre/sanity/sanity-1.ktest
START sanity-2 run tests/fs/lustre/sanity/sanity-2.ktest
START sanity-3 run tests/fs/lustre/sanity/sanity-3.ktest
START sanity-4 run tests/fs/lustre/sanity/sanity-4.ktest
END lustre_mainline build tests/fs/lustre/boot.ktest PASS 160s
PUT /tmp/ktest-kernel.tar.gz 33s
PUT /tmp/ktest_lustre_mainline_native_cz12im8o.tar 38s
PUT /tmp/ktest_lustre_mainline_native_cz12im8o.tar 38s
PUT /tmp/ktest_lustre_mainline_native_cz12im8o.tar 39s
PUT /tmp/ktest_lustre_mainline_native_cz12im8o.tar 38s
PUT /tmp/ktest_lustre_mainline_native_cz12im8o.tar 38s
PUT /tmp/ktest_lustre_mainline_native_cz12im8o.tar 38s
PUT /tmp/ktest_lustre_mainline_native_cz12im8o.tar 39s
PUT /tmp/ktest_lustre_mainline_native_cz12im8o.tar 39s
PUT /tmp/ktest-kernel.tar.gz 39s
PUT /tmp/ktest-lustre.tar.gz 67s
PUT /tmp/ktest-lustre.tar.gz 73s
PUT /tmp/ktest_lustre_mainline_native_cz12im8o.tar 19s
PUT /tmp/ktest_lustre_mainline_native_cz12im8o.tar 19s
END cc-plugin tool cc-plugin FAIL 131s (exit code: 127)
END sanity-3 run tests/fs/lustre/sanity/sanity-3.ktest PASS 135s
END boot run tests/fs/lustre/boot.ktest PASS 149s
END clang-tidy tool clang-tidy PASS 150s
END mgs-setup run tests/fs/lustre/mgs-setup.ktest PASS 157s
END sanity-4 run tests/fs/lustre/sanity/sanity-4.ktest PASS 173s
END sanity-2 run tests/fs/lustre/sanity/sanity-2.ktest PASS 179s
END sanity-1 run tests/fs/lustre/sanity/sanity-1.ktest PASS 190s
END llog-unit run tests/fs/lustre/llog-unit.ktest PASS 195s
END llmount run tests/fs/lustre/llmount.ktest PASS 213s

============================================================
Final Results:
  checkpatch: PASS (23s) (log: /var/www/ci-lustre/upstream-patch-review/aaba11876e62ecf528723225962a5381999c9405_checkpatch.log)
  lustre_u24: PASS (86s) (log: /var/www/ci-lustre/upstream-patch-review/aaba11876e62ecf528723225962a5381999c9405_lustre_u24.log)
  lustre_al2023: PASS (84s) (log: /var/www/ci-lustre/upstream-patch-review/aaba11876e62ecf528723225962a5381999c9405_lustre_al2023.log)
  lustre_mainline_strict: FAIL (137s) (log: /var/www/ci-lustre/upstream-patch-review/aaba11876e62ecf528723225962a5381999c9405_lustre_mainline_strict.log)
  lustre_mainline: PASS (160s) (log: /var/www/ci-lustre/upstream-patch-review/aaba11876e62ecf528723225962a5381999c9405_lustre_mainline.log)
  lustre_mainline_native: PASS (158s) (log: /var/www/ci-lustre/upstream-patch-review/aaba11876e62ecf528723225962a5381999c9405_lustre_mainline_native.log)
  clang-tidy: PASS (150s) (log: /var/www/ci-lustre/upstream-patch-review/aaba11876e62ecf528723225962a5381999c9405_clang-tidy.log)
  cc-plugin: FAIL (131s) (log: /var/www/ci-lustre/upstream-patch-review/aaba11876e62ecf528723225962a5381999c9405_cc-plugin.log)
  boot: PASS (149s) (log: /var/www/ci-lustre/upstream-patch-review/aaba11876e62ecf528723225962a5381999c9405_boot.log)
  llmount: PASS (213s) (log: /var/www/ci-lustre/upstream-patch-review/aaba11876e62ecf528723225962a5381999c9405_llmount.log)
  llog-unit: PASS (195s) (log: /var/www/ci-lustre/upstream-patch-review/aaba11876e62ecf528723225962a5381999c9405_llog-unit.log)
  mgs-setup: PASS (157s) (log: /var/www/ci-lustre/upstream-patch-review/aaba11876e62ecf528723225962a5381999c9405_mgs-setup.log)
  sanity-1: PASS (190s) (log: /var/www/ci-lustre/upstream-patch-review/aaba11876e62ecf528723225962a5381999c9405_sanity-1.log)
  sanity-2: PASS (179s) (log: /var/www/ci-lustre/upstream-patch-review/aaba11876e62ecf528723225962a5381999c9405_sanity-2.log)
  sanity-3: PASS (135s) (log: /var/www/ci-lustre/upstream-patch-review/aaba11876e62ecf528723225962a5381999c9405_sanity-3.log)
  sanity-4: PASS (173s) (log: /var/www/ci-lustre/upstream-patch-review/aaba11876e62ecf528723225962a5381999c9405_sanity-4.log)

Total execution time: 401s
