CLI: ./podman-ktest --podman-socket unix:///run/podman/podman.sock --shared-filesystem /tmp --tarball-input job lustre-ci --output /var/www/ci-lustre/upstream-patch-review --git-hash aadec16137d375ec00eb87702fbbab42b9c76a4b --change-id 62591_aadec16137d375ec00eb87702fbbab42b9c76a4b --subject LU-8229 ssk: support adding multiple similar server keys

  Checking /dev/kvm exists... OK
  Checking /dev/kvm permissions... OK
  Creating ccache directory... OK
  Checking ccache directory writable... OK
  Creating package output directory... OK

Environment validated successfully
Creating kernel tarball at /tmp/ktest-kernel.tar.gz...
Creating lustre tarball at /tmp/ktest-lustre.tar.gz...
Creating ZFS tarball at /tmp/ktest-zfs.tar.gz...
Executing 13 jobs
Jobs will start as soon as their dependencies are satisfied
Using tarball input mode

START checkpatch tool checkpatch
START lustre_mainline build tests/fs/lustre/boot.ktest
START al2023 build tests/fs/lustre/boot.ktest
START lustre_mainline_strict build tests/fs/lustre/boot-strict.ktest
START lustre_mainline_native build tests/fs/lustre/boot.ktest
START u24 build tests/fs/lustre/boot.ktest
PUT /tmp/ktest-lustre.tar.gz 1s
PUT /tmp/ktest-lustre.tar.gz 1s
PUT /tmp/ktest-kernel.tar.gz 6s
PUT /tmp/ktest-kernel.tar.gz 6s
PUT /tmp/ktest-kernel.tar.gz 6s
PUT /tmp/ktest-kernel.tar.gz 6s
PUT /tmp/ktest-lustre.tar.gz 1s
PUT /tmp/ktest-lustre.tar.gz 1s
PUT /tmp/ktest-lustre.tar.gz 1s
PUT /tmp/ktest-lustre.tar.gz 1s
PUT /tmp/ktest-zfs.tar.gz 0s
PUT /tmp/ktest-zfs.tar.gz 0s
PUT /tmp/ktest-zfs.tar.gz 0s
END checkpatch tool checkpatch FAIL 10s (exit code: 1)
END al2023 build tests/fs/lustre/boot.ktest PASS 62s
END u24 build tests/fs/lustre/boot.ktest PASS 65s
GET /tmp/ktest_lustre_mainline_strict_0z0qq9bf.tar 5s
END lustre_mainline_strict build tests/fs/lustre/boot-strict.ktest FAIL 137s (exit code: 1)
GET /tmp/ktest_lustre_mainline_native_bto9lpaj.tar 0s
GET /tmp/ktest_lustre_mainline_rb656206.tar 0s
END lustre_mainline_native build tests/fs/lustre/boot.ktest PASS 153s
START boot run tests/fs/lustre/boot.ktest
START llmount run tests/fs/lustre/llmount.ktest
START mgs-setup run tests/fs/lustre/mgs-setup.ktest
START sanity-1 run tests/fs/lustre/sanity/sanity-1.ktest
START sanity-2 run tests/fs/lustre/sanity/sanity-2.ktest
START sanity-3 run tests/fs/lustre/sanity/sanity-3.ktest
START sanity-4 run tests/fs/lustre/sanity/sanity-4.ktest
END lustre_mainline build tests/fs/lustre/boot.ktest PASS 154s
PUT /tmp/ktest-kernel.tar.gz 27s
PUT /tmp/ktest-kernel.tar.gz 27s
PUT /tmp/ktest-kernel.tar.gz 27s
PUT /tmp/ktest-kernel.tar.gz 27s
PUT /tmp/ktest-kernel.tar.gz 28s
PUT /tmp/ktest-kernel.tar.gz 28s
PUT /tmp/ktest-kernel.tar.gz 28s
PUT /tmp/ktest-lustre.tar.gz 7s
PUT /tmp/ktest-lustre.tar.gz 7s
PUT /tmp/ktest-lustre.tar.gz 7s
PUT /tmp/ktest-lustre.tar.gz 8s
PUT /tmp/ktest-lustre.tar.gz 7s
PUT /tmp/ktest-lustre.tar.gz 7s
PUT /tmp/ktest-lustre.tar.gz 7s
PUT /tmp/ktest_lustre_mainline_native_bto9lpaj.tar 0s
PUT /tmp/ktest_lustre_mainline_native_bto9lpaj.tar 1s
PUT /tmp/ktest_lustre_mainline_native_bto9lpaj.tar 1s
PUT /tmp/ktest_lustre_mainline_native_bto9lpaj.tar 1s
PUT /tmp/ktest_lustre_mainline_native_bto9lpaj.tar 1s
PUT /tmp/ktest_lustre_mainline_native_bto9lpaj.tar 1s
PUT /tmp/ktest_lustre_mainline_native_bto9lpaj.tar 1s
END boot run tests/fs/lustre/boot.ktest PASS 137s
END mgs-setup run tests/fs/lustre/mgs-setup.ktest PASS 148s
END sanity-1 run tests/fs/lustre/sanity/sanity-1.ktest PASS 175s
END sanity-4 run tests/fs/lustre/sanity/sanity-4.ktest PASS 176s
END sanity-2 run tests/fs/lustre/sanity/sanity-2.ktest PASS 177s
END llmount run tests/fs/lustre/llmount.ktest PASS 186s
END sanity-3 run tests/fs/lustre/sanity/sanity-3.ktest PASS 196s

============================================================
Final Results:
  checkpatch: FAIL (10s) (log: /var/www/ci-lustre/upstream-patch-review/aadec16137d375ec00eb87702fbbab42b9c76a4b_checkpatch.log)
  u24: PASS (65s) (log: /var/www/ci-lustre/upstream-patch-review/aadec16137d375ec00eb87702fbbab42b9c76a4b_u24.log)
  al2023: PASS (62s) (log: /var/www/ci-lustre/upstream-patch-review/aadec16137d375ec00eb87702fbbab42b9c76a4b_al2023.log)
  lustre_mainline_strict: FAIL (137s) (log: /var/www/ci-lustre/upstream-patch-review/aadec16137d375ec00eb87702fbbab42b9c76a4b_lustre_mainline_strict.log)
  lustre_mainline: PASS (154s) (log: /var/www/ci-lustre/upstream-patch-review/aadec16137d375ec00eb87702fbbab42b9c76a4b_lustre_mainline.log)
  lustre_mainline_native: PASS (153s) (log: /var/www/ci-lustre/upstream-patch-review/aadec16137d375ec00eb87702fbbab42b9c76a4b_lustre_mainline_native.log)
  boot: PASS (137s) (log: /var/www/ci-lustre/upstream-patch-review/aadec16137d375ec00eb87702fbbab42b9c76a4b_boot.log)
  llmount: PASS (186s) (log: /var/www/ci-lustre/upstream-patch-review/aadec16137d375ec00eb87702fbbab42b9c76a4b_llmount.log)
  mgs-setup: PASS (148s) (log: /var/www/ci-lustre/upstream-patch-review/aadec16137d375ec00eb87702fbbab42b9c76a4b_mgs-setup.log)
  sanity-1: PASS (175s) (log: /var/www/ci-lustre/upstream-patch-review/aadec16137d375ec00eb87702fbbab42b9c76a4b_sanity-1.log)
  sanity-2: PASS (177s) (log: /var/www/ci-lustre/upstream-patch-review/aadec16137d375ec00eb87702fbbab42b9c76a4b_sanity-2.log)
  sanity-3: PASS (196s) (log: /var/www/ci-lustre/upstream-patch-review/aadec16137d375ec00eb87702fbbab42b9c76a4b_sanity-3.log)
  sanity-4: PASS (176s) (log: /var/www/ci-lustre/upstream-patch-review/aadec16137d375ec00eb87702fbbab42b9c76a4b_sanity-4.log)

Total execution time: 378s
