CLI: ./podman-ktest --podman-socket unix:///run/podman/podman.sock --shared-filesystem /tmp --tarball-input job lustre-ci --output /var/www/ci-lustre/upstream-patch-review --git-hash ab97ecb3d40c884cf90ca0331a303c2bc804f104 --change-id 64247_ab97ecb3d40c884cf90ca0331a303c2bc804f104 --subject LU-13594 obdclass: Improve OOM Message

  Checking /dev/kvm exists... OK
  Checking /dev/kvm permissions... OK
  Creating ccache directory... OK
  Checking ccache directory writable... OK

Environment validated successfully
Creating kernel tarball at /tmp/ktest-kernel.tar.gz...
Creating lustre tarball at /tmp/ktest-lustre.tar.gz...
Executing 16 jobs
Jobs will start as soon as their dependencies are satisfied
Using tarball input mode

START lustre_al2023 build tests/fs/lustre/boot.ktest
START lustre_mainline_strict build tests/fs/lustre/boot-strict.ktest
START lustre_u24 build tests/fs/lustre/boot.ktest
START checkpatch tool checkpatch
START lustre_mainline build tests/fs/lustre/boot.ktest
START lustre_mainline_native build tests/fs/lustre/boot.ktest
PUT /tmp/ktest-kernel.tar.gz 14s
PUT /tmp/ktest-kernel.tar.gz 14s
PUT /tmp/ktest-kernel.tar.gz 15s
PUT /tmp/ktest-kernel.tar.gz 15s
PUT /tmp/ktest-kernel.tar.gz 15s
PUT /tmp/ktest-kernel.tar.gz 15s
PUT /tmp/ktest-lustre.tar.gz 5s
PUT /tmp/ktest-lustre.tar.gz 6s
PUT /tmp/ktest-lustre.tar.gz 5s
PUT /tmp/ktest-lustre.tar.gz 5s
PUT /tmp/ktest-lustre.tar.gz 6s
PUT /tmp/ktest-lustre.tar.gz 6s
END checkpatch tool checkpatch PASS 24s
END lustre_u24 build tests/fs/lustre/boot.ktest PASS 85s
END lustre_al2023 build tests/fs/lustre/boot.ktest PASS 87s
GET /tmp/ktest_lustre_mainline_strict_azaffbpe.tar 4s
END lustre_mainline_strict build tests/fs/lustre/boot-strict.ktest FAIL 124s (exit code: 1)
GET /tmp/ktest_lustre_mainline_gn7fkdm7.tar 3s
GET /tmp/ktest_lustre_mainline_native_m8rznv2q.tar 3s
END lustre_mainline build tests/fs/lustre/boot.ktest PASS 137s
END lustre_mainline_native build tests/fs/lustre/boot.ktest PASS 139s
START clang-tidy tool clang-tidy
START cc-plugin tool cc-plugin
START boot run tests/fs/lustre/boot.ktest
START llmount run tests/fs/lustre/llmount.ktest
START llog-unit run tests/fs/lustre/llog-unit.ktest
START mgs-setup run tests/fs/lustre/mgs-setup.ktest
START sanity-1 run tests/fs/lustre/sanity/sanity-1.ktest
START sanity-2 run tests/fs/lustre/sanity/sanity-2.ktest
START sanity-3 run tests/fs/lustre/sanity/sanity-3.ktest
START sanity-4 run tests/fs/lustre/sanity/sanity-4.ktest
PUT /tmp/ktest-kernel.tar.gz 23s
PUT /tmp/ktest_lustre_mainline_native_m8rznv2q.tar 32s
PUT /tmp/ktest_lustre_mainline_native_m8rznv2q.tar 32s
PUT /tmp/ktest_lustre_mainline_native_m8rznv2q.tar 32s
PUT /tmp/ktest_lustre_mainline_native_m8rznv2q.tar 32s
PUT /tmp/ktest_lustre_mainline_native_m8rznv2q.tar 32s
PUT /tmp/ktest_lustre_mainline_native_m8rznv2q.tar 32s
PUT /tmp/ktest_lustre_mainline_native_m8rznv2q.tar 32s
PUT /tmp/ktest-kernel.tar.gz 32s
PUT /tmp/ktest_lustre_mainline_native_m8rznv2q.tar 32s
PUT /tmp/ktest-lustre.tar.gz 56s
PUT /tmp/ktest-lustre.tar.gz 65s
PUT /tmp/ktest_lustre_mainline_native_m8rznv2q.tar 6s
PUT /tmp/ktest_lustre_mainline_native_m8rznv2q.tar 6s
END cc-plugin tool cc-plugin FAIL 99s (exit code: 127)
END boot run tests/fs/lustre/boot.ktest PASS 112s
END clang-tidy tool clang-tidy PASS 115s
END mgs-setup run tests/fs/lustre/mgs-setup.ktest PASS 125s
END sanity-1 run tests/fs/lustre/sanity/sanity-1.ktest PASS 130s
END sanity-3 run tests/fs/lustre/sanity/sanity-3.ktest PASS 131s
END sanity-4 run tests/fs/lustre/sanity/sanity-4.ktest PASS 134s
END sanity-2 run tests/fs/lustre/sanity/sanity-2.ktest PASS 145s
END llmount run tests/fs/lustre/llmount.ktest PASS 202s
END llog-unit run tests/fs/lustre/llog-unit.ktest PASS 216s

============================================================
Final Results:
  checkpatch: PASS (24s) (log: /var/www/ci-lustre/upstream-patch-review/ab97ecb3d40c884cf90ca0331a303c2bc804f104_checkpatch.log)
  lustre_u24: PASS (85s) (log: /var/www/ci-lustre/upstream-patch-review/ab97ecb3d40c884cf90ca0331a303c2bc804f104_lustre_u24.log)
  lustre_al2023: PASS (87s) (log: /var/www/ci-lustre/upstream-patch-review/ab97ecb3d40c884cf90ca0331a303c2bc804f104_lustre_al2023.log)
  lustre_mainline_strict: FAIL (124s) (log: /var/www/ci-lustre/upstream-patch-review/ab97ecb3d40c884cf90ca0331a303c2bc804f104_lustre_mainline_strict.log)
  lustre_mainline: PASS (137s) (log: /var/www/ci-lustre/upstream-patch-review/ab97ecb3d40c884cf90ca0331a303c2bc804f104_lustre_mainline.log)
  lustre_mainline_native: PASS (139s) (log: /var/www/ci-lustre/upstream-patch-review/ab97ecb3d40c884cf90ca0331a303c2bc804f104_lustre_mainline_native.log)
  clang-tidy: PASS (115s) (log: /var/www/ci-lustre/upstream-patch-review/ab97ecb3d40c884cf90ca0331a303c2bc804f104_clang-tidy.log)
  cc-plugin: FAIL (99s) (log: /var/www/ci-lustre/upstream-patch-review/ab97ecb3d40c884cf90ca0331a303c2bc804f104_cc-plugin.log)
  boot: PASS (112s) (log: /var/www/ci-lustre/upstream-patch-review/ab97ecb3d40c884cf90ca0331a303c2bc804f104_boot.log)
  llmount: PASS (202s) (log: /var/www/ci-lustre/upstream-patch-review/ab97ecb3d40c884cf90ca0331a303c2bc804f104_llmount.log)
  llog-unit: PASS (216s) (log: /var/www/ci-lustre/upstream-patch-review/ab97ecb3d40c884cf90ca0331a303c2bc804f104_llog-unit.log)
  mgs-setup: PASS (125s) (log: /var/www/ci-lustre/upstream-patch-review/ab97ecb3d40c884cf90ca0331a303c2bc804f104_mgs-setup.log)
  sanity-1: PASS (130s) (log: /var/www/ci-lustre/upstream-patch-review/ab97ecb3d40c884cf90ca0331a303c2bc804f104_sanity-1.log)
  sanity-2: PASS (145s) (log: /var/www/ci-lustre/upstream-patch-review/ab97ecb3d40c884cf90ca0331a303c2bc804f104_sanity-2.log)
  sanity-3: PASS (131s) (log: /var/www/ci-lustre/upstream-patch-review/ab97ecb3d40c884cf90ca0331a303c2bc804f104_sanity-3.log)
  sanity-4: PASS (134s) (log: /var/www/ci-lustre/upstream-patch-review/ab97ecb3d40c884cf90ca0331a303c2bc804f104_sanity-4.log)

Total execution time: 386s
