Repository: /home/ktest/git/lustre-release

============================================================
                 Top Contributors (Names)
============================================================

=== Last month (since 1 month ago) ===
     19 Andreas Dilger
     15 Timothy Day
     12 Shaun Tancheff
     12 Patrick Farrell
     11 Alex Zhuravlev
      9 James Simmons
      8 Arshad Hussain
      7 Sebastien Buisson
      5 Jian Yu
      4 Chris Horn

=== Last 3 months (since 3 months ago) ===
     70 Andreas Dilger
     47 Arshad Hussain
     30 Timothy Day
     26 Alex Zhuravlev
     23 Shaun Tancheff
     21 Patrick Farrell
     17 James Simmons
     16 Jian Yu
     14 Xiao Yang
     13 Sohei Koyama

=== Last year (since 1 year ago) ===
    150 Arshad Hussain
    138 Andreas Dilger
    103 Timothy Day
     73 Alex Zhuravlev
     66 Shaun Tancheff
     63 Jian Yu
     56 Sebastien Buisson
     50 Patrick Farrell
     49 Marc Vef
     49 James Simmons

=== Last 3 years (since 3 years ago) ===
    403 Arshad Hussain
    364 Timothy Day
    316 Andreas Dilger
    234 Shaun Tancheff
    189 Sebastien Buisson
    185 James Simmons
    178 Patrick Farrell
    175 Jian Yu
    174 Alex Zhuravlev
    105 Chris Horn


============================================================
          Top Contributors by Email Domain
============================================================

=== Last month (since 1 month ago) ===
     45 whamcloud.com
     36 thelustrecollective.com
     25 ddn.com
     17 hpe.com
      9 infradead.org
      8 aeoncomputing.com
      4 amazon.com
      3 nvidia.com
      3 gmail.com
      2 google.com

=== Last 3 months (since 3 months ago) ===
    114 whamcloud.com
     92 thelustrecollective.com
     76 ddn.com
     47 aeoncomputing.com
     40 hpe.com
     20 amazon.com
     17 infradead.org
      8 gmail.com
      7 openchip.com
      7 nvidia.com

=== Last year (since 1 year ago) ===
    450 whamcloud.com
    188 ddn.com
    153 hpe.com
    150 aeoncomputing.com
    112 thelustrecollective.com
    100 amazon.com
     49 infradead.org
     17 nvidia.com
     15 gmail.com
     10 cea.fr

=== Last 3 years (since 3 years ago) ===
   1369 whamcloud.com
    523 hpe.com
    501 ddn.com
    403 aeoncomputing.com
    366 amazon.com
    185 infradead.org
    115 thelustrecollective.com
     58 cea.fr
     44 nvidia.com
     40 oracle.com


============================================================
                 Top Reviewers (Names)
============================================================

=== Last month (since 1 month ago) ===
    154 Oleg Drokin
     97 Andreas Dilger
     38 James Simmons
     28 Arshad Hussain
     18 Shaun Tancheff
     18 Marc Vef
     15 Jian Yu
     13 Sebastien Buisson
     10 Timothy Day
      9 Chris Horn

=== Last 3 months (since 3 months ago) ===
    441 Oleg Drokin
    297 Andreas Dilger
    127 James Simmons
     83 Arshad Hussain
     46 Jian Yu
     40 Timothy Day
     37 Marc Vef
     32 Shaun Tancheff
     29 Sebastien Buisson
     27 Anjus George

=== Last year (since 1 year ago) ===
   1244 Oleg Drokin
    827 Andreas Dilger
    324 James Simmons
    182 Arshad Hussain
    124 Marc Vef
    112 Jian Yu
    111 Timothy Day
    101 Sebastien Buisson
    100 Anjus George
     84 Shaun Tancheff

=== Last 3 years (since 3 years ago) ===
   3656 Oleg Drokin
   2404 Andreas Dilger
    931 James Simmons
    532 Arshad Hussain
    452 Timothy Day
    305 Jian Yu
    250 Sebastien Buisson
    224 Shaun Tancheff
    174 Chris Horn
    171 Alex Zhuravlev


============================================================
           Top Reviewers by Email Domain
============================================================

=== Last month (since 1 month ago) ===
    211 whamcloud.com
    118 thelustrecollective.com
     47 ddn.com
     38 infradead.org
     28 aeoncomputing.com
     26 hpe.com
      4 ornl.gov
      2 nvidia.com
      2 llnl.gov
      2 google.com

=== Last 3 months (since 3 months ago) ===
    630 whamcloud.com
    356 thelustrecollective.com
    127 infradead.org
    110 ddn.com
     83 aeoncomputing.com
     64 hpe.com
     27 ornl.gov
     11 gmail.com
      7 amazon.com
      4 nvidia.com

=== Last year (since 1 year ago) ===
   2139 whamcloud.com
    577 thelustrecollective.com
    324 infradead.org
    308 ddn.com
    225 hpe.com
    182 aeoncomputing.com
    100 ornl.gov
    100 amazon.com
     43 dilger.ca
     20 gmail.com

=== Last 3 years (since 3 years ago) ===
   7174 whamcloud.com
    977 infradead.org
    849 hpe.com
    815 ddn.com
    577 thelustrecollective.com
    532 aeoncomputing.com
    463 amazon.com
    127 ornl.gov
     99 nvidia.com
     86 suse.de

