CLI: ./podman-ktest --podman-socket unix:///run/podman/podman.sock --shared-filesystem /tmp --tarball-input job lustre-ci-branch --output /var/www/ci-lustre/upstream-patch-review --git-hash ace5fdb8962c00266d93fbee35d3429f3c4c24a0 --change-id master-next_ace5fdb8962c00266d93fbee35d3429f3c4c24a0 --subject Staging branch for new changes

  Checking /dev/kvm exists... OK
  Checking /dev/kvm permissions... OK
  Creating ccache directory... OK
  Checking ccache directory writable... OK

Environment validated successfully
Creating kernel tarball at /tmp/ktest-kernel.tar.gz...
Creating lustre tarball at /tmp/ktest-lustre.tar.gz...
Executing 19 jobs
Jobs will start as soon as their dependencies are satisfied
Using tarball input mode

START kernel-doc tool kernel_doc_helper.sh
START al2023 build tests/fs/lustre/boot.ktest
START u24 build tests/fs/lustre/boot.ktest
START lustre_mainline_native build tests/fs/lustre/boot.ktest
START license-status tool license-status
START checkpatch-parallel tool checkpatch-parallel
START contribution-report tool contributions
START lustre_mainline build tests/fs/lustre/boot.ktest
START lustre_mainline_strict build tests/fs/lustre/boot-strict.ktest
PUT /tmp/ktest-kernel.tar.gz 10s
PUT /tmp/ktest-kernel.tar.gz 10s
PUT /tmp/ktest-kernel.tar.gz 10s
PUT /tmp/ktest-kernel.tar.gz 10s
PUT /tmp/ktest-kernel.tar.gz 10s
PUT /tmp/ktest-kernel.tar.gz 10s
PUT /tmp/ktest-kernel.tar.gz 10s
PUT /tmp/ktest-kernel.tar.gz 10s
PUT /tmp/ktest-kernel.tar.gz 11s
PUT /tmp/ktest-lustre.tar.gz 2s
PUT /tmp/ktest-lustre.tar.gz 2s
PUT /tmp/ktest-lustre.tar.gz 3s
PUT /tmp/ktest-lustre.tar.gz 3s
PUT /tmp/ktest-lustre.tar.gz 2s
PUT /tmp/ktest-lustre.tar.gz 3s
PUT /tmp/ktest-lustre.tar.gz 3s
PUT /tmp/ktest-lustre.tar.gz 2s
PUT /tmp/ktest-lustre.tar.gz 2s
END contribution-report tool contributions PASS 16s
END kernel-doc tool kernel_doc_helper.sh PASS 18s
END license-status tool license-status PASS 24s
END checkpatch-parallel tool checkpatch-parallel PASS 80s
END al2023 build tests/fs/lustre/boot.ktest PASS 92s
END u24 build tests/fs/lustre/boot.ktest PASS 102s
GET /tmp/ktest_lustre_mainline_strict_jwogn6ch.tar 5s
END lustre_mainline_strict build tests/fs/lustre/boot-strict.ktest FAIL 144s (exit code: 1)
GET /tmp/ktest_lustre_mainline_xmjkriw3.tar 5s
GET /tmp/ktest_lustre_mainline_native_s5ffjgn1.tar 4s
END lustre_mainline build tests/fs/lustre/boot.ktest PASS 147s
END lustre_mainline_native build tests/fs/lustre/boot.ktest PASS 148s
START clang-tidy tool clang-tidy
START cc-plugin tool cc-plugin
START boot run tests/fs/lustre/boot.ktest
START llmount run tests/fs/lustre/llmount.ktest
START llog-unit run tests/fs/lustre/llog-unit.ktest
START mgs-setup run tests/fs/lustre/mgs-setup.ktest
START sanity-1 run tests/fs/lustre/sanity/sanity-1.ktest
START sanity-2 run tests/fs/lustre/sanity/sanity-2.ktest
START sanity-3 run tests/fs/lustre/sanity/sanity-3.ktest
START sanity-4 run tests/fs/lustre/sanity/sanity-4.ktest
PUT /tmp/ktest-kernel.tar.gz 8s
PUT /tmp/ktest_lustre_mainline_native_s5ffjgn1.tar 11s
PUT /tmp/ktest_lustre_mainline_native_s5ffjgn1.tar 11s
PUT /tmp/ktest-kernel.tar.gz 11s
PUT /tmp/ktest_lustre_mainline_native_s5ffjgn1.tar 11s
PUT /tmp/ktest_lustre_mainline_native_s5ffjgn1.tar 11s
PUT /tmp/ktest_lustre_mainline_native_s5ffjgn1.tar 11s
PUT /tmp/ktest_lustre_mainline_native_s5ffjgn1.tar 11s
PUT /tmp/ktest_lustre_mainline_native_s5ffjgn1.tar 11s
PUT /tmp/ktest_lustre_mainline_native_s5ffjgn1.tar 11s
PUT /tmp/ktest-lustre.tar.gz 30s
PUT /tmp/ktest-lustre.tar.gz 33s
PUT /tmp/ktest_lustre_mainline_native_s5ffjgn1.tar 4s
PUT /tmp/ktest_lustre_mainline_native_s5ffjgn1.tar 10s
END cc-plugin tool cc-plugin FAIL 52s (exit code: 127)
END clang-tidy tool clang-tidy PASS 74s
END boot run tests/fs/lustre/boot.ktest PASS 75s
END mgs-setup run tests/fs/lustre/mgs-setup.ktest PASS 80s
END llmount run tests/fs/lustre/llmount.ktest PASS 155s
END llog-unit run tests/fs/lustre/llog-unit.ktest PASS 169s
