CLI: ./podman-ktest --podman-socket unix:///run/podman/podman.sock --shared-filesystem /tmp --tarball-input job lustre-ci --output /var/www/ci-lustre/upstream-patch-review --git-hash aeae97026b3ec71f2d4d3169d76c67ba13e9b76b --change-id 63035_aeae97026b3ec71f2d4d3169d76c67ba13e9b76b --subject LU-19704 mdd: process all changelog users during init

  Checking /dev/kvm exists... OK
  Checking /dev/kvm permissions... OK
  Creating ccache directory... OK
  Checking ccache directory writable... OK

Environment validated successfully
Creating kernel tarball at /tmp/ktest-kernel.tar.gz...
Creating lustre tarball at /tmp/ktest-lustre.tar.gz...
Executing 16 jobs
Jobs will start as soon as their dependencies are satisfied
Using tarball input mode

START checkpatch tool checkpatch
START al2023 build tests/fs/lustre/boot.ktest
START lustre_mainline_native build tests/fs/lustre/boot.ktest
START u24 build tests/fs/lustre/boot.ktest
START lustre_mainline_strict build tests/fs/lustre/boot-strict.ktest
START lustre_mainline build tests/fs/lustre/boot.ktest
PUT /tmp/ktest-kernel.tar.gz 9s
PUT /tmp/ktest-kernel.tar.gz 9s
PUT /tmp/ktest-kernel.tar.gz 10s
PUT /tmp/ktest-kernel.tar.gz 10s
PUT /tmp/ktest-kernel.tar.gz 10s
PUT /tmp/ktest-kernel.tar.gz 10s
PUT /tmp/ktest-lustre.tar.gz 3s
PUT /tmp/ktest-lustre.tar.gz 4s
PUT /tmp/ktest-lustre.tar.gz 3s
PUT /tmp/ktest-lustre.tar.gz 3s
PUT /tmp/ktest-lustre.tar.gz 4s
PUT /tmp/ktest-lustre.tar.gz 3s
END checkpatch tool checkpatch PASS 16s
END al2023 build tests/fs/lustre/boot.ktest PASS 73s
END u24 build tests/fs/lustre/boot.ktest PASS 74s
GET /tmp/ktest_lustre_mainline_strict_j_5t0oaw.tar 5s
END lustre_mainline_strict build tests/fs/lustre/boot-strict.ktest FAIL 121s (exit code: 1)
GET /tmp/ktest_lustre_mainline_kqs6kuie.tar 5s
GET /tmp/ktest_lustre_mainline_native_svmzrlt5.tar 3s
END lustre_mainline build tests/fs/lustre/boot.ktest PASS 126s
END lustre_mainline_native build tests/fs/lustre/boot.ktest PASS 127s
START clang-tidy tool clang-tidy
START cc-plugin tool cc-plugin
START boot run tests/fs/lustre/boot.ktest
START llmount run tests/fs/lustre/llmount.ktest
START llog-unit run tests/fs/lustre/llog-unit.ktest
START mgs-setup run tests/fs/lustre/mgs-setup.ktest
START sanity-1 run tests/fs/lustre/sanity/sanity-1.ktest
START sanity-2 run tests/fs/lustre/sanity/sanity-2.ktest
START sanity-3 run tests/fs/lustre/sanity/sanity-3.ktest
START sanity-4 run tests/fs/lustre/sanity/sanity-4.ktest
PUT /tmp/ktest-kernel.tar.gz 16s
PUT /tmp/ktest_lustre_mainline_native_svmzrlt5.tar 18s
PUT /tmp/ktest-kernel.tar.gz 18s
PUT /tmp/ktest_lustre_mainline_native_svmzrlt5.tar 18s
PUT /tmp/ktest_lustre_mainline_native_svmzrlt5.tar 18s
PUT /tmp/ktest_lustre_mainline_native_svmzrlt5.tar 18s
PUT /tmp/ktest_lustre_mainline_native_svmzrlt5.tar 18s
PUT /tmp/ktest_lustre_mainline_native_svmzrlt5.tar 18s
PUT /tmp/ktest_lustre_mainline_native_svmzrlt5.tar 18s
PUT /tmp/ktest_lustre_mainline_native_svmzrlt5.tar 18s
PUT /tmp/ktest-lustre.tar.gz 27s
PUT /tmp/ktest-lustre.tar.gz 27s
PUT /tmp/ktest_lustre_mainline_native_svmzrlt5.tar 6s
PUT /tmp/ktest_lustre_mainline_native_svmzrlt5.tar 8s
END cc-plugin tool cc-plugin FAIL 55s (exit code: 127)
END clang-tidy tool clang-tidy PASS 74s
END boot run tests/fs/lustre/boot.ktest PASS 75s
END mgs-setup run tests/fs/lustre/mgs-setup.ktest PASS 81s
END sanity-3 run tests/fs/lustre/sanity/sanity-3.ktest PASS 92s
END sanity-1 run tests/fs/lustre/sanity/sanity-1.ktest PASS 95s
END sanity-2 run tests/fs/lustre/sanity/sanity-2.ktest PASS 100s
END sanity-4 run tests/fs/lustre/sanity/sanity-4.ktest PASS 104s
END llog-unit run tests/fs/lustre/llog-unit.ktest PASS 169s
END llmount run tests/fs/lustre/llmount.ktest PASS 170s

============================================================
Final Results:
  checkpatch: PASS (16s) (log: /var/www/ci-lustre/upstream-patch-review/aeae97026b3ec71f2d4d3169d76c67ba13e9b76b_checkpatch.log)
  u24: PASS (74s) (log: /var/www/ci-lustre/upstream-patch-review/aeae97026b3ec71f2d4d3169d76c67ba13e9b76b_u24.log)
  al2023: PASS (73s) (log: /var/www/ci-lustre/upstream-patch-review/aeae97026b3ec71f2d4d3169d76c67ba13e9b76b_al2023.log)
  lustre_mainline_strict: FAIL (121s) (log: /var/www/ci-lustre/upstream-patch-review/aeae97026b3ec71f2d4d3169d76c67ba13e9b76b_lustre_mainline_strict.log)
  lustre_mainline: PASS (126s) (log: /var/www/ci-lustre/upstream-patch-review/aeae97026b3ec71f2d4d3169d76c67ba13e9b76b_lustre_mainline.log)
  lustre_mainline_native: PASS (127s) (log: /var/www/ci-lustre/upstream-patch-review/aeae97026b3ec71f2d4d3169d76c67ba13e9b76b_lustre_mainline_native.log)
  clang-tidy: PASS (74s) (log: /var/www/ci-lustre/upstream-patch-review/aeae97026b3ec71f2d4d3169d76c67ba13e9b76b_clang-tidy.log)
  cc-plugin: FAIL (55s) (log: /var/www/ci-lustre/upstream-patch-review/aeae97026b3ec71f2d4d3169d76c67ba13e9b76b_cc-plugin.log)
  boot: PASS (75s) (log: /var/www/ci-lustre/upstream-patch-review/aeae97026b3ec71f2d4d3169d76c67ba13e9b76b_boot.log)
  llmount: PASS (170s) (log: /var/www/ci-lustre/upstream-patch-review/aeae97026b3ec71f2d4d3169d76c67ba13e9b76b_llmount.log)
  llog-unit: PASS (169s) (log: /var/www/ci-lustre/upstream-patch-review/aeae97026b3ec71f2d4d3169d76c67ba13e9b76b_llog-unit.log)
  mgs-setup: PASS (81s) (log: /var/www/ci-lustre/upstream-patch-review/aeae97026b3ec71f2d4d3169d76c67ba13e9b76b_mgs-setup.log)
  sanity-1: PASS (95s) (log: /var/www/ci-lustre/upstream-patch-review/aeae97026b3ec71f2d4d3169d76c67ba13e9b76b_sanity-1.log)
  sanity-2: PASS (100s) (log: /var/www/ci-lustre/upstream-patch-review/aeae97026b3ec71f2d4d3169d76c67ba13e9b76b_sanity-2.log)
  sanity-3: PASS (92s) (log: /var/www/ci-lustre/upstream-patch-review/aeae97026b3ec71f2d4d3169d76c67ba13e9b76b_sanity-3.log)
  sanity-4: PASS (104s) (log: /var/www/ci-lustre/upstream-patch-review/aeae97026b3ec71f2d4d3169d76c67ba13e9b76b_sanity-4.log)

Total execution time: 329s
