CLI: ./podman-ktest --podman-socket unix:///run/podman/podman.sock --shared-filesystem /tmp --tarball-input job lustre-ci --output /var/www/ci-lustre/upstream-patch-review --git-hash aecc9983bed9d27ae0af577faff13312d9356d8b --change-id 65889_aecc9983bed9d27ae0af577faff13312d9356d8b --subject LU-16518 quota: remove QMT_GRANT and QMT_REL

  Checking /dev/kvm exists... OK
  Checking /dev/kvm permissions... OK
  Creating ccache directory... OK
  Checking ccache directory writable... OK

Environment validated successfully
Creating kernel tarball at /tmp/ktest-kernel.tar.gz...
Creating lustre tarball at /tmp/ktest-lustre.tar.gz...
Creating ZFS tarball at /tmp/ktest-zfs.tar.gz...
Executing 15 jobs
Jobs will start as soon as their dependencies are satisfied
Using tarball input mode

START lustre_mainline_strict build tests/fs/lustre/boot-strict.ktest
START checkpatch tool checkpatch
START lustre_mainline build tests/fs/lustre/boot.ktest
START lustre_mainline_native build tests/fs/lustre/boot.ktest
START u24 build tests/fs/lustre/boot.ktest
START al2023 build tests/fs/lustre/boot.ktest
PUT /tmp/ktest-lustre.tar.gz 3s
PUT /tmp/ktest-lustre.tar.gz 4s
PUT /tmp/ktest-kernel.tar.gz 5s
PUT /tmp/ktest-kernel.tar.gz 5s
PUT /tmp/ktest-kernel.tar.gz 5s
PUT /tmp/ktest-kernel.tar.gz 5s
PUT /tmp/ktest-lustre.tar.gz 2s
PUT /tmp/ktest-lustre.tar.gz 1s
PUT /tmp/ktest-lustre.tar.gz 2s
PUT /tmp/ktest-lustre.tar.gz 1s
PUT /tmp/ktest-zfs.tar.gz 0s
PUT /tmp/ktest-zfs.tar.gz 0s
PUT /tmp/ktest-zfs.tar.gz 0s
END checkpatch tool checkpatch PASS 9s
END al2023 build tests/fs/lustre/boot.ktest PASS 70s
END u24 build tests/fs/lustre/boot.ktest PASS 70s
GET /tmp/ktest_lustre_mainline_strict_j038fm6k.tar 5s
END lustre_mainline_strict build tests/fs/lustre/boot-strict.ktest FAIL 129s (exit code: 1)
GET /tmp/ktest_lustre_mainline_0n0_8t8c.tar 12s
GET /tmp/ktest_lustre_mainline_native_pk8e6797.tar 12s
END lustre_mainline build tests/fs/lustre/boot.ktest PASS 139s
END lustre_mainline_native build tests/fs/lustre/boot.ktest PASS 140s
START clang-tidy tool clang-tidy
START cc-plugin tool cc-plugin
START boot run tests/fs/lustre/boot.ktest
START llmount run tests/fs/lustre/llmount.ktest
START mgs-setup run tests/fs/lustre/mgs-setup.ktest
START sanity-1 run tests/fs/lustre/sanity/sanity-1.ktest
START sanity-2 run tests/fs/lustre/sanity/sanity-2.ktest
START sanity-3 run tests/fs/lustre/sanity/sanity-3.ktest
START sanity-4 run tests/fs/lustre/sanity/sanity-4.ktest
PUT /tmp/ktest-kernel.tar.gz 51s
PUT /tmp/ktest_lustre_mainline_native_pk8e6797.tar 60s
PUT /tmp/ktest_lustre_mainline_native_pk8e6797.tar 60s
PUT /tmp/ktest-kernel.tar.gz 61s
PUT /tmp/ktest_lustre_mainline_native_pk8e6797.tar 61s
PUT /tmp/ktest_lustre_mainline_native_pk8e6797.tar 61s
PUT /tmp/ktest_lustre_mainline_native_pk8e6797.tar 57s
PUT /tmp/ktest_lustre_mainline_native_pk8e6797.tar 60s
PUT /tmp/ktest_lustre_mainline_native_pk8e6797.tar 60s
PUT /tmp/ktest-lustre.tar.gz 46s
PUT /tmp/ktest-lustre.tar.gz 102s
PUT /tmp/ktest_lustre_mainline_native_pk8e6797.tar 30s
PUT /tmp/ktest_lustre_mainline_native_pk8e6797.tar 77s
END cc-plugin tool cc-plugin FAIL 187s (exit code: 127)
END boot run tests/fs/lustre/boot.ktest PASS 199s
END clang-tidy tool clang-tidy PASS 209s
END sanity-3 run tests/fs/lustre/sanity/sanity-3.ktest PASS 213s
END mgs-setup run tests/fs/lustre/mgs-setup.ktest PASS 214s
END sanity-1 run tests/fs/lustre/sanity/sanity-1.ktest PASS 220s
END sanity-2 run tests/fs/lustre/sanity/sanity-2.ktest PASS 236s
END sanity-4 run tests/fs/lustre/sanity/sanity-4.ktest PASS 249s
END llmount run tests/fs/lustre/llmount.ktest PASS 301s

============================================================
Final Results:
  checkpatch: PASS (9s) (log: /var/www/ci-lustre/upstream-patch-review/aecc9983bed9d27ae0af577faff13312d9356d8b_checkpatch.log)
  u24: PASS (70s) (log: /var/www/ci-lustre/upstream-patch-review/aecc9983bed9d27ae0af577faff13312d9356d8b_u24.log)
  al2023: PASS (70s) (log: /var/www/ci-lustre/upstream-patch-review/aecc9983bed9d27ae0af577faff13312d9356d8b_al2023.log)
  lustre_mainline_strict: FAIL (129s) (log: /var/www/ci-lustre/upstream-patch-review/aecc9983bed9d27ae0af577faff13312d9356d8b_lustre_mainline_strict.log)
  lustre_mainline: PASS (139s) (log: /var/www/ci-lustre/upstream-patch-review/aecc9983bed9d27ae0af577faff13312d9356d8b_lustre_mainline.log)
  lustre_mainline_native: PASS (140s) (log: /var/www/ci-lustre/upstream-patch-review/aecc9983bed9d27ae0af577faff13312d9356d8b_lustre_mainline_native.log)
  clang-tidy: PASS (209s) (log: /var/www/ci-lustre/upstream-patch-review/aecc9983bed9d27ae0af577faff13312d9356d8b_clang-tidy.log)
  cc-plugin: FAIL (187s) (log: /var/www/ci-lustre/upstream-patch-review/aecc9983bed9d27ae0af577faff13312d9356d8b_cc-plugin.log)
  boot: PASS (199s) (log: /var/www/ci-lustre/upstream-patch-review/aecc9983bed9d27ae0af577faff13312d9356d8b_boot.log)
  llmount: PASS (301s) (log: /var/www/ci-lustre/upstream-patch-review/aecc9983bed9d27ae0af577faff13312d9356d8b_llmount.log)
  mgs-setup: PASS (214s) (log: /var/www/ci-lustre/upstream-patch-review/aecc9983bed9d27ae0af577faff13312d9356d8b_mgs-setup.log)
  sanity-1: PASS (220s) (log: /var/www/ci-lustre/upstream-patch-review/aecc9983bed9d27ae0af577faff13312d9356d8b_sanity-1.log)
  sanity-2: PASS (236s) (log: /var/www/ci-lustre/upstream-patch-review/aecc9983bed9d27ae0af577faff13312d9356d8b_sanity-2.log)
  sanity-3: PASS (213s) (log: /var/www/ci-lustre/upstream-patch-review/aecc9983bed9d27ae0af577faff13312d9356d8b_sanity-3.log)
  sanity-4: PASS (249s) (log: /var/www/ci-lustre/upstream-patch-review/aecc9983bed9d27ae0af577faff13312d9356d8b_sanity-4.log)

Total execution time: 474s
