CLI: ./podman-ktest --podman-socket unix:///run/podman/podman.sock --shared-filesystem /tmp --tarball-input job lustre-ci --output /var/www/ci-lustre/upstream-patch-review --git-hash afae77ea2c08e967771f896da8cdcb46b8ddb40d --change-id 63573_afae77ea2c08e967771f896da8cdcb46b8ddb40d --subject LU-9650 mdc: Add kernel doc style for MDC (4)

  Checking /dev/kvm exists... OK
  Checking /dev/kvm permissions... OK
  Creating ccache directory... OK
  Checking ccache directory writable... OK

Environment validated successfully
Creating kernel tarball at /tmp/ktest-kernel.tar.gz...
Creating lustre tarball at /tmp/ktest-lustre.tar.gz...
Executing 16 jobs
Jobs will start as soon as their dependencies are satisfied
Using tarball input mode

START lustre_mainline_strict build tests/fs/lustre/boot-strict.ktest
START checkpatch tool checkpatch
START lustre_mainline build tests/fs/lustre/boot.ktest
START lustre_u24 build tests/fs/lustre/boot.ktest
START lustre_al2023 build tests/fs/lustre/boot.ktest
START lustre_mainline_native build tests/fs/lustre/boot.ktest
PUT /tmp/ktest-kernel.tar.gz 9s
PUT /tmp/ktest-kernel.tar.gz 9s
PUT /tmp/ktest-kernel.tar.gz 9s
PUT /tmp/ktest-kernel.tar.gz 9s
PUT /tmp/ktest-kernel.tar.gz 9s
PUT /tmp/ktest-kernel.tar.gz 9s
PUT /tmp/ktest-lustre.tar.gz 5s
PUT /tmp/ktest-lustre.tar.gz 5s
PUT /tmp/ktest-lustre.tar.gz 5s
PUT /tmp/ktest-lustre.tar.gz 5s
PUT /tmp/ktest-lustre.tar.gz 5s
PUT /tmp/ktest-lustre.tar.gz 5s
END checkpatch tool checkpatch FAIL 17s (exit code: 1)
END lustre_al2023 build tests/fs/lustre/boot.ktest PASS 77s
END lustre_u24 build tests/fs/lustre/boot.ktest PASS 79s
GET /tmp/ktest_lustre_mainline_native_fpdu267v.tar 6s
GET /tmp/ktest_lustre_mainline_strict__jpcrgqc.tar 6s
GET /tmp/ktest_lustre_mainline_cj4j_uvj.tar 6s
END lustre_mainline_native build tests/fs/lustre/boot.ktest FAIL 111s (exit code: 1)
END lustre_mainline_strict build tests/fs/lustre/boot-strict.ktest FAIL 112s (exit code: 1)
END lustre_mainline build tests/fs/lustre/boot.ktest FAIL 113s (exit code: 1)

============================================================
Final Results:
  checkpatch: FAIL (17s) (log: /var/www/ci-lustre/upstream-patch-review/afae77ea2c08e967771f896da8cdcb46b8ddb40d_checkpatch.log)
  lustre_u24: PASS (79s) (log: /var/www/ci-lustre/upstream-patch-review/afae77ea2c08e967771f896da8cdcb46b8ddb40d_lustre_u24.log)
  lustre_al2023: PASS (77s) (log: /var/www/ci-lustre/upstream-patch-review/afae77ea2c08e967771f896da8cdcb46b8ddb40d_lustre_al2023.log)
  lustre_mainline_strict: FAIL (112s) (log: /var/www/ci-lustre/upstream-patch-review/afae77ea2c08e967771f896da8cdcb46b8ddb40d_lustre_mainline_strict.log)
  lustre_mainline: FAIL (113s) (log: /var/www/ci-lustre/upstream-patch-review/afae77ea2c08e967771f896da8cdcb46b8ddb40d_lustre_mainline.log)
  lustre_mainline_native: FAIL (111s) (log: /var/www/ci-lustre/upstream-patch-review/afae77ea2c08e967771f896da8cdcb46b8ddb40d_lustre_mainline_native.log)
  clang-tidy: SKIPPED (due to dependency failure)
  cc-plugin: SKIPPED (due to dependency failure)
  boot: SKIPPED (due to dependency failure)
  llmount: SKIPPED (due to dependency failure)
  llog-unit: SKIPPED (due to dependency failure)
  mgs-setup: SKIPPED (due to dependency failure)
  sanity-1: SKIPPED (due to dependency failure)
  sanity-2: SKIPPED (due to dependency failure)
  sanity-3: SKIPPED (due to dependency failure)
  sanity-4: SKIPPED (due to dependency failure)

Total execution time: 144s
