CLI: ./podman-ktest --podman-socket unix:///run/podman/podman.sock --shared-filesystem /tmp --tarball-input job lustre-ci --output /var/www/ci-lustre/upstream-patch-review --git-hash b0259a52b00068513c083a90153a9af855aa95d1 --change-id 61213_b0259a52b00068513c083a90153a9af855aa95d1 --subject LU-19342 tests: sanity-hsm to cleanup temporary files

  Checking /dev/kvm exists... OK
  Checking /dev/kvm permissions... OK
  Creating ccache directory... OK
  Checking ccache directory writable... OK

Environment validated successfully
Creating kernel tarball at /tmp/ktest-kernel.tar.gz...
Creating lustre tarball at /tmp/ktest-lustre.tar.gz...
Executing 16 jobs
Jobs will start as soon as their dependencies are satisfied
Using tarball input mode

START lustre_mainline build tests/fs/lustre/boot.ktest
START lustre_mainline_native build tests/fs/lustre/boot.ktest
START checkpatch tool checkpatch
START lustre_mainline_strict build tests/fs/lustre/boot-strict.ktest
START lustre_al2023 build tests/fs/lustre/boot.ktest
START lustre_u24 build tests/fs/lustre/boot.ktest
PUT /tmp/ktest-kernel.tar.gz 8s
PUT /tmp/ktest-kernel.tar.gz 8s
PUT /tmp/ktest-kernel.tar.gz 8s
PUT /tmp/ktest-kernel.tar.gz 8s
PUT /tmp/ktest-kernel.tar.gz 9s
PUT /tmp/ktest-kernel.tar.gz 9s
PUT /tmp/ktest-lustre.tar.gz 2s
PUT /tmp/ktest-lustre.tar.gz 2s
PUT /tmp/ktest-lustre.tar.gz 3s
PUT /tmp/ktest-lustre.tar.gz 2s
PUT /tmp/ktest-lustre.tar.gz 2s
PUT /tmp/ktest-lustre.tar.gz 2s
END checkpatch tool checkpatch PASS 13s
END lustre_al2023 build tests/fs/lustre/boot.ktest PASS 67s
END lustre_u24 build tests/fs/lustre/boot.ktest PASS 71s
GET /tmp/ktest_lustre_mainline_strict_2mkyzqnt.tar 5s
END lustre_mainline_strict build tests/fs/lustre/boot-strict.ktest FAIL 114s (exit code: 1)
GET /tmp/ktest_lustre_mainline_native_6ipn1w91.tar 5s
GET /tmp/ktest_lustre_mainline_juise2hb.tar 5s
END lustre_mainline_native build tests/fs/lustre/boot.ktest PASS 118s
START clang-tidy tool clang-tidy
START cc-plugin tool cc-plugin
START boot run tests/fs/lustre/boot.ktest
START llmount run tests/fs/lustre/llmount.ktest
START llog-unit run tests/fs/lustre/llog-unit.ktest
START mgs-setup run tests/fs/lustre/mgs-setup.ktest
START sanity-1 run tests/fs/lustre/sanity/sanity-1.ktest
START sanity-2 run tests/fs/lustre/sanity/sanity-2.ktest
START sanity-3 run tests/fs/lustre/sanity/sanity-3.ktest
START sanity-4 run tests/fs/lustre/sanity/sanity-4.ktest
END lustre_mainline build tests/fs/lustre/boot.ktest PASS 119s
PUT /tmp/ktest-kernel.tar.gz 13s
PUT /tmp/ktest_lustre_mainline_native_6ipn1w91.tar 17s
PUT /tmp/ktest_lustre_mainline_native_6ipn1w91.tar 18s
PUT /tmp/ktest-kernel.tar.gz 18s
PUT /tmp/ktest_lustre_mainline_native_6ipn1w91.tar 18s
PUT /tmp/ktest_lustre_mainline_native_6ipn1w91.tar 18s
PUT /tmp/ktest_lustre_mainline_native_6ipn1w91.tar 18s
PUT /tmp/ktest_lustre_mainline_native_6ipn1w91.tar 18s
PUT /tmp/ktest_lustre_mainline_native_6ipn1w91.tar 18s
PUT /tmp/ktest_lustre_mainline_native_6ipn1w91.tar 18s
PUT /tmp/ktest-lustre.tar.gz 26s
PUT /tmp/ktest-lustre.tar.gz 32s
PUT /tmp/ktest_lustre_mainline_native_6ipn1w91.tar 8s
PUT /tmp/ktest_lustre_mainline_native_6ipn1w91.tar 7s
END cc-plugin tool cc-plugin FAIL 57s (exit code: 127)
END clang-tidy tool clang-tidy PASS 74s
END boot run tests/fs/lustre/boot.ktest PASS 75s
END mgs-setup run tests/fs/lustre/mgs-setup.ktest PASS 85s
END sanity-1 run tests/fs/lustre/sanity/sanity-1.ktest PASS 90s
END sanity-3 run tests/fs/lustre/sanity/sanity-3.ktest PASS 98s
END sanity-2 run tests/fs/lustre/sanity/sanity-2.ktest PASS 113s
END sanity-4 run tests/fs/lustre/sanity/sanity-4.ktest PASS 116s
END llmount run tests/fs/lustre/llmount.ktest PASS 163s
END llog-unit run tests/fs/lustre/llog-unit.ktest PASS 168s

============================================================
Final Results:
  checkpatch: PASS (13s) (log: /var/www/ci-lustre/upstream-patch-review/b0259a52b00068513c083a90153a9af855aa95d1_checkpatch.log)
  lustre_u24: PASS (71s) (log: /var/www/ci-lustre/upstream-patch-review/b0259a52b00068513c083a90153a9af855aa95d1_lustre_u24.log)
  lustre_al2023: PASS (67s) (log: /var/www/ci-lustre/upstream-patch-review/b0259a52b00068513c083a90153a9af855aa95d1_lustre_al2023.log)
  lustre_mainline_strict: FAIL (114s) (log: /var/www/ci-lustre/upstream-patch-review/b0259a52b00068513c083a90153a9af855aa95d1_lustre_mainline_strict.log)
  lustre_mainline: PASS (119s) (log: /var/www/ci-lustre/upstream-patch-review/b0259a52b00068513c083a90153a9af855aa95d1_lustre_mainline.log)
  lustre_mainline_native: PASS (118s) (log: /var/www/ci-lustre/upstream-patch-review/b0259a52b00068513c083a90153a9af855aa95d1_lustre_mainline_native.log)
  clang-tidy: PASS (74s) (log: /var/www/ci-lustre/upstream-patch-review/b0259a52b00068513c083a90153a9af855aa95d1_clang-tidy.log)
  cc-plugin: FAIL (57s) (log: /var/www/ci-lustre/upstream-patch-review/b0259a52b00068513c083a90153a9af855aa95d1_cc-plugin.log)
  boot: PASS (75s) (log: /var/www/ci-lustre/upstream-patch-review/b0259a52b00068513c083a90153a9af855aa95d1_boot.log)
  llmount: PASS (163s) (log: /var/www/ci-lustre/upstream-patch-review/b0259a52b00068513c083a90153a9af855aa95d1_llmount.log)
  llog-unit: PASS (168s) (log: /var/www/ci-lustre/upstream-patch-review/b0259a52b00068513c083a90153a9af855aa95d1_llog-unit.log)
  mgs-setup: PASS (85s) (log: /var/www/ci-lustre/upstream-patch-review/b0259a52b00068513c083a90153a9af855aa95d1_mgs-setup.log)
  sanity-1: PASS (90s) (log: /var/www/ci-lustre/upstream-patch-review/b0259a52b00068513c083a90153a9af855aa95d1_sanity-1.log)
  sanity-2: PASS (113s) (log: /var/www/ci-lustre/upstream-patch-review/b0259a52b00068513c083a90153a9af855aa95d1_sanity-2.log)
  sanity-3: PASS (98s) (log: /var/www/ci-lustre/upstream-patch-review/b0259a52b00068513c083a90153a9af855aa95d1_sanity-3.log)
  sanity-4: PASS (116s) (log: /var/www/ci-lustre/upstream-patch-review/b0259a52b00068513c083a90153a9af855aa95d1_sanity-4.log)

Total execution time: 317s
