ERROR:CODE_INDENT: code indent should use tabs where possible
#47: FILE: include/uapi/linux/lustre/ec_base.h:143:
+        0x01ff, 0x0000, 0x0001, 0x0019, 0x0002, 0x0032, 0x001a, 0x00c6, 0x0003, 0x00df, 0x0033,$

WARNING:LEADING_SPACE: please, no spaces at the start of a line
#47: FILE: include/uapi/linux/lustre/ec_base.h:143:
+        0x01ff, 0x0000, 0x0001, 0x0019, 0x0002, 0x0032, 0x001a, 0x00c6, 0x0003, 0x00df, 0x0033,$

ERROR:CODE_INDENT: code indent should use tabs where possible
#48: FILE: include/uapi/linux/lustre/ec_base.h:144:
+        0x00ee, 0x001b, 0x0068, 0x00c7, 0x004b, 0x0004, 0x0064, 0x00e0, 0x000e, 0x0034, 0x008d,$

WARNING:LEADING_SPACE: please, no spaces at the start of a line
#48: FILE: include/uapi/linux/lustre/ec_base.h:144:
+        0x00ee, 0x001b, 0x0068, 0x00c7, 0x004b, 0x0004, 0x0064, 0x00e0, 0x000e, 0x0034, 0x008d,$

ERROR:CODE_INDENT: code indent should use tabs where possible
#49: FILE: include/uapi/linux/lustre/ec_base.h:145:
+        0x00ef, 0x0081, 0x001c, 0x00c1, 0x0069, 0x00f8, 0x00c8, 0x0008, 0x004c, 0x0071, 0x0005,$

WARNING:LEADING_SPACE: please, no spaces at the start of a line
#49: FILE: include/uapi/linux/lustre/ec_base.h:145:
+        0x00ef, 0x0081, 0x001c, 0x00c1, 0x0069, 0x00f8, 0x00c8, 0x0008, 0x004c, 0x0071, 0x0005,$

ERROR:CODE_INDENT: code indent should use tabs where possible
#50: FILE: include/uapi/linux/lustre/ec_base.h:146:
+        0x008a, 0x0065, 0x002f, 0x00e1, 0x0024, 0x000f, 0x0021, 0x0035, 0x0093, 0x008e, 0x00da,$

WARNING:LEADING_SPACE: please, no spaces at the start of a line
#50: FILE: include/uapi/linux/lustre/ec_base.h:146:
+        0x008a, 0x0065, 0x002f, 0x00e1, 0x0024, 0x000f, 0x0021, 0x0035, 0x0093, 0x008e, 0x00da,$

ERROR:CODE_INDENT: code indent should use tabs where possible
#51: FILE: include/uapi/linux/lustre/ec_base.h:147:
+        0x00f0, 0x0012, 0x0082, 0x0045, 0x001d, 0x00b5, 0x00c2, 0x007d, 0x006a, 0x0027, 0x00f9,$

WARNING:LEADING_SPACE: please, no spaces at the start of a line
#51: FILE: include/uapi/linux/lustre/ec_base.h:147:
+        0x00f0, 0x0012, 0x0082, 0x0045, 0x001d, 0x00b5, 0x00c2, 0x007d, 0x006a, 0x0027, 0x00f9,$

ERROR:CODE_INDENT: code indent should use tabs where possible
#52: FILE: include/uapi/linux/lustre/ec_base.h:148:
+        0x00b9, 0x00c9, 0x009a, 0x0009, 0x0078, 0x004d, 0x00e4, 0x0072, 0x00a6, 0x0006, 0x00bf,$

WARNING:LEADING_SPACE: please, no spaces at the start of a line
#52: FILE: include/uapi/linux/lustre/ec_base.h:148:
+        0x00b9, 0x00c9, 0x009a, 0x0009, 0x0078, 0x004d, 0x00e4, 0x0072, 0x00a6, 0x0006, 0x00bf,$

ERROR:CODE_INDENT: code indent should use tabs where possible
#53: FILE: include/uapi/linux/lustre/ec_base.h:149:
+        0x008b, 0x0062, 0x0066, 0x00dd, 0x0030, 0x00fd, 0x00e2, 0x0098, 0x0025, 0x00b3, 0x0010,$

WARNING:LEADING_SPACE: please, no spaces at the start of a line
#53: FILE: include/uapi/linux/lustre/ec_base.h:149:
+        0x008b, 0x0062, 0x0066, 0x00dd, 0x0030, 0x00fd, 0x00e2, 0x0098, 0x0025, 0x00b3, 0x0010,$

ERROR:CODE_INDENT: code indent should use tabs where possible
#54: FILE: include/uapi/linux/lustre/ec_base.h:150:
+        0x0091, 0x0022, 0x0088, 0x0036, 0x00d0, 0x0094, 0x00ce, 0x008f, 0x0096, 0x00db, 0x00bd,$

WARNING:LEADING_SPACE: please, no spaces at the start of a line
#54: FILE: include/uapi/linux/lustre/ec_base.h:150:
+        0x0091, 0x0022, 0x0088, 0x0036, 0x00d0, 0x0094, 0x00ce, 0x008f, 0x0096, 0x00db, 0x00bd,$

ERROR:CODE_INDENT: code indent should use tabs where possible
#55: FILE: include/uapi/linux/lustre/ec_base.h:151:
+        0x00f1, 0x00d2, 0x0013, 0x005c, 0x0083, 0x0038, 0x0046, 0x0040, 0x001e, 0x0042, 0x00b6,$

WARNING:LEADING_SPACE: please, no spaces at the start of a line
#55: FILE: include/uapi/linux/lustre/ec_base.h:151:
+        0x00f1, 0x00d2, 0x0013, 0x005c, 0x0083, 0x0038, 0x0046, 0x0040, 0x001e, 0x0042, 0x00b6,$

ERROR:CODE_INDENT: code indent should use tabs where possible
#56: FILE: include/uapi/linux/lustre/ec_base.h:152:
+        0x00a3, 0x00c3, 0x0048, 0x007e, 0x006e, 0x006b, 0x003a, 0x0028, 0x0054, 0x00fa, 0x0085,$

WARNING:LEADING_SPACE: please, no spaces at the start of a line
#56: FILE: include/uapi/linux/lustre/ec_base.h:152:
+        0x00a3, 0x00c3, 0x0048, 0x007e, 0x006e, 0x006b, 0x003a, 0x0028, 0x0054, 0x00fa, 0x0085,$

ERROR:CODE_INDENT: code indent should use tabs where possible
#57: FILE: include/uapi/linux/lustre/ec_base.h:153:
+        0x00ba, 0x003d, 0x00ca, 0x005e, 0x009b, 0x009f, 0x000a, 0x0015, 0x0079, 0x002b, 0x004e,$

WARNING:LEADING_SPACE: please, no spaces at the start of a line
#57: FILE: include/uapi/linux/lustre/ec_base.h:153:
+        0x00ba, 0x003d, 0x00ca, 0x005e, 0x009b, 0x009f, 0x000a, 0x0015, 0x0079, 0x002b, 0x004e,$

ERROR:CODE_INDENT: code indent should use tabs where possible
#58: FILE: include/uapi/linux/lustre/ec_base.h:154:
+        0x00d4, 0x00e5, 0x00ac, 0x0073, 0x00f3, 0x00a7, 0x0057, 0x0007, 0x0070, 0x00c0, 0x00f7,$

WARNING:LEADING_SPACE: please, no spaces at the start of a line
#58: FILE: include/uapi/linux/lustre/ec_base.h:154:
+        0x00d4, 0x00e5, 0x00ac, 0x0073, 0x00f3, 0x00a7, 0x0057, 0x0007, 0x0070, 0x00c0, 0x00f7,$

ERROR:CODE_INDENT: code indent should use tabs where possible
#59: FILE: include/uapi/linux/lustre/ec_base.h:155:
+        0x008c, 0x0080, 0x0063, 0x000d, 0x0067, 0x004a, 0x00de, 0x00ed, 0x0031, 0x00c5, 0x00fe,$

WARNING:LEADING_SPACE: please, no spaces at the start of a line
#59: FILE: include/uapi/linux/lustre/ec_base.h:155:
+        0x008c, 0x0080, 0x0063, 0x000d, 0x0067, 0x004a, 0x00de, 0x00ed, 0x0031, 0x00c5, 0x00fe,$

ERROR:CODE_INDENT: code indent should use tabs where possible
#60: FILE: include/uapi/linux/lustre/ec_base.h:156:
+        0x0018, 0x00e3, 0x00a5, 0x0099, 0x0077, 0x0026, 0x00b8, 0x00b4, 0x007c, 0x0011, 0x0044,$

WARNING:LEADING_SPACE: please, no spaces at the start of a line
#60: FILE: include/uapi/linux/lustre/ec_base.h:156:
+        0x0018, 0x00e3, 0x00a5, 0x0099, 0x0077, 0x0026, 0x00b8, 0x00b4, 0x007c, 0x0011, 0x0044,$

ERROR:CODE_INDENT: code indent should use tabs where possible
#61: FILE: include/uapi/linux/lustre/ec_base.h:157:
+        0x0092, 0x00d9, 0x0023, 0x0020, 0x0089, 0x002e, 0x0037, 0x003f, 0x00d1, 0x005b, 0x0095,$

WARNING:LEADING_SPACE: please, no spaces at the start of a line
#61: FILE: include/uapi/linux/lustre/ec_base.h:157:
+        0x0092, 0x00d9, 0x0023, 0x0020, 0x0089, 0x002e, 0x0037, 0x003f, 0x00d1, 0x005b, 0x0095,$

ERROR:CODE_INDENT: code indent should use tabs where possible
#62: FILE: include/uapi/linux/lustre/ec_base.h:158:
+        0x00bc, 0x00cf, 0x00cd, 0x0090, 0x0087, 0x0097, 0x00b2, 0x00dc, 0x00fc, 0x00be, 0x0061,$

WARNING:LEADING_SPACE: please, no spaces at the start of a line
#62: FILE: include/uapi/linux/lustre/ec_base.h:158:
+        0x00bc, 0x00cf, 0x00cd, 0x0090, 0x0087, 0x0097, 0x00b2, 0x00dc, 0x00fc, 0x00be, 0x0061,$

ERROR:CODE_INDENT: code indent should use tabs where possible
#63: FILE: include/uapi/linux/lustre/ec_base.h:159:
+        0x00f2, 0x0056, 0x00d3, 0x00ab, 0x0014, 0x002a, 0x005d, 0x009e, 0x0084, 0x003c, 0x0039,$

WARNING:LEADING_SPACE: please, no spaces at the start of a line
#63: FILE: include/uapi/linux/lustre/ec_base.h:159:
+        0x00f2, 0x0056, 0x00d3, 0x00ab, 0x0014, 0x002a, 0x005d, 0x009e, 0x0084, 0x003c, 0x0039,$

ERROR:CODE_INDENT: code indent should use tabs where possible
#64: FILE: include/uapi/linux/lustre/ec_base.h:160:
+        0x0053, 0x0047, 0x006d, 0x0041, 0x00a2, 0x001f, 0x002d, 0x0043, 0x00d8, 0x00b7, 0x007b,$

WARNING:LEADING_SPACE: please, no spaces at the start of a line
#64: FILE: include/uapi/linux/lustre/ec_base.h:160:
+        0x0053, 0x0047, 0x006d, 0x0041, 0x00a2, 0x001f, 0x002d, 0x0043, 0x00d8, 0x00b7, 0x007b,$

ERROR:CODE_INDENT: code indent should use tabs where possible
#65: FILE: include/uapi/linux/lustre/ec_base.h:161:
+        0x00a4, 0x0076, 0x00c4, 0x0017, 0x0049, 0x00ec, 0x007f, 0x000c, 0x006f, 0x00f6, 0x006c,$

WARNING:LEADING_SPACE: please, no spaces at the start of a line
#65: FILE: include/uapi/linux/lustre/ec_base.h:161:
+        0x00a4, 0x0076, 0x00c4, 0x0017, 0x0049, 0x00ec, 0x007f, 0x000c, 0x006f, 0x00f6, 0x006c,$

ERROR:CODE_INDENT: code indent should use tabs where possible
#66: FILE: include/uapi/linux/lustre/ec_base.h:162:
+        0x00a1, 0x003b, 0x0052, 0x0029, 0x009d, 0x0055, 0x00aa, 0x00fb, 0x0060, 0x0086, 0x00b1,$

WARNING:LEADING_SPACE: please, no spaces at the start of a line
#66: FILE: include/uapi/linux/lustre/ec_base.h:162:
+        0x00a1, 0x003b, 0x0052, 0x0029, 0x009d, 0x0055, 0x00aa, 0x00fb, 0x0060, 0x0086, 0x00b1,$

ERROR:CODE_INDENT: code indent should use tabs where possible
#67: FILE: include/uapi/linux/lustre/ec_base.h:163:
+        0x00bb, 0x00cc, 0x003e, 0x005a, 0x00cb, 0x0059, 0x005f, 0x00b0, 0x009c, 0x00a9, 0x00a0,$

WARNING:LEADING_SPACE: please, no spaces at the start of a line
#67: FILE: include/uapi/linux/lustre/ec_base.h:163:
+        0x00bb, 0x00cc, 0x003e, 0x005a, 0x00cb, 0x0059, 0x005f, 0x00b0, 0x009c, 0x00a9, 0x00a0,$

ERROR:CODE_INDENT: code indent should use tabs where possible
#68: FILE: include/uapi/linux/lustre/ec_base.h:164:
+        0x0051, 0x000b, 0x00f5, 0x0016, 0x00eb, 0x007a, 0x0075, 0x002c, 0x00d7, 0x004f, 0x00ae,$

WARNING:LEADING_SPACE: please, no spaces at the start of a line
#68: FILE: include/uapi/linux/lustre/ec_base.h:164:
+        0x0051, 0x000b, 0x00f5, 0x0016, 0x00eb, 0x007a, 0x0075, 0x002c, 0x00d7, 0x004f, 0x00ae,$

ERROR:CODE_INDENT: code indent should use tabs where possible
#69: FILE: include/uapi/linux/lustre/ec_base.h:165:
+        0x00d5, 0x00e9, 0x00e6, 0x00e7, 0x00ad, 0x00e8, 0x0074, 0x00d6, 0x00f4, 0x00ea, 0x00a8,$

WARNING:LEADING_SPACE: please, no spaces at the start of a line
#69: FILE: include/uapi/linux/lustre/ec_base.h:165:
+        0x00d5, 0x00e9, 0x00e6, 0x00e7, 0x00ad, 0x00e8, 0x0074, 0x00d6, 0x00f4, 0x00ea, 0x00a8,$

ERROR:CODE_INDENT: code indent should use tabs where possible
#70: FILE: include/uapi/linux/lustre/ec_base.h:166:
+        0x0050, 0x0058, 0x00af$

WARNING:LEADING_SPACE: please, no spaces at the start of a line
#70: FILE: include/uapi/linux/lustre/ec_base.h:166:
+        0x0050, 0x0058, 0x00af$

ERROR:CODE_INDENT: code indent should use tabs where possible
#81: FILE: include/uapi/linux/lustre/ec_base.h:187:
+        0x01, 0x02, 0x04, 0x08, 0x10, 0x20, 0x40, 0x80, 0x1d, 0x3a, 0x74, 0xe8, 0xcd, 0x87, 0x13,$

WARNING:LEADING_SPACE: please, no spaces at the start of a line
#81: FILE: include/uapi/linux/lustre/ec_base.h:187:
+        0x01, 0x02, 0x04, 0x08, 0x10, 0x20, 0x40, 0x80, 0x1d, 0x3a, 0x74, 0xe8, 0xcd, 0x87, 0x13,$

ERROR:CODE_INDENT: code indent should use tabs where possible
#82: FILE: include/uapi/linux/lustre/ec_base.h:188:
+        0x26, 0x4c, 0x98, 0x2d, 0x5a, 0xb4, 0x75, 0xea, 0xc9, 0x8f, 0x03, 0x06, 0x0c, 0x18, 0x30,$

WARNING:LEADING_SPACE: please, no spaces at the start of a line
#82: FILE: include/uapi/linux/lustre/ec_base.h:188:
+        0x26, 0x4c, 0x98, 0x2d, 0x5a, 0xb4, 0x75, 0xea, 0xc9, 0x8f, 0x03, 0x06, 0x0c, 0x18, 0x30,$

ERROR:CODE_INDENT: code indent should use tabs where possible
#83: FILE: include/uapi/linux/lustre/ec_base.h:189:
+        0x60, 0xc0, 0x9d, 0x27, 0x4e, 0x9c, 0x25, 0x4a, 0x94, 0x35, 0x6a, 0xd4, 0xb5, 0x77, 0xee,$

WARNING:LEADING_SPACE: please, no spaces at the start of a line
#83: FILE: include/uapi/linux/lustre/ec_base.h:189:
+        0x60, 0xc0, 0x9d, 0x27, 0x4e, 0x9c, 0x25, 0x4a, 0x94, 0x35, 0x6a, 0xd4, 0xb5, 0x77, 0xee,$

ERROR:CODE_INDENT: code indent should use tabs where possible
#84: FILE: include/uapi/linux/lustre/ec_base.h:190:
+        0xc1, 0x9f, 0x23, 0x46, 0x8c, 0x05, 0x0a, 0x14, 0x28, 0x50, 0xa0, 0x5d, 0xba, 0x69, 0xd2,$

WARNING:LEADING_SPACE: please, no spaces at the start of a line
#84: FILE: include/uapi/linux/lustre/ec_base.h:190:
+        0xc1, 0x9f, 0x23, 0x46, 0x8c, 0x05, 0x0a, 0x14, 0x28, 0x50, 0xa0, 0x5d, 0xba, 0x69, 0xd2,$

ERROR:CODE_INDENT: code indent should use tabs where possible
#85: FILE: include/uapi/linux/lustre/ec_base.h:191:
+        0xb9, 0x6f, 0xde, 0xa1, 0x5f, 0xbe, 0x61, 0xc2, 0x99, 0x2f, 0x5e, 0xbc, 0x65, 0xca, 0x89,$

WARNING:LEADING_SPACE: please, no spaces at the start of a line
#85: FILE: include/uapi/linux/lustre/ec_base.h:191:
+        0xb9, 0x6f, 0xde, 0xa1, 0x5f, 0xbe, 0x61, 0xc2, 0x99, 0x2f, 0x5e, 0xbc, 0x65, 0xca, 0x89,$

ERROR:CODE_INDENT: code indent should use tabs where possible
#86: FILE: include/uapi/linux/lustre/ec_base.h:192:
+        0x0f, 0x1e, 0x3c, 0x78, 0xf0, 0xfd, 0xe7, 0xd3, 0xbb, 0x6b, 0xd6, 0xb1, 0x7f, 0xfe, 0xe1,$

WARNING:LEADING_SPACE: please, no spaces at the start of a line
#86: FILE: include/uapi/linux/lustre/ec_base.h:192:
+        0x0f, 0x1e, 0x3c, 0x78, 0xf0, 0xfd, 0xe7, 0xd3, 0xbb, 0x6b, 0xd6, 0xb1, 0x7f, 0xfe, 0xe1,$

ERROR:CODE_INDENT: code indent should use tabs where possible
#87: FILE: include/uapi/linux/lustre/ec_base.h:193:
+        0xdf, 0xa3, 0x5b, 0xb6, 0x71, 0xe2, 0xd9, 0xaf, 0x43, 0x86, 0x11, 0x22, 0x44, 0x88, 0x0d,$

WARNING:LEADING_SPACE: please, no spaces at the start of a line
#87: FILE: include/uapi/linux/lustre/ec_base.h:193:
+        0xdf, 0xa3, 0x5b, 0xb6, 0x71, 0xe2, 0xd9, 0xaf, 0x43, 0x86, 0x11, 0x22, 0x44, 0x88, 0x0d,$

ERROR:CODE_INDENT: code indent should use tabs where possible
#88: FILE: include/uapi/linux/lustre/ec_base.h:194:
+        0x1a, 0x34, 0x68, 0xd0, 0xbd, 0x67, 0xce, 0x81, 0x1f, 0x3e, 0x7c, 0xf8, 0xed, 0xc7, 0x93,$

WARNING:LEADING_SPACE: please, no spaces at the start of a line
#88: FILE: include/uapi/linux/lustre/ec_base.h:194:
+        0x1a, 0x34, 0x68, 0xd0, 0xbd, 0x67, 0xce, 0x81, 0x1f, 0x3e, 0x7c, 0xf8, 0xed, 0xc7, 0x93,$

ERROR:CODE_INDENT: code indent should use tabs where possible
#89: FILE: include/uapi/linux/lustre/ec_base.h:195:
+        0x3b, 0x76, 0xec, 0xc5, 0x97, 0x33, 0x66, 0xcc, 0x85, 0x17, 0x2e, 0x5c, 0xb8, 0x6d, 0xda,$

WARNING:LEADING_SPACE: please, no spaces at the start of a line
#89: FILE: include/uapi/linux/lustre/ec_base.h:195:
+        0x3b, 0x76, 0xec, 0xc5, 0x97, 0x33, 0x66, 0xcc, 0x85, 0x17, 0x2e, 0x5c, 0xb8, 0x6d, 0xda,$

ERROR:CODE_INDENT: code indent should use tabs where possible
#90: FILE: include/uapi/linux/lustre/ec_base.h:196:
+        0xa9, 0x4f, 0x9e, 0x21, 0x42, 0x84, 0x15, 0x2a, 0x54, 0xa8, 0x4d, 0x9a, 0x29, 0x52, 0xa4,$

WARNING:LEADING_SPACE: please, no spaces at the start of a line
#90: FILE: include/uapi/linux/lustre/ec_base.h:196:
+        0xa9, 0x4f, 0x9e, 0x21, 0x42, 0x84, 0x15, 0x2a, 0x54, 0xa8, 0x4d, 0x9a, 0x29, 0x52, 0xa4,$

ERROR:CODE_INDENT: code indent should use tabs where possible
#91: FILE: include/uapi/linux/lustre/ec_base.h:197:
+        0x55, 0xaa, 0x49, 0x92, 0x39, 0x72, 0xe4, 0xd5, 0xb7, 0x73, 0xe6, 0xd1, 0xbf, 0x63, 0xc6,$

WARNING:LEADING_SPACE: please, no spaces at the start of a line
#91: FILE: include/uapi/linux/lustre/ec_base.h:197:
+        0x55, 0xaa, 0x49, 0x92, 0x39, 0x72, 0xe4, 0xd5, 0xb7, 0x73, 0xe6, 0xd1, 0xbf, 0x63, 0xc6,$

ERROR:CODE_INDENT: code indent should use tabs where possible
#92: FILE: include/uapi/linux/lustre/ec_base.h:198:
+        0x91, 0x3f, 0x7e, 0xfc, 0xe5, 0xd7, 0xb3, 0x7b, 0xf6, 0xf1, 0xff, 0xe3, 0xdb, 0xab, 0x4b,$

WARNING:LEADING_SPACE: please, no spaces at the start of a line
#92: FILE: include/uapi/linux/lustre/ec_base.h:198:
+        0x91, 0x3f, 0x7e, 0xfc, 0xe5, 0xd7, 0xb3, 0x7b, 0xf6, 0xf1, 0xff, 0xe3, 0xdb, 0xab, 0x4b,$

ERROR:CODE_INDENT: code indent should use tabs where possible
#93: FILE: include/uapi/linux/lustre/ec_base.h:199:
+        0x96, 0x31, 0x62, 0xc4, 0x95, 0x37, 0x6e, 0xdc, 0xa5, 0x57, 0xae, 0x41, 0x82, 0x19, 0x32,$

WARNING:LEADING_SPACE: please, no spaces at the start of a line
#93: FILE: include/uapi/linux/lustre/ec_base.h:199:
+        0x96, 0x31, 0x62, 0xc4, 0x95, 0x37, 0x6e, 0xdc, 0xa5, 0x57, 0xae, 0x41, 0x82, 0x19, 0x32,$

ERROR:CODE_INDENT: code indent should use tabs where possible
#94: FILE: include/uapi/linux/lustre/ec_base.h:200:
+        0x64, 0xc8, 0x8d, 0x07, 0x0e, 0x1c, 0x38, 0x70, 0xe0, 0xdd, 0xa7, 0x53, 0xa6, 0x51, 0xa2,$

WARNING:LEADING_SPACE: please, no spaces at the start of a line
#94: FILE: include/uapi/linux/lustre/ec_base.h:200:
+        0x64, 0xc8, 0x8d, 0x07, 0x0e, 0x1c, 0x38, 0x70, 0xe0, 0xdd, 0xa7, 0x53, 0xa6, 0x51, 0xa2,$

ERROR:CODE_INDENT: code indent should use tabs where possible
#95: FILE: include/uapi/linux/lustre/ec_base.h:201:
+        0x59, 0xb2, 0x79, 0xf2, 0xf9, 0xef, 0xc3, 0x9b, 0x2b, 0x56, 0xac, 0x45, 0x8a, 0x09, 0x12,$

WARNING:LEADING_SPACE: please, no spaces at the start of a line
#95: FILE: include/uapi/linux/lustre/ec_base.h:201:
+        0x59, 0xb2, 0x79, 0xf2, 0xf9, 0xef, 0xc3, 0x9b, 0x2b, 0x56, 0xac, 0x45, 0x8a, 0x09, 0x12,$

ERROR:CODE_INDENT: code indent should use tabs where possible
#96: FILE: include/uapi/linux/lustre/ec_base.h:202:
+        0x24, 0x48, 0x90, 0x3d, 0x7a, 0xf4, 0xf5, 0xf7, 0xf3, 0xfb, 0xeb, 0xcb, 0x8b, 0x0b, 0x16,$

WARNING:LEADING_SPACE: please, no spaces at the start of a line
#96: FILE: include/uapi/linux/lustre/ec_base.h:202:
+        0x24, 0x48, 0x90, 0x3d, 0x7a, 0xf4, 0xf5, 0xf7, 0xf3, 0xfb, 0xeb, 0xcb, 0x8b, 0x0b, 0x16,$

ERROR:CODE_INDENT: code indent should use tabs where possible
#97: FILE: include/uapi/linux/lustre/ec_base.h:203:
+        0x2c, 0x58, 0xb0, 0x7d, 0xfa, 0xe9, 0xcf, 0x83, 0x1b, 0x36, 0x6c, 0xd8, 0xad, 0x47, 0x8e,$

WARNING:LEADING_SPACE: please, no spaces at the start of a line
#97: FILE: include/uapi/linux/lustre/ec_base.h:203:
+        0x2c, 0x58, 0xb0, 0x7d, 0xfa, 0xe9, 0xcf, 0x83, 0x1b, 0x36, 0x6c, 0xd8, 0xad, 0x47, 0x8e,$

ERROR:CODE_INDENT: code indent should use tabs where possible
#98: FILE: include/uapi/linux/lustre/ec_base.h:204:
+        0x00, 0x00, 0x00, 0x00, 0x00, 0x00, 0x00, 0x00, 0x00, 0x00, 0x00, 0x00, 0x00, 0x00, 0x00,$

WARNING:LEADING_SPACE: please, no spaces at the start of a line
#98: FILE: include/uapi/linux/lustre/ec_base.h:204:
+        0x00, 0x00, 0x00, 0x00, 0x00, 0x00, 0x00, 0x00, 0x00, 0x00, 0x00, 0x00, 0x00, 0x00, 0x00,$

ERROR:CODE_INDENT: code indent should use tabs where possible
#99: FILE: include/uapi/linux/lustre/ec_base.h:205:
+        0x00, 0x00, 0x00, 0x00, 0x00, 0x00, 0x00, 0x00, 0x00, 0x00, 0x00, 0x00, 0x00, 0x00, 0x00,$

WARNING:LEADING_SPACE: please, no spaces at the start of a line
#99: FILE: include/uapi/linux/lustre/ec_base.h:205:
+        0x00, 0x00, 0x00, 0x00, 0x00, 0x00, 0x00, 0x00, 0x00, 0x00, 0x00, 0x00, 0x00, 0x00, 0x00,$

ERROR:CODE_INDENT: code indent should use tabs where possible
#100: FILE: include/uapi/linux/lustre/ec_base.h:206:
+        0x00, 0x00, 0x00, 0x00, 0x00, 0x00, 0x00, 0x00, 0x00, 0x00, 0x00, 0x00, 0x00, 0x00, 0x00,$

WARNING:LEADING_SPACE: please, no spaces at the start of a line
#100: FILE: include/uapi/linux/lustre/ec_base.h:206:
+        0x00, 0x00, 0x00, 0x00, 0x00, 0x00, 0x00, 0x00, 0x00, 0x00, 0x00, 0x00, 0x00, 0x00, 0x00,$

ERROR:CODE_INDENT: code indent should use tabs where possible
#101: FILE: include/uapi/linux/lustre/ec_base.h:207:
+        0x00, 0x00, 0x00, 0x00, 0x00, 0x00, 0x00, 0x00, 0x00, 0x00, 0x00, 0x00, 0x00, 0x00, 0x00,$

WARNING:LEADING_SPACE: please, no spaces at the start of a line
#101: FILE: include/uapi/linux/lustre/ec_base.h:207:
+        0x00, 0x00, 0x00, 0x00, 0x00, 0x00, 0x00, 0x00, 0x00, 0x00, 0x00, 0x00, 0x00, 0x00, 0x00,$

ERROR:CODE_INDENT: code indent should use tabs where possible
#102: FILE: include/uapi/linux/lustre/ec_base.h:208:
+        0x00, 0x00, 0x00, 0x00, 0x00, 0x00, 0x00, 0x00, 0x00, 0x00, 0x00, 0x00, 0x00, 0x00, 0x00,$

WARNING:LEADING_SPACE: please, no spaces at the start of a line
#102: FILE: include/uapi/linux/lustre/ec_base.h:208:
+        0x00, 0x00, 0x00, 0x00, 0x00, 0x00, 0x00, 0x00, 0x00, 0x00, 0x00, 0x00, 0x00, 0x00, 0x00,$

ERROR:CODE_INDENT: code indent should use tabs where possible
#103: FILE: include/uapi/linux/lustre/ec_base.h:209:
+        0x00, 0x00, 0x00, 0x00, 0x00, 0x00, 0x00, 0x00, 0x00, 0x00, 0x00, 0x00, 0x00, 0x00, 0x00,$

WARNING:LEADING_SPACE: please, no spaces at the start of a line
#103: FILE: include/uapi/linux/lustre/ec_base.h:209:
+        0x00, 0x00, 0x00, 0x00, 0x00, 0x00, 0x00, 0x00, 0x00, 0x00, 0x00, 0x00, 0x00, 0x00, 0x00,$

ERROR:CODE_INDENT: code indent should use tabs where possible
#104: FILE: include/uapi/linux/lustre/ec_base.h:210:
+        0x00, 0x00, 0x00, 0x00, 0x00, 0x00, 0x00, 0x00, 0x00, 0x00, 0x00, 0x00, 0x00, 0x00, 0x00,$

WARNING:LEADING_SPACE: please, no spaces at the start of a line
#104: FILE: include/uapi/linux/lustre/ec_base.h:210:
+        0x00, 0x00, 0x00, 0x00, 0x00, 0x00, 0x00, 0x00, 0x00, 0x00, 0x00, 0x00, 0x00, 0x00, 0x00,$

ERROR:CODE_INDENT: code indent should use tabs where possible
#105: FILE: include/uapi/linux/lustre/ec_base.h:211:
+        0x00, 0x00, 0x00, 0x00, 0x00, 0x00, 0x00, 0x00, 0x00, 0x00, 0x00, 0x00, 0x00, 0x00, 0x00,$

WARNING:LEADING_SPACE: please, no spaces at the start of a line
#105: FILE: include/uapi/linux/lustre/ec_base.h:211:
+        0x00, 0x00, 0x00, 0x00, 0x00, 0x00, 0x00, 0x00, 0x00, 0x00, 0x00, 0x00, 0x00, 0x00, 0x00,$

ERROR:CODE_INDENT: code indent should use tabs where possible
#106: FILE: include/uapi/linux/lustre/ec_base.h:212:
+        0x00, 0x00, 0x00, 0x00, 0x00, 0x00, 0x00, 0x00, 0x00, 0x00, 0x00, 0x00, 0x00, 0x00, 0x00,$

WARNING:LEADING_SPACE: please, no spaces at the start of a line
#106: FILE: include/uapi/linux/lustre/ec_base.h:212:
+        0x00, 0x00, 0x00, 0x00, 0x00, 0x00, 0x00, 0x00, 0x00, 0x00, 0x00, 0x00, 0x00, 0x00, 0x00,$

ERROR:CODE_INDENT: code indent should use tabs where possible
#107: FILE: include/uapi/linux/lustre/ec_base.h:213:
+        0x00, 0x00, 0x00, 0x00, 0x00, 0x00, 0x00, 0x00, 0x00, 0x00, 0x00, 0x00, 0x00, 0x00, 0x00,$

WARNING:LEADING_SPACE: please, no spaces at the start of a line
#107: FILE: include/uapi/linux/lustre/ec_base.h:213:
+        0x00, 0x00, 0x00, 0x00, 0x00, 0x00, 0x00, 0x00, 0x00, 0x00, 0x00, 0x00, 0x00, 0x00, 0x00,$

ERROR:CODE_INDENT: code indent should use tabs where possible
#108: FILE: include/uapi/linux/lustre/ec_base.h:214:
+        0x00, 0x00, 0x00, 0x00, 0x00, 0x00, 0x00, 0x00, 0x00, 0x00, 0x00, 0x00, 0x00, 0x00, 0x00,$

WARNING:LEADING_SPACE: please, no spaces at the start of a line
#108: FILE: include/uapi/linux/lustre/ec_base.h:214:
+        0x00, 0x00, 0x00, 0x00, 0x00, 0x00, 0x00, 0x00, 0x00, 0x00, 0x00, 0x00, 0x00, 0x00, 0x00,$

ERROR:CODE_INDENT: code indent should use tabs where possible
#109: FILE: include/uapi/linux/lustre/ec_base.h:215:
+        0x00, 0x00, 0x00, 0x00, 0x00, 0x00, 0x00, 0x00, 0x00, 0x00, 0x00, 0x00, 0x00, 0x00, 0x00,$

WARNING:LEADING_SPACE: please, no spaces at the start of a line
#109: FILE: include/uapi/linux/lustre/ec_base.h:215:
+        0x00, 0x00, 0x00, 0x00, 0x00, 0x00, 0x00, 0x00, 0x00, 0x00, 0x00, 0x00, 0x00, 0x00, 0x00,$

ERROR:CODE_INDENT: code indent should use tabs where possible
#110: FILE: include/uapi/linux/lustre/ec_base.h:216:
+        0x00, 0x00, 0x00, 0x00, 0x00, 0x00, 0x00, 0x00, 0x00, 0x00, 0x00, 0x00, 0x00, 0x00, 0x00,$

WARNING:LEADING_SPACE: please, no spaces at the start of a line
#110: FILE: include/uapi/linux/lustre/ec_base.h:216:
+        0x00, 0x00, 0x00, 0x00, 0x00, 0x00, 0x00, 0x00, 0x00, 0x00, 0x00, 0x00, 0x00, 0x00, 0x00,$

ERROR:CODE_INDENT: code indent should use tabs where possible
#111: FILE: include/uapi/linux/lustre/ec_base.h:217:
+        0x00, 0x00, 0x00, 0x00, 0x00, 0x00, 0x00, 0x00, 0x00, 0x00, 0x00, 0x00, 0x00, 0x00, 0x00,$

WARNING:LEADING_SPACE: please, no spaces at the start of a line
#111: FILE: include/uapi/linux/lustre/ec_base.h:217:
+        0x00, 0x00, 0x00, 0x00, 0x00, 0x00, 0x00, 0x00, 0x00, 0x00, 0x00, 0x00, 0x00, 0x00, 0x00,$

ERROR:CODE_INDENT: code indent should use tabs where possible
#112: FILE: include/uapi/linux/lustre/ec_base.h:218:
+        0x00, 0x00, 0x00, 0x00, 0x00, 0x00, 0x00, 0x00, 0x00, 0x00, 0x00, 0x00, 0x00, 0x00, 0x00,$

WARNING:LEADING_SPACE: please, no spaces at the start of a line
#112: FILE: include/uapi/linux/lustre/ec_base.h:218:
+        0x00, 0x00, 0x00, 0x00, 0x00, 0x00, 0x00, 0x00, 0x00, 0x00, 0x00, 0x00, 0x00, 0x00, 0x00,$

ERROR:CODE_INDENT: code indent should use tabs where possible
#113: FILE: include/uapi/linux/lustre/ec_base.h:219:
+        0x00, 0x00, 0x00, 0x00, 0x00, 0x00, 0x00, 0x00, 0x00, 0x00, 0x00, 0x00, 0x00, 0x00, 0x00,$

WARNING:LEADING_SPACE: please, no spaces at the start of a line
#113: FILE: include/uapi/linux/lustre/ec_base.h:219:
+        0x00, 0x00, 0x00, 0x00, 0x00, 0x00, 0x00, 0x00, 0x00, 0x00, 0x00, 0x00, 0x00, 0x00, 0x00,$

ERROR:CODE_INDENT: code indent should use tabs where possible
#114: FILE: include/uapi/linux/lustre/ec_base.h:220:
+        0x00, 0x00, 0x00, 0x00, 0x00, 0x00, 0x00, 0x00, 0x00, 0x00, 0x00, 0x00, 0x00, 0x00, 0x00,$

WARNING:LEADING_SPACE: please, no spaces at the start of a line
#114: FILE: include/uapi/linux/lustre/ec_base.h:220:
+        0x00, 0x00, 0x00, 0x00, 0x00, 0x00, 0x00, 0x00, 0x00, 0x00, 0x00, 0x00, 0x00, 0x00, 0x00,$

ERROR:CODE_INDENT: code indent should use tabs where possible
#115: FILE: include/uapi/linux/lustre/ec_base.h:221:
+        0x00, 0x00, 0x00, 0x00, 0x00, 0x00, 0x00, 0x00, 0x00, 0x00, 0x00, 0x00, 0x00, 0x00, 0x00,$

WARNING:LEADING_SPACE: please, no spaces at the start of a line
#115: FILE: include/uapi/linux/lustre/ec_base.h:221:
+        0x00, 0x00, 0x00, 0x00, 0x00, 0x00, 0x00, 0x00, 0x00, 0x00, 0x00, 0x00, 0x00, 0x00, 0x00,$

ERROR:CODE_INDENT: code indent should use tabs where possible
#116: FILE: include/uapi/linux/lustre/ec_base.h:222:
+        0x00, 0x00, 0x00, 0x00, 0x00, 0x00, 0x00, 0x00, 0x00, 0x00, 0x00, 0x00, 0x00, 0x00, 0x00,$

WARNING:LEADING_SPACE: please, no spaces at the start of a line
#116: FILE: include/uapi/linux/lustre/ec_base.h:222:
+        0x00, 0x00, 0x00, 0x00, 0x00, 0x00, 0x00, 0x00, 0x00, 0x00, 0x00, 0x00, 0x00, 0x00, 0x00,$

ERROR:CODE_INDENT: code indent should use tabs where possible
#117: FILE: include/uapi/linux/lustre/ec_base.h:223:
+        0x00, 0x00, 0x00, 0x00, 0x00, 0x00, 0x00, 0x00, 0x00, 0x00, 0x00, 0x00, 0x00, 0x00, 0x00,$

WARNING:LEADING_SPACE: please, no spaces at the start of a line
#117: FILE: include/uapi/linux/lustre/ec_base.h:223:
+        0x00, 0x00, 0x00, 0x00, 0x00, 0x00, 0x00, 0x00, 0x00, 0x00, 0x00, 0x00, 0x00, 0x00, 0x00,$

ERROR:CODE_INDENT: code indent should use tabs where possible
#118: FILE: include/uapi/linux/lustre/ec_base.h:224:
+        0x00, 0x00, 0x00, 0x00, 0x00, 0x00, 0x00, 0x00, 0x00, 0x00, 0x00, 0x00, 0x00, 0x00, 0x00,$

WARNING:LEADING_SPACE: please, no spaces at the start of a line
#118: FILE: include/uapi/linux/lustre/ec_base.h:224:
+        0x00, 0x00, 0x00, 0x00, 0x00, 0x00, 0x00, 0x00, 0x00, 0x00, 0x00, 0x00, 0x00, 0x00, 0x00,$

ERROR:CODE_INDENT: code indent should use tabs where possible
#119: FILE: include/uapi/linux/lustre/ec_base.h:225:
+        0x00, 0x00, 0x00, 0x00, 0x00, 0x00, 0x00, 0x00, 0x00, 0x00, 0x00, 0x00, 0x00, 0x00, 0x00,$

WARNING:LEADING_SPACE: please, no spaces at the start of a line
#119: FILE: include/uapi/linux/lustre/ec_base.h:225:
+        0x00, 0x00, 0x00, 0x00, 0x00, 0x00, 0x00, 0x00, 0x00, 0x00, 0x00, 0x00, 0x00, 0x00, 0x00,$

ERROR:CODE_INDENT: code indent should use tabs where possible
#120: FILE: include/uapi/linux/lustre/ec_base.h:226:
+        0x00, 0x00, 0x00, 0x00, 0x00, 0x00, 0x00, 0x00, 0x00, 0x00, 0x00, 0x00, 0x00, 0x00, 0x00,$

WARNING:LEADING_SPACE: please, no spaces at the start of a line
#120: FILE: include/uapi/linux/lustre/ec_base.h:226:
+        0x00, 0x00, 0x00, 0x00, 0x00, 0x00, 0x00, 0x00, 0x00, 0x00, 0x00, 0x00, 0x00, 0x00, 0x00,$

ERROR:CODE_INDENT: code indent should use tabs where possible
#121: FILE: include/uapi/linux/lustre/ec_base.h:227:
+        0x00, 0x00, 0x00, 0x00, 0x00, 0x00, 0x00, 0x00, 0x00, 0x00, 0x00, 0x00, 0x00, 0x00, 0x00,$

WARNING:LEADING_SPACE: please, no spaces at the start of a line
#121: FILE: include/uapi/linux/lustre/ec_base.h:227:
+        0x00, 0x00, 0x00, 0x00, 0x00, 0x00, 0x00, 0x00, 0x00, 0x00, 0x00, 0x00, 0x00, 0x00, 0x00,$

ERROR:CODE_INDENT: code indent should use tabs where possible
#122: FILE: include/uapi/linux/lustre/ec_base.h:228:
+        0x00, 0x00, 0x00, 0x00, 0x00, 0x00, 0x00, 0x00, 0x00, 0x00, 0x00, 0x00, 0x00, 0x00, 0x00,$

WARNING:LEADING_SPACE: please, no spaces at the start of a line
#122: FILE: include/uapi/linux/lustre/ec_base.h:228:
+        0x00, 0x00, 0x00, 0x00, 0x00, 0x00, 0x00, 0x00, 0x00, 0x00, 0x00, 0x00, 0x00, 0x00, 0x00,$

ERROR:CODE_INDENT: code indent should use tabs where possible
#123: FILE: include/uapi/linux/lustre/ec_base.h:229:
+        0x00, 0x00, 0x00, 0x00, 0x00, 0x00, 0x00, 0x00, 0x00, 0x00, 0x00, 0x00, 0x00, 0x00, 0x00,$

WARNING:LEADING_SPACE: please, no spaces at the start of a line
#123: FILE: include/uapi/linux/lustre/ec_base.h:229:
+        0x00, 0x00, 0x00, 0x00, 0x00, 0x00, 0x00, 0x00, 0x00, 0x00, 0x00, 0x00, 0x00, 0x00, 0x00,$

ERROR:CODE_INDENT: code indent should use tabs where possible
#124: FILE: include/uapi/linux/lustre/ec_base.h:230:
+        0x00, 0x00, 0x00, 0x00, 0x00, 0x00, 0x00, 0x00, 0x00, 0x00, 0x00, 0x00, 0x00, 0x00, 0x00,$

WARNING:LEADING_SPACE: please, no spaces at the start of a line
#124: FILE: include/uapi/linux/lustre/ec_base.h:230:
+        0x00, 0x00, 0x00, 0x00, 0x00, 0x00, 0x00, 0x00, 0x00, 0x00, 0x00, 0x00, 0x00, 0x00, 0x00,$

ERROR:CODE_INDENT: code indent should use tabs where possible
#125: FILE: include/uapi/linux/lustre/ec_base.h:231:
+        0x00, 0x00, 0x00, 0x00, 0x00, 0x00, 0x00, 0x00, 0x00, 0x00, 0x00, 0x00, 0x00, 0x00, 0x00,$

WARNING:LEADING_SPACE: please, no spaces at the start of a line
#125: FILE: include/uapi/linux/lustre/ec_base.h:231:
+        0x00, 0x00, 0x00, 0x00, 0x00, 0x00, 0x00, 0x00, 0x00, 0x00, 0x00, 0x00, 0x00, 0x00, 0x00,$

ERROR:CODE_INDENT: code indent should use tabs where possible
#126: FILE: include/uapi/linux/lustre/ec_base.h:232:
+        0x00, 0x00, 0x00, 0x00, 0x00, 0x00, 0x00, 0x00, 0x00, 0x00, 0x00, 0x00, 0x00, 0x00, 0x00,$

WARNING:LEADING_SPACE: please, no spaces at the start of a line
#126: FILE: include/uapi/linux/lustre/ec_base.h:232:
+        0x00, 0x00, 0x00, 0x00, 0x00, 0x00, 0x00, 0x00, 0x00, 0x00, 0x00, 0x00, 0x00, 0x00, 0x00,$

ERROR:CODE_INDENT: code indent should use tabs where possible
#127: FILE: include/uapi/linux/lustre/ec_base.h:233:
+        0x00, 0x00, 0x00, 0x00, 0x00, 0x00, 0x00, 0x00, 0x00, 0x00, 0x00, 0x00, 0x00, 0x00, 0x00,$

WARNING:LEADING_SPACE: please, no spaces at the start of a line
#127: FILE: include/uapi/linux/lustre/ec_base.h:233:
+        0x00, 0x00, 0x00, 0x00, 0x00, 0x00, 0x00, 0x00, 0x00, 0x00, 0x00, 0x00, 0x00, 0x00, 0x00,$

ERROR:CODE_INDENT: code indent should use tabs where possible
#128: FILE: include/uapi/linux/lustre/ec_base.h:234:
+        0x00, 0x00, 0x00, 0x00, 0x00, 0x00, 0x00, 0x00, 0x00, 0x00, 0x00, 0x00, 0x00, 0x00, 0x00,$

WARNING:LEADING_SPACE: please, no spaces at the start of a line
#128: FILE: include/uapi/linux/lustre/ec_base.h:234:
+        0x00, 0x00, 0x00, 0x00, 0x00, 0x00, 0x00, 0x00, 0x00, 0x00, 0x00, 0x00, 0x00, 0x00, 0x00,$

ERROR:CODE_INDENT: code indent should use tabs where possible
#129: FILE: include/uapi/linux/lustre/ec_base.h:235:
+        0x00, 0x00, 0x00, 0x00, 0x00, 0x00, 0x00, 0x00, 0x00, 0x00, 0x00, 0x00, 0x00, 0x00, 0x00,$

WARNING:LEADING_SPACE: please, no spaces at the start of a line
#129: FILE: include/uapi/linux/lustre/ec_base.h:235:
+        0x00, 0x00, 0x00, 0x00, 0x00, 0x00, 0x00, 0x00, 0x00, 0x00, 0x00, 0x00, 0x00, 0x00, 0x00,$

ERROR:CODE_INDENT: code indent should use tabs where possible
#130: FILE: include/uapi/linux/lustre/ec_base.h:236:
+        0x00, 0x00, 0x00, 0x00, 0x00, 0x00, 0x00, 0x00, 0x00, 0x00, 0x00, 0x00, 0x00, 0x00, 0x00,$

WARNING:LEADING_SPACE: please, no spaces at the start of a line
#130: FILE: include/uapi/linux/lustre/ec_base.h:236:
+        0x00, 0x00, 0x00, 0x00, 0x00, 0x00, 0x00, 0x00, 0x00, 0x00, 0x00, 0x00, 0x00, 0x00, 0x00,$

ERROR:CODE_INDENT: code indent should use tabs where possible
#131: FILE: include/uapi/linux/lustre/ec_base.h:237:
+        0x00, 0x00, 0x00, 0x00, 0x00, 0x00, 0x00, 0x00, 0x00, 0x00, 0x00, 0x00, 0x00, 0x00, 0x00,$

WARNING:LEADING_SPACE: please, no spaces at the start of a line
#131: FILE: include/uapi/linux/lustre/ec_base.h:237:
+        0x00, 0x00, 0x00, 0x00, 0x00, 0x00, 0x00, 0x00, 0x00, 0x00, 0x00, 0x00, 0x00, 0x00, 0x00,$

ERROR:CODE_INDENT: code indent should use tabs where possible
#132: FILE: include/uapi/linux/lustre/ec_base.h:238:
+        0x00, 0x00, 0x00, 0x00$

WARNING:LEADING_SPACE: please, no spaces at the start of a line
#132: FILE: include/uapi/linux/lustre/ec_base.h:238:
+        0x00, 0x00, 0x00, 0x00$

WARNING:LINE_SPACING: Missing a blank line after declarations
#247: FILE: lustre/ec/ec_base.c:66:
+	int b;
+	for (b = 0; b < 256; b++)

WARNING:LONG_LINE: line length of 136 exceeds 100 columns
#504: FILE: lustre/ec/ec_base.c:216:
+#if (defined(__x86_64__) || (defined(__WORDSIZE) && __WORDSIZE == 64) || defined(_WIN64)) && (__BYTE_ORDER__ == __ORDER_LITTLE_ENDIAN__)

WARNING:LINE_SPACING: Missing a blank line after declarations
#709: FILE: lustre/ec/ec_base.c:326:
+			unsigned char s = 0;
+			for (j = 0; j < vlen; j++)

WARNING:LINE_SPACING: Missing a blank line after declarations
#727: FILE: lustre/ec/ec_base.c:344:
+		const unsigned char *s = src[j];
+		build_mul_tbl(v[j * 32 + 1], tbl);

WARNING:LINE_SPACING: Missing a blank line after declarations
#787: FILE: lustre/ec/ec_base.c:383:
+				unsigned char s = 0;
+				for (j = 0; j < srcs; j++)

WARNING:LINE_SPACING: Missing a blank line after declarations
#809: FILE: lustre/ec/ec_base.c:405:
+			const unsigned char *s = src[j];
+			build_mul_tbl(v[j * 32 + l * srcs * 32 + 1], tbl);

WARNING:LINE_SPACING: Missing a blank line after declarations
#839: FILE: lustre/ec/ec_base.c:423:
+			unsigned char *d = dest[l];
+			for (i = 0; i < len; i++)

WARNING:LINE_SPACING: Missing a blank line after declarations
#849: FILE: lustre/ec/ec_base.c:433:
+			unsigned char *d = dest[l];
+			for (i = 0; i < len; i++)

WARNING:BRACES: braces {} are not necessary for single statement blocks
#875: FILE: lustre/ec/ec_base.c:448:
+	if ((len % 32) != 0) {
+		return -1;
+	}

total: 76 errors, 85 warnings, 875 lines checked

NOTE: For some of the reported defects, checkpatch may be able to
      mechanically convert to the typical style using --fix or --fix-inplace.

NOTE: Whitespace errors detected.
      You may wish to use scripts/cleanpatch or scripts/cleanfile

Your patch has style problems, please review.

NOTE: If any of the errors are false positives, please report
      them to the maintainer, see CHECKPATCH in MAINTAINERS.
