CLI: ./podman-ktest --podman-socket unix:///run/podman/podman.sock --shared-filesystem /tmp --tarball-input job lustre-ci --output /var/www/ci-lustre/upstream-patch-review --git-hash b0d4e178c87042314bdbd5b8fc255446a83519d9 --change-id 66621_b0d4e178c87042314bdbd5b8fc255446a83519d9 --subject LU-20357 ptlrpc: clear idle NID statistics on server

  Checking /dev/kvm exists... OK
  Checking /dev/kvm permissions... OK
  Creating ccache directory... OK
  Checking ccache directory writable... OK
  Creating package output directory... OK

Environment validated successfully
Creating kernel tarball at /tmp/ktest-kernel.tar.gz...
Creating lustre tarball at /tmp/ktest-lustre.tar.gz...
Creating ZFS tarball at /tmp/ktest-zfs.tar.gz...
Executing 13 jobs
Jobs will start as soon as their dependencies are satisfied
Using tarball input mode

START checkpatch tool checkpatch
START u24 build tests/fs/lustre/boot.ktest
START lustre_mainline build tests/fs/lustre/boot.ktest
START lustre_mainline_strict build tests/fs/lustre/boot-strict.ktest
START lustre_mainline_native build tests/fs/lustre/boot.ktest
START al2023 build tests/fs/lustre/boot.ktest
PUT /tmp/ktest-lustre.tar.gz 1s
PUT /tmp/ktest-lustre.tar.gz 1s
PUT /tmp/ktest-kernel.tar.gz 13s
PUT /tmp/ktest-kernel.tar.gz 13s
PUT /tmp/ktest-kernel.tar.gz 13s
PUT /tmp/ktest-kernel.tar.gz 13s
PUT /tmp/ktest-lustre.tar.gz 2s
PUT /tmp/ktest-lustre.tar.gz 2s
PUT /tmp/ktest-lustre.tar.gz 2s
PUT /tmp/ktest-lustre.tar.gz 1s
PUT /tmp/ktest-zfs.tar.gz 0s
PUT /tmp/ktest-zfs.tar.gz 0s
PUT /tmp/ktest-zfs.tar.gz 0s
END checkpatch tool checkpatch FAIL 18s (exit code: 1)
END al2023 build tests/fs/lustre/boot.ktest PASS 62s
END u24 build tests/fs/lustre/boot.ktest PASS 74s
GET /tmp/ktest_lustre_mainline_strict_sly2_js2.tar 6s
END lustre_mainline_strict build tests/fs/lustre/boot-strict.ktest FAIL 226s (exit code: 1)
GET /tmp/ktest_lustre_mainline_native_3gvl61k9.tar 0s
GET /tmp/ktest_lustre_mainline_mulr4nft.tar 0s
END lustre_mainline_native build tests/fs/lustre/boot.ktest PASS 235s
START boot run tests/fs/lustre/boot.ktest
START llmount run tests/fs/lustre/llmount.ktest
START mgs-setup run tests/fs/lustre/mgs-setup.ktest
START sanity-1 run tests/fs/lustre/sanity/sanity-1.ktest
START sanity-2 run tests/fs/lustre/sanity/sanity-2.ktest
START sanity-3 run tests/fs/lustre/sanity/sanity-3.ktest
START sanity-4 run tests/fs/lustre/sanity/sanity-4.ktest
END lustre_mainline build tests/fs/lustre/boot.ktest PASS 236s
PUT /tmp/ktest-kernel.tar.gz 27s
PUT /tmp/ktest-kernel.tar.gz 27s
PUT /tmp/ktest-kernel.tar.gz 27s
PUT /tmp/ktest-kernel.tar.gz 27s
PUT /tmp/ktest-kernel.tar.gz 27s
PUT /tmp/ktest-kernel.tar.gz 27s
PUT /tmp/ktest-kernel.tar.gz 27s
PUT /tmp/ktest-lustre.tar.gz 8s
PUT /tmp/ktest-lustre.tar.gz 8s
PUT /tmp/ktest-lustre.tar.gz 8s
PUT /tmp/ktest-lustre.tar.gz 8s
PUT /tmp/ktest-lustre.tar.gz 7s
PUT /tmp/ktest-lustre.tar.gz 8s
PUT /tmp/ktest-lustre.tar.gz 7s
PUT /tmp/ktest_lustre_mainline_native_3gvl61k9.tar 1s
PUT /tmp/ktest_lustre_mainline_native_3gvl61k9.tar 1s
PUT /tmp/ktest_lustre_mainline_native_3gvl61k9.tar 1s
PUT /tmp/ktest_lustre_mainline_native_3gvl61k9.tar 1s
PUT /tmp/ktest_lustre_mainline_native_3gvl61k9.tar 1s
PUT /tmp/ktest_lustre_mainline_native_3gvl61k9.tar 1s
PUT /tmp/ktest_lustre_mainline_native_3gvl61k9.tar 1s
END boot run tests/fs/lustre/boot.ktest PASS 78s
END llmount run tests/fs/lustre/llmount.ktest FAIL 88s (exit code: 1)
END sanity-2 run tests/fs/lustre/sanity/sanity-2.ktest FAIL 89s (exit code: 1)
END mgs-setup run tests/fs/lustre/mgs-setup.ktest FAIL 90s (exit code: 1)
END sanity-1 run tests/fs/lustre/sanity/sanity-1.ktest FAIL 91s (exit code: 1)
END sanity-4 run tests/fs/lustre/sanity/sanity-4.ktest PASS 114s
END sanity-3 run tests/fs/lustre/sanity/sanity-3.ktest PASS 127s

============================================================
Final Results:
  checkpatch: FAIL (18s) (log: /var/www/ci-lustre/upstream-patch-review/b0d4e178c87042314bdbd5b8fc255446a83519d9_checkpatch.log)
  u24: PASS (74s) (log: /var/www/ci-lustre/upstream-patch-review/b0d4e178c87042314bdbd5b8fc255446a83519d9_u24.log)
  al2023: PASS (62s) (log: /var/www/ci-lustre/upstream-patch-review/b0d4e178c87042314bdbd5b8fc255446a83519d9_al2023.log)
  lustre_mainline_strict: FAIL (226s) (log: /var/www/ci-lustre/upstream-patch-review/b0d4e178c87042314bdbd5b8fc255446a83519d9_lustre_mainline_strict.log)
  lustre_mainline: PASS (236s) (log: /var/www/ci-lustre/upstream-patch-review/b0d4e178c87042314bdbd5b8fc255446a83519d9_lustre_mainline.log)
  lustre_mainline_native: PASS (235s) (log: /var/www/ci-lustre/upstream-patch-review/b0d4e178c87042314bdbd5b8fc255446a83519d9_lustre_mainline_native.log)
  boot: PASS (78s) (log: /var/www/ci-lustre/upstream-patch-review/b0d4e178c87042314bdbd5b8fc255446a83519d9_boot.log)
  llmount: FAIL (88s) (log: /var/www/ci-lustre/upstream-patch-review/b0d4e178c87042314bdbd5b8fc255446a83519d9_llmount.log)
  mgs-setup: FAIL (90s) (log: /var/www/ci-lustre/upstream-patch-review/b0d4e178c87042314bdbd5b8fc255446a83519d9_mgs-setup.log)
  sanity-1: FAIL (91s) (log: /var/www/ci-lustre/upstream-patch-review/b0d4e178c87042314bdbd5b8fc255446a83519d9_sanity-1.log)
  sanity-2: FAIL (89s) (log: /var/www/ci-lustre/upstream-patch-review/b0d4e178c87042314bdbd5b8fc255446a83519d9_sanity-2.log)
  sanity-3: PASS (127s) (log: /var/www/ci-lustre/upstream-patch-review/b0d4e178c87042314bdbd5b8fc255446a83519d9_sanity-3.log)
  sanity-4: PASS (114s) (log: /var/www/ci-lustre/upstream-patch-review/b0d4e178c87042314bdbd5b8fc255446a83519d9_sanity-4.log)

Total execution time: 391s
