CLI: ./podman-ktest --podman-socket unix:///run/podman/podman.sock --shared-filesystem /tmp --tarball-input job lustre-ci --output /var/www/ci-lustre/upstream-patch-review --git-hash b106112169d2552acda419b8b705f9a6f8772c97 --change-id 64202_b106112169d2552acda419b8b705f9a6f8772c97 --subject LU-19916 mgs: start MGS follower on MDTs/OSTs

  Checking /dev/kvm exists... OK
  Checking /dev/kvm permissions... OK
  Creating ccache directory... OK
  Checking ccache directory writable... OK
  Creating package output directory... OK

Environment validated successfully
Creating kernel tarball at /tmp/ktest-kernel.tar.gz...
Creating lustre tarball at /tmp/ktest-lustre.tar.gz...
Creating ZFS tarball at /tmp/ktest-zfs.tar.gz...
Executing 13 jobs
Jobs will start as soon as their dependencies are satisfied
Using tarball input mode

START checkpatch tool checkpatch
START lustre_mainline_strict build tests/fs/lustre/boot-strict.ktest
START lustre_mainline_native build tests/fs/lustre/boot.ktest
START u24 build tests/fs/lustre/boot.ktest
START al2023 build tests/fs/lustre/boot.ktest
START lustre_mainline build tests/fs/lustre/boot.ktest
PUT /tmp/ktest-lustre.tar.gz 1s
PUT /tmp/ktest-lustre.tar.gz 2s
PUT /tmp/ktest-kernel.tar.gz 7s
PUT /tmp/ktest-kernel.tar.gz 7s
PUT /tmp/ktest-kernel.tar.gz 7s
PUT /tmp/ktest-kernel.tar.gz 7s
PUT /tmp/ktest-lustre.tar.gz 3s
PUT /tmp/ktest-lustre.tar.gz 3s
PUT /tmp/ktest-lustre.tar.gz 3s
PUT /tmp/ktest-lustre.tar.gz 3s
PUT /tmp/ktest-zfs.tar.gz 0s
PUT /tmp/ktest-zfs.tar.gz 0s
PUT /tmp/ktest-zfs.tar.gz 0s
END checkpatch tool checkpatch FAIL 13s (exit code: 1)
END al2023 build tests/fs/lustre/boot.ktest PASS 58s
END u24 build tests/fs/lustre/boot.ktest PASS 68s
GET /tmp/ktest_lustre_mainline_strict_mogm0ysf.tar 6s
END lustre_mainline_strict build tests/fs/lustre/boot-strict.ktest FAIL 218s (exit code: 1)
GET /tmp/ktest_lustre_mainline_native_afbe3fk3.tar 0s
GET /tmp/ktest_lustre_mainline_ohrnw9qc.tar 0s
END lustre_mainline_native build tests/fs/lustre/boot.ktest PASS 227s
START boot run tests/fs/lustre/boot.ktest
START llmount run tests/fs/lustre/llmount.ktest
START mgs-setup run tests/fs/lustre/mgs-setup.ktest
START sanity-1 run tests/fs/lustre/sanity/sanity-1.ktest
START sanity-2 run tests/fs/lustre/sanity/sanity-2.ktest
START sanity-3 run tests/fs/lustre/sanity/sanity-3.ktest
START sanity-4 run tests/fs/lustre/sanity/sanity-4.ktest
END lustre_mainline build tests/fs/lustre/boot.ktest PASS 229s
PUT /tmp/ktest-kernel.tar.gz 45s
PUT /tmp/ktest-kernel.tar.gz 45s
PUT /tmp/ktest-kernel.tar.gz 46s
PUT /tmp/ktest-kernel.tar.gz 46s
PUT /tmp/ktest-kernel.tar.gz 46s
PUT /tmp/ktest-kernel.tar.gz 46s
PUT /tmp/ktest-kernel.tar.gz 45s
PUT /tmp/ktest-lustre.tar.gz 11s
PUT /tmp/ktest-lustre.tar.gz 11s
PUT /tmp/ktest-lustre.tar.gz 11s
PUT /tmp/ktest-lustre.tar.gz 11s
PUT /tmp/ktest-lustre.tar.gz 11s
PUT /tmp/ktest-lustre.tar.gz 11s
PUT /tmp/ktest-lustre.tar.gz 11s
PUT /tmp/ktest_lustre_mainline_native_afbe3fk3.tar 0s
PUT /tmp/ktest_lustre_mainline_native_afbe3fk3.tar 0s
PUT /tmp/ktest_lustre_mainline_native_afbe3fk3.tar 0s
PUT /tmp/ktest_lustre_mainline_native_afbe3fk3.tar 0s
PUT /tmp/ktest_lustre_mainline_native_afbe3fk3.tar 0s
PUT /tmp/ktest_lustre_mainline_native_afbe3fk3.tar 0s
PUT /tmp/ktest_lustre_mainline_native_afbe3fk3.tar 0s
END boot run tests/fs/lustre/boot.ktest PASS 99s
END mgs-setup run tests/fs/lustre/mgs-setup.ktest PASS 109s
END sanity-1 run tests/fs/lustre/sanity/sanity-1.ktest PASS 137s
END sanity-3 run tests/fs/lustre/sanity/sanity-3.ktest PASS 139s
END sanity-4 run tests/fs/lustre/sanity/sanity-4.ktest PASS 150s
END sanity-2 run tests/fs/lustre/sanity/sanity-2.ktest PASS 151s
END llmount run tests/fs/lustre/llmount.ktest PASS 160s

============================================================
Final Results:
  checkpatch: FAIL (13s) (log: /var/www/ci-lustre/upstream-patch-review/b106112169d2552acda419b8b705f9a6f8772c97_checkpatch.log)
  u24: PASS (68s) (log: /var/www/ci-lustre/upstream-patch-review/b106112169d2552acda419b8b705f9a6f8772c97_u24.log)
  al2023: PASS (58s) (log: /var/www/ci-lustre/upstream-patch-review/b106112169d2552acda419b8b705f9a6f8772c97_al2023.log)
  lustre_mainline_strict: FAIL (218s) (log: /var/www/ci-lustre/upstream-patch-review/b106112169d2552acda419b8b705f9a6f8772c97_lustre_mainline_strict.log)
  lustre_mainline: PASS (229s) (log: /var/www/ci-lustre/upstream-patch-review/b106112169d2552acda419b8b705f9a6f8772c97_lustre_mainline.log)
  lustre_mainline_native: PASS (227s) (log: /var/www/ci-lustre/upstream-patch-review/b106112169d2552acda419b8b705f9a6f8772c97_lustre_mainline_native.log)
  boot: PASS (99s) (log: /var/www/ci-lustre/upstream-patch-review/b106112169d2552acda419b8b705f9a6f8772c97_boot.log)
  llmount: PASS (160s) (log: /var/www/ci-lustre/upstream-patch-review/b106112169d2552acda419b8b705f9a6f8772c97_llmount.log)
  mgs-setup: PASS (109s) (log: /var/www/ci-lustre/upstream-patch-review/b106112169d2552acda419b8b705f9a6f8772c97_mgs-setup.log)
  sanity-1: PASS (137s) (log: /var/www/ci-lustre/upstream-patch-review/b106112169d2552acda419b8b705f9a6f8772c97_sanity-1.log)
  sanity-2: PASS (151s) (log: /var/www/ci-lustre/upstream-patch-review/b106112169d2552acda419b8b705f9a6f8772c97_sanity-2.log)
  sanity-3: PASS (139s) (log: /var/www/ci-lustre/upstream-patch-review/b106112169d2552acda419b8b705f9a6f8772c97_sanity-3.log)
  sanity-4: PASS (150s) (log: /var/www/ci-lustre/upstream-patch-review/b106112169d2552acda419b8b705f9a6f8772c97_sanity-4.log)

Total execution time: 416s
