CLI: ./podman-ktest --podman-socket unix:///run/podman/podman.sock --shared-filesystem /tmp --tarball-input job lustre-ci --output /var/www/ci-lustre/upstream-patch-review --git-hash b1a0c49b49de082d19152e37f64abc885b99bc03 --change-id 65913_b1a0c49b49de082d19152e37f64abc885b99bc03 --subject LU-17238 obd: Introduce mdt_body field mbo_xattr_absent

Environment validated successfully
Creating kernel tarball at /tmp/ktest-kernel.tar.gz...
Creating lustre tarball at /tmp/ktest-lustre.tar.gz...
Creating ZFS tarball at /tmp/ktest-zfs.tar.gz...
Executing 14 jobs
Jobs will start as soon as their dependencies are satisfied
Using tarball input mode

START u24:u24 build tests/fs/lustre/boot.ktest
START ml-miscvm:lustre_mainline_native build tests/fs/lustre/boot.ktest
START ml-strict:lustre_mainline build tests/fs/lustre/boot-strict.ktest
START checkpatch:checkpatch tool checkpatch
START ml:lustre_mainline build tests/fs/lustre/boot.ktest
START al2023:al2023 build tests/fs/lustre/boot.ktest
PUT /tmp/ktest-lustre.tar.gz 1s
PUT /tmp/ktest-lustre.tar.gz 1s
PUT /tmp/ktest-kernel.tar.gz 7s
PUT /tmp/ktest-kernel.tar.gz 7s
PUT /tmp/ktest-kernel.tar.gz 7s
PUT /tmp/ktest-kernel.tar.gz 7s
PUT /tmp/ktest-lustre.tar.gz 2s
PUT /tmp/ktest-lustre.tar.gz 2s
PUT /tmp/ktest-lustre.tar.gz 1s
PUT /tmp/ktest-lustre.tar.gz 1s
PUT /tmp/ktest-zfs.tar.gz 0s
PUT /tmp/ktest-zfs.tar.gz 0s
PUT /tmp/ktest-zfs.tar.gz 0s
END checkpatch:checkpatch tool checkpatch PASS 12s
END al2023:al2023 build tests/fs/lustre/boot.ktest PASS 56s
END u24:u24 build tests/fs/lustre/boot.ktest PASS 63s
GET /tmp/ktest_ml-strict:lustre_mainline_17eqq6_2.tar 4s
GET /tmp/ktest_ml-miscvm:lustre_mainline_native_csf2f885.tar 5s
GET /tmp/ktest_ml:lustre_mainline_9csf_ibb.tar 5s
END ml-strict:lustre_mainline build tests/fs/lustre/boot-strict.ktest FAIL 144s (exit code: 1)
END ml-miscvm:lustre_mainline_native build tests/fs/lustre/boot.ktest FAIL 146s (exit code: 1)
END ml:lustre_mainline build tests/fs/lustre/boot.ktest FAIL 147s (exit code: 1)

============================================================
Final Results:
  checkpatch:checkpatch: PASS (12s) (log: /var/www/ci-lustre/upstream-patch-review/b1a0c49b49de082d19152e37f64abc885b99bc03_checkpatch:checkpatch.log)
  u24:u24: PASS (63s) (log: /var/www/ci-lustre/upstream-patch-review/b1a0c49b49de082d19152e37f64abc885b99bc03_u24:u24.log)
  al2023:al2023: PASS (56s) (log: /var/www/ci-lustre/upstream-patch-review/b1a0c49b49de082d19152e37f64abc885b99bc03_al2023:al2023.log)
  ml-strict:lustre_mainline: FAIL (144s) (log: /var/www/ci-lustre/upstream-patch-review/b1a0c49b49de082d19152e37f64abc885b99bc03_ml-strict:lustre_mainline.log)
  ml:lustre_mainline: FAIL (147s) (log: /var/www/ci-lustre/upstream-patch-review/b1a0c49b49de082d19152e37f64abc885b99bc03_ml:lustre_mainline.log)
  ml-miscvm:lustre_mainline_native: FAIL (146s) (log: /var/www/ci-lustre/upstream-patch-review/b1a0c49b49de082d19152e37f64abc885b99bc03_ml-miscvm:lustre_mainline_native.log)
  ml-miscvm:boot: SKIPPED (due to dependency failure)
  ml-miscvm:llmount: SKIPPED (due to dependency failure)
  ml-miscvm:llog-unit: SKIPPED (due to dependency failure)
  ml-miscvm:mgs-setup: SKIPPED (due to dependency failure)
  ml-miscvm:sanity-1: SKIPPED (due to dependency failure)
  ml-miscvm:sanity-2: SKIPPED (due to dependency failure)
  ml-miscvm:sanity-3: SKIPPED (due to dependency failure)
  ml-miscvm:sanity-4: SKIPPED (due to dependency failure)

Total execution time: 177s
