CLI: ./podman-ktest --podman-socket unix:///run/podman/podman.sock --shared-filesystem /tmp --tarball-input job lustre-ci --output /var/www/ci-lustre/upstream-patch-review --git-hash b1bd19afac94fc99ad2fe2312304cd1f9cfb2662 --change-id 64075_b1bd19afac94fc99ad2fe2312304cd1f9cfb2662 --subject LU-19883 lod: create procfs entries at end of device init

  Checking /dev/kvm exists... OK
  Checking /dev/kvm permissions... OK
  Creating ccache directory... OK
  Checking ccache directory writable... OK

Environment validated successfully
Creating kernel tarball at /tmp/ktest-kernel.tar.gz...
Creating lustre tarball at /tmp/ktest-lustre.tar.gz...
Executing 16 jobs
Jobs will start as soon as their dependencies are satisfied
Using tarball input mode

START lustre_mainline_strict build tests/fs/lustre/boot-strict.ktest
START checkpatch tool checkpatch
START lustre_mainline build tests/fs/lustre/boot.ktest
START lustre_u24 build tests/fs/lustre/boot.ktest
START lustre_al2023 build tests/fs/lustre/boot.ktest
START lustre_mainline_native build tests/fs/lustre/boot.ktest
PUT /tmp/ktest-kernel.tar.gz 10s
PUT /tmp/ktest-kernel.tar.gz 10s
PUT /tmp/ktest-kernel.tar.gz 10s
PUT /tmp/ktest-kernel.tar.gz 10s
PUT /tmp/ktest-kernel.tar.gz 10s
PUT /tmp/ktest-kernel.tar.gz 10s
PUT /tmp/ktest-lustre.tar.gz 3s
PUT /tmp/ktest-lustre.tar.gz 3s
PUT /tmp/ktest-lustre.tar.gz 3s
PUT /tmp/ktest-lustre.tar.gz 3s
PUT /tmp/ktest-lustre.tar.gz 3s
PUT /tmp/ktest-lustre.tar.gz 3s
END checkpatch tool checkpatch PASS 16s
END lustre_al2023 build tests/fs/lustre/boot.ktest PASS 74s
END lustre_u24 build tests/fs/lustre/boot.ktest PASS 76s
GET /tmp/ktest_lustre_mainline_strict_neebpb94.tar 4s
END lustre_mainline_strict build tests/fs/lustre/boot-strict.ktest FAIL 115s (exit code: 1)
GET /tmp/ktest_lustre_mainline_w6bv7e7r.tar 3s
GET /tmp/ktest_lustre_mainline_native_cklstsfg.tar 3s
END lustre_mainline build tests/fs/lustre/boot.ktest PASS 131s
END lustre_mainline_native build tests/fs/lustre/boot.ktest PASS 132s
START clang-tidy tool clang-tidy
START cc-plugin tool cc-plugin
START boot run tests/fs/lustre/boot.ktest
START llmount run tests/fs/lustre/llmount.ktest
START llog-unit run tests/fs/lustre/llog-unit.ktest
START mgs-setup run tests/fs/lustre/mgs-setup.ktest
START sanity-1 run tests/fs/lustre/sanity/sanity-1.ktest
START sanity-2 run tests/fs/lustre/sanity/sanity-2.ktest
START sanity-3 run tests/fs/lustre/sanity/sanity-3.ktest
START sanity-4 run tests/fs/lustre/sanity/sanity-4.ktest
PUT /tmp/ktest-kernel.tar.gz 16s
PUT /tmp/ktest_lustre_mainline_native_cklstsfg.tar 23s
PUT /tmp/ktest_lustre_mainline_native_cklstsfg.tar 23s
PUT /tmp/ktest-kernel.tar.gz 23s
PUT /tmp/ktest_lustre_mainline_native_cklstsfg.tar 23s
PUT /tmp/ktest_lustre_mainline_native_cklstsfg.tar 23s
PUT /tmp/ktest_lustre_mainline_native_cklstsfg.tar 23s
PUT /tmp/ktest_lustre_mainline_native_cklstsfg.tar 23s
PUT /tmp/ktest_lustre_mainline_native_cklstsfg.tar 23s
PUT /tmp/ktest_lustre_mainline_native_cklstsfg.tar 23s
PUT /tmp/ktest-lustre.tar.gz 58s
PUT /tmp/ktest-lustre.tar.gz 51s
PUT /tmp/ktest_lustre_mainline_native_cklstsfg.tar 9s
PUT /tmp/ktest_lustre_mainline_native_cklstsfg.tar 10s
END cc-plugin tool cc-plugin FAIL 87s (exit code: 127)
END boot run tests/fs/lustre/boot.ktest PASS 104s
END clang-tidy tool clang-tidy PASS 106s
END mgs-setup run tests/fs/lustre/mgs-setup.ktest PASS 114s
END sanity-4 run tests/fs/lustre/sanity/sanity-4.ktest PASS 120s
END sanity-1 run tests/fs/lustre/sanity/sanity-1.ktest PASS 123s
END sanity-3 run tests/fs/lustre/sanity/sanity-3.ktest PASS 134s
END sanity-2 run tests/fs/lustre/sanity/sanity-2.ktest PASS 138s
END llmount run tests/fs/lustre/llmount.ktest PASS 192s
END llog-unit run tests/fs/lustre/llog-unit.ktest PASS 207s

============================================================
Final Results:
  checkpatch: PASS (16s) (log: /var/www/ci-lustre/upstream-patch-review/b1bd19afac94fc99ad2fe2312304cd1f9cfb2662_checkpatch.log)
  lustre_u24: PASS (76s) (log: /var/www/ci-lustre/upstream-patch-review/b1bd19afac94fc99ad2fe2312304cd1f9cfb2662_lustre_u24.log)
  lustre_al2023: PASS (74s) (log: /var/www/ci-lustre/upstream-patch-review/b1bd19afac94fc99ad2fe2312304cd1f9cfb2662_lustre_al2023.log)
  lustre_mainline_strict: FAIL (115s) (log: /var/www/ci-lustre/upstream-patch-review/b1bd19afac94fc99ad2fe2312304cd1f9cfb2662_lustre_mainline_strict.log)
  lustre_mainline: PASS (131s) (log: /var/www/ci-lustre/upstream-patch-review/b1bd19afac94fc99ad2fe2312304cd1f9cfb2662_lustre_mainline.log)
  lustre_mainline_native: PASS (132s) (log: /var/www/ci-lustre/upstream-patch-review/b1bd19afac94fc99ad2fe2312304cd1f9cfb2662_lustre_mainline_native.log)
  clang-tidy: PASS (106s) (log: /var/www/ci-lustre/upstream-patch-review/b1bd19afac94fc99ad2fe2312304cd1f9cfb2662_clang-tidy.log)
  cc-plugin: FAIL (87s) (log: /var/www/ci-lustre/upstream-patch-review/b1bd19afac94fc99ad2fe2312304cd1f9cfb2662_cc-plugin.log)
  boot: PASS (104s) (log: /var/www/ci-lustre/upstream-patch-review/b1bd19afac94fc99ad2fe2312304cd1f9cfb2662_boot.log)
  llmount: PASS (192s) (log: /var/www/ci-lustre/upstream-patch-review/b1bd19afac94fc99ad2fe2312304cd1f9cfb2662_llmount.log)
  llog-unit: PASS (207s) (log: /var/www/ci-lustre/upstream-patch-review/b1bd19afac94fc99ad2fe2312304cd1f9cfb2662_llog-unit.log)
  mgs-setup: PASS (114s) (log: /var/www/ci-lustre/upstream-patch-review/b1bd19afac94fc99ad2fe2312304cd1f9cfb2662_mgs-setup.log)
  sanity-1: PASS (123s) (log: /var/www/ci-lustre/upstream-patch-review/b1bd19afac94fc99ad2fe2312304cd1f9cfb2662_sanity-1.log)
  sanity-2: PASS (138s) (log: /var/www/ci-lustre/upstream-patch-review/b1bd19afac94fc99ad2fe2312304cd1f9cfb2662_sanity-2.log)
  sanity-3: PASS (134s) (log: /var/www/ci-lustre/upstream-patch-review/b1bd19afac94fc99ad2fe2312304cd1f9cfb2662_sanity-3.log)
  sanity-4: PASS (120s) (log: /var/www/ci-lustre/upstream-patch-review/b1bd19afac94fc99ad2fe2312304cd1f9cfb2662_sanity-4.log)

Total execution time: 370s
