CLI: ./podman-ktest --podman-socket unix:///run/podman/podman.sock --shared-filesystem /tmp --tarball-input job lustre-ci --output /var/www/ci-lustre/upstream-patch-review --git-hash b1bd7030d3f90a98fe3614f9bc8ca700277cb9e4 --change-id 63341_b1bd7030d3f90a98fe3614f9bc8ca700277cb9e4 --subject LU-9636 ofd: Add kernel doc style for OFD (1)

  Checking /dev/kvm exists... OK
  Checking /dev/kvm permissions... OK
  Creating ccache directory... OK
  Checking ccache directory writable... OK

Environment validated successfully
Creating kernel tarball at /tmp/ktest-kernel.tar.gz...
Creating lustre tarball at /tmp/ktest-lustre.tar.gz...
Creating ZFS tarball at /tmp/ktest-zfs.tar.gz...
Executing 15 jobs
Jobs will start as soon as their dependencies are satisfied
Using tarball input mode

START lustre_mainline_strict build tests/fs/lustre/boot-strict.ktest
START checkpatch tool checkpatch
START al2023 build tests/fs/lustre/boot.ktest
START lustre_mainline_native build tests/fs/lustre/boot.ktest
START u24 build tests/fs/lustre/boot.ktest
START lustre_mainline build tests/fs/lustre/boot.ktest
PUT /tmp/ktest-lustre.tar.gz 2s
PUT /tmp/ktest-lustre.tar.gz 3s
PUT /tmp/ktest-kernel.tar.gz 5s
PUT /tmp/ktest-kernel.tar.gz 6s
PUT /tmp/ktest-kernel.tar.gz 6s
PUT /tmp/ktest-kernel.tar.gz 5s
PUT /tmp/ktest-lustre.tar.gz 3s
PUT /tmp/ktest-lustre.tar.gz 3s
PUT /tmp/ktest-lustre.tar.gz 3s
PUT /tmp/ktest-lustre.tar.gz 3s
PUT /tmp/ktest-zfs.tar.gz 0s
PUT /tmp/ktest-zfs.tar.gz 0s
PUT /tmp/ktest-zfs.tar.gz 0s
END checkpatch tool checkpatch PASS 11s
END al2023 build tests/fs/lustre/boot.ktest PASS 62s
END u24 build tests/fs/lustre/boot.ktest PASS 63s
GET /tmp/ktest_lustre_mainline_strict_vgpuv1lk.tar 15s
GET /tmp/ktest_lustre_mainline_native_rk6ldgwy.tar 16s
GET /tmp/ktest_lustre_mainline_uchf6922.tar 15s
END lustre_mainline_strict build tests/fs/lustre/boot-strict.ktest FAIL 123s (exit code: 1)
END lustre_mainline_native build tests/fs/lustre/boot.ktest FAIL 126s (exit code: 1)
END lustre_mainline build tests/fs/lustre/boot.ktest FAIL 128s (exit code: 1)

============================================================
Final Results:
  checkpatch: PASS (11s) (log: /var/www/ci-lustre/upstream-patch-review/b1bd7030d3f90a98fe3614f9bc8ca700277cb9e4_checkpatch.log)
  u24: PASS (63s) (log: /var/www/ci-lustre/upstream-patch-review/b1bd7030d3f90a98fe3614f9bc8ca700277cb9e4_u24.log)
  al2023: PASS (62s) (log: /var/www/ci-lustre/upstream-patch-review/b1bd7030d3f90a98fe3614f9bc8ca700277cb9e4_al2023.log)
  lustre_mainline_strict: FAIL (123s) (log: /var/www/ci-lustre/upstream-patch-review/b1bd7030d3f90a98fe3614f9bc8ca700277cb9e4_lustre_mainline_strict.log)
  lustre_mainline: FAIL (128s) (log: /var/www/ci-lustre/upstream-patch-review/b1bd7030d3f90a98fe3614f9bc8ca700277cb9e4_lustre_mainline.log)
  lustre_mainline_native: FAIL (126s) (log: /var/www/ci-lustre/upstream-patch-review/b1bd7030d3f90a98fe3614f9bc8ca700277cb9e4_lustre_mainline_native.log)
  clang-tidy: SKIPPED (due to dependency failure)
  cc-plugin: SKIPPED (due to dependency failure)
  boot: SKIPPED (due to dependency failure)
  llmount: SKIPPED (due to dependency failure)
  mgs-setup: SKIPPED (due to dependency failure)
  sanity-1: SKIPPED (due to dependency failure)
  sanity-2: SKIPPED (due to dependency failure)
  sanity-3: SKIPPED (due to dependency failure)
  sanity-4: SKIPPED (due to dependency failure)

Total execution time: 161s
