CLI: ./podman-ktest --podman-socket unix:///run/podman/podman.sock --shared-filesystem /tmp --tarball-input job lustre-ci --output /var/www/ci-lustre/upstream-patch-review --git-hash b25ce30cdbd766b45dc8a5ab1b48ce986cdcbb16 --change-id 66551_b25ce30cdbd766b45dc8a5ab1b48ce986cdcbb16 --subject LU-1158 general: convert timestamps to nanoseconds

  Checking /dev/kvm exists... OK
  Checking /dev/kvm permissions... OK
  Creating ccache directory... OK
  Checking ccache directory writable... OK
  Creating package output directory... OK

Environment validated successfully
Creating kernel tarball at /tmp/ktest-kernel.tar.gz...
Creating lustre tarball at /tmp/ktest-lustre.tar.gz...
Creating ZFS tarball at /tmp/ktest-zfs.tar.gz...
Executing 13 jobs
Jobs will start as soon as their dependencies are satisfied
Using tarball input mode

START lustre_mainline_native build tests/fs/lustre/boot.ktest
START checkpatch tool checkpatch
START al2023 build tests/fs/lustre/boot.ktest
START u24 build tests/fs/lustre/boot.ktest
START lustre_mainline build tests/fs/lustre/boot.ktest
START lustre_mainline_strict build tests/fs/lustre/boot-strict.ktest
PUT /tmp/ktest-lustre.tar.gz 1s
PUT /tmp/ktest-lustre.tar.gz 1s
PUT /tmp/ktest-kernel.tar.gz 14s
PUT /tmp/ktest-kernel.tar.gz 14s
PUT /tmp/ktest-kernel.tar.gz 14s
PUT /tmp/ktest-kernel.tar.gz 14s
PUT /tmp/ktest-lustre.tar.gz 2s
PUT /tmp/ktest-lustre.tar.gz 2s
PUT /tmp/ktest-lustre.tar.gz 1s
PUT /tmp/ktest-lustre.tar.gz 2s
PUT /tmp/ktest-zfs.tar.gz 0s
PUT /tmp/ktest-zfs.tar.gz 0s
PUT /tmp/ktest-zfs.tar.gz 0s
END checkpatch tool checkpatch FAIL 20s (exit code: 1)
END al2023 build tests/fs/lustre/boot.ktest PASS 63s
END u24 build tests/fs/lustre/boot.ktest PASS 74s
GET /tmp/ktest_lustre_mainline_strict_c0xoko6e.tar 6s
END lustre_mainline_strict build tests/fs/lustre/boot-strict.ktest FAIL 222s (exit code: 1)
GET /tmp/ktest_lustre_mainline_8r65ld70.tar 0s
GET /tmp/ktest_lustre_mainline_native_b2awrcna.tar 0s
END lustre_mainline build tests/fs/lustre/boot.ktest PASS 236s
END lustre_mainline_native build tests/fs/lustre/boot.ktest PASS 237s
START boot run tests/fs/lustre/boot.ktest
START llmount run tests/fs/lustre/llmount.ktest
START mgs-setup run tests/fs/lustre/mgs-setup.ktest
START sanity-1 run tests/fs/lustre/sanity/sanity-1.ktest
START sanity-2 run tests/fs/lustre/sanity/sanity-2.ktest
START sanity-3 run tests/fs/lustre/sanity/sanity-3.ktest
START sanity-4 run tests/fs/lustre/sanity/sanity-4.ktest
PUT /tmp/ktest-kernel.tar.gz 33s
PUT /tmp/ktest-kernel.tar.gz 33s
PUT /tmp/ktest-kernel.tar.gz 33s
PUT /tmp/ktest-kernel.tar.gz 33s
PUT /tmp/ktest-kernel.tar.gz 33s
PUT /tmp/ktest-kernel.tar.gz 33s
PUT /tmp/ktest-kernel.tar.gz 34s
PUT /tmp/ktest-lustre.tar.gz 9s
PUT /tmp/ktest-lustre.tar.gz 9s
PUT /tmp/ktest-lustre.tar.gz 9s
PUT /tmp/ktest-lustre.tar.gz 9s
PUT /tmp/ktest-lustre.tar.gz 9s
PUT /tmp/ktest-lustre.tar.gz 10s
PUT /tmp/ktest-lustre.tar.gz 10s
PUT /tmp/ktest_lustre_mainline_native_b2awrcna.tar 1s
PUT /tmp/ktest_lustre_mainline_native_b2awrcna.tar 1s
PUT /tmp/ktest_lustre_mainline_native_b2awrcna.tar 1s
PUT /tmp/ktest_lustre_mainline_native_b2awrcna.tar 1s
PUT /tmp/ktest_lustre_mainline_native_b2awrcna.tar 1s
PUT /tmp/ktest_lustre_mainline_native_b2awrcna.tar 1s
PUT /tmp/ktest_lustre_mainline_native_b2awrcna.tar 1s
END boot run tests/fs/lustre/boot.ktest PASS 86s
END mgs-setup run tests/fs/lustre/mgs-setup.ktest PASS 95s
END llmount run tests/fs/lustre/llmount.ktest FAIL 119s (exit code: 1)
END sanity-3 run tests/fs/lustre/sanity/sanity-3.ktest PASS 121s
END sanity-2 run tests/fs/lustre/sanity/sanity-2.ktest PASS 125s
END sanity-4 run tests/fs/lustre/sanity/sanity-4.ktest PASS 134s
END sanity-1 run tests/fs/lustre/sanity/sanity-1.ktest PASS 135s

============================================================
Final Results:
  checkpatch: FAIL (20s) (log: /var/www/ci-lustre/upstream-patch-review/b25ce30cdbd766b45dc8a5ab1b48ce986cdcbb16_checkpatch.log)
  u24: PASS (74s) (log: /var/www/ci-lustre/upstream-patch-review/b25ce30cdbd766b45dc8a5ab1b48ce986cdcbb16_u24.log)
  al2023: PASS (63s) (log: /var/www/ci-lustre/upstream-patch-review/b25ce30cdbd766b45dc8a5ab1b48ce986cdcbb16_al2023.log)
  lustre_mainline_strict: FAIL (222s) (log: /var/www/ci-lustre/upstream-patch-review/b25ce30cdbd766b45dc8a5ab1b48ce986cdcbb16_lustre_mainline_strict.log)
  lustre_mainline: PASS (236s) (log: /var/www/ci-lustre/upstream-patch-review/b25ce30cdbd766b45dc8a5ab1b48ce986cdcbb16_lustre_mainline.log)
  lustre_mainline_native: PASS (237s) (log: /var/www/ci-lustre/upstream-patch-review/b25ce30cdbd766b45dc8a5ab1b48ce986cdcbb16_lustre_mainline_native.log)
  boot: PASS (86s) (log: /var/www/ci-lustre/upstream-patch-review/b25ce30cdbd766b45dc8a5ab1b48ce986cdcbb16_boot.log)
  llmount: FAIL (119s) (log: /var/www/ci-lustre/upstream-patch-review/b25ce30cdbd766b45dc8a5ab1b48ce986cdcbb16_llmount.log)
  mgs-setup: PASS (95s) (log: /var/www/ci-lustre/upstream-patch-review/b25ce30cdbd766b45dc8a5ab1b48ce986cdcbb16_mgs-setup.log)
  sanity-1: PASS (135s) (log: /var/www/ci-lustre/upstream-patch-review/b25ce30cdbd766b45dc8a5ab1b48ce986cdcbb16_sanity-1.log)
  sanity-2: PASS (125s) (log: /var/www/ci-lustre/upstream-patch-review/b25ce30cdbd766b45dc8a5ab1b48ce986cdcbb16_sanity-2.log)
  sanity-3: PASS (121s) (log: /var/www/ci-lustre/upstream-patch-review/b25ce30cdbd766b45dc8a5ab1b48ce986cdcbb16_sanity-3.log)
  sanity-4: PASS (134s) (log: /var/www/ci-lustre/upstream-patch-review/b25ce30cdbd766b45dc8a5ab1b48ce986cdcbb16_sanity-4.log)

Total execution time: 402s
