CLI: ./podman-ktest --podman-socket unix:///run/podman/podman.sock --shared-filesystem /tmp --tarball-input job lustre-ci --output /var/www/ci-lustre/upstream-patch-review --git-hash b2fe2725e76b1423d2dc0a709f2057e759705b19 --change-id 58097_b2fe2725e76b1423d2dc0a709f2057e759705b19 --subject LU-17916 llite: switch to struct folio of order 0

  Checking /dev/kvm exists... OK
  Checking /dev/kvm permissions... OK
  Creating ccache directory... OK
  Checking ccache directory writable... OK
  Creating package output directory... OK

Environment validated successfully
Creating kernel tarball at /tmp/ktest-kernel.tar.gz...
Creating lustre tarball at /tmp/ktest-lustre.tar.gz...
Creating ZFS tarball at /tmp/ktest-zfs.tar.gz...
Executing 13 jobs
Jobs will start as soon as their dependencies are satisfied
Using tarball input mode

START lustre_mainline_native build tests/fs/lustre/boot.ktest
START u24 build tests/fs/lustre/boot.ktest
START lustre_mainline build tests/fs/lustre/boot.ktest
START lustre_mainline_strict build tests/fs/lustre/boot-strict.ktest
START checkpatch tool checkpatch
START al2023 build tests/fs/lustre/boot.ktest
PUT /tmp/ktest-lustre.tar.gz 1s
PUT /tmp/ktest-lustre.tar.gz 1s
PUT /tmp/ktest-kernel.tar.gz 6s
PUT /tmp/ktest-kernel.tar.gz 6s
PUT /tmp/ktest-kernel.tar.gz 6s
PUT /tmp/ktest-kernel.tar.gz 6s
PUT /tmp/ktest-lustre.tar.gz 1s
PUT /tmp/ktest-lustre.tar.gz 1s
PUT /tmp/ktest-lustre.tar.gz 1s
PUT /tmp/ktest-lustre.tar.gz 1s
PUT /tmp/ktest-zfs.tar.gz 0s
PUT /tmp/ktest-zfs.tar.gz 0s
PUT /tmp/ktest-zfs.tar.gz 0s
END checkpatch tool checkpatch FAIL 11s (exit code: 1)
END al2023 build tests/fs/lustre/boot.ktest PASS 61s
END u24 build tests/fs/lustre/boot.ktest PASS 64s
GET /tmp/ktest_lustre_mainline_strict_449736au.tar 6s
END lustre_mainline_strict build tests/fs/lustre/boot-strict.ktest FAIL 180s (exit code: 1)
GET /tmp/ktest_lustre_mainline_9p9gx2j6.tar 0s
GET /tmp/ktest_lustre_mainline_native_gufm2jk0.tar 0s
END lustre_mainline build tests/fs/lustre/boot.ktest PASS 184s
END lustre_mainline_native build tests/fs/lustre/boot.ktest PASS 185s
START boot run tests/fs/lustre/boot.ktest
START llmount run tests/fs/lustre/llmount.ktest
START mgs-setup run tests/fs/lustre/mgs-setup.ktest
START sanity-1 run tests/fs/lustre/sanity/sanity-1.ktest
START sanity-2 run tests/fs/lustre/sanity/sanity-2.ktest
START sanity-3 run tests/fs/lustre/sanity/sanity-3.ktest
START sanity-4 run tests/fs/lustre/sanity/sanity-4.ktest
PUT /tmp/ktest-kernel.tar.gz 11s
PUT /tmp/ktest-kernel.tar.gz 11s
PUT /tmp/ktest-kernel.tar.gz 11s
PUT /tmp/ktest-kernel.tar.gz 11s
PUT /tmp/ktest-kernel.tar.gz 11s
PUT /tmp/ktest-kernel.tar.gz 12s
PUT /tmp/ktest-kernel.tar.gz 12s
PUT /tmp/ktest-lustre.tar.gz 3s
PUT /tmp/ktest-lustre.tar.gz 3s
PUT /tmp/ktest-lustre.tar.gz 4s
PUT /tmp/ktest-lustre.tar.gz 3s
PUT /tmp/ktest-lustre.tar.gz 3s
PUT /tmp/ktest-lustre.tar.gz 4s
PUT /tmp/ktest-lustre.tar.gz 3s
PUT /tmp/ktest_lustre_mainline_native_gufm2jk0.tar 0s
PUT /tmp/ktest_lustre_mainline_native_gufm2jk0.tar 0s
PUT /tmp/ktest_lustre_mainline_native_gufm2jk0.tar 0s
PUT /tmp/ktest_lustre_mainline_native_gufm2jk0.tar 0s
PUT /tmp/ktest_lustre_mainline_native_gufm2jk0.tar 0s
PUT /tmp/ktest_lustre_mainline_native_gufm2jk0.tar 0s
PUT /tmp/ktest_lustre_mainline_native_gufm2jk0.tar 0s
END boot run tests/fs/lustre/boot.ktest PASS 22s
END mgs-setup run tests/fs/lustre/mgs-setup.ktest PASS 32s
END sanity-4 run tests/fs/lustre/sanity/sanity-4.ktest PASS 55s
END sanity-2 run tests/fs/lustre/sanity/sanity-2.ktest PASS 61s
END sanity-3 run tests/fs/lustre/sanity/sanity-3.ktest PASS 62s
END llmount run tests/fs/lustre/llmount.ktest PASS 84s
END sanity-1 run tests/fs/lustre/sanity/sanity-1.ktest PASS 100s

============================================================
Final Results:
  checkpatch: FAIL (11s) (log: /var/www/ci-lustre/upstream-patch-review/b2fe2725e76b1423d2dc0a709f2057e759705b19_checkpatch.log)
  u24: PASS (64s) (log: /var/www/ci-lustre/upstream-patch-review/b2fe2725e76b1423d2dc0a709f2057e759705b19_u24.log)
  al2023: PASS (61s) (log: /var/www/ci-lustre/upstream-patch-review/b2fe2725e76b1423d2dc0a709f2057e759705b19_al2023.log)
  lustre_mainline_strict: FAIL (180s) (log: /var/www/ci-lustre/upstream-patch-review/b2fe2725e76b1423d2dc0a709f2057e759705b19_lustre_mainline_strict.log)
  lustre_mainline: PASS (184s) (log: /var/www/ci-lustre/upstream-patch-review/b2fe2725e76b1423d2dc0a709f2057e759705b19_lustre_mainline.log)
  lustre_mainline_native: PASS (185s) (log: /var/www/ci-lustre/upstream-patch-review/b2fe2725e76b1423d2dc0a709f2057e759705b19_lustre_mainline_native.log)
  boot: PASS (22s) (log: /var/www/ci-lustre/upstream-patch-review/b2fe2725e76b1423d2dc0a709f2057e759705b19_boot.log)
  llmount: PASS (84s) (log: /var/www/ci-lustre/upstream-patch-review/b2fe2725e76b1423d2dc0a709f2057e759705b19_llmount.log)
  mgs-setup: PASS (32s) (log: /var/www/ci-lustre/upstream-patch-review/b2fe2725e76b1423d2dc0a709f2057e759705b19_mgs-setup.log)
  sanity-1: PASS (100s) (log: /var/www/ci-lustre/upstream-patch-review/b2fe2725e76b1423d2dc0a709f2057e759705b19_sanity-1.log)
  sanity-2: PASS (61s) (log: /var/www/ci-lustre/upstream-patch-review/b2fe2725e76b1423d2dc0a709f2057e759705b19_sanity-2.log)
  sanity-3: PASS (62s) (log: /var/www/ci-lustre/upstream-patch-review/b2fe2725e76b1423d2dc0a709f2057e759705b19_sanity-3.log)
  sanity-4: PASS (55s) (log: /var/www/ci-lustre/upstream-patch-review/b2fe2725e76b1423d2dc0a709f2057e759705b19_sanity-4.log)

Total execution time: 313s
