CLI: ./podman-ktest --podman-socket unix:///run/podman/podman.sock --shared-filesystem /tmp --tarball-input job lustre-ci --output /var/www/ci-lustre/upstream-patch-review --git-hash b34ab98e143b94eb5190b8223a6546ec0df1b22f --change-id 65054_b34ab98e143b94eb5190b8223a6546ec0df1b22f --subject LU-20069 osc: pass page index explicitly for DIO encrypt

  Checking /dev/kvm exists... OK
  Checking /dev/kvm permissions... OK
  Creating ccache directory... OK
  Checking ccache directory writable... OK

Environment validated successfully
Creating kernel tarball at /tmp/ktest-kernel.tar.gz...
Creating lustre tarball at /tmp/ktest-lustre.tar.gz...
Executing 16 jobs
Jobs will start as soon as their dependencies are satisfied
Using tarball input mode

START u24 build tests/fs/lustre/boot.ktest
START lustre_mainline_strict build tests/fs/lustre/boot-strict.ktest
START lustre_mainline_native build tests/fs/lustre/boot.ktest
START checkpatch tool checkpatch
START lustre_mainline build tests/fs/lustre/boot.ktest
START al2023 build tests/fs/lustre/boot.ktest
PUT /tmp/ktest-kernel.tar.gz 8s
PUT /tmp/ktest-kernel.tar.gz 8s
PUT /tmp/ktest-kernel.tar.gz 8s
PUT /tmp/ktest-kernel.tar.gz 8s
PUT /tmp/ktest-kernel.tar.gz 8s
PUT /tmp/ktest-kernel.tar.gz 8s
PUT /tmp/ktest-lustre.tar.gz 2s
PUT /tmp/ktest-lustre.tar.gz 1s
PUT /tmp/ktest-lustre.tar.gz 2s
PUT /tmp/ktest-lustre.tar.gz 2s
PUT /tmp/ktest-lustre.tar.gz 2s
PUT /tmp/ktest-lustre.tar.gz 2s
END checkpatch tool checkpatch FAIL 13s (exit code: 1)
END al2023 build tests/fs/lustre/boot.ktest PASS 65s
END u24 build tests/fs/lustre/boot.ktest PASS 68s
GET /tmp/ktest_lustre_mainline_strict_anng9niw.tar 5s
END lustre_mainline_strict build tests/fs/lustre/boot-strict.ktest FAIL 110s (exit code: 1)
GET /tmp/ktest_lustre_mainline_native_4i6jqs3e.tar 4s
GET /tmp/ktest_lustre_mainline_h8cjtog4.tar 5s
END lustre_mainline_native build tests/fs/lustre/boot.ktest PASS 113s
START clang-tidy tool clang-tidy
START cc-plugin tool cc-plugin
START boot run tests/fs/lustre/boot.ktest
START llmount run tests/fs/lustre/llmount.ktest
START llog-unit run tests/fs/lustre/llog-unit.ktest
START mgs-setup run tests/fs/lustre/mgs-setup.ktest
START sanity-1 run tests/fs/lustre/sanity/sanity-1.ktest
START sanity-2 run tests/fs/lustre/sanity/sanity-2.ktest
START sanity-3 run tests/fs/lustre/sanity/sanity-3.ktest
START sanity-4 run tests/fs/lustre/sanity/sanity-4.ktest
END lustre_mainline build tests/fs/lustre/boot.ktest PASS 114s
PUT /tmp/ktest-kernel.tar.gz 9s
PUT /tmp/ktest_lustre_mainline_native_4i6jqs3e.tar 9s
PUT /tmp/ktest_lustre_mainline_native_4i6jqs3e.tar 9s
PUT /tmp/ktest-kernel.tar.gz 9s
PUT /tmp/ktest_lustre_mainline_native_4i6jqs3e.tar 9s
PUT /tmp/ktest_lustre_mainline_native_4i6jqs3e.tar 9s
PUT /tmp/ktest_lustre_mainline_native_4i6jqs3e.tar 9s
PUT /tmp/ktest_lustre_mainline_native_4i6jqs3e.tar 9s
PUT /tmp/ktest_lustre_mainline_native_4i6jqs3e.tar 9s
PUT /tmp/ktest_lustre_mainline_native_4i6jqs3e.tar 9s
PUT /tmp/ktest-lustre.tar.gz 27s
PUT /tmp/ktest-lustre.tar.gz 26s
PUT /tmp/ktest_lustre_mainline_native_4i6jqs3e.tar 8s
PUT /tmp/ktest_lustre_mainline_native_4i6jqs3e.tar 8s
END cc-plugin tool cc-plugin FAIL 48s (exit code: 127)
END clang-tidy tool clang-tidy FAIL 49s (exit code: 1)
END boot run tests/fs/lustre/boot.ktest PASS 61s
END mgs-setup run tests/fs/lustre/mgs-setup.ktest PASS 66s
END sanity-1 run tests/fs/lustre/sanity/sanity-1.ktest PASS 77s
END sanity-3 run tests/fs/lustre/sanity/sanity-3.ktest PASS 90s
END sanity-2 run tests/fs/lustre/sanity/sanity-2.ktest PASS 91s
END sanity-4 run tests/fs/lustre/sanity/sanity-4.ktest PASS 91s
END llmount run tests/fs/lustre/llmount.ktest PASS 146s
END llog-unit run tests/fs/lustre/llog-unit.ktest PASS 148s

============================================================
Final Results:
  checkpatch: FAIL (13s) (log: /var/www/ci-lustre/upstream-patch-review/b34ab98e143b94eb5190b8223a6546ec0df1b22f_checkpatch.log)
  u24: PASS (68s) (log: /var/www/ci-lustre/upstream-patch-review/b34ab98e143b94eb5190b8223a6546ec0df1b22f_u24.log)
  al2023: PASS (65s) (log: /var/www/ci-lustre/upstream-patch-review/b34ab98e143b94eb5190b8223a6546ec0df1b22f_al2023.log)
  lustre_mainline_strict: FAIL (110s) (log: /var/www/ci-lustre/upstream-patch-review/b34ab98e143b94eb5190b8223a6546ec0df1b22f_lustre_mainline_strict.log)
  lustre_mainline: PASS (114s) (log: /var/www/ci-lustre/upstream-patch-review/b34ab98e143b94eb5190b8223a6546ec0df1b22f_lustre_mainline.log)
  lustre_mainline_native: PASS (113s) (log: /var/www/ci-lustre/upstream-patch-review/b34ab98e143b94eb5190b8223a6546ec0df1b22f_lustre_mainline_native.log)
  clang-tidy: FAIL (49s) (log: /var/www/ci-lustre/upstream-patch-review/b34ab98e143b94eb5190b8223a6546ec0df1b22f_clang-tidy.log)
  cc-plugin: FAIL (48s) (log: /var/www/ci-lustre/upstream-patch-review/b34ab98e143b94eb5190b8223a6546ec0df1b22f_cc-plugin.log)
  boot: PASS (61s) (log: /var/www/ci-lustre/upstream-patch-review/b34ab98e143b94eb5190b8223a6546ec0df1b22f_boot.log)
  llmount: PASS (146s) (log: /var/www/ci-lustre/upstream-patch-review/b34ab98e143b94eb5190b8223a6546ec0df1b22f_llmount.log)
  llog-unit: PASS (148s) (log: /var/www/ci-lustre/upstream-patch-review/b34ab98e143b94eb5190b8223a6546ec0df1b22f_llog-unit.log)
  mgs-setup: PASS (66s) (log: /var/www/ci-lustre/upstream-patch-review/b34ab98e143b94eb5190b8223a6546ec0df1b22f_mgs-setup.log)
  sanity-1: PASS (77s) (log: /var/www/ci-lustre/upstream-patch-review/b34ab98e143b94eb5190b8223a6546ec0df1b22f_sanity-1.log)
  sanity-2: PASS (91s) (log: /var/www/ci-lustre/upstream-patch-review/b34ab98e143b94eb5190b8223a6546ec0df1b22f_sanity-2.log)
  sanity-3: PASS (90s) (log: /var/www/ci-lustre/upstream-patch-review/b34ab98e143b94eb5190b8223a6546ec0df1b22f_sanity-3.log)
  sanity-4: PASS (91s) (log: /var/www/ci-lustre/upstream-patch-review/b34ab98e143b94eb5190b8223a6546ec0df1b22f_sanity-4.log)

Total execution time: 293s
