WARNING:MACRO_ARG_UNUSED: Argument 'i' is not used in function-like macro
#67: FILE: include/lustre_compat/linux/folio.h:402:
+#define wbe_folio_get_private(page, i)	((void *)page_private((page)))

WARNING:LEADING_SPACE: please, no spaces at the start of a line
#322: FILE: lustre/include/lustre_lib.h:74:
+       CDEBUG(mask, "page %p map %p index %lu flags %lx count %u priv %px: "  \$

WARNING:VSPRINTF_SPECIFIER_PX: Using vsprintf specifier '%px' potentially exposes the kernel memory layout, if you don't really need the address please consider using '%p'.
#689: FILE: lustre/llite/llite_lib.c:3347:
+			LASSERTF(!folio_test_uptodate(folio) &&
+				 !folio_test_dirty(folio) &&
+				 !folio_test_private(folio), "%px", folio);

WARNING:VSPRINTF_SPECIFIER_PX: Using vsprintf specifier '%px' potentially exposes the kernel memory layout, if you don't really need the address please consider using '%p'.
#1946: FILE: lustre/llite/vvp_io.c:1007:
+	LASSERTF(folio->mapping,
 		 "mapping must be set. page %px, page->private (cl_page) %px\n",
+		 folio, folio_get_private(folio));

WARNING:VSPRINTF_SPECIFIER_PX: Using vsprintf specifier '%px' potentially exposes the kernel memory layout, if you don't really need the address please consider using '%p'.
#2036: FILE: lustre/llite/vvp_io.c:1066:
+		LASSERTF(folio->mapping == mapping,
+			 "all folios must have the same mapping.  folio %px, mapping %px, first mapping %px\n",
+			 folio, folio->mapping, mapping);

total: 0 errors, 5 warnings, 3444 lines checked

NOTE: For some of the reported defects, checkpatch may be able to
      mechanically convert to the typical style using --fix or --fix-inplace.

Your patch has style problems, please review.

NOTE: If any of the errors are false positives, please report
      them to the maintainer, see CHECKPATCH in MAINTAINERS.
