CLI: ./podman-ktest --podman-socket unix:///run/podman/podman.sock --shared-filesystem /tmp --tarball-input job lustre-ci --output /var/www/ci-lustre/upstream-patch-review --git-hash b3c56433d5c0022256550d04dda52c8215f2036b --change-id 66254_b3c56433d5c0022256550d04dda52c8215f2036b --subject LU-19712 utils: Add pin and not-pool options in lfs setstripe

  Checking /dev/kvm exists... OK
  Checking /dev/kvm permissions... OK
  Creating ccache directory... OK
  Checking ccache directory writable... OK
  Creating package output directory... OK

Environment validated successfully
Creating kernel tarball at /tmp/ktest-kernel.tar.gz...
Creating lustre tarball at /tmp/ktest-lustre.tar.gz...
Creating ZFS tarball at /tmp/ktest-zfs.tar.gz...
Executing 13 jobs
Jobs will start as soon as their dependencies are satisfied
Using tarball input mode

START checkpatch tool checkpatch
START lustre_mainline build tests/fs/lustre/boot.ktest
START lustre_mainline_native build tests/fs/lustre/boot.ktest
START al2023 build tests/fs/lustre/boot.ktest
START lustre_mainline_strict build tests/fs/lustre/boot-strict.ktest
START u24 build tests/fs/lustre/boot.ktest
PUT /tmp/ktest-lustre.tar.gz 1s
PUT /tmp/ktest-lustre.tar.gz 1s
PUT /tmp/ktest-kernel.tar.gz 6s
PUT /tmp/ktest-kernel.tar.gz 6s
PUT /tmp/ktest-kernel.tar.gz 6s
PUT /tmp/ktest-kernel.tar.gz 6s
PUT /tmp/ktest-lustre.tar.gz 1s
PUT /tmp/ktest-lustre.tar.gz 1s
PUT /tmp/ktest-lustre.tar.gz 1s
PUT /tmp/ktest-lustre.tar.gz 1s
PUT /tmp/ktest-zfs.tar.gz 0s
PUT /tmp/ktest-zfs.tar.gz 0s
PUT /tmp/ktest-zfs.tar.gz 0s
END checkpatch tool checkpatch FAIL 10s (exit code: 1)
END al2023 build tests/fs/lustre/boot.ktest PASS 51s
END u24 build tests/fs/lustre/boot.ktest PASS 54s
GET /tmp/ktest_lustre_mainline_eb_55ojd.tar 0s
GET /tmp/ktest_lustre_mainline_native_d5nkeqs2.tar 0s
END lustre_mainline build tests/fs/lustre/boot.ktest PASS 158s
GET /tmp/ktest_lustre_mainline_strict_lmulfv7p.tar 5s
END lustre_mainline_native build tests/fs/lustre/boot.ktest PASS 159s
START boot run tests/fs/lustre/boot.ktest
START llmount run tests/fs/lustre/llmount.ktest
START mgs-setup run tests/fs/lustre/mgs-setup.ktest
START sanity-1 run tests/fs/lustre/sanity/sanity-1.ktest
START sanity-2 run tests/fs/lustre/sanity/sanity-2.ktest
START sanity-3 run tests/fs/lustre/sanity/sanity-3.ktest
START sanity-4 run tests/fs/lustre/sanity/sanity-4.ktest
END lustre_mainline_strict build tests/fs/lustre/boot-strict.ktest FAIL 161s (exit code: 1)
PUT /tmp/ktest-kernel.tar.gz 9s
PUT /tmp/ktest-kernel.tar.gz 9s
PUT /tmp/ktest-kernel.tar.gz 9s
PUT /tmp/ktest-kernel.tar.gz 9s
PUT /tmp/ktest-kernel.tar.gz 9s
PUT /tmp/ktest-kernel.tar.gz 9s
PUT /tmp/ktest-kernel.tar.gz 9s
PUT /tmp/ktest-lustre.tar.gz 2s
PUT /tmp/ktest-lustre.tar.gz 2s
PUT /tmp/ktest-lustre.tar.gz 1s
PUT /tmp/ktest-lustre.tar.gz 2s
PUT /tmp/ktest-lustre.tar.gz 1s
PUT /tmp/ktest-lustre.tar.gz 2s
PUT /tmp/ktest-lustre.tar.gz 2s
PUT /tmp/ktest_lustre_mainline_native_d5nkeqs2.tar 0s
PUT /tmp/ktest_lustre_mainline_native_d5nkeqs2.tar 0s
PUT /tmp/ktest_lustre_mainline_native_d5nkeqs2.tar 0s
PUT /tmp/ktest_lustre_mainline_native_d5nkeqs2.tar 0s
PUT /tmp/ktest_lustre_mainline_native_d5nkeqs2.tar 0s
PUT /tmp/ktest_lustre_mainline_native_d5nkeqs2.tar 0s
PUT /tmp/ktest_lustre_mainline_native_d5nkeqs2.tar 0s
END boot run tests/fs/lustre/boot.ktest PASS 54s
END mgs-setup run tests/fs/lustre/mgs-setup.ktest PASS 64s
END sanity-3 run tests/fs/lustre/sanity/sanity-3.ktest PASS 90s
END sanity-4 run tests/fs/lustre/sanity/sanity-4.ktest PASS 92s
END llmount run tests/fs/lustre/llmount.ktest PASS 102s
END sanity-1 run tests/fs/lustre/sanity/sanity-1.ktest PASS 104s
END sanity-2 run tests/fs/lustre/sanity/sanity-2.ktest PASS 105s

============================================================
Final Results:
  checkpatch: FAIL (10s) (log: /var/www/ci-lustre/upstream-patch-review/b3c56433d5c0022256550d04dda52c8215f2036b_checkpatch.log)
  u24: PASS (54s) (log: /var/www/ci-lustre/upstream-patch-review/b3c56433d5c0022256550d04dda52c8215f2036b_u24.log)
  al2023: PASS (51s) (log: /var/www/ci-lustre/upstream-patch-review/b3c56433d5c0022256550d04dda52c8215f2036b_al2023.log)
  lustre_mainline_strict: FAIL (161s) (log: /var/www/ci-lustre/upstream-patch-review/b3c56433d5c0022256550d04dda52c8215f2036b_lustre_mainline_strict.log)
  lustre_mainline: PASS (158s) (log: /var/www/ci-lustre/upstream-patch-review/b3c56433d5c0022256550d04dda52c8215f2036b_lustre_mainline.log)
  lustre_mainline_native: PASS (159s) (log: /var/www/ci-lustre/upstream-patch-review/b3c56433d5c0022256550d04dda52c8215f2036b_lustre_mainline_native.log)
  boot: PASS (54s) (log: /var/www/ci-lustre/upstream-patch-review/b3c56433d5c0022256550d04dda52c8215f2036b_boot.log)
  llmount: PASS (102s) (log: /var/www/ci-lustre/upstream-patch-review/b3c56433d5c0022256550d04dda52c8215f2036b_llmount.log)
  mgs-setup: PASS (64s) (log: /var/www/ci-lustre/upstream-patch-review/b3c56433d5c0022256550d04dda52c8215f2036b_mgs-setup.log)
  sanity-1: PASS (104s) (log: /var/www/ci-lustre/upstream-patch-review/b3c56433d5c0022256550d04dda52c8215f2036b_sanity-1.log)
  sanity-2: PASS (105s) (log: /var/www/ci-lustre/upstream-patch-review/b3c56433d5c0022256550d04dda52c8215f2036b_sanity-2.log)
  sanity-3: PASS (90s) (log: /var/www/ci-lustre/upstream-patch-review/b3c56433d5c0022256550d04dda52c8215f2036b_sanity-3.log)
  sanity-4: PASS (92s) (log: /var/www/ci-lustre/upstream-patch-review/b3c56433d5c0022256550d04dda52c8215f2036b_sanity-4.log)

Total execution time: 293s
