CLI: ./podman-ktest --podman-socket unix:///run/podman/podman.sock --shared-filesystem /tmp --tarball-input job lustre-ci --output /var/www/ci-lustre/upstream-patch-review --git-hash b692b414437d5aabb52d0dcd02d80b95f0aa89ff --change-id 63981_b692b414437d5aabb52d0dcd02d80b95f0aa89ff --subject LU-0000 osc: fix shrinker loop in osc_lru_list_shrink

  Checking /dev/kvm exists... OK
  Checking /dev/kvm permissions... OK
  Creating ccache directory... OK
  Checking ccache directory writable... OK

Environment validated successfully
Creating kernel tarball at /tmp/ktest-kernel.tar.gz...
Creating lustre tarball at /tmp/ktest-lustre.tar.gz...
Executing 16 jobs
Jobs will start as soon as their dependencies are satisfied
Using tarball input mode

START lustre_mainline build tests/fs/lustre/boot.ktest
START lustre_u24 build tests/fs/lustre/boot.ktest
START lustre_mainline_native build tests/fs/lustre/boot.ktest
START lustre_mainline_strict build tests/fs/lustre/boot-strict.ktest
START lustre_al2023 build tests/fs/lustre/boot.ktest
START checkpatch tool checkpatch
PUT /tmp/ktest-kernel.tar.gz 10s
PUT /tmp/ktest-kernel.tar.gz 10s
PUT /tmp/ktest-kernel.tar.gz 10s
PUT /tmp/ktest-kernel.tar.gz 11s
PUT /tmp/ktest-kernel.tar.gz 11s
PUT /tmp/ktest-kernel.tar.gz 11s
PUT /tmp/ktest-lustre.tar.gz 5s
PUT /tmp/ktest-lustre.tar.gz 5s
PUT /tmp/ktest-lustre.tar.gz 5s
PUT /tmp/ktest-lustre.tar.gz 6s
PUT /tmp/ktest-lustre.tar.gz 6s
PUT /tmp/ktest-lustre.tar.gz 5s
END checkpatch tool checkpatch PASS 19s
END lustre_al2023 build tests/fs/lustre/boot.ktest PASS 78s
END lustre_u24 build tests/fs/lustre/boot.ktest PASS 81s
GET /tmp/ktest_lustre_mainline_strict_gnw95dny.tar 4s
END lustre_mainline_strict build tests/fs/lustre/boot-strict.ktest FAIL 120s (exit code: 1)
GET /tmp/ktest_lustre_mainline_native_5qz1r7ao.tar 3s
GET /tmp/ktest_lustre_mainline_w429jg26.tar 3s
END lustre_mainline_native build tests/fs/lustre/boot.ktest PASS 140s
START clang-tidy tool clang-tidy
START cc-plugin tool cc-plugin
START boot run tests/fs/lustre/boot.ktest
START llmount run tests/fs/lustre/llmount.ktest
START llog-unit run tests/fs/lustre/llog-unit.ktest
START mgs-setup run tests/fs/lustre/mgs-setup.ktest
START sanity-1 run tests/fs/lustre/sanity/sanity-1.ktest
START sanity-2 run tests/fs/lustre/sanity/sanity-2.ktest
START sanity-3 run tests/fs/lustre/sanity/sanity-3.ktest
START sanity-4 run tests/fs/lustre/sanity/sanity-4.ktest
END lustre_mainline build tests/fs/lustre/boot.ktest PASS 142s
PUT /tmp/ktest-kernel.tar.gz 36s
PUT /tmp/ktest_lustre_mainline_native_5qz1r7ao.tar 41s
PUT /tmp/ktest-kernel.tar.gz 41s
PUT /tmp/ktest_lustre_mainline_native_5qz1r7ao.tar 41s
PUT /tmp/ktest_lustre_mainline_native_5qz1r7ao.tar 41s
PUT /tmp/ktest_lustre_mainline_native_5qz1r7ao.tar 41s
PUT /tmp/ktest_lustre_mainline_native_5qz1r7ao.tar 41s
PUT /tmp/ktest_lustre_mainline_native_5qz1r7ao.tar 41s
PUT /tmp/ktest_lustre_mainline_native_5qz1r7ao.tar 41s
PUT /tmp/ktest_lustre_mainline_native_5qz1r7ao.tar 41s
PUT /tmp/ktest-lustre.tar.gz 80s
PUT /tmp/ktest-lustre.tar.gz 84s
PUT /tmp/ktest_lustre_mainline_native_5qz1r7ao.tar 9s
PUT /tmp/ktest_lustre_mainline_native_5qz1r7ao.tar 17s
END cc-plugin tool cc-plugin FAIL 139s (exit code: 127)
END clang-tidy tool clang-tidy PASS 160s
END boot run tests/fs/lustre/boot.ktest PASS 160s
END mgs-setup run tests/fs/lustre/mgs-setup.ktest PASS 171s
END sanity-1 run tests/fs/lustre/sanity/sanity-1.ktest PASS 180s
END sanity-3 run tests/fs/lustre/sanity/sanity-3.ktest PASS 181s
END sanity-4 run tests/fs/lustre/sanity/sanity-4.ktest PASS 182s
END sanity-2 run tests/fs/lustre/sanity/sanity-2.ktest PASS 203s
END llmount run tests/fs/lustre/llmount.ktest PASS 249s
END llog-unit run tests/fs/lustre/llog-unit.ktest PASS 256s

============================================================
Final Results:
  checkpatch: PASS (19s) (log: /var/www/ci-lustre/upstream-patch-review/b692b414437d5aabb52d0dcd02d80b95f0aa89ff_checkpatch.log)
  lustre_u24: PASS (81s) (log: /var/www/ci-lustre/upstream-patch-review/b692b414437d5aabb52d0dcd02d80b95f0aa89ff_lustre_u24.log)
  lustre_al2023: PASS (78s) (log: /var/www/ci-lustre/upstream-patch-review/b692b414437d5aabb52d0dcd02d80b95f0aa89ff_lustre_al2023.log)
  lustre_mainline_strict: FAIL (120s) (log: /var/www/ci-lustre/upstream-patch-review/b692b414437d5aabb52d0dcd02d80b95f0aa89ff_lustre_mainline_strict.log)
  lustre_mainline: PASS (142s) (log: /var/www/ci-lustre/upstream-patch-review/b692b414437d5aabb52d0dcd02d80b95f0aa89ff_lustre_mainline.log)
  lustre_mainline_native: PASS (140s) (log: /var/www/ci-lustre/upstream-patch-review/b692b414437d5aabb52d0dcd02d80b95f0aa89ff_lustre_mainline_native.log)
  clang-tidy: PASS (160s) (log: /var/www/ci-lustre/upstream-patch-review/b692b414437d5aabb52d0dcd02d80b95f0aa89ff_clang-tidy.log)
  cc-plugin: FAIL (139s) (log: /var/www/ci-lustre/upstream-patch-review/b692b414437d5aabb52d0dcd02d80b95f0aa89ff_cc-plugin.log)
  boot: PASS (160s) (log: /var/www/ci-lustre/upstream-patch-review/b692b414437d5aabb52d0dcd02d80b95f0aa89ff_boot.log)
  llmount: PASS (249s) (log: /var/www/ci-lustre/upstream-patch-review/b692b414437d5aabb52d0dcd02d80b95f0aa89ff_llmount.log)
  llog-unit: PASS (256s) (log: /var/www/ci-lustre/upstream-patch-review/b692b414437d5aabb52d0dcd02d80b95f0aa89ff_llog-unit.log)
  mgs-setup: PASS (171s) (log: /var/www/ci-lustre/upstream-patch-review/b692b414437d5aabb52d0dcd02d80b95f0aa89ff_mgs-setup.log)
  sanity-1: PASS (180s) (log: /var/www/ci-lustre/upstream-patch-review/b692b414437d5aabb52d0dcd02d80b95f0aa89ff_sanity-1.log)
  sanity-2: PASS (203s) (log: /var/www/ci-lustre/upstream-patch-review/b692b414437d5aabb52d0dcd02d80b95f0aa89ff_sanity-2.log)
  sanity-3: PASS (181s) (log: /var/www/ci-lustre/upstream-patch-review/b692b414437d5aabb52d0dcd02d80b95f0aa89ff_sanity-3.log)
  sanity-4: PASS (182s) (log: /var/www/ci-lustre/upstream-patch-review/b692b414437d5aabb52d0dcd02d80b95f0aa89ff_sanity-4.log)

Total execution time: 426s
