CLI: ./podman-ktest --podman-socket unix:///run/podman/podman.sock --shared-filesystem /tmp --tarball-input job lustre-ci --output /var/www/ci-lustre/upstream-patch-review --git-hash b6ce628c2b0548617d747c8689477d4e86eb7cf8 --change-id 56384_b6ce628c2b0548617d747c8689477d4e86eb7cf8 --subject LU-14058 tests: clean up sanity.sh MDT name generation

  Checking /dev/kvm exists... OK
  Checking /dev/kvm permissions... OK
  Creating ccache directory... OK
  Checking ccache directory writable... OK

Environment validated successfully
Creating kernel tarball at /tmp/ktest-kernel.tar.gz...
Creating lustre tarball at /tmp/ktest-lustre.tar.gz...
Executing 16 jobs
Jobs will start as soon as their dependencies are satisfied
Using tarball input mode

START lustre_al2023 build tests/fs/lustre/boot.ktest
START checkpatch tool checkpatch
START lustre_mainline build tests/fs/lustre/boot.ktest
START lustre_u24 build tests/fs/lustre/boot.ktest
START lustre_mainline_native build tests/fs/lustre/boot.ktest
START lustre_mainline_strict build tests/fs/lustre/boot-strict.ktest
PUT /tmp/ktest-kernel.tar.gz 9s
PUT /tmp/ktest-kernel.tar.gz 9s
PUT /tmp/ktest-kernel.tar.gz 9s
PUT /tmp/ktest-kernel.tar.gz 9s
PUT /tmp/ktest-kernel.tar.gz 9s
PUT /tmp/ktest-kernel.tar.gz 10s
PUT /tmp/ktest-lustre.tar.gz 3s
PUT /tmp/ktest-lustre.tar.gz 4s
PUT /tmp/ktest-lustre.tar.gz 3s
PUT /tmp/ktest-lustre.tar.gz 4s
PUT /tmp/ktest-lustre.tar.gz 4s
PUT /tmp/ktest-lustre.tar.gz 3s
END checkpatch tool checkpatch FAIL 16s (exit code: 1)
END lustre_u24 build tests/fs/lustre/boot.ktest PASS 76s
END lustre_al2023 build tests/fs/lustre/boot.ktest PASS 78s
GET /tmp/ktest_lustre_mainline_strict_r6mayj5b.tar 4s
END lustre_mainline_strict build tests/fs/lustre/boot-strict.ktest FAIL 117s (exit code: 1)
GET /tmp/ktest_lustre_mainline_native_x3k3knl3.tar 3s
GET /tmp/ktest_lustre_mainline_c5itykip.tar 3s
END lustre_mainline_native build tests/fs/lustre/boot.ktest PASS 131s
START clang-tidy tool clang-tidy
START cc-plugin tool cc-plugin
START boot run tests/fs/lustre/boot.ktest
START llmount run tests/fs/lustre/llmount.ktest
START llog-unit run tests/fs/lustre/llog-unit.ktest
START mgs-setup run tests/fs/lustre/mgs-setup.ktest
START sanity-1 run tests/fs/lustre/sanity/sanity-1.ktest
START sanity-2 run tests/fs/lustre/sanity/sanity-2.ktest
START sanity-3 run tests/fs/lustre/sanity/sanity-3.ktest
START sanity-4 run tests/fs/lustre/sanity/sanity-4.ktest
END lustre_mainline build tests/fs/lustre/boot.ktest PASS 132s
PUT /tmp/ktest-kernel.tar.gz 28s
PUT /tmp/ktest_lustre_mainline_native_x3k3knl3.tar 28s
PUT /tmp/ktest_lustre_mainline_native_x3k3knl3.tar 28s
PUT /tmp/ktest_lustre_mainline_native_x3k3knl3.tar 28s
PUT /tmp/ktest_lustre_mainline_native_x3k3knl3.tar 28s
PUT /tmp/ktest_lustre_mainline_native_x3k3knl3.tar 28s
PUT /tmp/ktest-kernel.tar.gz 28s
PUT /tmp/ktest_lustre_mainline_native_x3k3knl3.tar 28s
PUT /tmp/ktest_lustre_mainline_native_x3k3knl3.tar 28s
PUT /tmp/ktest_lustre_mainline_native_x3k3knl3.tar 28s
PUT /tmp/ktest-lustre.tar.gz 48s
PUT /tmp/ktest-lustre.tar.gz 48s
PUT /tmp/ktest_lustre_mainline_native_x3k3knl3.tar 9s
PUT /tmp/ktest_lustre_mainline_native_x3k3knl3.tar 9s
END cc-plugin tool cc-plugin FAIL 90s (exit code: 127)
END clang-tidy tool clang-tidy PASS 108s
END boot run tests/fs/lustre/boot.ktest PASS 109s
END mgs-setup run tests/fs/lustre/mgs-setup.ktest PASS 112s
END sanity-4 run tests/fs/lustre/sanity/sanity-4.ktest PASS 126s
END sanity-2 run tests/fs/lustre/sanity/sanity-2.ktest PASS 131s
END sanity-1 run tests/fs/lustre/sanity/sanity-1.ktest PASS 140s
END sanity-3 run tests/fs/lustre/sanity/sanity-3.ktest PASS 151s
END llmount run tests/fs/lustre/llmount.ktest PASS 193s
END llog-unit run tests/fs/lustre/llog-unit.ktest PASS 207s

============================================================
Final Results:
  checkpatch: FAIL (16s) (log: /var/www/ci-lustre/upstream-patch-review/b6ce628c2b0548617d747c8689477d4e86eb7cf8_checkpatch.log)
  lustre_u24: PASS (76s) (log: /var/www/ci-lustre/upstream-patch-review/b6ce628c2b0548617d747c8689477d4e86eb7cf8_lustre_u24.log)
  lustre_al2023: PASS (78s) (log: /var/www/ci-lustre/upstream-patch-review/b6ce628c2b0548617d747c8689477d4e86eb7cf8_lustre_al2023.log)
  lustre_mainline_strict: FAIL (117s) (log: /var/www/ci-lustre/upstream-patch-review/b6ce628c2b0548617d747c8689477d4e86eb7cf8_lustre_mainline_strict.log)
  lustre_mainline: PASS (132s) (log: /var/www/ci-lustre/upstream-patch-review/b6ce628c2b0548617d747c8689477d4e86eb7cf8_lustre_mainline.log)
  lustre_mainline_native: PASS (131s) (log: /var/www/ci-lustre/upstream-patch-review/b6ce628c2b0548617d747c8689477d4e86eb7cf8_lustre_mainline_native.log)
  clang-tidy: PASS (108s) (log: /var/www/ci-lustre/upstream-patch-review/b6ce628c2b0548617d747c8689477d4e86eb7cf8_clang-tidy.log)
  cc-plugin: FAIL (90s) (log: /var/www/ci-lustre/upstream-patch-review/b6ce628c2b0548617d747c8689477d4e86eb7cf8_cc-plugin.log)
  boot: PASS (109s) (log: /var/www/ci-lustre/upstream-patch-review/b6ce628c2b0548617d747c8689477d4e86eb7cf8_boot.log)
  llmount: PASS (193s) (log: /var/www/ci-lustre/upstream-patch-review/b6ce628c2b0548617d747c8689477d4e86eb7cf8_llmount.log)
  llog-unit: PASS (207s) (log: /var/www/ci-lustre/upstream-patch-review/b6ce628c2b0548617d747c8689477d4e86eb7cf8_llog-unit.log)
  mgs-setup: PASS (112s) (log: /var/www/ci-lustre/upstream-patch-review/b6ce628c2b0548617d747c8689477d4e86eb7cf8_mgs-setup.log)
  sanity-1: PASS (140s) (log: /var/www/ci-lustre/upstream-patch-review/b6ce628c2b0548617d747c8689477d4e86eb7cf8_sanity-1.log)
  sanity-2: PASS (131s) (log: /var/www/ci-lustre/upstream-patch-review/b6ce628c2b0548617d747c8689477d4e86eb7cf8_sanity-2.log)
  sanity-3: PASS (151s) (log: /var/www/ci-lustre/upstream-patch-review/b6ce628c2b0548617d747c8689477d4e86eb7cf8_sanity-3.log)
  sanity-4: PASS (126s) (log: /var/www/ci-lustre/upstream-patch-review/b6ce628c2b0548617d747c8689477d4e86eb7cf8_sanity-4.log)

Total execution time: 370s
