00002 
00007 RDSEED32 is broken. Disabling the corresponding CPUID bit.
00010 init: failed to load nvme_core
00010 init: failed to load nvme
00010 init: failed to load zfs
00011 LNetError: 1:0:(lib-socket.c:619:lnet_inet_enumerate()) lnet: Can't find any usable interfaces, rc = -ENOENT
00011 LNetError: Error -100 starting up LNI tcp
00011 LustreError: 1:0:(events.c:627:ptlrpc_init_portals()) network initialisation failed: rc = -100
00011 init: finit_module /lib/modules/7.0.0-ktest-b7d6750398-7433349-20260706/updates/ptlrpc.ko: Network is down
00011 init: failed to load lustre
00011 init: failed to load osd_zfs
00011 init: failed to load iwlwifi
00011 init: failed to load iwlmvm
00011 init: failed to load mt7921e
00011 init: failed to load i915
00011 init: failed to load nouveau
00050 tlp: vm.laptop_mode is deprecated. Ignoring setting.
00050 Kernel version: 7.0.0-ktest-b7d6750398-7433349-20260706
00050 hook init_noop
00050 
00050 Running tests llog-unit
00050 
00050 ========= TEST   llog-unit
00050 /host/home/ktest/git/lustre-release/lustre/tests/test-framework.sh: line 6933: cd: HOME not set
00050 /host/home/ktest/git/lustre-release/lustre/tests/test-framework.sh: line 6933: cd: HOME not set
00050 /host/home/ktest/git/lustre-release/lustre/tests/test-framework.sh: line 6933: cd: HOME not set
00052 MGS_OS_VERSION_ID=24.04
00052 MGS_OS_ID=ubuntu
00052 MGS_OS_VERSION_CODE=402915328
00052 MGS_OS_ID_LIKE=debian ubuntu
00052 MDS1_OS_ID=ubuntu
00052 MDS1_OS_VERSION_CODE=402915328
00052 MDS1_OS_ID_LIKE=debian ubuntu
00052 MDS1_OS_VERSION_ID=24.04
00052 OST1_OS_VERSION_ID=24.04
00052 OST1_OS_VERSION_CODE=402915328
00052 OST1_OS_ID=ubuntu
00052 OST1_OS_ID_LIKE=debian ubuntu
00052 CLIENT_OS_VERSION_ID=24.04
00052 CLIENT_OS_ID_LIKE=debian ubuntu
00052 CLIENT_OS_ID=ubuntu
00052 CLIENT_OS_VERSION_CODE=402915328
00053 Loading modules from /host/home/ktest/git/lustre-release/lustre
00053 detected 16 online CPUs by sysfs
00053 MODOPTS_LIBCFS=
00053 libcfs will create CPU partition based on online CPUs
00053 LNet: Added LNI 10.0.2.15@tcp [8/256/0/180]
00053 gss/krb5 is not supported
00054 Lustre: Echo OBD driver; http://www.lustre.org/
00054 
00054 
00055 /host/home/ktest/git/lustre-release/lustre/tests/test-framework.sh: line 6933: cd: HOME not set
00055 /host/home/ktest/git/lustre-release/lustre/tests/test-framework.sh: line 6933: cd: HOME not set
00055 /host/home/ktest/git/lustre-release/lustre/tests/test-framework.sh: line 6933: cd: HOME not set
00058 Lustre: DEBUG MARKER: Attempt llog unit tests
00058 Lustre: 2179:0:(llog_test.c:2805:llog_test_device_init()) Setup llog-test device over MGS device
00058 Lustre: 2179:0:(llog_test.c:98:llog_test_1()) 1a: create a log with name: 37999606
00058 ------------[ cut here ]------------
00058 WARNING: /home/ktest/git/linux/include/linux/fs.h:889 at osd_create+0x9cf/0xcf0 [osd_wbcfs], CPU#6: lctl/2179
00058 Modules linked in: llog_test(O) mgs(O) osd_wbcfs(O) lustre(O) obdecho(O) mgc(O) mdc(O) lov(O) osc(O) lmv(O) ec(O) fid(O) fld(O) ptlrpc(O) efivarfs obdclass(O) ksocklnd(O) lnet(O) libcfs(O)
00058 CPU: 6 UID: 0 PID: 2179 Comm: lctl Tainted: G           O        7.0.0-ktest-b7d6750398-7433349-20260706 #1 PREEMPT 
00058 Tainted: [O]=OOT_MODULE
00058 Hardware name: QEMU Standard PC (Q35 + ICH9, 2009), BIOS 2025.11-3ubuntu7 03/31/2026
00058 RIP: 0010:osd_create+0x9cf/0xcf0 [osd_wbcfs]
00058 Code: c7 c7 00 66 7c a1 48 c7 c6 a0 e2 7d a1 48 c7 c2 00 ec 7d a1 e8 52 c1 43 ff 48 c7 c7 00 66 7c a1 e8 56 51 44 ff e9 fe fc ff ff <0f> 0b e9 a5 fa ff ff 48 c7 c1 80 44 5d a0 80 e1 07 80 c1 03 38 c1
00058 RSP: 0018:ffffc90002227798 EFLAGS: 00010246
00058 RAX: 0000000000000000 RBX: ffff88817d9d2400 RCX: 0000000000000046
00058 RDX: 0000000000000000 RSI: ffff88813a9e2648 RDI: ffff8881965d2a58
00058 RBP: ffff88813a9e25b8 R08: ffffffff83a16803 R09: 1ffffffff0742d00
00058 R10: dffffc0000000000 R11: fffffbfff0742d01 R12: ffff88817d9d3000
00058 R13: dffffc0000000000 R14: 1ffff1102fb3a480 R15: 1ffff1102fb3a60f
00058 FS:  00007fe341e87940(0000) GS:ffff88831e72e000(0000) knlGS:0000000000000000
00058 CS:  0010 DS: 0000 ES: 0000 CR0: 0000000080050033
00058 CR2: 000055fcae49db40 CR3: 0000000189ab9000 CR4: 0000000000750eb0
00058 PKRU: 55555554
00058 Call Trace:
00058  <TASK>
00058  ? local_object_create+0x109/0x640 [obdclass]
00058  ? dt_write_lock+0x16d/0x2a0 [obdclass]
00058  ? llog_osd_create+0x35b/0x1270 [obdclass]
00058  ? llog_create+0x2ed/0x530 [obdclass]
00058  ? llog_open_create+0x6e7/0xb30 [obdclass]
00058  ? llog_run_tests+0x4bb/0x5ad0 [llog_test]
00058  ? get_random_u32+0x51/0x470
00058  ? get_random_u32+0x51/0x470
00058  ? _raw_spin_unlock+0x23/0x40
00058  ? __llog_ctxt_put+0x1c4/0x2f0 [obdclass]
00058  ? llog_test_device_init+0x6e8/0xa20 [llog_test]
00058  ? obd_setup+0x54d/0x950 [obdclass]
00058  ? class_setup+0xc7d/0x10e0 [obdclass]
00058  ? class_process_config+0x2edb/0x7cb0 [obdclass]
00058  ? class_handle_ioctl+0x1f4d/0x3440 [obdclass]
00058  ? obd_class_ioctl+0x1f6/0x3c0 [obdclass]
00058  ? __x64_sys_ioctl+0x961/0xe00
00058  ? _copy_to_user+0x3d/0x60
00058  ? __x64_sys_rt_sigaction+0x107/0x140
00058  ? do_syscall_64+0xc1/0x350
00058  ? entry_SYSCALL_64_after_hwframe+0x4b/0x53
00058  </TASK>
00058 ---[ end trace 0000000000000000 ]---
00058 Lustre: 2179:0:(llog_test.c:115:llog_test_1()) 1b: close newly-created log
00058 Lustre: 2179:0:(llog_test.c:146:llog_test_2()) 2a: re-open a log with name: 37999606
00058 Lustre: 2179:0:(llog_test.c:166:llog_test_2()) 2b: create a log without specified NAME & LOGID
00058 ------------[ cut here ]------------
00058 WARNING: /home/ktest/git/linux/include/linux/fs.h:889 at osd_create+0x9cf/0xcf0 [osd_wbcfs], CPU#6: lctl/2179
00058 Modules linked in: llog_test(O) mgs(O) osd_wbcfs(O) lustre(O) obdecho(O) mgc(O) mdc(O) lov(O) osc(O) lmv(O) ec(O) fid(O) fld(O) ptlrpc(O) efivarfs obdclass(O) ksocklnd(O) lnet(O) libcfs(O)
00058 CPU: 6 UID: 0 PID: 2179 Comm: lctl Tainted: G        W  O        7.0.0-ktest-b7d6750398-7433349-20260706 #1 PREEMPT 
00058 Tainted: [W]=WARN, [O]=OOT_MODULE
00058 Hardware name: QEMU Standard PC (Q35 + ICH9, 2009), BIOS 2025.11-3ubuntu7 03/31/2026
00058 RIP: 0010:osd_create+0x9cf/0xcf0 [osd_wbcfs]
00058 Code: c7 c7 00 66 7c a1 48 c7 c6 a0 e2 7d a1 48 c7 c2 00 ec 7d a1 e8 52 c1 43 ff 48 c7 c7 00 66 7c a1 e8 56 51 44 ff e9 fe fc ff ff <0f> 0b e9 a5 fa ff ff 48 c7 c1 80 44 5d a0 80 e1 07 80 c1 03 38 c1
00058 RSP: 0018:ffffc90002227798 EFLAGS: 00010246
00058 RAX: 0000000000000000 RBX: ffff88817d9d7000 RCX: 0000000000000046
00058 RDX: 0000000000000000 RSI: ffff88813a9e1f30 RDI: ffff8881965d2a58
00058 RBP: ffff88813a9e1ea0 R08: ffffffff83a16803 R09: 1ffffffff0742d00
00058 R10: dffffc0000000000 R11: fffffbfff0742d01 R12: ffff88817d9d3000
00058 R13: dffffc0000000000 R14: 1ffff1102fb3ae00 R15: 1ffff1102fb3a60f
00058 FS:  00007fe341e87940(0000) GS:ffff88831e72e000(0000) knlGS:0000000000000000
00058 CS:  0010 DS: 0000 ES: 0000 CR0: 0000000080050033
00058 CR2: 000055fcae49db40 CR3: 0000000189ab9000 CR4: 0000000000750eb0
00058 PKRU: 55555554
00058 Call Trace:
00058  <TASK>
00058  ? local_object_create+0x109/0x640 [obdclass]
00058  ? dt_write_lock+0x16d/0x2a0 [obdclass]
00058  ? llog_osd_create+0x35b/0x1270 [obdclass]
00058  ? llog_create+0x2ed/0x530 [obdclass]
00058  ? llog_open_create+0x6e7/0xb30 [obdclass]
00058  ? llog_run_tests+0xd1a/0x5ad0 [llog_test]
00058  ? get_random_u32+0x51/0x470
00058  ? get_random_u32+0x51/0x470
00058  ? _raw_spin_unlock+0x23/0x40
00058  ? llog_test_device_init+0x6e8/0xa20 [llog_test]
00058  ? obd_setup+0x54d/0x950 [obdclass]
00058  ? class_setup+0xc7d/0x10e0 [obdclass]
00058  ? class_process_config+0x2edb/0x7cb0 [obdclass]
00058  ? class_handle_ioctl+0x1f4d/0x3440 [obdclass]
00058  ? obd_class_ioctl+0x1f6/0x3c0 [obdclass]
00058  ? __x64_sys_ioctl+0x961/0xe00
00058  ? _copy_to_user+0x3d/0x60
00058  ? __x64_sys_rt_sigaction+0x107/0x140
00058  ? do_syscall_64+0xc1/0x350
00058  ? entry_SYSCALL_64_after_hwframe+0x4b/0x53
00058  </TASK>
00058 ---[ end trace 0000000000000000 ]---
00058 Lustre: 2179:0:(llog_test.c:184:llog_test_2()) 2b: write 1 llog records, check llh_count
00058 Lustre: 2179:0:(llog_test.c:197:llog_test_2()) 2c: re-open the log by LOGID and verify llh_count
00058 Lustre: 2179:0:(llog_test.c:244:llog_test_2()) 2d: destroy this log
00058 Lustre: 2179:0:(llog_test.c:402:llog_test_3()) 3a: write 1023 fixed-size llog records
00058 Lustre: 2179:0:(llog_test.c:366:llog_test3_process()) test3: processing records from index 501 to the end
00058 Lustre: 2179:0:(llog_test.c:376:llog_test3_process()) test3: total 525 records processed with 0 paddings
00058 Lustre: 2179:0:(llog_test.c:458:llog_test_3()) 3b: write 566 variable size llog records
00058 Lustre: 2179:0:(llog_test.c:529:llog_test_3()) 3c: write records with variable size until BITMAP_SIZE, return -ENOSPC
00078 Lustre: 2179:0:(llog_test.c:1106:llog_test_7()) 7d: test llog_size_change_rec
00078 ------------[ cut here ]------------
00078 WARNING: /home/ktest/git/linux/include/linux/fs.h:889 at osd_create+0x9cf/0xcf0 [osd_wbcfs], CPU#1: lctl/2179
00078 Modules linked in: llog_test(O) mgs(O) osd_wbcfs(O) lustre(O) obdecho(O) mgc(O) mdc(O) lov(O) osc(O) lmv(O) ec(O) fid(O) fld(O) ptlrpc(O) efivarfs obdclass(O) ksocklnd(O) lnet(O) libcfs(O)
00078 CPU: 1 UID: 0 PID: 2179 Comm: lctl Tainted: G        W  O        7.0.0-ktest-b7d6750398-7433349-20260706 #1 PREEMPT 
00078 Tainted: [W]=WARN, [O]=OOT_MODULE
00078 Hardware name: QEMU Standard PC (Q35 + ICH9, 2009), BIOS 2025.11-3ubuntu7 03/31/2026
00078 RIP: 0010:osd_create+0x9cf/0xcf0 [osd_wbcfs]
00078 Code: c7 c7 00 66 7c a1 48 c7 c6 a0 e2 7d a1 48 c7 c2 00 ec 7d a1 e8 52 c1 43 ff 48 c7 c7 00 66 7c a1 e8 56 51 44 ff e9 fe fc ff ff <0f> 0b e9 a5 fa ff ff 48 c7 c1 80 44 5d a0 80 e1 07 80 c1 03 38 c1
00078 RSP: 0018:ffffc900022276f0 EFLAGS: 00010246
00078 RAX: 0000000000000000 RBX: ffff88814d632800 RCX: 0000000000000046
00078 RDX: 0000000000000000 RSI: ffff88813a9e6d38 RDI: ffff8881965d2a58
00078 RBP: ffff88813a9e6ca8 R08: ffffffff83a16803 R09: 1ffffffff0742d00
00078 R10: dffffc0000000000 R11: fffffbfff0742d01 R12: ffff88817d9d3000
00078 R13: dffffc0000000000 R14: 1ffff11029ac6500 R15: 1ffff1102fb3a60f
00078 FS:  00007fe341e87940(0000) GS:ffff88831e4ae000(0000) knlGS:0000000000000000
00078 CS:  0010 DS: 0000 ES: 0000 CR0: 0000000080050033
00078 CR2: 00005563b3dad408 CR3: 0000000189ab9000 CR4: 0000000000750eb0
00078 PKRU: 55555554
00078 Call Trace:
00078  <TASK>
00078  ? local_object_create+0x109/0x640 [obdclass]
00078  ? dt_write_lock+0x16d/0x2a0 [obdclass]
00078  ? llog_osd_create+0x35b/0x1270 [obdclass]
00078  ? llog_create+0x2ed/0x530 [obdclass]
00078  ? llog_open_create+0x6e7/0xb30 [obdclass]
00078  ? llog_test_7_sub+0xea/0x1250 [llog_test]
00078  ? llog_test_7+0x5d5/0xf50 [llog_test]
00078  ? llog_run_tests+0x3616/0x5ad0 [llog_test]
00078  ? get_random_u32+0x51/0x470
00078  ? llog_test_device_init+0x6e8/0xa20 [llog_test]
00078  ? obd_setup+0x54d/0x950 [obdclass]
00078  ? class_setup+0xc7d/0x10e0 [obdclass]
00078  ? class_process_config+0x2edb/0x7cb0 [obdclass]
00078  ? class_handle_ioctl+0x1f4d/0x3440 [obdclass]
00078  ? obd_class_ioctl+0x1f6/0x3c0 [obdclass]
00078  ? __x64_sys_ioctl+0x961/0xe00
00078  ? _copy_to_user+0x3d/0x60
00078  ? __x64_sys_rt_sigaction+0x107/0x140
00078  ? do_syscall_64+0xc1/0x350
00078  ? entry_SYSCALL_64_after_hwframe+0x4b/0x53
00078  </TASK>
00078 ---[ end trace 0000000000000000 ]---
00083 Lustre: 2179:0:(llog_test.c:1117:llog_test_7()) 7e: test llog_changelog_rec
00083 ------------[ cut here ]------------
00083 WARNING: /home/ktest/git/linux/include/linux/fs.h:889 at osd_create+0x9cf/0xcf0 [osd_wbcfs], CPU#1: lctl/2179
00083 Modules linked in: llog_test(O) mgs(O) osd_wbcfs(O) lustre(O) obdecho(O) mgc(O) mdc(O) lov(O) osc(O) lmv(O) ec(O) fid(O) fld(O) ptlrpc(O) efivarfs obdclass(O) ksocklnd(O) lnet(O) libcfs(O)
00083 CPU: 1 UID: 0 PID: 2179 Comm: lctl Tainted: G        W  O        7.0.0-ktest-b7d6750398-7433349-20260706 #1 PREEMPT 
00083 Tainted: [W]=WARN, [O]=OOT_MODULE
00083 Hardware name: QEMU Standard PC (Q35 + ICH9, 2009), BIOS 2025.11-3ubuntu7 03/31/2026
00083 RIP: 0010:osd_create+0x9cf/0xcf0 [osd_wbcfs]
00083 Code: c7 c7 00 66 7c a1 48 c7 c6 a0 e2 7d a1 48 c7 c2 00 ec 7d a1 e8 52 c1 43 ff 48 c7 c7 00 66 7c a1 e8 56 51 44 ff e9 fe fc ff ff <0f> 0b e9 a5 fa ff ff 48 c7 c1 80 44 5d a0 80 e1 07 80 c1 03 38 c1
00083 RSP: 0018:ffffc900022276f0 EFLAGS: 00010246
00083 RAX: 0000000000000000 RBX: ffff888136e9f400 RCX: 0000000000000046
00083 RDX: 0000000000000000 RSI: ffff88813a9e6620 RDI: ffff8881965d2a58
00083 RBP: ffff88813a9e6590 R08: ffffffff83a16803 R09: 1ffffffff0742d00
00083 R10: dffffc0000000000 R11: fffffbfff0742d01 R12: ffff88817d9d3000
00083 R13: dffffc0000000000 R14: 1ffff11026dd3e80 R15: 1ffff1102fb3a60f
00083 FS:  00007fe341e87940(0000) GS:ffff88831e4ae000(0000) knlGS:0000000000000000
00083 CS:  0010 DS: 0000 ES: 0000 CR0: 0000000080050033
00083 CR2: 00005563b3dad408 CR3: 0000000189ab9000 CR4: 0000000000750eb0
00083 PKRU: 55555554
00083 Call Trace:
00083  <TASK>
00083  ? local_object_create+0x109/0x640 [obdclass]
00083  ? dt_write_lock+0x16d/0x2a0 [obdclass]
00083  ? llog_osd_create+0x35b/0x1270 [obdclass]
00083  ? llog_create+0x2ed/0x530 [obdclass]
00083  ? llog_open_create+0x6e7/0xb30 [obdclass]
00083  ? llog_test_7_sub+0xea/0x1250 [llog_test]
00083  ? llog_test_7+0x706/0xf50 [llog_test]
00083  ? llog_run_tests+0x3616/0x5ad0 [llog_test]
00083  ? get_random_u32+0x51/0x470
00083  ? llog_test_device_init+0x6e8/0xa20 [llog_test]
00083  ? obd_setup+0x54d/0x950 [obdclass]
00083  ? class_setup+0xc7d/0x10e0 [obdclass]
00083  ? class_process_config+0x2edb/0x7cb0 [obdclass]
00083  ? class_handle_ioctl+0x1f4d/0x3440 [obdclass]
00083  ? obd_class_ioctl+0x1f6/0x3c0 [obdclass]
00083  ? __x64_sys_ioctl+0x961/0xe00
00083  ? _copy_to_user+0x3d/0x60
00083  ? __x64_sys_rt_sigaction+0x107/0x140
00083  ? do_syscall_64+0xc1/0x350
00083  ? entry_SYSCALL_64_after_hwframe+0x4b/0x53
00083  </TASK>
00083 ---[ end trace 0000000000000000 ]---
00086 Lustre: 2179:0:(llog_test.c:1024:llog_test_7_sub()) 7_sub: records are not aligned, written 64071 from 64767
00087 Lustre: 2179:0:(llog_test.c:1129:llog_test_7()) 7f: test llog_changelog_user_rec2
00087 ------------[ cut here ]------------
00087 WARNING: /home/ktest/git/linux/include/linux/fs.h:889 at osd_create+0x9cf/0xcf0 [osd_wbcfs], CPU#1: lctl/2179
00087 Modules linked in: llog_test(O) mgs(O) osd_wbcfs(O) lustre(O) obdecho(O) mgc(O) mdc(O) lov(O) osc(O) lmv(O) ec(O) fid(O) fld(O) ptlrpc(O) efivarfs obdclass(O) ksocklnd(O) lnet(O) libcfs(O)
00087 CPU: 1 UID: 0 PID: 2179 Comm: lctl Tainted: G        W  O        7.0.0-ktest-b7d6750398-7433349-20260706 #1 PREEMPT 
00087 Tainted: [W]=WARN, [O]=OOT_MODULE
00087 Hardware name: QEMU Standard PC (Q35 + ICH9, 2009), BIOS 2025.11-3ubuntu7 03/31/2026
00087 RIP: 0010:osd_create+0x9cf/0xcf0 [osd_wbcfs]
00087 Code: c7 c7 00 66 7c a1 48 c7 c6 a0 e2 7d a1 48 c7 c2 00 ec 7d a1 e8 52 c1 43 ff 48 c7 c7 00 66 7c a1 e8 56 51 44 ff e9 fe fc ff ff <0f> 0b e9 a5 fa ff ff 48 c7 c1 80 44 5d a0 80 e1 07 80 c1 03 38 c1
00087 RSP: 0018:ffffc900022276f0 EFLAGS: 00010246
00087 RAX: 0000000000000000 RBX: ffff88811ab39800 RCX: 0000000000000046
00087 RDX: 0000000000000000 RSI: ffff88813a9e5f08 RDI: ffff8881965d2a58
00087 RBP: ffff88813a9e5e78 R08: ffffffff83a16803 R09: 1ffffffff0742d00
00087 R10: dffffc0000000000 R11: fffffbfff0742d01 R12: ffff88817d9d3000
00087 R13: dffffc0000000000 R14: 1ffff11023567300 R15: 1ffff1102fb3a60f
00087 FS:  00007fe341e87940(0000) GS:ffff88831e4ae000(0000) knlGS:0000000000000000
00087 CS:  0010 DS: 0000 ES: 0000 CR0: 0000000080050033
00087 CR2: 00005563b3dad408 CR3: 0000000189ab9000 CR4: 0000000000750eb0
00087 PKRU: 55555554
00087 Call Trace:
00087  <TASK>
00087  ? local_object_create+0x109/0x640 [obdclass]
00087  ? dt_write_lock+0x16d/0x2a0 [obdclass]
00087  ? llog_osd_create+0x35b/0x1270 [obdclass]
00087  ? llog_create+0x2ed/0x530 [obdclass]
00087  ? llog_open_create+0x6e7/0xb30 [obdclass]
00087  ? llog_test_7_sub+0xea/0x1250 [llog_test]
00087  ? llog_test_7+0x837/0xf50 [llog_test]
00087  ? llog_run_tests+0x3616/0x5ad0 [llog_test]
00087  ? get_random_u32+0x51/0x470
00087  ? llog_test_device_init+0x6e8/0xa20 [llog_test]
00087  ? obd_setup+0x54d/0x950 [obdclass]
00087  ? class_setup+0xc7d/0x10e0 [obdclass]
00087  ? class_process_config+0x2edb/0x7cb0 [obdclass]
00087  ? class_handle_ioctl+0x1f4d/0x3440 [obdclass]
00087  ? obd_class_ioctl+0x1f6/0x3c0 [obdclass]
00087  ? __x64_sys_ioctl+0x961/0xe00
00087  ? _copy_to_user+0x3d/0x60
00087  ? __x64_sys_rt_sigaction+0x107/0x140
00087  ? do_syscall_64+0xc1/0x350
00087  ? entry_SYSCALL_64_after_hwframe+0x4b/0x53
00087  </TASK>
00087 ---[ end trace 0000000000000000 ]---
00090 Lustre: 2179:0:(llog_test.c:1024:llog_test_7_sub()) 7_sub: records are not aligned, written 64139 from 64767
00092 Lustre: 2179:0:(llog_test.c:1140:llog_test_7()) 7g: test llog_gen_rec
00092 ------------[ cut here ]------------
00092 WARNING: /home/ktest/git/linux/include/linux/fs.h:889 at osd_create+0x9cf/0xcf0 [osd_wbcfs], CPU#1: lctl/2179
00092 Modules linked in: llog_test(O) mgs(O) osd_wbcfs(O) lustre(O) obdecho(O) mgc(O) mdc(O) lov(O) osc(O) lmv(O) ec(O) fid(O) fld(O) ptlrpc(O) efivarfs obdclass(O) ksocklnd(O) lnet(O) libcfs(O)
00092 CPU: 1 UID: 0 PID: 2179 Comm: lctl Tainted: G        W  O        7.0.0-ktest-b7d6750398-7433349-20260706 #1 PREEMPT 
00092 Tainted: [W]=WARN, [O]=OOT_MODULE
00092 Hardware name: QEMU Standard PC (Q35 + ICH9, 2009), BIOS 2025.11-3ubuntu7 03/31/2026
00092 RIP: 0010:osd_create+0x9cf/0xcf0 [osd_wbcfs]
00092 Code: c7 c7 00 66 7c a1 48 c7 c6 a0 e2 7d a1 48 c7 c2 00 ec 7d a1 e8 52 c1 43 ff 48 c7 c7 00 66 7c a1 e8 56 51 44 ff e9 fe fc ff ff <0f> 0b e9 a5 fa ff ff 48 c7 c1 80 44 5d a0 80 e1 07 80 c1 03 38 c1
00092 RSP: 0018:ffffc900022276f0 EFLAGS: 00010246
00092 RAX: 0000000000000000 RBX: ffff88819f336800 RCX: 0000000000000046
00092 RDX: 0000000000000000 RSI: ffff88813a9e57f0 RDI: ffff8881965d2a58
00092 RBP: ffff88813a9e5760 R08: ffffffff83a16803 R09: 1ffffffff0742d00
00092 R10: dffffc0000000000 R11: fffffbfff0742d01 R12: ffff88817d9d3000
00092 R13: dffffc0000000000 R14: 1ffff11033e66d00 R15: 1ffff1102fb3a60f
00092 FS:  00007fe341e87940(0000) GS:ffff88831e4ae000(0000) knlGS:0000000000000000
00092 CS:  0010 DS: 0000 ES: 0000 CR0: 0000000080050033
00092 CR2: 00005563b3dad408 CR3: 0000000189ab9000 CR4: 0000000000750eb0
00092 PKRU: 55555554
00092 Call Trace:
00092  <TASK>
00092  ? local_object_create+0x109/0x640 [obdclass]
00092  ? dt_write_lock+0x16d/0x2a0 [obdclass]
00092  ? llog_osd_create+0x35b/0x1270 [obdclass]
00092  ? llog_create+0x2ed/0x530 [obdclass]
00092  ? llog_open_create+0x6e7/0xb30 [obdclass]
00092  ? llog_test_7_sub+0xea/0x1250 [llog_test]
00092  ? llog_test_7+0x968/0xf50 [llog_test]
00092  ? llog_run_tests+0x3616/0x5ad0 [llog_test]
00092  ? get_random_u32+0x51/0x470
00092  ? llog_test_device_init+0x6e8/0xa20 [llog_test]
00092  ? obd_setup+0x54d/0x950 [obdclass]
00092  ? class_setup+0xc7d/0x10e0 [obdclass]
00092  ? class_process_config+0x2edb/0x7cb0 [obdclass]
00092  ? class_handle_ioctl+0x1f4d/0x3440 [obdclass]
00092  ? obd_class_ioctl+0x1f6/0x3c0 [obdclass]
00092  ? __x64_sys_ioctl+0x961/0xe00
00092  ? _copy_to_user+0x3d/0x60
00092  ? __x64_sys_rt_sigaction+0x107/0x140
00092  ? do_syscall_64+0xc1/0x350
00092  ? entry_SYSCALL_64_after_hwframe+0x4b/0x53
00092  </TASK>
00092 ---[ end trace 0000000000000000 ]---
00096 Lustre: 2179:0:(llog_test.c:1151:llog_test_7()) 7h: test llog_setattr64_rec_v2
00096 ------------[ cut here ]------------
00096 WARNING: /home/ktest/git/linux/include/linux/fs.h:889 at osd_create+0x9cf/0xcf0 [osd_wbcfs], CPU#1: lctl/2179
00096 Modules linked in: llog_test(O) mgs(O) osd_wbcfs(O) lustre(O) obdecho(O) mgc(O) mdc(O) lov(O) osc(O) lmv(O) ec(O) fid(O) fld(O) ptlrpc(O) efivarfs obdclass(O) ksocklnd(O) lnet(O) libcfs(O)
00096 CPU: 1 UID: 0 PID: 2179 Comm: lctl Tainted: G        W  O        7.0.0-ktest-b7d6750398-7433349-20260706 #1 PREEMPT 
00096 Tainted: [W]=WARN, [O]=OOT_MODULE
00096 Hardware name: QEMU Standard PC (Q35 + ICH9, 2009), BIOS 2025.11-3ubuntu7 03/31/2026
00096 RIP: 0010:osd_create+0x9cf/0xcf0 [osd_wbcfs]
00096 Code: c7 c7 00 66 7c a1 48 c7 c6 a0 e2 7d a1 48 c7 c2 00 ec 7d a1 e8 52 c1 43 ff 48 c7 c7 00 66 7c a1 e8 56 51 44 ff e9 fe fc ff ff <0f> 0b e9 a5 fa ff ff 48 c7 c1 80 44 5d a0 80 e1 07 80 c1 03 38 c1
00096 RSP: 0018:ffffc900022276f0 EFLAGS: 00010246
00096 RAX: 0000000000000000 RBX: ffff88819409b800 RCX: 0000000000000046
00096 RDX: 0000000000000000 RSI: ffff88813a9e50d8 RDI: ffff8881965d2a58
00096 RBP: ffff88813a9e5048 R08: ffffffff83a16803 R09: 1ffffffff0742d00
00096 R10: dffffc0000000000 R11: fffffbfff0742d01 R12: ffff88817d9d3000
00096 R13: dffffc0000000000 R14: 1ffff11032813700 R15: 1ffff1102fb3a60f
00096 FS:  00007fe341e87940(0000) GS:ffff88831e4ae000(0000) knlGS:0000000000000000
00096 CS:  0010 DS: 0000 ES: 0000 CR0: 0000000080050033
00096 CR2: 00005563b3dad408 CR3: 0000000189ab9000 CR4: 0000000000750eb0
00096 PKRU: 55555554
00096 Call Trace:
00096  <TASK>
00096  ? local_object_create+0x109/0x640 [obdclass]
00096  ? dt_write_lock+0x16d/0x2a0 [obdclass]
00096  ? llog_osd_create+0x35b/0x1270 [obdclass]
00096  ? llog_create+0x2ed/0x530 [obdclass]
00096  ? llog_open_create+0x6e7/0xb30 [obdclass]
00096  ? llog_test_7_sub+0xea/0x1250 [llog_test]
00096  ? llog_test_7+0xa99/0xf50 [llog_test]
00096  ? llog_run_tests+0x3616/0x5ad0 [llog_test]
00096  ? get_random_u32+0x51/0x470
00096  ? llog_test_device_init+0x6e8/0xa20 [llog_test]
00096  ? obd_setup+0x54d/0x950 [obdclass]
00096  ? class_setup+0xc7d/0x10e0 [obdclass]
00096  ? class_process_config+0x2edb/0x7cb0 [obdclass]
00096  ? class_handle_ioctl+0x1f4d/0x3440 [obdclass]
00096  ? obd_class_ioctl+0x1f6/0x3c0 [obdclass]
00096  ? __x64_sys_ioctl+0x961/0xe00
00096  ? _copy_to_user+0x3d/0x60
00096  ? __x64_sys_rt_sigaction+0x107/0x140
00096  ? do_syscall_64+0xc1/0x350
00096  ? entry_SYSCALL_64_after_hwframe+0x4b/0x53
00096  </TASK>
00096 ---[ end trace 0000000000000000 ]---
00099 Lustre: 2179:0:(llog_test.c:1024:llog_test_7_sub()) 7_sub: records are not aligned, written 64071 from 64767
00100 Lustre: 2179:0:(llog_test.c:1260:llog_test_8()) 8a: fill the first plain llog
00100 ------------[ cut here ]------------
00100 WARNING: /home/ktest/git/linux/include/linux/fs.h:889 at osd_create+0x9cf/0xcf0 [osd_wbcfs], CPU#1: lctl/2179
00100 Modules linked in: llog_test(O) mgs(O) osd_wbcfs(O) lustre(O) obdecho(O) mgc(O) mdc(O) lov(O) osc(O) lmv(O) ec(O) fid(O) fld(O) ptlrpc(O) efivarfs obdclass(O) ksocklnd(O) lnet(O) libcfs(O)
00100 CPU: 1 UID: 0 PID: 2179 Comm: lctl Tainted: G        W  O        7.0.0-ktest-b7d6750398-7433349-20260706 #1 PREEMPT 
00100 Tainted: [W]=WARN, [O]=OOT_MODULE
00100 Hardware name: QEMU Standard PC (Q35 + ICH9, 2009), BIOS 2025.11-3ubuntu7 03/31/2026
00100 RIP: 0010:osd_create+0x9cf/0xcf0 [osd_wbcfs]
00100 Code: c7 c7 00 66 7c a1 48 c7 c6 a0 e2 7d a1 48 c7 c2 00 ec 7d a1 e8 52 c1 43 ff 48 c7 c7 00 66 7c a1 e8 56 51 44 ff e9 fe fc ff ff <0f> 0b e9 a5 fa ff ff 48 c7 c1 80 44 5d a0 80 e1 07 80 c1 03 38 c1
00100 RSP: 0018:ffffc900022274c0 EFLAGS: 00010246
00100 RAX: 0000000000000000 RBX: ffff88814d448c00 RCX: 0000000000000046
00100 RDX: 0000000000000000 RSI: ffff88813a9e49c0 RDI: ffff8881965d2a80
00100 RBP: ffff88813a9e4930 R08: ffffffff83a16803 R09: 1ffffffff0742d00
00100 R10: dffffc0000000000 R11: fffffbfff0742d01 R12: ffff88817d9d3000
00100 R13: dffffc0000000000 R14: 1ffff11029a89180 R15: 1ffff1102fb3a60f
00100 FS:  00007fe341e87940(0000) GS:ffff88831e4ae000(0000) knlGS:0000000000000000
00100 CS:  0010 DS: 0000 ES: 0000 CR0: 0000000080050033
00100 CR2: 00005563b3dad408 CR3: 0000000189ab9000 CR4: 0000000000750eb0
00100 PKRU: 55555554
00100 Call Trace:
00100  <TASK>
00100  ? local_object_create+0x109/0x640 [obdclass]
00100  ? dt_write_lock+0x16d/0x2a0 [obdclass]
00100  ? llog_osd_create+0x35b/0x1270 [obdclass]
00100  ? llog_create+0x2ed/0x530 [obdclass]
00100  ? llog_cat_new_log+0x6c5/0x2a10 [obdclass]
00100  ? llog_cat_add_rec+0x4fe/0x1960 [obdclass]
00100  ? llog_cat_add_rec+0x6ba/0x1960 [obdclass]
00100  ? llog_cat_add+0x499/0x7a0 [obdclass]
00100  ? llog_test_8+0x567/0x1c20 [llog_test]
00100  ? do_raw_spin_unlock+0x52/0x230
00100  ? _raw_spin_unlock+0x23/0x40
00100  ? __llog_ctxt_put+0x1c4/0x2f0 [obdclass]
00100  ? llog_run_tests+0x39a4/0x5ad0 [llog_test]
00100  ? get_random_u32+0x51/0x470
00100  ? llog_test_device_init+0x6e8/0xa20 [llog_test]
00100  ? obd_setup+0x54d/0x950 [obdclass]
00100  ? class_setup+0xc7d/0x10e0 [obdclass]
00100  ? class_process_config+0x2edb/0x7cb0 [obdclass]
00100  ? class_handle_ioctl+0x1f4d/0x3440 [obdclass]
00100  ? obd_class_ioctl+0x1f6/0x3c0 [obdclass]
00100  ? __x64_sys_ioctl+0x961/0xe00
00100  ? _copy_to_user+0x3d/0x60
00100  ? __x64_sys_rt_sigaction+0x107/0x140
00100  ? do_syscall_64+0xc1/0x350
00100  ? entry_SYSCALL_64_after_hwframe+0x4b/0x53
00100  </TASK>
00100 ---[ end trace 0000000000000000 ]---
00100 Lustre: 2179:0:(llog_test.c:1289:llog_test_8()) 8b: first llog [0x1:0x10:0x0]
00100 Lustre: 2179:0:(llog_test.c:1305:llog_test_8()) 8b: fill the second plain llog
00100 ------------[ cut here ]------------
00100 WARNING: /home/ktest/git/linux/include/linux/fs.h:889 at osd_create+0x9cf/0xcf0 [osd_wbcfs], CPU#1: lctl/2179
00100 Modules linked in: llog_test(O) mgs(O) osd_wbcfs(O) lustre(O) obdecho(O) mgc(O) mdc(O) lov(O) osc(O) lmv(O) ec(O) fid(O) fld(O) ptlrpc(O) efivarfs obdclass(O) ksocklnd(O) lnet(O) libcfs(O)
00100 CPU: 1 UID: 0 PID: 2179 Comm: lctl Tainted: G        W  O        7.0.0-ktest-b7d6750398-7433349-20260706 #1 PREEMPT 
00100 Tainted: [W]=WARN, [O]=OOT_MODULE
00100 Hardware name: QEMU Standard PC (Q35 + ICH9, 2009), BIOS 2025.11-3ubuntu7 03/31/2026
00100 RIP: 0010:osd_create+0x9cf/0xcf0 [osd_wbcfs]
00100 Code: c7 c7 00 66 7c a1 48 c7 c6 a0 e2 7d a1 48 c7 c2 00 ec 7d a1 e8 52 c1 43 ff 48 c7 c7 00 66 7c a1 e8 56 51 44 ff e9 fe fc ff ff <0f> 0b e9 a5 fa ff ff 48 c7 c1 80 44 5d a0 80 e1 07 80 c1 03 38 c1
00100 RSP: 0018:ffffc900022274c0 EFLAGS: 00010246
00100 RAX: 0000000000000000 RBX: ffff8881943a7400 RCX: 0000000000000046
00100 RDX: 0000000000000000 RSI: ffff88813a9e42a8 RDI: ffff8881965d2a80
00100 RBP: ffff88813a9e4218 R08: ffffffff83a16803 R09: 1ffffffff0742d00
00100 R10: dffffc0000000000 R11: fffffbfff0742d01 R12: ffff88817d9d3000
00100 R13: dffffc0000000000 R14: 1ffff11032874e80 R15: 1ffff1102fb3a60f
00100 FS:  00007fe341e87940(0000) GS:ffff88831e4ae000(0000) knlGS:0000000000000000
00100 CS:  0010 DS: 0000 ES: 0000 CR0: 0000000080050033
00100 CR2: 00005563b3dad408 CR3: 0000000189ab9000 CR4: 0000000000750eb0
00100 PKRU: 55555554
00100 Call Trace:
00100  <TASK>
00100  ? local_object_create+0x109/0x640 [obdclass]
00100  ? dt_write_lock+0x16d/0x2a0 [obdclass]
00100  ? llog_osd_create+0x35b/0x1270 [obdclass]
00100  ? llog_create+0x2ed/0x530 [obdclass]
00100  ? llog_cat_new_log+0x6c5/0x2a10 [obdclass]
00100  ? llog_cat_add_rec+0x4fe/0x1960 [obdclass]
00100  ? llog_cat_add_rec+0x6ba/0x1960 [obdclass]
00100  ? llog_cat_add+0x499/0x7a0 [obdclass]
00100  ? llog_test_8+0xd89/0x1c20 [llog_test]
00100  ? do_raw_spin_unlock+0x52/0x230
00100  ? _raw_spin_unlock+0x23/0x40
00100  ? __llog_ctxt_put+0x1c4/0x2f0 [obdclass]
00100  ? llog_run_tests+0x39a4/0x5ad0 [llog_test]
00100  ? get_random_u32+0x51/0x470
00100  ? llog_test_device_init+0x6e8/0xa20 [llog_test]
00100  ? obd_setup+0x54d/0x950 [obdclass]
00100  ? class_setup+0xc7d/0x10e0 [obdclass]
00100  ? class_process_config+0x2edb/0x7cb0 [obdclass]
00100  ? class_handle_ioctl+0x1f4d/0x3440 [obdclass]
00100  ? obd_class_ioctl+0x1f6/0x3c0 [obdclass]
00100  ? __x64_sys_ioctl+0x961/0xe00
00100  ? _copy_to_user+0x3d/0x60
00100  ? __x64_sys_rt_sigaction+0x107/0x140
00100  ? do_syscall_64+0xc1/0x350
00100  ? entry_SYSCALL_64_after_hwframe+0x4b/0x53
00100  </TASK>
00100 ---[ end trace 0000000000000000 ]---
00100 Lustre: 2179:0:(llog_test.c:1329:llog_test_8()) 8b: pin llog [0x1:0x12:0x0]
00100 Lustre: 2179:0:(llog_test.c:1332:llog_test_8()) 8b: clean first llog record in catalog
00100 Lustre: 2179:0:(llog_test.c:1343:llog_test_8()) 8c: corrupt first chunk in the middle
00100 Lustre: 2179:0:(llog_test.c:1346:llog_test_8()) 8c: corrupt second chunk at start
00100 Lustre: 2179:0:(llog_test.c:1349:llog_test_8()) 8d: count survived records
00100 Lustre: 2179:0:(llog_test.c:1379:llog_test_8()) 8d: close re-opened catalog
00100 Lustre: 2179:0:(llog_test.c:1440:llog_test_9()) 9a: test llog_logid_rec
00100 ------------[ cut here ]------------
00100 WARNING: /home/ktest/git/linux/include/linux/fs.h:889 at osd_create+0x9cf/0xcf0 [osd_wbcfs], CPU#1: lctl/2179
00100 Modules linked in: llog_test(O) mgs(O) osd_wbcfs(O) lustre(O) obdecho(O) mgc(O) mdc(O) lov(O) osc(O) lmv(O) ec(O) fid(O) fld(O) ptlrpc(O) efivarfs obdclass(O) ksocklnd(O) lnet(O) libcfs(O)
00100 CPU: 1 UID: 0 PID: 2179 Comm: lctl Tainted: G        W  O        7.0.0-ktest-b7d6750398-7433349-20260706 #1 PREEMPT 
00100 Tainted: [W]=WARN, [O]=OOT_MODULE
00100 Hardware name: QEMU Standard PC (Q35 + ICH9, 2009), BIOS 2025.11-3ubuntu7 03/31/2026
00100 RIP: 0010:osd_create+0x9cf/0xcf0 [osd_wbcfs]
00100 Code: c7 c7 00 66 7c a1 48 c7 c6 a0 e2 7d a1 48 c7 c2 00 ec 7d a1 e8 52 c1 43 ff 48 c7 c7 00 66 7c a1 e8 56 51 44 ff e9 fe fc ff ff <0f> 0b e9 a5 fa ff ff 48 c7 c1 80 44 5d a0 80 e1 07 80 c1 03 38 c1
00100 RSP: 0018:ffffc90002227718 EFLAGS: 00010246
00100 RAX: 0000000000000000 RBX: ffff88814d44e800 RCX: 0000000000000046
00100 RDX: 0000000000000000 RSI: ffff88813a9e3b90 RDI: ffff8881965d2a58
00100 RBP: ffff88813a9e3b00 R08: ffffffff83a16803 R09: 1ffffffff0742d00
00100 R10: dffffc0000000000 R11: fffffbfff0742d01 R12: ffff88817d9d3000
00100 R13: dffffc0000000000 R14: 1ffff11029a89d00 R15: 1ffff1102fb3a60f
00100 FS:  00007fe341e87940(0000) GS:ffff88831e4ae000(0000) knlGS:0000000000000000
00100 CS:  0010 DS: 0000 ES: 0000 CR0: 0000000080050033
00100 CR2: 00005563b3dad408 CR3: 0000000189ab9000 CR4: 0000000000750eb0
00100 PKRU: 55555554
00100 Call Trace:
00100  <TASK>
00100  ? local_object_create+0x109/0x640 [obdclass]
00100  ? dt_write_lock+0x16d/0x2a0 [obdclass]
00100  ? llog_osd_create+0x35b/0x1270 [obdclass]
00100  ? llog_create+0x2ed/0x530 [obdclass]
00100  ? llog_open_create+0x6e7/0xb30 [obdclass]
00100  ? llog_test_9_sub+0xd4/0x800 [llog_test]
00100  ? llog_test_9+0x242/0x960 [llog_test]
00100  ? llog_run_tests+0x3d66/0x5ad0 [llog_test]
00100  ? get_random_u32+0x51/0x470
00100  ? llog_test_device_init+0x6e8/0xa20 [llog_test]
00100  ? obd_setup+0x54d/0x950 [obdclass]
00100  ? class_setup+0xc7d/0x10e0 [obdclass]
00100  ? class_process_config+0x2edb/0x7cb0 [obdclass]
00100  ? class_handle_ioctl+0x1f4d/0x3440 [obdclass]
00100  ? obd_class_ioctl+0x1f6/0x3c0 [obdclass]
00100  ? __x64_sys_ioctl+0x961/0xe00
00100  ? _copy_to_user+0x3d/0x60
00100  ? __x64_sys_rt_sigaction+0x107/0x140
00100  ? do_syscall_64+0xc1/0x350
00100  ? entry_SYSCALL_64_after_hwframe+0x4b/0x53
00100  </TASK>
00100 ---[ end trace 0000000000000000 ]---
00100 Lustre: 2179:0:(llog_test.c:1424:llog_test_9_sub()) 9_sub: record type 1064553b in log 0x1:0x14:0x0
00100 Lustre: 2179:0:(llog_test.c:1451:llog_test_9()) 9b: test llog_obd_cfg_rec
00100 ------------[ cut here ]------------
00100 WARNING: /home/ktest/git/linux/include/linux/fs.h:889 at osd_create+0x9cf/0xcf0 [osd_wbcfs], CPU#1: lctl/2179
00100 Modules linked in: llog_test(O) mgs(O) osd_wbcfs(O) lustre(O) obdecho(O) mgc(O) mdc(O) lov(O) osc(O) lmv(O) ec(O) fid(O) fld(O) ptlrpc(O) efivarfs obdclass(O) ksocklnd(O) lnet(O) libcfs(O)
00100 CPU: 1 UID: 0 PID: 2179 Comm: lctl Tainted: G        W  O        7.0.0-ktest-b7d6750398-7433349-20260706 #1 PREEMPT 
00100 Tainted: [W]=WARN, [O]=OOT_MODULE
00100 Hardware name: QEMU Standard PC (Q35 + ICH9, 2009), BIOS 2025.11-3ubuntu7 03/31/2026
00100 RIP: 0010:osd_create+0x9cf/0xcf0 [osd_wbcfs]
00100 Code: c7 c7 00 66 7c a1 48 c7 c6 a0 e2 7d a1 48 c7 c2 00 ec 7d a1 e8 52 c1 43 ff 48 c7 c7 00 66 7c a1 e8 56 51 44 ff e9 fe fc ff ff <0f> 0b e9 a5 fa ff ff 48 c7 c1 80 44 5d a0 80 e1 07 80 c1 03 38 c1
00100 RSP: 0018:ffffc90002227718 EFLAGS: 00010246
00100 RAX: 0000000000000000 RBX: ffff88814d44dc00 RCX: 0000000000000046
00100 RDX: 0000000000000000 RSI: ffff88813a9e3478 RDI: ffff8881965d2a58
00100 RBP: ffff88813a9e33e8 R08: ffffffff83a16803 R09: 1ffffffff0742d00
00100 R10: dffffc0000000000 R11: fffffbfff0742d01 R12: ffff88817d9d3000
00100 R13: dffffc0000000000 R14: 1ffff11029a89b80 R15: 1ffff1102fb3a60f
00100 FS:  00007fe341e87940(0000) GS:ffff88831e4ae000(0000) knlGS:0000000000000000
00100 CS:  0010 DS: 0000 ES: 0000 CR0: 0000000080050033
00100 CR2: 00005563b3dad408 CR3: 0000000189ab9000 CR4: 0000000000750eb0
00100 PKRU: 55555554
00100 Call Trace:
00100  <TASK>
00100  ? local_object_create+0x109/0x640 [obdclass]
00100  ? dt_write_lock+0x16d/0x2a0 [obdclass]
00100  ? llog_osd_create+0x35b/0x1270 [obdclass]
00100  ? llog_create+0x2ed/0x530 [obdclass]
00100  ? llog_open_create+0x6e7/0xb30 [obdclass]
00100  ? llog_test_9_sub+0xd4/0x800 [llog_test]
00100  ? llog_test_9+0x373/0x960 [llog_test]
00100  ? llog_run_tests+0x3d66/0x5ad0 [llog_test]
00100  ? get_random_u32+0x51/0x470
00100  ? llog_test_device_init+0x6e8/0xa20 [llog_test]
00100  ? obd_setup+0x54d/0x950 [obdclass]
00100  ? class_setup+0xc7d/0x10e0 [obdclass]
00100  ? class_process_config+0x2edb/0x7cb0 [obdclass]
00100  ? class_handle_ioctl+0x1f4d/0x3440 [obdclass]
00100  ? obd_class_ioctl+0x1f6/0x3c0 [obdclass]
00100  ? __x64_sys_ioctl+0x961/0xe00
00100  ? _copy_to_user+0x3d/0x60
00100  ? __x64_sys_rt_sigaction+0x107/0x140
00100  ? do_syscall_64+0xc1/0x350
00100  ? entry_SYSCALL_64_after_hwframe+0x4b/0x53
00100  </TASK>
00100 ---[ end trace 0000000000000000 ]---
00100 Lustre: 2179:0:(llog_test.c:1462:llog_test_9()) 9c: test llog_changelog_rec
00100 ------------[ cut here ]------------
00100 WARNING: /home/ktest/git/linux/include/linux/fs.h:889 at osd_create+0x9cf/0xcf0 [osd_wbcfs], CPU#1: lctl/2179
00100 Modules linked in: llog_test(O) mgs(O) osd_wbcfs(O) lustre(O) obdecho(O) mgc(O) mdc(O) lov(O) osc(O) lmv(O) ec(O) fid(O) fld(O) ptlrpc(O) efivarfs obdclass(O) ksocklnd(O) lnet(O) libcfs(O)
00100 CPU: 1 UID: 0 PID: 2179 Comm: lctl Tainted: G        W  O        7.0.0-ktest-b7d6750398-7433349-20260706 #1 PREEMPT 
00100 Tainted: [W]=WARN, [O]=OOT_MODULE
00100 Hardware name: QEMU Standard PC (Q35 + ICH9, 2009), BIOS 2025.11-3ubuntu7 03/31/2026
00100 RIP: 0010:osd_create+0x9cf/0xcf0 [osd_wbcfs]
00100 Code: c7 c7 00 66 7c a1 48 c7 c6 a0 e2 7d a1 48 c7 c2 00 ec 7d a1 e8 52 c1 43 ff 48 c7 c7 00 66 7c a1 e8 56 51 44 ff e9 fe fc ff ff <0f> 0b e9 a5 fa ff ff 48 c7 c1 80 44 5d a0 80 e1 07 80 c1 03 38 c1
00100 RSP: 0018:ffffc90002227718 EFLAGS: 00010246
00100 RAX: 0000000000000000 RBX: ffff88814d44d400 RCX: 0000000000000046
00100 RDX: 0000000000000000 RSI: ffff88813a9e2d60 RDI: ffff8881965d2a58
00100 RBP: ffff88813a9e2cd0 R08: ffffffff83a16803 R09: 1ffffffff0742d00
00100 R10: dffffc0000000000 R11: fffffbfff0742d01 R12: ffff88817d9d3000
00100 R13: dffffc0000000000 R14: 1ffff11029a89a80 R15: 1ffff1102fb3a60f
00100 FS:  00007fe341e87940(0000) GS:ffff88831e4ae000(0000) knlGS:0000000000000000
00100 CS:  0010 DS: 0000 ES: 0000 CR0: 0000000080050033
00100 CR2: 00005563b3dad408 CR3: 0000000189ab9000 CR4: 0000000000750eb0
00100 PKRU: 55555554
00100 Call Trace:
00100  <TASK>
00100  ? local_object_create+0x109/0x640 [obdclass]
00100  ? dt_write_lock+0x16d/0x2a0 [obdclass]
00100  ? llog_osd_create+0x35b/0x1270 [obdclass]
00100  ? llog_create+0x2ed/0x530 [obdclass]
00100  ? llog_open_create+0x6e7/0xb30 [obdclass]
00100  ? llog_test_9_sub+0xd4/0x800 [llog_test]
00100  ? llog_test_9+0x4a4/0x960 [llog_test]
00100  ? llog_run_tests+0x3d66/0x5ad0 [llog_test]
00100  ? get_random_u32+0x51/0x470
00100  ? llog_test_device_init+0x6e8/0xa20 [llog_test]
00100  ? obd_setup+0x54d/0x950 [obdclass]
00100  ? class_setup+0xc7d/0x10e0 [obdclass]
00100  ? class_process_config+0x2edb/0x7cb0 [obdclass]
00100  ? class_handle_ioctl+0x1f4d/0x3440 [obdclass]
00100  ? obd_class_ioctl+0x1f6/0x3c0 [obdclass]
00100  ? __x64_sys_ioctl+0x961/0xe00
00100  ? _copy_to_user+0x3d/0x60
00100  ? __x64_sys_rt_sigaction+0x107/0x140
00100  ? do_syscall_64+0xc1/0x350
00100  ? entry_SYSCALL_64_after_hwframe+0x4b/0x53
00100  </TASK>
00100 ---[ end trace 0000000000000000 ]---
00100 Lustre: 2179:0:(llog_test.c:1474:llog_test_9()) 9d: test llog_changelog_user_rec2
00100 ------------[ cut here ]------------
00100 WARNING: /home/ktest/git/linux/include/linux/fs.h:889 at osd_create+0x9cf/0xcf0 [osd_wbcfs], CPU#1: lctl/2179
00100 Modules linked in: llog_test(O) mgs(O) osd_wbcfs(O) lustre(O) obdecho(O) mgc(O) mdc(O) lov(O) osc(O) lmv(O) ec(O) fid(O) fld(O) ptlrpc(O) efivarfs obdclass(O) ksocklnd(O) lnet(O) libcfs(O)
00100 CPU: 1 UID: 0 PID: 2179 Comm: lctl Tainted: G        W  O        7.0.0-ktest-b7d6750398-7433349-20260706 #1 PREEMPT 
00100 Tainted: [W]=WARN, [O]=OOT_MODULE
00100 Hardware name: QEMU Standard PC (Q35 + ICH9, 2009), BIOS 2025.11-3ubuntu7 03/31/2026
00100 RIP: 0010:osd_create+0x9cf/0xcf0 [osd_wbcfs]
00100 Code: c7 c7 00 66 7c a1 48 c7 c6 a0 e2 7d a1 48 c7 c2 00 ec 7d a1 e8 52 c1 43 ff 48 c7 c7 00 66 7c a1 e8 56 51 44 ff e9 fe fc ff ff <0f> 0b e9 a5 fa ff ff 48 c7 c1 80 44 5d a0 80 e1 07 80 c1 03 38 c1
00100 RSP: 0018:ffffc90002227718 EFLAGS: 00010246
00100 RAX: 0000000000000000 RBX: ffff88814d44cc00 RCX: 0000000000000046
00100 RDX: 0000000000000000 RSI: ffff88819716d0d8 RDI: ffff8881965d2a58
00100 RBP: ffff88819716d048 R08: ffffffff83a16803 R09: 1ffffffff0742d00
00100 R10: dffffc0000000000 R11: fffffbfff0742d01 R12: ffff88817d9d3000
00100 R13: dffffc0000000000 R14: 1ffff11029a89980 R15: 1ffff1102fb3a60f
00100 FS:  00007fe341e87940(0000) GS:ffff88831e4ae000(0000) knlGS:0000000000000000
00100 CS:  0010 DS: 0000 ES: 0000 CR0: 0000000080050033
00100 CR2: 00005563b3dad408 CR3: 0000000189ab9000 CR4: 0000000000750eb0
00100 PKRU: 55555554
00100 Call Trace:
00100  <TASK>
00100  ? local_object_create+0x109/0x640 [obdclass]
00100  ? dt_write_lock+0x16d/0x2a0 [obdclass]
00100  ? llog_osd_create+0x35b/0x1270 [obdclass]
00100  ? llog_create+0x2ed/0x530 [obdclass]
00100  ? llog_open_create+0x6e7/0xb30 [obdclass]
00100  ? llog_test_9_sub+0xd4/0x800 [llog_test]
00100  ? llog_test_9+0x5d5/0x960 [llog_test]
00100  ? llog_run_tests+0x3d66/0x5ad0 [llog_test]
00100  ? get_random_u32+0x51/0x470
00100  ? llog_test_device_init+0x6e8/0xa20 [llog_test]
00100  ? obd_setup+0x54d/0x950 [obdclass]
00100  ? class_setup+0xc7d/0x10e0 [obdclass]
00100  ? class_process_config+0x2edb/0x7cb0 [obdclass]
00100  ? class_handle_ioctl+0x1f4d/0x3440 [obdclass]
00100  ? obd_class_ioctl+0x1f6/0x3c0 [obdclass]
00100  ? __x64_sys_ioctl+0x961/0xe00
00100  ? _copy_to_user+0x3d/0x60
00100  ? __x64_sys_rt_sigaction+0x107/0x140
00100  ? do_syscall_64+0xc1/0x350
00100  ? entry_SYSCALL_64_after_hwframe+0x4b/0x53
00100  </TASK>
00100 ---[ end trace 0000000000000000 ]---
00100 Lustre: 2179:0:(llog_test.c:1575:llog_test_10()) 10a: create a catalog log with name: 37999608
00100 ------------[ cut here ]------------
00100 WARNING: /home/ktest/git/linux/include/linux/fs.h:889 at osd_create+0x9cf/0xcf0 [osd_wbcfs], CPU#1: lctl/2179
00100 Modules linked in: llog_test(O) mgs(O) osd_wbcfs(O) lustre(O) obdecho(O) mgc(O) mdc(O) lov(O) osc(O) lmv(O) ec(O) fid(O) fld(O) ptlrpc(O) efivarfs obdclass(O) ksocklnd(O) lnet(O) libcfs(O)
00100 CPU: 1 UID: 0 PID: 2179 Comm: lctl Tainted: G        W  O        7.0.0-ktest-b7d6750398-7433349-20260706 #1 PREEMPT 
00100 Tainted: [W]=WARN, [O]=OOT_MODULE
00100 Hardware name: QEMU Standard PC (Q35 + ICH9, 2009), BIOS 2025.11-3ubuntu7 03/31/2026
00100 RIP: 0010:osd_create+0x9cf/0xcf0 [osd_wbcfs]
00100 Code: c7 c7 00 66 7c a1 48 c7 c6 a0 e2 7d a1 48 c7 c2 00 ec 7d a1 e8 52 c1 43 ff 48 c7 c7 00 66 7c a1 e8 56 51 44 ff e9 fe fc ff ff <0f> 0b e9 a5 fa ff ff 48 c7 c1 80 44 5d a0 80 e1 07 80 c1 03 38 c1
00100 RSP: 0018:ffffc900022275d0 EFLAGS: 00010246
00100 RAX: 0000000000000000 RBX: ffff88814d44c400 RCX: 0000000000000046
00100 RDX: 0000000000000000 RSI: ffff88819716c9c0 RDI: ffff8881965d2a58
00100 RBP: ffff88819716c930 R08: ffffffff83a16803 R09: 1ffffffff0742d00
00100 R10: dffffc0000000000 R11: fffffbfff0742d01 R12: ffff88817d9d3000
00100 R13: dffffc0000000000 R14: 1ffff11029a89880 R15: 1ffff1102fb3a60f
00100 FS:  00007fe341e87940(0000) GS:ffff88831e4ae000(0000) knlGS:0000000000000000
00100 CS:  0010 DS: 0000 ES: 0000 CR0: 0000000080050033
00100 CR2: 00005563b3dad408 CR3: 0000000189ab9000 CR4: 0000000000750eb0
00100 PKRU: 55555554
00100 Call Trace:
00100  <TASK>
00100  ? local_object_create+0x109/0x640 [obdclass]
00100  ? dt_write_lock+0x16d/0x2a0 [obdclass]
00100  ? llog_osd_create+0x35b/0x1270 [obdclass]
00100  ? llog_create+0x2ed/0x530 [obdclass]
00100  ? llog_open_create+0x6e7/0xb30 [obdclass]
00100  ? llog_test_10+0x2e1/0x5540 [llog_test]
00100  ? lu_object_put+0xa40/0x12e0 [obdclass]
00100  ? do_raw_spin_unlock+0x52/0x230
00100  ? _raw_spin_unlock+0x23/0x40
00100  ? __llog_ctxt_put+0x1c4/0x2f0 [obdclass]
00100  ? llog_run_tests+0x3f47/0x5ad0 [llog_test]
00100  ? get_random_u32+0x51/0x470
00100  ? llog_test_device_init+0x6e8/0xa20 [llog_test]
00100  ? obd_setup+0x54d/0x950 [obdclass]
00100  ? class_setup+0xc7d/0x10e0 [obdclass]
00100  ? class_process_config+0x2edb/0x7cb0 [obdclass]
00100  ? class_handle_ioctl+0x1f4d/0x3440 [obdclass]
00100  ? obd_class_ioctl+0x1f6/0x3c0 [obdclass]
00100  ? __x64_sys_ioctl+0x961/0xe00
00100  ? _copy_to_user+0x3d/0x60
00100  ? __x64_sys_rt_sigaction+0x107/0x140
00100  ? do_syscall_64+0xc1/0x350
00100  ? entry_SYSCALL_64_after_hwframe+0x4b/0x53
00100  </TASK>
00100 ---[ end trace 0000000000000000 ]---
00100 Lustre: 2179:0:(llog_test.c:1605:llog_test_10()) 10b: write 64767 log records
00100 ------------[ cut here ]------------
00100 WARNING: /home/ktest/git/linux/include/linux/fs.h:889 at osd_create+0x9cf/0xcf0 [osd_wbcfs], CPU#1: lctl/2179
00100 Modules linked in: llog_test(O) mgs(O) osd_wbcfs(O) lustre(O) obdecho(O) mgc(O) mdc(O) lov(O) osc(O) lmv(O) ec(O) fid(O) fld(O) ptlrpc(O) efivarfs obdclass(O) ksocklnd(O) lnet(O) libcfs(O)
00100 CPU: 1 UID: 0 PID: 2179 Comm: lctl Tainted: G        W  O        7.0.0-ktest-b7d6750398-7433349-20260706 #1 PREEMPT 
00100 Tainted: [W]=WARN, [O]=OOT_MODULE
00100 Hardware name: QEMU Standard PC (Q35 + ICH9, 2009), BIOS 2025.11-3ubuntu7 03/31/2026
00100 RIP: 0010:osd_create+0x9cf/0xcf0 [osd_wbcfs]
00100 Code: c7 c7 00 66 7c a1 48 c7 c6 a0 e2 7d a1 48 c7 c2 00 ec 7d a1 e8 52 c1 43 ff 48 c7 c7 00 66 7c a1 e8 56 51 44 ff e9 fe fc ff ff <0f> 0b e9 a5 fa ff ff 48 c7 c1 80 44 5d a0 80 e1 07 80 c1 03 38 c1
00100 RSP: 0018:ffffc90002227470 EFLAGS: 00010246
00100 RAX: 0000000000000000 RBX: ffff88818b5f9c00 RCX: 0000000000000046
00100 RDX: 0000000000000000 RSI: ffff88819716c2a8 RDI: ffff8881965d2a80
00100 RBP: ffff88819716c218 R08: ffffffff83a16803 R09: 1ffffffff0742d00
00100 R10: dffffc0000000000 R11: fffffbfff0742d01 R12: ffff88817d9d3000
00100 R13: dffffc0000000000 R14: 1ffff110316bf380 R15: 1ffff1102fb3a60f
00100 FS:  00007fe341e87940(0000) GS:ffff88831e4ae000(0000) knlGS:0000000000000000
00100 CS:  0010 DS: 0000 ES: 0000 CR0: 0000000080050033
00100 CR2: 00005563b3dad408 CR3: 0000000189ab9000 CR4: 0000000000750eb0
00100 PKRU: 55555554
00100 Call Trace:
00100  <TASK>
00100  ? local_object_create+0x109/0x640 [obdclass]
00100  ? dt_write_lock+0x16d/0x2a0 [obdclass]
00100  ? llog_osd_create+0x35b/0x1270 [obdclass]
00100  ? llog_create+0x2ed/0x530 [obdclass]
00100  ? llog_cat_new_log+0x6c5/0x2a10 [obdclass]
00100  ? llog_cat_add_rec+0x4fe/0x1960 [obdclass]
00100  ? llog_cat_add_rec+0x6ba/0x1960 [obdclass]
00100  ? llog_cat_add+0x499/0x7a0 [obdclass]
00100  ? llog_test_10+0x6d3/0x5540 [llog_test]
00100  ? do_raw_spin_unlock+0x52/0x230
00100  ? _raw_spin_unlock+0x23/0x40
00100  ? __llog_ctxt_put+0x1c4/0x2f0 [obdclass]
00100  ? llog_run_tests+0x3f47/0x5ad0 [llog_test]
00100  ? get_random_u32+0x51/0x470
00100  ? llog_test_device_init+0x6e8/0xa20 [llog_test]
00100  ? obd_setup+0x54d/0x950 [obdclass]
00100  ? class_setup+0xc7d/0x10e0 [obdclass]
00100  ? class_process_config+0x2edb/0x7cb0 [obdclass]
00100  ? class_handle_ioctl+0x1f4d/0x3440 [obdclass]
00100  ? obd_class_ioctl+0x1f6/0x3c0 [obdclass]
00100  ? __x64_sys_ioctl+0x961/0xe00
00100  ? _copy_to_user+0x3d/0x60
00100  ? __x64_sys_rt_sigaction+0x107/0x140
00100  ? do_syscall_64+0xc1/0x350
00100  ? entry_SYSCALL_64_after_hwframe+0x4b/0x53
00100  </TASK>
00100 ---[ end trace 0000000000000000 ]---
00103 ------------[ cut here ]------------
00103 WARNING: /home/ktest/git/linux/include/linux/fs.h:889 at osd_create+0x9cf/0xcf0 [osd_wbcfs], CPU#1: lctl/2179
00103 Modules linked in: llog_test(O) mgs(O) osd_wbcfs(O) lustre(O) obdecho(O) mgc(O) mdc(O) lov(O) osc(O) lmv(O) ec(O) fid(O) fld(O) ptlrpc(O) efivarfs obdclass(O) ksocklnd(O) lnet(O) libcfs(O)
00103 CPU: 1 UID: 0 PID: 2179 Comm: lctl Tainted: G        W  O        7.0.0-ktest-b7d6750398-7433349-20260706 #1 PREEMPT 
00103 Tainted: [W]=WARN, [O]=OOT_MODULE
00103 Hardware name: QEMU Standard PC (Q35 + ICH9, 2009), BIOS 2025.11-3ubuntu7 03/31/2026
00103 RIP: 0010:osd_create+0x9cf/0xcf0 [osd_wbcfs]
00103 Code: c7 c7 00 66 7c a1 48 c7 c6 a0 e2 7d a1 48 c7 c2 00 ec 7d a1 e8 52 c1 43 ff 48 c7 c7 00 66 7c a1 e8 56 51 44 ff e9 fe fc ff ff <0f> 0b e9 a5 fa ff ff 48 c7 c1 80 44 5d a0 80 e1 07 80 c1 03 38 c1
00103 RSP: 0018:ffffc90002227470 EFLAGS: 00010246
00103 RAX: 0000000000000000 RBX: ffff88818b5f9400 RCX: 0000000000000046
00103 RDX: 0000000000000000 RSI: ffff88819716bb90 RDI: ffff8881965d2a80
00103 RBP: ffff88819716bb00 R08: ffffffff83a16803 R09: 1ffffffff0742d00
00103 R10: dffffc0000000000 R11: fffffbfff0742d01 R12: ffff88817d9d3000
00103 R13: dffffc0000000000 R14: 1ffff110316bf280 R15: 1ffff1102fb3a60f
00103 FS:  00007fe341e87940(0000) GS:ffff88831e4ae000(0000) knlGS:0000000000000000
00103 CS:  0010 DS: 0000 ES: 0000 CR0: 0000000080050033
00103 CR2: 00005563b3dad408 CR3: 0000000189ab9000 CR4: 0000000000750eb0
00103 PKRU: 55555554
00103 Call Trace:
00103  <TASK>
00103  ? local_object_create+0x109/0x640 [obdclass]
00103  ? dt_write_lock+0x16d/0x2a0 [obdclass]
00103  ? llog_osd_create+0x35b/0x1270 [obdclass]
00103  ? llog_create+0x2ed/0x530 [obdclass]
00103  ? llog_cat_new_log+0x6c5/0x2a10 [obdclass]
00103  ? llog_cat_add_rec+0x6ba/0x1960 [obdclass]
00103  ? llog_cat_add+0x499/0x7a0 [obdclass]
00103  ? llog_test_10+0x6d3/0x5540 [llog_test]
00103  ? do_raw_spin_unlock+0x52/0x230
00103  ? _raw_spin_unlock+0x23/0x40
00103  ? __llog_ctxt_put+0x1c4/0x2f0 [obdclass]
00103  ? llog_run_tests+0x3f47/0x5ad0 [llog_test]
00103  ? get_random_u32+0x51/0x470
00103  ? llog_test_device_init+0x6e8/0xa20 [llog_test]
00103  ? obd_setup+0x54d/0x950 [obdclass]
00103  ? class_setup+0xc7d/0x10e0 [obdclass]
00103  ? class_process_config+0x2edb/0x7cb0 [obdclass]
00103  ? class_handle_ioctl+0x1f4d/0x3440 [obdclass]
00103  ? obd_class_ioctl+0x1f6/0x3c0 [obdclass]
00103  ? __x64_sys_ioctl+0x961/0xe00
00103  ? _copy_to_user+0x3d/0x60
00103  ? __x64_sys_rt_sigaction+0x107/0x140
00103  ? do_syscall_64+0xc1/0x350
00103  ? entry_SYSCALL_64_after_hwframe+0x4b/0x53
00103  </TASK>
00103 ---[ end trace 0000000000000000 ]---
00103 Lustre: 2179:0:(llog_test.c:1631:llog_test_10()) 10c: write 129534 more log records
00106 ------------[ cut here ]------------
00106 WARNING: /home/ktest/git/linux/include/linux/fs.h:889 at osd_create+0x9cf/0xcf0 [osd_wbcfs], CPU#1: lctl/2179
00106 Modules linked in: llog_test(O) mgs(O) osd_wbcfs(O) lustre(O) obdecho(O) mgc(O) mdc(O) lov(O) osc(O) lmv(O) ec(O) fid(O) fld(O) ptlrpc(O) efivarfs obdclass(O) ksocklnd(O) lnet(O) libcfs(O)
00106 CPU: 1 UID: 0 PID: 2179 Comm: lctl Tainted: G        W  O        7.0.0-ktest-b7d6750398-7433349-20260706 #1 PREEMPT 
00106 Tainted: [W]=WARN, [O]=OOT_MODULE
00106 Hardware name: QEMU Standard PC (Q35 + ICH9, 2009), BIOS 2025.11-3ubuntu7 03/31/2026
00106 RIP: 0010:osd_create+0x9cf/0xcf0 [osd_wbcfs]
00106 Code: c7 c7 00 66 7c a1 48 c7 c6 a0 e2 7d a1 48 c7 c2 00 ec 7d a1 e8 52 c1 43 ff 48 c7 c7 00 66 7c a1 e8 56 51 44 ff e9 fe fc ff ff <0f> 0b e9 a5 fa ff ff 48 c7 c1 80 44 5d a0 80 e1 07 80 c1 03 38 c1
00106 RSP: 0018:ffffc90002227470 EFLAGS: 00010246
00106 RAX: 0000000000000000 RBX: ffff88817ef8ec00 RCX: 0000000000000046
00106 RDX: 0000000000000000 RSI: ffff88819716b478 RDI: ffff8881965d2a80
00106 RBP: ffff88819716b3e8 R08: ffffffff83a16803 R09: 1ffffffff0742d00
00106 R10: dffffc0000000000 R11: fffffbfff0742d01 R12: ffff88817d9d3000
00106 R13: dffffc0000000000 R14: 1ffff1102fdf1d80 R15: 1ffff1102fb3a60f
00106 FS:  00007fe341e87940(0000) GS:ffff88831e4ae000(0000) knlGS:0000000000000000
00106 CS:  0010 DS: 0000 ES: 0000 CR0: 0000000080050033
00106 CR2: 00005563b3dad408 CR3: 0000000189ab9000 CR4: 0000000000750eb0
00106 PKRU: 55555554
00106 Call Trace:
00106  <TASK>
00106  ? local_object_create+0x109/0x640 [obdclass]
00106  ? dt_write_lock+0x16d/0x2a0 [obdclass]
00106  ? llog_osd_create+0x35b/0x1270 [obdclass]
00106  ? llog_create+0x2ed/0x530 [obdclass]
00106  ? llog_cat_new_log+0x6c5/0x2a10 [obdclass]
00106  ? llog_cat_add_rec+0x4fe/0x1960 [obdclass]
00106  ? llog_cat_add_rec+0x6ba/0x1960 [obdclass]
00106  ? llog_cat_add+0x499/0x7a0 [obdclass]
00106  ? llog_test_10+0x98e/0x5540 [llog_test]
00106  ? do_raw_spin_unlock+0x52/0x230
00106  ? _raw_spin_unlock+0x23/0x40
00106  ? __llog_ctxt_put+0x1c4/0x2f0 [obdclass]
00106  ? llog_run_tests+0x3f47/0x5ad0 [llog_test]
00106  ? get_random_u32+0x51/0x470
00106  ? llog_test_device_init+0x6e8/0xa20 [llog_test]
00106  ? obd_setup+0x54d/0x950 [obdclass]
00106  ? class_setup+0xc7d/0x10e0 [obdclass]
00106  ? class_process_config+0x2edb/0x7cb0 [obdclass]
00106  ? class_handle_ioctl+0x1f4d/0x3440 [obdclass]
00106  ? obd_class_ioctl+0x1f6/0x3c0 [obdclass]
00106  ? __x64_sys_ioctl+0x961/0xe00
00106  ? _copy_to_user+0x3d/0x60
00106  ? __x64_sys_rt_sigaction+0x107/0x140
00106  ? do_syscall_64+0xc1/0x350
00106  ? entry_SYSCALL_64_after_hwframe+0x4b/0x53
00106  </TASK>
00106 ---[ end trace 0000000000000000 ]---
00108 ------------[ cut here ]------------
00108 WARNING: /home/ktest/git/linux/include/linux/fs.h:889 at osd_create+0x9cf/0xcf0 [osd_wbcfs], CPU#1: lctl/2179
00108 Modules linked in: llog_test(O) mgs(O) osd_wbcfs(O) lustre(O) obdecho(O) mgc(O) mdc(O) lov(O) osc(O) lmv(O) ec(O) fid(O) fld(O) ptlrpc(O) efivarfs obdclass(O) ksocklnd(O) lnet(O) libcfs(O)
00108 CPU: 1 UID: 0 PID: 2179 Comm: lctl Tainted: G        W  O        7.0.0-ktest-b7d6750398-7433349-20260706 #1 PREEMPT 
00108 Tainted: [W]=WARN, [O]=OOT_MODULE
00108 Hardware name: QEMU Standard PC (Q35 + ICH9, 2009), BIOS 2025.11-3ubuntu7 03/31/2026
00108 RIP: 0010:osd_create+0x9cf/0xcf0 [osd_wbcfs]
00108 Code: c7 c7 00 66 7c a1 48 c7 c6 a0 e2 7d a1 48 c7 c2 00 ec 7d a1 e8 52 c1 43 ff 48 c7 c7 00 66 7c a1 e8 56 51 44 ff e9 fe fc ff ff <0f> 0b e9 a5 fa ff ff 48 c7 c1 80 44 5d a0 80 e1 07 80 c1 03 38 c1
00108 RSP: 0018:ffffc90002227470 EFLAGS: 00010246
00108 RAX: 0000000000000000 RBX: ffff888199c72800 RCX: 0000000000000046
00108 RDX: 0000000000000000 RSI: ffff88819716ad60 RDI: ffff8881965d2a80
00108 RBP: ffff88819716acd0 R08: ffffffff83a16803 R09: 1ffffffff0742d00
00108 R10: dffffc0000000000 R11: fffffbfff0742d01 R12: ffff88817d9d3000
00108 R13: dffffc0000000000 R14: 1ffff1103338e500 R15: 1ffff1102fb3a60f
00108 FS:  00007fe341e87940(0000) GS:ffff88831e4ae000(0000) knlGS:0000000000000000
00108 CS:  0010 DS: 0000 ES: 0000 CR0: 0000000080050033
00108 CR2: 00005563b3dad408 CR3: 0000000189ab9000 CR4: 0000000000750eb0
00108 PKRU: 55555554
00108 Call Trace:
00108  <TASK>
00108  ? local_object_create+0x109/0x640 [obdclass]
00108  ? dt_write_lock+0x16d/0x2a0 [obdclass]
00108  ? llog_osd_create+0x35b/0x1270 [obdclass]
00108  ? llog_create+0x2ed/0x530 [obdclass]
00108  ? llog_cat_new_log+0x6c5/0x2a10 [obdclass]
00108  ? llog_cat_add_rec+0x4fe/0x1960 [obdclass]
00108  ? llog_cat_add_rec+0x6ba/0x1960 [obdclass]
00108  ? llog_cat_add+0x499/0x7a0 [obdclass]
00108  ? llog_test_10+0x98e/0x5540 [llog_test]
00108  ? do_raw_spin_unlock+0x52/0x230
00108  ? _raw_spin_unlock+0x23/0x40
00108  ? __llog_ctxt_put+0x1c4/0x2f0 [obdclass]
00108  ? llog_run_tests+0x3f47/0x5ad0 [llog_test]
00108  ? get_random_u32+0x51/0x470
00108  ? llog_test_device_init+0x6e8/0xa20 [llog_test]
00108  ? obd_setup+0x54d/0x950 [obdclass]
00108  ? class_setup+0xc7d/0x10e0 [obdclass]
00108  ? class_process_config+0x2edb/0x7cb0 [obdclass]
00108  ? class_handle_ioctl+0x1f4d/0x3440 [obdclass]
00108  ? obd_class_ioctl+0x1f6/0x3c0 [obdclass]
00108  ? __x64_sys_ioctl+0x961/0xe00
00108  ? _copy_to_user+0x3d/0x60
00108  ? __x64_sys_rt_sigaction+0x107/0x140
00108  ? do_syscall_64+0xc1/0x350
00108  ? entry_SYSCALL_64_after_hwframe+0x4b/0x53
00108  </TASK>
00108 ---[ end trace 0000000000000000 ]---
00108 Lustre: 2179:0:(llog_test.c:1663:llog_test_10()) 10c: write 64767 more log records
00111 Lustre: 2179:0:(llog_cat.c:80:llog_cat_new_log()) MGS: there are no more free slots in catalog 37999608
00111 LustreError: 2179:0:(llog_cat.c:588:llog_cat_add_rec()) MGS: initialization error: rc = -28
00111 Lustre: 2179:0:(llog_test.c:1689:llog_test_10()) 10c: wrote 64011 records then 756 failed with ENOSPC
00111 Lustre: 2179:0:(llog_test.c:1708:llog_test_10()) 10d: Cancel 64767 records, see one log zapped
00113 Lustre: 2179:0:(llog_test.c:1722:llog_test_10()) 10d: print the catalog entries.. we expect 3
00113 Lustre: 2197:0:(llog_test.c:700:cat_print_cb()) seeing record at index 2 - [0x1:0x19:0x0] in log [0xa:0x5:0x0]
00113 Lustre: 2179:0:(llog_test.c:1752:llog_test_10()) 10e: write 64767 more log records
00113 ------------[ cut here ]------------
00113 WARNING: /home/ktest/git/linux/include/linux/fs.h:889 at osd_create+0x9cf/0xcf0 [osd_wbcfs], CPU#1: lctl/2179
00113 Modules linked in: llog_test(O) mgs(O) osd_wbcfs(O) lustre(O) obdecho(O) mgc(O) mdc(O) lov(O) osc(O) lmv(O) ec(O) fid(O) fld(O) ptlrpc(O) efivarfs obdclass(O) ksocklnd(O) lnet(O) libcfs(O)
00113 CPU: 1 UID: 0 PID: 2179 Comm: lctl Tainted: G        W  O        7.0.0-ktest-b7d6750398-7433349-20260706 #1 PREEMPT 
00113 Tainted: [W]=WARN, [O]=OOT_MODULE
00113 Hardware name: QEMU Standard PC (Q35 + ICH9, 2009), BIOS 2025.11-3ubuntu7 03/31/2026
00113 RIP: 0010:osd_create+0x9cf/0xcf0 [osd_wbcfs]
00113 Code: c7 c7 00 66 7c a1 48 c7 c6 a0 e2 7d a1 48 c7 c2 00 ec 7d a1 e8 52 c1 43 ff 48 c7 c7 00 66 7c a1 e8 56 51 44 ff e9 fe fc ff ff <0f> 0b e9 a5 fa ff ff 48 c7 c1 80 44 5d a0 80 e1 07 80 c1 03 38 c1
00113 RSP: 0018:ffffc90002227470 EFLAGS: 00010246
00113 RAX: 0000000000000000 RBX: ffff88811e4c0400 RCX: 0000000000000046
00113 RDX: 0000000000000000 RSI: ffff88819716a648 RDI: ffff8881965d2a80
00113 RBP: ffff88819716a5b8 R08: ffffffff83a16803 R09: 1ffffffff0742d00
00113 R10: dffffc0000000000 R11: fffffbfff0742d01 R12: ffff88817d9d3000
00113 R13: dffffc0000000000 R14: 1ffff11023c98080 R15: 1ffff1102fb3a60f
00113 FS:  00007fe341e87940(0000) GS:ffff88831e4ae000(0000) knlGS:0000000000000000
00113 CS:  0010 DS: 0000 ES: 0000 CR0: 0000000080050033
00113 CR2: 00005563b3dad408 CR3: 0000000189ab9000 CR4: 0000000000750eb0
00113 PKRU: 55555554
00113 Call Trace:
00113  <TASK>
00113  ? local_object_create+0x109/0x640 [obdclass]
00113  ? dt_write_lock+0x16d/0x2a0 [obdclass]
00113  ? llog_osd_create+0x35b/0x1270 [obdclass]
00113  ? llog_create+0x2ed/0x530 [obdclass]
00113  ? llog_cat_new_log+0x6c5/0x2a10 [obdclass]
00113  ? llog_cat_add_rec+0x4fe/0x1960 [obdclass]
00113  ? llog_cat_add_rec+0x6ba/0x1960 [obdclass]
00113  ? llog_cat_add+0x499/0x7a0 [obdclass]
00113  ? llog_test_10+0x185a/0x5540 [llog_test]
00113  ? do_raw_spin_unlock+0x52/0x230
00113  ? _raw_spin_unlock+0x23/0x40
00113  ? __llog_ctxt_put+0x1c4/0x2f0 [obdclass]
00113  ? llog_run_tests+0x3f47/0x5ad0 [llog_test]
00113  ? get_random_u32+0x51/0x470
00113  ? llog_test_device_init+0x6e8/0xa20 [llog_test]
00113  ? obd_setup+0x54d/0x950 [obdclass]
00113  ? class_setup+0xc7d/0x10e0 [obdclass]
00113  ? class_process_config+0x2edb/0x7cb0 [obdclass]
00113  ? class_handle_ioctl+0x1f4d/0x3440 [obdclass]
00113  ? obd_class_ioctl+0x1f6/0x3c0 [obdclass]
00113  ? __x64_sys_ioctl+0x961/0xe00
00113  ? _copy_to_user+0x3d/0x60
00113  ? __x64_sys_rt_sigaction+0x107/0x140
00113  ? do_syscall_64+0xc1/0x350
00113  ? entry_SYSCALL_64_after_hwframe+0x4b/0x53
00113  </TASK>
00113 ---[ end trace 0000000000000000 ]---
00115 Lustre: 2179:0:(llog_cat.c:80:llog_cat_new_log()) MGS: there are no more free slots in catalog 37999608
00115 Lustre: 2179:0:(llog_cat.c:80:llog_cat_new_log()) Skipped 755 previous similar messages
00115 LustreError: 2179:0:(llog_cat.c:588:llog_cat_add_rec()) MGS: initialization error: rc = -28
00115 LustreError: 2179:0:(llog_cat.c:588:llog_cat_add_rec()) Skipped 755 previous similar messages
00115 Lustre: 2179:0:(llog_test.c:1778:llog_test_10()) 10e: wrote 64578 records then 189 failed with ENOSPC
00115 Lustre: 2179:0:(llog_test.c:1780:llog_test_10()) 10e: print the catalog entries.. we expect 4
00115 Lustre: 2179:0:(llog_cat.c:977:llog_cat_process_or_fork()) MGS: catlog [0xa:0x5:0x0] crosses index zero
00115 Lustre: 2179:0:(llog_test.c:700:cat_print_cb()) seeing record at index 2 - [0x1:0x19:0x0] in log [0xa:0x5:0x0]
00115 Lustre: 2179:0:(llog_test.c:700:cat_print_cb()) Skipped 2 previous similar messages
00115 Lustre: 2179:0:(llog_test.c:1816:llog_test_10()) 10e: catalog successfully wrap around, last_idx 1, first 1
00115 Lustre: 2179:0:(llog_test.c:1833:llog_test_10()) 10f: Cancel 64767 records, see one log zapped
00117 Lustre: 2179:0:(llog_test.c:1847:llog_test_10()) 10f: print the catalog entries.. we expect 3
00117 Lustre: 2179:0:(llog_cat.c:977:llog_cat_process_or_fork()) MGS: catlog [0xa:0x5:0x0] crosses index zero
00117 Lustre: 2179:0:(llog_cat.c:977:llog_cat_process_or_fork()) Skipped 1 previous similar message
00117 Lustre: 2179:0:(llog_test.c:1878:llog_test_10()) 10f: write 64767 more log records
00117 ------------[ cut here ]------------
00117 WARNING: /home/ktest/git/linux/include/linux/fs.h:889 at osd_create+0x9cf/0xcf0 [osd_wbcfs], CPU#1: lctl/2179
00117 Modules linked in: llog_test(O) mgs(O) osd_wbcfs(O) lustre(O) obdecho(O) mgc(O) mdc(O) lov(O) osc(O) lmv(O) ec(O) fid(O) fld(O) ptlrpc(O) efivarfs obdclass(O) ksocklnd(O) lnet(O) libcfs(O)
00117 CPU: 1 UID: 0 PID: 2179 Comm: lctl Tainted: G        W  O        7.0.0-ktest-b7d6750398-7433349-20260706 #1 PREEMPT 
00117 Tainted: [W]=WARN, [O]=OOT_MODULE
00117 Hardware name: QEMU Standard PC (Q35 + ICH9, 2009), BIOS 2025.11-3ubuntu7 03/31/2026
00117 RIP: 0010:osd_create+0x9cf/0xcf0 [osd_wbcfs]
00117 Code: c7 c7 00 66 7c a1 48 c7 c6 a0 e2 7d a1 48 c7 c2 00 ec 7d a1 e8 52 c1 43 ff 48 c7 c7 00 66 7c a1 e8 56 51 44 ff e9 fe fc ff ff <0f> 0b e9 a5 fa ff ff 48 c7 c1 80 44 5d a0 80 e1 07 80 c1 03 38 c1
00117 RSP: 0018:ffffc90002227470 EFLAGS: 00010246
00117 RAX: 0000000000000000 RBX: ffff88813645d000 RCX: 0000000000000046
00117 RDX: 0000000000000000 RSI: ffff888197169f30 RDI: ffff8881965d2a80
00117 RBP: ffff888197169ea0 R08: ffffffff83a16803 R09: 1ffffffff0742d00
00117 R10: dffffc0000000000 R11: fffffbfff0742d01 R12: ffff88817d9d3000
00117 R13: dffffc0000000000 R14: 1ffff11026c8ba00 R15: 1ffff1102fb3a60f
00117 FS:  00007fe341e87940(0000) GS:ffff88831e4ae000(0000) knlGS:0000000000000000
00117 CS:  0010 DS: 0000 ES: 0000 CR0: 0000000080050033
00117 CR2: 00005563b3dad408 CR3: 0000000189ab9000 CR4: 0000000000750eb0
00117 PKRU: 55555554
00117 Call Trace:
00117  <TASK>
00117  ? local_object_create+0x109/0x640 [obdclass]
00117  ? dt_write_lock+0x16d/0x2a0 [obdclass]
00117  ? llog_osd_create+0x35b/0x1270 [obdclass]
00117  ? llog_create+0x2ed/0x530 [obdclass]
00117  ? llog_cat_new_log+0x6c5/0x2a10 [obdclass]
00117  ? llog_cat_add_rec+0x4fe/0x1960 [obdclass]
00117  ? llog_cat_add_rec+0x6ba/0x1960 [obdclass]
00117  ? llog_cat_add+0x499/0x7a0 [obdclass]
00117  ? llog_test_10+0x2b7c/0x5540 [llog_test]
00117  ? do_raw_spin_unlock+0x52/0x230
00117  ? _raw_spin_unlock+0x23/0x40
00117  ? __llog_ctxt_put+0x1c4/0x2f0 [obdclass]
00117  ? llog_run_tests+0x3f47/0x5ad0 [llog_test]
00117  ? get_random_u32+0x51/0x470
00117  ? llog_test_device_init+0x6e8/0xa20 [llog_test]
00117  ? obd_setup+0x54d/0x950 [obdclass]
00117  ? class_setup+0xc7d/0x10e0 [obdclass]
00117  ? class_process_config+0x2edb/0x7cb0 [obdclass]
00117  ? class_handle_ioctl+0x1f4d/0x3440 [obdclass]
00117  ? obd_class_ioctl+0x1f6/0x3c0 [obdclass]
00117  ? __x64_sys_ioctl+0x961/0xe00
00117  ? _copy_to_user+0x3d/0x60
00117  ? __x64_sys_rt_sigaction+0x107/0x140
00117  ? do_syscall_64+0xc1/0x350
00117  ? entry_SYSCALL_64_after_hwframe+0x4b/0x53
00117  </TASK>
00117 ---[ end trace 0000000000000000 ]---
00120 Lustre: 2179:0:(llog_cat.c:80:llog_cat_new_log()) MGS: there are no more free slots in catalog 37999608
00120 Lustre: 2179:0:(llog_cat.c:80:llog_cat_new_log()) Skipped 188 previous similar messages
00120 LustreError: 2179:0:(llog_cat.c:588:llog_cat_add_rec()) MGS: initialization error: rc = -28
00120 LustreError: 2179:0:(llog_cat.c:588:llog_cat_add_rec()) Skipped 188 previous similar messages
00120 Lustre: 2179:0:(llog_test.c:1904:llog_test_10()) 10f: wrote 64578 records then 189 failed with ENOSPC
00120 Lustre: 2179:0:(llog_test.c:1950:llog_test_10()) 10g: Cancel 64767 records, see one log zapped
00120 Lustre: 2179:0:(llog_cat.c:977:llog_cat_process_or_fork()) MGS: catlog [0xa:0x5:0x0] crosses index zero
00122 Lustre: 2179:0:(llog_test.c:1962:llog_test_10()) 10g: print the catalog entries.. we expect 3
00122 Lustre: 2179:0:(llog_test.c:700:cat_print_cb()) seeing record at index 4 - [0x1:0x1b:0x0] in log [0xa:0x5:0x0]
00122 Lustre: 2179:0:(llog_test.c:700:cat_print_cb()) Skipped 6 previous similar messages
00122 Lustre: 2179:0:(llog_test.c:1992:llog_test_10()) 10g: Cancel 64767 records, see one log zapped
00124 Lustre: 2179:0:(llog_test.c:2006:llog_test_10()) 10g: print the catalog entries.. we expect 2
00124 Lustre: 2179:0:(llog_test.c:2044:llog_test_10()) 10g: Cancel 64767 records, see one log zapped
00126 Lustre: 2179:0:(llog_test.c:2058:llog_test_10()) 10g: print the catalog entries.. we expect 1
00126 Lustre: 2179:0:(llog_test.c:2084:llog_test_10()) 10g: llh_cat_idx has also successfully wrapped!
00126 Lustre: 2199:0:(llog_test.c:1534:cat_check_old_cb()) seeing record at index 2 - [0x1:0x1d:0x0] in log [0xa:0x5:0x0]
00126 Lustre: 2179:0:(llog_test.c:2108:llog_test_10()) 10h: write 64767 more log records
00126 ------------[ cut here ]------------
00126 WARNING: /home/ktest/git/linux/include/linux/fs.h:889 at osd_create+0x9cf/0xcf0 [osd_wbcfs], CPU#1: lctl/2179
00126 Modules linked in: llog_test(O) mgs(O) osd_wbcfs(O) lustre(O) obdecho(O) mgc(O) mdc(O) lov(O) osc(O) lmv(O) ec(O) fid(O) fld(O) ptlrpc(O) efivarfs obdclass(O) ksocklnd(O) lnet(O) libcfs(O)
00126 CPU: 1 UID: 0 PID: 2179 Comm: lctl Tainted: G        W  O        7.0.0-ktest-b7d6750398-7433349-20260706 #1 PREEMPT 
00126 Tainted: [W]=WARN, [O]=OOT_MODULE
00126 Hardware name: QEMU Standard PC (Q35 + ICH9, 2009), BIOS 2025.11-3ubuntu7 03/31/2026
00126 RIP: 0010:osd_create+0x9cf/0xcf0 [osd_wbcfs]
00126 Code: c7 c7 00 66 7c a1 48 c7 c6 a0 e2 7d a1 48 c7 c2 00 ec 7d a1 e8 52 c1 43 ff 48 c7 c7 00 66 7c a1 e8 56 51 44 ff e9 fe fc ff ff <0f> 0b e9 a5 fa ff ff 48 c7 c1 80 44 5d a0 80 e1 07 80 c1 03 38 c1
00126 RSP: 0018:ffffc90002227470 EFLAGS: 00010246
00126 RAX: 0000000000000000 RBX: ffff8881fb54a400 RCX: 0000000000000046
00126 RDX: 0000000000000000 RSI: ffff888197169818 RDI: ffff8881965d2a80
00126 RBP: ffff888197169788 R08: ffffffff83a16803 R09: 1ffffffff0742d00
00126 R10: dffffc0000000000 R11: fffffbfff0742d01 R12: ffff88817d9d3000
00126 R13: dffffc0000000000 R14: 1ffff1103f6a9480 R15: 1ffff1102fb3a60f
00126 FS:  00007fe341e87940(0000) GS:ffff88831e4ae000(0000) knlGS:0000000000000000
00126 CS:  0010 DS: 0000 ES: 0000 CR0: 0000000080050033
00126 CR2: 00005563b3dad408 CR3: 0000000189ab9000 CR4: 0000000000750eb0
00126 PKRU: 55555554
00126 Call Trace:
00126  <TASK>
00126  ? local_object_create+0x109/0x640 [obdclass]
00126  ? dt_write_lock+0x16d/0x2a0 [obdclass]
00126  ? llog_osd_create+0x35b/0x1270 [obdclass]
00126  ? llog_create+0x2ed/0x530 [obdclass]
00126  ? llog_cat_new_log+0x6c5/0x2a10 [obdclass]
00126  ? llog_cat_add_rec+0x4fe/0x1960 [obdclass]
00126  ? llog_cat_add_rec+0x6ba/0x1960 [obdclass]
00126  ? llog_cat_add+0x499/0x7a0 [obdclass]
00126  ? llog_test_10+0x5030/0x5540 [llog_test]
00126  ? llog_test_9_sub+0x800/0x800 [llog_test]
00126  ? llog_run_tests+0x3f47/0x5ad0 [llog_test]
00126  ? get_random_u32+0x51/0x470
00126  ? llog_test_device_init+0x6e8/0xa20 [llog_test]
00126  ? obd_setup+0x54d/0x950 [obdclass]
00126  ? class_setup+0xc7d/0x10e0 [obdclass]
00126  ? class_process_config+0x2edb/0x7cb0 [obdclass]
00126  ? class_handle_ioctl+0x1f4d/0x3440 [obdclass]
00126  ? obd_class_ioctl+0x1f6/0x3c0 [obdclass]
00126  ? __x64_sys_ioctl+0x961/0xe00
00126  ? _copy_to_user+0x3d/0x60
00126  ? __x64_sys_rt_sigaction+0x107/0x140
00126  ? do_syscall_64+0xc1/0x350
00126  ? entry_SYSCALL_64_after_hwframe+0x4b/0x53
00126  </TASK>
00126 ---[ end trace 0000000000000000 ]---
00126 LustreError: 2179:0:(llog_osd.c:684:llog_osd_write_rec()) cfs_race id 1317 sleeping
00127 LustreError: 2199:0:(llog.c:685:llog_process_thread()) cfs_fail_race id 1317 waking
00127 LustreError: 2179:0:(llog_osd.c:684:llog_osd_write_rec()) cfs_fail_race id 1317 awake: rc=444
00128 LustreError: 2199:0:(llog.c:685:llog_process_thread()) cfs_fail_race id 1317 waking
00128 Lustre: 2199:0:(llog_test.c:1534:cat_check_old_cb()) seeing record at index 3 - [0x1:0x1e:0x0] in log [0xa:0x5:0x0]
00131 ------------[ cut here ]------------
00131 WARNING: /home/ktest/git/linux/include/linux/fs.h:889 at osd_create+0x9cf/0xcf0 [osd_wbcfs], CPU#1: lctl/2179
00131 Modules linked in: llog_test(O) mgs(O) osd_wbcfs(O) lustre(O) obdecho(O) mgc(O) mdc(O) lov(O) osc(O) lmv(O) ec(O) fid(O) fld(O) ptlrpc(O) efivarfs obdclass(O) ksocklnd(O) lnet(O) libcfs(O)
00131 CPU: 1 UID: 0 PID: 2179 Comm: lctl Tainted: G        W  O        7.0.0-ktest-b7d6750398-7433349-20260706 #1 PREEMPT 
00131 Tainted: [W]=WARN, [O]=OOT_MODULE
00131 Hardware name: QEMU Standard PC (Q35 + ICH9, 2009), BIOS 2025.11-3ubuntu7 03/31/2026
00131 RIP: 0010:osd_create+0x9cf/0xcf0 [osd_wbcfs]
00131 Code: c7 c7 00 66 7c a1 48 c7 c6 a0 e2 7d a1 48 c7 c2 00 ec 7d a1 e8 52 c1 43 ff 48 c7 c7 00 66 7c a1 e8 56 51 44 ff e9 fe fc ff ff <0f> 0b e9 a5 fa ff ff 48 c7 c1 80 44 5d a0 80 e1 07 80 c1 03 38 c1
00131 RSP: 0018:ffffc90002227470 EFLAGS: 00010246
00131 RAX: 0000000000000000 RBX: ffff88801274fc00 RCX: 0000000000000046
00131 RDX: 0000000000000000 RSI: ffff888197169100 RDI: ffff8881965d2a80
00131 RBP: ffff888197169070 R08: ffffffff83a16803 R09: 1ffffffff0742d00
00131 R10: dffffc0000000000 R11: fffffbfff0742d01 R12: ffff88817d9d3000
00131 R13: dffffc0000000000 R14: 1ffff110024e9f80 R15: 1ffff1102fb3a60f
00131 FS:  00007fe341e87940(0000) GS:ffff88831e4ae000(0000) knlGS:0000000000000000
00131 CS:  0010 DS: 0000 ES: 0000 CR0: 0000000080050033
00131 CR2: 00005563b3dad408 CR3: 0000000189ab9000 CR4: 0000000000750eb0
00131 PKRU: 55555554
00131 Call Trace:
00131  <TASK>
00131  ? local_object_create+0x109/0x640 [obdclass]
00131  ? dt_write_lock+0x16d/0x2a0 [obdclass]
00131  ? llog_osd_create+0x35b/0x1270 [obdclass]
00131  ? llog_create+0x2ed/0x530 [obdclass]
00131  ? llog_cat_new_log+0x6c5/0x2a10 [obdclass]
00131  ? llog_cat_add_rec+0x4fe/0x1960 [obdclass]
00131  ? llog_cat_add_rec+0x6ba/0x1960 [obdclass]
00131  ? llog_cat_add+0x499/0x7a0 [obdclass]
00131  ? llog_test_10+0x5030/0x5540 [llog_test]
00131  ? llog_test_9_sub+0x800/0x800 [llog_test]
00131  ? llog_run_tests+0x3f47/0x5ad0 [llog_test]
00131  ? get_random_u32+0x51/0x470
00131  ? llog_test_device_init+0x6e8/0xa20 [llog_test]
00131  ? obd_setup+0x54d/0x950 [obdclass]
00131  ? class_setup+0xc7d/0x10e0 [obdclass]
00131  ? class_process_config+0x2edb/0x7cb0 [obdclass]
00131  ? class_handle_ioctl+0x1f4d/0x3440 [obdclass]
00131  ? obd_class_ioctl+0x1f6/0x3c0 [obdclass]
00131  ? __x64_sys_ioctl+0x961/0xe00
00131  ? _copy_to_user+0x3d/0x60
00131  ? __x64_sys_rt_sigaction+0x107/0x140
00131  ? do_syscall_64+0xc1/0x350
00131  ? entry_SYSCALL_64_after_hwframe+0x4b/0x53
00131  </TASK>
00131 ---[ end trace 0000000000000000 ]---
00131 LustreError: 2179:0:(llog_osd.c:684:llog_osd_write_rec()) cfs_fail_race id 1317 waking
00132 Lustre: 2179:0:(llog_test.c:2134:llog_test_10()) 10h: wrote 64767 records then 0 failed with ENOSPC
00132 Lustre: 2179:0:(llog_test.c:2147:llog_test_10()) 10: put newly-created catalog
00132 Lustre: 2179:0:(llog_test.c:2177:llog_test_11()) 11: create a plain nameless log
00132 ------------[ cut here ]------------
00132 WARNING: /home/ktest/git/linux/include/linux/fs.h:889 at osd_create+0x9cf/0xcf0 [osd_wbcfs], CPU#1: lctl/2179
00132 Modules linked in: llog_test(O) mgs(O) osd_wbcfs(O) lustre(O) obdecho(O) mgc(O) mdc(O) lov(O) osc(O) lmv(O) ec(O) fid(O) fld(O) ptlrpc(O) efivarfs obdclass(O) ksocklnd(O) lnet(O) libcfs(O)
00132 CPU: 1 UID: 0 PID: 2179 Comm: lctl Tainted: G        W  O        7.0.0-ktest-b7d6750398-7433349-20260706 #1 PREEMPT 
00132 Tainted: [W]=WARN, [O]=OOT_MODULE
00132 Hardware name: QEMU Standard PC (Q35 + ICH9, 2009), BIOS 2025.11-3ubuntu7 03/31/2026
00132 RIP: 0010:osd_create+0x9cf/0xcf0 [osd_wbcfs]
00132 Code: c7 c7 00 66 7c a1 48 c7 c6 a0 e2 7d a1 48 c7 c2 00 ec 7d a1 e8 52 c1 43 ff 48 c7 c7 00 66 7c a1 e8 56 51 44 ff e9 fe fc ff ff <0f> 0b e9 a5 fa ff ff 48 c7 c1 80 44 5d a0 80 e1 07 80 c1 03 38 c1
00132 RSP: 0018:ffffc90002227678 EFLAGS: 00010246
00132 RAX: 0000000000000000 RBX: ffff888034048800 RCX: 0000000000000046
00132 RDX: 0000000000000000 RSI: ffff8881971689e8 RDI: ffff8881965d2a58
00132 RBP: ffff888197168958 R08: ffffffff83a16803 R09: 1ffffffff0742d00
00132 R10: dffffc0000000000 R11: fffffbfff0742d01 R12: ffff88817d9d3000
00132 R13: dffffc0000000000 R14: 1ffff11006809100 R15: 1ffff1102fb3a60f
00132 FS:  00007fe341e87940(0000) GS:ffff88831e4ae000(0000) knlGS:0000000000000000
00132 CS:  0010 DS: 0000 ES: 0000 CR0: 0000000080050033
00132 CR2: 00005563b3dad408 CR3: 0000000189ab9000 CR4: 0000000000750eb0
00132 PKRU: 55555554
00132 Call Trace:
00132  <TASK>
00132  ? local_object_create+0x109/0x640 [obdclass]
00132  ? dt_write_lock+0x16d/0x2a0 [obdclass]
00132  ? llog_osd_create+0x35b/0x1270 [obdclass]
00132  ? llog_create+0x2ed/0x530 [obdclass]
00132  ? llog_open_create+0x6e7/0xb30 [obdclass]
00132  ? llog_test_11+0x2a4/0x1130 [llog_test]
00132  ? llog_test_9_sub+0x800/0x800 [llog_test]
00132  ? llog_run_tests+0x41b8/0x5ad0 [llog_test]
00132  ? get_random_u32+0x51/0x470
00132  ? llog_test_device_init+0x6e8/0xa20 [llog_test]
00132  ? obd_setup+0x54d/0x950 [obdclass]
00132  ? class_setup+0xc7d/0x10e0 [obdclass]
00132  ? class_process_config+0x2edb/0x7cb0 [obdclass]
00132  ? class_handle_ioctl+0x1f4d/0x3440 [obdclass]
00132  ? obd_class_ioctl+0x1f6/0x3c0 [obdclass]
00132  ? __x64_sys_ioctl+0x961/0xe00
00132  ? _copy_to_user+0x3d/0x60
00132  ? __x64_sys_rt_sigaction+0x107/0x140
00132  ? do_syscall_64+0xc1/0x350
00132  ? entry_SYSCALL_64_after_hwframe+0x4b/0x53
00132  </TASK>
00132 ---[ end trace 0000000000000000 ]---
00132 Lustre: 2179:0:(llog_test.c:2202:llog_test_11()) 11: size 8216 in 0 blocks after 1 rec
00132 Lustre: 2179:0:(llog_test.c:2204:llog_test_11()) 11: add few records
00132 Lustre: 2179:0:(llog_test.c:2221:llog_test_11()) 11: size 10616 in 0 blocks with few recs
00132 lctl (2179): drop_caches: 3
00132 Lustre: 2179:0:(llog_test.c:2247:llog_test_11()) 11: re-open the log by LOGID and verify llh_count
00132 Lustre: 2179:0:(llog_test.c:2262:llog_test_11()) 11: size 10616 in 0 blocks after re-open
00132 Lustre: 2179:0:(llog_test.c:2352:llog_test_12()) 12: create a catalog log with name: 37999609
00132 ------------[ cut here ]------------
00132 WARNING: /home/ktest/git/linux/include/linux/fs.h:889 at osd_create+0x9cf/0xcf0 [osd_wbcfs], CPU#1: lctl/2179
00132 Modules linked in: llog_test(O) mgs(O) osd_wbcfs(O) lustre(O) obdecho(O) mgc(O) mdc(O) lov(O) osc(O) lmv(O) ec(O) fid(O) fld(O) ptlrpc(O) efivarfs obdclass(O) ksocklnd(O) lnet(O) libcfs(O)
00132 CPU: 1 UID: 0 PID: 2179 Comm: lctl Tainted: G        W  O        7.0.0-ktest-b7d6750398-7433349-20260706 #1 PREEMPT 
00132 Tainted: [W]=WARN, [O]=OOT_MODULE
00132 Hardware name: QEMU Standard PC (Q35 + ICH9, 2009), BIOS 2025.11-3ubuntu7 03/31/2026
00132 RIP: 0010:osd_create+0x9cf/0xcf0 [osd_wbcfs]
00132 Code: c7 c7 00 66 7c a1 48 c7 c6 a0 e2 7d a1 48 c7 c2 00 ec 7d a1 e8 52 c1 43 ff 48 c7 c7 00 66 7c a1 e8 56 51 44 ff e9 fe fc ff ff <0f> 0b e9 a5 fa ff ff 48 c7 c1 80 44 5d a0 80 e1 07 80 c1 03 38 c1
00132 RSP: 0018:ffffc90002227650 EFLAGS: 00010246
00132 RAX: 0000000000000000 RBX: ffff88803404b400 RCX: 0000000000000046
00132 RDX: 0000000000000000 RSI: ffff8881971682d0 RDI: ffff8881965d2a58
00132 RBP: ffff888197168240 R08: ffffffff83a16803 R09: 1ffffffff0742d00
00132 R10: dffffc0000000000 R11: fffffbfff0742d01 R12: ffff88817d9d3000
00132 R13: dffffc0000000000 R14: 1ffff11006809680 R15: 1ffff1102fb3a60f
00132 FS:  00007fe341e87940(0000) GS:ffff88831e4ae000(0000) knlGS:0000000000000000
00132 CS:  0010 DS: 0000 ES: 0000 CR0: 0000000080050033
00132 CR2: 00005563b3dad408 CR3: 0000000189ab9000 CR4: 0000000000750eb0
00132 PKRU: 55555554
00132 Call Trace:
00132  <TASK>
00132  ? local_object_create+0x109/0x640 [obdclass]
00132  ? dt_write_lock+0x16d/0x2a0 [obdclass]
00132  ? llog_osd_create+0x35b/0x1270 [obdclass]
00132  ? llog_create+0x2ed/0x530 [obdclass]
00132  ? llog_open_create+0x6e7/0xb30 [obdclass]
00132  ? llog_test_12+0x402/0x2d90 [llog_test]
00132  ? llog_test_11+0xc14/0x1130 [llog_test]
00132  ? llog_run_tests+0x443a/0x5ad0 [llog_test]
00132  ? get_random_u32+0x51/0x470
00132  ? llog_test_device_init+0x6e8/0xa20 [llog_test]
00132  ? obd_setup+0x54d/0x950 [obdclass]
00132  ? class_setup+0xc7d/0x10e0 [obdclass]
00132  ? class_process_config+0x2edb/0x7cb0 [obdclass]
00132  ? class_handle_ioctl+0x1f4d/0x3440 [obdclass]
00132  ? obd_class_ioctl+0x1f6/0x3c0 [obdclass]
00132  ? __x64_sys_ioctl+0x961/0xe00
00132  ? _copy_to_user+0x3d/0x60
00132  ? __x64_sys_rt_sigaction+0x107/0x140
00132  ? do_syscall_64+0xc1/0x350
00132  ? entry_SYSCALL_64_after_hwframe+0x4b/0x53
00132  </TASK>
00132 ---[ end trace 0000000000000000 ]---
00132 ------------[ cut here ]------------
00132 WARNING: /home/ktest/git/linux/include/linux/fs.h:889 at osd_create+0x9cf/0xcf0 [osd_wbcfs], CPU#1: lctl/2179
00132 Modules linked in: llog_test(O) mgs(O) osd_wbcfs(O) lustre(O) obdecho(O) mgc(O) mdc(O) lov(O) osc(O) lmv(O) ec(O) fid(O) fld(O) ptlrpc(O) efivarfs obdclass(O) ksocklnd(O) lnet(O) libcfs(O)
00132 CPU: 1 UID: 0 PID: 2179 Comm: lctl Tainted: G        W  O        7.0.0-ktest-b7d6750398-7433349-20260706 #1 PREEMPT 
00132 Tainted: [W]=WARN, [O]=OOT_MODULE
00132 Hardware name: QEMU Standard PC (Q35 + ICH9, 2009), BIOS 2025.11-3ubuntu7 03/31/2026
00132 RIP: 0010:osd_create+0x9cf/0xcf0 [osd_wbcfs]
00132 Code: c7 c7 00 66 7c a1 48 c7 c6 a0 e2 7d a1 48 c7 c2 00 ec 7d a1 e8 52 c1 43 ff 48 c7 c7 00 66 7c a1 e8 56 51 44 ff e9 fe fc ff ff <0f> 0b e9 a5 fa ff ff 48 c7 c1 80 44 5d a0 80 e1 07 80 c1 03 38 c1
00132 RSP: 0018:ffffc900022274f0 EFLAGS: 00010246
00132 RAX: 0000000000000000 RBX: ffff88803404ac00 RCX: 0000000000000046
00132 RDX: 0000000000000000 RSI: ffff8881bbd52648 RDI: ffff8881965d2a80
00132 RBP: ffff8881bbd525b8 R08: ffffffff83a16803 R09: 1ffffffff0742d00
00132 R10: dffffc0000000000 R11: fffffbfff0742d01 R12: ffff88817d9d3000
00132 R13: dffffc0000000000 R14: 1ffff11006809580 R15: 1ffff1102fb3a60f
00132 FS:  00007fe341e87940(0000) GS:ffff88831e4ae000(0000) knlGS:0000000000000000
00132 CS:  0010 DS: 0000 ES: 0000 CR0: 0000000080050033
00132 CR2: 00005563b3dad408 CR3: 0000000189ab9000 CR4: 0000000000750eb0
00132 PKRU: 55555554
00132 Call Trace:
00132  <TASK>
00132  ? local_object_create+0x109/0x640 [obdclass]
00132  ? dt_write_lock+0x16d/0x2a0 [obdclass]
00132  ? llog_osd_create+0x35b/0x1270 [obdclass]
00132  ? llog_create+0x2ed/0x530 [obdclass]
00132  ? llog_cat_new_log+0x6c5/0x2a10 [obdclass]
00132  ? llog_cat_add_rec+0x4fe/0x1960 [obdclass]
00132  ? llog_cat_add_rec+0x6ba/0x1960 [obdclass]
00132  ? llog_cat_add+0x499/0x7a0 [obdclass]
00132  ? llog_test_12+0x683/0x2d90 [llog_test]
00132  ? llog_test_11+0xc14/0x1130 [llog_test]
00132  ? llog_run_tests+0x443a/0x5ad0 [llog_test]
00132  ? get_random_u32+0x51/0x470
00132  ? llog_test_device_init+0x6e8/0xa20 [llog_test]
00132  ? obd_setup+0x54d/0x950 [obdclass]
00132  ? class_setup+0xc7d/0x10e0 [obdclass]
00132  ? class_process_config+0x2edb/0x7cb0 [obdclass]
00132  ? class_handle_ioctl+0x1f4d/0x3440 [obdclass]
00132  ? obd_class_ioctl+0x1f6/0x3c0 [obdclass]
00132  ? __x64_sys_ioctl+0x961/0xe00
00132  ? _copy_to_user+0x3d/0x60
00132  ? __x64_sys_rt_sigaction+0x107/0x140
00132  ? do_syscall_64+0xc1/0x350
00132  ? entry_SYSCALL_64_after_hwframe+0x4b/0x53
00132  </TASK>
00132 ---[ end trace 0000000000000000 ]---
00132 Lustre: 12: truncate 24 bytes
00132 Lustre: 12: re-open and process the catalog
00132 LustreError: 2179:0:(llog_osd.c:1247:llog_osd_next_block()) MGS0000-osd: invalid llog tail at log id [0xa:0x6:0x0] offset 8232 last_rec idx 8704 tail idx 275010875 lrt len 1 read_size 40
00132 LustreError: 2179:0:(llog.c:881:llog_process_thread()) MGS: local llog is corrupted [0xa:0x6:0x0] catalog index 1 count 2
00132 Lustre: 12: try to add to the catalog
00132 ------------[ cut here ]------------
00132 WARNING: /home/ktest/git/linux/include/linux/fs.h:889 at osd_create+0x9cf/0xcf0 [osd_wbcfs], CPU#1: lctl/2179
00132 Modules linked in: llog_test(O) mgs(O) osd_wbcfs(O) lustre(O) obdecho(O) mgc(O) mdc(O) lov(O) osc(O) lmv(O) ec(O) fid(O) fld(O) ptlrpc(O) efivarfs obdclass(O) ksocklnd(O) lnet(O) libcfs(O)
00132 CPU: 1 UID: 0 PID: 2179 Comm: lctl Tainted: G        W  O        7.0.0-ktest-b7d6750398-7433349-20260706 #1 PREEMPT 
00132 Tainted: [W]=WARN, [O]=OOT_MODULE
00132 Hardware name: QEMU Standard PC (Q35 + ICH9, 2009), BIOS 2025.11-3ubuntu7 03/31/2026
00132 RIP: 0010:osd_create+0x9cf/0xcf0 [osd_wbcfs]
00132 Code: c7 c7 00 66 7c a1 48 c7 c6 a0 e2 7d a1 48 c7 c2 00 ec 7d a1 e8 52 c1 43 ff 48 c7 c7 00 66 7c a1 e8 56 51 44 ff e9 fe fc ff ff <0f> 0b e9 a5 fa ff ff 48 c7 c1 80 44 5d a0 80 e1 07 80 c1 03 38 c1
00132 RSP: 0018:ffffc900022274f0 EFLAGS: 00010246
00132 RAX: 0000000000000000 RBX: ffff88803404d800 RCX: 0000000000000046
00132 RDX: 0000000000000000 RSI: ffff8881bbd51f30 RDI: ffff8881965d2a80
00132 RBP: ffff8881bbd51ea0 R08: ffffffff83a16803 R09: 1ffffffff0742d00
00132 R10: dffffc0000000000 R11: fffffbfff0742d01 R12: ffff88817d9d3000
00132 R13: dffffc0000000000 R14: 1ffff11006809b00 R15: 1ffff1102fb3a60f
00132 FS:  00007fe341e87940(0000) GS:ffff88831e4ae000(0000) knlGS:0000000000000000
00132 CS:  0010 DS: 0000 ES: 0000 CR0: 0000000080050033
00132 CR2: 00005563b3dad408 CR3: 0000000189ab9000 CR4: 0000000000750eb0
00132 PKRU: 55555554
00132 Call Trace:
00132  <TASK>
00132  ? local_object_create+0x109/0x640 [obdclass]
00132  ? dt_write_lock+0x16d/0x2a0 [obdclass]
00132  ? llog_osd_create+0x35b/0x1270 [obdclass]
00132  ? llog_create+0x2ed/0x530 [obdclass]
00132  ? llog_cat_new_log+0x6c5/0x2a10 [obdclass]
00132  ? llog_cat_add_rec+0x4fe/0x1960 [obdclass]
00132  ? llog_cat_add_rec+0x6ba/0x1960 [obdclass]
00132  ? llog_cat_add+0x499/0x7a0 [obdclass]
00132  ? llog_test_12+0x1471/0x2d90 [llog_test]
00132  ? llog_run_tests+0x443a/0x5ad0 [llog_test]
00132  ? get_random_u32+0x51/0x470
00132  ? llog_test_device_init+0x6e8/0xa20 [llog_test]
00132  ? obd_setup+0x54d/0x950 [obdclass]
00132  ? class_setup+0xc7d/0x10e0 [obdclass]
00132  ? class_process_config+0x2edb/0x7cb0 [obdclass]
00132  ? class_handle_ioctl+0x1f4d/0x3440 [obdclass]
00132  ? obd_class_ioctl+0x1f6/0x3c0 [obdclass]
00132  ? __x64_sys_ioctl+0x961/0xe00
00132  ? _copy_to_user+0x3d/0x60
00132  ? __x64_sys_rt_sigaction+0x107/0x140
00132  ? do_syscall_64+0xc1/0x350
00132  ? entry_SYSCALL_64_after_hwframe+0x4b/0x53
00132  </TASK>
00132 ---[ end trace 0000000000000000 ]---
00132 LustreError: 2179:0:(llog_osd.c:1230:llog_osd_next_block()) MGS0000-osd: invalid llog tail at log id [0x6:0xa:0x0]:0 offset 8297 tail idx 603979776 lrt len 1074261 read_size 105
00132 ------------[ cut here ]------------
00132 WARNING: /home/ktest/git/linux/include/linux/fs.h:889 at osd_create+0x9cf/0xcf0 [osd_wbcfs], CPU#1: lctl/2179
00132 Modules linked in: llog_test(O) mgs(O) osd_wbcfs(O) lustre(O) obdecho(O) mgc(O) mdc(O) lov(O) osc(O) lmv(O) ec(O) fid(O) fld(O) ptlrpc(O) efivarfs obdclass(O) ksocklnd(O) lnet(O) libcfs(O)
00132 CPU: 1 UID: 0 PID: 2179 Comm: lctl Tainted: G        W  O        7.0.0-ktest-b7d6750398-7433349-20260706 #1 PREEMPT 
00132 Tainted: [W]=WARN, [O]=OOT_MODULE
00132 Hardware name: QEMU Standard PC (Q35 + ICH9, 2009), BIOS 2025.11-3ubuntu7 03/31/2026
00132 RIP: 0010:osd_create+0x9cf/0xcf0 [osd_wbcfs]
00132 Code: c7 c7 00 66 7c a1 48 c7 c6 a0 e2 7d a1 48 c7 c2 00 ec 7d a1 e8 52 c1 43 ff 48 c7 c7 00 66 7c a1 e8 56 51 44 ff e9 fe fc ff ff <0f> 0b e9 a5 fa ff ff 48 c7 c1 80 44 5d a0 80 e1 07 80 c1 03 38 c1
00132 RSP: 0018:ffffc900022274f0 EFLAGS: 00010246
00132 RAX: 0000000000000000 RBX: ffff8881bbe45000 RCX: 0000000000000046
00132 RDX: 0000000000000000 RSI: ffff8881bbd51818 RDI: ffff8881965d2a80
00132 RBP: ffff8881bbd51788 R08: ffffffff83a16803 R09: 1ffffffff0742d00
00132 R10: dffffc0000000000 R11: fffffbfff0742d01 R12: ffff88817d9d3000
00132 R13: dffffc0000000000 R14: 1ffff110377c8a00 R15: 1ffff1102fb3a60f
00132 FS:  00007fe341e87940(0000) GS:ffff88831e4ae000(0000) knlGS:0000000000000000
00132 CS:  0010 DS: 0000 ES: 0000 CR0: 0000000080050033
00132 CR2: 00005563b3dad408 CR3: 0000000189ab9000 CR4: 0000000000750eb0
00132 PKRU: 55555554
00132 Call Trace:
00132  <TASK>
00132  ? local_object_create+0x109/0x640 [obdclass]
00132  ? dt_write_lock+0x16d/0x2a0 [obdclass]
00132  ? llog_osd_create+0x35b/0x1270 [obdclass]
00132  ? llog_create+0x2ed/0x530 [obdclass]
00132  ? llog_cat_new_log+0x6c5/0x2a10 [obdclass]
00132  ? llog_cat_add_rec+0x4fe/0x1960 [obdclass]
00132  ? llog_cat_add_rec+0x6ba/0x1960 [obdclass]
00132  ? llog_cat_add+0x499/0x7a0 [obdclass]
00132  ? llog_test_12+0x1471/0x2d90 [llog_test]
00132  ? llog_run_tests+0x443a/0x5ad0 [llog_test]
00132  ? get_random_u32+0x51/0x470
00132  ? llog_test_device_init+0x6e8/0xa20 [llog_test]
00132  ? obd_setup+0x54d/0x950 [obdclass]
00132  ? class_setup+0xc7d/0x10e0 [obdclass]
00132  ? class_process_config+0x2edb/0x7cb0 [obdclass]
00132  ? class_handle_ioctl+0x1f4d/0x3440 [obdclass]
00132  ? obd_class_ioctl+0x1f6/0x3c0 [obdclass]
00132  ? __x64_sys_ioctl+0x961/0xe00
00132  ? _copy_to_user+0x3d/0x60
00132  ? __x64_sys_rt_sigaction+0x107/0x140
00132  ? do_syscall_64+0xc1/0x350
00132  ? entry_SYSCALL_64_after_hwframe+0x4b/0x53
00132  </TASK>
00132 ---[ end trace 0000000000000000 ]---
00132 ==================================================================
00132 BUG: KASAN: slab-out-of-bounds in llog_osd_next_block+0x1368/0x3080 [obdclass]
00132 Read of size 4 at addr ffff8881ba8db036 by task lctl/2179
00132 
00132 CPU: 1 UID: 0 PID: 2179 Comm: lctl Tainted: G        W  O        7.0.0-ktest-b7d6750398-7433349-20260706 #1 PREEMPT 
00132 Tainted: [W]=WARN, [O]=OOT_MODULE
00132 Hardware name: QEMU Standard PC (Q35 + ICH9, 2009), BIOS 2025.11-3ubuntu7 03/31/2026
00132 Call Trace:
00132  <TASK>
00132  dump_stack_lvl+0x52/0x80
00132  print_report+0xbc/0x260
00132  ? llog_osd_next_block+0x1368/0x3080 [obdclass]
00132  kasan_report+0xa2/0xd0
00132  ? llog_osd_next_block+0x1368/0x3080 [obdclass]
00132  llog_osd_next_block+0x1368/0x3080 [obdclass]
00132  llog_process_thread+0xdd7/0x4f70 [obdclass]
00132  ? entry_SYSCALL_64_after_hwframe+0x4b/0x53
00132  ? task_work_add+0x177/0x210
00132  llog_process_or_fork+0x656/0xc90 [obdclass]
00132  ? llog_cat_process+0x30/0x30 [obdclass]
00132  llog_cat_process_or_fork+0x780/0xdb0 [obdclass]
00132  ? llog_cat_process+0x30/0x30 [obdclass]
00132  ? llog_cancel_rec_cb+0x450/0x450 [llog_test]
00132  llog_cat_process+0x24/0x30 [obdclass]
00132  llog_test_12+0x13ee/0x2d90 [llog_test]
00132  llog_run_tests+0x443a/0x5ad0 [llog_test]
00132  ? get_random_u32+0x51/0x470
00132  llog_test_device_init+0x6e8/0xa20 [llog_test]
00132  obd_setup+0x54d/0x950 [obdclass]
00132  class_setup+0xc7d/0x10e0 [obdclass]
00132  class_process_config+0x2edb/0x7cb0 [obdclass]
00132  class_handle_ioctl+0x1f4d/0x3440 [obdclass]
00132  obd_class_ioctl+0x1f6/0x3c0 [obdclass]
00132  __x64_sys_ioctl+0x961/0xe00
00132  ? _copy_to_user+0x3d/0x60
00132  ? __x64_sys_rt_sigaction+0x107/0x140
00132  do_syscall_64+0xc1/0x350
00132  entry_SYSCALL_64_after_hwframe+0x4b/0x53
00132 RIP: 0033:0x7fe341d24e1d
00132 Code: 04 25 28 00 00 00 48 89 45 c8 31 c0 48 8d 45 10 c7 45 b0 10 00 00 00 48 89 45 b8 48 8d 45 d0 48 89 45 c0 b8 10 00 00 00 0f 05 <89> c2 3d 00 f0 ff ff 77 1a 48 8b 45 c8 64 48 2b 04 25 28 00 00 00
00132 RSP: 002b:00007ffe59d26f10 EFLAGS: 00000246 ORIG_RAX: 0000000000000010
00132 RAX: ffffffffffffffda RBX: 00007fe3420071f0 RCX: 00007fe341d24e1d
00132 RDX: 00007ffe59d271f0 RSI: 00000000c00866b8 RDI: 0000000000000003
00132 RBP: 00007ffe59d26f60 R08: 00007ffe59d26fb0 R09: 00007ffe59d271f0
00132 R10: 000055fcb4932910 R11: 0000000000000246 R12: 00007ffe59d271f0
00132 R13: 000055fcae48d822 R14: 0000000000000000 R15: 00007ffe59d29270
00132  </TASK>
00132 
00132 The buggy address belongs to the object at ffff8881ba8d8000
00132  which belongs to the cache kmalloc-8k of size 8192
00132 The buggy address is located 4150 bytes to the right of
00132  allocated 8192-byte region [ffff8881ba8d8000, ffff8881ba8da000)
00132 
00132 The buggy address belongs to the physical page:
00132 page: refcount:0 mapcount:0 mapping:0000000000000000 index:0x0 pfn:0x1ba8d8
00132 head: order:3 mapcount:0 entire_mapcount:0 nr_pages_mapped:0 pincount:0
00132 flags: 0x8000000000000040(head|zone=2)
00132 page_type: f5(slab)
00132 raw: 8000000000000040 ffff888100042e00 dead000000000122 0000000000000000
00132 raw: 0000000000000000 0000400000020002 00000000f5000000 ffff8881ba8da010
00132 head: 8000000000000040 ffff888100042e00 dead000000000122 0000000000000000
00132 head: 0000000000000000 0000400000020002 00000000f5000000 ffff8881ba8da010
00132 head: 8000000000000003 ffffea0006ea3601 00000000ffffffff 00000000ffffffff
00132 head: ffffffffffffffff 0000000000000000 00000000ffffffff 0000000000000008
00132 page dumped because: kasan: bad access detected
00132 
00132 Memory state around the buggy address:
00132  ffff8881ba8daf00: fc fc fc fc fc fc fc fc fc fc fc fc fc fc fc fc
00132  ffff8881ba8daf80: fc fc fc fc fc fc fc fc fc fc fc fc fc fc fc fc
00132 >ffff8881ba8db000: fc fc fc fc fc fc fc fc fc fc fc fc fc fc fc fc
00132                                      ^
00132  ffff8881ba8db080: fc fc fc fc fc fc fc fc fc fc fc fc fc fc fc fc
00132  ffff8881ba8db100: fc fc fc fc fc fc fc fc fc fc fc fc fc fc fc fc
00132 ==================================================================
00132 Disabling lock debugging due to kernel taint
00132 Lustre: 2179:0:(llog_test.c:2461:llog_test_12()) 12: put newly-created catalog
00132 Lustre: 2179:0:(llog_test.c:2529:llog_test_13()) 13a: create a catalog log with name: 37999609
00132 Lustre: 2179:0:(llog_test.c:2545:llog_test_13()) 13b: write 1 record into the catalog
00132 LustreError: 2179:0:(llog_test.c:2556:llog_test_13()) 13b: found 8 plain llogs
00132 Lustre: 2179:0:(llog_test.c:2558:llog_test_13()) 13c: erase plain llog
00132 LustreError: 2179:0:(llog_cat.c:399:llog_cat_id2handle()) MGS: error opening log id [0x1:0x4f:0x0]: rc = -2
00132 Lustre: 2179:0:(llog_test.c:2578:llog_test_13()) 13d: forward process: found=1708 rc=0
00132 Lustre: 2179:0:(llog_test.c:2582:llog_test_13()) 13e: erase another plain llog
00132 Lustre: 2179:0:(llog_test.c:2602:llog_test_13()) 13e: backward process: found=1367 rc=0
00132 Lustre: 2179:0:(llog_test.c:2605:llog_test_13()) 13f: put newly-created catalog
00137 ========= FAILED TIMEOUT llog-unit in 240s
Error 1 at /home/ktest/ktest/lib/libktest.sh 587 from: "$ktest_dir/lib/supervisor" -S -F -T "$ktest_timeout" -b "$test_basename" -o "$test_logdir" -f "$test_basename.$(date -Iseconds).log" -- "${qemu_cmd[@]}", exiting
Error 1 at ./qlkbuild 195 from: "$ktest_dir/lib/supervisor" -S -F -T "$ktest_timeout" -b "$test_basename" -o "$test_logdir" -f "$test_basename.$(date -Iseconds).log" -- "${qemu_cmd[@]}", exiting
Error 1 at ./qlkbuild 1005 from: "$ktest_dir/lib/supervisor" -S -F -T "$ktest_timeout" -b "$test_basename" -o "$test_logdir" -f "$test_basename.$(date -Iseconds).log" -- "${qemu_cmd[@]}", exiting
