00001 
00001 RDSEED32 is broken. Disabling the corresponding CPUID bit.
00002 init: failed to load nvme_core
00002 init: failed to load nvme
00002 init: failed to load zfs
00003 LNetError: 1:0:(lib-socket.c:619:lnet_inet_enumerate()) lnet: Can't find any usable interfaces, rc = -ENOENT
00003 LNetError: Error -100 starting up LNI tcp
00003 LustreError: 1:0:(events.c:627:ptlrpc_init_portals()) network initialisation failed: rc = -100
00004 init: finit_module /lib/modules/7.0.0-ktest-b7d6750398-20260705/updates/ptlrpc.ko: Network is down
00004 init: failed to load lustre
00004 init: failed to load osd_zfs
00004 init: failed to load iwlwifi
00004 init: failed to load iwlmvm
00004 init: failed to load mt7921e
00004 init: failed to load i915
00004 init: failed to load nouveau
00041 tlp: vm.laptop_mode is deprecated. Ignoring setting.
00042 Kernel version: 7.0.0-ktest-b7d6750398-20260705
00042 hook init_noop
00042 
00042 Running tests sanity-quick
00042 
00042 ========= TEST   sanity-quick
00042 0a 0b 0c 0d 0e 1 2 3 4 5 6a 6c 6e 6g 6h 6i 7a 7b 8 9 10 11 12 13 14 15 16 17a 17b 17c 17d 17e 17f 17g 17h 17i 17k 17l 17m 17n 17o 17p 17q 18 19a 19b 19c 19d 20 21 22 23a 23b 23c 23d 24a 24b 24c 24d 24e 24f 24g 24h 24i 24j 24k 24l 24m 24n 24o 24p 24q 24r 24s 24t 24u 24v 24w 24x 24y 24z 24A 24B 24C 24E 24F 24G 24H 24I 25a 25b 26a 26b 26c 26d 26e 26f 27a 27b 27ca 27cb 27cc 27cd 27ce 27cf 27cg 27d 27e 27f 27g 27ga 27i 27j 27k 27l 27m 27n 27o 27oo 27p 27q 27r 27s 27t 27u 27v 27w 27wa 27x 27y 27z 27A 27B 27Ca 27Cb 27Cc 27Cd 27Ce 27Cf 27Cg 27Ci 27Cj 27D 27E 27F 27G 27H 27I 27Ia 27J 27K 27Ke 27L 27M 27N 27O 27P 27Q 27R 27T 27U 27V 27W 27X 28 29 30a 30b 30c 30d 31a 31b 31c 31d 31e 31f 31g 31h 31i 31j 31k 31l 31m 31n 31o 31p 31q 31r 32a 32b 32c 32d 32e 32f 32g 32h 32i 32j 32k 32l 32m 32n 32o 32p 32q 32r 33aa 33a 33b 33c 33d 33e 33f 33g 33h 33hh 33i 33j 34a 34b 34c 34d 34e 34f 34g 34h 35a 36a 36b 36c 36d 36e 36f 36g 36h 36i 38 39a 39b 39c 39d 39e 39f 39g 39h 39i 39j 39k 39l 39m 39n 39o 39p 39r 39q 39s 39u 40 41 42a 42b 42c 42d 42e 43A 43a 43b 43c 44A 44a 44b 44c 44d 44e 44f 44g 45 46 48a 48b 48c 48d 48e 48f 49a 49b 49c 50 51a 51b 51c 51d 51e 51f 52a 52b 53 54a 54b 54c 54d 54e 55a 55b 55c 56a 56b 56bb 56bc 56bd 56c 56ca 56d 56e 56g 56h 56i 56ib 56j 56k 56l 56m 56n 56o 56ob 56oc 56od 56oe 56p 56q 56r 56ra 56rb 56rc 56rd 56re 56rf 56s 56t 56u 56v 56wa 56wb 56wc 56wd 56we 56x 56xB 56xC 56xD 56xa 56xab 56xb 56xc 56xd 56xe 56xf 56xg 56xh 56xi 56xj 56xk 56xl 56y 56z 56Aa 56ab 56aca 56acb 56acc 56Ba 56Ca 56Da 56Db 56Dc 56Dd 56Ea 56Eaa 56Eab 56Eb 56Ebb 56Ec 56Ed 56Eda 56Edb 56Ef 56Eg 56Eh 56Ei 56Ej 56Ek 57a 57b 58 59 60a 60b 60c 60d 60e 60f 60g 60h 60i 60j 61a 61b 63a 63b 64a 64b 64c 64d 64e 64f 64g 64h 64i 64j 65a 65b 65c 65d 65e 65f 65g 65h 65i 65j 65k 65l 65m 65n 65o 65p 65q 65r 66 69 70a 71 72a 72b 73 74a 74b 74c 76a 76b 77a 77b 77c 77d 77f 77g 77k 77l 77m 77n 77o 78 79 80 81a 81b 99 100 101a 101b 101c 101d 101e 101f 101g 101h 101i 101j 101m 102a 102b 102c 102d 102f 102h 102ha 102i 102j 102k 102l 102m 102n 102p 102q 102r 102s 102t 103a 103b 103c 103e 103f 103g 104a 104b 104c 104d 105a 105b 105c 105d 105e 105f 105g 105h 105i 106 107 110 116a 116b 117 118a 118b 118c 118d 118f 118g 118h 118i 118j 118k 118l 118m 118n 119a 119b 119c 119e 119f 119g 119h 119i 119j 119k 119m 119n 119o 119p 119q 119r 120a 120b 120c 120d 120e 120f 120g 121 123aa 123ab 123ac 123ad 123b 123c 123d 123e 123f 123g 123h 123i 123j 123k 123l 124a 124b 124c 124d 124e 124f 124g 125 126 127a 127b 127c 127d 127e 127f 128 129 130a 130b 130c 130d 130e 130f 130g 130h 130i 131a 131b 131c 131d 131e 133a 133b 133c 133d 133e 133f 133g 133h 134a 134b 135 136 140 150a 150b 150bb 150c 150d 150e 150f 150g 150h 150ia 150ib 150ic 151 152 153 154A 154B 154C 154a 154b 154c 154d 154e 154ea 154f 154g 154h 154i 154j 155a 155b 155c 155d 155e 155f 155g 155h 156 157a 157b 160a 160b 160c 160d 160e 160f 160g 160h 160i 160j 160k 160l 160m 160n 160o 160p 160q 160s 160t 160u 160v 160w 161a 161b 161c 161d 162a 162b 162c 165a 165b 165c 165d 165e 165f 165g 169 170a 170b 171 172 180a 180b 180c 181 182a 182b 183 184a 184b 184c 184d 184e 184f 185 185a 187a 187b 190a 190b 190c 200 204a 204b 204c 204d 204e 204f 204g 204h 205a 205b 205c 205d 205e 205f 205g 205h 205i 205k 205l 205m 206 207a 207b 208 209 210 212 213 214 215 216 217 218 219 220 221 222a 222b 223 224a 224b 224c 224d 225a 225b 226a 226b 226c 226d 226e 227 228a 228b 228c 229 230a 230b 230c 230d 230e 230f 230g 230h 230i 230j 230k 230l 230m 230n 230o 230p 230q 230r 230s 230t 230u 230v 230w 230x 230y 230z 230A 230B 231a 231b 232a 232b 233a 233b 234 235 236 238 239A 239a 239b 240 241a 241b 242 243 244a 244b 245a 245b 247a 247b 247c 247d 247e 247f 247g 247h 248a 248b 248c 248d 249 250 251a 252 253 254 255a 255b 255c 256 257 258a 258b 259 260 270a 270b 270c 270d 270e 270f 270g 270h 270i 270j 271a 271b 271ba 271c 271d 271f 271g 272a 272b 272c 272d 272e 272f 273a 273b 273c 275 276 277 278 280 300a 300b 300c 300d 300e 300f 300g 300h 300i 300j 300k 300l 300m 300n 300ne 300o 300p 300q 300r 300s 300t 300ua 300ub 300uc 300ud 300ue 300uf 300ug 300uh 300ui 300uj 310a 310b 310c 311 312 313 314 315 316 317 318 319 350 398a 398b 398c 398d 398e 398f 398g 398h 398i 398j 398k 398l 398m 398n 398o 398p 398q 398r 398s 398t 398u 399a 399b 400a 400b 401a 401aa 401ab 401ac 401ad 401b 401c 401d 401db 401e 401fa 401fb 401ga 401gb 401gc 401gd 402 403 404 405 406 407 408 409 410 411a 411b 412 413A 413a 413b 413c 413d 413e 413f 413g 413h 413i 413j 413k 413l 413z 414 415 416 417 418 419 420 421a 421b 421c 421d 421e 421f 421g 421h 422 423 424 425 426 427 428 429 430a 430b 430c 431 432 433 434 440 442 460d 600a 600b 600c 600d 801a 801b 801c 802b 802c 803a 803b 804 805 806 807a 807b 808 809 810 812a 812b 812c 813 814 815 816 817 818 819a 819b 820 823 831 832 833 834 842 850 851 852 853 854 855 860 900 901 902 903 904 905 906 907 908a 908b 909 910 911 920
00042 0a 0b 0c 0d 0e 1 2 3 4 5
00042 0a,0b,0c,0d,0e,1,2,3,4,5
00046 SETUP LUSTRE ... LNet: Added LNI 10.0.2.15@tcp [8/256/0/180]
00048 Lustre: Echo OBD driver; http://www.lustre.org/
00048 ------------[ cut here ]------------
00048 WARNING: /home/ktest/git/linux/include/linux/fs.h:889 at osd_create+0x9cf/0xcf0 [osd_wbcfs], CPU#1: ll_mgs_0002/1801
00048 Modules linked in: mdt(O) lquota(O) lfsck(O) mgs(O) osd_wbcfs(O) lustre(O) obdecho(O) mgc(O) mdc(O) lov(O) osc(O) lmv(O) ec(O) fid(O) fld(O) ptlrpc(O) efivarfs obdclass(O) ksocklnd(O) lnet(O) libcfs(O)
00048 CPU: 1 UID: 0 PID: 1801 Comm: ll_mgs_0002 Tainted: G           O        7.0.0-ktest-b7d6750398-20260705 #1 PREEMPT 
00048 Tainted: [O]=OOT_MODULE
00048 Hardware name: QEMU Standard PC (Q35 + ICH9, 2009), BIOS 2025.11-3ubuntu7 03/31/2026
00048 RIP: 0010:osd_create+0x9cf/0xcf0 [osd_wbcfs]
00048 Code: c7 c7 60 36 7c a1 48 c7 c6 c0 b3 7d a1 48 c7 c2 20 bd 7d a1 e8 72 c1 c9 fe 48 c7 c7 60 36 7c a1 e8 f6 51 ca fe e9 fe fc ff ff <0f> 0b e9 a5 fa ff ff 48 c7 c1 80 44 5d a0 80 e1 07 80 c1 03 38 c1
00048 RSP: 0018:ffffc900010cf738 EFLAGS: 00010246
00048 RAX: 0000000000000000 RBX: ffff8881060eb000 RCX: 0000000000000046
00048 RDX: 0000000000000000 RSI: ffffffff8366d526 RDI: ffffffff831d96a0
00048 RBP: ffff888025b47ad8 R08: ffffffff83c16803 R09: 1ffffffff0782d00
00048 R10: dffffc0000000000 R11: fffffbfff0782d01 R12: ffff88810431d400
00048 R13: dffffc0000000000 R14: 1ffff11020c1d600 R15: 1ffff11020863a8f
00048 FS:  0000000000000000(0000) GS:ffff8881d3a7b000(0000) knlGS:0000000000000000
00048 CS:  0010 DS: 0000 ES: 0000 CR0: 0000000080050033
00048 CR2: 00007f47f9eee200 CR3: 0000000004475000 CR4: 0000000000750eb0
00048 PKRU: 55555554
00048 Call Trace:
00048  <TASK>
00048  ? local_object_create+0x109/0x640 [obdclass]
00048  ? dt_write_lock+0x16d/0x2a0 [obdclass]
00048  ? llog_osd_create+0x35b/0x1270 [obdclass]
00048  ? llog_create+0x2fc/0x540 [obdclass]
00048  ? llog_open_create+0x6e7/0xb30 [obdclass]
00048  ? mgs_find_or_make_fsdb_nolock+0x16d4/0x2d80 [mgs]
00048  ? class_find_param+0x25/0x70 [obdclass]
00048  ? mgs_find_or_make_fsdb+0xda/0x1f0 [mgs]
00048  ? mgs_target_reg+0x2333/0x4480 [mgs]
00048  ? tgt_request_handle+0x23b1/0x3d60 [ptlrpc]
00048  ? ptlrpc_main+0x635f/0x9700 [ptlrpc]
00048  ? kthread+0x326/0x3f0
00048  ? ptlrpc_start_thread+0x1f20/0x1f20 [ptlrpc]
00048  ? kthread_unuse_mm+0x140/0x140
00048  ? ret_from_fork+0x24c/0x680
00048  ? kthread_unuse_mm+0x140/0x140
00048  ? ret_from_fork_asm+0x11/0x20
00048  </TASK>
00048 irq event stamp: 649
00048 hardirqs last  enabled at (657): [<ffffffff8149a251>] __console_unlock+0x61/0x90
00048 hardirqs last disabled at (664): [<ffffffff8149a236>] __console_unlock+0x46/0x90
00048 softirqs last  enabled at (66): [<ffffffffa0e76c69>] ptlrpc_server_request_add+0x12f9/0x1c20 [ptlrpc]
00048 softirqs last disabled at (64): [<ffffffffa0e75dd2>] ptlrpc_server_request_add+0x462/0x1c20 [ptlrpc]
00048 ---[ end trace 0000000000000000 ]---
00048 
00048 ============================================
00048 WARNING: possible recursive locking detected
00048 7.0.0-ktest-b7d6750398-20260705 #1 Tainted: G        W  O       
00048 --------------------------------------------
00048 ll_mgs_0002/1801 is trying to acquire lock:
00048 ffff88802cb443f0 (sb_writers#11){.+.+}-{0:0}, at: kernel_write+0xf4/0x300
00048 
00048 but task is already holding lock:
00048 ffff88802cb443f0 (sb_writers#11){.+.+}-{0:0}, at: llog_open_create+0x362/0xb30 [obdclass]
00048 
00048 other info that might help us debug this:
00048  Possible unsafe locking scenario:
00048 
00048        CPU0
00048        ----
00048   lock(sb_writers#11);
00048   lock(sb_writers#11);
00048 
00048  *** DEADLOCK ***
00048 
00048  May be due to missing lock nesting notation
00048 
00048 5 locks held by ll_mgs_0002/1801:
00048  #0: ffff8880266b0378 (&mgs->mgs_barrier_rwsem){.+.+}-{4:4}, at: mgs_target_reg+0xbde/0x4480 [mgs]
00048  #1: ffff8880266b0250 (&mgs->mgs_mutex){+.+.}-{4:4}, at: mgs_find_or_make_fsdb+0xc9/0x1f0 [mgs]
00048  #2: ffff88802cb443f0 (sb_writers#11){.+.+}-{0:0}, at: llog_open_create+0x362/0xb30 [obdclass]
00048  #3: ffff8881060eb0b0 (&obj->oo_dt.dd_sem){++++}-{4:4}, at: dt_write_lock+0x16d/0x2a0 [obdclass]
00048  #4: ffff88811cc83890 (&(*los)->los_id_lock){+.+.}-{4:4}, at: local_object_create+0x22c/0x640 [obdclass]
00048 
00048 stack backtrace:
00048 CPU: 1 UID: 0 PID: 1801 Comm: ll_mgs_0002 Tainted: G        W  O        7.0.0-ktest-b7d6750398-20260705 #1 PREEMPT 
00048 Tainted: [W]=WARN, [O]=OOT_MODULE
00048 Hardware name: QEMU Standard PC (Q35 + ICH9, 2009), BIOS 2025.11-3ubuntu7 03/31/2026
00048 Call Trace:
00048  <TASK>
00048  dump_stack_lvl+0x6d/0xa0
00048  print_deadlock_bug+0x273/0x290
00048  __lock_acquire+0x11eb/0x28d0
00048  lock_acquire+0xe7/0x2a0
00048  ? kernel_write+0xf4/0x300
00048  sb_start_write+0x42/0x130
00048  ? kernel_write+0xf4/0x300
00048  kernel_write+0xf4/0x300
00048  ? alloc_file_pseudo+0x114/0x180
00048  osd_write+0x4a2/0x720 [osd_wbcfs]
00048  dt_record_write+0xea/0x3e0 [obdclass]
00048  local_object_create+0x308/0x640 [obdclass]
00048  llog_osd_create+0x35b/0x1270 [obdclass]
00048  llog_create+0x2fc/0x540 [obdclass]
00048  llog_open_create+0x6e7/0xb30 [obdclass]
00048  mgs_find_or_make_fsdb_nolock+0x16d4/0x2d80 [mgs]
00048  ? class_find_param+0x25/0x70 [obdclass]
00048  mgs_find_or_make_fsdb+0xda/0x1f0 [mgs]
00048  mgs_target_reg+0x2333/0x4480 [mgs]
00048  tgt_request_handle+0x23b1/0x3d60 [ptlrpc]
00048  ptlrpc_main+0x635f/0x9700 [ptlrpc]
00048  kthread+0x326/0x3f0
00048  ? ptlrpc_start_thread+0x1f20/0x1f20 [ptlrpc]
00048  ? kthread_unuse_mm+0x140/0x140
00048  ret_from_fork+0x24c/0x680
00048  ? kthread_unuse_mm+0x140/0x140
00048  ret_from_fork_asm+0x11/0x20
00048  </TASK>
00048 Lustre: ctl-lustre-MDT0000: No data found on store. Initialize space.
00048 Lustre: lustre-MDT0000: new disk, initializing
00048 Lustre: lustre-MDT0000: Imperative Recovery not enabled, recovery window 300-900
00048 Lustre: ctl-lustre-MDT0000: super-sequence allocation rc = 0 [0x0000000200000400-0x0000000240000400]:0:mdt
00048 Lustre: cli-ctl-lustre-MDT0001: Allocated super-sequence [0x0000000240000400-0x0000000280000400]:1:mdt]
00056 Lustre: ctl-lustre-MDT0000: super-sequence allocation rc = 0 [0x0000000280000400-0x00000002c0000400]:0:ost
00056 Lustre: Skipped 1 previous similar message
00056 Lustre: cli-lustre-OST0000-super: Allocated super-sequence [0x0000000280000400-0x00000002c0000400]:0:ost]
00056 Lustre: lustre-OST0000-osc-MDT0000: update sequence from 0x100000000 to 0x280000401
00056 Lustre: lustre-OST0001-osc-MDT0000: update sequence from 0x100010000 to 0x2c0000401
00061 Lustre: lustre-MDT0000: local client ff5f47f3-96c9-46a9-894d-ff8e8b01910e w/o recovery
00061 Lustre: client wants to enable acl, but mdt not!
00061 Lustre: Mounted lustre-client
00061 lustre-ktest (1785) used greatest stack depth: 24136 bytes left
00061 20s
00061 /host/home/ktest/git/lustre-release/lustre/tests/test-framework.sh: line 6933: cd: HOME not set
00061 /host/home/ktest/git/lustre-release/lustre/tests/test-framework.sh: line 6933: cd: HOME not set
00061 /host/home/ktest/git/lustre-release/lustre/tests/test-framework.sh: line 6933: cd: HOME not set
00063 MGS_OS_VERSION_ID=24.04
00063 MGS_OS_ID=ubuntu
00063 MGS_OS_VERSION_CODE=402915328
00063 MGS_OS_ID_LIKE=debian ubuntu
00063 MDS1_OS_ID=ubuntu
00063 MDS1_OS_VERSION_CODE=402915328
00063 MDS1_OS_ID_LIKE=debian ubuntu
00063 MDS1_OS_VERSION_ID=24.04
00063 OST1_OS_VERSION_ID=24.04
00063 OST1_OS_VERSION_CODE=402915328
00063 OST1_OS_ID=ubuntu
00063 OST1_OS_ID_LIKE=debian ubuntu
00063 CLIENT_OS_VERSION_ID=24.04
00063 CLIENT_OS_ID_LIKE=debian ubuntu
00063 CLIENT_OS_ID=ubuntu
00063 CLIENT_OS_VERSION_CODE=402915328
00063 Started at Sun Jul  5 23:51:34 UTC 2026
00064 localhost.localdomain: executing check_logdir /tmp/test_logs/2026-07-05/235132
00064 Lustre: DEBUG MARKER: localhost.localdomain: executing check_logdir /tmp/test_logs/2026-07-05/235132
00064 Logging to shared log directory: /tmp/test_logs/2026-07-05/235132
00065 localhost.localdomain: executing yml_node
00065 Lustre: DEBUG MARKER: localhost.localdomain: executing yml_node
00066 Client: 2.17.54.82
00066 Lustre: DEBUG MARKER: Client: 2.17.54.82
00066 MDS: 2.17.54.82
00066 Lustre: DEBUG MARKER: MDS: 2.17.54.82
00066 OSS: 2.17.54.82
00067 Lustre: DEBUG MARKER: OSS: 2.17.54.82
00067 running: sanity ONLY=0a 0b 0c 0d 0e 1 2 3 4 5 
00067 run_suite sanity /host/home/ktest/git/lustre-release/lustre/tests/sanity.sh
00067 -----============= acceptance-small: sanity ============----- Sun Jul  5 23:51:37 UTC 2026
00067 Lustre: DEBUG MARKER: -----============= acceptance-small: sanity ============----- Sun Jul 5 23:51:37 UTC 2026
00067 Running: bash /host/home/ktest/git/lustre-release/lustre/tests/sanity.sh
00068 MGS_OS_VERSION_ID=24.04
00068 MGS_OS_ID=ubuntu
00068 MGS_OS_VERSION_CODE=402915328
00068 MGS_OS_ID_LIKE=debian ubuntu
00068 MDS1_OS_ID=ubuntu
00068 MDS1_OS_VERSION_CODE=402915328
00068 MDS1_OS_ID_LIKE=debian ubuntu
00068 MDS1_OS_VERSION_ID=24.04
00068 OST1_OS_VERSION_ID=24.04
00068 OST1_OS_VERSION_CODE=402915328
00068 OST1_OS_ID=ubuntu
00068 OST1_OS_ID_LIKE=debian ubuntu
00068 CLIENT_OS_VERSION_ID=24.04
00068 CLIENT_OS_ID_LIKE=debian ubuntu
00068 CLIENT_OS_ID=ubuntu
00068 CLIENT_OS_VERSION_CODE=402915328
00069 localhost.localdomain: /host/home/ktest/git/lustre-release/lustre/tests/except/sanity.56aa.ex
00069 localhost.localdomain: /host/home/ktest/git/lustre-release/lustre/tests/except/sanity.ex
00069 - see CLIENT_VERSION > v2_15_63-134-gdacc4b6d38 (34682450 > 34553734) for LU-15963, go 312
00069 - see CLIENT_VERSION > v2_15_63-239-gab4ede45b4 (34682450 > 34553839) for LU-17856, go 56wa 56xe
00069 - see CLIENT_VERSION > v2_16_54-54-ga2e3a2f5a3 (34682450 > 34616886) for LU-14590, go 0d
00069 - see CLIENT_VERSION >= v2_15_7-16-gab522d54ad (34682450 >= 34539280) for LU-16203, go 60i
00069 - see CLIENT_VERSION >= v2_17_50-196-g63ee4af3bb (34682450 >= 34681540) for LU-19620, go 60b
00069 - see CLIENT_VERSION >= v2_17_50-34-g089f438ba9 (34682450 >= 34681378) for LU-19692, go 77k
00069 - see CLIENT_VERSION >= v2_17_50-71-g2cbe29c282 (34682450 >= 34681415) for LU-19644, go 150ib
00069 - see CLIENT_VERSION >= v2_17_51-74 (34682450 >= 34681674) for LU-20010, go 56aa
00069 - need MDS1_VERSION < v2_14_55-100-g8a84c7f9c7 (34682450 < 34486116) for LU-14927, skip 0f
00069 Lustre: DEBUG MARKER: - need MDS1_VERSION < v2_14_55-100-g8a84c7f9c7 (34682450 < 34486116) for LU-14927, skip 0f
00069 - need MDS1_VERSION <= 2.16.61-1-g89cf292a8c2 (34682450 <= 34618625) for LU-18938, skip 360
00069 Lustre: DEBUG MARKER: - need MDS1_VERSION <= 2.16.61-1-g89cf292a8c2 (34682450 <= 34618625) for LU-18938, skip 360
00069 - see MDS1_VERSION <= CLIENT_VERSION (34682450 <= 34682450) for LU-18562, go 270a
00069 - need OST1_VERSION < v2_17_50-410-gbd8e7b9555 (34682450 < 34681754) for LU-12550, skip 216
00069 Lustre: DEBUG MARKER: - need OST1_VERSION < v2_17_50-410-gbd8e7b9555 (34682450 < 34681754) for LU-12550, skip 216
00069 excepting tests: 442 460d 600a 600b 600c 600d_base 600d 801a 801b 801c 802b 802c 803a 803b 804 805 806 807a 807b 808 809 810 812a 812b 812c 813 814 815 816 817 818 819a 819b 820 823 831 832 833 834 842 850 851 852 853 854 855 860 900 901 902 903 904 905 906 907 908a 908b 909 910 911 920 42a 42c 42b 118c 118d 407 119i 216 817 0f 27A 53 66 270a 119e 119f 119g 119h 156 17o 27oo 27z 27F 60a 64i 232 257 278 280 427 801c 818 820 17a 17b 17e 17g 17i 17p 21 25a 25b 26a 26c 26d 26e 26f 27ga 27Q 28 32e 32f 32g 32h 32m 32n 32o 32p 48a 54a 54c 54d 56l 56m 56n 56rd 56xb 56Eb 56eg 56eh 56ei 133a 140 170b 162a 226a 27p 27q 34a 31g 31l 31m 36g 44f 130a 130b 130c 130d 130e 130i 430a 51b 56ab 81b 220 413 418 806 52a 52b 102a 102h 102i 102r 102t 154B 154f 154g 160 161c 161d 205a 65k 807 808 812 56 65e 65a 406 205h 208 165 224d 226d 255 258 272 275 277 311 410 414 419 831 313 314 315 317 200 350 398 399 403 404 408 432 433 398a 405 411 421 27Cg 27U 422 424 425 426 428 429 434 442 430b 430c 431 814 833 850 801a 801b 802b 810 812b 842 851 901 903
00069 Lustre: DEBUG MARKER: excepting tests: 442 460d 600a 600b 600c 600d_base 600d 801a 801b 801c 802b 802c 803a 803b 804 805 806 807a 807b 808 809 810 812a 812b 812c 813 814 815 816 817 818 819a 819b 820 823 831 832 833 834 842 850 851 852 853 854 855 860 900 901 902 903 904 905 9
00069 skipping tests SLOW=no: 27m 60i 64b 68 71 135 136 230d 300o 842
00070 Lustre: DEBUG MARKER: skipping tests SLOW=no: 27m 60i 64b 68 71 135 136 230d 300o 842
00070 running as uid/gid/euid/egid 1000/1000/1000/1000, groups: 1000
00070  [true]
00070 running as uid/gid/euid/egid 1000/1000/1000/1000, groups: 1000
00070  [touch] [/mnt/lustre/d0_runas_test/f2725]
00070 preparing for tests involving mounts
00070 mke2fs 1.47.0 (5-Feb-2023)
00070 
00070 Filesystem too small for a journal
00070 
00070 debug=all
00070 
00070 == sanity test 0a: touch; rm ============================= 23:51:41 (1783295501)
00070 Lustre: DEBUG MARKER: == sanity test 0a: touch; rm ============================= 23:51:41 (1783295501)
00070 touch (3161) used greatest stack depth: 23640 bytes left
00070 /mnt/lustre/f0a.sanity has type file OK
00070 /mnt/lustre/f0a.sanity: absent OK
00071 PASS 0a (0s)
00071 
00071 == sanity test 0b: chmod 0755 /mnt/lustre ======================================================================================= 23:51:41 (1783295501)
00071 Lustre: DEBUG MARKER: == sanity test 0b: chmod 0755 /mnt/lustre ======================================================================================= 23:51:41 (1783295501)
00071 /mnt/lustre has perms 0755 OK
00071 PASS 0b (1s)
00071 
00071 == sanity test 0c: check import proc ===================== 23:51:42 (1783295502)
00071 Lustre: DEBUG MARKER: == sanity test 0c: check import proc ===================== 23:51:42 (1783295502)
00071     state: FULL
00071     state: FULL
00071     target: lustre-MDT0000_UUID
00071     target: lustre-MDT0001_UUID
00072 PASS 0c (0s)
00072 
00072 == sanity test 0d: check export proc ===================== 23:51:43 (1783295503)
00072 Lustre: DEBUG MARKER: == sanity test 0d: check export proc ===================== 23:51:43 (1783295503)
00072 mgc.MGC0@lo.import=
00072 import:
00072     name: MGC0@lo
00072     target: MGS
00072     state: FULL
00072     connect_flags: [ version, mgs_nidlist, barrier, adaptive_timeouts, full20, imp_recov, bulk_mbits, second_flags, reply_mbits, large_nid ]
00072     connect_data:
00072        flags: 0xa000011001002060
00072        instance: 0
00072        target_version: 2.17.54.82
00072     import_flags: [ IMPF_PINGABLE, IMPF_CONNECT_TRIED ]
00072     connection:
00072        failover_nids: [ "0@lo" ]
00072        nids_stats:
00072           "0@lo": { connects: 1, replied: 1, uptodate: uptodate, sec_ago: 24 }
00072        current_connection: "0@lo"
00072        connection_attempts: 1
00072        generation: 1
00072        in-progress_invalidations: 0
00072        idle: 16 sec
00072 mgc.MGC10.0.2.15@tcp.import=
00072 import:
00072     name: MGC10.0.2.15@tcp
00072     target: MGS
00072     state: FULL
00072     connect_flags: [ version, mgs_nidlist, barrier, adaptive_timeouts, full20, imp_recov, bulk_mbits, second_flags, reply_mbits, large_nid ]
00072     connect_data:
00072        flags: 0xa000011001002060
00072        instance: 0
00072        target_version: 2.17.54.82
00072     import_flags: [ IMPF_PINGABLE, IMPF_CONNECT_TRIED ]
00072     connection:
00072        failover_nids: [ "0@lo" ]
00072        nids_stats:
00072           "0@lo": { connects: 1, replied: 1, uptodate: uptodate, sec_ago: 24 }
00072        current_connection: "0@lo"
00072        connection_attempts: 1
00072        generation: 1
00072        in-progress_invalidations: 0
00072        idle: 16 sec
00072 mgs.MGS.exports.0@lo.uuid
00072 ffb48dd6-9e2d-4508-b9fe-4e26a32587c1
00072 1a39e593-c975-45c6-a58d-cb007917332e
00072 mgs.MGS.exports.0@lo.export=
00072 ffb48dd6-9e2d-4508-b9fe-4e26a32587c1:
00072     name: MGS
00072     client: 0@lo
00072     connect_flags: [ version, mgs_nidlist, barrier, adaptive_timeouts, full20, imp_recov, bulk_mbits, second_flags, reply_mbits, large_nid ]
00072     connect_data:
00072        flags: 0xa000011001002060
00072        instance: 0
00072        target_version: 2.17.54.82
00072     export_flags: [  ]
00072 1a39e593-c975-45c6-a58d-cb007917332e:
00072     name: MGS
00072     client: 0@lo
00072     connect_flags: [ version, mgs_nidlist, barrier, adaptive_timeouts, full20, imp_recov, bulk_mbits, second_flags, reply_mbits, large_nid ]
00072     connect_data:
00072        flags: 0xa000011001002060
00072        instance: 0
00072        target_version: 2.17.54.82
00072     export_flags: [  ]
00073 PASS 0d (0s)
00073 
00073 == sanity test 0e: Enable DNE MDT balancing for mkdir in the ROOT ========================================================== 23:51:44 (1783295504)
00073 Lustre: DEBUG MARKER: == sanity test 0e: Enable DNE MDT balancing for mkdir in the ROOT ========================================================== 23:51:44 (1783295504)
00073 
00073  SKIP: sanity test_0e We need at least 2 MDTs for this test
00073 Lustre: DEBUG MARKER: SKIP: sanity test_0e We need at least 2 MDTs for this test
00073 SKIP 0e (0s)
00073 
00073 == sanity test 1: mkdir; remkdir; rmdir ================== 23:51:44 (1783295504)
00073 Lustre: DEBUG MARKER: == sanity test 1: mkdir; remkdir; rmdir ================== 23:51:44 (1783295504)
00073 LustreError: 1810:0:(osd_dirent.c:113:osd_index_dir_insert()) lustre-MDT0000: lookup [0x240000402:0x1:0x0] from icache failed: rc=-22
00073 Lustre: 1810:0:(out_handler.c:886:out_tx_end()) lustre-MDT0000-osd: error during execution of #0 from lustre/ptlrpc/../target/out_handler.c:535: rc = -22
00073 mkdir: cannot create directory '/mnt/lustre/d1.sanity': Invalid argument
00073  sanity test_1: @@@@@@ FAIL: mkdir '/mnt/lustre/d1.sanity' failed 
00074 Lustre: DEBUG MARKER: sanity test_1: @@@@@@ FAIL: mkdir '/mnt/lustre/d1.sanity' failed
00074   Trace dump:
00074   = /host/home/ktest/git/lustre-release/lustre/tests/test-framework.sh:7447:error()
00074   = /host/home/ktest/git/lustre-release/lustre/tests/test-framework.sh:10495:test_mkdir()
00074   = /host/home/ktest/git/lustre-release/lustre/tests/sanity.sh:356:test_1()
00074   = /host/home/ktest/git/lustre-release/lustre/tests/test-framework.sh:7823:run_one()
00074   = /host/home/ktest/git/lustre-release/lustre/tests/test-framework.sh:7886:run_one_logged()
00074   = /host/home/ktest/git/lustre-release/lustre/tests/test-framework.sh:7686:run_test()
00074   = /host/home/ktest/git/lustre-release/lustre/tests/sanity.sh:364:main()
00074 Dumping lctl log to /tmp/test_logs/2026-07-05/235132/sanity.test_1.*.1783295504.log
00074 Dumping logs only on local client.
00074 FAIL 1 (1s)
00074 
00074 == sanity test 2: mkdir; touch; rmdir; check file ======== 23:51:45 (1783295505)
00074 Lustre: DEBUG MARKER: == sanity test 2: mkdir; touch; rmdir; check file ======== 23:51:45 (1783295505)
00074 touch (3734) used greatest stack depth: 23384 bytes left
00074 /mnt/lustre/d2.sanity/f2.sanity has type file OK
00074 /mnt/lustre/d2.sanity/f2.sanity: absent OK
00074 checkstat (3737) used greatest stack depth: 23368 bytes left
00075 PASS 2 (0s)
00075 
00075 == sanity test 3: mkdir; touch; rmdir; check dir ========= 23:51:46 (1783295506)
00075 Lustre: DEBUG MARKER: == sanity test 3: mkdir; touch; rmdir; check dir ========= 23:51:46 (1783295506)
00075 LustreError: 1810:0:(osd_dirent.c:113:osd_index_dir_insert()) lustre-MDT0000: lookup [0x240000402:0x2:0x0] from icache failed: rc=-22
00075 Lustre: 1810:0:(out_handler.c:886:out_tx_end()) lustre-MDT0000-osd: error during execution of #0 from lustre/ptlrpc/../target/out_handler.c:535: rc = -22
00075 mkdir: cannot create directory '/mnt/lustre/d3.sanity': Invalid argument
00075  sanity test_3: @@@@@@ FAIL: mkdir '/mnt/lustre/d3.sanity' failed 
00075 Lustre: DEBUG MARKER: sanity test_3: @@@@@@ FAIL: mkdir '/mnt/lustre/d3.sanity' failed
00075   Trace dump:
00075   = /host/home/ktest/git/lustre-release/lustre/tests/test-framework.sh:7447:error()
00075   = /host/home/ktest/git/lustre-release/lustre/tests/test-framework.sh:10495:test_mkdir()
00075   = /host/home/ktest/git/lustre-release/lustre/tests/sanity.sh:376:test_3()
00075   = /host/home/ktest/git/lustre-release/lustre/tests/test-framework.sh:7823:run_one()
00075   = /host/home/ktest/git/lustre-release/lustre/tests/test-framework.sh:7886:run_one_logged()
00075   = /host/home/ktest/git/lustre-release/lustre/tests/test-framework.sh:7686:run_test()
00075   = /host/home/ktest/git/lustre-release/lustre/tests/sanity.sh:383:main()
00075 Dumping lctl log to /tmp/test_logs/2026-07-05/235132/sanity.test_3.*.1783295506.log
00075 Dumping logs only on local client.
00075 FAIL 3 (0s)
00076 
00076 == sanity test 4: mkdir; touch dir/file; rmdir; checkdir (expect error) ========================================================== 23:51:46 (1783295506)
00076 Lustre: DEBUG MARKER: == sanity test 4: mkdir; touch dir/file; rmdir; checkdir (expect error) ========================================================== 23:51:46 (1783295506)
00076 rmdir: failed to remove '/mnt/lustre/d4.sanity': Directory not empty
00076 PASS 4 (1s)
00076 
00076 == sanity test 5: mkdir .../d5 .../d5/d2; chmod .../d5/d2 ========================================================== 23:51:47 (1783295507)
00076 Lustre: DEBUG MARKER: == sanity test 5: mkdir .../d5 .../d5/d2; chmod .../d5/d2 ========================================================== 23:51:47 (1783295507)
00077 LustreError: 1811:0:(osd_dirent.c:113:osd_index_dir_insert()) lustre-MDT0000: lookup [0x240000402:0x3:0x0] from icache failed: rc=-22
00077 Lustre: 1811:0:(out_handler.c:886:out_tx_end()) lustre-MDT0000-osd: error during execution of #0 from lustre/ptlrpc/../target/out_handler.c:535: rc = -22
00077 mkdir: cannot create directory '/mnt/lustre/d5.sanity': Invalid argument
00077  sanity test_5: @@@@@@ FAIL: mkdir '/mnt/lustre/d5.sanity' failed 
00077 Lustre: DEBUG MARKER: sanity test_5: @@@@@@ FAIL: mkdir '/mnt/lustre/d5.sanity' failed
00077   Trace dump:
00077   = /host/home/ktest/git/lustre-release/lustre/tests/test-framework.sh:7447:error()
00077   = /host/home/ktest/git/lustre-release/lustre/tests/test-framework.sh:10495:test_mkdir()
00077   = /host/home/ktest/git/lustre-release/lustre/tests/sanity.sh:402:test_5()
00077   = /host/home/ktest/git/lustre-release/lustre/tests/test-framework.sh:7823:run_one()
00077   = /host/home/ktest/git/lustre-release/lustre/tests/test-framework.sh:7886:run_one_logged()
00077   = /host/home/ktest/git/lustre-release/lustre/tests/test-framework.sh:7686:run_test()
00077   = /host/home/ktest/git/lustre-release/lustre/tests/sanity.sh:408:main()
00077 Dumping lctl log to /tmp/test_logs/2026-07-05/235132/sanity.test_5.*.1783295507.log
00077 Dumping logs only on local client.
00077 FAIL 5 (1s)
00078 resend_count is set to 4 4
00078 resend_count is set to 4 4
00078 resend_count is set to 4 4
00078 resend_count is set to 4 4
00078 resend_count is set to 4 4
00080 == sanity test complete, duration 12 sec ================= 23:51:50 (1783295510)
00080 Lustre: DEBUG MARKER: == sanity test complete, duration 12 sec ================= 23:51:50 (1783295510)
00080 sanity: FAIL: test_1 mkdir '/mnt/lustre/d1.sanity' failed
00080 sanity: FAIL: test_3 mkdir '/mnt/lustre/d3.sanity' failed
00080 sanity: FAIL: test_5 mkdir '/mnt/lustre/d5.sanity' failed
00080 === sanity: start cleanup 23:51:51 (1783295511) ===
00080 Lustre: DEBUG MARKER: === sanity: start cleanup 23:51:51 (1783295511) ===
00080 skip cleanup
00080 === sanity: finish cleanup 23:51:51 (1783295511) ===
00080 Lustre: DEBUG MARKER: === sanity: finish cleanup 23:51:51 (1783295511) ===
00080 debug=super ioctl neterror warning dlmtrace error emerg ha rpctrace vfstrace config console lfsck
00080 sanity returned 1
00080 Finished at Sun Jul  5 23:51:51 UTC 2026 in 19s
00080 /host/home/ktest/git/lustre-release/lustre/tests/auster: completed with rc 0
00080 Error 1 at /host/home/ktest/ktest/tests/prelude.sh 358 from: grep -E -q -e "kernel BUG at" -e "WARNING:" -e "\bBUG:" -e "Oops:" -e "possible recursive locking detected" -e "Internal error" -e "(INFO|ERR): suspicious RCU usage" -e "INFO: possible circular locking dependency detected" -e "general protection fault:" -e "BUG .* remaining" -e "UBSAN:", exiting
00080 Error 1 at /host/home/ktest/ktest/tests/prelude.sh 377 from: ( set -e; run_test $i ), exiting
00081 
00081 ========= FAILED sanity-quick in 39s
00081 
00081 Passed: 
00081 Failed: sanity-quick
00081 Error 1 at /host/home/ktest/ktest/tests/prelude.sh 485 from: return ${#tests_failed[@]}, exiting
00081 Error 1 at /host/home/ktest/ktest/tests/fs/lustre/sanity/sanity-1.ktest 36 from: return ${#tests_failed[@]}, exiting
00081 Error 1 at /host/home/ktest/ktest/tests/test-libs.sh 105 from: . $(dirname $(readlink -e ${BASH_SOURCE[2]}))/$fname, exiting
00081 Error 1 at /host/home/ktest/ktest/tests/fs/lustre/sanity/../../../lockdep-base.sh 15 from: . $(dirname $(readlink -e ${BASH_SOURCE[2]}))/$fname, exiting
00081 NOTICE: Automounting of tracing to debugfs is deprecated and will be removed in 2030
00081 Kernel version: 7.0.0-ktest-b7d6750398-20260705
00081 TEST FAILED
Error 1 at /home/ktest/ktest/lib/libktest.sh 587 from: "$ktest_dir/lib/supervisor" -S -F -T "$ktest_timeout" -b "$test_basename" -o "$test_logdir" -f "$test_basename.$(date -Iseconds).log" -- "${qemu_cmd[@]}", exiting
Error 1 at ./qlkbuild 195 from: "$ktest_dir/lib/supervisor" -S -F -T "$ktest_timeout" -b "$test_basename" -o "$test_logdir" -f "$test_basename.$(date -Iseconds).log" -- "${qemu_cmd[@]}", exiting
Error 1 at ./qlkbuild 1005 from: "$ktest_dir/lib/supervisor" -S -F -T "$ktest_timeout" -b "$test_basename" -o "$test_logdir" -f "$test_basename.$(date -Iseconds).log" -- "${qemu_cmd[@]}", exiting
