00000 
00001 RDSEED32 is broken. Disabling the corresponding CPUID bit.
00003 init: failed to load nvme_core
00003 init: failed to load nvme
00003 init: failed to load zfs
00003 LNetError: 1:0:(lib-socket.c:619:lnet_inet_enumerate()) lnet: Can't find any usable interfaces, rc = -ENOENT
00003 LNetError: Error -100 starting up LNI tcp
00004 LustreError: 1:0:(events.c:627:ptlrpc_init_portals()) network initialisation failed: rc = -100
00004 init: finit_module /lib/modules/7.0.0-ktest-b7d6750398-20260705/updates/ptlrpc.ko: Network is down
00004 init: failed to load lustre
00004 init: failed to load osd_zfs
00004 init: failed to load iwlwifi
00004 init: failed to load iwlmvm
00004 init: failed to load mt7921e
00004 init: failed to load i915
00004 init: failed to load nouveau
00041 tlp: vm.laptop_mode is deprecated. Ignoring setting.
00042 Kernel version: 7.0.0-ktest-b7d6750398-20260705
00042 hook init_noop
00042 
00042 Running tests llog-unit
00042 
00042 ========= TEST   llog-unit
00042 /host/home/ktest/git/lustre-release/lustre/tests/test-framework.sh: line 6933: cd: HOME not set
00042 /host/home/ktest/git/lustre-release/lustre/tests/test-framework.sh: line 6933: cd: HOME not set
00042 /host/home/ktest/git/lustre-release/lustre/tests/test-framework.sh: line 6933: cd: HOME not set
00045 MGS_OS_VERSION_ID=24.04
00045 MGS_OS_ID=ubuntu
00045 MGS_OS_VERSION_CODE=402915328
00045 MGS_OS_ID_LIKE=debian ubuntu
00045 MDS1_OS_ID=ubuntu
00045 MDS1_OS_VERSION_CODE=402915328
00045 MDS1_OS_ID_LIKE=debian ubuntu
00045 MDS1_OS_VERSION_ID=24.04
00045 OST1_OS_VERSION_ID=24.04
00045 OST1_OS_VERSION_CODE=402915328
00045 OST1_OS_ID=ubuntu
00045 OST1_OS_ID_LIKE=debian ubuntu
00045 CLIENT_OS_VERSION_ID=24.04
00045 CLIENT_OS_ID_LIKE=debian ubuntu
00045 CLIENT_OS_ID=ubuntu
00045 CLIENT_OS_VERSION_CODE=402915328
00045 Loading modules from /host/home/ktest/git/lustre-release/lustre
00046 detected 16 online CPUs by sysfs
00046 MODOPTS_LIBCFS=
00046 libcfs will create CPU partition based on online CPUs
00046 LNet: Added LNI 10.0.2.15@tcp [8/256/0/180]
00046 gss/krb5 is not supported
00047 Lustre: Echo OBD driver; http://www.lustre.org/
00048 
00048 
00048 /host/home/ktest/git/lustre-release/lustre/tests/test-framework.sh: line 6933: cd: HOME not set
00048 /host/home/ktest/git/lustre-release/lustre/tests/test-framework.sh: line 6933: cd: HOME not set
00048 /host/home/ktest/git/lustre-release/lustre/tests/test-framework.sh: line 6933: cd: HOME not set
00053 Lustre: DEBUG MARKER: Attempt llog unit tests
00053 Lustre: 2243:0:(llog_test.c:2805:llog_test_device_init()) Setup llog-test device over MGS device
00053 Lustre: 2243:0:(llog_test.c:98:llog_test_1()) 1a: create a log with name: 72211a84
00053 ------------[ cut here ]------------
00053 WARNING: /home/ktest/git/linux/include/linux/fs.h:889 at osd_create+0x9cf/0xcf0 [osd_wbcfs], CPU#15: lctl/2243
00053 Modules linked in: llog_test(O) mgs(O) osd_wbcfs(O) lustre(O) obdecho(O) mgc(O) mdc(O) lov(O) osc(O) lmv(O) ec(O) fid(O) fld(O) ptlrpc(O) efivarfs obdclass(O) ksocklnd(O) lnet(O) libcfs(O)
00053 CPU: 15 UID: 0 PID: 2243 Comm: lctl Tainted: G           O        7.0.0-ktest-b7d6750398-20260705 #1 PREEMPT 
00053 Tainted: [O]=OOT_MODULE
00053 Hardware name: QEMU Standard PC (Q35 + ICH9, 2009), BIOS 2025.11-3ubuntu7 03/31/2026
00053 RIP: 0010:osd_create+0x9cf/0xcf0 [osd_wbcfs]
00053 Code: c7 c7 60 36 7c a1 48 c7 c6 c0 b3 7d a1 48 c7 c2 20 bd 7d a1 e8 72 c1 c9 fe 48 c7 c7 60 36 7c a1 e8 f6 51 ca fe e9 fe fc ff ff <0f> 0b e9 a5 fa ff ff 48 c7 c1 80 44 5d a0 80 e1 07 80 c1 03 38 c1
00053 RSP: 0018:ffffc90001bcf778 EFLAGS: 00010246
00053 RAX: 0000000000000000 RBX: ffff88815f939800 RCX: 0000000000000046
00053 RDX: 0000000000000000 RSI: ffffffff8366d526 RDI: ffffffff831d96a0
00053 RBP: ffff88811fdca5b8 R08: ffffffff83c16803 R09: 1ffffffff0782d00
00053 R10: dffffc0000000000 R11: fffffbfff0782d01 R12: ffff88817d1a3400
00053 R13: dffffc0000000000 R14: 1ffff1102bf27300 R15: 1ffff1102fa3468f
00053 FS:  00007f318f8ae940(0000) GS:ffff88831db7b000(0000) knlGS:0000000000000000
00053 CS:  0010 DS: 0000 ES: 0000 CR0: 0000000080050033
00053 CR2: 00005585eaf40b40 CR3: 000000018f33e000 CR4: 0000000000750eb0
00053 PKRU: 55555554
00053 Call Trace:
00053  <TASK>
00053  ? local_object_create+0x109/0x640 [obdclass]
00053  ? dt_write_lock+0x16d/0x2a0 [obdclass]
00053  ? llog_osd_create+0x35b/0x1270 [obdclass]
00053  ? llog_create+0x2fc/0x540 [obdclass]
00053  ? llog_open_create+0x6e7/0xb30 [obdclass]
00053  ? llog_run_tests+0x4bb/0x5ad0 [llog_test]
00053  ? lockdep_hardirqs_on+0x7a/0x100
00053  ? get_random_u32+0x7c/0x4c0
00053  ? _raw_spin_unlock+0x2d/0x50
00053  ? __llog_ctxt_put+0x1c4/0x2f0 [obdclass]
00053  ? llog_test_device_init+0x6e8/0xa20 [llog_test]
00053  ? obd_setup+0x55e/0x970 [obdclass]
00053  ? class_setup+0xc7d/0x10e0 [obdclass]
00053  ? class_process_config+0x2edb/0x7cb0 [obdclass]
00053  ? class_handle_ioctl+0x1f4d/0x3440 [obdclass]
00053  ? rcu_is_watching+0x1f/0x90
00053  ? obd_class_ioctl+0x1f6/0x3c0 [obdclass]
00053  ? __x64_sys_ioctl+0x9ef/0xed0
00053  ? _copy_to_user+0x4e/0x70
00053  ? __x64_sys_rt_sigaction+0x107/0x140
00053  ? do_syscall_64+0xda/0x430
00053  ? trace_irq_disable+0x36/0x130
00053  ? entry_SYSCALL_64_after_hwframe+0x4b/0x53
00053  ? entry_SYSCALL_64_after_hwframe+0x4b/0x53
00053  </TASK>
00053 irq event stamp: 23205
00053 hardirqs last  enabled at (23213): [<ffffffff8149a251>] __console_unlock+0x61/0x90
00053 hardirqs last disabled at (23220): [<ffffffff8149a236>] __console_unlock+0x46/0x90
00053 softirqs last  enabled at (20838): [<ffffffff82b94eea>] unix_release_sock+0x37a/0xa10
00053 softirqs last disabled at (20836): [<ffffffff82b94e5f>] unix_release_sock+0x2ef/0xa10
00053 ---[ end trace 0000000000000000 ]---
00053 
00053 ============================================
00053 WARNING: possible recursive locking detected
00053 7.0.0-ktest-b7d6750398-20260705 #1 Tainted: G        W  O       
00053 --------------------------------------------
00053 lctl/2243 is trying to acquire lock:
00053 ffff888199cf23f0 (sb_writers#11){.+.+}-{0:0}, at: kernel_write+0xf4/0x300
00053 
00053 but task is already holding lock:
00053 ffff888199cf23f0 (sb_writers#11){.+.+}-{0:0}, at: llog_open_create+0x362/0xb30 [obdclass]
00053 
00053 other info that might help us debug this:
00053  Possible unsafe locking scenario:
00053 
00053        CPU0
00053        ----
00053   lock(sb_writers#11);
00053   lock(sb_writers#11);
00053 
00053  *** DEADLOCK ***
00053 
00053  May be due to missing lock nesting notation
00053 
00053 3 locks held by lctl/2243:
00053  #0: ffff888199cf23f0 (sb_writers#11){.+.+}-{0:0}, at: llog_open_create+0x362/0xb30 [obdclass]
00053  #1: ffff88815f9398b0 (&obj->oo_dt.dd_sem){++++}-{4:4}, at: dt_write_lock+0x16d/0x2a0 [obdclass]
00053  #2: ffff888140d75690 (&(*los)->los_id_lock){+.+.}-{4:4}, at: local_object_create+0x22c/0x640 [obdclass]
00053 
00053 stack backtrace:
00053 CPU: 15 UID: 0 PID: 2243 Comm: lctl Tainted: G        W  O        7.0.0-ktest-b7d6750398-20260705 #1 PREEMPT 
00053 Tainted: [W]=WARN, [O]=OOT_MODULE
00053 Hardware name: QEMU Standard PC (Q35 + ICH9, 2009), BIOS 2025.11-3ubuntu7 03/31/2026
00053 Call Trace:
00053  <TASK>
00053  dump_stack_lvl+0x6d/0xa0
00053  print_deadlock_bug+0x273/0x290
00053  __lock_acquire+0x11eb/0x28d0
00053  lock_acquire+0xe7/0x2a0
00053  ? kernel_write+0xf4/0x300
00053  sb_start_write+0x42/0x130
00053  ? kernel_write+0xf4/0x300
00053  kernel_write+0xf4/0x300
00053  ? alloc_file_pseudo+0x114/0x180
00053  osd_write+0x4a2/0x720 [osd_wbcfs]
00053  dt_record_write+0xea/0x3e0 [obdclass]
00053  local_object_create+0x308/0x640 [obdclass]
00053  llog_osd_create+0x35b/0x1270 [obdclass]
00053  llog_create+0x2fc/0x540 [obdclass]
00053  llog_open_create+0x6e7/0xb30 [obdclass]
00053  llog_run_tests+0x4bb/0x5ad0 [llog_test]
00053  ? lockdep_hardirqs_on+0x7a/0x100
00053  ? get_random_u32+0x7c/0x4c0
00053  ? _raw_spin_unlock+0x2d/0x50
00053  ? __llog_ctxt_put+0x1c4/0x2f0 [obdclass]
00053  llog_test_device_init+0x6e8/0xa20 [llog_test]
00053  obd_setup+0x55e/0x970 [obdclass]
00053  class_setup+0xc7d/0x10e0 [obdclass]
00053  class_process_config+0x2edb/0x7cb0 [obdclass]
00053  class_handle_ioctl+0x1f4d/0x3440 [obdclass]
00053  ? rcu_is_watching+0x1f/0x90
00053  obd_class_ioctl+0x1f6/0x3c0 [obdclass]
00053  __x64_sys_ioctl+0x9ef/0xed0
00053  ? _copy_to_user+0x4e/0x70
00053  ? __x64_sys_rt_sigaction+0x107/0x140
00053  do_syscall_64+0xda/0x430
00053  ? trace_irq_disable+0x36/0x130
00053  ? entry_SYSCALL_64_after_hwframe+0x4b/0x53
00053  entry_SYSCALL_64_after_hwframe+0x4b/0x53
00053 RIP: 0033:0x7f318f724e1d
00053 Code: 04 25 28 00 00 00 48 89 45 c8 31 c0 48 8d 45 10 c7 45 b0 10 00 00 00 48 89 45 b8 48 8d 45 d0 48 89 45 c0 b8 10 00 00 00 0f 05 <89> c2 3d 00 f0 ff ff 77 1a 48 8b 45 c8 64 48 2b 04 25 28 00 00 00
00053 RSP: 002b:00007ffcf6d8d7e0 EFLAGS: 00000246 ORIG_RAX: 0000000000000010
00053 RAX: ffffffffffffffda RBX: 00007f318fa2e1f0 RCX: 00007f318f724e1d
00053 RDX: 00007ffcf6d8dac0 RSI: 00000000c00866b8 RDI: 0000000000000003
00053 RBP: 00007ffcf6d8d830 R08: 00007ffcf6d8d880 R09: 00007ffcf6d8dac0
00053 R10: 00005586178b6910 R11: 0000000000000246 R12: 00007ffcf6d8dac0
00053 R13: 00005585eaf30822 R14: 0000000000000000 R15: 00007ffcf6d8fb40
00053  </TASK>
00053 Lustre: 2243:0:(llog_test.c:115:llog_test_1()) 1b: close newly-created log
00053 Lustre: 2243:0:(llog_test.c:146:llog_test_2()) 2a: re-open a log with name: 72211a84
00053 Lustre: 2243:0:(llog_test.c:166:llog_test_2()) 2b: create a log without specified NAME & LOGID
00053 Lustre: 2243:0:(llog_test.c:184:llog_test_2()) 2b: write 1 llog records, check llh_count
00053 Lustre: 2243:0:(llog_test.c:197:llog_test_2()) 2c: re-open the log by LOGID and verify llh_count
00053 Lustre: 2243:0:(llog_test.c:244:llog_test_2()) 2d: destroy this log
00053 Lustre: 2243:0:(llog_test.c:402:llog_test_3()) 3a: write 1023 fixed-size llog records
00053 Lustre: 2243:0:(llog_test.c:366:llog_test3_process()) test3: processing records from index 501 to the end
00053 Lustre: 2243:0:(llog_test.c:376:llog_test3_process()) test3: total 525 records processed with 0 paddings
00053 Lustre: 2243:0:(llog_test.c:458:llog_test_3()) 3b: write 566 variable size llog records
00053 Lustre: 2243:0:(llog_test.c:529:llog_test_3()) 3c: write records with variable size until BITMAP_SIZE, return -ENOSPC
00055 Lustre: 2243:0:(llog_test.c:552:llog_test_3()) 3c: wrote 63962 more records before end of llog is reached
00055 Lustre: 2243:0:(llog_test.c:581:llog_test_4()) 4a: create a catalog log with name: 72211a85
00055 Lustre: 2243:0:(llog_test.c:596:llog_test_4()) 4b: write 1 record into the catalog
00055 Lustre: 2243:0:(llog_test.c:623:llog_test_4()) 4c: cancel 1 log record
00055 Lustre: 2243:0:(llog_test.c:635:llog_test_4()) 4d: write 64767 more log records
00057 Lustre: 2243:0:(llog_test.c:651:llog_test_4()) 4e: add 5 large records, one record per block
00057 Lustre: 2243:0:(llog_test.c:671:llog_test_4()) 4f: put newly-created catalog
00057 Lustre: 2243:0:(llog_test.c:770:llog_test_5()) 5a: re-open catalog by id
00057 Lustre: 2243:0:(llog_test.c:783:llog_test_5()) 5b: print the catalog entries.. we expect 2
00057 Lustre: 2250:0:(llog_test.c:700:cat_print_cb()) seeing record at index 1 - [0x1:0x3:0x0] in log [0xa:0x4:0x0]
00057 Lustre: 2243:0:(llog_test.c:795:llog_test_5()) 5c: Cancel 64767 records, see one log zapped
00058 Lustre: 2243:0:(llog_test.c:803:llog_test_5()) 5c: print the catalog entries.. we expect 1
00058 Lustre: 2251:0:(llog_test.c:700:cat_print_cb()) seeing record at index 2 - [0x1:0x4:0x0] in log [0xa:0x4:0x0]
00058 Lustre: 2251:0:(llog_test.c:700:cat_print_cb()) Skipped 1 previous similar message
00058 Lustre: 2243:0:(llog_test.c:815:llog_test_5()) 5d: add 1 record to the log with many canceled empty pages
00058 Lustre: 2243:0:(llog_test.c:822:llog_test_5()) 5e: print plain log entries.. expect 6
00058 Lustre: 2243:0:(llog_test.c:834:llog_test_5()) 5f: print plain log entries reversely.. expect 6
00058 Lustre: 2243:0:(llog_test.c:848:llog_test_5()) 5g: close re-opened catalog
00058 Lustre: 2243:0:(llog_test.c:878:llog_test_6()) 6a: re-open log 72211a84 using client API
00058 Lustre: MGS: non-config logname received: 72211a84
00058 Lustre: 2243:0:(llog_test.c:910:llog_test_6()) 6b: process log 72211a84 using client API
00058 Lustre: 2243:0:(llog_test.c:914:llog_test_6()) 6b: processed 63962 records
00058 Lustre: 2243:0:(llog_test.c:921:llog_test_6()) 6c: process log 72211a84 reversely using client API
00059 Lustre: 2243:0:(llog_test.c:925:llog_test_6()) 6c: processed 63962 records
00059 Lustre: 2243:0:(llog_test.c:1073:llog_test_7()) 7a: test llog_logid_rec
00062 Lustre: 2243:0:(llog_test.c:1084:llog_test_7()) 7b: test llog_unlink64_rec
00066 Lustre: 2243:0:(llog_test.c:1095:llog_test_7()) 7c: test llog_setattr64_rec
00069 Lustre: 2243:0:(llog_test.c:1106:llog_test_7()) 7d: test llog_size_change_rec
00073 Lustre: 2243:0:(llog_test.c:1117:llog_test_7()) 7e: test llog_changelog_rec
00076 Lustre: 2243:0:(llog_test.c:1024:llog_test_7_sub()) 7_sub: records are not aligned, written 64071 from 64767
00077 Lustre: 2243:0:(llog_test.c:1129:llog_test_7()) 7f: test llog_changelog_user_rec2
00079 Lustre: 2243:0:(llog_test.c:1024:llog_test_7_sub()) 7_sub: records are not aligned, written 64139 from 64767
00081 Lustre: 2243:0:(llog_test.c:1140:llog_test_7()) 7g: test llog_gen_rec
00084 Lustre: 2243:0:(llog_test.c:1151:llog_test_7()) 7h: test llog_setattr64_rec_v2
00087 Lustre: 2243:0:(llog_test.c:1024:llog_test_7_sub()) 7_sub: records are not aligned, written 64071 from 64767
00088 Lustre: 2243:0:(llog_test.c:1260:llog_test_8()) 8a: fill the first plain llog
00088 Lustre: 2243:0:(llog_test.c:1289:llog_test_8()) 8b: first llog [0x1:0x10:0x0]
00088 Lustre: 2243:0:(llog_test.c:1305:llog_test_8()) 8b: fill the second plain llog
00088 Lustre: 2243:0:(llog_test.c:1329:llog_test_8()) 8b: pin llog [0x1:0x12:0x0]
00088 Lustre: 2243:0:(llog_test.c:1332:llog_test_8()) 8b: clean first llog record in catalog
00088 Lustre: 2243:0:(llog_test.c:1343:llog_test_8()) 8c: corrupt first chunk in the middle
00088 Lustre: 2243:0:(llog_test.c:1346:llog_test_8()) 8c: corrupt second chunk at start
00088 Lustre: 2243:0:(llog_test.c:1349:llog_test_8()) 8d: count survived records
00088 Lustre: 2243:0:(llog_test.c:1379:llog_test_8()) 8d: close re-opened catalog
00088 Lustre: 2243:0:(llog_test.c:1440:llog_test_9()) 9a: test llog_logid_rec
00088 Lustre: 2243:0:(llog_test.c:1424:llog_test_9_sub()) 9_sub: record type 1064553b in log 0x1:0x14:0x0
00088 Lustre: 2243:0:(llog_test.c:1451:llog_test_9()) 9b: test llog_obd_cfg_rec
00088 Lustre: 2243:0:(llog_test.c:1462:llog_test_9()) 9c: test llog_changelog_rec
00088 Lustre: 2243:0:(llog_test.c:1474:llog_test_9()) 9d: test llog_changelog_user_rec2
00088 Lustre: 2243:0:(llog_test.c:1575:llog_test_10()) 10a: create a catalog log with name: 72211a86
00088 Lustre: 2243:0:(llog_test.c:1605:llog_test_10()) 10b: write 64767 log records
00090 Lustre: 2243:0:(llog_test.c:1631:llog_test_10()) 10c: write 129534 more log records
00094 Lustre: 2243:0:(llog_test.c:1663:llog_test_10()) 10c: write 64767 more log records
00096 Lustre: 2243:0:(llog_cat.c:80:llog_cat_new_log()) MGS: there are no more free slots in catalog 72211a86
00096 LustreError: 2243:0:(llog_cat.c:588:llog_cat_add_rec()) MGS: initialization error: rc = -28
00096 Lustre: 2243:0:(llog_test.c:1689:llog_test_10()) 10c: wrote 64011 records then 756 failed with ENOSPC
00096 Lustre: 2243:0:(llog_test.c:1708:llog_test_10()) 10d: Cancel 64767 records, see one log zapped
00098 Lustre: 2243:0:(llog_test.c:1722:llog_test_10()) 10d: print the catalog entries.. we expect 3
00098 Lustre: 2261:0:(llog_test.c:700:cat_print_cb()) seeing record at index 2 - [0x1:0x19:0x0] in log [0xa:0x5:0x0]
00098 Lustre: 2243:0:(llog_test.c:1752:llog_test_10()) 10e: write 64767 more log records
00100 Lustre: 2243:0:(llog_cat.c:80:llog_cat_new_log()) MGS: there are no more free slots in catalog 72211a86
00100 Lustre: 2243:0:(llog_cat.c:80:llog_cat_new_log()) Skipped 755 previous similar messages
00100 LustreError: 2243:0:(llog_cat.c:588:llog_cat_add_rec()) MGS: initialization error: rc = -28
00100 LustreError: 2243:0:(llog_cat.c:588:llog_cat_add_rec()) Skipped 755 previous similar messages
00100 Lustre: 2243:0:(llog_test.c:1778:llog_test_10()) 10e: wrote 64578 records then 189 failed with ENOSPC
00100 Lustre: 2243:0:(llog_test.c:1780:llog_test_10()) 10e: print the catalog entries.. we expect 4
00100 Lustre: 2243:0:(llog_cat.c:977:llog_cat_process_or_fork()) MGS: catlog [0xa:0x5:0x0] crosses index zero
00100 Lustre: 2243:0:(llog_test.c:700:cat_print_cb()) seeing record at index 2 - [0x1:0x19:0x0] in log [0xa:0x5:0x0]
00100 Lustre: 2243:0:(llog_test.c:700:cat_print_cb()) Skipped 2 previous similar messages
00100 Lustre: 2243:0:(llog_test.c:1816:llog_test_10()) 10e: catalog successfully wrap around, last_idx 1, first 1
00100 Lustre: 2243:0:(llog_test.c:1833:llog_test_10()) 10f: Cancel 64767 records, see one log zapped
00102 Lustre: 2243:0:(llog_test.c:1847:llog_test_10()) 10f: print the catalog entries.. we expect 3
00102 Lustre: 2243:0:(llog_cat.c:977:llog_cat_process_or_fork()) MGS: catlog [0xa:0x5:0x0] crosses index zero
00102 Lustre: 2243:0:(llog_cat.c:977:llog_cat_process_or_fork()) Skipped 1 previous similar message
00102 Lustre: 2243:0:(llog_test.c:1878:llog_test_10()) 10f: write 64767 more log records
00104 Lustre: 2243:0:(llog_cat.c:80:llog_cat_new_log()) MGS: there are no more free slots in catalog 72211a86
00104 Lustre: 2243:0:(llog_cat.c:80:llog_cat_new_log()) Skipped 188 previous similar messages
00104 LustreError: 2243:0:(llog_cat.c:588:llog_cat_add_rec()) MGS: initialization error: rc = -28
00104 LustreError: 2243:0:(llog_cat.c:588:llog_cat_add_rec()) Skipped 188 previous similar messages
00104 Lustre: 2243:0:(llog_test.c:1904:llog_test_10()) 10f: wrote 64578 records then 189 failed with ENOSPC
00104 Lustre: 2243:0:(llog_test.c:1950:llog_test_10()) 10g: Cancel 64767 records, see one log zapped
00104 Lustre: 2243:0:(llog_cat.c:977:llog_cat_process_or_fork()) MGS: catlog [0xa:0x5:0x0] crosses index zero
00106 Lustre: 2243:0:(llog_test.c:1962:llog_test_10()) 10g: print the catalog entries.. we expect 3
00106 Lustre: 2243:0:(llog_test.c:700:cat_print_cb()) seeing record at index 4 - [0x1:0x1b:0x0] in log [0xa:0x5:0x0]
00106 Lustre: 2243:0:(llog_test.c:700:cat_print_cb()) Skipped 6 previous similar messages
00106 Lustre: 2243:0:(llog_test.c:1992:llog_test_10()) 10g: Cancel 64767 records, see one log zapped
00107 Lustre: 2243:0:(llog_test.c:2006:llog_test_10()) 10g: print the catalog entries.. we expect 2
00107 Lustre: 2243:0:(llog_test.c:2044:llog_test_10()) 10g: Cancel 64767 records, see one log zapped
00109 Lustre: 2243:0:(llog_test.c:2058:llog_test_10()) 10g: print the catalog entries.. we expect 1
00109 Lustre: 2243:0:(llog_test.c:2084:llog_test_10()) 10g: llh_cat_idx has also successfully wrapped!
00109 Lustre: 2263:0:(llog_test.c:1534:cat_check_old_cb()) seeing record at index 2 - [0x1:0x1d:0x0] in log [0xa:0x5:0x0]
00109 Lustre: 2243:0:(llog_test.c:2108:llog_test_10()) 10h: write 64767 more log records
00109 LustreError: 2243:0:(llog_osd.c:684:llog_osd_write_rec()) cfs_race id 1317 sleeping
00110 LustreError: 2263:0:(llog.c:685:llog_process_thread()) cfs_fail_race id 1317 waking
00110 LustreError: 2243:0:(llog_osd.c:684:llog_osd_write_rec()) cfs_fail_race id 1317 awake: rc=450
00111 LustreError: 2263:0:(llog.c:685:llog_process_thread()) cfs_fail_race id 1317 waking
00111 Lustre: 2263:0:(llog_test.c:1534:cat_check_old_cb()) seeing record at index 3 - [0x1:0x1e:0x0] in log [0xa:0x5:0x0]
00113 LustreError: 2243:0:(llog_osd.c:684:llog_osd_write_rec()) cfs_fail_race id 1317 waking
00114 Lustre: 2243:0:(llog_test.c:2134:llog_test_10()) 10h: wrote 64767 records then 0 failed with ENOSPC
00114 Lustre: 2243:0:(llog_test.c:2147:llog_test_10()) 10: put newly-created catalog
00114 Lustre: 2243:0:(llog_test.c:2177:llog_test_11()) 11: create a plain nameless log
00114 Lustre: 2243:0:(llog_test.c:2202:llog_test_11()) 11: size 8216 in 0 blocks after 1 rec
00114 Lustre: 2243:0:(llog_test.c:2204:llog_test_11()) 11: add few records
00114 Lustre: 2243:0:(llog_test.c:2221:llog_test_11()) 11: size 10616 in 0 blocks with few recs
00114 lctl (2243): drop_caches: 3
00114 Lustre: 2243:0:(llog_test.c:2247:llog_test_11()) 11: re-open the log by LOGID and verify llh_count
00114 Lustre: 2243:0:(llog_test.c:2262:llog_test_11()) 11: size 10616 in 0 blocks after re-open
00114 Lustre: 2243:0:(llog_test.c:2352:llog_test_12()) 12: create a catalog log with name: 72211a87
00114 Lustre: 12: truncate 24 bytes
00114 Lustre: 12: re-open and process the catalog
00114 LustreError: 2243:0:(llog_osd.c:1247:llog_osd_next_block()) MGS0000-osd: invalid llog tail at log id [0xa:0x6:0x0] offset 8232 last_rec idx 8704 tail idx 275010875 lrt len 1 read_size 40
00114 LustreError: 2243:0:(llog.c:881:llog_process_thread()) MGS: local llog is corrupted [0xa:0x6:0x0] catalog index 1 count 2
00114 Lustre: 12: try to add to the catalog
00114 LustreError: 2243:0:(llog_osd.c:1230:llog_osd_next_block()) MGS0000-osd: invalid llog tail at log id [0x6:0xa:0x0]:0 offset 8297 tail idx 603979776 lrt len 1074261 read_size 105
00114 ==================================================================
00114 BUG: KASAN: slab-out-of-bounds in llog_osd_next_block+0x1368/0x3080 [obdclass]
00114 Read of size 4 at addr ffff88818f1d3036 by task lctl/2243
00114 
00114 CPU: 5 UID: 0 PID: 2243 Comm: lctl Tainted: G        W  O        7.0.0-ktest-b7d6750398-20260705 #1 PREEMPT 
00114 Tainted: [W]=WARN, [O]=OOT_MODULE
00114 Hardware name: QEMU Standard PC (Q35 + ICH9, 2009), BIOS 2025.11-3ubuntu7 03/31/2026
00114 Call Trace:
00114  <TASK>
00114  dump_stack_lvl+0x6d/0xa0
00114  print_report+0xbc/0x260
00114  ? llog_osd_next_block+0x1368/0x3080 [obdclass]
00114  kasan_report+0xa2/0xd0
00114  ? llog_osd_next_block+0x1368/0x3080 [obdclass]
00114  llog_osd_next_block+0x1368/0x3080 [obdclass]
00114  ? rcu_is_watching+0x1f/0x90
00114  llog_process_thread+0xdd7/0x4f90 [obdclass]
00114  ? entry_SYSCALL_64_after_hwframe+0x4b/0x53
00114  ? task_work_add+0x1a4/0x240
00114  llog_process_or_fork+0x656/0xc90 [obdclass]
00114  ? llog_cat_process+0x30/0x30 [obdclass]
00114  llog_cat_process_or_fork+0x780/0xdb0 [obdclass]
00114  ? llog_cat_process+0x30/0x30 [obdclass]
00114  ? llog_cancel_rec_cb+0x450/0x450 [llog_test]
00114  llog_cat_process+0x24/0x30 [obdclass]
00114  llog_test_12+0x13ee/0x2d90 [llog_test]
00114  llog_run_tests+0x443a/0x5ad0 [llog_test]
00114  ? get_random_u32+0x7c/0x4c0
00114  llog_test_device_init+0x6e8/0xa20 [llog_test]
00114  obd_setup+0x55e/0x970 [obdclass]
00114  class_setup+0xc7d/0x10e0 [obdclass]
00114  class_process_config+0x2edb/0x7cb0 [obdclass]
00114  class_handle_ioctl+0x1f4d/0x3440 [obdclass]
00114  ? rcu_is_watching+0x1f/0x90
00114  obd_class_ioctl+0x1f6/0x3c0 [obdclass]
00114  __x64_sys_ioctl+0x9ef/0xed0
00114  ? _copy_to_user+0x4e/0x70
00114  ? __x64_sys_rt_sigaction+0x107/0x140
00114  do_syscall_64+0xda/0x430
00114  ? trace_irq_disable+0x36/0x130
00114  ? entry_SYSCALL_64_after_hwframe+0x4b/0x53
00114  entry_SYSCALL_64_after_hwframe+0x4b/0x53
00114 RIP: 0033:0x7f318f724e1d
00114 Code: 04 25 28 00 00 00 48 89 45 c8 31 c0 48 8d 45 10 c7 45 b0 10 00 00 00 48 89 45 b8 48 8d 45 d0 48 89 45 c0 b8 10 00 00 00 0f 05 <89> c2 3d 00 f0 ff ff 77 1a 48 8b 45 c8 64 48 2b 04 25 28 00 00 00
00114 RSP: 002b:00007ffcf6d8d7e0 EFLAGS: 00000246 ORIG_RAX: 0000000000000010
00114 RAX: ffffffffffffffda RBX: 00007f318fa2e1f0 RCX: 00007f318f724e1d
00114 RDX: 00007ffcf6d8dac0 RSI: 00000000c00866b8 RDI: 0000000000000003
00114 RBP: 00007ffcf6d8d830 R08: 00007ffcf6d8d880 R09: 00007ffcf6d8dac0
00114 R10: 00005586178b6910 R11: 0000000000000246 R12: 00007ffcf6d8dac0
00114 R13: 00005585eaf30822 R14: 0000000000000000 R15: 00007ffcf6d8fb40
00114  </TASK>
00114 
00114 The buggy address belongs to the object at ffff88818f1d0000
00114  which belongs to the cache kmalloc-8k of size 8192
00114 The buggy address is located 4150 bytes to the right of
00114  allocated 8192-byte region [ffff88818f1d0000, ffff88818f1d2000)
00114 
00114 The buggy address belongs to the physical page:
00114 page: refcount:0 mapcount:0 mapping:0000000000000000 index:0x0 pfn:0x18f1d0
00114 head: order:3 mapcount:0 entire_mapcount:0 nr_pages_mapped:0 pincount:0
00114 flags: 0x8000000000000040(head|zone=2)
00114 page_type: f5(slab)
00114 raw: 8000000000000040 ffff888100042e00 dead000000000122 0000000000000000
00114 raw: 0000000000000000 0000400000020002 00000000f5000000 ffff88818f1d2010
00114 head: 8000000000000040 ffff888100042e00 dead000000000122 0000000000000000
00114 head: 0000000000000000 0000400000020002 00000000f5000000 ffff88818f1d2010
00114 head: 8000000000000003 ffffea00063c7401 00000000ffffffff 00000000ffffffff
00114 head: ffffffffffffffff 0000000000000000 00000000ffffffff 0000000000000008
00114 page dumped because: kasan: bad access detected
00114 
00114 Memory state around the buggy address:
00114  ffff88818f1d2f00: fc fc fc fc fc fc fc fc fc fc fc fc fc fc fc fc
00114  ffff88818f1d2f80: fc fc fc fc fc fc fc fc fc fc fc fc fc fc fc fc
00114 >ffff88818f1d3000: fc fc fc fc fc fc fc fc fc fc fc fc fc fc fc fc
00114                                      ^
00114  ffff88818f1d3080: fc fc fc fc fc fc fc fc fc fc fc fc fc fc fc fc
00114  ffff88818f1d3100: fc fc fc fc fc fc fc fc fc fc fc fc fc fc fc fc
00114 ==================================================================
00114 Lustre: 2243:0:(llog_test.c:2461:llog_test_12()) 12: put newly-created catalog
00114 Lustre: 2243:0:(llog_test.c:2529:llog_test_13()) 13a: create a catalog log with name: 72211a87
00114 Lustre: 2243:0:(llog_test.c:2545:llog_test_13()) 13b: write 1 record into the catalog
00114 LustreError: 2243:0:(llog_test.c:2556:llog_test_13()) 13b: found 8 plain llogs
00114 Lustre: 2243:0:(llog_test.c:2558:llog_test_13()) 13c: erase plain llog
00114 LustreError: 2243:0:(llog_cat.c:399:llog_cat_id2handle()) MGS: error opening log id [0x1:0x4f:0x0]: rc = -2
00114 Lustre: 2243:0:(llog_test.c:2578:llog_test_13()) 13d: forward process: found=1708 rc=0
00114 Lustre: 2243:0:(llog_test.c:2582:llog_test_13()) 13e: erase another plain llog
00114 Lustre: 2243:0:(llog_test.c:2602:llog_test_13()) 13e: backward process: found=1367 rc=0
00114 Lustre: 2243:0:(llog_test.c:2605:llog_test_13()) 13f: put newly-created catalog
00119 ========= FAILED TIMEOUT llog-unit in 240s
Error 1 at /home/ktest/ktest/lib/libktest.sh 587 from: "$ktest_dir/lib/supervisor" -S -F -T "$ktest_timeout" -b "$test_basename" -o "$test_logdir" -f "$test_basename.$(date -Iseconds).log" -- "${qemu_cmd[@]}", exiting
Error 1 at ./qlkbuild 195 from: "$ktest_dir/lib/supervisor" -S -F -T "$ktest_timeout" -b "$test_basename" -o "$test_logdir" -f "$test_basename.$(date -Iseconds).log" -- "${qemu_cmd[@]}", exiting
Error 1 at ./qlkbuild 1005 from: "$ktest_dir/lib/supervisor" -S -F -T "$ktest_timeout" -b "$test_basename" -o "$test_logdir" -f "$test_basename.$(date -Iseconds).log" -- "${qemu_cmd[@]}", exiting
