CLI: ./podman-ktest --podman-socket unix:///run/podman/podman.sock --shared-filesystem /tmp --tarball-input job lustre-ci --output /var/www/ci-lustre/upstream-patch-review --git-hash b809b1bd78da29766d3bc1126f85aa6425c1c6b2 --change-id 60999_b809b1bd78da29766d3bc1126f85aa6425c1c6b2 --subject LU-19066 obdfilter: Create a failure_domain file

  Checking /dev/kvm exists... OK
  Checking /dev/kvm permissions... OK
  Creating ccache directory... OK
  Checking ccache directory writable... OK

Environment validated successfully
Creating kernel tarball at /tmp/ktest-kernel.tar.gz...
Creating lustre tarball at /tmp/ktest-lustre.tar.gz...
Executing 16 jobs
Jobs will start as soon as their dependencies are satisfied
Using tarball input mode

START lustre_mainline build tests/fs/lustre/boot.ktest
START checkpatch tool checkpatch
START al2023 build tests/fs/lustre/boot.ktest
START u24 build tests/fs/lustre/boot.ktest
START lustre_mainline_strict build tests/fs/lustre/boot-strict.ktest
START lustre_mainline_native build tests/fs/lustre/boot.ktest
PUT /tmp/ktest-kernel.tar.gz 8s
PUT /tmp/ktest-kernel.tar.gz 9s
PUT /tmp/ktest-kernel.tar.gz 9s
PUT /tmp/ktest-kernel.tar.gz 9s
PUT /tmp/ktest-kernel.tar.gz 9s
PUT /tmp/ktest-kernel.tar.gz 9s
PUT /tmp/ktest-lustre.tar.gz 2s
PUT /tmp/ktest-lustre.tar.gz 2s
PUT /tmp/ktest-lustre.tar.gz 2s
PUT /tmp/ktest-lustre.tar.gz 2s
PUT /tmp/ktest-lustre.tar.gz 2s
PUT /tmp/ktest-lustre.tar.gz 2s
END checkpatch tool checkpatch PASS 14s
END al2023 build tests/fs/lustre/boot.ktest PASS 72s
END u24 build tests/fs/lustre/boot.ktest PASS 77s
GET /tmp/ktest_lustre_mainline_hr6mvizm.tar 5s
END lustre_mainline build tests/fs/lustre/boot.ktest FAIL 91s (exit code: 1)
GET /tmp/ktest_lustre_mainline_native_4_ybtthh.tar 6s
GET /tmp/ktest_lustre_mainline_strict_juiqnm5i.tar 5s
END lustre_mainline_native build tests/fs/lustre/boot.ktest FAIL 95s (exit code: 1)
END lustre_mainline_strict build tests/fs/lustre/boot-strict.ktest FAIL 96s (exit code: 1)

============================================================
Final Results:
  checkpatch: PASS (14s) (log: /var/www/ci-lustre/upstream-patch-review/b809b1bd78da29766d3bc1126f85aa6425c1c6b2_checkpatch.log)
  u24: PASS (77s) (log: /var/www/ci-lustre/upstream-patch-review/b809b1bd78da29766d3bc1126f85aa6425c1c6b2_u24.log)
  al2023: PASS (72s) (log: /var/www/ci-lustre/upstream-patch-review/b809b1bd78da29766d3bc1126f85aa6425c1c6b2_al2023.log)
  lustre_mainline_strict: FAIL (96s) (log: /var/www/ci-lustre/upstream-patch-review/b809b1bd78da29766d3bc1126f85aa6425c1c6b2_lustre_mainline_strict.log)
  lustre_mainline: FAIL (91s) (log: /var/www/ci-lustre/upstream-patch-review/b809b1bd78da29766d3bc1126f85aa6425c1c6b2_lustre_mainline.log)
  lustre_mainline_native: FAIL (95s) (log: /var/www/ci-lustre/upstream-patch-review/b809b1bd78da29766d3bc1126f85aa6425c1c6b2_lustre_mainline_native.log)
  clang-tidy: SKIPPED (due to dependency failure)
  cc-plugin: SKIPPED (due to dependency failure)
  boot: SKIPPED (due to dependency failure)
  llmount: SKIPPED (due to dependency failure)
  llog-unit: SKIPPED (due to dependency failure)
  mgs-setup: SKIPPED (due to dependency failure)
  sanity-1: SKIPPED (due to dependency failure)
  sanity-2: SKIPPED (due to dependency failure)
  sanity-3: SKIPPED (due to dependency failure)
  sanity-4: SKIPPED (due to dependency failure)

Total execution time: 128s
