CLI: ./podman-ktest --podman-socket unix:///run/podman/podman.sock --shared-filesystem /tmp --tarball-input job lustre-ci --output /var/www/ci-lustre/upstream-patch-review --git-hash b8312886df1280763b37ae5929e643aded06c203 --change-id 53190_b8312886df1280763b37ae5929e643aded06c203 --subject LU-15372 mdd: Add projid in Changelog

  Checking /dev/kvm exists... OK
  Checking /dev/kvm permissions... OK
  Creating ccache directory... OK
  Checking ccache directory writable... OK

Environment validated successfully
Creating kernel tarball at /tmp/ktest-kernel.tar.gz...
Creating lustre tarball at /tmp/ktest-lustre.tar.gz...
Executing 16 jobs
Jobs will start as soon as their dependencies are satisfied
Using tarball input mode

START lustre_mainline_strict build tests/fs/lustre/boot-strict.ktest
START checkpatch tool checkpatch
START al2023 build tests/fs/lustre/boot.ktest
START lustre_mainline build tests/fs/lustre/boot.ktest
START lustre_mainline_native build tests/fs/lustre/boot.ktest
START u24 build tests/fs/lustre/boot.ktest
PUT /tmp/ktest-kernel.tar.gz 8s
PUT /tmp/ktest-kernel.tar.gz 8s
PUT /tmp/ktest-kernel.tar.gz 8s
PUT /tmp/ktest-kernel.tar.gz 9s
PUT /tmp/ktest-kernel.tar.gz 9s
PUT /tmp/ktest-kernel.tar.gz 9s
PUT /tmp/ktest-lustre.tar.gz 2s
PUT /tmp/ktest-lustre.tar.gz 2s
PUT /tmp/ktest-lustre.tar.gz 2s
PUT /tmp/ktest-lustre.tar.gz 2s
PUT /tmp/ktest-lustre.tar.gz 1s
PUT /tmp/ktest-lustre.tar.gz 2s
END checkpatch tool checkpatch FAIL 14s (exit code: 1)
END al2023 build tests/fs/lustre/boot.ktest PASS 67s
END u24 build tests/fs/lustre/boot.ktest PASS 71s
GET /tmp/ktest_lustre_mainline_strict_8_wuoa4k.tar 5s
END lustre_mainline_strict build tests/fs/lustre/boot-strict.ktest FAIL 152s (exit code: 1)
GET /tmp/ktest_lustre_mainline_pz7lg2t2.tar 4s
GET /tmp/ktest_lustre_mainline_native_f8nh2k33.tar 5s
END lustre_mainline build tests/fs/lustre/boot.ktest PASS 155s
END lustre_mainline_native build tests/fs/lustre/boot.ktest PASS 157s
START clang-tidy tool clang-tidy
START cc-plugin tool cc-plugin
START boot run tests/fs/lustre/boot.ktest
START llmount run tests/fs/lustre/llmount.ktest
START llog-unit run tests/fs/lustre/llog-unit.ktest
START mgs-setup run tests/fs/lustre/mgs-setup.ktest
START sanity-1 run tests/fs/lustre/sanity/sanity-1.ktest
START sanity-2 run tests/fs/lustre/sanity/sanity-2.ktest
START sanity-3 run tests/fs/lustre/sanity/sanity-3.ktest
START sanity-4 run tests/fs/lustre/sanity/sanity-4.ktest
PUT /tmp/ktest-kernel.tar.gz 13s
PUT /tmp/ktest_lustre_mainline_native_f8nh2k33.tar 16s
PUT /tmp/ktest_lustre_mainline_native_f8nh2k33.tar 17s
PUT /tmp/ktest-kernel.tar.gz 17s
PUT /tmp/ktest_lustre_mainline_native_f8nh2k33.tar 16s
PUT /tmp/ktest_lustre_mainline_native_f8nh2k33.tar 17s
PUT /tmp/ktest_lustre_mainline_native_f8nh2k33.tar 16s
PUT /tmp/ktest_lustre_mainline_native_f8nh2k33.tar 17s
PUT /tmp/ktest_lustre_mainline_native_f8nh2k33.tar 17s
PUT /tmp/ktest_lustre_mainline_native_f8nh2k33.tar 17s
PUT /tmp/ktest-lustre.tar.gz 33s
PUT /tmp/ktest-lustre.tar.gz 34s
PUT /tmp/ktest_lustre_mainline_native_f8nh2k33.tar 10s
PUT /tmp/ktest_lustre_mainline_native_f8nh2k33.tar 4s
END cc-plugin tool cc-plugin FAIL 59s (exit code: 127)
END boot run tests/fs/lustre/boot.ktest PASS 69s
END clang-tidy tool clang-tidy PASS 88s
END mgs-setup run tests/fs/lustre/mgs-setup.ktest PASS 90s
END sanity-2 run tests/fs/lustre/sanity/sanity-2.ktest PASS 103s
END sanity-3 run tests/fs/lustre/sanity/sanity-3.ktest PASS 104s
END sanity-4 run tests/fs/lustre/sanity/sanity-4.ktest PASS 105s
END sanity-1 run tests/fs/lustre/sanity/sanity-1.ktest PASS 110s
END llmount run tests/fs/lustre/llmount.ktest PASS 177s
END llog-unit run tests/fs/lustre/llog-unit.ktest PASS 177s

============================================================
Final Results:
  checkpatch: FAIL (14s) (log: /var/www/ci-lustre/upstream-patch-review/b8312886df1280763b37ae5929e643aded06c203_checkpatch.log)
  u24: PASS (71s) (log: /var/www/ci-lustre/upstream-patch-review/b8312886df1280763b37ae5929e643aded06c203_u24.log)
  al2023: PASS (67s) (log: /var/www/ci-lustre/upstream-patch-review/b8312886df1280763b37ae5929e643aded06c203_al2023.log)
  lustre_mainline_strict: FAIL (152s) (log: /var/www/ci-lustre/upstream-patch-review/b8312886df1280763b37ae5929e643aded06c203_lustre_mainline_strict.log)
  lustre_mainline: PASS (155s) (log: /var/www/ci-lustre/upstream-patch-review/b8312886df1280763b37ae5929e643aded06c203_lustre_mainline.log)
  lustre_mainline_native: PASS (157s) (log: /var/www/ci-lustre/upstream-patch-review/b8312886df1280763b37ae5929e643aded06c203_lustre_mainline_native.log)
  clang-tidy: PASS (88s) (log: /var/www/ci-lustre/upstream-patch-review/b8312886df1280763b37ae5929e643aded06c203_clang-tidy.log)
  cc-plugin: FAIL (59s) (log: /var/www/ci-lustre/upstream-patch-review/b8312886df1280763b37ae5929e643aded06c203_cc-plugin.log)
  boot: PASS (69s) (log: /var/www/ci-lustre/upstream-patch-review/b8312886df1280763b37ae5929e643aded06c203_boot.log)
  llmount: PASS (177s) (log: /var/www/ci-lustre/upstream-patch-review/b8312886df1280763b37ae5929e643aded06c203_llmount.log)
  llog-unit: PASS (177s) (log: /var/www/ci-lustre/upstream-patch-review/b8312886df1280763b37ae5929e643aded06c203_llog-unit.log)
  mgs-setup: PASS (90s) (log: /var/www/ci-lustre/upstream-patch-review/b8312886df1280763b37ae5929e643aded06c203_mgs-setup.log)
  sanity-1: PASS (110s) (log: /var/www/ci-lustre/upstream-patch-review/b8312886df1280763b37ae5929e643aded06c203_sanity-1.log)
  sanity-2: PASS (103s) (log: /var/www/ci-lustre/upstream-patch-review/b8312886df1280763b37ae5929e643aded06c203_sanity-2.log)
  sanity-3: PASS (104s) (log: /var/www/ci-lustre/upstream-patch-review/b8312886df1280763b37ae5929e643aded06c203_sanity-3.log)
  sanity-4: PASS (105s) (log: /var/www/ci-lustre/upstream-patch-review/b8312886df1280763b37ae5929e643aded06c203_sanity-4.log)

Total execution time: 366s
