WARNING:FILE_PATH_CHANGES: added, moved or deleted file(s), does MAINTAINERS need updating?
#203: 
new file mode 100644

WARNING:CONFIG_DESCRIPTION: please write a help paragraph that fully describes the config symbol with at least 4 lines
#279: FILE: lnet/Kconfig:11:
+config LNET_DUMP_ON_PANIC
+	bool "LNet dump logs on panic"
+	depends on LNET
+	help
+	  Special funcitonality to enable collecting extra logs when LNet panics.
+	  Normally only used by developers for debugging purposes.
+
+	  If unsure, say N.
+

WARNING:CONFIG_DESCRIPTION: please write a help paragraph that fully describes the config symbol with at least 4 lines
#455: FILE: lustre/Kconfig:34:
+config LUSTRE_FS_SERVER
+	bool "Lustre server support"
+	default y
+	help
+	  Enable Lustre server support (MDS, OSS, MGS).
+
+	  If unsure, say N.
+

WARNING:CONFIG_DESCRIPTION: please write a help paragraph that fully describes the config symbol with at least 4 lines
#463: FILE: lustre/Kconfig:42:
+config LUSTRE_FS_GSS
+	tristate "Lustre GSS support"
+	depends on LUSTRE_FS
+	select SUNRPC
+	default n
+	help
+	  Enable GSS (Generic Security Services) support for Lustre,
+	  providing Kerberos authentication and encryption.
+
+	  If unsure, say N.
+

WARNING:CONFIG_DESCRIPTION: please write a help paragraph that fully describes the config symbol with at least 4 lines
#474: FILE: lustre/Kconfig:53:
+config LUSTRE_FS_GSS_SSK
+	bool "Lustre GSS shared-secret key support"
+	default n
+	depends on LUSTRE_FS_GSS
+	help
+	  Enable shared-secret key (SSK) mechanism for Lustre GSS.
+
+	  If unsure, say N.
+

WARNING:CONFIG_DESCRIPTION: please write a help paragraph that fully describes the config symbol with at least 4 lines
#483: FILE: lustre/Kconfig:62:
+config LUSTRE_FS_GSS_KEYRING
+	bool "Lustre GSS keyring support"
+	default n
+	depends on LUSTRE_FS_GSS
+	depends on KEYS
+	help
+	  Enable kernel keyring integration for Lustre GSS.
+
+	  If unsure, say N.
+

WARNING:CONFIG_DESCRIPTION: please write a help paragraph that fully describes the config symbol with at least 4 lines
#504: FILE: lustre/Kconfig:83:
+config LUSTRE_FS_PINGER
+	bool "Enable Lustre pinger"
+	depends on LUSTRE_FS
+	help
+	  Lustre creates a pinger to determine if nodes are available. Newer
+	  versions of lustre allow disabling this feature.
+
+	  In in doubt, say Y.
+

WARNING:CONFIG_DESCRIPTION: please write a help paragraph that fully describes the config symbol with at least 4 lines
#513: FILE: lustre/Kconfig:92:
+config LUSTRE_FS_TESTS
+	bool "Lustre kernel unit tests"
+	default n
+	help
+	  Build Lustre in-kernel unit tests.
+	  If unsure, say N.
+

WARNING:CONFIG_DESCRIPTION: please write a help paragraph that fully describes the config symbol with at least 4 lines
#520: FILE: lustre/Kconfig:99:
+config LUSTRE_DEBUG_EXPENSIVE_CHECK
+	bool "Enable Lustre DEBUG checks"
+	select REFCOUNT_FULL
+	depends on LUSTRE_FS
+	help
+	  This option is mainly for debug purpose. It enables Lustre code to do
+	  expensive checks that may have a performance impact.
+
+	  Use with caution. If unsure, say N.
+

total: 0 errors, 9 warnings, 487 lines checked

NOTE: For some of the reported defects, checkpatch may be able to
      mechanically convert to the typical style using --fix or --fix-inplace.

Your patch has style problems, please review.

NOTE: If any of the errors are false positives, please report
      them to the maintainer, see CHECKPATCH in MAINTAINERS.
