CLI: ./podman-ktest --podman-socket unix:///run/podman/podman.sock --shared-filesystem /tmp --tarball-input job lustre-ci --output /var/www/ci-lustre/upstream-patch-review --git-hash b9969b7c2b0a0ec59b9143e73681dffcfaf6a8ee --change-id 65768_b9969b7c2b0a0ec59b9143e73681dffcfaf6a8ee --subject LU-20233 ldlm: extra checks for debug

  Checking /dev/kvm exists... OK
  Checking /dev/kvm permissions... OK
  Creating ccache directory... OK
  Checking ccache directory writable... OK

Environment validated successfully
Creating kernel tarball at /tmp/ktest-kernel.tar.gz...
Creating lustre tarball at /tmp/ktest-lustre.tar.gz...
Executing 16 jobs
Jobs will start as soon as their dependencies are satisfied
Using tarball input mode

START u24 build tests/fs/lustre/boot.ktest
START lustre_mainline_strict build tests/fs/lustre/boot-strict.ktest
START lustre_mainline_native build tests/fs/lustre/boot.ktest
START checkpatch tool checkpatch
START al2023 build tests/fs/lustre/boot.ktest
START lustre_mainline build tests/fs/lustre/boot.ktest
PUT /tmp/ktest-lustre.tar.gz 1s
PUT /tmp/ktest-lustre.tar.gz 1s
PUT /tmp/ktest-kernel.tar.gz 9s
PUT /tmp/ktest-kernel.tar.gz 9s
PUT /tmp/ktest-kernel.tar.gz 9s
PUT /tmp/ktest-kernel.tar.gz 9s
PUT /tmp/ktest-lustre.tar.gz 4s
PUT /tmp/ktest-lustre.tar.gz 4s
PUT /tmp/ktest-lustre.tar.gz 4s
PUT /tmp/ktest-lustre.tar.gz 4s
END checkpatch tool checkpatch PASS 16s
END al2023 build tests/fs/lustre/boot.ktest PASS 67s
END u24 build tests/fs/lustre/boot.ktest PASS 72s
GET /tmp/ktest_lustre_mainline_strict_ue321njm.tar 5s
END lustre_mainline_strict build tests/fs/lustre/boot-strict.ktest FAIL 134s (exit code: 1)
GET /tmp/ktest_lustre_mainline_native_5232dnm2.tar 3s
GET /tmp/ktest_lustre_mainline_67xg3pta.tar 3s
END lustre_mainline_native build tests/fs/lustre/boot.ktest PASS 148s
START clang-tidy tool clang-tidy
START cc-plugin tool cc-plugin
START boot run tests/fs/lustre/boot.ktest
START llmount run tests/fs/lustre/llmount.ktest
START llog-unit run tests/fs/lustre/llog-unit.ktest
START mgs-setup run tests/fs/lustre/mgs-setup.ktest
START sanity-1 run tests/fs/lustre/sanity/sanity-1.ktest
START sanity-2 run tests/fs/lustre/sanity/sanity-2.ktest
START sanity-3 run tests/fs/lustre/sanity/sanity-3.ktest
START sanity-4 run tests/fs/lustre/sanity/sanity-4.ktest
END lustre_mainline build tests/fs/lustre/boot.ktest PASS 149s
PUT /tmp/ktest-kernel.tar.gz 49s
PUT /tmp/ktest-kernel.tar.gz 55s
PUT /tmp/ktest_lustre_mainline_native_5232dnm2.tar 55s
PUT /tmp/ktest_lustre_mainline_native_5232dnm2.tar 55s
PUT /tmp/ktest_lustre_mainline_native_5232dnm2.tar 55s
PUT /tmp/ktest_lustre_mainline_native_5232dnm2.tar 54s
PUT /tmp/ktest_lustre_mainline_native_5232dnm2.tar 54s
PUT /tmp/ktest_lustre_mainline_native_5232dnm2.tar 54s
PUT /tmp/ktest_lustre_mainline_native_5232dnm2.tar 54s
PUT /tmp/ktest_lustre_mainline_native_5232dnm2.tar 55s
PUT /tmp/ktest-lustre.tar.gz 74s
PUT /tmp/ktest-lustre.tar.gz 97s
PUT /tmp/ktest_lustre_mainline_native_5232dnm2.tar 17s
PUT /tmp/ktest_lustre_mainline_native_5232dnm2.tar 35s
END cc-plugin tool cc-plugin FAIL 168s (exit code: 127)
END boot run tests/fs/lustre/boot.ktest PASS 176s
END clang-tidy tool clang-tidy PASS 191s
END mgs-setup run tests/fs/lustre/mgs-setup.ktest PASS 196s
END sanity-1 run tests/fs/lustre/sanity/sanity-1.ktest PASS 209s
END sanity-4 run tests/fs/lustre/sanity/sanity-4.ktest PASS 211s
END sanity-2 run tests/fs/lustre/sanity/sanity-2.ktest PASS 229s
END sanity-3 run tests/fs/lustre/sanity/sanity-3.ktest PASS 234s
END llmount run tests/fs/lustre/llmount.ktest PASS 268s
END llog-unit run tests/fs/lustre/llog-unit.ktest PASS 280s

============================================================
Final Results:
  checkpatch: PASS (16s) (log: /var/www/ci-lustre/upstream-patch-review/b9969b7c2b0a0ec59b9143e73681dffcfaf6a8ee_checkpatch.log)
  u24: PASS (72s) (log: /var/www/ci-lustre/upstream-patch-review/b9969b7c2b0a0ec59b9143e73681dffcfaf6a8ee_u24.log)
  al2023: PASS (67s) (log: /var/www/ci-lustre/upstream-patch-review/b9969b7c2b0a0ec59b9143e73681dffcfaf6a8ee_al2023.log)
  lustre_mainline_strict: FAIL (134s) (log: /var/www/ci-lustre/upstream-patch-review/b9969b7c2b0a0ec59b9143e73681dffcfaf6a8ee_lustre_mainline_strict.log)
  lustre_mainline: PASS (149s) (log: /var/www/ci-lustre/upstream-patch-review/b9969b7c2b0a0ec59b9143e73681dffcfaf6a8ee_lustre_mainline.log)
  lustre_mainline_native: PASS (148s) (log: /var/www/ci-lustre/upstream-patch-review/b9969b7c2b0a0ec59b9143e73681dffcfaf6a8ee_lustre_mainline_native.log)
  clang-tidy: PASS (191s) (log: /var/www/ci-lustre/upstream-patch-review/b9969b7c2b0a0ec59b9143e73681dffcfaf6a8ee_clang-tidy.log)
  cc-plugin: FAIL (168s) (log: /var/www/ci-lustre/upstream-patch-review/b9969b7c2b0a0ec59b9143e73681dffcfaf6a8ee_cc-plugin.log)
  boot: PASS (176s) (log: /var/www/ci-lustre/upstream-patch-review/b9969b7c2b0a0ec59b9143e73681dffcfaf6a8ee_boot.log)
  llmount: PASS (268s) (log: /var/www/ci-lustre/upstream-patch-review/b9969b7c2b0a0ec59b9143e73681dffcfaf6a8ee_llmount.log)
  llog-unit: PASS (280s) (log: /var/www/ci-lustre/upstream-patch-review/b9969b7c2b0a0ec59b9143e73681dffcfaf6a8ee_llog-unit.log)
  mgs-setup: PASS (196s) (log: /var/www/ci-lustre/upstream-patch-review/b9969b7c2b0a0ec59b9143e73681dffcfaf6a8ee_mgs-setup.log)
  sanity-1: PASS (209s) (log: /var/www/ci-lustre/upstream-patch-review/b9969b7c2b0a0ec59b9143e73681dffcfaf6a8ee_sanity-1.log)
  sanity-2: PASS (229s) (log: /var/www/ci-lustre/upstream-patch-review/b9969b7c2b0a0ec59b9143e73681dffcfaf6a8ee_sanity-2.log)
  sanity-3: PASS (234s) (log: /var/www/ci-lustre/upstream-patch-review/b9969b7c2b0a0ec59b9143e73681dffcfaf6a8ee_sanity-3.log)
  sanity-4: PASS (211s) (log: /var/www/ci-lustre/upstream-patch-review/b9969b7c2b0a0ec59b9143e73681dffcfaf6a8ee_sanity-4.log)

Total execution time: 460s
