CLI: ./podman-ktest --podman-socket unix:///run/podman/podman.sock --shared-filesystem /tmp --tarball-input job lustre-ci --output /var/www/ci-lustre/upstream-patch-review --git-hash bd94a46ec3a8ae45d62804a7394a4c1c55995ea2 --change-id 66481_bd94a46ec3a8ae45d62804a7394a4c1c55995ea2 --subject LU-12669 ec: fix EC recovery read for encrypted files

  Checking /dev/kvm exists... OK
  Checking /dev/kvm permissions... OK
  Creating ccache directory... OK
  Checking ccache directory writable... OK
  Creating package output directory... OK

Environment validated successfully
Creating kernel tarball at /tmp/ktest-kernel.tar.gz...
Creating lustre tarball at /tmp/ktest-lustre.tar.gz...
Creating ZFS tarball at /tmp/ktest-zfs.tar.gz...
Executing 13 jobs
Jobs will start as soon as their dependencies are satisfied
Using tarball input mode

START al2023 build tests/fs/lustre/boot.ktest
START lustre_mainline_strict build tests/fs/lustre/boot-strict.ktest
START u24 build tests/fs/lustre/boot.ktest
START lustre_mainline_native build tests/fs/lustre/boot.ktest
START checkpatch tool checkpatch
START lustre_mainline build tests/fs/lustre/boot.ktest
PUT /tmp/ktest-lustre.tar.gz 1s
PUT /tmp/ktest-lustre.tar.gz 1s
PUT /tmp/ktest-kernel.tar.gz 6s
PUT /tmp/ktest-kernel.tar.gz 6s
PUT /tmp/ktest-kernel.tar.gz 6s
PUT /tmp/ktest-kernel.tar.gz 6s
PUT /tmp/ktest-lustre.tar.gz 3s
PUT /tmp/ktest-lustre.tar.gz 3s
PUT /tmp/ktest-lustre.tar.gz 2s
PUT /tmp/ktest-lustre.tar.gz 2s
PUT /tmp/ktest-zfs.tar.gz 0s
PUT /tmp/ktest-zfs.tar.gz 0s
PUT /tmp/ktest-zfs.tar.gz 0s
END checkpatch tool checkpatch FAIL 12s (exit code: 1)
END al2023 build tests/fs/lustre/boot.ktest PASS 67s
END u24 build tests/fs/lustre/boot.ktest PASS 68s
GET /tmp/ktest_lustre_mainline_c0kb1ddg.tar 6s
GET /tmp/ktest_lustre_mainline_strict_c0y5f2bj.tar 6s
GET /tmp/ktest_lustre_mainline_native_lgm_b3h4.tar 6s
END lustre_mainline build tests/fs/lustre/boot.ktest FAIL 133s (exit code: 1)
END lustre_mainline_strict build tests/fs/lustre/boot-strict.ktest FAIL 135s (exit code: 1)
END lustre_mainline_native build tests/fs/lustre/boot.ktest FAIL 137s (exit code: 1)

============================================================
Final Results:
  checkpatch: FAIL (12s) (log: /var/www/ci-lustre/upstream-patch-review/bd94a46ec3a8ae45d62804a7394a4c1c55995ea2_checkpatch.log)
  u24: PASS (68s) (log: /var/www/ci-lustre/upstream-patch-review/bd94a46ec3a8ae45d62804a7394a4c1c55995ea2_u24.log)
  al2023: PASS (67s) (log: /var/www/ci-lustre/upstream-patch-review/bd94a46ec3a8ae45d62804a7394a4c1c55995ea2_al2023.log)
  lustre_mainline_strict: FAIL (135s) (log: /var/www/ci-lustre/upstream-patch-review/bd94a46ec3a8ae45d62804a7394a4c1c55995ea2_lustre_mainline_strict.log)
  lustre_mainline: FAIL (133s) (log: /var/www/ci-lustre/upstream-patch-review/bd94a46ec3a8ae45d62804a7394a4c1c55995ea2_lustre_mainline.log)
  lustre_mainline_native: FAIL (137s) (log: /var/www/ci-lustre/upstream-patch-review/bd94a46ec3a8ae45d62804a7394a4c1c55995ea2_lustre_mainline_native.log)
  boot: SKIPPED (due to dependency failure)
  llmount: SKIPPED (due to dependency failure)
  mgs-setup: SKIPPED (due to dependency failure)
  sanity-1: SKIPPED (due to dependency failure)
  sanity-2: SKIPPED (due to dependency failure)
  sanity-3: SKIPPED (due to dependency failure)
  sanity-4: SKIPPED (due to dependency failure)

Total execution time: 165s
