CLI: ./podman-ktest --podman-socket unix:///run/podman/podman.sock --shared-filesystem /tmp --tarball-input job lustre-ci --output /var/www/ci-lustre/upstream-patch-review --git-hash bf2c2e432ddd90a7970260b1d3f47fc46e189eb4 --change-id 66529_bf2c2e432ddd90a7970260b1d3f47fc46e189eb4 --subject LU-19917 mgc: dynamic MGS nids discovery

  Checking /dev/kvm exists... OK
  Checking /dev/kvm permissions... OK
  Creating ccache directory... OK
  Checking ccache directory writable... OK
  Creating package output directory... OK

Environment validated successfully
Creating kernel tarball at /tmp/ktest-kernel.tar.gz...
Creating lustre tarball at /tmp/ktest-lustre.tar.gz...
Creating ZFS tarball at /tmp/ktest-zfs.tar.gz...
Executing 13 jobs
Jobs will start as soon as their dependencies are satisfied
Using tarball input mode

START u24 build tests/fs/lustre/boot.ktest
START al2023 build tests/fs/lustre/boot.ktest
START lustre_mainline_native build tests/fs/lustre/boot.ktest
START checkpatch tool checkpatch
START lustre_mainline_strict build tests/fs/lustre/boot-strict.ktest
START lustre_mainline build tests/fs/lustre/boot.ktest
PUT /tmp/ktest-lustre.tar.gz 1s
PUT /tmp/ktest-lustre.tar.gz 2s
PUT /tmp/ktest-kernel.tar.gz 8s
PUT /tmp/ktest-kernel.tar.gz 8s
PUT /tmp/ktest-kernel.tar.gz 8s
PUT /tmp/ktest-kernel.tar.gz 8s
PUT /tmp/ktest-lustre.tar.gz 2s
PUT /tmp/ktest-lustre.tar.gz 2s
PUT /tmp/ktest-lustre.tar.gz 2s
PUT /tmp/ktest-lustre.tar.gz 1s
PUT /tmp/ktest-zfs.tar.gz 0s
PUT /tmp/ktest-zfs.tar.gz 0s
PUT /tmp/ktest-zfs.tar.gz 0s
END checkpatch tool checkpatch FAIL 13s (exit code: 1)
END al2023 build tests/fs/lustre/boot.ktest PASS 64s
END u24 build tests/fs/lustre/boot.ktest PASS 66s
GET /tmp/ktest_lustre_mainline_strict_pe9erzoa.tar 6s
END lustre_mainline_strict build tests/fs/lustre/boot-strict.ktest FAIL 127s (exit code: 1)
GET /tmp/ktest_lustre_mainline_irja5n8c.tar 0s
GET /tmp/ktest_lustre_mainline_native_apei4mqi.tar 0s
END lustre_mainline build tests/fs/lustre/boot.ktest PASS 130s
END lustre_mainline_native build tests/fs/lustre/boot.ktest PASS 131s
START boot run tests/fs/lustre/boot.ktest
START llmount run tests/fs/lustre/llmount.ktest
START mgs-setup run tests/fs/lustre/mgs-setup.ktest
START sanity-1 run tests/fs/lustre/sanity/sanity-1.ktest
START sanity-2 run tests/fs/lustre/sanity/sanity-2.ktest
START sanity-3 run tests/fs/lustre/sanity/sanity-3.ktest
START sanity-4 run tests/fs/lustre/sanity/sanity-4.ktest
PUT /tmp/ktest-kernel.tar.gz 15s
PUT /tmp/ktest-kernel.tar.gz 15s
PUT /tmp/ktest-kernel.tar.gz 15s
PUT /tmp/ktest-kernel.tar.gz 15s
PUT /tmp/ktest-kernel.tar.gz 15s
PUT /tmp/ktest-kernel.tar.gz 16s
PUT /tmp/ktest-kernel.tar.gz 16s
PUT /tmp/ktest-lustre.tar.gz 3s
PUT /tmp/ktest-lustre.tar.gz 3s
PUT /tmp/ktest-lustre.tar.gz 3s
PUT /tmp/ktest-lustre.tar.gz 3s
PUT /tmp/ktest-lustre.tar.gz 2s
PUT /tmp/ktest-lustre.tar.gz 3s
PUT /tmp/ktest-lustre.tar.gz 3s
PUT /tmp/ktest_lustre_mainline_native_apei4mqi.tar 0s
PUT /tmp/ktest_lustre_mainline_native_apei4mqi.tar 0s
PUT /tmp/ktest_lustre_mainline_native_apei4mqi.tar 0s
PUT /tmp/ktest_lustre_mainline_native_apei4mqi.tar 0s
PUT /tmp/ktest_lustre_mainline_native_apei4mqi.tar 0s
PUT /tmp/ktest_lustre_mainline_native_apei4mqi.tar 0s
PUT /tmp/ktest_lustre_mainline_native_apei4mqi.tar 0s
END boot run tests/fs/lustre/boot.ktest PASS 26s
END mgs-setup run tests/fs/lustre/mgs-setup.ktest PASS 36s
END sanity-4 run tests/fs/lustre/sanity/sanity-4.ktest PASS 61s
END sanity-2 run tests/fs/lustre/sanity/sanity-2.ktest PASS 63s
END sanity-1 run tests/fs/lustre/sanity/sanity-1.ktest PASS 95s
END llmount run tests/fs/lustre/llmount.ktest PASS 104s
END sanity-3 run tests/fs/lustre/sanity/sanity-3.ktest PASS 105s

============================================================
Final Results:
  checkpatch: FAIL (13s) (log: /var/www/ci-lustre/upstream-patch-review/bf2c2e432ddd90a7970260b1d3f47fc46e189eb4_checkpatch.log)
  u24: PASS (66s) (log: /var/www/ci-lustre/upstream-patch-review/bf2c2e432ddd90a7970260b1d3f47fc46e189eb4_u24.log)
  al2023: PASS (64s) (log: /var/www/ci-lustre/upstream-patch-review/bf2c2e432ddd90a7970260b1d3f47fc46e189eb4_al2023.log)
  lustre_mainline_strict: FAIL (127s) (log: /var/www/ci-lustre/upstream-patch-review/bf2c2e432ddd90a7970260b1d3f47fc46e189eb4_lustre_mainline_strict.log)
  lustre_mainline: PASS (130s) (log: /var/www/ci-lustre/upstream-patch-review/bf2c2e432ddd90a7970260b1d3f47fc46e189eb4_lustre_mainline.log)
  lustre_mainline_native: PASS (131s) (log: /var/www/ci-lustre/upstream-patch-review/bf2c2e432ddd90a7970260b1d3f47fc46e189eb4_lustre_mainline_native.log)
  boot: PASS (26s) (log: /var/www/ci-lustre/upstream-patch-review/bf2c2e432ddd90a7970260b1d3f47fc46e189eb4_boot.log)
  llmount: PASS (104s) (log: /var/www/ci-lustre/upstream-patch-review/bf2c2e432ddd90a7970260b1d3f47fc46e189eb4_llmount.log)
  mgs-setup: PASS (36s) (log: /var/www/ci-lustre/upstream-patch-review/bf2c2e432ddd90a7970260b1d3f47fc46e189eb4_mgs-setup.log)
  sanity-1: PASS (95s) (log: /var/www/ci-lustre/upstream-patch-review/bf2c2e432ddd90a7970260b1d3f47fc46e189eb4_sanity-1.log)
  sanity-2: PASS (63s) (log: /var/www/ci-lustre/upstream-patch-review/bf2c2e432ddd90a7970260b1d3f47fc46e189eb4_sanity-2.log)
  sanity-3: PASS (105s) (log: /var/www/ci-lustre/upstream-patch-review/bf2c2e432ddd90a7970260b1d3f47fc46e189eb4_sanity-3.log)
  sanity-4: PASS (61s) (log: /var/www/ci-lustre/upstream-patch-review/bf2c2e432ddd90a7970260b1d3f47fc46e189eb4_sanity-4.log)

Total execution time: 265s
