CLI: ./podman-ktest --podman-socket unix:///run/podman/podman.sock --shared-filesystem /tmp --tarball-input job lustre-ci --output /var/www/ci-lustre/upstream-patch-review --git-hash c00c4cc9949486e3f1840c70c2ab8feefe2455e4 --change-id 65328_c00c4cc9949486e3f1840c70c2ab8feefe2455e4 --subject LU-19921 nodemap: expose fileset operations

  Checking /dev/kvm exists... OK
  Checking /dev/kvm permissions... OK
  Creating ccache directory... OK
  Checking ccache directory writable... OK
  Creating package output directory... OK

Environment validated successfully
Creating kernel tarball at /tmp/ktest-kernel.tar.gz...
Creating lustre tarball at /tmp/ktest-lustre.tar.gz...
Creating ZFS tarball at /tmp/ktest-zfs.tar.gz...
Executing 13 jobs
Jobs will start as soon as their dependencies are satisfied
Using tarball input mode

START lustre_mainline_native build tests/fs/lustre/boot.ktest
START u24 build tests/fs/lustre/boot.ktest
START checkpatch tool checkpatch
START al2023 build tests/fs/lustre/boot.ktest
START lustre_mainline build tests/fs/lustre/boot.ktest
START lustre_mainline_strict build tests/fs/lustre/boot-strict.ktest
PUT /tmp/ktest-lustre.tar.gz 1s
PUT /tmp/ktest-lustre.tar.gz 1s
PUT /tmp/ktest-kernel.tar.gz 6s
PUT /tmp/ktest-kernel.tar.gz 6s
PUT /tmp/ktest-kernel.tar.gz 6s
PUT /tmp/ktest-kernel.tar.gz 6s
PUT /tmp/ktest-lustre.tar.gz 1s
PUT /tmp/ktest-lustre.tar.gz 1s
PUT /tmp/ktest-lustre.tar.gz 1s
PUT /tmp/ktest-lustre.tar.gz 1s
PUT /tmp/ktest-zfs.tar.gz 0s
PUT /tmp/ktest-zfs.tar.gz 0s
PUT /tmp/ktest-zfs.tar.gz 0s
END checkpatch tool checkpatch PASS 10s
END al2023 build tests/fs/lustre/boot.ktest PASS 60s
END u24 build tests/fs/lustre/boot.ktest PASS 65s
GET /tmp/ktest_lustre_mainline_strict_rs6m09uz.tar 6s
END lustre_mainline_strict build tests/fs/lustre/boot-strict.ktest FAIL 145s (exit code: 1)
GET /tmp/ktest_lustre_mainline_native_44k6hu1b.tar 0s
GET /tmp/ktest_lustre_mainline_1dzhkim7.tar 0s
END lustre_mainline_native build tests/fs/lustre/boot.ktest PASS 149s
START boot run tests/fs/lustre/boot.ktest
START llmount run tests/fs/lustre/llmount.ktest
START mgs-setup run tests/fs/lustre/mgs-setup.ktest
START sanity-1 run tests/fs/lustre/sanity/sanity-1.ktest
START sanity-2 run tests/fs/lustre/sanity/sanity-2.ktest
START sanity-3 run tests/fs/lustre/sanity/sanity-3.ktest
START sanity-4 run tests/fs/lustre/sanity/sanity-4.ktest
END lustre_mainline build tests/fs/lustre/boot.ktest PASS 150s
PUT /tmp/ktest-kernel.tar.gz 9s
PUT /tmp/ktest-kernel.tar.gz 9s
PUT /tmp/ktest-kernel.tar.gz 9s
PUT /tmp/ktest-kernel.tar.gz 9s
PUT /tmp/ktest-kernel.tar.gz 9s
PUT /tmp/ktest-kernel.tar.gz 9s
PUT /tmp/ktest-kernel.tar.gz 10s
PUT /tmp/ktest-lustre.tar.gz 2s
PUT /tmp/ktest-lustre.tar.gz 2s
PUT /tmp/ktest-lustre.tar.gz 1s
PUT /tmp/ktest-lustre.tar.gz 1s
PUT /tmp/ktest-lustre.tar.gz 2s
PUT /tmp/ktest-lustre.tar.gz 1s
PUT /tmp/ktest-lustre.tar.gz 2s
PUT /tmp/ktest_lustre_mainline_native_44k6hu1b.tar 0s
PUT /tmp/ktest_lustre_mainline_native_44k6hu1b.tar 0s
PUT /tmp/ktest_lustre_mainline_native_44k6hu1b.tar 0s
PUT /tmp/ktest_lustre_mainline_native_44k6hu1b.tar 0s
PUT /tmp/ktest_lustre_mainline_native_44k6hu1b.tar 0s
PUT /tmp/ktest_lustre_mainline_native_44k6hu1b.tar 0s
PUT /tmp/ktest_lustre_mainline_native_44k6hu1b.tar 0s
END boot run tests/fs/lustre/boot.ktest PASS 19s
END mgs-setup run tests/fs/lustre/mgs-setup.ktest PASS 29s
END sanity-2 run tests/fs/lustre/sanity/sanity-2.ktest PASS 54s
END sanity-3 run tests/fs/lustre/sanity/sanity-3.ktest PASS 56s
END sanity-4 run tests/fs/lustre/sanity/sanity-4.ktest PASS 57s
END sanity-1 run tests/fs/lustre/sanity/sanity-1.ktest PASS 58s
END llmount run tests/fs/lustre/llmount.ktest PASS 80s

============================================================
Final Results:
  checkpatch: PASS (10s) (log: /var/www/ci-lustre/upstream-patch-review/c00c4cc9949486e3f1840c70c2ab8feefe2455e4_checkpatch.log)
  u24: PASS (65s) (log: /var/www/ci-lustre/upstream-patch-review/c00c4cc9949486e3f1840c70c2ab8feefe2455e4_u24.log)
  al2023: PASS (60s) (log: /var/www/ci-lustre/upstream-patch-review/c00c4cc9949486e3f1840c70c2ab8feefe2455e4_al2023.log)
  lustre_mainline_strict: FAIL (145s) (log: /var/www/ci-lustre/upstream-patch-review/c00c4cc9949486e3f1840c70c2ab8feefe2455e4_lustre_mainline_strict.log)
  lustre_mainline: PASS (150s) (log: /var/www/ci-lustre/upstream-patch-review/c00c4cc9949486e3f1840c70c2ab8feefe2455e4_lustre_mainline.log)
  lustre_mainline_native: PASS (149s) (log: /var/www/ci-lustre/upstream-patch-review/c00c4cc9949486e3f1840c70c2ab8feefe2455e4_lustre_mainline_native.log)
  boot: PASS (19s) (log: /var/www/ci-lustre/upstream-patch-review/c00c4cc9949486e3f1840c70c2ab8feefe2455e4_boot.log)
  llmount: PASS (80s) (log: /var/www/ci-lustre/upstream-patch-review/c00c4cc9949486e3f1840c70c2ab8feefe2455e4_llmount.log)
  mgs-setup: PASS (29s) (log: /var/www/ci-lustre/upstream-patch-review/c00c4cc9949486e3f1840c70c2ab8feefe2455e4_mgs-setup.log)
  sanity-1: PASS (58s) (log: /var/www/ci-lustre/upstream-patch-review/c00c4cc9949486e3f1840c70c2ab8feefe2455e4_sanity-1.log)
  sanity-2: PASS (54s) (log: /var/www/ci-lustre/upstream-patch-review/c00c4cc9949486e3f1840c70c2ab8feefe2455e4_sanity-2.log)
  sanity-3: PASS (56s) (log: /var/www/ci-lustre/upstream-patch-review/c00c4cc9949486e3f1840c70c2ab8feefe2455e4_sanity-3.log)
  sanity-4: PASS (57s) (log: /var/www/ci-lustre/upstream-patch-review/c00c4cc9949486e3f1840c70c2ab8feefe2455e4_sanity-4.log)

Total execution time: 258s
