CLI: ./podman-ktest --podman-socket unix:///run/podman/podman.sock --shared-filesystem /tmp --tarball-input job lustre-ci --output /var/www/ci-lustre/upstream-patch-review --git-hash c08535da8cc4c60f0102bb044d65193ae5a5b58a --change-id 65851_c08535da8cc4c60f0102bb044d65193ae5a5b58a --subject LU-4009 osd-zfs: ordered transaction for zil integration.

  Checking /dev/kvm exists... OK
  Checking /dev/kvm permissions... OK
  Creating ccache directory... OK
  Checking ccache directory writable... OK

Environment validated successfully
Creating kernel tarball at /tmp/ktest-kernel.tar.gz...
Creating lustre tarball at /tmp/ktest-lustre.tar.gz...
Creating ZFS tarball at /tmp/ktest-zfs.tar.gz...
Executing 15 jobs
Jobs will start as soon as their dependencies are satisfied
Using tarball input mode

START lustre_mainline build tests/fs/lustre/boot.ktest
START al2023 build tests/fs/lustre/boot.ktest
START lustre_mainline_native build tests/fs/lustre/boot.ktest
START u24 build tests/fs/lustre/boot.ktest
START lustre_mainline_strict build tests/fs/lustre/boot-strict.ktest
START checkpatch tool checkpatch
PUT /tmp/ktest-lustre.tar.gz 2s
PUT /tmp/ktest-lustre.tar.gz 3s
PUT /tmp/ktest-kernel.tar.gz 6s
PUT /tmp/ktest-kernel.tar.gz 6s
PUT /tmp/ktest-kernel.tar.gz 6s
PUT /tmp/ktest-kernel.tar.gz 6s
PUT /tmp/ktest-lustre.tar.gz 5s
PUT /tmp/ktest-lustre.tar.gz 5s
PUT /tmp/ktest-lustre.tar.gz 5s
PUT /tmp/ktest-lustre.tar.gz 5s
PUT /tmp/ktest-zfs.tar.gz 0s
PUT /tmp/ktest-zfs.tar.gz 0s
PUT /tmp/ktest-zfs.tar.gz 0s
END checkpatch tool checkpatch FAIL 16s (exit code: 1)
END al2023 build tests/fs/lustre/boot.ktest PASS 75s
END u24 build tests/fs/lustre/boot.ktest PASS 75s
GET /tmp/ktest_lustre_mainline_strict_mtn1ec54.tar 5s
END lustre_mainline_strict build tests/fs/lustre/boot-strict.ktest FAIL 181s (exit code: 1)
GET /tmp/ktest_lustre_mainline_6ylb28cc.tar 5s
GET /tmp/ktest_lustre_mainline_native_0kc2n31l.tar 6s
END lustre_mainline build tests/fs/lustre/boot.ktest PASS 186s
END lustre_mainline_native build tests/fs/lustre/boot.ktest PASS 188s
START clang-tidy tool clang-tidy
START cc-plugin tool cc-plugin
START boot run tests/fs/lustre/boot.ktest
START llmount run tests/fs/lustre/llmount.ktest
START mgs-setup run tests/fs/lustre/mgs-setup.ktest
START sanity-1 run tests/fs/lustre/sanity/sanity-1.ktest
START sanity-2 run tests/fs/lustre/sanity/sanity-2.ktest
START sanity-3 run tests/fs/lustre/sanity/sanity-3.ktest
START sanity-4 run tests/fs/lustre/sanity/sanity-4.ktest
PUT /tmp/ktest-kernel.tar.gz 43s
PUT /tmp/ktest-kernel.tar.gz 46s
PUT /tmp/ktest_lustre_mainline_native_0kc2n31l.tar 46s
PUT /tmp/ktest_lustre_mainline_native_0kc2n31l.tar 46s
PUT /tmp/ktest_lustre_mainline_native_0kc2n31l.tar 46s
PUT /tmp/ktest_lustre_mainline_native_0kc2n31l.tar 46s
PUT /tmp/ktest_lustre_mainline_native_0kc2n31l.tar 46s
PUT /tmp/ktest_lustre_mainline_native_0kc2n31l.tar 46s
PUT /tmp/ktest_lustre_mainline_native_0kc2n31l.tar 46s
PUT /tmp/ktest-lustre.tar.gz 72s
PUT /tmp/ktest-lustre.tar.gz 86s
PUT /tmp/ktest_lustre_mainline_native_0kc2n31l.tar 12s
PUT /tmp/ktest_lustre_mainline_native_0kc2n31l.tar 22s
END cc-plugin tool cc-plugin FAIL 144s (exit code: 127)
END boot run tests/fs/lustre/boot.ktest PASS 146s
END mgs-setup run tests/fs/lustre/mgs-setup.ktest PASS 157s
END clang-tidy tool clang-tidy PASS 172s
END sanity-4 run tests/fs/lustre/sanity/sanity-4.ktest PASS 174s
END sanity-2 run tests/fs/lustre/sanity/sanity-2.ktest PASS 176s
END sanity-3 run tests/fs/lustre/sanity/sanity-3.ktest PASS 184s
END sanity-1 run tests/fs/lustre/sanity/sanity-1.ktest PASS 185s
END llmount run tests/fs/lustre/llmount.ktest PASS 249s

============================================================
Final Results:
  checkpatch: FAIL (16s) (log: /var/www/ci-lustre/upstream-patch-review/c08535da8cc4c60f0102bb044d65193ae5a5b58a_checkpatch.log)
  u24: PASS (75s) (log: /var/www/ci-lustre/upstream-patch-review/c08535da8cc4c60f0102bb044d65193ae5a5b58a_u24.log)
  al2023: PASS (75s) (log: /var/www/ci-lustre/upstream-patch-review/c08535da8cc4c60f0102bb044d65193ae5a5b58a_al2023.log)
  lustre_mainline_strict: FAIL (181s) (log: /var/www/ci-lustre/upstream-patch-review/c08535da8cc4c60f0102bb044d65193ae5a5b58a_lustre_mainline_strict.log)
  lustre_mainline: PASS (186s) (log: /var/www/ci-lustre/upstream-patch-review/c08535da8cc4c60f0102bb044d65193ae5a5b58a_lustre_mainline.log)
  lustre_mainline_native: PASS (188s) (log: /var/www/ci-lustre/upstream-patch-review/c08535da8cc4c60f0102bb044d65193ae5a5b58a_lustre_mainline_native.log)
  clang-tidy: PASS (172s) (log: /var/www/ci-lustre/upstream-patch-review/c08535da8cc4c60f0102bb044d65193ae5a5b58a_clang-tidy.log)
  cc-plugin: FAIL (144s) (log: /var/www/ci-lustre/upstream-patch-review/c08535da8cc4c60f0102bb044d65193ae5a5b58a_cc-plugin.log)
  boot: PASS (146s) (log: /var/www/ci-lustre/upstream-patch-review/c08535da8cc4c60f0102bb044d65193ae5a5b58a_boot.log)
  llmount: PASS (249s) (log: /var/www/ci-lustre/upstream-patch-review/c08535da8cc4c60f0102bb044d65193ae5a5b58a_llmount.log)
  mgs-setup: PASS (157s) (log: /var/www/ci-lustre/upstream-patch-review/c08535da8cc4c60f0102bb044d65193ae5a5b58a_mgs-setup.log)
  sanity-1: PASS (185s) (log: /var/www/ci-lustre/upstream-patch-review/c08535da8cc4c60f0102bb044d65193ae5a5b58a_sanity-1.log)
  sanity-2: PASS (176s) (log: /var/www/ci-lustre/upstream-patch-review/c08535da8cc4c60f0102bb044d65193ae5a5b58a_sanity-2.log)
  sanity-3: PASS (184s) (log: /var/www/ci-lustre/upstream-patch-review/c08535da8cc4c60f0102bb044d65193ae5a5b58a_sanity-3.log)
  sanity-4: PASS (174s) (log: /var/www/ci-lustre/upstream-patch-review/c08535da8cc4c60f0102bb044d65193ae5a5b58a_sanity-4.log)

Total execution time: 469s
