CLI: ./podman-ktest --podman-socket unix:///run/podman/podman.sock --shared-filesystem /tmp --tarball-input job lustre-ci --output /var/www/ci-lustre/upstream-patch-review --git-hash c24dcaf9b9b647f8a3fb494cefd4e5ee1fe5d06b --change-id 64086_c24dcaf9b9b647f8a3fb494cefd4e5ee1fe5d06b --subject LU-12668 lov: handle ESHUTDOWN for LSEEK on EC files

  Checking /dev/kvm exists... OK
  Checking /dev/kvm permissions... OK
  Creating ccache directory... OK
  Checking ccache directory writable... OK

Environment validated successfully
Creating kernel tarball at /tmp/ktest-kernel.tar.gz...
Creating lustre tarball at /tmp/ktest-lustre.tar.gz...
Executing 16 jobs
Jobs will start as soon as their dependencies are satisfied
Using tarball input mode

START lustre_mainline_native build tests/fs/lustre/boot.ktest
START u24 build tests/fs/lustre/boot.ktest
START al2023 build tests/fs/lustre/boot.ktest
START lustre_mainline_strict build tests/fs/lustre/boot-strict.ktest
START checkpatch tool checkpatch
START lustre_mainline build tests/fs/lustre/boot.ktest
PUT /tmp/ktest-kernel.tar.gz 8s
PUT /tmp/ktest-kernel.tar.gz 9s
PUT /tmp/ktest-kernel.tar.gz 9s
PUT /tmp/ktest-kernel.tar.gz 9s
PUT /tmp/ktest-kernel.tar.gz 9s
PUT /tmp/ktest-kernel.tar.gz 9s
PUT /tmp/ktest-lustre.tar.gz 4s
PUT /tmp/ktest-lustre.tar.gz 4s
PUT /tmp/ktest-lustre.tar.gz 4s
PUT /tmp/ktest-lustre.tar.gz 4s
PUT /tmp/ktest-lustre.tar.gz 4s
PUT /tmp/ktest-lustre.tar.gz 4s
END checkpatch tool checkpatch PASS 16s
END al2023 build tests/fs/lustre/boot.ktest FAIL 65s (exit code: 2)
END u24 build tests/fs/lustre/boot.ktest FAIL 67s (exit code: 2)
GET /tmp/ktest_lustre_mainline_strict_shc6_773.tar 6s
END lustre_mainline_strict build tests/fs/lustre/boot-strict.ktest FAIL 112s (exit code: 1)
GET /tmp/ktest_lustre_mainline_4f9bnu73.tar 7s
END lustre_mainline build tests/fs/lustre/boot.ktest FAIL 116s (exit code: 1)
GET /tmp/ktest_lustre_mainline_native_v0kpt0yp.tar 11s
END lustre_mainline_native build tests/fs/lustre/boot.ktest FAIL 117s (exit code: 1)

============================================================
Final Results:
  checkpatch: PASS (16s) (log: /var/www/ci-lustre/upstream-patch-review/c24dcaf9b9b647f8a3fb494cefd4e5ee1fe5d06b_checkpatch.log)
  u24: FAIL (67s) (log: /var/www/ci-lustre/upstream-patch-review/c24dcaf9b9b647f8a3fb494cefd4e5ee1fe5d06b_u24.log)
  al2023: FAIL (65s) (log: /var/www/ci-lustre/upstream-patch-review/c24dcaf9b9b647f8a3fb494cefd4e5ee1fe5d06b_al2023.log)
  lustre_mainline_strict: FAIL (112s) (log: /var/www/ci-lustre/upstream-patch-review/c24dcaf9b9b647f8a3fb494cefd4e5ee1fe5d06b_lustre_mainline_strict.log)
  lustre_mainline: FAIL (116s) (log: /var/www/ci-lustre/upstream-patch-review/c24dcaf9b9b647f8a3fb494cefd4e5ee1fe5d06b_lustre_mainline.log)
  lustre_mainline_native: FAIL (117s) (log: /var/www/ci-lustre/upstream-patch-review/c24dcaf9b9b647f8a3fb494cefd4e5ee1fe5d06b_lustre_mainline_native.log)
  clang-tidy: SKIPPED (due to dependency failure)
  cc-plugin: SKIPPED (due to dependency failure)
  boot: SKIPPED (due to dependency failure)
  llmount: SKIPPED (due to dependency failure)
  llog-unit: SKIPPED (due to dependency failure)
  mgs-setup: SKIPPED (due to dependency failure)
  sanity-1: SKIPPED (due to dependency failure)
  sanity-2: SKIPPED (due to dependency failure)
  sanity-3: SKIPPED (due to dependency failure)
  sanity-4: SKIPPED (due to dependency failure)

Total execution time: 150s
