CLI: ./podman-ktest --podman-socket unix:///run/podman/podman.sock --shared-filesystem /tmp --tarball-input job lustre-ci --output /var/www/ci-lustre/upstream-patch-review --git-hash c37506a0675ffe470c8112729d704f766223cf89 --change-id 66076_c37506a0675ffe470c8112729d704f766223cf89 --subject LU-10973 build: remove unused python / swig m4

  Checking /dev/kvm exists... OK
  Checking /dev/kvm permissions... OK
  Creating ccache directory... OK
  Checking ccache directory writable... OK
  Creating package output directory... OK

Environment validated successfully
Creating kernel tarball at /tmp/ktest-kernel.tar.gz...
Creating lustre tarball at /tmp/ktest-lustre.tar.gz...
Creating ZFS tarball at /tmp/ktest-zfs.tar.gz...
Executing 13 jobs
Jobs will start as soon as their dependencies are satisfied
Using tarball input mode

START al2023 build tests/fs/lustre/boot.ktest
START lustre_mainline build tests/fs/lustre/boot.ktest
START lustre_mainline_native build tests/fs/lustre/boot.ktest
START lustre_mainline_strict build tests/fs/lustre/boot-strict.ktest
START u24 build tests/fs/lustre/boot.ktest
START checkpatch tool checkpatch
PUT /tmp/ktest-lustre.tar.gz 1s
PUT /tmp/ktest-lustre.tar.gz 1s
PUT /tmp/ktest-kernel.tar.gz 6s
PUT /tmp/ktest-kernel.tar.gz 6s
PUT /tmp/ktest-kernel.tar.gz 7s
PUT /tmp/ktest-kernel.tar.gz 6s
PUT /tmp/ktest-lustre.tar.gz 3s
PUT /tmp/ktest-lustre.tar.gz 3s
PUT /tmp/ktest-lustre.tar.gz 3s
PUT /tmp/ktest-lustre.tar.gz 3s
PUT /tmp/ktest-zfs.tar.gz 0s
PUT /tmp/ktest-zfs.tar.gz 0s
PUT /tmp/ktest-zfs.tar.gz 0s
END checkpatch tool checkpatch PASS 12s
END al2023 build tests/fs/lustre/boot.ktest FAIL 65s (exit code: 2)
END u24 build tests/fs/lustre/boot.ktest FAIL 66s (exit code: 2)
GET /tmp/ktest_lustre_mainline_strict_ft09lrjy.tar 4s
END lustre_mainline_strict build tests/fs/lustre/boot-strict.ktest FAIL 124s (exit code: 1)
GET /tmp/ktest_lustre_mainline_native_nznw1k1n.tar 0s
GET /tmp/ktest_lustre_mainline_fngzt7zh.tar 0s
END lustre_mainline_native build tests/fs/lustre/boot.ktest PASS 131s
START boot run tests/fs/lustre/boot.ktest
START llmount run tests/fs/lustre/llmount.ktest
START mgs-setup run tests/fs/lustre/mgs-setup.ktest
START sanity-1 run tests/fs/lustre/sanity/sanity-1.ktest
START sanity-2 run tests/fs/lustre/sanity/sanity-2.ktest
START sanity-3 run tests/fs/lustre/sanity/sanity-3.ktest
START sanity-4 run tests/fs/lustre/sanity/sanity-4.ktest
END lustre_mainline build tests/fs/lustre/boot.ktest PASS 132s
PUT /tmp/ktest-kernel.tar.gz 28s
PUT /tmp/ktest-kernel.tar.gz 27s
PUT /tmp/ktest-kernel.tar.gz 28s
PUT /tmp/ktest-kernel.tar.gz 28s
PUT /tmp/ktest-kernel.tar.gz 28s
PUT /tmp/ktest-kernel.tar.gz 28s
PUT /tmp/ktest-kernel.tar.gz 28s
PUT /tmp/ktest-lustre.tar.gz 9s
PUT /tmp/ktest-lustre.tar.gz 8s
PUT /tmp/ktest-lustre.tar.gz 8s
PUT /tmp/ktest-lustre.tar.gz 9s
PUT /tmp/ktest-lustre.tar.gz 8s
PUT /tmp/ktest-lustre.tar.gz 9s
PUT /tmp/ktest-lustre.tar.gz 9s
PUT /tmp/ktest_lustre_mainline_native_nznw1k1n.tar 1s
PUT /tmp/ktest_lustre_mainline_native_nznw1k1n.tar 1s
PUT /tmp/ktest_lustre_mainline_native_nznw1k1n.tar 1s
PUT /tmp/ktest_lustre_mainline_native_nznw1k1n.tar 1s
PUT /tmp/ktest_lustre_mainline_native_nznw1k1n.tar 1s
PUT /tmp/ktest_lustre_mainline_native_nznw1k1n.tar 1s
PUT /tmp/ktest_lustre_mainline_native_nznw1k1n.tar 1s
END boot run tests/fs/lustre/boot.ktest PASS 139s
END mgs-setup run tests/fs/lustre/mgs-setup.ktest PASS 149s
END sanity-3 run tests/fs/lustre/sanity/sanity-3.ktest PASS 176s
END sanity-2 run tests/fs/lustre/sanity/sanity-2.ktest PASS 185s
END sanity-1 run tests/fs/lustre/sanity/sanity-1.ktest PASS 216s
END sanity-4 run tests/fs/lustre/sanity/sanity-4.ktest PASS 218s
END llmount run tests/fs/lustre/llmount.ktest PASS 230s

============================================================
Final Results:
  checkpatch: PASS (12s) (log: /var/www/ci-lustre/upstream-patch-review/c37506a0675ffe470c8112729d704f766223cf89_checkpatch.log)
  u24: FAIL (66s) (log: /var/www/ci-lustre/upstream-patch-review/c37506a0675ffe470c8112729d704f766223cf89_u24.log)
  al2023: FAIL (65s) (log: /var/www/ci-lustre/upstream-patch-review/c37506a0675ffe470c8112729d704f766223cf89_al2023.log)
  lustre_mainline_strict: FAIL (124s) (log: /var/www/ci-lustre/upstream-patch-review/c37506a0675ffe470c8112729d704f766223cf89_lustre_mainline_strict.log)
  lustre_mainline: PASS (132s) (log: /var/www/ci-lustre/upstream-patch-review/c37506a0675ffe470c8112729d704f766223cf89_lustre_mainline.log)
  lustre_mainline_native: PASS (131s) (log: /var/www/ci-lustre/upstream-patch-review/c37506a0675ffe470c8112729d704f766223cf89_lustre_mainline_native.log)
  boot: PASS (139s) (log: /var/www/ci-lustre/upstream-patch-review/c37506a0675ffe470c8112729d704f766223cf89_boot.log)
  llmount: PASS (230s) (log: /var/www/ci-lustre/upstream-patch-review/c37506a0675ffe470c8112729d704f766223cf89_llmount.log)
  mgs-setup: PASS (149s) (log: /var/www/ci-lustre/upstream-patch-review/c37506a0675ffe470c8112729d704f766223cf89_mgs-setup.log)
  sanity-1: PASS (216s) (log: /var/www/ci-lustre/upstream-patch-review/c37506a0675ffe470c8112729d704f766223cf89_sanity-1.log)
  sanity-2: PASS (185s) (log: /var/www/ci-lustre/upstream-patch-review/c37506a0675ffe470c8112729d704f766223cf89_sanity-2.log)
  sanity-3: PASS (176s) (log: /var/www/ci-lustre/upstream-patch-review/c37506a0675ffe470c8112729d704f766223cf89_sanity-3.log)
  sanity-4: PASS (218s) (log: /var/www/ci-lustre/upstream-patch-review/c37506a0675ffe470c8112729d704f766223cf89_sanity-4.log)

Total execution time: 392s
