Repository: /home/ktest/git/lustre-release

============================================================
                 Top Contributors (Names)
============================================================

=== Last month (since 1 month ago) ===
     25 Timothy Day
     25 Andreas Dilger
     11 Shaun Tancheff
     10 Arshad Hussain
      9 Sebastien Buisson
      6 Patrick Farrell
      6 James Simmons
      5 Alex Zhuravlev
      4 Jian Yu
      3 Xiao Yang

=== Last 3 months (since 3 months ago) ===
     73 Andreas Dilger
     36 Timothy Day
     33 Arshad Hussain
     25 Alex Zhuravlev
     22 Patrick Farrell
     21 Shaun Tancheff
     17 James Simmons
     16 Jian Yu
     14 Sebastien Buisson
     13 Xiao Yang

=== Last year (since 1 year ago) ===
    151 Arshad Hussain
    143 Andreas Dilger
    106 Timothy Day
     70 Alex Zhuravlev
     65 Shaun Tancheff
     60 Jian Yu
     57 Sebastien Buisson
     50 James Simmons
     47 Patrick Farrell
     47 Marc Vef

=== Last 3 years (since 3 years ago) ===
    406 Arshad Hussain
    367 Timothy Day
    323 Andreas Dilger
    234 Shaun Tancheff
    190 Sebastien Buisson
    186 James Simmons
    179 Patrick Farrell
    174 Jian Yu
    172 Alex Zhuravlev
    106 Chris Horn


============================================================
          Top Contributors by Email Domain
============================================================

=== Last month (since 1 month ago) ===
     54 thelustrecollective.com
     26 whamcloud.com
     26 ddn.com
     12 hpe.com
     10 aeoncomputing.com
      6 infradead.org
      6 amazon.com
      4 gmail.com
      1 stanford.edu
      1 oracle.com

=== Last 3 months (since 3 months ago) ===
    113 whamcloud.com
    106 thelustrecollective.com
     77 ddn.com
     37 hpe.com
     33 aeoncomputing.com
     18 amazon.com
     17 infradead.org
      8 gmail.com
      7 openchip.com
      7 cea.fr

=== Last year (since 1 year ago) ===
    433 whamcloud.com
    193 ddn.com
    151 aeoncomputing.com
    149 hpe.com
    131 thelustrecollective.com
     95 amazon.com
     50 infradead.org
     16 nvidia.com
     16 gmail.com
      9 cea.fr

=== Last 3 years (since 3 years ago) ===
   1367 whamcloud.com
    521 hpe.com
    508 ddn.com
    406 aeoncomputing.com
    361 amazon.com
    186 infradead.org
    134 thelustrecollective.com
     58 cea.fr
     44 nvidia.com
     40 oracle.com


============================================================
                 Top Reviewers (Names)
============================================================

=== Last month (since 1 month ago) ===
    148 Oleg Drokin
     88 Andreas Dilger
     39 Arshad Hussain
     36 James Simmons
     16 Jian Yu
     15 Shaun Tancheff
     15 Marc Vef
     12 Timothy Day
     10 Sebastien Buisson
     10 Chris Horn

=== Last 3 months (since 3 months ago) ===
    435 Oleg Drokin
    287 Andreas Dilger
    115 James Simmons
     90 Arshad Hussain
     42 Jian Yu
     41 Timothy Day
     40 Marc Vef
     30 Sebastien Buisson
     29 Shaun Tancheff
     25 Alex Zhuravlev

=== Last year (since 1 year ago) ===
   1244 Oleg Drokin
    818 Andreas Dilger
    322 James Simmons
    191 Arshad Hussain
    123 Marc Vef
    112 Timothy Day
    112 Jian Yu
    102 Sebastien Buisson
    102 Anjus George
     84 Shaun Tancheff

=== Last 3 years (since 3 years ago) ===
   3675 Oleg Drokin
   2415 Andreas Dilger
    929 James Simmons
    539 Arshad Hussain
    456 Timothy Day
    306 Jian Yu
    252 Sebastien Buisson
    224 Shaun Tancheff
    175 Chris Horn
    173 Alex Zhuravlev


============================================================
           Top Reviewers by Email Domain
============================================================

=== Last month (since 1 month ago) ===
    199 whamcloud.com
    106 thelustrecollective.com
     48 ddn.com
     39 aeoncomputing.com
     36 infradead.org
     23 hpe.com
      6 ornl.gov
      4 google.com
      4 amazon.com
      3 nvidia.com

=== Last 3 months (since 3 months ago) ===
    624 whamcloud.com
    350 thelustrecollective.com
    119 ddn.com
    115 infradead.org
     90 aeoncomputing.com
     62 hpe.com
     18 ornl.gov
     11 gmail.com
      7 amazon.com
      5 nvidia.com

=== Last year (since 1 year ago) ===
   2104 whamcloud.com
    604 thelustrecollective.com
    322 infradead.org
    312 ddn.com
    222 hpe.com
    191 aeoncomputing.com
    102 ornl.gov
     95 amazon.com
     43 dilger.ca
     20 gmail.com

=== Last 3 years (since 3 years ago) ===
   7187 whamcloud.com
    975 infradead.org
    851 hpe.com
    825 ddn.com
    604 thelustrecollective.com
    539 aeoncomputing.com
    466 amazon.com
    129 ornl.gov
     99 nvidia.com
     82 suse.de

