CLI: ./podman-ktest --podman-socket unix:///run/podman/podman.sock --shared-filesystem /tmp --tarball-input job lustre-ci --output /var/www/ci-lustre/upstream-patch-review --git-hash c52a88805a910139a19901d7ff84d5421d1a2e1d --change-id 61987_c52a88805a910139a19901d7ff84d5421d1a2e1d --subject LU-18456 tcu: add "notcu" MDT mount option disable TCU setup

  Checking /dev/kvm exists... OK
  Checking /dev/kvm permissions... OK
  Creating ccache directory... OK
  Checking ccache directory writable... OK

Environment validated successfully
Creating kernel tarball at /tmp/ktest-kernel.tar.gz...
Creating lustre tarball at /tmp/ktest-lustre.tar.gz...
Executing 15 jobs
Jobs will start as soon as their dependencies are satisfied
Using tarball input mode

START u24 build tests/fs/lustre/boot.ktest
START lustre_mainline_native build tests/fs/lustre/boot.ktest
START lustre_mainline_strict build tests/fs/lustre/boot-strict.ktest
START checkpatch tool checkpatch
START al2023 build tests/fs/lustre/boot.ktest
START lustre_mainline build tests/fs/lustre/boot.ktest
PUT /tmp/ktest-lustre.tar.gz 1s
PUT /tmp/ktest-lustre.tar.gz 1s
PUT /tmp/ktest-kernel.tar.gz 18s
PUT /tmp/ktest-kernel.tar.gz 19s
PUT /tmp/ktest-kernel.tar.gz 19s
PUT /tmp/ktest-kernel.tar.gz 19s
PUT /tmp/ktest-lustre.tar.gz 2s
PUT /tmp/ktest-lustre.tar.gz 2s
PUT /tmp/ktest-lustre.tar.gz 2s
PUT /tmp/ktest-lustre.tar.gz 2s
END checkpatch tool checkpatch PASS 23s
END al2023 build tests/fs/lustre/boot.ktest PASS 90s
END u24 build tests/fs/lustre/boot.ktest PASS 90s
GET /tmp/ktest_lustre_mainline_strict_hi9zep5_.tar 5s
END lustre_mainline_strict build tests/fs/lustre/boot-strict.ktest FAIL 144s (exit code: 1)
GET /tmp/ktest_lustre_mainline_h5muur3f.tar 5s
GET /tmp/ktest_lustre_mainline_native_sh9x0yaw.tar 5s
END lustre_mainline build tests/fs/lustre/boot.ktest PASS 149s
END lustre_mainline_native build tests/fs/lustre/boot.ktest PASS 150s
START clang-tidy tool clang-tidy
START cc-plugin tool cc-plugin
START boot run tests/fs/lustre/boot.ktest
START llmount run tests/fs/lustre/llmount.ktest
START mgs-setup run tests/fs/lustre/mgs-setup.ktest
START sanity-1 run tests/fs/lustre/sanity/sanity-1.ktest
START sanity-2 run tests/fs/lustre/sanity/sanity-2.ktest
START sanity-3 run tests/fs/lustre/sanity/sanity-3.ktest
START sanity-4 run tests/fs/lustre/sanity/sanity-4.ktest
PUT /tmp/ktest-kernel.tar.gz 56s
PUT /tmp/ktest_lustre_mainline_native_sh9x0yaw.tar 55s
PUT /tmp/ktest_lustre_mainline_native_sh9x0yaw.tar 55s
PUT /tmp/ktest_lustre_mainline_native_sh9x0yaw.tar 56s
PUT /tmp/ktest_lustre_mainline_native_sh9x0yaw.tar 56s
PUT /tmp/ktest_lustre_mainline_native_sh9x0yaw.tar 55s
PUT /tmp/ktest_lustre_mainline_native_sh9x0yaw.tar 56s
PUT /tmp/ktest_lustre_mainline_native_sh9x0yaw.tar 55s
PUT /tmp/ktest-kernel.tar.gz 56s
PUT /tmp/ktest-lustre.tar.gz 104s
PUT /tmp/ktest-lustre.tar.gz 116s
PUT /tmp/ktest_lustre_mainline_native_sh9x0yaw.tar 14s
PUT /tmp/ktest_lustre_mainline_native_sh9x0yaw.tar 25s
END boot run tests/fs/lustre/boot.ktest PASS 188s
END cc-plugin tool cc-plugin FAIL 190s (exit code: 127)
END mgs-setup run tests/fs/lustre/mgs-setup.ktest PASS 198s
END clang-tidy tool clang-tidy PASS 207s
END sanity-2 run tests/fs/lustre/sanity/sanity-2.ktest PASS 211s
END sanity-1 run tests/fs/lustre/sanity/sanity-1.ktest PASS 213s
END sanity-4 run tests/fs/lustre/sanity/sanity-4.ktest PASS 214s
END sanity-3 run tests/fs/lustre/sanity/sanity-3.ktest PASS 220s
END llmount run tests/fs/lustre/llmount.ktest PASS 272s

============================================================
Final Results:
  checkpatch: PASS (23s) (log: /var/www/ci-lustre/upstream-patch-review/c52a88805a910139a19901d7ff84d5421d1a2e1d_checkpatch.log)
  u24: PASS (90s) (log: /var/www/ci-lustre/upstream-patch-review/c52a88805a910139a19901d7ff84d5421d1a2e1d_u24.log)
  al2023: PASS (90s) (log: /var/www/ci-lustre/upstream-patch-review/c52a88805a910139a19901d7ff84d5421d1a2e1d_al2023.log)
  lustre_mainline_strict: FAIL (144s) (log: /var/www/ci-lustre/upstream-patch-review/c52a88805a910139a19901d7ff84d5421d1a2e1d_lustre_mainline_strict.log)
  lustre_mainline: PASS (149s) (log: /var/www/ci-lustre/upstream-patch-review/c52a88805a910139a19901d7ff84d5421d1a2e1d_lustre_mainline.log)
  lustre_mainline_native: PASS (150s) (log: /var/www/ci-lustre/upstream-patch-review/c52a88805a910139a19901d7ff84d5421d1a2e1d_lustre_mainline_native.log)
  clang-tidy: PASS (207s) (log: /var/www/ci-lustre/upstream-patch-review/c52a88805a910139a19901d7ff84d5421d1a2e1d_clang-tidy.log)
  cc-plugin: FAIL (190s) (log: /var/www/ci-lustre/upstream-patch-review/c52a88805a910139a19901d7ff84d5421d1a2e1d_cc-plugin.log)
  boot: PASS (188s) (log: /var/www/ci-lustre/upstream-patch-review/c52a88805a910139a19901d7ff84d5421d1a2e1d_boot.log)
  llmount: PASS (272s) (log: /var/www/ci-lustre/upstream-patch-review/c52a88805a910139a19901d7ff84d5421d1a2e1d_llmount.log)
  mgs-setup: PASS (198s) (log: /var/www/ci-lustre/upstream-patch-review/c52a88805a910139a19901d7ff84d5421d1a2e1d_mgs-setup.log)
  sanity-1: PASS (213s) (log: /var/www/ci-lustre/upstream-patch-review/c52a88805a910139a19901d7ff84d5421d1a2e1d_sanity-1.log)
  sanity-2: PASS (211s) (log: /var/www/ci-lustre/upstream-patch-review/c52a88805a910139a19901d7ff84d5421d1a2e1d_sanity-2.log)
  sanity-3: PASS (220s) (log: /var/www/ci-lustre/upstream-patch-review/c52a88805a910139a19901d7ff84d5421d1a2e1d_sanity-3.log)
  sanity-4: PASS (214s) (log: /var/www/ci-lustre/upstream-patch-review/c52a88805a910139a19901d7ff84d5421d1a2e1d_sanity-4.log)

Total execution time: 453s
