00001 
00002 RDSEED32 is broken. Disabling the corresponding CPUID bit.
00003 init: failed to load nvme_core
00003 init: failed to load nvme
00003 init: failed to load zfs
00004 LNetError: 1:0:(lib-socket.c:619:lnet_inet_enumerate()) lnet: Can't find any usable interfaces, rc = -ENOENT
00004 LNetError: Error -100 starting up LNI tcp
00004 LustreError: 1:0:(events.c:627:ptlrpc_init_portals()) network initialisation failed: rc = -100
00004 init: finit_module /lib/modules/7.0.0-ktest-c545f70-6330a45-20260722-dirty/updates/ptlrpc.ko: Network is down
00004 init: failed to load lustre
00004 init: failed to load osd_zfs
00004 init: failed to load iwlwifi
00004 init: failed to load iwlmvm
00004 init: failed to load mt7921e
00004 init: failed to load i915
00004 init: failed to load nouveau
00046 tlp: vm.laptop_mode is deprecated. Ignoring setting.
00046 Kernel version: 7.0.0-ktest-c545f70-6330a45-20260722-dirty
00046 hook init_noop
00046 
00046 Running tests llog-unit
00046 
00046 ========= TEST   llog-unit
00047 /host/home/ktest/git/lustre-release/lustre/tests/test-framework.sh: line 6933: cd: HOME not set
00047 /host/home/ktest/git/lustre-release/lustre/tests/test-framework.sh: line 6933: cd: HOME not set
00047 /host/home/ktest/git/lustre-release/lustre/tests/test-framework.sh: line 6933: cd: HOME not set
00048 MGS_OS_VERSION_ID=24.04
00048 MGS_OS_ID=ubuntu
00048 MGS_OS_VERSION_CODE=402915328
00048 MGS_OS_ID_LIKE=debian ubuntu
00048 MDS1_OS_ID=ubuntu
00048 MDS1_OS_VERSION_CODE=402915328
00048 MDS1_OS_ID_LIKE=debian ubuntu
00048 MDS1_OS_VERSION_ID=24.04
00048 OST1_OS_VERSION_ID=24.04
00048 OST1_OS_VERSION_CODE=402915328
00048 OST1_OS_ID=ubuntu
00048 OST1_OS_ID_LIKE=debian ubuntu
00049 CLIENT_OS_VERSION_ID=24.04
00049 CLIENT_OS_ID_LIKE=debian ubuntu
00049 CLIENT_OS_ID=ubuntu
00049 CLIENT_OS_VERSION_CODE=402915328
00049 Loading modules from /host/home/ktest/git/lustre-release/lustre
00049 detected 16 online CPUs by sysfs
00049 MODOPTS_LIBCFS=
00049 libcfs will create CPU partition based on online CPUs
00049 LNet: Added LNI 10.0.2.15@tcp [8/256/0/180]
00049 gss/krb5 is not supported
00050 Lustre: Echo OBD driver; http://www.lustre.org/
00050 
00050 
00051 /host/home/ktest/git/lustre-release/lustre/tests/test-framework.sh: line 6933: cd: HOME not set
00051 /host/home/ktest/git/lustre-release/lustre/tests/test-framework.sh: line 6933: cd: HOME not set
00051 /host/home/ktest/git/lustre-release/lustre/tests/test-framework.sh: line 6933: cd: HOME not set
00074 Lustre: 2193:0:(llog_test.c:1106:llog_test_7()) 7d: test llog_size_change_rec
00074 ------------[ cut here ]------------
00074 WARNING: /home/ktest/git/linux/include/linux/fs.h:889 at osd_create+0x9cf/0xcf0 [osd_wbcfs], CPU#14: lctl/2193
00074 Modules linked in: llog_test(O) mgs(O) osd_wbcfs(O) lustre(O) obdecho(O) mgc(O) mdc(O) lov(O) osc(O) lmv(O) ec(O) fid(O) fld(O) ptlrpc(O) efivarfs obdclass(O) ksocklnd(O) lnet(O) libcfs(O)
00074 CPU: 14 UID: 0 PID: 2193 Comm: lctl Tainted: G        W  O        7.0.0-ktest-c545f70-6330a45-20260722-dirty #1 PREEMPT 
00074 Tainted: [W]=WARN, [O]=OOT_MODULE
00074 Hardware name: QEMU Standard PC (Q35 + ICH9, 2009), BIOS 2025.11-3ubuntu7 03/31/2026
00074 RIP: 0010:osd_create+0x9cf/0xcf0 [osd_wbcfs]
00074 Code: c7 c7 00 d6 af a1 48 c7 c6 a0 a2 72 a1 48 c7 c2 00 ac 72 a1 e8 82 dd 43 ff 48 c7 c7 00 d6 af a1 e8 f6 6a 44 ff e9 fe fc ff ff <0f> 0b e9 a5 fa ff ff 48 c7 c1 80 44 5d a0 80 e1 07 80 c1 03 38 c1
00074 RSP: 0018:ffffc900062076f8 EFLAGS: 00010246
00074 RAX: 0000000000000000 RBX: ffff888189021800 RCX: 0000000000000046
00074 RDX: 0000000000000000 RSI: ffff88818ba249c0 RDI: ffff888189050998
00074 RBP: ffff88818ba24930 R08: ffffffff83a16803 R09: 1ffffffff0742d00
00074 R10: dffffc0000000000 R11: fffffbfff0742d01 R12: ffff888184fc9800
00074 R13: dffffc0000000000 R14: 1ffff11031204300 R15: 1ffff110309f930f
00074 FS:  00007fe9aa26e940(0000) GS:ffff88831eb2d000(0000) knlGS:0000000000000000
00074 CS:  0010 DS: 0000 ES: 0000 CR0: 0000000080050033
00074 CR2: 000055b6b24053b0 CR3: 000000019afaf000 CR4: 0000000000750eb0
00074 PKRU: 55555554
00074 Call Trace:
00074  <TASK>
00074  ? local_object_create+0x109/0x640 [obdclass]
00074  ? dt_write_lock+0x16d/0x2a0 [obdclass]
00074  ? llog_osd_create+0x356/0x1140 [obdclass]
00074  ? llog_create+0x2ed/0x530 [obdclass]
00074  ? llog_open_create+0x5af/0xb10 [obdclass]
00074  ? llog_test_7_sub+0xea/0x1250 [llog_test]
00074  ? llog_test_7+0x5d5/0xf50 [llog_test]
00074  ? llog_run_tests+0x3614/0x5ac0 [llog_test]
00074  ? get_random_u32+0x51/0x470
00074  ? llog_test_device_init+0x503/0x840 [llog_test]
00074  ? obd_setup+0x559/0x960 [obdclass]
00074  ? class_setup+0xc7d/0x10e0 [obdclass]
00074  ? class_process_config+0x2edb/0x7cb0 [obdclass]
00074  ? class_handle_ioctl+0x2055/0x3590 [obdclass]
00074  ? obd_class_ioctl+0x1f6/0x3c0 [obdclass]
00074  ? __x64_sys_ioctl+0x961/0xe00
00074  ? _copy_to_user+0x3d/0x60
00074  ? __x64_sys_rt_sigaction+0x107/0x140
00074  ? do_syscall_64+0xc1/0x350
00074  ? entry_SYSCALL_64_after_hwframe+0x4b/0x53
00074  </TASK>
00074 ---[ end trace 0000000000000000 ]---
00079 Lustre: 2193:0:(llog_test.c:1117:llog_test_7()) 7e: test llog_changelog_rec
00079 ------------[ cut here ]------------
00079 WARNING: /home/ktest/git/linux/include/linux/fs.h:889 at osd_create+0x9cf/0xcf0 [osd_wbcfs], CPU#14: lctl/2193
00079 Modules linked in: llog_test(O) mgs(O) osd_wbcfs(O) lustre(O) obdecho(O) mgc(O) mdc(O) lov(O) osc(O) lmv(O) ec(O) fid(O) fld(O) ptlrpc(O) efivarfs obdclass(O) ksocklnd(O) lnet(O) libcfs(O)
00079 CPU: 14 UID: 0 PID: 2193 Comm: lctl Tainted: G        W  O        7.0.0-ktest-c545f70-6330a45-20260722-dirty #1 PREEMPT 
00079 Tainted: [W]=WARN, [O]=OOT_MODULE
00079 Hardware name: QEMU Standard PC (Q35 + ICH9, 2009), BIOS 2025.11-3ubuntu7 03/31/2026
00079 RIP: 0010:osd_create+0x9cf/0xcf0 [osd_wbcfs]
00079 Code: c7 c7 00 d6 af a1 48 c7 c6 a0 a2 72 a1 48 c7 c2 00 ac 72 a1 e8 82 dd 43 ff 48 c7 c7 00 d6 af a1 e8 f6 6a 44 ff e9 fe fc ff ff <0f> 0b e9 a5 fa ff ff 48 c7 c1 80 44 5d a0 80 e1 07 80 c1 03 38 c1
00079 RSP: 0018:ffffc900062076f8 EFLAGS: 00010246
00079 RAX: 0000000000000000 RBX: ffff88818bb42400 RCX: 0000000000000046
00079 RDX: 0000000000000000 RSI: ffff88818ba242a8 RDI: ffff888189050998
00079 RBP: ffff88818ba24218 R08: ffffffff83a16803 R09: 1ffffffff0742d00
00079 R10: dffffc0000000000 R11: fffffbfff0742d01 R12: ffff888184fc9800
00079 R13: dffffc0000000000 R14: 1ffff11031768480 R15: 1ffff110309f930f
00079 FS:  00007fe9aa26e940(0000) GS:ffff88831eb2d000(0000) knlGS:0000000000000000
00079 CS:  0010 DS: 0000 ES: 0000 CR0: 0000000080050033
00079 CR2: 000055b6b24053b0 CR3: 000000019afaf000 CR4: 0000000000750eb0
00079 PKRU: 55555554
00079 Call Trace:
00079  <TASK>
00079  ? local_object_create+0x109/0x640 [obdclass]
00079  ? dt_write_lock+0x16d/0x2a0 [obdclass]
00079  ? llog_osd_create+0x356/0x1140 [obdclass]
00079  ? llog_create+0x2ed/0x530 [obdclass]
00079  ? llog_open_create+0x5af/0xb10 [obdclass]
00079  ? llog_test_7_sub+0xea/0x1250 [llog_test]
00079  ? llog_test_7+0x706/0xf50 [llog_test]
00079  ? llog_run_tests+0x3614/0x5ac0 [llog_test]
00079  ? get_random_u32+0x51/0x470
00079  ? llog_test_device_init+0x503/0x840 [llog_test]
00079  ? obd_setup+0x559/0x960 [obdclass]
00079  ? class_setup+0xc7d/0x10e0 [obdclass]
00079  ? class_process_config+0x2edb/0x7cb0 [obdclass]
00079  ? class_handle_ioctl+0x2055/0x3590 [obdclass]
00079  ? obd_class_ioctl+0x1f6/0x3c0 [obdclass]
00079  ? __x64_sys_ioctl+0x961/0xe00
00079  ? _copy_to_user+0x3d/0x60
00079  ? __x64_sys_rt_sigaction+0x107/0x140
00079  ? do_syscall_64+0xc1/0x350
00079  ? entry_SYSCALL_64_after_hwframe+0x4b/0x53
00079  </TASK>
00079 ---[ end trace 0000000000000000 ]---
00081 Lustre: 2193:0:(llog_test.c:1024:llog_test_7_sub()) 7_sub: records are not aligned, written 64071 from 64767
00083 Lustre: 2193:0:(llog_test.c:1129:llog_test_7()) 7f: test llog_changelog_user_rec2
00083 ------------[ cut here ]------------
00083 WARNING: /home/ktest/git/linux/include/linux/fs.h:889 at osd_create+0x9cf/0xcf0 [osd_wbcfs], CPU#14: lctl/2193
00083 Modules linked in: llog_test(O) mgs(O) osd_wbcfs(O) lustre(O) obdecho(O) mgc(O) mdc(O) lov(O) osc(O) lmv(O) ec(O) fid(O) fld(O) ptlrpc(O) efivarfs obdclass(O) ksocklnd(O) lnet(O) libcfs(O)
00083 CPU: 14 UID: 0 PID: 2193 Comm: lctl Tainted: G        W  O        7.0.0-ktest-c545f70-6330a45-20260722-dirty #1 PREEMPT 
00083 Tainted: [W]=WARN, [O]=OOT_MODULE
00083 Hardware name: QEMU Standard PC (Q35 + ICH9, 2009), BIOS 2025.11-3ubuntu7 03/31/2026
00083 RIP: 0010:osd_create+0x9cf/0xcf0 [osd_wbcfs]
00083 Code: c7 c7 00 d6 af a1 48 c7 c6 a0 a2 72 a1 48 c7 c2 00 ac 72 a1 e8 82 dd 43 ff 48 c7 c7 00 d6 af a1 e8 f6 6a 44 ff e9 fe fc ff ff <0f> 0b e9 a5 fa ff ff 48 c7 c1 80 44 5d a0 80 e1 07 80 c1 03 38 c1
00083 RSP: 0018:ffffc900062076f8 EFLAGS: 00010246
00083 RAX: 0000000000000000 RBX: ffff888107f56000 RCX: 0000000000000046
00083 RDX: 0000000000000000 RSI: ffff88818ba23b90 RDI: ffff888189050998
00083 RBP: ffff88818ba23b00 R08: ffffffff83a16803 R09: 1ffffffff0742d00
00083 R10: dffffc0000000000 R11: fffffbfff0742d01 R12: ffff888184fc9800
00083 R13: dffffc0000000000 R14: 1ffff11020feac00 R15: 1ffff110309f930f
00083 FS:  00007fe9aa26e940(0000) GS:ffff88831eb2d000(0000) knlGS:0000000000000000
00083 CS:  0010 DS: 0000 ES: 0000 CR0: 0000000080050033
00083 CR2: 000055b6b24053b0 CR3: 000000019afaf000 CR4: 0000000000750eb0
00083 PKRU: 55555554
00083 Call Trace:
00083  <TASK>
00083  ? local_object_create+0x109/0x640 [obdclass]
00083  ? dt_write_lock+0x16d/0x2a0 [obdclass]
00083  ? llog_osd_create+0x356/0x1140 [obdclass]
00083  ? llog_create+0x2ed/0x530 [obdclass]
00083  ? llog_open_create+0x5af/0xb10 [obdclass]
00083  ? llog_test_7_sub+0xea/0x1250 [llog_test]
00083  ? llog_test_7+0x837/0xf50 [llog_test]
00083  ? llog_run_tests+0x3614/0x5ac0 [llog_test]
00083  ? get_random_u32+0x51/0x470
00083  ? llog_test_device_init+0x503/0x840 [llog_test]
00083  ? obd_setup+0x559/0x960 [obdclass]
00083  ? class_setup+0xc7d/0x10e0 [obdclass]
00083  ? class_process_config+0x2edb/0x7cb0 [obdclass]
00083  ? class_handle_ioctl+0x2055/0x3590 [obdclass]
00083  ? obd_class_ioctl+0x1f6/0x3c0 [obdclass]
00083  ? __x64_sys_ioctl+0x961/0xe00
00083  ? _copy_to_user+0x3d/0x60
00083  ? __x64_sys_rt_sigaction+0x107/0x140
00083  ? do_syscall_64+0xc1/0x350
00083  ? entry_SYSCALL_64_after_hwframe+0x4b/0x53
00083  </TASK>
00083 ---[ end trace 0000000000000000 ]---
00085 Lustre: 2193:0:(llog_test.c:1024:llog_test_7_sub()) 7_sub: records are not aligned, written 64139 from 64767
00087 Lustre: 2193:0:(llog_test.c:1140:llog_test_7()) 7g: test llog_gen_rec
00087 ------------[ cut here ]------------
00087 WARNING: /home/ktest/git/linux/include/linux/fs.h:889 at osd_create+0x9cf/0xcf0 [osd_wbcfs], CPU#14: lctl/2193
00087 Modules linked in: llog_test(O) mgs(O) osd_wbcfs(O) lustre(O) obdecho(O) mgc(O) mdc(O) lov(O) osc(O) lmv(O) ec(O) fid(O) fld(O) ptlrpc(O) efivarfs obdclass(O) ksocklnd(O) lnet(O) libcfs(O)
00087 CPU: 14 UID: 0 PID: 2193 Comm: lctl Tainted: G        W  O        7.0.0-ktest-c545f70-6330a45-20260722-dirty #1 PREEMPT 
00087 Tainted: [W]=WARN, [O]=OOT_MODULE
00087 Hardware name: QEMU Standard PC (Q35 + ICH9, 2009), BIOS 2025.11-3ubuntu7 03/31/2026
00087 RIP: 0010:osd_create+0x9cf/0xcf0 [osd_wbcfs]
00087 Code: c7 c7 00 d6 af a1 48 c7 c6 a0 a2 72 a1 48 c7 c2 00 ac 72 a1 e8 82 dd 43 ff 48 c7 c7 00 d6 af a1 e8 f6 6a 44 ff e9 fe fc ff ff <0f> 0b e9 a5 fa ff ff 48 c7 c1 80 44 5d a0 80 e1 07 80 c1 03 38 c1
00087 RSP: 0018:ffffc900062076f8 EFLAGS: 00010246
00087 RAX: 0000000000000000 RBX: ffff88818f536000 RCX: 0000000000000046
00087 RDX: 0000000000000000 RSI: ffff88818ba23478 RDI: ffff888189050998
00087 RBP: ffff88818ba233e8 R08: ffffffff83a16803 R09: 1ffffffff0742d00
00087 R10: dffffc0000000000 R11: fffffbfff0742d01 R12: ffff888184fc9800
00087 R13: dffffc0000000000 R14: 1ffff11031ea6c00 R15: 1ffff110309f930f
00087 FS:  00007fe9aa26e940(0000) GS:ffff88831eb2d000(0000) knlGS:0000000000000000
00087 CS:  0010 DS: 0000 ES: 0000 CR0: 0000000080050033
00087 CR2: 000055b6b24053b0 CR3: 000000019afaf000 CR4: 0000000000750eb0
00087 PKRU: 55555554
00087 Call Trace:
00087  <TASK>
00087  ? local_object_create+0x109/0x640 [obdclass]
00087  ? dt_write_lock+0x16d/0x2a0 [obdclass]
00087  ? llog_osd_create+0x356/0x1140 [obdclass]
00087  ? llog_create+0x2ed/0x530 [obdclass]
00087  ? llog_open_create+0x5af/0xb10 [obdclass]
00087  ? llog_test_7_sub+0xea/0x1250 [llog_test]
00087  ? llog_test_7+0x968/0xf50 [llog_test]
00087  ? llog_run_tests+0x3614/0x5ac0 [llog_test]
00087  ? get_random_u32+0x51/0x470
00087  ? llog_test_device_init+0x503/0x840 [llog_test]
00087  ? obd_setup+0x559/0x960 [obdclass]
00087  ? class_setup+0xc7d/0x10e0 [obdclass]
00087  ? class_process_config+0x2edb/0x7cb0 [obdclass]
00087  ? class_handle_ioctl+0x2055/0x3590 [obdclass]
00087  ? obd_class_ioctl+0x1f6/0x3c0 [obdclass]
00087  ? __x64_sys_ioctl+0x961/0xe00
00087  ? _copy_to_user+0x3d/0x60
00087  ? __x64_sys_rt_sigaction+0x107/0x140
00087  ? do_syscall_64+0xc1/0x350
00087  ? entry_SYSCALL_64_after_hwframe+0x4b/0x53
00087  </TASK>
00087 ---[ end trace 0000000000000000 ]---
00091 Lustre: 2193:0:(llog_test.c:1151:llog_test_7()) 7h: test llog_setattr64_rec_v2
00091 ------------[ cut here ]------------
00091 WARNING: /home/ktest/git/linux/include/linux/fs.h:889 at osd_create+0x9cf/0xcf0 [osd_wbcfs], CPU#14: lctl/2193
00091 Modules linked in: llog_test(O) mgs(O) osd_wbcfs(O) lustre(O) obdecho(O) mgc(O) mdc(O) lov(O) osc(O) lmv(O) ec(O) fid(O) fld(O) ptlrpc(O) efivarfs obdclass(O) ksocklnd(O) lnet(O) libcfs(O)
00091 CPU: 14 UID: 0 PID: 2193 Comm: lctl Tainted: G        W  O        7.0.0-ktest-c545f70-6330a45-20260722-dirty #1 PREEMPT 
00091 Tainted: [W]=WARN, [O]=OOT_MODULE
00091 Hardware name: QEMU Standard PC (Q35 + ICH9, 2009), BIOS 2025.11-3ubuntu7 03/31/2026
00091 RIP: 0010:osd_create+0x9cf/0xcf0 [osd_wbcfs]
00091 Code: c7 c7 00 d6 af a1 48 c7 c6 a0 a2 72 a1 48 c7 c2 00 ac 72 a1 e8 82 dd 43 ff 48 c7 c7 00 d6 af a1 e8 f6 6a 44 ff e9 fe fc ff ff <0f> 0b e9 a5 fa ff ff 48 c7 c1 80 44 5d a0 80 e1 07 80 c1 03 38 c1
00091 RSP: 0018:ffffc900062076f8 EFLAGS: 00010246
00091 RAX: 0000000000000000 RBX: ffff8881402ba000 RCX: 0000000000000046
00091 RDX: 0000000000000000 RSI: ffff88818ba22d60 RDI: ffff888189050998
00091 RBP: ffff88818ba22cd0 R08: ffffffff83a16803 R09: 1ffffffff0742d00
00091 R10: dffffc0000000000 R11: fffffbfff0742d01 R12: ffff888184fc9800
00091 R13: dffffc0000000000 R14: 1ffff11028057400 R15: 1ffff110309f930f
00091 FS:  00007fe9aa26e940(0000) GS:ffff88831eb2d000(0000) knlGS:0000000000000000
00091 CS:  0010 DS: 0000 ES: 0000 CR0: 0000000080050033
00091 CR2: 000055b6b24053b0 CR3: 000000019afaf000 CR4: 0000000000750eb0
00091 PKRU: 55555554
00091 Call Trace:
00091  <TASK>
00091  ? local_object_create+0x109/0x640 [obdclass]
00091  ? dt_write_lock+0x16d/0x2a0 [obdclass]
00091  ? llog_osd_create+0x356/0x1140 [obdclass]
00091  ? llog_create+0x2ed/0x530 [obdclass]
00091  ? llog_open_create+0x5af/0xb10 [obdclass]
00091  ? llog_test_7_sub+0xea/0x1250 [llog_test]
00091  ? llog_test_7+0xa99/0xf50 [llog_test]
00091  ? llog_run_tests+0x3614/0x5ac0 [llog_test]
00091  ? get_random_u32+0x51/0x470
00091  ? llog_test_device_init+0x503/0x840 [llog_test]
00091  ? obd_setup+0x559/0x960 [obdclass]
00091  ? class_setup+0xc7d/0x10e0 [obdclass]
00091  ? class_process_config+0x2edb/0x7cb0 [obdclass]
00091  ? class_handle_ioctl+0x2055/0x3590 [obdclass]
00091  ? obd_class_ioctl+0x1f6/0x3c0 [obdclass]
00091  ? __x64_sys_ioctl+0x961/0xe00
00091  ? _copy_to_user+0x3d/0x60
00091  ? __x64_sys_rt_sigaction+0x107/0x140
00091  ? do_syscall_64+0xc1/0x350
00091  ? entry_SYSCALL_64_after_hwframe+0x4b/0x53
00091  </TASK>
00091 ---[ end trace 0000000000000000 ]---
00094 Lustre: 2193:0:(llog_test.c:1024:llog_test_7_sub()) 7_sub: records are not aligned, written 64071 from 64767
00095 Lustre: 2193:0:(llog_test.c:1261:llog_test_8()) 8a: fill the first plain llog
00095 ------------[ cut here ]------------
00095 WARNING: /home/ktest/git/linux/include/linux/fs.h:889 at osd_create+0x9cf/0xcf0 [osd_wbcfs], CPU#14: lctl/2193
00095 Modules linked in: llog_test(O) mgs(O) osd_wbcfs(O) lustre(O) obdecho(O) mgc(O) mdc(O) lov(O) osc(O) lmv(O) ec(O) fid(O) fld(O) ptlrpc(O) efivarfs obdclass(O) ksocklnd(O) lnet(O) libcfs(O)
00095 CPU: 14 UID: 0 PID: 2193 Comm: lctl Tainted: G        W  O        7.0.0-ktest-c545f70-6330a45-20260722-dirty #1 PREEMPT 
00095 Tainted: [W]=WARN, [O]=OOT_MODULE
00095 Hardware name: QEMU Standard PC (Q35 + ICH9, 2009), BIOS 2025.11-3ubuntu7 03/31/2026
00095 RIP: 0010:osd_create+0x9cf/0xcf0 [osd_wbcfs]
00095 Code: c7 c7 00 d6 af a1 48 c7 c6 a0 a2 72 a1 48 c7 c2 00 ac 72 a1 e8 82 dd 43 ff 48 c7 c7 00 d6 af a1 e8 f6 6a 44 ff e9 fe fc ff ff <0f> 0b e9 a5 fa ff ff 48 c7 c1 80 44 5d a0 80 e1 07 80 c1 03 38 c1
00095 RSP: 0018:ffffc900062074c8 EFLAGS: 00010246
00095 RAX: 0000000000000000 RBX: ffff88818b3e3800 RCX: 0000000000000046
00095 RDX: 0000000000000000 RSI: ffff888199a5d0d8 RDI: ffff8881890509c0
00095 RBP: ffff888199a5d048 R08: ffffffff83a16803 R09: 1ffffffff0742d00
00095 R10: dffffc0000000000 R11: fffffbfff0742d01 R12: ffff888184fc9800
00095 R13: dffffc0000000000 R14: 1ffff1103167c700 R15: 1ffff110309f930f
00095 FS:  00007fe9aa26e940(0000) GS:ffff88831eb2d000(0000) knlGS:0000000000000000
00095 CS:  0010 DS: 0000 ES: 0000 CR0: 0000000080050033
00095 CR2: 000055b6b24053b0 CR3: 000000019afaf000 CR4: 0000000000750eb0
00095 PKRU: 55555554
00095 Call Trace:
00095  <TASK>
00095  ? local_object_create+0x109/0x640 [obdclass]
00095  ? dt_write_lock+0x16d/0x2a0 [obdclass]
00095  ? llog_osd_create+0x356/0x1140 [obdclass]
00095  ? llog_create+0x2ed/0x530 [obdclass]
00095  ? llog_cat_new_log+0x6c3/0x2bf0 [obdclass]
00095  ? llog_cat_add_rec+0x6ba/0x1960 [obdclass]
00095  ? llog_cat_add+0x451/0x890 [obdclass]
00095  ? llog_test_8+0x567/0x1c20 [llog_test]
00095  ? do_raw_spin_unlock+0x52/0x230
00095  ? _raw_spin_unlock+0x23/0x40
00095  ? __llog_ctxt_put+0x1c4/0x2f0 [obdclass]
00095  ? llog_run_tests+0x39a2/0x5ac0 [llog_test]
00095  ? get_random_u32+0x51/0x470
00095  ? llog_test_device_init+0x503/0x840 [llog_test]
00095  ? obd_setup+0x559/0x960 [obdclass]
00095  ? class_setup+0xc7d/0x10e0 [obdclass]
00095  ? class_process_config+0x2edb/0x7cb0 [obdclass]
00095  ? class_handle_ioctl+0x2055/0x3590 [obdclass]
00095  ? obd_class_ioctl+0x1f6/0x3c0 [obdclass]
00095  ? __x64_sys_ioctl+0x961/0xe00
00095  ? _copy_to_user+0x3d/0x60
00095  ? __x64_sys_rt_sigaction+0x107/0x140
00095  ? do_syscall_64+0xc1/0x350
00095  ? entry_SYSCALL_64_after_hwframe+0x4b/0x53
00095  </TASK>
00095 ---[ end trace 0000000000000000 ]---
00095 Lustre: 2193:0:(llog_test.c:1290:llog_test_8()) 8b: first llog [0x1:0x10:0x0]
00095 Lustre: 2193:0:(llog_test.c:1306:llog_test_8()) 8b: fill the second plain llog
00095 ------------[ cut here ]------------
00095 WARNING: /home/ktest/git/linux/include/linux/fs.h:889 at osd_create+0x9cf/0xcf0 [osd_wbcfs], CPU#14: lctl/2193
00095 Modules linked in: llog_test(O) mgs(O) osd_wbcfs(O) lustre(O) obdecho(O) mgc(O) mdc(O) lov(O) osc(O) lmv(O) ec(O) fid(O) fld(O) ptlrpc(O) efivarfs obdclass(O) ksocklnd(O) lnet(O) libcfs(O)
00095 CPU: 14 UID: 0 PID: 2193 Comm: lctl Tainted: G        W  O        7.0.0-ktest-c545f70-6330a45-20260722-dirty #1 PREEMPT 
00095 Tainted: [W]=WARN, [O]=OOT_MODULE
00095 Hardware name: QEMU Standard PC (Q35 + ICH9, 2009), BIOS 2025.11-3ubuntu7 03/31/2026
00095 RIP: 0010:osd_create+0x9cf/0xcf0 [osd_wbcfs]
00095 Code: c7 c7 00 d6 af a1 48 c7 c6 a0 a2 72 a1 48 c7 c2 00 ac 72 a1 e8 82 dd 43 ff 48 c7 c7 00 d6 af a1 e8 f6 6a 44 ff e9 fe fc ff ff <0f> 0b e9 a5 fa ff ff 48 c7 c1 80 44 5d a0 80 e1 07 80 c1 03 38 c1
00095 RSP: 0018:ffffc900062074c8 EFLAGS: 00010246
00095 RAX: 0000000000000000 RBX: ffff88818b3e2000 RCX: 0000000000000046
00095 RDX: 0000000000000000 RSI: ffff888199a5c9c0 RDI: ffff8881890509c0
00095 RBP: ffff888199a5c930 R08: ffffffff83a16803 R09: 1ffffffff0742d00
00095 R10: dffffc0000000000 R11: fffffbfff0742d01 R12: ffff888184fc9800
00095 R13: dffffc0000000000 R14: 1ffff1103167c400 R15: 1ffff110309f930f
00095 FS:  00007fe9aa26e940(0000) GS:ffff88831eb2d000(0000) knlGS:0000000000000000
00095 CS:  0010 DS: 0000 ES: 0000 CR0: 0000000080050033
00095 CR2: 000055b6b24053b0 CR3: 000000019afaf000 CR4: 0000000000750eb0
00095 PKRU: 55555554
00095 Call Trace:
00095  <TASK>
00095  ? local_object_create+0x109/0x640 [obdclass]
00095  ? dt_write_lock+0x16d/0x2a0 [obdclass]
00095  ? llog_osd_create+0x356/0x1140 [obdclass]
00095  ? llog_create+0x2ed/0x530 [obdclass]
00095  ? llog_cat_new_log+0x6c3/0x2bf0 [obdclass]
00095  ? llog_cat_add_rec+0x6ba/0x1960 [obdclass]
00095  ? llog_cat_add+0x451/0x890 [obdclass]
00095  ? llog_test_8+0xd89/0x1c20 [llog_test]
00095  ? do_raw_spin_unlock+0x52/0x230
00095  ? _raw_spin_unlock+0x23/0x40
00095  ? __llog_ctxt_put+0x1c4/0x2f0 [obdclass]
00095  ? llog_run_tests+0x39a2/0x5ac0 [llog_test]
00095  ? get_random_u32+0x51/0x470
00095  ? llog_test_device_init+0x503/0x840 [llog_test]
00095  ? obd_setup+0x559/0x960 [obdclass]
00095  ? class_setup+0xc7d/0x10e0 [obdclass]
00095  ? class_process_config+0x2edb/0x7cb0 [obdclass]
00095  ? class_handle_ioctl+0x2055/0x3590 [obdclass]
00095  ? obd_class_ioctl+0x1f6/0x3c0 [obdclass]
00095  ? __x64_sys_ioctl+0x961/0xe00
00095  ? _copy_to_user+0x3d/0x60
00095  ? __x64_sys_rt_sigaction+0x107/0x140
00095  ? do_syscall_64+0xc1/0x350
00095  ? entry_SYSCALL_64_after_hwframe+0x4b/0x53
00095  </TASK>
00095 ---[ end trace 0000000000000000 ]---
00095 Lustre: 2193:0:(llog_test.c:1330:llog_test_8()) 8b: pin llog [0x1:0x12:0x0]
00095 Lustre: 2193:0:(llog_test.c:1333:llog_test_8()) 8b: clean first llog record in catalog
00095 Lustre: 2193:0:(llog_test.c:1344:llog_test_8()) 8c: corrupt first chunk in the middle
00095 Lustre: 2193:0:(llog_test.c:1347:llog_test_8()) 8c: corrupt second chunk at start
00095 Lustre: 2193:0:(llog_test.c:1350:llog_test_8()) 8d: count survived records
00095 Lustre: 2193:0:(llog_test.c:1380:llog_test_8()) 8d: close re-opened catalog
00095 Lustre: 2193:0:(llog_test.c:1441:llog_test_9()) 9a: test llog_logid_rec
00095 ------------[ cut here ]------------
00095 WARNING: /home/ktest/git/linux/include/linux/fs.h:889 at osd_create+0x9cf/0xcf0 [osd_wbcfs], CPU#14: lctl/2193
00095 Modules linked in: llog_test(O) mgs(O) osd_wbcfs(O) lustre(O) obdecho(O) mgc(O) mdc(O) lov(O) osc(O) lmv(O) ec(O) fid(O) fld(O) ptlrpc(O) efivarfs obdclass(O) ksocklnd(O) lnet(O) libcfs(O)
00095 CPU: 14 UID: 0 PID: 2193 Comm: lctl Tainted: G        W  O        7.0.0-ktest-c545f70-6330a45-20260722-dirty #1 PREEMPT 
00095 Tainted: [W]=WARN, [O]=OOT_MODULE
00095 Hardware name: QEMU Standard PC (Q35 + ICH9, 2009), BIOS 2025.11-3ubuntu7 03/31/2026
00095 RIP: 0010:osd_create+0x9cf/0xcf0 [osd_wbcfs]
00095 Code: c7 c7 00 d6 af a1 48 c7 c6 a0 a2 72 a1 48 c7 c2 00 ac 72 a1 e8 82 dd 43 ff 48 c7 c7 00 d6 af a1 e8 f6 6a 44 ff e9 fe fc ff ff <0f> 0b e9 a5 fa ff ff 48 c7 c1 80 44 5d a0 80 e1 07 80 c1 03 38 c1
00095 RSP: 0018:ffffc90006207720 EFLAGS: 00010246
00095 RAX: 0000000000000000 RBX: ffff88814dc39c00 RCX: 0000000000000046
00095 RDX: 0000000000000000 RSI: ffff888199a5c2a8 RDI: ffff888189050998
00095 RBP: ffff888199a5c218 R08: ffffffff83a16803 R09: 1ffffffff0742d00
00095 R10: dffffc0000000000 R11: fffffbfff0742d01 R12: ffff888184fc9800
00095 R13: dffffc0000000000 R14: 1ffff11029b87380 R15: 1ffff110309f930f
00095 FS:  00007fe9aa26e940(0000) GS:ffff88831eb2d000(0000) knlGS:0000000000000000
00095 CS:  0010 DS: 0000 ES: 0000 CR0: 0000000080050033
00095 CR2: 000055b6b24053b0 CR3: 000000019afaf000 CR4: 0000000000750eb0
00095 PKRU: 55555554
00095 Call Trace:
00095  <TASK>
00095  ? local_object_create+0x109/0x640 [obdclass]
00095  ? dt_write_lock+0x16d/0x2a0 [obdclass]
00095  ? llog_osd_create+0x356/0x1140 [obdclass]
00095  ? llog_create+0x2ed/0x530 [obdclass]
00095  ? llog_open_create+0x5af/0xb10 [obdclass]
00095  ? llog_test_9_sub+0xd4/0x800 [llog_test]
00095  ? llog_test_9+0x242/0x960 [llog_test]
00095  ? llog_run_tests+0x3d64/0x5ac0 [llog_test]
00095  ? get_random_u32+0x51/0x470
00095  ? llog_test_device_init+0x503/0x840 [llog_test]
00095  ? obd_setup+0x559/0x960 [obdclass]
00095  ? class_setup+0xc7d/0x10e0 [obdclass]
00095  ? class_process_config+0x2edb/0x7cb0 [obdclass]
00095  ? class_handle_ioctl+0x2055/0x3590 [obdclass]
00095  ? obd_class_ioctl+0x1f6/0x3c0 [obdclass]
00095  ? __x64_sys_ioctl+0x961/0xe00
00095  ? _copy_to_user+0x3d/0x60
00095  ? __x64_sys_rt_sigaction+0x107/0x140
00095  ? do_syscall_64+0xc1/0x350
00095  ? entry_SYSCALL_64_after_hwframe+0x4b/0x53
00095  </TASK>
00095 ---[ end trace 0000000000000000 ]---
00095 Lustre: 2193:0:(llog_test.c:1425:llog_test_9_sub()) 9_sub: record type 1064553b in log 0x1:0x14:0x0
00095 Lustre: 2193:0:(llog_test.c:1452:llog_test_9()) 9b: test llog_obd_cfg_rec
00095 ------------[ cut here ]------------
00095 WARNING: /home/ktest/git/linux/include/linux/fs.h:889 at osd_create+0x9cf/0xcf0 [osd_wbcfs], CPU#14: lctl/2193
00095 Modules linked in: llog_test(O) mgs(O) osd_wbcfs(O) lustre(O) obdecho(O) mgc(O) mdc(O) lov(O) osc(O) lmv(O) ec(O) fid(O) fld(O) ptlrpc(O) efivarfs obdclass(O) ksocklnd(O) lnet(O) libcfs(O)
00095 CPU: 14 UID: 0 PID: 2193 Comm: lctl Tainted: G        W  O        7.0.0-ktest-c545f70-6330a45-20260722-dirty #1 PREEMPT 
00095 Tainted: [W]=WARN, [O]=OOT_MODULE
00095 Hardware name: QEMU Standard PC (Q35 + ICH9, 2009), BIOS 2025.11-3ubuntu7 03/31/2026
00095 RIP: 0010:osd_create+0x9cf/0xcf0 [osd_wbcfs]
00095 Code: c7 c7 00 d6 af a1 48 c7 c6 a0 a2 72 a1 48 c7 c2 00 ac 72 a1 e8 82 dd 43 ff 48 c7 c7 00 d6 af a1 e8 f6 6a 44 ff e9 fe fc ff ff <0f> 0b e9 a5 fa ff ff 48 c7 c1 80 44 5d a0 80 e1 07 80 c1 03 38 c1
00095 RSP: 0018:ffffc90006207720 EFLAGS: 00010246
00095 RAX: 0000000000000000 RBX: ffff88814dc39000 RCX: 0000000000000046
00095 RDX: 0000000000000000 RSI: ffff888199a5bb90 RDI: ffff888189050998
00095 RBP: ffff888199a5bb00 R08: ffffffff83a16803 R09: 1ffffffff0742d00
00095 R10: dffffc0000000000 R11: fffffbfff0742d01 R12: ffff888184fc9800
00095 R13: dffffc0000000000 R14: 1ffff11029b87200 R15: 1ffff110309f930f
00095 FS:  00007fe9aa26e940(0000) GS:ffff88831eb2d000(0000) knlGS:0000000000000000
00095 CS:  0010 DS: 0000 ES: 0000 CR0: 0000000080050033
00095 CR2: 000055b6b24053b0 CR3: 000000019afaf000 CR4: 0000000000750eb0
00095 PKRU: 55555554
00095 Call Trace:
00095  <TASK>
00095  ? local_object_create+0x109/0x640 [obdclass]
00095  ? dt_write_lock+0x16d/0x2a0 [obdclass]
00095  ? llog_osd_create+0x356/0x1140 [obdclass]
00095  ? llog_create+0x2ed/0x530 [obdclass]
00095  ? llog_open_create+0x5af/0xb10 [obdclass]
00095  ? llog_test_9_sub+0xd4/0x800 [llog_test]
00095  ? llog_test_9+0x373/0x960 [llog_test]
00095  ? llog_run_tests+0x3d64/0x5ac0 [llog_test]
00095  ? get_random_u32+0x51/0x470
00095  ? llog_test_device_init+0x503/0x840 [llog_test]
00095  ? obd_setup+0x559/0x960 [obdclass]
00095  ? class_setup+0xc7d/0x10e0 [obdclass]
00095  ? class_process_config+0x2edb/0x7cb0 [obdclass]
00095  ? class_handle_ioctl+0x2055/0x3590 [obdclass]
00095  ? obd_class_ioctl+0x1f6/0x3c0 [obdclass]
00095  ? __x64_sys_ioctl+0x961/0xe00
00095  ? _copy_to_user+0x3d/0x60
00095  ? __x64_sys_rt_sigaction+0x107/0x140
00095  ? do_syscall_64+0xc1/0x350
00095  ? entry_SYSCALL_64_after_hwframe+0x4b/0x53
00095  </TASK>
00095 ---[ end trace 0000000000000000 ]---
00095 Lustre: 2193:0:(llog_test.c:1463:llog_test_9()) 9c: test llog_changelog_rec
00095 ------------[ cut here ]------------
00095 WARNING: /home/ktest/git/linux/include/linux/fs.h:889 at osd_create+0x9cf/0xcf0 [osd_wbcfs], CPU#14: lctl/2193
00095 Modules linked in: llog_test(O) mgs(O) osd_wbcfs(O) lustre(O) obdecho(O) mgc(O) mdc(O) lov(O) osc(O) lmv(O) ec(O) fid(O) fld(O) ptlrpc(O) efivarfs obdclass(O) ksocklnd(O) lnet(O) libcfs(O)
00095 CPU: 14 UID: 0 PID: 2193 Comm: lctl Tainted: G        W  O        7.0.0-ktest-c545f70-6330a45-20260722-dirty #1 PREEMPT 
00095 Tainted: [W]=WARN, [O]=OOT_MODULE
00095 Hardware name: QEMU Standard PC (Q35 + ICH9, 2009), BIOS 2025.11-3ubuntu7 03/31/2026
00095 RIP: 0010:osd_create+0x9cf/0xcf0 [osd_wbcfs]
00095 Code: c7 c7 00 d6 af a1 48 c7 c6 a0 a2 72 a1 48 c7 c2 00 ac 72 a1 e8 82 dd 43 ff 48 c7 c7 00 d6 af a1 e8 f6 6a 44 ff e9 fe fc ff ff <0f> 0b e9 a5 fa ff ff 48 c7 c1 80 44 5d a0 80 e1 07 80 c1 03 38 c1
00095 RSP: 0018:ffffc90006207720 EFLAGS: 00010246
00095 RAX: 0000000000000000 RBX: ffff88814dc38800 RCX: 0000000000000046
00095 RDX: 0000000000000000 RSI: ffff888199a5b478 RDI: ffff888189050998
00095 RBP: ffff888199a5b3e8 R08: ffffffff83a16803 R09: 1ffffffff0742d00
00095 R10: dffffc0000000000 R11: fffffbfff0742d01 R12: ffff888184fc9800
00095 R13: dffffc0000000000 R14: 1ffff11029b87100 R15: 1ffff110309f930f
00095 FS:  00007fe9aa26e940(0000) GS:ffff88831eb2d000(0000) knlGS:0000000000000000
00095 CS:  0010 DS: 0000 ES: 0000 CR0: 0000000080050033
00095 CR2: 000055b6b24053b0 CR3: 000000019afaf000 CR4: 0000000000750eb0
00095 PKRU: 55555554
00095 Call Trace:
00095  <TASK>
00095  ? local_object_create+0x109/0x640 [obdclass]
00095  ? dt_write_lock+0x16d/0x2a0 [obdclass]
00095  ? llog_osd_create+0x356/0x1140 [obdclass]
00095  ? llog_create+0x2ed/0x530 [obdclass]
00095  ? llog_open_create+0x5af/0xb10 [obdclass]
00095  ? llog_test_9_sub+0xd4/0x800 [llog_test]
00095  ? llog_test_9+0x4a4/0x960 [llog_test]
00095  ? llog_run_tests+0x3d64/0x5ac0 [llog_test]
00095  ? get_random_u32+0x51/0x470
00095  ? llog_test_device_init+0x503/0x840 [llog_test]
00095  ? obd_setup+0x559/0x960 [obdclass]
00095  ? class_setup+0xc7d/0x10e0 [obdclass]
00095  ? class_process_config+0x2edb/0x7cb0 [obdclass]
00095  ? class_handle_ioctl+0x2055/0x3590 [obdclass]
00095  ? obd_class_ioctl+0x1f6/0x3c0 [obdclass]
00095  ? __x64_sys_ioctl+0x961/0xe00
00095  ? _copy_to_user+0x3d/0x60
00095  ? __x64_sys_rt_sigaction+0x107/0x140
00095  ? do_syscall_64+0xc1/0x350
00095  ? entry_SYSCALL_64_after_hwframe+0x4b/0x53
00095  </TASK>
00095 ---[ end trace 0000000000000000 ]---
00095 Lustre: 2193:0:(llog_test.c:1475:llog_test_9()) 9d: test llog_changelog_user_rec2
00095 ------------[ cut here ]------------
00095 WARNING: /home/ktest/git/linux/include/linux/fs.h:889 at osd_create+0x9cf/0xcf0 [osd_wbcfs], CPU#14: lctl/2193
00095 Modules linked in: llog_test(O) mgs(O) osd_wbcfs(O) lustre(O) obdecho(O) mgc(O) mdc(O) lov(O) osc(O) lmv(O) ec(O) fid(O) fld(O) ptlrpc(O) efivarfs obdclass(O) ksocklnd(O) lnet(O) libcfs(O)
00095 CPU: 14 UID: 0 PID: 2193 Comm: lctl Tainted: G        W  O        7.0.0-ktest-c545f70-6330a45-20260722-dirty #1 PREEMPT 
00095 Tainted: [W]=WARN, [O]=OOT_MODULE
00095 Hardware name: QEMU Standard PC (Q35 + ICH9, 2009), BIOS 2025.11-3ubuntu7 03/31/2026
00095 RIP: 0010:osd_create+0x9cf/0xcf0 [osd_wbcfs]
00095 Code: c7 c7 00 d6 af a1 48 c7 c6 a0 a2 72 a1 48 c7 c2 00 ac 72 a1 e8 82 dd 43 ff 48 c7 c7 00 d6 af a1 e8 f6 6a 44 ff e9 fe fc ff ff <0f> 0b e9 a5 fa ff ff 48 c7 c1 80 44 5d a0 80 e1 07 80 c1 03 38 c1
00095 RSP: 0018:ffffc90006207720 EFLAGS: 00010246
00095 RAX: 0000000000000000 RBX: ffff88814dc38000 RCX: 0000000000000046
00095 RDX: 0000000000000000 RSI: ffff888199a5ad60 RDI: ffff888189050998
00095 RBP: ffff888199a5acd0 R08: ffffffff83a16803 R09: 1ffffffff0742d00
00095 R10: dffffc0000000000 R11: fffffbfff0742d01 R12: ffff888184fc9800
00095 R13: dffffc0000000000 R14: 1ffff11029b87000 R15: 1ffff110309f930f
00095 FS:  00007fe9aa26e940(0000) GS:ffff88831eb2d000(0000) knlGS:0000000000000000
00095 CS:  0010 DS: 0000 ES: 0000 CR0: 0000000080050033
00095 CR2: 000055b6b24053b0 CR3: 000000019afaf000 CR4: 0000000000750eb0
00095 PKRU: 55555554
00095 Call Trace:
00095  <TASK>
00095  ? local_object_create+0x109/0x640 [obdclass]
00095  ? dt_write_lock+0x16d/0x2a0 [obdclass]
00095  ? llog_osd_create+0x356/0x1140 [obdclass]
00095  ? llog_create+0x2ed/0x530 [obdclass]
00095  ? llog_open_create+0x5af/0xb10 [obdclass]
00095  ? llog_test_9_sub+0xd4/0x800 [llog_test]
00095  ? llog_test_9+0x5d5/0x960 [llog_test]
00095  ? llog_run_tests+0x3d64/0x5ac0 [llog_test]
00095  ? get_random_u32+0x51/0x470
00095  ? llog_test_device_init+0x503/0x840 [llog_test]
00095  ? obd_setup+0x559/0x960 [obdclass]
00095  ? class_setup+0xc7d/0x10e0 [obdclass]
00095  ? class_process_config+0x2edb/0x7cb0 [obdclass]
00095  ? class_handle_ioctl+0x2055/0x3590 [obdclass]
00095  ? obd_class_ioctl+0x1f6/0x3c0 [obdclass]
00095  ? __x64_sys_ioctl+0x961/0xe00
00095  ? _copy_to_user+0x3d/0x60
00095  ? __x64_sys_rt_sigaction+0x107/0x140
00095  ? do_syscall_64+0xc1/0x350
00095  ? entry_SYSCALL_64_after_hwframe+0x4b/0x53
00095  </TASK>
00095 ---[ end trace 0000000000000000 ]---
00095 Lustre: 2193:0:(llog_test.c:1576:llog_test_10()) 10a: create a catalog log with name: 42145b53
00095 ------------[ cut here ]------------
00095 WARNING: /home/ktest/git/linux/include/linux/fs.h:889 at osd_create+0x9cf/0xcf0 [osd_wbcfs], CPU#14: lctl/2193
00095 Modules linked in: llog_test(O) mgs(O) osd_wbcfs(O) lustre(O) obdecho(O) mgc(O) mdc(O) lov(O) osc(O) lmv(O) ec(O) fid(O) fld(O) ptlrpc(O) efivarfs obdclass(O) ksocklnd(O) lnet(O) libcfs(O)
00095 CPU: 14 UID: 0 PID: 2193 Comm: lctl Tainted: G        W  O        7.0.0-ktest-c545f70-6330a45-20260722-dirty #1 PREEMPT 
00095 Tainted: [W]=WARN, [O]=OOT_MODULE
00095 Hardware name: QEMU Standard PC (Q35 + ICH9, 2009), BIOS 2025.11-3ubuntu7 03/31/2026
00095 RIP: 0010:osd_create+0x9cf/0xcf0 [osd_wbcfs]
00095 Code: c7 c7 00 d6 af a1 48 c7 c6 a0 a2 72 a1 48 c7 c2 00 ac 72 a1 e8 82 dd 43 ff 48 c7 c7 00 d6 af a1 e8 f6 6a 44 ff e9 fe fc ff ff <0f> 0b e9 a5 fa ff ff 48 c7 c1 80 44 5d a0 80 e1 07 80 c1 03 38 c1
00095 RSP: 0018:ffffc900062075d8 EFLAGS: 00010246
00095 RAX: 0000000000000000 RBX: ffff88818b3e7800 RCX: 0000000000000046
00095 RDX: 0000000000000000 RSI: ffff888199a5a648 RDI: ffff888189050998
00095 RBP: ffff888199a5a5b8 R08: ffffffff83a16803 R09: 1ffffffff0742d00
00095 R10: dffffc0000000000 R11: fffffbfff0742d01 R12: ffff888184fc9800
00095 R13: dffffc0000000000 R14: 1ffff1103167cf00 R15: 1ffff110309f930f
00095 FS:  00007fe9aa26e940(0000) GS:ffff88831eb2d000(0000) knlGS:0000000000000000
00095 CS:  0010 DS: 0000 ES: 0000 CR0: 0000000080050033
00095 CR2: 000055b6b24053b0 CR3: 000000019afaf000 CR4: 0000000000750eb0
00095 PKRU: 55555554
00095 Call Trace:
00095  <TASK>
00095  ? local_object_create+0x109/0x640 [obdclass]
00095  ? dt_write_lock+0x16d/0x2a0 [obdclass]
00095  ? llog_osd_create+0x356/0x1140 [obdclass]
00095  ? llog_create+0x2ed/0x530 [obdclass]
00095  ? llog_open_create+0x5af/0xb10 [obdclass]
00095  ? llog_test_10+0x2e1/0x5600 [llog_test]
00095  ? lu_object_put+0xa64/0x1210 [obdclass]
00095  ? do_raw_spin_unlock+0x52/0x230
00095  ? _raw_spin_unlock+0x23/0x40
00095  ? __llog_ctxt_put+0x1c4/0x2f0 [obdclass]
00095  ? llog_run_tests+0x3f45/0x5ac0 [llog_test]
00095  ? get_random_u32+0x51/0x470
00095  ? llog_test_device_init+0x503/0x840 [llog_test]
00095  ? obd_setup+0x559/0x960 [obdclass]
00095  ? class_setup+0xc7d/0x10e0 [obdclass]
00095  ? class_process_config+0x2edb/0x7cb0 [obdclass]
00095  ? class_handle_ioctl+0x2055/0x3590 [obdclass]
00095  ? obd_class_ioctl+0x1f6/0x3c0 [obdclass]
00095  ? __x64_sys_ioctl+0x961/0xe00
00095  ? _copy_to_user+0x3d/0x60
00095  ? __x64_sys_rt_sigaction+0x107/0x140
00095  ? do_syscall_64+0xc1/0x350
00095  ? entry_SYSCALL_64_after_hwframe+0x4b/0x53
00095  </TASK>
00095 ---[ end trace 0000000000000000 ]---
00095 Lustre: 2193:0:(llog_test.c:1608:llog_test_10()) 10b: write 64767 log records
00095 ------------[ cut here ]------------
00095 WARNING: /home/ktest/git/linux/include/linux/fs.h:889 at osd_create+0x9cf/0xcf0 [osd_wbcfs], CPU#14: lctl/2193
00095 Modules linked in: llog_test(O) mgs(O) osd_wbcfs(O) lustre(O) obdecho(O) mgc(O) mdc(O) lov(O) osc(O) lmv(O) ec(O) fid(O) fld(O) ptlrpc(O) efivarfs obdclass(O) ksocklnd(O) lnet(O) libcfs(O)
00095 CPU: 14 UID: 0 PID: 2193 Comm: lctl Tainted: G        W  O        7.0.0-ktest-c545f70-6330a45-20260722-dirty #1 PREEMPT 
00095 Tainted: [W]=WARN, [O]=OOT_MODULE
00095 Hardware name: QEMU Standard PC (Q35 + ICH9, 2009), BIOS 2025.11-3ubuntu7 03/31/2026
00095 RIP: 0010:osd_create+0x9cf/0xcf0 [osd_wbcfs]
00095 Code: c7 c7 00 d6 af a1 48 c7 c6 a0 a2 72 a1 48 c7 c2 00 ac 72 a1 e8 82 dd 43 ff 48 c7 c7 00 d6 af a1 e8 f6 6a 44 ff e9 fe fc ff ff <0f> 0b e9 a5 fa ff ff 48 c7 c1 80 44 5d a0 80 e1 07 80 c1 03 38 c1
00095 RSP: 0018:ffffc90006207478 EFLAGS: 00010246
00095 RAX: 0000000000000000 RBX: ffff88814dc3d000 RCX: 0000000000000046
00095 RDX: 0000000000000000 RSI: ffff888199a59f30 RDI: ffff8881890509c0
00095 RBP: ffff888199a59ea0 R08: ffffffff83a16803 R09: 1ffffffff0742d00
00095 R10: dffffc0000000000 R11: fffffbfff0742d01 R12: ffff888184fc9800
00095 R13: dffffc0000000000 R14: 1ffff11029b87a00 R15: 1ffff110309f930f
00095 FS:  00007fe9aa26e940(0000) GS:ffff88831eb2d000(0000) knlGS:0000000000000000
00095 CS:  0010 DS: 0000 ES: 0000 CR0: 0000000080050033
00095 CR2: 000055b6b24053b0 CR3: 000000019afaf000 CR4: 0000000000750eb0
00095 PKRU: 55555554
00095 Call Trace:
00095  <TASK>
00095  ? local_object_create+0x109/0x640 [obdclass]
00095  ? dt_write_lock+0x16d/0x2a0 [obdclass]
00095  ? llog_osd_create+0x356/0x1140 [obdclass]
00095  ? llog_create+0x2ed/0x530 [obdclass]
00095  ? llog_cat_new_log+0x6c3/0x2bf0 [obdclass]
00095  ? llog_cat_add_rec+0x6ba/0x1960 [obdclass]
00095  ? llog_cat_add+0x451/0x890 [obdclass]
00095  ? llog_test_10+0x91d/0x5600 [llog_test]
00095  ? lu_object_put+0xa64/0x1210 [obdclass]
00095  ? do_raw_spin_unlock+0x52/0x230
00095  ? _raw_spin_unlock+0x23/0x40
00095  ? __llog_ctxt_put+0x1c4/0x2f0 [obdclass]
00095  ? llog_run_tests+0x3f45/0x5ac0 [llog_test]
00095  ? get_random_u32+0x51/0x470
00095  ? llog_test_device_init+0x503/0x840 [llog_test]
00095  ? obd_setup+0x559/0x960 [obdclass]
00095  ? class_setup+0xc7d/0x10e0 [obdclass]
00095  ? class_process_config+0x2edb/0x7cb0 [obdclass]
00095  ? class_handle_ioctl+0x2055/0x3590 [obdclass]
00095  ? obd_class_ioctl+0x1f6/0x3c0 [obdclass]
00095  ? __x64_sys_ioctl+0x961/0xe00
00095  ? _copy_to_user+0x3d/0x60
00095  ? __x64_sys_rt_sigaction+0x107/0x140
00095  ? do_syscall_64+0xc1/0x350
00095  ? entry_SYSCALL_64_after_hwframe+0x4b/0x53
00095  </TASK>
00095 ---[ end trace 0000000000000000 ]---
00098 ------------[ cut here ]------------
00098 WARNING: /home/ktest/git/linux/include/linux/fs.h:889 at osd_create+0x9cf/0xcf0 [osd_wbcfs], CPU#14: lctl/2193
00098 Modules linked in: llog_test(O) mgs(O) osd_wbcfs(O) lustre(O) obdecho(O) mgc(O) mdc(O) lov(O) osc(O) lmv(O) ec(O) fid(O) fld(O) ptlrpc(O) efivarfs obdclass(O) ksocklnd(O) lnet(O) libcfs(O)
00098 CPU: 14 UID: 0 PID: 2193 Comm: lctl Tainted: G        W  O        7.0.0-ktest-c545f70-6330a45-20260722-dirty #1 PREEMPT 
00098 Tainted: [W]=WARN, [O]=OOT_MODULE
00098 Hardware name: QEMU Standard PC (Q35 + ICH9, 2009), BIOS 2025.11-3ubuntu7 03/31/2026
00098 RIP: 0010:osd_create+0x9cf/0xcf0 [osd_wbcfs]
00098 Code: c7 c7 00 d6 af a1 48 c7 c6 a0 a2 72 a1 48 c7 c2 00 ac 72 a1 e8 82 dd 43 ff 48 c7 c7 00 d6 af a1 e8 f6 6a 44 ff e9 fe fc ff ff <0f> 0b e9 a5 fa ff ff 48 c7 c1 80 44 5d a0 80 e1 07 80 c1 03 38 c1
00098 RSP: 0018:ffffc90006207478 EFLAGS: 00010246
00098 RAX: 0000000000000000 RBX: ffff88814dc3c800 RCX: 0000000000000046
00098 RDX: 0000000000000000 RSI: ffff888199a59818 RDI: ffff8881890509c0
00098 RBP: ffff888199a59788 R08: ffffffff83a16803 R09: 1ffffffff0742d00
00098 R10: dffffc0000000000 R11: fffffbfff0742d01 R12: ffff888184fc9800
00098 R13: dffffc0000000000 R14: 1ffff11029b87900 R15: 1ffff110309f930f
00098 FS:  00007fe9aa26e940(0000) GS:ffff88831eb2d000(0000) knlGS:0000000000000000
00098 CS:  0010 DS: 0000 ES: 0000 CR0: 0000000080050033
00098 CR2: 000055b6b24053b0 CR3: 000000019afaf000 CR4: 0000000000750eb0
00098 PKRU: 55555554
00098 Call Trace:
00098  <TASK>
00098  ? local_object_create+0x109/0x640 [obdclass]
00098  ? dt_write_lock+0x16d/0x2a0 [obdclass]
00098  ? llog_osd_create+0x356/0x1140 [obdclass]
00098  ? llog_create+0x2ed/0x530 [obdclass]
00098  ? llog_cat_new_log+0x6c3/0x2bf0 [obdclass]
00098  ? llog_cat_add_rec+0x6ba/0x1960 [obdclass]
00098  ? llog_cat_add+0x451/0x890 [obdclass]
00098  ? llog_test_10+0x91d/0x5600 [llog_test]
00098  ? lu_object_put+0xa64/0x1210 [obdclass]
00098  ? do_raw_spin_unlock+0x52/0x230
00098  ? _raw_spin_unlock+0x23/0x40
00098  ? __llog_ctxt_put+0x1c4/0x2f0 [obdclass]
00098  ? llog_run_tests+0x3f45/0x5ac0 [llog_test]
00098  ? get_random_u32+0x51/0x470
00098  ? llog_test_device_init+0x503/0x840 [llog_test]
00098  ? obd_setup+0x559/0x960 [obdclass]
00098  ? class_setup+0xc7d/0x10e0 [obdclass]
00098  ? class_process_config+0x2edb/0x7cb0 [obdclass]
00098  ? class_handle_ioctl+0x2055/0x3590 [obdclass]
00098  ? obd_class_ioctl+0x1f6/0x3c0 [obdclass]
00098  ? __x64_sys_ioctl+0x961/0xe00
00098  ? _copy_to_user+0x3d/0x60
00098  ? __x64_sys_rt_sigaction+0x107/0x140
00098  ? do_syscall_64+0xc1/0x350
00098  ? entry_SYSCALL_64_after_hwframe+0x4b/0x53
00098  </TASK>
00098 ---[ end trace 0000000000000000 ]---
00098 Lustre: 2193:0:(llog_test.c:1634:llog_test_10()) 10c: write 129534 more log records
00100 ------------[ cut here ]------------
00100 WARNING: /home/ktest/git/linux/include/linux/fs.h:889 at osd_create+0x9cf/0xcf0 [osd_wbcfs], CPU#14: lctl/2193
00100 Modules linked in: llog_test(O) mgs(O) osd_wbcfs(O) lustre(O) obdecho(O) mgc(O) mdc(O) lov(O) osc(O) lmv(O) ec(O) fid(O) fld(O) ptlrpc(O) efivarfs obdclass(O) ksocklnd(O) lnet(O) libcfs(O)
00100 CPU: 14 UID: 0 PID: 2193 Comm: lctl Tainted: G        W  O        7.0.0-ktest-c545f70-6330a45-20260722-dirty #1 PREEMPT 
00103 ------------[ cut here ]------------
00103 WARNING: /home/ktest/git/linux/include/linux/fs.h:889 at osd_create+0x9cf/0xcf0 [osd_wbcfs], CPU#14: lctl/2193
00103 Modules linked in: llog_test(O) mgs(O) osd_wbcfs(O) lustre(O) obdecho(O) mgc(O) mdc(O) lov(O) osc(O) lmv(O) ec(O) fid(O) fld(O) ptlrpc(O) efivarfs obdclass(O) ksocklnd(O) lnet(O) libcfs(O)
00103 CPU: 14 UID: 0 PID: 2193 Comm: lctl Tainted: G        W  O        7.0.0-ktest-c545f70-6330a45-20260722-dirty #1 PREEMPT 
00103 Tainted: [W]=WARN, [O]=OOT_MODULE
00103 Hardware name: QEMU Standard PC (Q35 + ICH9, 2009), BIOS 2025.11-3ubuntu7 03/31/2026
00103 RIP: 0010:osd_create+0x9cf/0xcf0 [osd_wbcfs]
00103 Code: c7 c7 00 d6 af a1 48 c7 c6 a0 a2 72 a1 48 c7 c2 00 ac 72 a1 e8 82 dd 43 ff 48 c7 c7 00 d6 af a1 e8 f6 6a 44 ff e9 fe fc ff ff <0f> 0b e9 a5 fa ff ff 48 c7 c1 80 44 5d a0 80 e1 07 80 c1 03 38 c1
00103 RSP: 0018:ffffc90006207478 EFLAGS: 00010246
00103 RAX: 0000000000000000 RBX: ffff88811a774800 RCX: 0000000000000046
00103 RDX: 0000000000000000 RSI: ffff888199a589e8 RDI: ffff8881890509c0
00103 RBP: ffff888199a58958 R08: ffffffff83a16803 R09: 1ffffffff0742d00
00103 R10: dffffc0000000000 R11: fffffbfff0742d01 R12: ffff888184fc9800
00103 R13: dffffc0000000000 R14: 1ffff110234ee900 R15: 1ffff110309f930f
00103 FS:  00007fe9aa26e940(0000) GS:ffff88831eb2d000(0000) knlGS:0000000000000000
00103 CS:  0010 DS: 0000 ES: 0000 CR0: 0000000080050033
00103 CR2: 000055b6b24053b0 CR3: 000000019afaf000 CR4: 0000000000750eb0
00103 PKRU: 55555554
00103 Call Trace:
00103  <TASK>
00103  ? local_object_create+0x109/0x640 [obdclass]
00103  ? dt_write_lock+0x16d/0x2a0 [obdclass]
00103  ? llog_osd_create+0x356/0x1140 [obdclass]
00103  ? llog_create+0x2ed/0x530 [obdclass]
00103  ? llog_cat_new_log+0x6c3/0x2bf0 [obdclass]
00103  ? llog_cat_add_rec+0x6ba/0x1960 [obdclass]
00103  ? llog_cat_add+0x451/0x890 [obdclass]
00103  ? llog_test_10+0xbd3/0x5600 [llog_test]
00103  ? lu_object_put+0xa64/0x1210 [obdclass]
00103  ? do_raw_spin_unlock+0x52/0x230
00103  ? _raw_spin_unlock+0x23/0x40
00103  ? __llog_ctxt_put+0x1c4/0x2f0 [obdclass]
00103  ? llog_run_tests+0x3f45/0x5ac0 [llog_test]
00103  ? get_random_u32+0x51/0x470
00103  ? llog_test_device_init+0x503/0x840 [llog_test]
00103  ? obd_setup+0x559/0x960 [obdclass]
00103  ? class_setup+0xc7d/0x10e0 [obdclass]
00103  ? class_process_config+0x2edb/0x7cb0 [obdclass]
00103  ? class_handle_ioctl+0x2055/0x3590 [obdclass]
00103  ? obd_class_ioctl+0x1f6/0x3c0 [obdclass]
00103  ? __x64_sys_ioctl+0x961/0xe00
00103  ? _copy_to_user+0x3d/0x60
00103  ? __x64_sys_rt_sigaction+0x107/0x140
00103  ? do_syscall_64+0xc1/0x350
00103  ? entry_SYSCALL_64_after_hwframe+0x4b/0x53
00103  </TASK>
00103 ---[ end trace 0000000000000000 ]---
00103 Lustre: 2193:0:(llog_test.c:1666:llog_test_10()) 10c: write 64767 more log records
00105 Lustre: 2193:0:(llog_cat.c:80:llog_cat_new_log()) MGS: there are no more free slots in catalog 42145b53
00105 LustreError: 2193:0:(llog_cat.c:593:llog_cat_add_rec()) MGS: initialization error: rc = -28
00105 Lustre: 2193:0:(llog_test.c:1692:llog_test_10()) 10c: wrote 64011 records then 756 failed with ENOSPC
00105 Lustre: 2193:0:(llog_test.c:1711:llog_test_10()) 10d: Cancel 64767 records, see one log zapped
00107 Lustre: 2193:0:(llog_test.c:1725:llog_test_10()) 10d: print the catalog entries.. we expect 3
00107 Lustre: 2213:0:(llog_test.c:700:cat_print_cb()) seeing record at index 2 - [0x1:0x19:0x0] in log [0xa:0x5:0x0]
00107 Lustre: 2193:0:(llog_test.c:1755:llog_test_10()) 10e: write 64767 more log records
00107 ------------[ cut here ]------------
00107 WARNING: /home/ktest/git/linux/include/linux/fs.h:889 at osd_create+0x9cf/0xcf0 [osd_wbcfs], CPU#14: lctl/2193
00107 Modules linked in: llog_test(O) mgs(O) osd_wbcfs(O) lustre(O) obdecho(O) mgc(O) mdc(O) lov(O) osc(O) lmv(O) ec(O) fid(O) fld(O) ptlrpc(O) efivarfs obdclass(O) ksocklnd(O) lnet(O) libcfs(O)
00107 CPU: 14 UID: 0 PID: 2193 Comm: lctl Tainted: G        W  O        7.0.0-ktest-c545f70-6330a45-20260722-dirty #1 PREEMPT 
00107 Tainted: [W]=WARN, [O]=OOT_MODULE
00107 Hardware name: QEMU Standard PC (Q35 + ICH9, 2009), BIOS 2025.11-3ubuntu7 03/31/2026
00107 RIP: 0010:osd_create+0x9cf/0xcf0 [osd_wbcfs]
00107 Code: c7 c7 00 d6 af a1 48 c7 c6 a0 a2 72 a1 48 c7 c2 00 ac 72 a1 e8 82 dd 43 ff 48 c7 c7 00 d6 af a1 e8 f6 6a 44 ff e9 fe fc ff ff <0f> 0b e9 a5 fa ff ff 48 c7 c1 80 44 5d a0 80 e1 07 80 c1 03 38 c1
00107 RSP: 0018:ffffc90006207478 EFLAGS: 00010246
00107 RAX: 0000000000000000 RBX: ffff88818d241c00 RCX: 0000000000000046
00107 RDX: 0000000000000000 RSI: ffff888199a582d0 RDI: ffff8881890509c0
00107 RBP: ffff888199a58240 R08: ffffffff83a16803 R09: 1ffffffff0742d00
00107 R10: dffffc0000000000 R11: fffffbfff0742d01 R12: ffff888184fc9800
00107 R13: dffffc0000000000 R14: 1ffff11031a48380 R15: 1ffff110309f930f
00107 FS:  00007fe9aa26e940(0000) GS:ffff88831eb2d000(0000) knlGS:0000000000000000
00107 CS:  0010 DS: 0000 ES: 0000 CR0: 0000000080050033
00107 CR2: 000055b6b24053b0 CR3: 000000019afaf000 CR4: 0000000000750eb0
00107 PKRU: 55555554
00107 Call Trace:
00107  <TASK>
00107  ? local_object_create+0x109/0x640 [obdclass]
00107  ? dt_write_lock+0x16d/0x2a0 [obdclass]
00107  ? llog_osd_create+0x356/0x1140 [obdclass]
00107  ? llog_create+0x2ed/0x530 [obdclass]
00107  ? llog_cat_new_log+0x6c3/0x2bf0 [obdclass]
00107  ? llog_cat_add_rec+0x6ba/0x1960 [obdclass]
00107  ? llog_cat_add+0x451/0x890 [obdclass]
00107  ? llog_test_10+0x19aa/0x5600 [llog_test]
00107  ? lu_object_put+0xa64/0x1210 [obdclass]
00107  ? do_raw_spin_unlock+0x52/0x230
00107  ? _raw_spin_unlock+0x23/0x40
00107  ? __llog_ctxt_put+0x1c4/0x2f0 [obdclass]
00107  ? llog_run_tests+0x3f45/0x5ac0 [llog_test]
00107  ? get_random_u32+0x51/0x470
00107  ? llog_test_device_init+0x503/0x840 [llog_test]
00107  ? obd_setup+0x559/0x960 [obdclass]
00107  ? class_setup+0xc7d/0x10e0 [obdclass]
00107  ? class_process_config+0x2edb/0x7cb0 [obdclass]
00107  ? class_handle_ioctl+0x2055/0x3590 [obdclass]
00107  ? obd_class_ioctl+0x1f6/0x3c0 [obdclass]
00107  ? __x64_sys_ioctl+0x961/0xe00
00107  ? _copy_to_user+0x3d/0x60
00107  ? __x64_sys_rt_sigaction+0x107/0x140
00107  ? do_syscall_64+0xc1/0x350
00107  ? entry_SYSCALL_64_after_hwframe+0x4b/0x53
00107  </TASK>
00107 ---[ end trace 0000000000000000 ]---
00110 Lustre: 2193:0:(llog_cat.c:80:llog_cat_new_log()) MGS: there are no more free slots in catalog 42145b53
00110 Lustre: 2193:0:(llog_cat.c:80:llog_cat_new_log()) Skipped 755 previous similar messages
00110 LustreError: 2193:0:(llog_cat.c:593:llog_cat_add_rec()) MGS: initialization error: rc = -28
00110 LustreError: 2193:0:(llog_cat.c:593:llog_cat_add_rec()) Skipped 755 previous similar messages
00110 Lustre: 2193:0:(llog_test.c:1781:llog_test_10()) 10e: wrote 64578 records then 189 failed with ENOSPC
00110 Lustre: 2193:0:(llog_test.c:1783:llog_test_10()) 10e: print the catalog entries.. we expect 4
00110 Lustre: 2193:0:(llog_cat.c:984:llog_cat_process_or_fork()) MGS: catlog [0xa:0x5:0x0] crosses index zero
00110 Lustre: 2193:0:(llog_test.c:700:cat_print_cb()) seeing record at index 2 - [0x1:0x19:0x0] in log [0xa:0x5:0x0]
00110 Lustre: 2193:0:(llog_test.c:700:cat_print_cb()) Skipped 2 previous similar messages
00110 Lustre: 2193:0:(llog_test.c:1819:llog_test_10()) 10e: catalog successfully wrap around, last_idx 1, first 1
00110 Lustre: 2193:0:(llog_test.c:1836:llog_test_10()) 10f: Cancel 64767 records, see one log zapped
00112 Lustre: 2193:0:(llog_test.c:1850:llog_test_10()) 10f: print the catalog entries.. we expect 3
00112 Lustre: 2193:0:(llog_cat.c:984:llog_cat_process_or_fork()) MGS: catlog [0xa:0x5:0x0] crosses index zero
00112 Lustre: 2193:0:(llog_cat.c:984:llog_cat_process_or_fork()) Skipped 1 previous similar message
00112 Lustre: 2193:0:(llog_test.c:1881:llog_test_10()) 10f: write 64767 more log records
00112 ------------[ cut here ]------------
00112 WARNING: /home/ktest/git/linux/include/linux/fs.h:889 at osd_create+0x9cf/0xcf0 [osd_wbcfs], CPU#14: lctl/2193
00112 Modules linked in: llog_test(O) mgs(O) osd_wbcfs(O) lustre(O) obdecho(O) mgc(O) mdc(O) lov(O) osc(O) lmv(O) ec(O) fid(O) fld(O) ptlrpc(O) efivarfs obdclass(O) ksocklnd(O) lnet(O) libcfs(O)
00112 CPU: 14 UID: 0 PID: 2193 Comm: lctl Tainted: G        W  O        7.0.0-ktest-c545f70-6330a45-20260722-dirty #1 PREEMPT 
00112 Tainted: [W]=WARN, [O]=OOT_MODULE
00112 Hardware name: QEMU Standard PC (Q35 + ICH9, 2009), BIOS 2025.11-3ubuntu7 03/31/2026
00112 RIP: 0010:osd_create+0x9cf/0xcf0 [osd_wbcfs]
00112 Code: c7 c7 00 d6 af a1 48 c7 c6 a0 a2 72 a1 48 c7 c2 00 ac 72 a1 e8 82 dd 43 ff 48 c7 c7 00 d6 af a1 e8 f6 6a 44 ff e9 fe fc ff ff <0f> 0b e9 a5 fa ff ff 48 c7 c1 80 44 5d a0 80 e1 07 80 c1 03 38 c1
00112 RSP: 0018:ffffc90006207478 EFLAGS: 00010246
00112 RAX: 0000000000000000 RBX: ffff888187d96400 RCX: 0000000000000046
00112 RDX: 0000000000000000 RSI: ffff88807ec6a648 RDI: ffff8881890509c0
00112 RBP: ffff88807ec6a5b8 R08: ffffffff83a16803 R09: 1ffffffff0742d00
00112 R10: dffffc0000000000 R11: fffffbfff0742d01 R12: ffff888184fc9800
00112 R13: dffffc0000000000 R14: 1ffff11030fb2c80 R15: 1ffff110309f930f
00112 FS:  00007fe9aa26e940(0000) GS:ffff88831eb2d000(0000) knlGS:0000000000000000
00112 CS:  0010 DS: 0000 ES: 0000 CR0: 0000000080050033
00112 CR2: 000055b6b24053b0 CR3: 000000019afaf000 CR4: 0000000000750eb0
00112 PKRU: 55555554
00112 Call Trace:
00112  <TASK>
00112  ? local_object_create+0x109/0x640 [obdclass]
00112  ? dt_write_lock+0x16d/0x2a0 [obdclass]
00112  ? llog_osd_create+0x356/0x1140 [obdclass]
00112  ? llog_create+0x2ed/0x530 [obdclass]
00112  ? llog_cat_new_log+0x6c3/0x2bf0 [obdclass]
00112  ? llog_cat_add_rec+0x6ba/0x1960 [obdclass]
00112  ? llog_cat_add+0x451/0x890 [obdclass]
00112  ? llog_test_10+0x2c5e/0x5600 [llog_test]
00112  ? lu_object_put+0xa64/0x1210 [obdclass]
00112  ? do_raw_spin_unlock+0x52/0x230
00112  ? _raw_spin_unlock+0x23/0x40
00112  ? __llog_ctxt_put+0x1c4/0x2f0 [obdclass]
00112  ? llog_run_tests+0x3f45/0x5ac0 [llog_test]
00112  ? get_random_u32+0x51/0x470
00112  ? llog_test_device_init+0x503/0x840 [llog_test]
00112  ? obd_setup+0x559/0x960 [obdclass]
00112  ? class_setup+0xc7d/0x10e0 [obdclass]
00112  ? class_process_config+0x2edb/0x7cb0 [obdclass]
00112  ? class_handle_ioctl+0x2055/0x3590 [obdclass]
00112  ? obd_class_ioctl+0x1f6/0x3c0 [obdclass]
00112  ? __x64_sys_ioctl+0x961/0xe00
00112  ? _copy_to_user+0x3d/0x60
00112  ? __x64_sys_rt_sigaction+0x107/0x140
00112  ? do_syscall_64+0xc1/0x350
00112  ? entry_SYSCALL_64_after_hwframe+0x4b/0x53
00112  </TASK>
00112 ---[ end trace 0000000000000000 ]---
00114 Lustre: 2193:0:(llog_cat.c:80:llog_cat_new_log()) MGS: there are no more free slots in catalog 42145b53
00114 Lustre: 2193:0:(llog_cat.c:80:llog_cat_new_log()) Skipped 188 previous similar messages
00114 LustreError: 2193:0:(llog_cat.c:593:llog_cat_add_rec()) MGS: initialization error: rc = -28
00114 LustreError: 2193:0:(llog_cat.c:593:llog_cat_add_rec()) Skipped 188 previous similar messages
00114 Lustre: 2193:0:(llog_test.c:1907:llog_test_10()) 10f: wrote 64578 records then 189 failed with ENOSPC
00114 Lustre: 2193:0:(llog_test.c:1953:llog_test_10()) 10g: Cancel 64767 records, see one log zapped
00114 Lustre: 2193:0:(llog_cat.c:984:llog_cat_process_or_fork()) MGS: catlog [0xa:0x5:0x0] crosses index zero
00116 Lustre: 2193:0:(llog_test.c:1965:llog_test_10()) 10g: print the catalog entries.. we expect 3
00116 Lustre: 2193:0:(llog_test.c:700:cat_print_cb()) seeing record at index 4 - [0x1:0x1b:0x0] in log [0xa:0x5:0x0]
00116 Lustre: 2193:0:(llog_test.c:700:cat_print_cb()) Skipped 6 previous similar messages
00116 Lustre: 2193:0:(llog_test.c:1995:llog_test_10()) 10g: Cancel 64767 records, see one log zapped
00118 Lustre: 2193:0:(llog_test.c:2009:llog_test_10()) 10g: print the catalog entries.. we expect 2
00118 Lustre: 2193:0:(llog_test.c:2047:llog_test_10()) 10g: Cancel 64767 records, see one log zapped
00120 Lustre: 2193:0:(llog_test.c:2061:llog_test_10()) 10g: print the catalog entries.. we expect 1
00120 Lustre: 2193:0:(llog_test.c:2087:llog_test_10()) 10g: llh_cat_idx has also successfully wrapped!
00120 Lustre: 2215:0:(llog_test.c:1535:cat_check_old_cb()) seeing record at index 2 - [0x1:0x1d:0x0] in log [0xa:0x5:0x0]
00120 Lustre: 2193:0:(llog_test.c:2111:llog_test_10()) 10h: write 64767 more log records
00120 ------------[ cut here ]------------
00120 WARNING: /home/ktest/git/linux/include/linux/fs.h:889 at osd_create+0x9cf/0xcf0 [osd_wbcfs], CPU#14: lctl/2193
00120 Modules linked in: llog_test(O) mgs(O) osd_wbcfs(O) lustre(O) obdecho(O) mgc(O) mdc(O) lov(O) osc(O) lmv(O) ec(O) fid(O) fld(O) ptlrpc(O) efivarfs obdclass(O) ksocklnd(O) lnet(O) libcfs(O)
00120 CPU: 14 UID: 0 PID: 2193 Comm: lctl Tainted: G        W  O        7.0.0-ktest-c545f70-6330a45-20260722-dirty #1 PREEMPT 
00120 Tainted: [W]=WARN, [O]=OOT_MODULE
00120 Hardware name: QEMU Standard PC (Q35 + ICH9, 2009), BIOS 2025.11-3ubuntu7 03/31/2026
00120 RIP: 0010:osd_create+0x9cf/0xcf0 [osd_wbcfs]
00120 Code: c7 c7 00 d6 af a1 48 c7 c6 a0 a2 72 a1 48 c7 c2 00 ac 72 a1 e8 82 dd 43 ff 48 c7 c7 00 d6 af a1 e8 f6 6a 44 ff e9 fe fc ff ff <0f> 0b e9 a5 fa ff ff 48 c7 c1 80 44 5d a0 80 e1 07 80 c1 03 38 c1
00120 RSP: 0018:ffffc90006207478 EFLAGS: 00010246
00120 RAX: 0000000000000000 RBX: ffff888001412800 RCX: 0000000000000046
00120 RDX: 0000000000000000 RSI: ffff88807ec69f30 RDI: ffff8881890509c0
00120 RBP: ffff88807ec69ea0 R08: ffffffff83a16803 R09: 1ffffffff0742d00
00120 R10: dffffc0000000000 R11: fffffbfff0742d01 R12: ffff888184fc9800
00120 R13: dffffc0000000000 R14: 1ffff11000282500 R15: 1ffff110309f930f
00120 FS:  00007fe9aa26e940(0000) GS:ffff88831eb2d000(0000) knlGS:0000000000000000
00120 CS:  0010 DS: 0000 ES: 0000 CR0: 0000000080050033
00120 CR2: 000055b6b24053b0 CR3: 000000019afaf000 CR4: 0000000000750eb0
00120 PKRU: 55555554
00120 Call Trace:
00120  <TASK>
00120  ? local_object_create+0x109/0x640 [obdclass]
00120  ? dt_write_lock+0x16d/0x2a0 [obdclass]
00120  ? llog_osd_create+0x356/0x1140 [obdclass]
00120  ? llog_create+0x2ed/0x530 [obdclass]
00120  ? llog_cat_new_log+0x6c3/0x2bf0 [obdclass]
00120  ? llog_cat_add_rec+0x6ba/0x1960 [obdclass]
00120  ? llog_cat_add+0x451/0x890 [obdclass]
00120  ? llog_test_10+0x50f8/0x5600 [llog_test]
00120  ? llog_test_9_sub+0x800/0x800 [llog_test]
00120  ? llog_run_tests+0x3f45/0x5ac0 [llog_test]
00120  ? get_random_u32+0x51/0x470
00120  ? llog_test_device_init+0x503/0x840 [llog_test]
00120  ? obd_setup+0x559/0x960 [obdclass]
00120  ? class_setup+0xc7d/0x10e0 [obdclass]
00120  ? class_process_config+0x2edb/0x7cb0 [obdclass]
00120  ? class_handle_ioctl+0x2055/0x3590 [obdclass]
00120  ? obd_class_ioctl+0x1f6/0x3c0 [obdclass]
00120  ? __x64_sys_ioctl+0x961/0xe00
00120  ? _copy_to_user+0x3d/0x60
00120  ? __x64_sys_rt_sigaction+0x107/0x140
00120  ? do_syscall_64+0xc1/0x350
00120  ? entry_SYSCALL_64_after_hwframe+0x4b/0x53
00120  </TASK>
00120 ---[ end trace 0000000000000000 ]---
00120 LustreError: 2193:0:(llog_osd.c:684:llog_osd_write_rec()) cfs_race id 1317 sleeping
00121 LustreError: 2215:0:(llog.c:690:llog_process_thread()) cfs_fail_race id 1317 waking
00121 LustreError: 2193:0:(llog_osd.c:684:llog_osd_write_rec()) cfs_fail_race id 1317 awake: rc=443
00122 LustreError: 2215:0:(llog.c:690:llog_process_thread()) cfs_fail_race id 1317 waking
00122 Lustre: 2215:0:(llog_test.c:1535:cat_check_old_cb()) seeing record at index 3 - [0x1:0x1e:0x0] in log [0xa:0x5:0x0]
00125 ------------[ cut here ]------------
00125 WARNING: /home/ktest/git/linux/include/linux/fs.h:889 at osd_create+0x9cf/0xcf0 [osd_wbcfs], CPU#14: lctl/2193
00125 Modules linked in: llog_test(O) mgs(O) osd_wbcfs(O) lustre(O) obdecho(O) mgc(O) mdc(O) lov(O) osc(O) lmv(O) ec(O) fid(O) fld(O) ptlrpc(O) efivarfs obdclass(O) ksocklnd(O) lnet(O) libcfs(O)
00125 CPU: 14 UID: 0 PID: 2193 Comm: lctl Tainted: G        W  O        7.0.0-ktest-c545f70-6330a45-20260722-dirty #1 PREEMPT 
00125 Tainted: [W]=WARN, [O]=OOT_MODULE
00125 Hardware name: QEMU Standard PC (Q35 + ICH9, 2009), BIOS 2025.11-3ubuntu7 03/31/2026
00125 RIP: 0010:osd_create+0x9cf/0xcf0 [osd_wbcfs]
00125 Code: c7 c7 00 d6 af a1 48 c7 c6 a0 a2 72 a1 48 c7 c2 00 ac 72 a1 e8 82 dd 43 ff 48 c7 c7 00 d6 af a1 e8 f6 6a 44 ff e9 fe fc ff ff <0f> 0b e9 a5 fa ff ff 48 c7 c1 80 44 5d a0 80 e1 07 80 c1 03 38 c1
00125 RSP: 0018:ffffc90006207478 EFLAGS: 00010246
00125 RAX: 0000000000000000 RBX: ffff888012375400 RCX: 0000000000000046
00125 RDX: 0000000000000000 RSI: ffff88807ec69818 RDI: ffff8881890509c0
00125 RBP: ffff88807ec69788 R08: ffffffff83a16803 R09: 1ffffffff0742d00
00125 R10: dffffc0000000000 R11: fffffbfff0742d01 R12: ffff888184fc9800
00125 R13: dffffc0000000000 R14: 1ffff1100246ea80 R15: 1ffff110309f930f
00125 FS:  00007fe9aa26e940(0000) GS:ffff88831eb2d000(0000) knlGS:0000000000000000
00125 CS:  0010 DS: 0000 ES: 0000 CR0: 0000000080050033
00125 CR2: 000055b6b24053b0 CR3: 000000019afaf000 CR4: 0000000000750eb0
00125 PKRU: 55555554
00125 Call Trace:
00125  <TASK>
00125  ? local_object_create+0x109/0x640 [obdclass]
00125  ? dt_write_lock+0x16d/0x2a0 [obdclass]
00125  ? llog_osd_create+0x356/0x1140 [obdclass]
00125  ? llog_create+0x2ed/0x530 [obdclass]
00125  ? llog_cat_new_log+0x6c3/0x2bf0 [obdclass]
00125  ? llog_cat_add_rec+0x6ba/0x1960 [obdclass]
00125  ? llog_cat_add+0x451/0x890 [obdclass]
00125  ? llog_test_10+0x50f8/0x5600 [llog_test]
00125  ? llog_test_9_sub+0x800/0x800 [llog_test]
00125  ? llog_run_tests+0x3f45/0x5ac0 [llog_test]
00125  ? get_random_u32+0x51/0x470
00125  ? llog_test_device_init+0x503/0x840 [llog_test]
00125  ? obd_setup+0x559/0x960 [obdclass]
00125  ? class_setup+0xc7d/0x10e0 [obdclass]
00125  ? class_process_config+0x2edb/0x7cb0 [obdclass]
00125  ? class_handle_ioctl+0x2055/0x3590 [obdclass]
00125  ? obd_class_ioctl+0x1f6/0x3c0 [obdclass]
00125  ? __x64_sys_ioctl+0x961/0xe00
00125  ? _copy_to_user+0x3d/0x60
00125  ? __x64_sys_rt_sigaction+0x107/0x140
00125  ? do_syscall_64+0xc1/0x350
00125  ? entry_SYSCALL_64_after_hwframe+0x4b/0x53
00125  </TASK>
00125 ---[ end trace 0000000000000000 ]---
00125 LustreError: 2193:0:(llog_osd.c:684:llog_osd_write_rec()) cfs_fail_race id 1317 waking
00126 Lustre: 2193:0:(llog_test.c:2137:llog_test_10()) 10h: wrote 64767 records then 0 failed with ENOSPC
00126 Lustre: 2193:0:(llog_test.c:2150:llog_test_10()) 10: put newly-created catalog
00126 Lustre: 2193:0:(llog_test.c:2180:llog_test_11()) 11: create a plain nameless log
00126 ------------[ cut here ]------------
00126 WARNING: /home/ktest/git/linux/include/linux/fs.h:889 at osd_create+0x9cf/0xcf0 [osd_wbcfs], CPU#14: lctl/2193
00126 Modules linked in: llog_test(O) mgs(O) osd_wbcfs(O) lustre(O) obdecho(O) mgc(O) mdc(O) lov(O) osc(O) lmv(O) ec(O) fid(O) fld(O) ptlrpc(O) efivarfs obdclass(O) ksocklnd(O) lnet(O) libcfs(O)
00126 CPU: 14 UID: 0 PID: 2193 Comm: lctl Tainted: G        W  O        7.0.0-ktest-c545f70-6330a45-20260722-dirty #1 PREEMPT 
00126 Tainted: [W]=WARN, [O]=OOT_MODULE
00126 Hardware name: QEMU Standard PC (Q35 + ICH9, 2009), BIOS 2025.11-3ubuntu7 03/31/2026
00126 RIP: 0010:osd_create+0x9cf/0xcf0 [osd_wbcfs]
00126 Code: c7 c7 00 d6 af a1 48 c7 c6 a0 a2 72 a1 48 c7 c2 00 ac 72 a1 e8 82 dd 43 ff 48 c7 c7 00 d6 af a1 e8 f6 6a 44 ff e9 fe fc ff ff <0f> 0b e9 a5 fa ff ff 48 c7 c1 80 44 5d a0 80 e1 07 80 c1 03 38 c1
00126 RSP: 0018:ffffc90006207680 EFLAGS: 00010246
00126 RAX: 0000000000000000 RBX: ffff8880336d9000 RCX: 0000000000000046
00126 RDX: 0000000000000000 RSI: ffff88807ec69100 RDI: ffff888189050998
00126 RBP: ffff88807ec69070 R08: ffffffff83a16803 R09: 1ffffffff0742d00
00126 R10: dffffc0000000000 R11: fffffbfff0742d01 R12: ffff888184fc9800
00126 R13: dffffc0000000000 R14: 1ffff110066db200 R15: 1ffff110309f930f
00126 FS:  00007fe9aa26e940(0000) GS:ffff88831eb2d000(0000) knlGS:0000000000000000
00126 CS:  0010 DS: 0000 ES: 0000 CR0: 0000000080050033
00126 CR2: 000055b6b24053b0 CR3: 000000019afaf000 CR4: 0000000000750eb0
00126 PKRU: 55555554
00126 Call Trace:
00126  <TASK>
00126  ? local_object_create+0x109/0x640 [obdclass]
00126  ? dt_write_lock+0x16d/0x2a0 [obdclass]
00126  ? llog_osd_create+0x356/0x1140 [obdclass]
00126  ? llog_create+0x2ed/0x530 [obdclass]
00126  ? llog_open_create+0x5af/0xb10 [obdclass]
00126  ? llog_test_11+0x2a4/0x1130 [llog_test]
00126  ? llog_test_9_sub+0x800/0x800 [llog_test]
00126  ? llog_run_tests+0x41b0/0x5ac0 [llog_test]
00126  ? get_random_u32+0x51/0x470
00126  ? llog_test_device_init+0x503/0x840 [llog_test]
00126  ? obd_setup+0x559/0x960 [obdclass]
00126  ? class_setup+0xc7d/0x10e0 [obdclass]
00126  ? class_process_config+0x2edb/0x7cb0 [obdclass]
00126  ? class_handle_ioctl+0x2055/0x3590 [obdclass]
00126  ? obd_class_ioctl+0x1f6/0x3c0 [obdclass]
00126  ? __x64_sys_ioctl+0x961/0xe00
00126  ? _copy_to_user+0x3d/0x60
00126  ? __x64_sys_rt_sigaction+0x107/0x140
00126  ? do_syscall_64+0xc1/0x350
00126  ? entry_SYSCALL_64_after_hwframe+0x4b/0x53
00126  </TASK>
00126 ---[ end trace 0000000000000000 ]---
00126 Lustre: 2193:0:(llog_test.c:2205:llog_test_11()) 11: size 8216 in 0 blocks after 1 rec
00126 Lustre: 2193:0:(llog_test.c:2207:llog_test_11()) 11: add few records
00126 Lustre: 2193:0:(llog_test.c:2224:llog_test_11()) 11: size 10616 in 0 blocks with few recs
00126 lctl (2193): drop_caches: 3
00126 Lustre: 2193:0:(llog_test.c:2250:llog_test_11()) 11: re-open the log by LOGID and verify llh_count
00126 Lustre: 2193:0:(llog_test.c:2265:llog_test_11()) 11: size 10616 in 0 blocks after re-open
00126 Lustre: 2193:0:(llog_test.c:2355:llog_test_12()) 12: create a catalog log with name: 42145b54
00126 ------------[ cut here ]------------
00126 WARNING: /home/ktest/git/linux/include/linux/fs.h:889 at osd_create+0x9cf/0xcf0 [osd_wbcfs], CPU#14: lctl/2193
00126 Modules linked in: llog_test(O) mgs(O) osd_wbcfs(O) lustre(O) obdecho(O) mgc(O) mdc(O) lov(O) osc(O) lmv(O) ec(O) fid(O) fld(O) ptlrpc(O) efivarfs obdclass(O) ksocklnd(O) lnet(O) libcfs(O)
00126 CPU: 14 UID: 0 PID: 2193 Comm: lctl Tainted: G        W  O        7.0.0-ktest-c545f70-6330a45-20260722-dirty #1 PREEMPT 
00126 Tainted: [W]=WARN, [O]=OOT_MODULE
00126 Hardware name: QEMU Standard PC (Q35 + ICH9, 2009), BIOS 2025.11-3ubuntu7 03/31/2026
00126 RIP: 0010:osd_create+0x9cf/0xcf0 [osd_wbcfs]
00126 Code: c7 c7 00 d6 af a1 48 c7 c6 a0 a2 72 a1 48 c7 c2 00 ac 72 a1 e8 82 dd 43 ff 48 c7 c7 00 d6 af a1 e8 f6 6a 44 ff e9 fe fc ff ff <0f> 0b e9 a5 fa ff ff 48 c7 c1 80 44 5d a0 80 e1 07 80 c1 03 38 c1
00126 RSP: 0018:ffffc90006207678 EFLAGS: 00010246
00126 RAX: 0000000000000000 RBX: ffff8880336dbc00 RCX: 0000000000000046
00126 RDX: 0000000000000000 RSI: ffff88807ec689e8 RDI: ffff888189050998
00126 RBP: ffff88807ec68958 R08: ffffffff83a16803 R09: 1ffffffff0742d00
00126 R10: dffffc0000000000 R11: fffffbfff0742d01 R12: ffff888184fc9800
00126 R13: dffffc0000000000 R14: 1ffff110066db780 R15: 1ffff110309f930f
00126 FS:  00007fe9aa26e940(0000) GS:ffff88831eb2d000(0000) knlGS:0000000000000000
00126 CS:  0010 DS: 0000 ES: 0000 CR0: 0000000080050033
00126 CR2: 000055b6b24053b0 CR3: 000000019afaf000 CR4: 0000000000750eb0
00126 PKRU: 55555554
00126 Call Trace:
00126  <TASK>
00126  ? local_object_create+0x109/0x640 [obdclass]
00126  ? dt_write_lock+0x16d/0x2a0 [obdclass]
00126  ? llog_osd_create+0x356/0x1140 [obdclass]
00126  ? llog_create+0x2ed/0x530 [obdclass]
00126  ? llog_open_create+0x5af/0xb10 [obdclass]
00126  ? llog_test_12+0x40f/0x2d90 [llog_test]
00126  ? llog_test_11+0xc14/0x1130 [llog_test]
00126  ? llog_run_tests+0x4434/0x5ac0 [llog_test]
00126  ? get_random_u32+0x51/0x470
00126  ? llog_test_device_init+0x503/0x840 [llog_test]
00126  ? obd_setup+0x559/0x960 [obdclass]
00126  ? class_setup+0xc7d/0x10e0 [obdclass]
00126  ? class_process_config+0x2edb/0x7cb0 [obdclass]
00126  ? class_handle_ioctl+0x2055/0x3590 [obdclass]
00126  ? obd_class_ioctl+0x1f6/0x3c0 [obdclass]
00126  ? __x64_sys_ioctl+0x961/0xe00
00126  ? _copy_to_user+0x3d/0x60
00126  ? __x64_sys_rt_sigaction+0x107/0x140
00126  ? do_syscall_64+0xc1/0x350
00126  ? entry_SYSCALL_64_after_hwframe+0x4b/0x53
00126  </TASK>
00126 ---[ end trace 0000000000000000 ]---
00126 ------------[ cut here ]------------
00126 WARNING: /home/ktest/git/linux/include/linux/fs.h:889 at osd_create+0x9cf/0xcf0 [osd_wbcfs], CPU#14: lctl/2193
00126 Modules linked in: llog_test(O) mgs(O) osd_wbcfs(O) lustre(O) obdecho(O) mgc(O) mdc(O) lov(O) osc(O) lmv(O) ec(O) fid(O) fld(O) ptlrpc(O) efivarfs obdclass(O) ksocklnd(O) lnet(O) libcfs(O)
00126 CPU: 14 UID: 0 PID: 2193 Comm: lctl Tainted: G        W  O        7.0.0-ktest-c545f70-6330a45-20260722-dirty #1 PREEMPT 
00126 Tainted: [W]=WARN, [O]=OOT_MODULE
00126 Hardware name: QEMU Standard PC (Q35 + ICH9, 2009), BIOS 2025.11-3ubuntu7 03/31/2026
00126 RIP: 0010:osd_create+0x9cf/0xcf0 [osd_wbcfs]
00126 Code: c7 c7 00 d6 af a1 48 c7 c6 a0 a2 72 a1 48 c7 c2 00 ac 72 a1 e8 82 dd 43 ff 48 c7 c7 00 d6 af a1 e8 f6 6a 44 ff e9 fe fc ff ff <0f> 0b e9 a5 fa ff ff 48 c7 c1 80 44 5d a0 80 e1 07 80 c1 03 38 c1
00126 RSP: 0018:ffffc90006207518 EFLAGS: 00010246
00126 RAX: 0000000000000000 RBX: ffff8880336db400 RCX: 0000000000000046
00126 RDX: 0000000000000000 RSI: ffff88807ec682d0 RDI: ffff8881890509c0
00126 RBP: ffff88807ec68240 R08: ffffffff83a16803 R09: 1ffffffff0742d00
00126 R10: dffffc0000000000 R11: fffffbfff0742d01 R12: ffff888184fc9800
00126 R13: dffffc0000000000 R14: 1ffff110066db680 R15: 1ffff110309f930f
00126 FS:  00007fe9aa26e940(0000) GS:ffff88831eb2d000(0000) knlGS:0000000000000000
00126 CS:  0010 DS: 0000 ES: 0000 CR0: 0000000080050033
00126 CR2: 000055b6b24053b0 CR3: 000000019afaf000 CR4: 0000000000750eb0
00126 PKRU: 55555554
00126 Call Trace:
00126  <TASK>
00126  ? local_object_create+0x109/0x640 [obdclass]
00126  ? dt_write_lock+0x16d/0x2a0 [obdclass]
00126  ? llog_osd_create+0x356/0x1140 [obdclass]
00126  ? llog_create+0x2ed/0x530 [obdclass]
00126  ? llog_cat_new_log+0x6c3/0x2bf0 [obdclass]
00126  ? llog_cat_add_rec+0x6ba/0x1960 [obdclass]
00126  ? llog_cat_add+0x451/0x890 [obdclass]
00126  ? llog_test_12+0x68f/0x2d90 [llog_test]
00126  ? llog_test_11+0xc14/0x1130 [llog_test]
00126  ? llog_run_tests+0x4434/0x5ac0 [llog_test]
00126  ? get_random_u32+0x51/0x470
00126  ? llog_test_device_init+0x503/0x840 [llog_test]
00126  ? obd_setup+0x559/0x960 [obdclass]
00126  ? class_setup+0xc7d/0x10e0 [obdclass]
00126  ? class_process_config+0x2edb/0x7cb0 [obdclass]
00126  ? class_handle_ioctl+0x2055/0x3590 [obdclass]
00126  ? obd_class_ioctl+0x1f6/0x3c0 [obdclass]
00126  ? __x64_sys_ioctl+0x961/0xe00
00126  ? _copy_to_user+0x3d/0x60
00126  ? __x64_sys_rt_sigaction+0x107/0x140
00126  ? do_syscall_64+0xc1/0x350
00126  ? entry_SYSCALL_64_after_hwframe+0x4b/0x53
00126  </TASK>
00126 ---[ end trace 0000000000000000 ]---
00126 Lustre: 12: truncate 24 bytes
00126 Lustre: 12: re-open and process the catalog
00126 LustreError: 2193:0:(llog_osd.c:1248:llog_osd_next_block()) MGS0000-osd: invalid llog tail at log id [0xa:0x6:0x0] offset 8232 last_rec idx 8704 tail idx 275010875 lrt len 1 read_size 40
00126 LustreError: 2193:0:(llog.c:886:llog_process_thread()) MGS: local llog is corrupted [0xa:0x6:0x0] catalog index 1 count 2
00126 Lustre: 12: try to add to the catalog
00126 ------------[ cut here ]------------
00126 WARNING: /home/ktest/git/linux/include/linux/fs.h:889 at osd_create+0x9cf/0xcf0 [osd_wbcfs], CPU#14: lctl/2193
00126 Modules linked in: llog_test(O) mgs(O) osd_wbcfs(O) lustre(O) obdecho(O) mgc(O) mdc(O) lov(O) osc(O) lmv(O) ec(O) fid(O) fld(O) ptlrpc(O) efivarfs obdclass(O) ksocklnd(O) lnet(O) libcfs(O)
00126 CPU: 14 UID: 0 PID: 2193 Comm: lctl Tainted: G        W  O        7.0.0-ktest-c545f70-6330a45-20260722-dirty #1 PREEMPT 
00126 Tainted: [W]=WARN, [O]=OOT_MODULE
00126 Hardware name: QEMU Standard PC (Q35 + ICH9, 2009), BIOS 2025.11-3ubuntu7 03/31/2026
00126 RIP: 0010:osd_create+0x9cf/0xcf0 [osd_wbcfs]
00126 Code: c7 c7 00 d6 af a1 48 c7 c6 a0 a2 72 a1 48 c7 c2 00 ac 72 a1 e8 82 dd 43 ff 48 c7 c7 00 d6 af a1 e8 f6 6a 44 ff e9 fe fc ff ff <0f> 0b e9 a5 fa ff ff 48 c7 c1 80 44 5d a0 80 e1 07 80 c1 03 38 c1
00126 RSP: 0018:ffffc90006207518 EFLAGS: 00010246
00126 RAX: 0000000000000000 RBX: ffff888033ae7000 RCX: 0000000000000046
00126 RDX: 0000000000000000 RSI: ffff888199a5fb68 RDI: ffff8881890509c0
00126 RBP: ffff888199a5fad8 R08: ffffffff83a16803 R09: 1ffffffff0742d00
00126 R10: dffffc0000000000 R11: fffffbfff0742d01 R12: ffff888184fc9800
00126 R13: dffffc0000000000 R14: 1ffff1100675ce00 R15: 1ffff110309f930f
00126 FS:  00007fe9aa26e940(0000) GS:ffff88831eb2d000(0000) knlGS:0000000000000000
00126 CS:  0010 DS: 0000 ES: 0000 CR0: 0000000080050033
00126 CR2: 000055b6b24053b0 CR3: 000000019afaf000 CR4: 0000000000750eb0
00126 PKRU: 55555554
00126 Call Trace:
00126  <TASK>
00126  ? local_object_create+0x109/0x640 [obdclass]
00126  ? dt_write_lock+0x16d/0x2a0 [obdclass]
00126  ? llog_osd_create+0x356/0x1140 [obdclass]
00126  ? llog_create+0x2ed/0x530 [obdclass]
00126  ? llog_cat_new_log+0x6c3/0x2bf0 [obdclass]
00126  ? llog_cat_add_rec+0x6ba/0x1960 [obdclass]
00126  ? llog_cat_add+0x451/0x890 [obdclass]
00126  ? llog_test_12+0xfdb/0x2d90 [llog_test]
00126  ? llog_run_tests+0x4434/0x5ac0 [llog_test]
00126  ? get_random_u32+0x51/0x470
00126  ? llog_test_device_init+0x503/0x840 [llog_test]
00126  ? obd_setup+0x559/0x960 [obdclass]
00126  ? class_setup+0xc7d/0x10e0 [obdclass]
00126  ? class_process_config+0x2edb/0x7cb0 [obdclass]
00126  ? class_handle_ioctl+0x2055/0x3590 [obdclass]
00126  ? obd_class_ioctl+0x1f6/0x3c0 [obdclass]
00126  ? __x64_sys_ioctl+0x961/0xe00
00126  ? _copy_to_user+0x3d/0x60
00126  ? __x64_sys_rt_sigaction+0x107/0x140
00126  ? do_syscall_64+0xc1/0x350
00126  ? entry_SYSCALL_64_after_hwframe+0x4b/0x53
00126  </TASK>
00126 ---[ end trace 0000000000000000 ]---
00126 LustreError: 2193:0:(llog_osd.c:1231:llog_osd_next_block()) MGS0000-osd: invalid llog tail at log id [0x6:0xa:0x0]:0 offset 8297 tail idx 603979776 lrt len 1074261 read_size 105
00126 ------------[ cut here ]------------
00126 WARNING: /home/ktest/git/linux/include/linux/fs.h:889 at osd_create+0x9cf/0xcf0 [osd_wbcfs], CPU#14: lctl/2193
00126 Modules linked in: llog_test(O) mgs(O) osd_wbcfs(O) lustre(O) obdecho(O) mgc(O) mdc(O) lov(O) osc(O) lmv(O) ec(O) fid(O) fld(O) ptlrpc(O) efivarfs obdclass(O) ksocklnd(O) lnet(O) libcfs(O)
00126 CPU: 14 UID: 0 PID: 2193 Comm: lctl Tainted: G        W  O        7.0.0-ktest-c545f70-6330a45-20260722-dirty #1 PREEMPT 
00126 Tainted: [W]=WARN, [O]=OOT_MODULE
00126 Hardware name: QEMU Standard PC (Q35 + ICH9, 2009), BIOS 2025.11-3ubuntu7 03/31/2026
00126 RIP: 0010:osd_create+0x9cf/0xcf0 [osd_wbcfs]
00126 Code: c7 c7 00 d6 af a1 48 c7 c6 a0 a2 72 a1 48 c7 c2 00 ac 72 a1 e8 82 dd 43 ff 48 c7 c7 00 d6 af a1 e8 f6 6a 44 ff e9 fe fc ff ff <0f> 0b e9 a5 fa ff ff 48 c7 c1 80 44 5d a0 80 e1 07 80 c1 03 38 c1
00126 RSP: 0018:ffffc90006207518 EFLAGS: 00010246
00126 RAX: 0000000000000000 RBX: ffff8881ba950c00 RCX: 0000000000000046
00126 RDX: 0000000000000000 RSI: ffff888199a5f450 RDI: ffff8881890509c0
00126 RBP: ffff888199a5f3c0 R08: ffffffff83a16803 R09: 1ffffffff0742d00
00126 R10: dffffc0000000000 R11: fffffbfff0742d01 R12: ffff888184fc9800
00126 R13: dffffc0000000000 R14: 1ffff1103752a180 R15: 1ffff110309f930f
00126 FS:  00007fe9aa26e940(0000) GS:ffff88831eb2d000(0000) knlGS:0000000000000000
00126 CS:  0010 DS: 0000 ES: 0000 CR0: 0000000080050033
00126 CR2: 000055b6b24053b0 CR3: 000000019afaf000 CR4: 0000000000750eb0
00126 PKRU: 55555554
00126 Call Trace:
00126  <TASK>
00126  ? local_object_create+0x109/0x640 [obdclass]
00126  ? dt_write_lock+0x16d/0x2a0 [obdclass]
00126  ? llog_osd_create+0x356/0x1140 [obdclass]
00126  ? llog_create+0x2ed/0x530 [obdclass]
00126  ? llog_cat_new_log+0x6c3/0x2bf0 [obdclass]
00126  ? llog_cat_add_rec+0x6ba/0x1960 [obdclass]
00126  ? llog_cat_add+0x451/0x890 [obdclass]
00126  ? llog_test_12+0xfdb/0x2d90 [llog_test]
00126  ? llog_run_tests+0x4434/0x5ac0 [llog_test]
00126  ? get_random_u32+0x51/0x470
00126  ? llog_test_device_init+0x503/0x840 [llog_test]
00126  ? obd_setup+0x559/0x960 [obdclass]
00126  ? class_setup+0xc7d/0x10e0 [obdclass]
00126  ? class_process_config+0x2edb/0x7cb0 [obdclass]
00126  ? class_handle_ioctl+0x2055/0x3590 [obdclass]
00126  ? obd_class_ioctl+0x1f6/0x3c0 [obdclass]
00126  ? __x64_sys_ioctl+0x961/0xe00
00126  ? _copy_to_user+0x3d/0x60
00126  ? __x64_sys_rt_sigaction+0x107/0x140
00126  ? do_syscall_64+0xc1/0x350
00126  ? entry_SYSCALL_64_after_hwframe+0x4b/0x53
00126  </TASK>
00126 ---[ end trace 0000000000000000 ]---
00126 ==================================================================
00126 BUG: KASAN: slab-out-of-bounds in llog_osd_next_block+0x13e1/0x3340 [obdclass]
00126 Read of size 4 at addr ffff8881baca3036 by task lctl/2193
00126 
00126 CPU: 14 UID: 0 PID: 2193 Comm: lctl Tainted: G        W  O        7.0.0-ktest-c545f70-6330a45-20260722-dirty #1 PREEMPT 
00126 Tainted: [W]=WARN, [O]=OOT_MODULE
00126 Hardware name: QEMU Standard PC (Q35 + ICH9, 2009), BIOS 2025.11-3ubuntu7 03/31/2026
00126 Call Trace:
00126  <TASK>
00126  dump_stack_lvl+0x52/0x80
00126  print_report+0xbc/0x260
00126  ? llog_osd_next_block+0x13e1/0x3340 [obdclass]
00126  kasan_report+0xa2/0xd0
00126  ? llog_osd_next_block+0x13e1/0x3340 [obdclass]
00126  llog_osd_next_block+0x13e1/0x3340 [obdclass]
00126  llog_process_thread+0xdd7/0x4f70 [obdclass]
00126  ? entry_SYSCALL_64_after_hwframe+0x4b/0x53
00126  ? task_work_add+0x177/0x210
00126  llog_process_or_fork+0x656/0xc90 [obdclass]
00126  ? llog_cat_process+0x30/0x30 [obdclass]
00126  llog_cat_process_or_fork+0x780/0xdb0 [obdclass]
00126  ? llog_cat_process+0x30/0x30 [obdclass]
00126  ? llog_cancel_rec_cb+0x450/0x450 [llog_test]
00126  llog_cat_process+0x24/0x30 [obdclass]
00126  llog_test_12+0xf58/0x2d90 [llog_test]
00126  llog_run_tests+0x4434/0x5ac0 [llog_test]
00126  ? get_random_u32+0x51/0x470
00126  llog_test_device_init+0x503/0x840 [llog_test]
00126  obd_setup+0x559/0x960 [obdclass]
00126  class_setup+0xc7d/0x10e0 [obdclass]
00126  class_process_config+0x2edb/0x7cb0 [obdclass]
00126  class_handle_ioctl+0x2055/0x3590 [obdclass]
00126  obd_class_ioctl+0x1f6/0x3c0 [obdclass]
00126  __x64_sys_ioctl+0x961/0xe00
00126  ? _copy_to_user+0x3d/0x60
00126  ? __x64_sys_rt_sigaction+0x107/0x140
00126  do_syscall_64+0xc1/0x350
00126  entry_SYSCALL_64_after_hwframe+0x4b/0x53
00126 RIP: 0033:0x7fe9aa124e1d
00126 Code: 04 25 28 00 00 00 48 89 45 c8 31 c0 48 8d 45 10 c7 45 b0 10 00 00 00 48 89 45 b8 48 8d 45 d0 48 89 45 c0 b8 10 00 00 00 0f 05 <89> c2 3d 00 f0 ff ff 77 1a 48 8b 45 c8 64 48 2b 04 25 28 00 00 00
00126 RSP: 002b:00007ffc48e362c0 EFLAGS: 00000246 ORIG_RAX: 0000000000000010
00126 RAX: ffffffffffffffda RBX: 00007fe9aa3ee1f0 RCX: 00007fe9aa124e1d
00126 RDX: 00007ffc48e365a0 RSI: 00000000c00866b8 RDI: 0000000000000003
00126 RBP: 00007ffc48e36310 R08: 00007ffc48e36360 R09: 00007ffc48e365a0
00126 R10: 0000564046d8d910 R11: 0000000000000246 R12: 00007ffc48e365a0
00126 R13: 0000564015f6e822 R14: 0000000000000000 R15: 00007ffc48e38620
00126  </TASK>
00126 
00126 The buggy address belongs to the object at ffff8881baca0000
00126  which belongs to the cache kmalloc-8k of size 8192
00126 The buggy address is located 4150 bytes to the right of
00126  allocated 8192-byte region [ffff8881baca0000, ffff8881baca2000)
00126 
00126 The buggy address belongs to the physical page:
00126 page: refcount:0 mapcount:0 mapping:0000000000000000 index:0x0 pfn:0x1baca0
00126 head: order:3 mapcount:0 entire_mapcount:0 nr_pages_mapped:0 pincount:0
00126 flags: 0x8000000000000040(head|zone=2)
00126 page_type: f5(slab)
00126 raw: 8000000000000040 ffff888100042e00 dead000000000122 0000000000000000
00126 raw: 0000000000000000 0000400000020002 00000000f5000000 ffff8881baca2010
00126 head: 8000000000000040 ffff888100042e00 dead000000000122 0000000000000000
00126 head: 0000000000000000 0000400000020002 00000000f5000000 ffff8881baca2010
00126 head: 8000000000000003 ffffea0006eb2801 00000000ffffffff 00000000ffffffff
00126 head: ffffffffffffffff 0000000000000000 00000000ffffffff 0000000000000008
00126 page dumped because: kasan: bad access detected
00126 
00126 Memory state around the buggy address:
00126  ffff8881baca2f00: fc fc fc fc fc fc fc fc fc fc fc fc fc fc fc fc
00126  ffff8881baca2f80: fc fc fc fc fc fc fc fc fc fc fc fc fc fc fc fc
00126 >ffff8881baca3000: fc fc fc fc fc fc fc fc fc fc fc fc fc fc fc fc
00126                                      ^
00126  ffff8881baca3080: fc fc fc fc fc fc fc fc fc fc fc fc fc fc fc fc
00126  ffff8881baca3100: fc fc fc fc fc fc fc fc fc fc fc fc fc fc fc fc
00126 ==================================================================
00126 Disabling lock debugging due to kernel taint
00126 Lustre: 2193:0:(llog_test.c:2464:llog_test_12()) 12: put newly-created catalog
00126 Lustre: 2193:0:(llog_test.c:2532:llog_test_13()) 13a: create a catalog log with name: 42145b54
00126 Lustre: 2193:0:(llog_test.c:2548:llog_test_13()) 13b: write 1 record into the catalog
00126 LustreError: 2193:0:(llog_test.c:2559:llog_test_13()) 13b: found 8 plain llogs
00126 Lustre: 2193:0:(llog_test.c:2561:llog_test_13()) 13c: erase plain llog
00126 LustreError: 2193:0:(llog_cat.c:404:llog_cat_id2handle()) MGS: error opening log id [0x1:0x4f:0x0]: rc = -2
00126 Lustre: 2193:0:(llog_test.c:2581:llog_test_13()) 13d: forward process: found=1708 rc=0
00126 Lustre: 2193:0:(llog_test.c:2585:llog_test_13()) 13e: erase another plain llog
00126 Lustre: 2193:0:(llog_test.c:2605:llog_test_13()) 13e: backward process: found=1367 rc=0
00126 Lustre: 2193:0:(llog_test.c:2608:llog_test_13()) 13f: put newly-created catalog
00131 ========= FAILED TIMEOUT llog-unit in 240s
Error 1 at /home/ktest/ktest/lib/libktest.sh 587 from: "$ktest_dir/lib/supervisor" -S -F -T "$ktest_timeout" -b "$test_basename" -o "$test_logdir" -f "$test_basename.$(date -Iseconds).log" -- "${qemu_cmd[@]}", exiting
Error 1 at ./qlkbuild 182 from: "$ktest_dir/lib/supervisor" -S -F -T "$ktest_timeout" -b "$test_basename" -o "$test_logdir" -f "$test_basename.$(date -Iseconds).log" -- "${qemu_cmd[@]}", exiting
Error 1 at ./qlkbuild 1159 from: "$ktest_dir/lib/supervisor" -S -F -T "$ktest_timeout" -b "$test_basename" -o "$test_logdir" -f "$test_basename.$(date -Iseconds).log" -- "${qemu_cmd[@]}", exiting
