CLI: ./podman-ktest --podman-socket unix:///run/podman/podman.sock --shared-filesystem /tmp --tarball-input job lustre-ci --output /var/www/ci-lustre/upstream-patch-review --git-hash c82f6888f8decbd2d38e312da76035dcc68114c1 --change-id 63516_c82f6888f8decbd2d38e312da76035dcc68114c1 --subject LU-1158 general: support nanosecond timestamps

  Checking /dev/kvm exists... OK
  Checking /dev/kvm permissions... OK
  Creating ccache directory... OK
  Checking ccache directory writable... OK

Environment validated successfully
Creating kernel tarball at /tmp/ktest-kernel.tar.gz...
Creating lustre tarball at /tmp/ktest-lustre.tar.gz...
Executing 16 jobs
Jobs will start as soon as their dependencies are satisfied
Using tarball input mode

START lustre_mainline_native build tests/fs/lustre/boot.ktest
START checkpatch tool checkpatch
START lustre_mainline build tests/fs/lustre/boot.ktest
START lustre_mainline_strict build tests/fs/lustre/boot-strict.ktest
START lustre_al2023 build tests/fs/lustre/boot.ktest
START lustre_u24 build tests/fs/lustre/boot.ktest
PUT /tmp/ktest-kernel.tar.gz 10s
PUT /tmp/ktest-kernel.tar.gz 10s
PUT /tmp/ktest-kernel.tar.gz 10s
PUT /tmp/ktest-kernel.tar.gz 10s
PUT /tmp/ktest-kernel.tar.gz 10s
PUT /tmp/ktest-kernel.tar.gz 10s
PUT /tmp/ktest-lustre.tar.gz 4s
PUT /tmp/ktest-lustre.tar.gz 3s
PUT /tmp/ktest-lustre.tar.gz 3s
PUT /tmp/ktest-lustre.tar.gz 4s
PUT /tmp/ktest-lustre.tar.gz 4s
PUT /tmp/ktest-lustre.tar.gz 3s
END checkpatch tool checkpatch FAIL 19s (exit code: 1)
END lustre_al2023 build tests/fs/lustre/boot.ktest PASS 74s
END lustre_u24 build tests/fs/lustre/boot.ktest PASS 77s
GET /tmp/ktest_lustre_mainline_strict_fa8gs99v.tar 4s
END lustre_mainline_strict build tests/fs/lustre/boot-strict.ktest FAIL 120s (exit code: 1)
GET /tmp/ktest_lustre_mainline_7zrk1y8f.tar 3s
GET /tmp/ktest_lustre_mainline_native_7fpui2ga.tar 3s
END lustre_mainline build tests/fs/lustre/boot.ktest PASS 134s
END lustre_mainline_native build tests/fs/lustre/boot.ktest PASS 136s
START clang-tidy tool clang-tidy
START cc-plugin tool cc-plugin
START boot run tests/fs/lustre/boot.ktest
START llmount run tests/fs/lustre/llmount.ktest
START llog-unit run tests/fs/lustre/llog-unit.ktest
START mgs-setup run tests/fs/lustre/mgs-setup.ktest
START sanity-1 run tests/fs/lustre/sanity/sanity-1.ktest
START sanity-2 run tests/fs/lustre/sanity/sanity-2.ktest
START sanity-3 run tests/fs/lustre/sanity/sanity-3.ktest
START sanity-4 run tests/fs/lustre/sanity/sanity-4.ktest
PUT /tmp/ktest-kernel.tar.gz 16s
PUT /tmp/ktest_lustre_mainline_native_7fpui2ga.tar 24s
PUT /tmp/ktest_lustre_mainline_native_7fpui2ga.tar 24s
PUT /tmp/ktest_lustre_mainline_native_7fpui2ga.tar 25s
PUT /tmp/ktest_lustre_mainline_native_7fpui2ga.tar 24s
PUT /tmp/ktest_lustre_mainline_native_7fpui2ga.tar 24s
PUT /tmp/ktest_lustre_mainline_native_7fpui2ga.tar 24s
PUT /tmp/ktest_lustre_mainline_native_7fpui2ga.tar 24s
PUT /tmp/ktest_lustre_mainline_native_7fpui2ga.tar 25s
PUT /tmp/ktest-kernel.tar.gz 25s
PUT /tmp/ktest-lustre.tar.gz 80s
PUT /tmp/ktest-lustre.tar.gz 72s
PUT /tmp/ktest_lustre_mainline_native_7fpui2ga.tar 9s
PUT /tmp/ktest_lustre_mainline_native_7fpui2ga.tar 10s
END cc-plugin tool cc-plugin FAIL 110s (exit code: 127)
END boot run tests/fs/lustre/boot.ktest PASS 122s
END mgs-setup run tests/fs/lustre/mgs-setup.ktest PASS 124s
END clang-tidy tool clang-tidy PASS 127s
END sanity-4 run tests/fs/lustre/sanity/sanity-4.ktest PASS 132s
END sanity-3 run tests/fs/lustre/sanity/sanity-3.ktest PASS 146s
END sanity-1 run tests/fs/lustre/sanity/sanity-1.ktest PASS 148s
END sanity-2 run tests/fs/lustre/sanity/sanity-2.ktest PASS 153s
END llmount run tests/fs/lustre/llmount.ktest PASS 197s
END llog-unit run tests/fs/lustre/llog-unit.ktest PASS 210s

============================================================
Final Results:
  checkpatch: FAIL (19s) (log: /var/www/ci-lustre/upstream-patch-review/c82f6888f8decbd2d38e312da76035dcc68114c1_checkpatch.log)
  lustre_u24: PASS (77s) (log: /var/www/ci-lustre/upstream-patch-review/c82f6888f8decbd2d38e312da76035dcc68114c1_lustre_u24.log)
  lustre_al2023: PASS (74s) (log: /var/www/ci-lustre/upstream-patch-review/c82f6888f8decbd2d38e312da76035dcc68114c1_lustre_al2023.log)
  lustre_mainline_strict: FAIL (120s) (log: /var/www/ci-lustre/upstream-patch-review/c82f6888f8decbd2d38e312da76035dcc68114c1_lustre_mainline_strict.log)
  lustre_mainline: PASS (134s) (log: /var/www/ci-lustre/upstream-patch-review/c82f6888f8decbd2d38e312da76035dcc68114c1_lustre_mainline.log)
  lustre_mainline_native: PASS (136s) (log: /var/www/ci-lustre/upstream-patch-review/c82f6888f8decbd2d38e312da76035dcc68114c1_lustre_mainline_native.log)
  clang-tidy: PASS (127s) (log: /var/www/ci-lustre/upstream-patch-review/c82f6888f8decbd2d38e312da76035dcc68114c1_clang-tidy.log)
  cc-plugin: FAIL (110s) (log: /var/www/ci-lustre/upstream-patch-review/c82f6888f8decbd2d38e312da76035dcc68114c1_cc-plugin.log)
  boot: PASS (122s) (log: /var/www/ci-lustre/upstream-patch-review/c82f6888f8decbd2d38e312da76035dcc68114c1_boot.log)
  llmount: PASS (197s) (log: /var/www/ci-lustre/upstream-patch-review/c82f6888f8decbd2d38e312da76035dcc68114c1_llmount.log)
  llog-unit: PASS (210s) (log: /var/www/ci-lustre/upstream-patch-review/c82f6888f8decbd2d38e312da76035dcc68114c1_llog-unit.log)
  mgs-setup: PASS (124s) (log: /var/www/ci-lustre/upstream-patch-review/c82f6888f8decbd2d38e312da76035dcc68114c1_mgs-setup.log)
  sanity-1: PASS (148s) (log: /var/www/ci-lustre/upstream-patch-review/c82f6888f8decbd2d38e312da76035dcc68114c1_sanity-1.log)
  sanity-2: PASS (153s) (log: /var/www/ci-lustre/upstream-patch-review/c82f6888f8decbd2d38e312da76035dcc68114c1_sanity-2.log)
  sanity-3: PASS (146s) (log: /var/www/ci-lustre/upstream-patch-review/c82f6888f8decbd2d38e312da76035dcc68114c1_sanity-3.log)
  sanity-4: PASS (132s) (log: /var/www/ci-lustre/upstream-patch-review/c82f6888f8decbd2d38e312da76035dcc68114c1_sanity-4.log)

Total execution time: 377s
