WARNING:MACRO_ARG_UNUSED: Argument 'f' is not used in function-like macro
#41: FILE: include/lustre_compat/linux/folio.h:406:
+#define wbe_folio_get_private(f, i)	cl_page_from_folio((folio), (i), 0)

WARNING:MACRO_ARG_UNUSED: Argument 'i' is not used in function-like macro
#58: FILE: include/lustre_compat/linux/folio.h:421:
+#define wbe_folio_get_private(page, i)	((void *)page_private((page)))

WARNING:VSPRINTF_SPECIFIER_PX: Using vsprintf specifier '%px' potentially exposes the kernel memory layout, if you don't really need the address please consider using '%p'.
#650: FILE: lustre/llite/llite_lib.c:3197:
+			LASSERTF(!folio_test_uptodate(folio) &&
+				 !folio_test_dirty(folio) &&
+				 !folio_test_private(folio), "%px", folio);

WARNING:MACRO_ARG_UNUSED: Argument 'page' is not used in function-like macro
#1886: FILE: lustre/llite/vvp_internal.h:284:
+#define vvp_folio_memcg_lock(page)

WARNING:MACRO_ARG_UNUSED: Argument 'page' is not used in function-like macro
#1887: FILE: lustre/llite/vvp_internal.h:285:
+#define vvp_folio_memcg_unlock(page)

WARNING:VSPRINTF_SPECIFIER_PX: Using vsprintf specifier '%px' potentially exposes the kernel memory layout, if you don't really need the address please consider using '%p'.
#1960: FILE: lustre/llite/vvp_io.c:1023:
+	LASSERTF(folio->mapping,
 		 "mapping must be set. page %px, page->private (cl_page) %px\n",
+		 folio, (void *)folio->private);

WARNING:VSPRINTF_SPECIFIER_PX: Using vsprintf specifier '%px' potentially exposes the kernel memory layout, if you don't really need the address please consider using '%p'.
#2048: FILE: lustre/llite/vvp_io.c:1084:
+		LASSERTF(folio->mapping == mapping,
+			 "all pages must have the same mapping.  page %px, mapping %px, first mapping %px\n",
+			 folio, folio->mapping, mapping);

total: 0 errors, 7 warnings, 3475 lines checked

NOTE: For some of the reported defects, checkpatch may be able to
      mechanically convert to the typical style using --fix or --fix-inplace.

Your patch has style problems, please review.

NOTE: If any of the errors are false positives, please report
      them to the maintainer, see CHECKPATCH in MAINTAINERS.
