CLI: ./podman-ktest --podman-socket unix:///run/podman/podman.sock --shared-filesystem /tmp --tarball-input job lustre-ci --output /var/www/ci-lustre/upstream-patch-review --git-hash c8967f8bff8e78224f7885f192af2ed3b4c1bf0d --change-id 65407_c8967f8bff8e78224f7885f192af2ed3b4c1bf0d --subject LU-20090 nrs: add dynamic granularity classifier for TBF

  Checking /dev/kvm exists... OK
  Checking /dev/kvm permissions... OK
  Creating ccache directory... OK
  Checking ccache directory writable... OK

Environment validated successfully
Creating kernel tarball at /tmp/ktest-kernel.tar.gz...
Creating lustre tarball at /tmp/ktest-lustre.tar.gz...
Creating ZFS tarball at /tmp/ktest-zfs.tar.gz...
Executing 15 jobs
Jobs will start as soon as their dependencies are satisfied
Using tarball input mode

START lustre_mainline_strict build tests/fs/lustre/boot-strict.ktest
START u24 build tests/fs/lustre/boot.ktest
START lustre_mainline build tests/fs/lustre/boot.ktest
START checkpatch tool checkpatch
START lustre_mainline_native build tests/fs/lustre/boot.ktest
START al2023 build tests/fs/lustre/boot.ktest
PUT /tmp/ktest-lustre.tar.gz 2s
PUT /tmp/ktest-lustre.tar.gz 3s
PUT /tmp/ktest-kernel.tar.gz 5s
PUT /tmp/ktest-kernel.tar.gz 5s
PUT /tmp/ktest-kernel.tar.gz 5s
PUT /tmp/ktest-kernel.tar.gz 5s
PUT /tmp/ktest-lustre.tar.gz 1s
PUT /tmp/ktest-lustre.tar.gz 1s
PUT /tmp/ktest-lustre.tar.gz 1s
PUT /tmp/ktest-lustre.tar.gz 1s
PUT /tmp/ktest-zfs.tar.gz 0s
PUT /tmp/ktest-zfs.tar.gz 0s
PUT /tmp/ktest-zfs.tar.gz 0s
END checkpatch tool checkpatch FAIL 9s (exit code: 1)
END al2023 build tests/fs/lustre/boot.ktest PASS 65s
END u24 build tests/fs/lustre/boot.ktest PASS 65s
GET /tmp/ktest_lustre_mainline_strict_ykwo2rv2.tar 5s
END lustre_mainline_strict build tests/fs/lustre/boot-strict.ktest FAIL 129s (exit code: 1)
GET /tmp/ktest_lustre_mainline_be4bc7gx.tar 5s
GET /tmp/ktest_lustre_mainline_native_j1l_jlpo.tar 14s
END lustre_mainline build tests/fs/lustre/boot.ktest PASS 134s
END lustre_mainline_native build tests/fs/lustre/boot.ktest PASS 135s
START clang-tidy tool clang-tidy
START cc-plugin tool cc-plugin
START boot run tests/fs/lustre/boot.ktest
START llmount run tests/fs/lustre/llmount.ktest
START mgs-setup run tests/fs/lustre/mgs-setup.ktest
START sanity-1 run tests/fs/lustre/sanity/sanity-1.ktest
START sanity-2 run tests/fs/lustre/sanity/sanity-2.ktest
START sanity-3 run tests/fs/lustre/sanity/sanity-3.ktest
START sanity-4 run tests/fs/lustre/sanity/sanity-4.ktest
PUT /tmp/ktest-kernel.tar.gz 38s
PUT /tmp/ktest_lustre_mainline_native_j1l_jlpo.tar 49s
PUT /tmp/ktest_lustre_mainline_native_j1l_jlpo.tar 50s
PUT /tmp/ktest_lustre_mainline_native_j1l_jlpo.tar 49s
PUT /tmp/ktest_lustre_mainline_native_j1l_jlpo.tar 49s
PUT /tmp/ktest_lustre_mainline_native_j1l_jlpo.tar 49s
PUT /tmp/ktest_lustre_mainline_native_j1l_jlpo.tar 49s
PUT /tmp/ktest-kernel.tar.gz 50s
PUT /tmp/ktest_lustre_mainline_native_j1l_jlpo.tar 46s
PUT /tmp/ktest-lustre.tar.gz 70s
PUT /tmp/ktest-lustre.tar.gz 94s
PUT /tmp/ktest_lustre_mainline_native_j1l_jlpo.tar 57s
PUT /tmp/ktest_lustre_mainline_native_j1l_jlpo.tar 21s
END cc-plugin tool cc-plugin FAIL 169s (exit code: 127)
END boot run tests/fs/lustre/boot.ktest PASS 175s
END clang-tidy tool clang-tidy PASS 188s
END mgs-setup run tests/fs/lustre/mgs-setup.ktest PASS 196s
END sanity-4 run tests/fs/lustre/sanity/sanity-4.ktest PASS 197s
END sanity-2 run tests/fs/lustre/sanity/sanity-2.ktest PASS 207s
END sanity-1 run tests/fs/lustre/sanity/sanity-1.ktest PASS 209s
END sanity-3 run tests/fs/lustre/sanity/sanity-3.ktest PASS 218s
END llmount run tests/fs/lustre/llmount.ktest PASS 243s

============================================================
Final Results:
  checkpatch: FAIL (9s) (log: /var/www/ci-lustre/upstream-patch-review/c8967f8bff8e78224f7885f192af2ed3b4c1bf0d_checkpatch.log)
  u24: PASS (65s) (log: /var/www/ci-lustre/upstream-patch-review/c8967f8bff8e78224f7885f192af2ed3b4c1bf0d_u24.log)
  al2023: PASS (65s) (log: /var/www/ci-lustre/upstream-patch-review/c8967f8bff8e78224f7885f192af2ed3b4c1bf0d_al2023.log)
  lustre_mainline_strict: FAIL (129s) (log: /var/www/ci-lustre/upstream-patch-review/c8967f8bff8e78224f7885f192af2ed3b4c1bf0d_lustre_mainline_strict.log)
  lustre_mainline: PASS (134s) (log: /var/www/ci-lustre/upstream-patch-review/c8967f8bff8e78224f7885f192af2ed3b4c1bf0d_lustre_mainline.log)
  lustre_mainline_native: PASS (135s) (log: /var/www/ci-lustre/upstream-patch-review/c8967f8bff8e78224f7885f192af2ed3b4c1bf0d_lustre_mainline_native.log)
  clang-tidy: PASS (188s) (log: /var/www/ci-lustre/upstream-patch-review/c8967f8bff8e78224f7885f192af2ed3b4c1bf0d_clang-tidy.log)
  cc-plugin: FAIL (169s) (log: /var/www/ci-lustre/upstream-patch-review/c8967f8bff8e78224f7885f192af2ed3b4c1bf0d_cc-plugin.log)
  boot: PASS (175s) (log: /var/www/ci-lustre/upstream-patch-review/c8967f8bff8e78224f7885f192af2ed3b4c1bf0d_boot.log)
  llmount: PASS (243s) (log: /var/www/ci-lustre/upstream-patch-review/c8967f8bff8e78224f7885f192af2ed3b4c1bf0d_llmount.log)
  mgs-setup: PASS (196s) (log: /var/www/ci-lustre/upstream-patch-review/c8967f8bff8e78224f7885f192af2ed3b4c1bf0d_mgs-setup.log)
  sanity-1: PASS (209s) (log: /var/www/ci-lustre/upstream-patch-review/c8967f8bff8e78224f7885f192af2ed3b4c1bf0d_sanity-1.log)
  sanity-2: PASS (207s) (log: /var/www/ci-lustre/upstream-patch-review/c8967f8bff8e78224f7885f192af2ed3b4c1bf0d_sanity-2.log)
  sanity-3: PASS (218s) (log: /var/www/ci-lustre/upstream-patch-review/c8967f8bff8e78224f7885f192af2ed3b4c1bf0d_sanity-3.log)
  sanity-4: PASS (197s) (log: /var/www/ci-lustre/upstream-patch-review/c8967f8bff8e78224f7885f192af2ed3b4c1bf0d_sanity-4.log)

Total execution time: 411s
