CLI: ./podman-ktest --podman-socket unix:///run/podman/podman.sock --shared-filesystem /tmp --tarball-input job lustre-ci --output /var/www/ci-lustre/upstream-patch-review --git-hash c8a09e1104a5911c783a1af90c6bac0dc53004d3 --change-id 62049_c8a09e1104a5911c783a1af90c6bac0dc53004d3 --subject LU-12668 llapi: skip parity mirrors in llapi_mirror_find

  Checking /dev/kvm exists... OK
  Checking /dev/kvm permissions... OK
  Creating ccache directory... OK
  Checking ccache directory writable... OK

Environment validated successfully
Creating kernel tarball at /tmp/ktest-kernel.tar.gz...
Creating lustre tarball at /tmp/ktest-lustre.tar.gz...
Executing 16 jobs
Jobs will start as soon as their dependencies are satisfied
Using tarball input mode

START lustre_mainline build tests/fs/lustre/boot.ktest
START al2023 build tests/fs/lustre/boot.ktest
START lustre_mainline_strict build tests/fs/lustre/boot-strict.ktest
START u24 build tests/fs/lustre/boot.ktest
START checkpatch tool checkpatch
START lustre_mainline_native build tests/fs/lustre/boot.ktest
PUT /tmp/ktest-kernel.tar.gz 8s
PUT /tmp/ktest-kernel.tar.gz 8s
PUT /tmp/ktest-kernel.tar.gz 8s
PUT /tmp/ktest-kernel.tar.gz 8s
PUT /tmp/ktest-kernel.tar.gz 8s
PUT /tmp/ktest-kernel.tar.gz 8s
PUT /tmp/ktest-lustre.tar.gz 2s
PUT /tmp/ktest-lustre.tar.gz 2s
PUT /tmp/ktest-lustre.tar.gz 2s
PUT /tmp/ktest-lustre.tar.gz 2s
PUT /tmp/ktest-lustre.tar.gz 2s
PUT /tmp/ktest-lustre.tar.gz 2s
END checkpatch tool checkpatch PASS 13s
END al2023 build tests/fs/lustre/boot.ktest PASS 68s
END u24 build tests/fs/lustre/boot.ktest PASS 76s
GET /tmp/ktest_lustre_mainline_strict_4llj8qbp.tar 5s
END lustre_mainline_strict build tests/fs/lustre/boot-strict.ktest FAIL 109s (exit code: 1)
GET /tmp/ktest_lustre_mainline_y4cn2crd.tar 3s
GET /tmp/ktest_lustre_mainline_native_c42l18k7.tar 3s
END lustre_mainline build tests/fs/lustre/boot.ktest PASS 116s
END lustre_mainline_native build tests/fs/lustre/boot.ktest PASS 117s
START clang-tidy tool clang-tidy
START cc-plugin tool cc-plugin
START boot run tests/fs/lustre/boot.ktest
START llmount run tests/fs/lustre/llmount.ktest
START llog-unit run tests/fs/lustre/llog-unit.ktest
START mgs-setup run tests/fs/lustre/mgs-setup.ktest
START sanity-1 run tests/fs/lustre/sanity/sanity-1.ktest
START sanity-2 run tests/fs/lustre/sanity/sanity-2.ktest
START sanity-3 run tests/fs/lustre/sanity/sanity-3.ktest
START sanity-4 run tests/fs/lustre/sanity/sanity-4.ktest
PUT /tmp/ktest-kernel.tar.gz 18s
PUT /tmp/ktest_lustre_mainline_native_c42l18k7.tar 18s
PUT /tmp/ktest_lustre_mainline_native_c42l18k7.tar 18s
PUT /tmp/ktest_lustre_mainline_native_c42l18k7.tar 19s
PUT /tmp/ktest_lustre_mainline_native_c42l18k7.tar 18s
PUT /tmp/ktest-kernel.tar.gz 18s
PUT /tmp/ktest_lustre_mainline_native_c42l18k7.tar 19s
PUT /tmp/ktest_lustre_mainline_native_c42l18k7.tar 18s
PUT /tmp/ktest_lustre_mainline_native_c42l18k7.tar 18s
PUT /tmp/ktest_lustre_mainline_native_c42l18k7.tar 19s
PUT /tmp/ktest-lustre.tar.gz 27s
PUT /tmp/ktest-lustre.tar.gz 35s
PUT /tmp/ktest_lustre_mainline_native_c42l18k7.tar 4s
PUT /tmp/ktest_lustre_mainline_native_c42l18k7.tar 10s
END cc-plugin tool cc-plugin FAIL 60s (exit code: 127)
END boot run tests/fs/lustre/boot.ktest PASS 75s
END clang-tidy tool clang-tidy PASS 78s
END mgs-setup run tests/fs/lustre/mgs-setup.ktest PASS 88s
END sanity-2 run tests/fs/lustre/sanity/sanity-2.ktest PASS 94s
END sanity-3 run tests/fs/lustre/sanity/sanity-3.ktest PASS 107s
END sanity-4 run tests/fs/lustre/sanity/sanity-4.ktest PASS 108s
END sanity-1 run tests/fs/lustre/sanity/sanity-1.ktest PASS 109s
END llmount run tests/fs/lustre/llmount.ktest PASS 170s
END llog-unit run tests/fs/lustre/llog-unit.ktest PASS 181s

============================================================
Final Results:
  checkpatch: PASS (13s) (log: /var/www/ci-lustre/upstream-patch-review/c8a09e1104a5911c783a1af90c6bac0dc53004d3_checkpatch.log)
  u24: PASS (76s) (log: /var/www/ci-lustre/upstream-patch-review/c8a09e1104a5911c783a1af90c6bac0dc53004d3_u24.log)
  al2023: PASS (68s) (log: /var/www/ci-lustre/upstream-patch-review/c8a09e1104a5911c783a1af90c6bac0dc53004d3_al2023.log)
  lustre_mainline_strict: FAIL (109s) (log: /var/www/ci-lustre/upstream-patch-review/c8a09e1104a5911c783a1af90c6bac0dc53004d3_lustre_mainline_strict.log)
  lustre_mainline: PASS (116s) (log: /var/www/ci-lustre/upstream-patch-review/c8a09e1104a5911c783a1af90c6bac0dc53004d3_lustre_mainline.log)
  lustre_mainline_native: PASS (117s) (log: /var/www/ci-lustre/upstream-patch-review/c8a09e1104a5911c783a1af90c6bac0dc53004d3_lustre_mainline_native.log)
  clang-tidy: PASS (78s) (log: /var/www/ci-lustre/upstream-patch-review/c8a09e1104a5911c783a1af90c6bac0dc53004d3_clang-tidy.log)
  cc-plugin: FAIL (60s) (log: /var/www/ci-lustre/upstream-patch-review/c8a09e1104a5911c783a1af90c6bac0dc53004d3_cc-plugin.log)
  boot: PASS (75s) (log: /var/www/ci-lustre/upstream-patch-review/c8a09e1104a5911c783a1af90c6bac0dc53004d3_boot.log)
  llmount: PASS (170s) (log: /var/www/ci-lustre/upstream-patch-review/c8a09e1104a5911c783a1af90c6bac0dc53004d3_llmount.log)
  llog-unit: PASS (181s) (log: /var/www/ci-lustre/upstream-patch-review/c8a09e1104a5911c783a1af90c6bac0dc53004d3_llog-unit.log)
  mgs-setup: PASS (88s) (log: /var/www/ci-lustre/upstream-patch-review/c8a09e1104a5911c783a1af90c6bac0dc53004d3_mgs-setup.log)
  sanity-1: PASS (109s) (log: /var/www/ci-lustre/upstream-patch-review/c8a09e1104a5911c783a1af90c6bac0dc53004d3_sanity-1.log)
  sanity-2: PASS (94s) (log: /var/www/ci-lustre/upstream-patch-review/c8a09e1104a5911c783a1af90c6bac0dc53004d3_sanity-2.log)
  sanity-3: PASS (107s) (log: /var/www/ci-lustre/upstream-patch-review/c8a09e1104a5911c783a1af90c6bac0dc53004d3_sanity-3.log)
  sanity-4: PASS (108s) (log: /var/www/ci-lustre/upstream-patch-review/c8a09e1104a5911c783a1af90c6bac0dc53004d3_sanity-4.log)

Total execution time: 331s
