CLI: ./podman-ktest --podman-socket unix:///run/podman/podman.sock --shared-filesystem /tmp --tarball-input job lustre-ci --output /var/www/ci-lustre/upstream-patch-review --git-hash c8fc5b3bd250cc3473d4f9c2e51a9677be863862 --change-id 64092_c8fc5b3bd250cc3473d4f9c2e51a9677be863862 --subject LU-12668 tests: add EC stress and admin tests

  Checking /dev/kvm exists... OK
  Checking /dev/kvm permissions... OK
  Creating ccache directory... OK
  Checking ccache directory writable... OK
  Creating package output directory... OK

Environment validated successfully
Creating kernel tarball at /tmp/ktest-kernel.tar.gz...
Creating lustre tarball at /tmp/ktest-lustre.tar.gz...
Creating ZFS tarball at /tmp/ktest-zfs.tar.gz...
Executing 13 jobs
Jobs will start as soon as their dependencies are satisfied
Using tarball input mode

START checkpatch tool checkpatch
START u24 build tests/fs/lustre/boot.ktest
START lustre_mainline build tests/fs/lustre/boot.ktest
START lustre_mainline_strict build tests/fs/lustre/boot-strict.ktest
START al2023 build tests/fs/lustre/boot.ktest
START lustre_mainline_native build tests/fs/lustre/boot.ktest
PUT /tmp/ktest-lustre.tar.gz 1s
PUT /tmp/ktest-lustre.tar.gz 1s
PUT /tmp/ktest-kernel.tar.gz 14s
PUT /tmp/ktest-kernel.tar.gz 14s
PUT /tmp/ktest-kernel.tar.gz 14s
PUT /tmp/ktest-kernel.tar.gz 14s
PUT /tmp/ktest-lustre.tar.gz 2s
PUT /tmp/ktest-lustre.tar.gz 1s
PUT /tmp/ktest-lustre.tar.gz 2s
PUT /tmp/ktest-lustre.tar.gz 1s
PUT /tmp/ktest-zfs.tar.gz 0s
PUT /tmp/ktest-zfs.tar.gz 0s
PUT /tmp/ktest-zfs.tar.gz 0s
END checkpatch tool checkpatch PASS 18s
END al2023 build tests/fs/lustre/boot.ktest PASS 72s
END u24 build tests/fs/lustre/boot.ktest PASS 73s
GET /tmp/ktest_lustre_mainline_pp2zjn4l.tar 5s
GET /tmp/ktest_lustre_mainline_strict_kycm1dv2.tar 6s
GET /tmp/ktest_lustre_mainline_native_etj676cn.tar 6s
END lustre_mainline build tests/fs/lustre/boot.ktest FAIL 141s (exit code: 1)
END lustre_mainline_strict build tests/fs/lustre/boot-strict.ktest FAIL 143s (exit code: 1)
END lustre_mainline_native build tests/fs/lustre/boot.ktest FAIL 146s (exit code: 1)

============================================================
Final Results:
  checkpatch: PASS (18s) (log: /var/www/ci-lustre/upstream-patch-review/c8fc5b3bd250cc3473d4f9c2e51a9677be863862_checkpatch.log)
  u24: PASS (73s) (log: /var/www/ci-lustre/upstream-patch-review/c8fc5b3bd250cc3473d4f9c2e51a9677be863862_u24.log)
  al2023: PASS (72s) (log: /var/www/ci-lustre/upstream-patch-review/c8fc5b3bd250cc3473d4f9c2e51a9677be863862_al2023.log)
  lustre_mainline_strict: FAIL (143s) (log: /var/www/ci-lustre/upstream-patch-review/c8fc5b3bd250cc3473d4f9c2e51a9677be863862_lustre_mainline_strict.log)
  lustre_mainline: FAIL (141s) (log: /var/www/ci-lustre/upstream-patch-review/c8fc5b3bd250cc3473d4f9c2e51a9677be863862_lustre_mainline.log)
  lustre_mainline_native: FAIL (146s) (log: /var/www/ci-lustre/upstream-patch-review/c8fc5b3bd250cc3473d4f9c2e51a9677be863862_lustre_mainline_native.log)
  boot: SKIPPED (due to dependency failure)
  llmount: SKIPPED (due to dependency failure)
  mgs-setup: SKIPPED (due to dependency failure)
  sanity-1: SKIPPED (due to dependency failure)
  sanity-2: SKIPPED (due to dependency failure)
  sanity-3: SKIPPED (due to dependency failure)
  sanity-4: SKIPPED (due to dependency failure)

Total execution time: 174s
