CLI: ./podman-ktest --podman-socket unix:///run/podman/podman.sock --shared-filesystem /tmp --tarball-input job lustre-ci --output /var/www/ci-lustre/upstream-patch-review --git-hash c998fbfb1e3bb5c5fe00634b44ac09abb8ccca54 --change-id 66987_c998fbfb1e3bb5c5fe00634b44ac09abb8ccca54 --subject LU-20438 llite: Enable P2P DMA in client Direct I/O path

Environment validated successfully
Creating kernel tarball at /tmp/ktest-kernel.tar.gz...
Creating lustre tarball at /tmp/ktest-lustre.tar.gz...
Creating ZFS tarball at /tmp/ktest-zfs.tar.gz...
Executing 14 jobs
Jobs will start as soon as their dependencies are satisfied
Using tarball input mode

START ml-strict:lustre_mainline build tests/fs/lustre/boot-strict.ktest
START al2023:al2023 build tests/fs/lustre/boot.ktest
START u24:u24 build tests/fs/lustre/boot.ktest
START ml:lustre_mainline build tests/fs/lustre/boot.ktest
START checkpatch:checkpatch tool checkpatch
START ml-miscvm:lustre_mainline_native build tests/fs/lustre/boot.ktest
PUT /tmp/ktest-lustre.tar.gz 1s
PUT /tmp/ktest-lustre.tar.gz 1s
PUT /tmp/ktest-kernel.tar.gz 7s
PUT /tmp/ktest-kernel.tar.gz 7s
PUT /tmp/ktest-kernel.tar.gz 7s
PUT /tmp/ktest-kernel.tar.gz 7s
PUT /tmp/ktest-lustre.tar.gz 1s
PUT /tmp/ktest-lustre.tar.gz 1s
PUT /tmp/ktest-lustre.tar.gz 1s
PUT /tmp/ktest-lustre.tar.gz 1s
PUT /tmp/ktest-zfs.tar.gz 0s
PUT /tmp/ktest-zfs.tar.gz 0s
PUT /tmp/ktest-zfs.tar.gz 0s
END checkpatch:checkpatch tool checkpatch PASS 10s
END al2023:al2023 build tests/fs/lustre/boot.ktest PASS 53s
END u24:u24 build tests/fs/lustre/boot.ktest PASS 54s
GET /tmp/ktest_ml:lustre_mainline_ljoh_iey.tar 0s
GET /tmp/ktest_ml-miscvm:lustre_mainline_native_j2sp5v1q.tar 0s
END ml:lustre_mainline build tests/fs/lustre/boot.ktest PASS 166s
GET /tmp/ktest_ml-strict:lustre_mainline_wyczh399.tar 5s
END ml-miscvm:lustre_mainline_native build tests/fs/lustre/boot.ktest PASS 167s
START ml-miscvm:boot run tests/fs/lustre/boot.ktest
START ml-miscvm:llmount run tests/fs/lustre/llmount.ktest
START ml-miscvm:llog-unit run tests/fs/lustre/llog-unit.ktest
START ml-miscvm:mgs-setup run tests/fs/lustre/mgs-setup.ktest
START ml-miscvm:sanity-1 run tests/fs/lustre/sanity/sanity-1.ktest
START ml-miscvm:sanity-2 run tests/fs/lustre/sanity/sanity-2.ktest
START ml-miscvm:sanity-3 run tests/fs/lustre/sanity/sanity-3.ktest
START ml-miscvm:sanity-4 run tests/fs/lustre/sanity/sanity-4.ktest
END ml-strict:lustre_mainline build tests/fs/lustre/boot-strict.ktest FAIL 169s (exit code: 1)
PUT /tmp/ktest-kernel.tar.gz 9s
PUT /tmp/ktest-kernel.tar.gz 9s
PUT /tmp/ktest-kernel.tar.gz 9s
PUT /tmp/ktest-kernel.tar.gz 9s
PUT /tmp/ktest-kernel.tar.gz 9s
PUT /tmp/ktest-kernel.tar.gz 10s
PUT /tmp/ktest-kernel.tar.gz 9s
PUT /tmp/ktest-kernel.tar.gz 9s
PUT /tmp/ktest-lustre.tar.gz 2s
PUT /tmp/ktest-lustre.tar.gz 1s
PUT /tmp/ktest-lustre.tar.gz 2s
PUT /tmp/ktest-lustre.tar.gz 1s
PUT /tmp/ktest-lustre.tar.gz 1s
PUT /tmp/ktest-lustre.tar.gz 2s
PUT /tmp/ktest-lustre.tar.gz 1s
PUT /tmp/ktest-lustre.tar.gz 1s
PUT /tmp/ktest_ml-miscvm:lustre_mainline_native_j2sp5v1q.tar 0s
PUT /tmp/ktest_ml-miscvm:lustre_mainline_native_j2sp5v1q.tar 0s
PUT /tmp/ktest_ml-miscvm:lustre_mainline_native_j2sp5v1q.tar 0s
PUT /tmp/ktest_ml-miscvm:lustre_mainline_native_j2sp5v1q.tar 0s
PUT /tmp/ktest_ml-miscvm:lustre_mainline_native_j2sp5v1q.tar 0s
PUT /tmp/ktest_ml-miscvm:lustre_mainline_native_j2sp5v1q.tar 0s
PUT /tmp/ktest_ml-miscvm:lustre_mainline_native_j2sp5v1q.tar 0s
PUT /tmp/ktest_ml-miscvm:lustre_mainline_native_j2sp5v1q.tar 0s
END ml-miscvm:boot run tests/fs/lustre/boot.ktest PASS 31s
END ml-miscvm:sanity-1 run tests/fs/lustre/sanity/sanity-1.ktest PASS 95s
END ml-miscvm:sanity-2 run tests/fs/lustre/sanity/sanity-2.ktest PASS 97s
END ml-miscvm:mgs-setup run tests/fs/lustre/mgs-setup.ktest PASS 103s
END ml-miscvm:sanity-4 run tests/fs/lustre/sanity/sanity-4.ktest PASS 111s
END ml-miscvm:llmount run tests/fs/lustre/llmount.ktest PASS 112s
END ml-miscvm:sanity-3 run tests/fs/lustre/sanity/sanity-3.ktest PASS 113s
END ml-miscvm:llog-unit run tests/fs/lustre/llog-unit.ktest FAIL 148s (exit code: 1)

============================================================
Final Results:
  checkpatch:checkpatch: PASS (10s) (log: /var/www/ci-lustre/upstream-patch-review/c998fbfb1e3bb5c5fe00634b44ac09abb8ccca54_checkpatch:checkpatch.log)
  u24:u24: PASS (54s) (log: /var/www/ci-lustre/upstream-patch-review/c998fbfb1e3bb5c5fe00634b44ac09abb8ccca54_u24:u24.log)
  al2023:al2023: PASS (53s) (log: /var/www/ci-lustre/upstream-patch-review/c998fbfb1e3bb5c5fe00634b44ac09abb8ccca54_al2023:al2023.log)
  ml-strict:lustre_mainline: FAIL (169s) (log: /var/www/ci-lustre/upstream-patch-review/c998fbfb1e3bb5c5fe00634b44ac09abb8ccca54_ml-strict:lustre_mainline.log)
  ml:lustre_mainline: PASS (166s) (log: /var/www/ci-lustre/upstream-patch-review/c998fbfb1e3bb5c5fe00634b44ac09abb8ccca54_ml:lustre_mainline.log)
  ml-miscvm:lustre_mainline_native: PASS (167s) (log: /var/www/ci-lustre/upstream-patch-review/c998fbfb1e3bb5c5fe00634b44ac09abb8ccca54_ml-miscvm:lustre_mainline_native.log)
  ml-miscvm:boot: PASS (31s) (log: /var/www/ci-lustre/upstream-patch-review/c998fbfb1e3bb5c5fe00634b44ac09abb8ccca54_ml-miscvm:boot.log)
  ml-miscvm:llmount: PASS (112s) (log: /var/www/ci-lustre/upstream-patch-review/c998fbfb1e3bb5c5fe00634b44ac09abb8ccca54_ml-miscvm:llmount.log)
  ml-miscvm:llog-unit: FAIL (148s) (log: /var/www/ci-lustre/upstream-patch-review/c998fbfb1e3bb5c5fe00634b44ac09abb8ccca54_ml-miscvm:llog-unit.log)
  ml-miscvm:mgs-setup: PASS (103s) (log: /var/www/ci-lustre/upstream-patch-review/c998fbfb1e3bb5c5fe00634b44ac09abb8ccca54_ml-miscvm:mgs-setup.log)
  ml-miscvm:sanity-1: PASS (95s) (log: /var/www/ci-lustre/upstream-patch-review/c998fbfb1e3bb5c5fe00634b44ac09abb8ccca54_ml-miscvm:sanity-1.log)
  ml-miscvm:sanity-2: PASS (97s) (log: /var/www/ci-lustre/upstream-patch-review/c998fbfb1e3bb5c5fe00634b44ac09abb8ccca54_ml-miscvm:sanity-2.log)
  ml-miscvm:sanity-3: PASS (113s) (log: /var/www/ci-lustre/upstream-patch-review/c998fbfb1e3bb5c5fe00634b44ac09abb8ccca54_ml-miscvm:sanity-3.log)
  ml-miscvm:sanity-4: PASS (111s) (log: /var/www/ci-lustre/upstream-patch-review/c998fbfb1e3bb5c5fe00634b44ac09abb8ccca54_ml-miscvm:sanity-4.log)

Total execution time: 344s
