CLI: ./podman-ktest --podman-socket unix:///run/podman/podman.sock --shared-filesystem /tmp --tarball-input job lustre-ci --output /var/www/ci-lustre/upstream-patch-review --git-hash c9e22edb230546f8a977110a7b73fc6c6ab6cf35 --change-id 61767_c9e22edb230546f8a977110a7b73fc6c6ab6cf35 --subject LU-19459 build: Compatability updates for kernel v6.17

  Checking /dev/kvm exists... OK
  Checking /dev/kvm permissions... OK
  Creating ccache directory... OK
  Checking ccache directory writable... OK

Environment validated successfully
Creating kernel tarball at /tmp/ktest-kernel.tar.gz...
Creating lustre tarball at /tmp/ktest-lustre.tar.gz...
Executing 16 jobs
Jobs will start as soon as their dependencies are satisfied
Using tarball input mode

START lustre_mainline build tests/fs/lustre/boot.ktest
START checkpatch tool checkpatch
START lustre_al2023 build tests/fs/lustre/boot.ktest
START lustre_mainline_native build tests/fs/lustre/boot.ktest
START lustre_u24 build tests/fs/lustre/boot.ktest
START lustre_mainline_strict build tests/fs/lustre/boot-strict.ktest
PUT /tmp/ktest-kernel.tar.gz 9s
PUT /tmp/ktest-kernel.tar.gz 10s
PUT /tmp/ktest-kernel.tar.gz 10s
PUT /tmp/ktest-kernel.tar.gz 10s
PUT /tmp/ktest-kernel.tar.gz 10s
PUT /tmp/ktest-kernel.tar.gz 10s
PUT /tmp/ktest-lustre.tar.gz 2s
PUT /tmp/ktest-lustre.tar.gz 3s
PUT /tmp/ktest-lustre.tar.gz 3s
PUT /tmp/ktest-lustre.tar.gz 3s
PUT /tmp/ktest-lustre.tar.gz 3s
PUT /tmp/ktest-lustre.tar.gz 3s
END checkpatch tool checkpatch PASS 16s
END lustre_al2023 build tests/fs/lustre/boot.ktest PASS 72s
END lustre_u24 build tests/fs/lustre/boot.ktest PASS 73s
GET /tmp/ktest_lustre_mainline_strict_zdhywmgo.tar 5s
END lustre_mainline_strict build tests/fs/lustre/boot-strict.ktest FAIL 116s (exit code: 1)
GET /tmp/ktest_lustre_mainline_e4w0m5_y.tar 3s
GET /tmp/ktest_lustre_mainline_native_5wvrg3im.tar 3s
END lustre_mainline build tests/fs/lustre/boot.ktest PASS 124s
END lustre_mainline_native build tests/fs/lustre/boot.ktest PASS 125s
START clang-tidy tool clang-tidy
START cc-plugin tool cc-plugin
START boot run tests/fs/lustre/boot.ktest
START llmount run tests/fs/lustre/llmount.ktest
START llog-unit run tests/fs/lustre/llog-unit.ktest
START mgs-setup run tests/fs/lustre/mgs-setup.ktest
START sanity-1 run tests/fs/lustre/sanity/sanity-1.ktest
START sanity-2 run tests/fs/lustre/sanity/sanity-2.ktest
START sanity-3 run tests/fs/lustre/sanity/sanity-3.ktest
START sanity-4 run tests/fs/lustre/sanity/sanity-4.ktest
PUT /tmp/ktest-kernel.tar.gz 13s
PUT /tmp/ktest_lustre_mainline_native_5wvrg3im.tar 17s
PUT /tmp/ktest_lustre_mainline_native_5wvrg3im.tar 17s
PUT /tmp/ktest-kernel.tar.gz 17s
PUT /tmp/ktest_lustre_mainline_native_5wvrg3im.tar 17s
PUT /tmp/ktest_lustre_mainline_native_5wvrg3im.tar 17s
PUT /tmp/ktest_lustre_mainline_native_5wvrg3im.tar 17s
PUT /tmp/ktest_lustre_mainline_native_5wvrg3im.tar 17s
PUT /tmp/ktest_lustre_mainline_native_5wvrg3im.tar 17s
PUT /tmp/ktest_lustre_mainline_native_5wvrg3im.tar 17s
PUT /tmp/ktest-lustre.tar.gz 40s
PUT /tmp/ktest-lustre.tar.gz 37s
PUT /tmp/ktest_lustre_mainline_native_5wvrg3im.tar 11s
PUT /tmp/ktest_lustre_mainline_native_5wvrg3im.tar 13s
END cc-plugin tool cc-plugin FAIL 70s (exit code: 127)
END clang-tidy tool clang-tidy PASS 88s
END boot run tests/fs/lustre/boot.ktest PASS 89s
END mgs-setup run tests/fs/lustre/mgs-setup.ktest PASS 97s
END sanity-4 run tests/fs/lustre/sanity/sanity-4.ktest PASS 98s
END sanity-2 run tests/fs/lustre/sanity/sanity-2.ktest PASS 105s
END sanity-1 run tests/fs/lustre/sanity/sanity-1.ktest PASS 117s
END sanity-3 run tests/fs/lustre/sanity/sanity-3.ktest PASS 118s
END llmount run tests/fs/lustre/llmount.ktest PASS 167s
END llog-unit run tests/fs/lustre/llog-unit.ktest PASS 190s

============================================================
Final Results:
  checkpatch: PASS (16s) (log: /var/www/ci-lustre/upstream-patch-review/c9e22edb230546f8a977110a7b73fc6c6ab6cf35_checkpatch.log)
  lustre_u24: PASS (73s) (log: /var/www/ci-lustre/upstream-patch-review/c9e22edb230546f8a977110a7b73fc6c6ab6cf35_lustre_u24.log)
  lustre_al2023: PASS (72s) (log: /var/www/ci-lustre/upstream-patch-review/c9e22edb230546f8a977110a7b73fc6c6ab6cf35_lustre_al2023.log)
  lustre_mainline_strict: FAIL (116s) (log: /var/www/ci-lustre/upstream-patch-review/c9e22edb230546f8a977110a7b73fc6c6ab6cf35_lustre_mainline_strict.log)
  lustre_mainline: PASS (124s) (log: /var/www/ci-lustre/upstream-patch-review/c9e22edb230546f8a977110a7b73fc6c6ab6cf35_lustre_mainline.log)
  lustre_mainline_native: PASS (125s) (log: /var/www/ci-lustre/upstream-patch-review/c9e22edb230546f8a977110a7b73fc6c6ab6cf35_lustre_mainline_native.log)
  clang-tidy: PASS (88s) (log: /var/www/ci-lustre/upstream-patch-review/c9e22edb230546f8a977110a7b73fc6c6ab6cf35_clang-tidy.log)
  cc-plugin: FAIL (70s) (log: /var/www/ci-lustre/upstream-patch-review/c9e22edb230546f8a977110a7b73fc6c6ab6cf35_cc-plugin.log)
  boot: PASS (89s) (log: /var/www/ci-lustre/upstream-patch-review/c9e22edb230546f8a977110a7b73fc6c6ab6cf35_boot.log)
  llmount: PASS (167s) (log: /var/www/ci-lustre/upstream-patch-review/c9e22edb230546f8a977110a7b73fc6c6ab6cf35_llmount.log)
  llog-unit: PASS (190s) (log: /var/www/ci-lustre/upstream-patch-review/c9e22edb230546f8a977110a7b73fc6c6ab6cf35_llog-unit.log)
  mgs-setup: PASS (97s) (log: /var/www/ci-lustre/upstream-patch-review/c9e22edb230546f8a977110a7b73fc6c6ab6cf35_mgs-setup.log)
  sanity-1: PASS (117s) (log: /var/www/ci-lustre/upstream-patch-review/c9e22edb230546f8a977110a7b73fc6c6ab6cf35_sanity-1.log)
  sanity-2: PASS (105s) (log: /var/www/ci-lustre/upstream-patch-review/c9e22edb230546f8a977110a7b73fc6c6ab6cf35_sanity-2.log)
  sanity-3: PASS (118s) (log: /var/www/ci-lustre/upstream-patch-review/c9e22edb230546f8a977110a7b73fc6c6ab6cf35_sanity-3.log)
  sanity-4: PASS (98s) (log: /var/www/ci-lustre/upstream-patch-review/c9e22edb230546f8a977110a7b73fc6c6ab6cf35_sanity-4.log)

Total execution time: 347s
