CLI: ./podman-ktest --podman-socket unix:///run/podman/podman.sock --shared-filesystem /tmp --tarball-input job lustre-ci --output /var/www/ci-lustre/upstream-patch-review --git-hash ca3c7d66acc6d849e8696da4cda885d948652e8b --change-id 63998_ca3c7d66acc6d849e8696da4cda885d948652e8b --subject LU-0000 tests: check recovery-small/26b

  Checking /dev/kvm exists... OK
  Checking /dev/kvm permissions... OK
  Creating ccache directory... OK
  Checking ccache directory writable... OK

Environment validated successfully
Creating kernel tarball at /tmp/ktest-kernel.tar.gz...
Creating lustre tarball at /tmp/ktest-lustre.tar.gz...
Executing 16 jobs
Jobs will start as soon as their dependencies are satisfied
Using tarball input mode

START checkpatch tool checkpatch
START lustre_al2023 build tests/fs/lustre/boot.ktest
START lustre_mainline_native build tests/fs/lustre/boot.ktest
START lustre_mainline_strict build tests/fs/lustre/boot-strict.ktest
START lustre_mainline build tests/fs/lustre/boot.ktest
START lustre_u24 build tests/fs/lustre/boot.ktest
PUT /tmp/ktest-kernel.tar.gz 11s
PUT /tmp/ktest-kernel.tar.gz 11s
PUT /tmp/ktest-kernel.tar.gz 11s
PUT /tmp/ktest-kernel.tar.gz 11s
PUT /tmp/ktest-kernel.tar.gz 11s
PUT /tmp/ktest-kernel.tar.gz 12s
PUT /tmp/ktest-lustre.tar.gz 7s
PUT /tmp/ktest-lustre.tar.gz 6s
PUT /tmp/ktest-lustre.tar.gz 6s
PUT /tmp/ktest-lustre.tar.gz 7s
PUT /tmp/ktest-lustre.tar.gz 6s
PUT /tmp/ktest-lustre.tar.gz 6s
END checkpatch tool checkpatch PASS 21s
END lustre_al2023 build tests/fs/lustre/boot.ktest PASS 79s
END lustre_u24 build tests/fs/lustre/boot.ktest PASS 80s
GET /tmp/ktest_lustre_mainline_strict_wmn2wmo3.tar 4s
END lustre_mainline_strict build tests/fs/lustre/boot-strict.ktest FAIL 129s (exit code: 1)
GET /tmp/ktest_lustre_mainline_a4nhtmjt.tar 3s
GET /tmp/ktest_lustre_mainline_native_hgtt67fj.tar 3s
END lustre_mainline build tests/fs/lustre/boot.ktest PASS 143s
END lustre_mainline_native build tests/fs/lustre/boot.ktest PASS 144s
START clang-tidy tool clang-tidy
START cc-plugin tool cc-plugin
START boot run tests/fs/lustre/boot.ktest
START llmount run tests/fs/lustre/llmount.ktest
START llog-unit run tests/fs/lustre/llog-unit.ktest
START mgs-setup run tests/fs/lustre/mgs-setup.ktest
START sanity-1 run tests/fs/lustre/sanity/sanity-1.ktest
START sanity-2 run tests/fs/lustre/sanity/sanity-2.ktest
START sanity-3 run tests/fs/lustre/sanity/sanity-3.ktest
START sanity-4 run tests/fs/lustre/sanity/sanity-4.ktest
PUT /tmp/ktest-kernel.tar.gz 51s
PUT /tmp/ktest_lustre_mainline_native_hgtt67fj.tar 51s
PUT /tmp/ktest_lustre_mainline_native_hgtt67fj.tar 51s
PUT /tmp/ktest_lustre_mainline_native_hgtt67fj.tar 51s
PUT /tmp/ktest_lustre_mainline_native_hgtt67fj.tar 51s
PUT /tmp/ktest_lustre_mainline_native_hgtt67fj.tar 51s
PUT /tmp/ktest_lustre_mainline_native_hgtt67fj.tar 51s
PUT /tmp/ktest_lustre_mainline_native_hgtt67fj.tar 51s
PUT /tmp/ktest_lustre_mainline_native_hgtt67fj.tar 51s
PUT /tmp/ktest-kernel.tar.gz 51s
PUT /tmp/ktest-lustre.tar.gz 84s
PUT /tmp/ktest-lustre.tar.gz 84s
PUT /tmp/ktest_lustre_mainline_native_hgtt67fj.tar 24s
PUT /tmp/ktest_lustre_mainline_native_hgtt67fj.tar 24s
END cc-plugin tool cc-plugin FAIL 163s (exit code: 127)
END clang-tidy tool clang-tidy PASS 180s
END boot run tests/fs/lustre/boot.ktest PASS 181s
END mgs-setup run tests/fs/lustre/mgs-setup.ktest PASS 188s
END sanity-2 run tests/fs/lustre/sanity/sanity-2.ktest PASS 196s
END sanity-1 run tests/fs/lustre/sanity/sanity-1.ktest PASS 196s
END sanity-3 run tests/fs/lustre/sanity/sanity-3.ktest PASS 199s
END sanity-4 run tests/fs/lustre/sanity/sanity-4.ktest PASS 222s
END llmount run tests/fs/lustre/llmount.ktest PASS 245s
END llog-unit run tests/fs/lustre/llog-unit.ktest PASS 267s

============================================================
Final Results:
  checkpatch: PASS (21s) (log: /var/www/ci-lustre/upstream-patch-review/ca3c7d66acc6d849e8696da4cda885d948652e8b_checkpatch.log)
  lustre_u24: PASS (80s) (log: /var/www/ci-lustre/upstream-patch-review/ca3c7d66acc6d849e8696da4cda885d948652e8b_lustre_u24.log)
  lustre_al2023: PASS (79s) (log: /var/www/ci-lustre/upstream-patch-review/ca3c7d66acc6d849e8696da4cda885d948652e8b_lustre_al2023.log)
  lustre_mainline_strict: FAIL (129s) (log: /var/www/ci-lustre/upstream-patch-review/ca3c7d66acc6d849e8696da4cda885d948652e8b_lustre_mainline_strict.log)
  lustre_mainline: PASS (143s) (log: /var/www/ci-lustre/upstream-patch-review/ca3c7d66acc6d849e8696da4cda885d948652e8b_lustre_mainline.log)
  lustre_mainline_native: PASS (144s) (log: /var/www/ci-lustre/upstream-patch-review/ca3c7d66acc6d849e8696da4cda885d948652e8b_lustre_mainline_native.log)
  clang-tidy: PASS (180s) (log: /var/www/ci-lustre/upstream-patch-review/ca3c7d66acc6d849e8696da4cda885d948652e8b_clang-tidy.log)
  cc-plugin: FAIL (163s) (log: /var/www/ci-lustre/upstream-patch-review/ca3c7d66acc6d849e8696da4cda885d948652e8b_cc-plugin.log)
  boot: PASS (181s) (log: /var/www/ci-lustre/upstream-patch-review/ca3c7d66acc6d849e8696da4cda885d948652e8b_boot.log)
  llmount: PASS (245s) (log: /var/www/ci-lustre/upstream-patch-review/ca3c7d66acc6d849e8696da4cda885d948652e8b_llmount.log)
  llog-unit: PASS (267s) (log: /var/www/ci-lustre/upstream-patch-review/ca3c7d66acc6d849e8696da4cda885d948652e8b_llog-unit.log)
  mgs-setup: PASS (188s) (log: /var/www/ci-lustre/upstream-patch-review/ca3c7d66acc6d849e8696da4cda885d948652e8b_mgs-setup.log)
  sanity-1: PASS (196s) (log: /var/www/ci-lustre/upstream-patch-review/ca3c7d66acc6d849e8696da4cda885d948652e8b_sanity-1.log)
  sanity-2: PASS (196s) (log: /var/www/ci-lustre/upstream-patch-review/ca3c7d66acc6d849e8696da4cda885d948652e8b_sanity-2.log)
  sanity-3: PASS (199s) (log: /var/www/ci-lustre/upstream-patch-review/ca3c7d66acc6d849e8696da4cda885d948652e8b_sanity-3.log)
  sanity-4: PASS (222s) (log: /var/www/ci-lustre/upstream-patch-review/ca3c7d66acc6d849e8696da4cda885d948652e8b_sanity-4.log)

Total execution time: 441s
