CLI: ./podman-ktest --podman-socket unix:///run/podman/podman.sock --shared-filesystem /tmp --tarball-input job lustre-ci --output /var/www/ci-lustre/upstream-patch-review --git-hash ca6d677b234e830906441098bb5b24e64d4eff7c --change-id 66624_ca6d677b234e830906441098bb5b24e64d4eff7c --subject LU-20360 utils: fix tunefs.lustre dropping mountfsoptions

  Checking /dev/kvm exists... OK
  Checking /dev/kvm permissions... OK
  Creating ccache directory... OK
  Checking ccache directory writable... OK
  Creating package output directory... OK

Environment validated successfully
Creating kernel tarball at /tmp/ktest-kernel.tar.gz...
Creating lustre tarball at /tmp/ktest-lustre.tar.gz...
Creating ZFS tarball at /tmp/ktest-zfs.tar.gz...
Executing 13 jobs
Jobs will start as soon as their dependencies are satisfied
Using tarball input mode

START lustre_mainline build tests/fs/lustre/boot.ktest
START lustre_mainline_native build tests/fs/lustre/boot.ktest
START lustre_mainline_strict build tests/fs/lustre/boot-strict.ktest
START u24 build tests/fs/lustre/boot.ktest
START al2023 build tests/fs/lustre/boot.ktest
START checkpatch tool checkpatch
PUT /tmp/ktest-lustre.tar.gz 1s
PUT /tmp/ktest-lustre.tar.gz 1s
PUT /tmp/ktest-kernel.tar.gz 14s
PUT /tmp/ktest-kernel.tar.gz 14s
PUT /tmp/ktest-kernel.tar.gz 14s
PUT /tmp/ktest-kernel.tar.gz 14s
PUT /tmp/ktest-lustre.tar.gz 2s
PUT /tmp/ktest-lustre.tar.gz 2s
PUT /tmp/ktest-lustre.tar.gz 2s
PUT /tmp/ktest-lustre.tar.gz 1s
PUT /tmp/ktest-zfs.tar.gz 0s
PUT /tmp/ktest-zfs.tar.gz 0s
PUT /tmp/ktest-zfs.tar.gz 0s
END checkpatch tool checkpatch PASS 18s
END al2023 build tests/fs/lustre/boot.ktest PASS 67s
END u24 build tests/fs/lustre/boot.ktest PASS 75s
GET /tmp/ktest_lustre_mainline_strict_qt64z58m.tar 6s
END lustre_mainline_strict build tests/fs/lustre/boot-strict.ktest FAIL 191s (exit code: 1)
GET /tmp/ktest_lustre_mainline_26fsp2x3.tar 0s
GET /tmp/ktest_lustre_mainline_native_m0ooc2ad.tar 0s
END lustre_mainline build tests/fs/lustre/boot.ktest PASS 207s
END lustre_mainline_native build tests/fs/lustre/boot.ktest PASS 208s
START boot run tests/fs/lustre/boot.ktest
START llmount run tests/fs/lustre/llmount.ktest
START mgs-setup run tests/fs/lustre/mgs-setup.ktest
START sanity-1 run tests/fs/lustre/sanity/sanity-1.ktest
START sanity-2 run tests/fs/lustre/sanity/sanity-2.ktest
START sanity-3 run tests/fs/lustre/sanity/sanity-3.ktest
START sanity-4 run tests/fs/lustre/sanity/sanity-4.ktest
PUT /tmp/ktest-kernel.tar.gz 27s
PUT /tmp/ktest-kernel.tar.gz 27s
PUT /tmp/ktest-kernel.tar.gz 27s
PUT /tmp/ktest-kernel.tar.gz 27s
PUT /tmp/ktest-kernel.tar.gz 27s
PUT /tmp/ktest-kernel.tar.gz 27s
PUT /tmp/ktest-kernel.tar.gz 27s
PUT /tmp/ktest-lustre.tar.gz 10s
PUT /tmp/ktest-lustre.tar.gz 10s
PUT /tmp/ktest-lustre.tar.gz 9s
PUT /tmp/ktest-lustre.tar.gz 10s
PUT /tmp/ktest-lustre.tar.gz 10s
PUT /tmp/ktest-lustre.tar.gz 9s
PUT /tmp/ktest-lustre.tar.gz 9s
PUT /tmp/ktest_lustre_mainline_native_m0ooc2ad.tar 1s
PUT /tmp/ktest_lustre_mainline_native_m0ooc2ad.tar 1s
PUT /tmp/ktest_lustre_mainline_native_m0ooc2ad.tar 1s
PUT /tmp/ktest_lustre_mainline_native_m0ooc2ad.tar 1s
PUT /tmp/ktest_lustre_mainline_native_m0ooc2ad.tar 1s
PUT /tmp/ktest_lustre_mainline_native_m0ooc2ad.tar 1s
PUT /tmp/ktest_lustre_mainline_native_m0ooc2ad.tar 1s
END boot run tests/fs/lustre/boot.ktest PASS 78s
END llmount run tests/fs/lustre/llmount.ktest FAIL 114s (exit code: 1)
END sanity-4 run tests/fs/lustre/sanity/sanity-4.ktest PASS 116s
END sanity-2 run tests/fs/lustre/sanity/sanity-2.ktest PASS 119s
END mgs-setup run tests/fs/lustre/mgs-setup.ktest PASS 120s
END sanity-1 run tests/fs/lustre/sanity/sanity-1.ktest PASS 159s
END sanity-3 run tests/fs/lustre/sanity/sanity-3.ktest PASS 160s

============================================================
Final Results:
  checkpatch: PASS (18s) (log: /var/www/ci-lustre/upstream-patch-review/ca6d677b234e830906441098bb5b24e64d4eff7c_checkpatch.log)
  u24: PASS (75s) (log: /var/www/ci-lustre/upstream-patch-review/ca6d677b234e830906441098bb5b24e64d4eff7c_u24.log)
  al2023: PASS (67s) (log: /var/www/ci-lustre/upstream-patch-review/ca6d677b234e830906441098bb5b24e64d4eff7c_al2023.log)
  lustre_mainline_strict: FAIL (191s) (log: /var/www/ci-lustre/upstream-patch-review/ca6d677b234e830906441098bb5b24e64d4eff7c_lustre_mainline_strict.log)
  lustre_mainline: PASS (207s) (log: /var/www/ci-lustre/upstream-patch-review/ca6d677b234e830906441098bb5b24e64d4eff7c_lustre_mainline.log)
  lustre_mainline_native: PASS (208s) (log: /var/www/ci-lustre/upstream-patch-review/ca6d677b234e830906441098bb5b24e64d4eff7c_lustre_mainline_native.log)
  boot: PASS (78s) (log: /var/www/ci-lustre/upstream-patch-review/ca6d677b234e830906441098bb5b24e64d4eff7c_boot.log)
  llmount: FAIL (114s) (log: /var/www/ci-lustre/upstream-patch-review/ca6d677b234e830906441098bb5b24e64d4eff7c_llmount.log)
  mgs-setup: PASS (120s) (log: /var/www/ci-lustre/upstream-patch-review/ca6d677b234e830906441098bb5b24e64d4eff7c_mgs-setup.log)
  sanity-1: PASS (159s) (log: /var/www/ci-lustre/upstream-patch-review/ca6d677b234e830906441098bb5b24e64d4eff7c_sanity-1.log)
  sanity-2: PASS (119s) (log: /var/www/ci-lustre/upstream-patch-review/ca6d677b234e830906441098bb5b24e64d4eff7c_sanity-2.log)
  sanity-3: PASS (160s) (log: /var/www/ci-lustre/upstream-patch-review/ca6d677b234e830906441098bb5b24e64d4eff7c_sanity-3.log)
  sanity-4: PASS (116s) (log: /var/www/ci-lustre/upstream-patch-review/ca6d677b234e830906441098bb5b24e64d4eff7c_sanity-4.log)

Total execution time: 397s
