CLI: ./podman-ktest --podman-socket unix:///run/podman/podman.sock --shared-filesystem /tmp --tarball-input job lustre-ci --output /var/www/ci-lustre/upstream-patch-review --git-hash cad5161af82271c58f0f980019e380a221d38e6c --change-id 66065_cad5161af82271c58f0f980019e380a221d38e6c --subject LU-20292 build: improve kernel rpm naming for RHEL

  Checking /dev/kvm exists... OK
  Checking /dev/kvm permissions... OK
  Creating ccache directory... OK
  Checking ccache directory writable... OK
  Creating package output directory... OK

Environment validated successfully
Creating kernel tarball at /tmp/ktest-kernel.tar.gz...
Creating lustre tarball at /tmp/ktest-lustre.tar.gz...
Creating ZFS tarball at /tmp/ktest-zfs.tar.gz...
Executing 13 jobs
Jobs will start as soon as their dependencies are satisfied
Using tarball input mode

START lustre_mainline build tests/fs/lustre/boot.ktest
START lustre_mainline_native build tests/fs/lustre/boot.ktest
START lustre_mainline_strict build tests/fs/lustre/boot-strict.ktest
START al2023 build tests/fs/lustre/boot.ktest
START checkpatch tool checkpatch
START u24 build tests/fs/lustre/boot.ktest
PUT /tmp/ktest-lustre.tar.gz 1s
PUT /tmp/ktest-lustre.tar.gz 1s
PUT /tmp/ktest-kernel.tar.gz 6s
PUT /tmp/ktest-kernel.tar.gz 6s
PUT /tmp/ktest-kernel.tar.gz 6s
PUT /tmp/ktest-kernel.tar.gz 6s
PUT /tmp/ktest-lustre.tar.gz 1s
PUT /tmp/ktest-lustre.tar.gz 1s
PUT /tmp/ktest-lustre.tar.gz 1s
PUT /tmp/ktest-lustre.tar.gz 1s
PUT /tmp/ktest-zfs.tar.gz 0s
PUT /tmp/ktest-zfs.tar.gz 0s
PUT /tmp/ktest-zfs.tar.gz 0s
END checkpatch tool checkpatch PASS 10s
END al2023 build tests/fs/lustre/boot.ktest PASS 59s
END u24 build tests/fs/lustre/boot.ktest PASS 64s
GET /tmp/ktest_lustre_mainline_strict_qfxo_u1_.tar 5s
END lustre_mainline_strict build tests/fs/lustre/boot-strict.ktest FAIL 119s (exit code: 1)
GET /tmp/ktest_lustre_mainline_kh_m8un2.tar 0s
GET /tmp/ktest_lustre_mainline_native_pjnu9nq0.tar 0s
END lustre_mainline build tests/fs/lustre/boot.ktest PASS 122s
END lustre_mainline_native build tests/fs/lustre/boot.ktest PASS 123s
START boot run tests/fs/lustre/boot.ktest
START llmount run tests/fs/lustre/llmount.ktest
START mgs-setup run tests/fs/lustre/mgs-setup.ktest
START sanity-1 run tests/fs/lustre/sanity/sanity-1.ktest
START sanity-2 run tests/fs/lustre/sanity/sanity-2.ktest
START sanity-3 run tests/fs/lustre/sanity/sanity-3.ktest
START sanity-4 run tests/fs/lustre/sanity/sanity-4.ktest
PUT /tmp/ktest-kernel.tar.gz 15s
PUT /tmp/ktest-kernel.tar.gz 15s
PUT /tmp/ktest-kernel.tar.gz 15s
PUT /tmp/ktest-kernel.tar.gz 15s
PUT /tmp/ktest-kernel.tar.gz 15s
PUT /tmp/ktest-kernel.tar.gz 16s
PUT /tmp/ktest-kernel.tar.gz 16s
PUT /tmp/ktest-lustre.tar.gz 3s
PUT /tmp/ktest-lustre.tar.gz 2s
PUT /tmp/ktest-lustre.tar.gz 2s
PUT /tmp/ktest-lustre.tar.gz 2s
PUT /tmp/ktest-lustre.tar.gz 2s
PUT /tmp/ktest-lustre.tar.gz 2s
PUT /tmp/ktest-lustre.tar.gz 2s
PUT /tmp/ktest_lustre_mainline_native_pjnu9nq0.tar 0s
PUT /tmp/ktest_lustre_mainline_native_pjnu9nq0.tar 0s
PUT /tmp/ktest_lustre_mainline_native_pjnu9nq0.tar 0s
PUT /tmp/ktest_lustre_mainline_native_pjnu9nq0.tar 0s
PUT /tmp/ktest_lustre_mainline_native_pjnu9nq0.tar 0s
PUT /tmp/ktest_lustre_mainline_native_pjnu9nq0.tar 0s
PUT /tmp/ktest_lustre_mainline_native_pjnu9nq0.tar 0s
END boot run tests/fs/lustre/boot.ktest PASS 118s
END mgs-setup run tests/fs/lustre/mgs-setup.ktest PASS 128s
END sanity-4 run tests/fs/lustre/sanity/sanity-4.ktest PASS 151s
END llmount run tests/fs/lustre/llmount.ktest PASS 167s
END sanity-1 run tests/fs/lustre/sanity/sanity-1.ktest PASS 168s
END sanity-2 run tests/fs/lustre/sanity/sanity-2.ktest PASS 177s
END sanity-3 run tests/fs/lustre/sanity/sanity-3.ktest PASS 178s

============================================================
Final Results:
  checkpatch: PASS (10s) (log: /var/www/ci-lustre/upstream-patch-review/cad5161af82271c58f0f980019e380a221d38e6c_checkpatch.log)
  u24: PASS (64s) (log: /var/www/ci-lustre/upstream-patch-review/cad5161af82271c58f0f980019e380a221d38e6c_u24.log)
  al2023: PASS (59s) (log: /var/www/ci-lustre/upstream-patch-review/cad5161af82271c58f0f980019e380a221d38e6c_al2023.log)
  lustre_mainline_strict: FAIL (119s) (log: /var/www/ci-lustre/upstream-patch-review/cad5161af82271c58f0f980019e380a221d38e6c_lustre_mainline_strict.log)
  lustre_mainline: PASS (122s) (log: /var/www/ci-lustre/upstream-patch-review/cad5161af82271c58f0f980019e380a221d38e6c_lustre_mainline.log)
  lustre_mainline_native: PASS (123s) (log: /var/www/ci-lustre/upstream-patch-review/cad5161af82271c58f0f980019e380a221d38e6c_lustre_mainline_native.log)
  boot: PASS (118s) (log: /var/www/ci-lustre/upstream-patch-review/cad5161af82271c58f0f980019e380a221d38e6c_boot.log)
  llmount: PASS (167s) (log: /var/www/ci-lustre/upstream-patch-review/cad5161af82271c58f0f980019e380a221d38e6c_llmount.log)
  mgs-setup: PASS (128s) (log: /var/www/ci-lustre/upstream-patch-review/cad5161af82271c58f0f980019e380a221d38e6c_mgs-setup.log)
  sanity-1: PASS (168s) (log: /var/www/ci-lustre/upstream-patch-review/cad5161af82271c58f0f980019e380a221d38e6c_sanity-1.log)
  sanity-2: PASS (177s) (log: /var/www/ci-lustre/upstream-patch-review/cad5161af82271c58f0f980019e380a221d38e6c_sanity-2.log)
  sanity-3: PASS (178s) (log: /var/www/ci-lustre/upstream-patch-review/cad5161af82271c58f0f980019e380a221d38e6c_sanity-3.log)
  sanity-4: PASS (151s) (log: /var/www/ci-lustre/upstream-patch-review/cad5161af82271c58f0f980019e380a221d38e6c_sanity-4.log)

Total execution time: 331s
