CLI: ./podman-ktest --podman-socket unix:///run/podman/podman.sock --shared-filesystem /tmp --tarball-input job lustre-ci --output /var/www/ci-lustre/upstream-patch-review --git-hash cafbf67dc7aa03e4c4df3e93030b9c730e50c21f --change-id 65707_cafbf67dc7aa03e4c4df3e93030b9c730e50c21f --subject LU-20227 lod,llite: fix div-by-zero on uninitialized os_bsize

  Checking /dev/kvm exists... OK
  Checking /dev/kvm permissions... OK
  Creating ccache directory... OK
  Checking ccache directory writable... OK

Environment validated successfully
Creating kernel tarball at /tmp/ktest-kernel.tar.gz...
Creating lustre tarball at /tmp/ktest-lustre.tar.gz...
Executing 16 jobs
Jobs will start as soon as their dependencies are satisfied
Using tarball input mode

START al2023 build tests/fs/lustre/boot.ktest
START u24 build tests/fs/lustre/boot.ktest
START checkpatch tool checkpatch
START lustre_mainline build tests/fs/lustre/boot.ktest
START lustre_mainline_native build tests/fs/lustre/boot.ktest
START lustre_mainline_strict build tests/fs/lustre/boot-strict.ktest
PUT /tmp/ktest-lustre.tar.gz 1s
PUT /tmp/ktest-lustre.tar.gz 1s
PUT /tmp/ktest-kernel.tar.gz 6s
PUT /tmp/ktest-kernel.tar.gz 6s
PUT /tmp/ktest-kernel.tar.gz 6s
PUT /tmp/ktest-kernel.tar.gz 6s
PUT /tmp/ktest-lustre.tar.gz 1s
PUT /tmp/ktest-lustre.tar.gz 1s
PUT /tmp/ktest-lustre.tar.gz 1s
PUT /tmp/ktest-lustre.tar.gz 1s
END checkpatch tool checkpatch PASS 10s
END al2023 build tests/fs/lustre/boot.ktest PASS 75s
END u24 build tests/fs/lustre/boot.ktest PASS 75s
GET /tmp/ktest_lustre_mainline_strict_o12itlrv.tar 5s
END lustre_mainline_strict build tests/fs/lustre/boot-strict.ktest FAIL 143s (exit code: 1)
GET /tmp/ktest_lustre_mainline_wcnth6ys.tar 5s
GET /tmp/ktest_lustre_mainline_native_mb6amxfx.tar 5s
END lustre_mainline build tests/fs/lustre/boot.ktest PASS 148s
END lustre_mainline_native build tests/fs/lustre/boot.ktest PASS 150s
START clang-tidy tool clang-tidy
START cc-plugin tool cc-plugin
START boot run tests/fs/lustre/boot.ktest
START llmount run tests/fs/lustre/llmount.ktest
START llog-unit run tests/fs/lustre/llog-unit.ktest
START mgs-setup run tests/fs/lustre/mgs-setup.ktest
START sanity-1 run tests/fs/lustre/sanity/sanity-1.ktest
START sanity-2 run tests/fs/lustre/sanity/sanity-2.ktest
START sanity-3 run tests/fs/lustre/sanity/sanity-3.ktest
START sanity-4 run tests/fs/lustre/sanity/sanity-4.ktest
PUT /tmp/ktest-kernel.tar.gz 47s
PUT /tmp/ktest_lustre_mainline_native_mb6amxfx.tar 51s
PUT /tmp/ktest_lustre_mainline_native_mb6amxfx.tar 51s
PUT /tmp/ktest_lustre_mainline_native_mb6amxfx.tar 51s
PUT /tmp/ktest-kernel.tar.gz 52s
PUT /tmp/ktest_lustre_mainline_native_mb6amxfx.tar 51s
PUT /tmp/ktest_lustre_mainline_native_mb6amxfx.tar 52s
PUT /tmp/ktest_lustre_mainline_native_mb6amxfx.tar 51s
PUT /tmp/ktest_lustre_mainline_native_mb6amxfx.tar 51s
PUT /tmp/ktest_lustre_mainline_native_mb6amxfx.tar 52s
PUT /tmp/ktest-lustre.tar.gz 85s
PUT /tmp/ktest-lustre.tar.gz 111s
PUT /tmp/ktest_lustre_mainline_native_mb6amxfx.tar 34s
PUT /tmp/ktest_lustre_mainline_native_mb6amxfx.tar 13s
END cc-plugin tool cc-plugin FAIL 174s (exit code: 127)
END boot run tests/fs/lustre/boot.ktest PASS 194s
END clang-tidy tool clang-tidy PASS 196s
END mgs-setup run tests/fs/lustre/mgs-setup.ktest PASS 200s
END sanity-1 run tests/fs/lustre/sanity/sanity-1.ktest PASS 215s
END sanity-2 run tests/fs/lustre/sanity/sanity-2.ktest PASS 222s
END sanity-4 run tests/fs/lustre/sanity/sanity-4.ktest PASS 224s
END sanity-3 run tests/fs/lustre/sanity/sanity-3.ktest PASS 230s
END llmount run tests/fs/lustre/llmount.ktest PASS 282s
END llog-unit run tests/fs/lustre/llog-unit.ktest PASS 289s

============================================================
Final Results:
  checkpatch: PASS (10s) (log: /var/www/ci-lustre/upstream-patch-review/cafbf67dc7aa03e4c4df3e93030b9c730e50c21f_checkpatch.log)
  u24: PASS (75s) (log: /var/www/ci-lustre/upstream-patch-review/cafbf67dc7aa03e4c4df3e93030b9c730e50c21f_u24.log)
  al2023: PASS (75s) (log: /var/www/ci-lustre/upstream-patch-review/cafbf67dc7aa03e4c4df3e93030b9c730e50c21f_al2023.log)
  lustre_mainline_strict: FAIL (143s) (log: /var/www/ci-lustre/upstream-patch-review/cafbf67dc7aa03e4c4df3e93030b9c730e50c21f_lustre_mainline_strict.log)
  lustre_mainline: PASS (148s) (log: /var/www/ci-lustre/upstream-patch-review/cafbf67dc7aa03e4c4df3e93030b9c730e50c21f_lustre_mainline.log)
  lustre_mainline_native: PASS (150s) (log: /var/www/ci-lustre/upstream-patch-review/cafbf67dc7aa03e4c4df3e93030b9c730e50c21f_lustre_mainline_native.log)
  clang-tidy: PASS (196s) (log: /var/www/ci-lustre/upstream-patch-review/cafbf67dc7aa03e4c4df3e93030b9c730e50c21f_clang-tidy.log)
  cc-plugin: FAIL (174s) (log: /var/www/ci-lustre/upstream-patch-review/cafbf67dc7aa03e4c4df3e93030b9c730e50c21f_cc-plugin.log)
  boot: PASS (194s) (log: /var/www/ci-lustre/upstream-patch-review/cafbf67dc7aa03e4c4df3e93030b9c730e50c21f_boot.log)
  llmount: PASS (282s) (log: /var/www/ci-lustre/upstream-patch-review/cafbf67dc7aa03e4c4df3e93030b9c730e50c21f_llmount.log)
  llog-unit: PASS (289s) (log: /var/www/ci-lustre/upstream-patch-review/cafbf67dc7aa03e4c4df3e93030b9c730e50c21f_llog-unit.log)
  mgs-setup: PASS (200s) (log: /var/www/ci-lustre/upstream-patch-review/cafbf67dc7aa03e4c4df3e93030b9c730e50c21f_mgs-setup.log)
  sanity-1: PASS (215s) (log: /var/www/ci-lustre/upstream-patch-review/cafbf67dc7aa03e4c4df3e93030b9c730e50c21f_sanity-1.log)
  sanity-2: PASS (222s) (log: /var/www/ci-lustre/upstream-patch-review/cafbf67dc7aa03e4c4df3e93030b9c730e50c21f_sanity-2.log)
  sanity-3: PASS (230s) (log: /var/www/ci-lustre/upstream-patch-review/cafbf67dc7aa03e4c4df3e93030b9c730e50c21f_sanity-3.log)
  sanity-4: PASS (224s) (log: /var/www/ci-lustre/upstream-patch-review/cafbf67dc7aa03e4c4df3e93030b9c730e50c21f_sanity-4.log)

Total execution time: 471s
Deleted orphaned log file: eee38bd85d0cfe31d76f1f7c192a427ef9ebd366_execution.log
Deleted orphaned log file: 0dbcdf9e00737b217562fae3df3f5da139529cb2_sanity-1.log
Deleted orphaned log file: eee38bd85d0cfe31d76f1f7c192a427ef9ebd366_checkpatch.log
Deleted orphaned log file: 0dbcdf9e00737b217562fae3df3f5da139529cb2_boot.log
Deleted orphaned log file: eee38bd85d0cfe31d76f1f7c192a427ef9ebd366_mgs-setup.log
Deleted orphaned log file: eee38bd85d0cfe31d76f1f7c192a427ef9ebd366_u24.log
Deleted orphaned log file: 0dbcdf9e00737b217562fae3df3f5da139529cb2_llog-unit.log
Deleted orphaned log file: eee38bd85d0cfe31d76f1f7c192a427ef9ebd366_sanity-4.log
Deleted orphaned log file: 0dbcdf9e00737b217562fae3df3f5da139529cb2_sanity-4.log
Deleted orphaned log file: eee38bd85d0cfe31d76f1f7c192a427ef9ebd366_lustre_mainline_strict.log
Deleted orphaned log file: 0dbcdf9e00737b217562fae3df3f5da139529cb2_mgs-setup.log
Deleted orphaned log file: eee38bd85d0cfe31d76f1f7c192a427ef9ebd366_al2023.log
Deleted orphaned log file: eee38bd85d0cfe31d76f1f7c192a427ef9ebd366_llog-unit.log
Deleted orphaned log file: 0dbcdf9e00737b217562fae3df3f5da139529cb2_clang-tidy.log
Deleted orphaned log file: eee38bd85d0cfe31d76f1f7c192a427ef9ebd366_lustre_mainline.log
Deleted orphaned log file: eee38bd85d0cfe31d76f1f7c192a427ef9ebd366_llmount.log
Deleted orphaned log file: 0dbcdf9e00737b217562fae3df3f5da139529cb2_sanity-3.log
Deleted orphaned log file: 0dbcdf9e00737b217562fae3df3f5da139529cb2_cc-plugin.log
Deleted orphaned log file: eee38bd85d0cfe31d76f1f7c192a427ef9ebd366_cc-plugin.log
Deleted orphaned log file: 0dbcdf9e00737b217562fae3df3f5da139529cb2_lustre_mainline.log
Deleted orphaned log file: eee38bd85d0cfe31d76f1f7c192a427ef9ebd366_sanity-1.log
Deleted orphaned log file: 0dbcdf9e00737b217562fae3df3f5da139529cb2_lustre_mainline_native.log
Deleted orphaned log file: eee38bd85d0cfe31d76f1f7c192a427ef9ebd366_lustre_mainline_native.log
Deleted orphaned log file: 0dbcdf9e00737b217562fae3df3f5da139529cb2_lustre_mainline_strict.log
Deleted orphaned log file: 0dbcdf9e00737b217562fae3df3f5da139529cb2_sanity-2.log
Deleted orphaned log file: eee38bd85d0cfe31d76f1f7c192a427ef9ebd366_boot.log
Deleted orphaned log file: 0dbcdf9e00737b217562fae3df3f5da139529cb2_checkpatch.log
Deleted orphaned log file: eee38bd85d0cfe31d76f1f7c192a427ef9ebd366_clang-tidy.log
Deleted orphaned log file: eee38bd85d0cfe31d76f1f7c192a427ef9ebd366_sanity-2.log
Deleted orphaned log file: 0dbcdf9e00737b217562fae3df3f5da139529cb2_al2023.log
Deleted orphaned log file: 0dbcdf9e00737b217562fae3df3f5da139529cb2_llmount.log
Deleted orphaned log file: eee38bd85d0cfe31d76f1f7c192a427ef9ebd366_sanity-3.log
Deleted orphaned log file: 0dbcdf9e00737b217562fae3df3f5da139529cb2_u24.log
Deleted orphaned log file: 0dbcdf9e00737b217562fae3df3f5da139529cb2_execution.log
Cleanup complete: deleted 34 orphaned log files
