CLI: ./podman-ktest --podman-socket unix:///run/podman/podman.sock --shared-filesystem /tmp --tarball-input job lustre-ci --output /var/www/ci-lustre/upstream-patch-review --git-hash cb605a96111dcbdd22ecbb31b8e7009616ddb448 --change-id 64969_cb605a96111dcbdd22ecbb31b8e7009616ddb448 --subject LU-12668 lov: batch EC data reads per stripe

  Checking /dev/kvm exists... OK
  Checking /dev/kvm permissions... OK
  Creating ccache directory... OK
  Checking ccache directory writable... OK

Environment validated successfully
Creating kernel tarball at /tmp/ktest-kernel.tar.gz...
Creating lustre tarball at /tmp/ktest-lustre.tar.gz...
Executing 16 jobs
Jobs will start as soon as their dependencies are satisfied
Using tarball input mode

START lustre_mainline_strict build tests/fs/lustre/boot-strict.ktest
START lustre_mainline_native build tests/fs/lustre/boot.ktest
START lustre_mainline build tests/fs/lustre/boot.ktest
START checkpatch tool checkpatch
START u24 build tests/fs/lustre/boot.ktest
START al2023 build tests/fs/lustre/boot.ktest
PUT /tmp/ktest-kernel.tar.gz 8s
PUT /tmp/ktest-kernel.tar.gz 9s
PUT /tmp/ktest-kernel.tar.gz 9s
PUT /tmp/ktest-kernel.tar.gz 9s
PUT /tmp/ktest-kernel.tar.gz 9s
PUT /tmp/ktest-kernel.tar.gz 9s
PUT /tmp/ktest-lustre.tar.gz 2s
PUT /tmp/ktest-lustre.tar.gz 2s
PUT /tmp/ktest-lustre.tar.gz 2s
PUT /tmp/ktest-lustre.tar.gz 2s
PUT /tmp/ktest-lustre.tar.gz 1s
PUT /tmp/ktest-lustre.tar.gz 2s
END checkpatch tool checkpatch PASS 13s
END u24 build tests/fs/lustre/boot.ktest FAIL 65s (exit code: 2)
END al2023 build tests/fs/lustre/boot.ktest PASS 69s
GET /tmp/ktest_lustre_mainline_strict_bm9hpeij.tar 6s
GET /tmp/ktest_lustre_mainline_native_9axi2mcc.tar 6s
GET /tmp/ktest_lustre_mainline_t0myfkks.tar 6s
END lustre_mainline_strict build tests/fs/lustre/boot-strict.ktest FAIL 101s (exit code: 1)
END lustre_mainline_native build tests/fs/lustre/boot.ktest FAIL 102s (exit code: 1)
END lustre_mainline build tests/fs/lustre/boot.ktest FAIL 103s (exit code: 1)

============================================================
Final Results:
  checkpatch: PASS (13s) (log: /var/www/ci-lustre/upstream-patch-review/cb605a96111dcbdd22ecbb31b8e7009616ddb448_checkpatch.log)
  u24: FAIL (65s) (log: /var/www/ci-lustre/upstream-patch-review/cb605a96111dcbdd22ecbb31b8e7009616ddb448_u24.log)
  al2023: PASS (69s) (log: /var/www/ci-lustre/upstream-patch-review/cb605a96111dcbdd22ecbb31b8e7009616ddb448_al2023.log)
  lustre_mainline_strict: FAIL (101s) (log: /var/www/ci-lustre/upstream-patch-review/cb605a96111dcbdd22ecbb31b8e7009616ddb448_lustre_mainline_strict.log)
  lustre_mainline: FAIL (103s) (log: /var/www/ci-lustre/upstream-patch-review/cb605a96111dcbdd22ecbb31b8e7009616ddb448_lustre_mainline.log)
  lustre_mainline_native: FAIL (102s) (log: /var/www/ci-lustre/upstream-patch-review/cb605a96111dcbdd22ecbb31b8e7009616ddb448_lustre_mainline_native.log)
  clang-tidy: SKIPPED (due to dependency failure)
  cc-plugin: SKIPPED (due to dependency failure)
  boot: SKIPPED (due to dependency failure)
  llmount: SKIPPED (due to dependency failure)
  llog-unit: SKIPPED (due to dependency failure)
  mgs-setup: SKIPPED (due to dependency failure)
  sanity-1: SKIPPED (due to dependency failure)
  sanity-2: SKIPPED (due to dependency failure)
  sanity-3: SKIPPED (due to dependency failure)
  sanity-4: SKIPPED (due to dependency failure)

Total execution time: 135s
