CLI: ./podman-ktest --podman-socket unix:///run/podman/podman.sock --shared-filesystem /tmp --tarball-input job lustre-ci --output /var/www/ci-lustre/upstream-patch-review --git-hash cb7c59478d30c3699562c7e0126e9fc14f5ead3f --change-id 64049_cb7c59478d30c3699562c7e0126e9fc14f5ead3f --subject LU-18687 debug: cleanly split lustre_compat and debug

  Checking /dev/kvm exists... OK
  Checking /dev/kvm permissions... OK
  Creating ccache directory... OK
  Checking ccache directory writable... OK

Environment validated successfully
Creating kernel tarball at /tmp/ktest-kernel.tar.gz...
Creating lustre tarball at /tmp/ktest-lustre.tar.gz...
Executing 16 jobs
Jobs will start as soon as their dependencies are satisfied
Using tarball input mode

START lustre_mainline_native build tests/fs/lustre/boot.ktest
START al2023 build tests/fs/lustre/boot.ktest
START checkpatch tool checkpatch
START lustre_mainline_strict build tests/fs/lustre/boot-strict.ktest
START u24 build tests/fs/lustre/boot.ktest
START lustre_mainline build tests/fs/lustre/boot.ktest
PUT /tmp/ktest-kernel.tar.gz 7s
PUT /tmp/ktest-kernel.tar.gz 7s
PUT /tmp/ktest-kernel.tar.gz 7s
PUT /tmp/ktest-kernel.tar.gz 8s
PUT /tmp/ktest-kernel.tar.gz 8s
PUT /tmp/ktest-kernel.tar.gz 8s
PUT /tmp/ktest-lustre.tar.gz 1s
PUT /tmp/ktest-lustre.tar.gz 1s
PUT /tmp/ktest-lustre.tar.gz 1s
PUT /tmp/ktest-lustre.tar.gz 1s
PUT /tmp/ktest-lustre.tar.gz 2s
PUT /tmp/ktest-lustre.tar.gz 2s
END checkpatch tool checkpatch FAIL 12s (exit code: 1)
END al2023 build tests/fs/lustre/boot.ktest PASS 65s
END u24 build tests/fs/lustre/boot.ktest PASS 69s
GET /tmp/ktest_lustre_mainline_strict_npq_shti.tar 5s
END lustre_mainline_strict build tests/fs/lustre/boot-strict.ktest FAIL 116s (exit code: 1)
GET /tmp/ktest_lustre_mainline_w95fyet7.tar 4s
GET /tmp/ktest_lustre_mainline_native_qajk43ey.tar 4s
END lustre_mainline build tests/fs/lustre/boot.ktest PASS 119s
END lustre_mainline_native build tests/fs/lustre/boot.ktest PASS 121s
START clang-tidy tool clang-tidy
START cc-plugin tool cc-plugin
START boot run tests/fs/lustre/boot.ktest
START llmount run tests/fs/lustre/llmount.ktest
START llog-unit run tests/fs/lustre/llog-unit.ktest
START mgs-setup run tests/fs/lustre/mgs-setup.ktest
START sanity-1 run tests/fs/lustre/sanity/sanity-1.ktest
START sanity-2 run tests/fs/lustre/sanity/sanity-2.ktest
START sanity-3 run tests/fs/lustre/sanity/sanity-3.ktest
START sanity-4 run tests/fs/lustre/sanity/sanity-4.ktest
PUT /tmp/ktest-kernel.tar.gz 14s
PUT /tmp/ktest_lustre_mainline_native_qajk43ey.tar 15s
PUT /tmp/ktest_lustre_mainline_native_qajk43ey.tar 15s
PUT /tmp/ktest_lustre_mainline_native_qajk43ey.tar 15s
PUT /tmp/ktest_lustre_mainline_native_qajk43ey.tar 15s
PUT /tmp/ktest_lustre_mainline_native_qajk43ey.tar 15s
PUT /tmp/ktest_lustre_mainline_native_qajk43ey.tar 15s
PUT /tmp/ktest_lustre_mainline_native_qajk43ey.tar 15s
PUT /tmp/ktest-kernel.tar.gz 16s
PUT /tmp/ktest_lustre_mainline_native_qajk43ey.tar 15s
PUT /tmp/ktest-lustre.tar.gz 28s
PUT /tmp/ktest-lustre.tar.gz 29s
PUT /tmp/ktest_lustre_mainline_native_qajk43ey.tar 6s
PUT /tmp/ktest_lustre_mainline_native_qajk43ey.tar 9s
END cc-plugin tool cc-plugin FAIL 55s (exit code: 127)
END clang-tidy tool clang-tidy PASS 80s
END mgs-setup run tests/fs/lustre/mgs-setup.ktest PASS 89s
END boot run tests/fs/lustre/boot.ktest PASS 90s
END sanity-2 run tests/fs/lustre/sanity/sanity-2.ktest PASS 102s
END sanity-3 run tests/fs/lustre/sanity/sanity-3.ktest PASS 103s
END sanity-4 run tests/fs/lustre/sanity/sanity-4.ktest PASS 113s
END sanity-1 run tests/fs/lustre/sanity/sanity-1.ktest PASS 115s
END llog-unit run tests/fs/lustre/llog-unit.ktest PASS 181s
END llmount run tests/fs/lustre/llmount.ktest PASS 187s

============================================================
Final Results:
  checkpatch: FAIL (12s) (log: /var/www/ci-lustre/upstream-patch-review/cb7c59478d30c3699562c7e0126e9fc14f5ead3f_checkpatch.log)
  u24: PASS (69s) (log: /var/www/ci-lustre/upstream-patch-review/cb7c59478d30c3699562c7e0126e9fc14f5ead3f_u24.log)
  al2023: PASS (65s) (log: /var/www/ci-lustre/upstream-patch-review/cb7c59478d30c3699562c7e0126e9fc14f5ead3f_al2023.log)
  lustre_mainline_strict: FAIL (116s) (log: /var/www/ci-lustre/upstream-patch-review/cb7c59478d30c3699562c7e0126e9fc14f5ead3f_lustre_mainline_strict.log)
  lustre_mainline: PASS (119s) (log: /var/www/ci-lustre/upstream-patch-review/cb7c59478d30c3699562c7e0126e9fc14f5ead3f_lustre_mainline.log)
  lustre_mainline_native: PASS (121s) (log: /var/www/ci-lustre/upstream-patch-review/cb7c59478d30c3699562c7e0126e9fc14f5ead3f_lustre_mainline_native.log)
  clang-tidy: PASS (80s) (log: /var/www/ci-lustre/upstream-patch-review/cb7c59478d30c3699562c7e0126e9fc14f5ead3f_clang-tidy.log)
  cc-plugin: FAIL (55s) (log: /var/www/ci-lustre/upstream-patch-review/cb7c59478d30c3699562c7e0126e9fc14f5ead3f_cc-plugin.log)
  boot: PASS (90s) (log: /var/www/ci-lustre/upstream-patch-review/cb7c59478d30c3699562c7e0126e9fc14f5ead3f_boot.log)
  llmount: PASS (187s) (log: /var/www/ci-lustre/upstream-patch-review/cb7c59478d30c3699562c7e0126e9fc14f5ead3f_llmount.log)
  llog-unit: PASS (181s) (log: /var/www/ci-lustre/upstream-patch-review/cb7c59478d30c3699562c7e0126e9fc14f5ead3f_llog-unit.log)
  mgs-setup: PASS (89s) (log: /var/www/ci-lustre/upstream-patch-review/cb7c59478d30c3699562c7e0126e9fc14f5ead3f_mgs-setup.log)
  sanity-1: PASS (115s) (log: /var/www/ci-lustre/upstream-patch-review/cb7c59478d30c3699562c7e0126e9fc14f5ead3f_sanity-1.log)
  sanity-2: PASS (102s) (log: /var/www/ci-lustre/upstream-patch-review/cb7c59478d30c3699562c7e0126e9fc14f5ead3f_sanity-2.log)
  sanity-3: PASS (103s) (log: /var/www/ci-lustre/upstream-patch-review/cb7c59478d30c3699562c7e0126e9fc14f5ead3f_sanity-3.log)
  sanity-4: PASS (113s) (log: /var/www/ci-lustre/upstream-patch-review/cb7c59478d30c3699562c7e0126e9fc14f5ead3f_sanity-4.log)

Total execution time: 338s
