CLI: ./podman-ktest --podman-socket unix:///run/podman/podman.sock --shared-filesystem /tmp --tarball-input job lustre-ci --output /var/www/ci-lustre/upstream-patch-review --git-hash cbdaeb1a1c61f6adc15f83e30c951dc78528f62e --change-id 65207_cbdaeb1a1c61f6adc15f83e30c951dc78528f62e --subject LU-17044 ptlrpc: tbf cleanup ahead of minrate

  Checking /dev/kvm exists... OK
  Checking /dev/kvm permissions... OK
  Creating ccache directory... OK
  Checking ccache directory writable... OK

Environment validated successfully
Creating kernel tarball at /tmp/ktest-kernel.tar.gz...
Creating lustre tarball at /tmp/ktest-lustre.tar.gz...
Executing 16 jobs
Jobs will start as soon as their dependencies are satisfied
Using tarball input mode

START lustre_mainline_native build tests/fs/lustre/boot.ktest
START checkpatch tool checkpatch
START al2023 build tests/fs/lustre/boot.ktest
START u24 build tests/fs/lustre/boot.ktest
START lustre_mainline_strict build tests/fs/lustre/boot-strict.ktest
START lustre_mainline build tests/fs/lustre/boot.ktest
PUT /tmp/ktest-kernel.tar.gz 8s
PUT /tmp/ktest-kernel.tar.gz 8s
PUT /tmp/ktest-kernel.tar.gz 8s
PUT /tmp/ktest-kernel.tar.gz 8s
PUT /tmp/ktest-kernel.tar.gz 8s
PUT /tmp/ktest-kernel.tar.gz 8s
PUT /tmp/ktest-lustre.tar.gz 4s
PUT /tmp/ktest-lustre.tar.gz 4s
PUT /tmp/ktest-lustre.tar.gz 4s
PUT /tmp/ktest-lustre.tar.gz 4s
PUT /tmp/ktest-lustre.tar.gz 4s
PUT /tmp/ktest-lustre.tar.gz 4s
END checkpatch tool checkpatch PASS 15s
END al2023 build tests/fs/lustre/boot.ktest PASS 71s
END u24 build tests/fs/lustre/boot.ktest PASS 73s
GET /tmp/ktest_lustre_mainline_strict_mptftdza.tar 5s
END lustre_mainline_strict build tests/fs/lustre/boot-strict.ktest FAIL 150s (exit code: 1)
GET /tmp/ktest_lustre_mainline_ud357u9f.tar 3s
GET /tmp/ktest_lustre_mainline_native_6311di7s.tar 3s
END lustre_mainline build tests/fs/lustre/boot.ktest PASS 155s
END lustre_mainline_native build tests/fs/lustre/boot.ktest PASS 157s
START clang-tidy tool clang-tidy
START cc-plugin tool cc-plugin
START boot run tests/fs/lustre/boot.ktest
START llmount run tests/fs/lustre/llmount.ktest
START llog-unit run tests/fs/lustre/llog-unit.ktest
START mgs-setup run tests/fs/lustre/mgs-setup.ktest
START sanity-1 run tests/fs/lustre/sanity/sanity-1.ktest
START sanity-2 run tests/fs/lustre/sanity/sanity-2.ktest
START sanity-3 run tests/fs/lustre/sanity/sanity-3.ktest
START sanity-4 run tests/fs/lustre/sanity/sanity-4.ktest
PUT /tmp/ktest-kernel.tar.gz 15s
PUT /tmp/ktest_lustre_mainline_native_6311di7s.tar 16s
PUT /tmp/ktest_lustre_mainline_native_6311di7s.tar 16s
PUT /tmp/ktest_lustre_mainline_native_6311di7s.tar 16s
PUT /tmp/ktest_lustre_mainline_native_6311di7s.tar 16s
PUT /tmp/ktest_lustre_mainline_native_6311di7s.tar 16s
PUT /tmp/ktest-kernel.tar.gz 16s
PUT /tmp/ktest_lustre_mainline_native_6311di7s.tar 16s
PUT /tmp/ktest_lustre_mainline_native_6311di7s.tar 16s
PUT /tmp/ktest_lustre_mainline_native_6311di7s.tar 16s
PUT /tmp/ktest-lustre.tar.gz 28s
PUT /tmp/ktest-lustre.tar.gz 28s
PUT /tmp/ktest_lustre_mainline_native_6311di7s.tar 7s
PUT /tmp/ktest_lustre_mainline_native_6311di7s.tar 9s
END cc-plugin tool cc-plugin FAIL 56s (exit code: 127)
END clang-tidy tool clang-tidy PASS 83s
END boot run tests/fs/lustre/boot.ktest PASS 84s
END mgs-setup run tests/fs/lustre/mgs-setup.ktest PASS 84s
END sanity-1 run tests/fs/lustre/sanity/sanity-1.ktest PASS 103s
END sanity-3 run tests/fs/lustre/sanity/sanity-3.ktest PASS 115s
END sanity-2 run tests/fs/lustre/sanity/sanity-2.ktest PASS 115s
END sanity-4 run tests/fs/lustre/sanity/sanity-4.ktest PASS 120s
END llmount run tests/fs/lustre/llmount.ktest PASS 172s
END llog-unit run tests/fs/lustre/llog-unit.ktest PASS 173s

============================================================
Final Results:
  checkpatch: PASS (15s) (log: /var/www/ci-lustre/upstream-patch-review/cbdaeb1a1c61f6adc15f83e30c951dc78528f62e_checkpatch.log)
  u24: PASS (73s) (log: /var/www/ci-lustre/upstream-patch-review/cbdaeb1a1c61f6adc15f83e30c951dc78528f62e_u24.log)
  al2023: PASS (71s) (log: /var/www/ci-lustre/upstream-patch-review/cbdaeb1a1c61f6adc15f83e30c951dc78528f62e_al2023.log)
  lustre_mainline_strict: FAIL (150s) (log: /var/www/ci-lustre/upstream-patch-review/cbdaeb1a1c61f6adc15f83e30c951dc78528f62e_lustre_mainline_strict.log)
  lustre_mainline: PASS (155s) (log: /var/www/ci-lustre/upstream-patch-review/cbdaeb1a1c61f6adc15f83e30c951dc78528f62e_lustre_mainline.log)
  lustre_mainline_native: PASS (157s) (log: /var/www/ci-lustre/upstream-patch-review/cbdaeb1a1c61f6adc15f83e30c951dc78528f62e_lustre_mainline_native.log)
  clang-tidy: PASS (83s) (log: /var/www/ci-lustre/upstream-patch-review/cbdaeb1a1c61f6adc15f83e30c951dc78528f62e_clang-tidy.log)
  cc-plugin: FAIL (56s) (log: /var/www/ci-lustre/upstream-patch-review/cbdaeb1a1c61f6adc15f83e30c951dc78528f62e_cc-plugin.log)
  boot: PASS (84s) (log: /var/www/ci-lustre/upstream-patch-review/cbdaeb1a1c61f6adc15f83e30c951dc78528f62e_boot.log)
  llmount: PASS (172s) (log: /var/www/ci-lustre/upstream-patch-review/cbdaeb1a1c61f6adc15f83e30c951dc78528f62e_llmount.log)
  llog-unit: PASS (173s) (log: /var/www/ci-lustre/upstream-patch-review/cbdaeb1a1c61f6adc15f83e30c951dc78528f62e_llog-unit.log)
  mgs-setup: PASS (84s) (log: /var/www/ci-lustre/upstream-patch-review/cbdaeb1a1c61f6adc15f83e30c951dc78528f62e_mgs-setup.log)
  sanity-1: PASS (103s) (log: /var/www/ci-lustre/upstream-patch-review/cbdaeb1a1c61f6adc15f83e30c951dc78528f62e_sanity-1.log)
  sanity-2: PASS (115s) (log: /var/www/ci-lustre/upstream-patch-review/cbdaeb1a1c61f6adc15f83e30c951dc78528f62e_sanity-2.log)
  sanity-3: PASS (115s) (log: /var/www/ci-lustre/upstream-patch-review/cbdaeb1a1c61f6adc15f83e30c951dc78528f62e_sanity-3.log)
  sanity-4: PASS (120s) (log: /var/www/ci-lustre/upstream-patch-review/cbdaeb1a1c61f6adc15f83e30c951dc78528f62e_sanity-4.log)

Total execution time: 362s
