CLI: ./podman-ktest --podman-socket unix:///run/podman/podman.sock --shared-filesystem /tmp --tarball-input job lustre-ci --output /var/www/ci-lustre/upstream-patch-review --git-hash ccd65d9dcf3e2be5dc88735eb6d3593a369cf136 --change-id 64499_ccd65d9dcf3e2be5dc88735eb6d3593a369cf136 --subject LU-19963 nodemap: add projid_set rbac role

  Checking /dev/kvm exists... OK
  Checking /dev/kvm permissions... OK
  Creating ccache directory... OK
  Checking ccache directory writable... OK

Environment validated successfully
Creating kernel tarball at /tmp/ktest-kernel.tar.gz...
Creating lustre tarball at /tmp/ktest-lustre.tar.gz...
Executing 16 jobs
Jobs will start as soon as their dependencies are satisfied
Using tarball input mode

START lustre_mainline_strict build tests/fs/lustre/boot-strict.ktest
START lustre_mainline build tests/fs/lustre/boot.ktest
START lustre_mainline_native build tests/fs/lustre/boot.ktest
START al2023 build tests/fs/lustre/boot.ktest
START checkpatch tool checkpatch
START u24 build tests/fs/lustre/boot.ktest
PUT /tmp/ktest-kernel.tar.gz 8s
PUT /tmp/ktest-kernel.tar.gz 8s
PUT /tmp/ktest-kernel.tar.gz 8s
PUT /tmp/ktest-kernel.tar.gz 8s
PUT /tmp/ktest-kernel.tar.gz 8s
PUT /tmp/ktest-kernel.tar.gz 8s
PUT /tmp/ktest-lustre.tar.gz 2s
PUT /tmp/ktest-lustre.tar.gz 2s
PUT /tmp/ktest-lustre.tar.gz 2s
PUT /tmp/ktest-lustre.tar.gz 2s
PUT /tmp/ktest-lustre.tar.gz 2s
PUT /tmp/ktest-lustre.tar.gz 2s
END checkpatch tool checkpatch FAIL 13s (exit code: 1)
END al2023 build tests/fs/lustre/boot.ktest PASS 66s
END u24 build tests/fs/lustre/boot.ktest PASS 69s
GET /tmp/ktest_lustre_mainline_strict_v0m67fkh.tar 5s
END lustre_mainline_strict build tests/fs/lustre/boot-strict.ktest FAIL 114s (exit code: 1)
GET /tmp/ktest_lustre_mainline_9odfsfrg.tar 4s
GET /tmp/ktest_lustre_mainline_native_l865a9p1.tar 5s
END lustre_mainline build tests/fs/lustre/boot.ktest PASS 117s
END lustre_mainline_native build tests/fs/lustre/boot.ktest PASS 118s
START clang-tidy tool clang-tidy
START cc-plugin tool cc-plugin
START boot run tests/fs/lustre/boot.ktest
START llmount run tests/fs/lustre/llmount.ktest
START llog-unit run tests/fs/lustre/llog-unit.ktest
START mgs-setup run tests/fs/lustre/mgs-setup.ktest
START sanity-1 run tests/fs/lustre/sanity/sanity-1.ktest
START sanity-2 run tests/fs/lustre/sanity/sanity-2.ktest
START sanity-3 run tests/fs/lustre/sanity/sanity-3.ktest
START sanity-4 run tests/fs/lustre/sanity/sanity-4.ktest
PUT /tmp/ktest-kernel.tar.gz 9s
PUT /tmp/ktest_lustre_mainline_native_l865a9p1.tar 10s
PUT /tmp/ktest_lustre_mainline_native_l865a9p1.tar 10s
PUT /tmp/ktest-kernel.tar.gz 10s
PUT /tmp/ktest_lustre_mainline_native_l865a9p1.tar 10s
PUT /tmp/ktest_lustre_mainline_native_l865a9p1.tar 10s
PUT /tmp/ktest_lustre_mainline_native_l865a9p1.tar 11s
PUT /tmp/ktest_lustre_mainline_native_l865a9p1.tar 10s
PUT /tmp/ktest_lustre_mainline_native_l865a9p1.tar 11s
PUT /tmp/ktest_lustre_mainline_native_l865a9p1.tar 10s
PUT /tmp/ktest-lustre.tar.gz 28s
PUT /tmp/ktest-lustre.tar.gz 34s
PUT /tmp/ktest_lustre_mainline_native_l865a9p1.tar 4s
PUT /tmp/ktest_lustre_mainline_native_l865a9p1.tar 9s
END clang-tidy tool clang-tidy FAIL 50s (exit code: 1)
END cc-plugin tool cc-plugin FAIL 51s (exit code: 127)
END boot run tests/fs/lustre/boot.ktest PASS 59s
END mgs-setup run tests/fs/lustre/mgs-setup.ktest PASS 70s
END sanity-1 run tests/fs/lustre/sanity/sanity-1.ktest PASS 77s
END sanity-4 run tests/fs/lustre/sanity/sanity-4.ktest PASS 85s
END sanity-3 run tests/fs/lustre/sanity/sanity-3.ktest PASS 88s
END sanity-2 run tests/fs/lustre/sanity/sanity-2.ktest PASS 90s
END llmount run tests/fs/lustre/llmount.ktest PASS 144s
END llog-unit run tests/fs/lustre/llog-unit.ktest PASS 152s

============================================================
Final Results:
  checkpatch: FAIL (13s) (log: /var/www/ci-lustre/upstream-patch-review/ccd65d9dcf3e2be5dc88735eb6d3593a369cf136_checkpatch.log)
  u24: PASS (69s) (log: /var/www/ci-lustre/upstream-patch-review/ccd65d9dcf3e2be5dc88735eb6d3593a369cf136_u24.log)
  al2023: PASS (66s) (log: /var/www/ci-lustre/upstream-patch-review/ccd65d9dcf3e2be5dc88735eb6d3593a369cf136_al2023.log)
  lustre_mainline_strict: FAIL (114s) (log: /var/www/ci-lustre/upstream-patch-review/ccd65d9dcf3e2be5dc88735eb6d3593a369cf136_lustre_mainline_strict.log)
  lustre_mainline: PASS (117s) (log: /var/www/ci-lustre/upstream-patch-review/ccd65d9dcf3e2be5dc88735eb6d3593a369cf136_lustre_mainline.log)
  lustre_mainline_native: PASS (118s) (log: /var/www/ci-lustre/upstream-patch-review/ccd65d9dcf3e2be5dc88735eb6d3593a369cf136_lustre_mainline_native.log)
  clang-tidy: FAIL (50s) (log: /var/www/ci-lustre/upstream-patch-review/ccd65d9dcf3e2be5dc88735eb6d3593a369cf136_clang-tidy.log)
  cc-plugin: FAIL (51s) (log: /var/www/ci-lustre/upstream-patch-review/ccd65d9dcf3e2be5dc88735eb6d3593a369cf136_cc-plugin.log)
  boot: PASS (59s) (log: /var/www/ci-lustre/upstream-patch-review/ccd65d9dcf3e2be5dc88735eb6d3593a369cf136_boot.log)
  llmount: PASS (144s) (log: /var/www/ci-lustre/upstream-patch-review/ccd65d9dcf3e2be5dc88735eb6d3593a369cf136_llmount.log)
  llog-unit: PASS (152s) (log: /var/www/ci-lustre/upstream-patch-review/ccd65d9dcf3e2be5dc88735eb6d3593a369cf136_llog-unit.log)
  mgs-setup: PASS (70s) (log: /var/www/ci-lustre/upstream-patch-review/ccd65d9dcf3e2be5dc88735eb6d3593a369cf136_mgs-setup.log)
  sanity-1: PASS (77s) (log: /var/www/ci-lustre/upstream-patch-review/ccd65d9dcf3e2be5dc88735eb6d3593a369cf136_sanity-1.log)
  sanity-2: PASS (90s) (log: /var/www/ci-lustre/upstream-patch-review/ccd65d9dcf3e2be5dc88735eb6d3593a369cf136_sanity-2.log)
  sanity-3: PASS (88s) (log: /var/www/ci-lustre/upstream-patch-review/ccd65d9dcf3e2be5dc88735eb6d3593a369cf136_sanity-3.log)
  sanity-4: PASS (85s) (log: /var/www/ci-lustre/upstream-patch-review/ccd65d9dcf3e2be5dc88735eb6d3593a369cf136_sanity-4.log)

Total execution time: 302s
