CLI: ./podman-ktest --podman-socket unix:///run/podman/podman.sock --shared-filesystem /tmp --tarball-input job lustre-ci --output /var/www/ci-lustre/upstream-patch-review --git-hash cd021a1b73812d50bc5c53f98ea582bca03f1af0 --change-id 66882_cd021a1b73812d50bc5c53f98ea582bca03f1af0 --subject LU-20211 mdt: trunc(0) with layout swap on degraded stripes

Environment validated successfully
Creating kernel tarball at /tmp/ktest-kernel.tar.gz...
Creating lustre tarball at /tmp/ktest-lustre.tar.gz...
Creating ZFS tarball at /tmp/ktest-zfs.tar.gz...
Executing 14 jobs
Jobs will start as soon as their dependencies are satisfied
Using tarball input mode

START ml-miscvm:lustre_mainline_native build tests/fs/lustre/boot.ktest
START ml-strict:lustre_mainline build tests/fs/lustre/boot-strict.ktest
START al2023:al2023 build tests/fs/lustre/boot.ktest
START checkpatch:checkpatch tool checkpatch
START ml:lustre_mainline build tests/fs/lustre/boot.ktest
START u24:u24 build tests/fs/lustre/boot.ktest
PUT /tmp/ktest-lustre.tar.gz 1s
PUT /tmp/ktest-lustre.tar.gz 1s
PUT /tmp/ktest-kernel.tar.gz 6s
PUT /tmp/ktest-kernel.tar.gz 7s
PUT /tmp/ktest-kernel.tar.gz 7s
PUT /tmp/ktest-kernel.tar.gz 7s
PUT /tmp/ktest-lustre.tar.gz 1s
PUT /tmp/ktest-lustre.tar.gz 1s
PUT /tmp/ktest-lustre.tar.gz 1s
PUT /tmp/ktest-lustre.tar.gz 1s
PUT /tmp/ktest-zfs.tar.gz 0s
PUT /tmp/ktest-zfs.tar.gz 0s
PUT /tmp/ktest-zfs.tar.gz 0s
END checkpatch:checkpatch tool checkpatch FAIL 11s (exit code: 1)
END al2023:al2023 build tests/fs/lustre/boot.ktest PASS 55s
END u24:u24 build tests/fs/lustre/boot.ktest PASS 66s
GET /tmp/ktest_ml-strict:lustre_mainline_g_pxplrc.tar 6s
GET /tmp/ktest_ml:lustre_mainline_e2t77bor.tar 6s
GET /tmp/ktest_ml-miscvm:lustre_mainline_native_wa6vj382.tar 5s
END ml-strict:lustre_mainline build tests/fs/lustre/boot-strict.ktest FAIL 145s (exit code: 1)
END ml:lustre_mainline build tests/fs/lustre/boot.ktest FAIL 147s (exit code: 1)
END ml-miscvm:lustre_mainline_native build tests/fs/lustre/boot.ktest FAIL 148s (exit code: 1)

============================================================
Final Results:
  checkpatch:checkpatch: FAIL (11s) (log: /var/www/ci-lustre/upstream-patch-review/cd021a1b73812d50bc5c53f98ea582bca03f1af0_checkpatch:checkpatch.log)
  u24:u24: PASS (66s) (log: /var/www/ci-lustre/upstream-patch-review/cd021a1b73812d50bc5c53f98ea582bca03f1af0_u24:u24.log)
  al2023:al2023: PASS (55s) (log: /var/www/ci-lustre/upstream-patch-review/cd021a1b73812d50bc5c53f98ea582bca03f1af0_al2023:al2023.log)
  ml-strict:lustre_mainline: FAIL (145s) (log: /var/www/ci-lustre/upstream-patch-review/cd021a1b73812d50bc5c53f98ea582bca03f1af0_ml-strict:lustre_mainline.log)
  ml:lustre_mainline: FAIL (147s) (log: /var/www/ci-lustre/upstream-patch-review/cd021a1b73812d50bc5c53f98ea582bca03f1af0_ml:lustre_mainline.log)
  ml-miscvm:lustre_mainline_native: FAIL (148s) (log: /var/www/ci-lustre/upstream-patch-review/cd021a1b73812d50bc5c53f98ea582bca03f1af0_ml-miscvm:lustre_mainline_native.log)
  ml-miscvm:boot: SKIPPED (due to dependency failure)
  ml-miscvm:llmount: SKIPPED (due to dependency failure)
  ml-miscvm:llog-unit: SKIPPED (due to dependency failure)
  ml-miscvm:mgs-setup: SKIPPED (due to dependency failure)
  ml-miscvm:sanity-1: SKIPPED (due to dependency failure)
  ml-miscvm:sanity-2: SKIPPED (due to dependency failure)
  ml-miscvm:sanity-3: SKIPPED (due to dependency failure)
  ml-miscvm:sanity-4: SKIPPED (due to dependency failure)

Total execution time: 178s
