00001 
00001 RDSEED32 is broken. Disabling the corresponding CPUID bit.
00003 init: failed to load nvme_core
00003 init: failed to load nvme
00003 init: failed to load zfs
00003 LNetError: 1:0:(lib-socket.c:619:lnet_inet_enumerate()) lnet: Can't find any usable interfaces, rc = -ENOENT
00003 LNetError: Error -100 starting up LNI tcp
00004 LustreError: 1:0:(events.c:627:ptlrpc_init_portals()) network initialisation failed: rc = -100
00004 init: finit_module /lib/modules/7.0.0-ktest-cdd44aba84-7433349-20260709/updates/ptlrpc.ko: Network is down
00004 init: failed to load lustre
00004 init: failed to load osd_zfs
00004 init: failed to load iwlwifi
00004 init: failed to load iwlmvm
00004 init: failed to load mt7921e
00004 init: failed to load i915
00004 init: failed to load nouveau
00039 tlp: vm.laptop_mode is deprecated. Ignoring setting.
00039 Kernel version: 7.0.0-ktest-cdd44aba84-7433349-20260709
00039 hook init_noop
00039 
00039 Running tests llog-unit
00039 
00039 ========= TEST   llog-unit
00040 /host/home/ktest/git/lustre-release/lustre/tests/test-framework.sh: line 6933: cd: HOME not set
00040 /host/home/ktest/git/lustre-release/lustre/tests/test-framework.sh: line 6933: cd: HOME not set
00040 /host/home/ktest/git/lustre-release/lustre/tests/test-framework.sh: line 6933: cd: HOME not set
00042 MGS_OS_VERSION_ID=24.04
00042 MGS_OS_ID=ubuntu
00042 MGS_OS_VERSION_CODE=402915328
00042 MGS_OS_ID_LIKE=debian ubuntu
00042 MDS1_OS_ID=ubuntu
00042 MDS1_OS_VERSION_CODE=402915328
00042 MDS1_OS_ID_LIKE=debian ubuntu
00042 MDS1_OS_VERSION_ID=24.04
00042 OST1_OS_VERSION_ID=24.04
00042 OST1_OS_VERSION_CODE=402915328
00042 OST1_OS_ID=ubuntu
00042 OST1_OS_ID_LIKE=debian ubuntu
00042 CLIENT_OS_VERSION_ID=24.04
00042 CLIENT_OS_ID_LIKE=debian ubuntu
00042 CLIENT_OS_ID=ubuntu
00042 CLIENT_OS_VERSION_CODE=402915328
00042 Loading modules from /host/home/ktest/git/lustre-release/lustre
00042 detected 16 online CPUs by sysfs
00042 MODOPTS_LIBCFS=
00042 libcfs will create CPU partition based on online CPUs
00043 LNet: Added LNI 10.0.2.15@tcp [8/256/0/180]
00043 gss/krb5 is not supported
00044 Lustre: Echo OBD driver; http://www.lustre.org/
00044 
00044 
00045 /host/home/ktest/git/lustre-release/lustre/tests/test-framework.sh: line 6933: cd: HOME not set
00045 /host/home/ktest/git/lustre-release/lustre/tests/test-framework.sh: line 6933: cd: HOME not set
00045 /host/home/ktest/git/lustre-release/lustre/tests/test-framework.sh: line 6933: cd: HOME not set
00048 Lustre: DEBUG MARKER: Attempt llog unit tests
00048 Lustre: 2204:0:(llog_test.c:2809:llog_test_device_init()) Setup llog-test device over MGS device
00048 Lustre: 2204:0:(llog_test.c:98:llog_test_1()) 1a: create a log with name: d7c91764
00048 ------------[ cut here ]------------
00048 WARNING: /home/ktest/git/linux/include/linux/fs.h:889 at osd_create+0x9cf/0xcf0 [osd_wbcfs], CPU#9: lctl/2204
00048 Modules linked in: llog_test(O) mgs(O) osd_wbcfs(O) lustre(O) obdecho(O) mgc(O) mdc(O) lov(O) osc(O) lmv(O) ec(O) fid(O) fld(O) ptlrpc(O) efivarfs obdclass(O) ksocklnd(O) lnet(O) libcfs(O)
00048 CPU: 9 UID: 0 PID: 2204 Comm: lctl Tainted: G           O        7.0.0-ktest-cdd44aba84-7433349-20260709 #1 PREEMPT 
00048 Tainted: [O]=OOT_MODULE
00048 Hardware name: QEMU Standard PC (Q35 + ICH9, 2009), BIOS 2025.11-3ubuntu7 03/31/2026
00048 RIP: 0010:osd_create+0x9cf/0xcf0 [osd_wbcfs]
00048 Code: c7 c7 00 c6 7b a1 48 c7 c6 a0 42 7d a1 48 c7 c2 00 4c 7d a1 e8 82 ad 43 ff 48 c7 c7 00 c6 7b a1 e8 06 3b 44 ff e9 fe fc ff ff <0f> 0b e9 a5 fa ff ff 48 c7 c1 80 44 5d a0 80 e1 07 80 c1 03 38 c1
00048 RSP: 0018:ffffc90001d077a8 EFLAGS: 00010246
00048 RAX: 0000000000000000 RBX: ffff88816299fc00 RCX: 0000000000000046
00048 RDX: 0000000000000000 RSI: ffff88819850c9c0 RDI: ffff8881951c8998
00048 RBP: ffff88819850c930 R08: ffffffff83a16803 R09: 1ffffffff0742d00
00048 R10: dffffc0000000000 R11: fffffbfff0742d01 R12: ffff88816299ac00
00048 R13: dffffc0000000000 R14: 1ffff1102c533f80 R15: 1ffff1102c53358f
00048 FS:  00007f25a6437940(0000) GS:ffff88831e8ae000(0000) knlGS:0000000000000000
00048 CS:  0010 DS: 0000 ES: 0000 CR0: 0000000080050033
00048 CR2: 0000556add0f6b40 CR3: 000000013fa36000 CR4: 0000000000750eb0
00048 PKRU: 55555554
00048 Call Trace:
00048  <TASK>
00048  ? local_object_create+0x109/0x640 [obdclass]
00048  ? dt_write_lock+0x16d/0x2a0 [obdclass]
00048  ? llog_osd_create+0x35b/0x12e0 [obdclass]
00048  ? llog_create+0x2ed/0x530 [obdclass]
00048  ? llog_open_create+0x5af/0xb10 [obdclass]
00048  ? llog_run_tests+0x4bb/0x5ad0 [llog_test]
00048  ? get_random_u32+0x51/0x470
00048  ? get_random_u32+0x51/0x470
00048  ? _raw_spin_unlock+0x23/0x40
00048  ? __llog_ctxt_put+0x1c4/0x2f0 [obdclass]
00048  ? llog_test_device_init+0x503/0x840 [llog_test]
00048  ? obd_setup+0x559/0x960 [obdclass]
00048  ? class_setup+0xc7d/0x10e0 [obdclass]
00048  ? class_process_config+0x2edb/0x7cb0 [obdclass]
00048  ? class_handle_ioctl+0x1f4d/0x3440 [obdclass]
00048  ? obd_class_ioctl+0x1f6/0x3c0 [obdclass]
00048  ? __x64_sys_ioctl+0x961/0xe00
00048  ? _copy_to_user+0x3d/0x60
00048  ? __x64_sys_rt_sigaction+0x107/0x140
00048  ? do_syscall_64+0xc1/0x350
00048  ? entry_SYSCALL_64_after_hwframe+0x4b/0x53
00048  </TASK>
00048 ---[ end trace 0000000000000000 ]---
00048 Lustre: 2204:0:(llog_test.c:115:llog_test_1()) 1b: close newly-created log
00048 Lustre: 2204:0:(llog_test.c:146:llog_test_2()) 2a: re-open a log with name: d7c91764
00048 Lustre: 2204:0:(llog_test.c:166:llog_test_2()) 2b: create a log without specified NAME & LOGID
00048 ------------[ cut here ]------------
00048 WARNING: /home/ktest/git/linux/include/linux/fs.h:889 at osd_create+0x9cf/0xcf0 [osd_wbcfs], CPU#9: lctl/2204
00048 Modules linked in: llog_test(O) mgs(O) osd_wbcfs(O) lustre(O) obdecho(O) mgc(O) mdc(O) lov(O) osc(O) lmv(O) ec(O) fid(O) fld(O) ptlrpc(O) efivarfs obdclass(O) ksocklnd(O) lnet(O) libcfs(O)
00048 CPU: 9 UID: 0 PID: 2204 Comm: lctl Tainted: G        W  O        7.0.0-ktest-cdd44aba84-7433349-20260709 #1 PREEMPT 
00048 Tainted: [W]=WARN, [O]=OOT_MODULE
00048 Hardware name: QEMU Standard PC (Q35 + ICH9, 2009), BIOS 2025.11-3ubuntu7 03/31/2026
00048 RIP: 0010:osd_create+0x9cf/0xcf0 [osd_wbcfs]
00048 Code: c7 c7 00 c6 7b a1 48 c7 c6 a0 42 7d a1 48 c7 c2 00 4c 7d a1 e8 82 ad 43 ff 48 c7 c7 00 c6 7b a1 e8 06 3b 44 ff e9 fe fc ff ff <0f> 0b e9 a5 fa ff ff 48 c7 c1 80 44 5d a0 80 e1 07 80 c1 03 38 c1
00048 RSP: 0018:ffffc90001d077a8 EFLAGS: 00010246
00048 RAX: 0000000000000000 RBX: ffff88816299b800 RCX: 0000000000000046
00048 RDX: 0000000000000000 RSI: ffff88819850c2a8 RDI: ffff8881951c8998
00048 RBP: ffff88819850c218 R08: ffffffff83a16803 R09: 1ffffffff0742d00
00048 R10: dffffc0000000000 R11: fffffbfff0742d01 R12: ffff88816299ac00
00048 R13: dffffc0000000000 R14: 1ffff1102c533700 R15: 1ffff1102c53358f
00048 FS:  00007f25a6437940(0000) GS:ffff88831e8ae000(0000) knlGS:0000000000000000
00048 CS:  0010 DS: 0000 ES: 0000 CR0: 0000000080050033
00048 CR2: 0000556add0f6b40 CR3: 000000013fa36000 CR4: 0000000000750eb0
00048 PKRU: 55555554
00048 Call Trace:
00048  <TASK>
00048  ? local_object_create+0x109/0x640 [obdclass]
00048  ? dt_write_lock+0x16d/0x2a0 [obdclass]
00048  ? llog_osd_create+0x35b/0x12e0 [obdclass]
00048  ? llog_create+0x2ed/0x530 [obdclass]
00048  ? llog_open_create+0x5af/0xb10 [obdclass]
00048  ? llog_run_tests+0xd1a/0x5ad0 [llog_test]
00048  ? get_random_u32+0x51/0x470
00048  ? get_random_u32+0x51/0x470
00048  ? _raw_spin_unlock+0x23/0x40
00048  ? llog_test_device_init+0x503/0x840 [llog_test]
00048  ? obd_setup+0x559/0x960 [obdclass]
00048  ? class_setup+0xc7d/0x10e0 [obdclass]
00048  ? class_process_config+0x2edb/0x7cb0 [obdclass]
00048  ? class_handle_ioctl+0x1f4d/0x3440 [obdclass]
00048  ? obd_class_ioctl+0x1f6/0x3c0 [obdclass]
00048  ? __x64_sys_ioctl+0x961/0xe00
00048  ? _copy_to_user+0x3d/0x60
00048  ? __x64_sys_rt_sigaction+0x107/0x140
00048  ? do_syscall_64+0xc1/0x350
00048  ? entry_SYSCALL_64_after_hwframe+0x4b/0x53
00048  </TASK>
00048 ---[ end trace 0000000000000000 ]---
00048 Lustre: 2204:0:(llog_test.c:184:llog_test_2()) 2b: write 1 llog records, check llh_count
00048 Lustre: 2204:0:(llog_test.c:197:llog_test_2()) 2c: re-open the log by LOGID and verify llh_count
00048 Lustre: 2204:0:(llog_test.c:244:llog_test_2()) 2d: destroy this log
00048 Lustre: 2204:0:(llog_test.c:402:llog_test_3()) 3a: write 1023 fixed-size llog records
00048 Lustre: 2204:0:(llog_test.c:366:llog_test3_process()) test3: processing records from index 501 to the end
00048 Lustre: 2204:0:(llog_test.c:376:llog_test3_process()) test3: total 525 records processed with 0 paddings
00048 Lustre: 2204:0:(llog_test.c:458:llog_test_3()) 3b: write 566 variable size llog records
00048 Lustre: 2204:0:(llog_test.c:529:llog_test_3()) 3c: write records with variable size until BITMAP_SIZE, return -ENOSPC
00072 Lustre: 2204:0:(llog_test.c:1117:llog_test_7()) 7e: test llog_changelog_rec
00072 ------------[ cut here ]------------
00072 WARNING: /home/ktest/git/linux/include/linux/fs.h:889 at osd_create+0x9cf/0xcf0 [osd_wbcfs], CPU#9: lctl/2204
00072 Modules linked in: llog_test(O) mgs(O) osd_wbcfs(O) lustre(O) obdecho(O) mgc(O) mdc(O) lov(O) osc(O) lmv(O) ec(O) fid(O) fld(O) ptlrpc(O) efivarfs obdclass(O) ksocklnd(O) lnet(O) libcfs(O)
00072 CPU: 9 UID: 0 PID: 2204 Comm: lctl Tainted: G        W  O        7.0.0-ktest-cdd44aba84-7433349-20260709 #1 PREEMPT 
00072 Tainted: [W]=WARN, [O]=OOT_MODULE
00072 Hardware name: QEMU Standard PC (Q35 + ICH9, 2009), BIOS 2025.11-3ubuntu7 03/31/2026
00072 RIP: 0010:osd_create+0x9cf/0xcf0 [osd_wbcfs]
00072 Code: c7 c7 00 c6 7b a1 48 c7 c6 a0 42 7d a1 48 c7 c2 00 4c 7d a1 e8 82 ad 43 ff 48 c7 c7 00 c6 7b a1 e8 06 3b 44 ff e9 fe fc ff ff <0f> 0b e9 a5 fa ff ff 48 c7 c1 80 44 5d a0 80 e1 07 80 c1 03 38 c1
00072 RSP: 0018:ffffc90001d07700 EFLAGS: 00010246
00072 RAX: 0000000000000000 RBX: ffff888192757800 RCX: 0000000000000046
00072 RDX: 0000000000000000 RSI: ffff8881985082d0 RDI: ffff8881951c8998
00072 RBP: ffff888198508240 R08: ffffffff83a16803 R09: 1ffffffff0742d00
00072 R10: dffffc0000000000 R11: fffffbfff0742d01 R12: ffff88816299ac00
00072 R13: dffffc0000000000 R14: 1ffff110324eaf00 R15: 1ffff1102c53358f
00072 FS:  00007f25a6437940(0000) GS:ffff88831e8ae000(0000) knlGS:0000000000000000
00072 CS:  0010 DS: 0000 ES: 0000 CR0: 0000000080050033
00072 CR2: 0000556add0f6b40 CR3: 000000013fa36000 CR4: 0000000000750eb0
00072 PKRU: 55555554
00072 Call Trace:
00072  <TASK>
00072  ? local_object_create+0x109/0x640 [obdclass]
00072  ? dt_write_lock+0x16d/0x2a0 [obdclass]
00072  ? llog_osd_create+0x35b/0x12e0 [obdclass]
00072  ? llog_create+0x2ed/0x530 [obdclass]
00072  ? llog_open_create+0x5af/0xb10 [obdclass]
00072  ? llog_test_7_sub+0xea/0x1250 [llog_test]
00072  ? llog_test_7+0x706/0xf50 [llog_test]
00072  ? llog_run_tests+0x3616/0x5ad0 [llog_test]
00072  ? get_random_u32+0x51/0x470
00072  ? llog_test_device_init+0x503/0x840 [llog_test]
00072  ? obd_setup+0x559/0x960 [obdclass]
00072  ? class_setup+0xc7d/0x10e0 [obdclass]
00072  ? class_process_config+0x2edb/0x7cb0 [obdclass]
00072  ? class_handle_ioctl+0x1f4d/0x3440 [obdclass]
00072  ? obd_class_ioctl+0x1f6/0x3c0 [obdclass]
00072  ? __x64_sys_ioctl+0x961/0xe00
00072  ? _copy_to_user+0x3d/0x60
00072  ? __x64_sys_rt_sigaction+0x107/0x140
00072  ? do_syscall_64+0xc1/0x350
00072  ? entry_SYSCALL_64_after_hwframe+0x4b/0x53
00072  </TASK>
00072 ---[ end trace 0000000000000000 ]---
00075 Lustre: 2204:0:(llog_test.c:1024:llog_test_7_sub()) 7_sub: records are not aligned, written 64071 from 64767
00077 Lustre: 2204:0:(llog_test.c:1129:llog_test_7()) 7f: test llog_changelog_user_rec2
00077 ------------[ cut here ]------------
00077 WARNING: /home/ktest/git/linux/include/linux/fs.h:889 at osd_create+0x9cf/0xcf0 [osd_wbcfs], CPU#9: lctl/2204
00077 Modules linked in: llog_test(O) mgs(O) osd_wbcfs(O) lustre(O) obdecho(O) mgc(O) mdc(O) lov(O) osc(O) lmv(O) ec(O) fid(O) fld(O) ptlrpc(O) efivarfs obdclass(O) ksocklnd(O) lnet(O) libcfs(O)
00077 CPU: 9 UID: 0 PID: 2204 Comm: lctl Tainted: G        W  O        7.0.0-ktest-cdd44aba84-7433349-20260709 #1 PREEMPT 
00077 Tainted: [W]=WARN, [O]=OOT_MODULE
00077 Hardware name: QEMU Standard PC (Q35 + ICH9, 2009), BIOS 2025.11-3ubuntu7 03/31/2026
00077 RIP: 0010:osd_create+0x9cf/0xcf0 [osd_wbcfs]
00077 Code: c7 c7 00 c6 7b a1 48 c7 c6 a0 42 7d a1 48 c7 c2 00 4c 7d a1 e8 82 ad 43 ff 48 c7 c7 00 c6 7b a1 e8 06 3b 44 ff e9 fe fc ff ff <0f> 0b e9 a5 fa ff ff 48 c7 c1 80 44 5d a0 80 e1 07 80 c1 03 38 c1
00077 RSP: 0018:ffffc90001d07700 EFLAGS: 00010246
00077 RAX: 0000000000000000 RBX: ffff88819044b000 RCX: 0000000000000046
00077 RDX: 0000000000000000 RSI: ffff888144bc7b68 RDI: ffff8881951c8998
00077 RBP: ffff888144bc7ad8 R08: ffffffff83a16803 R09: 1ffffffff0742d00
00077 R10: dffffc0000000000 R11: fffffbfff0742d01 R12: ffff88816299ac00
00077 R13: dffffc0000000000 R14: 1ffff11032089600 R15: 1ffff1102c53358f
00077 FS:  00007f25a6437940(0000) GS:ffff88831e8ae000(0000) knlGS:0000000000000000
00077 CS:  0010 DS: 0000 ES: 0000 CR0: 0000000080050033
00077 CR2: 0000556add0f6b40 CR3: 000000013fa36000 CR4: 0000000000750eb0
00077 PKRU: 55555554
00077 Call Trace:
00077  <TASK>
00077  ? local_object_create+0x109/0x640 [obdclass]
00077  ? dt_write_lock+0x16d/0x2a0 [obdclass]
00077  ? llog_osd_create+0x35b/0x12e0 [obdclass]
00077  ? llog_create+0x2ed/0x530 [obdclass]
00077  ? llog_open_create+0x5af/0xb10 [obdclass]
00077  ? llog_test_7_sub+0xea/0x1250 [llog_test]
00077  ? llog_test_7+0x837/0xf50 [llog_test]
00077  ? llog_run_tests+0x3616/0x5ad0 [llog_test]
00077  ? get_random_u32+0x51/0x470
00077  ? llog_test_device_init+0x503/0x840 [llog_test]
00077  ? obd_setup+0x559/0x960 [obdclass]
00077  ? class_setup+0xc7d/0x10e0 [obdclass]
00077  ? class_process_config+0x2edb/0x7cb0 [obdclass]
00077  ? class_handle_ioctl+0x1f4d/0x3440 [obdclass]
00077  ? obd_class_ioctl+0x1f6/0x3c0 [obdclass]
00077  ? __x64_sys_ioctl+0x961/0xe00
00077  ? _copy_to_user+0x3d/0x60
00077  ? __x64_sys_rt_sigaction+0x107/0x140
00077  ? do_syscall_64+0xc1/0x350
00077  ? entry_SYSCALL_64_after_hwframe+0x4b/0x53
00077  </TASK>
00077 ---[ end trace 0000000000000000 ]---
00080 Lustre: 2204:0:(llog_test.c:1024:llog_test_7_sub()) 7_sub: records are not aligned, written 64139 from 64767
00081 Lustre: 2204:0:(llog_test.c:1140:llog_test_7()) 7g: test llog_gen_rec
00081 ------------[ cut here ]------------
00081 WARNING: /home/ktest/git/linux/include/linux/fs.h:889 at osd_create+0x9cf/0xcf0 [osd_wbcfs], CPU#9: lctl/2204
00081 Modules linked in: llog_test(O) mgs(O) osd_wbcfs(O) lustre(O) obdecho(O) mgc(O) mdc(O) lov(O) osc(O) lmv(O) ec(O) fid(O) fld(O) ptlrpc(O) efivarfs obdclass(O) ksocklnd(O) lnet(O) libcfs(O)
00081 CPU: 9 UID: 0 PID: 2204 Comm: lctl Tainted: G        W  O        7.0.0-ktest-cdd44aba84-7433349-20260709 #1 PREEMPT 
00081 Tainted: [W]=WARN, [O]=OOT_MODULE
00081 Hardware name: QEMU Standard PC (Q35 + ICH9, 2009), BIOS 2025.11-3ubuntu7 03/31/2026
00081 RIP: 0010:osd_create+0x9cf/0xcf0 [osd_wbcfs]
00081 Code: c7 c7 00 c6 7b a1 48 c7 c6 a0 42 7d a1 48 c7 c2 00 4c 7d a1 e8 82 ad 43 ff 48 c7 c7 00 c6 7b a1 e8 06 3b 44 ff e9 fe fc ff ff <0f> 0b e9 a5 fa ff ff 48 c7 c1 80 44 5d a0 80 e1 07 80 c1 03 38 c1
00081 RSP: 0018:ffffc90001d07700 EFLAGS: 00010246
00081 RAX: 0000000000000000 RBX: ffff888180e77800 RCX: 0000000000000046
00081 RDX: 0000000000000000 RSI: ffff888144bc7450 RDI: ffff8881951c8998
00081 RBP: ffff888144bc73c0 R08: ffffffff83a16803 R09: 1ffffffff0742d00
00081 R10: dffffc0000000000 R11: fffffbfff0742d01 R12: ffff88816299ac00
00081 R13: dffffc0000000000 R14: 1ffff110301cef00 R15: 1ffff1102c53358f
00081 FS:  00007f25a6437940(0000) GS:ffff88831e8ae000(0000) knlGS:0000000000000000
00081 CS:  0010 DS: 0000 ES: 0000 CR0: 0000000080050033
00081 CR2: 0000556add0f6b40 CR3: 000000013fa36000 CR4: 0000000000750eb0
00081 PKRU: 55555554
00081 Call Trace:
00081  <TASK>
00081  ? local_object_create+0x109/0x640 [obdclass]
00081  ? dt_write_lock+0x16d/0x2a0 [obdclass]
00081  ? llog_osd_create+0x35b/0x12e0 [obdclass]
00081  ? llog_create+0x2ed/0x530 [obdclass]
00081  ? llog_open_create+0x5af/0xb10 [obdclass]
00081  ? llog_test_7_sub+0xea/0x1250 [llog_test]
00081  ? llog_test_7+0x968/0xf50 [llog_test]
00081  ? llog_run_tests+0x3616/0x5ad0 [llog_test]
00081  ? get_random_u32+0x51/0x470
00081  ? llog_test_device_init+0x503/0x840 [llog_test]
00081  ? obd_setup+0x559/0x960 [obdclass]
00081  ? class_setup+0xc7d/0x10e0 [obdclass]
00081  ? class_process_config+0x2edb/0x7cb0 [obdclass]
00081  ? class_handle_ioctl+0x1f4d/0x3440 [obdclass]
00081  ? obd_class_ioctl+0x1f6/0x3c0 [obdclass]
00081  ? __x64_sys_ioctl+0x961/0xe00
00081  ? _copy_to_user+0x3d/0x60
00081  ? __x64_sys_rt_sigaction+0x107/0x140
00081  ? do_syscall_64+0xc1/0x350
00081  ? entry_SYSCALL_64_after_hwframe+0x4b/0x53
00081  </TASK>
00081 ---[ end trace 0000000000000000 ]---
00085 Lustre: 2204:0:(llog_test.c:1151:llog_test_7()) 7h: test llog_setattr64_rec_v2
00085 ------------[ cut here ]------------
00085 WARNING: /home/ktest/git/linux/include/linux/fs.h:889 at osd_create+0x9cf/0xcf0 [osd_wbcfs], CPU#9: lctl/2204
00085 Modules linked in: llog_test(O) mgs(O) osd_wbcfs(O) lustre(O) obdecho(O) mgc(O) mdc(O) lov(O) osc(O) lmv(O) ec(O) fid(O) fld(O) ptlrpc(O) efivarfs obdclass(O) ksocklnd(O) lnet(O) libcfs(O)
00085 CPU: 9 UID: 0 PID: 2204 Comm: lctl Tainted: G        W  O        7.0.0-ktest-cdd44aba84-7433349-20260709 #1 PREEMPT 
00085 Tainted: [W]=WARN, [O]=OOT_MODULE
00085 Hardware name: QEMU Standard PC (Q35 + ICH9, 2009), BIOS 2025.11-3ubuntu7 03/31/2026
00085 RIP: 0010:osd_create+0x9cf/0xcf0 [osd_wbcfs]
00085 Code: c7 c7 00 c6 7b a1 48 c7 c6 a0 42 7d a1 48 c7 c2 00 4c 7d a1 e8 82 ad 43 ff 48 c7 c7 00 c6 7b a1 e8 06 3b 44 ff e9 fe fc ff ff <0f> 0b e9 a5 fa ff ff 48 c7 c1 80 44 5d a0 80 e1 07 80 c1 03 38 c1
00085 RSP: 0018:ffffc90001d07700 EFLAGS: 00010246
00085 RAX: 0000000000000000 RBX: ffff88813d425c00 RCX: 0000000000000046
00085 RDX: 0000000000000000 RSI: ffff888144bc6d38 RDI: ffff8881951c8998
00085 RBP: ffff888144bc6ca8 R08: ffffffff83a16803 R09: 1ffffffff0742d00
00085 R10: dffffc0000000000 R11: fffffbfff0742d01 R12: ffff88816299ac00
00085 R13: dffffc0000000000 R14: 1ffff11027a84b80 R15: 1ffff1102c53358f
00085 FS:  00007f25a6437940(0000) GS:ffff88831e8ae000(0000) knlGS:0000000000000000
00085 CS:  0010 DS: 0000 ES: 0000 CR0: 0000000080050033
00085 CR2: 0000556add0f6b40 CR3: 000000013fa36000 CR4: 0000000000750eb0
00085 PKRU: 55555554
00085 Call Trace:
00085  <TASK>
00085  ? local_object_create+0x109/0x640 [obdclass]
00085  ? dt_write_lock+0x16d/0x2a0 [obdclass]
00085  ? llog_osd_create+0x35b/0x12e0 [obdclass]
00085  ? llog_create+0x2ed/0x530 [obdclass]
00085  ? llog_open_create+0x5af/0xb10 [obdclass]
00085  ? llog_test_7_sub+0xea/0x1250 [llog_test]
00085  ? llog_test_7+0xa99/0xf50 [llog_test]
00085  ? llog_run_tests+0x3616/0x5ad0 [llog_test]
00085  ? get_random_u32+0x51/0x470
00085  ? llog_test_device_init+0x503/0x840 [llog_test]
00085  ? obd_setup+0x559/0x960 [obdclass]
00085  ? class_setup+0xc7d/0x10e0 [obdclass]
00085  ? class_process_config+0x2edb/0x7cb0 [obdclass]
00085  ? class_handle_ioctl+0x1f4d/0x3440 [obdclass]
00085  ? obd_class_ioctl+0x1f6/0x3c0 [obdclass]
00085  ? __x64_sys_ioctl+0x961/0xe00
00085  ? _copy_to_user+0x3d/0x60
00085  ? __x64_sys_rt_sigaction+0x107/0x140
00085  ? do_syscall_64+0xc1/0x350
00085  ? entry_SYSCALL_64_after_hwframe+0x4b/0x53
00085  </TASK>
00085 ---[ end trace 0000000000000000 ]---
00088 Lustre: 2204:0:(llog_test.c:1024:llog_test_7_sub()) 7_sub: records are not aligned, written 64071 from 64767
00090 Lustre: 2204:0:(llog_test.c:1261:llog_test_8()) 8a: fill the first plain llog
00090 ------------[ cut here ]------------
00090 WARNING: /home/ktest/git/linux/include/linux/fs.h:889 at osd_create+0x9cf/0xcf0 [osd_wbcfs], CPU#9: lctl/2204
00090 Modules linked in: llog_test(O) mgs(O) osd_wbcfs(O) lustre(O) obdecho(O) mgc(O) mdc(O) lov(O) osc(O) lmv(O) ec(O) fid(O) fld(O) ptlrpc(O) efivarfs obdclass(O) ksocklnd(O) lnet(O) libcfs(O)
00090 CPU: 9 UID: 0 PID: 2204 Comm: lctl Tainted: G        W  O        7.0.0-ktest-cdd44aba84-7433349-20260709 #1 PREEMPT 
00090 Tainted: [W]=WARN, [O]=OOT_MODULE
00090 Hardware name: QEMU Standard PC (Q35 + ICH9, 2009), BIOS 2025.11-3ubuntu7 03/31/2026
00090 RIP: 0010:osd_create+0x9cf/0xcf0 [osd_wbcfs]
00090 Code: c7 c7 00 c6 7b a1 48 c7 c6 a0 42 7d a1 48 c7 c2 00 4c 7d a1 e8 82 ad 43 ff 48 c7 c7 00 c6 7b a1 e8 06 3b 44 ff e9 fe fc ff ff <0f> 0b e9 a5 fa ff ff 48 c7 c1 80 44 5d a0 80 e1 07 80 c1 03 38 c1
00090 RSP: 0018:ffffc90001d074d0 EFLAGS: 00010246
00090 RAX: 0000000000000000 RBX: ffff888139f07000 RCX: 0000000000000046
00090 RDX: 0000000000000000 RSI: ffff888144bc6620 RDI: ffff8881951c89c0
00090 RBP: ffff888144bc6590 R08: ffffffff83a16803 R09: 1ffffffff0742d00
00090 R10: dffffc0000000000 R11: fffffbfff0742d01 R12: ffff88816299ac00
00090 R13: dffffc0000000000 R14: 1ffff110273e0e00 R15: 1ffff1102c53358f
00090 FS:  00007f25a6437940(0000) GS:ffff88831e8ae000(0000) knlGS:0000000000000000
00090 CS:  0010 DS: 0000 ES: 0000 CR0: 0000000080050033
00090 CR2: 0000556add0f6b40 CR3: 000000013fa36000 CR4: 0000000000750eb0
00090 PKRU: 55555554
00090 Call Trace:
00090  <TASK>
00090  ? local_object_create+0x109/0x640 [obdclass]
00090  ? dt_write_lock+0x16d/0x2a0 [obdclass]
00090  ? llog_osd_create+0x35b/0x12e0 [obdclass]
00090  ? register_lock_class+0x31/0x2c0
00090  ? llog_create+0x2ed/0x530 [obdclass]
00090  ? llog_cat_new_log+0x6c3/0x2c80 [obdclass]
00090  ? llog_cat_add_rec+0x6ba/0x1960 [obdclass]
00090  ? llog_cat_add+0x451/0x890 [obdclass]
00090  ? llog_test_8+0x567/0x1c20 [llog_test]
00090  ? do_raw_spin_unlock+0x52/0x230
00090  ? _raw_spin_unlock+0x23/0x40
00090  ? __llog_ctxt_put+0x1c4/0x2f0 [obdclass]
00090  ? llog_run_tests+0x39a4/0x5ad0 [llog_test]
00090  ? get_random_u32+0x51/0x470
00090  ? llog_test_device_init+0x503/0x840 [llog_test]
00090  ? obd_setup+0x559/0x960 [obdclass]
00090  ? class_setup+0xc7d/0x10e0 [obdclass]
00090  ? class_process_config+0x2edb/0x7cb0 [obdclass]
00090  ? class_handle_ioctl+0x1f4d/0x3440 [obdclass]
00090  ? obd_class_ioctl+0x1f6/0x3c0 [obdclass]
00090  ? __x64_sys_ioctl+0x961/0xe00
00090  ? _copy_to_user+0x3d/0x60
00090  ? __x64_sys_rt_sigaction+0x107/0x140
00090  ? do_syscall_64+0xc1/0x350
00090  ? entry_SYSCALL_64_after_hwframe+0x4b/0x53
00090  </TASK>
00090 ---[ end trace 0000000000000000 ]---
00090 Lustre: 2204:0:(llog_test.c:1290:llog_test_8()) 8b: first llog [0x1:0x10:0x0]
00090 Lustre: 2204:0:(llog_test.c:1306:llog_test_8()) 8b: fill the second plain llog
00090 ------------[ cut here ]------------
00090 WARNING: /home/ktest/git/linux/include/linux/fs.h:889 at osd_create+0x9cf/0xcf0 [osd_wbcfs], CPU#9: lctl/2204
00090 Modules linked in: llog_test(O) mgs(O) osd_wbcfs(O) lustre(O) obdecho(O) mgc(O) mdc(O) lov(O) osc(O) lmv(O) ec(O) fid(O) fld(O) ptlrpc(O) efivarfs obdclass(O) ksocklnd(O) lnet(O) libcfs(O)
00090 CPU: 9 UID: 0 PID: 2204 Comm: lctl Tainted: G        W  O        7.0.0-ktest-cdd44aba84-7433349-20260709 #1 PREEMPT 
00090 Tainted: [W]=WARN, [O]=OOT_MODULE
00090 Hardware name: QEMU Standard PC (Q35 + ICH9, 2009), BIOS 2025.11-3ubuntu7 03/31/2026
00090 RIP: 0010:osd_create+0x9cf/0xcf0 [osd_wbcfs]
00090 Code: c7 c7 00 c6 7b a1 48 c7 c6 a0 42 7d a1 48 c7 c2 00 4c 7d a1 e8 82 ad 43 ff 48 c7 c7 00 c6 7b a1 e8 06 3b 44 ff e9 fe fc ff ff <0f> 0b e9 a5 fa ff ff 48 c7 c1 80 44 5d a0 80 e1 07 80 c1 03 38 c1
00090 RSP: 0018:ffffc90001d074d0 EFLAGS: 00010246
00090 RAX: 0000000000000000 RBX: ffff888107b5b800 RCX: 0000000000000046
00090 RDX: 0000000000000000 RSI: ffff888144bc5f08 RDI: ffff8881951c89c0
00090 RBP: ffff888144bc5e78 R08: ffffffff83a16803 R09: 1ffffffff0742d00
00090 R10: dffffc0000000000 R11: fffffbfff0742d01 R12: ffff88816299ac00
00090 R13: dffffc0000000000 R14: 1ffff11020f6b700 R15: 1ffff1102c53358f
00090 FS:  00007f25a6437940(0000) GS:ffff88831e8ae000(0000) knlGS:0000000000000000
00090 CS:  0010 DS: 0000 ES: 0000 CR0: 0000000080050033
00090 CR2: 0000556add0f6b40 CR3: 000000013fa36000 CR4: 0000000000750eb0
00090 PKRU: 55555554
00090 Call Trace:
00090  <TASK>
00090  ? local_object_create+0x109/0x640 [obdclass]
00090  ? dt_write_lock+0x16d/0x2a0 [obdclass]
00090  ? llog_osd_create+0x35b/0x12e0 [obdclass]
00090  ? register_lock_class+0x31/0x2c0
00090  ? llog_create+0x2ed/0x530 [obdclass]
00090  ? llog_cat_new_log+0x6c3/0x2c80 [obdclass]
00090  ? llog_cat_add_rec+0x6ba/0x1960 [obdclass]
00090  ? llog_cat_add+0x451/0x890 [obdclass]
00090  ? llog_test_8+0xd89/0x1c20 [llog_test]
00090  ? do_raw_spin_unlock+0x52/0x230
00090  ? _raw_spin_unlock+0x23/0x40
00090  ? __llog_ctxt_put+0x1c4/0x2f0 [obdclass]
00090  ? llog_run_tests+0x39a4/0x5ad0 [llog_test]
00090  ? get_random_u32+0x51/0x470
00090  ? llog_test_device_init+0x503/0x840 [llog_test]
00090  ? obd_setup+0x559/0x960 [obdclass]
00090  ? class_setup+0xc7d/0x10e0 [obdclass]
00090  ? class_process_config+0x2edb/0x7cb0 [obdclass]
00090  ? class_handle_ioctl+0x1f4d/0x3440 [obdclass]
00090  ? obd_class_ioctl+0x1f6/0x3c0 [obdclass]
00090  ? __x64_sys_ioctl+0x961/0xe00
00090  ? _copy_to_user+0x3d/0x60
00090  ? __x64_sys_rt_sigaction+0x107/0x140
00090  ? do_syscall_64+0xc1/0x350
00090  ? entry_SYSCALL_64_after_hwframe+0x4b/0x53
00090  </TASK>
00090 ---[ end trace 0000000000000000 ]---
00090 Lustre: 2204:0:(llog_test.c:1330:llog_test_8()) 8b: pin llog [0x1:0x12:0x0]
00090 Lustre: 2204:0:(llog_test.c:1333:llog_test_8()) 8b: clean first llog record in catalog
00090 Lustre: 2204:0:(llog_test.c:1344:llog_test_8()) 8c: corrupt first chunk in the middle
00090 Lustre: 2204:0:(llog_test.c:1347:llog_test_8()) 8c: corrupt second chunk at start
00090 Lustre: 2204:0:(llog_test.c:1350:llog_test_8()) 8d: count survived records
00090 Lustre: 2204:0:(llog_test.c:1380:llog_test_8()) 8d: close re-opened catalog
00090 Lustre: 2204:0:(llog_test.c:1441:llog_test_9()) 9a: test llog_logid_rec
00090 ------------[ cut here ]------------
00090 WARNING: /home/ktest/git/linux/include/linux/fs.h:889 at osd_create+0x9cf/0xcf0 [osd_wbcfs], CPU#9: lctl/2204
00090 Modules linked in: llog_test(O) mgs(O) osd_wbcfs(O) lustre(O) obdecho(O) mgc(O) mdc(O) lov(O) osc(O) lmv(O) ec(O) fid(O) fld(O) ptlrpc(O) efivarfs obdclass(O) ksocklnd(O) lnet(O) libcfs(O)
00090 CPU: 9 UID: 0 PID: 2204 Comm: lctl Tainted: G        W  O        7.0.0-ktest-cdd44aba84-7433349-20260709 #1 PREEMPT 
00090 Tainted: [W]=WARN, [O]=OOT_MODULE
00090 Hardware name: QEMU Standard PC (Q35 + ICH9, 2009), BIOS 2025.11-3ubuntu7 03/31/2026
00090 RIP: 0010:osd_create+0x9cf/0xcf0 [osd_wbcfs]
00090 Code: c7 c7 00 c6 7b a1 48 c7 c6 a0 42 7d a1 48 c7 c2 00 4c 7d a1 e8 82 ad 43 ff 48 c7 c7 00 c6 7b a1 e8 06 3b 44 ff e9 fe fc ff ff <0f> 0b e9 a5 fa ff ff 48 c7 c1 80 44 5d a0 80 e1 07 80 c1 03 38 c1
00090 RSP: 0018:ffffc90001d07728 EFLAGS: 00010246
00090 RAX: 0000000000000000 RBX: ffff888107b5d000 RCX: 0000000000000046
00090 RDX: 0000000000000000 RSI: ffff888144bc57f0 RDI: ffff8881951c8998
00090 RBP: ffff888144bc5760 R08: ffffffff83a16803 R09: 1ffffffff0742d00
00090 R10: dffffc0000000000 R11: fffffbfff0742d01 R12: ffff88816299ac00
00090 R13: dffffc0000000000 R14: 1ffff11020f6ba00 R15: 1ffff1102c53358f
00090 FS:  00007f25a6437940(0000) GS:ffff88831e8ae000(0000) knlGS:0000000000000000
00090 CS:  0010 DS: 0000 ES: 0000 CR0: 0000000080050033
00090 CR2: 0000556add0f6b40 CR3: 000000013fa36000 CR4: 0000000000750eb0
00090 PKRU: 55555554
00090 Call Trace:
00090  <TASK>
00090  ? local_object_create+0x109/0x640 [obdclass]
00090  ? dt_write_lock+0x16d/0x2a0 [obdclass]
00090  ? llog_osd_create+0x35b/0x12e0 [obdclass]
00090  ? llog_create+0x2ed/0x530 [obdclass]
00090  ? llog_open_create+0x5af/0xb10 [obdclass]
00090  ? llog_test_9_sub+0xd4/0x800 [llog_test]
00090  ? llog_test_9+0x242/0x960 [llog_test]
00090  ? llog_run_tests+0x3d66/0x5ad0 [llog_test]
00090  ? get_random_u32+0x51/0x470
00090  ? llog_test_device_init+0x503/0x840 [llog_test]
00090  ? obd_setup+0x559/0x960 [obdclass]
00090  ? class_setup+0xc7d/0x10e0 [obdclass]
00090  ? class_process_config+0x2edb/0x7cb0 [obdclass]
00090  ? class_handle_ioctl+0x1f4d/0x3440 [obdclass]
00090  ? obd_class_ioctl+0x1f6/0x3c0 [obdclass]
00090  ? __x64_sys_ioctl+0x961/0xe00
00090  ? _copy_to_user+0x3d/0x60
00090  ? __x64_sys_rt_sigaction+0x107/0x140
00090  ? do_syscall_64+0xc1/0x350
00090  ? entry_SYSCALL_64_after_hwframe+0x4b/0x53
00090  </TASK>
00090 ---[ end trace 0000000000000000 ]---
00090 Lustre: 2204:0:(llog_test.c:1425:llog_test_9_sub()) 9_sub: record type 1064553b in log 0x1:0x14:0x0
00090 Lustre: 2204:0:(llog_test.c:1452:llog_test_9()) 9b: test llog_obd_cfg_rec
00090 ------------[ cut here ]------------
00090 WARNING: /home/ktest/git/linux/include/linux/fs.h:889 at osd_create+0x9cf/0xcf0 [osd_wbcfs], CPU#9: lctl/2204
00090 Modules linked in: llog_test(O) mgs(O) osd_wbcfs(O) lustre(O) obdecho(O) mgc(O) mdc(O) lov(O) osc(O) lmv(O) ec(O) fid(O) fld(O) ptlrpc(O) efivarfs obdclass(O) ksocklnd(O) lnet(O) libcfs(O)
00090 CPU: 9 UID: 0 PID: 2204 Comm: lctl Tainted: G        W  O        7.0.0-ktest-cdd44aba84-7433349-20260709 #1 PREEMPT 
00090 Tainted: [W]=WARN, [O]=OOT_MODULE
00090 Hardware name: QEMU Standard PC (Q35 + ICH9, 2009), BIOS 2025.11-3ubuntu7 03/31/2026
00090 RIP: 0010:osd_create+0x9cf/0xcf0 [osd_wbcfs]
00090 Code: c7 c7 00 c6 7b a1 48 c7 c6 a0 42 7d a1 48 c7 c2 00 4c 7d a1 e8 82 ad 43 ff 48 c7 c7 00 c6 7b a1 e8 06 3b 44 ff e9 fe fc ff ff <0f> 0b e9 a5 fa ff ff 48 c7 c1 80 44 5d a0 80 e1 07 80 c1 03 38 c1
00090 RSP: 0018:ffffc90001d07728 EFLAGS: 00010246
00090 RAX: 0000000000000000 RBX: ffff88819d7d2000 RCX: 0000000000000046
00090 RDX: 0000000000000000 RSI: ffff888144bc50d8 RDI: ffff8881951c8998
00090 RBP: ffff888144bc5048 R08: ffffffff83a16803 R09: 1ffffffff0742d00
00090 R10: dffffc0000000000 R11: fffffbfff0742d01 R12: ffff88816299ac00
00090 R13: dffffc0000000000 R14: 1ffff11033afa400 R15: 1ffff1102c53358f
00090 FS:  00007f25a6437940(0000) GS:ffff88831e8ae000(0000) knlGS:0000000000000000
00090 CS:  0010 DS: 0000 ES: 0000 CR0: 0000000080050033
00090 CR2: 0000556add0f6b40 CR3: 000000013fa36000 CR4: 0000000000750eb0
00090 PKRU: 55555554
00090 Call Trace:
00090  <TASK>
00090  ? local_object_create+0x109/0x640 [obdclass]
00090  ? dt_write_lock+0x16d/0x2a0 [obdclass]
00090  ? llog_osd_create+0x35b/0x12e0 [obdclass]
00090  ? llog_create+0x2ed/0x530 [obdclass]
00090  ? llog_open_create+0x5af/0xb10 [obdclass]
00090  ? llog_test_9_sub+0xd4/0x800 [llog_test]
00090  ? llog_test_9+0x373/0x960 [llog_test]
00090  ? llog_run_tests+0x3d66/0x5ad0 [llog_test]
00090  ? get_random_u32+0x51/0x470
00090  ? llog_test_device_init+0x503/0x840 [llog_test]
00090  ? obd_setup+0x559/0x960 [obdclass]
00090  ? class_setup+0xc7d/0x10e0 [obdclass]
00090  ? class_process_config+0x2edb/0x7cb0 [obdclass]
00090  ? class_handle_ioctl+0x1f4d/0x3440 [obdclass]
00090  ? obd_class_ioctl+0x1f6/0x3c0 [obdclass]
00090  ? __x64_sys_ioctl+0x961/0xe00
00090  ? _copy_to_user+0x3d/0x60
00090  ? __x64_sys_rt_sigaction+0x107/0x140
00090  ? do_syscall_64+0xc1/0x350
00090  ? entry_SYSCALL_64_after_hwframe+0x4b/0x53
00090  </TASK>
00090 ---[ end trace 0000000000000000 ]---
00090 Lustre: 2204:0:(llog_test.c:1463:llog_test_9()) 9c: test llog_changelog_rec
00090 ------------[ cut here ]------------
00090 WARNING: /home/ktest/git/linux/include/linux/fs.h:889 at osd_create+0x9cf/0xcf0 [osd_wbcfs], CPU#9: lctl/2204
00090 Modules linked in: llog_test(O) mgs(O) osd_wbcfs(O) lustre(O) obdecho(O) mgc(O) mdc(O) lov(O) osc(O) lmv(O) ec(O) fid(O) fld(O) ptlrpc(O) efivarfs obdclass(O) ksocklnd(O) lnet(O) libcfs(O)
00090 CPU: 9 UID: 0 PID: 2204 Comm: lctl Tainted: G        W  O        7.0.0-ktest-cdd44aba84-7433349-20260709 #1 PREEMPT 
00090 Tainted: [W]=WARN, [O]=OOT_MODULE
00090 Hardware name: QEMU Standard PC (Q35 + ICH9, 2009), BIOS 2025.11-3ubuntu7 03/31/2026
00090 RIP: 0010:osd_create+0x9cf/0xcf0 [osd_wbcfs]
00090 Code: c7 c7 00 c6 7b a1 48 c7 c6 a0 42 7d a1 48 c7 c2 00 4c 7d a1 e8 82 ad 43 ff 48 c7 c7 00 c6 7b a1 e8 06 3b 44 ff e9 fe fc ff ff <0f> 0b e9 a5 fa ff ff 48 c7 c1 80 44 5d a0 80 e1 07 80 c1 03 38 c1
00090 RSP: 0018:ffffc90001d07728 EFLAGS: 00010246
00090 RAX: 0000000000000000 RBX: ffff88819d7d1800 RCX: 0000000000000046
00090 RDX: 0000000000000000 RSI: ffff888144bc49c0 RDI: ffff8881951c8998
00090 RBP: ffff888144bc4930 R08: ffffffff83a16803 R09: 1ffffffff0742d00
00090 R10: dffffc0000000000 R11: fffffbfff0742d01 R12: ffff88816299ac00
00090 R13: dffffc0000000000 R14: 1ffff11033afa300 R15: 1ffff1102c53358f
00090 FS:  00007f25a6437940(0000) GS:ffff88831e8ae000(0000) knlGS:0000000000000000
00090 CS:  0010 DS: 0000 ES: 0000 CR0: 0000000080050033
00090 CR2: 0000556add0f6b40 CR3: 000000013fa36000 CR4: 0000000000750eb0
00090 PKRU: 55555554
00090 Call Trace:
00090  <TASK>
00090  ? local_object_create+0x109/0x640 [obdclass]
00090  ? dt_write_lock+0x16d/0x2a0 [obdclass]
00090  ? llog_osd_create+0x35b/0x12e0 [obdclass]
00090  ? llog_create+0x2ed/0x530 [obdclass]
00090  ? llog_open_create+0x5af/0xb10 [obdclass]
00090  ? llog_test_9_sub+0xd4/0x800 [llog_test]
00090  ? llog_test_9+0x4a4/0x960 [llog_test]
00090  ? llog_run_tests+0x3d66/0x5ad0 [llog_test]
00090  ? get_random_u32+0x51/0x470
00090  ? llog_test_device_init+0x503/0x840 [llog_test]
00090  ? obd_setup+0x559/0x960 [obdclass]
00090  ? class_setup+0xc7d/0x10e0 [obdclass]
00090  ? class_process_config+0x2edb/0x7cb0 [obdclass]
00090  ? class_handle_ioctl+0x1f4d/0x3440 [obdclass]
00090  ? obd_class_ioctl+0x1f6/0x3c0 [obdclass]
00090  ? __x64_sys_ioctl+0x961/0xe00
00090  ? _copy_to_user+0x3d/0x60
00090  ? __x64_sys_rt_sigaction+0x107/0x140
00090  ? do_syscall_64+0xc1/0x350
00090  ? entry_SYSCALL_64_after_hwframe+0x4b/0x53
00090  </TASK>
00090 ---[ end trace 0000000000000000 ]---
00090 Lustre: 2204:0:(llog_test.c:1475:llog_test_9()) 9d: test llog_changelog_user_rec2
00090 ------------[ cut here ]------------
00090 WARNING: /home/ktest/git/linux/include/linux/fs.h:889 at osd_create+0x9cf/0xcf0 [osd_wbcfs], CPU#9: lctl/2204
00090 Modules linked in: llog_test(O) mgs(O) osd_wbcfs(O) lustre(O) obdecho(O) mgc(O) mdc(O) lov(O) osc(O) lmv(O) ec(O) fid(O) fld(O) ptlrpc(O) efivarfs obdclass(O) ksocklnd(O) lnet(O) libcfs(O)
00090 CPU: 9 UID: 0 PID: 2204 Comm: lctl Tainted: G        W  O        7.0.0-ktest-cdd44aba84-7433349-20260709 #1 PREEMPT 
00090 Tainted: [W]=WARN, [O]=OOT_MODULE
00090 Hardware name: QEMU Standard PC (Q35 + ICH9, 2009), BIOS 2025.11-3ubuntu7 03/31/2026
00090 RIP: 0010:osd_create+0x9cf/0xcf0 [osd_wbcfs]
00090 Code: c7 c7 00 c6 7b a1 48 c7 c6 a0 42 7d a1 48 c7 c2 00 4c 7d a1 e8 82 ad 43 ff 48 c7 c7 00 c6 7b a1 e8 06 3b 44 ff e9 fe fc ff ff <0f> 0b e9 a5 fa ff ff 48 c7 c1 80 44 5d a0 80 e1 07 80 c1 03 38 c1
00090 RSP: 0018:ffffc90001d07728 EFLAGS: 00010246
00090 RAX: 0000000000000000 RBX: ffff88819d7d0c00 RCX: 0000000000000046
00090 RDX: 0000000000000000 RSI: ffff888144bc42a8 RDI: ffff8881951c8998
00090 RBP: ffff888144bc4218 R08: ffffffff83a16803 R09: 1ffffffff0742d00
00090 R10: dffffc0000000000 R11: fffffbfff0742d01 R12: ffff88816299ac00
00090 R13: dffffc0000000000 R14: 1ffff11033afa180 R15: 1ffff1102c53358f
00090 FS:  00007f25a6437940(0000) GS:ffff88831e8ae000(0000) knlGS:0000000000000000
00090 CS:  0010 DS: 0000 ES: 0000 CR0: 0000000080050033
00090 CR2: 0000556add0f6b40 CR3: 000000013fa36000 CR4: 0000000000750eb0
00090 PKRU: 55555554
00090 Call Trace:
00090  <TASK>
00090  ? local_object_create+0x109/0x640 [obdclass]
00090  ? dt_write_lock+0x16d/0x2a0 [obdclass]
00090  ? llog_osd_create+0x35b/0x12e0 [obdclass]
00090  ? llog_create+0x2ed/0x530 [obdclass]
00090  ? llog_open_create+0x5af/0xb10 [obdclass]
00090  ? llog_test_9_sub+0xd4/0x800 [llog_test]
00090  ? llog_test_9+0x5d5/0x960 [llog_test]
00090  ? llog_run_tests+0x3d66/0x5ad0 [llog_test]
00090  ? get_random_u32+0x51/0x470
00090  ? llog_test_device_init+0x503/0x840 [llog_test]
00090  ? obd_setup+0x559/0x960 [obdclass]
00090  ? class_setup+0xc7d/0x10e0 [obdclass]
00090  ? class_process_config+0x2edb/0x7cb0 [obdclass]
00090  ? class_handle_ioctl+0x1f4d/0x3440 [obdclass]
00090  ? obd_class_ioctl+0x1f6/0x3c0 [obdclass]
00090  ? __x64_sys_ioctl+0x961/0xe00
00090  ? _copy_to_user+0x3d/0x60
00090  ? __x64_sys_rt_sigaction+0x107/0x140
00090  ? do_syscall_64+0xc1/0x350
00090  ? entry_SYSCALL_64_after_hwframe+0x4b/0x53
00090  </TASK>
00090 ---[ end trace 0000000000000000 ]---
00090 Lustre: 2204:0:(llog_test.c:1576:llog_test_10()) 10a: create a catalog log with name: d7c91766
00090 ------------[ cut here ]------------
00090 WARNING: /home/ktest/git/linux/include/linux/fs.h:889 at osd_create+0x9cf/0xcf0 [osd_wbcfs], CPU#9: lctl/2204
00090 Modules linked in: llog_test(O) mgs(O) osd_wbcfs(O) lustre(O) obdecho(O) mgc(O) mdc(O) lov(O) osc(O) lmv(O) ec(O) fid(O) fld(O) ptlrpc(O) efivarfs obdclass(O) ksocklnd(O) lnet(O) libcfs(O)
00090 CPU: 9 UID: 0 PID: 2204 Comm: lctl Tainted: G        W  O        7.0.0-ktest-cdd44aba84-7433349-20260709 #1 PREEMPT 
00090 Tainted: [W]=WARN, [O]=OOT_MODULE
00090 Hardware name: QEMU Standard PC (Q35 + ICH9, 2009), BIOS 2025.11-3ubuntu7 03/31/2026
00090 RIP: 0010:osd_create+0x9cf/0xcf0 [osd_wbcfs]
00090 Code: c7 c7 00 c6 7b a1 48 c7 c6 a0 42 7d a1 48 c7 c2 00 4c 7d a1 e8 82 ad 43 ff 48 c7 c7 00 c6 7b a1 e8 06 3b 44 ff e9 fe fc ff ff <0f> 0b e9 a5 fa ff ff 48 c7 c1 80 44 5d a0 80 e1 07 80 c1 03 38 c1
00090 RSP: 0018:ffffc90001d075e0 EFLAGS: 00010246
00090 RAX: 0000000000000000 RBX: ffff88819d7d0400 RCX: 0000000000000046
00090 RDX: 0000000000000000 RSI: ffff888144bc3b90 RDI: ffff8881951c8998
00090 RBP: ffff888144bc3b00 R08: ffffffff83a16803 R09: 1ffffffff0742d00
00090 R10: dffffc0000000000 R11: fffffbfff0742d01 R12: ffff88816299ac00
00090 R13: dffffc0000000000 R14: 1ffff11033afa080 R15: 1ffff1102c53358f
00090 FS:  00007f25a6437940(0000) GS:ffff88831e8ae000(0000) knlGS:0000000000000000
00090 CS:  0010 DS: 0000 ES: 0000 CR0: 0000000080050033
00090 CR2: 0000556add0f6b40 CR3: 000000013fa36000 CR4: 0000000000750eb0
00090 PKRU: 55555554
00090 Call Trace:
00090  <TASK>
00090  ? local_object_create+0x109/0x640 [obdclass]
00090  ? dt_write_lock+0x16d/0x2a0 [obdclass]
00090  ? llog_osd_create+0x35b/0x12e0 [obdclass]
00090  ? llog_create+0x2ed/0x530 [obdclass]
00090  ? llog_open_create+0x5af/0xb10 [obdclass]
00090  ? llog_test_10+0x2e1/0x5620 [llog_test]
00090  ? lu_object_put+0xa40/0x12e0 [obdclass]
00090  ? do_raw_spin_unlock+0x52/0x230
00090  ? _raw_spin_unlock+0x23/0x40
00090  ? __llog_ctxt_put+0x1c4/0x2f0 [obdclass]
00090  ? llog_run_tests+0x3f47/0x5ad0 [llog_test]
00090  ? get_random_u32+0x51/0x470
00090  ? llog_test_device_init+0x503/0x840 [llog_test]
00090  ? obd_setup+0x559/0x960 [obdclass]
00090  ? class_setup+0xc7d/0x10e0 [obdclass]
00090  ? class_process_config+0x2edb/0x7cb0 [obdclass]
00090  ? class_handle_ioctl+0x1f4d/0x3440 [obdclass]
00090  ? obd_class_ioctl+0x1f6/0x3c0 [obdclass]
00090  ? __x64_sys_ioctl+0x961/0xe00
00090  ? _copy_to_user+0x3d/0x60
00090  ? __x64_sys_rt_sigaction+0x107/0x140
00090  ? do_syscall_64+0xc1/0x350
00090  ? entry_SYSCALL_64_after_hwframe+0x4b/0x53
00090  </TASK>
00090 ---[ end trace 0000000000000000 ]---
00090 Lustre: 2204:0:(llog_test.c:1608:llog_test_10()) 10b: write 64767 log records
00090 ------------[ cut here ]------------
00090 WARNING: /home/ktest/git/linux/include/linux/fs.h:889 at osd_create+0x9cf/0xcf0 [osd_wbcfs], CPU#9: lctl/2204
00090 Modules linked in: llog_test(O) mgs(O) osd_wbcfs(O) lustre(O) obdecho(O) mgc(O) mdc(O) lov(O) osc(O) lmv(O) ec(O) fid(O) fld(O) ptlrpc(O) efivarfs obdclass(O) ksocklnd(O) lnet(O) libcfs(O)
00090 CPU: 9 UID: 0 PID: 2204 Comm: lctl Tainted: G        W  O        7.0.0-ktest-cdd44aba84-7433349-20260709 #1 PREEMPT 
00090 Tainted: [W]=WARN, [O]=OOT_MODULE
00090 Hardware name: QEMU Standard PC (Q35 + ICH9, 2009), BIOS 2025.11-3ubuntu7 03/31/2026
00090 RIP: 0010:osd_create+0x9cf/0xcf0 [osd_wbcfs]
00090 Code: c7 c7 00 c6 7b a1 48 c7 c6 a0 42 7d a1 48 c7 c2 00 4c 7d a1 e8 82 ad 43 ff 48 c7 c7 00 c6 7b a1 e8 06 3b 44 ff e9 fe fc ff ff <0f> 0b e9 a5 fa ff ff 48 c7 c1 80 44 5d a0 80 e1 07 80 c1 03 38 c1
00090 RSP: 0018:ffffc90001d07480 EFLAGS: 00010246
00090 RAX: 0000000000000000 RBX: ffff8881084a3c00 RCX: 0000000000000046
00090 RDX: 0000000000000000 RSI: ffff888144bc3478 RDI: ffff8881951c89c0
00090 RBP: ffff888144bc33e8 R08: ffffffff83a16803 R09: 1ffffffff0742d00
00090 R10: dffffc0000000000 R11: fffffbfff0742d01 R12: ffff88816299ac00
00090 R13: dffffc0000000000 R14: 1ffff11021094780 R15: 1ffff1102c53358f
00090 FS:  00007f25a6437940(0000) GS:ffff88831e8ae000(0000) knlGS:0000000000000000
00090 CS:  0010 DS: 0000 ES: 0000 CR0: 0000000080050033
00090 CR2: 0000556add0f6b40 CR3: 000000013fa36000 CR4: 0000000000750eb0
00090 PKRU: 55555554
00090 Call Trace:
00090  <TASK>
00090  ? local_object_create+0x109/0x640 [obdclass]
00090  ? dt_write_lock+0x16d/0x2a0 [obdclass]
00090  ? llog_osd_create+0x35b/0x12e0 [obdclass]
00090  ? register_lock_class+0x31/0x2c0
00090  ? llog_create+0x2ed/0x530 [obdclass]
00090  ? llog_cat_new_log+0x6c3/0x2c80 [obdclass]
00090  ? llog_cat_add_rec+0x6ba/0x1960 [obdclass]
00090  ? llog_cat_add+0x451/0x890 [obdclass]
00090  ? llog_test_10+0x920/0x5620 [llog_test]
00090  ? do_raw_spin_unlock+0x52/0x230
00090  ? _raw_spin_unlock+0x23/0x40
00090  ? __llog_ctxt_put+0x1c4/0x2f0 [obdclass]
00090  ? llog_run_tests+0x3f47/0x5ad0 [llog_test]
00090  ? get_random_u32+0x51/0x470
00090  ? llog_test_device_init+0x503/0x840 [llog_test]
00090  ? obd_setup+0x559/0x960 [obdclass]
00090  ? class_setup+0xc7d/0x10e0 [obdclass]
00090  ? class_process_config+0x2edb/0x7cb0 [obdclass]
00090  ? class_handle_ioctl+0x1f4d/0x3440 [obdclass]
00090  ? obd_class_ioctl+0x1f6/0x3c0 [obdclass]
00090  ? __x64_sys_ioctl+0x961/0xe00
00090  ? _copy_to_user+0x3d/0x60
00090  ? __x64_sys_rt_sigaction+0x107/0x140
00090  ? do_syscall_64+0xc1/0x350
00090  ? entry_SYSCALL_64_after_hwframe+0x4b/0x53
00090  </TASK>
00090 ---[ end trace 0000000000000000 ]---
00092 ------------[ cut here ]------------
00092 WARNING: /home/ktest/git/linux/include/linux/fs.h:889 at osd_create+0x9cf/0xcf0 [osd_wbcfs], CPU#9: lctl/2204
00092 Modules linked in: llog_test(O) mgs(O) osd_wbcfs(O) lustre(O) obdecho(O) mgc(O) mdc(O) lov(O) osc(O) lmv(O) ec(O) fid(O) fld(O) ptlrpc(O) efivarfs obdclass(O) ksocklnd(O) lnet(O) libcfs(O)
00092 CPU: 9 UID: 0 PID: 2204 Comm: lctl Tainted: G        W  O        7.0.0-ktest-cdd44aba84-7433349-20260709 #1 PREEMPT 
00092 Tainted: [W]=WARN, [O]=OOT_MODULE
00092 Hardware name: QEMU Standard PC (Q35 + ICH9, 2009), BIOS 2025.11-3ubuntu7 03/31/2026
00092 RIP: 0010:osd_create+0x9cf/0xcf0 [osd_wbcfs]
00092 Code: c7 c7 00 c6 7b a1 48 c7 c6 a0 42 7d a1 48 c7 c2 00 4c 7d a1 e8 82 ad 43 ff 48 c7 c7 00 c6 7b a1 e8 06 3b 44 ff e9 fe fc ff ff <0f> 0b e9 a5 fa ff ff 48 c7 c1 80 44 5d a0 80 e1 07 80 c1 03 38 c1
00092 RSP: 0018:ffffc90001d07480 EFLAGS: 00010246
00092 RAX: 0000000000000000 RBX: ffff88819d7d5400 RCX: 0000000000000046
00092 RDX: 0000000000000000 RSI: ffff888144bc2d60 RDI: ffff8881951c89c0
00092 RBP: ffff888144bc2cd0 R08: ffffffff83a16803 R09: 1ffffffff0742d00
00092 R10: dffffc0000000000 R11: fffffbfff0742d01 R12: ffff88816299ac00
00092 R13: dffffc0000000000 R14: 1ffff11033afaa80 R15: 1ffff1102c53358f
00092 FS:  00007f25a6437940(0000) GS:ffff88831e8ae000(0000) knlGS:0000000000000000
00092 CS:  0010 DS: 0000 ES: 0000 CR0: 0000000080050033
00092 CR2: 0000556add0f6b40 CR3: 000000013fa36000 CR4: 0000000000750eb0
00092 PKRU: 55555554
00092 Call Trace:
00092  <TASK>
00092  ? local_object_create+0x109/0x640 [obdclass]
00092  ? dt_write_lock+0x16d/0x2a0 [obdclass]
00092  ? llog_osd_create+0x35b/0x12e0 [obdclass]
00092  ? register_lock_class+0x31/0x2c0
00092  ? llog_create+0x2ed/0x530 [obdclass]
00092  ? llog_cat_new_log+0x6c3/0x2c80 [obdclass]
00092  ? llog_cat_add_rec+0x6ba/0x1960 [obdclass]
00092  ? llog_cat_add+0x451/0x890 [obdclass]
00092  ? llog_test_10+0x920/0x5620 [llog_test]
00092  ? do_raw_spin_unlock+0x52/0x230
00092  ? _raw_spin_unlock+0x23/0x40
00092  ? __llog_ctxt_put+0x1c4/0x2f0 [obdclass]
00092  ? llog_run_tests+0x3f47/0x5ad0 [llog_test]
00092  ? get_random_u32+0x51/0x470
00092  ? llog_test_device_init+0x503/0x840 [llog_test]
00092  ? obd_setup+0x559/0x960 [obdclass]
00092  ? class_setup+0xc7d/0x10e0 [obdclass]
00092  ? class_process_config+0x2edb/0x7cb0 [obdclass]
00092  ? class_handle_ioctl+0x1f4d/0x3440 [obdclass]
00092  ? obd_class_ioctl+0x1f6/0x3c0 [obdclass]
00092  ? __x64_sys_ioctl+0x961/0xe00
00092  ? _copy_to_user+0x3d/0x60
00092  ? __x64_sys_rt_sigaction+0x107/0x140
00092  ? do_syscall_64+0xc1/0x350
00092  ? entry_SYSCALL_64_after_hwframe+0x4b/0x53
00092  </TASK>
00092 ---[ end trace 0000000000000000 ]---
00092 Lustre: 2204:0:(llog_test.c:1634:llog_test_10()) 10c: write 129534 more log records
00095 ------------[ cut here ]------------
00095 WARNING: /home/ktest/git/linux/include/linux/fs.h:889 at osd_create+0x9cf/0xcf0 [osd_wbcfs], CPU#9: lctl/2204
00095 Modules linked in: llog_test(O) mgs(O) osd_wbcfs(O) lustre(O) obdecho(O) mgc(O) mdc(O) lov(O) osc(O) lmv(O) ec(O) fid(O) fld(O) ptlrpc(O) efivarfs obdclass(O) ksocklnd(O) lnet(O) libcfs(O)
00095 CPU: 9 UID: 0 PID: 2204 Comm: lctl Tainted: G        W  O        7.0.0-ktest-cdd44aba84-7433349-20260709 #1 PREEMPT 
00095 Tainted: [W]=WARN, [O]=OOT_MODULE
00095 Hardware name: QEMU Standard PC (Q35 + ICH9, 2009), BIOS 2025.11-3ubuntu7 03/31/2026
00095 RIP: 0010:osd_create+0x9cf/0xcf0 [osd_wbcfs]
00095 Code: c7 c7 00 c6 7b a1 48 c7 c6 a0 42 7d a1 48 c7 c2 00 4c 7d a1 e8 82 ad 43 ff 48 c7 c7 00 c6 7b a1 e8 06 3b 44 ff e9 fe fc ff ff <0f> 0b e9 a5 fa ff ff 48 c7 c1 80 44 5d a0 80 e1 07 80 c1 03 38 c1
00095 RSP: 0018:ffffc90001d07480 EFLAGS: 00010246
00095 RAX: 0000000000000000 RBX: ffff88813b8ad000 RCX: 0000000000000046
00095 RDX: 0000000000000000 RSI: ffff8881907ed0d8 RDI: ffff8881951c89c0
00095 RBP: ffff8881907ed048 R08: ffffffff83a16803 R09: 1ffffffff0742d00
00095 R10: dffffc0000000000 R11: fffffbfff0742d01 R12: ffff88816299ac00
00095 R13: dffffc0000000000 R14: 1ffff11027715a00 R15: 1ffff1102c53358f
00095 FS:  00007f25a6437940(0000) GS:ffff88831e8ae000(0000) knlGS:0000000000000000
00095 CS:  0010 DS: 0000 ES: 0000 CR0: 0000000080050033
00095 CR2: 0000556add0f6b40 CR3: 000000013fa36000 CR4: 0000000000750eb0
00095 PKRU: 55555554
00095 Call Trace:
00095  <TASK>
00095  ? local_object_create+0x109/0x640 [obdclass]
00095  ? dt_write_lock+0x16d/0x2a0 [obdclass]
00095  ? llog_osd_create+0x35b/0x12e0 [obdclass]
00095  ? register_lock_class+0x31/0x2c0
00095  ? llog_create+0x2ed/0x530 [obdclass]
00095  ? llog_cat_new_log+0x6c3/0x2c80 [obdclass]
00095  ? llog_cat_add_rec+0x6ba/0x1960 [obdclass]
00095  ? llog_cat_add+0x451/0x890 [obdclass]
00095  ? llog_test_10+0xbdb/0x5620 [llog_test]
00095  ? do_raw_spin_unlock+0x52/0x230
00095  ? _raw_spin_unlock+0x23/0x40
00095  ? __llog_ctxt_put+0x1c4/0x2f0 [obdclass]
00095  ? llog_run_tests+0x3f47/0x5ad0 [llog_test]
00095  ? get_random_u32+0x51/0x470
00095  ? llog_test_device_init+0x503/0x840 [llog_test]
00095  ? obd_setup+0x559/0x960 [obdclass]
00095  ? class_setup+0xc7d/0x10e0 [obdclass]
00095  ? class_process_config+0x2edb/0x7cb0 [obdclass]
00095  ? class_handle_ioctl+0x1f4d/0x3440 [obdclass]
00095  ? obd_class_ioctl+0x1f6/0x3c0 [obdclass]
00095  ? __x64_sys_ioctl+0x961/0xe00
00095  ? _copy_to_user+0x3d/0x60
00095  ? __x64_sys_rt_sigaction+0x107/0x140
00095  ? do_syscall_64+0xc1/0x350
00095  ? entry_SYSCALL_64_after_hwframe+0x4b/0x53
00095  </TASK>
00095 ---[ end trace 0000000000000000 ]---
00097 ------------[ cut here ]------------
00097 WARNING: /home/ktest/git/linux/include/linux/fs.h:889 at osd_create+0x9cf/0xcf0 [osd_wbcfs], CPU#9: lctl/2204
00097 Modules linked in: llog_test(O) mgs(O) osd_wbcfs(O) lustre(O) obdecho(O) mgc(O) mdc(O) lov(O) osc(O) lmv(O) ec(O) fid(O) fld(O) ptlrpc(O) efivarfs obdclass(O) ksocklnd(O) lnet(O) libcfs(O)
00097 CPU: 9 UID: 0 PID: 2204 Comm: lctl Tainted: G        W  O        7.0.0-ktest-cdd44aba84-7433349-20260709 #1 PREEMPT 
00097 Tainted: [W]=WARN, [O]=OOT_MODULE
00097 Hardware name: QEMU Standard PC (Q35 + ICH9, 2009), BIOS 2025.11-3ubuntu7 03/31/2026
00097 RIP: 0010:osd_create+0x9cf/0xcf0 [osd_wbcfs]
00097 Code: c7 c7 00 c6 7b a1 48 c7 c6 a0 42 7d a1 48 c7 c2 00 4c 7d a1 e8 82 ad 43 ff 48 c7 c7 00 c6 7b a1 e8 06 3b 44 ff e9 fe fc ff ff <0f> 0b e9 a5 fa ff ff 48 c7 c1 80 44 5d a0 80 e1 07 80 c1 03 38 c1
00097 RSP: 0018:ffffc90001d07480 EFLAGS: 00010246
00097 RAX: 0000000000000000 RBX: ffff8881907f2c00 RCX: 0000000000000046
00097 RDX: 0000000000000000 RSI: ffff8881907ec9c0 RDI: ffff8881951c89c0
00097 RBP: ffff8881907ec930 R08: ffffffff83a16803 R09: 1ffffffff0742d00
00097 R10: dffffc0000000000 R11: fffffbfff0742d01 R12: ffff88816299ac00
00097 R13: dffffc0000000000 R14: 1ffff110320fe580 R15: 1ffff1102c53358f
00097 FS:  00007f25a6437940(0000) GS:ffff88831e8ae000(0000) knlGS:0000000000000000
00097 CS:  0010 DS: 0000 ES: 0000 CR0: 0000000080050033
00097 CR2: 0000556add0f6b40 CR3: 000000013fa36000 CR4: 0000000000750eb0
00097 PKRU: 55555554
00097 Call Trace:
00097  <TASK>
00097  ? local_object_create+0x109/0x640 [obdclass]
00097  ? dt_write_lock+0x16d/0x2a0 [obdclass]
00097  ? llog_osd_create+0x35b/0x12e0 [obdclass]
00097  ? register_lock_class+0x31/0x2c0
00097  ? llog_create+0x2ed/0x530 [obdclass]
00097  ? llog_cat_new_log+0x6c3/0x2c80 [obdclass]
00097  ? llog_cat_add_rec+0x6ba/0x1960 [obdclass]
00097  ? llog_cat_add+0x451/0x890 [obdclass]
00097  ? llog_test_10+0xbdb/0x5620 [llog_test]
00097  ? do_raw_spin_unlock+0x52/0x230
00097  ? _raw_spin_unlock+0x23/0x40
00097  ? __llog_ctxt_put+0x1c4/0x2f0 [obdclass]
00097  ? llog_run_tests+0x3f47/0x5ad0 [llog_test]
00097  ? get_random_u32+0x51/0x470
00097  ? llog_test_device_init+0x503/0x840 [llog_test]
00097  ? obd_setup+0x559/0x960 [obdclass]
00097  ? class_setup+0xc7d/0x10e0 [obdclass]
00097  ? class_process_config+0x2edb/0x7cb0 [obdclass]
00097  ? class_handle_ioctl+0x1f4d/0x3440 [obdclass]
00097  ? obd_class_ioctl+0x1f6/0x3c0 [obdclass]
00097  ? __x64_sys_ioctl+0x961/0xe00
00097  ? _copy_to_user+0x3d/0x60
00097  ? __x64_sys_rt_sigaction+0x107/0x140
00097  ? do_syscall_64+0xc1/0x350
00097  ? entry_SYSCALL_64_after_hwframe+0x4b/0x53
00097  </TASK>
00097 ---[ end trace 0000000000000000 ]---
00097 Lustre: 2204:0:(llog_test.c:1666:llog_test_10()) 10c: write 64767 more log records
00100 Lustre: 2204:0:(llog_cat.c:80:llog_cat_new_log()) MGS: there are no more free slots in catalog d7c91766
00100 LustreError: 2204:0:(llog_cat.c:593:llog_cat_add_rec()) MGS: initialization error: rc = -28
00100 Lustre: 2204:0:(llog_test.c:1692:llog_test_10()) 10c: wrote 64011 records then 756 failed with ENOSPC
00100 Lustre: 2204:0:(llog_test.c:1711:llog_test_10()) 10d: Cancel 64767 records, see one log zapped
00102 Lustre: 2204:0:(llog_test.c:1725:llog_test_10()) 10d: print the catalog entries.. we expect 3
00102 Lustre: 2223:0:(llog_test.c:700:cat_print_cb()) seeing record at index 2 - [0x1:0x19:0x0] in log [0xa:0x5:0x0]
00102 Lustre: 2204:0:(llog_test.c:1755:llog_test_10()) 10e: write 64767 more log records
00102 ------------[ cut here ]------------
00102 WARNING: /home/ktest/git/linux/include/linux/fs.h:889 at osd_create+0x9cf/0xcf0 [osd_wbcfs], CPU#9: lctl/2204
00102 Modules linked in: llog_test(O) mgs(O) osd_wbcfs(O) lustre(O) obdecho(O) mgc(O) mdc(O) lov(O) osc(O) lmv(O) ec(O) fid(O) fld(O) ptlrpc(O) efivarfs obdclass(O) ksocklnd(O) lnet(O) libcfs(O)
00102 CPU: 9 UID: 0 PID: 2204 Comm: lctl Tainted: G        W  O        7.0.0-ktest-cdd44aba84-7433349-20260709 #1 PREEMPT 
00102 Tainted: [W]=WARN, [O]=OOT_MODULE
00102 Hardware name: QEMU Standard PC (Q35 + ICH9, 2009), BIOS 2025.11-3ubuntu7 03/31/2026
00102 RIP: 0010:osd_create+0x9cf/0xcf0 [osd_wbcfs]
00102 Code: c7 c7 00 c6 7b a1 48 c7 c6 a0 42 7d a1 48 c7 c2 00 4c 7d a1 e8 82 ad 43 ff 48 c7 c7 00 c6 7b a1 e8 06 3b 44 ff e9 fe fc ff ff <0f> 0b e9 a5 fa ff ff 48 c7 c1 80 44 5d a0 80 e1 07 80 c1 03 38 c1
00102 RSP: 0018:ffffc90001d07480 EFLAGS: 00010246
00102 RAX: 0000000000000000 RBX: ffff8881972c3c00 RCX: 0000000000000046
00102 RDX: 0000000000000000 RSI: ffff8881907ec2a8 RDI: ffff8881951c89c0
00102 RBP: ffff8881907ec218 R08: ffffffff83a16803 R09: 1ffffffff0742d00
00102 R10: dffffc0000000000 R11: fffffbfff0742d01 R12: ffff88816299ac00
00102 R13: dffffc0000000000 R14: 1ffff11032e58780 R15: 1ffff1102c53358f
00102 FS:  00007f25a6437940(0000) GS:ffff88831e8ae000(0000) knlGS:0000000000000000
00102 CS:  0010 DS: 0000 ES: 0000 CR0: 0000000080050033
00102 CR2: 0000556add0f6b40 CR3: 000000013fa36000 CR4: 0000000000750eb0
00102 PKRU: 55555554
00102 Call Trace:
00102  <TASK>
00102  ? local_object_create+0x109/0x640 [obdclass]
00102  ? dt_write_lock+0x16d/0x2a0 [obdclass]
00102  ? llog_osd_create+0x35b/0x12e0 [obdclass]
00102  ? llog_create+0x2ed/0x530 [obdclass]
00102  ? llog_cat_new_log+0x6c3/0x2c80 [obdclass]
00102  ? llog_cat_add_rec+0x6ba/0x1960 [obdclass]
00102  ? llog_cat_add+0x451/0x890 [obdclass]
00102  ? llog_test_10+0x19c0/0x5620 [llog_test]
00102  ? do_raw_spin_unlock+0x52/0x230
00102  ? _raw_spin_unlock+0x23/0x40
00102  ? __llog_ctxt_put+0x1c4/0x2f0 [obdclass]
00102  ? llog_run_tests+0x3f47/0x5ad0 [llog_test]
00102  ? get_random_u32+0x51/0x470
00102  ? llog_test_device_init+0x503/0x840 [llog_test]
00102  ? obd_setup+0x559/0x960 [obdclass]
00102  ? class_setup+0xc7d/0x10e0 [obdclass]
00102  ? class_process_config+0x2edb/0x7cb0 [obdclass]
00102  ? class_handle_ioctl+0x1f4d/0x3440 [obdclass]
00102  ? obd_class_ioctl+0x1f6/0x3c0 [obdclass]
00102  ? __x64_sys_ioctl+0x961/0xe00
00102  ? _copy_to_user+0x3d/0x60
00102  ? __x64_sys_rt_sigaction+0x107/0x140
00102  ? do_syscall_64+0xc1/0x350
00102  ? entry_SYSCALL_64_after_hwframe+0x4b/0x53
00102  </TASK>
00102 ---[ end trace 0000000000000000 ]---
00104 Lustre: 2204:0:(llog_cat.c:80:llog_cat_new_log()) MGS: there are no more free slots in catalog d7c91766
00104 Lustre: 2204:0:(llog_cat.c:80:llog_cat_new_log()) Skipped 755 previous similar messages
00104 LustreError: 2204:0:(llog_cat.c:593:llog_cat_add_rec()) MGS: initialization error: rc = -28
00104 LustreError: 2204:0:(llog_cat.c:593:llog_cat_add_rec()) Skipped 755 previous similar messages
00104 Lustre: 2204:0:(llog_test.c:1781:llog_test_10()) 10e: wrote 64578 records then 189 failed with ENOSPC
00104 Lustre: 2204:0:(llog_test.c:1783:llog_test_10()) 10e: print the catalog entries.. we expect 4
00104 Lustre: 2204:0:(llog_cat.c:984:llog_cat_process_or_fork()) MGS: catlog [0xa:0x5:0x0] crosses index zero
00104 Lustre: 2204:0:(llog_test.c:700:cat_print_cb()) seeing record at index 2 - [0x1:0x19:0x0] in log [0xa:0x5:0x0]
00104 Lustre: 2204:0:(llog_test.c:700:cat_print_cb()) Skipped 2 previous similar messages
00104 Lustre: 2204:0:(llog_test.c:1819:llog_test_10()) 10e: catalog successfully wrap around, last_idx 1, first 1
00104 Lustre: 2204:0:(llog_test.c:1836:llog_test_10()) 10f: Cancel 64767 records, see one log zapped
00106 Lustre: 2204:0:(llog_test.c:1850:llog_test_10()) 10f: print the catalog entries.. we expect 3
00106 Lustre: 2204:0:(llog_cat.c:984:llog_cat_process_or_fork()) MGS: catlog [0xa:0x5:0x0] crosses index zero
00106 Lustre: 2204:0:(llog_cat.c:984:llog_cat_process_or_fork()) Skipped 1 previous similar message
00106 Lustre: 2204:0:(llog_test.c:1881:llog_test_10()) 10f: write 64767 more log records
00106 ------------[ cut here ]------------
00106 WARNING: /home/ktest/git/linux/include/linux/fs.h:889 at osd_create+0x9cf/0xcf0 [osd_wbcfs], CPU#9: lctl/2204
00106 Modules linked in: llog_test(O) mgs(O) osd_wbcfs(O) lustre(O) obdecho(O) mgc(O) mdc(O) lov(O) osc(O) lmv(O) ec(O) fid(O) fld(O) ptlrpc(O) efivarfs obdclass(O) ksocklnd(O) lnet(O) libcfs(O)
00106 CPU: 9 UID: 0 PID: 2204 Comm: lctl Tainted: G        W  O        7.0.0-ktest-cdd44aba84-7433349-20260709 #1 PREEMPT 
00106 Tainted: [W]=WARN, [O]=OOT_MODULE
00106 Hardware name: QEMU Standard PC (Q35 + ICH9, 2009), BIOS 2025.11-3ubuntu7 03/31/2026
00106 RIP: 0010:osd_create+0x9cf/0xcf0 [osd_wbcfs]
00106 Code: c7 c7 00 c6 7b a1 48 c7 c6 a0 42 7d a1 48 c7 c2 00 4c 7d a1 e8 82 ad 43 ff 48 c7 c7 00 c6 7b a1 e8 06 3b 44 ff e9 fe fc ff ff <0f> 0b e9 a5 fa ff ff 48 c7 c1 80 44 5d a0 80 e1 07 80 c1 03 38 c1
00106 RSP: 0018:ffffc90001d07480 EFLAGS: 00010246
00106 RAX: 0000000000000000 RBX: ffff8881217d9c00 RCX: 0000000000000046
00106 RDX: 0000000000000000 RSI: ffff8881907ebb90 RDI: ffff8881951c89c0
00106 RBP: ffff8881907ebb00 R08: ffffffff83a16803 R09: 1ffffffff0742d00
00106 R10: dffffc0000000000 R11: fffffbfff0742d01 R12: ffff88816299ac00
00106 R13: dffffc0000000000 R14: 1ffff110242fb380 R15: 1ffff1102c53358f
00106 FS:  00007f25a6437940(0000) GS:ffff88831e8ae000(0000) knlGS:0000000000000000
00106 CS:  0010 DS: 0000 ES: 0000 CR0: 0000000080050033
00106 CR2: 0000556add0f6b40 CR3: 000000013fa36000 CR4: 0000000000750eb0
00106 PKRU: 55555554
00106 Call Trace:
00106  <TASK>
00106  ? local_object_create+0x109/0x640 [obdclass]
00106  ? dt_write_lock+0x16d/0x2a0 [obdclass]
00106  ? llog_osd_create+0x35b/0x12e0 [obdclass]
00106  ? llog_create+0x2ed/0x530 [obdclass]
00106  ? llog_cat_new_log+0x6c3/0x2c80 [obdclass]
00106  ? llog_cat_add_rec+0x6ba/0x1960 [obdclass]
00106  ? llog_cat_add+0x451/0x890 [obdclass]
00106  ? llog_test_10+0x2c78/0x5620 [llog_test]
00106  ? do_raw_spin_unlock+0x52/0x230
00106  ? _raw_spin_unlock+0x23/0x40
00106  ? __llog_ctxt_put+0x1c4/0x2f0 [obdclass]
00106  ? llog_run_tests+0x3f47/0x5ad0 [llog_test]
00106  ? get_random_u32+0x51/0x470
00106  ? llog_test_device_init+0x503/0x840 [llog_test]
00106  ? obd_setup+0x559/0x960 [obdclass]
00106  ? class_setup+0xc7d/0x10e0 [obdclass]
00106  ? class_process_config+0x2edb/0x7cb0 [obdclass]
00106  ? class_handle_ioctl+0x1f4d/0x3440 [obdclass]
00106  ? obd_class_ioctl+0x1f6/0x3c0 [obdclass]
00106  ? __x64_sys_ioctl+0x961/0xe00
00106  ? _copy_to_user+0x3d/0x60
00106  ? __x64_sys_rt_sigaction+0x107/0x140
00106  ? do_syscall_64+0xc1/0x350
00106  ? entry_SYSCALL_64_after_hwframe+0x4b/0x53
00106  </TASK>
00106 ---[ end trace 0000000000000000 ]---
00109 Lustre: 2204:0:(llog_cat.c:80:llog_cat_new_log()) MGS: there are no more free slots in catalog d7c91766
00109 Lustre: 2204:0:(llog_cat.c:80:llog_cat_new_log()) Skipped 188 previous similar messages
00109 LustreError: 2204:0:(llog_cat.c:593:llog_cat_add_rec()) MGS: initialization error: rc = -28
00109 LustreError: 2204:0:(llog_cat.c:593:llog_cat_add_rec()) Skipped 188 previous similar messages
00109 Lustre: 2204:0:(llog_test.c:1907:llog_test_10()) 10f: wrote 64578 records then 189 failed with ENOSPC
00109 Lustre: 2204:0:(llog_test.c:1953:llog_test_10()) 10g: Cancel 64767 records, see one log zapped
00109 Lustre: 2204:0:(llog_cat.c:984:llog_cat_process_or_fork()) MGS: catlog [0xa:0x5:0x0] crosses index zero
00111 Lustre: 2204:0:(llog_test.c:1965:llog_test_10()) 10g: print the catalog entries.. we expect 3
00111 Lustre: 2204:0:(llog_cat.c:984:llog_cat_process_or_fork()) MGS: catlog [0xa:0x5:0x0] crosses index zero
00111 Lustre: 2204:0:(llog_test.c:700:cat_print_cb()) seeing record at index 4 - [0x1:0x1b:0x0] in log [0xa:0x5:0x0]
00111 Lustre: 2204:0:(llog_test.c:700:cat_print_cb()) Skipped 6 previous similar messages
00111 Lustre: 2204:0:(llog_test.c:1995:llog_test_10()) 10g: Cancel 64767 records, see one log zapped
00113 Lustre: 2204:0:(llog_test.c:2009:llog_test_10()) 10g: print the catalog entries.. we expect 2
00113 Lustre: 2204:0:(llog_test.c:2047:llog_test_10()) 10g: Cancel 64767 records, see one log zapped
00115 Lustre: 2204:0:(llog_test.c:2061:llog_test_10()) 10g: print the catalog entries.. we expect 1
00115 Lustre: 2204:0:(llog_test.c:2087:llog_test_10()) 10g: llh_cat_idx has also successfully wrapped!
00115 Lustre: 2225:0:(llog_test.c:1535:cat_check_old_cb()) seeing record at index 2 - [0x1:0x1d:0x0] in log [0xa:0x5:0x0]
00116 Lustre: 2204:0:(llog_test.c:2111:llog_test_10()) 10h: write 64767 more log records
00116 ------------[ cut here ]------------
00116 WARNING: /home/ktest/git/linux/include/linux/fs.h:889 at osd_create+0x9cf/0xcf0 [osd_wbcfs], CPU#9: lctl/2204
00116 Modules linked in: llog_test(O) mgs(O) osd_wbcfs(O) lustre(O) obdecho(O) mgc(O) mdc(O) lov(O) osc(O) lmv(O) ec(O) fid(O) fld(O) ptlrpc(O) efivarfs obdclass(O) ksocklnd(O) lnet(O) libcfs(O)
00116 CPU: 9 UID: 0 PID: 2204 Comm: lctl Tainted: G        W  O        7.0.0-ktest-cdd44aba84-7433349-20260709 #1 PREEMPT 
00116 Tainted: [W]=WARN, [O]=OOT_MODULE
00116 Hardware name: QEMU Standard PC (Q35 + ICH9, 2009), BIOS 2025.11-3ubuntu7 03/31/2026
00116 RIP: 0010:osd_create+0x9cf/0xcf0 [osd_wbcfs]
00116 Code: c7 c7 00 c6 7b a1 48 c7 c6 a0 42 7d a1 48 c7 c2 00 4c 7d a1 e8 82 ad 43 ff 48 c7 c7 00 c6 7b a1 e8 06 3b 44 ff e9 fe fc ff ff <0f> 0b e9 a5 fa ff ff 48 c7 c1 80 44 5d a0 80 e1 07 80 c1 03 38 c1
00116 RSP: 0018:ffffc90001d07480 EFLAGS: 00010246
00116 RAX: 0000000000000000 RBX: ffff888073a78800 RCX: 0000000000000046
00116 RDX: 0000000000000000 RSI: ffff8881907eb478 RDI: ffff8881951c89c0
00116 RBP: ffff8881907eb3e8 R08: ffffffff83a16803 R09: 1ffffffff0742d00
00116 R10: dffffc0000000000 R11: fffffbfff0742d01 R12: ffff88816299ac00
00116 R13: dffffc0000000000 R14: 1ffff1100e74f100 R15: 1ffff1102c53358f
00116 FS:  00007f25a6437940(0000) GS:ffff88831e8ae000(0000) knlGS:0000000000000000
00116 CS:  0010 DS: 0000 ES: 0000 CR0: 0000000080050033
00116 CR2: 0000556add0f6b40 CR3: 000000013fa36000 CR4: 0000000000750eb0
00116 PKRU: 55555554
00116 Call Trace:
00116  <TASK>
00116  ? local_object_create+0x109/0x640 [obdclass]
00116  ? dt_write_lock+0x16d/0x2a0 [obdclass]
00116  ? llog_osd_create+0x35b/0x12e0 [obdclass]
00116  ? llog_create+0x2ed/0x530 [obdclass]
00116  ? llog_cat_new_log+0x6c3/0x2c80 [obdclass]
00116  ? llog_cat_add_rec+0x6ba/0x1960 [obdclass]
00116  ? llog_cat_add+0x451/0x890 [obdclass]
00116  ? llog_test_10+0x5112/0x5620 [llog_test]
00116  ? llog_test_9_sub+0x800/0x800 [llog_test]
00116  ? llog_run_tests+0x3f47/0x5ad0 [llog_test]
00116  ? get_random_u32+0x51/0x470
00116  ? llog_test_device_init+0x503/0x840 [llog_test]
00116  ? obd_setup+0x559/0x960 [obdclass]
00116  ? class_setup+0xc7d/0x10e0 [obdclass]
00116  ? class_process_config+0x2edb/0x7cb0 [obdclass]
00116  ? class_handle_ioctl+0x1f4d/0x3440 [obdclass]
00116  ? obd_class_ioctl+0x1f6/0x3c0 [obdclass]
00116  ? __x64_sys_ioctl+0x961/0xe00
00116  ? _copy_to_user+0x3d/0x60
00116  ? __x64_sys_rt_sigaction+0x107/0x140
00116  ? do_syscall_64+0xc1/0x350
00116  ? entry_SYSCALL_64_after_hwframe+0x4b/0x53
00116  </TASK>
00116 ---[ end trace 0000000000000000 ]---
00116 LustreError: 2204:0:(llog_osd.c:684:llog_osd_write_rec()) cfs_race id 1317 sleeping
00116 LustreError: 2225:0:(llog.c:690:llog_process_thread()) cfs_fail_race id 1317 waking
00116 LustreError: 2204:0:(llog_osd.c:684:llog_osd_write_rec()) cfs_fail_race id 1317 awake: rc=445
00117 LustreError: 2225:0:(llog.c:690:llog_process_thread()) cfs_fail_race id 1317 waking
00117 Lustre: 2225:0:(llog_test.c:1535:cat_check_old_cb()) seeing record at index 3 - [0x1:0x1e:0x0] in log [0xa:0x5:0x0]
00120 ------------[ cut here ]------------
00120 WARNING: /home/ktest/git/linux/include/linux/fs.h:889 at osd_create+0x9cf/0xcf0 [osd_wbcfs], CPU#9: lctl/2204
00120 Modules linked in: llog_test(O) mgs(O) osd_wbcfs(O) lustre(O) obdecho(O) mgc(O) mdc(O) lov(O) osc(O) lmv(O) ec(O) fid(O) fld(O) ptlrpc(O) efivarfs obdclass(O) ksocklnd(O) lnet(O) libcfs(O)
00120 CPU: 9 UID: 0 PID: 2204 Comm: lctl Tainted: G        W  O        7.0.0-ktest-cdd44aba84-7433349-20260709 #1 PREEMPT 
00120 Tainted: [W]=WARN, [O]=OOT_MODULE
00120 Hardware name: QEMU Standard PC (Q35 + ICH9, 2009), BIOS 2025.11-3ubuntu7 03/31/2026
00120 RIP: 0010:osd_create+0x9cf/0xcf0 [osd_wbcfs]
00120 Code: c7 c7 00 c6 7b a1 48 c7 c6 a0 42 7d a1 48 c7 c2 00 4c 7d a1 e8 82 ad 43 ff 48 c7 c7 00 c6 7b a1 e8 06 3b 44 ff e9 fe fc ff ff <0f> 0b e9 a5 fa ff ff 48 c7 c1 80 44 5d a0 80 e1 07 80 c1 03 38 c1
00120 RSP: 0018:ffffc90001d07480 EFLAGS: 00010246
00120 RAX: 0000000000000000 RBX: ffff8880121b8800 RCX: 0000000000000046
00120 RDX: 0000000000000000 RSI: ffff8881907ead60 RDI: ffff8881951c89c0
00120 RBP: ffff8881907eacd0 R08: ffffffff83a16803 R09: 1ffffffff0742d00
00120 R10: dffffc0000000000 R11: fffffbfff0742d01 R12: ffff88816299ac00
00120 R13: dffffc0000000000 R14: 1ffff11002437100 R15: 1ffff1102c53358f
00120 FS:  00007f25a6437940(0000) GS:ffff88831e8ae000(0000) knlGS:0000000000000000
00120 CS:  0010 DS: 0000 ES: 0000 CR0: 0000000080050033
00120 CR2: 0000556add0f6b40 CR3: 000000013fa36000 CR4: 0000000000750eb0
00120 PKRU: 55555554
00120 Call Trace:
00120  <TASK>
00120  ? local_object_create+0x109/0x640 [obdclass]
00120  ? dt_write_lock+0x16d/0x2a0 [obdclass]
00120  ? llog_osd_create+0x35b/0x12e0 [obdclass]
00120  ? register_lock_class+0x31/0x2c0
00120  ? llog_create+0x2ed/0x530 [obdclass]
00120  ? llog_cat_new_log+0x6c3/0x2c80 [obdclass]
00120  ? llog_cat_add_rec+0x6ba/0x1960 [obdclass]
00120  ? llog_cat_add+0x451/0x890 [obdclass]
00120  ? llog_test_10+0x5112/0x5620 [llog_test]
00120  ? llog_test_9_sub+0x800/0x800 [llog_test]
00120  ? llog_run_tests+0x3f47/0x5ad0 [llog_test]
00120  ? get_random_u32+0x51/0x470
00120  ? llog_test_device_init+0x503/0x840 [llog_test]
00120  ? obd_setup+0x559/0x960 [obdclass]
00120  ? class_setup+0xc7d/0x10e0 [obdclass]
00120  ? class_process_config+0x2edb/0x7cb0 [obdclass]
00120  ? class_handle_ioctl+0x1f4d/0x3440 [obdclass]
00120  ? obd_class_ioctl+0x1f6/0x3c0 [obdclass]
00120  ? __x64_sys_ioctl+0x961/0xe00
00120  ? _copy_to_user+0x3d/0x60
00120  ? __x64_sys_rt_sigaction+0x107/0x140
00120  ? do_syscall_64+0xc1/0x350
00120  ? entry_SYSCALL_64_after_hwframe+0x4b/0x53
00120  </TASK>
00120 ---[ end trace 0000000000000000 ]---
00120 LustreError: 2204:0:(llog_osd.c:684:llog_osd_write_rec()) cfs_fail_race id 1317 waking
00121 Lustre: 2204:0:(llog_test.c:2137:llog_test_10()) 10h: wrote 64767 records then 0 failed with ENOSPC
00121 Lustre: 2204:0:(llog_test.c:2150:llog_test_10()) 10: put newly-created catalog
00121 Lustre: 2204:0:(llog_test.c:2180:llog_test_11()) 11: create a plain nameless log
00121 ------------[ cut here ]------------
00121 WARNING: /home/ktest/git/linux/include/linux/fs.h:889 at osd_create+0x9cf/0xcf0 [osd_wbcfs], CPU#9: lctl/2204
00121 Modules linked in: llog_test(O) mgs(O) osd_wbcfs(O) lustre(O) obdecho(O) mgc(O) mdc(O) lov(O) osc(O) lmv(O) ec(O) fid(O) fld(O) ptlrpc(O) efivarfs obdclass(O) ksocklnd(O) lnet(O) libcfs(O)
00121 CPU: 9 UID: 0 PID: 2204 Comm: lctl Tainted: G        W  O        7.0.0-ktest-cdd44aba84-7433349-20260709 #1 PREEMPT 
00121 Tainted: [W]=WARN, [O]=OOT_MODULE
00121 Hardware name: QEMU Standard PC (Q35 + ICH9, 2009), BIOS 2025.11-3ubuntu7 03/31/2026
00121 RIP: 0010:osd_create+0x9cf/0xcf0 [osd_wbcfs]
00121 Code: c7 c7 00 c6 7b a1 48 c7 c6 a0 42 7d a1 48 c7 c2 00 4c 7d a1 e8 82 ad 43 ff 48 c7 c7 00 c6 7b a1 e8 06 3b 44 ff e9 fe fc ff ff <0f> 0b e9 a5 fa ff ff 48 c7 c1 80 44 5d a0 80 e1 07 80 c1 03 38 c1
00121 RSP: 0018:ffffc90001d07688 EFLAGS: 00010246
00121 RAX: 0000000000000000 RBX: ffff888033db5000 RCX: 0000000000000046
00121 RDX: 0000000000000000 RSI: ffff8881907ea648 RDI: ffff8881951c8998
00121 RBP: ffff8881907ea5b8 R08: ffffffff83a16803 R09: 1ffffffff0742d00
00121 R10: dffffc0000000000 R11: fffffbfff0742d01 R12: ffff88816299ac00
00121 R13: dffffc0000000000 R14: 1ffff110067b6a00 R15: 1ffff1102c53358f
00121 FS:  00007f25a6437940(0000) GS:ffff88831e8ae000(0000) knlGS:0000000000000000
00121 CS:  0010 DS: 0000 ES: 0000 CR0: 0000000080050033
00121 CR2: 0000556add0f6b40 CR3: 000000013fa36000 CR4: 0000000000750eb0
00121 PKRU: 55555554
00121 Call Trace:
00121  <TASK>
00121  ? local_object_create+0x109/0x640 [obdclass]
00121  ? dt_write_lock+0x16d/0x2a0 [obdclass]
00121  ? llog_osd_create+0x35b/0x12e0 [obdclass]
00121  ? llog_create+0x2ed/0x530 [obdclass]
00121  ? llog_open_create+0x5af/0xb10 [obdclass]
00121  ? llog_test_11+0x2a4/0x1130 [llog_test]
00121  ? llog_test_9_sub+0x800/0x800 [llog_test]
00121  ? llog_run_tests+0x41b8/0x5ad0 [llog_test]
00121  ? get_random_u32+0x51/0x470
00121  ? llog_test_device_init+0x503/0x840 [llog_test]
00121  ? obd_setup+0x559/0x960 [obdclass]
00121  ? class_setup+0xc7d/0x10e0 [obdclass]
00121  ? class_process_config+0x2edb/0x7cb0 [obdclass]
00121  ? class_handle_ioctl+0x1f4d/0x3440 [obdclass]
00121  ? obd_class_ioctl+0x1f6/0x3c0 [obdclass]
00121  ? __x64_sys_ioctl+0x961/0xe00
00121  ? _copy_to_user+0x3d/0x60
00121  ? __x64_sys_rt_sigaction+0x107/0x140
00121  ? do_syscall_64+0xc1/0x350
00121  ? entry_SYSCALL_64_after_hwframe+0x4b/0x53
00121  </TASK>
00121 ---[ end trace 0000000000000000 ]---
00121 Lustre: 2204:0:(llog_test.c:2205:llog_test_11()) 11: size 8216 in 0 blocks after 1 rec
00121 Lustre: 2204:0:(llog_test.c:2207:llog_test_11()) 11: add few records
00121 Lustre: 2204:0:(llog_test.c:2224:llog_test_11()) 11: size 10616 in 0 blocks with few recs
00121 lctl (2204): drop_caches: 3
00121 Lustre: 2204:0:(llog_test.c:2250:llog_test_11()) 11: re-open the log by LOGID and verify llh_count
00121 Lustre: 2204:0:(llog_test.c:2265:llog_test_11()) 11: size 10616 in 0 blocks after re-open
00121 Lustre: 2204:0:(llog_test.c:2355:llog_test_12()) 12: create a catalog log with name: d7c91767
00121 ------------[ cut here ]------------
00121 WARNING: /home/ktest/git/linux/include/linux/fs.h:889 at osd_create+0x9cf/0xcf0 [osd_wbcfs], CPU#9: lctl/2204
00121 Modules linked in: llog_test(O) mgs(O) osd_wbcfs(O) lustre(O) obdecho(O) mgc(O) mdc(O) lov(O) osc(O) lmv(O) ec(O) fid(O) fld(O) ptlrpc(O) efivarfs obdclass(O) ksocklnd(O) lnet(O) libcfs(O)
00121 CPU: 9 UID: 0 PID: 2204 Comm: lctl Tainted: G        W  O        7.0.0-ktest-cdd44aba84-7433349-20260709 #1 PREEMPT 
00121 Tainted: [W]=WARN, [O]=OOT_MODULE
00121 Hardware name: QEMU Standard PC (Q35 + ICH9, 2009), BIOS 2025.11-3ubuntu7 03/31/2026
00121 RIP: 0010:osd_create+0x9cf/0xcf0 [osd_wbcfs]
00121 Code: c7 c7 00 c6 7b a1 48 c7 c6 a0 42 7d a1 48 c7 c2 00 4c 7d a1 e8 82 ad 43 ff 48 c7 c7 00 c6 7b a1 e8 06 3b 44 ff e9 fe fc ff ff <0f> 0b e9 a5 fa ff ff 48 c7 c1 80 44 5d a0 80 e1 07 80 c1 03 38 c1
00121 RSP: 0018:ffffc90001d07680 EFLAGS: 00010246
00121 RAX: 0000000000000000 RBX: ffff888033db7800 RCX: 0000000000000046
00121 RDX: 0000000000000000 RSI: ffff8881907e9f30 RDI: ffff8881951c8998
00121 RBP: ffff8881907e9ea0 R08: ffffffff83a16803 R09: 1ffffffff0742d00
00121 R10: dffffc0000000000 R11: fffffbfff0742d01 R12: ffff88816299ac00
00121 R13: dffffc0000000000 R14: 1ffff110067b6f00 R15: 1ffff1102c53358f
00121 FS:  00007f25a6437940(0000) GS:ffff88831e8ae000(0000) knlGS:0000000000000000
00121 CS:  0010 DS: 0000 ES: 0000 CR0: 0000000080050033
00121 CR2: 0000556add0f6b40 CR3: 000000013fa36000 CR4: 0000000000750eb0
00121 PKRU: 55555554
00121 Call Trace:
00121  <TASK>
00121  ? local_object_create+0x109/0x640 [obdclass]
00121  ? dt_write_lock+0x16d/0x2a0 [obdclass]
00121  ? llog_osd_create+0x35b/0x12e0 [obdclass]
00121  ? llog_create+0x2ed/0x530 [obdclass]
00121  ? llog_open_create+0x5af/0xb10 [obdclass]
00121  ? llog_test_12+0x40f/0x2d90 [llog_test]
00121  ? llog_test_11+0xc14/0x1130 [llog_test]
00121  ? llog_run_tests+0x443a/0x5ad0 [llog_test]
00121  ? get_random_u32+0x51/0x470
00121  ? llog_test_device_init+0x503/0x840 [llog_test]
00121  ? obd_setup+0x559/0x960 [obdclass]
00121  ? class_setup+0xc7d/0x10e0 [obdclass]
00121  ? class_process_config+0x2edb/0x7cb0 [obdclass]
00121  ? class_handle_ioctl+0x1f4d/0x3440 [obdclass]
00121  ? obd_class_ioctl+0x1f6/0x3c0 [obdclass]
00121  ? __x64_sys_ioctl+0x961/0xe00
00121  ? _copy_to_user+0x3d/0x60
00121  ? __x64_sys_rt_sigaction+0x107/0x140
00121  ? do_syscall_64+0xc1/0x350
00121  ? entry_SYSCALL_64_after_hwframe+0x4b/0x53
00121  </TASK>
00121 ---[ end trace 0000000000000000 ]---
00121 ------------[ cut here ]------------
00121 WARNING: /home/ktest/git/linux/include/linux/fs.h:889 at osd_create+0x9cf/0xcf0 [osd_wbcfs], CPU#9: lctl/2204
00121 Modules linked in: llog_test(O) mgs(O) osd_wbcfs(O) lustre(O) obdecho(O) mgc(O) mdc(O) lov(O) osc(O) lmv(O) ec(O) fid(O) fld(O) ptlrpc(O) efivarfs obdclass(O) ksocklnd(O) lnet(O) libcfs(O)
00121 CPU: 9 UID: 0 PID: 2204 Comm: lctl Tainted: G        W  O        7.0.0-ktest-cdd44aba84-7433349-20260709 #1 PREEMPT 
00121 Tainted: [W]=WARN, [O]=OOT_MODULE
00121 Hardware name: QEMU Standard PC (Q35 + ICH9, 2009), BIOS 2025.11-3ubuntu7 03/31/2026
00121 RIP: 0010:osd_create+0x9cf/0xcf0 [osd_wbcfs]
00121 Code: c7 c7 00 c6 7b a1 48 c7 c6 a0 42 7d a1 48 c7 c2 00 4c 7d a1 e8 82 ad 43 ff 48 c7 c7 00 c6 7b a1 e8 06 3b 44 ff e9 fe fc ff ff <0f> 0b e9 a5 fa ff ff 48 c7 c1 80 44 5d a0 80 e1 07 80 c1 03 38 c1
00121 RSP: 0018:ffffc90001d07520 EFLAGS: 00010246
00121 RAX: 0000000000000000 RBX: ffff888033db7000 RCX: 0000000000000046
00121 RDX: 0000000000000000 RSI: ffff8881907e9818 RDI: ffff8881951c89c0
00121 RBP: ffff8881907e9788 R08: ffffffff83a16803 R09: 1ffffffff0742d00
00121 R10: dffffc0000000000 R11: fffffbfff0742d01 R12: ffff88816299ac00
00121 R13: dffffc0000000000 R14: 1ffff110067b6e00 R15: 1ffff1102c53358f
00121 FS:  00007f25a6437940(0000) GS:ffff88831e8ae000(0000) knlGS:0000000000000000
00121 CS:  0010 DS: 0000 ES: 0000 CR0: 0000000080050033
00121 CR2: 0000556add0f6b40 CR3: 000000013fa36000 CR4: 0000000000750eb0
00121 PKRU: 55555554
00121 Call Trace:
00121  <TASK>
00121  ? local_object_create+0x109/0x640 [obdclass]
00121  ? dt_write_lock+0x16d/0x2a0 [obdclass]
00121  ? llog_osd_create+0x35b/0x12e0 [obdclass]
00121  ? register_lock_class+0x31/0x2c0
00121  ? llog_create+0x2ed/0x530 [obdclass]
00121  ? llog_cat_new_log+0x6c3/0x2c80 [obdclass]
00121  ? llog_cat_add_rec+0x6ba/0x1960 [obdclass]
00121  ? llog_cat_add+0x451/0x890 [obdclass]
00121  ? llog_test_12+0x68f/0x2d90 [llog_test]
00121  ? llog_test_11+0xc14/0x1130 [llog_test]
00121  ? llog_run_tests+0x443a/0x5ad0 [llog_test]
00121  ? get_random_u32+0x51/0x470
00121  ? llog_test_device_init+0x503/0x840 [llog_test]
00121  ? obd_setup+0x559/0x960 [obdclass]
00121  ? class_setup+0xc7d/0x10e0 [obdclass]
00121  ? class_process_config+0x2edb/0x7cb0 [obdclass]
00121  ? class_handle_ioctl+0x1f4d/0x3440 [obdclass]
00121  ? obd_class_ioctl+0x1f6/0x3c0 [obdclass]
00121  ? __x64_sys_ioctl+0x961/0xe00
00121  ? _copy_to_user+0x3d/0x60
00121  ? __x64_sys_rt_sigaction+0x107/0x140
00121  ? do_syscall_64+0xc1/0x350
00121  ? entry_SYSCALL_64_after_hwframe+0x4b/0x53
00121  </TASK>
00121 ---[ end trace 0000000000000000 ]---
00121 Lustre: 12: truncate 24 bytes
00121 Lustre: 12: re-open and process the catalog
00121 LustreError: 2204:0:(llog_osd.c:1248:llog_osd_next_block()) MGS0000-osd: invalid llog tail at log id [0xa:0x6:0x0] offset 8232 last_rec idx 8704 tail idx 275010875 lrt len 1 read_size 40
00121 LustreError: 2204:0:(llog.c:886:llog_process_thread()) MGS: local llog is corrupted [0xa:0x6:0x0] catalog index 1 count 2
00121 Lustre: 12: try to add to the catalog
00121 ------------[ cut here ]------------
00121 WARNING: /home/ktest/git/linux/include/linux/fs.h:889 at osd_create+0x9cf/0xcf0 [osd_wbcfs], CPU#9: lctl/2204
00121 Modules linked in: llog_test(O) mgs(O) osd_wbcfs(O) lustre(O) obdecho(O) mgc(O) mdc(O) lov(O) osc(O) lmv(O) ec(O) fid(O) fld(O) ptlrpc(O) efivarfs obdclass(O) ksocklnd(O) lnet(O) libcfs(O)
00121 CPU: 9 UID: 0 PID: 2204 Comm: lctl Tainted: G        W  O        7.0.0-ktest-cdd44aba84-7433349-20260709 #1 PREEMPT 
00121 Tainted: [W]=WARN, [O]=OOT_MODULE
00121 Hardware name: QEMU Standard PC (Q35 + ICH9, 2009), BIOS 2025.11-3ubuntu7 03/31/2026
00121 RIP: 0010:osd_create+0x9cf/0xcf0 [osd_wbcfs]
00121 Code: c7 c7 00 c6 7b a1 48 c7 c6 a0 42 7d a1 48 c7 c2 00 4c 7d a1 e8 82 ad 43 ff 48 c7 c7 00 c6 7b a1 e8 06 3b 44 ff e9 fe fc ff ff <0f> 0b e9 a5 fa ff ff 48 c7 c1 80 44 5d a0 80 e1 07 80 c1 03 38 c1
00121 RSP: 0018:ffffc90001d07520 EFLAGS: 00010246
00121 RAX: 0000000000000000 RBX: ffff8881ba2d1c00 RCX: 0000000000000046
00121 RDX: 0000000000000000 RSI: ffff8881907e9100 RDI: ffff8881951c89c0
00121 RBP: ffff8881907e9070 R08: ffffffff83a16803 R09: 1ffffffff0742d00
00121 R10: dffffc0000000000 R11: fffffbfff0742d01 R12: ffff88816299ac00
00121 R13: dffffc0000000000 R14: 1ffff1103745a380 R15: 1ffff1102c53358f
00121 FS:  00007f25a6437940(0000) GS:ffff88831e8ae000(0000) knlGS:0000000000000000
00121 CS:  0010 DS: 0000 ES: 0000 CR0: 0000000080050033
00121 CR2: 0000556add0f6b40 CR3: 000000013fa36000 CR4: 0000000000750eb0
00121 PKRU: 55555554
00121 Call Trace:
00121  <TASK>
00121  ? local_object_create+0x109/0x640 [obdclass]
00121  ? dt_write_lock+0x16d/0x2a0 [obdclass]
00121  ? llog_osd_create+0x35b/0x12e0 [obdclass]
00121  ? register_lock_class+0x31/0x2c0
00121  ? llog_create+0x2ed/0x530 [obdclass]
00121  ? llog_cat_new_log+0x6c3/0x2c80 [obdclass]
00121  ? llog_cat_add_rec+0x6ba/0x1960 [obdclass]
00121  ? llog_cat_add+0x451/0x890 [obdclass]
00121  ? llog_test_12+0xfdb/0x2d90 [llog_test]
00121  ? llog_run_tests+0x443a/0x5ad0 [llog_test]
00121  ? get_random_u32+0x51/0x470
00121  ? llog_test_device_init+0x503/0x840 [llog_test]
00121  ? obd_setup+0x559/0x960 [obdclass]
00121  ? class_setup+0xc7d/0x10e0 [obdclass]
00121  ? class_process_config+0x2edb/0x7cb0 [obdclass]
00121  ? class_handle_ioctl+0x1f4d/0x3440 [obdclass]
00121  ? obd_class_ioctl+0x1f6/0x3c0 [obdclass]
00121  ? __x64_sys_ioctl+0x961/0xe00
00121  ? _copy_to_user+0x3d/0x60
00121  ? __x64_sys_rt_sigaction+0x107/0x140
00121  ? do_syscall_64+0xc1/0x350
00121  ? entry_SYSCALL_64_after_hwframe+0x4b/0x53
00121  </TASK>
00121 ---[ end trace 0000000000000000 ]---
00121 LustreError: 2204:0:(llog_osd.c:1231:llog_osd_next_block()) MGS0000-osd: invalid llog tail at log id [0x6:0xa:0x0]:0 offset 8297 tail idx 603979776 lrt len 1074261 read_size 105
00121 ------------[ cut here ]------------
00121 WARNING: /home/ktest/git/linux/include/linux/fs.h:889 at osd_create+0x9cf/0xcf0 [osd_wbcfs], CPU#9: lctl/2204
00121 Modules linked in: llog_test(O) mgs(O) osd_wbcfs(O) lustre(O) obdecho(O) mgc(O) mdc(O) lov(O) osc(O) lmv(O) ec(O) fid(O) fld(O) ptlrpc(O) efivarfs obdclass(O) ksocklnd(O) lnet(O) libcfs(O)
00121 CPU: 9 UID: 0 PID: 2204 Comm: lctl Tainted: G        W  O        7.0.0-ktest-cdd44aba84-7433349-20260709 #1 PREEMPT 
00121 Tainted: [W]=WARN, [O]=OOT_MODULE
00121 Hardware name: QEMU Standard PC (Q35 + ICH9, 2009), BIOS 2025.11-3ubuntu7 03/31/2026
00121 RIP: 0010:osd_create+0x9cf/0xcf0 [osd_wbcfs]
00121 Code: c7 c7 00 c6 7b a1 48 c7 c6 a0 42 7d a1 48 c7 c2 00 4c 7d a1 e8 82 ad 43 ff 48 c7 c7 00 c6 7b a1 e8 06 3b 44 ff e9 fe fc ff ff <0f> 0b e9 a5 fa ff ff 48 c7 c1 80 44 5d a0 80 e1 07 80 c1 03 38 c1
00121 RSP: 0018:ffffc90001d07520 EFLAGS: 00010246
00121 RAX: 0000000000000000 RBX: ffff8881ba2d3800 RCX: 0000000000000046
00121 RDX: 0000000000000000 RSI: ffff8881907e89e8 RDI: ffff8881951c89c0
00121 RBP: ffff8881907e8958 R08: ffffffff83a16803 R09: 1ffffffff0742d00
00121 R10: dffffc0000000000 R11: fffffbfff0742d01 R12: ffff88816299ac00
00121 R13: dffffc0000000000 R14: 1ffff1103745a700 R15: 1ffff1102c53358f
00121 FS:  00007f25a6437940(0000) GS:ffff88831e8ae000(0000) knlGS:0000000000000000
00121 CS:  0010 DS: 0000 ES: 0000 CR0: 0000000080050033
00121 CR2: 0000556add0f6b40 CR3: 000000013fa36000 CR4: 0000000000750eb0
00121 PKRU: 55555554
00121 Call Trace:
00121  <TASK>
00121  ? local_object_create+0x109/0x640 [obdclass]
00121  ? dt_write_lock+0x16d/0x2a0 [obdclass]
00121  ? llog_osd_create+0x35b/0x12e0 [obdclass]
00121  ? register_lock_class+0x31/0x2c0
00121  ? llog_create+0x2ed/0x530 [obdclass]
00121  ? llog_cat_new_log+0x6c3/0x2c80 [obdclass]
00121  ? llog_cat_add_rec+0x6ba/0x1960 [obdclass]
00121  ? llog_cat_add+0x451/0x890 [obdclass]
00121  ? llog_test_12+0xfdb/0x2d90 [llog_test]
00121  ? llog_run_tests+0x443a/0x5ad0 [llog_test]
00121  ? get_random_u32+0x51/0x470
00121  ? llog_test_device_init+0x503/0x840 [llog_test]
00121  ? obd_setup+0x559/0x960 [obdclass]
00121  ? class_setup+0xc7d/0x10e0 [obdclass]
00121  ? class_process_config+0x2edb/0x7cb0 [obdclass]
00121  ? class_handle_ioctl+0x1f4d/0x3440 [obdclass]
00121  ? obd_class_ioctl+0x1f6/0x3c0 [obdclass]
00121  ? __x64_sys_ioctl+0x961/0xe00
00121  ? _copy_to_user+0x3d/0x60
00121  ? __x64_sys_rt_sigaction+0x107/0x140
00121  ? do_syscall_64+0xc1/0x350
00121  ? entry_SYSCALL_64_after_hwframe+0x4b/0x53
00121  </TASK>
00121 ---[ end trace 0000000000000000 ]---
00121 ------------[ cut here ]------------
00121 WARNING: /home/ktest/git/linux/include/linux/fs.h:889 at osd_create+0x9cf/0xcf0 [osd_wbcfs], CPU#9: lctl/2204
00121 Modules linked in: llog_test(O) mgs(O) osd_wbcfs(O) lustre(O) obdecho(O) mgc(O) mdc(O) lov(O) osc(O) lmv(O) ec(O) fid(O) fld(O) ptlrpc(O) efivarfs obdclass(O) ksocklnd(O) lnet(O) libcfs(O)
00121 CPU: 9 UID: 0 PID: 2204 Comm: lctl Tainted: G        W  O        7.0.0-ktest-cdd44aba84-7433349-20260709 #1 PREEMPT 
00121 Tainted: [W]=WARN, [O]=OOT_MODULE
00121 Hardware name: QEMU Standard PC (Q35 + ICH9, 2009), BIOS 2025.11-3ubuntu7 03/31/2026
00121 RIP: 0010:osd_create+0x9cf/0xcf0 [osd_wbcfs]
00121 Code: c7 c7 00 c6 7b a1 48 c7 c6 a0 42 7d a1 48 c7 c2 00 4c 7d a1 e8 82 ad 43 ff 48 c7 c7 00 c6 7b a1 e8 06 3b 44 ff e9 fe fc ff ff <0f> 0b e9 a5 fa ff ff 48 c7 c1 80 44 5d a0 80 e1 07 80 c1 03 38 c1
00121 RSP: 0018:ffffc90001d07520 EFLAGS: 00010246
00121 RAX: 0000000000000000 RBX: ffff88814207b000 RCX: 0000000000000046
00121 RDX: 0000000000000000 RSI: ffff8881907e82d0 RDI: ffff8881951c89c0
00121 RBP: ffff8881907e8240 R08: ffffffff83a16803 R09: 1ffffffff0742d00
00121 R10: dffffc0000000000 R11: fffffbfff0742d01 R12: ffff88816299ac00
00121 R13: dffffc0000000000 R14: 1ffff1102840f600 R15: 1ffff1102c53358f
00121 FS:  00007f25a6437940(0000) GS:ffff88831e8ae000(0000) knlGS:0000000000000000
00121 CS:  0010 DS: 0000 ES: 0000 CR0: 0000000080050033
00121 CR2: 0000556add0f6b40 CR3: 000000013fa36000 CR4: 0000000000750eb0
00121 PKRU: 55555554
00121 Call Trace:
00121  <TASK>
00121  ? local_object_create+0x109/0x640 [obdclass]
00121  ? dt_write_lock+0x16d/0x2a0 [obdclass]
00121  ? llog_osd_create+0x35b/0x12e0 [obdclass]
00121  ? register_lock_class+0x31/0x2c0
00121  ? llog_create+0x2ed/0x530 [obdclass]
00121  ? llog_cat_new_log+0x6c3/0x2c80 [obdclass]
00121  ? llog_cat_add_rec+0x6ba/0x1960 [obdclass]
00121  ? llog_cat_add+0x451/0x890 [obdclass]
00121  ? llog_test_12+0xfdb/0x2d90 [llog_test]
00121  ? llog_run_tests+0x443a/0x5ad0 [llog_test]
00121  ? get_random_u32+0x51/0x470
00121  ? llog_test_device_init+0x503/0x840 [llog_test]
00121  ? obd_setup+0x559/0x960 [obdclass]
00121  ? class_setup+0xc7d/0x10e0 [obdclass]
00121  ? class_process_config+0x2edb/0x7cb0 [obdclass]
00121  ? class_handle_ioctl+0x1f4d/0x3440 [obdclass]
00121  ? obd_class_ioctl+0x1f6/0x3c0 [obdclass]
00121  ? __x64_sys_ioctl+0x961/0xe00
00121  ? _copy_to_user+0x3d/0x60
00121  ? __x64_sys_rt_sigaction+0x107/0x140
00121  ? do_syscall_64+0xc1/0x350
00121  ? entry_SYSCALL_64_after_hwframe+0x4b/0x53
00121  </TASK>
00121 ---[ end trace 0000000000000000 ]---
00121 ------------[ cut here ]------------
00121 WARNING: /home/ktest/git/linux/include/linux/fs.h:889 at osd_create+0x9cf/0xcf0 [osd_wbcfs], CPU#9: lctl/2204
00121 Modules linked in: llog_test(O) mgs(O) osd_wbcfs(O) lustre(O) obdecho(O) mgc(O) mdc(O) lov(O) osc(O) lmv(O) ec(O) fid(O) fld(O) ptlrpc(O) efivarfs obdclass(O) ksocklnd(O) lnet(O) libcfs(O)
00121 CPU: 9 UID: 0 PID: 2204 Comm: lctl Tainted: G        W  O        7.0.0-ktest-cdd44aba84-7433349-20260709 #1 PREEMPT 
00121 Tainted: [W]=WARN, [O]=OOT_MODULE
00121 Hardware name: QEMU Standard PC (Q35 + ICH9, 2009), BIOS 2025.11-3ubuntu7 03/31/2026
00121 RIP: 0010:osd_create+0x9cf/0xcf0 [osd_wbcfs]
00121 Code: c7 c7 00 c6 7b a1 48 c7 c6 a0 42 7d a1 48 c7 c2 00 4c 7d a1 e8 82 ad 43 ff 48 c7 c7 00 c6 7b a1 e8 06 3b 44 ff e9 fe fc ff ff <0f> 0b e9 a5 fa ff ff 48 c7 c1 80 44 5d a0 80 e1 07 80 c1 03 38 c1
00121 RSP: 0018:ffffc90001d07520 EFLAGS: 00010246
00121 RAX: 0000000000000000 RBX: ffff88814207cc00 RCX: 0000000000000046
00121 RDX: 0000000000000000 RSI: ffff8881967ba648 RDI: ffff8881951c89c0
00121 RBP: ffff8881967ba5b8 R08: ffffffff83a16803 R09: 1ffffffff0742d00
00121 R10: dffffc0000000000 R11: fffffbfff0742d01 R12: ffff88816299ac00
00121 R13: dffffc0000000000 R14: 1ffff1102840f980 R15: 1ffff1102c53358f
00121 FS:  00007f25a6437940(0000) GS:ffff88831e8ae000(0000) knlGS:0000000000000000
00121 CS:  0010 DS: 0000 ES: 0000 CR0: 0000000080050033
00121 CR2: 0000556add0f6b40 CR3: 000000013fa36000 CR4: 0000000000750eb0
00121 PKRU: 55555554
00121 Call Trace:
00121  <TASK>
00121  ? local_object_create+0x109/0x640 [obdclass]
00121  ? dt_write_lock+0x16d/0x2a0 [obdclass]
00121  ? llog_osd_create+0x35b/0x12e0 [obdclass]
00121  ? register_lock_class+0x31/0x2c0
00121  ? llog_create+0x2ed/0x530 [obdclass]
00121  ? llog_cat_new_log+0x6c3/0x2c80 [obdclass]
00121  ? llog_cat_add_rec+0x6ba/0x1960 [obdclass]
00121  ? llog_cat_add+0x451/0x890 [obdclass]
00121  ? llog_test_12+0xfdb/0x2d90 [llog_test]
00121  ? llog_run_tests+0x443a/0x5ad0 [llog_test]
00121  ? get_random_u32+0x51/0x470
00121  ? llog_test_device_init+0x503/0x840 [llog_test]
00121  ? obd_setup+0x559/0x960 [obdclass]
00121  ? class_setup+0xc7d/0x10e0 [obdclass]
00121  ? class_process_config+0x2edb/0x7cb0 [obdclass]
00121  ? class_handle_ioctl+0x1f4d/0x3440 [obdclass]
00121  ? obd_class_ioctl+0x1f6/0x3c0 [obdclass]
00121  ? __x64_sys_ioctl+0x961/0xe00
00121  ? _copy_to_user+0x3d/0x60
00121  ? __x64_sys_rt_sigaction+0x107/0x140
00121  ? do_syscall_64+0xc1/0x350
00121  ? entry_SYSCALL_64_after_hwframe+0x4b/0x53
00121  </TASK>
00121 ---[ end trace 0000000000000000 ]---
00121 ------------[ cut here ]------------
00121 WARNING: /home/ktest/git/linux/include/linux/fs.h:889 at osd_create+0x9cf/0xcf0 [osd_wbcfs], CPU#10: lctl/2204
00121 Modules linked in: llog_test(O) mgs(O) osd_wbcfs(O) lustre(O) obdecho(O) mgc(O) mdc(O) lov(O) osc(O) lmv(O) ec(O) fid(O) fld(O) ptlrpc(O) efivarfs obdclass(O) ksocklnd(O) lnet(O) libcfs(O)
00121 CPU: 10 UID: 0 PID: 2204 Comm: lctl Tainted: G        W  O        7.0.0-ktest-cdd44aba84-7433349-20260709 #1 PREEMPT 
00121 Tainted: [W]=WARN, [O]=OOT_MODULE
00121 Hardware name: QEMU Standard PC (Q35 + ICH9, 2009), BIOS 2025.11-3ubuntu7 03/31/2026
00121 RIP: 0010:osd_create+0x9cf/0xcf0 [osd_wbcfs]
00121 Code: c7 c7 00 c6 7b a1 48 c7 c6 a0 42 7d a1 48 c7 c2 00 4c 7d a1 e8 82 ad 43 ff 48 c7 c7 00 c6 7b a1 e8 06 3b 44 ff e9 fe fc ff ff <0f> 0b e9 a5 fa ff ff 48 c7 c1 80 44 5d a0 80 e1 07 80 c1 03 38 c1
00121 RSP: 0018:ffffc90001d07520 EFLAGS: 00010246
00121 RAX: 0000000000000000 RBX: ffff888119333c00 RCX: 0000000000000046
00121 RDX: 0000000000000000 RSI: ffff8881967bfb68 RDI: ffff8881951c89c0
00121 RBP: ffff8881967bfad8 R08: ffffffff83a16803 R09: 1ffffffff0742d00
00121 R10: dffffc0000000000 R11: fffffbfff0742d01 R12: ffff88816299ac00
00121 R13: dffffc0000000000 R14: 1ffff11023266780 R15: 1ffff1102c53358f
00121 FS:  00007f25a6437940(0000) GS:ffff88831e92e000(0000) knlGS:0000000000000000
00121 CS:  0010 DS: 0000 ES: 0000 CR0: 0000000080050033
00121 CR2: 00007f51e7eee200 CR3: 000000013fa36000 CR4: 0000000000750eb0
00121 PKRU: 55555554
00121 Call Trace:
00121  <TASK>
00121  ? local_object_create+0x109/0x640 [obdclass]
00121  ? dt_write_lock+0x16d/0x2a0 [obdclass]
00121  ? llog_osd_create+0x35b/0x12e0 [obdclass]
00121  ? register_lock_class+0x31/0x2c0
00121  ? llog_create+0x2ed/0x530 [obdclass]
00121  ? llog_cat_new_log+0x6c3/0x2c80 [obdclass]
00121  ? llog_cat_add_rec+0x6ba/0x1960 [obdclass]
00121  ? llog_cat_add+0x451/0x890 [obdclass]
00121  ? llog_test_12+0xfdb/0x2d90 [llog_test]
00121  ? llog_run_tests+0x443a/0x5ad0 [llog_test]
00121  ? get_random_u32+0x51/0x470
00121  ? llog_test_device_init+0x503/0x840 [llog_test]
00121  ? obd_setup+0x559/0x960 [obdclass]
00121  ? class_setup+0xc7d/0x10e0 [obdclass]
00121  ? class_process_config+0x2edb/0x7cb0 [obdclass]
00121  ? class_handle_ioctl+0x1f4d/0x3440 [obdclass]
00121  ? obd_class_ioctl+0x1f6/0x3c0 [obdclass]
00121  ? __x64_sys_ioctl+0x961/0xe00
00121  ? _copy_to_user+0x3d/0x60
00121  ? __x64_sys_rt_sigaction+0x107/0x140
00121  ? do_syscall_64+0xc1/0x350
00121  ? entry_SYSCALL_64_after_hwframe+0x4b/0x53
00121  </TASK>
00121 ---[ end trace 0000000000000000 ]---
00121 ------------[ cut here ]------------
00121 WARNING: /home/ktest/git/linux/include/linux/fs.h:889 at osd_create+0x9cf/0xcf0 [osd_wbcfs], CPU#10: lctl/2204
00121 Modules linked in: llog_test(O) mgs(O) osd_wbcfs(O) lustre(O) obdecho(O) mgc(O) mdc(O) lov(O) osc(O) lmv(O) ec(O) fid(O) fld(O) ptlrpc(O) efivarfs obdclass(O) ksocklnd(O) lnet(O) libcfs(O)
00121 CPU: 10 UID: 0 PID: 2204 Comm: lctl Tainted: G        W  O        7.0.0-ktest-cdd44aba84-7433349-20260709 #1 PREEMPT 
00121 Tainted: [W]=WARN, [O]=OOT_MODULE
00121 Hardware name: QEMU Standard PC (Q35 + ICH9, 2009), BIOS 2025.11-3ubuntu7 03/31/2026
00121 RIP: 0010:osd_create+0x9cf/0xcf0 [osd_wbcfs]
00121 Code: c7 c7 00 c6 7b a1 48 c7 c6 a0 42 7d a1 48 c7 c2 00 4c 7d a1 e8 82 ad 43 ff 48 c7 c7 00 c6 7b a1 e8 06 3b 44 ff e9 fe fc ff ff <0f> 0b e9 a5 fa ff ff 48 c7 c1 80 44 5d a0 80 e1 07 80 c1 03 38 c1
00121 RSP: 0018:ffffc90001d07520 EFLAGS: 00010246
00121 RAX: 0000000000000000 RBX: ffff88823ced8000 RCX: 0000000000000046
00121 RDX: 0000000000000000 RSI: ffff8881967bf450 RDI: ffff8881951c89c0
00121 RBP: ffff8881967bf3c0 R08: ffffffff83a16803 R09: 1ffffffff0742d00
00121 R10: dffffc0000000000 R11: fffffbfff0742d01 R12: ffff88816299ac00
00121 R13: dffffc0000000000 R14: 1ffff110479db000 R15: 1ffff1102c53358f
00121 FS:  00007f25a6437940(0000) GS:ffff88831e92e000(0000) knlGS:0000000000000000
00121 CS:  0010 DS: 0000 ES: 0000 CR0: 0000000080050033
00121 CR2: 00007f51e7eee200 CR3: 000000013fa36000 CR4: 0000000000750eb0
00121 PKRU: 55555554
00121 Call Trace:
00121  <TASK>
00121  ? local_object_create+0x109/0x640 [obdclass]
00121  ? dt_write_lock+0x16d/0x2a0 [obdclass]
00121  ? llog_osd_create+0x35b/0x12e0 [obdclass]
00121  ? register_lock_class+0x31/0x2c0
00121  ? llog_create+0x2ed/0x530 [obdclass]
00121  ? llog_cat_new_log+0x6c3/0x2c80 [obdclass]
00121  ? llog_cat_add_rec+0x6ba/0x1960 [obdclass]
00121  ? llog_cat_add+0x451/0x890 [obdclass]
00121  ? llog_test_12+0xfdb/0x2d90 [llog_test]
00121  ? llog_run_tests+0x443a/0x5ad0 [llog_test]
00121  ? get_random_u32+0x51/0x470
00121  ? llog_test_device_init+0x503/0x840 [llog_test]
00121  ? obd_setup+0x559/0x960 [obdclass]
00121  ? class_setup+0xc7d/0x10e0 [obdclass]
00121  ? class_process_config+0x2edb/0x7cb0 [obdclass]
00121  ? class_handle_ioctl+0x1f4d/0x3440 [obdclass]
00121  ? obd_class_ioctl+0x1f6/0x3c0 [obdclass]
00121  ? __x64_sys_ioctl+0x961/0xe00
00121  ? _copy_to_user+0x3d/0x60
00121  ? __x64_sys_rt_sigaction+0x107/0x140
00121  ? do_syscall_64+0xc1/0x350
00121  ? entry_SYSCALL_64_after_hwframe+0x4b/0x53
00121  </TASK>
00121 ---[ end trace 0000000000000000 ]---
00121 ==================================================================
00121 BUG: KASAN: slab-out-of-bounds in llog_osd_next_block+0x13e1/0x3340 [obdclass]
00121 Read of size 4 at addr ffff88824185f136 by task lctl/2204
00121 
00121 CPU: 10 UID: 0 PID: 2204 Comm: lctl Tainted: G        W  O        7.0.0-ktest-cdd44aba84-7433349-20260709 #1 PREEMPT 
00121 Tainted: [W]=WARN, [O]=OOT_MODULE
00121 Hardware name: QEMU Standard PC (Q35 + ICH9, 2009), BIOS 2025.11-3ubuntu7 03/31/2026
00121 Call Trace:
00121  <TASK>
00121  dump_stack_lvl+0x52/0x80
00121  print_report+0xbc/0x260
00121  ? llog_osd_next_block+0x13e1/0x3340 [obdclass]
00121  kasan_report+0xa2/0xd0
00121  ? llog_osd_next_block+0x13e1/0x3340 [obdclass]
00121  llog_osd_next_block+0x13e1/0x3340 [obdclass]
00121  llog_process_thread+0xdd7/0x4f70 [obdclass]
00121  ? entry_SYSCALL_64_after_hwframe+0x4b/0x53
00121  ? task_work_add+0x177/0x210
00121  llog_process_or_fork+0x656/0xc90 [obdclass]
00121  ? llog_cat_process+0x30/0x30 [obdclass]
00121  llog_cat_process_or_fork+0x780/0xdb0 [obdclass]
00121  ? llog_cat_process+0x30/0x30 [obdclass]
00121  ? llog_cancel_rec_cb+0x450/0x450 [llog_test]
00121  llog_cat_process+0x24/0x30 [obdclass]
00121  llog_test_12+0xf58/0x2d90 [llog_test]
00121  llog_run_tests+0x443a/0x5ad0 [llog_test]
00121  ? get_random_u32+0x51/0x470
00121  llog_test_device_init+0x503/0x840 [llog_test]
00121  obd_setup+0x559/0x960 [obdclass]
00121  class_setup+0xc7d/0x10e0 [obdclass]
00121  class_process_config+0x2edb/0x7cb0 [obdclass]
00121  class_handle_ioctl+0x1f4d/0x3440 [obdclass]
00121  obd_class_ioctl+0x1f6/0x3c0 [obdclass]
00121  __x64_sys_ioctl+0x961/0xe00
00121  ? _copy_to_user+0x3d/0x60
00121  ? __x64_sys_rt_sigaction+0x107/0x140
00121  do_syscall_64+0xc1/0x350
00121  entry_SYSCALL_64_after_hwframe+0x4b/0x53
00121 RIP: 0033:0x7f25a6324e1d
00121 Code: 04 25 28 00 00 00 48 89 45 c8 31 c0 48 8d 45 10 c7 45 b0 10 00 00 00 48 89 45 b8 48 8d 45 d0 48 89 45 c0 b8 10 00 00 00 0f 05 <89> c2 3d 00 f0 ff ff 77 1a 48 8b 45 c8 64 48 2b 04 25 28 00 00 00
00121 RSP: 002b:00007fffe8749c80 EFLAGS: 00000246 ORIG_RAX: 0000000000000010
00121 RAX: ffffffffffffffda RBX: 00007f25a66a01f0 RCX: 00007f25a6324e1d
00121 RDX: 00007fffe8749f60 RSI: 00000000c00866b8 RDI: 0000000000000003
00121 RBP: 00007fffe8749cd0 R08: 00007fffe8749d20 R09: 00007fffe8749f60
00121 R10: 0000556ae905b910 R11: 0000000000000246 R12: 00007fffe8749f60
00121 R13: 0000556add0e6822 R14: 0000000000000000 R15: 00007fffe874bfe0
00121  </TASK>
00121 
00121 Allocated by task 2204:
00121  kasan_save_track+0x2f/0x60
00121  __kasan_kmalloc+0x72/0x80
00121  __kmalloc_noprof+0x1cd/0x4a0
00121  llog_process_thread+0x3db/0x4f70 [obdclass]
00121  llog_process_or_fork+0x656/0xc90 [obdclass]
00121  llog_cat_process_or_fork+0x780/0xdb0 [obdclass]
00121  llog_cat_process+0x24/0x30 [obdclass]
00121  llog_test_12+0x7dd/0x2d90 [llog_test]
00121  llog_run_tests+0x443a/0x5ad0 [llog_test]
00121  llog_test_device_init+0x503/0x840 [llog_test]
00121  obd_setup+0x559/0x960 [obdclass]
00121  class_setup+0xc7d/0x10e0 [obdclass]
00121  class_process_config+0x2edb/0x7cb0 [obdclass]
00121  class_handle_ioctl+0x1f4d/0x3440 [obdclass]
00121  obd_class_ioctl+0x1f6/0x3c0 [obdclass]
00121  __x64_sys_ioctl+0x961/0xe00
00121  do_syscall_64+0xc1/0x350
00121  entry_SYSCALL_64_after_hwframe+0x4b/0x53
00121 
00121 Freed by task 2204:
00121  kasan_save_track+0x2f/0x60
00121  kasan_save_free_info+0x40/0x50
00121  __kasan_slab_free+0x3a/0x60
00121  kfree+0x1b5/0x530
00121  llog_process_thread+0x41cd/0x4f70 [obdclass]
00121  llog_process_or_fork+0x656/0xc90 [obdclass]
00121  llog_cat_process_or_fork+0x780/0xdb0 [obdclass]
00121  llog_cat_process+0x24/0x30 [obdclass]
00121  llog_test_12+0x7dd/0x2d90 [llog_test]
00121  llog_run_tests+0x443a/0x5ad0 [llog_test]
00121  llog_test_device_init+0x503/0x840 [llog_test]
00121  obd_setup+0x559/0x960 [obdclass]
00121  class_setup+0xc7d/0x10e0 [obdclass]
00121  class_process_config+0x2edb/0x7cb0 [obdclass]
00121  class_handle_ioctl+0x1f4d/0x3440 [obdclass]
00121  obd_class_ioctl+0x1f6/0x3c0 [obdclass]
00121  __x64_sys_ioctl+0x961/0xe00
00121  do_syscall_64+0xc1/0x350
00121  entry_SYSCALL_64_after_hwframe+0x4b/0x53
00121 
00121 The buggy address belongs to the object at ffff88824185c000
00121  which belongs to the cache kmalloc-8k of size 8192
00121 The buggy address is located 4406 bytes to the right of
00121  allocated 8192-byte region [ffff88824185c000, ffff88824185e000)
00121 
00121 The buggy address belongs to the physical page:
00121 page: refcount:0 mapcount:0 mapping:0000000000000000 index:0x0 pfn:0x241858
00121 head: order:3 mapcount:0 entire_mapcount:0 nr_pages_mapped:0 pincount:0
00121 flags: 0x8000000000000040(head|zone=2)
00121 page_type: f5(slab)
00121 raw: 8000000000000040 ffff888100042e00 dead000000000122 0000000000000000
00121 raw: 0000000000000000 0000400000020002 00000000f5000000 ffff88824185a010
00121 head: 8000000000000040 ffff888100042e00 dead000000000122 0000000000000000
00121 head: 0000000000000000 0000400000020002 00000000f5000000 ffff88824185a010
00121 head: 8000000000000003 ffffea0009061601 00000000ffffffff 00000000ffffffff
00121 head: ffffffffffffffff 0000000000000000 00000000ffffffff 0000000000000008
00121 page dumped because: kasan: bad access detected
00121 
00121 Memory state around the buggy address:
00121  ffff88824185f000: fc fc fc fc fc fc fc fc fc fc fc fc fc fc fc fc
00121  ffff88824185f080: fc fc fc fc fc fc fc fc fc fc fc fc fc fc fc fc
00121 >ffff88824185f100: fc fc fc fc fc fc fc fc fc fc fc fc fc fc fc fc
00121                                      ^
00121  ffff88824185f180: fc fc fc fc fc fc fc fc fc fc fc fc fc fc fc fc
00121  ffff88824185f200: fc fc fc fc fc fc fc fc fc fc fc fc fc fc fc fc
00121 ==================================================================
00121 Disabling lock debugging due to kernel taint
00121 Lustre: 2204:0:(llog_test.c:2464:llog_test_12()) 12: put newly-created catalog
00121 Lustre: 2204:0:(llog_test.c:2532:llog_test_13()) 13a: create a catalog log with name: d7c91767
00121 Lustre: 2204:0:(llog_test.c:2548:llog_test_13()) 13b: write 1 record into the catalog
00121 LustreError: 2204:0:(llog_test.c:2559:llog_test_13()) 13b: found 8 plain llogs
00121 Lustre: 2204:0:(llog_test.c:2561:llog_test_13()) 13c: erase plain llog
00121 LustreError: 2204:0:(llog_cat.c:404:llog_cat_id2handle()) MGS: error opening log id [0x1:0x4f:0x0]: rc = -2
00121 Lustre: 2204:0:(llog_test.c:2581:llog_test_13()) 13d: forward process: found=1708 rc=0
00121 Lustre: 2204:0:(llog_test.c:2585:llog_test_13()) 13e: erase another plain llog
00121 Lustre: 2204:0:(llog_test.c:2605:llog_test_13()) 13e: backward process: found=1367 rc=0
00121 Lustre: 2204:0:(llog_test.c:2608:llog_test_13()) 13f: put newly-created catalog
00126 ========= FAILED TIMEOUT llog-unit in 240s
Error 1 at /home/ktest/ktest/lib/libktest.sh 587 from: "$ktest_dir/lib/supervisor" -S -F -T "$ktest_timeout" -b "$test_basename" -o "$test_logdir" -f "$test_basename.$(date -Iseconds).log" -- "${qemu_cmd[@]}", exiting
Error 1 at ./qlkbuild 195 from: "$ktest_dir/lib/supervisor" -S -F -T "$ktest_timeout" -b "$test_basename" -o "$test_logdir" -f "$test_basename.$(date -Iseconds).log" -- "${qemu_cmd[@]}", exiting
Error 1 at ./qlkbuild 1005 from: "$ktest_dir/lib/supervisor" -S -F -T "$ktest_timeout" -b "$test_basename" -o "$test_logdir" -f "$test_basename.$(date -Iseconds).log" -- "${qemu_cmd[@]}", exiting
