CLI: ./podman-ktest --podman-socket unix:///run/podman/podman.sock --shared-filesystem /tmp --tarball-input job distro --output /var/www/ci-lustre/upstream-patch-review --git-hash ce2aeca471f8091f60f61055b7e97c455de44c77_distro --change-id master-next_ce2aeca471f8091f60f61055b7e97c455de44c77_distro --subject [distro] Staging branch for new changes

Environment validated successfully
Note: custom LLVM is not synced in tarball input mode
Creating lustre tarball at /tmp/ktest-lustre.tar.gz...
Creating ZFS tarball at /tmp/ktest-zfs.tar.gz...
Executing 14 jobs
Jobs will start as soon as their dependencies are satisfied
Using tarball input mode

START rocky8:rocky8 build tests/fs/lustre/boot.ktest
START u24-pkg:u24-pkg package tests/fs/lustre/boot.ktest
START rocky10-pkg:rocky10-pkg package tests/fs/lustre/boot.ktest
START rocky9:rocky9 build tests/fs/lustre/boot.ktest
START u26:u26 build tests/fs/lustre/boot.ktest
START al2023-pkg:al2023-pkg package tests/fs/lustre/boot.ktest
START al2-pkg:al2-pkg package tests/fs/lustre/boot.ktest
START rocky8-pkg:rocky8-pkg package tests/fs/lustre/boot.ktest
START rocky10:rocky10 build tests/fs/lustre/boot.ktest
START rocky9-pkg:rocky9-pkg package tests/fs/lustre/boot.ktest
START u26-pkg:u26-pkg package tests/fs/lustre/boot.ktest
START al2:al2 build tests/fs/lustre/boot.ktest
START al2023:al2023 build tests/fs/lustre/boot.ktest
START u24:u24 build tests/fs/lustre/boot.ktest
PUT /tmp/ktest-lustre.tar.gz 2s
PUT /tmp/ktest-lustre.tar.gz 1s
PUT /tmp/ktest-lustre.tar.gz 2s
PUT /tmp/ktest-lustre.tar.gz 2s
PUT /tmp/ktest-lustre.tar.gz 2s
PUT /tmp/ktest-lustre.tar.gz 1s
PUT /tmp/ktest-lustre.tar.gz 1s
PUT /tmp/ktest-lustre.tar.gz 1s
PUT /tmp/ktest-lustre.tar.gz 2s
PUT /tmp/ktest-lustre.tar.gz 2s
END u24-pkg:u24-pkg package tests/fs/lustre/boot.ktest FAIL 27s (exit code: 2)
PUT /tmp/ktest-lustre.tar.gz 2s
END rocky10:rocky10 build tests/fs/lustre/boot.ktest FAIL 31s (exit code: 2)
PUT /tmp/ktest-lustre.tar.gz 2s
END al2-pkg:al2-pkg package tests/fs/lustre/boot.ktest FAIL 34s (exit code: 2)
PUT /tmp/ktest-lustre.tar.gz 2s
END al2023-pkg:al2023-pkg package tests/fs/lustre/boot.ktest FAIL 45s (exit code: 2)
PUT /tmp/ktest-lustre.tar.gz 4s
END rocky8:rocky8 build tests/fs/lustre/boot.ktest PASS 68s
END u26:u26 build tests/fs/lustre/boot.ktest PASS 90s
END al2:al2 build tests/fs/lustre/boot.ktest FAIL 134s (exit code: 2)
END rocky9:rocky9 build tests/fs/lustre/boot.ktest PASS 166s
END al2023:al2023 build tests/fs/lustre/boot.ktest PASS 154s
END u24:u24 build tests/fs/lustre/boot.ktest PASS 146s
END rocky8-pkg:rocky8-pkg package tests/fs/lustre/boot.ktest PASS 216s
END rocky9-pkg:rocky9-pkg package tests/fs/lustre/boot.ktest PASS 223s
END rocky10-pkg:rocky10-pkg package tests/fs/lustre/boot.ktest PASS 227s
END u26-pkg:u26-pkg package tests/fs/lustre/boot.ktest PASS 268s

============================================================
Final Results:
  al2:al2: FAIL (134s) (log: /var/www/ci-lustre/upstream-patch-review/ce2aeca471f8091f60f61055b7e97c455de44c77_distro_al2:al2.log)
  al2-pkg:al2-pkg: FAIL (34s) (log: /var/www/ci-lustre/upstream-patch-review/ce2aeca471f8091f60f61055b7e97c455de44c77_distro_al2-pkg:al2-pkg.log)
  al2023:al2023: PASS (154s) (log: /var/www/ci-lustre/upstream-patch-review/ce2aeca471f8091f60f61055b7e97c455de44c77_distro_al2023:al2023.log)
  al2023-pkg:al2023-pkg: FAIL (45s) (log: /var/www/ci-lustre/upstream-patch-review/ce2aeca471f8091f60f61055b7e97c455de44c77_distro_al2023-pkg:al2023-pkg.log)
  rocky8:rocky8: PASS (68s) (log: /var/www/ci-lustre/upstream-patch-review/ce2aeca471f8091f60f61055b7e97c455de44c77_distro_rocky8:rocky8.log)
  rocky8-pkg:rocky8-pkg: PASS (216s) (log: /var/www/ci-lustre/upstream-patch-review/ce2aeca471f8091f60f61055b7e97c455de44c77_distro_rocky8-pkg:rocky8-pkg.log)
  rocky9:rocky9: PASS (166s) (log: /var/www/ci-lustre/upstream-patch-review/ce2aeca471f8091f60f61055b7e97c455de44c77_distro_rocky9:rocky9.log)
  rocky9-pkg:rocky9-pkg: PASS (223s) (log: /var/www/ci-lustre/upstream-patch-review/ce2aeca471f8091f60f61055b7e97c455de44c77_distro_rocky9-pkg:rocky9-pkg.log)
  rocky10:rocky10: FAIL (31s) (log: /var/www/ci-lustre/upstream-patch-review/ce2aeca471f8091f60f61055b7e97c455de44c77_distro_rocky10:rocky10.log)
  rocky10-pkg:rocky10-pkg: PASS (227s) (log: /var/www/ci-lustre/upstream-patch-review/ce2aeca471f8091f60f61055b7e97c455de44c77_distro_rocky10-pkg:rocky10-pkg.log)
  u24:u24: PASS (146s) (log: /var/www/ci-lustre/upstream-patch-review/ce2aeca471f8091f60f61055b7e97c455de44c77_distro_u24:u24.log)
  u24-pkg:u24-pkg: FAIL (27s) (log: /var/www/ci-lustre/upstream-patch-review/ce2aeca471f8091f60f61055b7e97c455de44c77_distro_u24-pkg:u24-pkg.log)
  u26:u26: PASS (90s) (log: /var/www/ci-lustre/upstream-patch-review/ce2aeca471f8091f60f61055b7e97c455de44c77_distro_u26:u26.log)
  u26-pkg:u26-pkg: PASS (268s) (log: /var/www/ci-lustre/upstream-patch-review/ce2aeca471f8091f60f61055b7e97c455de44c77_distro_u26-pkg:u26-pkg.log)

Total execution time: 303s
