Repository: /home/ktest/git/lustre-release

============================================================
                 Top Contributors (Names)
============================================================

=== Last month (since 1 month ago) ===
     31 Timothy Day
     13 Andreas Dilger
     10 Chris Horn
      9 Sohei Koyama
      9 Shaun Tancheff
      9 Arshad Hussain
      7 Ronnie Sahlberg
      7 Oleg Drokin
      7 Marc Vef
      7 James Simmons

=== Last 3 months (since 3 months ago) ===
     66 Andreas Dilger
     59 Timothy Day
     33 Arshad Hussain
     25 Shaun Tancheff
     21 Patrick Farrell
     20 James Simmons
     20 Alex Zhuravlev
     16 Chris Horn
     15 Jian Yu
     14 Sohei Koyama

=== Last year (since 1 year ago) ===
    151 Arshad Hussain
    146 Andreas Dilger
    127 Timothy Day
     71 Alex Zhuravlev
     70 Shaun Tancheff
     58 Jian Yu
     56 Sebastien Buisson
     54 James Simmons
     52 Marc Vef
     52 Chris Horn

=== Last 3 years (since 3 years ago) ===
    408 Arshad Hussain
    380 Timothy Day
    323 Andreas Dilger
    238 Shaun Tancheff
    191 James Simmons
    190 Sebastien Buisson
    177 Jian Yu
    175 Patrick Farrell
    172 Alex Zhuravlev
    115 Chris Horn


============================================================
          Top Contributors by Email Domain
============================================================

=== Last month (since 1 month ago) ===
     52 thelustrecollective.com
     38 whamcloud.com
     34 ddn.com
     14 hpe.com
      9 aeoncomputing.com
      8 google.com
      7 infradead.org
      3 gmail.com
      2 amazon.com
      1 nvidia.com

=== Last 3 months (since 3 months ago) ===
    137 thelustrecollective.com
    116 whamcloud.com
     96 ddn.com
     40 hpe.com
     33 aeoncomputing.com
     20 infradead.org
     12 amazon.com
     10 google.com
     10 gmail.com
      5 nvidia.com

=== Last year (since 1 year ago) ===
    436 whamcloud.com
    219 ddn.com
    183 thelustrecollective.com
    155 hpe.com
    151 aeoncomputing.com
     87 amazon.com
     54 infradead.org
     17 gmail.com
     15 nvidia.com
     13 google.com

=== Last 3 years (since 3 years ago) ===
   1365 whamcloud.com
    536 ddn.com
    524 hpe.com
    408 aeoncomputing.com
    345 amazon.com
    191 infradead.org
    186 thelustrecollective.com
     55 cea.fr
     44 nvidia.com
     40 oracle.com


============================================================
                 Top Reviewers (Names)
============================================================

=== Last month (since 1 month ago) ===
    129 Oleg Drokin
     85 Andreas Dilger
     41 James Simmons
     20 Shaun Tancheff
     19 Arshad Hussain
     15 Timothy Day
     15 Sebastien Buisson
     11 Marc Vef
     10 Jian Yu
      8 Chris Horn

=== Last 3 months (since 3 months ago) ===
    444 Oleg Drokin
    285 Andreas Dilger
    116 James Simmons
     82 Arshad Hussain
     44 Shaun Tancheff
     44 Marc Vef
     42 Jian Yu
     38 Timothy Day
     37 Sebastien Buisson
     30 Alex Zhuravlev

=== Last year (since 1 year ago) ===
   1297 Oleg Drokin
    859 Andreas Dilger
    342 James Simmons
    202 Arshad Hussain
    127 Marc Vef
    123 Timothy Day
    118 Jian Yu
    112 Sebastien Buisson
    100 Anjus George
     98 Shaun Tancheff

=== Last 3 years (since 3 years ago) ===
   3708 Oleg Drokin
   2441 Andreas Dilger
    960 James Simmons
    536 Arshad Hussain
    464 Timothy Day
    306 Jian Yu
    258 Sebastien Buisson
    241 Shaun Tancheff
    180 Marc Vef
    180 Chris Horn


============================================================
           Top Reviewers by Email Domain
============================================================

=== Last month (since 1 month ago) ===
    177 whamcloud.com
    106 thelustrecollective.com
     43 ddn.com
     41 infradead.org
     28 hpe.com
     19 aeoncomputing.com
      5 ornl.gov
      5 gmail.com
      2 google.com
      2 amazon.com

=== Last 3 months (since 3 months ago) ===
    629 whamcloud.com
    349 thelustrecollective.com
    133 ddn.com
    116 infradead.org
     82 aeoncomputing.com
     73 hpe.com
     17 ornl.gov
      9 gmail.com
      9 amazon.com
      6 google.com

=== Last year (since 1 year ago) ===
   2116 whamcloud.com
    710 thelustrecollective.com
    342 infradead.org
    334 ddn.com
    232 hpe.com
    202 aeoncomputing.com
    100 ornl.gov
     92 amazon.com
     43 dilger.ca
     25 gmail.com

=== Last 3 years (since 3 years ago) ===
   7174 whamcloud.com
    997 infradead.org
    862 hpe.com
    847 ddn.com
    710 thelustrecollective.com
    536 aeoncomputing.com
    461 amazon.com
    134 ornl.gov
     97 nvidia.com
     68 suse.de

