CLI: ./podman-ktest --podman-socket unix:///run/podman/podman.sock --shared-filesystem /tmp --tarball-input job lustre-ci --output /var/www/ci-lustre/upstream-patch-review --git-hash cef1fa43acaad62df68a387eb1e1948e425bf085 --change-id 66699_cef1fa43acaad62df68a387eb1e1948e425bf085 --subject LU-14291 llog: test if dt_device not an ERR_PTR

  Checking /dev/kvm exists... OK
  Checking /dev/kvm permissions... OK
  Creating ccache directory... OK
  Checking ccache directory writable... OK
  Creating package output directory... OK

Environment validated successfully
Creating kernel tarball at /tmp/ktest-kernel.tar.gz...
Creating lustre tarball at /tmp/ktest-lustre.tar.gz...
Creating ZFS tarball at /tmp/ktest-zfs.tar.gz...
Executing 13 jobs
Jobs will start as soon as their dependencies are satisfied
Using tarball input mode

START lustre_mainline_strict build tests/fs/lustre/boot-strict.ktest
START u24 build tests/fs/lustre/boot.ktest
START lustre_mainline build tests/fs/lustre/boot.ktest
START al2023 build tests/fs/lustre/boot.ktest
START checkpatch tool checkpatch
START lustre_mainline_native build tests/fs/lustre/boot.ktest
PUT /tmp/ktest-lustre.tar.gz 1s
PUT /tmp/ktest-lustre.tar.gz 1s
PUT /tmp/ktest-kernel.tar.gz 6s
PUT /tmp/ktest-kernel.tar.gz 6s
PUT /tmp/ktest-kernel.tar.gz 6s
PUT /tmp/ktest-kernel.tar.gz 7s
PUT /tmp/ktest-lustre.tar.gz 2s
PUT /tmp/ktest-lustre.tar.gz 2s
PUT /tmp/ktest-lustre.tar.gz 2s
PUT /tmp/ktest-lustre.tar.gz 2s
PUT /tmp/ktest-zfs.tar.gz 0s
PUT /tmp/ktest-zfs.tar.gz 0s
PUT /tmp/ktest-zfs.tar.gz 0s
END checkpatch tool checkpatch PASS 11s
END al2023 build tests/fs/lustre/boot.ktest PASS 62s
END u24 build tests/fs/lustre/boot.ktest PASS 65s
GET /tmp/ktest_lustre_mainline_strict_w5cju6sb.tar 7s
END lustre_mainline_strict build tests/fs/lustre/boot-strict.ktest FAIL 141s (exit code: 1)
GET /tmp/ktest_lustre_mainline_native_v1p2fw67.tar 0s
GET /tmp/ktest_lustre_mainline_7cbl0bn8.tar 0s
END lustre_mainline_native build tests/fs/lustre/boot.ktest PASS 143s
START boot run tests/fs/lustre/boot.ktest
START llmount run tests/fs/lustre/llmount.ktest
START mgs-setup run tests/fs/lustre/mgs-setup.ktest
START sanity-1 run tests/fs/lustre/sanity/sanity-1.ktest
START sanity-2 run tests/fs/lustre/sanity/sanity-2.ktest
START sanity-3 run tests/fs/lustre/sanity/sanity-3.ktest
START sanity-4 run tests/fs/lustre/sanity/sanity-4.ktest
END lustre_mainline build tests/fs/lustre/boot.ktest PASS 144s
PUT /tmp/ktest-kernel.tar.gz 11s
PUT /tmp/ktest-kernel.tar.gz 11s
PUT /tmp/ktest-kernel.tar.gz 11s
PUT /tmp/ktest-kernel.tar.gz 11s
PUT /tmp/ktest-kernel.tar.gz 11s
PUT /tmp/ktest-kernel.tar.gz 12s
PUT /tmp/ktest-kernel.tar.gz 12s
PUT /tmp/ktest-lustre.tar.gz 3s
PUT /tmp/ktest-lustre.tar.gz 3s
PUT /tmp/ktest-lustre.tar.gz 3s
PUT /tmp/ktest-lustre.tar.gz 3s
PUT /tmp/ktest-lustre.tar.gz 3s
PUT /tmp/ktest-lustre.tar.gz 3s
PUT /tmp/ktest-lustre.tar.gz 4s
PUT /tmp/ktest_lustre_mainline_native_v1p2fw67.tar 0s
PUT /tmp/ktest_lustre_mainline_native_v1p2fw67.tar 0s
PUT /tmp/ktest_lustre_mainline_native_v1p2fw67.tar 0s
PUT /tmp/ktest_lustre_mainline_native_v1p2fw67.tar 0s
PUT /tmp/ktest_lustre_mainline_native_v1p2fw67.tar 0s
PUT /tmp/ktest_lustre_mainline_native_v1p2fw67.tar 0s
PUT /tmp/ktest_lustre_mainline_native_v1p2fw67.tar 0s
END boot run tests/fs/lustre/boot.ktest PASS 23s
END mgs-setup run tests/fs/lustre/mgs-setup.ktest PASS 33s
END sanity-4 run tests/fs/lustre/sanity/sanity-4.ktest PASS 59s
END sanity-2 run tests/fs/lustre/sanity/sanity-2.ktest PASS 61s
END sanity-1 run tests/fs/lustre/sanity/sanity-1.ktest PASS 62s
END llmount run tests/fs/lustre/llmount.ktest PASS 100s
END sanity-3 run tests/fs/lustre/sanity/sanity-3.ktest PASS 102s

============================================================
Final Results:
  checkpatch: PASS (11s) (log: /var/www/ci-lustre/upstream-patch-review/cef1fa43acaad62df68a387eb1e1948e425bf085_checkpatch.log)
  u24: PASS (65s) (log: /var/www/ci-lustre/upstream-patch-review/cef1fa43acaad62df68a387eb1e1948e425bf085_u24.log)
  al2023: PASS (62s) (log: /var/www/ci-lustre/upstream-patch-review/cef1fa43acaad62df68a387eb1e1948e425bf085_al2023.log)
  lustre_mainline_strict: FAIL (141s) (log: /var/www/ci-lustre/upstream-patch-review/cef1fa43acaad62df68a387eb1e1948e425bf085_lustre_mainline_strict.log)
  lustre_mainline: PASS (144s) (log: /var/www/ci-lustre/upstream-patch-review/cef1fa43acaad62df68a387eb1e1948e425bf085_lustre_mainline.log)
  lustre_mainline_native: PASS (143s) (log: /var/www/ci-lustre/upstream-patch-review/cef1fa43acaad62df68a387eb1e1948e425bf085_lustre_mainline_native.log)
  boot: PASS (23s) (log: /var/www/ci-lustre/upstream-patch-review/cef1fa43acaad62df68a387eb1e1948e425bf085_boot.log)
  llmount: PASS (100s) (log: /var/www/ci-lustre/upstream-patch-review/cef1fa43acaad62df68a387eb1e1948e425bf085_llmount.log)
  mgs-setup: PASS (33s) (log: /var/www/ci-lustre/upstream-patch-review/cef1fa43acaad62df68a387eb1e1948e425bf085_mgs-setup.log)
  sanity-1: PASS (62s) (log: /var/www/ci-lustre/upstream-patch-review/cef1fa43acaad62df68a387eb1e1948e425bf085_sanity-1.log)
  sanity-2: PASS (61s) (log: /var/www/ci-lustre/upstream-patch-review/cef1fa43acaad62df68a387eb1e1948e425bf085_sanity-2.log)
  sanity-3: PASS (102s) (log: /var/www/ci-lustre/upstream-patch-review/cef1fa43acaad62df68a387eb1e1948e425bf085_sanity-3.log)
  sanity-4: PASS (59s) (log: /var/www/ci-lustre/upstream-patch-review/cef1fa43acaad62df68a387eb1e1948e425bf085_sanity-4.log)

Total execution time: 273s
