CLI: ./podman-ktest --podman-socket unix:///run/podman/podman.sock --shared-filesystem /tmp --tarball-input job lustre-ci --output /var/www/ci-lustre/upstream-patch-review --git-hash cf20da85418cab687965e66f366141e4ff4c1a4c --change-id 65668_cf20da85418cab687965e66f366141e4ff4c1a4c --subject LU-11433 lnet: move wire constant checks into wiretest.c

  Checking /dev/kvm exists... OK
  Checking /dev/kvm permissions... OK
  Creating ccache directory... OK
  Checking ccache directory writable... OK

Environment validated successfully
Creating kernel tarball at /tmp/ktest-kernel.tar.gz...
Creating lustre tarball at /tmp/ktest-lustre.tar.gz...
Executing 16 jobs
Jobs will start as soon as their dependencies are satisfied
Using tarball input mode

START lustre_mainline build tests/fs/lustre/boot.ktest
START u24 build tests/fs/lustre/boot.ktest
START checkpatch tool checkpatch
START lustre_mainline_native build tests/fs/lustre/boot.ktest
START al2023 build tests/fs/lustre/boot.ktest
START lustre_mainline_strict build tests/fs/lustre/boot-strict.ktest
PUT /tmp/ktest-lustre.tar.gz 1s
PUT /tmp/ktest-lustre.tar.gz 1s
PUT /tmp/ktest-kernel.tar.gz 6s
PUT /tmp/ktest-kernel.tar.gz 6s
PUT /tmp/ktest-kernel.tar.gz 6s
PUT /tmp/ktest-kernel.tar.gz 6s
PUT /tmp/ktest-lustre.tar.gz 1s
PUT /tmp/ktest-lustre.tar.gz 1s
PUT /tmp/ktest-lustre.tar.gz 1s
PUT /tmp/ktest-lustre.tar.gz 1s
END checkpatch tool checkpatch FAIL 10s (exit code: 1)
END al2023 build tests/fs/lustre/boot.ktest FAIL 50s (exit code: 2)
END u24 build tests/fs/lustre/boot.ktest FAIL 55s (exit code: 2)
GET /tmp/ktest_lustre_mainline_524oa224.tar 7s
GET /tmp/ktest_lustre_mainline_native_q775gifz.tar 7s
GET /tmp/ktest_lustre_mainline_strict_wroy602f.tar 7s
END lustre_mainline build tests/fs/lustre/boot.ktest FAIL 116s (exit code: 1)
END lustre_mainline_native build tests/fs/lustre/boot.ktest FAIL 117s (exit code: 1)
END lustre_mainline_strict build tests/fs/lustre/boot-strict.ktest FAIL 118s (exit code: 1)

============================================================
Final Results:
  checkpatch: FAIL (10s) (log: /var/www/ci-lustre/upstream-patch-review/cf20da85418cab687965e66f366141e4ff4c1a4c_checkpatch.log)
  u24: FAIL (55s) (log: /var/www/ci-lustre/upstream-patch-review/cf20da85418cab687965e66f366141e4ff4c1a4c_u24.log)
  al2023: FAIL (50s) (log: /var/www/ci-lustre/upstream-patch-review/cf20da85418cab687965e66f366141e4ff4c1a4c_al2023.log)
  lustre_mainline_strict: FAIL (118s) (log: /var/www/ci-lustre/upstream-patch-review/cf20da85418cab687965e66f366141e4ff4c1a4c_lustre_mainline_strict.log)
  lustre_mainline: FAIL (116s) (log: /var/www/ci-lustre/upstream-patch-review/cf20da85418cab687965e66f366141e4ff4c1a4c_lustre_mainline.log)
  lustre_mainline_native: FAIL (117s) (log: /var/www/ci-lustre/upstream-patch-review/cf20da85418cab687965e66f366141e4ff4c1a4c_lustre_mainline_native.log)
  clang-tidy: SKIPPED (due to dependency failure)
  cc-plugin: SKIPPED (due to dependency failure)
  boot: SKIPPED (due to dependency failure)
  llmount: SKIPPED (due to dependency failure)
  llog-unit: SKIPPED (due to dependency failure)
  mgs-setup: SKIPPED (due to dependency failure)
  sanity-1: SKIPPED (due to dependency failure)
  sanity-2: SKIPPED (due to dependency failure)
  sanity-3: SKIPPED (due to dependency failure)
  sanity-4: SKIPPED (due to dependency failure)

Total execution time: 149s
