CLI: ./podman-ktest --podman-socket unix:///run/podman/podman.sock --shared-filesystem /tmp --tarball-input job lustre-ci --output /var/www/ci-lustre/upstream-patch-review --git-hash d08520708e91716e4b7eb53a3e3d0710c57f072a --change-id 61980_d08520708e91716e4b7eb53a3e3d0710c57f072a --subject LU-19079 ssk: mount-point specific key

  Checking /dev/kvm exists... OK
  Checking /dev/kvm permissions... OK
  Creating ccache directory... OK
  Checking ccache directory writable... OK

Environment validated successfully
Creating kernel tarball at /tmp/ktest-kernel.tar.gz...
Creating lustre tarball at /tmp/ktest-lustre.tar.gz...
Executing 16 jobs
Jobs will start as soon as their dependencies are satisfied
Using tarball input mode

START lustre_al2023 build tests/fs/lustre/boot.ktest
START lustre_u24 build tests/fs/lustre/boot.ktest
START checkpatch tool checkpatch
START lustre_mainline_native build tests/fs/lustre/boot.ktest
START lustre_mainline_strict build tests/fs/lustre/boot-strict.ktest
START lustre_mainline build tests/fs/lustre/boot.ktest
PUT /tmp/ktest-kernel.tar.gz 7s
PUT /tmp/ktest-kernel.tar.gz 7s
PUT /tmp/ktest-kernel.tar.gz 7s
PUT /tmp/ktest-kernel.tar.gz 8s
PUT /tmp/ktest-kernel.tar.gz 8s
PUT /tmp/ktest-kernel.tar.gz 8s
PUT /tmp/ktest-lustre.tar.gz 2s
PUT /tmp/ktest-lustre.tar.gz 2s
PUT /tmp/ktest-lustre.tar.gz 1s
PUT /tmp/ktest-lustre.tar.gz 2s
PUT /tmp/ktest-lustre.tar.gz 2s
PUT /tmp/ktest-lustre.tar.gz 2s
END checkpatch tool checkpatch FAIL 13s (exit code: 1)
END lustre_al2023 build tests/fs/lustre/boot.ktest PASS 68s
END lustre_u24 build tests/fs/lustre/boot.ktest PASS 75s
GET /tmp/ktest_lustre_mainline_strict_k6gae7c8.tar 4s
END lustre_mainline_strict build tests/fs/lustre/boot-strict.ktest FAIL 112s (exit code: 1)
GET /tmp/ktest_lustre_mainline_native_w95th26s.tar 3s
GET /tmp/ktest_lustre_mainline_q_mohn57.tar 3s
END lustre_mainline_native build tests/fs/lustre/boot.ktest PASS 121s
START clang-tidy tool clang-tidy
START cc-plugin tool cc-plugin
START boot run tests/fs/lustre/boot.ktest
START llmount run tests/fs/lustre/llmount.ktest
START llog-unit run tests/fs/lustre/llog-unit.ktest
START mgs-setup run tests/fs/lustre/mgs-setup.ktest
START sanity-1 run tests/fs/lustre/sanity/sanity-1.ktest
START sanity-2 run tests/fs/lustre/sanity/sanity-2.ktest
START sanity-3 run tests/fs/lustre/sanity/sanity-3.ktest
START sanity-4 run tests/fs/lustre/sanity/sanity-4.ktest
END lustre_mainline build tests/fs/lustre/boot.ktest PASS 122s
PUT /tmp/ktest-kernel.tar.gz 9s
PUT /tmp/ktest-kernel.tar.gz 11s
PUT /tmp/ktest_lustre_mainline_native_w95th26s.tar 13s
PUT /tmp/ktest_lustre_mainline_native_w95th26s.tar 13s
PUT /tmp/ktest_lustre_mainline_native_w95th26s.tar 13s
PUT /tmp/ktest_lustre_mainline_native_w95th26s.tar 13s
PUT /tmp/ktest_lustre_mainline_native_w95th26s.tar 13s
PUT /tmp/ktest_lustre_mainline_native_w95th26s.tar 13s
PUT /tmp/ktest_lustre_mainline_native_w95th26s.tar 13s
PUT /tmp/ktest_lustre_mainline_native_w95th26s.tar 13s
PUT /tmp/ktest-lustre.tar.gz 4s
PUT /tmp/ktest-lustre.tar.gz 28s
PUT /tmp/ktest_lustre_mainline_native_w95th26s.tar 27s
END cc-plugin tool cc-plugin FAIL 45s (exit code: 127)
PUT /tmp/ktest_lustre_mainline_native_w95th26s.tar 5s
END boot run tests/fs/lustre/boot.ktest PASS 60s
END clang-tidy tool clang-tidy PASS 67s
END mgs-setup run tests/fs/lustre/mgs-setup.ktest PASS 78s
END sanity-3 run tests/fs/lustre/sanity/sanity-3.ktest PASS 82s
END sanity-4 run tests/fs/lustre/sanity/sanity-4.ktest PASS 92s
END sanity-1 run tests/fs/lustre/sanity/sanity-1.ktest PASS 95s
END sanity-2 run tests/fs/lustre/sanity/sanity-2.ktest PASS 102s
END llog-unit run tests/fs/lustre/llog-unit.ktest PASS 154s
END llmount run tests/fs/lustre/llmount.ktest PASS 154s

============================================================
Final Results:
  checkpatch: FAIL (13s) (log: /var/www/ci-lustre/upstream-patch-review/d08520708e91716e4b7eb53a3e3d0710c57f072a_checkpatch.log)
  lustre_u24: PASS (75s) (log: /var/www/ci-lustre/upstream-patch-review/d08520708e91716e4b7eb53a3e3d0710c57f072a_lustre_u24.log)
  lustre_al2023: PASS (68s) (log: /var/www/ci-lustre/upstream-patch-review/d08520708e91716e4b7eb53a3e3d0710c57f072a_lustre_al2023.log)
  lustre_mainline_strict: FAIL (112s) (log: /var/www/ci-lustre/upstream-patch-review/d08520708e91716e4b7eb53a3e3d0710c57f072a_lustre_mainline_strict.log)
  lustre_mainline: PASS (122s) (log: /var/www/ci-lustre/upstream-patch-review/d08520708e91716e4b7eb53a3e3d0710c57f072a_lustre_mainline.log)
  lustre_mainline_native: PASS (121s) (log: /var/www/ci-lustre/upstream-patch-review/d08520708e91716e4b7eb53a3e3d0710c57f072a_lustre_mainline_native.log)
  clang-tidy: PASS (67s) (log: /var/www/ci-lustre/upstream-patch-review/d08520708e91716e4b7eb53a3e3d0710c57f072a_clang-tidy.log)
  cc-plugin: FAIL (45s) (log: /var/www/ci-lustre/upstream-patch-review/d08520708e91716e4b7eb53a3e3d0710c57f072a_cc-plugin.log)
  boot: PASS (60s) (log: /var/www/ci-lustre/upstream-patch-review/d08520708e91716e4b7eb53a3e3d0710c57f072a_boot.log)
  llmount: PASS (154s) (log: /var/www/ci-lustre/upstream-patch-review/d08520708e91716e4b7eb53a3e3d0710c57f072a_llmount.log)
  llog-unit: PASS (154s) (log: /var/www/ci-lustre/upstream-patch-review/d08520708e91716e4b7eb53a3e3d0710c57f072a_llog-unit.log)
  mgs-setup: PASS (78s) (log: /var/www/ci-lustre/upstream-patch-review/d08520708e91716e4b7eb53a3e3d0710c57f072a_mgs-setup.log)
  sanity-1: PASS (95s) (log: /var/www/ci-lustre/upstream-patch-review/d08520708e91716e4b7eb53a3e3d0710c57f072a_sanity-1.log)
  sanity-2: PASS (102s) (log: /var/www/ci-lustre/upstream-patch-review/d08520708e91716e4b7eb53a3e3d0710c57f072a_sanity-2.log)
  sanity-3: PASS (82s) (log: /var/www/ci-lustre/upstream-patch-review/d08520708e91716e4b7eb53a3e3d0710c57f072a_sanity-3.log)
  sanity-4: PASS (92s) (log: /var/www/ci-lustre/upstream-patch-review/d08520708e91716e4b7eb53a3e3d0710c57f072a_sanity-4.log)

Total execution time: 306s
