WARNING:FUNCTION_ARGUMENTS: function definition argument 'struct lqe_usg_data *' should also have an identifier name
#943: FILE: lustre/quota/qmt_internal.h:524:
+void qmt_free_lqe_ud(struct lqe_usg_data *);

WARNING:FUNCTION_ARGUMENTS: function definition argument 'const struct lu_env *' should also have an identifier name
#944: FILE: lustre/quota/qmt_internal.h:525:
+int qmt_usg_update(const struct lu_env *, struct lquota_entry *,

WARNING:FUNCTION_ARGUMENTS: function definition argument 'struct lquota_entry *' should also have an identifier name
#944: FILE: lustre/quota/qmt_internal.h:525:
+int qmt_usg_update(const struct lu_env *, struct lquota_entry *,

WARNING:FUNCTION_ARGUMENTS: function definition argument 'int' should also have an identifier name
#944: FILE: lustre/quota/qmt_internal.h:525:
+int qmt_usg_update(const struct lu_env *, struct lquota_entry *,

WARNING:FUNCTION_ARGUMENTS: function definition argument 'bool' should also have an identifier name
#944: FILE: lustre/quota/qmt_internal.h:525:
+int qmt_usg_update(const struct lu_env *, struct lquota_entry *,

WARNING:FUNCTION_ARGUMENTS: function definition argument '__u64' should also have an identifier name
#944: FILE: lustre/quota/qmt_internal.h:525:
+int qmt_usg_update(const struct lu_env *, struct lquota_entry *,

WARNING:FUNCTION_ARGUMENTS: function definition argument 'bool' should also have an identifier name
#944: FILE: lustre/quota/qmt_internal.h:525:
+int qmt_usg_update(const struct lu_env *, struct lquota_entry *,

WARNING:FUNCTION_ARGUMENTS: function definition argument '__u64' should also have an identifier name
#944: FILE: lustre/quota/qmt_internal.h:525:
+int qmt_usg_update(const struct lu_env *, struct lquota_entry *,

WARNING:FUNCTION_ARGUMENTS: function definition argument 'const struct lu_env *' should also have an identifier name
#946: FILE: lustre/quota/qmt_internal.h:527:
+int qmt_usg_sum(const struct lu_env *, struct qmt_device *,

WARNING:FUNCTION_ARGUMENTS: function definition argument 'struct qmt_device *' should also have an identifier name
#946: FILE: lustre/quota/qmt_internal.h:527:
+int qmt_usg_sum(const struct lu_env *, struct qmt_device *,

WARNING:FUNCTION_ARGUMENTS: function definition argument 'struct lquota_entry *' should also have an identifier name
#946: FILE: lustre/quota/qmt_internal.h:527:
+int qmt_usg_sum(const struct lu_env *, struct qmt_device *,

WARNING:FUNCTION_ARGUMENTS: function definition argument '__u64 *' should also have an identifier name
#946: FILE: lustre/quota/qmt_internal.h:527:
+int qmt_usg_sum(const struct lu_env *, struct qmt_device *,

WARNING:FUNCTION_ARGUMENTS: function definition argument 'bool' should also have an identifier name
#946: FILE: lustre/quota/qmt_internal.h:527:
+int qmt_usg_sum(const struct lu_env *, struct qmt_device *,

WARNING:FUNCTION_ARGUMENTS: function definition argument 'time64_t' should also have an identifier name
#946: FILE: lustre/quota/qmt_internal.h:527:
+int qmt_usg_sum(const struct lu_env *, struct qmt_device *,

WARNING:FUNCTION_ARGUMENTS: function definition argument 'const struct lu_env *' should also have an identifier name
#948: FILE: lustre/quota/qmt_internal.h:529:
+int qmt_usg_refresh(const struct lu_env *, struct qmt_device *,

WARNING:FUNCTION_ARGUMENTS: function definition argument 'struct qmt_device *' should also have an identifier name
#948: FILE: lustre/quota/qmt_internal.h:529:
+int qmt_usg_refresh(const struct lu_env *, struct qmt_device *,

WARNING:FUNCTION_ARGUMENTS: function definition argument 'struct lquota_entry *' should also have an identifier name
#948: FILE: lustre/quota/qmt_internal.h:529:
+int qmt_usg_refresh(const struct lu_env *, struct qmt_device *,

WARNING:FUNCTION_ARGUMENTS: function definition argument 'time64_t' should also have an identifier name
#948: FILE: lustre/quota/qmt_internal.h:529:
+int qmt_usg_refresh(const struct lu_env *, struct qmt_device *,

WARNING:FUNCTION_ARGUMENTS: function definition argument 'const struct lu_env *' should also have an identifier name
#950: FILE: lustre/quota/qmt_internal.h:531:
+int qmt_usage_cache_scan_start(const struct lu_env *, struct qmt_device *);

WARNING:FUNCTION_ARGUMENTS: function definition argument 'struct qmt_device *' should also have an identifier name
#950: FILE: lustre/quota/qmt_internal.h:531:
+int qmt_usage_cache_scan_start(const struct lu_env *, struct qmt_device *);

WARNING:FUNCTION_ARGUMENTS: function definition argument 'struct qmt_device *' should also have an identifier name
#951: FILE: lustre/quota/qmt_internal.h:532:
+void qmt_usage_cache_scan_stop(struct qmt_device *);

WARNING:FUNCTION_ARGUMENTS: function definition argument 'struct qmt_device *' should also have an identifier name
#952: FILE: lustre/quota/qmt_internal.h:533:
+void qmt_usage_cache_register_fetch(struct qmt_device *,

WARNING:FUNCTION_ARGUMENTS: function definition argument 'const struct qmt_usage_fetch *' should also have an identifier name
#952: FILE: lustre/quota/qmt_internal.h:533:
+void qmt_usage_cache_register_fetch(struct qmt_device *,

WARNING:MULTILINE_DEREFERENCE: Avoid multiple line dereference - prefer 'pool->qpi_site[i]->lqs_hash'
#996: FILE: lustre/quota/qmt_pool.c:916:
+					cfs_hash_for_each(pool->qpi_site[i]->
+							  lqs_hash,

total: 0 errors, 24 warnings, 1262 lines checked

NOTE: For some of the reported defects, checkpatch may be able to
      mechanically convert to the typical style using --fix or --fix-inplace.

Your patch has style problems, please review.

NOTE: If any of the errors are false positives, please report
      them to the maintainer, see CHECKPATCH in MAINTAINERS.
