CLI: ./podman-ktest --podman-socket unix:///run/podman/podman.sock --shared-filesystem /tmp --tarball-input job lustre-ci --output /var/www/ci-lustre/upstream-patch-review --git-hash d0e72795e3d799fd7435303a3d8fc45e301a4e80 --change-id 57776_d0e72795e3d799fd7435303a3d8fc45e301a4e80 --subject LU-10026 lustre: add lz4 and lz4hc kernel modules

  Checking /dev/kvm exists... OK
  Checking /dev/kvm permissions... OK
  Creating ccache directory... OK
  Checking ccache directory writable... OK

Environment validated successfully
Creating kernel tarball at /tmp/ktest-kernel.tar.gz...
Creating lustre tarball at /tmp/ktest-lustre.tar.gz...
Creating ZFS tarball at /tmp/ktest-zfs.tar.gz...
Executing 15 jobs
Jobs will start as soon as their dependencies are satisfied
Using tarball input mode

START lustre_mainline build tests/fs/lustre/boot.ktest
START al2023 build tests/fs/lustre/boot.ktest
START u24 build tests/fs/lustre/boot.ktest
START lustre_mainline_strict build tests/fs/lustre/boot-strict.ktest
START lustre_mainline_native build tests/fs/lustre/boot.ktest
START checkpatch tool checkpatch
PUT /tmp/ktest-lustre.tar.gz 1s
PUT /tmp/ktest-lustre.tar.gz 2s
PUT /tmp/ktest-kernel.tar.gz 6s
PUT /tmp/ktest-kernel.tar.gz 6s
PUT /tmp/ktest-kernel.tar.gz 6s
PUT /tmp/ktest-kernel.tar.gz 6s
PUT /tmp/ktest-lustre.tar.gz 1s
PUT /tmp/ktest-lustre.tar.gz 1s
PUT /tmp/ktest-lustre.tar.gz 1s
PUT /tmp/ktest-lustre.tar.gz 1s
PUT /tmp/ktest-zfs.tar.gz 0s
PUT /tmp/ktest-zfs.tar.gz 0s
PUT /tmp/ktest-zfs.tar.gz 0s
END checkpatch tool checkpatch FAIL 12s (exit code: 1)
END al2023 build tests/fs/lustre/boot.ktest PASS 62s
END u24 build tests/fs/lustre/boot.ktest PASS 65s
GET /tmp/ktest_lustre_mainline_strict_1ybgttq3.tar 4s
END lustre_mainline_strict build tests/fs/lustre/boot-strict.ktest FAIL 140s (exit code: 1)
GET /tmp/ktest_lustre_mainline_r36m0e0o.tar 15s
GET /tmp/ktest_lustre_mainline_native_sqik8_gv.tar 15s
END lustre_mainline build tests/fs/lustre/boot.ktest FAIL 152s (exit code: 1)
END lustre_mainline_native build tests/fs/lustre/boot.ktest FAIL 154s (exit code: 1)

============================================================
Final Results:
  checkpatch: FAIL (12s) (log: /var/www/ci-lustre/upstream-patch-review/d0e72795e3d799fd7435303a3d8fc45e301a4e80_checkpatch.log)
  u24: PASS (65s) (log: /var/www/ci-lustre/upstream-patch-review/d0e72795e3d799fd7435303a3d8fc45e301a4e80_u24.log)
  al2023: PASS (62s) (log: /var/www/ci-lustre/upstream-patch-review/d0e72795e3d799fd7435303a3d8fc45e301a4e80_al2023.log)
  lustre_mainline_strict: FAIL (140s) (log: /var/www/ci-lustre/upstream-patch-review/d0e72795e3d799fd7435303a3d8fc45e301a4e80_lustre_mainline_strict.log)
  lustre_mainline: FAIL (152s) (log: /var/www/ci-lustre/upstream-patch-review/d0e72795e3d799fd7435303a3d8fc45e301a4e80_lustre_mainline.log)
  lustre_mainline_native: FAIL (154s) (log: /var/www/ci-lustre/upstream-patch-review/d0e72795e3d799fd7435303a3d8fc45e301a4e80_lustre_mainline_native.log)
  clang-tidy: SKIPPED (due to dependency failure)
  cc-plugin: SKIPPED (due to dependency failure)
  boot: SKIPPED (due to dependency failure)
  llmount: SKIPPED (due to dependency failure)
  mgs-setup: SKIPPED (due to dependency failure)
  sanity-1: SKIPPED (due to dependency failure)
  sanity-2: SKIPPED (due to dependency failure)
  sanity-3: SKIPPED (due to dependency failure)
  sanity-4: SKIPPED (due to dependency failure)

Total execution time: 185s
Deleted orphaned log file: 22b8ead642b2682ea35b9fa208d464adfa0532d8_checkpatch.log
Deleted orphaned log file: 22b8ead642b2682ea35b9fa208d464adfa0532d8_lustre_mainline_native.log
Deleted orphaned log file: 22b8ead642b2682ea35b9fa208d464adfa0532d8_cc-plugin.log
Deleted orphaned log file: 22b8ead642b2682ea35b9fa208d464adfa0532d8_clang-tidy.log
Deleted orphaned log file: 22b8ead642b2682ea35b9fa208d464adfa0532d8_boot.log
Deleted orphaned log file: 22b8ead642b2682ea35b9fa208d464adfa0532d8_lustre_mainline.log
Deleted orphaned log file: 22b8ead642b2682ea35b9fa208d464adfa0532d8_llmount.log
Deleted orphaned log file: 22b8ead642b2682ea35b9fa208d464adfa0532d8_u24.log
Deleted orphaned log file: 22b8ead642b2682ea35b9fa208d464adfa0532d8_execution.log
Deleted orphaned log file: 22b8ead642b2682ea35b9fa208d464adfa0532d8_mgs-setup.log
Deleted orphaned log file: 22b8ead642b2682ea35b9fa208d464adfa0532d8_lustre_mainline_strict.log
Deleted orphaned log file: 22b8ead642b2682ea35b9fa208d464adfa0532d8_sanity-3.log
Deleted orphaned log file: 22b8ead642b2682ea35b9fa208d464adfa0532d8_sanity-2.log
Deleted orphaned log file: 22b8ead642b2682ea35b9fa208d464adfa0532d8_al2023.log
Deleted orphaned log file: 22b8ead642b2682ea35b9fa208d464adfa0532d8_sanity-1.log
Deleted orphaned log file: 22b8ead642b2682ea35b9fa208d464adfa0532d8_sanity-4.log
Cleanup complete: deleted 16 orphaned log files
