CLI: ./podman-ktest --podman-socket unix:///run/podman/podman.sock --shared-filesystem /tmp --tarball-input job lustre-ci --output /var/www/ci-lustre/upstream-patch-review --git-hash d1207e3947640896dbb40e708b055a7fbeff46c5 --change-id 61742_d1207e3947640896dbb40e708b055a7fbeff46c5 --subject LU-19079 sec: gss token for nodemap identification

  Checking /dev/kvm exists... OK
  Checking /dev/kvm permissions... OK
  Creating ccache directory... OK
  Checking ccache directory writable... OK

Environment validated successfully
Creating kernel tarball at /tmp/ktest-kernel.tar.gz...
Creating lustre tarball at /tmp/ktest-lustre.tar.gz...
Executing 16 jobs
Jobs will start as soon as their dependencies are satisfied
Using tarball input mode

START lustre_al2023 build tests/fs/lustre/boot.ktest
START checkpatch tool checkpatch
START lustre_mainline_native build tests/fs/lustre/boot.ktest
START lustre_mainline build tests/fs/lustre/boot.ktest
START lustre_mainline_strict build tests/fs/lustre/boot-strict.ktest
START lustre_u24 build tests/fs/lustre/boot.ktest
PUT /tmp/ktest-kernel.tar.gz 18s
PUT /tmp/ktest-kernel.tar.gz 18s
PUT /tmp/ktest-kernel.tar.gz 18s
PUT /tmp/ktest-kernel.tar.gz 19s
PUT /tmp/ktest-kernel.tar.gz 19s
PUT /tmp/ktest-kernel.tar.gz 19s
PUT /tmp/ktest-lustre.tar.gz 8s
PUT /tmp/ktest-lustre.tar.gz 8s
PUT /tmp/ktest-lustre.tar.gz 9s
PUT /tmp/ktest-lustre.tar.gz 9s
PUT /tmp/ktest-lustre.tar.gz 9s
PUT /tmp/ktest-lustre.tar.gz 9s
END checkpatch tool checkpatch FAIL 31s (exit code: 1)
END lustre_al2023 build tests/fs/lustre/boot.ktest PASS 98s
END lustre_u24 build tests/fs/lustre/boot.ktest PASS 99s
GET /tmp/ktest_lustre_mainline_strict_3h9ozq7f.tar 5s
END lustre_mainline_strict build tests/fs/lustre/boot-strict.ktest FAIL 174s (exit code: 1)
GET /tmp/ktest_lustre_mainline_native_tddh2zyp.tar 3s
GET /tmp/ktest_lustre_mainline_9copq3fy.tar 3s
END lustre_mainline_native build tests/fs/lustre/boot.ktest PASS 196s
START clang-tidy tool clang-tidy
START cc-plugin tool cc-plugin
START boot run tests/fs/lustre/boot.ktest
START llmount run tests/fs/lustre/llmount.ktest
START llog-unit run tests/fs/lustre/llog-unit.ktest
START mgs-setup run tests/fs/lustre/mgs-setup.ktest
START sanity-1 run tests/fs/lustre/sanity/sanity-1.ktest
START sanity-2 run tests/fs/lustre/sanity/sanity-2.ktest
START sanity-3 run tests/fs/lustre/sanity/sanity-3.ktest
START sanity-4 run tests/fs/lustre/sanity/sanity-4.ktest
END lustre_mainline build tests/fs/lustre/boot.ktest PASS 197s
PUT /tmp/ktest-kernel.tar.gz 39s
PUT /tmp/ktest_lustre_mainline_native_tddh2zyp.tar 46s
PUT /tmp/ktest_lustre_mainline_native_tddh2zyp.tar 46s
PUT /tmp/ktest-kernel.tar.gz 46s
PUT /tmp/ktest_lustre_mainline_native_tddh2zyp.tar 47s
PUT /tmp/ktest_lustre_mainline_native_tddh2zyp.tar 46s
PUT /tmp/ktest_lustre_mainline_native_tddh2zyp.tar 46s
PUT /tmp/ktest_lustre_mainline_native_tddh2zyp.tar 47s
PUT /tmp/ktest_lustre_mainline_native_tddh2zyp.tar 46s
PUT /tmp/ktest_lustre_mainline_native_tddh2zyp.tar 47s
PUT /tmp/ktest-lustre.tar.gz 101s
PUT /tmp/ktest-lustre.tar.gz 96s
PUT /tmp/ktest_lustre_mainline_native_tddh2zyp.tar 24s
PUT /tmp/ktest_lustre_mainline_native_tddh2zyp.tar 21s
END mgs-setup run tests/fs/lustre/mgs-setup.ktest PASS 168s
END cc-plugin tool cc-plugin FAIL 171s (exit code: 127)
END boot run tests/fs/lustre/boot.ktest PASS 178s
END sanity-1 run tests/fs/lustre/sanity/sanity-1.ktest PASS 193s
END clang-tidy tool clang-tidy PASS 195s
END sanity-3 run tests/fs/lustre/sanity/sanity-3.ktest PASS 203s
END sanity-4 run tests/fs/lustre/sanity/sanity-4.ktest PASS 207s
END sanity-2 run tests/fs/lustre/sanity/sanity-2.ktest PASS 225s
END llog-unit run tests/fs/lustre/llog-unit.ktest PASS 273s
END llmount run tests/fs/lustre/llmount.ktest PASS 277s

============================================================
Final Results:
  checkpatch: FAIL (31s) (log: /var/www/ci-lustre/upstream-patch-review/d1207e3947640896dbb40e708b055a7fbeff46c5_checkpatch.log)
  lustre_u24: PASS (99s) (log: /var/www/ci-lustre/upstream-patch-review/d1207e3947640896dbb40e708b055a7fbeff46c5_lustre_u24.log)
  lustre_al2023: PASS (98s) (log: /var/www/ci-lustre/upstream-patch-review/d1207e3947640896dbb40e708b055a7fbeff46c5_lustre_al2023.log)
  lustre_mainline_strict: FAIL (174s) (log: /var/www/ci-lustre/upstream-patch-review/d1207e3947640896dbb40e708b055a7fbeff46c5_lustre_mainline_strict.log)
  lustre_mainline: PASS (197s) (log: /var/www/ci-lustre/upstream-patch-review/d1207e3947640896dbb40e708b055a7fbeff46c5_lustre_mainline.log)
  lustre_mainline_native: PASS (196s) (log: /var/www/ci-lustre/upstream-patch-review/d1207e3947640896dbb40e708b055a7fbeff46c5_lustre_mainline_native.log)
  clang-tidy: PASS (195s) (log: /var/www/ci-lustre/upstream-patch-review/d1207e3947640896dbb40e708b055a7fbeff46c5_clang-tidy.log)
  cc-plugin: FAIL (171s) (log: /var/www/ci-lustre/upstream-patch-review/d1207e3947640896dbb40e708b055a7fbeff46c5_cc-plugin.log)
  boot: PASS (178s) (log: /var/www/ci-lustre/upstream-patch-review/d1207e3947640896dbb40e708b055a7fbeff46c5_boot.log)
  llmount: PASS (277s) (log: /var/www/ci-lustre/upstream-patch-review/d1207e3947640896dbb40e708b055a7fbeff46c5_llmount.log)
  llog-unit: PASS (273s) (log: /var/www/ci-lustre/upstream-patch-review/d1207e3947640896dbb40e708b055a7fbeff46c5_llog-unit.log)
  mgs-setup: PASS (168s) (log: /var/www/ci-lustre/upstream-patch-review/d1207e3947640896dbb40e708b055a7fbeff46c5_mgs-setup.log)
  sanity-1: PASS (193s) (log: /var/www/ci-lustre/upstream-patch-review/d1207e3947640896dbb40e708b055a7fbeff46c5_sanity-1.log)
  sanity-2: PASS (225s) (log: /var/www/ci-lustre/upstream-patch-review/d1207e3947640896dbb40e708b055a7fbeff46c5_sanity-2.log)
  sanity-3: PASS (203s) (log: /var/www/ci-lustre/upstream-patch-review/d1207e3947640896dbb40e708b055a7fbeff46c5_sanity-3.log)
  sanity-4: PASS (207s) (log: /var/www/ci-lustre/upstream-patch-review/d1207e3947640896dbb40e708b055a7fbeff46c5_sanity-4.log)

Total execution time: 503s
