CLI: ./podman-ktest --podman-socket unix:///run/podman/podman.sock --shared-filesystem /tmp --tarball-input job lustre-ci --output /var/www/ci-lustre/upstream-patch-review --git-hash d244d95aed8663b31b13bfc424c065e660c2e320 --change-id 67012_d244d95aed8663b31b13bfc424c065e660c2e320 --subject LU-20384 ptlrpc: fix sptlrpc per-network flavor matching

Environment validated successfully
Creating kernel tarball at /tmp/ktest-kernel.tar.gz...
Creating lustre tarball at /tmp/ktest-lustre.tar.gz...
Creating ZFS tarball at /tmp/ktest-zfs.tar.gz...
Executing 14 jobs
Jobs will start as soon as their dependencies are satisfied
Using tarball input mode

START checkpatch:checkpatch tool checkpatch
START ml-strict:lustre_mainline build tests/fs/lustre/boot-strict.ktest
START al2023:al2023 build tests/fs/lustre/boot.ktest
START ml:lustre_mainline build tests/fs/lustre/boot.ktest
START ml-miscvm:lustre_mainline_native build tests/fs/lustre/boot.ktest
START u24:u24 build tests/fs/lustre/boot.ktest
PUT /tmp/ktest-lustre.tar.gz 1s
PUT /tmp/ktest-lustre.tar.gz 1s
PUT /tmp/ktest-kernel.tar.gz 14s
PUT /tmp/ktest-kernel.tar.gz 14s
PUT /tmp/ktest-kernel.tar.gz 14s
PUT /tmp/ktest-kernel.tar.gz 14s
PUT /tmp/ktest-lustre.tar.gz 1s
PUT /tmp/ktest-lustre.tar.gz 1s
PUT /tmp/ktest-lustre.tar.gz 1s
PUT /tmp/ktest-lustre.tar.gz 1s
PUT /tmp/ktest-zfs.tar.gz 0s
PUT /tmp/ktest-zfs.tar.gz 0s
PUT /tmp/ktest-zfs.tar.gz 0s
END checkpatch:checkpatch tool checkpatch PASS 18s
END al2023:al2023 build tests/fs/lustre/boot.ktest PASS 60s
END u24:u24 build tests/fs/lustre/boot.ktest PASS 61s
GET /tmp/ktest_ml-miscvm:lustre_mainline_native_phxcs7qu.tar 0s
GET /tmp/ktest_ml:lustre_mainline_inq5hlnd.tar 0s
END ml-miscvm:lustre_mainline_native build tests/fs/lustre/boot.ktest PASS 165s
START ml-miscvm:boot run tests/fs/lustre/boot.ktest
START ml-miscvm:llmount run tests/fs/lustre/llmount.ktest
START ml-miscvm:llog-unit run tests/fs/lustre/llog-unit.ktest
START ml-miscvm:mgs-setup run tests/fs/lustre/mgs-setup.ktest
START ml-miscvm:sanity-1 run tests/fs/lustre/sanity/sanity-1.ktest
START ml-miscvm:sanity-2 run tests/fs/lustre/sanity/sanity-2.ktest
START ml-miscvm:sanity-3 run tests/fs/lustre/sanity/sanity-3.ktest
START ml-miscvm:sanity-4 run tests/fs/lustre/sanity/sanity-4.ktest
END ml:lustre_mainline build tests/fs/lustre/boot.ktest PASS 166s
GET /tmp/ktest_ml-strict:lustre_mainline_xnk1x61o.tar 9s
END ml-strict:lustre_mainline build tests/fs/lustre/boot-strict.ktest FAIL 175s (exit code: 1)
PUT /tmp/ktest-kernel.tar.gz 51s
PUT /tmp/ktest-kernel.tar.gz 51s
PUT /tmp/ktest-kernel.tar.gz 51s
PUT /tmp/ktest-kernel.tar.gz 51s
PUT /tmp/ktest-kernel.tar.gz 51s
PUT /tmp/ktest-kernel.tar.gz 52s
PUT /tmp/ktest-kernel.tar.gz 52s
PUT /tmp/ktest-kernel.tar.gz 51s
PUT /tmp/ktest-lustre.tar.gz 7s
PUT /tmp/ktest-lustre.tar.gz 6s
PUT /tmp/ktest-lustre.tar.gz 6s
PUT /tmp/ktest-lustre.tar.gz 6s
PUT /tmp/ktest-lustre.tar.gz 7s
PUT /tmp/ktest-lustre.tar.gz 7s
PUT /tmp/ktest-lustre.tar.gz 6s
PUT /tmp/ktest-lustre.tar.gz 6s
PUT /tmp/ktest_ml-miscvm:lustre_mainline_native_phxcs7qu.tar 0s
PUT /tmp/ktest_ml-miscvm:lustre_mainline_native_phxcs7qu.tar 0s
PUT /tmp/ktest_ml-miscvm:lustre_mainline_native_phxcs7qu.tar 0s
PUT /tmp/ktest_ml-miscvm:lustre_mainline_native_phxcs7qu.tar 0s
PUT /tmp/ktest_ml-miscvm:lustre_mainline_native_phxcs7qu.tar 0s
PUT /tmp/ktest_ml-miscvm:lustre_mainline_native_phxcs7qu.tar 0s
PUT /tmp/ktest_ml-miscvm:lustre_mainline_native_phxcs7qu.tar 0s
PUT /tmp/ktest_ml-miscvm:lustre_mainline_native_phxcs7qu.tar 0s
END ml-miscvm:boot run tests/fs/lustre/boot.ktest PASS 102s
END ml-miscvm:sanity-2 run tests/fs/lustre/sanity/sanity-2.ktest PASS 140s
END ml-miscvm:sanity-3 run tests/fs/lustre/sanity/sanity-3.ktest PASS 141s
END ml-miscvm:mgs-setup run tests/fs/lustre/mgs-setup.ktest PASS 143s
END ml-miscvm:llmount run tests/fs/lustre/llmount.ktest PASS 150s
END ml-miscvm:sanity-1 run tests/fs/lustre/sanity/sanity-1.ktest PASS 152s
END ml-miscvm:sanity-4 run tests/fs/lustre/sanity/sanity-4.ktest PASS 153s
END ml-miscvm:llog-unit run tests/fs/lustre/llog-unit.ktest FAIL 188s (exit code: 1)

============================================================
Final Results:
  checkpatch:checkpatch: PASS (18s) (log: /var/www/ci-lustre/upstream-patch-review/d244d95aed8663b31b13bfc424c065e660c2e320_checkpatch:checkpatch.log)
  u24:u24: PASS (61s) (log: /var/www/ci-lustre/upstream-patch-review/d244d95aed8663b31b13bfc424c065e660c2e320_u24:u24.log)
  al2023:al2023: PASS (60s) (log: /var/www/ci-lustre/upstream-patch-review/d244d95aed8663b31b13bfc424c065e660c2e320_al2023:al2023.log)
  ml-strict:lustre_mainline: FAIL (175s) (log: /var/www/ci-lustre/upstream-patch-review/d244d95aed8663b31b13bfc424c065e660c2e320_ml-strict:lustre_mainline.log)
  ml:lustre_mainline: PASS (166s) (log: /var/www/ci-lustre/upstream-patch-review/d244d95aed8663b31b13bfc424c065e660c2e320_ml:lustre_mainline.log)
  ml-miscvm:lustre_mainline_native: PASS (165s) (log: /var/www/ci-lustre/upstream-patch-review/d244d95aed8663b31b13bfc424c065e660c2e320_ml-miscvm:lustre_mainline_native.log)
  ml-miscvm:boot: PASS (102s) (log: /var/www/ci-lustre/upstream-patch-review/d244d95aed8663b31b13bfc424c065e660c2e320_ml-miscvm:boot.log)
  ml-miscvm:llmount: PASS (150s) (log: /var/www/ci-lustre/upstream-patch-review/d244d95aed8663b31b13bfc424c065e660c2e320_ml-miscvm:llmount.log)
  ml-miscvm:llog-unit: FAIL (188s) (log: /var/www/ci-lustre/upstream-patch-review/d244d95aed8663b31b13bfc424c065e660c2e320_ml-miscvm:llog-unit.log)
  ml-miscvm:mgs-setup: PASS (143s) (log: /var/www/ci-lustre/upstream-patch-review/d244d95aed8663b31b13bfc424c065e660c2e320_ml-miscvm:mgs-setup.log)
  ml-miscvm:sanity-1: PASS (152s) (log: /var/www/ci-lustre/upstream-patch-review/d244d95aed8663b31b13bfc424c065e660c2e320_ml-miscvm:sanity-1.log)
  ml-miscvm:sanity-2: PASS (140s) (log: /var/www/ci-lustre/upstream-patch-review/d244d95aed8663b31b13bfc424c065e660c2e320_ml-miscvm:sanity-2.log)
  ml-miscvm:sanity-3: PASS (141s) (log: /var/www/ci-lustre/upstream-patch-review/d244d95aed8663b31b13bfc424c065e660c2e320_ml-miscvm:sanity-3.log)
  ml-miscvm:sanity-4: PASS (153s) (log: /var/www/ci-lustre/upstream-patch-review/d244d95aed8663b31b13bfc424c065e660c2e320_ml-miscvm:sanity-4.log)

Total execution time: 382s
