CLI: ./podman-ktest --podman-socket unix:///run/podman/podman.sock --shared-filesystem /tmp --tarball-input job lustre-ci --output /var/www/ci-lustre/upstream-patch-review --git-hash d325e9649ccef04798952c8f0c768634ea5624d2 --change-id 63425_d325e9649ccef04798952c8f0c768634ea5624d2 --subject LU-18857 mgs: add timeout mechanism for allow_register

Environment validated successfully
Creating kernel tarball at /tmp/ktest-kernel.tar.gz...
Creating lustre tarball at /tmp/ktest-lustre.tar.gz...
Creating ZFS tarball at /tmp/ktest-zfs.tar.gz...
Executing 14 jobs
Jobs will start as soon as their dependencies are satisfied
Using tarball input mode

START al2023:al2023 build tests/fs/lustre/boot.ktest
START ml-miscvm:lustre_mainline_native build tests/fs/lustre/boot.ktest
START ml-strict:lustre_mainline build tests/fs/lustre/boot-strict.ktest
START checkpatch:checkpatch tool checkpatch
START u24:u24 build tests/fs/lustre/boot.ktest
START ml:lustre_mainline build tests/fs/lustre/boot.ktest
PUT /tmp/ktest-lustre.tar.gz 1s
PUT /tmp/ktest-lustre.tar.gz 1s
PUT /tmp/ktest-kernel.tar.gz 7s
PUT /tmp/ktest-kernel.tar.gz 7s
PUT /tmp/ktest-kernel.tar.gz 7s
PUT /tmp/ktest-kernel.tar.gz 7s
PUT /tmp/ktest-lustre.tar.gz 3s
PUT /tmp/ktest-lustre.tar.gz 3s
PUT /tmp/ktest-lustre.tar.gz 3s
PUT /tmp/ktest-lustre.tar.gz 3s
PUT /tmp/ktest-zfs.tar.gz 0s
PUT /tmp/ktest-zfs.tar.gz 0s
PUT /tmp/ktest-zfs.tar.gz 0s
END checkpatch:checkpatch tool checkpatch FAIL 13s (exit code: 1)
END al2023:al2023 build tests/fs/lustre/boot.ktest PASS 55s
END u24:u24 build tests/fs/lustre/boot.ktest PASS 57s
GET /tmp/ktest_ml-miscvm:lustre_mainline_native_287385x5.tar 0s
GET /tmp/ktest_ml:lustre_mainline_4oro47n1.tar 0s
END ml-miscvm:lustre_mainline_native build tests/fs/lustre/boot.ktest PASS 180s
START ml-miscvm:boot run tests/fs/lustre/boot.ktest
START ml-miscvm:llmount run tests/fs/lustre/llmount.ktest
START ml-miscvm:llog-unit run tests/fs/lustre/llog-unit.ktest
START ml-miscvm:mgs-setup run tests/fs/lustre/mgs-setup.ktest
START ml-miscvm:sanity-1 run tests/fs/lustre/sanity/sanity-1.ktest
START ml-miscvm:sanity-2 run tests/fs/lustre/sanity/sanity-2.ktest
START ml-miscvm:sanity-3 run tests/fs/lustre/sanity/sanity-3.ktest
START ml-miscvm:sanity-4 run tests/fs/lustre/sanity/sanity-4.ktest
END ml:lustre_mainline build tests/fs/lustre/boot.ktest PASS 181s
GET /tmp/ktest_ml-strict:lustre_mainline_f7hlhj0e.tar 9s
END ml-strict:lustre_mainline build tests/fs/lustre/boot-strict.ktest FAIL 193s (exit code: 1)
PUT /tmp/ktest-kernel.tar.gz 46s
PUT /tmp/ktest-kernel.tar.gz 47s
PUT /tmp/ktest-kernel.tar.gz 46s
PUT /tmp/ktest-kernel.tar.gz 46s
PUT /tmp/ktest-kernel.tar.gz 46s
PUT /tmp/ktest-kernel.tar.gz 47s
PUT /tmp/ktest-kernel.tar.gz 47s
PUT /tmp/ktest-kernel.tar.gz 48s
PUT /tmp/ktest-lustre.tar.gz 13s
PUT /tmp/ktest-lustre.tar.gz 13s
PUT /tmp/ktest-lustre.tar.gz 13s
PUT /tmp/ktest-lustre.tar.gz 13s
PUT /tmp/ktest-lustre.tar.gz 12s
PUT /tmp/ktest-lustre.tar.gz 13s
PUT /tmp/ktest-lustre.tar.gz 12s
PUT /tmp/ktest-lustre.tar.gz 13s
PUT /tmp/ktest_ml-miscvm:lustre_mainline_native_287385x5.tar 1s
PUT /tmp/ktest_ml-miscvm:lustre_mainline_native_287385x5.tar 1s
PUT /tmp/ktest_ml-miscvm:lustre_mainline_native_287385x5.tar 1s
PUT /tmp/ktest_ml-miscvm:lustre_mainline_native_287385x5.tar 1s
PUT /tmp/ktest_ml-miscvm:lustre_mainline_native_287385x5.tar 1s
PUT /tmp/ktest_ml-miscvm:lustre_mainline_native_287385x5.tar 1s
PUT /tmp/ktest_ml-miscvm:lustre_mainline_native_287385x5.tar 1s
PUT /tmp/ktest_ml-miscvm:lustre_mainline_native_287385x5.tar 1s
END ml-miscvm:boot run tests/fs/lustre/boot.ktest PASS 113s
END ml-miscvm:mgs-setup run tests/fs/lustre/mgs-setup.ktest PASS 123s
END ml-miscvm:sanity-4 run tests/fs/lustre/sanity/sanity-4.ktest PASS 144s
END ml-miscvm:sanity-1 run tests/fs/lustre/sanity/sanity-1.ktest PASS 148s
END ml-miscvm:sanity-3 run tests/fs/lustre/sanity/sanity-3.ktest PASS 152s
END ml-miscvm:sanity-2 run tests/fs/lustre/sanity/sanity-2.ktest PASS 160s
END ml-miscvm:llmount run tests/fs/lustre/llmount.ktest PASS 173s
END ml-miscvm:llog-unit run tests/fs/lustre/llog-unit.ktest FAIL 197s (exit code: 1)

============================================================
Final Results:
  checkpatch:checkpatch: FAIL (13s) (log: /var/www/ci-lustre/upstream-patch-review/d325e9649ccef04798952c8f0c768634ea5624d2_checkpatch:checkpatch.log)
  u24:u24: PASS (57s) (log: /var/www/ci-lustre/upstream-patch-review/d325e9649ccef04798952c8f0c768634ea5624d2_u24:u24.log)
  al2023:al2023: PASS (55s) (log: /var/www/ci-lustre/upstream-patch-review/d325e9649ccef04798952c8f0c768634ea5624d2_al2023:al2023.log)
  ml-strict:lustre_mainline: FAIL (193s) (log: /var/www/ci-lustre/upstream-patch-review/d325e9649ccef04798952c8f0c768634ea5624d2_ml-strict:lustre_mainline.log)
  ml:lustre_mainline: PASS (181s) (log: /var/www/ci-lustre/upstream-patch-review/d325e9649ccef04798952c8f0c768634ea5624d2_ml:lustre_mainline.log)
  ml-miscvm:lustre_mainline_native: PASS (180s) (log: /var/www/ci-lustre/upstream-patch-review/d325e9649ccef04798952c8f0c768634ea5624d2_ml-miscvm:lustre_mainline_native.log)
  ml-miscvm:boot: PASS (113s) (log: /var/www/ci-lustre/upstream-patch-review/d325e9649ccef04798952c8f0c768634ea5624d2_ml-miscvm:boot.log)
  ml-miscvm:llmount: PASS (173s) (log: /var/www/ci-lustre/upstream-patch-review/d325e9649ccef04798952c8f0c768634ea5624d2_ml-miscvm:llmount.log)
  ml-miscvm:llog-unit: FAIL (197s) (log: /var/www/ci-lustre/upstream-patch-review/d325e9649ccef04798952c8f0c768634ea5624d2_ml-miscvm:llog-unit.log)
  ml-miscvm:mgs-setup: PASS (123s) (log: /var/www/ci-lustre/upstream-patch-review/d325e9649ccef04798952c8f0c768634ea5624d2_ml-miscvm:mgs-setup.log)
  ml-miscvm:sanity-1: PASS (148s) (log: /var/www/ci-lustre/upstream-patch-review/d325e9649ccef04798952c8f0c768634ea5624d2_ml-miscvm:sanity-1.log)
  ml-miscvm:sanity-2: PASS (160s) (log: /var/www/ci-lustre/upstream-patch-review/d325e9649ccef04798952c8f0c768634ea5624d2_ml-miscvm:sanity-2.log)
  ml-miscvm:sanity-3: PASS (152s) (log: /var/www/ci-lustre/upstream-patch-review/d325e9649ccef04798952c8f0c768634ea5624d2_ml-miscvm:sanity-3.log)
  ml-miscvm:sanity-4: PASS (144s) (log: /var/www/ci-lustre/upstream-patch-review/d325e9649ccef04798952c8f0c768634ea5624d2_ml-miscvm:sanity-4.log)

Total execution time: 407s
