CLI: ./podman-ktest --podman-socket unix:///run/podman/podman.sock --shared-filesystem /tmp --tarball-input job lustre-ci --output /var/www/ci-lustre/upstream-patch-review --git-hash d475f27e41c1d74d04446656065438739e83540a --change-id 61965_d475f27e41c1d74d04446656065438739e83540a --subject LU-12187 lfs: add EC setstripe support with k+m notation

  Checking /dev/kvm exists... OK
  Checking /dev/kvm permissions... OK
  Creating ccache directory... OK
  Checking ccache directory writable... OK

Environment validated successfully
Creating kernel tarball at /tmp/ktest-kernel.tar.gz...
Creating lustre tarball at /tmp/ktest-lustre.tar.gz...
Executing 16 jobs
Jobs will start as soon as their dependencies are satisfied
Using tarball input mode

START lustre_u24 build tests/fs/lustre/boot.ktest
START lustre_mainline_native build tests/fs/lustre/boot.ktest
START lustre_mainline_strict build tests/fs/lustre/boot-strict.ktest
START checkpatch tool checkpatch
START lustre_al2023 build tests/fs/lustre/boot.ktest
START lustre_mainline build tests/fs/lustre/boot.ktest
PUT /tmp/ktest-kernel.tar.gz 7s
PUT /tmp/ktest-kernel.tar.gz 7s
PUT /tmp/ktest-kernel.tar.gz 8s
PUT /tmp/ktest-kernel.tar.gz 8s
PUT /tmp/ktest-kernel.tar.gz 8s
PUT /tmp/ktest-kernel.tar.gz 8s
PUT /tmp/ktest-lustre.tar.gz 2s
PUT /tmp/ktest-lustre.tar.gz 1s
PUT /tmp/ktest-lustre.tar.gz 2s
PUT /tmp/ktest-lustre.tar.gz 2s
PUT /tmp/ktest-lustre.tar.gz 2s
PUT /tmp/ktest-lustre.tar.gz 2s
END checkpatch tool checkpatch FAIL 13s (exit code: 1)
END lustre_al2023 build tests/fs/lustre/boot.ktest PASS 71s
END lustre_u24 build tests/fs/lustre/boot.ktest PASS 78s
GET /tmp/ktest_lustre_mainline_strict_dn3htjk7.tar 4s
END lustre_mainline_strict build tests/fs/lustre/boot-strict.ktest FAIL 111s (exit code: 1)
GET /tmp/ktest_lustre_mainline_native_j7ydnqrk.tar 3s
GET /tmp/ktest_lustre_mainline_pxc2kayl.tar 3s
END lustre_mainline_native build tests/fs/lustre/boot.ktest PASS 120s
START clang-tidy tool clang-tidy
START cc-plugin tool cc-plugin
START boot run tests/fs/lustre/boot.ktest
START llmount run tests/fs/lustre/llmount.ktest
START llog-unit run tests/fs/lustre/llog-unit.ktest
START mgs-setup run tests/fs/lustre/mgs-setup.ktest
START sanity-1 run tests/fs/lustre/sanity/sanity-1.ktest
START sanity-2 run tests/fs/lustre/sanity/sanity-2.ktest
START sanity-3 run tests/fs/lustre/sanity/sanity-3.ktest
START sanity-4 run tests/fs/lustre/sanity/sanity-4.ktest
END lustre_mainline build tests/fs/lustre/boot.ktest PASS 121s
PUT /tmp/ktest-kernel.tar.gz 8s
PUT /tmp/ktest-kernel.tar.gz 9s
PUT /tmp/ktest_lustre_mainline_native_j7ydnqrk.tar 10s
PUT /tmp/ktest_lustre_mainline_native_j7ydnqrk.tar 12s
PUT /tmp/ktest_lustre_mainline_native_j7ydnqrk.tar 12s
PUT /tmp/ktest_lustre_mainline_native_j7ydnqrk.tar 12s
PUT /tmp/ktest_lustre_mainline_native_j7ydnqrk.tar 12s
PUT /tmp/ktest_lustre_mainline_native_j7ydnqrk.tar 12s
PUT /tmp/ktest-lustre.tar.gz 2s
PUT /tmp/ktest_lustre_mainline_native_j7ydnqrk.tar 12s
PUT /tmp/ktest-lustre.tar.gz 3s
PUT /tmp/ktest_lustre_mainline_native_j7ydnqrk.tar 12s
PUT /tmp/ktest_lustre_mainline_native_j7ydnqrk.tar 25s
PUT /tmp/ktest_lustre_mainline_native_j7ydnqrk.tar 25s
END cc-plugin tool cc-plugin FAIL 42s (exit code: 127)
END mgs-setup run tests/fs/lustre/mgs-setup.ktest PASS 56s
END clang-tidy tool clang-tidy PASS 60s
END boot run tests/fs/lustre/boot.ktest PASS 60s
END sanity-1 run tests/fs/lustre/sanity/sanity-1.ktest PASS 84s
END sanity-4 run tests/fs/lustre/sanity/sanity-4.ktest PASS 90s
END sanity-2 run tests/fs/lustre/sanity/sanity-2.ktest PASS 92s
END sanity-3 run tests/fs/lustre/sanity/sanity-3.ktest PASS 92s
END llmount run tests/fs/lustre/llmount.ktest PASS 146s
END llog-unit run tests/fs/lustre/llog-unit.ktest PASS 147s

============================================================
Final Results:
  checkpatch: FAIL (13s) (log: /var/www/ci-lustre/upstream-patch-review/d475f27e41c1d74d04446656065438739e83540a_checkpatch.log)
  lustre_u24: PASS (78s) (log: /var/www/ci-lustre/upstream-patch-review/d475f27e41c1d74d04446656065438739e83540a_lustre_u24.log)
  lustre_al2023: PASS (71s) (log: /var/www/ci-lustre/upstream-patch-review/d475f27e41c1d74d04446656065438739e83540a_lustre_al2023.log)
  lustre_mainline_strict: FAIL (111s) (log: /var/www/ci-lustre/upstream-patch-review/d475f27e41c1d74d04446656065438739e83540a_lustre_mainline_strict.log)
  lustre_mainline: PASS (121s) (log: /var/www/ci-lustre/upstream-patch-review/d475f27e41c1d74d04446656065438739e83540a_lustre_mainline.log)
  lustre_mainline_native: PASS (120s) (log: /var/www/ci-lustre/upstream-patch-review/d475f27e41c1d74d04446656065438739e83540a_lustre_mainline_native.log)
  clang-tidy: PASS (60s) (log: /var/www/ci-lustre/upstream-patch-review/d475f27e41c1d74d04446656065438739e83540a_clang-tidy.log)
  cc-plugin: FAIL (42s) (log: /var/www/ci-lustre/upstream-patch-review/d475f27e41c1d74d04446656065438739e83540a_cc-plugin.log)
  boot: PASS (60s) (log: /var/www/ci-lustre/upstream-patch-review/d475f27e41c1d74d04446656065438739e83540a_boot.log)
  llmount: PASS (146s) (log: /var/www/ci-lustre/upstream-patch-review/d475f27e41c1d74d04446656065438739e83540a_llmount.log)
  llog-unit: PASS (147s) (log: /var/www/ci-lustre/upstream-patch-review/d475f27e41c1d74d04446656065438739e83540a_llog-unit.log)
  mgs-setup: PASS (56s) (log: /var/www/ci-lustre/upstream-patch-review/d475f27e41c1d74d04446656065438739e83540a_mgs-setup.log)
  sanity-1: PASS (84s) (log: /var/www/ci-lustre/upstream-patch-review/d475f27e41c1d74d04446656065438739e83540a_sanity-1.log)
  sanity-2: PASS (92s) (log: /var/www/ci-lustre/upstream-patch-review/d475f27e41c1d74d04446656065438739e83540a_sanity-2.log)
  sanity-3: PASS (92s) (log: /var/www/ci-lustre/upstream-patch-review/d475f27e41c1d74d04446656065438739e83540a_sanity-3.log)
  sanity-4: PASS (90s) (log: /var/www/ci-lustre/upstream-patch-review/d475f27e41c1d74d04446656065438739e83540a_sanity-4.log)

Total execution time: 298s
