CLI: ./podman-ktest --podman-socket unix:///run/podman/podman.sock --shared-filesystem /tmp --tarball-input job lustre-ci --output /var/www/ci-lustre/upstream-patch-review --git-hash d494a7ad418b81f249bb736f662185ce25e4b43b --change-id 65891_d494a7ad418b81f249bb736f662185ce25e4b43b --subject LU-16518 ptlrpc: remove HRT_RUNNING and STOPPING

  Checking /dev/kvm exists... OK
  Checking /dev/kvm permissions... OK
  Creating ccache directory... OK
  Checking ccache directory writable... OK

Environment validated successfully
Creating kernel tarball at /tmp/ktest-kernel.tar.gz...
Creating lustre tarball at /tmp/ktest-lustre.tar.gz...
Creating ZFS tarball at /tmp/ktest-zfs.tar.gz...
Executing 15 jobs
Jobs will start as soon as their dependencies are satisfied
Using tarball input mode

START lustre_mainline_native build tests/fs/lustre/boot.ktest
START lustre_mainline_strict build tests/fs/lustre/boot-strict.ktest
START checkpatch tool checkpatch
START u24 build tests/fs/lustre/boot.ktest
START lustre_mainline build tests/fs/lustre/boot.ktest
START al2023 build tests/fs/lustre/boot.ktest
PUT /tmp/ktest-lustre.tar.gz 2s
PUT /tmp/ktest-lustre.tar.gz 3s
PUT /tmp/ktest-kernel.tar.gz 5s
PUT /tmp/ktest-kernel.tar.gz 5s
PUT /tmp/ktest-kernel.tar.gz 5s
PUT /tmp/ktest-kernel.tar.gz 5s
PUT /tmp/ktest-lustre.tar.gz 2s
PUT /tmp/ktest-lustre.tar.gz 2s
PUT /tmp/ktest-lustre.tar.gz 2s
PUT /tmp/ktest-lustre.tar.gz 3s
PUT /tmp/ktest-zfs.tar.gz 0s
PUT /tmp/ktest-zfs.tar.gz 0s
PUT /tmp/ktest-zfs.tar.gz 0s
END checkpatch tool checkpatch PASS 10s
END al2023 build tests/fs/lustre/boot.ktest PASS 68s
END u24 build tests/fs/lustre/boot.ktest PASS 68s
GET /tmp/ktest_lustre_mainline_strict_gtynnq6w.tar 5s
END lustre_mainline_strict build tests/fs/lustre/boot-strict.ktest FAIL 139s (exit code: 1)
GET /tmp/ktest_lustre_mainline_5qymg3eb.tar 5s
GET /tmp/ktest_lustre_mainline_native_cw2i0ppa.tar 5s
END lustre_mainline build tests/fs/lustre/boot.ktest PASS 144s
END lustre_mainline_native build tests/fs/lustre/boot.ktest PASS 145s
START clang-tidy tool clang-tidy
START cc-plugin tool cc-plugin
START boot run tests/fs/lustre/boot.ktest
START llmount run tests/fs/lustre/llmount.ktest
START mgs-setup run tests/fs/lustre/mgs-setup.ktest
START sanity-1 run tests/fs/lustre/sanity/sanity-1.ktest
START sanity-2 run tests/fs/lustre/sanity/sanity-2.ktest
START sanity-3 run tests/fs/lustre/sanity/sanity-3.ktest
START sanity-4 run tests/fs/lustre/sanity/sanity-4.ktest
PUT /tmp/ktest-kernel.tar.gz 35s
PUT /tmp/ktest_lustre_mainline_native_cw2i0ppa.tar 48s
PUT /tmp/ktest_lustre_mainline_native_cw2i0ppa.tar 48s
PUT /tmp/ktest_lustre_mainline_native_cw2i0ppa.tar 48s
PUT /tmp/ktest_lustre_mainline_native_cw2i0ppa.tar 48s
PUT /tmp/ktest_lustre_mainline_native_cw2i0ppa.tar 48s
PUT /tmp/ktest-kernel.tar.gz 49s
PUT /tmp/ktest_lustre_mainline_native_cw2i0ppa.tar 48s
PUT /tmp/ktest_lustre_mainline_native_cw2i0ppa.tar 48s
PUT /tmp/ktest-lustre.tar.gz 53s
PUT /tmp/ktest-lustre.tar.gz 83s
PUT /tmp/ktest_lustre_mainline_native_cw2i0ppa.tar 30s
PUT /tmp/ktest_lustre_mainline_native_cw2i0ppa.tar 74s
END cc-plugin tool cc-plugin FAIL 166s (exit code: 127)
END boot run tests/fs/lustre/boot.ktest PASS 177s
END clang-tidy tool clang-tidy PASS 187s
END mgs-setup run tests/fs/lustre/mgs-setup.ktest PASS 191s
END sanity-2 run tests/fs/lustre/sanity/sanity-2.ktest PASS 197s
END sanity-1 run tests/fs/lustre/sanity/sanity-1.ktest PASS 209s
END sanity-3 run tests/fs/lustre/sanity/sanity-3.ktest PASS 212s
END sanity-4 run tests/fs/lustre/sanity/sanity-4.ktest PASS 222s
END llmount run tests/fs/lustre/llmount.ktest PASS 262s

============================================================
Final Results:
  checkpatch: PASS (10s) (log: /var/www/ci-lustre/upstream-patch-review/d494a7ad418b81f249bb736f662185ce25e4b43b_checkpatch.log)
  u24: PASS (68s) (log: /var/www/ci-lustre/upstream-patch-review/d494a7ad418b81f249bb736f662185ce25e4b43b_u24.log)
  al2023: PASS (68s) (log: /var/www/ci-lustre/upstream-patch-review/d494a7ad418b81f249bb736f662185ce25e4b43b_al2023.log)
  lustre_mainline_strict: FAIL (139s) (log: /var/www/ci-lustre/upstream-patch-review/d494a7ad418b81f249bb736f662185ce25e4b43b_lustre_mainline_strict.log)
  lustre_mainline: PASS (144s) (log: /var/www/ci-lustre/upstream-patch-review/d494a7ad418b81f249bb736f662185ce25e4b43b_lustre_mainline.log)
  lustre_mainline_native: PASS (145s) (log: /var/www/ci-lustre/upstream-patch-review/d494a7ad418b81f249bb736f662185ce25e4b43b_lustre_mainline_native.log)
  clang-tidy: PASS (187s) (log: /var/www/ci-lustre/upstream-patch-review/d494a7ad418b81f249bb736f662185ce25e4b43b_clang-tidy.log)
  cc-plugin: FAIL (166s) (log: /var/www/ci-lustre/upstream-patch-review/d494a7ad418b81f249bb736f662185ce25e4b43b_cc-plugin.log)
  boot: PASS (177s) (log: /var/www/ci-lustre/upstream-patch-review/d494a7ad418b81f249bb736f662185ce25e4b43b_boot.log)
  llmount: PASS (262s) (log: /var/www/ci-lustre/upstream-patch-review/d494a7ad418b81f249bb736f662185ce25e4b43b_llmount.log)
  mgs-setup: PASS (191s) (log: /var/www/ci-lustre/upstream-patch-review/d494a7ad418b81f249bb736f662185ce25e4b43b_mgs-setup.log)
  sanity-1: PASS (209s) (log: /var/www/ci-lustre/upstream-patch-review/d494a7ad418b81f249bb736f662185ce25e4b43b_sanity-1.log)
  sanity-2: PASS (197s) (log: /var/www/ci-lustre/upstream-patch-review/d494a7ad418b81f249bb736f662185ce25e4b43b_sanity-2.log)
  sanity-3: PASS (212s) (log: /var/www/ci-lustre/upstream-patch-review/d494a7ad418b81f249bb736f662185ce25e4b43b_sanity-3.log)
  sanity-4: PASS (222s) (log: /var/www/ci-lustre/upstream-patch-review/d494a7ad418b81f249bb736f662185ce25e4b43b_sanity-4.log)

Total execution time: 440s
