CLI: ./podman-ktest --podman-socket unix:///run/podman/podman.sock --shared-filesystem /tmp --tarball-input job lustre-ci --output /var/www/ci-lustre/upstream-patch-review --git-hash d5bef6d51493298c48b9f2a4866ea82c55dde217 --change-id 67142_d5bef6d51493298c48b9f2a4866ea82c55dde217 --subject LU-20290 lnet: add servicenode discovery visibility policy

Environment validated successfully
Note: custom LLVM is not synced in tarball input mode
Creating kernel tarball at /tmp/ktest-kernel.tar.gz...
Creating lustre tarball at /tmp/ktest-lustre.tar.gz...
Creating ZFS tarball at /tmp/ktest-zfs.tar.gz...
Executing 14 jobs
Jobs will start as soon as their dependencies are satisfied
Using tarball input mode

START al2023:al2023 build tests/fs/lustre/boot.ktest
START u24:u24 build tests/fs/lustre/boot.ktest
START checkpatch:checkpatch tool checkpatch
START ml:lustre_mainline build tests/fs/lustre/boot.ktest
START ml-miscvm:lustre_mainline_native build tests/fs/lustre/boot.ktest
START ml-strict:lustre_mainline build tests/fs/lustre/boot-strict.ktest
PUT /tmp/ktest-lustre.tar.gz 1s
PUT /tmp/ktest-lustre.tar.gz 1s
PUT /tmp/ktest-kernel.tar.gz 8s
PUT /tmp/ktest-kernel.tar.gz 8s
PUT /tmp/ktest-kernel.tar.gz 9s
PUT /tmp/ktest-kernel.tar.gz 9s
PUT /tmp/ktest-lustre.tar.gz 3s
PUT /tmp/ktest-lustre.tar.gz 3s
PUT /tmp/ktest-lustre.tar.gz 3s
PUT /tmp/ktest-lustre.tar.gz 3s
PUT /tmp/ktest-zfs.tar.gz 0s
PUT /tmp/ktest-zfs.tar.gz 0s
PUT /tmp/ktest-zfs.tar.gz 0s
END checkpatch:checkpatch tool checkpatch FAIL 16s (exit code: 1)
END u24:u24 build tests/fs/lustre/boot.ktest PASS 57s
END al2023:al2023 build tests/fs/lustre/boot.ktest PASS 57s
GET /tmp/ktest_ml-miscvm:lustre_mainline_native_0cu4_46x.tar 0s
END ml-miscvm:lustre_mainline_native build tests/fs/lustre/boot.ktest PASS 164s
START ml-miscvm:boot run tests/fs/lustre/boot.ktest
START ml-miscvm:llmount run tests/fs/lustre/llmount.ktest
START ml-miscvm:llog-unit run tests/fs/lustre/llog-unit.ktest
START ml-miscvm:mgs-setup run tests/fs/lustre/mgs-setup.ktest
START ml-miscvm:sanity-1 run tests/fs/lustre/sanity/sanity-1.ktest
START ml-miscvm:sanity-2 run tests/fs/lustre/sanity/sanity-2.ktest
START ml-miscvm:sanity-3 run tests/fs/lustre/sanity/sanity-3.ktest
START ml-miscvm:sanity-4 run tests/fs/lustre/sanity/sanity-4.ktest
GET /tmp/ktest_ml:lustre_mainline_1yvga9zz.tar 0s
END ml:lustre_mainline build tests/fs/lustre/boot.ktest PASS 167s
GET /tmp/ktest_ml-strict:lustre_mainline_oblew7qr.tar 6s
END ml-strict:lustre_mainline build tests/fs/lustre/boot-strict.ktest FAIL 173s (exit code: 1)
PUT /tmp/ktest-kernel.tar.gz 48s
PUT /tmp/ktest-kernel.tar.gz 48s
PUT /tmp/ktest-kernel.tar.gz 47s
PUT /tmp/ktest-kernel.tar.gz 48s
PUT /tmp/ktest-kernel.tar.gz 51s
PUT /tmp/ktest-kernel.tar.gz 53s
PUT /tmp/ktest-lustre.tar.gz 7s
PUT /tmp/ktest-kernel.tar.gz 51s
PUT /tmp/ktest-lustre.tar.gz 8s
PUT /tmp/ktest-lustre.tar.gz 12s
PUT /tmp/ktest-lustre.tar.gz 10s
PUT /tmp/ktest-lustre.tar.gz 12s
PUT /tmp/ktest-lustre.tar.gz 5s
PUT /tmp/ktest_ml-miscvm:lustre_mainline_native_0cu4_46x.tar 5s
PUT /tmp/ktest_ml-miscvm:lustre_mainline_native_0cu4_46x.tar 0s
PUT /tmp/ktest_ml-miscvm:lustre_mainline_native_0cu4_46x.tar 1s
PUT /tmp/ktest_ml-miscvm:lustre_mainline_native_0cu4_46x.tar 2s
PUT /tmp/ktest_ml-miscvm:lustre_mainline_native_0cu4_46x.tar 2s
PUT /tmp/ktest_ml-miscvm:lustre_mainline_native_0cu4_46x.tar 2s
PUT /tmp/ktest-lustre.tar.gz 6s
PUT /tmp/ktest_ml-miscvm:lustre_mainline_native_0cu4_46x.tar 0s
PUT /tmp/ktest-kernel.tar.gz 16s
PUT /tmp/ktest-lustre.tar.gz 2s
PUT /tmp/ktest_ml-miscvm:lustre_mainline_native_0cu4_46x.tar 0s
END ml-miscvm:boot run tests/fs/lustre/boot.ktest PASS 80s
END ml-miscvm:mgs-setup run tests/fs/lustre/mgs-setup.ktest PASS 94s
END ml-miscvm:sanity-3 run tests/fs/lustre/sanity/sanity-3.ktest PASS 122s
END ml-miscvm:sanity-2 run tests/fs/lustre/sanity/sanity-2.ktest PASS 123s
END ml-miscvm:sanity-4 run tests/fs/lustre/sanity/sanity-4.ktest PASS 132s
END ml-miscvm:sanity-1 run tests/fs/lustre/sanity/sanity-1.ktest PASS 135s
END ml-miscvm:llmount run tests/fs/lustre/llmount.ktest PASS 145s
END ml-miscvm:llog-unit run tests/fs/lustre/llog-unit.ktest FAIL 170s (exit code: 1)

============================================================
Final Results:
  checkpatch:checkpatch: FAIL (16s) (log: /var/www/ci-lustre/upstream-patch-review/d5bef6d51493298c48b9f2a4866ea82c55dde217_checkpatch:checkpatch.log)
  u24:u24: PASS (57s) (log: /var/www/ci-lustre/upstream-patch-review/d5bef6d51493298c48b9f2a4866ea82c55dde217_u24:u24.log)
  al2023:al2023: PASS (57s) (log: /var/www/ci-lustre/upstream-patch-review/d5bef6d51493298c48b9f2a4866ea82c55dde217_al2023:al2023.log)
  ml-strict:lustre_mainline: FAIL (173s) (log: /var/www/ci-lustre/upstream-patch-review/d5bef6d51493298c48b9f2a4866ea82c55dde217_ml-strict:lustre_mainline.log)
  ml:lustre_mainline: PASS (167s) (log: /var/www/ci-lustre/upstream-patch-review/d5bef6d51493298c48b9f2a4866ea82c55dde217_ml:lustre_mainline.log)
  ml-miscvm:lustre_mainline_native: PASS (164s) (log: /var/www/ci-lustre/upstream-patch-review/d5bef6d51493298c48b9f2a4866ea82c55dde217_ml-miscvm:lustre_mainline_native.log)
  ml-miscvm:boot: PASS (80s) (log: /var/www/ci-lustre/upstream-patch-review/d5bef6d51493298c48b9f2a4866ea82c55dde217_ml-miscvm:boot.log)
  ml-miscvm:llmount: PASS (145s) (log: /var/www/ci-lustre/upstream-patch-review/d5bef6d51493298c48b9f2a4866ea82c55dde217_ml-miscvm:llmount.log)
  ml-miscvm:llog-unit: FAIL (170s) (log: /var/www/ci-lustre/upstream-patch-review/d5bef6d51493298c48b9f2a4866ea82c55dde217_ml-miscvm:llog-unit.log)
  ml-miscvm:mgs-setup: PASS (94s) (log: /var/www/ci-lustre/upstream-patch-review/d5bef6d51493298c48b9f2a4866ea82c55dde217_ml-miscvm:mgs-setup.log)
  ml-miscvm:sanity-1: PASS (135s) (log: /var/www/ci-lustre/upstream-patch-review/d5bef6d51493298c48b9f2a4866ea82c55dde217_ml-miscvm:sanity-1.log)
  ml-miscvm:sanity-2: PASS (123s) (log: /var/www/ci-lustre/upstream-patch-review/d5bef6d51493298c48b9f2a4866ea82c55dde217_ml-miscvm:sanity-2.log)
  ml-miscvm:sanity-3: PASS (122s) (log: /var/www/ci-lustre/upstream-patch-review/d5bef6d51493298c48b9f2a4866ea82c55dde217_ml-miscvm:sanity-3.log)
  ml-miscvm:sanity-4: PASS (132s) (log: /var/www/ci-lustre/upstream-patch-review/d5bef6d51493298c48b9f2a4866ea82c55dde217_ml-miscvm:sanity-4.log)

Total execution time: 364s
