CLI: ./podman-ktest --podman-socket unix:///run/podman/podman.sock --shared-filesystem /tmp --tarball-input job lustre-ci --output /var/www/ci-lustre/upstream-patch-review --git-hash d67aa3236cb498e2b2a2a913373d4c0bf8ae90b8 --change-id 65761_d67aa3236cb498e2b2a2a913373d4c0bf8ae90b8 --subject LU-10026 utils: add 'lfs find' support for compressed file

  Checking /dev/kvm exists... OK
  Checking /dev/kvm permissions... OK
  Creating ccache directory... OK
  Checking ccache directory writable... OK
  Creating package output directory... OK

Environment validated successfully
Creating kernel tarball at /tmp/ktest-kernel.tar.gz...
Creating lustre tarball at /tmp/ktest-lustre.tar.gz...
Creating ZFS tarball at /tmp/ktest-zfs.tar.gz...
Executing 13 jobs
Jobs will start as soon as their dependencies are satisfied
Using tarball input mode

START lustre_mainline_native build tests/fs/lustre/boot.ktest
START u24 build tests/fs/lustre/boot.ktest
START lustre_mainline_strict build tests/fs/lustre/boot-strict.ktest
START al2023 build tests/fs/lustre/boot.ktest
START lustre_mainline build tests/fs/lustre/boot.ktest
START checkpatch tool checkpatch
PUT /tmp/ktest-lustre.tar.gz 2s
PUT /tmp/ktest-lustre.tar.gz 3s
PUT /tmp/ktest-kernel.tar.gz 6s
PUT /tmp/ktest-kernel.tar.gz 6s
PUT /tmp/ktest-kernel.tar.gz 6s
PUT /tmp/ktest-kernel.tar.gz 6s
PUT /tmp/ktest-lustre.tar.gz 1s
PUT /tmp/ktest-lustre.tar.gz 1s
PUT /tmp/ktest-lustre.tar.gz 1s
PUT /tmp/ktest-lustre.tar.gz 1s
PUT /tmp/ktest-zfs.tar.gz 0s
PUT /tmp/ktest-zfs.tar.gz 0s
PUT /tmp/ktest-zfs.tar.gz 0s
END checkpatch tool checkpatch FAIL 10s (exit code: 1)
END al2023 build tests/fs/lustre/boot.ktest PASS 64s
END u24 build tests/fs/lustre/boot.ktest PASS 68s
GET /tmp/ktest_lustre_mainline_strict_zra5h1mf.tar 7s
GET /tmp/ktest_lustre_mainline_27zgulal.tar 7s
GET /tmp/ktest_lustre_mainline_native_jd8mnie9.tar 7s
END lustre_mainline_strict build tests/fs/lustre/boot-strict.ktest FAIL 137s (exit code: 1)
END lustre_mainline build tests/fs/lustre/boot.ktest FAIL 138s (exit code: 1)
END lustre_mainline_native build tests/fs/lustre/boot.ktest FAIL 140s (exit code: 1)

============================================================
Final Results:
  checkpatch: FAIL (10s) (log: /var/www/ci-lustre/upstream-patch-review/d67aa3236cb498e2b2a2a913373d4c0bf8ae90b8_checkpatch.log)
  u24: PASS (68s) (log: /var/www/ci-lustre/upstream-patch-review/d67aa3236cb498e2b2a2a913373d4c0bf8ae90b8_u24.log)
  al2023: PASS (64s) (log: /var/www/ci-lustre/upstream-patch-review/d67aa3236cb498e2b2a2a913373d4c0bf8ae90b8_al2023.log)
  lustre_mainline_strict: FAIL (137s) (log: /var/www/ci-lustre/upstream-patch-review/d67aa3236cb498e2b2a2a913373d4c0bf8ae90b8_lustre_mainline_strict.log)
  lustre_mainline: FAIL (138s) (log: /var/www/ci-lustre/upstream-patch-review/d67aa3236cb498e2b2a2a913373d4c0bf8ae90b8_lustre_mainline.log)
  lustre_mainline_native: FAIL (140s) (log: /var/www/ci-lustre/upstream-patch-review/d67aa3236cb498e2b2a2a913373d4c0bf8ae90b8_lustre_mainline_native.log)
  boot: SKIPPED (due to dependency failure)
  llmount: SKIPPED (due to dependency failure)
  mgs-setup: SKIPPED (due to dependency failure)
  sanity-1: SKIPPED (due to dependency failure)
  sanity-2: SKIPPED (due to dependency failure)
  sanity-3: SKIPPED (due to dependency failure)
  sanity-4: SKIPPED (due to dependency failure)

Total execution time: 171s
