CLI: ./podman-ktest --podman-socket unix:///run/podman/podman.sock --shared-filesystem /tmp --tarball-input job lustre-ci --output /var/www/ci-lustre/upstream-patch-review --git-hash d6a50c68cdf9b92ad47f02d6813758b09143b334 --change-id 56422_d6a50c68cdf9b92ad47f02d6813758b09143b334 --subject LU-18231 obd: change obd_starting into OBDF_STARTING

  Checking /dev/kvm exists... OK
  Checking /dev/kvm permissions... OK
  Creating ccache directory... OK
  Checking ccache directory writable... OK

Environment validated successfully
Creating kernel tarball at /tmp/ktest-kernel.tar.gz...
Creating lustre tarball at /tmp/ktest-lustre.tar.gz...
Executing 16 jobs
Jobs will start as soon as their dependencies are satisfied
Using tarball input mode

START lustre_mainline_native build tests/fs/lustre/boot.ktest
START lustre_al2023 build tests/fs/lustre/boot.ktest
START lustre_mainline build tests/fs/lustre/boot.ktest
START checkpatch tool checkpatch
START lustre_mainline_strict build tests/fs/lustre/boot-strict.ktest
START lustre_u24 build tests/fs/lustre/boot.ktest
PUT /tmp/ktest-kernel.tar.gz 8s
PUT /tmp/ktest-kernel.tar.gz 8s
PUT /tmp/ktest-kernel.tar.gz 8s
PUT /tmp/ktest-kernel.tar.gz 8s
PUT /tmp/ktest-kernel.tar.gz 8s
PUT /tmp/ktest-kernel.tar.gz 9s
PUT /tmp/ktest-lustre.tar.gz 1s
PUT /tmp/ktest-lustre.tar.gz 2s
PUT /tmp/ktest-lustre.tar.gz 2s
PUT /tmp/ktest-lustre.tar.gz 2s
PUT /tmp/ktest-lustre.tar.gz 2s
PUT /tmp/ktest-lustre.tar.gz 2s
END checkpatch tool checkpatch PASS 13s
END lustre_u24 build tests/fs/lustre/boot.ktest FAIL 19s (exit code: 2)
END lustre_al2023 build tests/fs/lustre/boot.ktest FAIL 46s (exit code: 2)
GET /tmp/ktest_lustre_mainline_0se6u8yo.tar 6s
GET /tmp/ktest_lustre_mainline_strict_plzxggbj.tar 6s
GET /tmp/ktest_lustre_mainline_native_ca_6bfop.tar 6s
END lustre_mainline build tests/fs/lustre/boot.ktest FAIL 83s (exit code: 1)
END lustre_mainline_strict build tests/fs/lustre/boot-strict.ktest FAIL 85s (exit code: 1)
END lustre_mainline_native build tests/fs/lustre/boot.ktest FAIL 86s (exit code: 1)

============================================================
Final Results:
  checkpatch: PASS (13s) (log: /var/www/ci-lustre/upstream-patch-review/d6a50c68cdf9b92ad47f02d6813758b09143b334_checkpatch.log)
  lustre_u24: FAIL (19s) (log: /var/www/ci-lustre/upstream-patch-review/d6a50c68cdf9b92ad47f02d6813758b09143b334_lustre_u24.log)
  lustre_al2023: FAIL (46s) (log: /var/www/ci-lustre/upstream-patch-review/d6a50c68cdf9b92ad47f02d6813758b09143b334_lustre_al2023.log)
  lustre_mainline_strict: FAIL (85s) (log: /var/www/ci-lustre/upstream-patch-review/d6a50c68cdf9b92ad47f02d6813758b09143b334_lustre_mainline_strict.log)
  lustre_mainline: FAIL (83s) (log: /var/www/ci-lustre/upstream-patch-review/d6a50c68cdf9b92ad47f02d6813758b09143b334_lustre_mainline.log)
  lustre_mainline_native: FAIL (86s) (log: /var/www/ci-lustre/upstream-patch-review/d6a50c68cdf9b92ad47f02d6813758b09143b334_lustre_mainline_native.log)
  clang-tidy: SKIPPED (due to dependency failure)
  cc-plugin: SKIPPED (due to dependency failure)
  boot: SKIPPED (due to dependency failure)
  llmount: SKIPPED (due to dependency failure)
  llog-unit: SKIPPED (due to dependency failure)
  mgs-setup: SKIPPED (due to dependency failure)
  sanity-1: SKIPPED (due to dependency failure)
  sanity-2: SKIPPED (due to dependency failure)
  sanity-3: SKIPPED (due to dependency failure)
  sanity-4: SKIPPED (due to dependency failure)

Total execution time: 117s
