CLI: ./podman-ktest --podman-socket unix:///run/podman/podman.sock --shared-filesystem /tmp --tarball-input job lustre-ci --output /var/www/ci-lustre/upstream-patch-review --git-hash d7524102798ab3ddc09e3ff7b8dcdbf7a3f060ad --change-id 65662_d7524102798ab3ddc09e3ff7b8dcdbf7a3f060ad --subject LU-20191 efalnd: Fix init conn return value check on probe

  Checking /dev/kvm exists... OK
  Checking /dev/kvm permissions... OK
  Creating ccache directory... OK
  Checking ccache directory writable... OK

Environment validated successfully
Creating kernel tarball at /tmp/ktest-kernel.tar.gz...
Creating lustre tarball at /tmp/ktest-lustre.tar.gz...
Creating ZFS tarball at /tmp/ktest-zfs.tar.gz...
Executing 15 jobs
Jobs will start as soon as their dependencies are satisfied
Using tarball input mode

START lustre_mainline build tests/fs/lustre/boot.ktest
START lustre_mainline_strict build tests/fs/lustre/boot-strict.ktest
START al2023 build tests/fs/lustre/boot.ktest
START u24 build tests/fs/lustre/boot.ktest
START lustre_mainline_native build tests/fs/lustre/boot.ktest
START checkpatch tool checkpatch
PUT /tmp/ktest-lustre.tar.gz 2s
PUT /tmp/ktest-lustre.tar.gz 3s
PUT /tmp/ktest-kernel.tar.gz 5s
PUT /tmp/ktest-kernel.tar.gz 5s
PUT /tmp/ktest-kernel.tar.gz 5s
PUT /tmp/ktest-kernel.tar.gz 5s
PUT /tmp/ktest-lustre.tar.gz 1s
PUT /tmp/ktest-lustre.tar.gz 1s
PUT /tmp/ktest-lustre.tar.gz 1s
PUT /tmp/ktest-lustre.tar.gz 1s
PUT /tmp/ktest-zfs.tar.gz 0s
PUT /tmp/ktest-zfs.tar.gz 0s
PUT /tmp/ktest-zfs.tar.gz 0s
END checkpatch tool checkpatch PASS 9s
END u24 build tests/fs/lustre/boot.ktest PASS 74s
END al2023 build tests/fs/lustre/boot.ktest PASS 74s
GET /tmp/ktest_lustre_mainline_strict_st0pbfgs.tar 5s
END lustre_mainline_strict build tests/fs/lustre/boot-strict.ktest FAIL 140s (exit code: 1)
GET /tmp/ktest_lustre_mainline_native_9440uao2.tar 5s
GET /tmp/ktest_lustre_mainline_3fo0zraf.tar 5s
END lustre_mainline_native build tests/fs/lustre/boot.ktest PASS 146s
START clang-tidy tool clang-tidy
START cc-plugin tool cc-plugin
START boot run tests/fs/lustre/boot.ktest
START llmount run tests/fs/lustre/llmount.ktest
START mgs-setup run tests/fs/lustre/mgs-setup.ktest
START sanity-1 run tests/fs/lustre/sanity/sanity-1.ktest
START sanity-2 run tests/fs/lustre/sanity/sanity-2.ktest
START sanity-3 run tests/fs/lustre/sanity/sanity-3.ktest
START sanity-4 run tests/fs/lustre/sanity/sanity-4.ktest
END lustre_mainline build tests/fs/lustre/boot.ktest PASS 147s
PUT /tmp/ktest-kernel.tar.gz 33s
PUT /tmp/ktest_lustre_mainline_native_9440uao2.tar 36s
PUT /tmp/ktest_lustre_mainline_native_9440uao2.tar 36s
PUT /tmp/ktest_lustre_mainline_native_9440uao2.tar 36s
PUT /tmp/ktest_lustre_mainline_native_9440uao2.tar 36s
PUT /tmp/ktest_lustre_mainline_native_9440uao2.tar 36s
PUT /tmp/ktest_lustre_mainline_native_9440uao2.tar 36s
PUT /tmp/ktest-kernel.tar.gz 37s
PUT /tmp/ktest_lustre_mainline_native_9440uao2.tar 36s
PUT /tmp/ktest-lustre.tar.gz 66s
PUT /tmp/ktest-lustre.tar.gz 81s
PUT /tmp/ktest_lustre_mainline_native_9440uao2.tar 22s
PUT /tmp/ktest_lustre_mainline_native_9440uao2.tar 11s
END cc-plugin tool cc-plugin FAIL 130s (exit code: 127)
END boot run tests/fs/lustre/boot.ktest PASS 132s
END mgs-setup run tests/fs/lustre/mgs-setup.ktest PASS 142s
END clang-tidy tool clang-tidy PASS 147s
END sanity-1 run tests/fs/lustre/sanity/sanity-1.ktest PASS 153s
END sanity-3 run tests/fs/lustre/sanity/sanity-3.ktest PASS 163s
END sanity-2 run tests/fs/lustre/sanity/sanity-2.ktest PASS 164s
END sanity-4 run tests/fs/lustre/sanity/sanity-4.ktest PASS 165s
END llmount run tests/fs/lustre/llmount.ktest PASS 229s

============================================================
Final Results:
  checkpatch: PASS (9s) (log: /var/www/ci-lustre/upstream-patch-review/d7524102798ab3ddc09e3ff7b8dcdbf7a3f060ad_checkpatch.log)
  u24: PASS (74s) (log: /var/www/ci-lustre/upstream-patch-review/d7524102798ab3ddc09e3ff7b8dcdbf7a3f060ad_u24.log)
  al2023: PASS (74s) (log: /var/www/ci-lustre/upstream-patch-review/d7524102798ab3ddc09e3ff7b8dcdbf7a3f060ad_al2023.log)
  lustre_mainline_strict: FAIL (140s) (log: /var/www/ci-lustre/upstream-patch-review/d7524102798ab3ddc09e3ff7b8dcdbf7a3f060ad_lustre_mainline_strict.log)
  lustre_mainline: PASS (147s) (log: /var/www/ci-lustre/upstream-patch-review/d7524102798ab3ddc09e3ff7b8dcdbf7a3f060ad_lustre_mainline.log)
  lustre_mainline_native: PASS (146s) (log: /var/www/ci-lustre/upstream-patch-review/d7524102798ab3ddc09e3ff7b8dcdbf7a3f060ad_lustre_mainline_native.log)
  clang-tidy: PASS (147s) (log: /var/www/ci-lustre/upstream-patch-review/d7524102798ab3ddc09e3ff7b8dcdbf7a3f060ad_clang-tidy.log)
  cc-plugin: FAIL (130s) (log: /var/www/ci-lustre/upstream-patch-review/d7524102798ab3ddc09e3ff7b8dcdbf7a3f060ad_cc-plugin.log)
  boot: PASS (132s) (log: /var/www/ci-lustre/upstream-patch-review/d7524102798ab3ddc09e3ff7b8dcdbf7a3f060ad_boot.log)
  llmount: PASS (229s) (log: /var/www/ci-lustre/upstream-patch-review/d7524102798ab3ddc09e3ff7b8dcdbf7a3f060ad_llmount.log)
  mgs-setup: PASS (142s) (log: /var/www/ci-lustre/upstream-patch-review/d7524102798ab3ddc09e3ff7b8dcdbf7a3f060ad_mgs-setup.log)
  sanity-1: PASS (153s) (log: /var/www/ci-lustre/upstream-patch-review/d7524102798ab3ddc09e3ff7b8dcdbf7a3f060ad_sanity-1.log)
  sanity-2: PASS (164s) (log: /var/www/ci-lustre/upstream-patch-review/d7524102798ab3ddc09e3ff7b8dcdbf7a3f060ad_sanity-2.log)
  sanity-3: PASS (163s) (log: /var/www/ci-lustre/upstream-patch-review/d7524102798ab3ddc09e3ff7b8dcdbf7a3f060ad_sanity-3.log)
  sanity-4: PASS (165s) (log: /var/www/ci-lustre/upstream-patch-review/d7524102798ab3ddc09e3ff7b8dcdbf7a3f060ad_sanity-4.log)

Total execution time: 407s
