CLI: ./podman-ktest --podman-socket unix:///run/podman/podman.sock --shared-filesystem /tmp --tarball-input job mainline-zfs --output /var/www/ci-lustre/upstream-patch-review --git-hash d7611901e2ccac47c96216390c300b6b80cc534c_mainline-zfs --change-id master-next_d7611901e2ccac47c96216390c300b6b80cc534c_mainline-zfs --subject [mainline-zfs] Staging branch for new changes

Environment validated successfully
Creating kernel tarball at /tmp/ktest-kernel.tar.gz...
Creating lustre tarball at /tmp/ktest-lustre.tar.gz...
Creating ZFS tarball at /tmp/ktest-zfs.tar.gz...
Executing 11 jobs
Jobs will start as soon as their dependencies are satisfied
Using tarball input mode

START ml-zfs-llmount:lustre_mainline build tests/fs/lustre/llmount.ktest
START ml-zfs-miscvm:lustre_mainline_native build tests/fs/lustre/boot.ktest
PUT /tmp/ktest-kernel.tar.gz 5s
PUT /tmp/ktest-kernel.tar.gz 5s
PUT /tmp/ktest-lustre.tar.gz 0s
PUT /tmp/ktest-lustre.tar.gz 0s
PUT /tmp/ktest-zfs.tar.gz 0s
PUT /tmp/ktest-zfs.tar.gz 0s
GET /tmp/ktest_ml-zfs-llmount:lustre_mainline_1itmyu70.tar 3s
GET /tmp/ktest_ml-zfs-miscvm:lustre_mainline_native_akd18z6p.tar 4s
END ml-zfs-llmount:lustre_mainline build tests/fs/lustre/llmount.ktest FAIL 101s (exit code: 1)
END ml-zfs-miscvm:lustre_mainline_native build tests/fs/lustre/boot.ktest FAIL 103s (exit code: 1)

============================================================
Final Results:
  ml-zfs-llmount:lustre_mainline: FAIL (101s) (log: /var/www/ci-lustre/upstream-patch-review/d7611901e2ccac47c96216390c300b6b80cc534c_mainline-zfs_ml-zfs-llmount:lustre_mainline.log)
  ml-zfs-llmount:boot: SKIPPED (due to dependency failure)
  ml-zfs-miscvm:lustre_mainline_native: FAIL (103s) (log: /var/www/ci-lustre/upstream-patch-review/d7611901e2ccac47c96216390c300b6b80cc534c_mainline-zfs_ml-zfs-miscvm:lustre_mainline_native.log)
  ml-zfs-miscvm:boot: SKIPPED (due to dependency failure)
  ml-zfs-miscvm:llmount: SKIPPED (due to dependency failure)
  ml-zfs-miscvm:llog-unit: SKIPPED (due to dependency failure)
  ml-zfs-miscvm:mgs-setup: SKIPPED (due to dependency failure)
  ml-zfs-miscvm:sanity-1: SKIPPED (due to dependency failure)
  ml-zfs-miscvm:sanity-2: SKIPPED (due to dependency failure)
  ml-zfs-miscvm:sanity-3: SKIPPED (due to dependency failure)
  ml-zfs-miscvm:sanity-4: SKIPPED (due to dependency failure)

Total execution time: 133s
