CLI: ./podman-ktest --podman-socket unix:///run/podman/podman.sock --shared-filesystem /tmp --tarball-input job lustre-ci --output /var/www/ci-lustre/upstream-patch-review --git-hash d80c9c29bfcc1cec80e7a3d69bfede9492d337ff --change-id 66190_d80c9c29bfcc1cec80e7a3d69bfede9492d337ff --subject LU-12550 ldlm: extent expansion with new_contention signal

  Checking /dev/kvm exists... OK
  Checking /dev/kvm permissions... OK
  Creating ccache directory... OK
  Checking ccache directory writable... OK
  Creating package output directory... OK

Environment validated successfully
Creating kernel tarball at /tmp/ktest-kernel.tar.gz...
Creating lustre tarball at /tmp/ktest-lustre.tar.gz...
Creating ZFS tarball at /tmp/ktest-zfs.tar.gz...
Executing 13 jobs
Jobs will start as soon as their dependencies are satisfied
Using tarball input mode

START lustre_mainline_strict build tests/fs/lustre/boot-strict.ktest
START lustre_mainline build tests/fs/lustre/boot.ktest
START checkpatch tool checkpatch
START al2023 build tests/fs/lustre/boot.ktest
START lustre_mainline_native build tests/fs/lustre/boot.ktest
START u24 build tests/fs/lustre/boot.ktest
PUT /tmp/ktest-lustre.tar.gz 1s
PUT /tmp/ktest-lustre.tar.gz 1s
PUT /tmp/ktest-kernel.tar.gz 6s
PUT /tmp/ktest-kernel.tar.gz 6s
PUT /tmp/ktest-kernel.tar.gz 6s
PUT /tmp/ktest-kernel.tar.gz 6s
PUT /tmp/ktest-lustre.tar.gz 1s
PUT /tmp/ktest-lustre.tar.gz 1s
PUT /tmp/ktest-lustre.tar.gz 1s
PUT /tmp/ktest-lustre.tar.gz 1s
PUT /tmp/ktest-zfs.tar.gz 0s
PUT /tmp/ktest-zfs.tar.gz 0s
PUT /tmp/ktest-zfs.tar.gz 0s
END checkpatch tool checkpatch PASS 10s
END al2023 build tests/fs/lustre/boot.ktest PASS 59s
END u24 build tests/fs/lustre/boot.ktest PASS 64s
GET /tmp/ktest_lustre_mainline_strict_8246lxho.tar 5s
END lustre_mainline_strict build tests/fs/lustre/boot-strict.ktest FAIL 114s (exit code: 1)
GET /tmp/ktest_lustre_mainline_f9g_n7mw.tar 0s
GET /tmp/ktest_lustre_mainline_native_znimir8a.tar 0s
END lustre_mainline build tests/fs/lustre/boot.ktest PASS 116s
END lustre_mainline_native build tests/fs/lustre/boot.ktest PASS 117s
START boot run tests/fs/lustre/boot.ktest
START llmount run tests/fs/lustre/llmount.ktest
START mgs-setup run tests/fs/lustre/mgs-setup.ktest
START sanity-1 run tests/fs/lustre/sanity/sanity-1.ktest
START sanity-2 run tests/fs/lustre/sanity/sanity-2.ktest
START sanity-3 run tests/fs/lustre/sanity/sanity-3.ktest
START sanity-4 run tests/fs/lustre/sanity/sanity-4.ktest
PUT /tmp/ktest-kernel.tar.gz 12s
PUT /tmp/ktest-kernel.tar.gz 11s
PUT /tmp/ktest-kernel.tar.gz 12s
PUT /tmp/ktest-kernel.tar.gz 11s
PUT /tmp/ktest-kernel.tar.gz 12s
PUT /tmp/ktest-kernel.tar.gz 12s
PUT /tmp/ktest-kernel.tar.gz 12s
PUT /tmp/ktest-lustre.tar.gz 3s
PUT /tmp/ktest-lustre.tar.gz 2s
PUT /tmp/ktest-lustre.tar.gz 2s
PUT /tmp/ktest-lustre.tar.gz 2s
PUT /tmp/ktest-lustre.tar.gz 2s
PUT /tmp/ktest-lustre.tar.gz 3s
PUT /tmp/ktest-lustre.tar.gz 3s
PUT /tmp/ktest_lustre_mainline_native_znimir8a.tar 0s
PUT /tmp/ktest_lustre_mainline_native_znimir8a.tar 0s
PUT /tmp/ktest_lustre_mainline_native_znimir8a.tar 0s
PUT /tmp/ktest_lustre_mainline_native_znimir8a.tar 0s
PUT /tmp/ktest_lustre_mainline_native_znimir8a.tar 0s
PUT /tmp/ktest_lustre_mainline_native_znimir8a.tar 0s
PUT /tmp/ktest_lustre_mainline_native_znimir8a.tar 0s
END boot run tests/fs/lustre/boot.ktest PASS 115s
END mgs-setup run tests/fs/lustre/mgs-setup.ktest PASS 124s
END sanity-1 run tests/fs/lustre/sanity/sanity-1.ktest PASS 149s
END sanity-4 run tests/fs/lustre/sanity/sanity-4.ktest PASS 190s
END sanity-2 run tests/fs/lustre/sanity/sanity-2.ktest PASS 193s
END llmount run tests/fs/lustre/llmount.ktest PASS 195s
END sanity-3 run tests/fs/lustre/sanity/sanity-3.ktest PASS 204s

============================================================
Final Results:
  checkpatch: PASS (10s) (log: /var/www/ci-lustre/upstream-patch-review/d80c9c29bfcc1cec80e7a3d69bfede9492d337ff_checkpatch.log)
  u24: PASS (64s) (log: /var/www/ci-lustre/upstream-patch-review/d80c9c29bfcc1cec80e7a3d69bfede9492d337ff_u24.log)
  al2023: PASS (59s) (log: /var/www/ci-lustre/upstream-patch-review/d80c9c29bfcc1cec80e7a3d69bfede9492d337ff_al2023.log)
  lustre_mainline_strict: FAIL (114s) (log: /var/www/ci-lustre/upstream-patch-review/d80c9c29bfcc1cec80e7a3d69bfede9492d337ff_lustre_mainline_strict.log)
  lustre_mainline: PASS (116s) (log: /var/www/ci-lustre/upstream-patch-review/d80c9c29bfcc1cec80e7a3d69bfede9492d337ff_lustre_mainline.log)
  lustre_mainline_native: PASS (117s) (log: /var/www/ci-lustre/upstream-patch-review/d80c9c29bfcc1cec80e7a3d69bfede9492d337ff_lustre_mainline_native.log)
  boot: PASS (115s) (log: /var/www/ci-lustre/upstream-patch-review/d80c9c29bfcc1cec80e7a3d69bfede9492d337ff_boot.log)
  llmount: PASS (195s) (log: /var/www/ci-lustre/upstream-patch-review/d80c9c29bfcc1cec80e7a3d69bfede9492d337ff_llmount.log)
  mgs-setup: PASS (124s) (log: /var/www/ci-lustre/upstream-patch-review/d80c9c29bfcc1cec80e7a3d69bfede9492d337ff_mgs-setup.log)
  sanity-1: PASS (149s) (log: /var/www/ci-lustre/upstream-patch-review/d80c9c29bfcc1cec80e7a3d69bfede9492d337ff_sanity-1.log)
  sanity-2: PASS (193s) (log: /var/www/ci-lustre/upstream-patch-review/d80c9c29bfcc1cec80e7a3d69bfede9492d337ff_sanity-2.log)
  sanity-3: PASS (204s) (log: /var/www/ci-lustre/upstream-patch-review/d80c9c29bfcc1cec80e7a3d69bfede9492d337ff_sanity-3.log)
  sanity-4: PASS (190s) (log: /var/www/ci-lustre/upstream-patch-review/d80c9c29bfcc1cec80e7a3d69bfede9492d337ff_sanity-4.log)

Total execution time: 350s
