CLI: ./podman-ktest --podman-socket unix:///run/podman/podman.sock --shared-filesystem /tmp --tarball-input job lustre-ci --output /var/www/ci-lustre/upstream-patch-review --git-hash d8461c1fc4eed360c320fff680d88b71c8b38594 --change-id 66687_d8461c1fc4eed360c320fff680d88b71c8b38594 --subject LU-20379 lnet: don't fail route on local NI failure w/DD off

  Checking /dev/kvm exists... OK
  Checking /dev/kvm permissions... OK
  Creating ccache directory... OK
  Checking ccache directory writable... OK
  Creating package output directory... OK

Environment validated successfully
Creating kernel tarball at /tmp/ktest-kernel.tar.gz...
Creating lustre tarball at /tmp/ktest-lustre.tar.gz...
Creating ZFS tarball at /tmp/ktest-zfs.tar.gz...
Executing 13 jobs
Jobs will start as soon as their dependencies are satisfied
Using tarball input mode

START u24 build tests/fs/lustre/boot.ktest
START lustre_mainline_native build tests/fs/lustre/boot.ktest
START checkpatch tool checkpatch
START lustre_mainline_strict build tests/fs/lustre/boot-strict.ktest
START lustre_mainline build tests/fs/lustre/boot.ktest
START al2023 build tests/fs/lustre/boot.ktest
PUT /tmp/ktest-lustre.tar.gz 1s
PUT /tmp/ktest-lustre.tar.gz 1s
PUT /tmp/ktest-kernel.tar.gz 7s
PUT /tmp/ktest-kernel.tar.gz 7s
PUT /tmp/ktest-kernel.tar.gz 7s
PUT /tmp/ktest-kernel.tar.gz 7s
PUT /tmp/ktest-lustre.tar.gz 4s
PUT /tmp/ktest-lustre.tar.gz 3s
PUT /tmp/ktest-lustre.tar.gz 3s
PUT /tmp/ktest-lustre.tar.gz 3s
PUT /tmp/ktest-zfs.tar.gz 0s
PUT /tmp/ktest-zfs.tar.gz 0s
PUT /tmp/ktest-zfs.tar.gz 0s
END checkpatch tool checkpatch FAIL 13s (exit code: 1)
END al2023 build tests/fs/lustre/boot.ktest PASS 58s
END u24 build tests/fs/lustre/boot.ktest PASS 68s
GET /tmp/ktest_lustre_mainline_strict_bg44uyca.tar 6s
END lustre_mainline_strict build tests/fs/lustre/boot-strict.ktest FAIL 181s (exit code: 1)
GET /tmp/ktest_lustre_mainline_29r1rwd1.tar 0s
GET /tmp/ktest_lustre_mainline_native_oqk03uww.tar 0s
END lustre_mainline build tests/fs/lustre/boot.ktest PASS 194s
END lustre_mainline_native build tests/fs/lustre/boot.ktest PASS 195s
START boot run tests/fs/lustre/boot.ktest
START llmount run tests/fs/lustre/llmount.ktest
START mgs-setup run tests/fs/lustre/mgs-setup.ktest
START sanity-1 run tests/fs/lustre/sanity/sanity-1.ktest
START sanity-2 run tests/fs/lustre/sanity/sanity-2.ktest
START sanity-3 run tests/fs/lustre/sanity/sanity-3.ktest
START sanity-4 run tests/fs/lustre/sanity/sanity-4.ktest
PUT /tmp/ktest-kernel.tar.gz 40s
PUT /tmp/ktest-kernel.tar.gz 40s
PUT /tmp/ktest-kernel.tar.gz 40s
PUT /tmp/ktest-kernel.tar.gz 40s
PUT /tmp/ktest-kernel.tar.gz 40s
PUT /tmp/ktest-kernel.tar.gz 40s
PUT /tmp/ktest-kernel.tar.gz 41s
PUT /tmp/ktest-lustre.tar.gz 7s
PUT /tmp/ktest-lustre.tar.gz 7s
PUT /tmp/ktest-lustre.tar.gz 7s
PUT /tmp/ktest-lustre.tar.gz 7s
PUT /tmp/ktest-lustre.tar.gz 7s
PUT /tmp/ktest-lustre.tar.gz 7s
PUT /tmp/ktest-lustre.tar.gz 7s
PUT /tmp/ktest_lustre_mainline_native_oqk03uww.tar 0s
PUT /tmp/ktest_lustre_mainline_native_oqk03uww.tar 1s
PUT /tmp/ktest_lustre_mainline_native_oqk03uww.tar 1s
PUT /tmp/ktest_lustre_mainline_native_oqk03uww.tar 1s
PUT /tmp/ktest_lustre_mainline_native_oqk03uww.tar 1s
PUT /tmp/ktest_lustre_mainline_native_oqk03uww.tar 1s
PUT /tmp/ktest_lustre_mainline_native_oqk03uww.tar 1s
END boot run tests/fs/lustre/boot.ktest PASS 89s
END mgs-setup run tests/fs/lustre/mgs-setup.ktest PASS 99s
END sanity-4 run tests/fs/lustre/sanity/sanity-4.ktest PASS 128s
END sanity-1 run tests/fs/lustre/sanity/sanity-1.ktest PASS 129s
END sanity-2 run tests/fs/lustre/sanity/sanity-2.ktest PASS 130s
END sanity-3 run tests/fs/lustre/sanity/sanity-3.ktest PASS 139s
END llmount run tests/fs/lustre/llmount.ktest PASS 149s

============================================================
Final Results:
  checkpatch: FAIL (13s) (log: /var/www/ci-lustre/upstream-patch-review/d8461c1fc4eed360c320fff680d88b71c8b38594_checkpatch.log)
  u24: PASS (68s) (log: /var/www/ci-lustre/upstream-patch-review/d8461c1fc4eed360c320fff680d88b71c8b38594_u24.log)
  al2023: PASS (58s) (log: /var/www/ci-lustre/upstream-patch-review/d8461c1fc4eed360c320fff680d88b71c8b38594_al2023.log)
  lustre_mainline_strict: FAIL (181s) (log: /var/www/ci-lustre/upstream-patch-review/d8461c1fc4eed360c320fff680d88b71c8b38594_lustre_mainline_strict.log)
  lustre_mainline: PASS (194s) (log: /var/www/ci-lustre/upstream-patch-review/d8461c1fc4eed360c320fff680d88b71c8b38594_lustre_mainline.log)
  lustre_mainline_native: PASS (195s) (log: /var/www/ci-lustre/upstream-patch-review/d8461c1fc4eed360c320fff680d88b71c8b38594_lustre_mainline_native.log)
  boot: PASS (89s) (log: /var/www/ci-lustre/upstream-patch-review/d8461c1fc4eed360c320fff680d88b71c8b38594_boot.log)
  llmount: PASS (149s) (log: /var/www/ci-lustre/upstream-patch-review/d8461c1fc4eed360c320fff680d88b71c8b38594_llmount.log)
  mgs-setup: PASS (99s) (log: /var/www/ci-lustre/upstream-patch-review/d8461c1fc4eed360c320fff680d88b71c8b38594_mgs-setup.log)
  sanity-1: PASS (129s) (log: /var/www/ci-lustre/upstream-patch-review/d8461c1fc4eed360c320fff680d88b71c8b38594_sanity-1.log)
  sanity-2: PASS (130s) (log: /var/www/ci-lustre/upstream-patch-review/d8461c1fc4eed360c320fff680d88b71c8b38594_sanity-2.log)
  sanity-3: PASS (139s) (log: /var/www/ci-lustre/upstream-patch-review/d8461c1fc4eed360c320fff680d88b71c8b38594_sanity-3.log)
  sanity-4: PASS (128s) (log: /var/www/ci-lustre/upstream-patch-review/d8461c1fc4eed360c320fff680d88b71c8b38594_sanity-4.log)

Total execution time: 373s
