CLI: ./podman-ktest --podman-socket unix:///run/podman/podman.sock --shared-filesystem /tmp --tarball-input job lustre-ci --output /var/www/ci-lustre/upstream-patch-review --git-hash d9a4b2a60a0eb6e28108e1dd3a19d72e301f518d --change-id 64056_d9a4b2a60a0eb6e28108e1dd3a19d72e301f518d --subject LU-19878 tests: conf-sanity/155 to wait for precreations

Environment validated successfully
Creating kernel tarball at /tmp/ktest-kernel.tar.gz...
Creating lustre tarball at /tmp/ktest-lustre.tar.gz...
Creating ZFS tarball at /tmp/ktest-zfs.tar.gz...
Executing 14 jobs
Jobs will start as soon as their dependencies are satisfied
Using tarball input mode

START al2023:al2023 build tests/fs/lustre/boot.ktest
START u24:u24 build tests/fs/lustre/boot.ktest
START ml:lustre_mainline build tests/fs/lustre/boot.ktest
START ml-miscvm:lustre_mainline_native build tests/fs/lustre/boot.ktest
START checkpatch:checkpatch tool checkpatch
START ml-strict:lustre_mainline build tests/fs/lustre/boot-strict.ktest
PUT /tmp/ktest-lustre.tar.gz 1s
PUT /tmp/ktest-lustre.tar.gz 1s
PUT /tmp/ktest-kernel.tar.gz 7s
PUT /tmp/ktest-kernel.tar.gz 7s
PUT /tmp/ktest-kernel.tar.gz 7s
PUT /tmp/ktest-kernel.tar.gz 7s
PUT /tmp/ktest-lustre.tar.gz 1s
PUT /tmp/ktest-lustre.tar.gz 1s
PUT /tmp/ktest-lustre.tar.gz 1s
PUT /tmp/ktest-lustre.tar.gz 1s
PUT /tmp/ktest-zfs.tar.gz 0s
PUT /tmp/ktest-zfs.tar.gz 0s
PUT /tmp/ktest-zfs.tar.gz 0s
END checkpatch:checkpatch tool checkpatch FAIL 11s (exit code: 1)
END al2023:al2023 build tests/fs/lustre/boot.ktest PASS 52s
END u24:u24 build tests/fs/lustre/boot.ktest PASS 54s
GET /tmp/ktest_ml-strict:lustre_mainline_0fl427qu.tar 6s
END ml-strict:lustre_mainline build tests/fs/lustre/boot-strict.ktest FAIL 175s (exit code: 1)
GET /tmp/ktest_ml-miscvm:lustre_mainline_native_m03std1f.tar 0s
GET /tmp/ktest_ml:lustre_mainline_83si4_qn.tar 0s
END ml-miscvm:lustre_mainline_native build tests/fs/lustre/boot.ktest PASS 178s
START ml-miscvm:boot run tests/fs/lustre/boot.ktest
START ml-miscvm:llmount run tests/fs/lustre/llmount.ktest
START ml-miscvm:llog-unit run tests/fs/lustre/llog-unit.ktest
START ml-miscvm:mgs-setup run tests/fs/lustre/mgs-setup.ktest
START ml-miscvm:sanity-1 run tests/fs/lustre/sanity/sanity-1.ktest
START ml-miscvm:sanity-2 run tests/fs/lustre/sanity/sanity-2.ktest
START ml-miscvm:sanity-3 run tests/fs/lustre/sanity/sanity-3.ktest
START ml-miscvm:sanity-4 run tests/fs/lustre/sanity/sanity-4.ktest
END ml:lustre_mainline build tests/fs/lustre/boot.ktest PASS 179s
PUT /tmp/ktest-kernel.tar.gz 9s
PUT /tmp/ktest-kernel.tar.gz 9s
PUT /tmp/ktest-kernel.tar.gz 9s
PUT /tmp/ktest-kernel.tar.gz 10s
PUT /tmp/ktest-kernel.tar.gz 10s
PUT /tmp/ktest-kernel.tar.gz 10s
PUT /tmp/ktest-kernel.tar.gz 10s
PUT /tmp/ktest-kernel.tar.gz 10s
PUT /tmp/ktest-lustre.tar.gz 2s
PUT /tmp/ktest-lustre.tar.gz 2s
PUT /tmp/ktest-lustre.tar.gz 2s
PUT /tmp/ktest-lustre.tar.gz 2s
PUT /tmp/ktest-lustre.tar.gz 2s
PUT /tmp/ktest-lustre.tar.gz 2s
PUT /tmp/ktest-lustre.tar.gz 2s
PUT /tmp/ktest-lustre.tar.gz 2s
PUT /tmp/ktest_ml-miscvm:lustre_mainline_native_m03std1f.tar 0s
PUT /tmp/ktest_ml-miscvm:lustre_mainline_native_m03std1f.tar 0s
PUT /tmp/ktest_ml-miscvm:lustre_mainline_native_m03std1f.tar 0s
PUT /tmp/ktest_ml-miscvm:lustre_mainline_native_m03std1f.tar 0s
PUT /tmp/ktest_ml-miscvm:lustre_mainline_native_m03std1f.tar 0s
PUT /tmp/ktest_ml-miscvm:lustre_mainline_native_m03std1f.tar 0s
PUT /tmp/ktest_ml-miscvm:lustre_mainline_native_m03std1f.tar 0s
PUT /tmp/ktest_ml-miscvm:lustre_mainline_native_m03std1f.tar 0s
END ml-miscvm:boot run tests/fs/lustre/boot.ktest PASS 62s
END ml-miscvm:mgs-setup run tests/fs/lustre/mgs-setup.ktest PASS 72s
END ml-miscvm:sanity-4 run tests/fs/lustre/sanity/sanity-4.ktest PASS 96s
END ml-miscvm:sanity-1 run tests/fs/lustre/sanity/sanity-1.ktest PASS 98s
END ml-miscvm:sanity-2 run tests/fs/lustre/sanity/sanity-2.ktest PASS 100s
END ml-miscvm:sanity-3 run tests/fs/lustre/sanity/sanity-3.ktest PASS 109s
END ml-miscvm:llmount run tests/fs/lustre/llmount.ktest PASS 112s
END ml-miscvm:llog-unit run tests/fs/lustre/llog-unit.ktest FAIL 147s (exit code: 1)

============================================================
Final Results:
  checkpatch:checkpatch: FAIL (11s) (log: /var/www/ci-lustre/upstream-patch-review/d9a4b2a60a0eb6e28108e1dd3a19d72e301f518d_checkpatch:checkpatch.log)
  u24:u24: PASS (54s) (log: /var/www/ci-lustre/upstream-patch-review/d9a4b2a60a0eb6e28108e1dd3a19d72e301f518d_u24:u24.log)
  al2023:al2023: PASS (52s) (log: /var/www/ci-lustre/upstream-patch-review/d9a4b2a60a0eb6e28108e1dd3a19d72e301f518d_al2023:al2023.log)
  ml-strict:lustre_mainline: FAIL (175s) (log: /var/www/ci-lustre/upstream-patch-review/d9a4b2a60a0eb6e28108e1dd3a19d72e301f518d_ml-strict:lustre_mainline.log)
  ml:lustre_mainline: PASS (179s) (log: /var/www/ci-lustre/upstream-patch-review/d9a4b2a60a0eb6e28108e1dd3a19d72e301f518d_ml:lustre_mainline.log)
  ml-miscvm:lustre_mainline_native: PASS (178s) (log: /var/www/ci-lustre/upstream-patch-review/d9a4b2a60a0eb6e28108e1dd3a19d72e301f518d_ml-miscvm:lustre_mainline_native.log)
  ml-miscvm:boot: PASS (62s) (log: /var/www/ci-lustre/upstream-patch-review/d9a4b2a60a0eb6e28108e1dd3a19d72e301f518d_ml-miscvm:boot.log)
  ml-miscvm:llmount: PASS (112s) (log: /var/www/ci-lustre/upstream-patch-review/d9a4b2a60a0eb6e28108e1dd3a19d72e301f518d_ml-miscvm:llmount.log)
  ml-miscvm:llog-unit: FAIL (147s) (log: /var/www/ci-lustre/upstream-patch-review/d9a4b2a60a0eb6e28108e1dd3a19d72e301f518d_ml-miscvm:llog-unit.log)
  ml-miscvm:mgs-setup: PASS (72s) (log: /var/www/ci-lustre/upstream-patch-review/d9a4b2a60a0eb6e28108e1dd3a19d72e301f518d_ml-miscvm:mgs-setup.log)
  ml-miscvm:sanity-1: PASS (98s) (log: /var/www/ci-lustre/upstream-patch-review/d9a4b2a60a0eb6e28108e1dd3a19d72e301f518d_ml-miscvm:sanity-1.log)
  ml-miscvm:sanity-2: PASS (100s) (log: /var/www/ci-lustre/upstream-patch-review/d9a4b2a60a0eb6e28108e1dd3a19d72e301f518d_ml-miscvm:sanity-2.log)
  ml-miscvm:sanity-3: PASS (109s) (log: /var/www/ci-lustre/upstream-patch-review/d9a4b2a60a0eb6e28108e1dd3a19d72e301f518d_ml-miscvm:sanity-3.log)
  ml-miscvm:sanity-4: PASS (96s) (log: /var/www/ci-lustre/upstream-patch-review/d9a4b2a60a0eb6e28108e1dd3a19d72e301f518d_ml-miscvm:sanity-4.log)

Total execution time: 356s
