CLI: ./podman-ktest --podman-socket unix:///run/podman/podman.sock --shared-filesystem /tmp --tarball-input job lustre-ci --output /var/www/ci-lustre/upstream-patch-review --git-hash da52c4afee5723a0c8cd1d0357459db1ffc52d1a --change-id 59503_da52c4afee5723a0c8cd1d0357459db1ffc52d1a --subject LU-18813 osd-wbcfs: add a simple mount test to conf-sanity.sh

  Checking /dev/kvm exists... OK
  Checking /dev/kvm permissions... OK
  Creating ccache directory... OK
  Checking ccache directory writable... OK

Environment validated successfully
Creating kernel tarball at /tmp/ktest-kernel.tar.gz...
Creating lustre tarball at /tmp/ktest-lustre.tar.gz...
Creating ZFS tarball at /tmp/ktest-zfs.tar.gz...
Executing 13 jobs
Jobs will start as soon as their dependencies are satisfied
Using tarball input mode

START checkpatch tool checkpatch
START lustre_mainline build tests/fs/lustre/boot.ktest
START u24 build tests/fs/lustre/boot.ktest
START lustre_mainline_native build tests/fs/lustre/boot.ktest
START al2023 build tests/fs/lustre/boot.ktest
START lustre_mainline_strict build tests/fs/lustre/boot-strict.ktest
PUT /tmp/ktest-lustre.tar.gz 2s
PUT /tmp/ktest-lustre.tar.gz 3s
PUT /tmp/ktest-kernel.tar.gz 5s
PUT /tmp/ktest-kernel.tar.gz 6s
PUT /tmp/ktest-kernel.tar.gz 5s
PUT /tmp/ktest-kernel.tar.gz 6s
PUT /tmp/ktest-lustre.tar.gz 0s
PUT /tmp/ktest-lustre.tar.gz 1s
PUT /tmp/ktest-lustre.tar.gz 1s
PUT /tmp/ktest-lustre.tar.gz 1s
PUT /tmp/ktest-zfs.tar.gz 0s
PUT /tmp/ktest-zfs.tar.gz 0s
PUT /tmp/ktest-zfs.tar.gz 0s
END checkpatch tool checkpatch PASS 9s
END al2023 build tests/fs/lustre/boot.ktest PASS 60s
END u24 build tests/fs/lustre/boot.ktest PASS 63s
GET /tmp/ktest_lustre_mainline_strict_65b_fb6x.tar 5s
END lustre_mainline_strict build tests/fs/lustre/boot-strict.ktest FAIL 140s (exit code: 1)
GET /tmp/ktest_lustre_mainline_native_g0k9x1oi.tar 0s
GET /tmp/ktest_lustre_mainline_80e4x2vs.tar 0s
END lustre_mainline_native build tests/fs/lustre/boot.ktest PASS 149s
START boot run tests/fs/lustre/boot.ktest
START llmount run tests/fs/lustre/llmount.ktest
START mgs-setup run tests/fs/lustre/mgs-setup.ktest
START sanity-1 run tests/fs/lustre/sanity/sanity-1.ktest
START sanity-2 run tests/fs/lustre/sanity/sanity-2.ktest
START sanity-3 run tests/fs/lustre/sanity/sanity-3.ktest
START sanity-4 run tests/fs/lustre/sanity/sanity-4.ktest
END lustre_mainline build tests/fs/lustre/boot.ktest PASS 150s
PUT /tmp/ktest_lustre_mainline_native_g0k9x1oi.tar 4s
PUT /tmp/ktest_lustre_mainline_native_g0k9x1oi.tar 4s
PUT /tmp/ktest_lustre_mainline_native_g0k9x1oi.tar 4s
PUT /tmp/ktest_lustre_mainline_native_g0k9x1oi.tar 3s
PUT /tmp/ktest_lustre_mainline_native_g0k9x1oi.tar 3s
PUT /tmp/ktest_lustre_mainline_native_g0k9x1oi.tar 3s
PUT /tmp/ktest_lustre_mainline_native_g0k9x1oi.tar 3s
END boot run tests/fs/lustre/boot.ktest PASS 21s
END mgs-setup run tests/fs/lustre/mgs-setup.ktest PASS 30s
END sanity-2 run tests/fs/lustre/sanity/sanity-2.ktest PASS 48s
END sanity-4 run tests/fs/lustre/sanity/sanity-4.ktest PASS 58s
END sanity-1 run tests/fs/lustre/sanity/sanity-1.ktest PASS 61s
END sanity-3 run tests/fs/lustre/sanity/sanity-3.ktest PASS 69s
END llmount run tests/fs/lustre/llmount.ktest PASS 103s

============================================================
Final Results:
  checkpatch: PASS (9s) (log: /var/www/ci-lustre/upstream-patch-review/da52c4afee5723a0c8cd1d0357459db1ffc52d1a_checkpatch.log)
  u24: PASS (63s) (log: /var/www/ci-lustre/upstream-patch-review/da52c4afee5723a0c8cd1d0357459db1ffc52d1a_u24.log)
  al2023: PASS (60s) (log: /var/www/ci-lustre/upstream-patch-review/da52c4afee5723a0c8cd1d0357459db1ffc52d1a_al2023.log)
  lustre_mainline_strict: FAIL (140s) (log: /var/www/ci-lustre/upstream-patch-review/da52c4afee5723a0c8cd1d0357459db1ffc52d1a_lustre_mainline_strict.log)
  lustre_mainline: PASS (150s) (log: /var/www/ci-lustre/upstream-patch-review/da52c4afee5723a0c8cd1d0357459db1ffc52d1a_lustre_mainline.log)
  lustre_mainline_native: PASS (149s) (log: /var/www/ci-lustre/upstream-patch-review/da52c4afee5723a0c8cd1d0357459db1ffc52d1a_lustre_mainline_native.log)
  boot: PASS (21s) (log: /var/www/ci-lustre/upstream-patch-review/da52c4afee5723a0c8cd1d0357459db1ffc52d1a_boot.log)
  llmount: PASS (103s) (log: /var/www/ci-lustre/upstream-patch-review/da52c4afee5723a0c8cd1d0357459db1ffc52d1a_llmount.log)
  mgs-setup: PASS (30s) (log: /var/www/ci-lustre/upstream-patch-review/da52c4afee5723a0c8cd1d0357459db1ffc52d1a_mgs-setup.log)
  sanity-1: PASS (61s) (log: /var/www/ci-lustre/upstream-patch-review/da52c4afee5723a0c8cd1d0357459db1ffc52d1a_sanity-1.log)
  sanity-2: PASS (48s) (log: /var/www/ci-lustre/upstream-patch-review/da52c4afee5723a0c8cd1d0357459db1ffc52d1a_sanity-2.log)
  sanity-3: PASS (69s) (log: /var/www/ci-lustre/upstream-patch-review/da52c4afee5723a0c8cd1d0357459db1ffc52d1a_sanity-3.log)
  sanity-4: PASS (58s) (log: /var/www/ci-lustre/upstream-patch-review/da52c4afee5723a0c8cd1d0357459db1ffc52d1a_sanity-4.log)

Total execution time: 281s
