CLI: ./podman-ktest --podman-socket unix:///run/podman/podman.sock --shared-filesystem /tmp --tarball-input job lustre-ci --output /var/www/ci-lustre/upstream-patch-review --git-hash db0506ee8459f4d270e63d12cd9cb48cdc0cb0d5 --change-id 63491_db0506ee8459f4d270e63d12cd9cb48cdc0cb0d5 --subject LU-17902 nodemap: add nodemap_lookup_unlocked()

  Checking /dev/kvm exists... OK
  Checking /dev/kvm permissions... OK
  Creating ccache directory... OK
  Checking ccache directory writable... OK

Environment validated successfully
Creating kernel tarball at /tmp/ktest-kernel.tar.gz...
Creating lustre tarball at /tmp/ktest-lustre.tar.gz...
Executing 16 jobs
Jobs will start as soon as their dependencies are satisfied
Using tarball input mode

START lustre_mainline_native build tests/fs/lustre/boot.ktest
START lustre_al2023 build tests/fs/lustre/boot.ktest
START checkpatch tool checkpatch
START lustre_mainline_strict build tests/fs/lustre/boot-strict.ktest
START lustre_u24 build tests/fs/lustre/boot.ktest
START lustre_mainline build tests/fs/lustre/boot.ktest
PUT /tmp/ktest-kernel.tar.gz 7s
PUT /tmp/ktest-kernel.tar.gz 8s
PUT /tmp/ktest-kernel.tar.gz 8s
PUT /tmp/ktest-kernel.tar.gz 8s
PUT /tmp/ktest-kernel.tar.gz 8s
PUT /tmp/ktest-kernel.tar.gz 8s
PUT /tmp/ktest-lustre.tar.gz 2s
PUT /tmp/ktest-lustre.tar.gz 2s
PUT /tmp/ktest-lustre.tar.gz 2s
PUT /tmp/ktest-lustre.tar.gz 2s
PUT /tmp/ktest-lustre.tar.gz 2s
PUT /tmp/ktest-lustre.tar.gz 2s
END checkpatch tool checkpatch PASS 12s
END lustre_al2023 build tests/fs/lustre/boot.ktest PASS 68s
END lustre_u24 build tests/fs/lustre/boot.ktest PASS 73s
GET /tmp/ktest_lustre_mainline_strict_ikemf2ul.tar 4s
END lustre_mainline_strict build tests/fs/lustre/boot-strict.ktest FAIL 139s (exit code: 1)
GET /tmp/ktest_lustre_mainline_rk21v_ny.tar 3s
GET /tmp/ktest_lustre_mainline_native_k3fnf1qv.tar 3s
END lustre_mainline build tests/fs/lustre/boot.ktest PASS 150s
END lustre_mainline_native build tests/fs/lustre/boot.ktest PASS 151s
START clang-tidy tool clang-tidy
START cc-plugin tool cc-plugin
START boot run tests/fs/lustre/boot.ktest
START llmount run tests/fs/lustre/llmount.ktest
START llog-unit run tests/fs/lustre/llog-unit.ktest
START mgs-setup run tests/fs/lustre/mgs-setup.ktest
START sanity-1 run tests/fs/lustre/sanity/sanity-1.ktest
START sanity-2 run tests/fs/lustre/sanity/sanity-2.ktest
START sanity-3 run tests/fs/lustre/sanity/sanity-3.ktest
START sanity-4 run tests/fs/lustre/sanity/sanity-4.ktest
PUT /tmp/ktest-kernel.tar.gz 17s
PUT /tmp/ktest_lustre_mainline_native_k3fnf1qv.tar 19s
PUT /tmp/ktest_lustre_mainline_native_k3fnf1qv.tar 19s
PUT /tmp/ktest_lustre_mainline_native_k3fnf1qv.tar 19s
PUT /tmp/ktest_lustre_mainline_native_k3fnf1qv.tar 19s
PUT /tmp/ktest_lustre_mainline_native_k3fnf1qv.tar 19s
PUT /tmp/ktest-kernel.tar.gz 19s
PUT /tmp/ktest_lustre_mainline_native_k3fnf1qv.tar 20s
PUT /tmp/ktest_lustre_mainline_native_k3fnf1qv.tar 19s
PUT /tmp/ktest_lustre_mainline_native_k3fnf1qv.tar 19s
PUT /tmp/ktest-lustre.tar.gz 24s
PUT /tmp/ktest-lustre.tar.gz 25s
PUT /tmp/ktest_lustre_mainline_native_k3fnf1qv.tar 9s
PUT /tmp/ktest_lustre_mainline_native_k3fnf1qv.tar 5s
END cc-plugin tool cc-plugin FAIL 54s (exit code: 127)
END boot run tests/fs/lustre/boot.ktest PASS 70s
END clang-tidy tool clang-tidy PASS 82s
END mgs-setup run tests/fs/lustre/mgs-setup.ktest PASS 86s
END sanity-1 run tests/fs/lustre/sanity/sanity-1.ktest PASS 93s
END sanity-4 run tests/fs/lustre/sanity/sanity-4.ktest PASS 102s
END sanity-3 run tests/fs/lustre/sanity/sanity-3.ktest PASS 112s
END sanity-2 run tests/fs/lustre/sanity/sanity-2.ktest PASS 118s
END llog-unit run tests/fs/lustre/llog-unit.ktest PASS 165s
END llmount run tests/fs/lustre/llmount.ktest PASS 181s

============================================================
Final Results:
  checkpatch: PASS (12s) (log: /var/www/ci-lustre/upstream-patch-review/db0506ee8459f4d270e63d12cd9cb48cdc0cb0d5_checkpatch.log)
  lustre_u24: PASS (73s) (log: /var/www/ci-lustre/upstream-patch-review/db0506ee8459f4d270e63d12cd9cb48cdc0cb0d5_lustre_u24.log)
  lustre_al2023: PASS (68s) (log: /var/www/ci-lustre/upstream-patch-review/db0506ee8459f4d270e63d12cd9cb48cdc0cb0d5_lustre_al2023.log)
  lustre_mainline_strict: FAIL (139s) (log: /var/www/ci-lustre/upstream-patch-review/db0506ee8459f4d270e63d12cd9cb48cdc0cb0d5_lustre_mainline_strict.log)
  lustre_mainline: PASS (150s) (log: /var/www/ci-lustre/upstream-patch-review/db0506ee8459f4d270e63d12cd9cb48cdc0cb0d5_lustre_mainline.log)
  lustre_mainline_native: PASS (151s) (log: /var/www/ci-lustre/upstream-patch-review/db0506ee8459f4d270e63d12cd9cb48cdc0cb0d5_lustre_mainline_native.log)
  clang-tidy: PASS (82s) (log: /var/www/ci-lustre/upstream-patch-review/db0506ee8459f4d270e63d12cd9cb48cdc0cb0d5_clang-tidy.log)
  cc-plugin: FAIL (54s) (log: /var/www/ci-lustre/upstream-patch-review/db0506ee8459f4d270e63d12cd9cb48cdc0cb0d5_cc-plugin.log)
  boot: PASS (70s) (log: /var/www/ci-lustre/upstream-patch-review/db0506ee8459f4d270e63d12cd9cb48cdc0cb0d5_boot.log)
  llmount: PASS (181s) (log: /var/www/ci-lustre/upstream-patch-review/db0506ee8459f4d270e63d12cd9cb48cdc0cb0d5_llmount.log)
  llog-unit: PASS (165s) (log: /var/www/ci-lustre/upstream-patch-review/db0506ee8459f4d270e63d12cd9cb48cdc0cb0d5_llog-unit.log)
  mgs-setup: PASS (86s) (log: /var/www/ci-lustre/upstream-patch-review/db0506ee8459f4d270e63d12cd9cb48cdc0cb0d5_mgs-setup.log)
  sanity-1: PASS (93s) (log: /var/www/ci-lustre/upstream-patch-review/db0506ee8459f4d270e63d12cd9cb48cdc0cb0d5_sanity-1.log)
  sanity-2: PASS (118s) (log: /var/www/ci-lustre/upstream-patch-review/db0506ee8459f4d270e63d12cd9cb48cdc0cb0d5_sanity-2.log)
  sanity-3: PASS (112s) (log: /var/www/ci-lustre/upstream-patch-review/db0506ee8459f4d270e63d12cd9cb48cdc0cb0d5_sanity-3.log)
  sanity-4: PASS (102s) (log: /var/www/ci-lustre/upstream-patch-review/db0506ee8459f4d270e63d12cd9cb48cdc0cb0d5_sanity-4.log)

Total execution time: 364s
Deleted orphaned log file: 246d559ed8db4d8d365d25451201fff9514ca78e_sanity-1.log
Deleted orphaned log file: 246d559ed8db4d8d365d25451201fff9514ca78e_mgs-setup.log
Deleted orphaned log file: 246d559ed8db4d8d365d25451201fff9514ca78e_llog-unit.log
Deleted orphaned log file: 246d559ed8db4d8d365d25451201fff9514ca78e_boot.log
Deleted orphaned log file: aac7e181578499e9844fd5f1e6e0c1c61460c878_llog-unit.log
Deleted orphaned log file: 246d559ed8db4d8d365d25451201fff9514ca78e_sanity-3.log
Deleted orphaned log file: 246d559ed8db4d8d365d25451201fff9514ca78e_lustre_al2023.log
Deleted orphaned log file: 246d559ed8db4d8d365d25451201fff9514ca78e_llmount.log
Deleted orphaned log file: aac7e181578499e9844fd5f1e6e0c1c61460c878_execution.log
Deleted orphaned log file: 246d559ed8db4d8d365d25451201fff9514ca78e_lustre_u24.log
Deleted orphaned log file: aac7e181578499e9844fd5f1e6e0c1c61460c878_clang-tidy.log
Deleted orphaned log file: aac7e181578499e9844fd5f1e6e0c1c61460c878_sanity-4.log
Deleted orphaned log file: aac7e181578499e9844fd5f1e6e0c1c61460c878_lustre_al2023.log
Deleted orphaned log file: aac7e181578499e9844fd5f1e6e0c1c61460c878_boot.log
Deleted orphaned log file: 246d559ed8db4d8d365d25451201fff9514ca78e_sanity-4.log
Deleted orphaned log file: aac7e181578499e9844fd5f1e6e0c1c61460c878_checkpatch.log
Deleted orphaned log file: 246d559ed8db4d8d365d25451201fff9514ca78e_lustre_mainline.log
Deleted orphaned log file: aac7e181578499e9844fd5f1e6e0c1c61460c878_lustre_u24.log
Deleted orphaned log file: 246d559ed8db4d8d365d25451201fff9514ca78e_execution.log
Deleted orphaned log file: aac7e181578499e9844fd5f1e6e0c1c61460c878_lustre_mainline_strict.log
Deleted orphaned log file: 246d559ed8db4d8d365d25451201fff9514ca78e_clang-tidy.log
Deleted orphaned log file: aac7e181578499e9844fd5f1e6e0c1c61460c878_sanity-2.log
Deleted orphaned log file: 246d559ed8db4d8d365d25451201fff9514ca78e_checkpatch.log
Deleted orphaned log file: aac7e181578499e9844fd5f1e6e0c1c61460c878_sanity-3.log
Deleted orphaned log file: 246d559ed8db4d8d365d25451201fff9514ca78e_lustre_mainline_strict.log
Deleted orphaned log file: aac7e181578499e9844fd5f1e6e0c1c61460c878_mgs-setup.log
Deleted orphaned log file: 246d559ed8db4d8d365d25451201fff9514ca78e_lustre_mainline_native.log
Deleted orphaned log file: aac7e181578499e9844fd5f1e6e0c1c61460c878_sanity-1.log
Deleted orphaned log file: 246d559ed8db4d8d365d25451201fff9514ca78e_sanity-2.log
Deleted orphaned log file: aac7e181578499e9844fd5f1e6e0c1c61460c878_llmount.log
Deleted orphaned log file: 246d559ed8db4d8d365d25451201fff9514ca78e_cc-plugin.log
Deleted orphaned log file: aac7e181578499e9844fd5f1e6e0c1c61460c878_lustre_mainline.log
Deleted orphaned log file: aac7e181578499e9844fd5f1e6e0c1c61460c878_cc-plugin.log
Deleted orphaned log file: aac7e181578499e9844fd5f1e6e0c1c61460c878_lustre_mainline_native.log
Cleanup complete: deleted 34 orphaned log files
