WARNING:SPACING: space prohibited between function name and open parenthesis '('
#1094: FILE: lustre/utils/liblustreapi_layout.c:5144:
+<<<<<<< PATCH SET (cccf25 LU-12668 ec: ensure hole ranges for raidset parity)

ERROR:SPACING: spaces required around that '<' (ctx:OxW)
#1094: FILE: lustre/utils/liblustreapi_layout.c:5144:
+<<<<<<< PATCH SET (cccf25 LU-12668 ec: ensure hole ranges for raidset parity)
       ^

ERROR:SPACING: spaces required around that ':' (ctx:VxW)
#1094: FILE: lustre/utils/liblustreapi_layout.c:5144:
+<<<<<<< PATCH SET (cccf25 LU-12668 ec: ensure hole ranges for raidset parity)
                                      ^

ERROR:SPACING: spaces required around that '==' (ctx:ExO)
#1098: FILE: lustre/utils/liblustreapi_layout.c:5148:
+=======
 ^

ERROR:SPACING: spaces required around that '==' (ctx:OxO)
#1098: FILE: lustre/utils/liblustreapi_layout.c:5148:
+=======
   ^

ERROR:SPACING: spaces required around that '==' (ctx:OxO)
#1098: FILE: lustre/utils/liblustreapi_layout.c:5148:
+=======
     ^

ERROR:SPACING: spaces required around that '=' (ctx:OxE)
#1098: FILE: lustre/utils/liblustreapi_layout.c:5148:
+=======
       ^

WARNING:SPACING: space prohibited between function name and open parenthesis '('
#1102: FILE: lustre/utils/liblustreapi_layout.c:5152:
+>>>>>>> BASE      (7d36b3 LU-20435 build: fix dmu_offset_next() check)

ERROR:SPACING: spaces required around that '>' (ctx:OxW)
#1102: FILE: lustre/utils/liblustreapi_layout.c:5152:
+>>>>>>> BASE      (7d36b3 LU-20435 build: fix dmu_offset_next() check)
       ^

ERROR:SPACING: spaces required around that ':' (ctx:VxW)
#1102: FILE: lustre/utils/liblustreapi_layout.c:5152:
+>>>>>>> BASE      (7d36b3 LU-20435 build: fix dmu_offset_next() check)
                                         ^

total: 8 errors, 2 warnings, 1140 lines checked

NOTE: For some of the reported defects, checkpatch may be able to
      mechanically convert to the typical style using --fix or --fix-inplace.

Your patch has style problems, please review.

NOTE: If any of the errors are false positives, please report
      them to the maintainer, see CHECKPATCH in MAINTAINERS.
