CLI: ./podman-ktest --podman-socket unix:///run/podman/podman.sock --shared-filesystem /tmp --tarball-input job lustre-ci --output /var/www/ci-lustre/upstream-patch-review --git-hash dd27884af31a8018cd5ea3bc9efc7aac057987a1 --change-id 64320_dd27884af31a8018cd5ea3bc9efc7aac057987a1 --subject LU-19921 target: add target verification

Environment validated successfully
Note: custom LLVM is not synced in tarball input mode
Creating kernel tarball at /tmp/ktest-kernel.tar.gz...
Creating lustre tarball at /tmp/ktest-lustre.tar.gz...
Creating ZFS tarball at /tmp/ktest-zfs.tar.gz...
Executing 14 jobs
Jobs will start as soon as their dependencies are satisfied
Using tarball input mode

START ml-strict:lustre_mainline build tests/fs/lustre/boot-strict.ktest
START al2023:al2023 build tests/fs/lustre/boot.ktest
START u24:u24 build tests/fs/lustre/boot.ktest
START ml-miscvm:lustre_mainline_native build tests/fs/lustre/boot.ktest
START checkpatch:checkpatch tool checkpatch
START ml:lustre_mainline build tests/fs/lustre/boot.ktest
PUT /tmp/ktest-lustre.tar.gz 1s
PUT /tmp/ktest-lustre.tar.gz 1s
PUT /tmp/ktest-kernel.tar.gz 7s
PUT /tmp/ktest-kernel.tar.gz 7s
PUT /tmp/ktest-kernel.tar.gz 7s
PUT /tmp/ktest-kernel.tar.gz 7s
PUT /tmp/ktest-lustre.tar.gz 1s
PUT /tmp/ktest-lustre.tar.gz 1s
PUT /tmp/ktest-lustre.tar.gz 1s
PUT /tmp/ktest-lustre.tar.gz 1s
PUT /tmp/ktest-zfs.tar.gz 0s
PUT /tmp/ktest-zfs.tar.gz 0s
PUT /tmp/ktest-zfs.tar.gz 0s
END checkpatch:checkpatch tool checkpatch FAIL 12s (exit code: 1)
END al2023:al2023 build tests/fs/lustre/boot.ktest PASS 52s
END u24:u24 build tests/fs/lustre/boot.ktest PASS 54s
GET /tmp/ktest_ml:lustre_mainline_1urulndq.tar 0s
GET /tmp/ktest_ml-miscvm:lustre_mainline_native_xv8buhd2.tar 0s
END ml:lustre_mainline build tests/fs/lustre/boot.ktest PASS 172s
GET /tmp/ktest_ml-strict:lustre_mainline_dklt1kk5.tar 5s
END ml-miscvm:lustre_mainline_native build tests/fs/lustre/boot.ktest PASS 174s
START ml-miscvm:boot run tests/fs/lustre/boot.ktest
START ml-miscvm:llmount run tests/fs/lustre/llmount.ktest
START ml-miscvm:llog-unit run tests/fs/lustre/llog-unit.ktest
START ml-miscvm:mgs-setup run tests/fs/lustre/mgs-setup.ktest
START ml-miscvm:sanity-1 run tests/fs/lustre/sanity/sanity-1.ktest
START ml-miscvm:sanity-2 run tests/fs/lustre/sanity/sanity-2.ktest
START ml-miscvm:sanity-3 run tests/fs/lustre/sanity/sanity-3.ktest
START ml-miscvm:sanity-4 run tests/fs/lustre/sanity/sanity-4.ktest
END ml-strict:lustre_mainline build tests/fs/lustre/boot-strict.ktest FAIL 175s (exit code: 1)
PUT /tmp/ktest-kernel.tar.gz 9s
PUT /tmp/ktest-kernel.tar.gz 9s
PUT /tmp/ktest-kernel.tar.gz 9s
PUT /tmp/ktest-kernel.tar.gz 9s
PUT /tmp/ktest-kernel.tar.gz 9s
PUT /tmp/ktest-kernel.tar.gz 10s
PUT /tmp/ktest-kernel.tar.gz 9s
PUT /tmp/ktest-kernel.tar.gz 9s
PUT /tmp/ktest-lustre.tar.gz 2s
PUT /tmp/ktest-lustre.tar.gz 2s
PUT /tmp/ktest-lustre.tar.gz 2s
PUT /tmp/ktest-lustre.tar.gz 3s
PUT /tmp/ktest-lustre.tar.gz 2s
PUT /tmp/ktest-lustre.tar.gz 2s
PUT /tmp/ktest-lustre.tar.gz 2s
PUT /tmp/ktest-lustre.tar.gz 2s
PUT /tmp/ktest_ml-miscvm:lustre_mainline_native_xv8buhd2.tar 0s
PUT /tmp/ktest_ml-miscvm:lustre_mainline_native_xv8buhd2.tar 0s
PUT /tmp/ktest_ml-miscvm:lustre_mainline_native_xv8buhd2.tar 0s
PUT /tmp/ktest_ml-miscvm:lustre_mainline_native_xv8buhd2.tar 0s
PUT /tmp/ktest_ml-miscvm:lustre_mainline_native_xv8buhd2.tar 0s
PUT /tmp/ktest_ml-miscvm:lustre_mainline_native_xv8buhd2.tar 0s
PUT /tmp/ktest_ml-miscvm:lustre_mainline_native_xv8buhd2.tar 0s
PUT /tmp/ktest_ml-miscvm:lustre_mainline_native_xv8buhd2.tar 0s
END ml-miscvm:mgs-setup run tests/fs/lustre/mgs-setup.ktest PASS 38s
END ml-miscvm:boot run tests/fs/lustre/boot.ktest PASS 61s
END ml-miscvm:sanity-4 run tests/fs/lustre/sanity/sanity-4.ktest PASS 90s
END ml-miscvm:sanity-1 run tests/fs/lustre/sanity/sanity-1.ktest PASS 94s
END ml-miscvm:sanity-3 run tests/fs/lustre/sanity/sanity-3.ktest PASS 97s
END ml-miscvm:sanity-2 run tests/fs/lustre/sanity/sanity-2.ktest PASS 99s
END ml-miscvm:llmount run tests/fs/lustre/llmount.ktest PASS 106s
END ml-miscvm:llog-unit run tests/fs/lustre/llog-unit.ktest FAIL 143s (exit code: 1)

============================================================
Final Results:
  checkpatch:checkpatch: FAIL (12s) (log: /var/www/ci-lustre/upstream-patch-review/dd27884af31a8018cd5ea3bc9efc7aac057987a1_checkpatch:checkpatch.log)
  u24:u24: PASS (54s) (log: /var/www/ci-lustre/upstream-patch-review/dd27884af31a8018cd5ea3bc9efc7aac057987a1_u24:u24.log)
  al2023:al2023: PASS (52s) (log: /var/www/ci-lustre/upstream-patch-review/dd27884af31a8018cd5ea3bc9efc7aac057987a1_al2023:al2023.log)
  ml-strict:lustre_mainline: FAIL (175s) (log: /var/www/ci-lustre/upstream-patch-review/dd27884af31a8018cd5ea3bc9efc7aac057987a1_ml-strict:lustre_mainline.log)
  ml:lustre_mainline: PASS (172s) (log: /var/www/ci-lustre/upstream-patch-review/dd27884af31a8018cd5ea3bc9efc7aac057987a1_ml:lustre_mainline.log)
  ml-miscvm:lustre_mainline_native: PASS (174s) (log: /var/www/ci-lustre/upstream-patch-review/dd27884af31a8018cd5ea3bc9efc7aac057987a1_ml-miscvm:lustre_mainline_native.log)
  ml-miscvm:boot: PASS (61s) (log: /var/www/ci-lustre/upstream-patch-review/dd27884af31a8018cd5ea3bc9efc7aac057987a1_ml-miscvm:boot.log)
  ml-miscvm:llmount: PASS (106s) (log: /var/www/ci-lustre/upstream-patch-review/dd27884af31a8018cd5ea3bc9efc7aac057987a1_ml-miscvm:llmount.log)
  ml-miscvm:llog-unit: FAIL (143s) (log: /var/www/ci-lustre/upstream-patch-review/dd27884af31a8018cd5ea3bc9efc7aac057987a1_ml-miscvm:llog-unit.log)
  ml-miscvm:mgs-setup: PASS (38s) (log: /var/www/ci-lustre/upstream-patch-review/dd27884af31a8018cd5ea3bc9efc7aac057987a1_ml-miscvm:mgs-setup.log)
  ml-miscvm:sanity-1: PASS (94s) (log: /var/www/ci-lustre/upstream-patch-review/dd27884af31a8018cd5ea3bc9efc7aac057987a1_ml-miscvm:sanity-1.log)
  ml-miscvm:sanity-2: PASS (99s) (log: /var/www/ci-lustre/upstream-patch-review/dd27884af31a8018cd5ea3bc9efc7aac057987a1_ml-miscvm:sanity-2.log)
  ml-miscvm:sanity-3: PASS (97s) (log: /var/www/ci-lustre/upstream-patch-review/dd27884af31a8018cd5ea3bc9efc7aac057987a1_ml-miscvm:sanity-3.log)
  ml-miscvm:sanity-4: PASS (90s) (log: /var/www/ci-lustre/upstream-patch-review/dd27884af31a8018cd5ea3bc9efc7aac057987a1_ml-miscvm:sanity-4.log)

Total execution time: 348s
