CLI: ./podman-ktest --podman-socket unix:///run/podman/podman.sock --shared-filesystem /tmp --tarball-input job lustre-ci --output /var/www/ci-lustre/upstream-patch-review --git-hash dd53793fb23a4ebf1ba912c221bb6eece72d9cc4 --change-id 59547_dd53793fb23a4ebf1ba912c221bb6eece72d9cc4 --subject LU-7880 ptlrpc: expand obd_statfs size by 48 bytes

Environment validated successfully
Creating kernel tarball at /tmp/ktest-kernel.tar.gz...
Creating lustre tarball at /tmp/ktest-lustre.tar.gz...
Creating ZFS tarball at /tmp/ktest-zfs.tar.gz...
Executing 14 jobs
Jobs will start as soon as their dependencies are satisfied
Using tarball input mode

START ml-miscvm:lustre_mainline_native build tests/fs/lustre/boot.ktest
START checkpatch:checkpatch tool checkpatch
START al2023:al2023 build tests/fs/lustre/boot.ktest
START ml:lustre_mainline build tests/fs/lustre/boot.ktest
START u24:u24 build tests/fs/lustre/boot.ktest
START ml-strict:lustre_mainline build tests/fs/lustre/boot-strict.ktest
PUT /tmp/ktest-lustre.tar.gz 1s
PUT /tmp/ktest-lustre.tar.gz 1s
PUT /tmp/ktest-kernel.tar.gz 14s
PUT /tmp/ktest-kernel.tar.gz 15s
PUT /tmp/ktest-kernel.tar.gz 15s
PUT /tmp/ktest-kernel.tar.gz 15s
PUT /tmp/ktest-lustre.tar.gz 2s
PUT /tmp/ktest-lustre.tar.gz 2s
PUT /tmp/ktest-lustre.tar.gz 1s
PUT /tmp/ktest-lustre.tar.gz 2s
PUT /tmp/ktest-zfs.tar.gz 0s
PUT /tmp/ktest-zfs.tar.gz 0s
PUT /tmp/ktest-zfs.tar.gz 0s
END checkpatch:checkpatch tool checkpatch FAIL 19s (exit code: 1)
END al2023:al2023 build tests/fs/lustre/boot.ktest PASS 66s
END u24:u24 build tests/fs/lustre/boot.ktest PASS 73s
GET /tmp/ktest_ml-miscvm:lustre_mainline_native_qhom2m9b.tar 5s
GET /tmp/ktest_ml-strict:lustre_mainline_ilqq3t2x.tar 5s
GET /tmp/ktest_ml:lustre_mainline__w6jchxq.tar 18s
END ml-miscvm:lustre_mainline_native build tests/fs/lustre/boot.ktest FAIL 176s (exit code: 1)
END ml-strict:lustre_mainline build tests/fs/lustre/boot-strict.ktest FAIL 178s (exit code: 1)
END ml:lustre_mainline build tests/fs/lustre/boot.ktest FAIL 180s (exit code: 1)

============================================================
Final Results:
  checkpatch:checkpatch: FAIL (19s) (log: /var/www/ci-lustre/upstream-patch-review/dd53793fb23a4ebf1ba912c221bb6eece72d9cc4_checkpatch:checkpatch.log)
  u24:u24: PASS (73s) (log: /var/www/ci-lustre/upstream-patch-review/dd53793fb23a4ebf1ba912c221bb6eece72d9cc4_u24:u24.log)
  al2023:al2023: PASS (66s) (log: /var/www/ci-lustre/upstream-patch-review/dd53793fb23a4ebf1ba912c221bb6eece72d9cc4_al2023:al2023.log)
  ml-strict:lustre_mainline: FAIL (178s) (log: /var/www/ci-lustre/upstream-patch-review/dd53793fb23a4ebf1ba912c221bb6eece72d9cc4_ml-strict:lustre_mainline.log)
  ml:lustre_mainline: FAIL (180s) (log: /var/www/ci-lustre/upstream-patch-review/dd53793fb23a4ebf1ba912c221bb6eece72d9cc4_ml:lustre_mainline.log)
  ml-miscvm:lustre_mainline_native: FAIL (176s) (log: /var/www/ci-lustre/upstream-patch-review/dd53793fb23a4ebf1ba912c221bb6eece72d9cc4_ml-miscvm:lustre_mainline_native.log)
  ml-miscvm:boot: SKIPPED (due to dependency failure)
  ml-miscvm:llmount: SKIPPED (due to dependency failure)
  ml-miscvm:llog-unit: SKIPPED (due to dependency failure)
  ml-miscvm:mgs-setup: SKIPPED (due to dependency failure)
  ml-miscvm:sanity-1: SKIPPED (due to dependency failure)
  ml-miscvm:sanity-2: SKIPPED (due to dependency failure)
  ml-miscvm:sanity-3: SKIPPED (due to dependency failure)
  ml-miscvm:sanity-4: SKIPPED (due to dependency failure)

Total execution time: 209s
