CLI: ./podman-ktest --podman-socket unix:///run/podman/podman.sock --shared-filesystem /tmp --tarball-input job lustre-ci --output /var/www/ci-lustre/upstream-patch-review --git-hash dd6ecd24616cfc473afdbd15f3863e32904002fd --change-id 64201_dd6ecd24616cfc473afdbd15f3863e32904002fd --subject LU-19915 mgc: attach local storage per cld

Environment validated successfully
Creating kernel tarball at /tmp/ktest-kernel.tar.gz...
Creating lustre tarball at /tmp/ktest-lustre.tar.gz...
Creating ZFS tarball at /tmp/ktest-zfs.tar.gz...
Executing 14 jobs
Jobs will start as soon as their dependencies are satisfied
Using tarball input mode

START ml:lustre_mainline build tests/fs/lustre/boot.ktest
START al2023:al2023 build tests/fs/lustre/boot.ktest
START ml-miscvm:lustre_mainline_native build tests/fs/lustre/boot.ktest
START u24:u24 build tests/fs/lustre/boot.ktest
START checkpatch:checkpatch tool checkpatch
START ml-strict:lustre_mainline build tests/fs/lustre/boot-strict.ktest
PUT /tmp/ktest-lustre.tar.gz 1s
PUT /tmp/ktest-lustre.tar.gz 1s
PUT /tmp/ktest-kernel.tar.gz 8s
PUT /tmp/ktest-kernel.tar.gz 8s
PUT /tmp/ktest-kernel.tar.gz 8s
PUT /tmp/ktest-kernel.tar.gz 9s
PUT /tmp/ktest-lustre.tar.gz 3s
PUT /tmp/ktest-lustre.tar.gz 3s
PUT /tmp/ktest-lustre.tar.gz 3s
PUT /tmp/ktest-lustre.tar.gz 3s
PUT /tmp/ktest-zfs.tar.gz 0s
PUT /tmp/ktest-zfs.tar.gz 0s
PUT /tmp/ktest-zfs.tar.gz 0s
END checkpatch:checkpatch tool checkpatch PASS 15s
END al2023:al2023 build tests/fs/lustre/boot.ktest PASS 60s
END u24:u24 build tests/fs/lustre/boot.ktest PASS 66s
GET /tmp/ktest_ml-strict:lustre_mainline_is4ms36q.tar 5s
GET /tmp/ktest_ml:lustre_mainline_e2kgymp9.tar 6s
GET /tmp/ktest_ml-miscvm:lustre_mainline_native_0ycstogy.tar 5s
END ml-strict:lustre_mainline build tests/fs/lustre/boot-strict.ktest FAIL 158s (exit code: 1)
END ml:lustre_mainline build tests/fs/lustre/boot.ktest FAIL 160s (exit code: 1)
END ml-miscvm:lustre_mainline_native build tests/fs/lustre/boot.ktest FAIL 162s (exit code: 1)

============================================================
Final Results:
  checkpatch:checkpatch: PASS (15s) (log: /var/www/ci-lustre/upstream-patch-review/dd6ecd24616cfc473afdbd15f3863e32904002fd_checkpatch:checkpatch.log)
  u24:u24: PASS (66s) (log: /var/www/ci-lustre/upstream-patch-review/dd6ecd24616cfc473afdbd15f3863e32904002fd_u24:u24.log)
  al2023:al2023: PASS (60s) (log: /var/www/ci-lustre/upstream-patch-review/dd6ecd24616cfc473afdbd15f3863e32904002fd_al2023:al2023.log)
  ml-strict:lustre_mainline: FAIL (158s) (log: /var/www/ci-lustre/upstream-patch-review/dd6ecd24616cfc473afdbd15f3863e32904002fd_ml-strict:lustre_mainline.log)
  ml:lustre_mainline: FAIL (160s) (log: /var/www/ci-lustre/upstream-patch-review/dd6ecd24616cfc473afdbd15f3863e32904002fd_ml:lustre_mainline.log)
  ml-miscvm:lustre_mainline_native: FAIL (162s) (log: /var/www/ci-lustre/upstream-patch-review/dd6ecd24616cfc473afdbd15f3863e32904002fd_ml-miscvm:lustre_mainline_native.log)
  ml-miscvm:boot: SKIPPED (due to dependency failure)
  ml-miscvm:llmount: SKIPPED (due to dependency failure)
  ml-miscvm:llog-unit: SKIPPED (due to dependency failure)
  ml-miscvm:mgs-setup: SKIPPED (due to dependency failure)
  ml-miscvm:sanity-1: SKIPPED (due to dependency failure)
  ml-miscvm:sanity-2: SKIPPED (due to dependency failure)
  ml-miscvm:sanity-3: SKIPPED (due to dependency failure)
  ml-miscvm:sanity-4: SKIPPED (due to dependency failure)

Total execution time: 193s
