CLI: ./podman-ktest --podman-socket unix:///run/podman/podman.sock --shared-filesystem /tmp --tarball-input job lustre-ci --output /var/www/ci-lustre/upstream-patch-review --git-hash ddbcb0f7f8dda2a7d6e398504a0097945740f4e4 --change-id 65837_ddbcb0f7f8dda2a7d6e398504a0097945740f4e4 --subject LU-20250 build: modernize kernel compat

  Checking /dev/kvm exists... OK
  Checking /dev/kvm permissions... OK
  Creating ccache directory... OK
  Checking ccache directory writable... OK

Environment validated successfully
Creating kernel tarball at /tmp/ktest-kernel.tar.gz...
Creating lustre tarball at /tmp/ktest-lustre.tar.gz...
Creating ZFS tarball at /tmp/ktest-zfs.tar.gz...
Executing 15 jobs
Jobs will start as soon as their dependencies are satisfied
Using tarball input mode

START al2023 build tests/fs/lustre/boot.ktest
START lustre_mainline build tests/fs/lustre/boot.ktest
START u24 build tests/fs/lustre/boot.ktest
START lustre_mainline_strict build tests/fs/lustre/boot-strict.ktest
START lustre_mainline_native build tests/fs/lustre/boot.ktest
START checkpatch tool checkpatch
PUT /tmp/ktest-lustre.tar.gz 1s
PUT /tmp/ktest-lustre.tar.gz 1s
PUT /tmp/ktest-kernel.tar.gz 6s
PUT /tmp/ktest-kernel.tar.gz 6s
PUT /tmp/ktest-kernel.tar.gz 6s
PUT /tmp/ktest-kernel.tar.gz 6s
PUT /tmp/ktest-lustre.tar.gz 2s
PUT /tmp/ktest-lustre.tar.gz 2s
PUT /tmp/ktest-lustre.tar.gz 2s
PUT /tmp/ktest-lustre.tar.gz 2s
PUT /tmp/ktest-zfs.tar.gz 0s
PUT /tmp/ktest-zfs.tar.gz 0s
PUT /tmp/ktest-zfs.tar.gz 0s
END checkpatch tool checkpatch FAIL 11s (exit code: 1)
END al2023 build tests/fs/lustre/boot.ktest PASS 61s
END u24 build tests/fs/lustre/boot.ktest PASS 66s
GET /tmp/ktest_lustre_mainline_strict_jzqon1h3.tar 5s
END lustre_mainline_strict build tests/fs/lustre/boot-strict.ktest FAIL 128s (exit code: 1)
GET /tmp/ktest_lustre_mainline_native_awk3fk8a.tar 5s
GET /tmp/ktest_lustre_mainline_vdh96is0.tar 5s
END lustre_mainline_native build tests/fs/lustre/boot.ktest PASS 132s
START clang-tidy tool clang-tidy
START cc-plugin tool cc-plugin
START boot run tests/fs/lustre/boot.ktest
START llmount run tests/fs/lustre/llmount.ktest
START mgs-setup run tests/fs/lustre/mgs-setup.ktest
START sanity-1 run tests/fs/lustre/sanity/sanity-1.ktest
START sanity-2 run tests/fs/lustre/sanity/sanity-2.ktest
START sanity-3 run tests/fs/lustre/sanity/sanity-3.ktest
START sanity-4 run tests/fs/lustre/sanity/sanity-4.ktest
END lustre_mainline build tests/fs/lustre/boot.ktest PASS 134s
PUT /tmp/ktest-kernel.tar.gz 25s
PUT /tmp/ktest_lustre_mainline_native_awk3fk8a.tar 34s
PUT /tmp/ktest_lustre_mainline_native_awk3fk8a.tar 34s
PUT /tmp/ktest_lustre_mainline_native_awk3fk8a.tar 34s
PUT /tmp/ktest-kernel.tar.gz 35s
PUT /tmp/ktest_lustre_mainline_native_awk3fk8a.tar 34s
PUT /tmp/ktest_lustre_mainline_native_awk3fk8a.tar 35s
PUT /tmp/ktest_lustre_mainline_native_awk3fk8a.tar 34s
PUT /tmp/ktest_lustre_mainline_native_awk3fk8a.tar 35s
PUT /tmp/ktest-lustre.tar.gz 64s
PUT /tmp/ktest-lustre.tar.gz 82s
PUT /tmp/ktest_lustre_mainline_native_awk3fk8a.tar 15s
PUT /tmp/ktest_lustre_mainline_native_awk3fk8a.tar 22s
END cc-plugin tool cc-plugin FAIL 127s (exit code: 127)
END boot run tests/fs/lustre/boot.ktest PASS 140s
END clang-tidy tool clang-tidy PASS 147s
END mgs-setup run tests/fs/lustre/mgs-setup.ktest PASS 148s
END sanity-1 run tests/fs/lustre/sanity/sanity-1.ktest PASS 148s
END sanity-4 run tests/fs/lustre/sanity/sanity-4.ktest PASS 162s
END sanity-3 run tests/fs/lustre/sanity/sanity-3.ktest PASS 173s
END sanity-2 run tests/fs/lustre/sanity/sanity-2.ktest PASS 181s
END llmount run tests/fs/lustre/llmount.ktest PASS 226s

============================================================
Final Results:
  checkpatch: FAIL (11s) (log: /var/www/ci-lustre/upstream-patch-review/ddbcb0f7f8dda2a7d6e398504a0097945740f4e4_checkpatch.log)
  u24: PASS (66s) (log: /var/www/ci-lustre/upstream-patch-review/ddbcb0f7f8dda2a7d6e398504a0097945740f4e4_u24.log)
  al2023: PASS (61s) (log: /var/www/ci-lustre/upstream-patch-review/ddbcb0f7f8dda2a7d6e398504a0097945740f4e4_al2023.log)
  lustre_mainline_strict: FAIL (128s) (log: /var/www/ci-lustre/upstream-patch-review/ddbcb0f7f8dda2a7d6e398504a0097945740f4e4_lustre_mainline_strict.log)
  lustre_mainline: PASS (134s) (log: /var/www/ci-lustre/upstream-patch-review/ddbcb0f7f8dda2a7d6e398504a0097945740f4e4_lustre_mainline.log)
  lustre_mainline_native: PASS (132s) (log: /var/www/ci-lustre/upstream-patch-review/ddbcb0f7f8dda2a7d6e398504a0097945740f4e4_lustre_mainline_native.log)
  clang-tidy: PASS (147s) (log: /var/www/ci-lustre/upstream-patch-review/ddbcb0f7f8dda2a7d6e398504a0097945740f4e4_clang-tidy.log)
  cc-plugin: FAIL (127s) (log: /var/www/ci-lustre/upstream-patch-review/ddbcb0f7f8dda2a7d6e398504a0097945740f4e4_cc-plugin.log)
  boot: PASS (140s) (log: /var/www/ci-lustre/upstream-patch-review/ddbcb0f7f8dda2a7d6e398504a0097945740f4e4_boot.log)
  llmount: PASS (226s) (log: /var/www/ci-lustre/upstream-patch-review/ddbcb0f7f8dda2a7d6e398504a0097945740f4e4_llmount.log)
  mgs-setup: PASS (148s) (log: /var/www/ci-lustre/upstream-patch-review/ddbcb0f7f8dda2a7d6e398504a0097945740f4e4_mgs-setup.log)
  sanity-1: PASS (148s) (log: /var/www/ci-lustre/upstream-patch-review/ddbcb0f7f8dda2a7d6e398504a0097945740f4e4_sanity-1.log)
  sanity-2: PASS (181s) (log: /var/www/ci-lustre/upstream-patch-review/ddbcb0f7f8dda2a7d6e398504a0097945740f4e4_sanity-2.log)
  sanity-3: PASS (173s) (log: /var/www/ci-lustre/upstream-patch-review/ddbcb0f7f8dda2a7d6e398504a0097945740f4e4_sanity-3.log)
  sanity-4: PASS (162s) (log: /var/www/ci-lustre/upstream-patch-review/ddbcb0f7f8dda2a7d6e398504a0097945740f4e4_sanity-4.log)

Total execution time: 390s
Deleted orphaned log file: e01f6a25403ca233008453894bbc18fd0b643a06_mgs-setup.log
Deleted orphaned log file: e01f6a25403ca233008453894bbc18fd0b643a06_al2023.log
Deleted orphaned log file: e01f6a25403ca233008453894bbc18fd0b643a06_lustre_mainline.log
Deleted orphaned log file: e01f6a25403ca233008453894bbc18fd0b643a06_cc-plugin.log
Deleted orphaned log file: e2115259c7e6b212cbadcea2c46eb337ea1ccb0b_checkpatch.log
Deleted orphaned log file: e01f6a25403ca233008453894bbc18fd0b643a06_sanity-1.log
Deleted orphaned log file: e01f6a25403ca233008453894bbc18fd0b643a06_lustre_mainline_native.log
Deleted orphaned log file: e01f6a25403ca233008453894bbc18fd0b643a06_sanity-4.log
Deleted orphaned log file: e01f6a25403ca233008453894bbc18fd0b643a06_sanity-2.log
Deleted orphaned log file: e2115259c7e6b212cbadcea2c46eb337ea1ccb0b_lustre_mainline.log
Deleted orphaned log file: e01f6a25403ca233008453894bbc18fd0b643a06_checkpatch.log
Deleted orphaned log file: e2115259c7e6b212cbadcea2c46eb337ea1ccb0b_lustre_mainline_strict.log
Deleted orphaned log file: e2115259c7e6b212cbadcea2c46eb337ea1ccb0b_llmount.log
Deleted orphaned log file: e01f6a25403ca233008453894bbc18fd0b643a06_sanity-3.log
Deleted orphaned log file: e2115259c7e6b212cbadcea2c46eb337ea1ccb0b_execution.log
Deleted orphaned log file: e01f6a25403ca233008453894bbc18fd0b643a06_llmount.log
Deleted orphaned log file: e2115259c7e6b212cbadcea2c46eb337ea1ccb0b_sanity-2.log
Deleted orphaned log file: e2115259c7e6b212cbadcea2c46eb337ea1ccb0b_cc-plugin.log
Deleted orphaned log file: e01f6a25403ca233008453894bbc18fd0b643a06_clang-tidy.log
Deleted orphaned log file: e2115259c7e6b212cbadcea2c46eb337ea1ccb0b_boot.log
Deleted orphaned log file: e01f6a25403ca233008453894bbc18fd0b643a06_lustre_mainline_strict.log
Deleted orphaned log file: e2115259c7e6b212cbadcea2c46eb337ea1ccb0b_sanity-4.log
Deleted orphaned log file: e2115259c7e6b212cbadcea2c46eb337ea1ccb0b_lustre_mainline_native.log
Deleted orphaned log file: e01f6a25403ca233008453894bbc18fd0b643a06_execution.log
Deleted orphaned log file: e2115259c7e6b212cbadcea2c46eb337ea1ccb0b_sanity-1.log
Deleted orphaned log file: e01f6a25403ca233008453894bbc18fd0b643a06_boot.log
Deleted orphaned log file: e2115259c7e6b212cbadcea2c46eb337ea1ccb0b_al2023.log
Deleted orphaned log file: e2115259c7e6b212cbadcea2c46eb337ea1ccb0b_sanity-3.log
Deleted orphaned log file: e2115259c7e6b212cbadcea2c46eb337ea1ccb0b_clang-tidy.log
Deleted orphaned log file: e2115259c7e6b212cbadcea2c46eb337ea1ccb0b_u24.log
Deleted orphaned log file: e01f6a25403ca233008453894bbc18fd0b643a06_u24.log
Deleted orphaned log file: e2115259c7e6b212cbadcea2c46eb337ea1ccb0b_mgs-setup.log
Cleanup complete: deleted 32 orphaned log files
