CLI: ./podman-ktest --podman-socket unix:///run/podman/podman.sock --shared-filesystem /tmp --tarball-input job lustre-ci --output /var/www/ci-lustre/upstream-patch-review --git-hash dec9b6207d8b2bd560dc89db4a46240dafa59d1b --change-id 65064_dec9b6207d8b2bd560dc89db4a46240dafa59d1b --subject LU-19921 target: move target tunables to tgt_lproc.c

  Checking /dev/kvm exists... OK
  Checking /dev/kvm permissions... OK
  Creating ccache directory... OK
  Checking ccache directory writable... OK

Environment validated successfully
Creating kernel tarball at /tmp/ktest-kernel.tar.gz...
Creating lustre tarball at /tmp/ktest-lustre.tar.gz...
Executing 16 jobs
Jobs will start as soon as their dependencies are satisfied
Using tarball input mode

START u24 build tests/fs/lustre/boot.ktest
START checkpatch tool checkpatch
START al2023 build tests/fs/lustre/boot.ktest
START lustre_mainline_native build tests/fs/lustre/boot.ktest
START lustre_mainline_strict build tests/fs/lustre/boot-strict.ktest
START lustre_mainline build tests/fs/lustre/boot.ktest
PUT /tmp/ktest-kernel.tar.gz 8s
PUT /tmp/ktest-kernel.tar.gz 8s
PUT /tmp/ktest-kernel.tar.gz 8s
PUT /tmp/ktest-kernel.tar.gz 8s
PUT /tmp/ktest-kernel.tar.gz 8s
PUT /tmp/ktest-kernel.tar.gz 8s
PUT /tmp/ktest-lustre.tar.gz 2s
PUT /tmp/ktest-lustre.tar.gz 2s
PUT /tmp/ktest-lustre.tar.gz 1s
PUT /tmp/ktest-lustre.tar.gz 2s
PUT /tmp/ktest-lustre.tar.gz 2s
PUT /tmp/ktest-lustre.tar.gz 2s
END checkpatch tool checkpatch FAIL 13s (exit code: 1)
END al2023 build tests/fs/lustre/boot.ktest PASS 66s
END u24 build tests/fs/lustre/boot.ktest PASS 71s
GET /tmp/ktest_lustre_mainline_strict_han9s2yd.tar 5s
END lustre_mainline_strict build tests/fs/lustre/boot-strict.ktest FAIL 117s (exit code: 1)
GET /tmp/ktest_lustre_mainline_native_2aiuhi04.tar 3s
GET /tmp/ktest_lustre_mainline_70euu0pp.tar 3s
END lustre_mainline_native build tests/fs/lustre/boot.ktest PASS 122s
START clang-tidy tool clang-tidy
START cc-plugin tool cc-plugin
START boot run tests/fs/lustre/boot.ktest
START llmount run tests/fs/lustre/llmount.ktest
START llog-unit run tests/fs/lustre/llog-unit.ktest
START mgs-setup run tests/fs/lustre/mgs-setup.ktest
START sanity-1 run tests/fs/lustre/sanity/sanity-1.ktest
START sanity-2 run tests/fs/lustre/sanity/sanity-2.ktest
START sanity-3 run tests/fs/lustre/sanity/sanity-3.ktest
START sanity-4 run tests/fs/lustre/sanity/sanity-4.ktest
END lustre_mainline build tests/fs/lustre/boot.ktest PASS 123s
PUT /tmp/ktest-kernel.tar.gz 14s
PUT /tmp/ktest_lustre_mainline_native_2aiuhi04.tar 18s
PUT /tmp/ktest-kernel.tar.gz 18s
PUT /tmp/ktest_lustre_mainline_native_2aiuhi04.tar 18s
PUT /tmp/ktest_lustre_mainline_native_2aiuhi04.tar 18s
PUT /tmp/ktest_lustre_mainline_native_2aiuhi04.tar 18s
PUT /tmp/ktest_lustre_mainline_native_2aiuhi04.tar 18s
PUT /tmp/ktest_lustre_mainline_native_2aiuhi04.tar 18s
PUT /tmp/ktest_lustre_mainline_native_2aiuhi04.tar 18s
PUT /tmp/ktest_lustre_mainline_native_2aiuhi04.tar 18s
PUT /tmp/ktest-lustre.tar.gz 32s
PUT /tmp/ktest-lustre.tar.gz 33s
PUT /tmp/ktest_lustre_mainline_native_2aiuhi04.tar 4s
PUT /tmp/ktest_lustre_mainline_native_2aiuhi04.tar 9s
END cc-plugin tool cc-plugin FAIL 60s (exit code: 127)
END boot run tests/fs/lustre/boot.ktest PASS 72s
END clang-tidy tool clang-tidy PASS 79s
END mgs-setup run tests/fs/lustre/mgs-setup.ktest PASS 89s
END sanity-3 run tests/fs/lustre/sanity/sanity-3.ktest PASS 91s
END sanity-2 run tests/fs/lustre/sanity/sanity-2.ktest PASS 103s
END sanity-4 run tests/fs/lustre/sanity/sanity-4.ktest PASS 104s
END sanity-1 run tests/fs/lustre/sanity/sanity-1.ktest PASS 107s
END llmount run tests/fs/lustre/llmount.ktest PASS 163s
END llog-unit run tests/fs/lustre/llog-unit.ktest PASS 169s

============================================================
Final Results:
  checkpatch: FAIL (13s) (log: /var/www/ci-lustre/upstream-patch-review/dec9b6207d8b2bd560dc89db4a46240dafa59d1b_checkpatch.log)
  u24: PASS (71s) (log: /var/www/ci-lustre/upstream-patch-review/dec9b6207d8b2bd560dc89db4a46240dafa59d1b_u24.log)
  al2023: PASS (66s) (log: /var/www/ci-lustre/upstream-patch-review/dec9b6207d8b2bd560dc89db4a46240dafa59d1b_al2023.log)
  lustre_mainline_strict: FAIL (117s) (log: /var/www/ci-lustre/upstream-patch-review/dec9b6207d8b2bd560dc89db4a46240dafa59d1b_lustre_mainline_strict.log)
  lustre_mainline: PASS (123s) (log: /var/www/ci-lustre/upstream-patch-review/dec9b6207d8b2bd560dc89db4a46240dafa59d1b_lustre_mainline.log)
  lustre_mainline_native: PASS (122s) (log: /var/www/ci-lustre/upstream-patch-review/dec9b6207d8b2bd560dc89db4a46240dafa59d1b_lustre_mainline_native.log)
  clang-tidy: PASS (79s) (log: /var/www/ci-lustre/upstream-patch-review/dec9b6207d8b2bd560dc89db4a46240dafa59d1b_clang-tidy.log)
  cc-plugin: FAIL (60s) (log: /var/www/ci-lustre/upstream-patch-review/dec9b6207d8b2bd560dc89db4a46240dafa59d1b_cc-plugin.log)
  boot: PASS (72s) (log: /var/www/ci-lustre/upstream-patch-review/dec9b6207d8b2bd560dc89db4a46240dafa59d1b_boot.log)
  llmount: PASS (163s) (log: /var/www/ci-lustre/upstream-patch-review/dec9b6207d8b2bd560dc89db4a46240dafa59d1b_llmount.log)
  llog-unit: PASS (169s) (log: /var/www/ci-lustre/upstream-patch-review/dec9b6207d8b2bd560dc89db4a46240dafa59d1b_llog-unit.log)
  mgs-setup: PASS (89s) (log: /var/www/ci-lustre/upstream-patch-review/dec9b6207d8b2bd560dc89db4a46240dafa59d1b_mgs-setup.log)
  sanity-1: PASS (107s) (log: /var/www/ci-lustre/upstream-patch-review/dec9b6207d8b2bd560dc89db4a46240dafa59d1b_sanity-1.log)
  sanity-2: PASS (103s) (log: /var/www/ci-lustre/upstream-patch-review/dec9b6207d8b2bd560dc89db4a46240dafa59d1b_sanity-2.log)
  sanity-3: PASS (91s) (log: /var/www/ci-lustre/upstream-patch-review/dec9b6207d8b2bd560dc89db4a46240dafa59d1b_sanity-3.log)
  sanity-4: PASS (104s) (log: /var/www/ci-lustre/upstream-patch-review/dec9b6207d8b2bd560dc89db4a46240dafa59d1b_sanity-4.log)

Total execution time: 322s
