ERROR:CODE_INDENT: code indent should use tabs where possible
#73: FILE: lustre/mdc/mdc_request.c:780:
+                /**$

ERROR:CODE_INDENT: code indent should use tabs where possible
#74: FILE: lustre/mdc/mdc_request.c:781:
+                 * Take a reference on @mod, to be freed on mdc_close().$

ERROR:CODE_INDENT: code indent should use tabs where possible
#75: FILE: lustre/mdc/mdc_request.c:782:
+                 * It protects @mod from being freed on eviction (commit$

ERROR:CODE_INDENT: code indent should use tabs where possible
#76: FILE: lustre/mdc/mdc_request.c:783:
+                 * callback is called despite rq_replay flag).$

ERROR:CODE_INDENT: code indent should use tabs where possible
#77: FILE: lustre/mdc/mdc_request.c:784:
+                 * Another reference for @och.$

ERROR:CODE_INDENT: code indent should use tabs where possible
#78: FILE: lustre/mdc/mdc_request.c:785:
+                 */$

total: 6 errors, 0 warnings, 102 lines checked

NOTE: For some of the reported defects, checkpatch may be able to
      mechanically convert to the typical style using --fix or --fix-inplace.

NOTE: Whitespace errors detected.
      You may wish to use scripts/cleanpatch or scripts/cleanfile

Your patch has style problems, please review.

NOTE: If any of the errors are false positives, please report
      them to the maintainer, see CHECKPATCH in MAINTAINERS.
