00002 
00011 RDSEED32 is broken. Disabling the corresponding CPUID bit.
00015 init: failed to load nvme_core
00015 init: failed to load nvme
00015 init: failed to load zfs
00017 LNetError: 1:0:(lib-socket.c:619:lnet_inet_enumerate()) lnet: Can't find any usable interfaces, rc = -ENOENT
00017 LNetError: Error -100 starting up LNI tcp
00017 LustreError: 1:0:(events.c:627:ptlrpc_init_portals()) network initialisation failed: rc = -100
00018 init: finit_module /lib/modules/7.0.0-ktest-deec6b7-6330a45-20260724-dirty/updates/ptlrpc.ko: Network is down
00018 init: failed to load lustre
00018 init: failed to load osd_zfs
00018 init: failed to load iwlwifi
00018 init: failed to load iwlmvm
00018 init: failed to load mt7921e
00018 init: failed to load i915
00018 init: failed to load nouveau
00029 tlp: vm.laptop_mode is deprecated. Ignoring setting.
00030 Kernel version: 7.0.0-ktest-deec6b7-6330a45-20260724-dirty
00030 hook init_noop
00030 
00030 Running tests mgs-setup
00030 
00030 ========= TEST   mgs-setup
00031 /host/home/ktest/git/lustre-release/lustre/tests/test-framework.sh: line 6934: cd: HOME not set
00031 /host/home/ktest/git/lustre-release/lustre/tests/test-framework.sh: line 6934: cd: HOME not set
00031 /host/home/ktest/git/lustre-release/lustre/tests/test-framework.sh: line 6934: cd: HOME not set
00034 MGS_OS_VERSION_ID=24.04
00034 MGS_OS_ID=ubuntu
00034 MGS_OS_VERSION_CODE=402915328
00034 MGS_OS_ID_LIKE=debian ubuntu
00034 MDS1_OS_ID=ubuntu
00034 MDS1_OS_VERSION_CODE=402915328
00034 MDS1_OS_ID_LIKE=debian ubuntu
00034 MDS1_OS_VERSION_ID=24.04
00034 OST1_OS_VERSION_ID=24.04
00034 OST1_OS_VERSION_CODE=402915328
00034 OST1_OS_ID=ubuntu
00034 OST1_OS_ID_LIKE=debian ubuntu
00034 CLIENT_OS_VERSION_ID=24.04
00034 CLIENT_OS_ID_LIKE=debian ubuntu
00034 CLIENT_OS_ID=ubuntu
00034 CLIENT_OS_VERSION_CODE=402915328
00034 Loading modules from /host/home/ktest/git/lustre-release/lustre
00034 detected 16 online CPUs by sysfs
00034 MODOPTS_LIBCFS=
00034 libcfs will create CPU partition based on online CPUs
00035 LNet: Added LNI 10.0.2.15@tcp [8/256/0/180]
00035 gss/krb5 is not supported
00036 Lustre: Echo OBD driver; http://www.lustre.org/
00036 
00037 
00042 
00042 
00042 
00042 Lustre: server umount MGS0000 complete
00042 
00042 Removed directory: /mnt/lustre-t76hQL-MGS0000
00042 
00042 ========= PASSED mgs-setup in 12s
00042 
00042 Passed: mgs-setup
00042 Failed: 
00042 NOTICE: Automounting of tracing to debugfs is deprecated and will be removed in 2030
00042 Kernel version: 7.0.0-ktest-deec6b7-6330a45-20260724-dirty
00042 TEST SUCCESS
