CLI: ./podman-ktest --podman-socket unix:///run/podman/podman.sock --shared-filesystem /tmp --tarball-input job lustre-ci --output /var/www/ci-lustre/upstream-patch-review --git-hash df1864f99d7979e525052f03158907849b58b9e2 --change-id 60773_df1864f99d7979e525052f03158907849b58b9e2 --subject LU-19266 pcc: ensure pcci is available post cache eviction

  Checking /dev/kvm exists... OK
  Checking /dev/kvm permissions... OK
  Creating ccache directory... OK
  Checking ccache directory writable... OK

Environment validated successfully
Creating kernel tarball at /tmp/ktest-kernel.tar.gz...
Creating lustre tarball at /tmp/ktest-lustre.tar.gz...
Executing 16 jobs
Jobs will start as soon as their dependencies are satisfied
Using tarball input mode

START lustre_mainline build tests/fs/lustre/boot.ktest
START lustre_mainline_native build tests/fs/lustre/boot.ktest
START lustre_mainline_strict build tests/fs/lustre/boot-strict.ktest
START lustre_u24 build tests/fs/lustre/boot.ktest
START checkpatch tool checkpatch
START lustre_al2023 build tests/fs/lustre/boot.ktest
PUT /tmp/ktest-kernel.tar.gz 9s
PUT /tmp/ktest-kernel.tar.gz 9s
PUT /tmp/ktest-kernel.tar.gz 10s
PUT /tmp/ktest-kernel.tar.gz 10s
PUT /tmp/ktest-kernel.tar.gz 10s
PUT /tmp/ktest-kernel.tar.gz 10s
PUT /tmp/ktest-lustre.tar.gz 6s
PUT /tmp/ktest-lustre.tar.gz 6s
PUT /tmp/ktest-lustre.tar.gz 6s
PUT /tmp/ktest-lustre.tar.gz 6s
PUT /tmp/ktest-lustre.tar.gz 6s
PUT /tmp/ktest-lustre.tar.gz 6s
END checkpatch tool checkpatch PASS 19s
END lustre_u24 build tests/fs/lustre/boot.ktest PASS 83s
END lustre_al2023 build tests/fs/lustre/boot.ktest PASS 84s
GET /tmp/ktest_lustre_mainline_strict_8hvptcns.tar 4s
END lustre_mainline_strict build tests/fs/lustre/boot-strict.ktest FAIL 130s (exit code: 1)
GET /tmp/ktest_lustre_mainline_6_ffs90f.tar 3s
GET /tmp/ktest_lustre_mainline_native_w7r_33me.tar 3s
END lustre_mainline build tests/fs/lustre/boot.ktest PASS 151s
END lustre_mainline_native build tests/fs/lustre/boot.ktest PASS 152s
START clang-tidy tool clang-tidy
START cc-plugin tool cc-plugin
START boot run tests/fs/lustre/boot.ktest
START llmount run tests/fs/lustre/llmount.ktest
START llog-unit run tests/fs/lustre/llog-unit.ktest
START mgs-setup run tests/fs/lustre/mgs-setup.ktest
START sanity-1 run tests/fs/lustre/sanity/sanity-1.ktest
START sanity-2 run tests/fs/lustre/sanity/sanity-2.ktest
START sanity-3 run tests/fs/lustre/sanity/sanity-3.ktest
START sanity-4 run tests/fs/lustre/sanity/sanity-4.ktest
PUT /tmp/ktest-kernel.tar.gz 21s
PUT /tmp/ktest_lustre_mainline_native_w7r_33me.tar 30s
PUT /tmp/ktest_lustre_mainline_native_w7r_33me.tar 30s
PUT /tmp/ktest_lustre_mainline_native_w7r_33me.tar 31s
PUT /tmp/ktest_lustre_mainline_native_w7r_33me.tar 31s
PUT /tmp/ktest-kernel.tar.gz 30s
PUT /tmp/ktest_lustre_mainline_native_w7r_33me.tar 30s
PUT /tmp/ktest_lustre_mainline_native_w7r_33me.tar 30s
PUT /tmp/ktest_lustre_mainline_native_w7r_33me.tar 31s
PUT /tmp/ktest_lustre_mainline_native_w7r_33me.tar 31s
PUT /tmp/ktest-lustre.tar.gz 84s
PUT /tmp/ktest-lustre.tar.gz 74s
PUT /tmp/ktest_lustre_mainline_native_w7r_33me.tar 12s
PUT /tmp/ktest_lustre_mainline_native_w7r_33me.tar 12s
END boot run tests/fs/lustre/boot.ktest PASS 120s
END cc-plugin tool cc-plugin FAIL 122s (exit code: 127)
END clang-tidy tool clang-tidy PASS 140s
END sanity-1 run tests/fs/lustre/sanity/sanity-1.ktest PASS 147s
END mgs-setup run tests/fs/lustre/mgs-setup.ktest PASS 148s
END sanity-4 run tests/fs/lustre/sanity/sanity-4.ktest PASS 157s
END sanity-2 run tests/fs/lustre/sanity/sanity-2.ktest PASS 158s
END sanity-3 run tests/fs/lustre/sanity/sanity-3.ktest PASS 170s
END llog-unit run tests/fs/lustre/llog-unit.ktest PASS 209s
END llmount run tests/fs/lustre/llmount.ktest PASS 237s

============================================================
Final Results:
  checkpatch: PASS (19s) (log: /var/www/ci-lustre/upstream-patch-review/df1864f99d7979e525052f03158907849b58b9e2_checkpatch.log)
  lustre_u24: PASS (83s) (log: /var/www/ci-lustre/upstream-patch-review/df1864f99d7979e525052f03158907849b58b9e2_lustre_u24.log)
  lustre_al2023: PASS (84s) (log: /var/www/ci-lustre/upstream-patch-review/df1864f99d7979e525052f03158907849b58b9e2_lustre_al2023.log)
  lustre_mainline_strict: FAIL (130s) (log: /var/www/ci-lustre/upstream-patch-review/df1864f99d7979e525052f03158907849b58b9e2_lustre_mainline_strict.log)
  lustre_mainline: PASS (151s) (log: /var/www/ci-lustre/upstream-patch-review/df1864f99d7979e525052f03158907849b58b9e2_lustre_mainline.log)
  lustre_mainline_native: PASS (152s) (log: /var/www/ci-lustre/upstream-patch-review/df1864f99d7979e525052f03158907849b58b9e2_lustre_mainline_native.log)
  clang-tidy: PASS (140s) (log: /var/www/ci-lustre/upstream-patch-review/df1864f99d7979e525052f03158907849b58b9e2_clang-tidy.log)
  cc-plugin: FAIL (122s) (log: /var/www/ci-lustre/upstream-patch-review/df1864f99d7979e525052f03158907849b58b9e2_cc-plugin.log)
  boot: PASS (120s) (log: /var/www/ci-lustre/upstream-patch-review/df1864f99d7979e525052f03158907849b58b9e2_boot.log)
  llmount: PASS (237s) (log: /var/www/ci-lustre/upstream-patch-review/df1864f99d7979e525052f03158907849b58b9e2_llmount.log)
  llog-unit: PASS (209s) (log: /var/www/ci-lustre/upstream-patch-review/df1864f99d7979e525052f03158907849b58b9e2_llog-unit.log)
  mgs-setup: PASS (148s) (log: /var/www/ci-lustre/upstream-patch-review/df1864f99d7979e525052f03158907849b58b9e2_mgs-setup.log)
  sanity-1: PASS (147s) (log: /var/www/ci-lustre/upstream-patch-review/df1864f99d7979e525052f03158907849b58b9e2_sanity-1.log)
  sanity-2: PASS (158s) (log: /var/www/ci-lustre/upstream-patch-review/df1864f99d7979e525052f03158907849b58b9e2_sanity-2.log)
  sanity-3: PASS (170s) (log: /var/www/ci-lustre/upstream-patch-review/df1864f99d7979e525052f03158907849b58b9e2_sanity-3.log)
  sanity-4: PASS (157s) (log: /var/www/ci-lustre/upstream-patch-review/df1864f99d7979e525052f03158907849b58b9e2_sanity-4.log)

Total execution time: 420s
