CLI: ./podman-ktest --podman-socket unix:///run/podman/podman.sock --shared-filesystem /tmp --tarball-input job lustre-ci --output /var/www/ci-lustre/upstream-patch-review --git-hash dfa98950cd5eea1282c6c8b3055bab208e8033fa --change-id 64519_dfa98950cd5eea1282c6c8b3055bab208e8033fa --subject LU-19819: utils: enhance 'lctl changelog register/deregister' usage message

  Checking /dev/kvm exists... OK
  Checking /dev/kvm permissions... OK
  Creating ccache directory... OK
  Checking ccache directory writable... OK

Environment validated successfully
Creating kernel tarball at /tmp/ktest-kernel.tar.gz...
Creating lustre tarball at /tmp/ktest-lustre.tar.gz...
Executing 16 jobs
Jobs will start as soon as their dependencies are satisfied
Using tarball input mode

START lustre_u24 build tests/fs/lustre/boot.ktest
START lustre_mainline_strict build tests/fs/lustre/boot-strict.ktest
START lustre_al2023 build tests/fs/lustre/boot.ktest
START lustre_mainline build tests/fs/lustre/boot.ktest
START lustre_mainline_native build tests/fs/lustre/boot.ktest
START checkpatch tool checkpatch
PUT /tmp/ktest-kernel.tar.gz 7s
PUT /tmp/ktest-kernel.tar.gz 7s
PUT /tmp/ktest-kernel.tar.gz 8s
PUT /tmp/ktest-kernel.tar.gz 8s
PUT /tmp/ktest-kernel.tar.gz 8s
PUT /tmp/ktest-kernel.tar.gz 8s
PUT /tmp/ktest-lustre.tar.gz 1s
PUT /tmp/ktest-lustre.tar.gz 1s
PUT /tmp/ktest-lustre.tar.gz 2s
PUT /tmp/ktest-lustre.tar.gz 1s
PUT /tmp/ktest-lustre.tar.gz 1s
PUT /tmp/ktest-lustre.tar.gz 2s
END checkpatch tool checkpatch PASS 11s
END lustre_al2023 build tests/fs/lustre/boot.ktest PASS 67s
END lustre_u24 build tests/fs/lustre/boot.ktest PASS 69s
GET /tmp/ktest_lustre_mainline_strict_2mj6lrze.tar 5s
END lustre_mainline_strict build tests/fs/lustre/boot-strict.ktest FAIL 118s (exit code: 1)
GET /tmp/ktest_lustre_mainline_8nvcj9jv.tar 3s
GET /tmp/ktest_lustre_mainline_native_wf5zughn.tar 3s
END lustre_mainline build tests/fs/lustre/boot.ktest PASS 123s
END lustre_mainline_native build tests/fs/lustre/boot.ktest PASS 124s
START clang-tidy tool clang-tidy
START cc-plugin tool cc-plugin
START boot run tests/fs/lustre/boot.ktest
START llmount run tests/fs/lustre/llmount.ktest
START llog-unit run tests/fs/lustre/llog-unit.ktest
START mgs-setup run tests/fs/lustre/mgs-setup.ktest
START sanity-1 run tests/fs/lustre/sanity/sanity-1.ktest
START sanity-2 run tests/fs/lustre/sanity/sanity-2.ktest
START sanity-3 run tests/fs/lustre/sanity/sanity-3.ktest
START sanity-4 run tests/fs/lustre/sanity/sanity-4.ktest
PUT /tmp/ktest-kernel.tar.gz 16s
PUT /tmp/ktest_lustre_mainline_native_wf5zughn.tar 17s
PUT /tmp/ktest_lustre_mainline_native_wf5zughn.tar 17s
PUT /tmp/ktest_lustre_mainline_native_wf5zughn.tar 18s
PUT /tmp/ktest_lustre_mainline_native_wf5zughn.tar 18s
PUT /tmp/ktest_lustre_mainline_native_wf5zughn.tar 17s
PUT /tmp/ktest_lustre_mainline_native_wf5zughn.tar 17s
PUT /tmp/ktest_lustre_mainline_native_wf5zughn.tar 17s
PUT /tmp/ktest-kernel.tar.gz 17s
PUT /tmp/ktest_lustre_mainline_native_wf5zughn.tar 17s
PUT /tmp/ktest-lustre.tar.gz 19s
PUT /tmp/ktest-lustre.tar.gz 28s
PUT /tmp/ktest_lustre_mainline_native_wf5zughn.tar 4s
PUT /tmp/ktest_lustre_mainline_native_wf5zughn.tar 10s
END cc-plugin tool cc-plugin FAIL 52s (exit code: 127)
END clang-tidy tool clang-tidy PASS 74s
END boot run tests/fs/lustre/boot.ktest PASS 76s
END mgs-setup run tests/fs/lustre/mgs-setup.ktest PASS 89s
END sanity-2 run tests/fs/lustre/sanity/sanity-2.ktest PASS 104s
END sanity-3 run tests/fs/lustre/sanity/sanity-3.ktest PASS 106s
END sanity-4 run tests/fs/lustre/sanity/sanity-4.ktest PASS 118s
END sanity-1 run tests/fs/lustre/sanity/sanity-1.ktest PASS 119s
END llmount run tests/fs/lustre/llmount.ktest PASS 170s
END llog-unit run tests/fs/lustre/llog-unit.ktest PASS 176s

============================================================
Final Results:
  checkpatch: PASS (11s) (log: /var/www/ci-lustre/upstream-patch-review/dfa98950cd5eea1282c6c8b3055bab208e8033fa_checkpatch.log)
  lustre_u24: PASS (69s) (log: /var/www/ci-lustre/upstream-patch-review/dfa98950cd5eea1282c6c8b3055bab208e8033fa_lustre_u24.log)
  lustre_al2023: PASS (67s) (log: /var/www/ci-lustre/upstream-patch-review/dfa98950cd5eea1282c6c8b3055bab208e8033fa_lustre_al2023.log)
  lustre_mainline_strict: FAIL (118s) (log: /var/www/ci-lustre/upstream-patch-review/dfa98950cd5eea1282c6c8b3055bab208e8033fa_lustre_mainline_strict.log)
  lustre_mainline: PASS (123s) (log: /var/www/ci-lustre/upstream-patch-review/dfa98950cd5eea1282c6c8b3055bab208e8033fa_lustre_mainline.log)
  lustre_mainline_native: PASS (124s) (log: /var/www/ci-lustre/upstream-patch-review/dfa98950cd5eea1282c6c8b3055bab208e8033fa_lustre_mainline_native.log)
  clang-tidy: PASS (74s) (log: /var/www/ci-lustre/upstream-patch-review/dfa98950cd5eea1282c6c8b3055bab208e8033fa_clang-tidy.log)
  cc-plugin: FAIL (52s) (log: /var/www/ci-lustre/upstream-patch-review/dfa98950cd5eea1282c6c8b3055bab208e8033fa_cc-plugin.log)
  boot: PASS (76s) (log: /var/www/ci-lustre/upstream-patch-review/dfa98950cd5eea1282c6c8b3055bab208e8033fa_boot.log)
  llmount: PASS (170s) (log: /var/www/ci-lustre/upstream-patch-review/dfa98950cd5eea1282c6c8b3055bab208e8033fa_llmount.log)
  llog-unit: PASS (176s) (log: /var/www/ci-lustre/upstream-patch-review/dfa98950cd5eea1282c6c8b3055bab208e8033fa_llog-unit.log)
  mgs-setup: PASS (89s) (log: /var/www/ci-lustre/upstream-patch-review/dfa98950cd5eea1282c6c8b3055bab208e8033fa_mgs-setup.log)
  sanity-1: PASS (119s) (log: /var/www/ci-lustre/upstream-patch-review/dfa98950cd5eea1282c6c8b3055bab208e8033fa_sanity-1.log)
  sanity-2: PASS (104s) (log: /var/www/ci-lustre/upstream-patch-review/dfa98950cd5eea1282c6c8b3055bab208e8033fa_sanity-2.log)
  sanity-3: PASS (106s) (log: /var/www/ci-lustre/upstream-patch-review/dfa98950cd5eea1282c6c8b3055bab208e8033fa_sanity-3.log)
  sanity-4: PASS (118s) (log: /var/www/ci-lustre/upstream-patch-review/dfa98950cd5eea1282c6c8b3055bab208e8033fa_sanity-4.log)

Total execution time: 330s
