CLI: ./podman-ktest --podman-socket unix:///run/podman/podman.sock --shared-filesystem /tmp --tarball-input job lustre-ci --output /var/www/ci-lustre/upstream-patch-review --git-hash e08d26dfc19698e7953ba4e2e90a0bcd737e3e09 --change-id 62689_e08d26dfc19698e7953ba4e2e90a0bcd737e3e09 --subject LU-12668 ec: skip holed stripe-sets when resyncing

  Checking /dev/kvm exists... OK
  Checking /dev/kvm permissions... OK
  Creating ccache directory... OK
  Checking ccache directory writable... OK

Environment validated successfully
Creating kernel tarball at /tmp/ktest-kernel.tar.gz...
Creating lustre tarball at /tmp/ktest-lustre.tar.gz...
Executing 16 jobs
Jobs will start as soon as their dependencies are satisfied
Using tarball input mode

START lustre_mainline build tests/fs/lustre/boot.ktest
START u24 build tests/fs/lustre/boot.ktest
START lustre_mainline_strict build tests/fs/lustre/boot-strict.ktest
START al2023 build tests/fs/lustre/boot.ktest
START lustre_mainline_native build tests/fs/lustre/boot.ktest
START checkpatch tool checkpatch
PUT /tmp/ktest-kernel.tar.gz 8s
PUT /tmp/ktest-kernel.tar.gz 8s
PUT /tmp/ktest-kernel.tar.gz 8s
PUT /tmp/ktest-kernel.tar.gz 8s
PUT /tmp/ktest-kernel.tar.gz 8s
PUT /tmp/ktest-kernel.tar.gz 8s
PUT /tmp/ktest-lustre.tar.gz 2s
PUT /tmp/ktest-lustre.tar.gz 2s
PUT /tmp/ktest-lustre.tar.gz 2s
PUT /tmp/ktest-lustre.tar.gz 2s
PUT /tmp/ktest-lustre.tar.gz 2s
PUT /tmp/ktest-lustre.tar.gz 2s
END checkpatch tool checkpatch FAIL 12s (exit code: 1)
END al2023 build tests/fs/lustre/boot.ktest PASS 67s
END u24 build tests/fs/lustre/boot.ktest PASS 71s
GET /tmp/ktest_lustre_mainline_strict_f5un0lyc.tar 5s
END lustre_mainline_strict build tests/fs/lustre/boot-strict.ktest FAIL 116s (exit code: 1)
GET /tmp/ktest_lustre_mainline_native_q39r9vwu.tar 4s
GET /tmp/ktest_lustre_mainline_t18upj7a.tar 4s
END lustre_mainline_native build tests/fs/lustre/boot.ktest PASS 119s
START clang-tidy tool clang-tidy
START cc-plugin tool cc-plugin
START boot run tests/fs/lustre/boot.ktest
START llmount run tests/fs/lustre/llmount.ktest
START llog-unit run tests/fs/lustre/llog-unit.ktest
START mgs-setup run tests/fs/lustre/mgs-setup.ktest
START sanity-1 run tests/fs/lustre/sanity/sanity-1.ktest
START sanity-2 run tests/fs/lustre/sanity/sanity-2.ktest
START sanity-3 run tests/fs/lustre/sanity/sanity-3.ktest
START sanity-4 run tests/fs/lustre/sanity/sanity-4.ktest
END lustre_mainline build tests/fs/lustre/boot.ktest PASS 121s
PUT /tmp/ktest-kernel.tar.gz 9s
PUT /tmp/ktest-kernel.tar.gz 13s
PUT /tmp/ktest_lustre_mainline_native_q39r9vwu.tar 13s
PUT /tmp/ktest_lustre_mainline_native_q39r9vwu.tar 14s
PUT /tmp/ktest_lustre_mainline_native_q39r9vwu.tar 14s
PUT /tmp/ktest_lustre_mainline_native_q39r9vwu.tar 14s
PUT /tmp/ktest_lustre_mainline_native_q39r9vwu.tar 14s
PUT /tmp/ktest_lustre_mainline_native_q39r9vwu.tar 14s
PUT /tmp/ktest_lustre_mainline_native_q39r9vwu.tar 14s
PUT /tmp/ktest_lustre_mainline_native_q39r9vwu.tar 14s
PUT /tmp/ktest-lustre.tar.gz 6s
PUT /tmp/ktest-lustre.tar.gz 1s
PUT /tmp/ktest_lustre_mainline_native_q39r9vwu.tar 38s
PUT /tmp/ktest_lustre_mainline_native_q39r9vwu.tar 38s
END cc-plugin tool cc-plugin FAIL 58s (exit code: 127)
END clang-tidy tool clang-tidy PASS 81s
END boot run tests/fs/lustre/boot.ktest PASS 82s
END mgs-setup run tests/fs/lustre/mgs-setup.ktest PASS 97s
END sanity-4 run tests/fs/lustre/sanity/sanity-4.ktest PASS 100s
END sanity-2 run tests/fs/lustre/sanity/sanity-2.ktest PASS 111s
END sanity-1 run tests/fs/lustre/sanity/sanity-1.ktest PASS 112s
END sanity-3 run tests/fs/lustre/sanity/sanity-3.ktest PASS 123s
END llmount run tests/fs/lustre/llmount.ktest PASS 166s
END llog-unit run tests/fs/lustre/llog-unit.ktest PASS 181s

============================================================
Final Results:
  checkpatch: FAIL (12s) (log: /var/www/ci-lustre/upstream-patch-review/e08d26dfc19698e7953ba4e2e90a0bcd737e3e09_checkpatch.log)
  u24: PASS (71s) (log: /var/www/ci-lustre/upstream-patch-review/e08d26dfc19698e7953ba4e2e90a0bcd737e3e09_u24.log)
  al2023: PASS (67s) (log: /var/www/ci-lustre/upstream-patch-review/e08d26dfc19698e7953ba4e2e90a0bcd737e3e09_al2023.log)
  lustre_mainline_strict: FAIL (116s) (log: /var/www/ci-lustre/upstream-patch-review/e08d26dfc19698e7953ba4e2e90a0bcd737e3e09_lustre_mainline_strict.log)
  lustre_mainline: PASS (121s) (log: /var/www/ci-lustre/upstream-patch-review/e08d26dfc19698e7953ba4e2e90a0bcd737e3e09_lustre_mainline.log)
  lustre_mainline_native: PASS (119s) (log: /var/www/ci-lustre/upstream-patch-review/e08d26dfc19698e7953ba4e2e90a0bcd737e3e09_lustre_mainline_native.log)
  clang-tidy: PASS (81s) (log: /var/www/ci-lustre/upstream-patch-review/e08d26dfc19698e7953ba4e2e90a0bcd737e3e09_clang-tidy.log)
  cc-plugin: FAIL (58s) (log: /var/www/ci-lustre/upstream-patch-review/e08d26dfc19698e7953ba4e2e90a0bcd737e3e09_cc-plugin.log)
  boot: PASS (82s) (log: /var/www/ci-lustre/upstream-patch-review/e08d26dfc19698e7953ba4e2e90a0bcd737e3e09_boot.log)
  llmount: PASS (166s) (log: /var/www/ci-lustre/upstream-patch-review/e08d26dfc19698e7953ba4e2e90a0bcd737e3e09_llmount.log)
  llog-unit: PASS (181s) (log: /var/www/ci-lustre/upstream-patch-review/e08d26dfc19698e7953ba4e2e90a0bcd737e3e09_llog-unit.log)
  mgs-setup: PASS (97s) (log: /var/www/ci-lustre/upstream-patch-review/e08d26dfc19698e7953ba4e2e90a0bcd737e3e09_mgs-setup.log)
  sanity-1: PASS (112s) (log: /var/www/ci-lustre/upstream-patch-review/e08d26dfc19698e7953ba4e2e90a0bcd737e3e09_sanity-1.log)
  sanity-2: PASS (111s) (log: /var/www/ci-lustre/upstream-patch-review/e08d26dfc19698e7953ba4e2e90a0bcd737e3e09_sanity-2.log)
  sanity-3: PASS (123s) (log: /var/www/ci-lustre/upstream-patch-review/e08d26dfc19698e7953ba4e2e90a0bcd737e3e09_sanity-3.log)
  sanity-4: PASS (100s) (log: /var/www/ci-lustre/upstream-patch-review/e08d26dfc19698e7953ba4e2e90a0bcd737e3e09_sanity-4.log)

Total execution time: 333s
