CLI: ./podman-ktest --podman-socket unix:///run/podman/podman.sock --shared-filesystem /tmp --tarball-input job lustre-ci --output /var/www/ci-lustre/upstream-patch-review --git-hash e0c3f4f93bb378005c55e3935e25b34799b09cad --change-id 63643_e0c3f4f93bb378005c55e3935e25b34799b09cad --subject LU-19833 acl: fix generation of changelogs with ACLs

  Checking /dev/kvm exists... OK
  Checking /dev/kvm permissions... OK
  Creating ccache directory... OK
  Checking ccache directory writable... OK

Environment validated successfully
Creating kernel tarball at /tmp/ktest-kernel.tar.gz...
Creating lustre tarball at /tmp/ktest-lustre.tar.gz...
Executing 16 jobs
Jobs will start as soon as their dependencies are satisfied
Using tarball input mode

START lustre_u24 build tests/fs/lustre/boot.ktest
START lustre_mainline_native build tests/fs/lustre/boot.ktest
START lustre_mainline_strict build tests/fs/lustre/boot-strict.ktest
START lustre_al2023 build tests/fs/lustre/boot.ktest
START lustre_mainline build tests/fs/lustre/boot.ktest
START checkpatch tool checkpatch
PUT /tmp/ktest-kernel.tar.gz 10s
PUT /tmp/ktest-kernel.tar.gz 10s
PUT /tmp/ktest-kernel.tar.gz 10s
PUT /tmp/ktest-kernel.tar.gz 10s
PUT /tmp/ktest-kernel.tar.gz 10s
PUT /tmp/ktest-kernel.tar.gz 10s
PUT /tmp/ktest-lustre.tar.gz 4s
PUT /tmp/ktest-lustre.tar.gz 3s
PUT /tmp/ktest-lustre.tar.gz 3s
PUT /tmp/ktest-lustre.tar.gz 3s
PUT /tmp/ktest-lustre.tar.gz 3s
PUT /tmp/ktest-lustre.tar.gz 3s
END checkpatch tool checkpatch PASS 16s
END lustre_al2023 build tests/fs/lustre/boot.ktest PASS 75s
END lustre_u24 build tests/fs/lustre/boot.ktest PASS 77s
GET /tmp/ktest_lustre_mainline_strict_9l4kskv6.tar 5s
END lustre_mainline_strict build tests/fs/lustre/boot-strict.ktest FAIL 119s (exit code: 1)
GET /tmp/ktest_lustre_mainline_7boqwbfk.tar 3s
GET /tmp/ktest_lustre_mainline_native_tv8zoc4j.tar 3s
END lustre_mainline build tests/fs/lustre/boot.ktest PASS 127s
END lustre_mainline_native build tests/fs/lustre/boot.ktest PASS 128s
START clang-tidy tool clang-tidy
START cc-plugin tool cc-plugin
START boot run tests/fs/lustre/boot.ktest
START llmount run tests/fs/lustre/llmount.ktest
START llog-unit run tests/fs/lustre/llog-unit.ktest
START mgs-setup run tests/fs/lustre/mgs-setup.ktest
START sanity-1 run tests/fs/lustre/sanity/sanity-1.ktest
START sanity-2 run tests/fs/lustre/sanity/sanity-2.ktest
START sanity-3 run tests/fs/lustre/sanity/sanity-3.ktest
START sanity-4 run tests/fs/lustre/sanity/sanity-4.ktest
PUT /tmp/ktest-kernel.tar.gz 12s
PUT /tmp/ktest_lustre_mainline_native_tv8zoc4j.tar 16s
PUT /tmp/ktest_lustre_mainline_native_tv8zoc4j.tar 16s
PUT /tmp/ktest_lustre_mainline_native_tv8zoc4j.tar 16s
PUT /tmp/ktest_lustre_mainline_native_tv8zoc4j.tar 16s
PUT /tmp/ktest_lustre_mainline_native_tv8zoc4j.tar 16s
PUT /tmp/ktest_lustre_mainline_native_tv8zoc4j.tar 16s
PUT /tmp/ktest_lustre_mainline_native_tv8zoc4j.tar 16s
PUT /tmp/ktest_lustre_mainline_native_tv8zoc4j.tar 16s
PUT /tmp/ktest-kernel.tar.gz 16s
PUT /tmp/ktest-lustre.tar.gz 33s
PUT /tmp/ktest-lustre.tar.gz 30s
PUT /tmp/ktest_lustre_mainline_native_tv8zoc4j.tar 8s
PUT /tmp/ktest_lustre_mainline_native_tv8zoc4j.tar 9s
END cc-plugin tool cc-plugin FAIL 57s (exit code: 127)
END boot run tests/fs/lustre/boot.ktest PASS 74s
END clang-tidy tool clang-tidy PASS 75s
END mgs-setup run tests/fs/lustre/mgs-setup.ktest PASS 78s
END sanity-3 run tests/fs/lustre/sanity/sanity-3.ktest PASS 88s
END sanity-1 run tests/fs/lustre/sanity/sanity-1.ktest PASS 95s
END sanity-2 run tests/fs/lustre/sanity/sanity-2.ktest PASS 96s
END sanity-4 run tests/fs/lustre/sanity/sanity-4.ktest PASS 106s
END llog-unit run tests/fs/lustre/llog-unit.ktest PASS 160s
END llmount run tests/fs/lustre/llmount.ktest PASS 163s

============================================================
Final Results:
  checkpatch: PASS (16s) (log: /var/www/ci-lustre/upstream-patch-review/e0c3f4f93bb378005c55e3935e25b34799b09cad_checkpatch.log)
  lustre_u24: PASS (77s) (log: /var/www/ci-lustre/upstream-patch-review/e0c3f4f93bb378005c55e3935e25b34799b09cad_lustre_u24.log)
  lustre_al2023: PASS (75s) (log: /var/www/ci-lustre/upstream-patch-review/e0c3f4f93bb378005c55e3935e25b34799b09cad_lustre_al2023.log)
  lustre_mainline_strict: FAIL (119s) (log: /var/www/ci-lustre/upstream-patch-review/e0c3f4f93bb378005c55e3935e25b34799b09cad_lustre_mainline_strict.log)
  lustre_mainline: PASS (127s) (log: /var/www/ci-lustre/upstream-patch-review/e0c3f4f93bb378005c55e3935e25b34799b09cad_lustre_mainline.log)
  lustre_mainline_native: PASS (128s) (log: /var/www/ci-lustre/upstream-patch-review/e0c3f4f93bb378005c55e3935e25b34799b09cad_lustre_mainline_native.log)
  clang-tidy: PASS (75s) (log: /var/www/ci-lustre/upstream-patch-review/e0c3f4f93bb378005c55e3935e25b34799b09cad_clang-tidy.log)
  cc-plugin: FAIL (57s) (log: /var/www/ci-lustre/upstream-patch-review/e0c3f4f93bb378005c55e3935e25b34799b09cad_cc-plugin.log)
  boot: PASS (74s) (log: /var/www/ci-lustre/upstream-patch-review/e0c3f4f93bb378005c55e3935e25b34799b09cad_boot.log)
  llmount: PASS (163s) (log: /var/www/ci-lustre/upstream-patch-review/e0c3f4f93bb378005c55e3935e25b34799b09cad_llmount.log)
  llog-unit: PASS (160s) (log: /var/www/ci-lustre/upstream-patch-review/e0c3f4f93bb378005c55e3935e25b34799b09cad_llog-unit.log)
  mgs-setup: PASS (78s) (log: /var/www/ci-lustre/upstream-patch-review/e0c3f4f93bb378005c55e3935e25b34799b09cad_mgs-setup.log)
  sanity-1: PASS (95s) (log: /var/www/ci-lustre/upstream-patch-review/e0c3f4f93bb378005c55e3935e25b34799b09cad_sanity-1.log)
  sanity-2: PASS (96s) (log: /var/www/ci-lustre/upstream-patch-review/e0c3f4f93bb378005c55e3935e25b34799b09cad_sanity-2.log)
  sanity-3: PASS (88s) (log: /var/www/ci-lustre/upstream-patch-review/e0c3f4f93bb378005c55e3935e25b34799b09cad_sanity-3.log)
  sanity-4: PASS (106s) (log: /var/www/ci-lustre/upstream-patch-review/e0c3f4f93bb378005c55e3935e25b34799b09cad_sanity-4.log)

Total execution time: 322s
