00001 
00001 RDSEED32 is broken. Disabling the corresponding CPUID bit.
00003 init: failed to load nvme_core
00003 init: failed to load nvme
00003 init: failed to load zfs
00005 LNetError: 1:0:(lib-socket.c:619:lnet_inet_enumerate()) lnet: Can't find any usable interfaces, rc = -ENOENT
00005 LNetError: Error -100 starting up LNI tcp
00005 LustreError: 1:0:(events.c:627:ptlrpc_init_portals()) network initialisation failed: rc = -100
00006 init: finit_module /lib/modules/7.0.0-ktest-e2039cd1d4-7433349-20260709/updates/ptlrpc.ko: Network is down
00006 init: failed to load lustre
00006 init: failed to load osd_zfs
00006 init: failed to load iwlwifi
00006 init: failed to load iwlmvm
00006 init: failed to load mt7921e
00006 init: failed to load i915
00006 init: failed to load nouveau
00048 tlp: vm.laptop_mode is deprecated. Ignoring setting.
00048 Kernel version: 7.0.0-ktest-e2039cd1d4-7433349-20260709
00048 hook init_noop
00049 
00049 Running tests llog-unit
00049 
00049 ========= TEST   llog-unit
00049 /host/home/ktest/git/lustre-release/lustre/tests/test-framework.sh: line 6933: cd: HOME not set
00049 /host/home/ktest/git/lustre-release/lustre/tests/test-framework.sh: line 6933: cd: HOME not set
00049 /host/home/ktest/git/lustre-release/lustre/tests/test-framework.sh: line 6933: cd: HOME not set
00051 MGS_OS_VERSION_ID=24.04
00051 MGS_OS_ID=ubuntu
00051 MGS_OS_VERSION_CODE=402915328
00051 MGS_OS_ID_LIKE=debian ubuntu
00051 MDS1_OS_ID=ubuntu
00051 MDS1_OS_VERSION_CODE=402915328
00051 MDS1_OS_ID_LIKE=debian ubuntu
00051 MDS1_OS_VERSION_ID=24.04
00051 OST1_OS_VERSION_ID=24.04
00051 OST1_OS_VERSION_CODE=402915328
00051 OST1_OS_ID=ubuntu
00051 OST1_OS_ID_LIKE=debian ubuntu
00051 CLIENT_OS_VERSION_ID=24.04
00051 CLIENT_OS_ID_LIKE=debian ubuntu
00051 CLIENT_OS_ID=ubuntu
00051 CLIENT_OS_VERSION_CODE=402915328
00051 Loading modules from /host/home/ktest/git/lustre-release/lustre
00051 detected 16 online CPUs by sysfs
00051 MODOPTS_LIBCFS=
00051 libcfs will create CPU partition based on online CPUs
00052 LNet: Added LNI 10.0.2.15@tcp [8/256/0/180]
00052 gss/krb5 is not supported
00053 Lustre: Echo OBD driver; http://www.lustre.org/
00053 
00053 
00053 /host/home/ktest/git/lustre-release/lustre/tests/test-framework.sh: line 6933: cd: HOME not set
00053 /host/home/ktest/git/lustre-release/lustre/tests/test-framework.sh: line 6933: cd: HOME not set
00053 /host/home/ktest/git/lustre-release/lustre/tests/test-framework.sh: line 6933: cd: HOME not set
00076 Lustre: 2199:0:(llog_test.c:1106:llog_test_7()) 7d: test llog_size_change_rec
00076 ------------[ cut here ]------------
00076 WARNING: /home/ktest/git/linux/include/linux/fs.h:889 at osd_create+0x9cf/0xcf0 [osd_wbcfs], CPU#12: lctl/2199
00076 Modules linked in: llog_test(O) mgs(O) osd_wbcfs(O) lustre(O) obdecho(O) mgc(O) mdc(O) lov(O) osc(O) lmv(O) ec(O) fid(O) fld(O) ptlrpc(O) efivarfs obdclass(O) ksocklnd(O) lnet(O) libcfs(O)
00076 CPU: 12 UID: 0 PID: 2199 Comm: lctl Tainted: G        W  O        7.0.0-ktest-e2039cd1d4-7433349-20260709 #1 PREEMPT 
00076 Tainted: [W]=WARN, [O]=OOT_MODULE
00076 Hardware name: QEMU Standard PC (Q35 + ICH9, 2009), BIOS 2025.11-3ubuntu7 03/31/2026
00076 RIP: 0010:osd_create+0x9cf/0xcf0 [osd_wbcfs]
00076 Code: c7 c7 00 e6 af a1 48 c7 c6 a0 62 72 a1 48 c7 c2 00 6c 72 a1 e8 82 ad 43 ff 48 c7 c7 00 e6 af a1 e8 06 3b 44 ff e9 fe fc ff ff <0f> 0b e9 a5 fa ff ff 48 c7 c1 80 44 5d a0 80 e1 07 80 c1 03 38 c1
00076 RSP: 0018:ffffc90001d27700 EFLAGS: 00010246
00076 RAX: 0000000000000000 RBX: ffff88819bc3cc00 RCX: 0000000000000046
00076 RDX: 0000000000000000 RSI: ffff88813f21e620 RDI: ffff888119f54b18
00076 RBP: ffff88813f21e590 R08: ffffffff83a16803 R09: 1ffffffff0742d00
00076 R10: dffffc0000000000 R11: fffffbfff0742d01 R12: ffff888183e2ec00
00076 R13: dffffc0000000000 R14: 1ffff11033787980 R15: 1ffff110307c5d8f
00076 FS:  00007f5790218940(0000) GS:ffff88831ea2e000(0000) knlGS:0000000000000000
00076 CS:  0010 DS: 0000 ES: 0000 CR0: 0000000080050033
00076 CR2: 000055633b5cbb40 CR3: 000000014032c000 CR4: 0000000000750eb0
00076 PKRU: 55555554
00076 Call Trace:
00076  <TASK>
00076  ? local_object_create+0x109/0x640 [obdclass]
00076  ? dt_write_lock+0x16d/0x2a0 [obdclass]
00076  ? llog_osd_create+0x35b/0x12e0 [obdclass]
00076  ? llog_create+0x2ed/0x530 [obdclass]
00076  ? llog_open_create+0x5af/0xb10 [obdclass]
00076  ? llog_test_7_sub+0xea/0x1250 [llog_test]
00076  ? llog_test_7+0x5d5/0xf50 [llog_test]
00076  ? llog_run_tests+0x3616/0x5ad0 [llog_test]
00076  ? get_random_u32+0x51/0x470
00076  ? llog_test_device_init+0x503/0x840 [llog_test]
00076  ? obd_setup+0x559/0x960 [obdclass]
00076  ? class_setup+0xc7d/0x10e0 [obdclass]
00076  ? class_process_config+0x2edb/0x7cb0 [obdclass]
00076  ? class_handle_ioctl+0x1f4d/0x3440 [obdclass]
00076  ? obd_class_ioctl+0x1f6/0x3c0 [obdclass]
00076  ? __x64_sys_ioctl+0x961/0xe00
00076  ? _copy_to_user+0x3d/0x60
00076  ? __x64_sys_rt_sigaction+0x107/0x140
00076  ? do_syscall_64+0xc1/0x350
00076  ? entry_SYSCALL_64_after_hwframe+0x4b/0x53
00076  </TASK>
00076 ---[ end trace 0000000000000000 ]---
00081 Lustre: 2199:0:(llog_test.c:1117:llog_test_7()) 7e: test llog_changelog_rec
00081 ------------[ cut here ]------------
00081 WARNING: /home/ktest/git/linux/include/linux/fs.h:889 at osd_create+0x9cf/0xcf0 [osd_wbcfs], CPU#12: lctl/2199
00081 Modules linked in: llog_test(O) mgs(O) osd_wbcfs(O) lustre(O) obdecho(O) mgc(O) mdc(O) lov(O) osc(O) lmv(O) ec(O) fid(O) fld(O) ptlrpc(O) efivarfs obdclass(O) ksocklnd(O) lnet(O) libcfs(O)
00081 CPU: 12 UID: 0 PID: 2199 Comm: lctl Tainted: G        W  O        7.0.0-ktest-e2039cd1d4-7433349-20260709 #1 PREEMPT 
00081 Tainted: [W]=WARN, [O]=OOT_MODULE
00081 Hardware name: QEMU Standard PC (Q35 + ICH9, 2009), BIOS 2025.11-3ubuntu7 03/31/2026
00081 RIP: 0010:osd_create+0x9cf/0xcf0 [osd_wbcfs]
00081 Code: c7 c7 00 e6 af a1 48 c7 c6 a0 62 72 a1 48 c7 c2 00 6c 72 a1 e8 82 ad 43 ff 48 c7 c7 00 e6 af a1 e8 06 3b 44 ff e9 fe fc ff ff <0f> 0b e9 a5 fa ff ff 48 c7 c1 80 44 5d a0 80 e1 07 80 c1 03 38 c1
00081 RSP: 0018:ffffc90001d27700 EFLAGS: 00010246
00081 RAX: 0000000000000000 RBX: ffff888197dfcc00 RCX: 0000000000000046
00081 RDX: 0000000000000000 RSI: ffff88813f21df08 RDI: ffff888119f54b18
00081 RBP: ffff88813f21de78 R08: ffffffff83a16803 R09: 1ffffffff0742d00
00081 R10: dffffc0000000000 R11: fffffbfff0742d01 R12: ffff888183e2ec00
00081 R13: dffffc0000000000 R14: 1ffff11032fbf980 R15: 1ffff110307c5d8f
00081 FS:  00007f5790218940(0000) GS:ffff88831ea2e000(0000) knlGS:0000000000000000
00081 CS:  0010 DS: 0000 ES: 0000 CR0: 0000000080050033
00081 CR2: 000055633b5cbb40 CR3: 000000014032c000 CR4: 0000000000750eb0
00081 PKRU: 55555554
00081 Call Trace:
00081  <TASK>
00081  ? local_object_create+0x109/0x640 [obdclass]
00081  ? dt_write_lock+0x16d/0x2a0 [obdclass]
00081  ? llog_osd_create+0x35b/0x12e0 [obdclass]
00081  ? llog_create+0x2ed/0x530 [obdclass]
00081  ? llog_open_create+0x5af/0xb10 [obdclass]
00081  ? llog_test_7_sub+0xea/0x1250 [llog_test]
00081  ? llog_test_7+0x706/0xf50 [llog_test]
00081  ? llog_run_tests+0x3616/0x5ad0 [llog_test]
00081  ? get_random_u32+0x51/0x470
00081  ? llog_test_device_init+0x503/0x840 [llog_test]
00081  ? obd_setup+0x559/0x960 [obdclass]
00081  ? class_setup+0xc7d/0x10e0 [obdclass]
00081  ? class_process_config+0x2edb/0x7cb0 [obdclass]
00081  ? class_handle_ioctl+0x1f4d/0x3440 [obdclass]
00081  ? obd_class_ioctl+0x1f6/0x3c0 [obdclass]
00081  ? __x64_sys_ioctl+0x961/0xe00
00081  ? _copy_to_user+0x3d/0x60
00081  ? __x64_sys_rt_sigaction+0x107/0x140
00081  ? do_syscall_64+0xc1/0x350
00081  ? entry_SYSCALL_64_after_hwframe+0x4b/0x53
00081  </TASK>
00081 ---[ end trace 0000000000000000 ]---
00084 Lustre: 2199:0:(llog_test.c:1024:llog_test_7_sub()) 7_sub: records are not aligned, written 64071 from 64767
00085 Lustre: 2199:0:(llog_test.c:1129:llog_test_7()) 7f: test llog_changelog_user_rec2
00085 ------------[ cut here ]------------
00085 WARNING: /home/ktest/git/linux/include/linux/fs.h:889 at osd_create+0x9cf/0xcf0 [osd_wbcfs], CPU#1: lctl/2199
00085 Modules linked in: llog_test(O) mgs(O) osd_wbcfs(O) lustre(O) obdecho(O) mgc(O) mdc(O) lov(O) osc(O) lmv(O) ec(O) fid(O) fld(O) ptlrpc(O) efivarfs obdclass(O) ksocklnd(O) lnet(O) libcfs(O)
00085 CPU: 1 UID: 0 PID: 2199 Comm: lctl Tainted: G        W  O        7.0.0-ktest-e2039cd1d4-7433349-20260709 #1 PREEMPT 
00085 Tainted: [W]=WARN, [O]=OOT_MODULE
00085 Hardware name: QEMU Standard PC (Q35 + ICH9, 2009), BIOS 2025.11-3ubuntu7 03/31/2026
00085 RIP: 0010:osd_create+0x9cf/0xcf0 [osd_wbcfs]
00085 Code: c7 c7 00 e6 af a1 48 c7 c6 a0 62 72 a1 48 c7 c2 00 6c 72 a1 e8 82 ad 43 ff 48 c7 c7 00 e6 af a1 e8 06 3b 44 ff e9 fe fc ff ff <0f> 0b e9 a5 fa ff ff 48 c7 c1 80 44 5d a0 80 e1 07 80 c1 03 38 c1
00085 RSP: 0018:ffffc90001d27700 EFLAGS: 00010246
00085 RAX: 0000000000000000 RBX: ffff88821daf7000 RCX: 0000000000000046
00085 RDX: 0000000000000000 RSI: ffff888197317b68 RDI: ffff888119f54b18
00085 RBP: ffff888197317ad8 R08: ffffffff83a16803 R09: 1ffffffff0742d00
00085 R10: dffffc0000000000 R11: fffffbfff0742d01 R12: ffff888183e2ec00
00085 R13: dffffc0000000000 R14: 1ffff11043b5ee00 R15: 1ffff110307c5d8f
00085 FS:  00007f5790218940(0000) GS:ffff88831e4ae000(0000) knlGS:0000000000000000
00085 CS:  0010 DS: 0000 ES: 0000 CR0: 0000000080050033
00085 CR2: 00007fdfd9eee200 CR3: 000000014032c000 CR4: 0000000000750eb0
00085 PKRU: 55555554
00085 Call Trace:
00085  <TASK>
00085  ? local_object_create+0x109/0x640 [obdclass]
00085  ? dt_write_lock+0x16d/0x2a0 [obdclass]
00085  ? llog_osd_create+0x35b/0x12e0 [obdclass]
00085  ? llog_create+0x2ed/0x530 [obdclass]
00085  ? llog_open_create+0x5af/0xb10 [obdclass]
00085  ? llog_test_7_sub+0xea/0x1250 [llog_test]
00085  ? llog_test_7+0x837/0xf50 [llog_test]
00085  ? llog_run_tests+0x3616/0x5ad0 [llog_test]
00085  ? get_random_u32+0x51/0x470
00085  ? llog_test_device_init+0x503/0x840 [llog_test]
00085  ? obd_setup+0x559/0x960 [obdclass]
00085  ? class_setup+0xc7d/0x10e0 [obdclass]
00085  ? class_process_config+0x2edb/0x7cb0 [obdclass]
00085  ? class_handle_ioctl+0x1f4d/0x3440 [obdclass]
00085  ? obd_class_ioctl+0x1f6/0x3c0 [obdclass]
00085  ? __x64_sys_ioctl+0x961/0xe00
00085  ? _copy_to_user+0x3d/0x60
00085  ? __x64_sys_rt_sigaction+0x107/0x140
00085  ? do_syscall_64+0xc1/0x350
00085  ? entry_SYSCALL_64_after_hwframe+0x4b/0x53
00085  </TASK>
00085 ---[ end trace 0000000000000000 ]---
00088 Lustre: 2199:0:(llog_test.c:1024:llog_test_7_sub()) 7_sub: records are not aligned, written 64139 from 64767
00090 Lustre: 2199:0:(llog_test.c:1140:llog_test_7()) 7g: test llog_gen_rec
00090 ------------[ cut here ]------------
00090 WARNING: /home/ktest/git/linux/include/linux/fs.h:889 at osd_create+0x9cf/0xcf0 [osd_wbcfs], CPU#1: lctl/2199
00090 Modules linked in: llog_test(O) mgs(O) osd_wbcfs(O) lustre(O) obdecho(O) mgc(O) mdc(O) lov(O) osc(O) lmv(O) ec(O) fid(O) fld(O) ptlrpc(O) efivarfs obdclass(O) ksocklnd(O) lnet(O) libcfs(O)
00090 CPU: 1 UID: 0 PID: 2199 Comm: lctl Tainted: G        W  O        7.0.0-ktest-e2039cd1d4-7433349-20260709 #1 PREEMPT 
00090 Tainted: [W]=WARN, [O]=OOT_MODULE
00090 Hardware name: QEMU Standard PC (Q35 + ICH9, 2009), BIOS 2025.11-3ubuntu7 03/31/2026
00090 RIP: 0010:osd_create+0x9cf/0xcf0 [osd_wbcfs]
00090 Code: c7 c7 00 e6 af a1 48 c7 c6 a0 62 72 a1 48 c7 c2 00 6c 72 a1 e8 82 ad 43 ff 48 c7 c7 00 e6 af a1 e8 06 3b 44 ff e9 fe fc ff ff <0f> 0b e9 a5 fa ff ff 48 c7 c1 80 44 5d a0 80 e1 07 80 c1 03 38 c1
00090 RSP: 0018:ffffc90001d27700 EFLAGS: 00010246
00090 RAX: 0000000000000000 RBX: ffff88823149a000 RCX: 0000000000000046
00090 RDX: 0000000000000000 RSI: ffff888197317450 RDI: ffff888119f54b18
00090 RBP: ffff8881973173c0 R08: ffffffff83a16803 R09: 1ffffffff0742d00
00090 R10: dffffc0000000000 R11: fffffbfff0742d01 R12: ffff888183e2ec00
00090 R13: dffffc0000000000 R14: 1ffff11046293400 R15: 1ffff110307c5d8f
00090 FS:  00007f5790218940(0000) GS:ffff88831e4ae000(0000) knlGS:0000000000000000
00090 CS:  0010 DS: 0000 ES: 0000 CR0: 0000000080050033
00090 CR2: 00007fdfd9eee200 CR3: 000000014032c000 CR4: 0000000000750eb0
00090 PKRU: 55555554
00090 Call Trace:
00090  <TASK>
00090  ? local_object_create+0x109/0x640 [obdclass]
00090  ? dt_write_lock+0x16d/0x2a0 [obdclass]
00090  ? llog_osd_create+0x35b/0x12e0 [obdclass]
00090  ? llog_create+0x2ed/0x530 [obdclass]
00090  ? llog_open_create+0x5af/0xb10 [obdclass]
00090  ? llog_test_7_sub+0xea/0x1250 [llog_test]
00090  ? llog_test_7+0x968/0xf50 [llog_test]
00090  ? llog_run_tests+0x3616/0x5ad0 [llog_test]
00090  ? get_random_u32+0x51/0x470
00090  ? llog_test_device_init+0x503/0x840 [llog_test]
00090  ? obd_setup+0x559/0x960 [obdclass]
00090  ? class_setup+0xc7d/0x10e0 [obdclass]
00090  ? class_process_config+0x2edb/0x7cb0 [obdclass]
00090  ? class_handle_ioctl+0x1f4d/0x3440 [obdclass]
00090  ? obd_class_ioctl+0x1f6/0x3c0 [obdclass]
00090  ? __x64_sys_ioctl+0x961/0xe00
00090  ? _copy_to_user+0x3d/0x60
00090  ? __x64_sys_rt_sigaction+0x107/0x140
00090  ? do_syscall_64+0xc1/0x350
00090  ? entry_SYSCALL_64_after_hwframe+0x4b/0x53
00090  </TASK>
00090 ---[ end trace 0000000000000000 ]---
00094 Lustre: 2199:0:(llog_test.c:1151:llog_test_7()) 7h: test llog_setattr64_rec_v2
00094 ------------[ cut here ]------------
00094 WARNING: /home/ktest/git/linux/include/linux/fs.h:889 at osd_create+0x9cf/0xcf0 [osd_wbcfs], CPU#1: lctl/2199
00094 Modules linked in: llog_test(O) mgs(O) osd_wbcfs(O) lustre(O) obdecho(O) mgc(O) mdc(O) lov(O) osc(O) lmv(O) ec(O) fid(O) fld(O) ptlrpc(O) efivarfs obdclass(O) ksocklnd(O) lnet(O) libcfs(O)
00094 CPU: 1 UID: 0 PID: 2199 Comm: lctl Tainted: G        W  O        7.0.0-ktest-e2039cd1d4-7433349-20260709 #1 PREEMPT 
00094 Tainted: [W]=WARN, [O]=OOT_MODULE
00094 Hardware name: QEMU Standard PC (Q35 + ICH9, 2009), BIOS 2025.11-3ubuntu7 03/31/2026
00094 RIP: 0010:osd_create+0x9cf/0xcf0 [osd_wbcfs]
00094 Code: c7 c7 00 e6 af a1 48 c7 c6 a0 62 72 a1 48 c7 c2 00 6c 72 a1 e8 82 ad 43 ff 48 c7 c7 00 e6 af a1 e8 06 3b 44 ff e9 fe fc ff ff <0f> 0b e9 a5 fa ff ff 48 c7 c1 80 44 5d a0 80 e1 07 80 c1 03 38 c1
00094 RSP: 0018:ffffc90001d27700 EFLAGS: 00010246
00094 RAX: 0000000000000000 RBX: ffff88819940e000 RCX: 0000000000000046
00094 RDX: 0000000000000000 RSI: ffff888197316d38 RDI: ffff888119f54b18
00094 RBP: ffff888197316ca8 R08: ffffffff83a16803 R09: 1ffffffff0742d00
00094 R10: dffffc0000000000 R11: fffffbfff0742d01 R12: ffff888183e2ec00
00094 R13: dffffc0000000000 R14: 1ffff11033281c00 R15: 1ffff110307c5d8f
00094 FS:  00007f5790218940(0000) GS:ffff88831e4ae000(0000) knlGS:0000000000000000
00094 CS:  0010 DS: 0000 ES: 0000 CR0: 0000000080050033
00094 CR2: 00007fdfd9eee200 CR3: 000000014032c000 CR4: 0000000000750eb0
00094 PKRU: 55555554
00094 Call Trace:
00094  <TASK>
00094  ? local_object_create+0x109/0x640 [obdclass]
00094  ? dt_write_lock+0x16d/0x2a0 [obdclass]
00094  ? llog_osd_create+0x35b/0x12e0 [obdclass]
00094  ? llog_create+0x2ed/0x530 [obdclass]
00094  ? llog_open_create+0x5af/0xb10 [obdclass]
00094  ? llog_test_7_sub+0xea/0x1250 [llog_test]
00094  ? llog_test_7+0xa99/0xf50 [llog_test]
00094  ? llog_run_tests+0x3616/0x5ad0 [llog_test]
00094  ? get_random_u32+0x51/0x470
00094  ? llog_test_device_init+0x503/0x840 [llog_test]
00094  ? obd_setup+0x559/0x960 [obdclass]
00094  ? class_setup+0xc7d/0x10e0 [obdclass]
00094  ? class_process_config+0x2edb/0x7cb0 [obdclass]
00094  ? class_handle_ioctl+0x1f4d/0x3440 [obdclass]
00094  ? obd_class_ioctl+0x1f6/0x3c0 [obdclass]
00094  ? __x64_sys_ioctl+0x961/0xe00
00094  ? _copy_to_user+0x3d/0x60
00094  ? __x64_sys_rt_sigaction+0x107/0x140
00094  ? do_syscall_64+0xc1/0x350
00094  ? entry_SYSCALL_64_after_hwframe+0x4b/0x53
00094  </TASK>
00094 ---[ end trace 0000000000000000 ]---
00097 Lustre: 2199:0:(llog_test.c:1024:llog_test_7_sub()) 7_sub: records are not aligned, written 64071 from 64767
00106 ------------[ cut here ]------------
00106 WARNING: /home/ktest/git/linux/include/linux/fs.h:889 at osd_create+0x9cf/0xcf0 [osd_wbcfs], CPU#1: lctl/2199
00106 Modules linked in: llog_test(O) mgs(O) osd_wbcfs(O) lustre(O) obdecho(O) mgc(O) mdc(O) lov(O) osc(O) lmv(O) ec(O) fid(O) fld(O) ptlrpc(O) efivarfs obdclass(O) ksocklnd(O) lnet(O) libcfs(O)
00106 CPU: 1 UID: 0 PID: 2199 Comm: lctl Tainted: G        W  O        7.0.0-ktest-e2039cd1d4-7433349-20260709 #1 PREEMPT 
00106 Tainted: [W]=WARN, [O]=OOT_MODULE
00106 Hardware name: QEMU Standard PC (Q35 + ICH9, 2009), BIOS 2025.11-3ubuntu7 03/31/2026
00106 RIP: 0010:osd_create+0x9cf/0xcf0 [osd_wbcfs]
00106 Code: c7 c7 00 e6 af a1 48 c7 c6 a0 62 72 a1 48 c7 c2 00 6c 72 a1 e8 82 ad 43 ff 48 c7 c7 00 e6 af a1 e8 06 3b 44 ff e9 fe fc ff ff <0f> 0b e9 a5 fa ff ff 48 c7 c1 80 44 5d a0 80 e1 07 80 c1 03 38 c1
00106 RSP: 0018:ffffc90001d27480 EFLAGS: 00010246
00106 RAX: 0000000000000000 RBX: ffff888109be4000 RCX: 0000000000000046
00106 RDX: 0000000000000000 RSI: ffff88813a63c9c0 RDI: ffff888119f54b40
00106 RBP: ffff88813a63c930 R08: ffffffff83a16803 R09: 1ffffffff0742d00
00106 R10: dffffc0000000000 R11: fffffbfff0742d01 R12: ffff888183e2ec00
00106 R13: dffffc0000000000 R14: 1ffff1102137c800 R15: 1ffff110307c5d8f
00106 FS:  00007f5790218940(0000) GS:ffff88831e4ae000(0000) knlGS:0000000000000000
00106 CS:  0010 DS: 0000 ES: 0000 CR0: 0000000080050033
00106 CR2: 00007fdfd9eee200 CR3: 000000014032c000 CR4: 0000000000750eb0
00106 PKRU: 55555554
00106 Call Trace:
00106  <TASK>
00106  ? local_object_create+0x109/0x640 [obdclass]
00106  ? dt_write_lock+0x16d/0x2a0 [obdclass]
00106  ? llog_osd_create+0x35b/0x12e0 [obdclass]
00106  ? register_lock_class+0x31/0x2c0
00106  ? llog_create+0x2ed/0x530 [obdclass]
00106  ? llog_cat_new_log+0x6c3/0x2c80 [obdclass]
00106  ? llog_cat_add_rec+0x6ba/0x1960 [obdclass]
00106  ? llog_cat_add+0x451/0x890 [obdclass]
00106  ? llog_test_10+0xbdb/0x5620 [llog_test]
00106  ? do_raw_spin_unlock+0x52/0x230
00106  ? _raw_spin_unlock+0x23/0x40
00106  ? __llog_ctxt_put+0x1c4/0x2f0 [obdclass]
00106  ? llog_run_tests+0x3f47/0x5ad0 [llog_test]
00106  ? get_random_u32+0x51/0x470
00106  ? llog_test_device_init+0x503/0x840 [llog_test]
00106  ? obd_setup+0x559/0x960 [obdclass]
00106  ? class_setup+0xc7d/0x10e0 [obdclass]
00106  ? class_process_config+0x2edb/0x7cb0 [obdclass]
00106  ? class_handle_ioctl+0x1f4d/0x3440 [obdclass]
00106  ? obd_class_ioctl+0x1f6/0x3c0 [obdclass]
00106  ? __x64_sys_ioctl+0x961/0xe00
00106  ? _copy_to_user+0x3d/0x60
00106  ? __x64_sys_rt_sigaction+0x107/0x140
00106  ? do_syscall_64+0xc1/0x350
00106  ? entry_SYSCALL_64_after_hwframe+0x4b/0x53
00106  </TASK>
00106 ---[ end trace 0000000000000000 ]---
00106 Lustre: 2199:0:(llog_test.c:1666:llog_test_10()) 10c: write 64767 more log records
00109 Lustre: 2199:0:(llog_cat.c:80:llog_cat_new_log()) MGS: there are no more free slots in catalog 27b797a4
00109 LustreError: 2199:0:(llog_cat.c:593:llog_cat_add_rec()) MGS: initialization error: rc = -28
00109 Lustre: 2199:0:(llog_test.c:1692:llog_test_10()) 10c: wrote 64011 records then 756 failed with ENOSPC
00109 Lustre: 2199:0:(llog_test.c:1711:llog_test_10()) 10d: Cancel 64767 records, see one log zapped
00111 Lustre: 2199:0:(llog_test.c:1725:llog_test_10()) 10d: print the catalog entries.. we expect 3
00111 Lustre: 2216:0:(llog_test.c:700:cat_print_cb()) seeing record at index 2 - [0x1:0x19:0x0] in log [0xa:0x5:0x0]
00111 Lustre: 2199:0:(llog_test.c:1755:llog_test_10()) 10e: write 64767 more log records
00111 ------------[ cut here ]------------
00111 WARNING: /home/ktest/git/linux/include/linux/fs.h:889 at osd_create+0x9cf/0xcf0 [osd_wbcfs], CPU#1: lctl/2199
00111 Modules linked in: llog_test(O) mgs(O) osd_wbcfs(O) lustre(O) obdecho(O) mgc(O) mdc(O) lov(O) osc(O) lmv(O) ec(O) fid(O) fld(O) ptlrpc(O) efivarfs obdclass(O) ksocklnd(O) lnet(O) libcfs(O)
00111 CPU: 1 UID: 0 PID: 2199 Comm: lctl Tainted: G        W  O        7.0.0-ktest-e2039cd1d4-7433349-20260709 #1 PREEMPT 
00111 Tainted: [W]=WARN, [O]=OOT_MODULE
00111 Hardware name: QEMU Standard PC (Q35 + ICH9, 2009), BIOS 2025.11-3ubuntu7 03/31/2026
00111 RIP: 0010:osd_create+0x9cf/0xcf0 [osd_wbcfs]
00111 Code: c7 c7 00 e6 af a1 48 c7 c6 a0 62 72 a1 48 c7 c2 00 6c 72 a1 e8 82 ad 43 ff 48 c7 c7 00 e6 af a1 e8 06 3b 44 ff e9 fe fc ff ff <0f> 0b e9 a5 fa ff ff 48 c7 c1 80 44 5d a0 80 e1 07 80 c1 03 38 c1
00111 RSP: 0018:ffffc90001d27480 EFLAGS: 00010246
00111 RAX: 0000000000000000 RBX: ffff8881bc6e0400 RCX: 0000000000000046
00111 RDX: 0000000000000000 RSI: ffff88813a63c2a8 RDI: ffff888119f54b40
00111 RBP: ffff88813a63c218 R08: ffffffff83a16803 R09: 1ffffffff0742d00
00111 R10: dffffc0000000000 R11: fffffbfff0742d01 R12: ffff888183e2ec00
00111 R13: dffffc0000000000 R14: 1ffff110378dc080 R15: 1ffff110307c5d8f
00111 FS:  00007f5790218940(0000) GS:ffff88831e4ae000(0000) knlGS:0000000000000000
00111 CS:  0010 DS: 0000 ES: 0000 CR0: 0000000080050033
00111 CR2: 00007fdfd9eee200 CR3: 000000014032c000 CR4: 0000000000750eb0
00111 PKRU: 55555554
00111 Call Trace:
00111  <TASK>
00111  ? local_object_create+0x109/0x640 [obdclass]
00111  ? dt_write_lock+0x16d/0x2a0 [obdclass]
00111  ? llog_osd_create+0x35b/0x12e0 [obdclass]
00111  ? llog_create+0x2ed/0x530 [obdclass]
00111  ? llog_cat_new_log+0x6c3/0x2c80 [obdclass]
00111  ? llog_cat_add_rec+0x6ba/0x1960 [obdclass]
00111  ? llog_cat_add+0x451/0x890 [obdclass]
00111  ? llog_test_10+0x19c0/0x5620 [llog_test]
00111  ? do_raw_spin_unlock+0x52/0x230
00111  ? _raw_spin_unlock+0x23/0x40
00111  ? __llog_ctxt_put+0x1c4/0x2f0 [obdclass]
00111  ? llog_run_tests+0x3f47/0x5ad0 [llog_test]
00111  ? get_random_u32+0x51/0x470
00111  ? llog_test_device_init+0x503/0x840 [llog_test]
00111  ? obd_setup+0x559/0x960 [obdclass]
00111  ? class_setup+0xc7d/0x10e0 [obdclass]
00111  ? class_process_config+0x2edb/0x7cb0 [obdclass]
00111  ? class_handle_ioctl+0x1f4d/0x3440 [obdclass]
00111  ? obd_class_ioctl+0x1f6/0x3c0 [obdclass]
00111  ? __x64_sys_ioctl+0x961/0xe00
00111  ? _copy_to_user+0x3d/0x60
00111  ? __x64_sys_rt_sigaction+0x107/0x140
00111  ? do_syscall_64+0xc1/0x350
00111  ? entry_SYSCALL_64_after_hwframe+0x4b/0x53
00111  </TASK>
00111 ---[ end trace 0000000000000000 ]---
00113 Lustre: 2199:0:(llog_cat.c:80:llog_cat_new_log()) MGS: there are no more free slots in catalog 27b797a4
00113 Lustre: 2199:0:(llog_cat.c:80:llog_cat_new_log()) Skipped 755 previous similar messages
00113 LustreError: 2199:0:(llog_cat.c:593:llog_cat_add_rec()) MGS: initialization error: rc = -28
00113 LustreError: 2199:0:(llog_cat.c:593:llog_cat_add_rec()) Skipped 755 previous similar messages
00114 Lustre: 2199:0:(llog_test.c:1781:llog_test_10()) 10e: wrote 64578 records then 189 failed with ENOSPC
00114 Lustre: 2199:0:(llog_test.c:1783:llog_test_10()) 10e: print the catalog entries.. we expect 4
00114 Lustre: 2199:0:(llog_cat.c:984:llog_cat_process_or_fork()) MGS: catlog [0xa:0x5:0x0] crosses index zero
00114 Lustre: 2199:0:(llog_test.c:700:cat_print_cb()) seeing record at index 2 - [0x1:0x19:0x0] in log [0xa:0x5:0x0]
00114 Lustre: 2199:0:(llog_test.c:700:cat_print_cb()) Skipped 2 previous similar messages
00114 Lustre: 2199:0:(llog_test.c:1819:llog_test_10()) 10e: catalog successfully wrap around, last_idx 1, first 1
00114 Lustre: 2199:0:(llog_test.c:1836:llog_test_10()) 10f: Cancel 64767 records, see one log zapped
00116 Lustre: 2199:0:(llog_test.c:1850:llog_test_10()) 10f: print the catalog entries.. we expect 3
00116 Lustre: 2199:0:(llog_cat.c:984:llog_cat_process_or_fork()) MGS: catlog [0xa:0x5:0x0] crosses index zero
00116 Lustre: 2199:0:(llog_cat.c:984:llog_cat_process_or_fork()) Skipped 1 previous similar message
00116 Lustre: 2199:0:(llog_test.c:1881:llog_test_10()) 10f: write 64767 more log records
00116 ------------[ cut here ]------------
00116 WARNING: /home/ktest/git/linux/include/linux/fs.h:889 at osd_create+0x9cf/0xcf0 [osd_wbcfs], CPU#1: lctl/2199
00116 Modules linked in: llog_test(O) mgs(O) osd_wbcfs(O) lustre(O) obdecho(O) mgc(O) mdc(O) lov(O) osc(O) lmv(O) ec(O) fid(O) fld(O) ptlrpc(O) efivarfs obdclass(O) ksocklnd(O) lnet(O) libcfs(O)
00116 CPU: 1 UID: 0 PID: 2199 Comm: lctl Tainted: G        W  O        7.0.0-ktest-e2039cd1d4-7433349-20260709 #1 PREEMPT 
00116 Tainted: [W]=WARN, [O]=OOT_MODULE
00116 Hardware name: QEMU Standard PC (Q35 + ICH9, 2009), BIOS 2025.11-3ubuntu7 03/31/2026
00116 RIP: 0010:osd_create+0x9cf/0xcf0 [osd_wbcfs]
00116 Code: c7 c7 00 e6 af a1 48 c7 c6 a0 62 72 a1 48 c7 c2 00 6c 72 a1 e8 82 ad 43 ff 48 c7 c7 00 e6 af a1 e8 06 3b 44 ff e9 fe fc ff ff <0f> 0b e9 a5 fa ff ff 48 c7 c1 80 44 5d a0 80 e1 07 80 c1 03 38 c1
00116 RSP: 0018:ffffc90001d27480 EFLAGS: 00010246
00116 RAX: 0000000000000000 RBX: ffff88828c98cc00 RCX: 0000000000000046
00116 RDX: 0000000000000000 RSI: ffff88813a63bb90 RDI: ffff888119f54b40
00116 RBP: ffff88813a63bb00 R08: ffffffff83a16803 R09: 1ffffffff0742d00
00116 R10: dffffc0000000000 R11: fffffbfff0742d01 R12: ffff888183e2ec00
00116 R13: dffffc0000000000 R14: 1ffff11051931980 R15: 1ffff110307c5d8f
00116 FS:  00007f5790218940(0000) GS:ffff88831e4ae000(0000) knlGS:0000000000000000
00116 CS:  0010 DS: 0000 ES: 0000 CR0: 0000000080050033
00116 CR2: 00007fdfd9eee200 CR3: 000000014032c000 CR4: 0000000000750eb0
00116 PKRU: 55555554
00116 Call Trace:
00116  <TASK>
00116  ? local_object_create+0x109/0x640 [obdclass]
00116  ? dt_write_lock+0x16d/0x2a0 [obdclass]
00116  ? llog_osd_create+0x35b/0x12e0 [obdclass]
00116  ? llog_create+0x2ed/0x530 [obdclass]
00116  ? llog_cat_new_log+0x6c3/0x2c80 [obdclass]
00116  ? llog_cat_add_rec+0x6ba/0x1960 [obdclass]
00116  ? llog_cat_add+0x451/0x890 [obdclass]
00116  ? llog_test_10+0x2c78/0x5620 [llog_test]
00116  ? do_raw_spin_unlock+0x52/0x230
00116  ? _raw_spin_unlock+0x23/0x40
00116  ? __llog_ctxt_put+0x1c4/0x2f0 [obdclass]
00116  ? llog_run_tests+0x3f47/0x5ad0 [llog_test]
00116  ? get_random_u32+0x51/0x470
00116  ? llog_test_device_init+0x503/0x840 [llog_test]
00116  ? obd_setup+0x559/0x960 [obdclass]
00116  ? class_setup+0xc7d/0x10e0 [obdclass]
00116  ? class_process_config+0x2edb/0x7cb0 [obdclass]
00116  ? class_handle_ioctl+0x1f4d/0x3440 [obdclass]
00116  ? obd_class_ioctl+0x1f6/0x3c0 [obdclass]
00116  ? __x64_sys_ioctl+0x961/0xe00
00116  ? _copy_to_user+0x3d/0x60
00116  ? __x64_sys_rt_sigaction+0x107/0x140
00116  ? do_syscall_64+0xc1/0x350
00116  ? entry_SYSCALL_64_after_hwframe+0x4b/0x53
00116  </TASK>
00116 ---[ end trace 0000000000000000 ]---
00118 Lustre: 2199:0:(llog_cat.c:80:llog_cat_new_log()) MGS: there are no more free slots in catalog 27b797a4
00118 Lustre: 2199:0:(llog_cat.c:80:llog_cat_new_log()) Skipped 188 previous similar messages
00118 LustreError: 2199:0:(llog_cat.c:593:llog_cat_add_rec()) MGS: initialization error: rc = -28
00118 LustreError: 2199:0:(llog_cat.c:593:llog_cat_add_rec()) Skipped 188 previous similar messages
00118 Lustre: 2199:0:(llog_test.c:1907:llog_test_10()) 10f: wrote 64578 records then 189 failed with ENOSPC
00118 Lustre: 2199:0:(llog_test.c:1953:llog_test_10()) 10g: Cancel 64767 records, see one log zapped
00118 Lustre: 2199:0:(llog_cat.c:984:llog_cat_process_or_fork()) MGS: catlog [0xa:0x5:0x0] crosses index zero
00120 Lustre: 2199:0:(llog_test.c:1965:llog_test_10()) 10g: print the catalog entries.. we expect 3
00120 Lustre: 2199:0:(llog_cat.c:984:llog_cat_process_or_fork()) MGS: catlog [0xa:0x5:0x0] crosses index zero
00120 Lustre: 2199:0:(llog_test.c:700:cat_print_cb()) seeing record at index 4 - [0x1:0x1b:0x0] in log [0xa:0x5:0x0]
00120 Lustre: 2199:0:(llog_test.c:700:cat_print_cb()) Skipped 6 previous similar messages
00120 Lustre: 2199:0:(llog_test.c:1995:llog_test_10()) 10g: Cancel 64767 records, see one log zapped
00122 Lustre: 2199:0:(llog_test.c:2009:llog_test_10()) 10g: print the catalog entries.. we expect 2
00122 Lustre: 2199:0:(llog_test.c:2047:llog_test_10()) 10g: Cancel 64767 records, see one log zapped
00124 Lustre: 2199:0:(llog_test.c:2061:llog_test_10()) 10g: print the catalog entries.. we expect 1
00124 Lustre: 2199:0:(llog_test.c:2087:llog_test_10()) 10g: llh_cat_idx has also successfully wrapped!
00124 Lustre: 2218:0:(llog_test.c:1535:cat_check_old_cb()) seeing record at index 2 - [0x1:0x1d:0x0] in log [0xa:0x5:0x0]
00125 Lustre: 2199:0:(llog_test.c:2111:llog_test_10()) 10h: write 64767 more log records
00125 ------------[ cut here ]------------
00125 WARNING: /home/ktest/git/linux/include/linux/fs.h:889 at osd_create+0x9cf/0xcf0 [osd_wbcfs], CPU#1: lctl/2199
00125 Modules linked in: llog_test(O) mgs(O) osd_wbcfs(O) lustre(O) obdecho(O) mgc(O) mdc(O) lov(O) osc(O) lmv(O) ec(O) fid(O) fld(O) ptlrpc(O) efivarfs obdclass(O) ksocklnd(O) lnet(O) libcfs(O)
00125 CPU: 1 UID: 0 PID: 2199 Comm: lctl Tainted: G        W  O        7.0.0-ktest-e2039cd1d4-7433349-20260709 #1 PREEMPT 
00125 Tainted: [W]=WARN, [O]=OOT_MODULE
00125 Hardware name: QEMU Standard PC (Q35 + ICH9, 2009), BIOS 2025.11-3ubuntu7 03/31/2026
00125 RIP: 0010:osd_create+0x9cf/0xcf0 [osd_wbcfs]
00125 Code: c7 c7 00 e6 af a1 48 c7 c6 a0 62 72 a1 48 c7 c2 00 6c 72 a1 e8 82 ad 43 ff 48 c7 c7 00 e6 af a1 e8 06 3b 44 ff e9 fe fc ff ff <0f> 0b e9 a5 fa ff ff 48 c7 c1 80 44 5d a0 80 e1 07 80 c1 03 38 c1
00125 RSP: 0018:ffffc90001d27480 EFLAGS: 00010246
00125 RAX: 0000000000000000 RBX: ffff888072960c00 RCX: 0000000000000046
00125 RDX: 0000000000000000 RSI: ffff88813a63b478 RDI: ffff888119f54b40
00125 RBP: ffff88813a63b3e8 R08: ffffffff83a16803 R09: 1ffffffff0742d00
00125 R10: dffffc0000000000 R11: fffffbfff0742d01 R12: ffff888183e2ec00
00125 R13: dffffc0000000000 R14: 1ffff1100e52c180 R15: 1ffff110307c5d8f
00125 FS:  00007f5790218940(0000) GS:ffff88831e4ae000(0000) knlGS:0000000000000000
00125 CS:  0010 DS: 0000 ES: 0000 CR0: 0000000080050033
00125 CR2: 00007fdfd9eee200 CR3: 000000014032c000 CR4: 0000000000750eb0
00125 PKRU: 55555554
00125 Call Trace:
00125  <TASK>
00125  ? local_object_create+0x109/0x640 [obdclass]
00125  ? dt_write_lock+0x16d/0x2a0 [obdclass]
00125  ? llog_osd_create+0x35b/0x12e0 [obdclass]
00125  ? llog_create+0x2ed/0x530 [obdclass]
00125  ? llog_cat_new_log+0x6c3/0x2c80 [obdclass]
00125  ? llog_cat_add_rec+0x6ba/0x1960 [obdclass]
00125  ? llog_cat_add+0x451/0x890 [obdclass]
00125  ? llog_test_10+0x5112/0x5620 [llog_test]
00125  ? llog_test_9_sub+0x800/0x800 [llog_test]
00125  ? llog_run_tests+0x3f47/0x5ad0 [llog_test]
00125  ? get_random_u32+0x51/0x470
00125  ? llog_test_device_init+0x503/0x840 [llog_test]
00125  ? obd_setup+0x559/0x960 [obdclass]
00125  ? class_setup+0xc7d/0x10e0 [obdclass]
00125  ? class_process_config+0x2edb/0x7cb0 [obdclass]
00125  ? class_handle_ioctl+0x1f4d/0x3440 [obdclass]
00125  ? obd_class_ioctl+0x1f6/0x3c0 [obdclass]
00125  ? __x64_sys_ioctl+0x961/0xe00
00125  ? _copy_to_user+0x3d/0x60
00125  ? __x64_sys_rt_sigaction+0x107/0x140
00125  ? do_syscall_64+0xc1/0x350
00125  ? entry_SYSCALL_64_after_hwframe+0x4b/0x53
00125  </TASK>
00125 ---[ end trace 0000000000000000 ]---
00125 LustreError: 2199:0:(llog_osd.c:684:llog_osd_write_rec()) cfs_race id 1317 sleeping
00125 LustreError: 2218:0:(llog.c:690:llog_process_thread()) cfs_fail_race id 1317 waking
00125 LustreError: 2199:0:(llog_osd.c:684:llog_osd_write_rec()) cfs_fail_race id 1317 awake: rc=446
00126 LustreError: 2218:0:(llog.c:690:llog_process_thread()) cfs_fail_race id 1317 waking
00126 Lustre: 2218:0:(llog_test.c:1535:cat_check_old_cb()) seeing record at index 3 - [0x1:0x1e:0x0] in log [0xa:0x5:0x0]
00129 ------------[ cut here ]------------
00129 WARNING: /home/ktest/git/linux/include/linux/fs.h:889 at osd_create+0x9cf/0xcf0 [osd_wbcfs], CPU#1: lctl/2199
00129 Modules linked in: llog_test(O) mgs(O) osd_wbcfs(O) lustre(O) obdecho(O) mgc(O) mdc(O) lov(O) osc(O) lmv(O) ec(O) fid(O) fld(O) ptlrpc(O) efivarfs obdclass(O) ksocklnd(O) lnet(O) libcfs(O)
00129 CPU: 1 UID: 0 PID: 2199 Comm: lctl Tainted: G        W  O        7.0.0-ktest-e2039cd1d4-7433349-20260709 #1 PREEMPT 
00129 Tainted: [W]=WARN, [O]=OOT_MODULE
00129 Hardware name: QEMU Standard PC (Q35 + ICH9, 2009), BIOS 2025.11-3ubuntu7 03/31/2026
00129 RIP: 0010:osd_create+0x9cf/0xcf0 [osd_wbcfs]
00129 Code: c7 c7 00 e6 af a1 48 c7 c6 a0 62 72 a1 48 c7 c2 00 6c 72 a1 e8 82 ad 43 ff 48 c7 c7 00 e6 af a1 e8 06 3b 44 ff e9 fe fc ff ff <0f> 0b e9 a5 fa ff ff 48 c7 c1 80 44 5d a0 80 e1 07 80 c1 03 38 c1
00129 RSP: 0018:ffffc90001d27480 EFLAGS: 00010246
00129 RAX: 0000000000000000 RBX: ffff888012cd8800 RCX: 0000000000000046
00129 RDX: 0000000000000000 RSI: ffff88813a63ad60 RDI: ffff888119f54b40
00129 RBP: ffff88813a63acd0 R08: ffffffff83a16803 R09: 1ffffffff0742d00
00129 R10: dffffc0000000000 R11: fffffbfff0742d01 R12: ffff888183e2ec00
00129 R13: dffffc0000000000 R14: 1ffff1100259b100 R15: 1ffff110307c5d8f
00129 FS:  00007f5790218940(0000) GS:ffff88831e4ae000(0000) knlGS:0000000000000000
00129 CS:  0010 DS: 0000 ES: 0000 CR0: 0000000080050033
00129 CR2: 00007fdfd9eee200 CR3: 000000014032c000 CR4: 0000000000750eb0
00129 PKRU: 55555554
00129 Call Trace:
00129  <TASK>
00129  ? local_object_create+0x109/0x640 [obdclass]
00129  ? dt_write_lock+0x16d/0x2a0 [obdclass]
00129  ? llog_osd_create+0x35b/0x12e0 [obdclass]
00129  ? register_lock_class+0x31/0x2c0
00129  ? llog_create+0x2ed/0x530 [obdclass]
00129  ? llog_cat_new_log+0x6c3/0x2c80 [obdclass]
00129  ? llog_cat_add_rec+0x6ba/0x1960 [obdclass]
00129  ? llog_cat_add+0x451/0x890 [obdclass]
00129  ? llog_test_10+0x5112/0x5620 [llog_test]
00129  ? llog_test_9_sub+0x800/0x800 [llog_test]
00129  ? llog_run_tests+0x3f47/0x5ad0 [llog_test]
00129  ? get_random_u32+0x51/0x470
00129  ? llog_test_device_init+0x503/0x840 [llog_test]
00129  ? obd_setup+0x559/0x960 [obdclass]
00129  ? class_setup+0xc7d/0x10e0 [obdclass]
00129  ? class_process_config+0x2edb/0x7cb0 [obdclass]
00129  ? class_handle_ioctl+0x1f4d/0x3440 [obdclass]
00129  ? obd_class_ioctl+0x1f6/0x3c0 [obdclass]
00129  ? __x64_sys_ioctl+0x961/0xe00
00129  ? _copy_to_user+0x3d/0x60
00129  ? __x64_sys_rt_sigaction+0x107/0x140
00129  ? do_syscall_64+0xc1/0x350
00129  ? entry_SYSCALL_64_after_hwframe+0x4b/0x53
00129  </TASK>
00129 ---[ end trace 0000000000000000 ]---
00129 LustreError: 2199:0:(llog_osd.c:684:llog_osd_write_rec()) cfs_fail_race id 1317 waking
00130 Lustre: 2199:0:(llog_test.c:2137:llog_test_10()) 10h: wrote 64767 records then 0 failed with ENOSPC
00130 Lustre: 2199:0:(llog_test.c:2150:llog_test_10()) 10: put newly-created catalog
00130 Lustre: 2199:0:(llog_test.c:2180:llog_test_11()) 11: create a plain nameless log
00130 ------------[ cut here ]------------
00130 WARNING: /home/ktest/git/linux/include/linux/fs.h:889 at osd_create+0x9cf/0xcf0 [osd_wbcfs], CPU#1: lctl/2199
00130 Modules linked in: llog_test(O) mgs(O) osd_wbcfs(O) lustre(O) obdecho(O) mgc(O) mdc(O) lov(O) osc(O) lmv(O) ec(O) fid(O) fld(O) ptlrpc(O) efivarfs obdclass(O) ksocklnd(O) lnet(O) libcfs(O)
00130 CPU: 1 UID: 0 PID: 2199 Comm: lctl Tainted: G        W  O        7.0.0-ktest-e2039cd1d4-7433349-20260709 #1 PREEMPT 
00130 Tainted: [W]=WARN, [O]=OOT_MODULE
00130 Hardware name: QEMU Standard PC (Q35 + ICH9, 2009), BIOS 2025.11-3ubuntu7 03/31/2026
00130 RIP: 0010:osd_create+0x9cf/0xcf0 [osd_wbcfs]
00130 Code: c7 c7 00 e6 af a1 48 c7 c6 a0 62 72 a1 48 c7 c2 00 6c 72 a1 e8 82 ad 43 ff 48 c7 c7 00 e6 af a1 e8 06 3b 44 ff e9 fe fc ff ff <0f> 0b e9 a5 fa ff ff 48 c7 c1 80 44 5d a0 80 e1 07 80 c1 03 38 c1
00130 RSP: 0018:ffffc90001d27688 EFLAGS: 00010246
00130 RAX: 0000000000000000 RBX: ffff8880341a6800 RCX: 0000000000000046
00130 RDX: 0000000000000000 RSI: ffff88813a63a648 RDI: ffff888119f54b18
00130 RBP: ffff88813a63a5b8 R08: ffffffff83a16803 R09: 1ffffffff0742d00
00130 R10: dffffc0000000000 R11: fffffbfff0742d01 R12: ffff888183e2ec00
00130 R13: dffffc0000000000 R14: 1ffff11006834d00 R15: 1ffff110307c5d8f
00130 FS:  00007f5790218940(0000) GS:ffff88831e4ae000(0000) knlGS:0000000000000000
00130 CS:  0010 DS: 0000 ES: 0000 CR0: 0000000080050033
00130 CR2: 00007fdfd9eee200 CR3: 000000014032c000 CR4: 0000000000750eb0
00130 PKRU: 55555554
00130 Call Trace:
00130  <TASK>
00130  ? local_object_create+0x109/0x640 [obdclass]
00130  ? dt_write_lock+0x16d/0x2a0 [obdclass]
00130  ? llog_osd_create+0x35b/0x12e0 [obdclass]
00130  ? llog_create+0x2ed/0x530 [obdclass]
00130  ? llog_open_create+0x5af/0xb10 [obdclass]
00130  ? llog_test_11+0x2a4/0x1130 [llog_test]
00130  ? llog_test_9_sub+0x800/0x800 [llog_test]
00130  ? llog_run_tests+0x41b8/0x5ad0 [llog_test]
00130  ? get_random_u32+0x51/0x470
00130  ? llog_test_device_init+0x503/0x840 [llog_test]
00130  ? obd_setup+0x559/0x960 [obdclass]
00130  ? class_setup+0xc7d/0x10e0 [obdclass]
00130  ? class_process_config+0x2edb/0x7cb0 [obdclass]
00130  ? class_handle_ioctl+0x1f4d/0x3440 [obdclass]
00130  ? obd_class_ioctl+0x1f6/0x3c0 [obdclass]
00130  ? __x64_sys_ioctl+0x961/0xe00
00130  ? _copy_to_user+0x3d/0x60
00130  ? __x64_sys_rt_sigaction+0x107/0x140
00130  ? do_syscall_64+0xc1/0x350
00130  ? entry_SYSCALL_64_after_hwframe+0x4b/0x53
00130  </TASK>
00130 ---[ end trace 0000000000000000 ]---
00130 Lustre: 2199:0:(llog_test.c:2205:llog_test_11()) 11: size 8216 in 0 blocks after 1 rec
00130 Lustre: 2199:0:(llog_test.c:2207:llog_test_11()) 11: add few records
00130 Lustre: 2199:0:(llog_test.c:2224:llog_test_11()) 11: size 10616 in 0 blocks with few recs
00130 lctl (2199): drop_caches: 3
00130 Lustre: 2199:0:(llog_test.c:2250:llog_test_11()) 11: re-open the log by LOGID and verify llh_count
00130 Lustre: 2199:0:(llog_test.c:2265:llog_test_11()) 11: size 10616 in 0 blocks after re-open
00130 Lustre: 2199:0:(llog_test.c:2355:llog_test_12()) 12: create a catalog log with name: 27b797a5
00130 ------------[ cut here ]------------
00130 WARNING: /home/ktest/git/linux/include/linux/fs.h:889 at osd_create+0x9cf/0xcf0 [osd_wbcfs], CPU#1: lctl/2199
00130 Modules linked in: llog_test(O) mgs(O) osd_wbcfs(O) lustre(O) obdecho(O) mgc(O) mdc(O) lov(O) osc(O) lmv(O) ec(O) fid(O) fld(O) ptlrpc(O) efivarfs obdclass(O) ksocklnd(O) lnet(O) libcfs(O)
00130 CPU: 1 UID: 0 PID: 2199 Comm: lctl Tainted: G        W  O        7.0.0-ktest-e2039cd1d4-7433349-20260709 #1 PREEMPT 
00130 Tainted: [W]=WARN, [O]=OOT_MODULE
00130 Hardware name: QEMU Standard PC (Q35 + ICH9, 2009), BIOS 2025.11-3ubuntu7 03/31/2026
00130 RIP: 0010:osd_create+0x9cf/0xcf0 [osd_wbcfs]
00130 Code: c7 c7 00 e6 af a1 48 c7 c6 a0 62 72 a1 48 c7 c2 00 6c 72 a1 e8 82 ad 43 ff 48 c7 c7 00 e6 af a1 e8 06 3b 44 ff e9 fe fc ff ff <0f> 0b e9 a5 fa ff ff 48 c7 c1 80 44 5d a0 80 e1 07 80 c1 03 38 c1
00130 RSP: 0018:ffffc90001d27680 EFLAGS: 00010246
00130 RAX: 0000000000000000 RBX: ffff8881b5dc7000 RCX: 0000000000000046
00130 RDX: 0000000000000000 RSI: ffff88813a639f30 RDI: ffff888119f54b18
00130 RBP: ffff88813a639ea0 R08: ffffffff83a16803 R09: 1ffffffff0742d00
00130 R10: dffffc0000000000 R11: fffffbfff0742d01 R12: ffff888183e2ec00
00130 R13: dffffc0000000000 R14: 1ffff11036bb8e00 R15: 1ffff110307c5d8f
00130 FS:  00007f5790218940(0000) GS:ffff88831e4ae000(0000) knlGS:0000000000000000
00130 CS:  0010 DS: 0000 ES: 0000 CR0: 0000000080050033
00130 CR2: 00007fdfd9eee200 CR3: 000000014032c000 CR4: 0000000000750eb0
00130 PKRU: 55555554
00130 Call Trace:
00130  <TASK>
00130  ? local_object_create+0x109/0x640 [obdclass]
00130  ? dt_write_lock+0x16d/0x2a0 [obdclass]
00130  ? llog_osd_create+0x35b/0x12e0 [obdclass]
00130  ? llog_create+0x2ed/0x530 [obdclass]
00130  ? llog_open_create+0x5af/0xb10 [obdclass]
00130  ? llog_test_12+0x40f/0x2d90 [llog_test]
00130  ? llog_test_11+0xc14/0x1130 [llog_test]
00130  ? llog_run_tests+0x443a/0x5ad0 [llog_test]
00130  ? get_random_u32+0x51/0x470
00130  ? llog_test_device_init+0x503/0x840 [llog_test]
00130  ? obd_setup+0x559/0x960 [obdclass]
00130  ? class_setup+0xc7d/0x10e0 [obdclass]
00130  ? class_process_config+0x2edb/0x7cb0 [obdclass]
00130  ? class_handle_ioctl+0x1f4d/0x3440 [obdclass]
00130  ? obd_class_ioctl+0x1f6/0x3c0 [obdclass]
00130  ? __x64_sys_ioctl+0x961/0xe00
00130  ? _copy_to_user+0x3d/0x60
00130  ? __x64_sys_rt_sigaction+0x107/0x140
00130  ? do_syscall_64+0xc1/0x350
00130  ? entry_SYSCALL_64_after_hwframe+0x4b/0x53
00130  </TASK>
00130 ---[ end trace 0000000000000000 ]---
00130 ------------[ cut here ]------------
00130 WARNING: /home/ktest/git/linux/include/linux/fs.h:889 at osd_create+0x9cf/0xcf0 [osd_wbcfs], CPU#1: lctl/2199
00130 Modules linked in: llog_test(O) mgs(O) osd_wbcfs(O) lustre(O) obdecho(O) mgc(O) mdc(O) lov(O) osc(O) lmv(O) ec(O) fid(O) fld(O) ptlrpc(O) efivarfs obdclass(O) ksocklnd(O) lnet(O) libcfs(O)
00130 CPU: 1 UID: 0 PID: 2199 Comm: lctl Tainted: G        W  O        7.0.0-ktest-e2039cd1d4-7433349-20260709 #1 PREEMPT 
00130 Tainted: [W]=WARN, [O]=OOT_MODULE
00130 Hardware name: QEMU Standard PC (Q35 + ICH9, 2009), BIOS 2025.11-3ubuntu7 03/31/2026
00130 RIP: 0010:osd_create+0x9cf/0xcf0 [osd_wbcfs]
00130 Code: c7 c7 00 e6 af a1 48 c7 c6 a0 62 72 a1 48 c7 c2 00 6c 72 a1 e8 82 ad 43 ff 48 c7 c7 00 e6 af a1 e8 06 3b 44 ff e9 fe fc ff ff <0f> 0b e9 a5 fa ff ff 48 c7 c1 80 44 5d a0 80 e1 07 80 c1 03 38 c1
00130 RSP: 0018:ffffc90001d27520 EFLAGS: 00010246
00130 RAX: 0000000000000000 RBX: ffff8881b5dc6800 RCX: 0000000000000046
00130 RDX: 0000000000000000 RSI: ffff88813a639818 RDI: ffff888119f54b40
00130 RBP: ffff88813a639788 R08: ffffffff83a16803 R09: 1ffffffff0742d00
00130 R10: dffffc0000000000 R11: fffffbfff0742d01 R12: ffff888183e2ec00
00130 R13: dffffc0000000000 R14: 1ffff11036bb8d00 R15: 1ffff110307c5d8f
00130 FS:  00007f5790218940(0000) GS:ffff88831e4ae000(0000) knlGS:0000000000000000
00130 CS:  0010 DS: 0000 ES: 0000 CR0: 0000000080050033
00130 CR2: 00007fdfd9eee200 CR3: 000000014032c000 CR4: 0000000000750eb0
00130 PKRU: 55555554
00130 Call Trace:
00130  <TASK>
00130  ? local_object_create+0x109/0x640 [obdclass]
00130  ? dt_write_lock+0x16d/0x2a0 [obdclass]
00130  ? llog_osd_create+0x35b/0x12e0 [obdclass]
00130  ? register_lock_class+0x31/0x2c0
00130  ? llog_create+0x2ed/0x530 [obdclass]
00130  ? llog_cat_new_log+0x6c3/0x2c80 [obdclass]
00130  ? llog_cat_add_rec+0x6ba/0x1960 [obdclass]
00130  ? llog_cat_add+0x451/0x890 [obdclass]
00130  ? llog_test_12+0x68f/0x2d90 [llog_test]
00130  ? llog_test_11+0xc14/0x1130 [llog_test]
00130  ? llog_run_tests+0x443a/0x5ad0 [llog_test]
00130  ? get_random_u32+0x51/0x470
00130  ? llog_test_device_init+0x503/0x840 [llog_test]
00130  ? obd_setup+0x559/0x960 [obdclass]
00130  ? class_setup+0xc7d/0x10e0 [obdclass]
00130  ? class_process_config+0x2edb/0x7cb0 [obdclass]
00130  ? class_handle_ioctl+0x1f4d/0x3440 [obdclass]
00130  ? obd_class_ioctl+0x1f6/0x3c0 [obdclass]
00130  ? __x64_sys_ioctl+0x961/0xe00
00130  ? _copy_to_user+0x3d/0x60
00130  ? __x64_sys_rt_sigaction+0x107/0x140
00130  ? do_syscall_64+0xc1/0x350
00130  ? entry_SYSCALL_64_after_hwframe+0x4b/0x53
00130  </TASK>
00130 ---[ end trace 0000000000000000 ]---
00130 Lustre: 12: truncate 24 bytes
00130 Lustre: 12: re-open and process the catalog
00130 LustreError: 2199:0:(llog_osd.c:1248:llog_osd_next_block()) MGS0000-osd: invalid llog tail at log id [0xa:0x6:0x0] offset 8232 last_rec idx 8704 tail idx 275010875 lrt len 1 read_size 40
00130 LustreError: 2199:0:(llog.c:886:llog_process_thread()) MGS: local llog is corrupted [0xa:0x6:0x0] catalog index 1 count 2
00130 Lustre: 12: try to add to the catalog
00130 ------------[ cut here ]------------
00130 WARNING: /home/ktest/git/linux/include/linux/fs.h:889 at osd_create+0x9cf/0xcf0 [osd_wbcfs], CPU#1: lctl/2199
00130 Modules linked in: llog_test(O) mgs(O) osd_wbcfs(O) lustre(O) obdecho(O) mgc(O) mdc(O) lov(O) osc(O) lmv(O) ec(O) fid(O) fld(O) ptlrpc(O) efivarfs obdclass(O) ksocklnd(O) lnet(O) libcfs(O)
00130 CPU: 1 UID: 0 PID: 2199 Comm: lctl Tainted: G        W  O        7.0.0-ktest-e2039cd1d4-7433349-20260709 #1 PREEMPT 
00130 Tainted: [W]=WARN, [O]=OOT_MODULE
00130 Hardware name: QEMU Standard PC (Q35 + ICH9, 2009), BIOS 2025.11-3ubuntu7 03/31/2026
00130 RIP: 0010:osd_create+0x9cf/0xcf0 [osd_wbcfs]
00130 Code: c7 c7 00 e6 af a1 48 c7 c6 a0 62 72 a1 48 c7 c2 00 6c 72 a1 e8 82 ad 43 ff 48 c7 c7 00 e6 af a1 e8 06 3b 44 ff e9 fe fc ff ff <0f> 0b e9 a5 fa ff ff 48 c7 c1 80 44 5d a0 80 e1 07 80 c1 03 38 c1
00130 RSP: 0018:ffffc90001d27520 EFLAGS: 00010246
00130 RAX: 0000000000000000 RBX: ffff8881bb551400 RCX: 0000000000000046
00130 RDX: 0000000000000000 RSI: ffff88813a639100 RDI: ffff888119f54b40
00130 RBP: ffff88813a639070 R08: ffffffff83a16803 R09: 1ffffffff0742d00
00130 R10: dffffc0000000000 R11: fffffbfff0742d01 R12: ffff888183e2ec00
00130 R13: dffffc0000000000 R14: 1ffff110376aa280 R15: 1ffff110307c5d8f
00130 FS:  00007f5790218940(0000) GS:ffff88831e4ae000(0000) knlGS:0000000000000000
00130 CS:  0010 DS: 0000 ES: 0000 CR0: 0000000080050033
00130 CR2: 00007fdfd9eee200 CR3: 000000014032c000 CR4: 0000000000750eb0
00130 PKRU: 55555554
00130 Call Trace:
00130  <TASK>
00130  ? local_object_create+0x109/0x640 [obdclass]
00130  ? dt_write_lock+0x16d/0x2a0 [obdclass]
00130  ? llog_osd_create+0x35b/0x12e0 [obdclass]
00130  ? register_lock_class+0x31/0x2c0
00130  ? llog_create+0x2ed/0x530 [obdclass]
00130  ? llog_cat_new_log+0x6c3/0x2c80 [obdclass]
00130  ? llog_cat_add_rec+0x6ba/0x1960 [obdclass]
00130  ? llog_cat_add+0x451/0x890 [obdclass]
00130  ? llog_test_12+0xfdb/0x2d90 [llog_test]
00130  ? llog_run_tests+0x443a/0x5ad0 [llog_test]
00130  ? get_random_u32+0x51/0x470
00130  ? llog_test_device_init+0x503/0x840 [llog_test]
00130  ? obd_setup+0x559/0x960 [obdclass]
00130  ? class_setup+0xc7d/0x10e0 [obdclass]
00130  ? class_process_config+0x2edb/0x7cb0 [obdclass]
00130  ? class_handle_ioctl+0x1f4d/0x3440 [obdclass]
00130  ? obd_class_ioctl+0x1f6/0x3c0 [obdclass]
00130  ? __x64_sys_ioctl+0x961/0xe00
00130  ? _copy_to_user+0x3d/0x60
00130  ? __x64_sys_rt_sigaction+0x107/0x140
00130  ? do_syscall_64+0xc1/0x350
00130  ? entry_SYSCALL_64_after_hwframe+0x4b/0x53
00130  </TASK>
00130 ---[ end trace 0000000000000000 ]---
00130 LustreError: 2199:0:(llog_osd.c:1231:llog_osd_next_block()) MGS0000-osd: invalid llog tail at log id [0x6:0xa:0x0]:0 offset 8297 tail idx 603979776 lrt len 1074261 read_size 105
00130 ------------[ cut here ]------------
00130 WARNING: /home/ktest/git/linux/include/linux/fs.h:889 at osd_create+0x9cf/0xcf0 [osd_wbcfs], CPU#1: lctl/2199
00130 Modules linked in: llog_test(O) mgs(O) osd_wbcfs(O) lustre(O) obdecho(O) mgc(O) mdc(O) lov(O) osc(O) lmv(O) ec(O) fid(O) fld(O) ptlrpc(O) efivarfs obdclass(O) ksocklnd(O) lnet(O) libcfs(O)
00130 CPU: 1 UID: 0 PID: 2199 Comm: lctl Tainted: G        W  O        7.0.0-ktest-e2039cd1d4-7433349-20260709 #1 PREEMPT 
00130 Tainted: [W]=WARN, [O]=OOT_MODULE
00130 Hardware name: QEMU Standard PC (Q35 + ICH9, 2009), BIOS 2025.11-3ubuntu7 03/31/2026
00130 RIP: 0010:osd_create+0x9cf/0xcf0 [osd_wbcfs]
00130 Code: c7 c7 00 e6 af a1 48 c7 c6 a0 62 72 a1 48 c7 c2 00 6c 72 a1 e8 82 ad 43 ff 48 c7 c7 00 e6 af a1 e8 06 3b 44 ff e9 fe fc ff ff <0f> 0b e9 a5 fa ff ff 48 c7 c1 80 44 5d a0 80 e1 07 80 c1 03 38 c1
00130 RSP: 0018:ffffc90001d27520 EFLAGS: 00010246
00130 RAX: 0000000000000000 RBX: ffff8881bb552c00 RCX: 0000000000000046
00130 RDX: 0000000000000000 RSI: ffff88813a6389e8 RDI: ffff888119f54b40
00130 RBP: ffff88813a638958 R08: ffffffff83a16803 R09: 1ffffffff0742d00
00130 R10: dffffc0000000000 R11: fffffbfff0742d01 R12: ffff888183e2ec00
00130 R13: dffffc0000000000 R14: 1ffff110376aa580 R15: 1ffff110307c5d8f
00130 FS:  00007f5790218940(0000) GS:ffff88831e4ae000(0000) knlGS:0000000000000000
00130 CS:  0010 DS: 0000 ES: 0000 CR0: 0000000080050033
00130 CR2: 00007fdfd9eee200 CR3: 000000014032c000 CR4: 0000000000750eb0
00130 PKRU: 55555554
00130 Call Trace:
00130  <TASK>
00130  ? local_object_create+0x109/0x640 [obdclass]
00130  ? dt_write_lock+0x16d/0x2a0 [obdclass]
00130  ? llog_osd_create+0x35b/0x12e0 [obdclass]
00130  ? register_lock_class+0x31/0x2c0
00130  ? llog_create+0x2ed/0x530 [obdclass]
00130  ? llog_cat_new_log+0x6c3/0x2c80 [obdclass]
00130  ? llog_cat_add_rec+0x6ba/0x1960 [obdclass]
00130  ? llog_cat_add+0x451/0x890 [obdclass]
00130  ? llog_test_12+0xfdb/0x2d90 [llog_test]
00130  ? llog_run_tests+0x443a/0x5ad0 [llog_test]
00130  ? get_random_u32+0x51/0x470
00130  ? llog_test_device_init+0x503/0x840 [llog_test]
00130  ? obd_setup+0x559/0x960 [obdclass]
00130  ? class_setup+0xc7d/0x10e0 [obdclass]
00130  ? class_process_config+0x2edb/0x7cb0 [obdclass]
00130  ? class_handle_ioctl+0x1f4d/0x3440 [obdclass]
00130  ? obd_class_ioctl+0x1f6/0x3c0 [obdclass]
00130  ? __x64_sys_ioctl+0x961/0xe00
00130  ? _copy_to_user+0x3d/0x60
00130  ? __x64_sys_rt_sigaction+0x107/0x140
00130  ? do_syscall_64+0xc1/0x350
00130  ? entry_SYSCALL_64_after_hwframe+0x4b/0x53
00130  </TASK>
00130 ---[ end trace 0000000000000000 ]---
00130 ------------[ cut here ]------------
00130 WARNING: /home/ktest/git/linux/include/linux/fs.h:889 at osd_create+0x9cf/0xcf0 [osd_wbcfs], CPU#1: lctl/2199
00130 Modules linked in: llog_test(O) mgs(O) osd_wbcfs(O) lustre(O) obdecho(O) mgc(O) mdc(O) lov(O) osc(O) lmv(O) ec(O) fid(O) fld(O) ptlrpc(O) efivarfs obdclass(O) ksocklnd(O) lnet(O) libcfs(O)
00130 CPU: 1 UID: 0 PID: 2199 Comm: lctl Tainted: G        W  O        7.0.0-ktest-e2039cd1d4-7433349-20260709 #1 PREEMPT 
00130 Tainted: [W]=WARN, [O]=OOT_MODULE
00130 Hardware name: QEMU Standard PC (Q35 + ICH9, 2009), BIOS 2025.11-3ubuntu7 03/31/2026
00130 RIP: 0010:osd_create+0x9cf/0xcf0 [osd_wbcfs]
00130 Code: c7 c7 00 e6 af a1 48 c7 c6 a0 62 72 a1 48 c7 c2 00 6c 72 a1 e8 82 ad 43 ff 48 c7 c7 00 e6 af a1 e8 06 3b 44 ff e9 fe fc ff ff <0f> 0b e9 a5 fa ff ff 48 c7 c1 80 44 5d a0 80 e1 07 80 c1 03 38 c1
00130 RSP: 0018:ffffc90001d27520 EFLAGS: 00010246
00130 RAX: 0000000000000000 RBX: ffff8881ba2fa800 RCX: 0000000000000046
00130 RDX: 0000000000000000 RSI: ffff88813a6382d0 RDI: ffff888119f54b40
00130 RBP: ffff88813a638240 R08: ffffffff83a16803 R09: 1ffffffff0742d00
00130 R10: dffffc0000000000 R11: fffffbfff0742d01 R12: ffff888183e2ec00
00130 R13: dffffc0000000000 R14: 1ffff1103745f500 R15: 1ffff110307c5d8f
00130 FS:  00007f5790218940(0000) GS:ffff88831e4ae000(0000) knlGS:0000000000000000
00130 CS:  0010 DS: 0000 ES: 0000 CR0: 0000000080050033
00130 CR2: 00007fdfd9eee200 CR3: 000000014032c000 CR4: 0000000000750eb0
00130 PKRU: 55555554
00130 Call Trace:
00130  <TASK>
00130  ? local_object_create+0x109/0x640 [obdclass]
00130  ? dt_write_lock+0x16d/0x2a0 [obdclass]
00130  ? llog_osd_create+0x35b/0x12e0 [obdclass]
00130  ? register_lock_class+0x31/0x2c0
00130  ? llog_create+0x2ed/0x530 [obdclass]
00130  ? llog_cat_new_log+0x6c3/0x2c80 [obdclass]
00130  ? llog_cat_add_rec+0x6ba/0x1960 [obdclass]
00130  ? llog_cat_add+0x451/0x890 [obdclass]
00130  ? llog_test_12+0xfdb/0x2d90 [llog_test]
00130  ? llog_run_tests+0x443a/0x5ad0 [llog_test]
00130  ? get_random_u32+0x51/0x470
00130  ? llog_test_device_init+0x503/0x840 [llog_test]
00130  ? obd_setup+0x559/0x960 [obdclass]
00130  ? class_setup+0xc7d/0x10e0 [obdclass]
00130  ? class_process_config+0x2edb/0x7cb0 [obdclass]
00130  ? class_handle_ioctl+0x1f4d/0x3440 [obdclass]
00130  ? obd_class_ioctl+0x1f6/0x3c0 [obdclass]
00130  ? __x64_sys_ioctl+0x961/0xe00
00130  ? _copy_to_user+0x3d/0x60
00130  ? __x64_sys_rt_sigaction+0x107/0x140
00130  ? do_syscall_64+0xc1/0x350
00130  ? entry_SYSCALL_64_after_hwframe+0x4b/0x53
00130  </TASK>
00130 ---[ end trace 0000000000000000 ]---
00130 ------------[ cut here ]------------
00130 WARNING: /home/ktest/git/linux/include/linux/fs.h:889 at osd_create+0x9cf/0xcf0 [osd_wbcfs], CPU#1: lctl/2199
00130 Modules linked in: llog_test(O) mgs(O) osd_wbcfs(O) lustre(O) obdecho(O) mgc(O) mdc(O) lov(O) osc(O) lmv(O) ec(O) fid(O) fld(O) ptlrpc(O) efivarfs obdclass(O) ksocklnd(O) lnet(O) libcfs(O)
00130 CPU: 1 UID: 0 PID: 2199 Comm: lctl Tainted: G        W  O        7.0.0-ktest-e2039cd1d4-7433349-20260709 #1 PREEMPT 
00130 Tainted: [W]=WARN, [O]=OOT_MODULE
00130 Hardware name: QEMU Standard PC (Q35 + ICH9, 2009), BIOS 2025.11-3ubuntu7 03/31/2026
00130 RIP: 0010:osd_create+0x9cf/0xcf0 [osd_wbcfs]
00130 Code: c7 c7 00 e6 af a1 48 c7 c6 a0 62 72 a1 48 c7 c2 00 6c 72 a1 e8 82 ad 43 ff 48 c7 c7 00 e6 af a1 e8 06 3b 44 ff e9 fe fc ff ff <0f> 0b e9 a5 fa ff ff 48 c7 c1 80 44 5d a0 80 e1 07 80 c1 03 38 c1
00130 RSP: 0018:ffffc90001d27520 EFLAGS: 00010246
00130 RAX: 0000000000000000 RBX: ffff8881ba2fc400 RCX: 0000000000000046
00130 RDX: 0000000000000000 RSI: ffff8881b9be2648 RDI: ffff888119f54b40
00130 RBP: ffff8881b9be25b8 R08: ffffffff83a16803 R09: 1ffffffff0742d00
00130 R10: dffffc0000000000 R11: fffffbfff0742d01 R12: ffff888183e2ec00
00130 R13: dffffc0000000000 R14: 1ffff1103745f880 R15: 1ffff110307c5d8f
00130 FS:  00007f5790218940(0000) GS:ffff88831e4ae000(0000) knlGS:0000000000000000
00130 CS:  0010 DS: 0000 ES: 0000 CR0: 0000000080050033
00130 CR2: 00007fdfd9eee200 CR3: 000000014032c000 CR4: 0000000000750eb0
00130 PKRU: 55555554
00130 Call Trace:
00130  <TASK>
00130  ? local_object_create+0x109/0x640 [obdclass]
00130  ? dt_write_lock+0x16d/0x2a0 [obdclass]
00130  ? llog_osd_create+0x35b/0x12e0 [obdclass]
00130  ? register_lock_class+0x31/0x2c0
00130  ? llog_create+0x2ed/0x530 [obdclass]
00130  ? llog_cat_new_log+0x6c3/0x2c80 [obdclass]
00130  ? llog_cat_add_rec+0x6ba/0x1960 [obdclass]
00130  ? llog_cat_add+0x451/0x890 [obdclass]
00130  ? llog_test_12+0xfdb/0x2d90 [llog_test]
00130  ? llog_run_tests+0x443a/0x5ad0 [llog_test]
00130  ? get_random_u32+0x51/0x470
00130  ? llog_test_device_init+0x503/0x840 [llog_test]
00130  ? obd_setup+0x559/0x960 [obdclass]
00130  ? class_setup+0xc7d/0x10e0 [obdclass]
00130  ? class_process_config+0x2edb/0x7cb0 [obdclass]
00130  ? class_handle_ioctl+0x1f4d/0x3440 [obdclass]
00130  ? obd_class_ioctl+0x1f6/0x3c0 [obdclass]
00130  ? __x64_sys_ioctl+0x961/0xe00
00130  ? _copy_to_user+0x3d/0x60
00130  ? __x64_sys_rt_sigaction+0x107/0x140
00130  ? do_syscall_64+0xc1/0x350
00130  ? entry_SYSCALL_64_after_hwframe+0x4b/0x53
00130  </TASK>
00130 ---[ end trace 0000000000000000 ]---
00130 ------------[ cut here ]------------
00130 WARNING: /home/ktest/git/linux/include/linux/fs.h:889 at osd_create+0x9cf/0xcf0 [osd_wbcfs], CPU#1: lctl/2199
00130 Modules linked in: llog_test(O) mgs(O) osd_wbcfs(O) lustre(O) obdecho(O) mgc(O) mdc(O) lov(O) osc(O) lmv(O) ec(O) fid(O) fld(O) ptlrpc(O) efivarfs obdclass(O) ksocklnd(O) lnet(O) libcfs(O)
00130 CPU: 1 UID: 0 PID: 2199 Comm: lctl Tainted: G        W  O        7.0.0-ktest-e2039cd1d4-7433349-20260709 #1 PREEMPT 
00130 Tainted: [W]=WARN, [O]=OOT_MODULE
00130 Hardware name: QEMU Standard PC (Q35 + ICH9, 2009), BIOS 2025.11-3ubuntu7 03/31/2026
00130 RIP: 0010:osd_create+0x9cf/0xcf0 [osd_wbcfs]
00130 Code: c7 c7 00 e6 af a1 48 c7 c6 a0 62 72 a1 48 c7 c2 00 6c 72 a1 e8 82 ad 43 ff 48 c7 c7 00 e6 af a1 e8 06 3b 44 ff e9 fe fc ff ff <0f> 0b e9 a5 fa ff ff 48 c7 c1 80 44 5d a0 80 e1 07 80 c1 03 38 c1
00130 RSP: 0018:ffffc90001d27520 EFLAGS: 00010246
00130 RAX: 0000000000000000 RBX: ffff8881067ac000 RCX: 0000000000000046
00130 RDX: 0000000000000000 RSI: ffff8881b9be1f30 RDI: ffff888119f54b40
00130 RBP: ffff8881b9be1ea0 R08: ffffffff83a16803 R09: 1ffffffff0742d00
00130 R10: dffffc0000000000 R11: fffffbfff0742d01 R12: ffff888183e2ec00
00130 R13: dffffc0000000000 R14: 1ffff11020cf5800 R15: 1ffff110307c5d8f
00130 FS:  00007f5790218940(0000) GS:ffff88831e4ae000(0000) knlGS:0000000000000000
00130 CS:  0010 DS: 0000 ES: 0000 CR0: 0000000080050033
00130 CR2: 00007fdfd9eee200 CR3: 000000014032c000 CR4: 0000000000750eb0
00130 PKRU: 55555554
00130 Call Trace:
00130  <TASK>
00130  ? local_object_create+0x109/0x640 [obdclass]
00130  ? dt_write_lock+0x16d/0x2a0 [obdclass]
00130  ? llog_osd_create+0x35b/0x12e0 [obdclass]
00130  ? register_lock_class+0x31/0x2c0
00130  ? llog_create+0x2ed/0x530 [obdclass]
00130  ? llog_cat_new_log+0x6c3/0x2c80 [obdclass]
00130  ? llog_cat_add_rec+0x6ba/0x1960 [obdclass]
00130  ? llog_cat_add+0x451/0x890 [obdclass]
00130  ? llog_test_12+0xfdb/0x2d90 [llog_test]
00130  ? llog_run_tests+0x443a/0x5ad0 [llog_test]
00130  ? get_random_u32+0x51/0x470
00130  ? llog_test_device_init+0x503/0x840 [llog_test]
00130  ? obd_setup+0x559/0x960 [obdclass]
00130  ? class_setup+0xc7d/0x10e0 [obdclass]
00130  ? class_process_config+0x2edb/0x7cb0 [obdclass]
00130  ? class_handle_ioctl+0x1f4d/0x3440 [obdclass]
00130  ? obd_class_ioctl+0x1f6/0x3c0 [obdclass]
00130  ? __x64_sys_ioctl+0x961/0xe00
00130  ? _copy_to_user+0x3d/0x60
00130  ? __x64_sys_rt_sigaction+0x107/0x140
00130  ? do_syscall_64+0xc1/0x350
00130  ? entry_SYSCALL_64_after_hwframe+0x4b/0x53
00130  </TASK>
00130 ---[ end trace 0000000000000000 ]---
00130 ------------[ cut here ]------------
00130 WARNING: /home/ktest/git/linux/include/linux/fs.h:889 at osd_create+0x9cf/0xcf0 [osd_wbcfs], CPU#6: lctl/2199
00130 Modules linked in: llog_test(O) mgs(O) osd_wbcfs(O) lustre(O) obdecho(O) mgc(O) mdc(O) lov(O) osc(O) lmv(O) ec(O) fid(O) fld(O) ptlrpc(O) efivarfs obdclass(O) ksocklnd(O) lnet(O) libcfs(O)
00130 CPU: 6 UID: 0 PID: 2199 Comm: lctl Tainted: G        W  O        7.0.0-ktest-e2039cd1d4-7433349-20260709 #1 PREEMPT 
00130 Tainted: [W]=WARN, [O]=OOT_MODULE
00130 Hardware name: QEMU Standard PC (Q35 + ICH9, 2009), BIOS 2025.11-3ubuntu7 03/31/2026
00130 RIP: 0010:osd_create+0x9cf/0xcf0 [osd_wbcfs]
00130 Code: c7 c7 00 e6 af a1 48 c7 c6 a0 62 72 a1 48 c7 c2 00 6c 72 a1 e8 82 ad 43 ff 48 c7 c7 00 e6 af a1 e8 06 3b 44 ff e9 fe fc ff ff <0f> 0b e9 a5 fa ff ff 48 c7 c1 80 44 5d a0 80 e1 07 80 c1 03 38 c1
00130 RSP: 0018:ffffc90001d27520 EFLAGS: 00010246
00130 RAX: 0000000000000000 RBX: ffff88813822c800 RCX: 0000000000000046
00130 RDX: 0000000000000000 RSI: ffff8881b9be7b68 RDI: ffff888119f54b40
00130 RBP: ffff8881b9be7ad8 R08: ffffffff83a16803 R09: 1ffffffff0742d00
00130 R10: dffffc0000000000 R11: fffffbfff0742d01 R12: ffff888183e2ec00
00130 R13: dffffc0000000000 R14: 1ffff11027045900 R15: 1ffff110307c5d8f
00130 FS:  00007f5790218940(0000) GS:ffff88831e72e000(0000) knlGS:0000000000000000
00130 CS:  0010 DS: 0000 ES: 0000 CR0: 0000000080050033
00130 CR2: 00005617f8bae2b4 CR3: 000000014032c000 CR4: 0000000000750eb0
00130 PKRU: 55555554
00130 Call Trace:
00130  <TASK>
00130  ? local_object_create+0x109/0x640 [obdclass]
00130  ? dt_write_lock+0x16d/0x2a0 [obdclass]
00130  ? llog_osd_create+0x35b/0x12e0 [obdclass]
00130  ? register_lock_class+0x31/0x2c0
00130  ? llog_create+0x2ed/0x530 [obdclass]
00130  ? llog_cat_new_log+0x6c3/0x2c80 [obdclass]
00130  ? llog_cat_add_rec+0x6ba/0x1960 [obdclass]
00130  ? llog_cat_add+0x451/0x890 [obdclass]
00130  ? llog_test_12+0xfdb/0x2d90 [llog_test]
00130  ? llog_run_tests+0x443a/0x5ad0 [llog_test]
00130  ? get_random_u32+0x51/0x470
00130  ? llog_test_device_init+0x503/0x840 [llog_test]
00130  ? obd_setup+0x559/0x960 [obdclass]
00130  ? class_setup+0xc7d/0x10e0 [obdclass]
00130  ? class_process_config+0x2edb/0x7cb0 [obdclass]
00130  ? class_handle_ioctl+0x1f4d/0x3440 [obdclass]
00130  ? obd_class_ioctl+0x1f6/0x3c0 [obdclass]
00130  ? __x64_sys_ioctl+0x961/0xe00
00130  ? _copy_to_user+0x3d/0x60
00130  ? __x64_sys_rt_sigaction+0x107/0x140
00130  ? do_syscall_64+0xc1/0x350
00130  ? entry_SYSCALL_64_after_hwframe+0x4b/0x53
00130  </TASK>
00130 ---[ end trace 0000000000000000 ]---
00130 ==================================================================
00130 BUG: KASAN: slab-out-of-bounds in llog_osd_next_block+0x13e1/0x3340 [obdclass]
00130 Read of size 4 at addr ffff8882404ab136 by task lctl/2199
00130 
00130 CPU: 6 UID: 0 PID: 2199 Comm: lctl Tainted: G        W  O        7.0.0-ktest-e2039cd1d4-7433349-20260709 #1 PREEMPT 
00130 Tainted: [W]=WARN, [O]=OOT_MODULE
00130 Hardware name: QEMU Standard PC (Q35 + ICH9, 2009), BIOS 2025.11-3ubuntu7 03/31/2026
00130 Call Trace:
00130  <TASK>
00130  dump_stack_lvl+0x52/0x80
00130  print_report+0xbc/0x260
00130  ? llog_osd_next_block+0x13e1/0x3340 [obdclass]
00130  kasan_report+0xa2/0xd0
00130  ? llog_osd_next_block+0x13e1/0x3340 [obdclass]
00130  llog_osd_next_block+0x13e1/0x3340 [obdclass]
00130  llog_process_thread+0xdd7/0x4f70 [obdclass]
00130  ? entry_SYSCALL_64_after_hwframe+0x4b/0x53
00130  ? task_work_add+0x177/0x210
00130  llog_process_or_fork+0x656/0xc90 [obdclass]
00130  ? llog_cat_process+0x30/0x30 [obdclass]
00130  llog_cat_process_or_fork+0x780/0xdb0 [obdclass]
00130  ? llog_cat_process+0x30/0x30 [obdclass]
00130  ? llog_cancel_rec_cb+0x450/0x450 [llog_test]
00130  llog_cat_process+0x24/0x30 [obdclass]
00130  llog_test_12+0xf58/0x2d90 [llog_test]
00130  llog_run_tests+0x443a/0x5ad0 [llog_test]
00130  ? get_random_u32+0x51/0x470
00130  llog_test_device_init+0x503/0x840 [llog_test]
00130  obd_setup+0x559/0x960 [obdclass]
00130  class_setup+0xc7d/0x10e0 [obdclass]
00130  class_process_config+0x2edb/0x7cb0 [obdclass]
00130  class_handle_ioctl+0x1f4d/0x3440 [obdclass]
00130  obd_class_ioctl+0x1f6/0x3c0 [obdclass]
00130  __x64_sys_ioctl+0x961/0xe00
00130  ? _copy_to_user+0x3d/0x60
00130  ? __x64_sys_rt_sigaction+0x107/0x140
00130  do_syscall_64+0xc1/0x350
00130  entry_SYSCALL_64_after_hwframe+0x4b/0x53
00130 RIP: 0033:0x7f5790124e1d
00130 Code: 04 25 28 00 00 00 48 89 45 c8 31 c0 48 8d 45 10 c7 45 b0 10 00 00 00 48 89 45 b8 48 8d 45 d0 48 89 45 c0 b8 10 00 00 00 0f 05 <89> c2 3d 00 f0 ff ff 77 1a 48 8b 45 c8 64 48 2b 04 25 28 00 00 00
00130 RSP: 002b:00007fff9b1c5520 EFLAGS: 00000246 ORIG_RAX: 0000000000000010
00130 RAX: ffffffffffffffda RBX: 00007f579044d1f0 RCX: 00007f5790124e1d
00130 RDX: 00007fff9b1c5800 RSI: 00000000c00866b8 RDI: 0000000000000003
00130 RBP: 00007fff9b1c5570 R08: 00007fff9b1c55c0 R09: 00007fff9b1c5800
00130 R10: 00005563678ad910 R11: 0000000000000246 R12: 00007fff9b1c5800
00130 R13: 000055633b5bb822 R14: 0000000000000000 R15: 00007fff9b1c7880
00130  </TASK>
00130 
00130 The buggy address belongs to the object at ffff8882404a8000
00130  which belongs to the cache kmalloc-8k of size 8192
00130 The buggy address is located 4406 bytes to the right of
00130  allocated 8192-byte region [ffff8882404a8000, ffff8882404aa000)
00130 
00130 The buggy address belongs to the physical page:
00130 page: refcount:0 mapcount:0 mapping:0000000000000000 index:0x0 pfn:0x2404a8
00130 head: order:3 mapcount:0 entire_mapcount:0 nr_pages_mapped:0 pincount:0
00130 flags: 0x8000000000000040(head|zone=2)
00130 page_type: f5(slab)
00130 raw: 8000000000000040 ffff888100042e00 dead000000000122 0000000000000000
00130 raw: 0000000000000000 0000400000020002 00000000f5000000 ffff8882404aa010
00130 head: 8000000000000040 ffff888100042e00 dead000000000122 0000000000000000
00130 head: 0000000000000000 0000400000020002 00000000f5000000 ffff8882404aa010
00130 head: 8000000000000003 ffffea0009012a01 00000000ffffffff 00000000ffffffff
00130 head: ffffffffffffffff 0000000000000000 00000000ffffffff 0000000000000008
00130 page dumped because: kasan: bad access detected
00130 
00130 Memory state around the buggy address:
00130  ffff8882404ab000: fc fc fc fc fc fc fc fc fc fc fc fc fc fc fc fc
00130  ffff8882404ab080: fc fc fc fc fc fc fc fc fc fc fc fc fc fc fc fc
00130 >ffff8882404ab100: fc fc fc fc fc fc fc fc fc fc fc fc fc fc fc fc
00130                                      ^
00130  ffff8882404ab180: fc fc fc fc fc fc fc fc fc fc fc fc fc fc fc fc
00130  ffff8882404ab200: fc fc fc fc fc fc fc fc fc fc fc fc fc fc fc fc
00130 ==================================================================
00130 Disabling lock debugging due to kernel taint
00130 Lustre: 2199:0:(llog_test.c:2464:llog_test_12()) 12: put newly-created catalog
00130 Lustre: 2199:0:(llog_test.c:2532:llog_test_13()) 13a: create a catalog log with name: 27b797a5
00130 Lustre: 2199:0:(llog_test.c:2548:llog_test_13()) 13b: write 1 record into the catalog
00130 LustreError: 2199:0:(llog_test.c:2559:llog_test_13()) 13b: found 8 plain llogs
00130 Lustre: 2199:0:(llog_test.c:2561:llog_test_13()) 13c: erase plain llog
00130 LustreError: 2199:0:(llog_cat.c:404:llog_cat_id2handle()) MGS: error opening log id [0x1:0x4f:0x0]: rc = -2
00130 Lustre: 2199:0:(llog_test.c:2581:llog_test_13()) 13d: forward process: found=1708 rc=0
00130 Lustre: 2199:0:(llog_test.c:2585:llog_test_13()) 13e: erase another plain llog
00130 Lustre: 2199:0:(llog_test.c:2605:llog_test_13()) 13e: backward process: found=1367 rc=0
00130 Lustre: 2199:0:(llog_test.c:2608:llog_test_13()) 13f: put newly-created catalog
00135 ========= FAILED TIMEOUT llog-unit in 240s
Error 1 at /home/ktest/ktest/lib/libktest.sh 587 from: "$ktest_dir/lib/supervisor" -S -F -T "$ktest_timeout" -b "$test_basename" -o "$test_logdir" -f "$test_basename.$(date -Iseconds).log" -- "${qemu_cmd[@]}", exiting
Error 1 at ./qlkbuild 195 from: "$ktest_dir/lib/supervisor" -S -F -T "$ktest_timeout" -b "$test_basename" -o "$test_logdir" -f "$test_basename.$(date -Iseconds).log" -- "${qemu_cmd[@]}", exiting
Error 1 at ./qlkbuild 1005 from: "$ktest_dir/lib/supervisor" -S -F -T "$ktest_timeout" -b "$test_basename" -o "$test_logdir" -f "$test_basename.$(date -Iseconds).log" -- "${qemu_cmd[@]}", exiting
