CLI: ./podman-ktest --podman-socket unix:///run/podman/podman.sock --shared-filesystem /tmp --tarball-input job lustre-ci --output /var/www/ci-lustre/upstream-patch-review --git-hash e20d574badcb0183f779d3c71e32b8d89b45d628 --change-id 60584_e20d574badcb0183f779d3c71e32b8d89b45d628 --subject LU-19211 utils: skip testing for non-functional patches

  Checking /dev/kvm exists... OK
  Checking /dev/kvm permissions... OK
  Creating ccache directory... OK
  Checking ccache directory writable... OK

Environment validated successfully
Creating kernel tarball at /tmp/ktest-kernel.tar.gz...
Creating lustre tarball at /tmp/ktest-lustre.tar.gz...
Executing 16 jobs
Jobs will start as soon as their dependencies are satisfied
Using tarball input mode

START checkpatch tool checkpatch
START al2023 build tests/fs/lustre/boot.ktest
START lustre_mainline_strict build tests/fs/lustre/boot-strict.ktest
START lustre_mainline build tests/fs/lustre/boot.ktest
START u24 build tests/fs/lustre/boot.ktest
START lustre_mainline_native build tests/fs/lustre/boot.ktest
PUT /tmp/ktest-kernel.tar.gz 9s
PUT /tmp/ktest-kernel.tar.gz 9s
PUT /tmp/ktest-kernel.tar.gz 9s
PUT /tmp/ktest-kernel.tar.gz 10s
PUT /tmp/ktest-kernel.tar.gz 9s
PUT /tmp/ktest-kernel.tar.gz 10s
PUT /tmp/ktest-lustre.tar.gz 1s
PUT /tmp/ktest-lustre.tar.gz 2s
PUT /tmp/ktest-lustre.tar.gz 2s
PUT /tmp/ktest-lustre.tar.gz 2s
PUT /tmp/ktest-lustre.tar.gz 2s
PUT /tmp/ktest-lustre.tar.gz 2s
END checkpatch tool checkpatch FAIL 14s (exit code: 1)
END al2023 build tests/fs/lustre/boot.ktest PASS 68s
END u24 build tests/fs/lustre/boot.ktest PASS 72s
GET /tmp/ktest_lustre_mainline_strict_emvgfvu2.tar 5s
END lustre_mainline_strict build tests/fs/lustre/boot-strict.ktest FAIL 118s (exit code: 1)
GET /tmp/ktest_lustre_mainline_native_uux5l5dv.tar 4s
GET /tmp/ktest_lustre_mainline_or3lk410.tar 4s
END lustre_mainline_native build tests/fs/lustre/boot.ktest PASS 121s
START clang-tidy tool clang-tidy
START cc-plugin tool cc-plugin
START boot run tests/fs/lustre/boot.ktest
START llmount run tests/fs/lustre/llmount.ktest
START llog-unit run tests/fs/lustre/llog-unit.ktest
START mgs-setup run tests/fs/lustre/mgs-setup.ktest
START sanity-1 run tests/fs/lustre/sanity/sanity-1.ktest
START sanity-2 run tests/fs/lustre/sanity/sanity-2.ktest
START sanity-3 run tests/fs/lustre/sanity/sanity-3.ktest
START sanity-4 run tests/fs/lustre/sanity/sanity-4.ktest
END lustre_mainline build tests/fs/lustre/boot.ktest PASS 122s
PUT /tmp/ktest-kernel.tar.gz 14s
PUT /tmp/ktest_lustre_mainline_native_uux5l5dv.tar 16s
PUT /tmp/ktest_lustre_mainline_native_uux5l5dv.tar 16s
PUT /tmp/ktest_lustre_mainline_native_uux5l5dv.tar 16s
PUT /tmp/ktest_lustre_mainline_native_uux5l5dv.tar 16s
PUT /tmp/ktest_lustre_mainline_native_uux5l5dv.tar 16s
PUT /tmp/ktest-kernel.tar.gz 16s
PUT /tmp/ktest_lustre_mainline_native_uux5l5dv.tar 16s
PUT /tmp/ktest_lustre_mainline_native_uux5l5dv.tar 16s
PUT /tmp/ktest_lustre_mainline_native_uux5l5dv.tar 16s
PUT /tmp/ktest-lustre.tar.gz 31s
PUT /tmp/ktest-lustre.tar.gz 33s
PUT /tmp/ktest_lustre_mainline_native_uux5l5dv.tar 9s
PUT /tmp/ktest_lustre_mainline_native_uux5l5dv.tar 4s
END cc-plugin tool cc-plugin FAIL 58s (exit code: 127)
END clang-tidy tool clang-tidy PASS 77s
END boot run tests/fs/lustre/boot.ktest PASS 78s
END mgs-setup run tests/fs/lustre/mgs-setup.ktest PASS 81s
END sanity-2 run tests/fs/lustre/sanity/sanity-2.ktest PASS 92s
END sanity-4 run tests/fs/lustre/sanity/sanity-4.ktest PASS 94s
END sanity-3 run tests/fs/lustre/sanity/sanity-3.ktest PASS 103s
END sanity-1 run tests/fs/lustre/sanity/sanity-1.ktest PASS 107s
END llmount run tests/fs/lustre/llmount.ktest PASS 162s
END llog-unit run tests/fs/lustre/llog-unit.ktest PASS 170s

============================================================
Final Results:
  checkpatch: FAIL (14s) (log: /var/www/ci-lustre/upstream-patch-review/e20d574badcb0183f779d3c71e32b8d89b45d628_checkpatch.log)
  u24: PASS (72s) (log: /var/www/ci-lustre/upstream-patch-review/e20d574badcb0183f779d3c71e32b8d89b45d628_u24.log)
  al2023: PASS (68s) (log: /var/www/ci-lustre/upstream-patch-review/e20d574badcb0183f779d3c71e32b8d89b45d628_al2023.log)
  lustre_mainline_strict: FAIL (118s) (log: /var/www/ci-lustre/upstream-patch-review/e20d574badcb0183f779d3c71e32b8d89b45d628_lustre_mainline_strict.log)
  lustre_mainline: PASS (122s) (log: /var/www/ci-lustre/upstream-patch-review/e20d574badcb0183f779d3c71e32b8d89b45d628_lustre_mainline.log)
  lustre_mainline_native: PASS (121s) (log: /var/www/ci-lustre/upstream-patch-review/e20d574badcb0183f779d3c71e32b8d89b45d628_lustre_mainline_native.log)
  clang-tidy: PASS (77s) (log: /var/www/ci-lustre/upstream-patch-review/e20d574badcb0183f779d3c71e32b8d89b45d628_clang-tidy.log)
  cc-plugin: FAIL (58s) (log: /var/www/ci-lustre/upstream-patch-review/e20d574badcb0183f779d3c71e32b8d89b45d628_cc-plugin.log)
  boot: PASS (78s) (log: /var/www/ci-lustre/upstream-patch-review/e20d574badcb0183f779d3c71e32b8d89b45d628_boot.log)
  llmount: PASS (162s) (log: /var/www/ci-lustre/upstream-patch-review/e20d574badcb0183f779d3c71e32b8d89b45d628_llmount.log)
  llog-unit: PASS (170s) (log: /var/www/ci-lustre/upstream-patch-review/e20d574badcb0183f779d3c71e32b8d89b45d628_llog-unit.log)
  mgs-setup: PASS (81s) (log: /var/www/ci-lustre/upstream-patch-review/e20d574badcb0183f779d3c71e32b8d89b45d628_mgs-setup.log)
  sanity-1: PASS (107s) (log: /var/www/ci-lustre/upstream-patch-review/e20d574badcb0183f779d3c71e32b8d89b45d628_sanity-1.log)
  sanity-2: PASS (92s) (log: /var/www/ci-lustre/upstream-patch-review/e20d574badcb0183f779d3c71e32b8d89b45d628_sanity-2.log)
  sanity-3: PASS (103s) (log: /var/www/ci-lustre/upstream-patch-review/e20d574badcb0183f779d3c71e32b8d89b45d628_sanity-3.log)
  sanity-4: PASS (94s) (log: /var/www/ci-lustre/upstream-patch-review/e20d574badcb0183f779d3c71e32b8d89b45d628_sanity-4.log)

Total execution time: 323s
