CLI: ./podman-ktest --podman-socket unix:///run/podman/podman.sock --shared-filesystem /tmp --tarball-input job lustre-ci --output /var/www/ci-lustre/upstream-patch-review --git-hash e2b08056a4ce3a24fa2ed1cc4eefa7771e64ce14 --change-id 66208_e2b08056a4ce3a24fa2ed1cc4eefa7771e64ce14 --subject LU-20310 lov: fix remaining checkpatch.pl warnings

Environment validated successfully
Creating kernel tarball at /tmp/ktest-kernel.tar.gz...
Creating lustre tarball at /tmp/ktest-lustre.tar.gz...
Creating ZFS tarball at /tmp/ktest-zfs.tar.gz...
Executing 14 jobs
Jobs will start as soon as their dependencies are satisfied
Using tarball input mode

START al2023:al2023 build tests/fs/lustre/boot.ktest
START u24:u24 build tests/fs/lustre/boot.ktest
START ml-miscvm:lustre_mainline_native build tests/fs/lustre/boot.ktest
START ml:lustre_mainline build tests/fs/lustre/boot.ktest
START ml-strict:lustre_mainline build tests/fs/lustre/boot-strict.ktest
START checkpatch:checkpatch tool checkpatch
PUT /tmp/ktest-lustre.tar.gz 1s
PUT /tmp/ktest-lustre.tar.gz 1s
PUT /tmp/ktest-kernel.tar.gz 7s
PUT /tmp/ktest-kernel.tar.gz 7s
PUT /tmp/ktest-kernel.tar.gz 7s
PUT /tmp/ktest-kernel.tar.gz 7s
PUT /tmp/ktest-lustre.tar.gz 2s
PUT /tmp/ktest-lustre.tar.gz 2s
PUT /tmp/ktest-lustre.tar.gz 2s
PUT /tmp/ktest-lustre.tar.gz 2s
PUT /tmp/ktest-zfs.tar.gz 0s
PUT /tmp/ktest-zfs.tar.gz 0s
PUT /tmp/ktest-zfs.tar.gz 0s
END checkpatch:checkpatch tool checkpatch FAIL 12s (exit code: 1)
END al2023:al2023 build tests/fs/lustre/boot.ktest PASS 54s
END u24:u24 build tests/fs/lustre/boot.ktest PASS 54s
GET /tmp/ktest_ml-strict:lustre_mainline_p0q2si3s.tar 6s
END ml-strict:lustre_mainline build tests/fs/lustre/boot-strict.ktest FAIL 164s (exit code: 1)
GET /tmp/ktest_ml-miscvm:lustre_mainline_native_fz0qvfkb.tar 0s
GET /tmp/ktest_ml:lustre_mainline_va7uxry8.tar 0s
END ml-miscvm:lustre_mainline_native build tests/fs/lustre/boot.ktest PASS 173s
START ml-miscvm:boot run tests/fs/lustre/boot.ktest
START ml-miscvm:llmount run tests/fs/lustre/llmount.ktest
START ml-miscvm:llog-unit run tests/fs/lustre/llog-unit.ktest
START ml-miscvm:mgs-setup run tests/fs/lustre/mgs-setup.ktest
START ml-miscvm:sanity-1 run tests/fs/lustre/sanity/sanity-1.ktest
START ml-miscvm:sanity-2 run tests/fs/lustre/sanity/sanity-2.ktest
START ml-miscvm:sanity-3 run tests/fs/lustre/sanity/sanity-3.ktest
START ml-miscvm:sanity-4 run tests/fs/lustre/sanity/sanity-4.ktest
END ml:lustre_mainline build tests/fs/lustre/boot.ktest PASS 174s
PUT /tmp/ktest-kernel.tar.gz 38s
PUT /tmp/ktest-kernel.tar.gz 38s
PUT /tmp/ktest-kernel.tar.gz 38s
PUT /tmp/ktest-kernel.tar.gz 38s
PUT /tmp/ktest-kernel.tar.gz 38s
PUT /tmp/ktest-kernel.tar.gz 38s
PUT /tmp/ktest-kernel.tar.gz 38s
PUT /tmp/ktest-kernel.tar.gz 39s
PUT /tmp/ktest-lustre.tar.gz 10s
PUT /tmp/ktest-lustre.tar.gz 10s
PUT /tmp/ktest-lustre.tar.gz 10s
PUT /tmp/ktest-lustre.tar.gz 11s
PUT /tmp/ktest-lustre.tar.gz 10s
PUT /tmp/ktest-lustre.tar.gz 11s
PUT /tmp/ktest-lustre.tar.gz 10s
PUT /tmp/ktest-lustre.tar.gz 10s
PUT /tmp/ktest_ml-miscvm:lustre_mainline_native_fz0qvfkb.tar 0s
PUT /tmp/ktest_ml-miscvm:lustre_mainline_native_fz0qvfkb.tar 1s
PUT /tmp/ktest_ml-miscvm:lustre_mainline_native_fz0qvfkb.tar 1s
PUT /tmp/ktest_ml-miscvm:lustre_mainline_native_fz0qvfkb.tar 1s
PUT /tmp/ktest_ml-miscvm:lustre_mainline_native_fz0qvfkb.tar 1s
PUT /tmp/ktest_ml-miscvm:lustre_mainline_native_fz0qvfkb.tar 1s
PUT /tmp/ktest_ml-miscvm:lustre_mainline_native_fz0qvfkb.tar 1s
PUT /tmp/ktest_ml-miscvm:lustre_mainline_native_fz0qvfkb.tar 1s
END ml-miscvm:boot run tests/fs/lustre/boot.ktest PASS 94s
END ml-miscvm:mgs-setup run tests/fs/lustre/mgs-setup.ktest PASS 104s
END ml-miscvm:sanity-3 run tests/fs/lustre/sanity/sanity-3.ktest PASS 131s
END ml-miscvm:sanity-4 run tests/fs/lustre/sanity/sanity-4.ktest PASS 134s
END ml-miscvm:sanity-1 run tests/fs/lustre/sanity/sanity-1.ktest PASS 136s
END ml-miscvm:sanity-2 run tests/fs/lustre/sanity/sanity-2.ktest PASS 137s
END ml-miscvm:llmount run tests/fs/lustre/llmount.ktest PASS 145s
END ml-miscvm:llog-unit run tests/fs/lustre/llog-unit.ktest FAIL 182s (exit code: 1)

============================================================
Final Results:
  checkpatch:checkpatch: FAIL (12s) (log: /var/www/ci-lustre/upstream-patch-review/e2b08056a4ce3a24fa2ed1cc4eefa7771e64ce14_checkpatch:checkpatch.log)
  u24:u24: PASS (54s) (log: /var/www/ci-lustre/upstream-patch-review/e2b08056a4ce3a24fa2ed1cc4eefa7771e64ce14_u24:u24.log)
  al2023:al2023: PASS (54s) (log: /var/www/ci-lustre/upstream-patch-review/e2b08056a4ce3a24fa2ed1cc4eefa7771e64ce14_al2023:al2023.log)
  ml-strict:lustre_mainline: FAIL (164s) (log: /var/www/ci-lustre/upstream-patch-review/e2b08056a4ce3a24fa2ed1cc4eefa7771e64ce14_ml-strict:lustre_mainline.log)
  ml:lustre_mainline: PASS (174s) (log: /var/www/ci-lustre/upstream-patch-review/e2b08056a4ce3a24fa2ed1cc4eefa7771e64ce14_ml:lustre_mainline.log)
  ml-miscvm:lustre_mainline_native: PASS (173s) (log: /var/www/ci-lustre/upstream-patch-review/e2b08056a4ce3a24fa2ed1cc4eefa7771e64ce14_ml-miscvm:lustre_mainline_native.log)
  ml-miscvm:boot: PASS (94s) (log: /var/www/ci-lustre/upstream-patch-review/e2b08056a4ce3a24fa2ed1cc4eefa7771e64ce14_ml-miscvm:boot.log)
  ml-miscvm:llmount: PASS (145s) (log: /var/www/ci-lustre/upstream-patch-review/e2b08056a4ce3a24fa2ed1cc4eefa7771e64ce14_ml-miscvm:llmount.log)
  ml-miscvm:llog-unit: FAIL (182s) (log: /var/www/ci-lustre/upstream-patch-review/e2b08056a4ce3a24fa2ed1cc4eefa7771e64ce14_ml-miscvm:llog-unit.log)
  ml-miscvm:mgs-setup: PASS (104s) (log: /var/www/ci-lustre/upstream-patch-review/e2b08056a4ce3a24fa2ed1cc4eefa7771e64ce14_ml-miscvm:mgs-setup.log)
  ml-miscvm:sanity-1: PASS (136s) (log: /var/www/ci-lustre/upstream-patch-review/e2b08056a4ce3a24fa2ed1cc4eefa7771e64ce14_ml-miscvm:sanity-1.log)
  ml-miscvm:sanity-2: PASS (137s) (log: /var/www/ci-lustre/upstream-patch-review/e2b08056a4ce3a24fa2ed1cc4eefa7771e64ce14_ml-miscvm:sanity-2.log)
  ml-miscvm:sanity-3: PASS (131s) (log: /var/www/ci-lustre/upstream-patch-review/e2b08056a4ce3a24fa2ed1cc4eefa7771e64ce14_ml-miscvm:sanity-3.log)
  ml-miscvm:sanity-4: PASS (134s) (log: /var/www/ci-lustre/upstream-patch-review/e2b08056a4ce3a24fa2ed1cc4eefa7771e64ce14_ml-miscvm:sanity-4.log)

Total execution time: 385s
