CLI: ./podman-ktest --podman-socket unix:///run/podman/podman.sock --shared-filesystem /tmp --tarball-input job lustre-ci --output /var/www/ci-lustre/upstream-patch-review --git-hash e3455eaf939816504e2b6e7ba4f254af7754a74f --change-id 65007_e3455eaf939816504e2b6e7ba4f254af7754a74f --subject LU-20065 lmv: fix oops in lmv_tgt_seq_start()

  Checking /dev/kvm exists... OK
  Checking /dev/kvm permissions... OK
  Creating ccache directory... OK
  Checking ccache directory writable... OK

Environment validated successfully
Creating kernel tarball at /tmp/ktest-kernel.tar.gz...
Creating lustre tarball at /tmp/ktest-lustre.tar.gz...
Creating ZFS tarball at /tmp/ktest-zfs.tar.gz...
Executing 15 jobs
Jobs will start as soon as their dependencies are satisfied
Using tarball input mode

START lustre_mainline build tests/fs/lustre/boot.ktest
START lustre_mainline_native build tests/fs/lustre/boot.ktest
START checkpatch tool checkpatch
START lustre_mainline_strict build tests/fs/lustre/boot-strict.ktest
START u24 build tests/fs/lustre/boot.ktest
START al2023 build tests/fs/lustre/boot.ktest
PUT /tmp/ktest-lustre.tar.gz 2s
PUT /tmp/ktest-lustre.tar.gz 3s
PUT /tmp/ktest-kernel.tar.gz 5s
PUT /tmp/ktest-kernel.tar.gz 5s
PUT /tmp/ktest-kernel.tar.gz 5s
PUT /tmp/ktest-kernel.tar.gz 6s
PUT /tmp/ktest-lustre.tar.gz 1s
PUT /tmp/ktest-lustre.tar.gz 1s
PUT /tmp/ktest-lustre.tar.gz 1s
PUT /tmp/ktest-lustre.tar.gz 1s
PUT /tmp/ktest-zfs.tar.gz 0s
PUT /tmp/ktest-zfs.tar.gz 0s
PUT /tmp/ktest-zfs.tar.gz 0s
END checkpatch tool checkpatch PASS 9s
END al2023 build tests/fs/lustre/boot.ktest PASS 64s
END u24 build tests/fs/lustre/boot.ktest PASS 64s
GET /tmp/ktest_lustre_mainline_ln4o75u_.tar 7s
GET /tmp/ktest_lustre_mainline_native_61k7apsy.tar 7s
GET /tmp/ktest_lustre_mainline_strict_f4atyloq.tar 8s
END lustre_mainline build tests/fs/lustre/boot.ktest FAIL 116s (exit code: 1)
END lustre_mainline_native build tests/fs/lustre/boot.ktest FAIL 119s (exit code: 1)
END lustre_mainline_strict build tests/fs/lustre/boot-strict.ktest FAIL 121s (exit code: 1)

============================================================
Final Results:
  checkpatch: PASS (9s) (log: /var/www/ci-lustre/upstream-patch-review/e3455eaf939816504e2b6e7ba4f254af7754a74f_checkpatch.log)
  u24: PASS (64s) (log: /var/www/ci-lustre/upstream-patch-review/e3455eaf939816504e2b6e7ba4f254af7754a74f_u24.log)
  al2023: PASS (64s) (log: /var/www/ci-lustre/upstream-patch-review/e3455eaf939816504e2b6e7ba4f254af7754a74f_al2023.log)
  lustre_mainline_strict: FAIL (121s) (log: /var/www/ci-lustre/upstream-patch-review/e3455eaf939816504e2b6e7ba4f254af7754a74f_lustre_mainline_strict.log)
  lustre_mainline: FAIL (116s) (log: /var/www/ci-lustre/upstream-patch-review/e3455eaf939816504e2b6e7ba4f254af7754a74f_lustre_mainline.log)
  lustre_mainline_native: FAIL (119s) (log: /var/www/ci-lustre/upstream-patch-review/e3455eaf939816504e2b6e7ba4f254af7754a74f_lustre_mainline_native.log)
  clang-tidy: SKIPPED (due to dependency failure)
  cc-plugin: SKIPPED (due to dependency failure)
  boot: SKIPPED (due to dependency failure)
  llmount: SKIPPED (due to dependency failure)
  mgs-setup: SKIPPED (due to dependency failure)
  sanity-1: SKIPPED (due to dependency failure)
  sanity-2: SKIPPED (due to dependency failure)
  sanity-3: SKIPPED (due to dependency failure)
  sanity-4: SKIPPED (due to dependency failure)

Total execution time: 152s
