CLI: ./podman-ktest --podman-socket unix:///run/podman/podman.sock --shared-filesystem /tmp --tarball-input job lustre-ci --output /var/www/ci-lustre/upstream-patch-review --git-hash e35c852677b65cb41df0c59f93723d6ab172a4d0 --change-id 65064_e35c852677b65cb41df0c59f93723d6ab172a4d0 --subject LU-19921 target: move target tunables to tgt_lproc.c

  Checking /dev/kvm exists... OK
  Checking /dev/kvm permissions... OK
  Creating ccache directory... OK
  Checking ccache directory writable... OK
  Creating package output directory... OK

Environment validated successfully
Creating kernel tarball at /tmp/ktest-kernel.tar.gz...
Creating lustre tarball at /tmp/ktest-lustre.tar.gz...
Creating ZFS tarball at /tmp/ktest-zfs.tar.gz...
Executing 13 jobs
Jobs will start as soon as their dependencies are satisfied
Using tarball input mode

START lustre_mainline_strict build tests/fs/lustre/boot-strict.ktest
START lustre_mainline_native build tests/fs/lustre/boot.ktest
START lustre_mainline build tests/fs/lustre/boot.ktest
START al2023 build tests/fs/lustre/boot.ktest
START checkpatch tool checkpatch
START u24 build tests/fs/lustre/boot.ktest
PUT /tmp/ktest-lustre.tar.gz 1s
PUT /tmp/ktest-lustre.tar.gz 1s
PUT /tmp/ktest-kernel.tar.gz 7s
PUT /tmp/ktest-kernel.tar.gz 7s
PUT /tmp/ktest-kernel.tar.gz 7s
PUT /tmp/ktest-kernel.tar.gz 7s
PUT /tmp/ktest-lustre.tar.gz 3s
PUT /tmp/ktest-lustre.tar.gz 3s
PUT /tmp/ktest-lustre.tar.gz 3s
PUT /tmp/ktest-lustre.tar.gz 3s
PUT /tmp/ktest-zfs.tar.gz 0s
PUT /tmp/ktest-zfs.tar.gz 0s
PUT /tmp/ktest-zfs.tar.gz 0s
END checkpatch tool checkpatch FAIL 14s (exit code: 1)
END al2023 build tests/fs/lustre/boot.ktest PASS 62s
END u24 build tests/fs/lustre/boot.ktest PASS 73s
GET /tmp/ktest_lustre_mainline_strict_si2g68v9.tar 6s
END lustre_mainline_strict build tests/fs/lustre/boot-strict.ktest FAIL 175s (exit code: 1)
GET /tmp/ktest_lustre_mainline_955_0ohf.tar 0s
GET /tmp/ktest_lustre_mainline_native_ku4y132b.tar 0s
END lustre_mainline build tests/fs/lustre/boot.ktest PASS 189s
END lustre_mainline_native build tests/fs/lustre/boot.ktest PASS 191s
START boot run tests/fs/lustre/boot.ktest
START llmount run tests/fs/lustre/llmount.ktest
START mgs-setup run tests/fs/lustre/mgs-setup.ktest
START sanity-1 run tests/fs/lustre/sanity/sanity-1.ktest
START sanity-2 run tests/fs/lustre/sanity/sanity-2.ktest
START sanity-3 run tests/fs/lustre/sanity/sanity-3.ktest
START sanity-4 run tests/fs/lustre/sanity/sanity-4.ktest
PUT /tmp/ktest-kernel.tar.gz 28s
PUT /tmp/ktest-kernel.tar.gz 28s
PUT /tmp/ktest-kernel.tar.gz 28s
PUT /tmp/ktest-kernel.tar.gz 28s
PUT /tmp/ktest-kernel.tar.gz 28s
PUT /tmp/ktest-kernel.tar.gz 28s
PUT /tmp/ktest-kernel.tar.gz 28s
PUT /tmp/ktest-lustre.tar.gz 6s
PUT /tmp/ktest-lustre.tar.gz 6s
PUT /tmp/ktest-lustre.tar.gz 6s
PUT /tmp/ktest-lustre.tar.gz 6s
PUT /tmp/ktest-lustre.tar.gz 7s
PUT /tmp/ktest-lustre.tar.gz 6s
PUT /tmp/ktest-lustre.tar.gz 6s
PUT /tmp/ktest_lustre_mainline_native_ku4y132b.tar 0s
PUT /tmp/ktest_lustre_mainline_native_ku4y132b.tar 1s
PUT /tmp/ktest_lustre_mainline_native_ku4y132b.tar 1s
PUT /tmp/ktest_lustre_mainline_native_ku4y132b.tar 1s
PUT /tmp/ktest_lustre_mainline_native_ku4y132b.tar 1s
PUT /tmp/ktest_lustre_mainline_native_ku4y132b.tar 1s
PUT /tmp/ktest_lustre_mainline_native_ku4y132b.tar 1s
END boot run tests/fs/lustre/boot.ktest PASS 76s
END mgs-setup run tests/fs/lustre/mgs-setup.ktest FAIL 85s (exit code: 1)
END llmount run tests/fs/lustre/llmount.ktest FAIL 87s (exit code: 1)
END sanity-4 run tests/fs/lustre/sanity/sanity-4.ktest FAIL 88s (exit code: 1)
END sanity-1 run tests/fs/lustre/sanity/sanity-1.ktest PASS 114s
END sanity-3 run tests/fs/lustre/sanity/sanity-3.ktest PASS 115s
END sanity-2 run tests/fs/lustre/sanity/sanity-2.ktest PASS 126s

============================================================
Final Results:
  checkpatch: FAIL (14s) (log: /var/www/ci-lustre/upstream-patch-review/e35c852677b65cb41df0c59f93723d6ab172a4d0_checkpatch.log)
  u24: PASS (73s) (log: /var/www/ci-lustre/upstream-patch-review/e35c852677b65cb41df0c59f93723d6ab172a4d0_u24.log)
  al2023: PASS (62s) (log: /var/www/ci-lustre/upstream-patch-review/e35c852677b65cb41df0c59f93723d6ab172a4d0_al2023.log)
  lustre_mainline_strict: FAIL (175s) (log: /var/www/ci-lustre/upstream-patch-review/e35c852677b65cb41df0c59f93723d6ab172a4d0_lustre_mainline_strict.log)
  lustre_mainline: PASS (189s) (log: /var/www/ci-lustre/upstream-patch-review/e35c852677b65cb41df0c59f93723d6ab172a4d0_lustre_mainline.log)
  lustre_mainline_native: PASS (191s) (log: /var/www/ci-lustre/upstream-patch-review/e35c852677b65cb41df0c59f93723d6ab172a4d0_lustre_mainline_native.log)
  boot: PASS (76s) (log: /var/www/ci-lustre/upstream-patch-review/e35c852677b65cb41df0c59f93723d6ab172a4d0_boot.log)
  llmount: FAIL (87s) (log: /var/www/ci-lustre/upstream-patch-review/e35c852677b65cb41df0c59f93723d6ab172a4d0_llmount.log)
  mgs-setup: FAIL (85s) (log: /var/www/ci-lustre/upstream-patch-review/e35c852677b65cb41df0c59f93723d6ab172a4d0_mgs-setup.log)
  sanity-1: PASS (114s) (log: /var/www/ci-lustre/upstream-patch-review/e35c852677b65cb41df0c59f93723d6ab172a4d0_sanity-1.log)
  sanity-2: PASS (126s) (log: /var/www/ci-lustre/upstream-patch-review/e35c852677b65cb41df0c59f93723d6ab172a4d0_sanity-2.log)
  sanity-3: PASS (115s) (log: /var/www/ci-lustre/upstream-patch-review/e35c852677b65cb41df0c59f93723d6ab172a4d0_sanity-3.log)
  sanity-4: FAIL (88s) (log: /var/www/ci-lustre/upstream-patch-review/e35c852677b65cb41df0c59f93723d6ab172a4d0_sanity-4.log)

Total execution time: 346s
