CLI: ./podman-ktest --podman-socket unix:///run/podman/podman.sock --shared-filesystem /tmp --tarball-input job lustre-ci --output /var/www/ci-lustre/upstream-patch-review --git-hash e390456683581b9576d5bdc8879b424cad06de79 --change-id 63820_e390456683581b9576d5bdc8879b424cad06de79 --subject LU-19841 mdt: reset md_packed after buffer shrink

  Checking /dev/kvm exists... OK
  Checking /dev/kvm permissions... OK
  Creating ccache directory... OK
  Checking ccache directory writable... OK

Environment validated successfully
Creating kernel tarball at /tmp/ktest-kernel.tar.gz...
Creating lustre tarball at /tmp/ktest-lustre.tar.gz...
Executing 16 jobs
Jobs will start as soon as their dependencies are satisfied
Using tarball input mode

START lustre_al2023 build tests/fs/lustre/boot.ktest
START lustre_mainline_native build tests/fs/lustre/boot.ktest
START lustre_mainline_strict build tests/fs/lustre/boot-strict.ktest
START checkpatch tool checkpatch
START lustre_u24 build tests/fs/lustre/boot.ktest
START lustre_mainline build tests/fs/lustre/boot.ktest
PUT /tmp/ktest-kernel.tar.gz 9s
PUT /tmp/ktest-kernel.tar.gz 9s
PUT /tmp/ktest-kernel.tar.gz 9s
PUT /tmp/ktest-kernel.tar.gz 10s
PUT /tmp/ktest-kernel.tar.gz 10s
PUT /tmp/ktest-kernel.tar.gz 10s
PUT /tmp/ktest-lustre.tar.gz 3s
PUT /tmp/ktest-lustre.tar.gz 3s
PUT /tmp/ktest-lustre.tar.gz 3s
PUT /tmp/ktest-lustre.tar.gz 3s
PUT /tmp/ktest-lustre.tar.gz 4s
PUT /tmp/ktest-lustre.tar.gz 3s
END checkpatch tool checkpatch PASS 15s
END lustre_al2023 build tests/fs/lustre/boot.ktest PASS 74s
END lustre_u24 build tests/fs/lustre/boot.ktest PASS 75s
GET /tmp/ktest_lustre_mainline_strict__er041c3.tar 4s
END lustre_mainline_strict build tests/fs/lustre/boot-strict.ktest FAIL 119s (exit code: 1)
GET /tmp/ktest_lustre_mainline_n1tu3256.tar 3s
GET /tmp/ktest_lustre_mainline_native_7e456lic.tar 3s
END lustre_mainline build tests/fs/lustre/boot.ktest PASS 132s
END lustre_mainline_native build tests/fs/lustre/boot.ktest PASS 133s
START clang-tidy tool clang-tidy
START cc-plugin tool cc-plugin
START boot run tests/fs/lustre/boot.ktest
START llmount run tests/fs/lustre/llmount.ktest
START llog-unit run tests/fs/lustre/llog-unit.ktest
START mgs-setup run tests/fs/lustre/mgs-setup.ktest
START sanity-1 run tests/fs/lustre/sanity/sanity-1.ktest
START sanity-2 run tests/fs/lustre/sanity/sanity-2.ktest
START sanity-3 run tests/fs/lustre/sanity/sanity-3.ktest
START sanity-4 run tests/fs/lustre/sanity/sanity-4.ktest
PUT /tmp/ktest-kernel.tar.gz 15s
PUT /tmp/ktest_lustre_mainline_native_7e456lic.tar 21s
PUT /tmp/ktest_lustre_mainline_native_7e456lic.tar 21s
PUT /tmp/ktest_lustre_mainline_native_7e456lic.tar 21s
PUT /tmp/ktest_lustre_mainline_native_7e456lic.tar 21s
PUT /tmp/ktest_lustre_mainline_native_7e456lic.tar 21s
PUT /tmp/ktest_lustre_mainline_native_7e456lic.tar 21s
PUT /tmp/ktest_lustre_mainline_native_7e456lic.tar 21s
PUT /tmp/ktest_lustre_mainline_native_7e456lic.tar 21s
PUT /tmp/ktest-kernel.tar.gz 21s
PUT /tmp/ktest-lustre.tar.gz 52s
PUT /tmp/ktest-lustre.tar.gz 51s
PUT /tmp/ktest_lustre_mainline_native_7e456lic.tar 9s
PUT /tmp/ktest_lustre_mainline_native_7e456lic.tar 14s
END cc-plugin tool cc-plugin FAIL 85s (exit code: 127)
END boot run tests/fs/lustre/boot.ktest PASS 93s
END clang-tidy tool clang-tidy PASS 102s
END sanity-3 run tests/fs/lustre/sanity/sanity-3.ktest PASS 107s
END mgs-setup run tests/fs/lustre/mgs-setup.ktest PASS 108s
END sanity-4 run tests/fs/lustre/sanity/sanity-4.ktest PASS 111s
END sanity-2 run tests/fs/lustre/sanity/sanity-2.ktest PASS 116s
END sanity-1 run tests/fs/lustre/sanity/sanity-1.ktest PASS 125s
END llmount run tests/fs/lustre/llmount.ktest PASS 169s
END llog-unit run tests/fs/lustre/llog-unit.ktest PASS 187s

============================================================
Final Results:
  checkpatch: PASS (15s) (log: /var/www/ci-lustre/upstream-patch-review/e390456683581b9576d5bdc8879b424cad06de79_checkpatch.log)
  lustre_u24: PASS (75s) (log: /var/www/ci-lustre/upstream-patch-review/e390456683581b9576d5bdc8879b424cad06de79_lustre_u24.log)
  lustre_al2023: PASS (74s) (log: /var/www/ci-lustre/upstream-patch-review/e390456683581b9576d5bdc8879b424cad06de79_lustre_al2023.log)
  lustre_mainline_strict: FAIL (119s) (log: /var/www/ci-lustre/upstream-patch-review/e390456683581b9576d5bdc8879b424cad06de79_lustre_mainline_strict.log)
  lustre_mainline: PASS (132s) (log: /var/www/ci-lustre/upstream-patch-review/e390456683581b9576d5bdc8879b424cad06de79_lustre_mainline.log)
  lustre_mainline_native: PASS (133s) (log: /var/www/ci-lustre/upstream-patch-review/e390456683581b9576d5bdc8879b424cad06de79_lustre_mainline_native.log)
  clang-tidy: PASS (102s) (log: /var/www/ci-lustre/upstream-patch-review/e390456683581b9576d5bdc8879b424cad06de79_clang-tidy.log)
  cc-plugin: FAIL (85s) (log: /var/www/ci-lustre/upstream-patch-review/e390456683581b9576d5bdc8879b424cad06de79_cc-plugin.log)
  boot: PASS (93s) (log: /var/www/ci-lustre/upstream-patch-review/e390456683581b9576d5bdc8879b424cad06de79_boot.log)
  llmount: PASS (169s) (log: /var/www/ci-lustre/upstream-patch-review/e390456683581b9576d5bdc8879b424cad06de79_llmount.log)
  llog-unit: PASS (187s) (log: /var/www/ci-lustre/upstream-patch-review/e390456683581b9576d5bdc8879b424cad06de79_llog-unit.log)
  mgs-setup: PASS (108s) (log: /var/www/ci-lustre/upstream-patch-review/e390456683581b9576d5bdc8879b424cad06de79_mgs-setup.log)
  sanity-1: PASS (125s) (log: /var/www/ci-lustre/upstream-patch-review/e390456683581b9576d5bdc8879b424cad06de79_sanity-1.log)
  sanity-2: PASS (116s) (log: /var/www/ci-lustre/upstream-patch-review/e390456683581b9576d5bdc8879b424cad06de79_sanity-2.log)
  sanity-3: PASS (107s) (log: /var/www/ci-lustre/upstream-patch-review/e390456683581b9576d5bdc8879b424cad06de79_sanity-3.log)
  sanity-4: PASS (111s) (log: /var/www/ci-lustre/upstream-patch-review/e390456683581b9576d5bdc8879b424cad06de79_sanity-4.log)

Total execution time: 351s
