CLI: ./podman-ktest --podman-socket unix:///run/podman/podman.sock --shared-filesystem /tmp --tarball-input job lustre-ci --output /var/www/ci-lustre/upstream-patch-review --git-hash e4026fd1072a94ddde764a5b284b198c9b9b33fa --change-id 58613_e4026fd1072a94ddde764a5b284b198c9b9b33fa --subject LU-18876 build: copy-builtin

  Checking /dev/kvm exists... OK
  Checking /dev/kvm permissions... OK
  Creating ccache directory... OK
  Checking ccache directory writable... OK

Environment validated successfully
Creating kernel tarball at /tmp/ktest-kernel.tar.gz...
Creating lustre tarball at /tmp/ktest-lustre.tar.gz...
Executing 16 jobs
Jobs will start as soon as their dependencies are satisfied
Using tarball input mode

START al2023 build tests/fs/lustre/boot.ktest
START lustre_mainline build tests/fs/lustre/boot.ktest
START checkpatch tool checkpatch
START u24 build tests/fs/lustre/boot.ktest
START lustre_mainline_strict build tests/fs/lustre/boot-strict.ktest
START lustre_mainline_native build tests/fs/lustre/boot.ktest
PUT /tmp/ktest-lustre.tar.gz 1s
PUT /tmp/ktest-lustre.tar.gz 1s
PUT /tmp/ktest-kernel.tar.gz 6s
PUT /tmp/ktest-kernel.tar.gz 6s
PUT /tmp/ktest-kernel.tar.gz 6s
PUT /tmp/ktest-kernel.tar.gz 6s
PUT /tmp/ktest-lustre.tar.gz 1s
PUT /tmp/ktest-lustre.tar.gz 1s
PUT /tmp/ktest-lustre.tar.gz 1s
PUT /tmp/ktest-lustre.tar.gz 1s
END checkpatch tool checkpatch FAIL 10s (exit code: 1)
END al2023 build tests/fs/lustre/boot.ktest PASS 56s
END u24 build tests/fs/lustre/boot.ktest PASS 58s
GET /tmp/ktest_lustre_mainline_7c9owk9x.tar 4s
GET /tmp/ktest_lustre_mainline_native_vqmj0lpm.tar 4s
GET /tmp/ktest_lustre_mainline_strict_634tgs2u.tar 6s
END lustre_mainline build tests/fs/lustre/boot.ktest PASS 118s
END lustre_mainline_native build tests/fs/lustre/boot.ktest PASS 119s
START clang-tidy tool clang-tidy
START cc-plugin tool cc-plugin
START boot run tests/fs/lustre/boot.ktest
START llmount run tests/fs/lustre/llmount.ktest
START llog-unit run tests/fs/lustre/llog-unit.ktest
START mgs-setup run tests/fs/lustre/mgs-setup.ktest
START sanity-1 run tests/fs/lustre/sanity/sanity-1.ktest
START sanity-2 run tests/fs/lustre/sanity/sanity-2.ktest
START sanity-3 run tests/fs/lustre/sanity/sanity-3.ktest
START sanity-4 run tests/fs/lustre/sanity/sanity-4.ktest
END lustre_mainline_strict build tests/fs/lustre/boot-strict.ktest FAIL 121s (exit code: 1)
PUT /tmp/ktest-kernel.tar.gz 14s
PUT /tmp/ktest_lustre_mainline_native_vqmj0lpm.tar 18s
PUT /tmp/ktest_lustre_mainline_native_vqmj0lpm.tar 18s
PUT /tmp/ktest_lustre_mainline_native_vqmj0lpm.tar 18s
PUT /tmp/ktest-kernel.tar.gz 18s
PUT /tmp/ktest_lustre_mainline_native_vqmj0lpm.tar 18s
PUT /tmp/ktest_lustre_mainline_native_vqmj0lpm.tar 18s
PUT /tmp/ktest_lustre_mainline_native_vqmj0lpm.tar 18s
PUT /tmp/ktest_lustre_mainline_native_vqmj0lpm.tar 18s
PUT /tmp/ktest_lustre_mainline_native_vqmj0lpm.tar 18s
PUT /tmp/ktest-lustre.tar.gz 32s
PUT /tmp/ktest-lustre.tar.gz 33s
PUT /tmp/ktest_lustre_mainline_native_vqmj0lpm.tar 9s
PUT /tmp/ktest_lustre_mainline_native_vqmj0lpm.tar 3s
END cc-plugin tool cc-plugin FAIL 60s (exit code: 127)
END boot run tests/fs/lustre/boot.ktest PASS 79s
END clang-tidy tool clang-tidy PASS 80s
END mgs-setup run tests/fs/lustre/mgs-setup.ktest PASS 84s
END sanity-1 run tests/fs/lustre/sanity/sanity-1.ktest PASS 94s
END sanity-2 run tests/fs/lustre/sanity/sanity-2.ktest PASS 96s
END sanity-3 run tests/fs/lustre/sanity/sanity-3.ktest PASS 97s
END sanity-4 run tests/fs/lustre/sanity/sanity-4.ktest PASS 107s
END llmount run tests/fs/lustre/llmount.ktest PASS 158s
END llog-unit run tests/fs/lustre/llog-unit.ktest PASS 170s

============================================================
Final Results:
  checkpatch: FAIL (10s) (log: /var/www/ci-lustre/upstream-patch-review/e4026fd1072a94ddde764a5b284b198c9b9b33fa_checkpatch.log)
  u24: PASS (58s) (log: /var/www/ci-lustre/upstream-patch-review/e4026fd1072a94ddde764a5b284b198c9b9b33fa_u24.log)
  al2023: PASS (56s) (log: /var/www/ci-lustre/upstream-patch-review/e4026fd1072a94ddde764a5b284b198c9b9b33fa_al2023.log)
  lustre_mainline_strict: FAIL (121s) (log: /var/www/ci-lustre/upstream-patch-review/e4026fd1072a94ddde764a5b284b198c9b9b33fa_lustre_mainline_strict.log)
  lustre_mainline: PASS (118s) (log: /var/www/ci-lustre/upstream-patch-review/e4026fd1072a94ddde764a5b284b198c9b9b33fa_lustre_mainline.log)
  lustre_mainline_native: PASS (119s) (log: /var/www/ci-lustre/upstream-patch-review/e4026fd1072a94ddde764a5b284b198c9b9b33fa_lustre_mainline_native.log)
  clang-tidy: PASS (80s) (log: /var/www/ci-lustre/upstream-patch-review/e4026fd1072a94ddde764a5b284b198c9b9b33fa_clang-tidy.log)
  cc-plugin: FAIL (60s) (log: /var/www/ci-lustre/upstream-patch-review/e4026fd1072a94ddde764a5b284b198c9b9b33fa_cc-plugin.log)
  boot: PASS (79s) (log: /var/www/ci-lustre/upstream-patch-review/e4026fd1072a94ddde764a5b284b198c9b9b33fa_boot.log)
  llmount: PASS (158s) (log: /var/www/ci-lustre/upstream-patch-review/e4026fd1072a94ddde764a5b284b198c9b9b33fa_llmount.log)
  llog-unit: PASS (170s) (log: /var/www/ci-lustre/upstream-patch-review/e4026fd1072a94ddde764a5b284b198c9b9b33fa_llog-unit.log)
  mgs-setup: PASS (84s) (log: /var/www/ci-lustre/upstream-patch-review/e4026fd1072a94ddde764a5b284b198c9b9b33fa_mgs-setup.log)
  sanity-1: PASS (94s) (log: /var/www/ci-lustre/upstream-patch-review/e4026fd1072a94ddde764a5b284b198c9b9b33fa_sanity-1.log)
  sanity-2: PASS (96s) (log: /var/www/ci-lustre/upstream-patch-review/e4026fd1072a94ddde764a5b284b198c9b9b33fa_sanity-2.log)
  sanity-3: PASS (97s) (log: /var/www/ci-lustre/upstream-patch-review/e4026fd1072a94ddde764a5b284b198c9b9b33fa_sanity-3.log)
  sanity-4: PASS (107s) (log: /var/www/ci-lustre/upstream-patch-review/e4026fd1072a94ddde764a5b284b198c9b9b33fa_sanity-4.log)

Total execution time: 321s
