CLI: ./podman-ktest --podman-socket unix:///run/podman/podman.sock --shared-filesystem /tmp --tarball-input job lustre-ci --output /var/www/ci-lustre/upstream-patch-review --git-hash e4bd1c5a00da44f3287dcbf5bb17e41d0ed44d9b --change-id 67074_e4bd1c5a00da44f3287dcbf5bb17e41d0ed44d9b --subject LU-20452 gss: do not require reverse DNS for SK/null mechs

Environment validated successfully
Creating kernel tarball at /tmp/ktest-kernel.tar.gz...
Creating lustre tarball at /tmp/ktest-lustre.tar.gz...
Creating ZFS tarball at /tmp/ktest-zfs.tar.gz...
Executing 14 jobs
Jobs will start as soon as their dependencies are satisfied
Using tarball input mode

START checkpatch:checkpatch tool checkpatch
START ml:lustre_mainline build tests/fs/lustre/boot.ktest
START ml-strict:lustre_mainline build tests/fs/lustre/boot-strict.ktest
START u24:u24 build tests/fs/lustre/boot.ktest
START ml-miscvm:lustre_mainline_native build tests/fs/lustre/boot.ktest
START al2023:al2023 build tests/fs/lustre/boot.ktest
PUT /tmp/ktest-lustre.tar.gz 2s
PUT /tmp/ktest-lustre.tar.gz 3s
PUT /tmp/ktest-kernel.tar.gz 6s
PUT /tmp/ktest-kernel.tar.gz 6s
PUT /tmp/ktest-kernel.tar.gz 6s
PUT /tmp/ktest-kernel.tar.gz 6s
PUT /tmp/ktest-lustre.tar.gz 3s
PUT /tmp/ktest-lustre.tar.gz 3s
PUT /tmp/ktest-lustre.tar.gz 3s
PUT /tmp/ktest-lustre.tar.gz 3s
PUT /tmp/ktest-zfs.tar.gz 1s
PUT /tmp/ktest-zfs.tar.gz 1s
PUT /tmp/ktest-zfs.tar.gz 1s
END checkpatch:checkpatch tool checkpatch PASS 13s
END al2023:al2023 build tests/fs/lustre/boot.ktest PASS 67s
END u24:u24 build tests/fs/lustre/boot.ktest PASS 79s
GET /tmp/ktest_ml-miscvm:lustre_mainline_native_erbwb3b8.tar 5s
GET /tmp/ktest_ml:lustre_mainline_773uzgyj.tar 5s
GET /tmp/ktest_ml-strict:lustre_mainline_p_dn83x7.tar 5s
END ml-miscvm:lustre_mainline_native build tests/fs/lustre/boot.ktest FAIL 159s (exit code: 1)
END ml:lustre_mainline build tests/fs/lustre/boot.ktest FAIL 161s (exit code: 1)
END ml-strict:lustre_mainline build tests/fs/lustre/boot-strict.ktest FAIL 162s (exit code: 1)

============================================================
Final Results:
  checkpatch:checkpatch: PASS (13s) (log: /var/www/ci-lustre/upstream-patch-review/e4bd1c5a00da44f3287dcbf5bb17e41d0ed44d9b_checkpatch:checkpatch.log)
  u24:u24: PASS (79s) (log: /var/www/ci-lustre/upstream-patch-review/e4bd1c5a00da44f3287dcbf5bb17e41d0ed44d9b_u24:u24.log)
  al2023:al2023: PASS (67s) (log: /var/www/ci-lustre/upstream-patch-review/e4bd1c5a00da44f3287dcbf5bb17e41d0ed44d9b_al2023:al2023.log)
  ml-strict:lustre_mainline: FAIL (162s) (log: /var/www/ci-lustre/upstream-patch-review/e4bd1c5a00da44f3287dcbf5bb17e41d0ed44d9b_ml-strict:lustre_mainline.log)
  ml:lustre_mainline: FAIL (161s) (log: /var/www/ci-lustre/upstream-patch-review/e4bd1c5a00da44f3287dcbf5bb17e41d0ed44d9b_ml:lustre_mainline.log)
  ml-miscvm:lustre_mainline_native: FAIL (159s) (log: /var/www/ci-lustre/upstream-patch-review/e4bd1c5a00da44f3287dcbf5bb17e41d0ed44d9b_ml-miscvm:lustre_mainline_native.log)
  ml-miscvm:boot: SKIPPED (due to dependency failure)
  ml-miscvm:llmount: SKIPPED (due to dependency failure)
  ml-miscvm:llog-unit: SKIPPED (due to dependency failure)
  ml-miscvm:mgs-setup: SKIPPED (due to dependency failure)
  ml-miscvm:sanity-1: SKIPPED (due to dependency failure)
  ml-miscvm:sanity-2: SKIPPED (due to dependency failure)
  ml-miscvm:sanity-3: SKIPPED (due to dependency failure)
  ml-miscvm:sanity-4: SKIPPED (due to dependency failure)

Total execution time: 192s
