Repository: /home/ktest/git/lustre-release

============================================================
                 Top Contributors (Names)
============================================================

=== Last month (since 1 month ago) ===
     24 Andreas Dilger
     17 Arshad Hussain
      8 Alex Zhuravlev
      7 Abdul Halim
      6 Timothy Day
      6 Ronnie Sahlberg
      6 Patrick Farrell
      6 Jian Yu
      5 Xiao Yang
      5 Sohei Koyama

=== Last 3 months (since 3 months ago) ===
     54 Arshad Hussain
     44 Andreas Dilger
     30 Timothy Day
     24 Alex Zhuravlev
     17 Shaun Tancheff
     12 Xiao Yang
     12 James Simmons
     11 Sohei Koyama
     11 Sebastien Buisson
      9 Patrick Farrell

=== Last year (since 1 year ago) ===
    151 Arshad Hussain
    115 Timothy Day
    111 Andreas Dilger
     63 Alex Zhuravlev
     61 Jian Yu
     58 Shaun Tancheff
     55 Sebastien Buisson
     55 Patrick Farrell
     51 James Simmons
     49 Marc Vef

=== Last 3 years (since 3 years ago) ===
    395 Arshad Hussain
    365 Timothy Day
    286 Andreas Dilger
    225 Shaun Tancheff
    187 Sebastien Buisson
    183 James Simmons
    177 Jian Yu
    170 Patrick Farrell
    164 Alex Zhuravlev
    104 Chris Horn


============================================================
          Top Contributors by Email Domain
============================================================

=== Last month (since 1 month ago) ===
     46 whamcloud.com
     26 thelustrecollective.com
     26 ddn.com
     17 aeoncomputing.com
     13 hpe.com
      7 openchip.com
      5 infradead.org
      4 amazon.com
      3 cea.fr
      2 nvidia.com

=== Last 3 months (since 3 months ago) ===
     82 whamcloud.com
     58 ddn.com
     54 aeoncomputing.com
     47 thelustrecollective.com
     37 hpe.com
     29 amazon.com
     12 infradead.org
      7 openchip.com
      6 cea.fr
      4 nvidia.com

=== Last year (since 1 year ago) ===
    467 whamcloud.com
    166 ddn.com
    151 aeoncomputing.com
    150 hpe.com
    122 amazon.com
     53 thelustrecollective.com
     51 infradead.org
     15 nvidia.com
     13 gmail.com
     11 cea.fr

=== Last 3 years (since 3 years ago) ===
   1362 whamcloud.com
    515 hpe.com
    485 ddn.com
    395 aeoncomputing.com
    375 amazon.com
    183 infradead.org
     57 cea.fr
     56 thelustrecollective.com
     51 suse.de
     42 nvidia.com


============================================================
                 Top Reviewers (Names)
============================================================

=== Last month (since 1 month ago) ===
    150 Oleg Drokin
    104 Andreas Dilger
     51 James Simmons
     22 Arshad Hussain
     14 Timothy Day
     11 Marc Vef
     11 Anjus George
     10 Sebastien Buisson
     10 Jian Yu
      9 Maximilian Dilger

=== Last 3 months (since 3 months ago) ===
    344 Oleg Drokin
    251 Andreas Dilger
    128 James Simmons
     61 Arshad Hussain
     35 Timothy Day
     35 Anjus George
     31 Jian Yu
     25 Shaun Tancheff
     21 Marc Vef
     21 Alex Zhuravlev

=== Last year (since 1 year ago) ===
   1188 Oleg Drokin
    806 Andreas Dilger
    321 James Simmons
    164 Arshad Hussain
    123 Timothy Day
    120 Marc Vef
    107 Anjus George
     98 Jian Yu
     91 Sebastien Buisson
     79 Shaun Tancheff

=== Last 3 years (since 3 years ago) ===
   3565 Oleg Drokin
   2350 Andreas Dilger
    914 James Simmons
    510 Arshad Hussain
    441 Timothy Day
    286 Jian Yu
    241 Sebastien Buisson
    210 Shaun Tancheff
    171 Chris Horn
    166 Alex Zhuravlev


============================================================
           Top Reviewers by Email Domain
============================================================

=== Last month (since 1 month ago) ===
    219 whamcloud.com
    126 thelustrecollective.com
     51 infradead.org
     38 ddn.com
     22 hpe.com
     22 aeoncomputing.com
     11 ornl.gov
      3 cea.fr
      2 nvidia.com
      2 gmail.com

=== Last 3 months (since 3 months ago) ===
    500 whamcloud.com
    275 thelustrecollective.com
    128 infradead.org
     62 hpe.com
     61 aeoncomputing.com
     60 ddn.com
     35 ornl.gov
     16 amazon.com
      9 gmail.com
      4 cea.fr

=== Last year (since 1 year ago) ===
   2178 whamcloud.com
    401 thelustrecollective.com
    321 infradead.org
    278 ddn.com
    241 hpe.com
    164 aeoncomputing.com
    131 amazon.com
    107 ornl.gov
     43 dilger.ca
     17 gmail.com

=== Last 3 years (since 3 years ago) ===
   7151 whamcloud.com
    960 infradead.org
    842 hpe.com
    781 ddn.com
    510 aeoncomputing.com
    465 amazon.com
    401 thelustrecollective.com
    124 ornl.gov
    104 nvidia.com
     94 suse.de

