CLI: ./podman-ktest --podman-socket unix:///run/podman/podman.sock --shared-filesystem /tmp --tarball-input job lustre-ci --output /var/www/ci-lustre/upstream-patch-review --git-hash e5de25a627fdc742ca0b12a2afa6b85c1528ddbc --change-id 63809_e5de25a627fdc742ca0b12a2afa6b85c1528ddbc --subject LU-19852 lod: raidset aware stripe allocator

  Checking /dev/kvm exists... OK
  Checking /dev/kvm permissions... OK
  Creating ccache directory... OK
  Checking ccache directory writable... OK

Environment validated successfully
Creating kernel tarball at /tmp/ktest-kernel.tar.gz...
Creating lustre tarball at /tmp/ktest-lustre.tar.gz...
Creating ZFS tarball at /tmp/ktest-zfs.tar.gz...
Executing 13 jobs
Jobs will start as soon as their dependencies are satisfied
Using tarball input mode

START al2023 build tests/fs/lustre/boot.ktest
START checkpatch tool checkpatch
START lustre_mainline build tests/fs/lustre/boot.ktest
START u24 build tests/fs/lustre/boot.ktest
START lustre_mainline_strict build tests/fs/lustre/boot-strict.ktest
START lustre_mainline_native build tests/fs/lustre/boot.ktest
PUT /tmp/ktest-lustre.tar.gz 1s
PUT /tmp/ktest-lustre.tar.gz 1s
PUT /tmp/ktest-kernel.tar.gz 6s
PUT /tmp/ktest-kernel.tar.gz 6s
PUT /tmp/ktest-kernel.tar.gz 6s
PUT /tmp/ktest-kernel.tar.gz 6s
PUT /tmp/ktest-lustre.tar.gz 1s
PUT /tmp/ktest-lustre.tar.gz 1s
PUT /tmp/ktest-lustre.tar.gz 1s
PUT /tmp/ktest-lustre.tar.gz 1s
PUT /tmp/ktest-zfs.tar.gz 0s
PUT /tmp/ktest-zfs.tar.gz 0s
PUT /tmp/ktest-zfs.tar.gz 0s
END checkpatch tool checkpatch FAIL 10s (exit code: 1)
END al2023 build tests/fs/lustre/boot.ktest PASS 59s
END u24 build tests/fs/lustre/boot.ktest PASS 63s
GET /tmp/ktest_lustre_mainline_strict_9ht6zi4k.tar 6s
END lustre_mainline_strict build tests/fs/lustre/boot-strict.ktest FAIL 138s (exit code: 1)
GET /tmp/ktest_lustre_mainline_native_7wpyj3vc.tar 0s
GET /tmp/ktest_lustre_mainline_jvjxfoia.tar 0s
END lustre_mainline_native build tests/fs/lustre/boot.ktest PASS 143s
START boot run tests/fs/lustre/boot.ktest
START llmount run tests/fs/lustre/llmount.ktest
START mgs-setup run tests/fs/lustre/mgs-setup.ktest
START sanity-1 run tests/fs/lustre/sanity/sanity-1.ktest
START sanity-2 run tests/fs/lustre/sanity/sanity-2.ktest
START sanity-3 run tests/fs/lustre/sanity/sanity-3.ktest
START sanity-4 run tests/fs/lustre/sanity/sanity-4.ktest
END lustre_mainline build tests/fs/lustre/boot.ktest PASS 144s
PUT /tmp/ktest_lustre_mainline_native_7wpyj3vc.tar 0s
PUT /tmp/ktest_lustre_mainline_native_7wpyj3vc.tar 0s
PUT /tmp/ktest_lustre_mainline_native_7wpyj3vc.tar 0s
PUT /tmp/ktest_lustre_mainline_native_7wpyj3vc.tar 0s
PUT /tmp/ktest_lustre_mainline_native_7wpyj3vc.tar 0s
PUT /tmp/ktest_lustre_mainline_native_7wpyj3vc.tar 0s
PUT /tmp/ktest_lustre_mainline_native_7wpyj3vc.tar 0s
END boot run tests/fs/lustre/boot.ktest PASS 25s
END mgs-setup run tests/fs/lustre/mgs-setup.ktest PASS 35s
END sanity-3 run tests/fs/lustre/sanity/sanity-3.ktest PASS 44s
END sanity-2 run tests/fs/lustre/sanity/sanity-2.ktest PASS 46s
END sanity-1 run tests/fs/lustre/sanity/sanity-1.ktest PASS 49s
END sanity-4 run tests/fs/lustre/sanity/sanity-4.ktest PASS 58s
END llmount run tests/fs/lustre/llmount.ktest PASS 122s

============================================================
Final Results:
  checkpatch: FAIL (10s) (log: /var/www/ci-lustre/upstream-patch-review/e5de25a627fdc742ca0b12a2afa6b85c1528ddbc_checkpatch.log)
  u24: PASS (63s) (log: /var/www/ci-lustre/upstream-patch-review/e5de25a627fdc742ca0b12a2afa6b85c1528ddbc_u24.log)
  al2023: PASS (59s) (log: /var/www/ci-lustre/upstream-patch-review/e5de25a627fdc742ca0b12a2afa6b85c1528ddbc_al2023.log)
  lustre_mainline_strict: FAIL (138s) (log: /var/www/ci-lustre/upstream-patch-review/e5de25a627fdc742ca0b12a2afa6b85c1528ddbc_lustre_mainline_strict.log)
  lustre_mainline: PASS (144s) (log: /var/www/ci-lustre/upstream-patch-review/e5de25a627fdc742ca0b12a2afa6b85c1528ddbc_lustre_mainline.log)
  lustre_mainline_native: PASS (143s) (log: /var/www/ci-lustre/upstream-patch-review/e5de25a627fdc742ca0b12a2afa6b85c1528ddbc_lustre_mainline_native.log)
  boot: PASS (25s) (log: /var/www/ci-lustre/upstream-patch-review/e5de25a627fdc742ca0b12a2afa6b85c1528ddbc_boot.log)
  llmount: PASS (122s) (log: /var/www/ci-lustre/upstream-patch-review/e5de25a627fdc742ca0b12a2afa6b85c1528ddbc_llmount.log)
  mgs-setup: PASS (35s) (log: /var/www/ci-lustre/upstream-patch-review/e5de25a627fdc742ca0b12a2afa6b85c1528ddbc_mgs-setup.log)
  sanity-1: PASS (49s) (log: /var/www/ci-lustre/upstream-patch-review/e5de25a627fdc742ca0b12a2afa6b85c1528ddbc_sanity-1.log)
  sanity-2: PASS (46s) (log: /var/www/ci-lustre/upstream-patch-review/e5de25a627fdc742ca0b12a2afa6b85c1528ddbc_sanity-2.log)
  sanity-3: PASS (44s) (log: /var/www/ci-lustre/upstream-patch-review/e5de25a627fdc742ca0b12a2afa6b85c1528ddbc_sanity-3.log)
  sanity-4: PASS (58s) (log: /var/www/ci-lustre/upstream-patch-review/e5de25a627fdc742ca0b12a2afa6b85c1528ddbc_sanity-4.log)

Total execution time: 295s
