CLI: ./podman-ktest --podman-socket unix:///run/podman/podman.sock --shared-filesystem /tmp --tarball-input job lustre-ci --output /var/www/ci-lustre/upstream-patch-review --git-hash e69657c768174fa25ab5d409a63d4d35399ec138 --change-id 63529_e69657c768174fa25ab5d409a63d4d35399ec138 --subject LU-19732 ldiskfs: keep RHEL10.x not to update cmtime

  Checking /dev/kvm exists... OK
  Checking /dev/kvm permissions... OK
  Creating ccache directory... OK
  Checking ccache directory writable... OK

Environment validated successfully
Creating kernel tarball at /tmp/ktest-kernel.tar.gz...
Creating lustre tarball at /tmp/ktest-lustre.tar.gz...
Executing 16 jobs
Jobs will start as soon as their dependencies are satisfied
Using tarball input mode

START lustre_mainline_strict build tests/fs/lustre/boot-strict.ktest
START lustre_al2023 build tests/fs/lustre/boot.ktest
START lustre_u24 build tests/fs/lustre/boot.ktest
START lustre_mainline build tests/fs/lustre/boot.ktest
START checkpatch tool checkpatch
START lustre_mainline_native build tests/fs/lustre/boot.ktest
PUT /tmp/ktest-kernel.tar.gz 12s
PUT /tmp/ktest-kernel.tar.gz 12s
PUT /tmp/ktest-kernel.tar.gz 12s
PUT /tmp/ktest-kernel.tar.gz 13s
PUT /tmp/ktest-kernel.tar.gz 13s
PUT /tmp/ktest-kernel.tar.gz 13s
PUT /tmp/ktest-lustre.tar.gz 3s
PUT /tmp/ktest-lustre.tar.gz 2s
PUT /tmp/ktest-lustre.tar.gz 2s
PUT /tmp/ktest-lustre.tar.gz 2s
PUT /tmp/ktest-lustre.tar.gz 2s
PUT /tmp/ktest-lustre.tar.gz 2s
END checkpatch tool checkpatch PASS 18s
END lustre_al2023 build tests/fs/lustre/boot.ktest PASS 82s
END lustre_u24 build tests/fs/lustre/boot.ktest PASS 83s
GET /tmp/ktest_lustre_mainline_strict_up6cjx95.tar 4s
END lustre_mainline_strict build tests/fs/lustre/boot-strict.ktest FAIL 124s (exit code: 1)
GET /tmp/ktest_lustre_mainline_native_y4cyych_.tar 3s
GET /tmp/ktest_lustre_mainline_m57zyfw3.tar 3s
END lustre_mainline_native build tests/fs/lustre/boot.ktest PASS 143s
START clang-tidy tool clang-tidy
START cc-plugin tool cc-plugin
START boot run tests/fs/lustre/boot.ktest
START llmount run tests/fs/lustre/llmount.ktest
START llog-unit run tests/fs/lustre/llog-unit.ktest
START mgs-setup run tests/fs/lustre/mgs-setup.ktest
START sanity-1 run tests/fs/lustre/sanity/sanity-1.ktest
START sanity-2 run tests/fs/lustre/sanity/sanity-2.ktest
START sanity-3 run tests/fs/lustre/sanity/sanity-3.ktest
START sanity-4 run tests/fs/lustre/sanity/sanity-4.ktest
END lustre_mainline build tests/fs/lustre/boot.ktest PASS 144s
PUT /tmp/ktest-kernel.tar.gz 49s
PUT /tmp/ktest_lustre_mainline_native_y4cyych_.tar 49s
PUT /tmp/ktest_lustre_mainline_native_y4cyych_.tar 49s
PUT /tmp/ktest_lustre_mainline_native_y4cyych_.tar 49s
PUT /tmp/ktest_lustre_mainline_native_y4cyych_.tar 49s
PUT /tmp/ktest_lustre_mainline_native_y4cyych_.tar 49s
PUT /tmp/ktest_lustre_mainline_native_y4cyych_.tar 49s
PUT /tmp/ktest_lustre_mainline_native_y4cyych_.tar 49s
PUT /tmp/ktest-kernel.tar.gz 49s
PUT /tmp/ktest_lustre_mainline_native_y4cyych_.tar 49s
PUT /tmp/ktest-lustre.tar.gz 95s
PUT /tmp/ktest-lustre.tar.gz 101s
PUT /tmp/ktest_lustre_mainline_native_y4cyych_.tar 11s
PUT /tmp/ktest_lustre_mainline_native_y4cyych_.tar 18s
END cc-plugin tool cc-plugin FAIL 167s (exit code: 127)
END boot run tests/fs/lustre/boot.ktest PASS 176s
END clang-tidy tool clang-tidy PASS 183s
END mgs-setup run tests/fs/lustre/mgs-setup.ktest PASS 184s
END sanity-2 run tests/fs/lustre/sanity/sanity-2.ktest PASS 188s
END sanity-3 run tests/fs/lustre/sanity/sanity-3.ktest PASS 189s
END sanity-1 run tests/fs/lustre/sanity/sanity-1.ktest PASS 190s
END sanity-4 run tests/fs/lustre/sanity/sanity-4.ktest PASS 205s
END llmount run tests/fs/lustre/llmount.ktest PASS 254s
END llog-unit run tests/fs/lustre/llog-unit.ktest PASS 277s

============================================================
Final Results:
  checkpatch: PASS (18s) (log: /var/www/ci-lustre/upstream-patch-review/e69657c768174fa25ab5d409a63d4d35399ec138_checkpatch.log)
  lustre_u24: PASS (83s) (log: /var/www/ci-lustre/upstream-patch-review/e69657c768174fa25ab5d409a63d4d35399ec138_lustre_u24.log)
  lustre_al2023: PASS (82s) (log: /var/www/ci-lustre/upstream-patch-review/e69657c768174fa25ab5d409a63d4d35399ec138_lustre_al2023.log)
  lustre_mainline_strict: FAIL (124s) (log: /var/www/ci-lustre/upstream-patch-review/e69657c768174fa25ab5d409a63d4d35399ec138_lustre_mainline_strict.log)
  lustre_mainline: PASS (144s) (log: /var/www/ci-lustre/upstream-patch-review/e69657c768174fa25ab5d409a63d4d35399ec138_lustre_mainline.log)
  lustre_mainline_native: PASS (143s) (log: /var/www/ci-lustre/upstream-patch-review/e69657c768174fa25ab5d409a63d4d35399ec138_lustre_mainline_native.log)
  clang-tidy: PASS (183s) (log: /var/www/ci-lustre/upstream-patch-review/e69657c768174fa25ab5d409a63d4d35399ec138_clang-tidy.log)
  cc-plugin: FAIL (167s) (log: /var/www/ci-lustre/upstream-patch-review/e69657c768174fa25ab5d409a63d4d35399ec138_cc-plugin.log)
  boot: PASS (176s) (log: /var/www/ci-lustre/upstream-patch-review/e69657c768174fa25ab5d409a63d4d35399ec138_boot.log)
  llmount: PASS (254s) (log: /var/www/ci-lustre/upstream-patch-review/e69657c768174fa25ab5d409a63d4d35399ec138_llmount.log)
  llog-unit: PASS (277s) (log: /var/www/ci-lustre/upstream-patch-review/e69657c768174fa25ab5d409a63d4d35399ec138_llog-unit.log)
  mgs-setup: PASS (184s) (log: /var/www/ci-lustre/upstream-patch-review/e69657c768174fa25ab5d409a63d4d35399ec138_mgs-setup.log)
  sanity-1: PASS (190s) (log: /var/www/ci-lustre/upstream-patch-review/e69657c768174fa25ab5d409a63d4d35399ec138_sanity-1.log)
  sanity-2: PASS (188s) (log: /var/www/ci-lustre/upstream-patch-review/e69657c768174fa25ab5d409a63d4d35399ec138_sanity-2.log)
  sanity-3: PASS (189s) (log: /var/www/ci-lustre/upstream-patch-review/e69657c768174fa25ab5d409a63d4d35399ec138_sanity-3.log)
  sanity-4: PASS (205s) (log: /var/www/ci-lustre/upstream-patch-review/e69657c768174fa25ab5d409a63d4d35399ec138_sanity-4.log)

Total execution time: 451s
