CLI: ./podman-ktest --podman-socket unix:///run/podman/podman.sock --shared-filesystem /tmp --tarball-input job lustre-ci --output /var/www/ci-lustre/upstream-patch-review --git-hash e69c04eba517154bdab0cd6e98c8b61dd540a5f5 --change-id 62179_e69c04eba517154bdab0cd6e98c8b61dd540a5f5 --subject LU-17514 target: add expected_clients param and max client tracking

  Checking /dev/kvm exists... OK
  Checking /dev/kvm permissions... OK
  Creating ccache directory... OK
  Checking ccache directory writable... OK

Environment validated successfully
Creating kernel tarball at /tmp/ktest-kernel.tar.gz...
Creating lustre tarball at /tmp/ktest-lustre.tar.gz...
Executing 16 jobs
Jobs will start as soon as their dependencies are satisfied
Using tarball input mode

START lustre_al2023 build tests/fs/lustre/boot.ktest
START checkpatch tool checkpatch
START lustre_mainline build tests/fs/lustre/boot.ktest
START lustre_mainline_native build tests/fs/lustre/boot.ktest
START lustre_u24 build tests/fs/lustre/boot.ktest
START lustre_mainline_strict build tests/fs/lustre/boot-strict.ktest
PUT /tmp/ktest-kernel.tar.gz 9s
PUT /tmp/ktest-kernel.tar.gz 10s
PUT /tmp/ktest-kernel.tar.gz 10s
PUT /tmp/ktest-kernel.tar.gz 10s
PUT /tmp/ktest-kernel.tar.gz 10s
PUT /tmp/ktest-kernel.tar.gz 10s
PUT /tmp/ktest-lustre.tar.gz 6s
PUT /tmp/ktest-lustre.tar.gz 6s
PUT /tmp/ktest-lustre.tar.gz 6s
PUT /tmp/ktest-lustre.tar.gz 6s
PUT /tmp/ktest-lustre.tar.gz 6s
PUT /tmp/ktest-lustre.tar.gz 6s
END checkpatch tool checkpatch FAIL 19s (exit code: 1)
END lustre_al2023 build tests/fs/lustre/boot.ktest PASS 86s
END lustre_u24 build tests/fs/lustre/boot.ktest PASS 88s
GET /tmp/ktest_lustre_mainline_strict_unt3fzq4.tar 5s
END lustre_mainline_strict build tests/fs/lustre/boot-strict.ktest FAIL 151s (exit code: 1)
GET /tmp/ktest_lustre_mainline_native_2sy6di22.tar 3s
GET /tmp/ktest_lustre_mainline_xntfxpts.tar 3s
END lustre_mainline_native build tests/fs/lustre/boot.ktest PASS 174s
START clang-tidy tool clang-tidy
START cc-plugin tool cc-plugin
START boot run tests/fs/lustre/boot.ktest
START llmount run tests/fs/lustre/llmount.ktest
START llog-unit run tests/fs/lustre/llog-unit.ktest
START mgs-setup run tests/fs/lustre/mgs-setup.ktest
START sanity-1 run tests/fs/lustre/sanity/sanity-1.ktest
START sanity-2 run tests/fs/lustre/sanity/sanity-2.ktest
START sanity-3 run tests/fs/lustre/sanity/sanity-3.ktest
START sanity-4 run tests/fs/lustre/sanity/sanity-4.ktest
END lustre_mainline build tests/fs/lustre/boot.ktest PASS 176s
PUT /tmp/ktest-kernel.tar.gz 29s
PUT /tmp/ktest_lustre_mainline_native_2sy6di22.tar 35s
PUT /tmp/ktest_lustre_mainline_native_2sy6di22.tar 35s
PUT /tmp/ktest_lustre_mainline_native_2sy6di22.tar 35s
PUT /tmp/ktest_lustre_mainline_native_2sy6di22.tar 35s
PUT /tmp/ktest-kernel.tar.gz 35s
PUT /tmp/ktest_lustre_mainline_native_2sy6di22.tar 36s
PUT /tmp/ktest_lustre_mainline_native_2sy6di22.tar 36s
PUT /tmp/ktest_lustre_mainline_native_2sy6di22.tar 36s
PUT /tmp/ktest_lustre_mainline_native_2sy6di22.tar 36s
PUT /tmp/ktest-lustre.tar.gz 83s
PUT /tmp/ktest-lustre.tar.gz 89s
PUT /tmp/ktest_lustre_mainline_native_2sy6di22.tar 12s
PUT /tmp/ktest_lustre_mainline_native_2sy6di22.tar 12s
END cc-plugin tool cc-plugin FAIL 136s (exit code: 127)
END boot run tests/fs/lustre/boot.ktest PASS 139s
END clang-tidy tool clang-tidy PASS 160s
END mgs-setup run tests/fs/lustre/mgs-setup.ktest PASS 161s
END sanity-2 run tests/fs/lustre/sanity/sanity-2.ktest PASS 165s
END sanity-1 run tests/fs/lustre/sanity/sanity-1.ktest PASS 184s
END sanity-4 run tests/fs/lustre/sanity/sanity-4.ktest PASS 185s
END sanity-3 run tests/fs/lustre/sanity/sanity-3.ktest PASS 187s
END llmount run tests/fs/lustre/llmount.ktest PASS 228s
END llog-unit run tests/fs/lustre/llog-unit.ktest PASS 260s

============================================================
Final Results:
  checkpatch: FAIL (19s) (log: /var/www/ci-lustre/upstream-patch-review/e69c04eba517154bdab0cd6e98c8b61dd540a5f5_checkpatch.log)
  lustre_u24: PASS (88s) (log: /var/www/ci-lustre/upstream-patch-review/e69c04eba517154bdab0cd6e98c8b61dd540a5f5_lustre_u24.log)
  lustre_al2023: PASS (86s) (log: /var/www/ci-lustre/upstream-patch-review/e69c04eba517154bdab0cd6e98c8b61dd540a5f5_lustre_al2023.log)
  lustre_mainline_strict: FAIL (151s) (log: /var/www/ci-lustre/upstream-patch-review/e69c04eba517154bdab0cd6e98c8b61dd540a5f5_lustre_mainline_strict.log)
  lustre_mainline: PASS (176s) (log: /var/www/ci-lustre/upstream-patch-review/e69c04eba517154bdab0cd6e98c8b61dd540a5f5_lustre_mainline.log)
  lustre_mainline_native: PASS (174s) (log: /var/www/ci-lustre/upstream-patch-review/e69c04eba517154bdab0cd6e98c8b61dd540a5f5_lustre_mainline_native.log)
  clang-tidy: PASS (160s) (log: /var/www/ci-lustre/upstream-patch-review/e69c04eba517154bdab0cd6e98c8b61dd540a5f5_clang-tidy.log)
  cc-plugin: FAIL (136s) (log: /var/www/ci-lustre/upstream-patch-review/e69c04eba517154bdab0cd6e98c8b61dd540a5f5_cc-plugin.log)
  boot: PASS (139s) (log: /var/www/ci-lustre/upstream-patch-review/e69c04eba517154bdab0cd6e98c8b61dd540a5f5_boot.log)
  llmount: PASS (228s) (log: /var/www/ci-lustre/upstream-patch-review/e69c04eba517154bdab0cd6e98c8b61dd540a5f5_llmount.log)
  llog-unit: PASS (260s) (log: /var/www/ci-lustre/upstream-patch-review/e69c04eba517154bdab0cd6e98c8b61dd540a5f5_llog-unit.log)
  mgs-setup: PASS (161s) (log: /var/www/ci-lustre/upstream-patch-review/e69c04eba517154bdab0cd6e98c8b61dd540a5f5_mgs-setup.log)
  sanity-1: PASS (184s) (log: /var/www/ci-lustre/upstream-patch-review/e69c04eba517154bdab0cd6e98c8b61dd540a5f5_sanity-1.log)
  sanity-2: PASS (165s) (log: /var/www/ci-lustre/upstream-patch-review/e69c04eba517154bdab0cd6e98c8b61dd540a5f5_sanity-2.log)
  sanity-3: PASS (187s) (log: /var/www/ci-lustre/upstream-patch-review/e69c04eba517154bdab0cd6e98c8b61dd540a5f5_sanity-3.log)
  sanity-4: PASS (185s) (log: /var/www/ci-lustre/upstream-patch-review/e69c04eba517154bdab0cd6e98c8b61dd540a5f5_sanity-4.log)

Total execution time: 465s
