CLI: ./podman-ktest --podman-socket unix:///run/podman/podman.sock --shared-filesystem /tmp --tarball-input job lustre-ci --output /var/www/ci-lustre/upstream-patch-review --git-hash e76f9bf2f8619f9bd5311cb80e90b87721bb7be1 --change-id 56422_e76f9bf2f8619f9bd5311cb80e90b87721bb7be1 --subject LU-18231 obd: change obd_starting into OBDF_STARTING

  Checking /dev/kvm exists... OK
  Checking /dev/kvm permissions... OK
  Creating ccache directory... OK
  Checking ccache directory writable... OK

Environment validated successfully
Creating kernel tarball at /tmp/ktest-kernel.tar.gz...
Creating lustre tarball at /tmp/ktest-lustre.tar.gz...
Executing 16 jobs
Jobs will start as soon as their dependencies are satisfied
Using tarball input mode

START lustre_mainline_native build tests/fs/lustre/boot.ktest
START lustre_mainline_strict build tests/fs/lustre/boot-strict.ktest
START al2023 build tests/fs/lustre/boot.ktest
START checkpatch tool checkpatch
START u24 build tests/fs/lustre/boot.ktest
START lustre_mainline build tests/fs/lustre/boot.ktest
PUT /tmp/ktest-kernel.tar.gz 8s
PUT /tmp/ktest-kernel.tar.gz 8s
PUT /tmp/ktest-kernel.tar.gz 8s
PUT /tmp/ktest-kernel.tar.gz 8s
PUT /tmp/ktest-kernel.tar.gz 8s
PUT /tmp/ktest-kernel.tar.gz 8s
PUT /tmp/ktest-lustre.tar.gz 2s
PUT /tmp/ktest-lustre.tar.gz 2s
PUT /tmp/ktest-lustre.tar.gz 2s
PUT /tmp/ktest-lustre.tar.gz 2s
PUT /tmp/ktest-lustre.tar.gz 2s
PUT /tmp/ktest-lustre.tar.gz 2s
END checkpatch tool checkpatch PASS 13s
END al2023 build tests/fs/lustre/boot.ktest PASS 65s
END u24 build tests/fs/lustre/boot.ktest PASS 69s
GET /tmp/ktest_lustre_mainline_strict_wsk919qx.tar 5s
END lustre_mainline_strict build tests/fs/lustre/boot-strict.ktest FAIL 109s (exit code: 1)
GET /tmp/ktest_lustre_mainline_xix59aqj.tar 5s
GET /tmp/ktest_lustre_mainline_native_4glk0i7d.tar 5s
END lustre_mainline build tests/fs/lustre/boot.ktest PASS 112s
END lustre_mainline_native build tests/fs/lustre/boot.ktest PASS 114s
START clang-tidy tool clang-tidy
START cc-plugin tool cc-plugin
START boot run tests/fs/lustre/boot.ktest
START llmount run tests/fs/lustre/llmount.ktest
START llog-unit run tests/fs/lustre/llog-unit.ktest
START mgs-setup run tests/fs/lustre/mgs-setup.ktest
START sanity-1 run tests/fs/lustre/sanity/sanity-1.ktest
START sanity-2 run tests/fs/lustre/sanity/sanity-2.ktest
START sanity-3 run tests/fs/lustre/sanity/sanity-3.ktest
START sanity-4 run tests/fs/lustre/sanity/sanity-4.ktest
PUT /tmp/ktest-kernel.tar.gz 9s
PUT /tmp/ktest_lustre_mainline_native_4glk0i7d.tar 9s
PUT /tmp/ktest-kernel.tar.gz 9s
PUT /tmp/ktest_lustre_mainline_native_4glk0i7d.tar 9s
PUT /tmp/ktest_lustre_mainline_native_4glk0i7d.tar 9s
PUT /tmp/ktest_lustre_mainline_native_4glk0i7d.tar 9s
PUT /tmp/ktest_lustre_mainline_native_4glk0i7d.tar 10s
PUT /tmp/ktest_lustre_mainline_native_4glk0i7d.tar 9s
PUT /tmp/ktest_lustre_mainline_native_4glk0i7d.tar 9s
PUT /tmp/ktest_lustre_mainline_native_4glk0i7d.tar 10s
PUT /tmp/ktest-lustre.tar.gz 29s
PUT /tmp/ktest-lustre.tar.gz 29s
PUT /tmp/ktest_lustre_mainline_native_4glk0i7d.tar 7s
PUT /tmp/ktest_lustre_mainline_native_4glk0i7d.tar 6s
END clang-tidy tool clang-tidy FAIL 47s (exit code: 1)
END cc-plugin tool cc-plugin FAIL 49s (exit code: 127)
END boot run tests/fs/lustre/boot.ktest PASS 58s
END mgs-setup run tests/fs/lustre/mgs-setup.ktest PASS 70s
END sanity-1 run tests/fs/lustre/sanity/sanity-1.ktest PASS 76s
END sanity-3 run tests/fs/lustre/sanity/sanity-3.ktest PASS 77s
END sanity-2 run tests/fs/lustre/sanity/sanity-2.ktest PASS 79s
END sanity-4 run tests/fs/lustre/sanity/sanity-4.ktest PASS 85s
END llmount run tests/fs/lustre/llmount.ktest PASS 141s
END llog-unit run tests/fs/lustre/llog-unit.ktest PASS 152s

============================================================
Final Results:
  checkpatch: PASS (13s) (log: /var/www/ci-lustre/upstream-patch-review/e76f9bf2f8619f9bd5311cb80e90b87721bb7be1_checkpatch.log)
  u24: PASS (69s) (log: /var/www/ci-lustre/upstream-patch-review/e76f9bf2f8619f9bd5311cb80e90b87721bb7be1_u24.log)
  al2023: PASS (65s) (log: /var/www/ci-lustre/upstream-patch-review/e76f9bf2f8619f9bd5311cb80e90b87721bb7be1_al2023.log)
  lustre_mainline_strict: FAIL (109s) (log: /var/www/ci-lustre/upstream-patch-review/e76f9bf2f8619f9bd5311cb80e90b87721bb7be1_lustre_mainline_strict.log)
  lustre_mainline: PASS (112s) (log: /var/www/ci-lustre/upstream-patch-review/e76f9bf2f8619f9bd5311cb80e90b87721bb7be1_lustre_mainline.log)
  lustre_mainline_native: PASS (114s) (log: /var/www/ci-lustre/upstream-patch-review/e76f9bf2f8619f9bd5311cb80e90b87721bb7be1_lustre_mainline_native.log)
  clang-tidy: FAIL (47s) (log: /var/www/ci-lustre/upstream-patch-review/e76f9bf2f8619f9bd5311cb80e90b87721bb7be1_clang-tidy.log)
  cc-plugin: FAIL (49s) (log: /var/www/ci-lustre/upstream-patch-review/e76f9bf2f8619f9bd5311cb80e90b87721bb7be1_cc-plugin.log)
  boot: PASS (58s) (log: /var/www/ci-lustre/upstream-patch-review/e76f9bf2f8619f9bd5311cb80e90b87721bb7be1_boot.log)
  llmount: PASS (141s) (log: /var/www/ci-lustre/upstream-patch-review/e76f9bf2f8619f9bd5311cb80e90b87721bb7be1_llmount.log)
  llog-unit: PASS (152s) (log: /var/www/ci-lustre/upstream-patch-review/e76f9bf2f8619f9bd5311cb80e90b87721bb7be1_llog-unit.log)
  mgs-setup: PASS (70s) (log: /var/www/ci-lustre/upstream-patch-review/e76f9bf2f8619f9bd5311cb80e90b87721bb7be1_mgs-setup.log)
  sanity-1: PASS (76s) (log: /var/www/ci-lustre/upstream-patch-review/e76f9bf2f8619f9bd5311cb80e90b87721bb7be1_sanity-1.log)
  sanity-2: PASS (79s) (log: /var/www/ci-lustre/upstream-patch-review/e76f9bf2f8619f9bd5311cb80e90b87721bb7be1_sanity-2.log)
  sanity-3: PASS (77s) (log: /var/www/ci-lustre/upstream-patch-review/e76f9bf2f8619f9bd5311cb80e90b87721bb7be1_sanity-3.log)
  sanity-4: PASS (85s) (log: /var/www/ci-lustre/upstream-patch-review/e76f9bf2f8619f9bd5311cb80e90b87721bb7be1_sanity-4.log)

Total execution time: 298s
