CLI: ./podman-ktest --podman-socket unix:///run/podman/podman.sock --shared-filesystem /tmp --tarball-input job lustre-ci --output /var/www/ci-lustre/upstream-patch-review --git-hash e7c4db6e13e4a2fa994e7565417b94d0a52a6fac --change-id 64320_e7c4db6e13e4a2fa994e7565417b94d0a52a6fac --subject LU-19921 target: add target verification for IAM

  Checking /dev/kvm exists... OK
  Checking /dev/kvm permissions... OK
  Creating ccache directory... OK
  Checking ccache directory writable... OK

Environment validated successfully
Creating kernel tarball at /tmp/ktest-kernel.tar.gz...
Creating lustre tarball at /tmp/ktest-lustre.tar.gz...
Executing 16 jobs
Jobs will start as soon as their dependencies are satisfied
Using tarball input mode

START u24 build tests/fs/lustre/boot.ktest
START checkpatch tool checkpatch
START lustre_mainline build tests/fs/lustre/boot.ktest
START lustre_mainline_strict build tests/fs/lustre/boot-strict.ktest
START lustre_mainline_native build tests/fs/lustre/boot.ktest
START al2023 build tests/fs/lustre/boot.ktest
PUT /tmp/ktest-kernel.tar.gz 8s
PUT /tmp/ktest-kernel.tar.gz 8s
PUT /tmp/ktest-kernel.tar.gz 8s
PUT /tmp/ktest-kernel.tar.gz 8s
PUT /tmp/ktest-kernel.tar.gz 8s
PUT /tmp/ktest-kernel.tar.gz 9s
PUT /tmp/ktest-lustre.tar.gz 2s
PUT /tmp/ktest-lustre.tar.gz 2s
PUT /tmp/ktest-lustre.tar.gz 1s
PUT /tmp/ktest-lustre.tar.gz 2s
PUT /tmp/ktest-lustre.tar.gz 2s
PUT /tmp/ktest-lustre.tar.gz 2s
END checkpatch tool checkpatch FAIL 14s (exit code: 1)
END al2023 build tests/fs/lustre/boot.ktest PASS 65s
END u24 build tests/fs/lustre/boot.ktest PASS 69s
GET /tmp/ktest_lustre_mainline_strict_uk2z4n45.tar 5s
END lustre_mainline_strict build tests/fs/lustre/boot-strict.ktest FAIL 110s (exit code: 1)
GET /tmp/ktest_lustre_mainline_native_bie6j7qi.tar 4s
GET /tmp/ktest_lustre_mainline_wvhkrxy0.tar 4s
END lustre_mainline_native build tests/fs/lustre/boot.ktest PASS 113s
START clang-tidy tool clang-tidy
START cc-plugin tool cc-plugin
START boot run tests/fs/lustre/boot.ktest
START llmount run tests/fs/lustre/llmount.ktest
START llog-unit run tests/fs/lustre/llog-unit.ktest
START mgs-setup run tests/fs/lustre/mgs-setup.ktest
START sanity-1 run tests/fs/lustre/sanity/sanity-1.ktest
START sanity-2 run tests/fs/lustre/sanity/sanity-2.ktest
START sanity-3 run tests/fs/lustre/sanity/sanity-3.ktest
START sanity-4 run tests/fs/lustre/sanity/sanity-4.ktest
END lustre_mainline build tests/fs/lustre/boot.ktest PASS 114s
PUT /tmp/ktest-kernel.tar.gz 9s
PUT /tmp/ktest_lustre_mainline_native_bie6j7qi.tar 10s
PUT /tmp/ktest-kernel.tar.gz 10s
PUT /tmp/ktest_lustre_mainline_native_bie6j7qi.tar 10s
PUT /tmp/ktest_lustre_mainline_native_bie6j7qi.tar 10s
PUT /tmp/ktest_lustre_mainline_native_bie6j7qi.tar 10s
PUT /tmp/ktest_lustre_mainline_native_bie6j7qi.tar 10s
PUT /tmp/ktest_lustre_mainline_native_bie6j7qi.tar 10s
PUT /tmp/ktest_lustre_mainline_native_bie6j7qi.tar 10s
PUT /tmp/ktest_lustre_mainline_native_bie6j7qi.tar 10s
PUT /tmp/ktest-lustre.tar.gz 28s
PUT /tmp/ktest-lustre.tar.gz 33s
PUT /tmp/ktest_lustre_mainline_native_bie6j7qi.tar 8s
PUT /tmp/ktest_lustre_mainline_native_bie6j7qi.tar 4s
END cc-plugin tool cc-plugin FAIL 50s (exit code: 127)
END clang-tidy tool clang-tidy FAIL 51s (exit code: 1)
END boot run tests/fs/lustre/boot.ktest PASS 59s
END mgs-setup run tests/fs/lustre/mgs-setup.ktest PASS 68s
END sanity-4 run tests/fs/lustre/sanity/sanity-4.ktest PASS 87s
END sanity-3 run tests/fs/lustre/sanity/sanity-3.ktest PASS 91s
END sanity-1 run tests/fs/lustre/sanity/sanity-1.ktest PASS 102s
END sanity-2 run tests/fs/lustre/sanity/sanity-2.ktest PASS 103s
END llmount run tests/fs/lustre/llmount.ktest PASS 149s
END llog-unit run tests/fs/lustre/llog-unit.ktest PASS 151s

============================================================
Final Results:
  checkpatch: FAIL (14s) (log: /var/www/ci-lustre/upstream-patch-review/e7c4db6e13e4a2fa994e7565417b94d0a52a6fac_checkpatch.log)
  u24: PASS (69s) (log: /var/www/ci-lustre/upstream-patch-review/e7c4db6e13e4a2fa994e7565417b94d0a52a6fac_u24.log)
  al2023: PASS (65s) (log: /var/www/ci-lustre/upstream-patch-review/e7c4db6e13e4a2fa994e7565417b94d0a52a6fac_al2023.log)
  lustre_mainline_strict: FAIL (110s) (log: /var/www/ci-lustre/upstream-patch-review/e7c4db6e13e4a2fa994e7565417b94d0a52a6fac_lustre_mainline_strict.log)
  lustre_mainline: PASS (114s) (log: /var/www/ci-lustre/upstream-patch-review/e7c4db6e13e4a2fa994e7565417b94d0a52a6fac_lustre_mainline.log)
  lustre_mainline_native: PASS (113s) (log: /var/www/ci-lustre/upstream-patch-review/e7c4db6e13e4a2fa994e7565417b94d0a52a6fac_lustre_mainline_native.log)
  clang-tidy: FAIL (51s) (log: /var/www/ci-lustre/upstream-patch-review/e7c4db6e13e4a2fa994e7565417b94d0a52a6fac_clang-tidy.log)
  cc-plugin: FAIL (50s) (log: /var/www/ci-lustre/upstream-patch-review/e7c4db6e13e4a2fa994e7565417b94d0a52a6fac_cc-plugin.log)
  boot: PASS (59s) (log: /var/www/ci-lustre/upstream-patch-review/e7c4db6e13e4a2fa994e7565417b94d0a52a6fac_boot.log)
  llmount: PASS (149s) (log: /var/www/ci-lustre/upstream-patch-review/e7c4db6e13e4a2fa994e7565417b94d0a52a6fac_llmount.log)
  llog-unit: PASS (151s) (log: /var/www/ci-lustre/upstream-patch-review/e7c4db6e13e4a2fa994e7565417b94d0a52a6fac_llog-unit.log)
  mgs-setup: PASS (68s) (log: /var/www/ci-lustre/upstream-patch-review/e7c4db6e13e4a2fa994e7565417b94d0a52a6fac_mgs-setup.log)
  sanity-1: PASS (102s) (log: /var/www/ci-lustre/upstream-patch-review/e7c4db6e13e4a2fa994e7565417b94d0a52a6fac_sanity-1.log)
  sanity-2: PASS (103s) (log: /var/www/ci-lustre/upstream-patch-review/e7c4db6e13e4a2fa994e7565417b94d0a52a6fac_sanity-2.log)
  sanity-3: PASS (91s) (log: /var/www/ci-lustre/upstream-patch-review/e7c4db6e13e4a2fa994e7565417b94d0a52a6fac_sanity-3.log)
  sanity-4: PASS (87s) (log: /var/www/ci-lustre/upstream-patch-review/e7c4db6e13e4a2fa994e7565417b94d0a52a6fac_sanity-4.log)

Total execution time: 296s
