CLANG-TIDY
Enabled checks:
    linuxkernel-must-check-errs
    misc-static-assert

Running clang-tidy for 523 files out of 523 in compilation database ...
[  1/523][0.0s] clang-tidy-20 -checks=-*,linuxkernel-must-check-errs,misc-static-assert -p=/tmp/ktest-out/lustre-release /tmp/ktest-out/lustre-release/lustre/utils/ll_decode_filter_fid.c
[  2/523][0.0s] clang-tidy-20 -checks=-*,linuxkernel-must-check-errs,misc-static-assert -p=/tmp/ktest-out/lustre-release /tmp/ktest-out/lustre-release/lustre/tests/sendfile.c
[  3/523][0.0s] clang-tidy-20 -checks=-*,linuxkernel-must-check-errs,misc-static-assert -p=/tmp/ktest-out/lustre-release /tmp/ktest-out/lustre-release/lustre/utils/liblustreapi_project.c
[  4/523][0.0s] clang-tidy-20 -checks=-*,linuxkernel-must-check-errs,misc-static-assert -p=/tmp/ktest-out/lustre-release /tmp/ktest-out/lustre-release/lustre/utils/lfs_project.c
[  5/523][0.0s] clang-tidy-20 -checks=-*,linuxkernel-must-check-errs,misc-static-assert -p=/tmp/ktest-out/lustre-release /tmp/ktest-out/lustre-release/lustre/tests/swap_lock_test.c
[  6/523][0.1s] clang-tidy-20 -checks=-*,linuxkernel-must-check-errs,misc-static-assert -p=/tmp/ktest-out/lustre-release /tmp/ktest-out/lustre-release/lustre/utils/llverdev.c
[  7/523][0.1s] clang-tidy-20 -checks=-*,linuxkernel-must-check-errs,misc-static-assert -p=/tmp/ktest-out/lustre-release /tmp/ktest-out/lustre-release/lustre/tests/multiop.c
[  8/523][0.1s] clang-tidy-20 -checks=-*,linuxkernel-must-check-errs,misc-static-assert -p=/tmp/ktest-out/lustre-release /tmp/ktest-out/lustre-release/lustre/tests/aiocp.c
[  9/523][0.1s] clang-tidy-20 -checks=-*,linuxkernel-must-check-errs,misc-static-assert -p=/tmp/ktest-out/lustre-release /tmp/ktest-out/lustre-release/lustre/tests/splice-test.c
[ 10/523][0.1s] clang-tidy-20 -checks=-*,linuxkernel-must-check-errs,misc-static-assert -p=/tmp/ktest-out/lustre-release /tmp/ktest-out/lustre-release/lustre/tests/lseek_test.c
[ 11/523][0.2s] clang-tidy-20 -checks=-*,linuxkernel-must-check-errs,misc-static-assert -p=/tmp/ktest-out/lustre-release /tmp/ktest-out/lustre-release/lnet/utils/lst.c
[ 12/523][0.2s] clang-tidy-20 -checks=-*,linuxkernel-must-check-errs,misc-static-assert -p=/tmp/ktest-out/lustre-release /tmp/ktest-out/lustre-release/lustre/utils/mount_utils.c
[ 13/523][0.4s] clang-tidy-20 -checks=-*,linuxkernel-must-check-errs,misc-static-assert -p=/tmp/ktest-out/lustre-release /tmp/ktest-out/lustre-release/lustre/kunit/llog_test.mod.c
[ 14/523][0.4s] clang-tidy-20 -checks=-*,linuxkernel-must-check-errs,misc-static-assert -p=/tmp/ktest-out/lustre-release /tmp/ktest-out/lustre-release/lustre_compat/mm/vmalloc.c
[ 15/523][0.5s] clang-tidy-20 -checks=-*,linuxkernel-must-check-errs,misc-static-assert -p=/tmp/ktest-out/lustre-release /tmp/ktest-out/lustre-release/lustre/kunit/kinode.mod.c
[ 16/523][0.5s] clang-tidy-20 -checks=-*,linuxkernel-must-check-errs,misc-static-assert -p=/tmp/ktest-out/lustre-release /tmp/ktest-out/lustre-release/lustre/ptlrpc/ptlrpc.mod.c
[ 17/523][1.0s] clang-tidy-20 -checks=-*,linuxkernel-must-check-errs,misc-static-assert -p=/tmp/ktest-out/lustre-release /tmp/ktest-out/lustre-release/lnet/lnet/adler.c
[ 18/523][1.3s] clang-tidy-20 -checks=-*,linuxkernel-must-check-errs,misc-static-assert -p=/tmp/ktest-out/lustre-release /tmp/ktest-out/lustre-release/lnet/lnet/lib-ptl.c
[ 19/523][1.3s] clang-tidy-20 -checks=-*,linuxkernel-must-check-errs,misc-static-assert -p=/tmp/ktest-out/lustre-release /tmp/ktest-out/lustre-release/lnet/selftest/console.c
[ 20/523][1.5s] clang-tidy-20 -checks=-*,linuxkernel-must-check-errs,misc-static-assert -p=/tmp/ktest-out/lustre-release /tmp/ktest-out/lustre-release/lustre/ptlrpc/batch.c
[ 21/523][1.5s] clang-tidy-20 -checks=-*,linuxkernel-must-check-errs,misc-static-assert -p=/tmp/ktest-out/lustre-release /tmp/ktest-out/lustre-release/lnet/lnet/router.c
[ 22/523][1.5s] clang-tidy-20 -checks=-*,linuxkernel-must-check-errs,misc-static-assert -p=/tmp/ktest-out/lustre-release /tmp/ktest-out/lustre-release/lustre/mdt/mdt_lib.c
[ 23/523][1.5s] clang-tidy-20 -checks=-*,linuxkernel-must-check-errs,misc-static-assert -p=/tmp/ktest-out/lustre-release /tmp/ktest-out/lustre-release/lustre/llite/vvp_object.c
[ 24/523][1.6s] clang-tidy-20 -checks=-*,linuxkernel-must-check-errs,misc-static-assert -p=/tmp/ktest-out/lustre-release /tmp/ktest-out/lustre-release/lustre/obdclass/jobid.c
[ 25/523][1.6s] clang-tidy-20 -checks=-*,linuxkernel-must-check-errs,misc-static-assert -p=/tmp/ktest-out/lustre-release /tmp/ktest-out/lustre-release/lustre/ptlrpc/nodemap_idmap.c
[ 26/523][0.1s] clang-tidy-20 -checks=-*,linuxkernel-must-check-errs,misc-static-assert -p=/tmp/ktest-out/lustre-release /tmp/ktest-out/lustre-release/lustre/tests/llapi_hsm_test.c
[ 27/523][1.6s] clang-tidy-20 -checks=-*,linuxkernel-must-check-errs,misc-static-assert -p=/tmp/ktest-out/lustre-release /tmp/ktest-out/lustre-release/lustre/fld/fld_index.c
[ 28/523][1.7s] clang-tidy-20 -checks=-*,linuxkernel-must-check-errs,misc-static-assert -p=/tmp/ktest-out/lustre-release /tmp/ktest-out/lustre-release/lustre/osp/lwp_dev.c
[ 29/523][1.7s] clang-tidy-20 -checks=-*,linuxkernel-must-check-errs,misc-static-assert -p=/tmp/ktest-out/lustre-release /tmp/ktest-out/lustre-release/lustre/mdt/mdt_lvb.c
[ 30/523][1.6s] clang-tidy-20 -checks=-*,linuxkernel-must-check-errs,misc-static-assert -p=/tmp/ktest-out/lustre-release /tmp/ktest-out/lustre-release/lustre/target/tgt_fmd.c
[ 31/523][0.1s] clang-tidy-20 -checks=-*,linuxkernel-must-check-errs,misc-static-assert -p=/tmp/ktest-out/lustre-release /tmp/ktest-out/lustre-release/lustre/utils/liblustreapi_ladvise.c
[ 32/523][1.7s] clang-tidy-20 -checks=-*,linuxkernel-must-check-errs,misc-static-assert -p=/tmp/ktest-out/lustre-release /tmp/ktest-out/lustre-release/lustre/llite/namei.c
[ 33/523][0.3s] clang-tidy-20 -checks=-*,linuxkernel-must-check-errs,misc-static-assert -p=/tmp/ktest-out/lustre-release /tmp/ktest-out/lustre-release/lustre/utils/wiretest.c
[ 34/523][0.1s] clang-tidy-20 -checks=-*,linuxkernel-must-check-errs,misc-static-assert -p=/tmp/ktest-out/lustre-release /tmp/ktest-out/lustre-release/lustre/utils/llog_reader.c
[ 35/523][1.8s] clang-tidy-20 -checks=-*,linuxkernel-must-check-errs,misc-static-assert -p=/tmp/ktest-out/lustre-release /tmp/ktest-out/lustre-release/lustre/obdclass/upcall_cache.c
[ 36/523][1.8s] clang-tidy-20 -checks=-*,linuxkernel-must-check-errs,misc-static-assert -p=/tmp/ktest-out/lustre-release /tmp/ktest-out/lustre-release/lustre/llite/lcommon_misc.c
[ 37/523][1.6s] clang-tidy-20 -checks=-*,linuxkernel-must-check-errs,misc-static-assert -p=/tmp/ktest-out/lustre-release /tmp/ktest-out/lustre-release/lustre/kunit/ldlm_extent.c
[ 38/523][1.7s] clang-tidy-20 -checks=-*,linuxkernel-must-check-errs,misc-static-assert -p=/tmp/ktest-out/lustre-release /tmp/ktest-out/lustre-release/lustre/mdd/mdd_lock.c
[ 39/523][1.3s] clang-tidy-20 -checks=-*,linuxkernel-must-check-errs,misc-static-assert -p=/tmp/ktest-out/lustre-release /tmp/ktest-out/lustre-release/lustre/ptlrpc/nodemap_fileset_alt.c
[ 40/523][0.1s] clang-tidy-20 -checks=-*,linuxkernel-must-check-errs,misc-static-assert -p=/tmp/ktest-out/lustre-release /tmp/ktest-out/lustre-release/lustre/tests/test_brw.c
[ 41/523][1.7s] clang-tidy-20 -checks=-*,linuxkernel-must-check-errs,misc-static-assert -p=/tmp/ktest-out/lustre-release /tmp/ktest-out/lustre-release/lustre/lov/lov_io.c
[ 42/523][1.6s] clang-tidy-20 -checks=-*,linuxkernel-must-check-errs,misc-static-assert -p=/tmp/ktest-out/lustre-release /tmp/ktest-out/lustre-release/lustre/mgs/lproc_mgs.c
[ 43/523][0.1s] clang-tidy-20 -checks=-*,linuxkernel-must-check-errs,misc-static-assert -p=/tmp/ktest-out/lustre-release /tmp/ktest-out/lustre-release/lustre/tests/flocks_test.c
[ 44/523][1.9s] clang-tidy-20 -checks=-*,linuxkernel-must-check-errs,misc-static-assert -p=/tmp/ktest-out/lustre-release /tmp/ktest-out/lustre-release/lustre/ptlrpc/service.c
[ 45/523][0.1s] clang-tidy-20 -checks=-*,linuxkernel-must-check-errs,misc-static-assert -p=/tmp/ktest-out/lustre-release /tmp/ktest-out/lustre-release/lustre/utils/l_tunedisk.c
[ 46/523][1.8s] clang-tidy-20 -checks=-*,linuxkernel-must-check-errs,misc-static-assert -p=/tmp/ktest-out/lustre-release /tmp/ktest-out/lustre-release/lustre/mgc/lproc_mgc.c
[ 47/523][0.1s] clang-tidy-20 -checks=-*,linuxkernel-must-check-errs,misc-static-assert -p=/tmp/ktest-out/lustre-release /tmp/ktest-out/lustre-release/lustre/utils/liblustreapi_lease.c
[ 48/523][1.4s] clang-tidy-20 -checks=-*,linuxkernel-must-check-errs,misc-static-assert -p=/tmp/ktest-out/lustre-release /tmp/ktest-out/lustre-release/lustre/mdd/mdd_permission.c
[ 49/523][0.5s] clang-tidy-20 -checks=-*,linuxkernel-must-check-errs,misc-static-assert -p=/tmp/ktest-out/lustre-release /tmp/ktest-out/lustre-release/lnet/lnet/lnet.mod.c
[ 50/523][2.0s] clang-tidy-20 -checks=-*,linuxkernel-must-check-errs,misc-static-assert -p=/tmp/ktest-out/lustre-release /tmp/ktest-out/lustre-release/lustre/mdc/mdc_acl.c
[ 51/523][0.4s] clang-tidy-20 -checks=-*,linuxkernel-must-check-errs,misc-static-assert -p=/tmp/ktest-out/lustre-release /tmp/ktest-out/lustre-release/lustre/mgs/mgs.mod.c
[ 52/523][2.1s] clang-tidy-20 -checks=-*,linuxkernel-must-check-errs,misc-static-assert -p=/tmp/ktest-out/lustre-release /tmp/ktest-out/lustre-release/lustre/llite/dir.c
[ 53/523][1.7s] clang-tidy-20 -checks=-*,linuxkernel-must-check-errs,misc-static-assert -p=/tmp/ktest-out/lustre-release /tmp/ktest-out/lustre-release/lustre/mgs/mgs_nids.c
[ 54/523][1.8s] clang-tidy-20 -checks=-*,linuxkernel-must-check-errs,misc-static-assert -p=/tmp/ktest-out/lustre-release /tmp/ktest-out/lustre-release/lustre/target/update_records.c
[ 55/523][0.1s] clang-tidy-20 -checks=-*,linuxkernel-must-check-errs,misc-static-assert -p=/tmp/ktest-out/lustre-release /tmp/ktest-out/lustre-release/lnet/utils/lnetconfig/liblnetconfig_netlink.c
[ 56/523][1.5s] clang-tidy-20 -checks=-*,linuxkernel-must-check-errs,misc-static-assert -p=/tmp/ktest-out/lustre-release /tmp/ktest-out/lustre-release/lustre/llite/lproc_llite.c
[ 57/523][1.1s] clang-tidy-20 -checks=-*,linuxkernel-must-check-errs,misc-static-assert -p=/tmp/ktest-out/lustre-release /tmp/ktest-out/lustre-release/lustre/ldlm/ldlm_resource.c
[ 58/523][0.1s] clang-tidy-20 -checks=-*,linuxkernel-must-check-errs,misc-static-assert -p=/tmp/ktest-out/lustre-release /tmp/ktest-out/lustre-release/lustre/utils/lustre_lfsck.c
[ 59/523][1.1s] clang-tidy-20 -checks=-*,linuxkernel-must-check-errs,misc-static-assert -p=/tmp/ktest-out/lustre-release /tmp/ktest-out/lustre-release/lustre/quota/lquota_disk.c
[ 60/523][1.5s] clang-tidy-20 -checks=-*,linuxkernel-must-check-errs,misc-static-assert -p=/tmp/ktest-out/lustre-release /tmp/ktest-out/lustre-release/lustre/ptlrpc/sec_gc.c
[ 61/523][1.2s] clang-tidy-20 -checks=-*,linuxkernel-must-check-errs,misc-static-assert -p=/tmp/ktest-out/lustre-release /tmp/ktest-out/lustre-release/lustre/ldlm/ldlm_plain.c
[ 62/523][1.1s] clang-tidy-20 -checks=-*,linuxkernel-must-check-errs,misc-static-assert -p=/tmp/ktest-out/lustre-release /tmp/ktest-out/lustre-release/lustre/obdclass/local_storage.c
[ 63/523][1.3s] clang-tidy-20 -checks=-*,linuxkernel-must-check-errs,misc-static-assert -p=/tmp/ktest-out/lustre-release /tmp/ktest-out/lustre-release/lustre/obdclass/llog_cat.c
[ 64/523][2.9s] clang-tidy-20 -checks=-*,linuxkernel-must-check-errs,misc-static-assert -p=/tmp/ktest-out/lustre-release /tmp/ktest-out/lustre-release/lustre/fid/fid_request.c
[ 65/523][2.9s] clang-tidy-20 -checks=-*,linuxkernel-must-check-errs,misc-static-assert -p=/tmp/ktest-out/lustre-release /tmp/ktest-out/lustre-release/lustre/obdclass/obd_sysfs.c
[ 66/523][3.0s] clang-tidy-20 -checks=-*,linuxkernel-must-check-errs,misc-static-assert -p=/tmp/ktest-out/lustre-release /tmp/ktest-out/lustre-release/lustre/osp/osp_dev.c
[ 67/523][1.2s] clang-tidy-20 -checks=-*,linuxkernel-must-check-errs,misc-static-assert -p=/tmp/ktest-out/lustre-release /tmp/ktest-out/lustre-release/lustre/fid/fid_store.c
[ 68/523][0.1s] clang-tidy-20 -checks=-*,linuxkernel-must-check-errs,misc-static-assert -p=/tmp/ktest-out/lustre-release /tmp/ktest-out/lustre-release/lustre/tests/group_lock_test.c
[ 69/523][0.1s] clang-tidy-20 -checks=-*,linuxkernel-must-check-errs,misc-static-assert -p=/tmp/ktest-out/lustre-release /tmp/ktest-out/lustre-release/lustre/utils/liblustreapi_lseek.c
[ 70/523][1.4s] clang-tidy-20 -checks=-*,linuxkernel-must-check-errs,misc-static-assert -p=/tmp/ktest-out/lustre-release /tmp/ktest-out/lustre-release/lustre/llite/llite_nfs.c
[ 71/523][1.4s] clang-tidy-20 -checks=-*,linuxkernel-must-check-errs,misc-static-assert -p=/tmp/ktest-out/lustre-release /tmp/ktest-out/lustre-release/lustre/lov/lov_page.c
[ 72/523][1.4s] clang-tidy-20 -checks=-*,linuxkernel-must-check-errs,misc-static-assert -p=/tmp/ktest-out/lustre-release /tmp/ktest-out/lustre-release/lustre/ptlrpc/ptlrpcd.c
[ 73/523][1.4s] clang-tidy-20 -checks=-*,linuxkernel-must-check-errs,misc-static-assert -p=/tmp/ktest-out/lustre-release /tmp/ktest-out/lustre-release/lustre/lov/lov_ea.c
[ 74/523][1.4s] clang-tidy-20 -checks=-*,linuxkernel-must-check-errs,misc-static-assert -p=/tmp/ktest-out/lustre-release /tmp/ktest-out/lustre-release/lustre/ptlrpc/sec_plain.c
[ 75/523][1.5s] clang-tidy-20 -checks=-*,linuxkernel-must-check-errs,misc-static-assert -p=/tmp/ktest-out/lustre-release /tmp/ktest-out/lustre-release/lustre/lov/lovsub_object.c
[ 76/523][1.4s] clang-tidy-20 -checks=-*,linuxkernel-must-check-errs,misc-static-assert -p=/tmp/ktest-out/lustre-release /tmp/ktest-out/lustre-release/lustre/obdclass/kernelcomm.c
[ 77/523][1.3s] clang-tidy-20 -checks=-*,linuxkernel-must-check-errs,misc-static-assert -p=/tmp/ktest-out/lustre-release /tmp/ktest-out/lustre-release/lustre/ptlrpc/lproc_ptlrpc.c
[ 78/523][0.1s] clang-tidy-20 -checks=-*,linuxkernel-must-check-errs,misc-static-assert -p=/tmp/ktest-out/lustre-release /tmp/ktest-out/lustre-release/lib/libcfs/l_ioctl.c
[ 79/523][1.4s] clang-tidy-20 -checks=-*,linuxkernel-must-check-errs,misc-static-assert -p=/tmp/ktest-out/lustre-release /tmp/ktest-out/lustre-release/lustre/llite/vvp_page.c
[ 80/523][0.1s] clang-tidy-20 -checks=-*,linuxkernel-must-check-errs,misc-static-assert -p=/tmp/ktest-out/lustre-release /tmp/ktest-out/lustre-release/lustre/utils/libhsm_scanner.c
[ 81/523][1.5s] clang-tidy-20 -checks=-*,linuxkernel-must-check-errs,misc-static-assert -p=/tmp/ktest-out/lustre-release /tmp/ktest-out/lustre-release/lustre/lov/lov_merge.c
[ 82/523][1.3s] clang-tidy-20 -checks=-*,linuxkernel-must-check-errs,misc-static-assert -p=/tmp/ktest-out/lustre-release /tmp/ktest-out/lustre-release/lustre/lod/lod_sub_object.c
[ 83/523][0.4s] clang-tidy-20 -checks=-*,linuxkernel-must-check-errs,misc-static-assert -p=/tmp/ktest-out/lustre-release /tmp/ktest-out/lustre-release/lustre/obdecho/obdecho.mod.c
[ 84/523][0.1s] clang-tidy-20 -checks=-*,linuxkernel-must-check-errs,misc-static-assert -p=/tmp/ktest-out/lustre-release /tmp/ktest-out/lustre-release/lustre/utils/ofd_access_log_reader.c
[ 85/523][0.1s] clang-tidy-20 -checks=-*,linuxkernel-must-check-errs,misc-static-assert -p=/tmp/ktest-out/lustre-release /tmp/ktest-out/lustre-release/lustre/tests/parse_foreign_file.c
[ 86/523][0.1s] clang-tidy-20 -checks=-*,linuxkernel-must-check-errs,misc-static-assert -p=/tmp/ktest-out/lustre-release /tmp/ktest-out/lustre-release/lustre/utils/liblustreapi_util.c
[ 87/523][1.5s] clang-tidy-20 -checks=-*,linuxkernel-must-check-errs,misc-static-assert -p=/tmp/ktest-out/lustre-release /tmp/ktest-out/lustre-release/lustre/ofd/ofd_objects.c
[ 88/523][1.3s] clang-tidy-20 -checks=-*,linuxkernel-must-check-errs,misc-static-assert -p=/tmp/ktest-out/lustre-release /tmp/ktest-out/lustre-release/lustre/mdt/mdt_batch.c
[ 89/523][0.0s] clang-tidy-20 -checks=-*,linuxkernel-must-check-errs,misc-static-assert -p=/tmp/ktest-out/lustre-release /tmp/ktest-out/lustre-release/lustre/tests/euid_access.c
[ 90/523][0.1s] clang-tidy-20 -checks=-*,linuxkernel-must-check-errs,misc-static-assert -p=/tmp/ktest-out/lustre-release /tmp/ktest-out/lustre-release/lustre/tests/ll_sparseness_verify.c
[ 91/523][1.4s] clang-tidy-20 -checks=-*,linuxkernel-must-check-errs,misc-static-assert -p=/tmp/ktest-out/lustre-release /tmp/ktest-out/lustre-release/lustre/lov/lov_dev.c
[ 92/523][1.5s] clang-tidy-20 -checks=-*,linuxkernel-must-check-errs,misc-static-assert -p=/tmp/ktest-out/lustre-release /tmp/ktest-out/lustre-release/lustre/ptlrpc/pinger.c
[ 93/523][1.3s] clang-tidy-20 -checks=-*,linuxkernel-must-check-errs,misc-static-assert -p=/tmp/ktest-out/lustre-release /tmp/ktest-out/lustre-release/lustre/mdc/mdc_changelog.c
[ 94/523][1.3s] clang-tidy-20 -checks=-*,linuxkernel-must-check-errs,misc-static-assert -p=/tmp/ktest-out/lustre-release /tmp/ktest-out/lustre-release/lustre/ptlrpc/connection.c
[ 95/523][0.1s] clang-tidy-20 -checks=-*,linuxkernel-must-check-errs,misc-static-assert -p=/tmp/ktest-out/lustre-release /tmp/ktest-out/lustre-release/lustre/tests/checkfiemap.c
[ 96/523][0.1s] clang-tidy-20 -checks=-*,linuxkernel-must-check-errs,misc-static-assert -p=/tmp/ktest-out/lustre-release /tmp/ktest-out/lustre-release/lustre/utils/debug.c
[ 97/523][0.5s] clang-tidy-20 -checks=-*,linuxkernel-must-check-errs,misc-static-assert -p=/tmp/ktest-out/lustre-release /tmp/ktest-out/lustre-release/lustre/quota/lquota.mod.c
[ 98/523][1.3s] clang-tidy-20 -checks=-*,linuxkernel-must-check-errs,misc-static-assert -p=/tmp/ktest-out/lustre-release /tmp/ktest-out/lustre-release/lustre/ptlrpc/sec.c
[ 99/523][1.3s] clang-tidy-20 -checks=-*,linuxkernel-must-check-errs,misc-static-assert -p=/tmp/ktest-out/lustre-release /tmp/ktest-out/lustre-release/lustre/ptlrpc/nodemap_handler.c
1 warning generated.
Suppressed 1 warnings (1 with check filters).

[100/523][3.7s] clang-tidy-20 -checks=-*,linuxkernel-must-check-errs,misc-static-assert -p=/tmp/ktest-out/lustre-release /tmp/ktest-out/lustre-release/lustre/mdt/mdt_handler.c
[101/523][1.2s] clang-tidy-20 -checks=-*,linuxkernel-must-check-errs,misc-static-assert -p=/tmp/ktest-out/lustre-release /tmp/ktest-out/lustre-release/lustre/target/tgt_handler.c
[102/523][0.1s] clang-tidy-20 -checks=-*,linuxkernel-must-check-errs,misc-static-assert -p=/tmp/ktest-out/lustre-release /tmp/ktest-out/lustre-release/lustre/utils/ll_decode_linkea.c
[103/523][0.8s] clang-tidy-20 -checks=-*,linuxkernel-must-check-errs,misc-static-assert -p=/tmp/ktest-out/lustre-release /tmp/ktest-out/lustre-release/libcfs/libcfs/tracefile.c
[104/523][1.3s] clang-tidy-20 -checks=-*,linuxkernel-must-check-errs,misc-static-assert -p=/tmp/ktest-out/lustre-release /tmp/ktest-out/lustre-release/lustre/lmv/lmv_fld.c
[105/523][1.2s] clang-tidy-20 -checks=-*,linuxkernel-must-check-errs,misc-static-assert -p=/tmp/ktest-out/lustre-release /tmp/ktest-out/lustre-release/lustre/osc/osc_io.c
[106/523][0.1s] clang-tidy-20 -checks=-*,linuxkernel-must-check-errs,misc-static-assert -p=/tmp/ktest-out/lustre-release /tmp/ktest-out/lustre-release/lustre/tests/rw_seq_cst_vs_drop_caches.c
[107/523][0.1s] clang-tidy-20 -checks=-*,linuxkernel-must-check-errs,misc-static-assert -p=/tmp/ktest-out/lustre-release /tmp/ktest-out/lustre-release/lnet/utils/lnetconfig/liblnetconfig.c
[108/523][1.3s] clang-tidy-20 -checks=-*,linuxkernel-must-check-errs,misc-static-assert -p=/tmp/ktest-out/lustre-release /tmp/ktest-out/lustre-release/lustre/llite/xattr_cache.c
[109/523][1.3s] clang-tidy-20 -checks=-*,linuxkernel-must-check-errs,misc-static-assert -p=/tmp/ktest-out/lustre-release /tmp/ktest-out/lustre-release/lustre/fld/fld_handler.c
[110/523][1.4s] clang-tidy-20 -checks=-*,linuxkernel-must-check-errs,misc-static-assert -p=/tmp/ktest-out/lustre-release /tmp/ktest-out/lustre-release/lustre/lfsck/lfsck_striped_dir.c
[111/523][0.8s] clang-tidy-20 -checks=-*,linuxkernel-must-check-errs,misc-static-assert -p=/tmp/ktest-out/lustre-release /home/ktest/git/linux/scripts/module-common.c
[112/523][1.4s] clang-tidy-20 -checks=-*,linuxkernel-must-check-errs,misc-static-assert -p=/tmp/ktest-out/lustre-release /tmp/ktest-out/lustre-release/lnet/lnet/lib-socket.c
1 warning generated.
Suppressed 1 warnings (1 with check filters).

[113/523][0.1s] clang-tidy-20 -checks=-*,linuxkernel-must-check-errs,misc-static-assert -p=/tmp/ktest-out/lustre-release /tmp/ktest-out/lustre-release/lnet/utils/lnetconfig/liblnetconfig_udsp.c
[114/523][1.4s] clang-tidy-20 -checks=-*,linuxkernel-must-check-errs,misc-static-assert -p=/tmp/ktest-out/lustre-release /tmp/ktest-out/lustre-release/lustre/mdt/mdt_io.c
[115/523][1.4s] clang-tidy-20 -checks=-*,linuxkernel-must-check-errs,misc-static-assert -p=/tmp/ktest-out/lustre-release /tmp/ktest-out/lustre-release/lustre/ptlrpc/sec_ctx.c
[116/523][1.2s] clang-tidy-20 -checks=-*,linuxkernel-must-check-errs,misc-static-assert -p=/tmp/ktest-out/lustre-release /tmp/ktest-out/lustre-release/lustre/obdclass/linkea.c
[117/523][1.4s] clang-tidy-20 -checks=-*,linuxkernel-must-check-errs,misc-static-assert -p=/tmp/ktest-out/lustre-release /tmp/ktest-out/lustre-release/lustre/llite/llite_foreign_symlink.c
[118/523][0.2s] clang-tidy-20 -checks=-*,linuxkernel-must-check-errs,misc-static-assert -p=/tmp/ktest-out/lustre-release /tmp/ktest-out/lustre-release/lustre/utils/wirecheck.c
[119/523][1.4s] clang-tidy-20 -checks=-*,linuxkernel-must-check-errs,misc-static-assert -p=/tmp/ktest-out/lustre-release /tmp/ktest-out/lustre-release/lustre/quota/qmt_pool.c
[120/523][0.1s] clang-tidy-20 -checks=-*,linuxkernel-must-check-errs,misc-static-assert -p=/tmp/ktest-out/lustre-release /tmp/ktest-out/lustre-release/lustre/utils/liblustreapi_layout.c
[121/523][1.4s] clang-tidy-20 -checks=-*,linuxkernel-must-check-errs,misc-static-assert -p=/tmp/ktest-out/lustre-release /tmp/ktest-out/lustre-release/lustre/obdclass/lprocfs_status.c
[122/523][0.0s] clang-tidy-20 -checks=-*,linuxkernel-must-check-errs,misc-static-assert -p=/tmp/ktest-out/lustre-release /tmp/ktest-out/lustre-release/lustre/ptlrpc/errno.c
[123/523][1.1s] clang-tidy-20 -checks=-*,linuxkernel-must-check-errs,misc-static-assert -p=/tmp/ktest-out/lustre-release /tmp/ktest-out/lustre-release/lnet/selftest/brw_test.c
[124/523][1.3s] clang-tidy-20 -checks=-*,linuxkernel-must-check-errs,misc-static-assert -p=/tmp/ktest-out/lustre-release /tmp/ktest-out/lustre-release/lustre/obdclass/llog_osd.c
[125/523][0.1s] clang-tidy-20 -checks=-*,linuxkernel-must-check-errs,misc-static-assert -p=/tmp/ktest-out/lustre-release /tmp/ktest-out/lustre-release/lustre/tests/iabf/iabf.c
[126/523][2.7s] clang-tidy-20 -checks=-*,linuxkernel-must-check-errs,misc-static-assert -p=/tmp/ktest-out/lustre-release /tmp/ktest-out/lustre-release/lustre/mgs/mgs_handler.c
[127/523][1.6s] clang-tidy-20 -checks=-*,linuxkernel-must-check-errs,misc-static-assert -p=/tmp/ktest-out/lustre-release /tmp/ktest-out/lustre-release/lustre/llite/llite_lib.c
[128/523][1.3s] clang-tidy-20 -checks=-*,linuxkernel-must-check-errs,misc-static-assert -p=/tmp/ktest-out/lustre-release /tmp/ktest-out/lustre-release/lustre/obdclass/cl_page.c
[129/523][0.1s] clang-tidy-20 -checks=-*,linuxkernel-must-check-errs,misc-static-assert -p=/tmp/ktest-out/lustre-release /tmp/ktest-out/lustre-release/lustre/tests/directio.c
[130/523][0.0s] clang-tidy-20 -checks=-*,linuxkernel-must-check-errs,misc-static-assert -p=/tmp/ktest-out/lustre-release /tmp/ktest-out/lustre-release/lustre/utils/erasurecode/ec_base_aliases.c
[131/523][0.1s] clang-tidy-20 -checks=-*,linuxkernel-must-check-errs,misc-static-assert -p=/tmp/ktest-out/lustre-release /tmp/ktest-out/lustre-release/lustre/utils/liblustreapi_pcc.c
[132/523][1.3s] clang-tidy-20 -checks=-*,linuxkernel-must-check-errs,misc-static-assert -p=/tmp/ktest-out/lustre-release /tmp/ktest-out/lustre-release/lustre/mdt/mdt_xattr.c
[133/523][1.4s] clang-tidy-20 -checks=-*,linuxkernel-must-check-errs,misc-static-assert -p=/tmp/ktest-out/lustre-release /tmp/ktest-out/lustre-release/lustre/ptlrpc/pers.c
[134/523][0.1s] clang-tidy-20 -checks=-*,linuxkernel-must-check-errs,misc-static-assert -p=/tmp/ktest-out/lustre-release /tmp/ktest-out/lustre-release/lustre/utils/lustre_rsync.c
[135/523][2.9s] clang-tidy-20 -checks=-*,linuxkernel-must-check-errs,misc-static-assert -p=/tmp/ktest-out/lustre-release /tmp/ktest-out/lustre-release/lustre/osd-wbcfs/osd_handler.c
[136/523][1.4s] clang-tidy-20 -checks=-*,linuxkernel-must-check-errs,misc-static-assert -p=/tmp/ktest-out/lustre-release /tmp/ktest-out/lustre-release/lustre/mdd/mdd_orphans.c
[137/523][0.2s] clang-tidy-20 -checks=-*,linuxkernel-must-check-errs,misc-static-assert -p=/tmp/ktest-out/lustre-release /tmp/ktest-out/lustre-release/lustre/utils/mkfs_lustre.c
[138/523][1.5s] clang-tidy-20 -checks=-*,linuxkernel-must-check-errs,misc-static-assert -p=/tmp/ktest-out/lustre-release /tmp/ktest-out/lustre-release/lnet/klnds/socklnd/socklnd_lib.c
[139/523][1.2s] clang-tidy-20 -checks=-*,linuxkernel-must-check-errs,misc-static-assert -p=/tmp/ktest-out/lustre-release /tmp/ktest-out/lustre-release/lustre/ofd/ofd_lvb.c
[140/523][1.4s] clang-tidy-20 -checks=-*,linuxkernel-must-check-errs,misc-static-assert -p=/tmp/ktest-out/lustre-release /tmp/ktest-out/lustre-release/lustre/target/update_trans.c
[141/523][0.0s] clang-tidy-20 -checks=-*,linuxkernel-must-check-errs,misc-static-assert -p=/tmp/ktest-out/lustre-release /tmp/ktest-out/lustre-release/lustre/tests/openunlink.c
[142/523][0.0s] clang-tidy-20 -checks=-*,linuxkernel-must-check-errs,misc-static-assert -p=/tmp/ktest-out/lustre-release /tmp/ktest-out/lustre-release/lustre/tests/tchmod.c
[143/523][0.4s] clang-tidy-20 -checks=-*,linuxkernel-must-check-errs,misc-static-assert -p=/tmp/ktest-out/lustre-release /tmp/ktest-out/lustre-release/lustre/ec/ec_kmod.c
[144/523][0.1s] clang-tidy-20 -checks=-*,linuxkernel-must-check-errs,misc-static-assert -p=/tmp/ktest-out/lustre-release /tmp/ktest-out/lustre-release/lustre/utils/liblustreapi_nodemap.c
[145/523][1.4s] clang-tidy-20 -checks=-*,linuxkernel-must-check-errs,misc-static-assert -p=/tmp/ktest-out/lustre-release /tmp/ktest-out/lustre-release/lustre/lod/lod_qos.c
[146/523][1.4s] clang-tidy-20 -checks=-*,linuxkernel-must-check-errs,misc-static-assert -p=/tmp/ktest-out/lustre-release /tmp/ktest-out/lustre-release/lustre/target/out_lib.c
[147/523][0.1s] clang-tidy-20 -checks=-*,linuxkernel-must-check-errs,misc-static-assert -p=/tmp/ktest-out/lustre-release /tmp/ktest-out/lustre-release/lustre/tests/writeme.c
[148/523][1.5s] clang-tidy-20 -checks=-*,linuxkernel-must-check-errs,misc-static-assert -p=/tmp/ktest-out/lustre-release /tmp/ktest-out/lustre-release/lustre/osc/osc_cache.c
[149/523][0.1s] clang-tidy-20 -checks=-*,linuxkernel-must-check-errs,misc-static-assert -p=/tmp/ktest-out/lustre-release /tmp/ktest-out/lustre-release/lustre/tests/ll_dirstripe_verify.c
[150/523][0.4s] clang-tidy-20 -checks=-*,linuxkernel-must-check-errs,misc-static-assert -p=/tmp/ktest-out/lustre-release /tmp/ktest-out/lustre-release/lustre/osp/osp.mod.c
[151/523][1.1s] clang-tidy-20 -checks=-*,linuxkernel-must-check-errs,misc-static-assert -p=/tmp/ktest-out/lustre-release /tmp/ktest-out/lustre-release/lnet/lnet/lib-msg.c
[152/523][1.1s] clang-tidy-20 -checks=-*,linuxkernel-must-check-errs,misc-static-assert -p=/tmp/ktest-out/lustre-release /tmp/ktest-out/lustre-release/lustre/obdclass/scrub.c
[153/523][1.4s] clang-tidy-20 -checks=-*,linuxkernel-must-check-errs,misc-static-assert -p=/tmp/ktest-out/lustre-release /tmp/ktest-out/lustre-release/lustre/ldlm/ldlm_pool.c
[154/523][1.5s] clang-tidy-20 -checks=-*,linuxkernel-must-check-errs,misc-static-assert -p=/tmp/ktest-out/lustre-release /tmp/ktest-out/lustre-release/lustre/ptlrpc/pack_generic.c
[155/523][1.6s] clang-tidy-20 -checks=-*,linuxkernel-must-check-errs,misc-static-assert -p=/tmp/ktest-out/lustre-release /tmp/ktest-out/lustre-release/lustre/mdd/mdd_dir.c
[156/523][0.1s] clang-tidy-20 -checks=-*,linuxkernel-must-check-errs,misc-static-assert -p=/tmp/ktest-out/lustre-release /tmp/ktest-out/lustre-release/lib/libcfs/parser.c
[157/523][1.2s] clang-tidy-20 -checks=-*,linuxkernel-must-check-errs,misc-static-assert -p=/tmp/ktest-out/lustre-release /tmp/ktest-out/lustre-release/lustre/target/out_handler.c
[158/523][1.2s] clang-tidy-20 -checks=-*,linuxkernel-must-check-errs,misc-static-assert -p=/tmp/ktest-out/lustre-release /tmp/ktest-out/lustre-release/lustre/ofd/ofd_obd.c
[159/523][0.1s] clang-tidy-20 -checks=-*,linuxkernel-must-check-errs,misc-static-assert -p=/tmp/ktest-out/lustre-release /tmp/ktest-out/lustre-release/lustre/tests/llapi_layout_test.c
[160/523][0.1s] clang-tidy-20 -checks=-*,linuxkernel-must-check-errs,misc-static-assert -p=/tmp/ktest-out/lustre-release /tmp/ktest-out/lustre-release/lustre/tests/openfilleddirunlink.c
[161/523][1.2s] clang-tidy-20 -checks=-*,linuxkernel-must-check-errs,misc-static-assert -p=/tmp/ktest-out/lustre-release /tmp/ktest-out/lustre-release/lustre/mdt/mdt_identity.c
[162/523][1.1s] clang-tidy-20 -checks=-*,linuxkernel-must-check-errs,misc-static-assert -p=/tmp/ktest-out/lustre-release /tmp/ktest-out/lustre-release/libcfs/libcfs/module.c
[163/523][1.3s] clang-tidy-20 -checks=-*,linuxkernel-must-check-errs,misc-static-assert -p=/tmp/ktest-out/lustre-release /tmp/ktest-out/lustre-release/lustre/obdclass/llog_obd.c
[164/523][1.4s] clang-tidy-20 -checks=-*,linuxkernel-must-check-errs,misc-static-assert -p=/tmp/ktest-out/lustre-release /tmp/ktest-out/lustre-release/lustre/llite/acl.c
[165/523][1.3s] clang-tidy-20 -checks=-*,linuxkernel-must-check-errs,misc-static-assert -p=/tmp/ktest-out/lustre-release /tmp/ktest-out/lustre-release/lustre/mdc/mdc_reint.c
[166/523][1.3s] clang-tidy-20 -checks=-*,linuxkernel-must-check-errs,misc-static-assert -p=/tmp/ktest-out/lustre-release /tmp/ktest-out/lustre-release/lustre/obdclass/md_attrs.c
[167/523][1.3s] clang-tidy-20 -checks=-*,linuxkernel-must-check-errs,misc-static-assert -p=/tmp/ktest-out/lustre-release /tmp/ktest-out/lustre-release/lustre/ofd/ofd_dlm.c
[168/523][1.3s] clang-tidy-20 -checks=-*,linuxkernel-must-check-errs,misc-static-assert -p=/tmp/ktest-out/lustre-release /tmp/ktest-out/lustre-release/lustre/obdclass/llog_swab.c
[169/523][0.1s] clang-tidy-20 -checks=-*,linuxkernel-must-check-errs,misc-static-assert -p=/tmp/ktest-out/lustre-release /tmp/ktest-out/lustre-release/lustre/tests/sendfile_grouplock.c
[170/523][1.3s] clang-tidy-20 -checks=-*,linuxkernel-must-check-errs,misc-static-assert -p=/tmp/ktest-out/lustre-release /tmp/ktest-out/lustre-release/lustre/osd-wbcfs/osd_object.c
[171/523][2.7s] clang-tidy-20 -checks=-*,linuxkernel-must-check-errs,misc-static-assert -p=/tmp/ktest-out/lustre-release /tmp/ktest-out/lustre-release/lustre/kunit/llog_test.c
[172/523][0.1s] clang-tidy-20 -checks=-*,linuxkernel-must-check-errs,misc-static-assert -p=/tmp/ktest-out/lustre-release /tmp/ktest-out/lustre-release/lustre/tests/mrename.c
[173/523][1.3s] clang-tidy-20 -checks=-*,linuxkernel-must-check-errs,misc-static-assert -p=/tmp/ktest-out/lustre-release /tmp/ktest-out/lustre-release/lustre/quota/qsd_writeback.c
[174/523][0.1s] clang-tidy-20 -checks=-*,linuxkernel-must-check-errs,misc-static-assert -p=/tmp/ktest-out/lustre-release /tmp/ktest-out/lustre-release/lustre/tests/fadvise_dontneed_helper.c
[175/523][0.1s] clang-tidy-20 -checks=-*,linuxkernel-must-check-errs,misc-static-assert -p=/tmp/ktest-out/lustre-release /tmp/ktest-out/lustre-release/lustre/tests/check_fallocate.c
[176/523][1.4s] clang-tidy-20 -checks=-*,linuxkernel-must-check-errs,misc-static-assert -p=/tmp/ktest-out/lustre-release /tmp/ktest-out/lustre-release/lustre/lov/lov_offset.c
[177/523][2.8s] clang-tidy-20 -checks=-*,linuxkernel-must-check-errs,misc-static-assert -p=/tmp/ktest-out/lustre-release /tmp/ktest-out/lustre-release/lustre/obdclass/class_obd.c
[178/523][0.1s] clang-tidy-20 -checks=-*,linuxkernel-must-check-errs,misc-static-assert -p=/tmp/ktest-out/lustre-release /tmp/ktest-out/lustre-release/lustre/tests/rename_many.c
[179/523][0.1s] clang-tidy-20 -checks=-*,linuxkernel-must-check-errs,misc-static-assert -p=/tmp/ktest-out/lustre-release /tmp/ktest-out/lustre-release/lustre/tests/llapi_test_utils.c
[180/523][1.6s] clang-tidy-20 -checks=-*,linuxkernel-must-check-errs,misc-static-assert -p=/tmp/ktest-out/lustre-release /tmp/ktest-out/lustre-release/lustre/ptlrpc/wiretest.c
[181/523][1.4s] clang-tidy-20 -checks=-*,linuxkernel-must-check-errs,misc-static-assert -p=/tmp/ktest-out/lustre-release /tmp/ktest-out/lustre-release/lustre/obdclass/lu_object.c
[182/523][1.3s] clang-tidy-20 -checks=-*,linuxkernel-must-check-errs,misc-static-assert -p=/tmp/ktest-out/lustre-release /tmp/ktest-out/lustre-release/lustre/quota/qsd_entry.c
[183/523][0.1s] clang-tidy-20 -checks=-*,linuxkernel-must-check-errs,misc-static-assert -p=/tmp/ktest-out/lustre-release /tmp/ktest-out/lustre-release/lustre/tests/createtest.c
[184/523][1.5s] clang-tidy-20 -checks=-*,linuxkernel-must-check-errs,misc-static-assert -p=/tmp/ktest-out/lustre-release /tmp/ktest-out/lustre-release/lustre/ldlm/ldlm_extent.c
[185/523][0.5s] clang-tidy-20 -checks=-*,linuxkernel-must-check-errs,misc-static-assert -p=/tmp/ktest-out/lustre-release /tmp/ktest-out/lustre-release/lustre/osd-wbcfs/osd_wbcfs.mod.c
[186/523][0.1s] clang-tidy-20 -checks=-*,linuxkernel-must-check-errs,misc-static-assert -p=/tmp/ktest-out/lustre-release /tmp/ktest-out/lustre-release/lustre/utils/pid_file.c
[187/523][0.1s] clang-tidy-20 -checks=-*,linuxkernel-must-check-errs,misc-static-assert -p=/tmp/ktest-out/lustre-release /tmp/ktest-out/lustre-release/lustre/tests/createmany.c
[188/523][1.6s] clang-tidy-20 -checks=-*,linuxkernel-must-check-errs,misc-static-assert -p=/tmp/ktest-out/lustre-release /tmp/ktest-out/lustre-release/lustre/target/barrier.c
[189/523][1.6s] clang-tidy-20 -checks=-*,linuxkernel-must-check-errs,misc-static-assert -p=/tmp/ktest-out/lustre-release /tmp/ktest-out/lustre-release/lustre/obdclass/obd_config.c
[190/523][0.1s] clang-tidy-20 -checks=-*,linuxkernel-must-check-errs,misc-static-assert -p=/tmp/ktest-out/lustre-release /tmp/ktest-out/lustre-release/lustre/tests/statmany.c
[191/523][0.1s] clang-tidy-20 -checks=-*,linuxkernel-must-check-errs,misc-static-assert -p=/tmp/ktest-out/lustre-release /tmp/ktest-out/lustre-release/lustre/utils/lustre_cfg.c
[192/523][1.3s] clang-tidy-20 -checks=-*,linuxkernel-must-check-errs,misc-static-assert -p=/tmp/ktest-out/lustre-release /tmp/ktest-out/lustre-release/lustre/ptlrpc/nrs_delay.c
[193/523][0.1s] clang-tidy-20 -checks=-*,linuxkernel-must-check-errs,misc-static-assert -p=/tmp/ktest-out/lustre-release /tmp/ktest-out/lustre-release/lustre/utils/liblustreapi_hsm.c
[194/523][0.1s] clang-tidy-20 -checks=-*,linuxkernel-must-check-errs,misc-static-assert -p=/tmp/ktest-out/lustre-release /tmp/ktest-out/lustre-release/lustre/utils/lctl.c
[195/523][1.4s] clang-tidy-20 -checks=-*,linuxkernel-must-check-errs,misc-static-assert -p=/tmp/ktest-out/lustre-release /tmp/ktest-out/lustre-release/lustre/obdclass/llog_ioctl.c
[196/523][1.6s] clang-tidy-20 -checks=-*,linuxkernel-must-check-errs,misc-static-assert -p=/tmp/ktest-out/lustre-release /tmp/ktest-out/lustre-release/lustre/osc/osc_lock.c
[197/523][1.8s] clang-tidy-20 -checks=-*,linuxkernel-must-check-errs,misc-static-assert -p=/tmp/ktest-out/lustre-release /tmp/ktest-out/lustre-release/lustre/mdt/mdt_hsm_cdt_agent.c
[198/523][1.5s] clang-tidy-20 -checks=-*,linuxkernel-must-check-errs,misc-static-assert -p=/tmp/ktest-out/lustre-release /tmp/ktest-out/lustre-release/lustre/llite/llite_foreign.c
[199/523][1.4s] clang-tidy-20 -checks=-*,linuxkernel-must-check-errs,misc-static-assert -p=/tmp/ktest-out/lustre-release /tmp/ktest-out/lustre-release/lustre/llite/xattr.c
[200/523][0.1s] clang-tidy-20 -checks=-*,linuxkernel-must-check-errs,misc-static-assert -p=/tmp/ktest-out/lustre-release /tmp/ktest-out/lustre-release/lustre/tests/check_fhandle_syscalls.c
[201/523][1.6s] clang-tidy-20 -checks=-*,linuxkernel-must-check-errs,misc-static-assert -p=/tmp/ktest-out/lustre-release /tmp/ktest-out/lustre-release/lustre/quota/qsd_config.c
[202/523][1.4s] clang-tidy-20 -checks=-*,linuxkernel-must-check-errs,misc-static-assert -p=/tmp/ktest-out/lustre-release /tmp/ktest-out/lustre-release/lustre/obdclass/lustre_peer.c
[203/523][2.7s] clang-tidy-20 -checks=-*,linuxkernel-must-check-errs,misc-static-assert -p=/tmp/ktest-out/lustre-release /tmp/ktest-out/lustre-release/lustre/fld/fld_request.c
[204/523][0.1s] clang-tidy-20 -checks=-*,linuxkernel-must-check-errs,misc-static-assert -p=/tmp/ktest-out/lustre-release /tmp/ktest-out/lustre-release/lustre/utils/lsnapshot.c
[205/523][1.7s] clang-tidy-20 -checks=-*,linuxkernel-must-check-errs,misc-static-assert -p=/tmp/ktest-out/lustre-release /tmp/ktest-out/lustre-release/lustre/ldlm/ldlm_lockd.c
[206/523][1.8s] clang-tidy-20 -checks=-*,linuxkernel-must-check-errs,misc-static-assert -p=/tmp/ktest-out/lustre-release /tmp/ktest-out/lustre-release/lustre/osp/osp_trans.c
[207/523][1.7s] clang-tidy-20 -checks=-*,linuxkernel-must-check-errs,misc-static-assert -p=/tmp/ktest-out/lustre-release /tmp/ktest-out/lustre-release/lustre/llite/dcache.c
[208/523][1.5s] clang-tidy-20 -checks=-*,linuxkernel-must-check-errs,misc-static-assert -p=/tmp/ktest-out/lustre-release /tmp/ktest-out/lustre-release/lustre/mdc/lproc_mdc.c
[209/523][1.4s] clang-tidy-20 -checks=-*,linuxkernel-must-check-errs,misc-static-assert -p=/tmp/ktest-out/lustre-release /tmp/ktest-out/lustre-release/lustre/obdclass/dt_object.c
[210/523][0.6s] clang-tidy-20 -checks=-*,linuxkernel-must-check-errs,misc-static-assert -p=/tmp/ktest-out/lustre-release /tmp/ktest-out/lustre-release/lustre/llite/lustre.mod.c
[211/523][1.5s] clang-tidy-20 -checks=-*,linuxkernel-must-check-errs,misc-static-assert -p=/tmp/ktest-out/lustre-release /tmp/ktest-out/lustre-release/lustre/obdclass/page_pools.c
[212/523][1.4s] clang-tidy-20 -checks=-*,linuxkernel-must-check-errs,misc-static-assert -p=/tmp/ktest-out/lustre-release /tmp/ktest-out/lustre-release/lustre/ptlrpc/llog_client.c
[213/523][0.1s] clang-tidy-20 -checks=-*,linuxkernel-must-check-errs,misc-static-assert -p=/tmp/ktest-out/lustre-release /tmp/ktest-out/lustre-release/lustre/tests/create_foreign_dir.c
[214/523][0.2s] clang-tidy-20 -checks=-*,linuxkernel-must-check-errs,misc-static-assert -p=/tmp/ktest-out/lustre-release /tmp/ktest-out/lustre-release/lustre/utils/liblustreapi_pfind.c
[215/523][0.1s] clang-tidy-20 -checks=-*,linuxkernel-must-check-errs,misc-static-assert -p=/tmp/ktest-out/lustre-release /tmp/ktest-out/lustre-release/lustre/tests/openfile.c
[216/523][1.7s] clang-tidy-20 -checks=-*,linuxkernel-must-check-errs,misc-static-assert -p=/tmp/ktest-out/lustre-release /tmp/ktest-out/lustre-release/lustre/ptlrpc/nrs_fifo.c
[217/523][1.3s] clang-tidy-20 -checks=-*,linuxkernel-must-check-errs,misc-static-assert -p=/tmp/ktest-out/lustre-release /tmp/ktest-out/lustre-release/lustre/ptlrpc/heap.c
[218/523][0.0s] clang-tidy-20 -checks=-*,linuxkernel-must-check-errs,misc-static-assert -p=/tmp/ktest-out/lustre-release /tmp/ktest-out/lustre-release/lustre/tests/expand_truncate_test.c
[219/523][3.2s] clang-tidy-20 -checks=-*,linuxkernel-must-check-errs,misc-static-assert -p=/tmp/ktest-out/lustre-release /tmp/ktest-out/lustre-release/lustre/mdc/mdc_request.c
[220/523][0.2s] clang-tidy-20 -checks=-*,linuxkernel-must-check-errs,misc-static-assert -p=/tmp/ktest-out/lustre-release /tmp/ktest-out/lustre-release/lustre/utils/lhsmtool_posix.c
[221/523][1.7s] clang-tidy-20 -checks=-*,linuxkernel-must-check-errs,misc-static-assert -p=/tmp/ktest-out/lustre-release /tmp/ktest-out/lustre-release/lustre/lod/lod_object.c
[222/523][0.1s] clang-tidy-20 -checks=-*,linuxkernel-must-check-errs,misc-static-assert -p=/tmp/ktest-out/lustre-release /tmp/ktest-out/lustre-release/lustre/tests/io_uring_probe.c
[223/523][0.1s] clang-tidy-20 -checks=-*,linuxkernel-must-check-errs,misc-static-assert -p=/tmp/ktest-out/lustre-release /tmp/ktest-out/lustre-release/lustre/utils/nidlist.c
[224/523][1.6s] clang-tidy-20 -checks=-*,linuxkernel-must-check-errs,misc-static-assert -p=/tmp/ktest-out/lustre-release /tmp/ktest-out/lustre-release/lustre/target/update_recovery.c
[225/523][1.9s] clang-tidy-20 -checks=-*,linuxkernel-must-check-errs,misc-static-assert -p=/tmp/ktest-out/lustre-release /tmp/ktest-out/lustre-release/lustre/mdt/mdt_open.c
[226/523][1.7s] clang-tidy-20 -checks=-*,linuxkernel-must-check-errs,misc-static-assert -p=/tmp/ktest-out/lustre-release /tmp/ktest-out/lustre-release/lnet/klnds/socklnd/socklnd_proto.c
[227/523][0.5s] clang-tidy-20 -checks=-*,linuxkernel-must-check-errs,misc-static-assert -p=/tmp/ktest-out/lustre-release /tmp/ktest-out/lustre-release/lustre/ec/ec_base.c
[228/523][1.1s] clang-tidy-20 -checks=-*,linuxkernel-must-check-errs,misc-static-assert -p=/tmp/ktest-out/lustre-release /tmp/ktest-out/lustre-release/lustre_compat/misc.c
[229/523][1.5s] clang-tidy-20 -checks=-*,linuxkernel-must-check-errs,misc-static-assert -p=/tmp/ktest-out/lustre-release /tmp/ktest-out/lustre-release/lustre/mdc/mdc_dev.c
[230/523][1.4s] clang-tidy-20 -checks=-*,linuxkernel-must-check-errs,misc-static-assert -p=/tmp/ktest-out/lustre-release /tmp/ktest-out/lustre-release/lnet/lnet/api-ni.c
[231/523][1.8s] clang-tidy-20 -checks=-*,linuxkernel-must-check-errs,misc-static-assert -p=/tmp/ktest-out/lustre-release /tmp/ktest-out/lustre-release/lustre/ofd/ofd_access_log.c
[232/523][0.4s] clang-tidy-20 -checks=-*,linuxkernel-must-check-errs,misc-static-assert -p=/tmp/ktest-out/lustre-release /tmp/ktest-out/lustre-release/lustre/utils/obd.c
[233/523][0.1s] clang-tidy-20 -checks=-*,linuxkernel-must-check-errs,misc-static-assert -p=/tmp/ktest-out/lustre-release /tmp/ktest-out/lustre-release/lib/libcfs/string.c
[234/523][1.8s] clang-tidy-20 -checks=-*,linuxkernel-must-check-errs,misc-static-assert -p=/tmp/ktest-out/lustre-release /tmp/ktest-out/lustre-release/lustre/llite/pcc.c
[235/523][3.4s] clang-tidy-20 -checks=-*,linuxkernel-must-check-errs,misc-static-assert -p=/tmp/ktest-out/lustre-release /tmp/ktest-out/lustre-release/lustre/ofd/ofd_dev.c
[236/523][0.1s] clang-tidy-20 -checks=-*,linuxkernel-must-check-errs,misc-static-assert -p=/tmp/ktest-out/lustre-release /tmp/ktest-out/lustre-release/lustre/tests/multifstat.c
[237/523][1.5s] clang-tidy-20 -checks=-*,linuxkernel-must-check-errs,misc-static-assert -p=/tmp/ktest-out/lustre-release /tmp/ktest-out/lustre-release/lustre/osd-wbcfs/osd_io.c
[238/523][1.9s] clang-tidy-20 -checks=-*,linuxkernel-must-check-errs,misc-static-assert -p=/tmp/ktest-out/lustre-release /tmp/ktest-out/lustre-release/lustre/obdclass/obd_cksum.c
[239/523][1.3s] clang-tidy-20 -checks=-*,linuxkernel-must-check-errs,misc-static-assert -p=/tmp/ktest-out/lustre-release /tmp/ktest-out/lustre-release/lnet/lnet/lib-move.c
[240/523][1.8s] clang-tidy-20 -checks=-*,linuxkernel-must-check-errs,misc-static-assert -p=/tmp/ktest-out/lustre-release /tmp/ktest-out/lustre-release/lustre/osc/osc_object.c
[241/523][1.2s] clang-tidy-20 -checks=-*,linuxkernel-must-check-errs,misc-static-assert -p=/tmp/ktest-out/lustre-release /tmp/ktest-out/lustre-release/lustre/obdclass/lu_tgt_pool.c
[242/523][0.2s] clang-tidy-20 -checks=-*,linuxkernel-must-check-errs,misc-static-assert -p=/tmp/ktest-out/lustre-release /tmp/ktest-out/lustre-release/lustre/tests/ll_sparseness_write.c
[243/523][0.9s] clang-tidy-20 -checks=-*,linuxkernel-must-check-errs,misc-static-assert -p=/tmp/ktest-out/lustre-release /tmp/ktest-out/lustre-release/lustre/kunit/obd_mod_rpcs_test.mod.c
[244/523][2.8s] clang-tidy-20 -checks=-*,linuxkernel-must-check-errs,misc-static-assert -p=/tmp/ktest-out/lustre-release /tmp/ktest-out/lustre-release/lustre/kunit/obd_mod_rpcs_test.c
[245/523][1.6s] clang-tidy-20 -checks=-*,linuxkernel-must-check-errs,misc-static-assert -p=/tmp/ktest-out/lustre-release /tmp/ktest-out/lustre-release/lustre/ldlm/ldlm_lib.c
[246/523][1.4s] clang-tidy-20 -checks=-*,linuxkernel-must-check-errs,misc-static-assert -p=/tmp/ktest-out/lustre-release /tmp/ktest-out/lustre-release/lnet/lnet/lnet_debugfs.c
[247/523][2.3s] clang-tidy-20 -checks=-*,linuxkernel-must-check-errs,misc-static-assert -p=/tmp/ktest-out/lustre-release /tmp/ktest-out/lustre-release/lustre/lov/lov_request.c
[248/523][0.2s] clang-tidy-20 -checks=-*,linuxkernel-must-check-errs,misc-static-assert -p=/tmp/ktest-out/lustre-release /tmp/ktest-out/lustre-release/lustre/tests/lov_getstripe_old.c
[249/523][0.1s] clang-tidy-20 -checks=-*,linuxkernel-must-check-errs,misc-static-assert -p=/tmp/ktest-out/lustre-release /tmp/ktest-out/lustre-release/lustre/utils/lshowmount.c
[250/523][2.0s] clang-tidy-20 -checks=-*,linuxkernel-must-check-errs,misc-static-assert -p=/tmp/ktest-out/lustre-release /tmp/ktest-out/lustre-release/lustre/obdclass/integrity.c
[251/523][1.3s] clang-tidy-20 -checks=-*,linuxkernel-must-check-errs,misc-static-assert -p=/tmp/ktest-out/lustre-release /tmp/ktest-out/lustre-release/lustre/target/tgt_grant.c
[252/523][1.9s] clang-tidy-20 -checks=-*,linuxkernel-must-check-errs,misc-static-assert -p=/tmp/ktest-out/lustre-release /tmp/ktest-out/lustre-release/lustre/mdt/mdt_hsm.c
[253/523][0.2s] clang-tidy-20 -checks=-*,linuxkernel-must-check-errs,misc-static-assert -p=/tmp/ktest-out/lustre-release /tmp/ktest-out/lustre-release/lustre/utils/lustre_param.c
[254/523][1.8s] clang-tidy-20 -checks=-*,linuxkernel-must-check-errs,misc-static-assert -p=/tmp/ktest-out/lustre-release /tmp/ktest-out/lustre-release/lustre/lfsck/lfsck_engine.c
[255/523][0.1s] clang-tidy-20 -checks=-*,linuxkernel-must-check-errs,misc-static-assert -p=/tmp/ktest-out/lustre-release /tmp/ktest-out/lustre-release/lustre/utils/liblustreapi_fid.c
[256/523][0.5s] clang-tidy-20 -checks=-*,linuxkernel-must-check-errs,misc-static-assert -p=/tmp/ktest-out/lustre-release /tmp/ktest-out/lustre-release/lustre/lmv/lmv.mod.c
[257/523][0.5s] clang-tidy-20 -checks=-*,linuxkernel-must-check-errs,misc-static-assert -p=/tmp/ktest-out/lustre-release /tmp/ktest-out/lustre-release/lustre/fld/fld.mod.c
[258/523][2.6s] clang-tidy-20 -checks=-*,linuxkernel-must-check-errs,misc-static-assert -p=/tmp/ktest-out/lustre-release /tmp/ktest-out/lustre-release/lustre/ptlrpc/nodemap_storage.c
[259/523][1.8s] clang-tidy-20 -checks=-*,linuxkernel-must-check-errs,misc-static-assert -p=/tmp/ktest-out/lustre-release /tmp/ktest-out/lustre-release/lustre/osp/osp_md_object.c
[260/523][1.8s] clang-tidy-20 -checks=-*,linuxkernel-must-check-errs,misc-static-assert -p=/tmp/ktest-out/lustre-release /tmp/ktest-out/lustre-release/lustre/obdclass/lu_tgt_descs.c
[261/523][0.1s] clang-tidy-20 -checks=-*,linuxkernel-must-check-errs,misc-static-assert -p=/tmp/ktest-out/lustre-release /tmp/ktest-out/lustre-release/lustre/tests/unlinkmany.c
[262/523][0.1s] clang-tidy-20 -checks=-*,linuxkernel-must-check-errs,misc-static-assert -p=/tmp/ktest-out/lustre-release /tmp/ktest-out/lustre-release/lustre/tests/mmap_mknod_test.c
[263/523][0.6s] clang-tidy-20 -checks=-*,linuxkernel-must-check-errs,misc-static-assert -p=/tmp/ktest-out/lustre-release /tmp/ktest-out/lustre-release/lustre/kunit/ec_test.mod.c
[264/523][3.2s] clang-tidy-20 -checks=-*,linuxkernel-must-check-errs,misc-static-assert -p=/tmp/ktest-out/lustre-release /tmp/ktest-out/lustre-release/lustre/mdd/mdd_device.c
[265/523][1.2s] clang-tidy-20 -checks=-*,linuxkernel-must-check-errs,misc-static-assert -p=/tmp/ktest-out/lustre-release /tmp/ktest-out/lustre-release/lustre/obdclass/range_lock.c
[266/523][1.9s] clang-tidy-20 -checks=-*,linuxkernel-must-check-errs,misc-static-assert -p=/tmp/ktest-out/lustre-release /tmp/ktest-out/lustre-release/lustre/ptlrpc/sec_lproc.c
[267/523][2.3s] clang-tidy-20 -checks=-*,linuxkernel-must-check-errs,misc-static-assert -p=/tmp/ktest-out/lustre-release /tmp/ktest-out/lustre-release/lustre/obdclass/hash.c
[268/523][3.7s] clang-tidy-20 -checks=-*,linuxkernel-must-check-errs,misc-static-assert -p=/tmp/ktest-out/lustre-release /tmp/ktest-out/lustre-release/lustre/quota/lquota_lib.c
[269/523][0.1s] clang-tidy-20 -checks=-*,linuxkernel-must-check-errs,misc-static-assert -p=/tmp/ktest-out/lustre-release /tmp/ktest-out/lustre-release/lustre/tests/small_write.c
[270/523][1.6s] clang-tidy-20 -checks=-*,linuxkernel-must-check-errs,misc-static-assert -p=/tmp/ktest-out/lustre-release /tmp/ktest-out/lustre-release/lustre/obdclass/cl_io.c
[271/523][0.9s] clang-tidy-20 -checks=-*,linuxkernel-must-check-errs,misc-static-assert -p=/tmp/ktest-out/lustre-release /tmp/ktest-out/lustre-release/lustre/kunit/ldlm_extent.mod.c
[272/523][0.1s] clang-tidy-20 -checks=-*,linuxkernel-must-check-errs,misc-static-assert -p=/tmp/ktest-out/lustre-release /tmp/ktest-out/lustre-release/lustre/tests/checkstat.c
[273/523][2.4s] clang-tidy-20 -checks=-*,linuxkernel-must-check-errs,misc-static-assert -p=/tmp/ktest-out/lustre-release /tmp/ktest-out/lustre-release/lustre/mdt/mdt_reint.c
[274/523][1.6s] clang-tidy-20 -checks=-*,linuxkernel-must-check-errs,misc-static-assert -p=/tmp/ktest-out/lustre-release /tmp/ktest-out/lustre-release/lnet/klnds/socklnd/socklnd_cb.c
lnet/klnds/socklnd/socklnd_cb.c:2180:7: warning: result from function 'PTR_ERR_OR_ZERO' is unused [linuxkernel-must-check-errs]
 2180 |         rc = ksocknal_thread_start(ksocknal_connd, NULL,
      |              ^
lnet/klnds/socklnd/socklnd.h:639:3: note: expanded from macro 'ksocknal_thread_start'
  639 |                 PTR_ERR_OR_ZERO(__task);                                \
      |                 ^
1 warning generated.

[275/523][0.1s] clang-tidy-20 -checks=-*,linuxkernel-must-check-errs,misc-static-assert -p=/tmp/ktest-out/lustre-release /tmp/ktest-out/lustre-release/lustre/tests/aheadmany.c
[276/523][0.1s] clang-tidy-20 -checks=-*,linuxkernel-must-check-errs,misc-static-assert -p=/tmp/ktest-out/lustre-release /tmp/ktest-out/lustre-release/lustre/utils/liblustreapi_json.c
[277/523][3.8s] clang-tidy-20 -checks=-*,linuxkernel-must-check-errs,misc-static-assert -p=/tmp/ktest-out/lustre-release /tmp/ktest-out/lustre-release/lustre/ptlrpc/import.c
[278/523][0.5s] clang-tidy-20 -checks=-*,linuxkernel-must-check-errs,misc-static-assert -p=/tmp/ktest-out/lustre-release /tmp/ktest-out/lustre-release/lustre/lod/lod.mod.c
[279/523][1.7s] clang-tidy-20 -checks=-*,linuxkernel-must-check-errs,misc-static-assert -p=/tmp/ktest-out/lustre-release /tmp/ktest-out/lustre-release/lustre/target/tgt_mount.c
[280/523][0.1s] clang-tidy-20 -checks=-*,linuxkernel-must-check-errs,misc-static-assert -p=/tmp/ktest-out/lustre-release /tmp/ktest-out/lustre-release/lustre/tests/rwv.c
[281/523][2.4s] clang-tidy-20 -checks=-*,linuxkernel-must-check-errs,misc-static-assert -p=/tmp/ktest-out/lustre-release /tmp/ktest-out/lustre-release/lustre/lfsck/lfsck_layout.c
[282/523][0.6s] clang-tidy-20 -checks=-*,linuxkernel-must-check-errs,misc-static-assert -p=/tmp/ktest-out/lustre-release /tmp/ktest-out/lustre-release/lustre/ofd/ofd.mod.c
[283/523][1.9s] clang-tidy-20 -checks=-*,linuxkernel-must-check-errs,misc-static-assert -p=/tmp/ktest-out/lustre-release /tmp/ktest-out/lustre-release/lustre/obdclass/upcall_cache_internal.c
[284/523][2.0s] clang-tidy-20 -checks=-*,linuxkernel-must-check-errs,misc-static-assert -p=/tmp/ktest-out/lustre-release /tmp/ktest-out/lustre-release/lustre/ptlrpc/nodemap_member.c
[285/523][0.1s] clang-tidy-20 -checks=-*,linuxkernel-must-check-errs,misc-static-assert -p=/tmp/ktest-out/lustre-release /tmp/ktest-out/lustre-release/lustre/utils/callvpe.c
[286/523][1.6s] clang-tidy-20 -checks=-*,linuxkernel-must-check-errs,misc-static-assert -p=/tmp/ktest-out/lustre-release /tmp/ktest-out/lustre-release/lustre/lov/lov_object.c
[287/523][1.9s] clang-tidy-20 -checks=-*,linuxkernel-must-check-errs,misc-static-assert -p=/tmp/ktest-out/lustre-release /tmp/ktest-out/lustre-release/lnet/klnds/socklnd/socklnd.c
lnet/klnds/socklnd/socklnd.c:2391:8: warning: result from function 'PTR_ERR_OR_ZERO' is unused [linuxkernel-must-check-errs]
 2391 |                 rc = ksocknal_thread_start(ksocknal_connd,
      |                      ^
lnet/klnds/socklnd/socklnd.h:639:3: note: expanded from macro 'ksocknal_thread_start'
  639 |                 PTR_ERR_OR_ZERO(__task);                                \
      |                 ^
lnet/klnds/socklnd/socklnd.c:2403:7: warning: result from function 'PTR_ERR_OR_ZERO' is unused [linuxkernel-must-check-errs]
 2403 |         rc = ksocknal_thread_start(ksocknal_reaper, NULL, "socknal_reaper");
      |              ^
lnet/klnds/socklnd/socklnd.h:639:3: note: expanded from macro 'ksocknal_thread_start'
  639 |                 PTR_ERR_OR_ZERO(__task);                                \
      |                 ^
lnet/klnds/socklnd/socklnd.c:2563:8: warning: result from function 'PTR_ERR_OR_ZERO' is unused [linuxkernel-must-check-errs]
 2563 |                 rc = ksocknal_thread_start(ksocknal_scheduler, (void *)id,
      |                      ^
lnet/klnds/socklnd/socklnd.h:639:3: note: expanded from macro 'ksocknal_thread_start'
  639 |                 PTR_ERR_OR_ZERO(__task);                                \
      |                 ^
4 warnings generated.
Suppressed 1 warnings (1 with check filters).

[288/523][0.2s] clang-tidy-20 -checks=-*,linuxkernel-must-check-errs,misc-static-assert -p=/tmp/ktest-out/lustre-release /tmp/ktest-out/lustre-release/lustre/tests/fsx.c
[289/523][1.8s] clang-tidy-20 -checks=-*,linuxkernel-must-check-errs,misc-static-assert -p=/tmp/ktest-out/lustre-release /tmp/ktest-out/lustre-release/lnet/lnet/module.c
[290/523][0.1s] clang-tidy-20 -checks=-*,linuxkernel-must-check-errs,misc-static-assert -p=/tmp/ktest-out/lustre-release /tmp/ktest-out/lustre-release/lustre/utils/lctl_thread.c
[291/523][1.6s] clang-tidy-20 -checks=-*,linuxkernel-must-check-errs,misc-static-assert -p=/tmp/ktest-out/lustre-release /tmp/ktest-out/lustre-release/lnet/lnet/acceptor.c
[292/523][0.2s] clang-tidy-20 -checks=-*,linuxkernel-must-check-errs,misc-static-assert -p=/tmp/ktest-out/lustre-release /tmp/ktest-out/lustre-release/lnet/utils/lnetctl.c
[293/523][0.7s] clang-tidy-20 -checks=-*,linuxkernel-must-check-errs,misc-static-assert -p=/tmp/ktest-out/lustre-release /tmp/ktest-out/lustre-release/lustre/mdd/mdd.mod.c
[294/523][0.1s] clang-tidy-20 -checks=-*,linuxkernel-must-check-errs,misc-static-assert -p=/tmp/ktest-out/lustre-release /tmp/ktest-out/lustre-release/lustre/utils/liblustreapi_root.c
[295/523][0.2s] clang-tidy-20 -checks=-*,linuxkernel-must-check-errs,misc-static-assert -p=/tmp/ktest-out/lustre-release /tmp/ktest-out/lustre-release/lustre/utils/mount_lustre.c
[296/523][1.7s] clang-tidy-20 -checks=-*,linuxkernel-must-check-errs,misc-static-assert -p=/tmp/ktest-out/lustre-release /tmp/ktest-out/lustre-release/lustre/llite/crypto.c
[297/523][1.7s] clang-tidy-20 -checks=-*,linuxkernel-must-check-errs,misc-static-assert -p=/tmp/ktest-out/lustre-release /tmp/ktest-out/lustre-release/lustre/quota/qmt_entry.c
[298/523][0.2s] clang-tidy-20 -checks=-*,linuxkernel-must-check-errs,misc-static-assert -p=/tmp/ktest-out/lustre-release /tmp/ktest-out/lustre-release/lustre/utils/erasurecode/ec_base.c
[299/523][2.1s] clang-tidy-20 -checks=-*,linuxkernel-must-check-errs,misc-static-assert -p=/tmp/ktest-out/lustre-release /tmp/ktest-out/lustre-release/lustre/obdclass/llog.c
[300/523][0.2s] clang-tidy-20 -checks=-*,linuxkernel-must-check-errs,misc-static-assert -p=/tmp/ktest-out/lustre-release /tmp/ktest-out/lustre-release/lustre/tests/llapi_root_test.c
[301/523][1.6s] clang-tidy-20 -checks=-*,linuxkernel-must-check-errs,misc-static-assert -p=/tmp/ktest-out/lustre-release /tmp/ktest-out/lustre-release/lustre/osd-wbcfs/osd_lproc.c
[302/523][0.1s] clang-tidy-20 -checks=-*,linuxkernel-must-check-errs,misc-static-assert -p=/tmp/ktest-out/lustre-release /tmp/ktest-out/lustre-release/lustre/tests/smalliomany.c
[303/523][4.2s] clang-tidy-20 -checks=-*,linuxkernel-must-check-errs,misc-static-assert -p=/tmp/ktest-out/lustre-release /tmp/ktest-out/lustre-release/lustre/lov/lov_obd.c
[304/523][0.2s] clang-tidy-20 -checks=-*,linuxkernel-must-check-errs,misc-static-assert -p=/tmp/ktest-out/lustre-release /tmp/ktest-out/lustre-release/lustre/tests/foreign_symlink_striping.c
[305/523][1.6s] clang-tidy-20 -checks=-*,linuxkernel-must-check-errs,misc-static-assert -p=/tmp/ktest-out/lustre-release /tmp/ktest-out/lustre-release/lustre/quota/qsd_handler.c
[306/523][1.9s] clang-tidy-20 -checks=-*,linuxkernel-must-check-errs,misc-static-assert -p=/tmp/ktest-out/lustre-release /tmp/ktest-out/lustre-release/lustre/mdc/mdc_locks.c
[307/523][1.6s] clang-tidy-20 -checks=-*,linuxkernel-must-check-errs,misc-static-assert -p=/tmp/ktest-out/lustre-release /tmp/ktest-out/lustre-release/lustre/mdc/mdc_batch.c
[308/523][1.3s] clang-tidy-20 -checks=-*,linuxkernel-must-check-errs,misc-static-assert -p=/tmp/ktest-out/lustre-release /tmp/ktest-out/lustre-release/lnet/lnet/lnet_rdma.c
[309/523][2.5s] clang-tidy-20 -checks=-*,linuxkernel-must-check-errs,misc-static-assert -p=/tmp/ktest-out/lustre-release /tmp/ktest-out/lustre-release/lustre/llite/rw.c
[310/523][0.1s] clang-tidy-20 -checks=-*,linuxkernel-must-check-errs,misc-static-assert -p=/tmp/ktest-out/lustre-release /tmp/ktest-out/lustre-release/lustre/tests/monitor_lustrefs.c
[311/523][1.5s] clang-tidy-20 -checks=-*,linuxkernel-must-check-errs,misc-static-assert -p=/tmp/ktest-out/lustre-release /tmp/ktest-out/lustre-release/lnet/lnet/lib-md.c
[312/523][1.6s] clang-tidy-20 -checks=-*,linuxkernel-must-check-errs,misc-static-assert -p=/tmp/ktest-out/lustre-release /tmp/ktest-out/lustre-release/lustre/obdecho/debug.c
[313/523][1.7s] clang-tidy-20 -checks=-*,linuxkernel-must-check-errs,misc-static-assert -p=/tmp/ktest-out/lustre-release /tmp/ktest-out/lustre-release/lustre/ptlrpc/nodemap_range.c
[314/523][2.0s] clang-tidy-20 -checks=-*,linuxkernel-must-check-errs,misc-static-assert -p=/tmp/ktest-out/lustre-release /tmp/ktest-out/lustre-release/lustre/ldlm/ldlm_lock.c
[315/523][1.9s] clang-tidy-20 -checks=-*,linuxkernel-must-check-errs,misc-static-assert -p=/tmp/ktest-out/lustre-release /tmp/ktest-out/lustre-release/lustre/lov/lproc_lov.c
[316/523][0.1s] clang-tidy-20 -checks=-*,linuxkernel-must-check-errs,misc-static-assert -p=/tmp/ktest-out/lustre-release /tmp/ktest-out/lustre-release/lustre/tests/mmap_sanity.c
[317/523][0.2s] clang-tidy-20 -checks=-*,linuxkernel-must-check-errs,misc-static-assert -p=/tmp/ktest-out/lustre-release /tmp/ktest-out/lustre-release/lustre/tests/write_time_limit.c
[318/523][2.2s] clang-tidy-20 -checks=-*,linuxkernel-must-check-errs,misc-static-assert -p=/tmp/ktest-out/lustre-release /tmp/ktest-out/lustre-release/lustre/quota/qmt_lock.c
[319/523][0.2s] clang-tidy-20 -checks=-*,linuxkernel-must-check-errs,misc-static-assert -p=/tmp/ktest-out/lustre-release /tmp/ktest-out/lustre-release/lustre/utils/liblustreapi_kernelconn.c
[320/523][0.1s] clang-tidy-20 -checks=-*,linuxkernel-must-check-errs,misc-static-assert -p=/tmp/ktest-out/lustre-release /tmp/ktest-out/lustre-release/lustre/utils/liblustreapi_heat.c
[321/523][2.0s] clang-tidy-20 -checks=-*,linuxkernel-must-check-errs,misc-static-assert -p=/tmp/ktest-out/lustre-release /tmp/ktest-out/lustre-release/lustre/ptlrpc/recover.c
[322/523][0.1s] clang-tidy-20 -checks=-*,linuxkernel-must-check-errs,misc-static-assert -p=/tmp/ktest-out/lustre-release /tmp/ktest-out/lustre-release/lustre/tests/orphan_linkea_check.c
[323/523][1.3s] clang-tidy-20 -checks=-*,linuxkernel-must-check-errs,misc-static-assert -p=/tmp/ktest-out/lustre-release /tmp/ktest-out/lustre-release/lnet/lnet/lo.c
[324/523][2.1s] clang-tidy-20 -checks=-*,linuxkernel-must-check-errs,misc-static-assert -p=/tmp/ktest-out/lustre-release /tmp/ktest-out/lustre-release/lustre/obdecho/echo.c
[325/523][2.1s] clang-tidy-20 -checks=-*,linuxkernel-must-check-errs,misc-static-assert -p=/tmp/ktest-out/lustre-release /tmp/ktest-out/lustre-release/lustre/lov/lov_lock.c
[326/523][0.1s] clang-tidy-20 -checks=-*,linuxkernel-must-check-errs,misc-static-assert -p=/tmp/ktest-out/lustre-release /tmp/ktest-out/lustre-release/lustre/tests/lockahead_test.c
[327/523][1.8s] clang-tidy-20 -checks=-*,linuxkernel-must-check-errs,misc-static-assert -p=/tmp/ktest-out/lustre-release /tmp/ktest-out/lustre-release/lustre/quota/lproc_quota.c
[328/523][1.6s] clang-tidy-20 -checks=-*,linuxkernel-must-check-errs,misc-static-assert -p=/tmp/ktest-out/lustre-release /tmp/ktest-out/lustre-release/lustre/ldlm/ldlm_reclaim.c
[329/523][3.8s] clang-tidy-20 -checks=-*,linuxkernel-must-check-errs,misc-static-assert -p=/tmp/ktest-out/lustre-release /tmp/ktest-out/lustre-release/lustre/obdecho/echo_client.c
[330/523][4.6s] clang-tidy-20 -checks=-*,linuxkernel-must-check-errs,misc-static-assert -p=/tmp/ktest-out/lustre-release /tmp/ktest-out/lustre-release/lustre/lmv/lmv_obd.c
[331/523][2.1s] clang-tidy-20 -checks=-*,linuxkernel-must-check-errs,misc-static-assert -p=/tmp/ktest-out/lustre-release /tmp/ktest-out/lustre-release/lustre/quota/qsd_request.c
[332/523][1.7s] clang-tidy-20 -checks=-*,linuxkernel-must-check-errs,misc-static-assert -p=/tmp/ktest-out/lustre-release /tmp/ktest-out/lustre-release/lustre/quota/qmt_lqa.c
[333/523][1.9s] clang-tidy-20 -checks=-*,linuxkernel-must-check-errs,misc-static-assert -p=/tmp/ktest-out/lustre-release /tmp/ktest-out/lustre-release/lustre/obdclass/lprocfs_counters.c
[334/523][0.1s] clang-tidy-20 -checks=-*,linuxkernel-must-check-errs,misc-static-assert -p=/tmp/ktest-out/lustre-release /tmp/ktest-out/lustre-release/lustre/utils/portals.c
[335/523][0.5s] clang-tidy-20 -checks=-*,linuxkernel-must-check-errs,misc-static-assert -p=/tmp/ktest-out/lustre-release /tmp/ktest-out/lustre-release/lustre/lov/lov.mod.c
[336/523][1.3s] clang-tidy-20 -checks=-*,linuxkernel-must-check-errs,misc-static-assert -p=/tmp/ktest-out/lustre-release /tmp/ktest-out/lustre-release/lnet/lnet/lock.c
[337/523][1.7s] clang-tidy-20 -checks=-*,linuxkernel-must-check-errs,misc-static-assert -p=/tmp/ktest-out/lustre-release /tmp/ktest-out/lustre-release/lustre/lfsck/lfsck_bookmark.c
[338/523][1.1s] clang-tidy-20 -checks=-*,linuxkernel-must-check-errs,misc-static-assert -p=/tmp/ktest-out/lustre-release /tmp/ktest-out/lustre-release/lustre_compat/symbols.c
[339/523][0.1s] clang-tidy-20 -checks=-*,linuxkernel-must-check-errs,misc-static-assert -p=/tmp/ktest-out/lustre-release /tmp/ktest-out/lustre-release/lustre/tests/memhog.c
[340/523][2.2s] clang-tidy-20 -checks=-*,linuxkernel-must-check-errs,misc-static-assert -p=/tmp/ktest-out/lustre-release /tmp/ktest-out/lustre-release/lustre/mdt/mdt_som.c
[341/523][2.1s] clang-tidy-20 -checks=-*,linuxkernel-must-check-errs,misc-static-assert -p=/tmp/ktest-out/lustre-release /tmp/ktest-out/lustre-release/lustre/quota/lquota_entry.c
[342/523][1.9s] clang-tidy-20 -checks=-*,linuxkernel-must-check-errs,misc-static-assert -p=/tmp/ktest-out/lustre-release /tmp/ktest-out/lustre-release/lustre/quota/qsd_lib.c
[343/523][1.7s] clang-tidy-20 -checks=-*,linuxkernel-must-check-errs,misc-static-assert -p=/tmp/ktest-out/lustre-release /tmp/ktest-out/lustre-release/lustre/llite/lcommon_cl.c
[344/523][1.8s] clang-tidy-20 -checks=-*,linuxkernel-must-check-errs,misc-static-assert -p=/tmp/ktest-out/lustre-release /tmp/ktest-out/lustre-release/lustre/ptlrpc/nrs.c
[345/523][0.0s] clang-tidy-20 -checks=-*,linuxkernel-must-check-errs,misc-static-assert -p=/tmp/ktest-out/lustre-release /tmp/ktest-out/lustre-release/lustre/ec/ec_base_aliases.c
[346/523][2.2s] clang-tidy-20 -checks=-*,linuxkernel-must-check-errs,misc-static-assert -p=/tmp/ktest-out/lustre-release /tmp/ktest-out/lustre-release/lustre/fld/lproc_fld.c
[347/523][0.1s] clang-tidy-20 -checks=-*,linuxkernel-must-check-errs,misc-static-assert -p=/tmp/ktest-out/lustre-release /tmp/ktest-out/lustre-release/lustre/tests/llapi_fid_test.c
[348/523][1.8s] clang-tidy-20 -checks=-*,linuxkernel-must-check-errs,misc-static-assert -p=/tmp/ktest-out/lustre-release /tmp/ktest-out/lustre-release/lnet/klnds/socklnd/socklnd_modparams.c
1 warning generated.
Suppressed 1 warnings (1 with check filters).

[349/523][0.1s] clang-tidy-20 -checks=-*,linuxkernel-must-check-errs,misc-static-assert -p=/tmp/ktest-out/lustre-release /tmp/ktest-out/lustre-release/lustre/tests/flock_deadlock.c
[350/523][0.1s] clang-tidy-20 -checks=-*,linuxkernel-must-check-errs,misc-static-assert -p=/tmp/ktest-out/lustre-release /tmp/ktest-out/lustre-release/lustre/tests/reads.c
[351/523][1.6s] clang-tidy-20 -checks=-*,linuxkernel-must-check-errs,misc-static-assert -p=/tmp/ktest-out/lustre-release /tmp/ktest-out/lustre-release/lnet/selftest/conctl.c
[352/523][0.7s] clang-tidy-20 -checks=-*,linuxkernel-must-check-errs,misc-static-assert -p=/tmp/ktest-out/lustre-release /tmp/ktest-out/lustre-release/lustre/fid/fid.mod.c
[353/523][0.6s] clang-tidy-20 -checks=-*,linuxkernel-must-check-errs,misc-static-assert -p=/tmp/ktest-out/lustre-release /tmp/ktest-out/lustre-release/lustre/mgc/mgc.mod.c
[354/523][1.7s] clang-tidy-20 -checks=-*,linuxkernel-must-check-errs,misc-static-assert -p=/tmp/ktest-out/lustre-release /tmp/ktest-out/lustre-release/lustre/mdt/mdt_fs.c
[355/523][1.9s] clang-tidy-20 -checks=-*,linuxkernel-must-check-errs,misc-static-assert -p=/tmp/ktest-out/lustre-release /tmp/ktest-out/lustre-release/lustre/obdclass/obdo.c
[356/523][2.2s] clang-tidy-20 -checks=-*,linuxkernel-must-check-errs,misc-static-assert -p=/tmp/ktest-out/lustre-release /tmp/ktest-out/lustre-release/lustre/obdclass/obdo_server.c
[357/523][1.5s] clang-tidy-20 -checks=-*,linuxkernel-must-check-errs,misc-static-assert -p=/tmp/ktest-out/lustre-release /tmp/ktest-out/lustre-release/lnet/selftest/timer.c
[358/523][2.2s] clang-tidy-20 -checks=-*,linuxkernel-must-check-errs,misc-static-assert -p=/tmp/ktest-out/lustre-release /tmp/ktest-out/lustre-release/lustre/ptlrpc/sec_null.c
[359/523][2.3s] clang-tidy-20 -checks=-*,linuxkernel-must-check-errs,misc-static-assert -p=/tmp/ktest-out/lustre-release /tmp/ktest-out/lustre-release/lustre/ofd/ofd_trans.c
[360/523][1.8s] clang-tidy-20 -checks=-*,linuxkernel-must-check-errs,misc-static-assert -p=/tmp/ktest-out/lustre-release /tmp/ktest-out/lustre-release/lustre/fld/fld_cache.c
[361/523][1.6s] clang-tidy-20 -checks=-*,linuxkernel-must-check-errs,misc-static-assert -p=/tmp/ktest-out/lustre-release /tmp/ktest-out/lustre-release/lustre/mdt/mdt_hsm_cdt_requests.c
[362/523][2.1s] clang-tidy-20 -checks=-*,linuxkernel-must-check-errs,misc-static-assert -p=/tmp/ktest-out/lustre-release /tmp/ktest-out/lustre-release/lustre/llite/xattr_security.c
[363/523][0.2s] clang-tidy-20 -checks=-*,linuxkernel-must-check-errs,misc-static-assert -p=/tmp/ktest-out/lustre-release /tmp/ktest-out/lustre-release/lustre/utils/liblustreapi_ioctl.c
[364/523][0.1s] clang-tidy-20 -checks=-*,linuxkernel-must-check-errs,misc-static-assert -p=/tmp/ktest-out/lustre-release /tmp/ktest-out/lustre-release/lustre/utils/liblustreapi_swap.c
[365/523][1.8s] clang-tidy-20 -checks=-*,linuxkernel-must-check-errs,misc-static-assert -p=/tmp/ktest-out/lustre-release /tmp/ktest-out/lustre-release/lustre/mdt/mdt_recovery.c
[366/523][0.6s] clang-tidy-20 -checks=-*,linuxkernel-must-check-errs,misc-static-assert -p=/tmp/ktest-out/lustre-release /tmp/ktest-out/lustre-release/lustre/ec/ec.mod.c
[367/523][1.7s] clang-tidy-20 -checks=-*,linuxkernel-must-check-errs,misc-static-assert -p=/tmp/ktest-out/lustre-release /tmp/ktest-out/lustre-release/lustre/mgs/mgs_llog.c
[368/523][3.5s] clang-tidy-20 -checks=-*,linuxkernel-must-check-errs,misc-static-assert -p=/tmp/ktest-out/lustre-release /tmp/ktest-out/lustre-release/lustre/llite/super25.c
[369/523][0.3s] clang-tidy-20 -checks=-*,linuxkernel-must-check-errs,misc-static-assert -p=/tmp/ktest-out/lustre-release /tmp/ktest-out/lustre-release/lustre/utils/lfs.c
1 warning generated.
Suppressed 1 warnings (1 with check filters).

[370/523][0.1s] clang-tidy-20 -checks=-*,linuxkernel-must-check-errs,misc-static-assert -p=/tmp/ktest-out/lustre-release /tmp/ktest-out/lustre-release/lustre/tests/writemany.c
[371/523][0.6s] clang-tidy-20 -checks=-*,linuxkernel-must-check-errs,misc-static-assert -p=/tmp/ktest-out/lustre-release /tmp/ktest-out/lustre-release/lustre/kunit/obd_test.mod.c
[372/523][1.7s] clang-tidy-20 -checks=-*,linuxkernel-must-check-errs,misc-static-assert -p=/tmp/ktest-out/lustre-release /tmp/ktest-out/lustre-release/lustre/obdclass/statfs_pack.c
[373/523][0.2s] clang-tidy-20 -checks=-*,linuxkernel-must-check-errs,misc-static-assert -p=/tmp/ktest-out/lustre-release /tmp/ktest-out/lustre-release/lustre/utils/liblustreapi.c
[374/523][2.0s] clang-tidy-20 -checks=-*,linuxkernel-must-check-errs,misc-static-assert -p=/tmp/ktest-out/lustre-release /tmp/ktest-out/lustre-release/lustre/obdclass/genops.c
[375/523][0.1s] clang-tidy-20 -checks=-*,linuxkernel-must-check-errs,misc-static-assert -p=/tmp/ktest-out/lustre-release /tmp/ktest-out/lustre-release/lustre/utils/l_foreign_symlink.c
[376/523][2.5s] clang-tidy-20 -checks=-*,linuxkernel-must-check-errs,misc-static-assert -p=/tmp/ktest-out/lustre-release /tmp/ktest-out/lustre-release/lustre/mdc/mdc_lib.c
[377/523][0.1s] clang-tidy-20 -checks=-*,linuxkernel-must-check-errs,misc-static-assert -p=/tmp/ktest-out/lustre-release /tmp/ktest-out/lustre-release/lustre/tests/utime.c
[378/523][1.6s] clang-tidy-20 -checks=-*,linuxkernel-must-check-errs,misc-static-assert -p=/tmp/ktest-out/lustre-release /tmp/ktest-out/lustre-release/lustre/ptlrpc/nodemap_lproc.c
[379/523][1.7s] clang-tidy-20 -checks=-*,linuxkernel-must-check-errs,misc-static-assert -p=/tmp/ktest-out/lustre-release /tmp/ktest-out/lustre-release/lustre/obdclass/lu_ucred.c
[380/523][0.2s] clang-tidy-20 -checks=-*,linuxkernel-must-check-errs,misc-static-assert -p=/tmp/ktest-out/lustre-release /tmp/ktest-out/lustre-release/lustre/utils/l_getsepol.c
[381/523][1.7s] clang-tidy-20 -checks=-*,linuxkernel-must-check-errs,misc-static-assert -p=/tmp/ktest-out/lustre-release /tmp/ktest-out/lustre-release/lustre/mdt/mdt_hsm_cdt_client.c
[382/523][1.7s] clang-tidy-20 -checks=-*,linuxkernel-must-check-errs,misc-static-assert -p=/tmp/ktest-out/lustre-release /tmp/ktest-out/lustre-release/lustre/ptlrpc/nrs_crr.c
[383/523][0.2s] clang-tidy-20 -checks=-*,linuxkernel-must-check-errs,misc-static-assert -p=/tmp/ktest-out/lustre-release /tmp/ktest-out/lustre-release/lustre/utils/check_iam.c
[384/523][1.6s] clang-tidy-20 -checks=-*,linuxkernel-must-check-errs,misc-static-assert -p=/tmp/ktest-out/lustre-release /tmp/ktest-out/lustre-release/lustre/obdclass/lustre_handles.c
[385/523][2.0s] clang-tidy-20 -checks=-*,linuxkernel-must-check-errs,misc-static-assert -p=/tmp/ktest-out/lustre-release /tmp/ktest-out/lustre-release/lustre/mdd/mdd_lproc.c
[386/523][1.8s] clang-tidy-20 -checks=-*,linuxkernel-must-check-errs,misc-static-assert -p=/tmp/ktest-out/lustre-release /tmp/ktest-out/lustre-release/lustre/mgs/mgs_barrier.c
[387/523][2.2s] clang-tidy-20 -checks=-*,linuxkernel-must-check-errs,misc-static-assert -p=/tmp/ktest-out/lustre-release /tmp/ktest-out/lustre-release/lustre/quota/qmt_dev.c
[388/523][1.5s] clang-tidy-20 -checks=-*,linuxkernel-must-check-errs,misc-static-assert -p=/tmp/ktest-out/lustre-release /tmp/ktest-out/lustre-release/lnet/lnet/lib-me.c
[389/523][1.5s] clang-tidy-20 -checks=-*,linuxkernel-must-check-errs,misc-static-assert -p=/tmp/ktest-out/lustre-release /tmp/ktest-out/lustre-release/lustre/ptlrpc/nrs_orr.c
[390/523][1.8s] clang-tidy-20 -checks=-*,linuxkernel-must-check-errs,misc-static-assert -p=/tmp/ktest-out/lustre-release /tmp/ktest-out/lustre-release/lustre/ptlrpc/layout.c
63 warnings generated.
Suppressed 63 warnings (63 with check filters).

[391/523][1.9s] clang-tidy-20 -checks=-*,linuxkernel-must-check-errs,misc-static-assert -p=/tmp/ktest-out/lustre-release /tmp/ktest-out/lustre-release/lustre/mdt/mdt_lproc.c
[392/523][1.5s] clang-tidy-20 -checks=-*,linuxkernel-must-check-errs,misc-static-assert -p=/tmp/ktest-out/lustre-release /tmp/ktest-out/lustre-release/lustre/ldlm/ldlm_inodebits.c
[393/523][0.2s] clang-tidy-20 -checks=-*,linuxkernel-must-check-errs,misc-static-assert -p=/tmp/ktest-out/lustre-release /tmp/ktest-out/lustre-release/lnet/utils/lnetconfig/liblnetconfig_lnd.c
[394/523][0.7s] clang-tidy-20 -checks=-*,linuxkernel-must-check-errs,misc-static-assert -p=/tmp/ktest-out/lustre-release /tmp/ktest-out/lustre-release/lnet/lnet/lnet-crypto.c
[395/523][2.0s] clang-tidy-20 -checks=-*,linuxkernel-must-check-errs,misc-static-assert -p=/tmp/ktest-out/lustre-release /tmp/ktest-out/lustre-release/lnet/lnet/config.c
[396/523][0.1s] clang-tidy-20 -checks=-*,linuxkernel-must-check-errs,misc-static-assert -p=/tmp/ktest-out/lustre-release /tmp/ktest-out/lustre-release/lustre/tests/badarea_io.c
[397/523][0.2s] clang-tidy-20 -checks=-*,linuxkernel-must-check-errs,misc-static-assert -p=/tmp/ktest-out/lustre-release /tmp/ktest-out/lustre-release/lustre/tests/statone.c
[398/523][0.1s] clang-tidy-20 -checks=-*,linuxkernel-must-check-errs,misc-static-assert -p=/tmp/ktest-out/lustre-release /tmp/ktest-out/lustre-release/lustre/utils/l_getidentity.c
[399/523][1.8s] clang-tidy-20 -checks=-*,linuxkernel-must-check-errs,misc-static-assert -p=/tmp/ktest-out/lustre-release /tmp/ktest-out/lustre-release/lustre/ldlm/ldlm_request.c
[400/523][2.1s] clang-tidy-20 -checks=-*,linuxkernel-must-check-errs,misc-static-assert -p=/tmp/ktest-out/lustre-release /tmp/ktest-out/lustre-release/lustre/lfsck/lfsck_namespace.c
[401/523][0.1s] clang-tidy-20 -checks=-*,linuxkernel-must-check-errs,misc-static-assert -p=/tmp/ktest-out/lustre-release /tmp/ktest-out/lustre-release/lustre/tests/mmap_cat.c
[402/523][0.2s] clang-tidy-20 -checks=-*,linuxkernel-must-check-errs,misc-static-assert -p=/tmp/ktest-out/lustre-release /tmp/ktest-out/lustre-release/lustre/tests/opendevunlink.c
[403/523][2.5s] clang-tidy-20 -checks=-*,linuxkernel-must-check-errs,misc-static-assert -p=/tmp/ktest-out/lustre-release /tmp/ktest-out/lustre-release/lustre/llite/file.c
1 warning generated.
Suppressed 1 warnings (1 with check filters).

[404/523][1.6s] clang-tidy-20 -checks=-*,linuxkernel-must-check-errs,misc-static-assert -p=/tmp/ktest-out/lustre-release /tmp/ktest-out/lustre-release/lustre/obdclass/cl_object.c
[405/523][1.4s] clang-tidy-20 -checks=-*,linuxkernel-must-check-errs,misc-static-assert -p=/tmp/ktest-out/lustre-release /tmp/ktest-out/lustre-release/lustre/obdclass/lprocfs_status_server.c
[406/523][0.1s] clang-tidy-20 -checks=-*,linuxkernel-must-check-errs,misc-static-assert -p=/tmp/ktest-out/lustre-release /tmp/ktest-out/lustre-release/lustre/tests/truncate.c
[407/523][1.9s] clang-tidy-20 -checks=-*,linuxkernel-must-check-errs,misc-static-assert -p=/tmp/ktest-out/lustre-release /tmp/ktest-out/lustre-release/lustre/fid/lproc_fid.c
[408/523][0.1s] clang-tidy-20 -checks=-*,linuxkernel-must-check-errs,misc-static-assert -p=/tmp/ktest-out/lustre-release /tmp/ktest-out/lustre-release/lustre/utils/lr_reader.c
[409/523][2.0s] clang-tidy-20 -checks=-*,linuxkernel-must-check-errs,misc-static-assert -p=/tmp/ktest-out/lustre-release /tmp/ktest-out/lustre-release/lustre/lod/lod_lov.c
[410/523][2.0s] clang-tidy-20 -checks=-*,linuxkernel-must-check-errs,misc-static-assert -p=/tmp/ktest-out/lustre-release /tmp/ktest-out/lustre-release/lustre/mdt/mdt_hsm_cdt_actions.c
[411/523][0.1s] clang-tidy-20 -checks=-*,linuxkernel-must-check-errs,misc-static-assert -p=/tmp/ktest-out/lustre-release /tmp/ktest-out/lustre-release/lustre/utils/liblustreapi_chlg.c
[412/523][2.6s] clang-tidy-20 -checks=-*,linuxkernel-must-check-errs,misc-static-assert -p=/tmp/ktest-out/lustre-release /tmp/ktest-out/lustre-release/lustre/lov/lov_pack.c
[413/523][1.4s] clang-tidy-20 -checks=-*,linuxkernel-must-check-errs,misc-static-assert -p=/tmp/ktest-out/lustre-release /tmp/ktest-out/lustre-release/lustre/osp/lproc_osp.c
[414/523][0.3s] clang-tidy-20 -checks=-*,linuxkernel-must-check-errs,misc-static-assert -p=/tmp/ktest-out/lustre-release /tmp/ktest-out/lustre-release/lustre/utils/liblustreapi_param.c
[415/523][3.5s] clang-tidy-20 -checks=-*,linuxkernel-must-check-errs,misc-static-assert -p=/tmp/ktest-out/lustre-release /tmp/ktest-out/lustre-release/lustre/ptlrpc/ptlrpc_module.c
[416/523][2.3s] clang-tidy-20 -checks=-*,linuxkernel-must-check-errs,misc-static-assert -p=/tmp/ktest-out/lustre-release /tmp/ktest-out/lustre-release/lustre/ptlrpc/client.c
[417/523][1.9s] clang-tidy-20 -checks=-*,linuxkernel-must-check-errs,misc-static-assert -p=/tmp/ktest-out/lustre-release /tmp/ktest-out/lustre-release/lustre/osd-wbcfs/osd_dirent.c
[418/523][2.2s] clang-tidy-20 -checks=-*,linuxkernel-must-check-errs,misc-static-assert -p=/tmp/ktest-out/lustre-release /tmp/ktest-out/lustre-release/lustre/ofd/ofd_fs.c
[419/523][2.1s] clang-tidy-20 -checks=-*,linuxkernel-must-check-errs,misc-static-assert -p=/tmp/ktest-out/lustre-release /tmp/ktest-out/lustre-release/lustre/mdt/mdt_mds.c
[420/523][1.9s] clang-tidy-20 -checks=-*,linuxkernel-must-check-errs,misc-static-assert -p=/tmp/ktest-out/lustre-release /tmp/ktest-out/lustre-release/lustre/mgs/mgs_fs.c
[421/523][0.1s] clang-tidy-20 -checks=-*,linuxkernel-must-check-errs,misc-static-assert -p=/tmp/ktest-out/lustre-release /tmp/ktest-out/lustre-release/lustre/tests/listxattr_size_check.c
[422/523][1.9s] clang-tidy-20 -checks=-*,linuxkernel-must-check-errs,misc-static-assert -p=/tmp/ktest-out/lustre-release /tmp/ktest-out/lustre-release/lustre/ptlrpc/events.c
[423/523][2.3s] clang-tidy-20 -checks=-*,linuxkernel-must-check-errs,misc-static-assert -p=/tmp/ktest-out/lustre-release /tmp/ktest-out/lustre-release/lustre/osc/osc_dev.c
[424/523][3.5s] clang-tidy-20 -checks=-*,linuxkernel-must-check-errs,misc-static-assert -p=/tmp/ktest-out/lustre-release /tmp/ktest-out/lustre-release/lustre/kunit/obd_test.c
[425/523][0.1s] clang-tidy-20 -checks=-*,linuxkernel-must-check-errs,misc-static-assert -p=/tmp/ktest-out/lustre-release /tmp/ktest-out/lustre-release/lustre/utils/llverfs.c
[426/523][0.1s] clang-tidy-20 -checks=-*,linuxkernel-must-check-errs,misc-static-assert -p=/tmp/ktest-out/lustre-release /tmp/ktest-out/lustre-release/lustre/utils/ofd_access_batch.c
[427/523][0.5s] clang-tidy-20 -checks=-*,linuxkernel-must-check-errs,misc-static-assert -p=/tmp/ktest-out/lustre-release /tmp/ktest-out/lustre-release/libcfs/libcfs/libcfs.mod.c
[428/523][1.9s] clang-tidy-20 -checks=-*,linuxkernel-must-check-errs,misc-static-assert -p=/tmp/ktest-out/lustre-release /tmp/ktest-out/lustre-release/lustre/llite/rw26.c
[429/523][3.8s] clang-tidy-20 -checks=-*,linuxkernel-must-check-errs,misc-static-assert -p=/tmp/ktest-out/lustre-release /tmp/ktest-out/lustre-release/lustre/obdclass/obd_mount.c
[430/523][0.2s] clang-tidy-20 -checks=-*,linuxkernel-must-check-errs,misc-static-assert -p=/tmp/ktest-out/lustre-release /tmp/ktest-out/lustre-release/lustre/tests/statx.c
[431/523][1.3s] clang-tidy-20 -checks=-*,linuxkernel-must-check-errs,misc-static-assert -p=/tmp/ktest-out/lustre-release /tmp/ktest-out/lustre-release/lustre/quota/qsd_reint.c
[432/523][2.1s] clang-tidy-20 -checks=-*,linuxkernel-must-check-errs,misc-static-assert -p=/tmp/ktest-out/lustre-release /tmp/ktest-out/lustre-release/lustre/ptlrpc/llog_server.c
[433/523][2.4s] clang-tidy-20 -checks=-*,linuxkernel-must-check-errs,misc-static-assert -p=/tmp/ktest-out/lustre-release /tmp/ktest-out/lustre-release/lustre/ptlrpc/nrs_tbf.c
[434/523][1.9s] clang-tidy-20 -checks=-*,linuxkernel-must-check-errs,misc-static-assert -p=/tmp/ktest-out/lustre-release /tmp/ktest-out/lustre-release/lustre/quota/qsd_lock.c
[435/523][0.1s] clang-tidy-20 -checks=-*,linuxkernel-must-check-errs,misc-static-assert -p=/tmp/ktest-out/lustre-release /tmp/ktest-out/lustre-release/lustre/tests/runas.c
[436/523][1.4s] clang-tidy-20 -checks=-*,linuxkernel-must-check-errs,misc-static-assert -p=/tmp/ktest-out/lustre-release /tmp/ktest-out/lustre-release/lustre/mgc/mgc_request_server.c
[437/523][0.1s] clang-tidy-20 -checks=-*,linuxkernel-must-check-errs,misc-static-assert -p=/tmp/ktest-out/lustre-release /tmp/ktest-out/lustre-release/lustre/tests/lgetxattr_size_check.c
[438/523][0.7s] clang-tidy-20 -checks=-*,linuxkernel-must-check-errs,misc-static-assert -p=/tmp/ktest-out/lustre-release /tmp/ktest-out/lustre-release/lustre_compat/mm/shrinker_debug.c
[439/523][1.9s] clang-tidy-20 -checks=-*,linuxkernel-must-check-errs,misc-static-assert -p=/tmp/ktest-out/lustre-release /tmp/ktest-out/lustre-release/lustre/lov/lovsub_dev.c
[440/523][0.1s] clang-tidy-20 -checks=-*,linuxkernel-must-check-errs,misc-static-assert -p=/tmp/ktest-out/lustre-release /tmp/ktest-out/lustre-release/lustre/tests/parse_foreign_dir.c
[441/523][0.0s] clang-tidy-20 -checks=-*,linuxkernel-must-check-errs,misc-static-assert -p=/tmp/ktest-out/lustre-release /tmp/ktest-out/lustre-release/lustre/tests/iabf/callvpe.c
[442/523][2.4s] clang-tidy-20 -checks=-*,linuxkernel-must-check-errs,misc-static-assert -p=/tmp/ktest-out/lustre-release /tmp/ktest-out/lustre-release/lustre/quota/qmt_handler.c
[443/523][0.1s] clang-tidy-20 -checks=-*,linuxkernel-must-check-errs,misc-static-assert -p=/tmp/ktest-out/lustre-release /tmp/ktest-out/lustre-release/lustre/utils/llsom_sync.c
[444/523][0.1s] clang-tidy-20 -checks=-*,linuxkernel-must-check-errs,misc-static-assert -p=/tmp/ktest-out/lustre-release /tmp/ktest-out/lustre-release/lustre/utils/libmount_utils_wbcfs.c
[445/523][1.2s] clang-tidy-20 -checks=-*,linuxkernel-must-check-errs,misc-static-assert -p=/tmp/ktest-out/lustre-release /tmp/ktest-out/lustre-release/lnet/selftest/conrpc.c
[446/523][1.3s] clang-tidy-20 -checks=-*,linuxkernel-must-check-errs,misc-static-assert -p=/tmp/ktest-out/lustre-release /tmp/ktest-out/lustre-release/lustre/ptlrpc/llog_net.c
[447/523][0.5s] clang-tidy-20 -checks=-*,linuxkernel-must-check-errs,misc-static-assert -p=/tmp/ktest-out/lustre-release /tmp/ktest-out/lustre-release/lustre/mdc/mdc.mod.c
[448/523][1.1s] clang-tidy-20 -checks=-*,linuxkernel-must-check-errs,misc-static-assert -p=/tmp/ktest-out/lustre-release /tmp/ktest-out/lustre-release/lnet/lnet/net_fault.c
[449/523][1.1s] clang-tidy-20 -checks=-*,linuxkernel-must-check-errs,misc-static-assert -p=/tmp/ktest-out/lustre-release /tmp/ktest-out/lustre-release/lnet/selftest/module.c
[450/523][1.4s] clang-tidy-20 -checks=-*,linuxkernel-must-check-errs,misc-static-assert -p=/tmp/ktest-out/lustre-release /tmp/ktest-out/lustre-release/lustre/lod/lod_pool.c
[451/523][1.0s] clang-tidy-20 -checks=-*,linuxkernel-must-check-errs,misc-static-assert -p=/tmp/ktest-out/lustre-release /tmp/ktest-out/lustre-release/lustre/osd-wbcfs/osd_hash.c
[452/523][1.9s] clang-tidy-20 -checks=-*,linuxkernel-must-check-errs,misc-static-assert -p=/tmp/ktest-out/lustre-release /tmp/ktest-out/lustre-release/lustre/obdclass/cl_lock.c
[453/523][1.9s] clang-tidy-20 -checks=-*,linuxkernel-must-check-errs,misc-static-assert -p=/tmp/ktest-out/lustre-release /tmp/ktest-out/lustre-release/lustre/llite/glimpse.c
[454/523][0.0s] clang-tidy-20 -checks=-*,linuxkernel-must-check-errs,misc-static-assert -p=/tmp/ktest-out/lustre-release /tmp/ktest-out/lustre-release/lustre/tests/opendirunlink.c
[455/523][0.4s] clang-tidy-20 -checks=-*,linuxkernel-must-check-errs,misc-static-assert -p=/tmp/ktest-out/lustre-release /tmp/ktest-out/lustre-release/lnet/selftest/lnet_selftest.mod.c
[456/523][1.6s] clang-tidy-20 -checks=-*,linuxkernel-must-check-errs,misc-static-assert -p=/tmp/ktest-out/lustre-release /tmp/ktest-out/lustre-release/lustre/osc/lproc_osc.c
[457/523][1.5s] clang-tidy-20 -checks=-*,linuxkernel-must-check-errs,misc-static-assert -p=/tmp/ktest-out/lustre-release /tmp/ktest-out/lustre-release/lnet/lnet/nidstrings.c
[458/523][0.5s] clang-tidy-20 -checks=-*,linuxkernel-must-check-errs,misc-static-assert -p=/tmp/ktest-out/lustre-release /tmp/ktest-out/lustre-release/lnet/klnds/socklnd/ksocklnd.mod.c
[459/523][1.5s] clang-tidy-20 -checks=-*,linuxkernel-must-check-errs,misc-static-assert -p=/tmp/ktest-out/lustre-release /tmp/ktest-out/lustre-release/lustre/lod/lproc_lod.c
[460/523][1.7s] clang-tidy-20 -checks=-*,linuxkernel-must-check-errs,misc-static-assert -p=/tmp/ktest-out/lustre-release /tmp/ktest-out/lustre-release/lustre/osp/osp_object.c
[461/523][1.4s] clang-tidy-20 -checks=-*,linuxkernel-must-check-errs,misc-static-assert -p=/tmp/ktest-out/lustre-release /tmp/ktest-out/lustre-release/lustre/osc/osc_page.c
[462/523][0.1s] clang-tidy-20 -checks=-*,linuxkernel-must-check-errs,misc-static-assert -p=/tmp/ktest-out/lustre-release /tmp/ktest-out/lustre-release/lustre/utils/liblustreapi_mirror.c
[463/523][1.7s] clang-tidy-20 -checks=-*,linuxkernel-must-check-errs,misc-static-assert -p=/tmp/ktest-out/lustre-release /tmp/ktest-out/lustre-release/lustre/osc/osc_quota.c
[464/523][1.2s] clang-tidy-20 -checks=-*,linuxkernel-must-check-errs,misc-static-assert -p=/tmp/ktest-out/lustre-release /tmp/ktest-out/lustre-release/lustre/osd-wbcfs/wbcfs.c
[465/523][0.1s] clang-tidy-20 -checks=-*,linuxkernel-must-check-errs,misc-static-assert -p=/tmp/ktest-out/lustre-release /tmp/ktest-out/lustre-release/lustre/tests/create_foreign_file.c
[466/523][1.4s] clang-tidy-20 -checks=-*,linuxkernel-must-check-errs,misc-static-assert -p=/tmp/ktest-out/lustre-release /tmp/ktest-out/lustre-release/lustre/ptlrpc/niobuf.c
[467/523][0.6s] clang-tidy-20 -checks=-*,linuxkernel-must-check-errs,misc-static-assert -p=/tmp/ktest-out/lustre-release /tmp/ktest-out/lustre-release/lustre/mdt/mdt.mod.c
[468/523][1.6s] clang-tidy-20 -checks=-*,linuxkernel-must-check-errs,misc-static-assert -p=/tmp/ktest-out/lustre-release /tmp/ktest-out/lustre-release/lustre/mdd/mdd_trans.c
[469/523][1.8s] clang-tidy-20 -checks=-*,linuxkernel-must-check-errs,misc-static-assert -p=/tmp/ktest-out/lustre-release /tmp/ktest-out/lustre-release/lustre/mdt/mdt_restripe.c
[470/523][0.5s] clang-tidy-20 -checks=-*,linuxkernel-must-check-errs,misc-static-assert -p=/tmp/ktest-out/lustre-release /tmp/ktest-out/lustre-release/lustre/obdclass/obdclass.mod.c
[471/523][0.1s] clang-tidy-20 -checks=-*,linuxkernel-must-check-errs,misc-static-assert -p=/tmp/ktest-out/lustre-release /tmp/ktest-out/lustre-release/lib/libcfs/param.c
[472/523][0.1s] clang-tidy-20 -checks=-*,linuxkernel-must-check-errs,misc-static-assert -p=/tmp/ktest-out/lustre-release /tmp/ktest-out/lustre-release/lnet/utils/wirecheck.c
[473/523][1.7s] clang-tidy-20 -checks=-*,linuxkernel-must-check-errs,misc-static-assert -p=/tmp/ktest-out/lustre-release /tmp/ktest-out/lustre-release/lustre/osd-wbcfs/osd_index_hash.c
[474/523][0.1s] clang-tidy-20 -checks=-*,linuxkernel-must-check-errs,misc-static-assert -p=/tmp/ktest-out/lustre-release /tmp/ktest-out/lustre-release/lib/libcfs/nidstrings.c
[475/523][1.6s] clang-tidy-20 -checks=-*,linuxkernel-must-check-errs,misc-static-assert -p=/tmp/ktest-out/lustre-release /tmp/ktest-out/lustre-release/lustre/ptlrpc/sec_config.c
[476/523][0.8s] clang-tidy-20 -checks=-*,linuxkernel-must-check-errs,misc-static-assert -p=/tmp/ktest-out/lustre-release /tmp/ktest-out/lustre-release/libcfs/libcfs/fail.c
[477/523][1.5s] clang-tidy-20 -checks=-*,linuxkernel-must-check-errs,misc-static-assert -p=/tmp/ktest-out/lustre-release /tmp/ktest-out/lustre-release/lustre/mdd/mdd_acl.c
[478/523][0.5s] clang-tidy-20 -checks=-*,linuxkernel-must-check-errs,misc-static-assert -p=/tmp/ktest-out/lustre-release /tmp/ktest-out/lustre-release/lustre/osc/osc.mod.c
[479/523][1.7s] clang-tidy-20 -checks=-*,linuxkernel-must-check-errs,misc-static-assert -p=/tmp/ktest-out/lustre-release /tmp/ktest-out/lustre-release/lustre/osp/osp_sync.c
[480/523][0.1s] clang-tidy-20 -checks=-*,linuxkernel-must-check-errs,misc-static-assert -p=/tmp/ktest-out/lustre-release /tmp/ktest-out/lustre-release/lustre/tests/mcreate.c
[481/523][1.2s] clang-tidy-20 -checks=-*,linuxkernel-must-check-errs,misc-static-assert -p=/tmp/ktest-out/lustre-release /tmp/ktest-out/lustre-release/lnet/lnet/udsp.c
[482/523][1.8s] clang-tidy-20 -checks=-*,linuxkernel-must-check-errs,misc-static-assert -p=/tmp/ktest-out/lustre-release /tmp/ktest-out/lustre-release/lustre/ldlm/ldlm_flock.c
[483/523][0.1s] clang-tidy-20 -checks=-*,linuxkernel-must-check-errs,misc-static-assert -p=/tmp/ktest-out/lustre-release /tmp/ktest-out/lustre-release/lustre/tests/mirror_io.c
[484/523][1.6s] clang-tidy-20 -checks=-*,linuxkernel-must-check-errs,misc-static-assert -p=/tmp/ktest-out/lustre-release /tmp/ktest-out/lustre-release/lustre/ldlm/ldlm_cache_policy.c
[485/523][0.1s] clang-tidy-20 -checks=-*,linuxkernel-must-check-errs,misc-static-assert -p=/tmp/ktest-out/lustre-release /tmp/ktest-out/lustre-release/lustre/tests/chownmany.c
[486/523][1.3s] clang-tidy-20 -checks=-*,linuxkernel-must-check-errs,misc-static-assert -p=/tmp/ktest-out/lustre-release /tmp/ktest-out/lustre-release/lustre/kunit/ec_test.c
[487/523][0.5s] clang-tidy-20 -checks=-*,linuxkernel-must-check-errs,misc-static-assert -p=/tmp/ktest-out/lustre-release /tmp/ktest-out/lustre-release/lustre/lfsck/lfsck.mod.c
[488/523][1.5s] clang-tidy-20 -checks=-*,linuxkernel-must-check-errs,misc-static-assert -p=/tmp/ktest-out/lustre-release /tmp/ktest-out/lustre-release/lustre/llite/symlink.c
[489/523][1.5s] clang-tidy-20 -checks=-*,linuxkernel-must-check-errs,misc-static-assert -p=/tmp/ktest-out/lustre-release /tmp/ktest-out/lustre-release/lustre/llite/vvp_dev.c
[490/523][1.3s] clang-tidy-20 -checks=-*,linuxkernel-must-check-errs,misc-static-assert -p=/tmp/ktest-out/lustre-release /tmp/ktest-out/lustre-release/lustre/ldlm/l_lock.c
[491/523][1.1s] clang-tidy-20 -checks=-*,linuxkernel-must-check-errs,misc-static-assert -p=/tmp/ktest-out/lustre-release /tmp/ktest-out/lustre-release/lnet/selftest/ping_test.c
[492/523][0.7s] clang-tidy-20 -checks=-*,linuxkernel-must-check-errs,misc-static-assert -p=/tmp/ktest-out/lustre-release /tmp/ktest-out/lustre-release/libcfs/libcfs/debug.c
[493/523][0.0s] clang-tidy-20 -checks=-*,linuxkernel-must-check-errs,misc-static-assert -p=/tmp/ktest-out/lustre-release /tmp/ktest-out/lustre-release/lnet/utils/routerstat.c
[494/523][0.1s] clang-tidy-20 -checks=-*,linuxkernel-must-check-errs,misc-static-assert -p=/tmp/ktest-out/lustre-release /tmp/ktest-out/lustre-release/lnet/utils/lnetconfig/cyaml.c
[495/523][1.9s] clang-tidy-20 -checks=-*,linuxkernel-must-check-errs,misc-static-assert -p=/tmp/ktest-out/lustre-release /tmp/ktest-out/lustre-release/lustre/fid/fid_lib.c
[496/523][1.7s] clang-tidy-20 -checks=-*,linuxkernel-must-check-errs,misc-static-assert -p=/tmp/ktest-out/lustre-release /tmp/ktest-out/lustre-release/lustre/llite/statahead.c
[497/523][1.6s] clang-tidy-20 -checks=-*,linuxkernel-must-check-errs,misc-static-assert -p=/tmp/ktest-out/lustre-release /tmp/ktest-out/lustre-release/lustre/lov/lov_pool.c
[498/523][1.5s] clang-tidy-20 -checks=-*,linuxkernel-must-check-errs,misc-static-assert -p=/tmp/ktest-out/lustre-release /tmp/ktest-out/lustre-release/lustre/obdclass/lprocfs_jobstats.c
[499/523][1.7s] clang-tidy-20 -checks=-*,linuxkernel-must-check-errs,misc-static-assert -p=/tmp/ktest-out/lustre-release /tmp/ktest-out/lustre-release/lustre/llite/llite_mmap.c
[500/523][1.3s] clang-tidy-20 -checks=-*,linuxkernel-must-check-errs,misc-static-assert -p=/tmp/ktest-out/lustre-release /tmp/ktest-out/lustre-release/lnet/selftest/rpc.c
[501/523][1.3s] clang-tidy-20 -checks=-*,linuxkernel-must-check-errs,misc-static-assert -p=/tmp/ktest-out/lustre-release /tmp/ktest-out/lustre-release/lustre/mdd/mdd_object.c
[502/523][1.3s] clang-tidy-20 -checks=-*,linuxkernel-must-check-errs,misc-static-assert -p=/tmp/ktest-out/lustre-release /tmp/ktest-out/lustre-release/lustre/ofd/ofd_oss.c
[503/523][1.3s] clang-tidy-20 -checks=-*,linuxkernel-must-check-errs,misc-static-assert -p=/tmp/ktest-out/lustre-release /tmp/ktest-out/lustre-release/lustre/kunit/kinode.c
[504/523][1.5s] clang-tidy-20 -checks=-*,linuxkernel-must-check-errs,misc-static-assert -p=/tmp/ktest-out/lustre-release /tmp/ktest-out/lustre-release/lustre/lmv/lmv_intent.c
[505/523][1.1s] clang-tidy-20 -checks=-*,linuxkernel-must-check-errs,misc-static-assert -p=/tmp/ktest-out/lustre-release /tmp/ktest-out/lustre-release/lnet/lnet/lib-cpt.c
[506/523][1.3s] clang-tidy-20 -checks=-*,linuxkernel-must-check-errs,misc-static-assert -p=/tmp/ktest-out/lustre-release /tmp/ktest-out/lustre-release/lustre/ofd/lproc_ofd.c
[507/523][1.3s] clang-tidy-20 -checks=-*,linuxkernel-must-check-errs,misc-static-assert -p=/tmp/ktest-out/lustre-release /tmp/ktest-out/lustre-release/lustre/lmv/lproc_lmv.c
[508/523][1.5s] clang-tidy-20 -checks=-*,linuxkernel-must-check-errs,misc-static-assert -p=/tmp/ktest-out/lustre-release /tmp/ktest-out/lustre-release/lustre/ofd/ofd_io.c
[509/523][0.9s] clang-tidy-20 -checks=-*,linuxkernel-must-check-errs,misc-static-assert -p=/tmp/ktest-out/lustre-release /tmp/ktest-out/lustre-release/lnet/selftest/framework.c
[510/523][1.2s] clang-tidy-20 -checks=-*,linuxkernel-must-check-errs,misc-static-assert -p=/tmp/ktest-out/lustre-release /tmp/ktest-out/lustre-release/lustre/llite/vvp_io.c
[511/523][1.3s] clang-tidy-20 -checks=-*,linuxkernel-must-check-errs,misc-static-assert -p=/tmp/ktest-out/lustre-release /tmp/ktest-out/lustre-release/lustre/target/tgt_main.c
[512/523][1.3s] clang-tidy-20 -checks=-*,linuxkernel-must-check-errs,misc-static-assert -p=/tmp/ktest-out/lustre-release /tmp/ktest-out/lustre-release/lustre/mdd/mdd_changelog.c
[513/523][1.2s] clang-tidy-20 -checks=-*,linuxkernel-must-check-errs,misc-static-assert -p=/tmp/ktest-out/lustre-release /tmp/ktest-out/lustre-release/lustre/obdclass/idmap.c
[514/523][1.5s] clang-tidy-20 -checks=-*,linuxkernel-must-check-errs,misc-static-assert -p=/tmp/ktest-out/lustre-release /tmp/ktest-out/lustre-release/lustre/mdt/mdt_coordinator.c
[515/523][1.0s] clang-tidy-20 -checks=-*,linuxkernel-must-check-errs,misc-static-assert -p=/tmp/ktest-out/lustre-release /tmp/ktest-out/lustre-release/lnet/lnet/peer.c
[516/523][1.3s] clang-tidy-20 -checks=-*,linuxkernel-must-check-errs,misc-static-assert -p=/tmp/ktest-out/lustre-release /tmp/ktest-out/lustre-release/lustre/ptlrpc/pack_server.c
[517/523][1.3s] clang-tidy-20 -checks=-*,linuxkernel-must-check-errs,misc-static-assert -p=/tmp/ktest-out/lustre-release /tmp/ktest-out/lustre-release/lustre/fid/fid_handler.c
[518/523][1.0s] clang-tidy-20 -checks=-*,linuxkernel-must-check-errs,misc-static-assert -p=/tmp/ktest-out/lustre-release /tmp/ktest-out/lustre-release/lustre/target/tgt_lastrcvd.c
[519/523][1.3s] clang-tidy-20 -checks=-*,linuxkernel-must-check-errs,misc-static-assert -p=/tmp/ktest-out/lustre-release /tmp/ktest-out/lustre-release/lustre/osp/osp_precreate.c
[520/523][3.0s] clang-tidy-20 -checks=-*,linuxkernel-must-check-errs,misc-static-assert -p=/tmp/ktest-out/lustre-release /tmp/ktest-out/lustre-release/lustre/osc/osc_request.c
[521/523][2.5s] clang-tidy-20 -checks=-*,linuxkernel-must-check-errs,misc-static-assert -p=/tmp/ktest-out/lustre-release /tmp/ktest-out/lustre-release/lustre/lfsck/lfsck_lib.c
[522/523][2.2s] clang-tidy-20 -checks=-*,linuxkernel-must-check-errs,misc-static-assert -p=/tmp/ktest-out/lustre-release /tmp/ktest-out/lustre-release/lustre/mgc/mgc_request.c
[523/523][1.8s] clang-tidy-20 -checks=-*,linuxkernel-must-check-errs,misc-static-assert -p=/tmp/ktest-out/lustre-release /tmp/ktest-out/lustre-release/lustre/lod/lod_dev.c
