CLI: ./podman-ktest --podman-socket unix:///run/podman/podman.sock --shared-filesystem /tmp --tarball-input job lustre-ci --output /var/www/ci-lustre/upstream-patch-review --git-hash e870c1c54492035c13dc2db31447a1dcef2f7b46 --change-id 60769_e870c1c54492035c13dc2db31447a1dcef2f7b46 --subject LU-18934 osd: Add BRW IO latency statistics by size

  Checking /dev/kvm exists... OK
  Checking /dev/kvm permissions... OK
  Creating ccache directory... OK
  Checking ccache directory writable... OK

Environment validated successfully
Creating kernel tarball at /tmp/ktest-kernel.tar.gz...
Creating lustre tarball at /tmp/ktest-lustre.tar.gz...
Executing 16 jobs
Jobs will start as soon as their dependencies are satisfied
Using tarball input mode

START lustre_u24 build tests/fs/lustre/boot.ktest
START checkpatch tool checkpatch
START lustre_al2023 build tests/fs/lustre/boot.ktest
START lustre_mainline_native build tests/fs/lustre/boot.ktest
START lustre_mainline build tests/fs/lustre/boot.ktest
START lustre_mainline_strict build tests/fs/lustre/boot-strict.ktest
PUT /tmp/ktest-kernel.tar.gz 20s
PUT /tmp/ktest-kernel.tar.gz 20s
PUT /tmp/ktest-kernel.tar.gz 20s
PUT /tmp/ktest-kernel.tar.gz 20s
PUT /tmp/ktest-kernel.tar.gz 20s
PUT /tmp/ktest-kernel.tar.gz 21s
PUT /tmp/ktest-lustre.tar.gz 8s
PUT /tmp/ktest-lustre.tar.gz 8s
PUT /tmp/ktest-lustre.tar.gz 9s
PUT /tmp/ktest-lustre.tar.gz 9s
PUT /tmp/ktest-lustre.tar.gz 8s
PUT /tmp/ktest-lustre.tar.gz 9s
END checkpatch tool checkpatch FAIL 32s (exit code: 1)
END lustre_al2023 build tests/fs/lustre/boot.ktest PASS 98s
END lustre_u24 build tests/fs/lustre/boot.ktest PASS 99s
GET /tmp/ktest_lustre_mainline_strict_dskaua62.tar 5s
END lustre_mainline_strict build tests/fs/lustre/boot-strict.ktest FAIL 170s (exit code: 1)
GET /tmp/ktest_lustre_mainline_native__u861fu9.tar 3s
GET /tmp/ktest_lustre_mainline_67runkch.tar 3s
END lustre_mainline_native build tests/fs/lustre/boot.ktest PASS 184s
START clang-tidy tool clang-tidy
START cc-plugin tool cc-plugin
START boot run tests/fs/lustre/boot.ktest
START llmount run tests/fs/lustre/llmount.ktest
START llog-unit run tests/fs/lustre/llog-unit.ktest
START mgs-setup run tests/fs/lustre/mgs-setup.ktest
START sanity-1 run tests/fs/lustre/sanity/sanity-1.ktest
START sanity-2 run tests/fs/lustre/sanity/sanity-2.ktest
START sanity-3 run tests/fs/lustre/sanity/sanity-3.ktest
START sanity-4 run tests/fs/lustre/sanity/sanity-4.ktest
END lustre_mainline build tests/fs/lustre/boot.ktest PASS 186s
PUT /tmp/ktest-kernel.tar.gz 43s
PUT /tmp/ktest-kernel.tar.gz 51s
PUT /tmp/ktest_lustre_mainline_native__u861fu9.tar 51s
PUT /tmp/ktest_lustre_mainline_native__u861fu9.tar 51s
PUT /tmp/ktest_lustre_mainline_native__u861fu9.tar 51s
PUT /tmp/ktest_lustre_mainline_native__u861fu9.tar 51s
PUT /tmp/ktest_lustre_mainline_native__u861fu9.tar 51s
PUT /tmp/ktest_lustre_mainline_native__u861fu9.tar 51s
PUT /tmp/ktest_lustre_mainline_native__u861fu9.tar 51s
PUT /tmp/ktest_lustre_mainline_native__u861fu9.tar 51s
PUT /tmp/ktest-lustre.tar.gz 99s
PUT /tmp/ktest-lustre.tar.gz 92s
PUT /tmp/ktest_lustre_mainline_native__u861fu9.tar 20s
PUT /tmp/ktest_lustre_mainline_native__u861fu9.tar 19s
END mgs-setup run tests/fs/lustre/mgs-setup.ktest PASS 167s
END cc-plugin tool cc-plugin FAIL 169s (exit code: 127)
END boot run tests/fs/lustre/boot.ktest PASS 175s
END sanity-3 run tests/fs/lustre/sanity/sanity-3.ktest PASS 192s
END clang-tidy tool clang-tidy PASS 193s
END sanity-2 run tests/fs/lustre/sanity/sanity-2.ktest PASS 200s
END sanity-4 run tests/fs/lustre/sanity/sanity-4.ktest PASS 201s
END sanity-1 run tests/fs/lustre/sanity/sanity-1.ktest PASS 215s
END llmount run tests/fs/lustre/llmount.ktest PASS 249s
END llog-unit run tests/fs/lustre/llog-unit.ktest PASS 275s

============================================================
Final Results:
  checkpatch: FAIL (32s) (log: /var/www/ci-lustre/upstream-patch-review/e870c1c54492035c13dc2db31447a1dcef2f7b46_checkpatch.log)
  lustre_u24: PASS (99s) (log: /var/www/ci-lustre/upstream-patch-review/e870c1c54492035c13dc2db31447a1dcef2f7b46_lustre_u24.log)
  lustre_al2023: PASS (98s) (log: /var/www/ci-lustre/upstream-patch-review/e870c1c54492035c13dc2db31447a1dcef2f7b46_lustre_al2023.log)
  lustre_mainline_strict: FAIL (170s) (log: /var/www/ci-lustre/upstream-patch-review/e870c1c54492035c13dc2db31447a1dcef2f7b46_lustre_mainline_strict.log)
  lustre_mainline: PASS (186s) (log: /var/www/ci-lustre/upstream-patch-review/e870c1c54492035c13dc2db31447a1dcef2f7b46_lustre_mainline.log)
  lustre_mainline_native: PASS (184s) (log: /var/www/ci-lustre/upstream-patch-review/e870c1c54492035c13dc2db31447a1dcef2f7b46_lustre_mainline_native.log)
  clang-tidy: PASS (193s) (log: /var/www/ci-lustre/upstream-patch-review/e870c1c54492035c13dc2db31447a1dcef2f7b46_clang-tidy.log)
  cc-plugin: FAIL (169s) (log: /var/www/ci-lustre/upstream-patch-review/e870c1c54492035c13dc2db31447a1dcef2f7b46_cc-plugin.log)
  boot: PASS (175s) (log: /var/www/ci-lustre/upstream-patch-review/e870c1c54492035c13dc2db31447a1dcef2f7b46_boot.log)
  llmount: PASS (249s) (log: /var/www/ci-lustre/upstream-patch-review/e870c1c54492035c13dc2db31447a1dcef2f7b46_llmount.log)
  llog-unit: PASS (275s) (log: /var/www/ci-lustre/upstream-patch-review/e870c1c54492035c13dc2db31447a1dcef2f7b46_llog-unit.log)
  mgs-setup: PASS (167s) (log: /var/www/ci-lustre/upstream-patch-review/e870c1c54492035c13dc2db31447a1dcef2f7b46_mgs-setup.log)
  sanity-1: PASS (215s) (log: /var/www/ci-lustre/upstream-patch-review/e870c1c54492035c13dc2db31447a1dcef2f7b46_sanity-1.log)
  sanity-2: PASS (200s) (log: /var/www/ci-lustre/upstream-patch-review/e870c1c54492035c13dc2db31447a1dcef2f7b46_sanity-2.log)
  sanity-3: PASS (192s) (log: /var/www/ci-lustre/upstream-patch-review/e870c1c54492035c13dc2db31447a1dcef2f7b46_sanity-3.log)
  sanity-4: PASS (201s) (log: /var/www/ci-lustre/upstream-patch-review/e870c1c54492035c13dc2db31447a1dcef2f7b46_sanity-4.log)

Total execution time: 489s
