CLI: ./podman-ktest --podman-socket unix:///run/podman/podman.sock --shared-filesystem /tmp --tarball-input job lustre-ci --output /var/www/ci-lustre/upstream-patch-review --git-hash e89bc0e0b1372eaa2271b1b0b96271d3356f1514 --change-id 63643_e89bc0e0b1372eaa2271b1b0b96271d3356f1514 --subject LU-19833 acl: fix generation of changelogs with ACLs

  Checking /dev/kvm exists... OK
  Checking /dev/kvm permissions... OK
  Creating ccache directory... OK
  Checking ccache directory writable... OK

Environment validated successfully
Creating kernel tarball at /tmp/ktest-kernel.tar.gz...
Creating lustre tarball at /tmp/ktest-lustre.tar.gz...
Executing 16 jobs
Jobs will start as soon as their dependencies are satisfied
Using tarball input mode

START lustre_mainline_native build tests/fs/lustre/boot.ktest
START lustre_u24 build tests/fs/lustre/boot.ktest
START checkpatch tool checkpatch
START lustre_mainline build tests/fs/lustre/boot.ktest
START lustre_mainline_strict build tests/fs/lustre/boot-strict.ktest
START lustre_al2023 build tests/fs/lustre/boot.ktest
PUT /tmp/ktest-kernel.tar.gz 8s
PUT /tmp/ktest-kernel.tar.gz 8s
PUT /tmp/ktest-kernel.tar.gz 8s
PUT /tmp/ktest-kernel.tar.gz 8s
PUT /tmp/ktest-kernel.tar.gz 8s
PUT /tmp/ktest-kernel.tar.gz 8s
PUT /tmp/ktest-lustre.tar.gz 2s
PUT /tmp/ktest-lustre.tar.gz 2s
PUT /tmp/ktest-lustre.tar.gz 2s
PUT /tmp/ktest-lustre.tar.gz 2s
PUT /tmp/ktest-lustre.tar.gz 2s
PUT /tmp/ktest-lustre.tar.gz 2s
END checkpatch tool checkpatch PASS 14s
END lustre_al2023 build tests/fs/lustre/boot.ktest PASS 67s
END lustre_u24 build tests/fs/lustre/boot.ktest PASS 71s
GET /tmp/ktest_lustre_mainline_strict_vy21vhe6.tar 5s
END lustre_mainline_strict build tests/fs/lustre/boot-strict.ktest FAIL 109s (exit code: 1)
GET /tmp/ktest_lustre_mainline_native_zh0e4xma.tar 3s
GET /tmp/ktest_lustre_mainline_8tlgxuud.tar 3s
END lustre_mainline_native build tests/fs/lustre/boot.ktest PASS 119s
START clang-tidy tool clang-tidy
START cc-plugin tool cc-plugin
START boot run tests/fs/lustre/boot.ktest
START llmount run tests/fs/lustre/llmount.ktest
START llog-unit run tests/fs/lustre/llog-unit.ktest
START mgs-setup run tests/fs/lustre/mgs-setup.ktest
START sanity-1 run tests/fs/lustre/sanity/sanity-1.ktest
START sanity-2 run tests/fs/lustre/sanity/sanity-2.ktest
START sanity-3 run tests/fs/lustre/sanity/sanity-3.ktest
START sanity-4 run tests/fs/lustre/sanity/sanity-4.ktest
END lustre_mainline build tests/fs/lustre/boot.ktest PASS 120s
PUT /tmp/ktest-kernel.tar.gz 9s
PUT /tmp/ktest-kernel.tar.gz 9s
PUT /tmp/ktest_lustre_mainline_native_zh0e4xma.tar 11s
PUT /tmp/ktest_lustre_mainline_native_zh0e4xma.tar 11s
PUT /tmp/ktest_lustre_mainline_native_zh0e4xma.tar 18s
PUT /tmp/ktest_lustre_mainline_native_zh0e4xma.tar 18s
PUT /tmp/ktest-lustre.tar.gz 9s
PUT /tmp/ktest_lustre_mainline_native_zh0e4xma.tar 18s
PUT /tmp/ktest_lustre_mainline_native_zh0e4xma.tar 18s
PUT /tmp/ktest_lustre_mainline_native_zh0e4xma.tar 18s
PUT /tmp/ktest-lustre.tar.gz 9s
PUT /tmp/ktest_lustre_mainline_native_zh0e4xma.tar 18s
PUT /tmp/ktest_lustre_mainline_native_zh0e4xma.tar 30s
PUT /tmp/ktest_lustre_mainline_native_zh0e4xma.tar 30s
END cc-plugin tool cc-plugin FAIL 53s (exit code: 127)
END clang-tidy tool clang-tidy PASS 72s
END boot run tests/fs/lustre/boot.ktest PASS 73s
END sanity-4 run tests/fs/lustre/sanity/sanity-4.ktest PASS 77s
END mgs-setup run tests/fs/lustre/mgs-setup.ktest PASS 83s
END sanity-3 run tests/fs/lustre/sanity/sanity-3.ktest PASS 85s
END sanity-1 run tests/fs/lustre/sanity/sanity-1.ktest PASS 103s
END sanity-2 run tests/fs/lustre/sanity/sanity-2.ktest PASS 106s
END llmount run tests/fs/lustre/llmount.ktest PASS 173s
END llog-unit run tests/fs/lustre/llog-unit.ktest PASS 176s

============================================================
Final Results:
  checkpatch: PASS (14s) (log: /var/www/ci-lustre/upstream-patch-review/e89bc0e0b1372eaa2271b1b0b96271d3356f1514_checkpatch.log)
  lustre_u24: PASS (71s) (log: /var/www/ci-lustre/upstream-patch-review/e89bc0e0b1372eaa2271b1b0b96271d3356f1514_lustre_u24.log)
  lustre_al2023: PASS (67s) (log: /var/www/ci-lustre/upstream-patch-review/e89bc0e0b1372eaa2271b1b0b96271d3356f1514_lustre_al2023.log)
  lustre_mainline_strict: FAIL (109s) (log: /var/www/ci-lustre/upstream-patch-review/e89bc0e0b1372eaa2271b1b0b96271d3356f1514_lustre_mainline_strict.log)
  lustre_mainline: PASS (120s) (log: /var/www/ci-lustre/upstream-patch-review/e89bc0e0b1372eaa2271b1b0b96271d3356f1514_lustre_mainline.log)
  lustre_mainline_native: PASS (119s) (log: /var/www/ci-lustre/upstream-patch-review/e89bc0e0b1372eaa2271b1b0b96271d3356f1514_lustre_mainline_native.log)
  clang-tidy: PASS (72s) (log: /var/www/ci-lustre/upstream-patch-review/e89bc0e0b1372eaa2271b1b0b96271d3356f1514_clang-tidy.log)
  cc-plugin: FAIL (53s) (log: /var/www/ci-lustre/upstream-patch-review/e89bc0e0b1372eaa2271b1b0b96271d3356f1514_cc-plugin.log)
  boot: PASS (73s) (log: /var/www/ci-lustre/upstream-patch-review/e89bc0e0b1372eaa2271b1b0b96271d3356f1514_boot.log)
  llmount: PASS (173s) (log: /var/www/ci-lustre/upstream-patch-review/e89bc0e0b1372eaa2271b1b0b96271d3356f1514_llmount.log)
  llog-unit: PASS (176s) (log: /var/www/ci-lustre/upstream-patch-review/e89bc0e0b1372eaa2271b1b0b96271d3356f1514_llog-unit.log)
  mgs-setup: PASS (83s) (log: /var/www/ci-lustre/upstream-patch-review/e89bc0e0b1372eaa2271b1b0b96271d3356f1514_mgs-setup.log)
  sanity-1: PASS (103s) (log: /var/www/ci-lustre/upstream-patch-review/e89bc0e0b1372eaa2271b1b0b96271d3356f1514_sanity-1.log)
  sanity-2: PASS (106s) (log: /var/www/ci-lustre/upstream-patch-review/e89bc0e0b1372eaa2271b1b0b96271d3356f1514_sanity-2.log)
  sanity-3: PASS (85s) (log: /var/www/ci-lustre/upstream-patch-review/e89bc0e0b1372eaa2271b1b0b96271d3356f1514_sanity-3.log)
  sanity-4: PASS (77s) (log: /var/www/ci-lustre/upstream-patch-review/e89bc0e0b1372eaa2271b1b0b96271d3356f1514_sanity-4.log)

Total execution time: 327s
