CLI: ./podman-ktest --podman-socket unix:///run/podman/podman.sock --shared-filesystem /tmp --tarball-input job lustre-ci --output /var/www/ci-lustre/upstream-patch-review --git-hash e8ebc6e670f034a8bcddfa5271997340015d2d40 --change-id 66076_e8ebc6e670f034a8bcddfa5271997340015d2d40 --subject LU-10973 build: remove unused python / swig m4

  Checking /dev/kvm exists... OK
  Checking /dev/kvm permissions... OK
  Creating ccache directory... OK
  Checking ccache directory writable... OK
  Creating package output directory... OK

Environment validated successfully
Creating kernel tarball at /tmp/ktest-kernel.tar.gz...
Creating lustre tarball at /tmp/ktest-lustre.tar.gz...
Creating ZFS tarball at /tmp/ktest-zfs.tar.gz...
Executing 13 jobs
Jobs will start as soon as their dependencies are satisfied
Using tarball input mode

START checkpatch tool checkpatch
START lustre_mainline_native build tests/fs/lustre/boot.ktest
START lustre_mainline build tests/fs/lustre/boot.ktest
START u24 build tests/fs/lustre/boot.ktest
START lustre_mainline_strict build tests/fs/lustre/boot-strict.ktest
START al2023 build tests/fs/lustre/boot.ktest
PUT /tmp/ktest-lustre.tar.gz 1s
PUT /tmp/ktest-lustre.tar.gz 2s
PUT /tmp/ktest-kernel.tar.gz 9s
PUT /tmp/ktest-kernel.tar.gz 9s
PUT /tmp/ktest-kernel.tar.gz 9s
PUT /tmp/ktest-kernel.tar.gz 9s
PUT /tmp/ktest-lustre.tar.gz 3s
PUT /tmp/ktest-lustre.tar.gz 3s
PUT /tmp/ktest-lustre.tar.gz 3s
PUT /tmp/ktest-lustre.tar.gz 3s
PUT /tmp/ktest-zfs.tar.gz 0s
PUT /tmp/ktest-zfs.tar.gz 0s
PUT /tmp/ktest-zfs.tar.gz 0s
END checkpatch tool checkpatch FAIL 15s (exit code: 1)
END al2023 build tests/fs/lustre/boot.ktest PASS 70s
END u24 build tests/fs/lustre/boot.ktest PASS 70s
GET /tmp/ktest_lustre_mainline_1mpiu21y.tar 0s
GET /tmp/ktest_lustre_mainline_native_cpua48gd.tar 0s
END lustre_mainline build tests/fs/lustre/boot.ktest PASS 188s
GET /tmp/ktest_lustre_mainline_strict_dc7k_o94.tar 5s
END lustre_mainline_native build tests/fs/lustre/boot.ktest PASS 189s
START boot run tests/fs/lustre/boot.ktest
START llmount run tests/fs/lustre/llmount.ktest
START mgs-setup run tests/fs/lustre/mgs-setup.ktest
START sanity-1 run tests/fs/lustre/sanity/sanity-1.ktest
START sanity-2 run tests/fs/lustre/sanity/sanity-2.ktest
START sanity-3 run tests/fs/lustre/sanity/sanity-3.ktest
START sanity-4 run tests/fs/lustre/sanity/sanity-4.ktest
END lustre_mainline_strict build tests/fs/lustre/boot-strict.ktest FAIL 191s (exit code: 1)
PUT /tmp/ktest-kernel.tar.gz 33s
PUT /tmp/ktest-kernel.tar.gz 33s
PUT /tmp/ktest-kernel.tar.gz 33s
PUT /tmp/ktest-kernel.tar.gz 33s
PUT /tmp/ktest-kernel.tar.gz 33s
PUT /tmp/ktest-kernel.tar.gz 33s
PUT /tmp/ktest-kernel.tar.gz 34s
PUT /tmp/ktest-lustre.tar.gz 9s
PUT /tmp/ktest-lustre.tar.gz 9s
PUT /tmp/ktest-lustre.tar.gz 9s
PUT /tmp/ktest-lustre.tar.gz 9s
PUT /tmp/ktest-lustre.tar.gz 9s
PUT /tmp/ktest-lustre.tar.gz 9s
PUT /tmp/ktest-lustre.tar.gz 10s
PUT /tmp/ktest_lustre_mainline_native_cpua48gd.tar 0s
PUT /tmp/ktest_lustre_mainline_native_cpua48gd.tar 1s
PUT /tmp/ktest_lustre_mainline_native_cpua48gd.tar 1s
PUT /tmp/ktest_lustre_mainline_native_cpua48gd.tar 1s
PUT /tmp/ktest_lustre_mainline_native_cpua48gd.tar 1s
PUT /tmp/ktest_lustre_mainline_native_cpua48gd.tar 1s
PUT /tmp/ktest_lustre_mainline_native_cpua48gd.tar 1s
END boot run tests/fs/lustre/boot.ktest PASS 146s
END mgs-setup run tests/fs/lustre/mgs-setup.ktest PASS 155s
END sanity-4 run tests/fs/lustre/sanity/sanity-4.ktest PASS 212s
END sanity-1 run tests/fs/lustre/sanity/sanity-1.ktest PASS 213s
END sanity-3 run tests/fs/lustre/sanity/sanity-3.ktest PASS 214s
END sanity-2 run tests/fs/lustre/sanity/sanity-2.ktest PASS 233s
END llmount run tests/fs/lustre/llmount.ktest PASS 237s

============================================================
Final Results:
  checkpatch: FAIL (15s) (log: /var/www/ci-lustre/upstream-patch-review/e8ebc6e670f034a8bcddfa5271997340015d2d40_checkpatch.log)
  u24: PASS (70s) (log: /var/www/ci-lustre/upstream-patch-review/e8ebc6e670f034a8bcddfa5271997340015d2d40_u24.log)
  al2023: PASS (70s) (log: /var/www/ci-lustre/upstream-patch-review/e8ebc6e670f034a8bcddfa5271997340015d2d40_al2023.log)
  lustre_mainline_strict: FAIL (191s) (log: /var/www/ci-lustre/upstream-patch-review/e8ebc6e670f034a8bcddfa5271997340015d2d40_lustre_mainline_strict.log)
  lustre_mainline: PASS (188s) (log: /var/www/ci-lustre/upstream-patch-review/e8ebc6e670f034a8bcddfa5271997340015d2d40_lustre_mainline.log)
  lustre_mainline_native: PASS (189s) (log: /var/www/ci-lustre/upstream-patch-review/e8ebc6e670f034a8bcddfa5271997340015d2d40_lustre_mainline_native.log)
  boot: PASS (146s) (log: /var/www/ci-lustre/upstream-patch-review/e8ebc6e670f034a8bcddfa5271997340015d2d40_boot.log)
  llmount: PASS (237s) (log: /var/www/ci-lustre/upstream-patch-review/e8ebc6e670f034a8bcddfa5271997340015d2d40_llmount.log)
  mgs-setup: PASS (155s) (log: /var/www/ci-lustre/upstream-patch-review/e8ebc6e670f034a8bcddfa5271997340015d2d40_mgs-setup.log)
  sanity-1: PASS (213s) (log: /var/www/ci-lustre/upstream-patch-review/e8ebc6e670f034a8bcddfa5271997340015d2d40_sanity-1.log)
  sanity-2: PASS (233s) (log: /var/www/ci-lustre/upstream-patch-review/e8ebc6e670f034a8bcddfa5271997340015d2d40_sanity-2.log)
  sanity-3: PASS (214s) (log: /var/www/ci-lustre/upstream-patch-review/e8ebc6e670f034a8bcddfa5271997340015d2d40_sanity-3.log)
  sanity-4: PASS (212s) (log: /var/www/ci-lustre/upstream-patch-review/e8ebc6e670f034a8bcddfa5271997340015d2d40_sanity-4.log)

Total execution time: 458s
