CLI: ./podman-ktest --podman-socket unix:///run/podman/podman.sock --shared-filesystem /tmp --tarball-input job lustre-ci --output /var/www/ci-lustre/upstream-patch-review --git-hash e9b98a859c67c5bcc4be21e4b62393218e231b82 --change-id 64319_e9b98a859c67c5bcc4be21e4b62393218e231b82 --subject LU-19921 ptlrpc: add SEC_INT ctx RPC handler

  Checking /dev/kvm exists... OK
  Checking /dev/kvm permissions... OK
  Creating ccache directory... OK
  Checking ccache directory writable... OK

Environment validated successfully
Creating kernel tarball at /tmp/ktest-kernel.tar.gz...
Creating lustre tarball at /tmp/ktest-lustre.tar.gz...
Executing 16 jobs
Jobs will start as soon as their dependencies are satisfied
Using tarball input mode

START checkpatch tool checkpatch
START lustre_mainline build tests/fs/lustre/boot.ktest
START lustre_mainline_native build tests/fs/lustre/boot.ktest
START u24 build tests/fs/lustre/boot.ktest
START lustre_mainline_strict build tests/fs/lustre/boot-strict.ktest
START al2023 build tests/fs/lustre/boot.ktest
PUT /tmp/ktest-kernel.tar.gz 8s
PUT /tmp/ktest-kernel.tar.gz 8s
PUT /tmp/ktest-kernel.tar.gz 8s
PUT /tmp/ktest-kernel.tar.gz 8s
PUT /tmp/ktest-kernel.tar.gz 8s
PUT /tmp/ktest-kernel.tar.gz 8s
PUT /tmp/ktest-lustre.tar.gz 2s
PUT /tmp/ktest-lustre.tar.gz 1s
PUT /tmp/ktest-lustre.tar.gz 2s
PUT /tmp/ktest-lustre.tar.gz 1s
PUT /tmp/ktest-lustre.tar.gz 1s
PUT /tmp/ktest-lustre.tar.gz 2s
END checkpatch tool checkpatch FAIL 13s (exit code: 1)
END al2023 build tests/fs/lustre/boot.ktest PASS 67s
END u24 build tests/fs/lustre/boot.ktest PASS 72s
GET /tmp/ktest_lustre_mainline_strict_m801h82e.tar 5s
END lustre_mainline_strict build tests/fs/lustre/boot-strict.ktest FAIL 125s (exit code: 1)
GET /tmp/ktest_lustre_mainline_b_zaqg73.tar 4s
GET /tmp/ktest_lustre_mainline_native_ob7ctu49.tar 4s
END lustre_mainline build tests/fs/lustre/boot.ktest PASS 127s
END lustre_mainline_native build tests/fs/lustre/boot.ktest PASS 129s
START clang-tidy tool clang-tidy
START cc-plugin tool cc-plugin
START boot run tests/fs/lustre/boot.ktest
START llmount run tests/fs/lustre/llmount.ktest
START llog-unit run tests/fs/lustre/llog-unit.ktest
START mgs-setup run tests/fs/lustre/mgs-setup.ktest
START sanity-1 run tests/fs/lustre/sanity/sanity-1.ktest
START sanity-2 run tests/fs/lustre/sanity/sanity-2.ktest
START sanity-3 run tests/fs/lustre/sanity/sanity-3.ktest
START sanity-4 run tests/fs/lustre/sanity/sanity-4.ktest
PUT /tmp/ktest-kernel.tar.gz 7s
PUT /tmp/ktest-kernel.tar.gz 9s
PUT /tmp/ktest_lustre_mainline_native_ob7ctu49.tar 10s
PUT /tmp/ktest_lustre_mainline_native_ob7ctu49.tar 10s
PUT /tmp/ktest_lustre_mainline_native_ob7ctu49.tar 10s
PUT /tmp/ktest_lustre_mainline_native_ob7ctu49.tar 10s
PUT /tmp/ktest_lustre_mainline_native_ob7ctu49.tar 10s
PUT /tmp/ktest_lustre_mainline_native_ob7ctu49.tar 10s
PUT /tmp/ktest_lustre_mainline_native_ob7ctu49.tar 10s
PUT /tmp/ktest_lustre_mainline_native_ob7ctu49.tar 11s
PUT /tmp/ktest-lustre.tar.gz 27s
PUT /tmp/ktest-lustre.tar.gz 25s
PUT /tmp/ktest_lustre_mainline_native_ob7ctu49.tar 11s
PUT /tmp/ktest_lustre_mainline_native_ob7ctu49.tar 12s
END boot run tests/fs/lustre/boot.ktest PASS 49s
END cc-plugin tool cc-plugin FAIL 51s (exit code: 127)
END clang-tidy tool clang-tidy PASS 71s
END mgs-setup run tests/fs/lustre/mgs-setup.ktest PASS 75s
END sanity-1 run tests/fs/lustre/sanity/sanity-1.ktest PASS 91s
END sanity-3 run tests/fs/lustre/sanity/sanity-3.ktest PASS 104s
END sanity-2 run tests/fs/lustre/sanity/sanity-2.ktest PASS 108s
END sanity-4 run tests/fs/lustre/sanity/sanity-4.ktest PASS 111s
END llmount run tests/fs/lustre/llmount.ktest PASS 134s
END llog-unit run tests/fs/lustre/llog-unit.ktest PASS 164s

============================================================
Final Results:
  checkpatch: FAIL (13s) (log: /var/www/ci-lustre/upstream-patch-review/e9b98a859c67c5bcc4be21e4b62393218e231b82_checkpatch.log)
  u24: PASS (72s) (log: /var/www/ci-lustre/upstream-patch-review/e9b98a859c67c5bcc4be21e4b62393218e231b82_u24.log)
  al2023: PASS (67s) (log: /var/www/ci-lustre/upstream-patch-review/e9b98a859c67c5bcc4be21e4b62393218e231b82_al2023.log)
  lustre_mainline_strict: FAIL (125s) (log: /var/www/ci-lustre/upstream-patch-review/e9b98a859c67c5bcc4be21e4b62393218e231b82_lustre_mainline_strict.log)
  lustre_mainline: PASS (127s) (log: /var/www/ci-lustre/upstream-patch-review/e9b98a859c67c5bcc4be21e4b62393218e231b82_lustre_mainline.log)
  lustre_mainline_native: PASS (129s) (log: /var/www/ci-lustre/upstream-patch-review/e9b98a859c67c5bcc4be21e4b62393218e231b82_lustre_mainline_native.log)
  clang-tidy: PASS (71s) (log: /var/www/ci-lustre/upstream-patch-review/e9b98a859c67c5bcc4be21e4b62393218e231b82_clang-tidy.log)
  cc-plugin: FAIL (51s) (log: /var/www/ci-lustre/upstream-patch-review/e9b98a859c67c5bcc4be21e4b62393218e231b82_cc-plugin.log)
  boot: PASS (49s) (log: /var/www/ci-lustre/upstream-patch-review/e9b98a859c67c5bcc4be21e4b62393218e231b82_boot.log)
  llmount: PASS (134s) (log: /var/www/ci-lustre/upstream-patch-review/e9b98a859c67c5bcc4be21e4b62393218e231b82_llmount.log)
  llog-unit: PASS (164s) (log: /var/www/ci-lustre/upstream-patch-review/e9b98a859c67c5bcc4be21e4b62393218e231b82_llog-unit.log)
  mgs-setup: PASS (75s) (log: /var/www/ci-lustre/upstream-patch-review/e9b98a859c67c5bcc4be21e4b62393218e231b82_mgs-setup.log)
  sanity-1: PASS (91s) (log: /var/www/ci-lustre/upstream-patch-review/e9b98a859c67c5bcc4be21e4b62393218e231b82_sanity-1.log)
  sanity-2: PASS (108s) (log: /var/www/ci-lustre/upstream-patch-review/e9b98a859c67c5bcc4be21e4b62393218e231b82_sanity-2.log)
  sanity-3: PASS (104s) (log: /var/www/ci-lustre/upstream-patch-review/e9b98a859c67c5bcc4be21e4b62393218e231b82_sanity-3.log)
  sanity-4: PASS (111s) (log: /var/www/ci-lustre/upstream-patch-review/e9b98a859c67c5bcc4be21e4b62393218e231b82_sanity-4.log)

Total execution time: 323s
