CLI: ./podman-ktest --podman-socket unix:///run/podman/podman.sock --shared-filesystem /tmp --tarball-input job lustre-ci --output /var/www/ci-lustre/upstream-patch-review --git-hash ea5aa0c367aa031d78e6f841303459270fb5526b --change-id 54225_ea5aa0c367aa031d78e6f841303459270fb5526b --subject LU-17594 ptlrpc: remove ptlrpc_connection hash table

  Checking /dev/kvm exists... OK
  Checking /dev/kvm permissions... OK
  Creating ccache directory... OK
  Checking ccache directory writable... OK

Environment validated successfully
Creating kernel tarball at /tmp/ktest-kernel.tar.gz...
Creating lustre tarball at /tmp/ktest-lustre.tar.gz...
Executing 16 jobs
Jobs will start as soon as their dependencies are satisfied
Using tarball input mode

START lustre_mainline_strict build tests/fs/lustre/boot-strict.ktest
START lustre_al2023 build tests/fs/lustre/boot.ktest
START lustre_mainline_native build tests/fs/lustre/boot.ktest
START lustre_u24 build tests/fs/lustre/boot.ktest
START lustre_mainline build tests/fs/lustre/boot.ktest
START checkpatch tool checkpatch
PUT /tmp/ktest-kernel.tar.gz 8s
PUT /tmp/ktest-kernel.tar.gz 8s
PUT /tmp/ktest-kernel.tar.gz 8s
PUT /tmp/ktest-kernel.tar.gz 8s
PUT /tmp/ktest-kernel.tar.gz 8s
PUT /tmp/ktest-kernel.tar.gz 8s
PUT /tmp/ktest-lustre.tar.gz 1s
PUT /tmp/ktest-lustre.tar.gz 2s
PUT /tmp/ktest-lustre.tar.gz 2s
PUT /tmp/ktest-lustre.tar.gz 2s
PUT /tmp/ktest-lustre.tar.gz 2s
PUT /tmp/ktest-lustre.tar.gz 1s
END checkpatch tool checkpatch FAIL 13s (exit code: 1)
END lustre_al2023 build tests/fs/lustre/boot.ktest PASS 66s
END lustre_u24 build tests/fs/lustre/boot.ktest PASS 70s
GET /tmp/ktest_lustre_mainline_strict_2rtxly_s.tar 5s
END lustre_mainline_strict build tests/fs/lustre/boot-strict.ktest FAIL 148s (exit code: 1)
GET /tmp/ktest_lustre_mainline_xyqglng3.tar 4s
GET /tmp/ktest_lustre_mainline_native_yyrnf960.tar 4s
END lustre_mainline build tests/fs/lustre/boot.ktest PASS 151s
END lustre_mainline_native build tests/fs/lustre/boot.ktest PASS 152s
START clang-tidy tool clang-tidy
START cc-plugin tool cc-plugin
START boot run tests/fs/lustre/boot.ktest
START llmount run tests/fs/lustre/llmount.ktest
START llog-unit run tests/fs/lustre/llog-unit.ktest
START mgs-setup run tests/fs/lustre/mgs-setup.ktest
START sanity-1 run tests/fs/lustre/sanity/sanity-1.ktest
START sanity-2 run tests/fs/lustre/sanity/sanity-2.ktest
START sanity-3 run tests/fs/lustre/sanity/sanity-3.ktest
START sanity-4 run tests/fs/lustre/sanity/sanity-4.ktest
PUT /tmp/ktest-kernel.tar.gz 9s
PUT /tmp/ktest_lustre_mainline_native_yyrnf960.tar 9s
PUT /tmp/ktest_lustre_mainline_native_yyrnf960.tar 9s
PUT /tmp/ktest_lustre_mainline_native_yyrnf960.tar 9s
PUT /tmp/ktest_lustre_mainline_native_yyrnf960.tar 9s
PUT /tmp/ktest_lustre_mainline_native_yyrnf960.tar 9s
PUT /tmp/ktest-kernel.tar.gz 10s
PUT /tmp/ktest_lustre_mainline_native_yyrnf960.tar 9s
PUT /tmp/ktest_lustre_mainline_native_yyrnf960.tar 9s
PUT /tmp/ktest_lustre_mainline_native_yyrnf960.tar 10s
PUT /tmp/ktest-lustre.tar.gz 28s
PUT /tmp/ktest-lustre.tar.gz 29s
PUT /tmp/ktest_lustre_mainline_native_yyrnf960.tar 4s
PUT /tmp/ktest_lustre_mainline_native_yyrnf960.tar 4s
END cc-plugin tool cc-plugin FAIL 46s (exit code: 127)
END boot run tests/fs/lustre/boot.ktest PASS 61s
END clang-tidy tool clang-tidy PASS 72s
END mgs-setup run tests/fs/lustre/mgs-setup.ktest PASS 75s
END sanity-3 run tests/fs/lustre/sanity/sanity-3.ktest PASS 81s
END sanity-4 run tests/fs/lustre/sanity/sanity-4.ktest PASS 91s
END sanity-2 run tests/fs/lustre/sanity/sanity-2.ktest PASS 93s
END sanity-1 run tests/fs/lustre/sanity/sanity-1.ktest PASS 104s
END llmount run tests/fs/lustre/llmount.ktest PASS 156s
END llog-unit run tests/fs/lustre/llog-unit.ktest PASS 162s

============================================================
Final Results:
  checkpatch: FAIL (13s) (log: /var/www/ci-lustre/upstream-patch-review/ea5aa0c367aa031d78e6f841303459270fb5526b_checkpatch.log)
  lustre_u24: PASS (70s) (log: /var/www/ci-lustre/upstream-patch-review/ea5aa0c367aa031d78e6f841303459270fb5526b_lustre_u24.log)
  lustre_al2023: PASS (66s) (log: /var/www/ci-lustre/upstream-patch-review/ea5aa0c367aa031d78e6f841303459270fb5526b_lustre_al2023.log)
  lustre_mainline_strict: FAIL (148s) (log: /var/www/ci-lustre/upstream-patch-review/ea5aa0c367aa031d78e6f841303459270fb5526b_lustre_mainline_strict.log)
  lustre_mainline: PASS (151s) (log: /var/www/ci-lustre/upstream-patch-review/ea5aa0c367aa031d78e6f841303459270fb5526b_lustre_mainline.log)
  lustre_mainline_native: PASS (152s) (log: /var/www/ci-lustre/upstream-patch-review/ea5aa0c367aa031d78e6f841303459270fb5526b_lustre_mainline_native.log)
  clang-tidy: PASS (72s) (log: /var/www/ci-lustre/upstream-patch-review/ea5aa0c367aa031d78e6f841303459270fb5526b_clang-tidy.log)
  cc-plugin: FAIL (46s) (log: /var/www/ci-lustre/upstream-patch-review/ea5aa0c367aa031d78e6f841303459270fb5526b_cc-plugin.log)
  boot: PASS (61s) (log: /var/www/ci-lustre/upstream-patch-review/ea5aa0c367aa031d78e6f841303459270fb5526b_boot.log)
  llmount: PASS (156s) (log: /var/www/ci-lustre/upstream-patch-review/ea5aa0c367aa031d78e6f841303459270fb5526b_llmount.log)
  llog-unit: PASS (162s) (log: /var/www/ci-lustre/upstream-patch-review/ea5aa0c367aa031d78e6f841303459270fb5526b_llog-unit.log)
  mgs-setup: PASS (75s) (log: /var/www/ci-lustre/upstream-patch-review/ea5aa0c367aa031d78e6f841303459270fb5526b_mgs-setup.log)
  sanity-1: PASS (104s) (log: /var/www/ci-lustre/upstream-patch-review/ea5aa0c367aa031d78e6f841303459270fb5526b_sanity-1.log)
  sanity-2: PASS (93s) (log: /var/www/ci-lustre/upstream-patch-review/ea5aa0c367aa031d78e6f841303459270fb5526b_sanity-2.log)
  sanity-3: PASS (81s) (log: /var/www/ci-lustre/upstream-patch-review/ea5aa0c367aa031d78e6f841303459270fb5526b_sanity-3.log)
  sanity-4: PASS (91s) (log: /var/www/ci-lustre/upstream-patch-review/ea5aa0c367aa031d78e6f841303459270fb5526b_sanity-4.log)

Total execution time: 345s
