Repository: /home/ktest/git/lustre-release

============================================================
                 Top Contributors (Names)
============================================================

=== Last month (since 1 month ago) ===
     20 Timothy Day
     15 Oleg Drokin
     11 Andreas Dilger
      9 Chris Horn
      8 Sohei Koyama
      8 Shaun Tancheff
      7 Marc Vef
      5 Jian Yu
      5 James Simmons
      3 Ronnie Sahlberg

=== Last 3 months (since 3 months ago) ===
     60 Andreas Dilger
     57 Timothy Day
     25 Arshad Hussain
     23 Shaun Tancheff
     21 Oleg Drokin
     20 Patrick Farrell
     18 Alex Zhuravlev
     17 James Simmons
     15 Chris Horn
     14 Jian Yu

=== Last year (since 1 year ago) ===
    147 Arshad Hussain
    146 Andreas Dilger
    124 Timothy Day
     70 Alex Zhuravlev
     69 Shaun Tancheff
     58 Jian Yu
     55 Sebastien Buisson
     53 James Simmons
     51 Patrick Farrell
     51 Chris Horn

=== Last 3 years (since 3 years ago) ===
    406 Arshad Hussain
    380 Timothy Day
    323 Andreas Dilger
    234 Shaun Tancheff
    190 Sebastien Buisson
    190 James Simmons
    176 Jian Yu
    175 Patrick Farrell
    170 Alex Zhuravlev
    114 Chris Horn


============================================================
          Top Contributors by Email Domain
============================================================

=== Last month (since 1 month ago) ===
     39 thelustrecollective.com
     37 whamcloud.com
     25 ddn.com
     10 hpe.com
      6 google.com
      5 infradead.org
      3 gmail.com
      3 aeoncomputing.com
      2 amazon.com
      1 rack1.localnet

=== Last 3 months (since 3 months ago) ===
    130 thelustrecollective.com
    111 whamcloud.com
     81 ddn.com
     35 hpe.com
     25 aeoncomputing.com
     17 infradead.org
     12 amazon.com
     10 gmail.com
      9 google.com
      5 nvidia.com

=== Last year (since 1 year ago) ===
    438 whamcloud.com
    216 ddn.com
    183 thelustrecollective.com
    154 hpe.com
    147 aeoncomputing.com
     83 amazon.com
     53 infradead.org
     17 gmail.com
     15 nvidia.com
     12 google.com

=== Last 3 years (since 3 years ago) ===
   1370 whamcloud.com
    533 ddn.com
    517 hpe.com
    406 aeoncomputing.com
    345 amazon.com
    190 infradead.org
    186 thelustrecollective.com
     55 cea.fr
     44 nvidia.com
     40 oracle.com


============================================================
                 Top Reviewers (Names)
============================================================

=== Last month (since 1 month ago) ===
     98 Oleg Drokin
     64 Andreas Dilger
     31 James Simmons
     16 Timothy Day
     16 Arshad Hussain
     12 Shaun Tancheff
     12 Sebastien Buisson
     10 Alex Zhuravlev
      8 Jian Yu
      5 Marc Vef

=== Last 3 months (since 3 months ago) ===
    404 Oleg Drokin
    253 Andreas Dilger
    101 James Simmons
     80 Arshad Hussain
     41 Shaun Tancheff
     41 Jian Yu
     40 Marc Vef
     39 Timothy Day
     34 Sebastien Buisson
     28 Alex Zhuravlev

=== Last year (since 1 year ago) ===
   1289 Oleg Drokin
    849 Andreas Dilger
    334 James Simmons
    201 Arshad Hussain
    126 Timothy Day
    126 Marc Vef
    120 Jian Yu
    108 Sebastien Buisson
     98 Shaun Tancheff
     96 Anjus George

=== Last 3 years (since 3 years ago) ===
   3691 Oleg Drokin
   2432 Andreas Dilger
    951 James Simmons
    537 Arshad Hussain
    465 Timothy Day
    306 Jian Yu
    258 Sebastien Buisson
    240 Shaun Tancheff
    180 Marc Vef
    179 Chris Horn


============================================================
           Top Reviewers by Email Domain
============================================================

=== Last month (since 1 month ago) ===
    134 whamcloud.com
     84 thelustrecollective.com
     38 ddn.com
     31 infradead.org
     18 hpe.com
     16 aeoncomputing.com
      2 amazon.com
      1 ornl.gov
      1 llnl.gov
      1 gmail.com

=== Last 3 months (since 3 months ago) ===
    568 whamcloud.com
    317 thelustrecollective.com
    126 ddn.com
    101 infradead.org
     80 aeoncomputing.com
     65 hpe.com
     12 ornl.gov
      9 amazon.com
      8 gmail.com
      6 google.com

=== Last year (since 1 year ago) ===
   2095 whamcloud.com
    718 thelustrecollective.com
    334 infradead.org
    330 ddn.com
    228 hpe.com
    201 aeoncomputing.com
     96 ornl.gov
     92 amazon.com
     43 dilger.ca
     25 gmail.com

=== Last 3 years (since 3 years ago) ===
   7137 whamcloud.com
    988 infradead.org
    857 hpe.com
    846 ddn.com
    718 thelustrecollective.com
    537 aeoncomputing.com
    459 amazon.com
    134 ornl.gov
     97 nvidia.com
     65 suse.de

