configure.ac:20: installing 'config/config.guess'
configure.ac:20: installing 'config/config.sub'
configure.ac:22: installing 'config/install-sh'
configure.ac:22: installing 'config/missing'
lib/libcfs/Makefile.am: installing 'config/depcomp'
checking build system type... x86_64-unknown-linux-gnu
checking host system type... x86_64-unknown-linux-gnu
checking target system type... x86_64-unknown-linux-gnu
checking for a BSD-compatible install... /usr/bin/install -c
checking whether build environment is sane... yes
checking for a thread-safe mkdir -p... /usr/bin/mkdir -p
checking for gawk... gawk
checking whether make sets $(MAKE)... yes
checking whether make supports nested variables... yes
checking how to create a pax tar archive... gnutar
checking whether to enable maintainer-specific portions of Makefiles... yes
checking for style of include used by make... GNU
checking for gcc... gcc10-gcc
checking whether the C compiler works... yes
checking for C compiler default output file name... a.out
checking for suffix of executables... 
checking whether we are cross compiling... no
checking for suffix of object files... o
checking whether we are using the GNU C compiler... yes
checking whether gcc10-gcc accepts -g... yes
checking for gcc10-gcc option to accept ISO C89... none needed
checking dependency style of gcc10-gcc... gcc3
checking for g++... g++
checking whether we are using the GNU C++ compiler... yes
checking whether g++ accepts -g... yes
checking dependency style of g++... gcc3
checking how to run the C preprocessor... gcc10-gcc -E
checking for grep that handles long lines and -e... /usr/bin/grep
checking for egrep... /usr/bin/grep -E
checking for ANSI C header files... yes
checking for sys/types.h... yes
checking for sys/stat.h... yes
checking for stdlib.h... yes
checking for string.h... yes
checking for memory.h... yes
checking for strings.h... yes
checking for inttypes.h... yes
checking for stdint.h... yes
checking for unistd.h... yes
checking dependency style of gcc10-gcc... gcc3
checking for ar... ar
checking for ranlib... ranlib
checking for ld... ld
checking for objdump... objdump
checking for strip... strip
checking size of unsigned long long... 8
checking for -Wno-format-truncation support... yes
checking for -Wno-stringop-truncation support... yes
checking for -Wno-stringop-overflow support... yes
checking for -Wno-gnu support... yes
checking how to print strings... printf
checking for a sed that does not truncate output... /usr/bin/sed
checking for fgrep... /usr/bin/grep -F
checking for ld used by gcc10-gcc... ld
checking if the linker (ld) is GNU ld... yes
checking for BSD- or MS-compatible name lister (nm)... /usr/bin/nm -B
checking the name lister (/usr/bin/nm -B) interface... BSD nm
checking whether ln -s works... yes
checking the maximum length of command line arguments... 1572864
checking whether the shell understands some XSI constructs... yes
checking whether the shell understands "+="... yes
checking how to convert x86_64-unknown-linux-gnu file names to x86_64-unknown-linux-gnu format... func_convert_file_noop
checking how to convert x86_64-unknown-linux-gnu file names to toolchain format... func_convert_file_noop
checking for ld option to reload object files... -r
checking for objdump... (cached) objdump
checking how to recognize dependent libraries... pass_all
checking for dlltool... no
checking how to associate runtime and link libraries... printf %s\n
checking for archiver @FILE support... @
checking for strip... (cached) strip
checking for ranlib... (cached) ranlib
checking command to parse /usr/bin/nm -B output from gcc10-gcc object... ok
checking for sysroot... no
checking for mt... no
checking if : is a manifest tool... no
checking for dlfcn.h... yes
checking for objdir... .libs
checking if gcc10-gcc supports -fno-rtti -fno-exceptions... no
checking for gcc10-gcc option to produce PIC... -fPIC -DPIC
checking if gcc10-gcc PIC flag -fPIC -DPIC works... yes
checking if gcc10-gcc static flag -static works... no
checking if gcc10-gcc supports -c -o file.o... yes
checking if gcc10-gcc supports -c -o file.o... (cached) yes
checking whether the gcc10-gcc linker (ld -m elf_x86_64) supports shared libraries... yes
checking whether -lc should be explicitly linked in... no
checking dynamic linker characteristics... GNU/Linux ld.so
checking how to hardcode library paths into programs... immediate
checking whether stripping libraries is possible... yes
checking if libtool supports shared libraries... yes
checking whether to build shared libraries... yes
checking whether to build static libraries... yes
checking how to run the C++ preprocessor... g++ -E
checking for ld used by g++... ld -m elf_x86_64
checking if the linker (ld -m elf_x86_64) is GNU ld... yes
checking whether the g++ linker (ld -m elf_x86_64) supports shared libraries... yes
checking for g++ option to produce PIC... -fPIC -DPIC
checking if g++ PIC flag -fPIC -DPIC works... yes
checking if g++ static flag -static works... no
checking if g++ supports -c -o file.o... yes
checking if g++ supports -c -o file.o... (cached) yes
checking whether the g++ linker (ld -m elf_x86_64) supports shared libraries... yes
checking dynamic linker characteristics... (cached) GNU/Linux ld.so
checking how to hardcode library paths into programs... immediate
checking for flex... /usr/bin/flex
checking for bison... /usr/bin/bison
checking for rpmbuild... /usr/bin/rpmbuild
checking for pkg-config... /usr/bin/pkg-config
checking for pkg-config... /usr/bin/pkg-config
checking pkg-config is at least version 0.9.0... yes
configure: Lustre base checks
==============================================================================
checking whether to configure just enough for make dist... no
checking if this distro uses dpkg... no
checking whether to build Lustre docs... no
checking whether to build Lustre manpages... yes
checking whether to build Lustre utilities... yes
checking whether to build Lustre tests... yes
checking whether to build Lustre client support... yes
checking whether mpitests can be built... no
checking whether to build Linux kernel modules... yes (linux-gnu)
checking for Linux sources... /usr/src/kernels/5.10.259-258.1046.amzn2.x86_64
checking for /usr/src/kernels/5.10.259-258.1046.amzn2.x86_64... yes
checking for Linux objects... /usr/src/kernels/5.10.259-258.1046.amzn2.x86_64
configure: "/usr/bin/python3 /home/ktest/git/lustre-release/gen_compat.py --linux /usr/src/kernels/5.10.259-258.1046.amzn2.x86_64 --linux-obj /usr/src/kernels/5.10.259-258.1046.amzn2.x86_64 --output /tmp/cd9btqbYeq.h"
checking if [in-kernel] ib_dma_virt_map_sg is exported ... yes [core/device.c]
checking if fscrypt_d_revalidate is exported ... yes [crypto/fname.c]
checking if flush_delayed_fput() is exported ... yes [fs/file_table.c]
checking if crypto/internal/cipher.h is available ... no [internal/cipher.h]
checking if crypto/sha2.h is available ... no [crypto/sha2.h]
checking if struct backing_dev_info has debug_stats member ... no [linux/backing-dev-defs.h]
checking if bio-integrity.h exists ... no [linux/bio-integrity.h]
checking if bio_alloc() has 'struct block_device *' parameter ... no [linux/bio.h]
checking if bio_set_dev() is available ... no [linux/bio.h]
checking if blk-integrity.h exists ... no [linux/blk-integrity.h]
checking if BLK_INTEGRITY_NOVERIFY exists ... no [linux/blk-integrity.h]
checking if struct bio has 'bi_phys_segments' member ... no [linux/blk_types.h]
checking if struct bio has 'bi_bdev' member ... no [linux/blk_types.h]
checking if 'struct blk_integrity' has 'metadata_size' member ... no [linux/blkdev.h]
checking if 'struct bvec_iter_all' is available ... yes [linux/bvec.h]
checking if 'd_revalidate()' takes inode, name ... no [linux/dcache.h]
checking if 'set_default_d_op()' is available ... no [linux/dcache.h]
checking if 'struct file_kattr' exists ... no [linux/fileattr.h]
checking if fortify-string.h exists ... no [linux/fortify-string.h]
checking if 'write_begin()' handler takes a 'struct kiocb' ... no [linux/fs.h]
checking if simple_dentry_operations exists ... yes [linux/fs.h]
checking if struct address_space_operations has dirty_folio() handler ... no [linux/fs.h]
checking if alloc_inode_sb() is available ... no [linux/fs.h]
checking if 'struct file' has f_version member ... yes [linux/fs.h]
checking if struct inode_operations has get_acl() handler with bool parameter ... no [linux/fs.h]
checking if struct kiocb has ki_complete() handler with two parameters ... no [linux/fs.h]
checking if struct address_space_operations has invalidate_folio() handler ... no [linux/fs.h]
checking if struct inode_operations has fileattr_get() handler ... no [linux/fs.h]
checking if struct inode_operations has getattr() handler with 'struct user_namespace *' parameter ... no [linux/fs.h]
checking if inode_operations.mkdir() returns dentry ... no [linux/fs.h]
checking if iter_file_splice_write() is available ... yes [linux/fs.h]
checking if struct lock_manager_operations has 'lm_compare_owner()' handler ... no [linux/fs.h]
checking if 'write_begin()' handler takes a 'struct folio' ... no [linux/fs.h]
checking if fs_struct has seqlock ... no [linux/fs_struct.h]
checking if is_nokey_name() is available ... yes [linux/fscrypt.h]
checking if fscrypt_set_test_dummy_encryption() has 'const char *arg' parameter ... yes [linux/fscrypt.h]
checking if fscrypt_dummy_context_enabled() is available ... no [linux/fscrypt.h]
checking if fscrypt_free_dummy_policy() is available ... yes [linux/fscrypt.h]
checking if fscrypt_prepare_readdir() is available ... no [linux/fscrypt.h]
checking if fscrypt_is_nokey_name() is available ... yes [linux/fscrypt.h]
checking if fscrypt_set_context() is available ... yes [linux/fscrypt.h]
checking if 'struct fscrypt_digested_name' is available ... no [linux/fscrypt.h]
checking if fscrypt_fname_alloc_buffer() does not have inode parameter ... yes [linux/fscrypt.h]
checking if kmap_local_page() is available ... no [linux/highmem.h]
checking if 'hrtimer_setup()' is available ... no [linux/hrtimer.h]
checking if keyring_search() has 4 arguments ... yes [linux/key.h]
checking if kthread_use_mm() is available ... yes [linux/kthread.h]
checking if list_sort() with 'list_cmp_func_t' parameter ... yes [linux/list_sort.h]
checking if folio_memcg_lock() is available ... no [linux/memcontrol.h]
checking if account_page_dirtied() exists ... yes [linux/mm.h]
checking if 'mmap_write_lock()' is available ... yes [linux/mmap_lock.h]
checking if module import uses export symbols ... no [linux/module.h]
checking if param_set_uint_minmax() is available ... yes [linux/moduleparam.h]
checking if 'try_lookup_noperm()' is available ... no [linux/namei.h]
checking if 'netif_get_flags()' is available ... no [linux/netdevice.h]
checking if 'page_mapcount_is_type()' is available ... no [linux/page-flags.h]
checking if 'PagePrivate2()' is availabe ... yes [linux/page-flags.h]
checking if 'PageError()' is available ... yes [linux/page-flags.h]
checking if 'folio_test_mlocked()' is available ... no [linux/page-flags.h]
checking if grab_cache_page_write_begin() is available ... yes [linux/pagemap.h]
checking if 'wait_on_page_locked()' is available ... yes [linux/pagemap.h]
checking if __filemap_get_folio() is available ... no [linux/pagemap.h]
checking if folio_batch_init() is available ... no [linux/pagevec.h]
checking if panic_notifier.h exists ... no [linux/panic_notifier.h]
checking if set_posix_acl() has 'struct user_namespace *' parameter ... no [linux/posix_acl.h]
checking if prandom_u32_state() is available ... yes [linux/prandom.h]
checking if pde_data() is available ... no [linux/proc_fs.h]
checking if rb_find() is available ... yes [linux/rbtree.h]
checking if task_is_running() is available ... no [linux/sched.h]
checking if security_dentry_init_security() has 'const char **xattr_name' parameter ... no [linux/security.h]
checking if kfree_sensitive() is available ... no [linux/slab.h]
checking if stdarg.h is in-kernel ... no [linux/stdarg.h]
checking if proc_handler() has 'const struct ctl_table *ctl' parameter ... no [linux/sysctl.h]
checking if timer_delete_sync() is available ... yes [linux/timer.h]
checking if timer_delete() is available ... no [linux/timer.h]
checking if copy_page_from_iter_atomic() is available ... no [linux/uio.h]
checking if fault_in_iov_iter_readable() is available ... no [linux/uio.h]
checking if linux/unaligned.h header is available ... no [linux/unaligned.h]
checking if struct genl_family has 'resv_start_op' member ... no [net/genetlink.h]
checking if nla_strlcpy() is available ... yes [net/netlink.h]
checking if [in-kernel] ib_sg_dma_address() is available ... no [rdma/ib_verbs.h]
checking if [in-kernel] 'ib_dma_map_sg()' is available ... yes [rdma/ib_verbs.h]
checking if [in-kernel] header rdma/ib_verbs.h exists ... no [rdma/ib_verbs.h]
checking if [in-kernel] struct ib_fmr is defined ... no [rdma/ib_verbs.h]
checking if [in-kernel] 'ib_uses_virt_dma()' is available ... yes [rdma/ib_verbs.h]
checking if [in-kernel] struct ib_device_ops is defined ... yes [rdma/ib_verbs.h]
checking if [in-kernel] 'rdma_connect_locked()' is available ... yes [rdma/rdma_cm.h]
checking if [in-kernel] 'rdma_reject()' is available ... yes [rdma/rdma_cm.h]
checking if delete_from_page_cache() is exported ... yes [mm/filemap.c]
checking if folio_memcg_lock() is exported ... no [mm/memcontrol.c]
checking if account_page_dirtied() is exported ... no [mm/page-writeback.c]
checking for /boot/kernel.h... no
checking for /var/adm/running-kernel.h... no
checking for /usr/src/kernels/5.10.259-258.1046.amzn2.x86_64/include/generated/autoconf.h... yes
checking for /usr/src/kernels/5.10.259-258.1046.amzn2.x86_64/include/linux/version.h... yes
checking that modules can be built at all... yes
checking for Linux kernel utsrelease... 5.10.259-258.1046.amzn2.x86_64
checking for RedHat kernel release number... 
checking if Linux kernel was built with CONFIG_SUSE_KERNEL... no
checking for Ubuntu kernel signature... no
grep: /usr/src/kernels/5.10.259-258.1046.amzn2.x86_64/include/generated/package.h: No such file or directory
checking for Debian kernel signature... no
checking for ELRepo -ml kernel signature on CentOS... no
checking for openEuler kernel version number... 
configure: WARNING: Kernel Distro seems to be neither RedHat, SuSE, openEuler, Ubuntu nor Debian
configure: WARNING: Kernel Distro seems to be neither RedHat, SuSE, openEuler, Ubuntu nor Debian
checking for Linux kernel module package directory... 
checking for the name of module symbol version file... Module.symvers
checking if Linux kernel was built with CONFIG_MODULES... yes
checking if lbug_with_loc is in objtool global_noreturns array... yes
checking if Linux kernel was built with CONFIG_DEBUG_INFO_BTF_MODULES... no
checking ext4 source directory... 
configure: WARNING:

Disabling ldiskfs support because complete ext4 source does not exist.

If you are building using kernel-devel packages and require ldiskfs
server support then ensure that the matching kernel-debuginfo-common
and kernel-debuginfo-common-<arch> packages are installed.

checking whether to enable gcov code coverage... no
checking whether to build ldiskfs... no
checking whether to enable zfs... yes
checking zfs source directory... Not found
checking zfs build directory... Not found
checking user provided zfs devel headers... 
checking zfs devel headers... Not Found
configure: WARNING:

Disabling optional zfs osd due to missing development headers.

Support for zfs can be enabled by downloading the required packages for your
distribution.  See http://zfsonlinux.org/ to determine is zfs is supported by
your distribution.
				
configure: LibCFS kernel checks
==============================================================================
checking whether to use tunable 'panic_dumplog' support... no
checking if Linux kernel exports 'kallsyms_lookup_name'... no
configure: LNet kernel checks
==============================================================================
checking whether to enable tunable backoff TCP support... yes
checking if Linux kernel has tunable backoff TCP support... no
configure: WARNING:
Auto detection of external O2IB failed. Build of external o2ib disabled.
checking if external o2iblnd needs to use Compat RDMA... no
checking whether to use any OFED backport headers... no
readlink: missing operand
Try 'readlink --help' for more information.
checking whether to enable OpenIB gen2 support... yes
checking whether to enable EFA LND... no
checking whether to enable GNI lnd... no
configure: Lustre kernel checks
==============================================================================
checking whether to enable Lustre pinger support... yes
checking whether to enable data checksum support... yes
checking whether to enable flock by default... yes
checking whether to enable lru self-adjusting... yes
checking whether to enable gss support... auto
checking whether to enable gss keyring backend... auto
checking if Linux kernel was built with CONFIG_KEYS in or as module... yes
checking for keyctl_search in -lkeyutils... yes
checking if Linux kernel was built with CONFIG_SUNRPC in or as module... yes
checking for Kerberos v5... /usr
The current KRBDIR is /usr
checking for gss_krb5_set_allowable_enctypes in -lgssapi_krb5... yes
checking for gss_krb5_ccache_name in -lgssapi_krb5... yes
checking for krb5_get_error_message in -lgssapi_krb5... yes
checking for krb5_get_init_creds_opt_set_addressless in -lgssapi_krb5... no
checking for krb5int_derive_key in -lgssapi_krb5... yes
checking for krb5_derive_key in -lgssapi_krb5... no
checking for name_to_handle_at... yes
checking for copy_file_range... no
configure: WARNING: copy_file_range() is not supported
checking whether OpenSSL has HMAC_Init_ex... yes
checking whether OpenSSL has FIPS_mode... yes
checking whether OpenSSL has EVP_PKEY_get_params... no
checking whether OpenSSL has functions needed for SSK... yes
checking whether openssl-devel is present... yes
checking if Linux kernel exports 'add_to_page_cache_locked'... yes
configure: building 5 linux kernel compile tests for 'early'
configure: KBUILD_MODPOST_NOFINAL="yes" make modules CC="gcc10-gcc" -k -j32 -C /usr/src/kernels/5.10.259-258.1046.amzn2.x86_64  M=/home/ktest/git/lustre-release/_lpb 
checking if filemap_invalidate_lock() is available... no
checking if wb_stat_mod() exists... no
checking if struct lsm_context is available... no
checking if grab_cache_page_write_begin() has flags argument... yes
checking if 'locks_lock_file_wait' exists in filelock.h... no
configure: building 108 linux kernel compile tests for 'lustre'
configure: KBUILD_MODPOST_NOFINAL="yes" make modules CC="gcc10-gcc" -k -j32 -C /usr/src/kernels/5.10.259-258.1046.amzn2.x86_64  M=/home/ktest/git/lustre-release/_lpb 
checking if Linux kernel was built with CONFIG_MODULES... yes
checking if Linux kernel was built with CONFIG_MODVERSIONS... yes
checking if struct kobj_type have 'default_groups' member... yes
checking if uid_keyring exists... checking for user_uid_keyring_exists... no
checking if struct cache_detail has writers... yes
checking if struct genl_dumpit_info has family field... yes
checking if struct proc_ops exists... yes
checking if 'tcp_sock_set_quickack()' exists... yes
checking if 'tcp_sock_set_keepintvl()' exists... yes
checking if 'tcp_sock_set_keepcnt()' exists... yes
checking if ip6_sock_set_addr_preferences() exists... yes
checking if ip_sock_set_tos() exists... yes
checking if __vmalloc has 2 args... yes
checking if NR_UNSTABLE_NFS still in use... no
checking if NR_UNSTABLE_NFS is defined but DEPRECATED... no
checking if kernel_setsockopt still in use... no
checking if KEY_NEED_UNLINK exists... yes
checking if security_release_secctx has 1 arg... no
checking (external) if if ib_dma_map_sg() is sane... (cached) unused
checking (external) if struct ib_device_ops is defined... (cached) unused
checking (external) if ib_sg_dma_address wrapper exists... (cached) unused
checking (external) if 4arg 'rdma_reject' exists... (cached) unused
checking (external) if FMR pools API available... (cached) unused
checking (external) if 'rdma_connect_locked' exists... (cached) unused
checking (external) if 'IBK_SG_GAPS_REG' exists... (cached) unused
checking (external) if ib_dma_pci_p2p_dma_supported exists... (cached) unused
checking if 'in_dev_for_each_ifa_rtnl' is defined... yes
checking if sendpage_ok() is available... yes
checking if 'sock_inuse_add()' is available... yes
checking if Linux kernel has 'sock_not_owned_by_me'... yes
checking if 'netdev_lock_ops' exist... no
checking if struct sockaddr_unsized exists... no
checking if is_pci_p2pdma_page exists... yes
checking if ext4_bread takes 4 arguments... no
checking if i_dquot is in ext4_inode_info... no
checking if i_crypt_info is in ext4_inode_info... no
checking if Linux kernel was built with CONFIG_EXT4_FS_ENCRYPTION... no
checking if 'ext4_journal_ensure_credits' exists... no
checking if ldiskfs_iget takes a flags argument... no
checking if 'EXT4_IGET_EA_INODE' exists... no
checking if ext4_dir_rec_len takes a dir argument... no
checking if __ldiskfs_find_entry is available... no
checking if ldiskfsfs_dirhash takes an inode argument... no
checking if struct jbd2_journal_handle has h_total_credits member... yes
checking if jbd2_journal_get_max_txn_bufs is available... no
checking if Linux kernel enabled CONFIG_FS_ENCRYPTION as built-in or module... yes
checking if Linux kernel enabled CONFIG_FS_VERITY as built-in or module... no
checking if Linux kernel enabled CONFIG_CRYPTO_MD5 as built-in or module... yes
checking if Linux kernel enabled CONFIG_CRYPTO_SHA1 as built-in or module... yes
checking if Linux kernel enabled CONFIG_CRYPTO_SHA256 as built-in or module... yes
checking if Linux kernel enabled CONFIG_CRYPTO_SHA512 as built-in or module... yes
checking if Linux kernel enabled CONFIG_QUOTA as built-in or module... yes
checking if stack size is at least 8k... yes
checking if Linux kernel enabled CONFIG_FHANDLE as built-in or module... yes
checking if Linux kernel enabled CONFIG_FS_POSIX_ACL as built-in or module... yes
checking if Linux kernel enabled CONFIG_XARRAY_MULTI as built-in or module... yes
checking if struct address_space_operations() has read_folio()... no
checking if read_cache_folio() filler_t needs struct file... no
checking if struct address_space_operations() has release_folio()... no
checking if lsmcontext_init is available... no
checking if security_dentry_init_security needs lsm_context... no
checking if filemap_get_folios() exists... checking for filemap_get_folios... no
checking if no_llseek() is available... yes
checking if dquot_transfer() has user_ns argument... no
checking if struct address_space_operations() has migrate_folio()... no
checking if register_shrinker() returns status... no
checking if vfs_setxattr() value argument is non-const... no
checking if iov_iter_get_pages_alloc2() is available... no
checking if user_backed_iter() is available... no
checking if iov_iter_is_aligned() is available... no
checking if get_random_u32() and get_random_u64() are available... yes
checking if filldir_t uses struct dir_context and returns bool... no
checking if filemap_get_folios_contig() is available... no
checking if inode_operations has .get_inode_acl member function... no
checking if posix_acl_type() is available... no
checking if get_random_u32_below()is available... no
checking if 'get_acl' and 'set_acl' use dentry argument... no
checking if 'folio_mapcount()' is available... no
checking if 'inode_operations' members have mnt_idmap argument... no
checking if 'kernel_cap_t' has u64 val... no
checking if iov_iter_extract_pages() is available... no
checking if 'folio_batch_reinit' is available... no
checking if 'iov_iter_iovec' is available... yes
checking if 'iov_iter()' is available... no
checking if 'class_create' does not have module arg... no
checking if enum iter_type has member 'iter_pipe'... yes
checking if get_user_pages removed 'vma' parameter... no
./configure: line 53300: LC_HAVE_FOLIO_BATCH: command not found
checking if 'bio_add_folio()' is available... no
checking if 'sg_set_folio()' is available... no
checking if 'struct pagevec' is available... yes
checking if Linux kernel exports 'filemap_splice_read'... no
checking if 'flush_scheduled_work()' throws warning... no
checking if 'inode_get_ctime()' exists... yes
checking if have copy_folio_from_iter_atomic... no
checking if 'mmap_write_trylock()' is available... yes
checking if 'generic_fillattr()' has request_mask argument... no
checking if 'struct group_info.usage' is refcount_t... no
checking if 'struct nsproxy.count' is refcount_t... no
checking if 'inode_get_mtime()' exists... no
checking if 'shrinker_alloc()' exists... no
checking if sruct dentry has d_children member... no
checking if generic_error_remove_folio() exists... no
checking if lsm_context has id... no
checking if struct file_lock_core exists... no
checking if 'blk_integrity.csum_type' exists... no
checking if folio_memcg_lock() is static inline... yes
checking if netif_get_flags exists... no
checking if page->flags is struct... no
checking if dentry->__d_name exists... no
checking if file->__f_path exists... no
checking if vfs_mkdir() takes delegate... no
checking if inode_state_read() exists... no
checking if vfs_create() takes delegate... no
checking if ilookup5_nowait() takes isnew... no
checking if filemap_alloc_folio() takes NUMA mempolicy... no
checking if kill_litter_super() exists... yes
checking if d_make_persistent() exists... no
checking if posix_acl_to_xattr() returns allocated buffer... no
checking whether to build Lustre server support... no
checking whether to enable Lustre client crypto... embedded-llcrypt
checking for copy_file_range... (cached) no
configure: WARNING: copy_file_range() is not supported
checking whether OpenSSL has HMAC_Init_ex... yes
checking whether OpenSSL has FIPS_mode... yes
checking whether OpenSSL has EVP_PKEY_get_params... no
checking whether OpenSSL has functions needed for SSK... yes
checking whether openssl-devel is present... yes
checking whether to build l_getsepol... yes
checking if 'struct getinfo_fid2path' has anonymous union... no
checking libaio.h usability... yes
checking libaio.h presence... yes
checking for libaio.h... yes
checking for name_to_handle_at... (cached) yes
checking whether to enable CDEBUG, CWARN... yes
checking whether to enable ENTRY/EXIT... yes
checking whether to enable LASSERT, LASSERTF... yes
checking whether to enable quota support global control... yes
checking sys/quota.h usability... yes
checking sys/quota.h presence... yes
checking for sys/quota.h... yes
checking libmount/libmount.h usability... yes
checking libmount/libmount.h presence... yes
checking for libmount/libmount.h... yes
checking for mnt_update_set_fs in -lmount... yes
checking whether to build with libmount... yes
checking whether to build iokit... yes
checking whether to use alternate names for e2fsprogs... disabled
configure: Erasurecode core checks
==============================================================================
configure: LibCFS core checks
==============================================================================
checking netdb.h usability... yes
checking netdb.h presence... yes
checking for netdb.h... yes
checking asm/types.h usability... yes
checking asm/types.h presence... yes
checking for asm/types.h... yes
checking endian.h usability... yes
checking endian.h presence... yes
checking for endian.h... yes
configure: LibCFS required packages checks
==============================================================================
checking whether to enable readline support... yes
checking for readline in -lreadline... no
checking whether to use libpthread for libcfs library... yes
checking for pthread_create in -lpthread... yes
configure: LNet core checks
==============================================================================
checking cuda source directory... Not found
checking gds source directory... Not found
configure: WARNING: CUDA or GDS sources not found. Using embedded GDS headers.
checking for LIBNL3... yes
checking for nla_get_s32 in -lnl-3... yes
checking for nla_get_s64 in -lnl-3... yes
checking for netdb.h... (cached) yes
checking for strnlen... no
checking whether to enable 'efence' debugging support... no
checking for yaml_parser_initialize in -lyaml... yes
configure: Lustre core checks
==============================================================================
checking for maximum number of MDS threads... 
checking for netdb.h... (cached) yes
checking for endian.h... (cached) yes
checking for statx... no
checking for crc32 in -lz... yes
checking zlib.h usability... yes
checking zlib.h presence... yes
checking for zlib.h... yes
checking for is_selinux_enabled in -lselinux... yes
checking selinux/selinux.h usability... yes
checking selinux/selinux.h presence... yes
checking for selinux/selinux.h... yes
checking for add_key in -lkeyutils... yes
checking whether to report minimum OST free space... no
checking whether to randomly failing memory alloc... yes
checking whether to check invariants (expensive cpu-wise)... no
checking whether to enable page state tracking... no
checking for pkg-config... (cached) /usr/bin/pkg-config
checking pkg-config is at least version 0.9.0... yes
checking systemd unit file directory... /usr/lib/systemd/system
checking bash-completion directory... /usr/share/bash-completion/completions
checking for release ID... 1
configure: remove temporary parallel configure dir /home/ktest/git/lustre-release/_lpb
checking that generated files are newer than configure... done
configure: creating ./config.status
config.status: creating config/Makefile.exports
config.status: creating autoMakefile
config.status: creating config/Makefile
config.status: creating lustre.spec
config.status: creating lustre-dkms.spec
config.status: creating ldiskfs/Makefile
config.status: creating ldiskfs/autoMakefile
config.status: creating lnet/utils/lnet.pc
config.status: creating lustre/utils/lustre.pc
config.status: creating lustre-iokit/Makefile
config.status: creating lustre-iokit/obdfilter-survey/Makefile
config.status: creating lustre-iokit/ost-survey/Makefile
config.status: creating lustre-iokit/sgpdd-survey/Makefile
config.status: creating lustre-iokit/mds-survey/Makefile
config.status: creating lustre-iokit/ior-survey/Makefile
config.status: creating lustre-iokit/stats-collect/Makefile
config.status: creating lustre-iokit/lst-survey/Makefile
config.status: creating Documentation/Makefile
config.status: creating Documentation/man1/Makefile
config.status: creating Documentation/man3/Makefile
config.status: creating Documentation/man5/Makefile
config.status: creating Documentation/man7/Makefile
config.status: creating Documentation/man8/Makefile
config.status: creating lustre/utils/erasurecode/Makefile
config.status: creating lustre/utils/erasurecode/autoMakefile
config.status: creating lnet/utils/Makefile
config.status: creating lnet/utils/lnetconfig/Makefile
config.status: creating lustre/conf/Makefile
config.status: creating lustre/conf/resource/Makefile
config.status: creating lustre/kernel_patches/targets/6.12-rhel10.2.target
config.status: creating lustre/kernel_patches/targets/6.12-rhel10.1.target
config.status: creating lustre/kernel_patches/targets/6.12-rhel10.0.target
config.status: creating lustre/kernel_patches/targets/5.14-rhel9.8.target
config.status: creating lustre/kernel_patches/targets/5.14-rhel9.7.target
config.status: creating lustre/kernel_patches/targets/5.14-rhel9.6.target
config.status: creating lustre/kernel_patches/targets/5.14-rhel9.5.target
config.status: creating lustre/kernel_patches/targets/5.14-rhel9.4.target
config.status: creating lustre/kernel_patches/targets/5.14-rhel9.3.target
config.status: creating lustre/kernel_patches/targets/5.14-rhel9.2.target
config.status: creating lustre/kernel_patches/targets/5.14-rhel9.1.target
config.status: creating lustre/kernel_patches/targets/5.14-rhel9.0.target
config.status: creating lustre/kernel_patches/targets/4.18-rhel8.10.target
config.status: creating lustre/kernel_patches/targets/4.18-rhel8.9.target
config.status: creating lustre/kernel_patches/targets/4.18-rhel8.8.target
config.status: creating lustre/kernel_patches/targets/4.18-rhel8.7.target
config.status: creating lustre/kernel_patches/targets/4.18-rhel8.6.target
config.status: creating lustre/kernel_patches/targets/4.18-rhel8.5.target
config.status: creating lustre/kernel_patches/targets/4.18-rhel8.4.target
config.status: creating lustre/kernel_patches/targets/4.18-rhel8.3.target
config.status: creating lustre/kernel_patches/targets/4.18-rhel8.2.target
config.status: creating lustre/kernel_patches/targets/4.18-rhel8.1.target
config.status: creating lustre/kernel_patches/targets/4.18-rhel8.target
config.status: creating lustre/kernel_patches/targets/3.10-rhel7.9.target
config.status: creating lustre/kernel_patches/targets/3.10-rhel7.8.target
config.status: creating lustre/kernel_patches/targets/3.10-rhel7.7.target
config.status: creating lustre/kernel_patches/targets/3.10-rhel7.6.target
config.status: creating lustre/kernel_patches/targets/3.10-rhel7.5.target
config.status: creating lustre/kernel_patches/targets/4.14-rhel7.5.target
config.status: creating lustre/kernel_patches/targets/4.14-rhel7.6.target
config.status: creating lustre/kernel_patches/targets/4.12-sles12sp4.target
config.status: creating lustre/kernel_patches/targets/4.12-sles12sp5.target
config.status: creating lustre/kernel_patches/targets/4.12-sles15sp1.target
config.status: creating lustre/kernel_patches/targets/5.3-sles15sp2.target
config.status: creating lustre/kernel_patches/targets/5.3-sles15sp3.target
config.status: creating lustre/kernel_patches/targets/5.14-sles15sp4.target
config.status: creating lustre/kernel_patches/targets/5.14-sles15sp5.target
config.status: creating lustre/kernel_patches/targets/6.4-sles15sp6.target
config.status: creating lustre/kernel_patches/targets/6.4-sles15sp7.target
config.status: creating lustre/kernel_patches/targets/3.x-fc18.target
config.status: creating lustre/kernel_patches/targets/5.10-oe2203.target
config.status: creating lustre/kernel_patches/targets/5.10-oe2203sp1.target
config.status: creating lustre/kernel_patches/targets/5.10-oe2203sp2.target
config.status: creating lustre/scripts/Makefile
config.status: creating lustre/scripts/systemd/Makefile
config.status: creating lustre/tests/Makefile
config.status: creating lustre/tests/mpi/Makefile
config.status: creating lustre/tests/iabf/Makefile
config.status: creating lustre/utils/Makefile
config.status: creating lustre/utils/gss/Makefile
config.status: creating lib/Makefile
config.status: creating lib/libcfs/Makefile
config.status: creating config.h
config.status: executing depfiles commands
config.status: executing libtool commands

CC:            gcc10-gcc
CFLAGS:        -g -O2 -Wall -Werror  -Wno-gnu
EXTRA_CFLAGS:   -Wno-gnu

EXTRA_KCFLAGS: -include /home/ktest/git/lustre-release/config.h -include /tmp/cd9btqbYeq.h  -g -I/home/ktest/git/lustre-release/lnet/include -I/home/ktest/git/lustre-release/lustre/include -I/home/ktest/git/lustre-release/include -Wno-format-truncation -Wno-stringop-truncation -Wno-stringop-overflow -Wno-gnu

LD:            ld -m elf_x86_64

CXX:           g++
CPPFLAGS:      -include /home/ktest/git/lustre-release/config.h -I/home/ktest/git/lustre-release/include/uapi -include /tmp/cd9btqbYeq.h -I/home/ktest/git/lustre-release/lnet/utils/ -I/home/ktest/git/lustre-release/include -I/home/ktest/git/lustre-release/include/uapi 

Type 'make' to build Lustre.
config/Makefile.codetags:29: warning: overriding recipe for target `cscope'
autoMakefile:812: warning: ignoring old recipe for target `cscope'
Making all in man1
Making all in obdfilter-survey
Making all in resource
Making all in .
Making all in systemd
Making all in sgpdd-survey
Making all in man3
Making all in libcfs
Making all in ost-survey
Making all in man5
Making all in ior-survey
Making all in man7
Making all in mds-survey
Making all in man8
Making all in stats-collect
Making all in lst-survey
libtool: compile:  gcc10-gcc -DHAVE_CONFIG_H -I. -I../.. -D_GNU_SOURCE -D_LARGEFILE64_SOURCE=1 -D_FILE_OFFSET_BITS=64 -DLUSTRE_UTILS=1 -include /home/ktest/git/lustre-release/config.h -I/home/ktest/git/lustre-release/include/uapi -include /tmp/cd9btqbYeq.h -I/home/ktest/git/lustre-release/lnet/utils/ -I/home/ktest/git/lustre-release/include -I/home/ktest/git/lustre-release/include/uapi -fPIC -g -O2 -Wall -Werror -Wno-gnu -MT libcfs_la-nidstrings.lo -MD -MP -MF .deps/libcfs_la-nidstrings.Tpo -c nidstrings.c  -fPIC -DPIC -o .libs/libcfs_la-nidstrings.o
libtool: compile:  gcc10-gcc -DHAVE_CONFIG_H -I. -I../.. -D_GNU_SOURCE -D_LARGEFILE64_SOURCE=1 -D_FILE_OFFSET_BITS=64 -DLUSTRE_UTILS=1 -include /home/ktest/git/lustre-release/config.h -I/home/ktest/git/lustre-release/include/uapi -include /tmp/cd9btqbYeq.h -I/home/ktest/git/lustre-release/lnet/utils/ -I/home/ktest/git/lustre-release/include -I/home/ktest/git/lustre-release/include/uapi -fPIC -g -O2 -Wall -Werror -Wno-gnu -MT libcfs_la-parser.lo -MD -MP -MF .deps/libcfs_la-parser.Tpo -c parser.c  -fPIC -DPIC -o .libs/libcfs_la-parser.o
libtool: compile:  gcc10-gcc -DHAVE_CONFIG_H -I. -I../.. -D_GNU_SOURCE -D_LARGEFILE64_SOURCE=1 -D_FILE_OFFSET_BITS=64 -DLUSTRE_UTILS=1 -include /home/ktest/git/lustre-release/config.h -I/home/ktest/git/lustre-release/include/uapi -include /tmp/cd9btqbYeq.h -I/home/ktest/git/lustre-release/lnet/utils/ -I/home/ktest/git/lustre-release/include -I/home/ktest/git/lustre-release/include/uapi -fPIC -g -O2 -Wall -Werror -Wno-gnu -MT libcfs_la-param.lo -MD -MP -MF .deps/libcfs_la-param.Tpo -c param.c  -fPIC -DPIC -o .libs/libcfs_la-param.o
libtool: compile:  gcc10-gcc -DHAVE_CONFIG_H -I. -I../.. -D_GNU_SOURCE -D_LARGEFILE64_SOURCE=1 -D_FILE_OFFSET_BITS=64 -DLUSTRE_UTILS=1 -include /home/ktest/git/lustre-release/config.h -I/home/ktest/git/lustre-release/include/uapi -include /tmp/cd9btqbYeq.h -I/home/ktest/git/lustre-release/lnet/utils/ -I/home/ktest/git/lustre-release/include -I/home/ktest/git/lustre-release/include/uapi -fPIC -g -O2 -Wall -Werror -Wno-gnu -MT libcfs_la-string.lo -MD -MP -MF .deps/libcfs_la-string.Tpo -c string.c  -fPIC -DPIC -o .libs/libcfs_la-string.o
libtool: compile:  gcc10-gcc -DHAVE_CONFIG_H -I. -I../.. -D_GNU_SOURCE -D_LARGEFILE64_SOURCE=1 -D_FILE_OFFSET_BITS=64 -DLUSTRE_UTILS=1 -include /home/ktest/git/lustre-release/config.h -I/home/ktest/git/lustre-release/include/uapi -include /tmp/cd9btqbYeq.h -I/home/ktest/git/lustre-release/lnet/utils/ -I/home/ktest/git/lustre-release/include -I/home/ktest/git/lustre-release/include/uapi -fPIC -g -O2 -Wall -Werror -Wno-gnu -MT libcfs_la-l_ioctl.lo -MD -MP -MF .deps/libcfs_la-l_ioctl.Tpo -c l_ioctl.c  -fPIC -DPIC -o .libs/libcfs_la-l_ioctl.o
libtool: compile:  gcc10-gcc -DHAVE_CONFIG_H -I. -I../.. -D_GNU_SOURCE -D_LARGEFILE64_SOURCE=1 -D_FILE_OFFSET_BITS=64 -DLUSTRE_UTILS=1 -include /home/ktest/git/lustre-release/config.h -I/home/ktest/git/lustre-release/include/uapi -include /tmp/cd9btqbYeq.h -I/home/ktest/git/lustre-release/lnet/utils/ -I/home/ktest/git/lustre-release/include -I/home/ktest/git/lustre-release/include/uapi -fPIC -g -O2 -Wall -Werror -Wno-gnu -MT libcfs_la-param.lo -MD -MP -MF .deps/libcfs_la-param.Tpo -c param.c -o libcfs_la-param.o >/dev/null 2>&1
libtool: compile:  gcc10-gcc -DHAVE_CONFIG_H -I. -I../.. -D_GNU_SOURCE -D_LARGEFILE64_SOURCE=1 -D_FILE_OFFSET_BITS=64 -DLUSTRE_UTILS=1 -include /home/ktest/git/lustre-release/config.h -I/home/ktest/git/lustre-release/include/uapi -include /tmp/cd9btqbYeq.h -I/home/ktest/git/lustre-release/lnet/utils/ -I/home/ktest/git/lustre-release/include -I/home/ktest/git/lustre-release/include/uapi -fPIC -g -O2 -Wall -Werror -Wno-gnu -MT libcfs_la-l_ioctl.lo -MD -MP -MF .deps/libcfs_la-l_ioctl.Tpo -c l_ioctl.c -o libcfs_la-l_ioctl.o >/dev/null 2>&1
libtool: compile:  gcc10-gcc -DHAVE_CONFIG_H -I. -I../.. -D_GNU_SOURCE -D_LARGEFILE64_SOURCE=1 -D_FILE_OFFSET_BITS=64 -DLUSTRE_UTILS=1 -include /home/ktest/git/lustre-release/config.h -I/home/ktest/git/lustre-release/include/uapi -include /tmp/cd9btqbYeq.h -I/home/ktest/git/lustre-release/lnet/utils/ -I/home/ktest/git/lustre-release/include -I/home/ktest/git/lustre-release/include/uapi -fPIC -g -O2 -Wall -Werror -Wno-gnu -MT libcfs_la-string.lo -MD -MP -MF .deps/libcfs_la-string.Tpo -c string.c -o libcfs_la-string.o >/dev/null 2>&1
libtool: compile:  gcc10-gcc -DHAVE_CONFIG_H -I. -I../.. -D_GNU_SOURCE -D_LARGEFILE64_SOURCE=1 -D_FILE_OFFSET_BITS=64 -DLUSTRE_UTILS=1 -include /home/ktest/git/lustre-release/config.h -I/home/ktest/git/lustre-release/include/uapi -include /tmp/cd9btqbYeq.h -I/home/ktest/git/lustre-release/lnet/utils/ -I/home/ktest/git/lustre-release/include -I/home/ktest/git/lustre-release/include/uapi -fPIC -g -O2 -Wall -Werror -Wno-gnu -MT libcfs_la-parser.lo -MD -MP -MF .deps/libcfs_la-parser.Tpo -c parser.c -o libcfs_la-parser.o >/dev/null 2>&1
libtool: compile:  gcc10-gcc -DHAVE_CONFIG_H -I. -I../.. -D_GNU_SOURCE -D_LARGEFILE64_SOURCE=1 -D_FILE_OFFSET_BITS=64 -DLUSTRE_UTILS=1 -include /home/ktest/git/lustre-release/config.h -I/home/ktest/git/lustre-release/include/uapi -include /tmp/cd9btqbYeq.h -I/home/ktest/git/lustre-release/lnet/utils/ -I/home/ktest/git/lustre-release/include -I/home/ktest/git/lustre-release/include/uapi -fPIC -g -O2 -Wall -Werror -Wno-gnu -MT libcfs_la-nidstrings.lo -MD -MP -MF .deps/libcfs_la-nidstrings.Tpo -c nidstrings.c -o libcfs_la-nidstrings.o >/dev/null 2>&1
libtool: link: ar cru .libs/libcfs.a .libs/libcfs_la-string.o .libs/libcfs_la-nidstrings.o .libs/libcfs_la-param.o .libs/libcfs_la-parser.o .libs/libcfs_la-l_ioctl.o 
libtool: link: ranlib .libs/libcfs.a
libtool: link: ( cd ".libs" && rm -f "libcfs.la" && ln -s "../libcfs.la" "libcfs.la" )
Making all in lnetconfig
libtool: compile:  gcc10-gcc -DHAVE_CONFIG_H -I. -I../../.. -D_LARGEFILE64_SOURCE=1 -D_FILE_OFFSET_BITS=64 -DLUSTRE_UTILS=1 -I/usr/include/libnl3 -fPIC -include /home/ktest/git/lustre-release/config.h -I/home/ktest/git/lustre-release/include/uapi -include /tmp/cd9btqbYeq.h -I/home/ktest/git/lustre-release/lnet/utils/ -I/home/ktest/git/lustre-release/include -I/home/ktest/git/lustre-release/include/uapi -g -O2 -Wall -Werror -Wno-gnu -MT liblnetconfig_la-liblnetconfig.lo -MD -MP -MF .deps/liblnetconfig_la-liblnetconfig.Tpo -c liblnetconfig.c  -fPIC -DPIC -o .libs/liblnetconfig_la-liblnetconfig.o
libtool: compile:  gcc10-gcc -DHAVE_CONFIG_H -I. -I../../.. -D_LARGEFILE64_SOURCE=1 -D_FILE_OFFSET_BITS=64 -DLUSTRE_UTILS=1 -I/usr/include/libnl3 -fPIC -include /home/ktest/git/lustre-release/config.h -I/home/ktest/git/lustre-release/include/uapi -include /tmp/cd9btqbYeq.h -I/home/ktest/git/lustre-release/lnet/utils/ -I/home/ktest/git/lustre-release/include -I/home/ktest/git/lustre-release/include/uapi -g -O2 -Wall -Werror -Wno-gnu -MT liblnetconfig_la-liblnetconfig_lnd.lo -MD -MP -MF .deps/liblnetconfig_la-liblnetconfig_lnd.Tpo -c liblnetconfig_lnd.c  -fPIC -DPIC -o .libs/liblnetconfig_la-liblnetconfig_lnd.o
libtool: compile:  gcc10-gcc -DHAVE_CONFIG_H -I. -I../../.. -D_LARGEFILE64_SOURCE=1 -D_FILE_OFFSET_BITS=64 -DLUSTRE_UTILS=1 -I/usr/include/libnl3 -fPIC -include /home/ktest/git/lustre-release/config.h -I/home/ktest/git/lustre-release/include/uapi -include /tmp/cd9btqbYeq.h -I/home/ktest/git/lustre-release/lnet/utils/ -I/home/ktest/git/lustre-release/include -I/home/ktest/git/lustre-release/include/uapi -g -O2 -Wall -Werror -Wno-gnu -MT liblnetconfig_la-liblnetconfig_lnd.lo -MD -MP -MF .deps/liblnetconfig_la-liblnetconfig_lnd.Tpo -c liblnetconfig_lnd.c -o liblnetconfig_la-liblnetconfig_lnd.o >/dev/null 2>&1
libtool: compile:  gcc10-gcc -DHAVE_CONFIG_H -I. -I../../.. -D_LARGEFILE64_SOURCE=1 -D_FILE_OFFSET_BITS=64 -DLUSTRE_UTILS=1 -I/usr/include/libnl3 -fPIC -include /home/ktest/git/lustre-release/config.h -I/home/ktest/git/lustre-release/include/uapi -include /tmp/cd9btqbYeq.h -I/home/ktest/git/lustre-release/lnet/utils/ -I/home/ktest/git/lustre-release/include -I/home/ktest/git/lustre-release/include/uapi -g -O2 -Wall -Werror -Wno-gnu -MT liblnetconfig_la-cyaml.lo -MD -MP -MF .deps/liblnetconfig_la-cyaml.Tpo -c cyaml.c  -fPIC -DPIC -o .libs/liblnetconfig_la-cyaml.o
libtool: compile:  gcc10-gcc -DHAVE_CONFIG_H -I. -I../../.. -D_LARGEFILE64_SOURCE=1 -D_FILE_OFFSET_BITS=64 -DLUSTRE_UTILS=1 -I/usr/include/libnl3 -fPIC -include /home/ktest/git/lustre-release/config.h -I/home/ktest/git/lustre-release/include/uapi -include /tmp/cd9btqbYeq.h -I/home/ktest/git/lustre-release/lnet/utils/ -I/home/ktest/git/lustre-release/include -I/home/ktest/git/lustre-release/include/uapi -g -O2 -Wall -Werror -Wno-gnu -MT liblnetconfig_la-liblnetconfig.lo -MD -MP -MF .deps/liblnetconfig_la-liblnetconfig.Tpo -c liblnetconfig.c -o liblnetconfig_la-liblnetconfig.o >/dev/null 2>&1
libtool: compile:  gcc10-gcc -DHAVE_CONFIG_H -I. -I../../.. -D_LARGEFILE64_SOURCE=1 -D_FILE_OFFSET_BITS=64 -DLUSTRE_UTILS=1 -I/usr/include/libnl3 -fPIC -include /home/ktest/git/lustre-release/config.h -I/home/ktest/git/lustre-release/include/uapi -include /tmp/cd9btqbYeq.h -I/home/ktest/git/lustre-release/lnet/utils/ -I/home/ktest/git/lustre-release/include -I/home/ktest/git/lustre-release/include/uapi -g -O2 -Wall -Werror -Wno-gnu -MT liblnetconfig_la-cyaml.lo -MD -MP -MF .deps/liblnetconfig_la-cyaml.Tpo -c cyaml.c -o liblnetconfig_la-cyaml.o >/dev/null 2>&1
libtool: compile:  gcc10-gcc -DHAVE_CONFIG_H -I. -I../../.. -D_LARGEFILE64_SOURCE=1 -D_FILE_OFFSET_BITS=64 -DLUSTRE_UTILS=1 -I/usr/include/libnl3 -fPIC -include /home/ktest/git/lustre-release/config.h -I/home/ktest/git/lustre-release/include/uapi -include /tmp/cd9btqbYeq.h -I/home/ktest/git/lustre-release/lnet/utils/ -I/home/ktest/git/lustre-release/include -I/home/ktest/git/lustre-release/include/uapi -g -O2 -Wall -Werror -Wno-gnu -MT liblnetconfig_la-liblnetconfig_udsp.lo -MD -MP -MF .deps/liblnetconfig_la-liblnetconfig_udsp.Tpo -c liblnetconfig_udsp.c  -fPIC -DPIC -o .libs/liblnetconfig_la-liblnetconfig_udsp.o
libtool: compile:  gcc10-gcc -DHAVE_CONFIG_H -I. -I../../.. -D_LARGEFILE64_SOURCE=1 -D_FILE_OFFSET_BITS=64 -DLUSTRE_UTILS=1 -I/usr/include/libnl3 -fPIC -include /home/ktest/git/lustre-release/config.h -I/home/ktest/git/lustre-release/include/uapi -include /tmp/cd9btqbYeq.h -I/home/ktest/git/lustre-release/lnet/utils/ -I/home/ktest/git/lustre-release/include -I/home/ktest/git/lustre-release/include/uapi -g -O2 -Wall -Werror -Wno-gnu -MT liblnetconfig_la-liblnetconfig_udsp.lo -MD -MP -MF .deps/liblnetconfig_la-liblnetconfig_udsp.Tpo -c liblnetconfig_udsp.c -o liblnetconfig_la-liblnetconfig_udsp.o >/dev/null 2>&1
libtool: compile:  gcc10-gcc -DHAVE_CONFIG_H -I. -I../../.. -D_LARGEFILE64_SOURCE=1 -D_FILE_OFFSET_BITS=64 -DLUSTRE_UTILS=1 -I/usr/include/libnl3 -fPIC -include /home/ktest/git/lustre-release/config.h -I/home/ktest/git/lustre-release/include/uapi -include /tmp/cd9btqbYeq.h -I/home/ktest/git/lustre-release/lnet/utils/ -I/home/ktest/git/lustre-release/include -I/home/ktest/git/lustre-release/include/uapi -g -O2 -Wall -Werror -Wno-gnu -MT liblnetconfig_la-liblnetconfig_netlink.lo -MD -MP -MF .deps/liblnetconfig_la-liblnetconfig_netlink.Tpo -c liblnetconfig_netlink.c  -fPIC -DPIC -o .libs/liblnetconfig_la-liblnetconfig_netlink.o
libtool: compile:  gcc10-gcc -DHAVE_CONFIG_H -I. -I../../.. -D_LARGEFILE64_SOURCE=1 -D_FILE_OFFSET_BITS=64 -DLUSTRE_UTILS=1 -I/usr/include/libnl3 -fPIC -include /home/ktest/git/lustre-release/config.h -I/home/ktest/git/lustre-release/include/uapi -include /tmp/cd9btqbYeq.h -I/home/ktest/git/lustre-release/lnet/utils/ -I/home/ktest/git/lustre-release/include -I/home/ktest/git/lustre-release/include/uapi -g -O2 -Wall -Werror -Wno-gnu -MT liblnetconfig_la-liblnetconfig_netlink.lo -MD -MP -MF .deps/liblnetconfig_la-liblnetconfig_netlink.Tpo -c liblnetconfig_netlink.c -o liblnetconfig_la-liblnetconfig_netlink.o >/dev/null 2>&1
libtool: link: gcc10-gcc -shared  -fPIC -DPIC  .libs/liblnetconfig_la-liblnetconfig.o .libs/liblnetconfig_la-liblnetconfig_lnd.o .libs/liblnetconfig_la-cyaml.o .libs/liblnetconfig_la-liblnetconfig_udsp.o .libs/liblnetconfig_la-liblnetconfig_netlink.o  -Wl,--whole-archive ../../../lib/libcfs/.libs/libcfs.a -Wl,--no-whole-archive  -L../../../lib/libcfs -lyaml -lm -lnl-genl-3 -lnl-3 -lkeyutils  -O2   -Wl,-soname -Wl,liblnetconfig.so.4 -o .libs/liblnetconfig.so.4.0.0
libtool: link: (cd ".libs" && rm -f "liblnetconfig.so.4" && ln -s "liblnetconfig.so.4.0.0" "liblnetconfig.so.4")
libtool: link: (cd ".libs" && rm -f "liblnetconfig.so" && ln -s "liblnetconfig.so.4.0.0" "liblnetconfig.so")
libtool: link: (cd .libs/liblnetconfig.lax/libcfs.a && ar x "/home/ktest/git/lustre-release/lnet/utils/lnetconfig/../../../lib/libcfs/.libs/libcfs.a")
libtool: link: ar cru .libs/liblnetconfig.a  liblnetconfig_la-liblnetconfig.o liblnetconfig_la-liblnetconfig_lnd.o liblnetconfig_la-cyaml.o liblnetconfig_la-liblnetconfig_udsp.o liblnetconfig_la-liblnetconfig_netlink.o  .libs/liblnetconfig.lax/libcfs.a/libcfs_la-l_ioctl.o .libs/liblnetconfig.lax/libcfs.a/libcfs_la-nidstrings.o .libs/liblnetconfig.lax/libcfs.a/libcfs_la-param.o .libs/liblnetconfig.lax/libcfs.a/libcfs_la-parser.o .libs/liblnetconfig.lax/libcfs.a/libcfs_la-string.o 
libtool: link: ranlib .libs/liblnetconfig.a
libtool: link: rm -fr .libs/liblnetconfig.lax
libtool: link: ( cd ".libs" && rm -f "liblnetconfig.la" && ln -s "../liblnetconfig.la" "liblnetconfig.la" )
libtool: link: gcc10-gcc -fPIC -D_GNU_SOURCE -I/usr/include/libnl3 -g -O2 -Wall -Werror -Wno-gnu -o .libs/routerstat routerstat.o  -L. ../../lnet/utils/lnetconfig/.libs/liblnetconfig.so -L../../../lib/libcfs -lyaml -lm -lnl-genl-3 -lnl-3 -lkeyutils
libtool: link: gcc10-gcc -fPIC -D_LINUX_TIME_H -D_GNU_SOURCE -I/usr/include/libnl3 -g -O2 -Wall -Werror -Wno-gnu -o .libs/lst lst-lst.o  -L. ../../lnet/utils/lnetconfig/.libs/liblnetconfig.so -L../../../lib/libcfs -lm -lnl-genl-3 -lnl-3 -lyaml -lkeyutils
libtool: link: gcc10-gcc -fPIC -D_GNU_SOURCE -I/usr/include/libnl3 -g -O2 -Wall -Werror -Wno-gnu -o wirecheck wirecheck.o  -L. -lkeyutils
libtool: link: gcc10-gcc -fPIC -D_GNU_SOURCE -I/usr/include/libnl3 -g -O2 -Wall -Werror -Wno-gnu -o .libs/lnetctl lnetctl.o  -L. ../../lnet/utils/lnetconfig/.libs/liblnetconfig.so -L../../../lib/libcfs -lm -lnl-genl-3 -lnl-3 -lyaml -lkeyutils
Making all in .
libtool: compile:  gcc10-gcc -DHAVE_CONFIG_H -I. -I../.. -include /home/ktest/git/lustre-release/config.h -I/home/ktest/git/lustre-release/include/uapi -include /tmp/cd9btqbYeq.h -I/home/ktest/git/lustre-release/lnet/utils/ -I/home/ktest/git/lustre-release/include -I/home/ktest/git/lustre-release/include/uapi -fPIC -D_GNU_SOURCE -I/usr/include/libnl3 -I ../../lnet/utils -D_LARGEFILE64_SOURCE=1 -D_FILE_OFFSET_BITS=64 -DLUSTRE_UTILS=1 -g -O2 -Wall -Werror -Wno-gnu -MT liblustreapi_la-libhsm_scanner.lo -MD -MP -MF .deps/liblustreapi_la-libhsm_scanner.Tpo -c libhsm_scanner.c  -fPIC -DPIC -o .libs/liblustreapi_la-libhsm_scanner.o
libtool: compile:  gcc10-gcc -DHAVE_CONFIG_H -I. -I../.. -include /home/ktest/git/lustre-release/config.h -I/home/ktest/git/lustre-release/include/uapi -include /tmp/cd9btqbYeq.h -I/home/ktest/git/lustre-release/lnet/utils/ -I/home/ktest/git/lustre-release/include -I/home/ktest/git/lustre-release/include/uapi -fPIC -D_GNU_SOURCE -I/usr/include/libnl3 -I ../../lnet/utils -D_LARGEFILE64_SOURCE=1 -D_FILE_OFFSET_BITS=64 -DLUSTRE_UTILS=1 -g -O2 -Wall -Werror -Wno-gnu -MT liblustreapi_la-libhsm_scanner.lo -MD -MP -MF .deps/liblustreapi_la-libhsm_scanner.Tpo -c libhsm_scanner.c -o liblustreapi_la-libhsm_scanner.o >/dev/null 2>&1
libtool: compile:  gcc10-gcc -DHAVE_CONFIG_H -I. -I../.. -include /home/ktest/git/lustre-release/config.h -I/home/ktest/git/lustre-release/include/uapi -include /tmp/cd9btqbYeq.h -I/home/ktest/git/lustre-release/lnet/utils/ -I/home/ktest/git/lustre-release/include -I/home/ktest/git/lustre-release/include/uapi -fPIC -D_GNU_SOURCE -I/usr/include/libnl3 -I ../../lnet/utils -D_LARGEFILE64_SOURCE=1 -D_FILE_OFFSET_BITS=64 -DLUSTRE_UTILS=1 -g -O2 -Wall -Werror -Wno-gnu -MT liblustreapi_la-liblustreapi.lo -MD -MP -MF .deps/liblustreapi_la-liblustreapi.Tpo -c liblustreapi.c  -fPIC -DPIC -o .libs/liblustreapi_la-liblustreapi.o
libtool: compile:  gcc10-gcc -DHAVE_CONFIG_H -I. -I../.. -include /home/ktest/git/lustre-release/config.h -I/home/ktest/git/lustre-release/include/uapi -include /tmp/cd9btqbYeq.h -I/home/ktest/git/lustre-release/lnet/utils/ -I/home/ktest/git/lustre-release/include -I/home/ktest/git/lustre-release/include/uapi -fPIC -D_GNU_SOURCE -I/usr/include/libnl3 -I ../../lnet/utils -D_LARGEFILE64_SOURCE=1 -D_FILE_OFFSET_BITS=64 -DLUSTRE_UTILS=1 -g -O2 -Wall -Werror -Wno-gnu -MT liblustreapi_la-liblustreapi_chlg.lo -MD -MP -MF .deps/liblustreapi_la-liblustreapi_chlg.Tpo -c liblustreapi_chlg.c  -fPIC -DPIC -o .libs/liblustreapi_la-liblustreapi_chlg.o
libtool: compile:  gcc10-gcc -DHAVE_CONFIG_H -I. -I../.. -include /home/ktest/git/lustre-release/config.h -I/home/ktest/git/lustre-release/include/uapi -include /tmp/cd9btqbYeq.h -I/home/ktest/git/lustre-release/lnet/utils/ -I/home/ktest/git/lustre-release/include -I/home/ktest/git/lustre-release/include/uapi -fPIC -D_GNU_SOURCE -I/usr/include/libnl3 -I ../../lnet/utils -D_LARGEFILE64_SOURCE=1 -D_FILE_OFFSET_BITS=64 -DLUSTRE_UTILS=1 -g -O2 -Wall -Werror -Wno-gnu -MT liblustreapi_la-liblustreapi_chlg.lo -MD -MP -MF .deps/liblustreapi_la-liblustreapi_chlg.Tpo -c liblustreapi_chlg.c -o liblustreapi_la-liblustreapi_chlg.o >/dev/null 2>&1
libtool: compile:  gcc10-gcc -DHAVE_CONFIG_H -I. -I../.. -include /home/ktest/git/lustre-release/config.h -I/home/ktest/git/lustre-release/include/uapi -include /tmp/cd9btqbYeq.h -I/home/ktest/git/lustre-release/lnet/utils/ -I/home/ktest/git/lustre-release/include -I/home/ktest/git/lustre-release/include/uapi -fPIC -D_GNU_SOURCE -I/usr/include/libnl3 -I ../../lnet/utils -D_LARGEFILE64_SOURCE=1 -D_FILE_OFFSET_BITS=64 -DLUSTRE_UTILS=1 -g -O2 -Wall -Werror -Wno-gnu -MT liblustreapi_la-liblustreapi_fid.lo -MD -MP -MF .deps/liblustreapi_la-liblustreapi_fid.Tpo -c liblustreapi_fid.c  -fPIC -DPIC -o .libs/liblustreapi_la-liblustreapi_fid.o
libtool: compile:  gcc10-gcc -DHAVE_CONFIG_H -I. -I../.. -include /home/ktest/git/lustre-release/config.h -I/home/ktest/git/lustre-release/include/uapi -include /tmp/cd9btqbYeq.h -I/home/ktest/git/lustre-release/lnet/utils/ -I/home/ktest/git/lustre-release/include -I/home/ktest/git/lustre-release/include/uapi -fPIC -D_GNU_SOURCE -I/usr/include/libnl3 -I ../../lnet/utils -D_LARGEFILE64_SOURCE=1 -D_FILE_OFFSET_BITS=64 -DLUSTRE_UTILS=1 -g -O2 -Wall -Werror -Wno-gnu -MT liblustreapi_la-liblustreapi_heat.lo -MD -MP -MF .deps/liblustreapi_la-liblustreapi_heat.Tpo -c liblustreapi_heat.c  -fPIC -DPIC -o .libs/liblustreapi_la-liblustreapi_heat.o
libtool: compile:  gcc10-gcc -DHAVE_CONFIG_H -I. -I../.. -include /home/ktest/git/lustre-release/config.h -I/home/ktest/git/lustre-release/include/uapi -include /tmp/cd9btqbYeq.h -I/home/ktest/git/lustre-release/lnet/utils/ -I/home/ktest/git/lustre-release/include -I/home/ktest/git/lustre-release/include/uapi -fPIC -D_GNU_SOURCE -I/usr/include/libnl3 -I ../../lnet/utils -D_LARGEFILE64_SOURCE=1 -D_FILE_OFFSET_BITS=64 -DLUSTRE_UTILS=1 -g -O2 -Wall -Werror -Wno-gnu -MT liblustreapi_la-liblustreapi_heat.lo -MD -MP -MF .deps/liblustreapi_la-liblustreapi_heat.Tpo -c liblustreapi_heat.c -o liblustreapi_la-liblustreapi_heat.o >/dev/null 2>&1
libtool: compile:  gcc10-gcc -DHAVE_CONFIG_H -I. -I../.. -include /home/ktest/git/lustre-release/config.h -I/home/ktest/git/lustre-release/include/uapi -include /tmp/cd9btqbYeq.h -I/home/ktest/git/lustre-release/lnet/utils/ -I/home/ktest/git/lustre-release/include -I/home/ktest/git/lustre-release/include/uapi -fPIC -D_GNU_SOURCE -I/usr/include/libnl3 -I ../../lnet/utils -D_LARGEFILE64_SOURCE=1 -D_FILE_OFFSET_BITS=64 -DLUSTRE_UTILS=1 -g -O2 -Wall -Werror -Wno-gnu -MT liblustreapi_la-liblustreapi_fid.lo -MD -MP -MF .deps/liblustreapi_la-liblustreapi_fid.Tpo -c liblustreapi_fid.c -o liblustreapi_la-liblustreapi_fid.o >/dev/null 2>&1
libtool: compile:  gcc10-gcc -DHAVE_CONFIG_H -I. -I../.. -include /home/ktest/git/lustre-release/config.h -I/home/ktest/git/lustre-release/include/uapi -include /tmp/cd9btqbYeq.h -I/home/ktest/git/lustre-release/lnet/utils/ -I/home/ktest/git/lustre-release/include -I/home/ktest/git/lustre-release/include/uapi -fPIC -D_GNU_SOURCE -I/usr/include/libnl3 -I ../../lnet/utils -D_LARGEFILE64_SOURCE=1 -D_FILE_OFFSET_BITS=64 -DLUSTRE_UTILS=1 -g -O2 -Wall -Werror -Wno-gnu -MT liblustreapi_la-liblustreapi_hsm.lo -MD -MP -MF .deps/liblustreapi_la-liblustreapi_hsm.Tpo -c liblustreapi_hsm.c  -fPIC -DPIC -o .libs/liblustreapi_la-liblustreapi_hsm.o
libtool: compile:  gcc10-gcc -DHAVE_CONFIG_H -I. -I../.. -include /home/ktest/git/lustre-release/config.h -I/home/ktest/git/lustre-release/include/uapi -include /tmp/cd9btqbYeq.h -I/home/ktest/git/lustre-release/lnet/utils/ -I/home/ktest/git/lustre-release/include -I/home/ktest/git/lustre-release/include/uapi -fPIC -D_GNU_SOURCE -I/usr/include/libnl3 -I ../../lnet/utils -D_LARGEFILE64_SOURCE=1 -D_FILE_OFFSET_BITS=64 -DLUSTRE_UTILS=1 -g -O2 -Wall -Werror -Wno-gnu -MT liblustreapi_la-liblustreapi_ioctl.lo -MD -MP -MF .deps/liblustreapi_la-liblustreapi_ioctl.Tpo -c liblustreapi_ioctl.c  -fPIC -DPIC -o .libs/liblustreapi_la-liblustreapi_ioctl.o
libtool: compile:  gcc10-gcc -DHAVE_CONFIG_H -I. -I../.. -include /home/ktest/git/lustre-release/config.h -I/home/ktest/git/lustre-release/include/uapi -include /tmp/cd9btqbYeq.h -I/home/ktest/git/lustre-release/lnet/utils/ -I/home/ktest/git/lustre-release/include -I/home/ktest/git/lustre-release/include/uapi -fPIC -D_GNU_SOURCE -I/usr/include/libnl3 -I ../../lnet/utils -D_LARGEFILE64_SOURCE=1 -D_FILE_OFFSET_BITS=64 -DLUSTRE_UTILS=1 -g -O2 -Wall -Werror -Wno-gnu -MT liblustreapi_la-liblustreapi_json.lo -MD -MP -MF .deps/liblustreapi_la-liblustreapi_json.Tpo -c liblustreapi_json.c  -fPIC -DPIC -o .libs/liblustreapi_la-liblustreapi_json.o
libtool: compile:  gcc10-gcc -DHAVE_CONFIG_H -I. -I../.. -include /home/ktest/git/lustre-release/config.h -I/home/ktest/git/lustre-release/include/uapi -include /tmp/cd9btqbYeq.h -I/home/ktest/git/lustre-release/lnet/utils/ -I/home/ktest/git/lustre-release/include -I/home/ktest/git/lustre-release/include/uapi -fPIC -D_GNU_SOURCE -I/usr/include/libnl3 -I ../../lnet/utils -D_LARGEFILE64_SOURCE=1 -D_FILE_OFFSET_BITS=64 -DLUSTRE_UTILS=1 -g -O2 -Wall -Werror -Wno-gnu -MT liblustreapi_la-liblustreapi.lo -MD -MP -MF .deps/liblustreapi_la-liblustreapi.Tpo -c liblustreapi.c -o liblustreapi_la-liblustreapi.o >/dev/null 2>&1
libtool: compile:  gcc10-gcc -DHAVE_CONFIG_H -I. -I../.. -include /home/ktest/git/lustre-release/config.h -I/home/ktest/git/lustre-release/include/uapi -include /tmp/cd9btqbYeq.h -I/home/ktest/git/lustre-release/lnet/utils/ -I/home/ktest/git/lustre-release/include -I/home/ktest/git/lustre-release/include/uapi -fPIC -D_GNU_SOURCE -I/usr/include/libnl3 -I ../../lnet/utils -D_LARGEFILE64_SOURCE=1 -D_FILE_OFFSET_BITS=64 -DLUSTRE_UTILS=1 -g -O2 -Wall -Werror -Wno-gnu -MT liblustreapi_la-liblustreapi_ioctl.lo -MD -MP -MF .deps/liblustreapi_la-liblustreapi_ioctl.Tpo -c liblustreapi_ioctl.c -o liblustreapi_la-liblustreapi_ioctl.o >/dev/null 2>&1
libtool: compile:  gcc10-gcc -DHAVE_CONFIG_H -I. -I../.. -include /home/ktest/git/lustre-release/config.h -I/home/ktest/git/lustre-release/include/uapi -include /tmp/cd9btqbYeq.h -I/home/ktest/git/lustre-release/lnet/utils/ -I/home/ktest/git/lustre-release/include -I/home/ktest/git/lustre-release/include/uapi -fPIC -D_GNU_SOURCE -I/usr/include/libnl3 -I ../../lnet/utils -D_LARGEFILE64_SOURCE=1 -D_FILE_OFFSET_BITS=64 -DLUSTRE_UTILS=1 -g -O2 -Wall -Werror -Wno-gnu -MT liblustreapi_la-liblustreapi_json.lo -MD -MP -MF .deps/liblustreapi_la-liblustreapi_json.Tpo -c liblustreapi_json.c -o liblustreapi_la-liblustreapi_json.o >/dev/null 2>&1
libtool: compile:  gcc10-gcc -DHAVE_CONFIG_H -I. -I../.. -include /home/ktest/git/lustre-release/config.h -I/home/ktest/git/lustre-release/include/uapi -include /tmp/cd9btqbYeq.h -I/home/ktest/git/lustre-release/lnet/utils/ -I/home/ktest/git/lustre-release/include -I/home/ktest/git/lustre-release/include/uapi -fPIC -D_GNU_SOURCE -I/usr/include/libnl3 -I ../../lnet/utils -D_LARGEFILE64_SOURCE=1 -D_FILE_OFFSET_BITS=64 -DLUSTRE_UTILS=1 -g -O2 -Wall -Werror -Wno-gnu -MT liblustreapi_la-liblustreapi_kernelconn.lo -MD -MP -MF .deps/liblustreapi_la-liblustreapi_kernelconn.Tpo -c liblustreapi_kernelconn.c  -fPIC -DPIC -o .libs/liblustreapi_la-liblustreapi_kernelconn.o
libtool: compile:  gcc10-gcc -DHAVE_CONFIG_H -I. -I../.. -include /home/ktest/git/lustre-release/config.h -I/home/ktest/git/lustre-release/include/uapi -include /tmp/cd9btqbYeq.h -I/home/ktest/git/lustre-release/lnet/utils/ -I/home/ktest/git/lustre-release/include -I/home/ktest/git/lustre-release/include/uapi -fPIC -D_GNU_SOURCE -I/usr/include/libnl3 -I ../../lnet/utils -D_LARGEFILE64_SOURCE=1 -D_FILE_OFFSET_BITS=64 -DLUSTRE_UTILS=1 -g -O2 -Wall -Werror -Wno-gnu -MT liblustreapi_la-liblustreapi_hsm.lo -MD -MP -MF .deps/liblustreapi_la-liblustreapi_hsm.Tpo -c liblustreapi_hsm.c -o liblustreapi_la-liblustreapi_hsm.o >/dev/null 2>&1
libtool: compile:  gcc10-gcc -DHAVE_CONFIG_H -I. -I../.. -include /home/ktest/git/lustre-release/config.h -I/home/ktest/git/lustre-release/include/uapi -include /tmp/cd9btqbYeq.h -I/home/ktest/git/lustre-release/lnet/utils/ -I/home/ktest/git/lustre-release/include -I/home/ktest/git/lustre-release/include/uapi -fPIC -D_GNU_SOURCE -I/usr/include/libnl3 -I ../../lnet/utils -D_LARGEFILE64_SOURCE=1 -D_FILE_OFFSET_BITS=64 -DLUSTRE_UTILS=1 -g -O2 -Wall -Werror -Wno-gnu -MT liblustreapi_la-liblustreapi_kernelconn.lo -MD -MP -MF .deps/liblustreapi_la-liblustreapi_kernelconn.Tpo -c liblustreapi_kernelconn.c -o liblustreapi_la-liblustreapi_kernelconn.o >/dev/null 2>&1
libtool: compile:  gcc10-gcc -DHAVE_CONFIG_H -I. -I../.. -include /home/ktest/git/lustre-release/config.h -I/home/ktest/git/lustre-release/include/uapi -include /tmp/cd9btqbYeq.h -I/home/ktest/git/lustre-release/lnet/utils/ -I/home/ktest/git/lustre-release/include -I/home/ktest/git/lustre-release/include/uapi -fPIC -D_GNU_SOURCE -I/usr/include/libnl3 -I ../../lnet/utils -D_LARGEFILE64_SOURCE=1 -D_FILE_OFFSET_BITS=64 -DLUSTRE_UTILS=1 -g -O2 -Wall -Werror -Wno-gnu -MT liblustreapi_la-liblustreapi_ladvise.lo -MD -MP -MF .deps/liblustreapi_la-liblustreapi_ladvise.Tpo -c liblustreapi_ladvise.c  -fPIC -DPIC -o .libs/liblustreapi_la-liblustreapi_ladvise.o
libtool: compile:  gcc10-gcc -DHAVE_CONFIG_H -I. -I../.. -include /home/ktest/git/lustre-release/config.h -I/home/ktest/git/lustre-release/include/uapi -include /tmp/cd9btqbYeq.h -I/home/ktest/git/lustre-release/lnet/utils/ -I/home/ktest/git/lustre-release/include -I/home/ktest/git/lustre-release/include/uapi -fPIC -D_GNU_SOURCE -I/usr/include/libnl3 -I ../../lnet/utils -D_LARGEFILE64_SOURCE=1 -D_FILE_OFFSET_BITS=64 -DLUSTRE_UTILS=1 -g -O2 -Wall -Werror -Wno-gnu -MT liblustreapi_la-liblustreapi_layout.lo -MD -MP -MF .deps/liblustreapi_la-liblustreapi_layout.Tpo -c liblustreapi_layout.c  -fPIC -DPIC -o .libs/liblustreapi_la-liblustreapi_layout.o
libtool: compile:  gcc10-gcc -DHAVE_CONFIG_H -I. -I../.. -include /home/ktest/git/lustre-release/config.h -I/home/ktest/git/lustre-release/include/uapi -include /tmp/cd9btqbYeq.h -I/home/ktest/git/lustre-release/lnet/utils/ -I/home/ktest/git/lustre-release/include -I/home/ktest/git/lustre-release/include/uapi -fPIC -D_GNU_SOURCE -I/usr/include/libnl3 -I ../../lnet/utils -D_LARGEFILE64_SOURCE=1 -D_FILE_OFFSET_BITS=64 -DLUSTRE_UTILS=1 -g -O2 -Wall -Werror -Wno-gnu -MT liblustreapi_la-liblustreapi_ladvise.lo -MD -MP -MF .deps/liblustreapi_la-liblustreapi_ladvise.Tpo -c liblustreapi_ladvise.c -o liblustreapi_la-liblustreapi_ladvise.o >/dev/null 2>&1
libtool: compile:  gcc10-gcc -DHAVE_CONFIG_H -I. -I../.. -include /home/ktest/git/lustre-release/config.h -I/home/ktest/git/lustre-release/include/uapi -include /tmp/cd9btqbYeq.h -I/home/ktest/git/lustre-release/lnet/utils/ -I/home/ktest/git/lustre-release/include -I/home/ktest/git/lustre-release/include/uapi -fPIC -D_GNU_SOURCE -I/usr/include/libnl3 -I ../../lnet/utils -D_LARGEFILE64_SOURCE=1 -D_FILE_OFFSET_BITS=64 -DLUSTRE_UTILS=1 -g -O2 -Wall -Werror -Wno-gnu -MT liblustreapi_la-liblustreapi_lease.lo -MD -MP -MF .deps/liblustreapi_la-liblustreapi_lease.Tpo -c liblustreapi_lease.c  -fPIC -DPIC -o .libs/liblustreapi_la-liblustreapi_lease.o
libtool: compile:  gcc10-gcc -DHAVE_CONFIG_H -I. -I../.. -include /home/ktest/git/lustre-release/config.h -I/home/ktest/git/lustre-release/include/uapi -include /tmp/cd9btqbYeq.h -I/home/ktest/git/lustre-release/lnet/utils/ -I/home/ktest/git/lustre-release/include -I/home/ktest/git/lustre-release/include/uapi -fPIC -D_GNU_SOURCE -I/usr/include/libnl3 -I ../../lnet/utils -D_LARGEFILE64_SOURCE=1 -D_FILE_OFFSET_BITS=64 -DLUSTRE_UTILS=1 -g -O2 -Wall -Werror -Wno-gnu -MT liblustreapi_la-liblustreapi_lease.lo -MD -MP -MF .deps/liblustreapi_la-liblustreapi_lease.Tpo -c liblustreapi_lease.c -o liblustreapi_la-liblustreapi_lease.o >/dev/null 2>&1
libtool: compile:  gcc10-gcc -DHAVE_CONFIG_H -I. -I../.. -include /home/ktest/git/lustre-release/config.h -I/home/ktest/git/lustre-release/include/uapi -include /tmp/cd9btqbYeq.h -I/home/ktest/git/lustre-release/lnet/utils/ -I/home/ktest/git/lustre-release/include -I/home/ktest/git/lustre-release/include/uapi -fPIC -D_GNU_SOURCE -I/usr/include/libnl3 -I ../../lnet/utils -D_LARGEFILE64_SOURCE=1 -D_FILE_OFFSET_BITS=64 -DLUSTRE_UTILS=1 -g -O2 -Wall -Werror -Wno-gnu -MT liblustreapi_la-liblustreapi_lseek.lo -MD -MP -MF .deps/liblustreapi_la-liblustreapi_lseek.Tpo -c liblustreapi_lseek.c  -fPIC -DPIC -o .libs/liblustreapi_la-liblustreapi_lseek.o
libtool: compile:  gcc10-gcc -DHAVE_CONFIG_H -I. -I../.. -include /home/ktest/git/lustre-release/config.h -I/home/ktest/git/lustre-release/include/uapi -include /tmp/cd9btqbYeq.h -I/home/ktest/git/lustre-release/lnet/utils/ -I/home/ktest/git/lustre-release/include -I/home/ktest/git/lustre-release/include/uapi -fPIC -D_GNU_SOURCE -I/usr/include/libnl3 -I ../../lnet/utils -D_LARGEFILE64_SOURCE=1 -D_FILE_OFFSET_BITS=64 -DLUSTRE_UTILS=1 -g -O2 -Wall -Werror -Wno-gnu -MT liblustreapi_la-liblustreapi_lseek.lo -MD -MP -MF .deps/liblustreapi_la-liblustreapi_lseek.Tpo -c liblustreapi_lseek.c -o liblustreapi_la-liblustreapi_lseek.o >/dev/null 2>&1
libtool: compile:  gcc10-gcc -DHAVE_CONFIG_H -I. -I../.. -include /home/ktest/git/lustre-release/config.h -I/home/ktest/git/lustre-release/include/uapi -include /tmp/cd9btqbYeq.h -I/home/ktest/git/lustre-release/lnet/utils/ -I/home/ktest/git/lustre-release/include -I/home/ktest/git/lustre-release/include/uapi -fPIC -D_GNU_SOURCE -I/usr/include/libnl3 -I ../../lnet/utils -D_LARGEFILE64_SOURCE=1 -D_FILE_OFFSET_BITS=64 -DLUSTRE_UTILS=1 -g -O2 -Wall -Werror -Wno-gnu -MT liblustreapi_la-liblustreapi_mirror.lo -MD -MP -MF .deps/liblustreapi_la-liblustreapi_mirror.Tpo -c liblustreapi_mirror.c  -fPIC -DPIC -o .libs/liblustreapi_la-liblustreapi_mirror.o
libtool: compile:  gcc10-gcc -DHAVE_CONFIG_H -I. -I../.. -include /home/ktest/git/lustre-release/config.h -I/home/ktest/git/lustre-release/include/uapi -include /tmp/cd9btqbYeq.h -I/home/ktest/git/lustre-release/lnet/utils/ -I/home/ktest/git/lustre-release/include -I/home/ktest/git/lustre-release/include/uapi -fPIC -D_GNU_SOURCE -I/usr/include/libnl3 -I ../../lnet/utils -D_LARGEFILE64_SOURCE=1 -D_FILE_OFFSET_BITS=64 -DLUSTRE_UTILS=1 -g -O2 -Wall -Werror -Wno-gnu -MT liblustreapi_la-liblustreapi_nodemap.lo -MD -MP -MF .deps/liblustreapi_la-liblustreapi_nodemap.Tpo -c liblustreapi_nodemap.c  -fPIC -DPIC -o .libs/liblustreapi_la-liblustreapi_nodemap.o
libtool: compile:  gcc10-gcc -DHAVE_CONFIG_H -I. -I../.. -include /home/ktest/git/lustre-release/config.h -I/home/ktest/git/lustre-release/include/uapi -include /tmp/cd9btqbYeq.h -I/home/ktest/git/lustre-release/lnet/utils/ -I/home/ktest/git/lustre-release/include -I/home/ktest/git/lustre-release/include/uapi -fPIC -D_GNU_SOURCE -I/usr/include/libnl3 -I ../../lnet/utils -D_LARGEFILE64_SOURCE=1 -D_FILE_OFFSET_BITS=64 -DLUSTRE_UTILS=1 -g -O2 -Wall -Werror -Wno-gnu -MT liblustreapi_la-liblustreapi_nodemap.lo -MD -MP -MF .deps/liblustreapi_la-liblustreapi_nodemap.Tpo -c liblustreapi_nodemap.c -o liblustreapi_la-liblustreapi_nodemap.o >/dev/null 2>&1
libtool: compile:  gcc10-gcc -DHAVE_CONFIG_H -I. -I../.. -include /home/ktest/git/lustre-release/config.h -I/home/ktest/git/lustre-release/include/uapi -include /tmp/cd9btqbYeq.h -I/home/ktest/git/lustre-release/lnet/utils/ -I/home/ktest/git/lustre-release/include -I/home/ktest/git/lustre-release/include/uapi -fPIC -D_GNU_SOURCE -I/usr/include/libnl3 -I ../../lnet/utils -D_LARGEFILE64_SOURCE=1 -D_FILE_OFFSET_BITS=64 -DLUSTRE_UTILS=1 -g -O2 -Wall -Werror -Wno-gnu -MT liblustreapi_la-liblustreapi_mirror.lo -MD -MP -MF .deps/liblustreapi_la-liblustreapi_mirror.Tpo -c liblustreapi_mirror.c -o liblustreapi_la-liblustreapi_mirror.o >/dev/null 2>&1
libtool: compile:  gcc10-gcc -DHAVE_CONFIG_H -I. -I../.. -include /home/ktest/git/lustre-release/config.h -I/home/ktest/git/lustre-release/include/uapi -include /tmp/cd9btqbYeq.h -I/home/ktest/git/lustre-release/lnet/utils/ -I/home/ktest/git/lustre-release/include -I/home/ktest/git/lustre-release/include/uapi -fPIC -D_GNU_SOURCE -I/usr/include/libnl3 -I ../../lnet/utils -D_LARGEFILE64_SOURCE=1 -D_FILE_OFFSET_BITS=64 -DLUSTRE_UTILS=1 -g -O2 -Wall -Werror -Wno-gnu -MT liblustreapi_la-liblustreapi_param.lo -MD -MP -MF .deps/liblustreapi_la-liblustreapi_param.Tpo -c liblustreapi_param.c  -fPIC -DPIC -o .libs/liblustreapi_la-liblustreapi_param.o
/home/ktest/git/lustre-release/lustre/llite/pcc.c: In function '__pcc_file_reset_projid':
/home/ktest/git/lustre-release/lustre/llite/pcc.c:3490:11: error: implicit declaration of function 'get_fs'; did you mean 'sget_fc'? [-Werror=implicit-function-declaration]
 3490 |  old_fs = get_fs();
      |           ^~~~~~
      |           sget_fc
/home/ktest/git/lustre-release/lustre/llite/pcc.c:3490:11: error: incompatible types when assigning to type 'mm_segment_t' from type 'int'
/home/ktest/git/lustre-release/lustre/llite/pcc.c:3491:2: error: implicit declaration of function 'set_fs'; did you mean 'sget_fc'? [-Werror=implicit-function-declaration]
 3491 |  set_fs(KERNEL_DS);
      |  ^~~~~~
      |  sget_fc
/home/ktest/git/lustre-release/lustre/llite/pcc.c:3491:9: error: 'KERNEL_DS' undeclared (first use in this function); did you mean 'KERNFS_NS'?
 3491 |  set_fs(KERNEL_DS);
      |         ^~~~~~~~~
      |         KERNFS_NS
/home/ktest/git/lustre-release/lustre/llite/pcc.c:3491:9: note: each undeclared identifier is reported only once for each function it appears in
libtool: compile:  gcc10-gcc -DHAVE_CONFIG_H -I. -I../.. -include /home/ktest/git/lustre-release/config.h -I/home/ktest/git/lustre-release/include/uapi -include /tmp/cd9btqbYeq.h -I/home/ktest/git/lustre-release/lnet/utils/ -I/home/ktest/git/lustre-release/include -I/home/ktest/git/lustre-release/include/uapi -fPIC -D_GNU_SOURCE -I/usr/include/libnl3 -I ../../lnet/utils -D_LARGEFILE64_SOURCE=1 -D_FILE_OFFSET_BITS=64 -DLUSTRE_UTILS=1 -g -O2 -Wall -Werror -Wno-gnu -MT liblustreapi_la-liblustreapi_pcc.lo -MD -MP -MF .deps/liblustreapi_la-liblustreapi_pcc.Tpo -c liblustreapi_pcc.c  -fPIC -DPIC -o .libs/liblustreapi_la-liblustreapi_pcc.o
libtool: compile:  gcc10-gcc -DHAVE_CONFIG_H -I. -I../.. -include /home/ktest/git/lustre-release/config.h -I/home/ktest/git/lustre-release/include/uapi -include /tmp/cd9btqbYeq.h -I/home/ktest/git/lustre-release/lnet/utils/ -I/home/ktest/git/lustre-release/include -I/home/ktest/git/lustre-release/include/uapi -fPIC -D_GNU_SOURCE -I/usr/include/libnl3 -I ../../lnet/utils -D_LARGEFILE64_SOURCE=1 -D_FILE_OFFSET_BITS=64 -DLUSTRE_UTILS=1 -g -O2 -Wall -Werror -Wno-gnu -MT liblustreapi_la-liblustreapi_pool.lo -MD -MP -MF .deps/liblustreapi_la-liblustreapi_pool.Tpo -c liblustreapi_pool.c  -fPIC -DPIC -o .libs/liblustreapi_la-liblustreapi_pool.o
libtool: compile:  gcc10-gcc -DHAVE_CONFIG_H -I. -I../.. -include /home/ktest/git/lustre-release/config.h -I/home/ktest/git/lustre-release/include/uapi -include /tmp/cd9btqbYeq.h -I/home/ktest/git/lustre-release/lnet/utils/ -I/home/ktest/git/lustre-release/include -I/home/ktest/git/lustre-release/include/uapi -fPIC -D_GNU_SOURCE -I/usr/include/libnl3 -I ../../lnet/utils -D_LARGEFILE64_SOURCE=1 -D_FILE_OFFSET_BITS=64 -DLUSTRE_UTILS=1 -g -O2 -Wall -Werror -Wno-gnu -MT liblustreapi_la-liblustreapi_pfind.lo -MD -MP -MF .deps/liblustreapi_la-liblustreapi_pfind.Tpo -c liblustreapi_pfind.c  -fPIC -DPIC -o .libs/liblustreapi_la-liblustreapi_pfind.o
cc1: all warnings being treated as errors
make[7]: *** [/home/ktest/git/lustre-release/lustre/llite/pcc.o] Error 1
make[7]: *** Waiting for unfinished jobs....
libtool: compile:  gcc10-gcc -DHAVE_CONFIG_H -I. -I../.. -include /home/ktest/git/lustre-release/config.h -I/home/ktest/git/lustre-release/include/uapi -include /tmp/cd9btqbYeq.h -I/home/ktest/git/lustre-release/lnet/utils/ -I/home/ktest/git/lustre-release/include -I/home/ktest/git/lustre-release/include/uapi -fPIC -D_GNU_SOURCE -I/usr/include/libnl3 -I ../../lnet/utils -D_LARGEFILE64_SOURCE=1 -D_FILE_OFFSET_BITS=64 -DLUSTRE_UTILS=1 -g -O2 -Wall -Werror -Wno-gnu -MT liblustreapi_la-liblustreapi_project.lo -MD -MP -MF .deps/liblustreapi_la-liblustreapi_project.Tpo -c liblustreapi_project.c  -fPIC -DPIC -o .libs/liblustreapi_la-liblustreapi_project.o
libtool: compile:  gcc10-gcc -DHAVE_CONFIG_H -I. -I../.. -include /home/ktest/git/lustre-release/config.h -I/home/ktest/git/lustre-release/include/uapi -include /tmp/cd9btqbYeq.h -I/home/ktest/git/lustre-release/lnet/utils/ -I/home/ktest/git/lustre-release/include -I/home/ktest/git/lustre-release/include/uapi -fPIC -D_GNU_SOURCE -I/usr/include/libnl3 -I ../../lnet/utils -D_LARGEFILE64_SOURCE=1 -D_FILE_OFFSET_BITS=64 -DLUSTRE_UTILS=1 -g -O2 -Wall -Werror -Wno-gnu -MT liblustreapi_la-liblustreapi_root.lo -MD -MP -MF .deps/liblustreapi_la-liblustreapi_root.Tpo -c liblustreapi_root.c  -fPIC -DPIC -o .libs/liblustreapi_la-liblustreapi_root.o
libtool: compile:  gcc10-gcc -DHAVE_CONFIG_H -I. -I../.. -include /home/ktest/git/lustre-release/config.h -I/home/ktest/git/lustre-release/include/uapi -include /tmp/cd9btqbYeq.h -I/home/ktest/git/lustre-release/lnet/utils/ -I/home/ktest/git/lustre-release/include -I/home/ktest/git/lustre-release/include/uapi -fPIC -D_GNU_SOURCE -I/usr/include/libnl3 -I ../../lnet/utils -D_LARGEFILE64_SOURCE=1 -D_FILE_OFFSET_BITS=64 -DLUSTRE_UTILS=1 -g -O2 -Wall -Werror -Wno-gnu -MT liblustreapi_la-liblustreapi_pool.lo -MD -MP -MF .deps/liblustreapi_la-liblustreapi_pool.Tpo -c liblustreapi_pool.c -o liblustreapi_la-liblustreapi_pool.o >/dev/null 2>&1
libtool: compile:  gcc10-gcc -DHAVE_CONFIG_H -I. -I../.. -include /home/ktest/git/lustre-release/config.h -I/home/ktest/git/lustre-release/include/uapi -include /tmp/cd9btqbYeq.h -I/home/ktest/git/lustre-release/lnet/utils/ -I/home/ktest/git/lustre-release/include -I/home/ktest/git/lustre-release/include/uapi -fPIC -D_GNU_SOURCE -I/usr/include/libnl3 -I ../../lnet/utils -D_LARGEFILE64_SOURCE=1 -D_FILE_OFFSET_BITS=64 -DLUSTRE_UTILS=1 -g -O2 -Wall -Werror -Wno-gnu -MT liblustreapi_la-liblustreapi_param.lo -MD -MP -MF .deps/liblustreapi_la-liblustreapi_param.Tpo -c liblustreapi_param.c -o liblustreapi_la-liblustreapi_param.o >/dev/null 2>&1
libtool: compile:  gcc10-gcc -DHAVE_CONFIG_H -I. -I../.. -include /home/ktest/git/lustre-release/config.h -I/home/ktest/git/lustre-release/include/uapi -include /tmp/cd9btqbYeq.h -I/home/ktest/git/lustre-release/lnet/utils/ -I/home/ktest/git/lustre-release/include -I/home/ktest/git/lustre-release/include/uapi -fPIC -D_GNU_SOURCE -I/usr/include/libnl3 -I ../../lnet/utils -D_LARGEFILE64_SOURCE=1 -D_FILE_OFFSET_BITS=64 -DLUSTRE_UTILS=1 -g -O2 -Wall -Werror -Wno-gnu -MT liblustreapi_la-liblustreapi_project.lo -MD -MP -MF .deps/liblustreapi_la-liblustreapi_project.Tpo -c liblustreapi_project.c -o liblustreapi_la-liblustreapi_project.o >/dev/null 2>&1
libtool: compile:  gcc10-gcc -DHAVE_CONFIG_H -I. -I../.. -include /home/ktest/git/lustre-release/config.h -I/home/ktest/git/lustre-release/include/uapi -include /tmp/cd9btqbYeq.h -I/home/ktest/git/lustre-release/lnet/utils/ -I/home/ktest/git/lustre-release/include -I/home/ktest/git/lustre-release/include/uapi -fPIC -D_GNU_SOURCE -I/usr/include/libnl3 -I ../../lnet/utils -D_LARGEFILE64_SOURCE=1 -D_FILE_OFFSET_BITS=64 -DLUSTRE_UTILS=1 -g -O2 -Wall -Werror -Wno-gnu -MT liblustreapi_la-liblustreapi_layout.lo -MD -MP -MF .deps/liblustreapi_la-liblustreapi_layout.Tpo -c liblustreapi_layout.c -o liblustreapi_la-liblustreapi_layout.o >/dev/null 2>&1
libtool: compile:  gcc10-gcc -DHAVE_CONFIG_H -I. -I../.. -include /home/ktest/git/lustre-release/config.h -I/home/ktest/git/lustre-release/include/uapi -include /tmp/cd9btqbYeq.h -I/home/ktest/git/lustre-release/lnet/utils/ -I/home/ktest/git/lustre-release/include -I/home/ktest/git/lustre-release/include/uapi -fPIC -D_GNU_SOURCE -I/usr/include/libnl3 -I ../../lnet/utils -D_LARGEFILE64_SOURCE=1 -D_FILE_OFFSET_BITS=64 -DLUSTRE_UTILS=1 -g -O2 -Wall -Werror -Wno-gnu -MT liblustreapi_la-liblustreapi_swap.lo -MD -MP -MF .deps/liblustreapi_la-liblustreapi_swap.Tpo -c liblustreapi_swap.c  -fPIC -DPIC -o .libs/liblustreapi_la-liblustreapi_swap.o
libtool: compile:  gcc10-gcc -DHAVE_CONFIG_H -I. -I../.. -include /home/ktest/git/lustre-release/config.h -I/home/ktest/git/lustre-release/include/uapi -include /tmp/cd9btqbYeq.h -I/home/ktest/git/lustre-release/lnet/utils/ -I/home/ktest/git/lustre-release/include -I/home/ktest/git/lustre-release/include/uapi -fPIC -D_GNU_SOURCE -I/usr/include/libnl3 -I ../../lnet/utils -D_LARGEFILE64_SOURCE=1 -D_FILE_OFFSET_BITS=64 -DLUSTRE_UTILS=1 -g -O2 -Wall -Werror -Wno-gnu -MT liblustreapi_la-liblustreapi_root.lo -MD -MP -MF .deps/liblustreapi_la-liblustreapi_root.Tpo -c liblustreapi_root.c -o liblustreapi_la-liblustreapi_root.o >/dev/null 2>&1
libtool: compile:  gcc10-gcc -DHAVE_CONFIG_H -I. -I../.. -include /home/ktest/git/lustre-release/config.h -I/home/ktest/git/lustre-release/include/uapi -include /tmp/cd9btqbYeq.h -I/home/ktest/git/lustre-release/lnet/utils/ -I/home/ktest/git/lustre-release/include -I/home/ktest/git/lustre-release/include/uapi -fPIC -D_GNU_SOURCE -I/usr/include/libnl3 -I ../../lnet/utils -D_LARGEFILE64_SOURCE=1 -D_FILE_OFFSET_BITS=64 -DLUSTRE_UTILS=1 -g -O2 -Wall -Werror -Wno-gnu -MT liblustreapi_la-liblustreapi_pcc.lo -MD -MP -MF .deps/liblustreapi_la-liblustreapi_pcc.Tpo -c liblustreapi_pcc.c -o liblustreapi_la-liblustreapi_pcc.o >/dev/null 2>&1
libtool: compile:  gcc10-gcc -DHAVE_CONFIG_H -I. -I../.. -include /home/ktest/git/lustre-release/config.h -I/home/ktest/git/lustre-release/include/uapi -include /tmp/cd9btqbYeq.h -I/home/ktest/git/lustre-release/lnet/utils/ -I/home/ktest/git/lustre-release/include -I/home/ktest/git/lustre-release/include/uapi -fPIC -D_GNU_SOURCE -I/usr/include/libnl3 -I ../../lnet/utils -D_LARGEFILE64_SOURCE=1 -D_FILE_OFFSET_BITS=64 -DLUSTRE_UTILS=1 -g -O2 -Wall -Werror -Wno-gnu -MT liblustreapi_la-liblustreapi_util.lo -MD -MP -MF .deps/liblustreapi_la-liblustreapi_util.Tpo -c liblustreapi_util.c  -fPIC -DPIC -o .libs/liblustreapi_la-liblustreapi_util.o
libtool: compile:  gcc10-gcc -DHAVE_CONFIG_H -I. -I../.. -include /home/ktest/git/lustre-release/config.h -I/home/ktest/git/lustre-release/include/uapi -include /tmp/cd9btqbYeq.h -I/home/ktest/git/lustre-release/lnet/utils/ -I/home/ktest/git/lustre-release/include -I/home/ktest/git/lustre-release/include/uapi -fPIC -D_GNU_SOURCE -I/usr/include/libnl3 -I ../../lnet/utils -D_LARGEFILE64_SOURCE=1 -D_FILE_OFFSET_BITS=64 -DLUSTRE_UTILS=1 -g -O2 -Wall -Werror -Wno-gnu -MT liblustreapi_la-liblustreapi_swap.lo -MD -MP -MF .deps/liblustreapi_la-liblustreapi_swap.Tpo -c liblustreapi_swap.c -o liblustreapi_la-liblustreapi_swap.o >/dev/null 2>&1
libtool: compile:  gcc10-gcc -DHAVE_CONFIG_H -I. -I../.. -include /home/ktest/git/lustre-release/config.h -I/home/ktest/git/lustre-release/include/uapi -include /tmp/cd9btqbYeq.h -I/home/ktest/git/lustre-release/lnet/utils/ -I/home/ktest/git/lustre-release/include -I/home/ktest/git/lustre-release/include/uapi -fPIC -D_GNU_SOURCE -I/usr/include/libnl3 -I ../../lnet/utils -D_LARGEFILE64_SOURCE=1 -D_FILE_OFFSET_BITS=64 -DLUSTRE_UTILS=1 -g -O2 -Wall -Werror -Wno-gnu -MT liblustreapi_la-liblustreapi_pfind.lo -MD -MP -MF .deps/liblustreapi_la-liblustreapi_pfind.Tpo -c liblustreapi_pfind.c -o liblustreapi_la-liblustreapi_pfind.o >/dev/null 2>&1
libtool: compile:  gcc10-gcc -DHAVE_CONFIG_H -I. -I../.. -include /home/ktest/git/lustre-release/config.h -I/home/ktest/git/lustre-release/include/uapi -include /tmp/cd9btqbYeq.h -I/home/ktest/git/lustre-release/lnet/utils/ -I/home/ktest/git/lustre-release/include -I/home/ktest/git/lustre-release/include/uapi -fPIC -D_GNU_SOURCE -I/usr/include/libnl3 -I ../../lnet/utils -D_LARGEFILE64_SOURCE=1 -D_FILE_OFFSET_BITS=64 -DLUSTRE_UTILS=1 -g -O2 -Wall -Werror -Wno-gnu -MT liblustreapi_la-liblustreapi_util.lo -MD -MP -MF .deps/liblustreapi_la-liblustreapi_util.Tpo -c liblustreapi_util.c -o liblustreapi_la-liblustreapi_util.o >/dev/null 2>&1
make[6]: *** [/home/ktest/git/lustre-release/lustre/llite] Error 2
make[6]: *** Waiting for unfinished jobs....
libtool: compile:  gcc10-gcc -DHAVE_CONFIG_H -I. -I../.. -include /home/ktest/git/lustre-release/config.h -I/home/ktest/git/lustre-release/include/uapi -include /tmp/cd9btqbYeq.h -I/home/ktest/git/lustre-release/lnet/utils/ -I/home/ktest/git/lustre-release/include -I/home/ktest/git/lustre-release/include/uapi -fPIC -D_GNU_SOURCE -I/usr/include/libnl3 -I ../../lnet/utils -D_LARGEFILE64_SOURCE=1 -D_FILE_OFFSET_BITS=64 -DLUSTRE_UTILS=1 -g -O2 -Wall -Werror -Wno-gnu -MT erasurecode/liblustreapi_la-ec_base.lo -MD -MP -MF erasurecode/.deps/liblustreapi_la-ec_base.Tpo -c erasurecode/ec_base.c  -fPIC -DPIC -o erasurecode/.libs/liblustreapi_la-ec_base.o
libtool: compile:  gcc10-gcc -DHAVE_CONFIG_H -I. -I../.. -include /home/ktest/git/lustre-release/config.h -I/home/ktest/git/lustre-release/include/uapi -include /tmp/cd9btqbYeq.h -I/home/ktest/git/lustre-release/lnet/utils/ -I/home/ktest/git/lustre-release/include -I/home/ktest/git/lustre-release/include/uapi -fPIC -D_GNU_SOURCE -I/usr/include/libnl3 -I ../../lnet/utils -D_LARGEFILE64_SOURCE=1 -D_FILE_OFFSET_BITS=64 -DLUSTRE_UTILS=1 -g -O2 -Wall -Werror -Wno-gnu -MT erasurecode/liblustreapi_la-ec_base_aliases.lo -MD -MP -MF erasurecode/.deps/liblustreapi_la-ec_base_aliases.Tpo -c erasurecode/ec_base_aliases.c  -fPIC -DPIC -o erasurecode/.libs/liblustreapi_la-ec_base_aliases.o
libtool: compile:  gcc10-gcc -DHAVE_CONFIG_H -I. -I../.. -include /home/ktest/git/lustre-release/config.h -I/home/ktest/git/lustre-release/include/uapi -include /tmp/cd9btqbYeq.h -I/home/ktest/git/lustre-release/lnet/utils/ -I/home/ktest/git/lustre-release/include -I/home/ktest/git/lustre-release/include/uapi -fPIC -D_GNU_SOURCE -I/usr/include/libnl3 -I ../../lnet/utils -D_LARGEFILE64_SOURCE=1 -D_FILE_OFFSET_BITS=64 -DLUSTRE_UTILS=1 -g -O2 -Wall -Werror -Wno-gnu -MT erasurecode/liblustreapi_la-ec_base_aliases.lo -MD -MP -MF erasurecode/.deps/liblustreapi_la-ec_base_aliases.Tpo -c erasurecode/ec_base_aliases.c -o erasurecode/liblustreapi_la-ec_base_aliases.o >/dev/null 2>&1
libtool: link: gcc10-gcc -fPIC -D_GNU_SOURCE -D_LARGEFILE64_SOURCE=1 -D_FILE_OFFSET_BITS=64 -DLUSTRE_UTILS=1 -g -O2 -Wall -Werror -Wno-gnu -o ll_decode_linkea ll_decode_linkea.o  -lkeyutils
libtool: link: gcc10-gcc -fPIC -D_GNU_SOURCE -D_LARGEFILE64_SOURCE=1 -D_FILE_OFFSET_BITS=64 -DLUSTRE_UTILS=1 -g -O2 -Wall -Werror -Wno-gnu -o llverdev llverdev.o  -lkeyutils
libtool: link: gcc10-gcc -fPIC -D_GNU_SOURCE -D_LARGEFILE64_SOURCE=1 -D_FILE_OFFSET_BITS=64 -DLUSTRE_UTILS=1 -g -O2 -Wall -Werror -Wno-gnu -o l_getidentity l_getidentity.o  -ldl ../../lib/libcfs/.libs/libcfs.a -lkeyutils
libtool: link: gcc10-gcc -fPIC -D_GNU_SOURCE -D_LARGEFILE64_SOURCE=1 -D_FILE_OFFSET_BITS=64 -DLUSTRE_UTILS=1 -g -O2 -Wall -Werror -Wno-gnu -o llverfs llverfs.o  -lkeyutils
libtool: compile:  gcc10-gcc -DHAVE_CONFIG_H -I. -I../.. -include /home/ktest/git/lustre-release/config.h -I/home/ktest/git/lustre-release/include/uapi -include /tmp/cd9btqbYeq.h -I/home/ktest/git/lustre-release/lnet/utils/ -I/home/ktest/git/lustre-release/include -I/home/ktest/git/lustre-release/include/uapi -fPIC -D_GNU_SOURCE -I/usr/include/libnl3 -I ../../lnet/utils -D_LARGEFILE64_SOURCE=1 -D_FILE_OFFSET_BITS=64 -DLUSTRE_UTILS=1 -g -O2 -Wall -Werror -Wno-gnu -MT erasurecode/liblustreapi_la-ec_base.lo -MD -MP -MF erasurecode/.deps/liblustreapi_la-ec_base.Tpo -c erasurecode/ec_base.c -o erasurecode/liblustreapi_la-ec_base.o >/dev/null 2>&1
libtool: link: gcc10-gcc -fPIC -D_GNU_SOURCE -D_LARGEFILE64_SOURCE=1 -D_FILE_OFFSET_BITS=64 -DLUSTRE_UTILS=1 -g -O2 -Wall -Werror -Wno-gnu -o l_foreign_symlink l_foreign_symlink.o  ../../lib/libcfs/.libs/libcfs.a -lkeyutils
libtool: link: gcc10-gcc -fPIC -D_GNU_SOURCE -D_LARGEFILE64_SOURCE=1 -D_FILE_OFFSET_BITS=64 -DLUSTRE_UTILS=1 -g -O2 -Wall -Werror -Wno-gnu -o wiretest wiretest-wiretest.o  -lkeyutils
libtool: link: gcc10-gcc -shared  -fPIC -DPIC  .libs/liblustreapi_la-libhsm_scanner.o .libs/liblustreapi_la-liblustreapi.o .libs/liblustreapi_la-liblustreapi_chlg.o .libs/liblustreapi_la-liblustreapi_fid.o .libs/liblustreapi_la-liblustreapi_heat.o .libs/liblustreapi_la-liblustreapi_hsm.o .libs/liblustreapi_la-liblustreapi_ioctl.o .libs/liblustreapi_la-liblustreapi_json.o .libs/liblustreapi_la-liblustreapi_kernelconn.o .libs/liblustreapi_la-liblustreapi_ladvise.o .libs/liblustreapi_la-liblustreapi_layout.o .libs/liblustreapi_la-liblustreapi_lease.o .libs/liblustreapi_la-liblustreapi_lseek.o .libs/liblustreapi_la-liblustreapi_mirror.o .libs/liblustreapi_la-liblustreapi_nodemap.o .libs/liblustreapi_la-liblustreapi_param.o .libs/liblustreapi_la-liblustreapi_pcc.o .libs/liblustreapi_la-liblustreapi_pool.o .libs/liblustreapi_la-liblustreapi_pfind.o .libs/liblustreapi_la-liblustreapi_project.o .libs/liblustreapi_la-liblustreapi_root.o .libs/liblustreapi_la-liblustreapi_swap.o .libs/liblustreapi_la-liblustreapi_util.o erasurecode/.libs/liblustreapi_la-ec_base.o erasurecode/.libs/liblustreapi_la-ec_base_aliases.o  -Wl,--whole-archive ../../lib/libcfs/.libs/libcfs.a -Wl,--no-whole-archive  -Wl,-rpath -Wl,/home/ktest/git/lustre-release/lnet/utils/lnetconfig/.libs ../../lnet/utils/lnetconfig/.libs/liblnetconfig.so -L../../../lib/libcfs -lyaml -lm -lnl-genl-3 -lnl-3 -lpthread -lkeyutils  -O2 -Wl,--version-script=liblustreapi.map   -Wl,-soname -Wl,liblustreapi.so.1 -o .libs/liblustreapi.so.1.0.0
libtool: link: (cd ".libs" && rm -f "liblustreapi.so.1" && ln -s "liblustreapi.so.1.0.0" "liblustreapi.so.1")
libtool: link: (cd ".libs" && rm -f "liblustreapi.so" && ln -s "liblustreapi.so.1.0.0" "liblustreapi.so")
libtool: link: (cd .libs/liblustreapi.lax/libcfs.a && ar x "/home/ktest/git/lustre-release/lustre/utils/../../lib/libcfs/.libs/libcfs.a")
libtool: link: ar cru .libs/liblustreapi.a  liblustreapi_la-libhsm_scanner.o liblustreapi_la-liblustreapi.o liblustreapi_la-liblustreapi_chlg.o liblustreapi_la-liblustreapi_fid.o liblustreapi_la-liblustreapi_heat.o liblustreapi_la-liblustreapi_hsm.o liblustreapi_la-liblustreapi_ioctl.o liblustreapi_la-liblustreapi_json.o liblustreapi_la-liblustreapi_kernelconn.o liblustreapi_la-liblustreapi_ladvise.o liblustreapi_la-liblustreapi_layout.o liblustreapi_la-liblustreapi_lease.o liblustreapi_la-liblustreapi_lseek.o liblustreapi_la-liblustreapi_mirror.o liblustreapi_la-liblustreapi_nodemap.o liblustreapi_la-liblustreapi_param.o liblustreapi_la-liblustreapi_pcc.o liblustreapi_la-liblustreapi_pool.o liblustreapi_la-liblustreapi_pfind.o liblustreapi_la-liblustreapi_project.o liblustreapi_la-liblustreapi_root.o liblustreapi_la-liblustreapi_swap.o liblustreapi_la-liblustreapi_util.o erasurecode/liblustreapi_la-ec_base.o erasurecode/liblustreapi_la-ec_base_aliases.o  .libs/liblustreapi.lax/libcfs.a/libcfs_la-l_ioctl.o .libs/liblustreapi.lax/libcfs.a/libcfs_la-nidstrings.o .libs/liblustreapi.lax/libcfs.a/libcfs_la-param.o .libs/liblustreapi.lax/libcfs.a/libcfs_la-parser.o .libs/liblustreapi.lax/libcfs.a/libcfs_la-string.o 
libtool: link: ranlib .libs/liblustreapi.a
libtool: link: rm -fr .libs/liblustreapi.lax
libtool: link: ( cd ".libs" && rm -f "liblustreapi.la" && ln -s "../liblustreapi.la" "liblustreapi.la" )
libtool: link: gcc10-gcc -fPIC -D_GNU_SOURCE -D_LARGEFILE64_SOURCE=1 -D_FILE_OFFSET_BITS=64 -DLUSTRE_UTILS=1 -g -O2 -Wall -Werror -Wno-gnu -o .libs/lustre_rsync lustre_rsync.o callvpe.o  ./.libs/liblustreapi.so -L../../../lib/libcfs /home/ktest/git/lustre-release/lnet/utils/lnetconfig/.libs/liblnetconfig.so -lyaml -lm -lnl-genl-3 -lnl-3 -lpthread -lkeyutils
libtool: link: gcc10-gcc -fPIC -D_GNU_SOURCE -D_LARGEFILE64_SOURCE=1 -D_FILE_OFFSET_BITS=64 -DLUSTRE_UTILS=1 -g -O2 -Wall -Werror -Wno-gnu -o .libs/llsom_sync llsom_sync.o  ./.libs/liblustreapi.so -L../../../lib/libcfs /home/ktest/git/lustre-release/lnet/utils/lnetconfig/.libs/liblnetconfig.so -lyaml -lm -lnl-genl-3 -lnl-3 -lpthread -lkeyutils
libtool: link: gcc10-gcc -fPIC -D_GNU_SOURCE -D_LARGEFILE64_SOURCE=1 -D_FILE_OFFSET_BITS=64 -DLUSTRE_UTILS=1 -g -O2 -Wall -Werror -Wno-gnu -o .libs/lhsmtool_posix lhsmtool_posix.o pid_file.o  ./.libs/liblustreapi.so -L../../../lib/libcfs /home/ktest/git/lustre-release/lnet/utils/lnetconfig/.libs/liblnetconfig.so -lpthread ../../lnet/utils/lnetconfig/.libs/liblnetconfig.so -lyaml -lm -lnl-genl-3 -lnl-3 -lkeyutils
libtool: link: gcc10-gcc -fPIC -D_GNU_SOURCE -D_LARGEFILE64_SOURCE=1 -D_FILE_OFFSET_BITS=64 -DLUSTRE_UTILS=1 -g -O2 -Wall -Werror -Wno-gnu -o .libs/l_getsepol l_getsepol.o  ./.libs/liblustreapi.so -L../../../lib/libcfs /home/ktest/git/lustre-release/lnet/utils/lnetconfig/.libs/liblnetconfig.so -lyaml -lm -lnl-genl-3 -lnl-3 -lpthread -lcrypto -lselinux -lkeyutils
libtool: link: gcc10-gcc -fPIC -D_GNU_SOURCE -D_LARGEFILE64_SOURCE=1 -D_FILE_OFFSET_BITS=64 -DLUSTRE_UTILS=1 -g -O2 -Wall -Werror -Wno-gnu -rdynamic -o .libs/mount.lustre mount_lustre-mount_lustre.o mount_lustre-mount_utils.o gss/mount_lustre-err_util.o gss/mount_lustre-sk_utils.o mount_lustre-lustre_param.o  -lselinux -lmount -lcrypto -lssl ../../lib/libcfs/.libs/libcfs.a -ldl ./.libs/liblustreapi.so -L../../../lib/libcfs /home/ktest/git/lustre-release/lnet/utils/lnetconfig/.libs/liblnetconfig.so -lyaml -lm -lnl-genl-3 -lnl-3 -lpthread -lkeyutils
libtool: link: gcc10-gcc -fPIC -D_GNU_SOURCE -D_LARGEFILE64_SOURCE=1 -D_FILE_OFFSET_BITS=64 -DLUSTRE_UTILS=1 -I/usr/include/libnl3 -I ../../lnet/utils -g -O2 -Wall -Werror -Wno-gnu -o .libs/lctl lctl-lctl.o lctl-debug.o lctl-lustre_cfg.o lctl-lustre_param.o lctl-lctl_thread.o lctl-obd.o lctl-portals.o  ./.libs/liblustreapi.so -L../../../lib/libcfs /home/ktest/git/lustre-release/lnet/utils/lnetconfig/.libs/liblnetconfig.so -lpthread ../../lnet/utils/lnetconfig/.libs/liblnetconfig.so -lyaml -lm -lnl-genl-3 -lnl-3 -lkeyutils
libtool: link: gcc10-gcc -fPIC -D_GNU_SOURCE -D_LARGEFILE64_SOURCE=1 -D_FILE_OFFSET_BITS=64 -DLUSTRE_UTILS=1 -g -O2 -Wall -Werror -Wno-gnu -o wirecheck wirecheck-wirecheck.o  -lkeyutils
make[5]: *** [/home/ktest/git/lustre-release/lustre] Error 2
make[4]: *** [/home/ktest/git/lustre-release] Error 2
make[3]: *** [modules] Error 2
make[2]: *** [__sub-make] Error 2
make[1]: *** [modules] Error 2
make: *** [__modules] Error 2
make: *** Waiting for unfinished jobs....
libtool: link: gcc10-gcc -fPIC -fPIC -D_GNU_SOURCE -D_LARGEFILE64_SOURCE=1 -D_FILE_OFFSET_BITS=64 -DLUSTRE_UTILS=1 -I ../../lnet/utils -g -O2 -Wall -Werror -Wno-gnu -o .libs/lfs lfs-lfs.o lfs-lfs_project.o lfs-callvpe.o  ./.libs/liblustreapi.so -L../../../lib/libcfs /home/ktest/git/lustre-release/lnet/utils/lnetconfig/.libs/liblnetconfig.so -lpthread -lz ../../lnet/utils/lnetconfig/.libs/liblnetconfig.so -lyaml -lm -lnl-genl-3 -lnl-3 -lkeyutils
Making all in erasurecode
Making all in gss
libtool: link: gcc10-gcc -fPIC -D_LARGEFILE64_SOURCE=1 -D_FILE_OFFSET_BITS=64 -DLUSTRE_UTILS=1 -D_GNU_SOURCE -g -O2 -Wall -Werror -Wno-gnu -D _NEW_BUILD_ -g -O2 -Wall -Werror -Wno-gnu -o .libs/l_getauth l_getauth-l_getauth.o l_getauth-lsupport.o l_getauth-err_util.o l_getauth-lgss_utils.o l_getauth-lgss_krb5_utils.o l_getauth-lgss_null_utils.o l_getauth-sk_utils.o l_getauth-lgss_sk_utils.o  ../../../lustre/utils/.libs/liblustreapi.so -L../../../lib/libcfs /home/ktest/git/lustre-release/lnet/utils/lnetconfig/.libs/liblnetconfig.so -lyaml -lnl-genl-3 -lnl-3 -lpthread -lgssapi_krb5 -lkrb5 -lk5crypto -lcom_err -lm -lcrypto -lssl -lkeyutils
libtool: link: gcc10-gcc -fPIC -D_LARGEFILE64_SOURCE=1 -D_FILE_OFFSET_BITS=64 -DLUSTRE_UTILS=1 -D_GNU_SOURCE -g -O2 -Wall -Werror -Wno-gnu -g -O2 -Wall -Werror -Wno-gnu -o .libs/lgss_sk lgss_sk-lgss_sk.o lgss_sk-err_util.o lgss_sk-sk_utils.o  ../../../lustre/utils/.libs/liblustreapi.so -L../../../lib/libcfs /home/ktest/git/lustre-release/lnet/utils/lnetconfig/.libs/liblnetconfig.so -lyaml -lnl-genl-3 -lnl-3 -lpthread -lgssapi_krb5 -lkrb5 -lk5crypto -lcom_err -lcrypto -lssl -lm -lkeyutils
libtool: link: gcc10-gcc -fPIC -D_LARGEFILE64_SOURCE=1 -D_FILE_OFFSET_BITS=64 -DLUSTRE_UTILS=1 -D_GNU_SOURCE -g -O2 -Wall -Werror -Wno-gnu -D _NEW_BUILD_ -g -O2 -Wall -Werror -Wno-gnu -o .libs/lgss_keyring lgss_keyring-lgss_keyring.o lgss_keyring-context.o lgss_keyring-context_lucid.o lgss_keyring-lgss_krb5_utils.o lgss_keyring-lgss_null_utils.o lgss_keyring-lgss_utils.o lgss_keyring-lsupport.o lgss_keyring-err_util.o lgss_keyring-sk_utils.o lgss_keyring-lgss_sk_utils.o  ../../../lustre/utils/.libs/liblustreapi.so -L../../../lib/libcfs /home/ktest/git/lustre-release/lnet/utils/lnetconfig/.libs/liblnetconfig.so -lyaml -lnl-genl-3 -lnl-3 -lpthread -lgssapi_krb5 -lkrb5 -lk5crypto -lcom_err -lm -lcrypto -lssl -lkeyutils
libtool: link: gcc10-gcc -fPIC -D_LARGEFILE64_SOURCE=1 -D_FILE_OFFSET_BITS=64 -DLUSTRE_UTILS=1 -D_GNU_SOURCE -g -O2 -Wall -Werror -Wno-gnu -g -O2 -Wall -Werror -Wno-gnu -o .libs/lsvcgssd lsvcgssd-context.o lsvcgssd-context_lucid.o lsvcgssd-context_spkm3.o lsvcgssd-gss_util.o lsvcgssd-gss_oids.o lsvcgssd-err_util.o lsvcgssd-lsupport.o lsvcgssd-sk_utils.o lsvcgssd-cacheio.o lsvcgssd-svcgssd.o lsvcgssd-svcgssd_main_loop.o lsvcgssd-svcgssd_mech2file.o lsvcgssd-svcgssd_proc.o  ../../../lustre/utils/.libs/liblustreapi.so -L../../../lib/libcfs /home/ktest/git/lustre-release/lnet/utils/lnetconfig/.libs/liblnetconfig.so -lyaml -lnl-genl-3 -lnl-3 -lpthread -lgssapi_krb5 -lkrb5 -lk5crypto -lcom_err -lm -lcrypto -lssl -lkeyutils
