CLI: ./podman-ktest --podman-socket unix:///run/podman/podman.sock --shared-filesystem /tmp --tarball-input job lustre-ci --output /var/www/ci-lustre/upstream-patch-review --git-hash eb0c34e6b1a13a939dba40d867a061a95c2375f0 --change-id 66648_eb0c34e6b1a13a939dba40d867a061a95c2375f0 --subject LU-18687 build: move kernel checks to python3

  Checking /dev/kvm exists... OK
  Checking /dev/kvm permissions... OK
  Creating ccache directory... OK
  Checking ccache directory writable... OK
  Creating package output directory... OK

Environment validated successfully
Creating kernel tarball at /tmp/ktest-kernel.tar.gz...
Creating lustre tarball at /tmp/ktest-lustre.tar.gz...
Creating ZFS tarball at /tmp/ktest-zfs.tar.gz...
Executing 13 jobs
Jobs will start as soon as their dependencies are satisfied
Using tarball input mode

START checkpatch tool checkpatch
START al2023 build tests/fs/lustre/boot.ktest
START lustre_mainline_strict build tests/fs/lustre/boot-strict.ktest
START u24 build tests/fs/lustre/boot.ktest
START lustre_mainline_native build tests/fs/lustre/boot.ktest
START lustre_mainline build tests/fs/lustre/boot.ktest
PUT /tmp/ktest-lustre.tar.gz 1s
PUT /tmp/ktest-lustre.tar.gz 1s
PUT /tmp/ktest-kernel.tar.gz 14s
PUT /tmp/ktest-kernel.tar.gz 14s
PUT /tmp/ktest-kernel.tar.gz 14s
PUT /tmp/ktest-kernel.tar.gz 15s
PUT /tmp/ktest-lustre.tar.gz 1s
PUT /tmp/ktest-lustre.tar.gz 2s
PUT /tmp/ktest-lustre.tar.gz 1s
PUT /tmp/ktest-lustre.tar.gz 1s
PUT /tmp/ktest-zfs.tar.gz 0s
PUT /tmp/ktest-zfs.tar.gz 0s
PUT /tmp/ktest-zfs.tar.gz 0s
END checkpatch tool checkpatch FAIL 19s (exit code: 1)
END al2023 build tests/fs/lustre/boot.ktest PASS 60s
END u24 build tests/fs/lustre/boot.ktest PASS 60s
GET /tmp/ktest_lustre_mainline_e3xxu2md.tar 0s
GET /tmp/ktest_lustre_mainline_native_d43per5o.tar 0s
END lustre_mainline build tests/fs/lustre/boot.ktest PASS 184s
GET /tmp/ktest_lustre_mainline_strict_1079vb5u.tar 5s
END lustre_mainline_native build tests/fs/lustre/boot.ktest PASS 185s
START boot run tests/fs/lustre/boot.ktest
START llmount run tests/fs/lustre/llmount.ktest
START mgs-setup run tests/fs/lustre/mgs-setup.ktest
START sanity-1 run tests/fs/lustre/sanity/sanity-1.ktest
START sanity-2 run tests/fs/lustre/sanity/sanity-2.ktest
START sanity-3 run tests/fs/lustre/sanity/sanity-3.ktest
START sanity-4 run tests/fs/lustre/sanity/sanity-4.ktest
END lustre_mainline_strict build tests/fs/lustre/boot-strict.ktest FAIL 187s (exit code: 1)
PUT /tmp/ktest-kernel.tar.gz 51s
PUT /tmp/ktest-kernel.tar.gz 50s
PUT /tmp/ktest-kernel.tar.gz 50s
PUT /tmp/ktest-kernel.tar.gz 51s
PUT /tmp/ktest-kernel.tar.gz 50s
PUT /tmp/ktest-kernel.tar.gz 51s
PUT /tmp/ktest-kernel.tar.gz 51s
PUT /tmp/ktest-lustre.tar.gz 10s
PUT /tmp/ktest-lustre.tar.gz 9s
PUT /tmp/ktest-lustre.tar.gz 10s
PUT /tmp/ktest-lustre.tar.gz 10s
PUT /tmp/ktest-lustre.tar.gz 9s
PUT /tmp/ktest-lustre.tar.gz 10s
PUT /tmp/ktest-lustre.tar.gz 10s
PUT /tmp/ktest_lustre_mainline_native_d43per5o.tar 1s
PUT /tmp/ktest_lustre_mainline_native_d43per5o.tar 1s
PUT /tmp/ktest_lustre_mainline_native_d43per5o.tar 1s
PUT /tmp/ktest_lustre_mainline_native_d43per5o.tar 1s
PUT /tmp/ktest_lustre_mainline_native_d43per5o.tar 1s
PUT /tmp/ktest_lustre_mainline_native_d43per5o.tar 1s
PUT /tmp/ktest_lustre_mainline_native_d43per5o.tar 1s
END boot run tests/fs/lustre/boot.ktest PASS 71s
END mgs-setup run tests/fs/lustre/mgs-setup.ktest PASS 81s
END llmount run tests/fs/lustre/llmount.ktest PASS 132s
END sanity-4 run tests/fs/lustre/sanity/sanity-4.ktest PASS 137s
END sanity-1 run tests/fs/lustre/sanity/sanity-1.ktest PASS 138s
END sanity-2 run tests/fs/lustre/sanity/sanity-2.ktest PASS 140s
END sanity-3 run tests/fs/lustre/sanity/sanity-3.ktest PASS 141s

============================================================
Final Results:
  checkpatch: FAIL (19s) (log: /var/www/ci-lustre/upstream-patch-review/eb0c34e6b1a13a939dba40d867a061a95c2375f0_checkpatch.log)
  u24: PASS (60s) (log: /var/www/ci-lustre/upstream-patch-review/eb0c34e6b1a13a939dba40d867a061a95c2375f0_u24.log)
  al2023: PASS (60s) (log: /var/www/ci-lustre/upstream-patch-review/eb0c34e6b1a13a939dba40d867a061a95c2375f0_al2023.log)
  lustre_mainline_strict: FAIL (187s) (log: /var/www/ci-lustre/upstream-patch-review/eb0c34e6b1a13a939dba40d867a061a95c2375f0_lustre_mainline_strict.log)
  lustre_mainline: PASS (184s) (log: /var/www/ci-lustre/upstream-patch-review/eb0c34e6b1a13a939dba40d867a061a95c2375f0_lustre_mainline.log)
  lustre_mainline_native: PASS (185s) (log: /var/www/ci-lustre/upstream-patch-review/eb0c34e6b1a13a939dba40d867a061a95c2375f0_lustre_mainline_native.log)
  boot: PASS (71s) (log: /var/www/ci-lustre/upstream-patch-review/eb0c34e6b1a13a939dba40d867a061a95c2375f0_boot.log)
  llmount: PASS (132s) (log: /var/www/ci-lustre/upstream-patch-review/eb0c34e6b1a13a939dba40d867a061a95c2375f0_llmount.log)
  mgs-setup: PASS (81s) (log: /var/www/ci-lustre/upstream-patch-review/eb0c34e6b1a13a939dba40d867a061a95c2375f0_mgs-setup.log)
  sanity-1: PASS (138s) (log: /var/www/ci-lustre/upstream-patch-review/eb0c34e6b1a13a939dba40d867a061a95c2375f0_sanity-1.log)
  sanity-2: PASS (140s) (log: /var/www/ci-lustre/upstream-patch-review/eb0c34e6b1a13a939dba40d867a061a95c2375f0_sanity-2.log)
  sanity-3: PASS (141s) (log: /var/www/ci-lustre/upstream-patch-review/eb0c34e6b1a13a939dba40d867a061a95c2375f0_sanity-3.log)
  sanity-4: PASS (137s) (log: /var/www/ci-lustre/upstream-patch-review/eb0c34e6b1a13a939dba40d867a061a95c2375f0_sanity-4.log)

Total execution time: 354s
