CLI: ./podman-ktest --podman-socket unix:///run/podman/podman.sock --shared-filesystem /tmp --tarball-input job lustre-ci --output /var/www/ci-lustre/upstream-patch-review --git-hash ecdd051ae65b6c7694c7a323cc3db1d13399c40b --change-id 58458_ecdd051ae65b6c7694c7a323cc3db1d13399c40b --subject LU-17916 osd: prefer folio of order 0

Environment validated successfully
Note: custom LLVM is not synced in tarball input mode
Creating kernel tarball at /tmp/ktest-kernel.tar.gz...
Creating lustre tarball at /tmp/ktest-lustre.tar.gz...
Creating ZFS tarball at /tmp/ktest-zfs.tar.gz...
Executing 14 jobs
Jobs will start as soon as their dependencies are satisfied
Using tarball input mode

START ml-strict:lustre_mainline build tests/fs/lustre/boot-strict.ktest
START u24:u24 build tests/fs/lustre/boot.ktest
START ml:lustre_mainline build tests/fs/lustre/boot.ktest
START ml-miscvm:lustre_mainline_native build tests/fs/lustre/boot.ktest
START al2023:al2023 build tests/fs/lustre/boot.ktest
START checkpatch:checkpatch tool checkpatch
PUT /tmp/ktest-lustre.tar.gz 1s
PUT /tmp/ktest-lustre.tar.gz 1s
PUT /tmp/ktest-kernel.tar.gz 7s
PUT /tmp/ktest-kernel.tar.gz 7s
PUT /tmp/ktest-kernel.tar.gz 7s
PUT /tmp/ktest-kernel.tar.gz 7s
PUT /tmp/ktest-lustre.tar.gz 2s
PUT /tmp/ktest-lustre.tar.gz 3s
PUT /tmp/ktest-lustre.tar.gz 2s
PUT /tmp/ktest-lustre.tar.gz 2s
PUT /tmp/ktest-zfs.tar.gz 0s
PUT /tmp/ktest-zfs.tar.gz 0s
PUT /tmp/ktest-zfs.tar.gz 0s
END checkpatch:checkpatch tool checkpatch FAIL 13s (exit code: 1)
END al2023:al2023 build tests/fs/lustre/boot.ktest PASS 54s
END u24:u24 build tests/fs/lustre/boot.ktest PASS 56s
GET /tmp/ktest_ml:lustre_mainline_8v968cnf.tar 0s
GET /tmp/ktest_ml-miscvm:lustre_mainline_native_qwxbcq5j.tar 0s
END ml:lustre_mainline build tests/fs/lustre/boot.ktest PASS 205s
END ml-miscvm:lustre_mainline_native build tests/fs/lustre/boot.ktest PASS 207s
START ml-miscvm:boot run tests/fs/lustre/boot.ktest
START ml-miscvm:llmount run tests/fs/lustre/llmount.ktest
START ml-miscvm:llog-unit run tests/fs/lustre/llog-unit.ktest
START ml-miscvm:mgs-setup run tests/fs/lustre/mgs-setup.ktest
START ml-miscvm:sanity-1 run tests/fs/lustre/sanity/sanity-1.ktest
START ml-miscvm:sanity-2 run tests/fs/lustre/sanity/sanity-2.ktest
START ml-miscvm:sanity-3 run tests/fs/lustre/sanity/sanity-3.ktest
START ml-miscvm:sanity-4 run tests/fs/lustre/sanity/sanity-4.ktest
GET /tmp/ktest_ml-strict:lustre_mainline_b6lmq05g.tar 9s
END ml-strict:lustre_mainline build tests/fs/lustre/boot-strict.ktest FAIL 216s (exit code: 1)
PUT /tmp/ktest-kernel.tar.gz 43s
PUT /tmp/ktest-kernel.tar.gz 43s
PUT /tmp/ktest-kernel.tar.gz 43s
PUT /tmp/ktest-kernel.tar.gz 44s
PUT /tmp/ktest-kernel.tar.gz 44s
PUT /tmp/ktest-kernel.tar.gz 43s
PUT /tmp/ktest-kernel.tar.gz 44s
PUT /tmp/ktest-kernel.tar.gz 43s
PUT /tmp/ktest-lustre.tar.gz 9s
PUT /tmp/ktest-lustre.tar.gz 8s
PUT /tmp/ktest-lustre.tar.gz 9s
PUT /tmp/ktest-lustre.tar.gz 9s
PUT /tmp/ktest-lustre.tar.gz 9s
PUT /tmp/ktest-lustre.tar.gz 8s
PUT /tmp/ktest-lustre.tar.gz 9s
PUT /tmp/ktest-lustre.tar.gz 8s
PUT /tmp/ktest_ml-miscvm:lustre_mainline_native_qwxbcq5j.tar 0s
PUT /tmp/ktest_ml-miscvm:lustre_mainline_native_qwxbcq5j.tar 1s
PUT /tmp/ktest_ml-miscvm:lustre_mainline_native_qwxbcq5j.tar 1s
PUT /tmp/ktest_ml-miscvm:lustre_mainline_native_qwxbcq5j.tar 1s
PUT /tmp/ktest_ml-miscvm:lustre_mainline_native_qwxbcq5j.tar 1s
PUT /tmp/ktest_ml-miscvm:lustre_mainline_native_qwxbcq5j.tar 1s
PUT /tmp/ktest_ml-miscvm:lustre_mainline_native_qwxbcq5j.tar 1s
PUT /tmp/ktest_ml-miscvm:lustre_mainline_native_qwxbcq5j.tar 1s
END ml-miscvm:boot run tests/fs/lustre/boot.ktest PASS 99s
END ml-miscvm:mgs-setup run tests/fs/lustre/mgs-setup.ktest PASS 110s
END ml-miscvm:sanity-2 run tests/fs/lustre/sanity/sanity-2.ktest PASS 133s
END ml-miscvm:sanity-1 run tests/fs/lustre/sanity/sanity-1.ktest PASS 140s
END ml-miscvm:sanity-4 run tests/fs/lustre/sanity/sanity-4.ktest PASS 141s
END ml-miscvm:sanity-3 run tests/fs/lustre/sanity/sanity-3.ktest PASS 142s
END ml-miscvm:llmount run tests/fs/lustre/llmount.ktest PASS 153s
END ml-miscvm:llog-unit run tests/fs/lustre/llog-unit.ktest FAIL 188s (exit code: 1)

============================================================
Final Results:
  checkpatch:checkpatch: FAIL (13s) (log: /var/www/ci-lustre/upstream-patch-review/ecdd051ae65b6c7694c7a323cc3db1d13399c40b_checkpatch:checkpatch.log)
  u24:u24: PASS (56s) (log: /var/www/ci-lustre/upstream-patch-review/ecdd051ae65b6c7694c7a323cc3db1d13399c40b_u24:u24.log)
  al2023:al2023: PASS (54s) (log: /var/www/ci-lustre/upstream-patch-review/ecdd051ae65b6c7694c7a323cc3db1d13399c40b_al2023:al2023.log)
  ml-strict:lustre_mainline: FAIL (216s) (log: /var/www/ci-lustre/upstream-patch-review/ecdd051ae65b6c7694c7a323cc3db1d13399c40b_ml-strict:lustre_mainline.log)
  ml:lustre_mainline: PASS (205s) (log: /var/www/ci-lustre/upstream-patch-review/ecdd051ae65b6c7694c7a323cc3db1d13399c40b_ml:lustre_mainline.log)
  ml-miscvm:lustre_mainline_native: PASS (207s) (log: /var/www/ci-lustre/upstream-patch-review/ecdd051ae65b6c7694c7a323cc3db1d13399c40b_ml-miscvm:lustre_mainline_native.log)
  ml-miscvm:boot: PASS (99s) (log: /var/www/ci-lustre/upstream-patch-review/ecdd051ae65b6c7694c7a323cc3db1d13399c40b_ml-miscvm:boot.log)
  ml-miscvm:llmount: PASS (153s) (log: /var/www/ci-lustre/upstream-patch-review/ecdd051ae65b6c7694c7a323cc3db1d13399c40b_ml-miscvm:llmount.log)
  ml-miscvm:llog-unit: FAIL (188s) (log: /var/www/ci-lustre/upstream-patch-review/ecdd051ae65b6c7694c7a323cc3db1d13399c40b_ml-miscvm:llog-unit.log)
  ml-miscvm:mgs-setup: PASS (110s) (log: /var/www/ci-lustre/upstream-patch-review/ecdd051ae65b6c7694c7a323cc3db1d13399c40b_ml-miscvm:mgs-setup.log)
  ml-miscvm:sanity-1: PASS (140s) (log: /var/www/ci-lustre/upstream-patch-review/ecdd051ae65b6c7694c7a323cc3db1d13399c40b_ml-miscvm:sanity-1.log)
  ml-miscvm:sanity-2: PASS (133s) (log: /var/www/ci-lustre/upstream-patch-review/ecdd051ae65b6c7694c7a323cc3db1d13399c40b_ml-miscvm:sanity-2.log)
  ml-miscvm:sanity-3: PASS (142s) (log: /var/www/ci-lustre/upstream-patch-review/ecdd051ae65b6c7694c7a323cc3db1d13399c40b_ml-miscvm:sanity-3.log)
  ml-miscvm:sanity-4: PASS (141s) (log: /var/www/ci-lustre/upstream-patch-review/ecdd051ae65b6c7694c7a323cc3db1d13399c40b_ml-miscvm:sanity-4.log)

Total execution time: 424s
