CLI: ./podman-ktest --podman-socket unix:///run/podman/podman.sock --shared-filesystem /tmp --tarball-input job lustre-ci --output /var/www/ci-lustre/upstream-patch-review --git-hash edde71ff9d1d9a86aeb48e12317f26c328287595 --change-id 36202_edde71ff9d1d9a86aeb48e12317f26c328287595 --subject LU-12514 tests: add testing for lustre_tgt type

  Checking /dev/kvm exists... OK
  Checking /dev/kvm permissions... OK
  Creating ccache directory... OK
  Checking ccache directory writable... OK

Environment validated successfully
Creating kernel tarball at /tmp/ktest-kernel.tar.gz...
Creating lustre tarball at /tmp/ktest-lustre.tar.gz...
Creating ZFS tarball at /tmp/ktest-zfs.tar.gz...
Executing 15 jobs
Jobs will start as soon as their dependencies are satisfied
Using tarball input mode

START checkpatch tool checkpatch
START al2023 build tests/fs/lustre/boot.ktest
START u24 build tests/fs/lustre/boot.ktest
START lustre_mainline_strict build tests/fs/lustre/boot-strict.ktest
START lustre_mainline build tests/fs/lustre/boot.ktest
START lustre_mainline_native build tests/fs/lustre/boot.ktest
PUT /tmp/ktest-lustre.tar.gz 1s
PUT /tmp/ktest-lustre.tar.gz 2s
PUT /tmp/ktest-kernel.tar.gz 7s
PUT /tmp/ktest-kernel.tar.gz 7s
PUT /tmp/ktest-kernel.tar.gz 8s
PUT /tmp/ktest-kernel.tar.gz 8s
PUT /tmp/ktest-lustre.tar.gz 5s
PUT /tmp/ktest-lustre.tar.gz 5s
PUT /tmp/ktest-lustre.tar.gz 5s
PUT /tmp/ktest-lustre.tar.gz 5s
PUT /tmp/ktest-zfs.tar.gz 0s
PUT /tmp/ktest-zfs.tar.gz 0s
PUT /tmp/ktest-zfs.tar.gz 0s
END checkpatch tool checkpatch PASS 15s
END al2023 build tests/fs/lustre/boot.ktest PASS 72s
END u24 build tests/fs/lustre/boot.ktest PASS 72s
GET /tmp/ktest_lustre_mainline_strict_fu_v27vz.tar 5s
GET /tmp/ktest_lustre_mainline_fx6zsas0.tar 13s
END lustre_mainline_strict build tests/fs/lustre/boot-strict.ktest FAIL 153s (exit code: 1)
END lustre_mainline build tests/fs/lustre/boot.ktest PASS 155s
GET /tmp/ktest_lustre_mainline_native_6l7x40zz.tar 22s
END lustre_mainline_native build tests/fs/lustre/boot.ktest PASS 163s
START clang-tidy tool clang-tidy
START cc-plugin tool cc-plugin
START boot run tests/fs/lustre/boot.ktest
START llmount run tests/fs/lustre/llmount.ktest
START mgs-setup run tests/fs/lustre/mgs-setup.ktest
START sanity-1 run tests/fs/lustre/sanity/sanity-1.ktest
START sanity-2 run tests/fs/lustre/sanity/sanity-2.ktest
START sanity-3 run tests/fs/lustre/sanity/sanity-3.ktest
START sanity-4 run tests/fs/lustre/sanity/sanity-4.ktest
PUT /tmp/ktest-kernel.tar.gz 27s
PUT /tmp/ktest_lustre_mainline_native_6l7x40zz.tar 49s
PUT /tmp/ktest_lustre_mainline_native_6l7x40zz.tar 48s
PUT /tmp/ktest-kernel.tar.gz 49s
PUT /tmp/ktest_lustre_mainline_native_6l7x40zz.tar 49s
PUT /tmp/ktest_lustre_mainline_native_6l7x40zz.tar 49s
PUT /tmp/ktest_lustre_mainline_native_6l7x40zz.tar 49s
PUT /tmp/ktest_lustre_mainline_native_6l7x40zz.tar 49s
PUT /tmp/ktest_lustre_mainline_native_6l7x40zz.tar 49s
PUT /tmp/ktest-lustre.tar.gz 59s
PUT /tmp/ktest-lustre.tar.gz 108s
PUT /tmp/ktest_lustre_mainline_native_6l7x40zz.tar 38s
PUT /tmp/ktest_lustre_mainline_native_6l7x40zz.tar 11s
END cc-plugin tool cc-plugin FAIL 150s (exit code: 127)
END boot run tests/fs/lustre/boot.ktest PASS 163s
END clang-tidy tool clang-tidy PASS 171s
END mgs-setup run tests/fs/lustre/mgs-setup.ktest PASS 174s
END sanity-1 run tests/fs/lustre/sanity/sanity-1.ktest PASS 186s
END sanity-4 run tests/fs/lustre/sanity/sanity-4.ktest PASS 194s
END sanity-3 run tests/fs/lustre/sanity/sanity-3.ktest PASS 203s
END sanity-2 run tests/fs/lustre/sanity/sanity-2.ktest PASS 203s
END llmount run tests/fs/lustre/llmount.ktest PASS 257s

============================================================
Final Results:
  checkpatch: PASS (15s) (log: /var/www/ci-lustre/upstream-patch-review/edde71ff9d1d9a86aeb48e12317f26c328287595_checkpatch.log)
  u24: PASS (72s) (log: /var/www/ci-lustre/upstream-patch-review/edde71ff9d1d9a86aeb48e12317f26c328287595_u24.log)
  al2023: PASS (72s) (log: /var/www/ci-lustre/upstream-patch-review/edde71ff9d1d9a86aeb48e12317f26c328287595_al2023.log)
  lustre_mainline_strict: FAIL (153s) (log: /var/www/ci-lustre/upstream-patch-review/edde71ff9d1d9a86aeb48e12317f26c328287595_lustre_mainline_strict.log)
  lustre_mainline: PASS (155s) (log: /var/www/ci-lustre/upstream-patch-review/edde71ff9d1d9a86aeb48e12317f26c328287595_lustre_mainline.log)
  lustre_mainline_native: PASS (163s) (log: /var/www/ci-lustre/upstream-patch-review/edde71ff9d1d9a86aeb48e12317f26c328287595_lustre_mainline_native.log)
  clang-tidy: PASS (171s) (log: /var/www/ci-lustre/upstream-patch-review/edde71ff9d1d9a86aeb48e12317f26c328287595_clang-tidy.log)
  cc-plugin: FAIL (150s) (log: /var/www/ci-lustre/upstream-patch-review/edde71ff9d1d9a86aeb48e12317f26c328287595_cc-plugin.log)
  boot: PASS (163s) (log: /var/www/ci-lustre/upstream-patch-review/edde71ff9d1d9a86aeb48e12317f26c328287595_boot.log)
  llmount: PASS (257s) (log: /var/www/ci-lustre/upstream-patch-review/edde71ff9d1d9a86aeb48e12317f26c328287595_llmount.log)
  mgs-setup: PASS (174s) (log: /var/www/ci-lustre/upstream-patch-review/edde71ff9d1d9a86aeb48e12317f26c328287595_mgs-setup.log)
  sanity-1: PASS (186s) (log: /var/www/ci-lustre/upstream-patch-review/edde71ff9d1d9a86aeb48e12317f26c328287595_sanity-1.log)
  sanity-2: PASS (203s) (log: /var/www/ci-lustre/upstream-patch-review/edde71ff9d1d9a86aeb48e12317f26c328287595_sanity-2.log)
  sanity-3: PASS (203s) (log: /var/www/ci-lustre/upstream-patch-review/edde71ff9d1d9a86aeb48e12317f26c328287595_sanity-3.log)
  sanity-4: PASS (194s) (log: /var/www/ci-lustre/upstream-patch-review/edde71ff9d1d9a86aeb48e12317f26c328287595_sanity-4.log)

Total execution time: 453s
