CLI: ./podman-ktest --podman-socket unix:///run/podman/podman.sock --shared-filesystem /tmp --tarball-input job lustre-ci --output /var/www/ci-lustre/upstream-patch-review --git-hash ede5aa3e6c119b94ab56108289edfb4aa468038a --change-id 67506_ede5aa3e6c119b94ab56108289edfb4aa468038a --subject LU-0000 tests: drop truncate on object drop

Environment validated successfully
Note: custom LLVM is not synced in tarball input mode
Creating kernel tarball at /tmp/ktest-kernel.tar.gz...
Creating lustre tarball at /tmp/ktest-lustre.tar.gz...
Creating ZFS tarball at /tmp/ktest-zfs.tar.gz...
Executing 14 jobs
Jobs will start as soon as their dependencies are satisfied
Using tarball input mode

START u24:u24 build tests/fs/lustre/boot.ktest
START checkpatch:checkpatch tool checkpatch
START al2023:al2023 build tests/fs/lustre/boot.ktest
START ml:lustre_mainline build tests/fs/lustre/boot.ktest
START ml-miscvm:lustre_mainline_native build tests/fs/lustre/boot.ktest
START ml-strict:lustre_mainline build tests/fs/lustre/boot-strict.ktest
PUT /tmp/ktest-lustre.tar.gz 1s
PUT /tmp/ktest-lustre.tar.gz 1s
PUT /tmp/ktest-kernel.tar.gz 14s
PUT /tmp/ktest-kernel.tar.gz 14s
PUT /tmp/ktest-kernel.tar.gz 14s
PUT /tmp/ktest-kernel.tar.gz 14s
PUT /tmp/ktest-lustre.tar.gz 2s
PUT /tmp/ktest-lustre.tar.gz 2s
PUT /tmp/ktest-lustre.tar.gz 1s
PUT /tmp/ktest-lustre.tar.gz 2s
PUT /tmp/ktest-zfs.tar.gz 0s
PUT /tmp/ktest-zfs.tar.gz 0s
PUT /tmp/ktest-zfs.tar.gz 0s
END checkpatch:checkpatch tool checkpatch PASS 19s
END al2023:al2023 build tests/fs/lustre/boot.ktest PASS 60s
END u24:u24 build tests/fs/lustre/boot.ktest PASS 60s
GET /tmp/ktest_ml-strict:lustre_mainline_v1p0cxwx.tar 7s
END ml-strict:lustre_mainline build tests/fs/lustre/boot-strict.ktest FAIL 182s (exit code: 1)
GET /tmp/ktest_ml:lustre_mainline_juuixxzx.tar 0s
GET /tmp/ktest_ml-miscvm:lustre_mainline_native_rxoixqfc.tar 0s
END ml:lustre_mainline build tests/fs/lustre/boot.ktest PASS 193s
END ml-miscvm:lustre_mainline_native build tests/fs/lustre/boot.ktest PASS 194s
START ml-miscvm:boot run tests/fs/lustre/boot.ktest
START ml-miscvm:llmount run tests/fs/lustre/llmount.ktest
START ml-miscvm:llog-unit run tests/fs/lustre/llog-unit.ktest
START ml-miscvm:mgs-setup run tests/fs/lustre/mgs-setup.ktest
START ml-miscvm:sanity-1 run tests/fs/lustre/sanity/sanity-1.ktest
START ml-miscvm:sanity-2 run tests/fs/lustre/sanity/sanity-2.ktest
START ml-miscvm:sanity-3 run tests/fs/lustre/sanity/sanity-3.ktest
START ml-miscvm:sanity-4 run tests/fs/lustre/sanity/sanity-4.ktest
PUT /tmp/ktest-kernel.tar.gz 32s
PUT /tmp/ktest-kernel.tar.gz 34s
PUT /tmp/ktest-kernel.tar.gz 35s
PUT /tmp/ktest-kernel.tar.gz 34s
PUT /tmp/ktest-kernel.tar.gz 35s
PUT /tmp/ktest-kernel.tar.gz 35s
PUT /tmp/ktest-kernel.tar.gz 35s
PUT /tmp/ktest-kernel.tar.gz 35s
PUT /tmp/ktest-lustre.tar.gz 11s
PUT /tmp/ktest-lustre.tar.gz 14s
PUT /tmp/ktest-lustre.tar.gz 11s
PUT /tmp/ktest-lustre.tar.gz 10s
PUT /tmp/ktest-lustre.tar.gz 10s
PUT /tmp/ktest-lustre.tar.gz 10s
PUT /tmp/ktest-lustre.tar.gz 10s
PUT /tmp/ktest-lustre.tar.gz 11s
PUT /tmp/ktest_ml-miscvm:lustre_mainline_native_rxoixqfc.tar 0s
PUT /tmp/ktest_ml-miscvm:lustre_mainline_native_rxoixqfc.tar 0s
PUT /tmp/ktest_ml-miscvm:lustre_mainline_native_rxoixqfc.tar 1s
PUT /tmp/ktest_ml-miscvm:lustre_mainline_native_rxoixqfc.tar 1s
PUT /tmp/ktest_ml-miscvm:lustre_mainline_native_rxoixqfc.tar 1s
PUT /tmp/ktest_ml-miscvm:lustre_mainline_native_rxoixqfc.tar 1s
PUT /tmp/ktest_ml-miscvm:lustre_mainline_native_rxoixqfc.tar 1s
PUT /tmp/ktest_ml-miscvm:lustre_mainline_native_rxoixqfc.tar 1s
END ml-miscvm:boot run tests/fs/lustre/boot.ktest PASS 75s
END ml-miscvm:mgs-setup run tests/fs/lustre/mgs-setup.ktest PASS 89s
END ml-miscvm:sanity-4 run tests/fs/lustre/sanity/sanity-4.ktest PASS 115s
END ml-miscvm:sanity-1 run tests/fs/lustre/sanity/sanity-1.ktest PASS 118s
END ml-miscvm:sanity-3 run tests/fs/lustre/sanity/sanity-3.ktest PASS 120s
END ml-miscvm:llmount run tests/fs/lustre/llmount.ktest PASS 127s
END ml-miscvm:sanity-2 run tests/fs/lustre/sanity/sanity-2.ktest PASS 129s
END ml-miscvm:llog-unit run tests/fs/lustre/llog-unit.ktest FAIL 169s (exit code: 1)

============================================================
Final Results:
  checkpatch:checkpatch: PASS (19s) (log: /var/www/ci-lustre/upstream-patch-review/ede5aa3e6c119b94ab56108289edfb4aa468038a_checkpatch:checkpatch.log)
  u24:u24: PASS (60s) (log: /var/www/ci-lustre/upstream-patch-review/ede5aa3e6c119b94ab56108289edfb4aa468038a_u24:u24.log)
  al2023:al2023: PASS (60s) (log: /var/www/ci-lustre/upstream-patch-review/ede5aa3e6c119b94ab56108289edfb4aa468038a_al2023:al2023.log)
  ml-strict:lustre_mainline: FAIL (182s) (log: /var/www/ci-lustre/upstream-patch-review/ede5aa3e6c119b94ab56108289edfb4aa468038a_ml-strict:lustre_mainline.log)
  ml:lustre_mainline: PASS (193s) (log: /var/www/ci-lustre/upstream-patch-review/ede5aa3e6c119b94ab56108289edfb4aa468038a_ml:lustre_mainline.log)
  ml-miscvm:lustre_mainline_native: PASS (194s) (log: /var/www/ci-lustre/upstream-patch-review/ede5aa3e6c119b94ab56108289edfb4aa468038a_ml-miscvm:lustre_mainline_native.log)
  ml-miscvm:boot: PASS (75s) (log: /var/www/ci-lustre/upstream-patch-review/ede5aa3e6c119b94ab56108289edfb4aa468038a_ml-miscvm:boot.log)
  ml-miscvm:llmount: PASS (127s) (log: /var/www/ci-lustre/upstream-patch-review/ede5aa3e6c119b94ab56108289edfb4aa468038a_ml-miscvm:llmount.log)
  ml-miscvm:llog-unit: FAIL (169s) (log: /var/www/ci-lustre/upstream-patch-review/ede5aa3e6c119b94ab56108289edfb4aa468038a_ml-miscvm:llog-unit.log)
  ml-miscvm:mgs-setup: PASS (89s) (log: /var/www/ci-lustre/upstream-patch-review/ede5aa3e6c119b94ab56108289edfb4aa468038a_ml-miscvm:mgs-setup.log)
  ml-miscvm:sanity-1: PASS (118s) (log: /var/www/ci-lustre/upstream-patch-review/ede5aa3e6c119b94ab56108289edfb4aa468038a_ml-miscvm:sanity-1.log)
  ml-miscvm:sanity-2: PASS (129s) (log: /var/www/ci-lustre/upstream-patch-review/ede5aa3e6c119b94ab56108289edfb4aa468038a_ml-miscvm:sanity-2.log)
  ml-miscvm:sanity-3: PASS (120s) (log: /var/www/ci-lustre/upstream-patch-review/ede5aa3e6c119b94ab56108289edfb4aa468038a_ml-miscvm:sanity-3.log)
  ml-miscvm:sanity-4: PASS (115s) (log: /var/www/ci-lustre/upstream-patch-review/ede5aa3e6c119b94ab56108289edfb4aa468038a_ml-miscvm:sanity-4.log)

Total execution time: 394s
