CLI: ./podman-ktest --podman-socket unix:///run/podman/podman.sock --shared-filesystem /tmp --tarball-input job lustre-ci --output /var/www/ci-lustre/upstream-patch-review --git-hash ee0ec9e005ea754f065b945c07d61a7617adc24b --change-id 64320_ee0ec9e005ea754f065b945c07d61a7617adc24b --subject LU-19921 target: add target verification

  Checking /dev/kvm exists... OK
  Checking /dev/kvm permissions... OK
  Creating ccache directory... OK
  Checking ccache directory writable... OK
  Creating package output directory... OK

Environment validated successfully
Creating kernel tarball at /tmp/ktest-kernel.tar.gz...
Creating lustre tarball at /tmp/ktest-lustre.tar.gz...
Creating ZFS tarball at /tmp/ktest-zfs.tar.gz...
Executing 13 jobs
Jobs will start as soon as their dependencies are satisfied
Using tarball input mode

START al2023 build tests/fs/lustre/boot.ktest
START u24 build tests/fs/lustre/boot.ktest
START lustre_mainline build tests/fs/lustre/boot.ktest
START lustre_mainline_strict build tests/fs/lustre/boot-strict.ktest
START checkpatch tool checkpatch
START lustre_mainline_native build tests/fs/lustre/boot.ktest
PUT /tmp/ktest-lustre.tar.gz 1s
PUT /tmp/ktest-lustre.tar.gz 1s
PUT /tmp/ktest-kernel.tar.gz 6s
PUT /tmp/ktest-kernel.tar.gz 6s
PUT /tmp/ktest-kernel.tar.gz 7s
PUT /tmp/ktest-kernel.tar.gz 7s
PUT /tmp/ktest-lustre.tar.gz 1s
PUT /tmp/ktest-lustre.tar.gz 1s
PUT /tmp/ktest-lustre.tar.gz 1s
PUT /tmp/ktest-lustre.tar.gz 1s
PUT /tmp/ktest-zfs.tar.gz 0s
PUT /tmp/ktest-zfs.tar.gz 0s
PUT /tmp/ktest-zfs.tar.gz 0s
END checkpatch tool checkpatch FAIL 11s (exit code: 1)
END al2023 build tests/fs/lustre/boot.ktest PASS 60s
END u24 build tests/fs/lustre/boot.ktest PASS 64s
GET /tmp/ktest_lustre_mainline_strict_jqbr_azu.tar 6s
END lustre_mainline_strict build tests/fs/lustre/boot-strict.ktest FAIL 142s (exit code: 1)
GET /tmp/ktest_lustre_mainline_blv0hl7p.tar 0s
GET /tmp/ktest_lustre_mainline_native_yfitryor.tar 0s
END lustre_mainline build tests/fs/lustre/boot.ktest PASS 145s
END lustre_mainline_native build tests/fs/lustre/boot.ktest PASS 146s
START boot run tests/fs/lustre/boot.ktest
START llmount run tests/fs/lustre/llmount.ktest
START mgs-setup run tests/fs/lustre/mgs-setup.ktest
START sanity-1 run tests/fs/lustre/sanity/sanity-1.ktest
START sanity-2 run tests/fs/lustre/sanity/sanity-2.ktest
START sanity-3 run tests/fs/lustre/sanity/sanity-3.ktest
START sanity-4 run tests/fs/lustre/sanity/sanity-4.ktest
PUT /tmp/ktest-kernel.tar.gz 9s
PUT /tmp/ktest-kernel.tar.gz 9s
PUT /tmp/ktest-kernel.tar.gz 9s
PUT /tmp/ktest-kernel.tar.gz 9s
PUT /tmp/ktest-kernel.tar.gz 9s
PUT /tmp/ktest-kernel.tar.gz 9s
PUT /tmp/ktest-kernel.tar.gz 10s
PUT /tmp/ktest-lustre.tar.gz 1s
PUT /tmp/ktest-lustre.tar.gz 2s
PUT /tmp/ktest-lustre.tar.gz 1s
PUT /tmp/ktest-lustre.tar.gz 1s
PUT /tmp/ktest-lustre.tar.gz 1s
PUT /tmp/ktest-lustre.tar.gz 2s
PUT /tmp/ktest-lustre.tar.gz 2s
PUT /tmp/ktest_lustre_mainline_native_yfitryor.tar 0s
PUT /tmp/ktest_lustre_mainline_native_yfitryor.tar 0s
PUT /tmp/ktest_lustre_mainline_native_yfitryor.tar 0s
PUT /tmp/ktest_lustre_mainline_native_yfitryor.tar 0s
PUT /tmp/ktest_lustre_mainline_native_yfitryor.tar 0s
PUT /tmp/ktest_lustre_mainline_native_yfitryor.tar 0s
PUT /tmp/ktest_lustre_mainline_native_yfitryor.tar 0s
END boot run tests/fs/lustre/boot.ktest PASS 111s
END mgs-setup run tests/fs/lustre/mgs-setup.ktest PASS 121s
END sanity-2 run tests/fs/lustre/sanity/sanity-2.ktest PASS 147s
END sanity-3 run tests/fs/lustre/sanity/sanity-3.ktest PASS 157s
END llmount run tests/fs/lustre/llmount.ktest PASS 158s
END sanity-4 run tests/fs/lustre/sanity/sanity-4.ktest PASS 159s
END sanity-1 run tests/fs/lustre/sanity/sanity-1.ktest PASS 168s

============================================================
Final Results:
  checkpatch: FAIL (11s) (log: /var/www/ci-lustre/upstream-patch-review/ee0ec9e005ea754f065b945c07d61a7617adc24b_checkpatch.log)
  u24: PASS (64s) (log: /var/www/ci-lustre/upstream-patch-review/ee0ec9e005ea754f065b945c07d61a7617adc24b_u24.log)
  al2023: PASS (60s) (log: /var/www/ci-lustre/upstream-patch-review/ee0ec9e005ea754f065b945c07d61a7617adc24b_al2023.log)
  lustre_mainline_strict: FAIL (142s) (log: /var/www/ci-lustre/upstream-patch-review/ee0ec9e005ea754f065b945c07d61a7617adc24b_lustre_mainline_strict.log)
  lustre_mainline: PASS (145s) (log: /var/www/ci-lustre/upstream-patch-review/ee0ec9e005ea754f065b945c07d61a7617adc24b_lustre_mainline.log)
  lustre_mainline_native: PASS (146s) (log: /var/www/ci-lustre/upstream-patch-review/ee0ec9e005ea754f065b945c07d61a7617adc24b_lustre_mainline_native.log)
  boot: PASS (111s) (log: /var/www/ci-lustre/upstream-patch-review/ee0ec9e005ea754f065b945c07d61a7617adc24b_boot.log)
  llmount: PASS (158s) (log: /var/www/ci-lustre/upstream-patch-review/ee0ec9e005ea754f065b945c07d61a7617adc24b_llmount.log)
  mgs-setup: PASS (121s) (log: /var/www/ci-lustre/upstream-patch-review/ee0ec9e005ea754f065b945c07d61a7617adc24b_mgs-setup.log)
  sanity-1: PASS (168s) (log: /var/www/ci-lustre/upstream-patch-review/ee0ec9e005ea754f065b945c07d61a7617adc24b_sanity-1.log)
  sanity-2: PASS (147s) (log: /var/www/ci-lustre/upstream-patch-review/ee0ec9e005ea754f065b945c07d61a7617adc24b_sanity-2.log)
  sanity-3: PASS (157s) (log: /var/www/ci-lustre/upstream-patch-review/ee0ec9e005ea754f065b945c07d61a7617adc24b_sanity-3.log)
  sanity-4: PASS (159s) (log: /var/www/ci-lustre/upstream-patch-review/ee0ec9e005ea754f065b945c07d61a7617adc24b_sanity-4.log)

Total execution time: 343s
