WARNING:SPLIT_STRING: quoted string split across lines
#213: FILE: lustre/utils/liblustreapi_layout.c:4474:
+					    "parity %d short read: got %zd "
+					    "expected %zu",

WARNING:BRACES: braces {} are not necessary for single statement blocks
#269: FILE: lustre/utils/liblustreapi_layout.c:4529:
+	if (data_off + data_len > data_pos + len) {
+		data_len = len - (data_off - data_pos);
+	}

WARNING:REPEATED_WORD: Possible repeated word: 'on'
#380: FILE: lustre/utils/liblustreapi_layout.c:4640:
+ * In the examples below we also assume byte level granularity on
+ * on the data and hole sections. This is for illustration purposes

WARNING:LINE_SPACING: Missing a blank line after declarations
#472: FILE: lustre/utils/liblustreapi_layout.c:4732:
+		struct ec_parity_coverage *tmp = cov->next;
+		free(cov);

WARNING:LINE_SPACING: Missing a blank line after declarations
#548: FILE: lustre/utils/liblustreapi_layout.c:4804:
+		struct ec_parity_coverage *tmp = cov->next;
+		free(cov);

total: 0 errors, 5 warnings, 545 lines checked

NOTE: For some of the reported defects, checkpatch may be able to
      mechanically convert to the typical style using --fix or --fix-inplace.

Your patch has style problems, please review.

NOTE: If any of the errors are false positives, please report
      them to the maintainer, see CHECKPATCH in MAINTAINERS.
