CLI: ./podman-ktest --podman-socket unix:///run/podman/podman.sock --shared-filesystem /tmp --tarball-input job lustre-ci --output /var/www/ci-lustre/upstream-patch-review --git-hash eff58c70fa54f303585b198ae36da9e79a475cd2 --change-id 66903_eff58c70fa54f303585b198ae36da9e79a475cd2 --subject LU-18687 build: Move FALLOC flags to compat falloc.h

  Checking /dev/kvm exists... OK
  Checking /dev/kvm permissions... OK
  Creating ccache directory... OK
  Checking ccache directory writable... OK
  Creating package output directory... OK

Environment validated successfully
Creating kernel tarball at /tmp/ktest-kernel.tar.gz...
Creating lustre tarball at /tmp/ktest-lustre.tar.gz...
Creating ZFS tarball at /tmp/ktest-zfs.tar.gz...
Executing 13 jobs
Jobs will start as soon as their dependencies are satisfied
Using tarball input mode

START al2023 build tests/fs/lustre/boot.ktest
START lustre_mainline build tests/fs/lustre/boot.ktest
START u24 build tests/fs/lustre/boot.ktest
START lustre_mainline_native build tests/fs/lustre/boot.ktest
START checkpatch tool checkpatch
START lustre_mainline_strict build tests/fs/lustre/boot-strict.ktest
PUT /tmp/ktest-lustre.tar.gz 1s
PUT /tmp/ktest-lustre.tar.gz 1s
PUT /tmp/ktest-kernel.tar.gz 10s
PUT /tmp/ktest-kernel.tar.gz 10s
PUT /tmp/ktest-kernel.tar.gz 10s
PUT /tmp/ktest-kernel.tar.gz 10s
PUT /tmp/ktest-lustre.tar.gz 4s
PUT /tmp/ktest-lustre.tar.gz 4s
PUT /tmp/ktest-lustre.tar.gz 4s
PUT /tmp/ktest-lustre.tar.gz 4s
PUT /tmp/ktest-zfs.tar.gz 0s
PUT /tmp/ktest-zfs.tar.gz 0s
PUT /tmp/ktest-zfs.tar.gz 0s
END checkpatch tool checkpatch FAIL 17s (exit code: 1)
END al2023 build tests/fs/lustre/boot.ktest PASS 48s
END u24 build tests/fs/lustre/boot.ktest PASS 51s
GET /tmp/ktest_lustre_mainline_native_occnpu_d.tar 0s
END lustre_mainline_native build tests/fs/lustre/boot.ktest PASS 206s
START boot run tests/fs/lustre/boot.ktest
START llmount run tests/fs/lustre/llmount.ktest
START mgs-setup run tests/fs/lustre/mgs-setup.ktest
START sanity-1 run tests/fs/lustre/sanity/sanity-1.ktest
START sanity-2 run tests/fs/lustre/sanity/sanity-2.ktest
START sanity-3 run tests/fs/lustre/sanity/sanity-3.ktest
START sanity-4 run tests/fs/lustre/sanity/sanity-4.ktest
GET /tmp/ktest_lustre_mainline_strict_3myvj5lw.tar 5s
END lustre_mainline_strict build tests/fs/lustre/boot-strict.ktest FAIL 221s (exit code: 1)
GET /tmp/ktest_lustre_mainline_d7hzstc4.tar 2s
END lustre_mainline build tests/fs/lustre/boot.ktest PASS 223s
PUT /tmp/ktest-kernel.tar.gz 28s
PUT /tmp/ktest-kernel.tar.gz 26s
PUT /tmp/ktest-kernel.tar.gz 29s
PUT /tmp/ktest-kernel.tar.gz 27s
PUT /tmp/ktest-kernel.tar.gz 29s
PUT /tmp/ktest-kernel.tar.gz 27s
PUT /tmp/ktest-kernel.tar.gz 27s
PUT /tmp/ktest-lustre.tar.gz 9s
PUT /tmp/ktest-lustre.tar.gz 9s
PUT /tmp/ktest-lustre.tar.gz 9s
PUT /tmp/ktest-lustre.tar.gz 9s
PUT /tmp/ktest-lustre.tar.gz 9s
PUT /tmp/ktest-lustre.tar.gz 9s
PUT /tmp/ktest-lustre.tar.gz 10s
PUT /tmp/ktest_lustre_mainline_native_occnpu_d.tar 1s
PUT /tmp/ktest_lustre_mainline_native_occnpu_d.tar 1s
PUT /tmp/ktest_lustre_mainline_native_occnpu_d.tar 1s
PUT /tmp/ktest_lustre_mainline_native_occnpu_d.tar 1s
PUT /tmp/ktest_lustre_mainline_native_occnpu_d.tar 1s
PUT /tmp/ktest_lustre_mainline_native_occnpu_d.tar 1s
PUT /tmp/ktest_lustre_mainline_native_occnpu_d.tar 1s
END boot run tests/fs/lustre/boot.ktest PASS 97s
END mgs-setup run tests/fs/lustre/mgs-setup.ktest PASS 105s
END sanity-1 run tests/fs/lustre/sanity/sanity-1.ktest PASS 133s
END sanity-2 run tests/fs/lustre/sanity/sanity-2.ktest PASS 135s
END sanity-3 run tests/fs/lustre/sanity/sanity-3.ktest PASS 136s
END sanity-4 run tests/fs/lustre/sanity/sanity-4.ktest PASS 137s
END llmount run tests/fs/lustre/llmount.ktest PASS 158s

============================================================
Final Results:
  checkpatch: FAIL (17s) (log: /var/www/ci-lustre/upstream-patch-review/eff58c70fa54f303585b198ae36da9e79a475cd2_checkpatch.log)
  u24: PASS (51s) (log: /var/www/ci-lustre/upstream-patch-review/eff58c70fa54f303585b198ae36da9e79a475cd2_u24.log)
  al2023: PASS (48s) (log: /var/www/ci-lustre/upstream-patch-review/eff58c70fa54f303585b198ae36da9e79a475cd2_al2023.log)
  lustre_mainline_strict: FAIL (221s) (log: /var/www/ci-lustre/upstream-patch-review/eff58c70fa54f303585b198ae36da9e79a475cd2_lustre_mainline_strict.log)
  lustre_mainline: PASS (223s) (log: /var/www/ci-lustre/upstream-patch-review/eff58c70fa54f303585b198ae36da9e79a475cd2_lustre_mainline.log)
  lustre_mainline_native: PASS (206s) (log: /var/www/ci-lustre/upstream-patch-review/eff58c70fa54f303585b198ae36da9e79a475cd2_lustre_mainline_native.log)
  boot: PASS (97s) (log: /var/www/ci-lustre/upstream-patch-review/eff58c70fa54f303585b198ae36da9e79a475cd2_boot.log)
  llmount: PASS (158s) (log: /var/www/ci-lustre/upstream-patch-review/eff58c70fa54f303585b198ae36da9e79a475cd2_llmount.log)
  mgs-setup: PASS (105s) (log: /var/www/ci-lustre/upstream-patch-review/eff58c70fa54f303585b198ae36da9e79a475cd2_mgs-setup.log)
  sanity-1: PASS (133s) (log: /var/www/ci-lustre/upstream-patch-review/eff58c70fa54f303585b198ae36da9e79a475cd2_sanity-1.log)
  sanity-2: PASS (135s) (log: /var/www/ci-lustre/upstream-patch-review/eff58c70fa54f303585b198ae36da9e79a475cd2_sanity-2.log)
  sanity-3: PASS (136s) (log: /var/www/ci-lustre/upstream-patch-review/eff58c70fa54f303585b198ae36da9e79a475cd2_sanity-3.log)
  sanity-4: PASS (137s) (log: /var/www/ci-lustre/upstream-patch-review/eff58c70fa54f303585b198ae36da9e79a475cd2_sanity-4.log)

Total execution time: 392s
