CLI: ./podman-ktest --podman-socket unix:///run/podman/podman.sock --shared-filesystem /tmp --tarball-input job lustre-ci-branch --output /var/www/ci-lustre/upstream-patch-review --git-hash f1585bafaa0db04ff88ce99490fed3ac9c0b524a --change-id master_f1585bafaa0db04ff88ce99490fed3ac9c0b524a --subject Main development branch

  Checking /dev/kvm exists... OK
  Checking /dev/kvm permissions... OK
  Creating ccache directory... OK
  Checking ccache directory writable... OK

Environment validated successfully
Creating kernel tarball at /tmp/ktest-kernel.tar.gz...
Creating lustre tarball at /tmp/ktest-lustre.tar.gz...
Executing 19 jobs
Jobs will start as soon as their dependencies are satisfied
Using tarball input mode

START lustre_mainline_native build tests/fs/lustre/boot.ktest
START kernel-doc tool kernel_doc_helper.sh
START license-status tool license-status
START lustre_u24 build tests/fs/lustre/boot.ktest
START lustre_mainline_strict build tests/fs/lustre/boot-strict.ktest
START lustre_mainline build tests/fs/lustre/boot.ktest
START contribution-report tool contributions
START checkpatch-parallel tool checkpatch-parallel
START lustre_al2023 build tests/fs/lustre/boot.ktest
PUT /tmp/ktest-kernel.tar.gz 15s
PUT /tmp/ktest-kernel.tar.gz 15s
PUT /tmp/ktest-kernel.tar.gz 15s
PUT /tmp/ktest-kernel.tar.gz 15s
PUT /tmp/ktest-kernel.tar.gz 15s
PUT /tmp/ktest-kernel.tar.gz 16s
PUT /tmp/ktest-kernel.tar.gz 16s
PUT /tmp/ktest-kernel.tar.gz 16s
PUT /tmp/ktest-kernel.tar.gz 16s
PUT /tmp/ktest-lustre.tar.gz 4s
PUT /tmp/ktest-lustre.tar.gz 5s
PUT /tmp/ktest-lustre.tar.gz 5s
PUT /tmp/ktest-lustre.tar.gz 5s
PUT /tmp/ktest-lustre.tar.gz 5s
PUT /tmp/ktest-lustre.tar.gz 5s
PUT /tmp/ktest-lustre.tar.gz 4s
PUT /tmp/ktest-lustre.tar.gz 4s
PUT /tmp/ktest-lustre.tar.gz 5s
END contribution-report tool contributions PASS 24s
END kernel-doc tool kernel_doc_helper.sh PASS 26s
END license-status tool license-status PASS 31s
END checkpatch-parallel tool checkpatch-parallel PASS 115s
END lustre_al2023 build tests/fs/lustre/boot.ktest PASS 149s
END lustre_u24 build tests/fs/lustre/boot.ktest PASS 179s
GET /tmp/ktest_lustre_mainline_strict_becvcs3r.tar 6s
END lustre_mainline_strict build tests/fs/lustre/boot-strict.ktest FAIL 355s (exit code: 1)
GET /tmp/ktest_lustre_mainline_2t2x13py.tar 3s
GET /tmp/ktest_lustre_mainline_native_mfzkoqtq.tar 3s
END lustre_mainline build tests/fs/lustre/boot.ktest PASS 366s
END lustre_mainline_native build tests/fs/lustre/boot.ktest PASS 367s
START clang-tidy tool clang-tidy
START cc-plugin tool cc-plugin
START boot run tests/fs/lustre/boot.ktest
START llmount run tests/fs/lustre/llmount.ktest
START llog-unit run tests/fs/lustre/llog-unit.ktest
START mgs-setup run tests/fs/lustre/mgs-setup.ktest
START sanity-1 run tests/fs/lustre/sanity/sanity-1.ktest
START sanity-2 run tests/fs/lustre/sanity/sanity-2.ktest
START sanity-3 run tests/fs/lustre/sanity/sanity-3.ktest
START sanity-4 run tests/fs/lustre/sanity/sanity-4.ktest
PUT /tmp/ktest-kernel.tar.gz 12s
PUT /tmp/ktest_lustre_mainline_native_mfzkoqtq.tar 16s
PUT /tmp/ktest_lustre_mainline_native_mfzkoqtq.tar 16s
PUT /tmp/ktest_lustre_mainline_native_mfzkoqtq.tar 16s
PUT /tmp/ktest-kernel.tar.gz 16s
PUT /tmp/ktest_lustre_mainline_native_mfzkoqtq.tar 16s
PUT /tmp/ktest_lustre_mainline_native_mfzkoqtq.tar 16s
PUT /tmp/ktest_lustre_mainline_native_mfzkoqtq.tar 16s
PUT /tmp/ktest_lustre_mainline_native_mfzkoqtq.tar 16s
PUT /tmp/ktest_lustre_mainline_native_mfzkoqtq.tar 16s
PUT /tmp/ktest-lustre.tar.gz 25s
PUT /tmp/ktest-lustre.tar.gz 22s
PUT /tmp/ktest_lustre_mainline_native_mfzkoqtq.tar 11s
PUT /tmp/ktest_lustre_mainline_native_mfzkoqtq.tar 11s
END cc-plugin tool cc-plugin FAIL 53s (exit code: 127)
END boot run tests/fs/lustre/boot.ktest PASS 80s
END clang-tidy tool clang-tidy PASS 82s
END mgs-setup run tests/fs/lustre/mgs-setup.ktest PASS 83s
END sanity-4 run tests/fs/lustre/sanity/sanity-4.ktest PASS 98s
END sanity-2 run tests/fs/lustre/sanity/sanity-2.ktest PASS 103s
END sanity-3 run tests/fs/lustre/sanity/sanity-3.ktest PASS 104s
END sanity-1 run tests/fs/lustre/sanity/sanity-1.ktest PASS 109s
END llmount run tests/fs/lustre/llmount.ktest PASS 165s
END llog-unit run tests/fs/lustre/llog-unit.ktest PASS 178s

============================================================
Final Results:
  checkpatch-parallel: PASS (115s) (log: /var/www/ci-lustre/upstream-patch-review/f1585bafaa0db04ff88ce99490fed3ac9c0b524a_checkpatch-parallel.log)
  contribution-report: PASS (24s) (log: /var/www/ci-lustre/upstream-patch-review/f1585bafaa0db04ff88ce99490fed3ac9c0b524a_contribution-report.log)
  license-status: PASS (31s) (log: /var/www/ci-lustre/upstream-patch-review/f1585bafaa0db04ff88ce99490fed3ac9c0b524a_license-status.log)
  kernel-doc: PASS (26s) (log: /var/www/ci-lustre/upstream-patch-review/f1585bafaa0db04ff88ce99490fed3ac9c0b524a_kernel-doc.log)
  lustre_u24: PASS (179s) (log: /var/www/ci-lustre/upstream-patch-review/f1585bafaa0db04ff88ce99490fed3ac9c0b524a_lustre_u24.log)
  lustre_al2023: PASS (149s) (log: /var/www/ci-lustre/upstream-patch-review/f1585bafaa0db04ff88ce99490fed3ac9c0b524a_lustre_al2023.log)
  lustre_mainline_strict: FAIL (355s) (log: /var/www/ci-lustre/upstream-patch-review/f1585bafaa0db04ff88ce99490fed3ac9c0b524a_lustre_mainline_strict.log)
  lustre_mainline: PASS (366s) (log: /var/www/ci-lustre/upstream-patch-review/f1585bafaa0db04ff88ce99490fed3ac9c0b524a_lustre_mainline.log)
  lustre_mainline_native: PASS (367s) (log: /var/www/ci-lustre/upstream-patch-review/f1585bafaa0db04ff88ce99490fed3ac9c0b524a_lustre_mainline_native.log)
  clang-tidy: PASS (82s) (log: /var/www/ci-lustre/upstream-patch-review/f1585bafaa0db04ff88ce99490fed3ac9c0b524a_clang-tidy.log)
  cc-plugin: FAIL (53s) (log: /var/www/ci-lustre/upstream-patch-review/f1585bafaa0db04ff88ce99490fed3ac9c0b524a_cc-plugin.log)
  boot: PASS (80s) (log: /var/www/ci-lustre/upstream-patch-review/f1585bafaa0db04ff88ce99490fed3ac9c0b524a_boot.log)
  llmount: PASS (165s) (log: /var/www/ci-lustre/upstream-patch-review/f1585bafaa0db04ff88ce99490fed3ac9c0b524a_llmount.log)
  llog-unit: PASS (178s) (log: /var/www/ci-lustre/upstream-patch-review/f1585bafaa0db04ff88ce99490fed3ac9c0b524a_llog-unit.log)
  mgs-setup: PASS (83s) (log: /var/www/ci-lustre/upstream-patch-review/f1585bafaa0db04ff88ce99490fed3ac9c0b524a_mgs-setup.log)
  sanity-1: PASS (109s) (log: /var/www/ci-lustre/upstream-patch-review/f1585bafaa0db04ff88ce99490fed3ac9c0b524a_sanity-1.log)
  sanity-2: PASS (103s) (log: /var/www/ci-lustre/upstream-patch-review/f1585bafaa0db04ff88ce99490fed3ac9c0b524a_sanity-2.log)
  sanity-3: PASS (104s) (log: /var/www/ci-lustre/upstream-patch-review/f1585bafaa0db04ff88ce99490fed3ac9c0b524a_sanity-3.log)
  sanity-4: PASS (98s) (log: /var/www/ci-lustre/upstream-patch-review/f1585bafaa0db04ff88ce99490fed3ac9c0b524a_sanity-4.log)

Total execution time: 576s
