00001 
00002 RDSEED32 is broken. Disabling the corresponding CPUID bit.
00007 init: failed to load nvme_core
00007 init: failed to load nvme
00008 init: failed to load zfs
00009 LNetError: 1:0:(lib-socket.c:619:lnet_inet_enumerate()) lnet: Can't find any usable interfaces, rc = -ENOENT
00009 LNetError: Error -100 starting up LNI tcp
00009 LustreError: 1:0:(events.c:627:ptlrpc_init_portals()) network initialisation failed: rc = -100
00010 init: finit_module /lib/modules/7.0.0-ktest-f15ba27-6330a45-20260724-dirty/updates/ptlrpc.ko: Network is down
00010 init: failed to load lustre
00010 init: failed to load osd_zfs
00010 init: failed to load iwlwifi
00010 init: failed to load iwlmvm
00010 init: failed to load mt7921e
00010 init: failed to load i915
00010 init: failed to load nouveau
00022 tlp: vm.laptop_mode is deprecated. Ignoring setting.
00022 Kernel version: 7.0.0-ktest-f15ba27-6330a45-20260724-dirty
00022 hook init_noop
00022 
00022 Running tests mgs-setup
00022 
00022 ========= TEST   mgs-setup
00023 /host/home/ktest/git/lustre-release/lustre/tests/test-framework.sh: line 6934: cd: HOME not set
00023 /host/home/ktest/git/lustre-release/lustre/tests/test-framework.sh: line 6934: cd: HOME not set
00023 /host/home/ktest/git/lustre-release/lustre/tests/test-framework.sh: line 6934: cd: HOME not set
00026 MGS_OS_VERSION_ID=24.04
00026 MGS_OS_ID=ubuntu
00026 MGS_OS_VERSION_CODE=402915328
00026 MGS_OS_ID_LIKE=debian ubuntu
00026 MDS1_OS_ID=ubuntu
00026 MDS1_OS_VERSION_CODE=402915328
00026 MDS1_OS_ID_LIKE=debian ubuntu
00026 MDS1_OS_VERSION_ID=24.04
00027 OST1_OS_VERSION_ID=24.04
00027 OST1_OS_VERSION_CODE=402915328
00027 OST1_OS_ID=ubuntu
00027 OST1_OS_ID_LIKE=debian ubuntu
00027 CLIENT_OS_VERSION_ID=24.04
00027 CLIENT_OS_ID_LIKE=debian ubuntu
00027 CLIENT_OS_ID=ubuntu
00027 CLIENT_OS_VERSION_CODE=402915328
00027 Loading modules from /host/home/ktest/git/lustre-release/lustre
00027 detected 16 online CPUs by sysfs
00027 MODOPTS_LIBCFS=
00027 libcfs will create CPU partition based on online CPUs
00028 LNet: Added LNI 10.0.2.15@tcp [8/256/0/180]
00028 gss/krb5 is not supported
00029 Lustre: Echo OBD driver; http://www.lustre.org/
00029 
00029 
00034 
00034 
00034 
00034 Lustre: server umount MGS0000 complete
00034 
00034 Removed directory: /mnt/lustre-NVKEzL-MGS0000
00034 
00034 ========= PASSED mgs-setup in 13s
00034 
00034 Passed: mgs-setup
00034 Failed: 
00034 NOTICE: Automounting of tracing to debugfs is deprecated and will be removed in 2030
00034 Kernel version: 7.0.0-ktest-f15ba27-6330a45-20260724-dirty
00034 TEST SUCCESS
