CLI: ./podman-ktest --podman-socket unix:///run/podman/podman.sock --shared-filesystem /tmp --tarball-input job lustre-ci --output /var/www/ci-lustre/upstream-patch-review --git-hash f22dd9634ecc4833eff9d027b0e158388e29b2c7 --change-id 64569_f22dd9634ecc4833eff9d027b0e158388e29b2c7 --subject LU-19986 build: Avoid typedef unsigned int bool

  Checking /dev/kvm exists... OK
  Checking /dev/kvm permissions... OK
  Creating ccache directory... OK
  Checking ccache directory writable... OK

Environment validated successfully
Creating kernel tarball at /tmp/ktest-kernel.tar.gz...
Creating lustre tarball at /tmp/ktest-lustre.tar.gz...
Executing 16 jobs
Jobs will start as soon as their dependencies are satisfied
Using tarball input mode

START checkpatch tool checkpatch
START lustre_u24 build tests/fs/lustre/boot.ktest
START lustre_mainline build tests/fs/lustre/boot.ktest
START lustre_al2023 build tests/fs/lustre/boot.ktest
START lustre_mainline_strict build tests/fs/lustre/boot-strict.ktest
START lustre_mainline_native build tests/fs/lustre/boot.ktest
PUT /tmp/ktest-kernel.tar.gz 9s
PUT /tmp/ktest-kernel.tar.gz 9s
PUT /tmp/ktest-kernel.tar.gz 9s
PUT /tmp/ktest-kernel.tar.gz 9s
PUT /tmp/ktest-kernel.tar.gz 9s
PUT /tmp/ktest-kernel.tar.gz 10s
PUT /tmp/ktest-lustre.tar.gz 2s
PUT /tmp/ktest-lustre.tar.gz 3s
PUT /tmp/ktest-lustre.tar.gz 3s
PUT /tmp/ktest-lustre.tar.gz 2s
PUT /tmp/ktest-lustre.tar.gz 2s
PUT /tmp/ktest-lustre.tar.gz 3s
END checkpatch tool checkpatch PASS 14s
END lustre_al2023 build tests/fs/lustre/boot.ktest PASS 70s
END lustre_u24 build tests/fs/lustre/boot.ktest PASS 73s
GET /tmp/ktest_lustre_mainline_strict_4dsj1rtv.tar 5s
END lustre_mainline_strict build tests/fs/lustre/boot-strict.ktest FAIL 111s (exit code: 1)
GET /tmp/ktest_lustre_mainline_jz16qtn9.tar 3s
GET /tmp/ktest_lustre_mainline_native_jdn4cjwp.tar 3s
END lustre_mainline build tests/fs/lustre/boot.ktest PASS 116s
END lustre_mainline_native build tests/fs/lustre/boot.ktest PASS 117s
START clang-tidy tool clang-tidy
START cc-plugin tool cc-plugin
START boot run tests/fs/lustre/boot.ktest
START llmount run tests/fs/lustre/llmount.ktest
START llog-unit run tests/fs/lustre/llog-unit.ktest
START mgs-setup run tests/fs/lustre/mgs-setup.ktest
START sanity-1 run tests/fs/lustre/sanity/sanity-1.ktest
START sanity-2 run tests/fs/lustre/sanity/sanity-2.ktest
START sanity-3 run tests/fs/lustre/sanity/sanity-3.ktest
START sanity-4 run tests/fs/lustre/sanity/sanity-4.ktest
PUT /tmp/ktest-kernel.tar.gz 10s
PUT /tmp/ktest_lustre_mainline_native_jdn4cjwp.tar 15s
PUT /tmp/ktest_lustre_mainline_native_jdn4cjwp.tar 15s
PUT /tmp/ktest-kernel.tar.gz 15s
PUT /tmp/ktest_lustre_mainline_native_jdn4cjwp.tar 15s
PUT /tmp/ktest_lustre_mainline_native_jdn4cjwp.tar 15s
PUT /tmp/ktest_lustre_mainline_native_jdn4cjwp.tar 15s
PUT /tmp/ktest_lustre_mainline_native_jdn4cjwp.tar 15s
PUT /tmp/ktest_lustre_mainline_native_jdn4cjwp.tar 15s
PUT /tmp/ktest_lustre_mainline_native_jdn4cjwp.tar 15s
PUT /tmp/ktest-lustre.tar.gz 47s
PUT /tmp/ktest-lustre.tar.gz 60s
PUT /tmp/ktest_lustre_mainline_native_jdn4cjwp.tar 17s
PUT /tmp/ktest_lustre_mainline_native_jdn4cjwp.tar 9s
END cc-plugin tool cc-plugin FAIL 84s (exit code: 127)
END boot run tests/fs/lustre/boot.ktest PASS 87s
END clang-tidy tool clang-tidy PASS 104s
END mgs-setup run tests/fs/lustre/mgs-setup.ktest PASS 105s
END sanity-1 run tests/fs/lustre/sanity/sanity-1.ktest PASS 120s
END sanity-3 run tests/fs/lustre/sanity/sanity-3.ktest PASS 134s
END llmount run tests/fs/lustre/llmount.ktest PASS 189s
END llog-unit run tests/fs/lustre/llog-unit.ktest PASS 205s
