CLI: ./podman-ktest --podman-socket unix:///run/podman/podman.sock --shared-filesystem /tmp --tarball-input job lustre-ci --output /var/www/ci-lustre/upstream-patch-review --git-hash f31d544f81c14306b04158f00e9f8bada4b80aa6 --change-id 67082_f31d544f81c14306b04158f00e9f8bada4b80aa6 --subject LU-20071 kernel: new kernel [RHEL 9.8 5.14.0-687.22.1.el9_8]

Environment validated successfully
Creating kernel tarball at /tmp/ktest-kernel.tar.gz...
Creating lustre tarball at /tmp/ktest-lustre.tar.gz...
Creating ZFS tarball at /tmp/ktest-zfs.tar.gz...
Executing 14 jobs
Jobs will start as soon as their dependencies are satisfied
Using tarball input mode

START ml-strict:lustre_mainline build tests/fs/lustre/boot-strict.ktest
START u24:u24 build tests/fs/lustre/boot.ktest
START ml-miscvm:lustre_mainline_native build tests/fs/lustre/boot.ktest
START ml:lustre_mainline build tests/fs/lustre/boot.ktest
START al2023:al2023 build tests/fs/lustre/boot.ktest
START checkpatch:checkpatch tool checkpatch
PUT /tmp/ktest-lustre.tar.gz 2s
PUT /tmp/ktest-lustre.tar.gz 2s
PUT /tmp/ktest-kernel.tar.gz 6s
PUT /tmp/ktest-kernel.tar.gz 6s
PUT /tmp/ktest-kernel.tar.gz 6s
PUT /tmp/ktest-kernel.tar.gz 6s
PUT /tmp/ktest-lustre.tar.gz 4s
PUT /tmp/ktest-lustre.tar.gz 4s
PUT /tmp/ktest-lustre.tar.gz 3s
PUT /tmp/ktest-lustre.tar.gz 4s
PUT /tmp/ktest-zfs.tar.gz 0s
PUT /tmp/ktest-zfs.tar.gz 0s
PUT /tmp/ktest-zfs.tar.gz 0s
END checkpatch:checkpatch tool checkpatch FAIL 13s (exit code: 1)
END al2023:al2023 build tests/fs/lustre/boot.ktest PASS 57s
END u24:u24 build tests/fs/lustre/boot.ktest PASS 58s
GET /tmp/ktest_ml:lustre_mainline_mjzb800_.tar 0s
GET /tmp/ktest_ml-strict:lustre_mainline_dm1ytj_q.tar 5s
END ml:lustre_mainline build tests/fs/lustre/boot.ktest PASS 176s
GET /tmp/ktest_ml-miscvm:lustre_mainline_native_ld0807eq.tar 8s
END ml-strict:lustre_mainline build tests/fs/lustre/boot-strict.ktest FAIL 183s (exit code: 1)
END ml-miscvm:lustre_mainline_native build tests/fs/lustre/boot.ktest PASS 185s
START ml-miscvm:boot run tests/fs/lustre/boot.ktest
START ml-miscvm:llmount run tests/fs/lustre/llmount.ktest
START ml-miscvm:llog-unit run tests/fs/lustre/llog-unit.ktest
START ml-miscvm:mgs-setup run tests/fs/lustre/mgs-setup.ktest
START ml-miscvm:sanity-1 run tests/fs/lustre/sanity/sanity-1.ktest
START ml-miscvm:sanity-2 run tests/fs/lustre/sanity/sanity-2.ktest
START ml-miscvm:sanity-3 run tests/fs/lustre/sanity/sanity-3.ktest
START ml-miscvm:sanity-4 run tests/fs/lustre/sanity/sanity-4.ktest
PUT /tmp/ktest-kernel.tar.gz 23s
PUT /tmp/ktest-kernel.tar.gz 23s
PUT /tmp/ktest-kernel.tar.gz 22s
PUT /tmp/ktest-kernel.tar.gz 23s
PUT /tmp/ktest-kernel.tar.gz 23s
PUT /tmp/ktest-kernel.tar.gz 23s
PUT /tmp/ktest-kernel.tar.gz 23s
PUT /tmp/ktest-kernel.tar.gz 23s
PUT /tmp/ktest-lustre.tar.gz 9s
PUT /tmp/ktest-lustre.tar.gz 8s
PUT /tmp/ktest-lustre.tar.gz 8s
PUT /tmp/ktest-lustre.tar.gz 9s
PUT /tmp/ktest-lustre.tar.gz 9s
PUT /tmp/ktest-lustre.tar.gz 8s
PUT /tmp/ktest-lustre.tar.gz 8s
PUT /tmp/ktest-lustre.tar.gz 8s
PUT /tmp/ktest_ml-miscvm:lustre_mainline_native_ld0807eq.tar 0s
PUT /tmp/ktest_ml-miscvm:lustre_mainline_native_ld0807eq.tar 1s
PUT /tmp/ktest_ml-miscvm:lustre_mainline_native_ld0807eq.tar 1s
PUT /tmp/ktest_ml-miscvm:lustre_mainline_native_ld0807eq.tar 1s
PUT /tmp/ktest_ml-miscvm:lustre_mainline_native_ld0807eq.tar 1s
PUT /tmp/ktest_ml-miscvm:lustre_mainline_native_ld0807eq.tar 1s
PUT /tmp/ktest_ml-miscvm:lustre_mainline_native_ld0807eq.tar 1s
PUT /tmp/ktest_ml-miscvm:lustre_mainline_native_ld0807eq.tar 1s
END ml-miscvm:boot run tests/fs/lustre/boot.ktest PASS 75s
END ml-miscvm:mgs-setup run tests/fs/lustre/mgs-setup.ktest PASS 84s
END ml-miscvm:sanity-1 run tests/fs/lustre/sanity/sanity-1.ktest PASS 112s
END ml-miscvm:sanity-3 run tests/fs/lustre/sanity/sanity-3.ktest PASS 116s
END ml-miscvm:sanity-2 run tests/fs/lustre/sanity/sanity-2.ktest PASS 117s
END ml-miscvm:llmount run tests/fs/lustre/llmount.ktest PASS 123s
END ml-miscvm:sanity-4 run tests/fs/lustre/sanity/sanity-4.ktest PASS 124s
END ml-miscvm:llog-unit run tests/fs/lustre/llog-unit.ktest FAIL 161s (exit code: 1)

============================================================
Final Results:
  checkpatch:checkpatch: FAIL (13s) (log: /var/www/ci-lustre/upstream-patch-review/f31d544f81c14306b04158f00e9f8bada4b80aa6_checkpatch:checkpatch.log)
  u24:u24: PASS (58s) (log: /var/www/ci-lustre/upstream-patch-review/f31d544f81c14306b04158f00e9f8bada4b80aa6_u24:u24.log)
  al2023:al2023: PASS (57s) (log: /var/www/ci-lustre/upstream-patch-review/f31d544f81c14306b04158f00e9f8bada4b80aa6_al2023:al2023.log)
  ml-strict:lustre_mainline: FAIL (183s) (log: /var/www/ci-lustre/upstream-patch-review/f31d544f81c14306b04158f00e9f8bada4b80aa6_ml-strict:lustre_mainline.log)
  ml:lustre_mainline: PASS (176s) (log: /var/www/ci-lustre/upstream-patch-review/f31d544f81c14306b04158f00e9f8bada4b80aa6_ml:lustre_mainline.log)
  ml-miscvm:lustre_mainline_native: PASS (185s) (log: /var/www/ci-lustre/upstream-patch-review/f31d544f81c14306b04158f00e9f8bada4b80aa6_ml-miscvm:lustre_mainline_native.log)
  ml-miscvm:boot: PASS (75s) (log: /var/www/ci-lustre/upstream-patch-review/f31d544f81c14306b04158f00e9f8bada4b80aa6_ml-miscvm:boot.log)
  ml-miscvm:llmount: PASS (123s) (log: /var/www/ci-lustre/upstream-patch-review/f31d544f81c14306b04158f00e9f8bada4b80aa6_ml-miscvm:llmount.log)
  ml-miscvm:llog-unit: FAIL (161s) (log: /var/www/ci-lustre/upstream-patch-review/f31d544f81c14306b04158f00e9f8bada4b80aa6_ml-miscvm:llog-unit.log)
  ml-miscvm:mgs-setup: PASS (84s) (log: /var/www/ci-lustre/upstream-patch-review/f31d544f81c14306b04158f00e9f8bada4b80aa6_ml-miscvm:mgs-setup.log)
  ml-miscvm:sanity-1: PASS (112s) (log: /var/www/ci-lustre/upstream-patch-review/f31d544f81c14306b04158f00e9f8bada4b80aa6_ml-miscvm:sanity-1.log)
  ml-miscvm:sanity-2: PASS (117s) (log: /var/www/ci-lustre/upstream-patch-review/f31d544f81c14306b04158f00e9f8bada4b80aa6_ml-miscvm:sanity-2.log)
  ml-miscvm:sanity-3: PASS (116s) (log: /var/www/ci-lustre/upstream-patch-review/f31d544f81c14306b04158f00e9f8bada4b80aa6_ml-miscvm:sanity-3.log)
  ml-miscvm:sanity-4: PASS (124s) (log: /var/www/ci-lustre/upstream-patch-review/f31d544f81c14306b04158f00e9f8bada4b80aa6_ml-miscvm:sanity-4.log)

Total execution time: 375s
