CLI: ./podman-ktest --podman-socket unix:///run/podman/podman.sock --shared-filesystem /tmp --tarball-input job lustre-ci --output /var/www/ci-lustre/upstream-patch-review --git-hash f3a1f3b0c7142172ec26d06f3d938ebee59863e2 --change-id 62757_f3a1f3b0c7142172ec26d06f3d938ebee59863e2 --subject LU-12669 ec: recover data from parity

  Checking /dev/kvm exists... OK
  Checking /dev/kvm permissions... OK
  Creating ccache directory... OK
  Checking ccache directory writable... OK

Environment validated successfully
Creating kernel tarball at /tmp/ktest-kernel.tar.gz...
Creating lustre tarball at /tmp/ktest-lustre.tar.gz...
Executing 16 jobs
Jobs will start as soon as their dependencies are satisfied
Using tarball input mode

START lustre_u24 build tests/fs/lustre/boot.ktest
START lustre_mainline_strict build tests/fs/lustre/boot-strict.ktest
START lustre_mainline_native build tests/fs/lustre/boot.ktest
START lustre_al2023 build tests/fs/lustre/boot.ktest
START lustre_mainline build tests/fs/lustre/boot.ktest
START checkpatch tool checkpatch
PUT /tmp/ktest-kernel.tar.gz 8s
PUT /tmp/ktest-kernel.tar.gz 7s
PUT /tmp/ktest-kernel.tar.gz 7s
PUT /tmp/ktest-kernel.tar.gz 8s
PUT /tmp/ktest-kernel.tar.gz 8s
PUT /tmp/ktest-kernel.tar.gz 8s
PUT /tmp/ktest-lustre.tar.gz 2s
PUT /tmp/ktest-lustre.tar.gz 1s
PUT /tmp/ktest-lustre.tar.gz 2s
PUT /tmp/ktest-lustre.tar.gz 2s
PUT /tmp/ktest-lustre.tar.gz 2s
PUT /tmp/ktest-lustre.tar.gz 2s
END checkpatch tool checkpatch FAIL 13s (exit code: 1)
END lustre_al2023 build tests/fs/lustre/boot.ktest PASS 69s
END lustre_u24 build tests/fs/lustre/boot.ktest PASS 77s
GET /tmp/ktest_lustre_mainline_strict_hts6kpiy.tar 4s
END lustre_mainline_strict build tests/fs/lustre/boot-strict.ktest FAIL 118s (exit code: 1)
GET /tmp/ktest_lustre_mainline_native_ogitzkhi.tar 3s
GET /tmp/ktest_lustre_mainline_l7z72qah.tar 3s
END lustre_mainline_native build tests/fs/lustre/boot.ktest PASS 128s
START clang-tidy tool clang-tidy
START cc-plugin tool cc-plugin
START boot run tests/fs/lustre/boot.ktest
START llmount run tests/fs/lustre/llmount.ktest
START llog-unit run tests/fs/lustre/llog-unit.ktest
START mgs-setup run tests/fs/lustre/mgs-setup.ktest
START sanity-1 run tests/fs/lustre/sanity/sanity-1.ktest
START sanity-2 run tests/fs/lustre/sanity/sanity-2.ktest
START sanity-3 run tests/fs/lustre/sanity/sanity-3.ktest
START sanity-4 run tests/fs/lustre/sanity/sanity-4.ktest
END lustre_mainline build tests/fs/lustre/boot.ktest PASS 129s
PUT /tmp/ktest-kernel.tar.gz 15s
PUT /tmp/ktest_lustre_mainline_native_ogitzkhi.tar 19s
PUT /tmp/ktest_lustre_mainline_native_ogitzkhi.tar 19s
PUT /tmp/ktest-kernel.tar.gz 19s
PUT /tmp/ktest_lustre_mainline_native_ogitzkhi.tar 19s
PUT /tmp/ktest_lustre_mainline_native_ogitzkhi.tar 19s
PUT /tmp/ktest_lustre_mainline_native_ogitzkhi.tar 19s
PUT /tmp/ktest_lustre_mainline_native_ogitzkhi.tar 19s
PUT /tmp/ktest_lustre_mainline_native_ogitzkhi.tar 19s
PUT /tmp/ktest_lustre_mainline_native_ogitzkhi.tar 19s
PUT /tmp/ktest-lustre.tar.gz 23s
PUT /tmp/ktest-lustre.tar.gz 31s
PUT /tmp/ktest_lustre_mainline_native_ogitzkhi.tar 5s
PUT /tmp/ktest_lustre_mainline_native_ogitzkhi.tar 8s
END cc-plugin tool cc-plugin FAIL 55s (exit code: 127)
END boot run tests/fs/lustre/boot.ktest PASS 71s
END clang-tidy tool clang-tidy PASS 75s
END mgs-setup run tests/fs/lustre/mgs-setup.ktest PASS 81s
END sanity-3 run tests/fs/lustre/sanity/sanity-3.ktest PASS 91s
END sanity-4 run tests/fs/lustre/sanity/sanity-4.ktest PASS 98s
END sanity-2 run tests/fs/lustre/sanity/sanity-2.ktest PASS 104s
END sanity-1 run tests/fs/lustre/sanity/sanity-1.ktest PASS 113s
END llog-unit run tests/fs/lustre/llog-unit.ktest PASS 162s
END llmount run tests/fs/lustre/llmount.ktest PASS 164s

============================================================
Final Results:
  checkpatch: FAIL (13s) (log: /var/www/ci-lustre/upstream-patch-review/f3a1f3b0c7142172ec26d06f3d938ebee59863e2_checkpatch.log)
  lustre_u24: PASS (77s) (log: /var/www/ci-lustre/upstream-patch-review/f3a1f3b0c7142172ec26d06f3d938ebee59863e2_lustre_u24.log)
  lustre_al2023: PASS (69s) (log: /var/www/ci-lustre/upstream-patch-review/f3a1f3b0c7142172ec26d06f3d938ebee59863e2_lustre_al2023.log)
  lustre_mainline_strict: FAIL (118s) (log: /var/www/ci-lustre/upstream-patch-review/f3a1f3b0c7142172ec26d06f3d938ebee59863e2_lustre_mainline_strict.log)
  lustre_mainline: PASS (129s) (log: /var/www/ci-lustre/upstream-patch-review/f3a1f3b0c7142172ec26d06f3d938ebee59863e2_lustre_mainline.log)
  lustre_mainline_native: PASS (128s) (log: /var/www/ci-lustre/upstream-patch-review/f3a1f3b0c7142172ec26d06f3d938ebee59863e2_lustre_mainline_native.log)
  clang-tidy: PASS (75s) (log: /var/www/ci-lustre/upstream-patch-review/f3a1f3b0c7142172ec26d06f3d938ebee59863e2_clang-tidy.log)
  cc-plugin: FAIL (55s) (log: /var/www/ci-lustre/upstream-patch-review/f3a1f3b0c7142172ec26d06f3d938ebee59863e2_cc-plugin.log)
  boot: PASS (71s) (log: /var/www/ci-lustre/upstream-patch-review/f3a1f3b0c7142172ec26d06f3d938ebee59863e2_boot.log)
  llmount: PASS (164s) (log: /var/www/ci-lustre/upstream-patch-review/f3a1f3b0c7142172ec26d06f3d938ebee59863e2_llmount.log)
  llog-unit: PASS (162s) (log: /var/www/ci-lustre/upstream-patch-review/f3a1f3b0c7142172ec26d06f3d938ebee59863e2_llog-unit.log)
  mgs-setup: PASS (81s) (log: /var/www/ci-lustre/upstream-patch-review/f3a1f3b0c7142172ec26d06f3d938ebee59863e2_mgs-setup.log)
  sanity-1: PASS (113s) (log: /var/www/ci-lustre/upstream-patch-review/f3a1f3b0c7142172ec26d06f3d938ebee59863e2_sanity-1.log)
  sanity-2: PASS (104s) (log: /var/www/ci-lustre/upstream-patch-review/f3a1f3b0c7142172ec26d06f3d938ebee59863e2_sanity-2.log)
  sanity-3: PASS (91s) (log: /var/www/ci-lustre/upstream-patch-review/f3a1f3b0c7142172ec26d06f3d938ebee59863e2_sanity-3.log)
  sanity-4: PASS (98s) (log: /var/www/ci-lustre/upstream-patch-review/f3a1f3b0c7142172ec26d06f3d938ebee59863e2_sanity-4.log)

Total execution time: 322s
