CLI: ./podman-ktest --podman-socket unix:///run/podman/podman.sock --shared-filesystem /tmp --tarball-input job lustre-ci --output /var/www/ci-lustre/upstream-patch-review --git-hash f3b08770334a524bce1c5042089ff7e20a63abfc --change-id 67011_f3b08770334a524bce1c5042089ff7e20a63abfc --subject LU-18158 dbg: find suitable interop tests

Environment validated successfully
Creating kernel tarball at /tmp/ktest-kernel.tar.gz...
Creating lustre tarball at /tmp/ktest-lustre.tar.gz...
Creating ZFS tarball at /tmp/ktest-zfs.tar.gz...
Executing 14 jobs
Jobs will start as soon as their dependencies are satisfied
Using tarball input mode

START ml-miscvm:lustre_mainline_native build tests/fs/lustre/boot.ktest
START checkpatch:checkpatch tool checkpatch
START u24:u24 build tests/fs/lustre/boot.ktest
START ml:lustre_mainline build tests/fs/lustre/boot.ktest
START al2023:al2023 build tests/fs/lustre/boot.ktest
START ml-strict:lustre_mainline build tests/fs/lustre/boot-strict.ktest
PUT /tmp/ktest-lustre.tar.gz 1s
PUT /tmp/ktest-lustre.tar.gz 1s
PUT /tmp/ktest-kernel.tar.gz 6s
PUT /tmp/ktest-kernel.tar.gz 6s
PUT /tmp/ktest-kernel.tar.gz 7s
PUT /tmp/ktest-kernel.tar.gz 7s
PUT /tmp/ktest-lustre.tar.gz 1s
PUT /tmp/ktest-lustre.tar.gz 1s
PUT /tmp/ktest-lustre.tar.gz 1s
PUT /tmp/ktest-lustre.tar.gz 1s
PUT /tmp/ktest-zfs.tar.gz 0s
PUT /tmp/ktest-zfs.tar.gz 0s
PUT /tmp/ktest-zfs.tar.gz 0s
END checkpatch:checkpatch tool checkpatch PASS 10s
END al2023:al2023 build tests/fs/lustre/boot.ktest PASS 52s
END u24:u24 build tests/fs/lustre/boot.ktest PASS 54s
GET /tmp/ktest_ml-strict:lustre_mainline_m4l6ofcy.tar 5s
GET /tmp/ktest_ml-miscvm:lustre_mainline_native_0es1lgyg.tar 0s
END ml-strict:lustre_mainline build tests/fs/lustre/boot-strict.ktest FAIL 150s (exit code: 1)
END ml-miscvm:lustre_mainline_native build tests/fs/lustre/boot.ktest PASS 151s
START ml-miscvm:boot run tests/fs/lustre/boot.ktest
START ml-miscvm:llmount run tests/fs/lustre/llmount.ktest
START ml-miscvm:llog-unit run tests/fs/lustre/llog-unit.ktest
START ml-miscvm:mgs-setup run tests/fs/lustre/mgs-setup.ktest
START ml-miscvm:sanity-1 run tests/fs/lustre/sanity/sanity-1.ktest
START ml-miscvm:sanity-2 run tests/fs/lustre/sanity/sanity-2.ktest
START ml-miscvm:sanity-3 run tests/fs/lustre/sanity/sanity-3.ktest
START ml-miscvm:sanity-4 run tests/fs/lustre/sanity/sanity-4.ktest
GET /tmp/ktest_ml:lustre_mainline_n933evdj.tar 2s
END ml:lustre_mainline build tests/fs/lustre/boot.ktest PASS 153s
PUT /tmp/ktest-kernel.tar.gz 9s
PUT /tmp/ktest-kernel.tar.gz 8s
PUT /tmp/ktest-kernel.tar.gz 8s
PUT /tmp/ktest-kernel.tar.gz 10s
PUT /tmp/ktest-kernel.tar.gz 9s
PUT /tmp/ktest-kernel.tar.gz 10s
PUT /tmp/ktest-kernel.tar.gz 9s
PUT /tmp/ktest-kernel.tar.gz 9s
PUT /tmp/ktest-lustre.tar.gz 2s
PUT /tmp/ktest-lustre.tar.gz 2s
PUT /tmp/ktest-lustre.tar.gz 3s
PUT /tmp/ktest-lustre.tar.gz 2s
PUT /tmp/ktest-lustre.tar.gz 1s
PUT /tmp/ktest-lustre.tar.gz 2s
PUT /tmp/ktest-lustre.tar.gz 1s
PUT /tmp/ktest-lustre.tar.gz 1s
PUT /tmp/ktest_ml-miscvm:lustre_mainline_native_0es1lgyg.tar 0s
PUT /tmp/ktest_ml-miscvm:lustre_mainline_native_0es1lgyg.tar 0s
PUT /tmp/ktest_ml-miscvm:lustre_mainline_native_0es1lgyg.tar 0s
PUT /tmp/ktest_ml-miscvm:lustre_mainline_native_0es1lgyg.tar 0s
PUT /tmp/ktest_ml-miscvm:lustre_mainline_native_0es1lgyg.tar 0s
PUT /tmp/ktest_ml-miscvm:lustre_mainline_native_0es1lgyg.tar 0s
PUT /tmp/ktest_ml-miscvm:lustre_mainline_native_0es1lgyg.tar 0s
PUT /tmp/ktest_ml-miscvm:lustre_mainline_native_0es1lgyg.tar 0s
END ml-miscvm:boot run tests/fs/lustre/boot.ktest PASS 55s
END ml-miscvm:mgs-setup run tests/fs/lustre/mgs-setup.ktest PASS 64s
END ml-miscvm:sanity-3 run tests/fs/lustre/sanity/sanity-3.ktest PASS 92s
END ml-miscvm:sanity-2 run tests/fs/lustre/sanity/sanity-2.ktest PASS 93s
END ml-miscvm:sanity-1 run tests/fs/lustre/sanity/sanity-1.ktest PASS 95s
END ml-miscvm:sanity-4 run tests/fs/lustre/sanity/sanity-4.ktest PASS 96s
END ml-miscvm:llmount run tests/fs/lustre/llmount.ktest PASS 101s
END ml-miscvm:llog-unit run tests/fs/lustre/llog-unit.ktest FAIL 141s (exit code: 1)

============================================================
Final Results:
  checkpatch:checkpatch: PASS (10s) (log: /var/www/ci-lustre/upstream-patch-review/f3b08770334a524bce1c5042089ff7e20a63abfc_checkpatch:checkpatch.log)
  u24:u24: PASS (54s) (log: /var/www/ci-lustre/upstream-patch-review/f3b08770334a524bce1c5042089ff7e20a63abfc_u24:u24.log)
  al2023:al2023: PASS (52s) (log: /var/www/ci-lustre/upstream-patch-review/f3b08770334a524bce1c5042089ff7e20a63abfc_al2023:al2023.log)
  ml-strict:lustre_mainline: FAIL (150s) (log: /var/www/ci-lustre/upstream-patch-review/f3b08770334a524bce1c5042089ff7e20a63abfc_ml-strict:lustre_mainline.log)
  ml:lustre_mainline: PASS (153s) (log: /var/www/ci-lustre/upstream-patch-review/f3b08770334a524bce1c5042089ff7e20a63abfc_ml:lustre_mainline.log)
  ml-miscvm:lustre_mainline_native: PASS (151s) (log: /var/www/ci-lustre/upstream-patch-review/f3b08770334a524bce1c5042089ff7e20a63abfc_ml-miscvm:lustre_mainline_native.log)
  ml-miscvm:boot: PASS (55s) (log: /var/www/ci-lustre/upstream-patch-review/f3b08770334a524bce1c5042089ff7e20a63abfc_ml-miscvm:boot.log)
  ml-miscvm:llmount: PASS (101s) (log: /var/www/ci-lustre/upstream-patch-review/f3b08770334a524bce1c5042089ff7e20a63abfc_ml-miscvm:llmount.log)
  ml-miscvm:llog-unit: FAIL (141s) (log: /var/www/ci-lustre/upstream-patch-review/f3b08770334a524bce1c5042089ff7e20a63abfc_ml-miscvm:llog-unit.log)
  ml-miscvm:mgs-setup: PASS (64s) (log: /var/www/ci-lustre/upstream-patch-review/f3b08770334a524bce1c5042089ff7e20a63abfc_ml-miscvm:mgs-setup.log)
  ml-miscvm:sanity-1: PASS (95s) (log: /var/www/ci-lustre/upstream-patch-review/f3b08770334a524bce1c5042089ff7e20a63abfc_ml-miscvm:sanity-1.log)
  ml-miscvm:sanity-2: PASS (93s) (log: /var/www/ci-lustre/upstream-patch-review/f3b08770334a524bce1c5042089ff7e20a63abfc_ml-miscvm:sanity-2.log)
  ml-miscvm:sanity-3: PASS (92s) (log: /var/www/ci-lustre/upstream-patch-review/f3b08770334a524bce1c5042089ff7e20a63abfc_ml-miscvm:sanity-3.log)
  ml-miscvm:sanity-4: PASS (96s) (log: /var/www/ci-lustre/upstream-patch-review/f3b08770334a524bce1c5042089ff7e20a63abfc_ml-miscvm:sanity-4.log)

Total execution time: 322s
