CLI: ./podman-ktest --podman-socket unix:///run/podman/podman.sock --shared-filesystem /tmp --tarball-input job lustre-ci --output /var/www/ci-lustre/upstream-patch-review --git-hash f56b905cdc09647a2c5883eff70150e1faf4e469 --change-id 65055_f56b905cdc09647a2c5883eff70150e1faf4e469 --subject LU-20000 lnetctl: bad CPTs/tunables during import

  Checking /dev/kvm exists... OK
  Checking /dev/kvm permissions... OK
  Creating ccache directory... OK
  Checking ccache directory writable... OK

Environment validated successfully
Creating kernel tarball at /tmp/ktest-kernel.tar.gz...
Creating lustre tarball at /tmp/ktest-lustre.tar.gz...
Executing 16 jobs
Jobs will start as soon as their dependencies are satisfied
Using tarball input mode

START lustre_mainline_native build tests/fs/lustre/boot.ktest
START lustre_mainline_strict build tests/fs/lustre/boot-strict.ktest
START checkpatch tool checkpatch
START u24 build tests/fs/lustre/boot.ktest
START lustre_mainline build tests/fs/lustre/boot.ktest
START al2023 build tests/fs/lustre/boot.ktest
PUT /tmp/ktest-kernel.tar.gz 8s
PUT /tmp/ktest-kernel.tar.gz 8s
PUT /tmp/ktest-kernel.tar.gz 8s
PUT /tmp/ktest-kernel.tar.gz 8s
PUT /tmp/ktest-kernel.tar.gz 8s
PUT /tmp/ktest-kernel.tar.gz 8s
PUT /tmp/ktest-lustre.tar.gz 2s
PUT /tmp/ktest-lustre.tar.gz 2s
PUT /tmp/ktest-lustre.tar.gz 2s
PUT /tmp/ktest-lustre.tar.gz 2s
PUT /tmp/ktest-lustre.tar.gz 2s
PUT /tmp/ktest-lustre.tar.gz 2s
END checkpatch tool checkpatch FAIL 13s (exit code: 1)
END al2023 build tests/fs/lustre/boot.ktest PASS 65s
END u24 build tests/fs/lustre/boot.ktest PASS 69s
GET /tmp/ktest_lustre_mainline_strict_wgbuuxxn.tar 5s
END lustre_mainline_strict build tests/fs/lustre/boot-strict.ktest FAIL 111s (exit code: 1)
GET /tmp/ktest_lustre_mainline_sntr47av.tar 4s
GET /tmp/ktest_lustre_mainline_native_l5bk637h.tar 4s
END lustre_mainline build tests/fs/lustre/boot.ktest PASS 114s
END lustre_mainline_native build tests/fs/lustre/boot.ktest PASS 115s
START clang-tidy tool clang-tidy
START cc-plugin tool cc-plugin
START boot run tests/fs/lustre/boot.ktest
START llmount run tests/fs/lustre/llmount.ktest
START llog-unit run tests/fs/lustre/llog-unit.ktest
START mgs-setup run tests/fs/lustre/mgs-setup.ktest
START sanity-1 run tests/fs/lustre/sanity/sanity-1.ktest
START sanity-2 run tests/fs/lustre/sanity/sanity-2.ktest
START sanity-3 run tests/fs/lustre/sanity/sanity-3.ktest
START sanity-4 run tests/fs/lustre/sanity/sanity-4.ktest
PUT /tmp/ktest-kernel.tar.gz 18s
PUT /tmp/ktest_lustre_mainline_native_l5bk637h.tar 19s
PUT /tmp/ktest_lustre_mainline_native_l5bk637h.tar 19s
PUT /tmp/ktest_lustre_mainline_native_l5bk637h.tar 19s
PUT /tmp/ktest_lustre_mainline_native_l5bk637h.tar 19s
PUT /tmp/ktest_lustre_mainline_native_l5bk637h.tar 19s
PUT /tmp/ktest_lustre_mainline_native_l5bk637h.tar 19s
PUT /tmp/ktest-kernel.tar.gz 19s
PUT /tmp/ktest_lustre_mainline_native_l5bk637h.tar 19s
PUT /tmp/ktest_lustre_mainline_native_l5bk637h.tar 19s
PUT /tmp/ktest-lustre.tar.gz 23s
PUT /tmp/ktest-lustre.tar.gz 28s
PUT /tmp/ktest_lustre_mainline_native_l5bk637h.tar 9s
PUT /tmp/ktest_lustre_mainline_native_l5bk637h.tar 13s
END cc-plugin tool cc-plugin FAIL 60s (exit code: 127)
END clang-tidy tool clang-tidy PASS 80s
END mgs-setup run tests/fs/lustre/mgs-setup.ktest PASS 91s
END boot run tests/fs/lustre/boot.ktest PASS 93s
END sanity-1 run tests/fs/lustre/sanity/sanity-1.ktest PASS 101s
END sanity-3 run tests/fs/lustre/sanity/sanity-3.ktest PASS 102s
END sanity-4 run tests/fs/lustre/sanity/sanity-4.ktest PASS 115s
END sanity-2 run tests/fs/lustre/sanity/sanity-2.ktest PASS 117s
END llmount run tests/fs/lustre/llmount.ktest PASS 175s
END llog-unit run tests/fs/lustre/llog-unit.ktest PASS 176s

============================================================
Final Results:
  checkpatch: FAIL (13s) (log: /var/www/ci-lustre/upstream-patch-review/f56b905cdc09647a2c5883eff70150e1faf4e469_checkpatch.log)
  u24: PASS (69s) (log: /var/www/ci-lustre/upstream-patch-review/f56b905cdc09647a2c5883eff70150e1faf4e469_u24.log)
  al2023: PASS (65s) (log: /var/www/ci-lustre/upstream-patch-review/f56b905cdc09647a2c5883eff70150e1faf4e469_al2023.log)
  lustre_mainline_strict: FAIL (111s) (log: /var/www/ci-lustre/upstream-patch-review/f56b905cdc09647a2c5883eff70150e1faf4e469_lustre_mainline_strict.log)
  lustre_mainline: PASS (114s) (log: /var/www/ci-lustre/upstream-patch-review/f56b905cdc09647a2c5883eff70150e1faf4e469_lustre_mainline.log)
  lustre_mainline_native: PASS (115s) (log: /var/www/ci-lustre/upstream-patch-review/f56b905cdc09647a2c5883eff70150e1faf4e469_lustre_mainline_native.log)
  clang-tidy: PASS (80s) (log: /var/www/ci-lustre/upstream-patch-review/f56b905cdc09647a2c5883eff70150e1faf4e469_clang-tidy.log)
  cc-plugin: FAIL (60s) (log: /var/www/ci-lustre/upstream-patch-review/f56b905cdc09647a2c5883eff70150e1faf4e469_cc-plugin.log)
  boot: PASS (93s) (log: /var/www/ci-lustre/upstream-patch-review/f56b905cdc09647a2c5883eff70150e1faf4e469_boot.log)
  llmount: PASS (175s) (log: /var/www/ci-lustre/upstream-patch-review/f56b905cdc09647a2c5883eff70150e1faf4e469_llmount.log)
  llog-unit: PASS (176s) (log: /var/www/ci-lustre/upstream-patch-review/f56b905cdc09647a2c5883eff70150e1faf4e469_llog-unit.log)
  mgs-setup: PASS (91s) (log: /var/www/ci-lustre/upstream-patch-review/f56b905cdc09647a2c5883eff70150e1faf4e469_mgs-setup.log)
  sanity-1: PASS (101s) (log: /var/www/ci-lustre/upstream-patch-review/f56b905cdc09647a2c5883eff70150e1faf4e469_sanity-1.log)
  sanity-2: PASS (117s) (log: /var/www/ci-lustre/upstream-patch-review/f56b905cdc09647a2c5883eff70150e1faf4e469_sanity-2.log)
  sanity-3: PASS (102s) (log: /var/www/ci-lustre/upstream-patch-review/f56b905cdc09647a2c5883eff70150e1faf4e469_sanity-3.log)
  sanity-4: PASS (115s) (log: /var/www/ci-lustre/upstream-patch-review/f56b905cdc09647a2c5883eff70150e1faf4e469_sanity-4.log)

Total execution time: 323s
Deleted orphaned log file: 5b242f03780efc99491c88164a6026e1047c14ca_execution.log
Deleted orphaned log file: 5b242f03780efc99491c88164a6026e1047c14ca_checkpatch.log
Deleted orphaned log file: 5b242f03780efc99491c88164a6026e1047c14ca_llog-unit.log
Deleted orphaned log file: 5b242f03780efc99491c88164a6026e1047c14ca_sanity-4.log
Deleted orphaned log file: 5b242f03780efc99491c88164a6026e1047c14ca_boot.log
Deleted orphaned log file: 5b242f03780efc99491c88164a6026e1047c14ca_u24.log
Deleted orphaned log file: 5b242f03780efc99491c88164a6026e1047c14ca_clang-tidy.log
Deleted orphaned log file: 5b242f03780efc99491c88164a6026e1047c14ca_sanity-2.log
Deleted orphaned log file: 5b242f03780efc99491c88164a6026e1047c14ca_al2023.log
Deleted orphaned log file: 5b242f03780efc99491c88164a6026e1047c14ca_sanity-1.log
Deleted orphaned log file: 5b242f03780efc99491c88164a6026e1047c14ca_sanity-3.log
Deleted orphaned log file: 5b242f03780efc99491c88164a6026e1047c14ca_lustre_mainline_native.log
Deleted orphaned log file: 5b242f03780efc99491c88164a6026e1047c14ca_lustre_mainline_strict.log
Deleted orphaned log file: 5b242f03780efc99491c88164a6026e1047c14ca_cc-plugin.log
Deleted orphaned log file: 5b242f03780efc99491c88164a6026e1047c14ca_llmount.log
Deleted orphaned log file: 5b242f03780efc99491c88164a6026e1047c14ca_mgs-setup.log
Deleted orphaned log file: 5b242f03780efc99491c88164a6026e1047c14ca_lustre_mainline.log
Cleanup complete: deleted 17 orphaned log files
