CLI: ./podman-ktest --podman-socket unix:///run/podman/podman.sock --shared-filesystem /tmp --tarball-input job lustre-ci --output /var/www/ci-lustre/upstream-patch-review --git-hash f5b54c93d420c4efe6c2633e883055e7a3bbe61a --change-id 66065_f5b54c93d420c4efe6c2633e883055e7a3bbe61a --subject LU-20292 build: improve kernel rpm naming

  Checking /dev/kvm exists... OK
  Checking /dev/kvm permissions... OK
  Creating ccache directory... OK
  Checking ccache directory writable... OK

Environment validated successfully
Creating kernel tarball at /tmp/ktest-kernel.tar.gz...
Creating lustre tarball at /tmp/ktest-lustre.tar.gz...
Creating ZFS tarball at /tmp/ktest-zfs.tar.gz...
Executing 13 jobs
Jobs will start as soon as their dependencies are satisfied
Using tarball input mode

START checkpatch tool checkpatch
START u24 build tests/fs/lustre/boot.ktest
START lustre_mainline_native build tests/fs/lustre/boot.ktest
START lustre_mainline build tests/fs/lustre/boot.ktest
START lustre_mainline_strict build tests/fs/lustre/boot-strict.ktest
START al2023 build tests/fs/lustre/boot.ktest
PUT /tmp/ktest-lustre.tar.gz 2s
PUT /tmp/ktest-lustre.tar.gz 2s
PUT /tmp/ktest-kernel.tar.gz 6s
PUT /tmp/ktest-kernel.tar.gz 6s
PUT /tmp/ktest-kernel.tar.gz 6s
PUT /tmp/ktest-kernel.tar.gz 6s
PUT /tmp/ktest-lustre.tar.gz 1s
PUT /tmp/ktest-lustre.tar.gz 1s
PUT /tmp/ktest-lustre.tar.gz 1s
PUT /tmp/ktest-lustre.tar.gz 1s
PUT /tmp/ktest-zfs.tar.gz 0s
PUT /tmp/ktest-zfs.tar.gz 0s
PUT /tmp/ktest-zfs.tar.gz 0s
END checkpatch tool checkpatch PASS 9s
END al2023 build tests/fs/lustre/boot.ktest PASS 62s
END u24 build tests/fs/lustre/boot.ktest PASS 64s
GET /tmp/ktest_lustre_mainline_strict_cr7y7oke.tar 5s
END lustre_mainline_strict build tests/fs/lustre/boot-strict.ktest FAIL 140s (exit code: 1)
GET /tmp/ktest_lustre_mainline_8ckfg2sq.tar 0s
GET /tmp/ktest_lustre_mainline_native_rqlyb5mu.tar 0s
END lustre_mainline build tests/fs/lustre/boot.ktest PASS 154s
END lustre_mainline_native build tests/fs/lustre/boot.ktest PASS 155s
START boot run tests/fs/lustre/boot.ktest
START llmount run tests/fs/lustre/llmount.ktest
START mgs-setup run tests/fs/lustre/mgs-setup.ktest
START sanity-1 run tests/fs/lustre/sanity/sanity-1.ktest
START sanity-2 run tests/fs/lustre/sanity/sanity-2.ktest
START sanity-3 run tests/fs/lustre/sanity/sanity-3.ktest
START sanity-4 run tests/fs/lustre/sanity/sanity-4.ktest
PUT /tmp/ktest_lustre_mainline_native_rqlyb5mu.tar 4s
PUT /tmp/ktest_lustre_mainline_native_rqlyb5mu.tar 4s
PUT /tmp/ktest_lustre_mainline_native_rqlyb5mu.tar 4s
PUT /tmp/ktest_lustre_mainline_native_rqlyb5mu.tar 1s
PUT /tmp/ktest_lustre_mainline_native_rqlyb5mu.tar 2s
PUT /tmp/ktest_lustre_mainline_native_rqlyb5mu.tar 2s
PUT /tmp/ktest_lustre_mainline_native_rqlyb5mu.tar 2s
END boot run tests/fs/lustre/boot.ktest PASS 21s
END mgs-setup run tests/fs/lustre/mgs-setup.ktest PASS 30s
END sanity-1 run tests/fs/lustre/sanity/sanity-1.ktest PASS 45s
END sanity-2 run tests/fs/lustre/sanity/sanity-2.ktest PASS 54s
END sanity-3 run tests/fs/lustre/sanity/sanity-3.ktest PASS 56s
END sanity-4 run tests/fs/lustre/sanity/sanity-4.ktest PASS 57s
END llmount run tests/fs/lustre/llmount.ktest PASS 106s

============================================================
Final Results:
  checkpatch: PASS (9s) (log: /var/www/ci-lustre/upstream-patch-review/f5b54c93d420c4efe6c2633e883055e7a3bbe61a_checkpatch.log)
  u24: PASS (64s) (log: /var/www/ci-lustre/upstream-patch-review/f5b54c93d420c4efe6c2633e883055e7a3bbe61a_u24.log)
  al2023: PASS (62s) (log: /var/www/ci-lustre/upstream-patch-review/f5b54c93d420c4efe6c2633e883055e7a3bbe61a_al2023.log)
  lustre_mainline_strict: FAIL (140s) (log: /var/www/ci-lustre/upstream-patch-review/f5b54c93d420c4efe6c2633e883055e7a3bbe61a_lustre_mainline_strict.log)
  lustre_mainline: PASS (154s) (log: /var/www/ci-lustre/upstream-patch-review/f5b54c93d420c4efe6c2633e883055e7a3bbe61a_lustre_mainline.log)
  lustre_mainline_native: PASS (155s) (log: /var/www/ci-lustre/upstream-patch-review/f5b54c93d420c4efe6c2633e883055e7a3bbe61a_lustre_mainline_native.log)
  boot: PASS (21s) (log: /var/www/ci-lustre/upstream-patch-review/f5b54c93d420c4efe6c2633e883055e7a3bbe61a_boot.log)
  llmount: PASS (106s) (log: /var/www/ci-lustre/upstream-patch-review/f5b54c93d420c4efe6c2633e883055e7a3bbe61a_llmount.log)
  mgs-setup: PASS (30s) (log: /var/www/ci-lustre/upstream-patch-review/f5b54c93d420c4efe6c2633e883055e7a3bbe61a_mgs-setup.log)
  sanity-1: PASS (45s) (log: /var/www/ci-lustre/upstream-patch-review/f5b54c93d420c4efe6c2633e883055e7a3bbe61a_sanity-1.log)
  sanity-2: PASS (54s) (log: /var/www/ci-lustre/upstream-patch-review/f5b54c93d420c4efe6c2633e883055e7a3bbe61a_sanity-2.log)
  sanity-3: PASS (56s) (log: /var/www/ci-lustre/upstream-patch-review/f5b54c93d420c4efe6c2633e883055e7a3bbe61a_sanity-3.log)
  sanity-4: PASS (57s) (log: /var/www/ci-lustre/upstream-patch-review/f5b54c93d420c4efe6c2633e883055e7a3bbe61a_sanity-4.log)

Total execution time: 290s
