CLI: ./podman-ktest --podman-socket unix:///run/podman/podman.sock --shared-filesystem /tmp --tarball-input job lustre-ci --output /var/www/ci-lustre/upstream-patch-review --git-hash f602ddd23760158bab952fd802f3bbc7429bfedf --change-id 66588_f602ddd23760158bab952fd802f3bbc7429bfedf --subject LU-20350 o2iblnd: Bounce cross-NUMA bulk via NIC-local pool

  Checking /dev/kvm exists... OK
  Checking /dev/kvm permissions... OK
  Creating ccache directory... OK
  Checking ccache directory writable... OK
  Creating package output directory... OK

Environment validated successfully
Creating kernel tarball at /tmp/ktest-kernel.tar.gz...
Creating lustre tarball at /tmp/ktest-lustre.tar.gz...
Creating ZFS tarball at /tmp/ktest-zfs.tar.gz...
Executing 13 jobs
Jobs will start as soon as their dependencies are satisfied
Using tarball input mode

START lustre_mainline_strict build tests/fs/lustre/boot-strict.ktest
START lustre_mainline build tests/fs/lustre/boot.ktest
START u24 build tests/fs/lustre/boot.ktest
START al2023 build tests/fs/lustre/boot.ktest
START lustre_mainline_native build tests/fs/lustre/boot.ktest
START checkpatch tool checkpatch
PUT /tmp/ktest-lustre.tar.gz 1s
PUT /tmp/ktest-lustre.tar.gz 2s
PUT /tmp/ktest-kernel.tar.gz 6s
PUT /tmp/ktest-kernel.tar.gz 6s
PUT /tmp/ktest-kernel.tar.gz 6s
PUT /tmp/ktest-kernel.tar.gz 7s
PUT /tmp/ktest-lustre.tar.gz 2s
PUT /tmp/ktest-lustre.tar.gz 2s
PUT /tmp/ktest-lustre.tar.gz 2s
PUT /tmp/ktest-lustre.tar.gz 2s
PUT /tmp/ktest-zfs.tar.gz 0s
PUT /tmp/ktest-zfs.tar.gz 0s
PUT /tmp/ktest-zfs.tar.gz 0s
END checkpatch tool checkpatch FAIL 12s (exit code: 1)
END al2023 build tests/fs/lustre/boot.ktest PASS 53s
END u24 build tests/fs/lustre/boot.ktest PASS 55s
GET /tmp/ktest_lustre_mainline_native_fm58k7_8.tar 0s
GET /tmp/ktest_lustre_mainline_e5ajhkn_.tar 0s
END lustre_mainline_native build tests/fs/lustre/boot.ktest PASS 169s
START boot run tests/fs/lustre/boot.ktest
START llmount run tests/fs/lustre/llmount.ktest
START mgs-setup run tests/fs/lustre/mgs-setup.ktest
START sanity-1 run tests/fs/lustre/sanity/sanity-1.ktest
START sanity-2 run tests/fs/lustre/sanity/sanity-2.ktest
START sanity-3 run tests/fs/lustre/sanity/sanity-3.ktest
START sanity-4 run tests/fs/lustre/sanity/sanity-4.ktest
GET /tmp/ktest_lustre_mainline_strict_a26sgcht.tar 5s
END lustre_mainline build tests/fs/lustre/boot.ktest PASS 170s
END lustre_mainline_strict build tests/fs/lustre/boot-strict.ktest FAIL 171s (exit code: 1)
PUT /tmp/ktest-kernel.tar.gz 13s
PUT /tmp/ktest-kernel.tar.gz 13s
PUT /tmp/ktest-kernel.tar.gz 14s
PUT /tmp/ktest-kernel.tar.gz 13s
PUT /tmp/ktest-kernel.tar.gz 14s
PUT /tmp/ktest-kernel.tar.gz 14s
PUT /tmp/ktest-kernel.tar.gz 14s
PUT /tmp/ktest-lustre.tar.gz 3s
PUT /tmp/ktest-lustre.tar.gz 4s
PUT /tmp/ktest-lustre.tar.gz 4s
PUT /tmp/ktest-lustre.tar.gz 3s
PUT /tmp/ktest-lustre.tar.gz 3s
PUT /tmp/ktest-lustre.tar.gz 4s
PUT /tmp/ktest-lustre.tar.gz 3s
PUT /tmp/ktest_lustre_mainline_native_fm58k7_8.tar 0s
PUT /tmp/ktest_lustre_mainline_native_fm58k7_8.tar 0s
PUT /tmp/ktest_lustre_mainline_native_fm58k7_8.tar 0s
PUT /tmp/ktest_lustre_mainline_native_fm58k7_8.tar 0s
PUT /tmp/ktest_lustre_mainline_native_fm58k7_8.tar 0s
PUT /tmp/ktest_lustre_mainline_native_fm58k7_8.tar 0s
PUT /tmp/ktest_lustre_mainline_native_fm58k7_8.tar 0s
END boot run tests/fs/lustre/boot.ktest PASS 62s
END mgs-setup run tests/fs/lustre/mgs-setup.ktest PASS 71s
END sanity-4 run tests/fs/lustre/sanity/sanity-4.ktest PASS 100s
END sanity-1 run tests/fs/lustre/sanity/sanity-1.ktest PASS 102s
END sanity-2 run tests/fs/lustre/sanity/sanity-2.ktest PASS 103s
END sanity-3 run tests/fs/lustre/sanity/sanity-3.ktest PASS 104s
END llmount run tests/fs/lustre/llmount.ktest PASS 109s

============================================================
Final Results:
  checkpatch: FAIL (12s) (log: /var/www/ci-lustre/upstream-patch-review/f602ddd23760158bab952fd802f3bbc7429bfedf_checkpatch.log)
  u24: PASS (55s) (log: /var/www/ci-lustre/upstream-patch-review/f602ddd23760158bab952fd802f3bbc7429bfedf_u24.log)
  al2023: PASS (53s) (log: /var/www/ci-lustre/upstream-patch-review/f602ddd23760158bab952fd802f3bbc7429bfedf_al2023.log)
  lustre_mainline_strict: FAIL (171s) (log: /var/www/ci-lustre/upstream-patch-review/f602ddd23760158bab952fd802f3bbc7429bfedf_lustre_mainline_strict.log)
  lustre_mainline: PASS (170s) (log: /var/www/ci-lustre/upstream-patch-review/f602ddd23760158bab952fd802f3bbc7429bfedf_lustre_mainline.log)
  lustre_mainline_native: PASS (169s) (log: /var/www/ci-lustre/upstream-patch-review/f602ddd23760158bab952fd802f3bbc7429bfedf_lustre_mainline_native.log)
  boot: PASS (62s) (log: /var/www/ci-lustre/upstream-patch-review/f602ddd23760158bab952fd802f3bbc7429bfedf_boot.log)
  llmount: PASS (109s) (log: /var/www/ci-lustre/upstream-patch-review/f602ddd23760158bab952fd802f3bbc7429bfedf_llmount.log)
  mgs-setup: PASS (71s) (log: /var/www/ci-lustre/upstream-patch-review/f602ddd23760158bab952fd802f3bbc7429bfedf_mgs-setup.log)
  sanity-1: PASS (102s) (log: /var/www/ci-lustre/upstream-patch-review/f602ddd23760158bab952fd802f3bbc7429bfedf_sanity-1.log)
  sanity-2: PASS (103s) (log: /var/www/ci-lustre/upstream-patch-review/f602ddd23760158bab952fd802f3bbc7429bfedf_sanity-2.log)
  sanity-3: PASS (104s) (log: /var/www/ci-lustre/upstream-patch-review/f602ddd23760158bab952fd802f3bbc7429bfedf_sanity-3.log)
  sanity-4: PASS (100s) (log: /var/www/ci-lustre/upstream-patch-review/f602ddd23760158bab952fd802f3bbc7429bfedf_sanity-4.log)

Total execution time: 307s
