CLI: ./podman-ktest --podman-socket unix:///run/podman/podman.sock --shared-filesystem /tmp --tarball-input job lustre-ci --output /var/www/ci-lustre/upstream-patch-review --git-hash f68f6124d1ed950bf237b679f747c6c1549e1f16 --change-id 65771_f68f6124d1ed950bf237b679f747c6c1549e1f16 --subject LU-20234 build: add client support for Ubuntu 26.04

  Checking /dev/kvm exists... OK
  Checking /dev/kvm permissions... OK
  Creating ccache directory... OK
  Checking ccache directory writable... OK

Environment validated successfully
Creating kernel tarball at /tmp/ktest-kernel.tar.gz...
Creating lustre tarball at /tmp/ktest-lustre.tar.gz...
Executing 16 jobs
Jobs will start as soon as their dependencies are satisfied
Using tarball input mode

START lustre_mainline_strict build tests/fs/lustre/boot-strict.ktest
START u24 build tests/fs/lustre/boot.ktest
START lustre_mainline build tests/fs/lustre/boot.ktest
START al2023 build tests/fs/lustre/boot.ktest
START checkpatch tool checkpatch
START lustre_mainline_native build tests/fs/lustre/boot.ktest
PUT /tmp/ktest-lustre.tar.gz 1s
PUT /tmp/ktest-lustre.tar.gz 2s
PUT /tmp/ktest-kernel.tar.gz 6s
PUT /tmp/ktest-kernel.tar.gz 6s
PUT /tmp/ktest-kernel.tar.gz 6s
PUT /tmp/ktest-kernel.tar.gz 6s
PUT /tmp/ktest-lustre.tar.gz 2s
PUT /tmp/ktest-lustre.tar.gz 2s
PUT /tmp/ktest-lustre.tar.gz 2s
PUT /tmp/ktest-lustre.tar.gz 2s
END checkpatch tool checkpatch FAIL 12s (exit code: 1)
END al2023 build tests/fs/lustre/boot.ktest FAIL 55s (exit code: 2)
END u24 build tests/fs/lustre/boot.ktest FAIL 56s (exit code: 2)
GET /tmp/ktest_lustre_mainline_native_qxddzkm6.tar 9s
GET /tmp/ktest_lustre_mainline_strict_gexddlmi.tar 9s
GET /tmp/ktest_lustre_mainline_uocj3kzx.tar 8s
END lustre_mainline_native build tests/fs/lustre/boot.ktest FAIL 157s (exit code: 1)
END lustre_mainline_strict build tests/fs/lustre/boot-strict.ktest FAIL 161s (exit code: 1)
END lustre_mainline build tests/fs/lustre/boot.ktest FAIL 162s (exit code: 1)

============================================================
Final Results:
  checkpatch: FAIL (12s) (log: /var/www/ci-lustre/upstream-patch-review/f68f6124d1ed950bf237b679f747c6c1549e1f16_checkpatch.log)
  u24: FAIL (56s) (log: /var/www/ci-lustre/upstream-patch-review/f68f6124d1ed950bf237b679f747c6c1549e1f16_u24.log)
  al2023: FAIL (55s) (log: /var/www/ci-lustre/upstream-patch-review/f68f6124d1ed950bf237b679f747c6c1549e1f16_al2023.log)
  lustre_mainline_strict: FAIL (161s) (log: /var/www/ci-lustre/upstream-patch-review/f68f6124d1ed950bf237b679f747c6c1549e1f16_lustre_mainline_strict.log)
  lustre_mainline: FAIL (162s) (log: /var/www/ci-lustre/upstream-patch-review/f68f6124d1ed950bf237b679f747c6c1549e1f16_lustre_mainline.log)
  lustre_mainline_native: FAIL (157s) (log: /var/www/ci-lustre/upstream-patch-review/f68f6124d1ed950bf237b679f747c6c1549e1f16_lustre_mainline_native.log)
  clang-tidy: SKIPPED (due to dependency failure)
  cc-plugin: SKIPPED (due to dependency failure)
  boot: SKIPPED (due to dependency failure)
  llmount: SKIPPED (due to dependency failure)
  llog-unit: SKIPPED (due to dependency failure)
  mgs-setup: SKIPPED (due to dependency failure)
  sanity-1: SKIPPED (due to dependency failure)
  sanity-2: SKIPPED (due to dependency failure)
  sanity-3: SKIPPED (due to dependency failure)
  sanity-4: SKIPPED (due to dependency failure)

Total execution time: 193s
