CLI: ./podman-ktest --podman-socket unix:///run/podman/podman.sock --shared-filesystem /tmp --tarball-input job lustre-ci --output /var/www/ci-lustre/upstream-patch-review --git-hash f6ee425fb81c68d80ca5f59bf85c8f2a24d6bbd1 --change-id 57138_f6ee425fb81c68d80ca5f59bf85c8f2a24d6bbd1 --subject LU-18489 readahead: use page index when increase stride ra window

  Checking /dev/kvm exists... OK
  Checking /dev/kvm permissions... OK
  Creating ccache directory... OK
  Checking ccache directory writable... OK

Environment validated successfully
Creating kernel tarball at /tmp/ktest-kernel.tar.gz...
Creating lustre tarball at /tmp/ktest-lustre.tar.gz...
Executing 16 jobs
Jobs will start as soon as their dependencies are satisfied
Using tarball input mode

START lustre_mainline build tests/fs/lustre/boot.ktest
START u24 build tests/fs/lustre/boot.ktest
START al2023 build tests/fs/lustre/boot.ktest
START lustre_mainline_native build tests/fs/lustre/boot.ktest
START lustre_mainline_strict build tests/fs/lustre/boot-strict.ktest
START checkpatch tool checkpatch
PUT /tmp/ktest-kernel.tar.gz 8s
PUT /tmp/ktest-kernel.tar.gz 8s
PUT /tmp/ktest-kernel.tar.gz 8s
PUT /tmp/ktest-kernel.tar.gz 8s
PUT /tmp/ktest-kernel.tar.gz 8s
PUT /tmp/ktest-kernel.tar.gz 8s
PUT /tmp/ktest-lustre.tar.gz 2s
PUT /tmp/ktest-lustre.tar.gz 2s
PUT /tmp/ktest-lustre.tar.gz 2s
PUT /tmp/ktest-lustre.tar.gz 2s
PUT /tmp/ktest-lustre.tar.gz 2s
PUT /tmp/ktest-lustre.tar.gz 2s
END checkpatch tool checkpatch PASS 13s
END al2023 build tests/fs/lustre/boot.ktest PASS 66s
END u24 build tests/fs/lustre/boot.ktest PASS 69s
GET /tmp/ktest_lustre_mainline_strict_s_nmvkq7.tar 5s
END lustre_mainline_strict build tests/fs/lustre/boot-strict.ktest FAIL 111s (exit code: 1)
GET /tmp/ktest_lustre_mainline_q0ci1gj0.tar 4s
GET /tmp/ktest_lustre_mainline_native_2gf_lobr.tar 4s
END lustre_mainline build tests/fs/lustre/boot.ktest PASS 114s
END lustre_mainline_native build tests/fs/lustre/boot.ktest PASS 115s
START clang-tidy tool clang-tidy
START cc-plugin tool cc-plugin
START boot run tests/fs/lustre/boot.ktest
START llmount run tests/fs/lustre/llmount.ktest
START llog-unit run tests/fs/lustre/llog-unit.ktest
START mgs-setup run tests/fs/lustre/mgs-setup.ktest
START sanity-1 run tests/fs/lustre/sanity/sanity-1.ktest
START sanity-2 run tests/fs/lustre/sanity/sanity-2.ktest
START sanity-3 run tests/fs/lustre/sanity/sanity-3.ktest
START sanity-4 run tests/fs/lustre/sanity/sanity-4.ktest
PUT /tmp/ktest-kernel.tar.gz 9s
PUT /tmp/ktest_lustre_mainline_native_2gf_lobr.tar 10s
PUT /tmp/ktest_lustre_mainline_native_2gf_lobr.tar 10s
PUT /tmp/ktest_lustre_mainline_native_2gf_lobr.tar 10s
PUT /tmp/ktest_lustre_mainline_native_2gf_lobr.tar 10s
PUT /tmp/ktest_lustre_mainline_native_2gf_lobr.tar 10s
PUT /tmp/ktest_lustre_mainline_native_2gf_lobr.tar 10s
PUT /tmp/ktest_lustre_mainline_native_2gf_lobr.tar 10s
PUT /tmp/ktest_lustre_mainline_native_2gf_lobr.tar 10s
PUT /tmp/ktest-kernel.tar.gz 10s
PUT /tmp/ktest-lustre.tar.gz 28s
PUT /tmp/ktest-lustre.tar.gz 32s
PUT /tmp/ktest_lustre_mainline_native_2gf_lobr.tar 8s
PUT /tmp/ktest_lustre_mainline_native_2gf_lobr.tar 4s
END clang-tidy tool clang-tidy FAIL 48s (exit code: 1)
END cc-plugin tool cc-plugin FAIL 49s (exit code: 127)
END boot run tests/fs/lustre/boot.ktest PASS 59s
END mgs-setup run tests/fs/lustre/mgs-setup.ktest PASS 69s
END sanity-2 run tests/fs/lustre/sanity/sanity-2.ktest PASS 75s
END sanity-4 run tests/fs/lustre/sanity/sanity-4.ktest PASS 77s
END sanity-1 run tests/fs/lustre/sanity/sanity-1.ktest PASS 86s
END sanity-3 run tests/fs/lustre/sanity/sanity-3.ktest PASS 88s
END llmount run tests/fs/lustre/llmount.ktest PASS 149s
END llog-unit run tests/fs/lustre/llog-unit.ktest PASS 151s

============================================================
Final Results:
  checkpatch: PASS (13s) (log: /var/www/ci-lustre/upstream-patch-review/f6ee425fb81c68d80ca5f59bf85c8f2a24d6bbd1_checkpatch.log)
  u24: PASS (69s) (log: /var/www/ci-lustre/upstream-patch-review/f6ee425fb81c68d80ca5f59bf85c8f2a24d6bbd1_u24.log)
  al2023: PASS (66s) (log: /var/www/ci-lustre/upstream-patch-review/f6ee425fb81c68d80ca5f59bf85c8f2a24d6bbd1_al2023.log)
  lustre_mainline_strict: FAIL (111s) (log: /var/www/ci-lustre/upstream-patch-review/f6ee425fb81c68d80ca5f59bf85c8f2a24d6bbd1_lustre_mainline_strict.log)
  lustre_mainline: PASS (114s) (log: /var/www/ci-lustre/upstream-patch-review/f6ee425fb81c68d80ca5f59bf85c8f2a24d6bbd1_lustre_mainline.log)
  lustre_mainline_native: PASS (115s) (log: /var/www/ci-lustre/upstream-patch-review/f6ee425fb81c68d80ca5f59bf85c8f2a24d6bbd1_lustre_mainline_native.log)
  clang-tidy: FAIL (48s) (log: /var/www/ci-lustre/upstream-patch-review/f6ee425fb81c68d80ca5f59bf85c8f2a24d6bbd1_clang-tidy.log)
  cc-plugin: FAIL (49s) (log: /var/www/ci-lustre/upstream-patch-review/f6ee425fb81c68d80ca5f59bf85c8f2a24d6bbd1_cc-plugin.log)
  boot: PASS (59s) (log: /var/www/ci-lustre/upstream-patch-review/f6ee425fb81c68d80ca5f59bf85c8f2a24d6bbd1_boot.log)
  llmount: PASS (149s) (log: /var/www/ci-lustre/upstream-patch-review/f6ee425fb81c68d80ca5f59bf85c8f2a24d6bbd1_llmount.log)
  llog-unit: PASS (151s) (log: /var/www/ci-lustre/upstream-patch-review/f6ee425fb81c68d80ca5f59bf85c8f2a24d6bbd1_llog-unit.log)
  mgs-setup: PASS (69s) (log: /var/www/ci-lustre/upstream-patch-review/f6ee425fb81c68d80ca5f59bf85c8f2a24d6bbd1_mgs-setup.log)
  sanity-1: PASS (86s) (log: /var/www/ci-lustre/upstream-patch-review/f6ee425fb81c68d80ca5f59bf85c8f2a24d6bbd1_sanity-1.log)
  sanity-2: PASS (75s) (log: /var/www/ci-lustre/upstream-patch-review/f6ee425fb81c68d80ca5f59bf85c8f2a24d6bbd1_sanity-2.log)
  sanity-3: PASS (88s) (log: /var/www/ci-lustre/upstream-patch-review/f6ee425fb81c68d80ca5f59bf85c8f2a24d6bbd1_sanity-3.log)
  sanity-4: PASS (77s) (log: /var/www/ci-lustre/upstream-patch-review/f6ee425fb81c68d80ca5f59bf85c8f2a24d6bbd1_sanity-4.log)

Total execution time: 298s
