CLI: ./podman-ktest --podman-socket unix:///run/podman/podman.sock --shared-filesystem /tmp --tarball-input job lustre-ci --output /var/www/ci-lustre/upstream-patch-review --git-hash f6fe3cbc63053fea1eb08797efcf6f189e5003e3 --change-id 65929_f6fe3cbc63053fea1eb08797efcf6f189e5003e3 --subject Revert "LU-20173 tests: filter on nettype when building nidlist"

  Checking /dev/kvm exists... OK
  Checking /dev/kvm permissions... OK
  Creating ccache directory... OK
  Checking ccache directory writable... OK

Environment validated successfully
Creating kernel tarball at /tmp/ktest-kernel.tar.gz...
Creating lustre tarball at /tmp/ktest-lustre.tar.gz...
Creating ZFS tarball at /tmp/ktest-zfs.tar.gz...
Executing 13 jobs
Jobs will start as soon as their dependencies are satisfied
Using tarball input mode

START lustre_mainline_strict build tests/fs/lustre/boot-strict.ktest
START lustre_mainline_native build tests/fs/lustre/boot.ktest
START checkpatch tool checkpatch
START u24 build tests/fs/lustre/boot.ktest
START al2023 build tests/fs/lustre/boot.ktest
START lustre_mainline build tests/fs/lustre/boot.ktest
PUT /tmp/ktest-lustre.tar.gz 1s
PUT /tmp/ktest-lustre.tar.gz 1s
PUT /tmp/ktest-kernel.tar.gz 6s
PUT /tmp/ktest-kernel.tar.gz 6s
PUT /tmp/ktest-kernel.tar.gz 6s
PUT /tmp/ktest-kernel.tar.gz 6s
PUT /tmp/ktest-lustre.tar.gz 2s
PUT /tmp/ktest-lustre.tar.gz 3s
PUT /tmp/ktest-lustre.tar.gz 3s
PUT /tmp/ktest-lustre.tar.gz 3s
PUT /tmp/ktest-zfs.tar.gz 0s
PUT /tmp/ktest-zfs.tar.gz 0s
PUT /tmp/ktest-zfs.tar.gz 0s
END checkpatch tool checkpatch PASS 11s
END al2023 build tests/fs/lustre/boot.ktest PASS 69s
END u24 build tests/fs/lustre/boot.ktest PASS 69s
GET /tmp/ktest_lustre_mainline_strict_j4j28o10.tar 5s
END lustre_mainline_strict build tests/fs/lustre/boot-strict.ktest FAIL 182s (exit code: 1)
GET /tmp/ktest_lustre_mainline_cs_nsxh4.tar 0s
GET /tmp/ktest_lustre_mainline_native_5q0zh0yz.tar 0s
END lustre_mainline build tests/fs/lustre/boot.ktest PASS 204s
END lustre_mainline_native build tests/fs/lustre/boot.ktest PASS 205s
START boot run tests/fs/lustre/boot.ktest
START llmount run tests/fs/lustre/llmount.ktest
START mgs-setup run tests/fs/lustre/mgs-setup.ktest
START sanity-1 run tests/fs/lustre/sanity/sanity-1.ktest
START sanity-2 run tests/fs/lustre/sanity/sanity-2.ktest
START sanity-3 run tests/fs/lustre/sanity/sanity-3.ktest
START sanity-4 run tests/fs/lustre/sanity/sanity-4.ktest
PUT /tmp/ktest_lustre_mainline_native_5q0zh0yz.tar 2s
PUT /tmp/ktest_lustre_mainline_native_5q0zh0yz.tar 2s
PUT /tmp/ktest_lustre_mainline_native_5q0zh0yz.tar 2s
PUT /tmp/ktest_lustre_mainline_native_5q0zh0yz.tar 2s
PUT /tmp/ktest_lustre_mainline_native_5q0zh0yz.tar 2s
PUT /tmp/ktest_lustre_mainline_native_5q0zh0yz.tar 1s
PUT /tmp/ktest_lustre_mainline_native_5q0zh0yz.tar 0s
END boot run tests/fs/lustre/boot.ktest PASS 18s
END mgs-setup run tests/fs/lustre/mgs-setup.ktest PASS 27s
END sanity-1 run tests/fs/lustre/sanity/sanity-1.ktest PASS 39s
END sanity-4 run tests/fs/lustre/sanity/sanity-4.ktest PASS 41s
END sanity-3 run tests/fs/lustre/sanity/sanity-3.ktest PASS 42s
END sanity-2 run tests/fs/lustre/sanity/sanity-2.ktest PASS 52s
END llmount run tests/fs/lustre/llmount.ktest PASS 102s

============================================================
Final Results:
  checkpatch: PASS (11s) (log: /var/www/ci-lustre/upstream-patch-review/f6fe3cbc63053fea1eb08797efcf6f189e5003e3_checkpatch.log)
  u24: PASS (69s) (log: /var/www/ci-lustre/upstream-patch-review/f6fe3cbc63053fea1eb08797efcf6f189e5003e3_u24.log)
  al2023: PASS (69s) (log: /var/www/ci-lustre/upstream-patch-review/f6fe3cbc63053fea1eb08797efcf6f189e5003e3_al2023.log)
  lustre_mainline_strict: FAIL (182s) (log: /var/www/ci-lustre/upstream-patch-review/f6fe3cbc63053fea1eb08797efcf6f189e5003e3_lustre_mainline_strict.log)
  lustre_mainline: PASS (204s) (log: /var/www/ci-lustre/upstream-patch-review/f6fe3cbc63053fea1eb08797efcf6f189e5003e3_lustre_mainline.log)
  lustre_mainline_native: PASS (205s) (log: /var/www/ci-lustre/upstream-patch-review/f6fe3cbc63053fea1eb08797efcf6f189e5003e3_lustre_mainline_native.log)
  boot: PASS (18s) (log: /var/www/ci-lustre/upstream-patch-review/f6fe3cbc63053fea1eb08797efcf6f189e5003e3_boot.log)
  llmount: PASS (102s) (log: /var/www/ci-lustre/upstream-patch-review/f6fe3cbc63053fea1eb08797efcf6f189e5003e3_llmount.log)
  mgs-setup: PASS (27s) (log: /var/www/ci-lustre/upstream-patch-review/f6fe3cbc63053fea1eb08797efcf6f189e5003e3_mgs-setup.log)
  sanity-1: PASS (39s) (log: /var/www/ci-lustre/upstream-patch-review/f6fe3cbc63053fea1eb08797efcf6f189e5003e3_sanity-1.log)
  sanity-2: PASS (52s) (log: /var/www/ci-lustre/upstream-patch-review/f6fe3cbc63053fea1eb08797efcf6f189e5003e3_sanity-2.log)
  sanity-3: PASS (42s) (log: /var/www/ci-lustre/upstream-patch-review/f6fe3cbc63053fea1eb08797efcf6f189e5003e3_sanity-3.log)
  sanity-4: PASS (41s) (log: /var/www/ci-lustre/upstream-patch-review/f6fe3cbc63053fea1eb08797efcf6f189e5003e3_sanity-4.log)

Total execution time: 338s
