WARNING:FILE_PATH_CHANGES: added, moved or deleted file(s), does MAINTAINERS need updating?
#232: 
new file mode 100644

WARNING:MACRO_ARG_UNUSED: Argument 'n' is not used in function-like macro
#269: FILE: include/lustre_compat/linux/folio.h:33:
+#define folio_page(page, n)		(page)

WARNING:MACRO_ARG_UNUSED: Argument 'page' is not used in function-like macro
#270: FILE: include/lustre_compat/linux/folio.h:34:
+#define folio_nr_pages(page)		(1)

WARNING:MACRO_ARG_UNUSED: Argument 'e' is not used in function-like macro
#312: FILE: include/lustre_compat/linux/folio.h:76:
+#define get_folio_write(m, i, e, f, g)	__filemap_get_folio((m), (i), (f), (g))

WARNING:MACRO_ARG_UNUSED: Argument 'f' is not used in function-like macro
#338: FILE: include/lustre_compat/linux/folio.h:102:
+#define get_folio_lock(m, i, f, g)	find_lock_page((m), (i))

WARNING:MACRO_ARG_UNUSED: Argument 'g' is not used in function-like macro
#338: FILE: include/lustre_compat/linux/folio.h:102:
+#define get_folio_lock(m, i, f, g)	find_lock_page((m), (i))

WARNING:MACRO_ARG_UNUSED: Argument 'f' is not used in function-like macro
#339: FILE: include/lustre_compat/linux/folio.h:103:
+#define get_folio_nowait(m, i, f, g)	grab_cache_page_nowait((m), (i))

WARNING:MACRO_ARG_UNUSED: Argument 'g' is not used in function-like macro
#339: FILE: include/lustre_compat/linux/folio.h:103:
+#define get_folio_nowait(m, i, f, g)	grab_cache_page_nowait((m), (i))

WARNING:MACRO_ARG_UNUSED: Argument 'f' is not used in function-like macro
#341: FILE: include/lustre_compat/linux/folio.h:105:
+#define get_folio_write(m, i, e, f, g)	\
+	grab_cache_page_write_begin((m), (i), (e))

WARNING:MACRO_ARG_UNUSED: Argument 'g' is not used in function-like macro
#341: FILE: include/lustre_compat/linux/folio.h:105:
+#define get_folio_write(m, i, e, f, g)	\
+	grab_cache_page_write_begin((m), (i), (e))

WARNING:MACRO_ARG_UNUSED: Argument 'e' is not used in function-like macro
#344: FILE: include/lustre_compat/linux/folio.h:108:
+#define get_folio_write(m, i, e, f, g)	grab_cache_page_write_begin((m), (i))

WARNING:MACRO_ARG_UNUSED: Argument 'f' is not used in function-like macro
#344: FILE: include/lustre_compat/linux/folio.h:108:
+#define get_folio_write(m, i, e, f, g)	grab_cache_page_write_begin((m), (i))

WARNING:MACRO_ARG_UNUSED: Argument 'g' is not used in function-like macro
#344: FILE: include/lustre_compat/linux/folio.h:108:
+#define get_folio_write(m, i, e, f, g)	grab_cache_page_write_begin((m), (i))

WARNING:MACRO_ARG_UNUSED: Argument 'f' is not used in function-like macro
#346: FILE: include/lustre_compat/linux/folio.h:110:
+#define get_folio_read(m, i, f, g)		\
+	find_get_page((m), (i))

WARNING:MACRO_ARG_UNUSED: Argument 'g' is not used in function-like macro
#346: FILE: include/lustre_compat/linux/folio.h:110:
+#define get_folio_read(m, i, f, g)		\
+	find_get_page((m), (i))

WARNING:MACRO_ARG_UNUSED: Argument 'f' is not used in function-like macro
#348: FILE: include/lustre_compat/linux/folio.h:112:
+#define get_folio_grab(m, i, f, g)		\
+	grab_cache_page((m), (i))

WARNING:MACRO_ARG_UNUSED: Argument 'g' is not used in function-like macro
#348: FILE: include/lustre_compat/linux/folio.h:112:
+#define get_folio_grab(m, i, f, g)		\
+	grab_cache_page((m), (i))

WARNING:MACRO_ARG_UNUSED: Argument 'f' is not used in function-like macro
#352: FILE: include/lustre_compat/linux/folio.h:116:
+#define get_folio_create(m, i, f, g)		\
+	find_or_create_page((m), (i), (g))

WARNING:MACRO_ARG_UNUSED: Argument 'off' is not used in function-like macro
#361: FILE: include/lustre_compat/linux/folio.h:125:
+#define kmap_local_folio(f, off)	kmap_local_page((f))

WARNING:MACRO_ARG_UNUSED: Argument 'off' is not used in function-like macro
#362: FILE: include/lustre_compat/linux/folio.h:126:
+#define ll_kmap_local_folio(f, off)	kmap(fpgptr((f)))

WARNING:DEPRECATED_API: Deprecated use of 'kmap', prefer 'kmap_local_page' instead
#362: FILE: include/lustre_compat/linux/folio.h:126:
+#define ll_kmap_local_folio(f, off)	kmap(fpgptr((f)))

WARNING:DEPRECATED_API: Deprecated use of 'kunmap', prefer 'kunmap_local' instead
#363: FILE: include/lustre_compat/linux/folio.h:127:
+#define ll_kunmap_local(kaddr)		kunmap(kmap_to_page((kaddr)))

WARNING:MACRO_ARG_UNUSED: Argument 'folio' is not used in function-like macro
#366: FILE: include/lustre_compat/linux/folio.h:130:
+#define fpgno(folio, page)		0

WARNING:MACRO_ARG_UNUSED: Argument 'page' is not used in function-like macro
#366: FILE: include/lustre_compat/linux/folio.h:130:
+#define fpgno(folio, page)		0

WARNING:MACRO_ARG_UNUSED: Argument 'ord' is not used in function-like macro
#403: FILE: include/lustre_compat/linux/folio.h:167:
+#define folio_alloc(gfp, ord)		alloc_page((gfp))

WARNING:MACRO_ARG_UNUSED: Argument 'ord' is not used in function-like macro
#419: FILE: include/lustre_compat/linux/folio.h:183:
+#define filemap_alloc_folio(gfp, ord)	__page_cache_alloc((gfp))

WARNING:MACRO_ARG_UNUSED: Argument 'folio' is not used in function-like macro
#430: FILE: include/lustre_compat/linux/folio.h:194:
+#define folio_page_idx(folio, pg)	0

WARNING:MACRO_ARG_UNUSED: Argument 'pg' is not used in function-like macro
#430: FILE: include/lustre_compat/linux/folio.h:194:
+#define folio_page_idx(folio, pg)	0

WARNING:MACRO_ARG_UNUSED: Argument 'e' is not used in function-like macro
#458: FILE: include/lustre_compat/linux/folio.h:222:
+# define ll_filemap_get_folios(m, s, e, pvec) \
+	 pagevec_lookup((struct pagevec *)pvec, m, &s)

WARNING:MACRO_ARG_UNUSED: Argument 'e' is not used in function-like macro
#461: FILE: include/lustre_compat/linux/folio.h:225:
+# define ll_filemap_get_folios(m, s, e, pvec) \
+	 pagevec_lookup((struct pagevec *)pvec, m, s, PAGEVEC_SIZE)

WARNING:MACRO_ARG_UNUSED: Argument 'n' is not used in function-like macro
#466: FILE: include/lustre_compat/linux/folio.h:230:
+# define ll_folio_batch_init(batch, n)	folio_batch_init(batch)

WARNING:MACRO_ARG_UNUSED: Argument 'pg' is not used in function-like macro
#470: FILE: include/lustre_compat/linux/folio.h:234:
+# define fbatch_at_pg(fbatch, f, pg)	\
+	 (fpgptr((fbatch)->folios[(f)]))

WARNING:MACRO_ARG_UNUSED: Argument 'n' is not used in function-like macro
#504: FILE: include/lustre_compat/linux/folio.h:268:
+#  define ll_folio_batch_init(pvec, n)	pagevec_init(pvec)

WARNING:MACRO_ARG_UNUSED: Argument 'pvec' is not used in function-like macro
#509: FILE: include/lustre_compat/linux/folio.h:273:
+# define fbatch_at_npgs(pvec, n)	1

WARNING:MACRO_ARG_UNUSED: Argument 'n' is not used in function-like macro
#509: FILE: include/lustre_compat/linux/folio.h:273:
+# define fbatch_at_npgs(pvec, n)	1

WARNING:MACRO_ARG_UNUSED: Argument 'pg' is not used in function-like macro
#510: FILE: include/lustre_compat/linux/folio.h:274:
+# define fbatch_at_pg(pvec, n, pg)	((pvec)->pages[(n)])

WARNING:AVOID_BUG: Do not crash the kernel unless it is absolutely unavoidable--use WARN_ON_ONCE() plus recovery code (if feasible) instead of BUG() or variants
#525: FILE: include/lustre_compat/linux/folio.h:289:
+	BUG_ON(!PageLocked(page));

WARNING:AVOID_BUG: Do not crash the kernel unless it is absolutely unavoidable--use WARN_ON_ONCE() plus recovery code (if feasible) instead of BUG() or variants
#547: FILE: include/lustre_compat/linux/folio.h:311:
+	BUG_ON(!folio_test_locked(folio));

WARNING:AVOID_BUG: Do not crash the kernel unless it is absolutely unavoidable--use WARN_ON_ONCE() plus recovery code (if feasible) instead of BUG() or variants
#623: FILE: include/lustre_compat/linux/folio.h:387:
+	BUG_ON(folio_nr_pages(folio) != 1);

WARNING:MACRO_ARG_UNUSED: Argument 'dst' is not used in function-like macro
#1945: FILE: lustre/osc/osc_request.c:1458:
+#define osc_encrypt_pagecache_blocks(src, p1, dst, p2, len, offs, gfp_flags) \
+	llcrypt_encrypt_pagecache_blocks(src, p1, len, offs, gfp_flags)

WARNING:MACRO_ARG_UNUSED: Argument 'p2' is not used in function-like macro
#1945: FILE: lustre/osc/osc_request.c:1458:
+#define osc_encrypt_pagecache_blocks(src, p1, dst, p2, len, offs, gfp_flags) \
+	llcrypt_encrypt_pagecache_blocks(src, p1, len, offs, gfp_flags)

ERROR:INITIALISED_STATIC: do not initialise statics to NULL
#2296: FILE: lustre_compat/fs/crypto/crypto.c:60:
+static mempool_t *llcrypt_bounce_pool = NULL;

total: 1 errors, 41 warnings, 2509 lines checked

NOTE: For some of the reported defects, checkpatch may be able to
      mechanically convert to the typical style using --fix or --fix-inplace.

Your patch has style problems, please review.

NOTE: If any of the errors are false positives, please report
      them to the maintainer, see CHECKPATCH in MAINTAINERS.
