CLI: ./podman-ktest --podman-socket unix:///run/podman/podman.sock --shared-filesystem /tmp --tarball-input job lustre-ci --output /var/www/ci-lustre/upstream-patch-review --git-hash f89b514545a1709574e68e133b64a80675525117 --change-id 66255_f89b514545a1709574e68e133b64a80675525117 --subject LU-19712 utils: Prevent migrate/mirror on exclusive pinned files

  Checking /dev/kvm exists... OK
  Checking /dev/kvm permissions... OK
  Creating ccache directory... OK
  Checking ccache directory writable... OK
  Creating package output directory... OK

Environment validated successfully
Creating kernel tarball at /tmp/ktest-kernel.tar.gz...
Creating lustre tarball at /tmp/ktest-lustre.tar.gz...
Creating ZFS tarball at /tmp/ktest-zfs.tar.gz...
Executing 13 jobs
Jobs will start as soon as their dependencies are satisfied
Using tarball input mode

START al2023 build tests/fs/lustre/boot.ktest
START lustre_mainline_strict build tests/fs/lustre/boot-strict.ktest
START lustre_mainline build tests/fs/lustre/boot.ktest
START checkpatch tool checkpatch
START lustre_mainline_native build tests/fs/lustre/boot.ktest
START u24 build tests/fs/lustre/boot.ktest
PUT /tmp/ktest-lustre.tar.gz 1s
PUT /tmp/ktest-lustre.tar.gz 1s
PUT /tmp/ktest-kernel.tar.gz 6s
PUT /tmp/ktest-kernel.tar.gz 6s
PUT /tmp/ktest-kernel.tar.gz 6s
PUT /tmp/ktest-kernel.tar.gz 7s
PUT /tmp/ktest-lustre.tar.gz 1s
PUT /tmp/ktest-lustre.tar.gz 1s
PUT /tmp/ktest-lustre.tar.gz 1s
PUT /tmp/ktest-lustre.tar.gz 1s
PUT /tmp/ktest-zfs.tar.gz 0s
PUT /tmp/ktest-zfs.tar.gz 0s
PUT /tmp/ktest-zfs.tar.gz 0s
END checkpatch tool checkpatch FAIL 10s (exit code: 1)
END al2023 build tests/fs/lustre/boot.ktest PASS 52s
END u24 build tests/fs/lustre/boot.ktest PASS 53s
GET /tmp/ktest_lustre_mainline_08_g8zxx.tar 0s
GET /tmp/ktest_lustre_mainline_native_j7zlsqw4.tar 0s
GET /tmp/ktest_lustre_mainline_strict_s59yr6n1.tar 5s
END lustre_mainline build tests/fs/lustre/boot.ktest PASS 162s
END lustre_mainline_native build tests/fs/lustre/boot.ktest PASS 164s
START boot run tests/fs/lustre/boot.ktest
START llmount run tests/fs/lustre/llmount.ktest
START mgs-setup run tests/fs/lustre/mgs-setup.ktest
START sanity-1 run tests/fs/lustre/sanity/sanity-1.ktest
START sanity-2 run tests/fs/lustre/sanity/sanity-2.ktest
START sanity-3 run tests/fs/lustre/sanity/sanity-3.ktest
START sanity-4 run tests/fs/lustre/sanity/sanity-4.ktest
END lustre_mainline_strict build tests/fs/lustre/boot-strict.ktest FAIL 165s (exit code: 1)
PUT /tmp/ktest-kernel.tar.gz 9s
PUT /tmp/ktest-kernel.tar.gz 9s
PUT /tmp/ktest-kernel.tar.gz 9s
PUT /tmp/ktest-kernel.tar.gz 9s
PUT /tmp/ktest-kernel.tar.gz 9s
PUT /tmp/ktest-kernel.tar.gz 9s
PUT /tmp/ktest-kernel.tar.gz 9s
PUT /tmp/ktest-lustre.tar.gz 2s
PUT /tmp/ktest-lustre.tar.gz 2s
PUT /tmp/ktest-lustre.tar.gz 1s
PUT /tmp/ktest-lustre.tar.gz 2s
PUT /tmp/ktest-lustre.tar.gz 1s
PUT /tmp/ktest-lustre.tar.gz 2s
PUT /tmp/ktest-lustre.tar.gz 2s
PUT /tmp/ktest_lustre_mainline_native_j7zlsqw4.tar 0s
PUT /tmp/ktest_lustre_mainline_native_j7zlsqw4.tar 0s
PUT /tmp/ktest_lustre_mainline_native_j7zlsqw4.tar 0s
PUT /tmp/ktest_lustre_mainline_native_j7zlsqw4.tar 0s
PUT /tmp/ktest_lustre_mainline_native_j7zlsqw4.tar 0s
PUT /tmp/ktest_lustre_mainline_native_j7zlsqw4.tar 0s
PUT /tmp/ktest_lustre_mainline_native_j7zlsqw4.tar 0s
END boot run tests/fs/lustre/boot.ktest PASS 55s
END sanity-4 run tests/fs/lustre/sanity/sanity-4.ktest PASS 90s
END sanity-1 run tests/fs/lustre/sanity/sanity-1.ktest PASS 93s
END mgs-setup run tests/fs/lustre/mgs-setup.ktest PASS 94s
END sanity-3 run tests/fs/lustre/sanity/sanity-3.ktest PASS 103s
END llmount run tests/fs/lustre/llmount.ktest PASS 104s
END sanity-2 run tests/fs/lustre/sanity/sanity-2.ktest PASS 105s

============================================================
Final Results:
  checkpatch: FAIL (10s) (log: /var/www/ci-lustre/upstream-patch-review/f89b514545a1709574e68e133b64a80675525117_checkpatch.log)
  u24: PASS (53s) (log: /var/www/ci-lustre/upstream-patch-review/f89b514545a1709574e68e133b64a80675525117_u24.log)
  al2023: PASS (52s) (log: /var/www/ci-lustre/upstream-patch-review/f89b514545a1709574e68e133b64a80675525117_al2023.log)
  lustre_mainline_strict: FAIL (165s) (log: /var/www/ci-lustre/upstream-patch-review/f89b514545a1709574e68e133b64a80675525117_lustre_mainline_strict.log)
  lustre_mainline: PASS (162s) (log: /var/www/ci-lustre/upstream-patch-review/f89b514545a1709574e68e133b64a80675525117_lustre_mainline.log)
  lustre_mainline_native: PASS (164s) (log: /var/www/ci-lustre/upstream-patch-review/f89b514545a1709574e68e133b64a80675525117_lustre_mainline_native.log)
  boot: PASS (55s) (log: /var/www/ci-lustre/upstream-patch-review/f89b514545a1709574e68e133b64a80675525117_boot.log)
  llmount: PASS (104s) (log: /var/www/ci-lustre/upstream-patch-review/f89b514545a1709574e68e133b64a80675525117_llmount.log)
  mgs-setup: PASS (94s) (log: /var/www/ci-lustre/upstream-patch-review/f89b514545a1709574e68e133b64a80675525117_mgs-setup.log)
  sanity-1: PASS (93s) (log: /var/www/ci-lustre/upstream-patch-review/f89b514545a1709574e68e133b64a80675525117_sanity-1.log)
  sanity-2: PASS (105s) (log: /var/www/ci-lustre/upstream-patch-review/f89b514545a1709574e68e133b64a80675525117_sanity-2.log)
  sanity-3: PASS (103s) (log: /var/www/ci-lustre/upstream-patch-review/f89b514545a1709574e68e133b64a80675525117_sanity-3.log)
  sanity-4: PASS (90s) (log: /var/www/ci-lustre/upstream-patch-review/f89b514545a1709574e68e133b64a80675525117_sanity-4.log)

Total execution time: 297s
