00001 
00001 RDSEED32 is broken. Disabling the corresponding CPUID bit.
00002 init: failed to load nvme_core
00002 init: failed to load nvme
00002 init: failed to load zfs
00003 LNetError: 1:0:(lib-socket.c:619:lnet_inet_enumerate()) lnet: Can't find any usable interfaces, rc = -ENOENT
00003 LNetError: Error -100 starting up LNI tcp
00003 LustreError: 1:0:(events.c:627:ptlrpc_init_portals()) network initialisation failed: rc = -100
00004 init: finit_module /lib/modules/7.0.0-ktest-f90615f-6330a45-20260720-dirty/updates/ptlrpc.ko: Network is down
00004 init: failed to load lustre
00004 init: failed to load osd_zfs
00004 init: failed to load iwlwifi
00004 init: failed to load iwlmvm
00004 init: failed to load mt7921e
00004 init: failed to load i915
00004 init: failed to load nouveau
00042 tlp: vm.laptop_mode is deprecated. Ignoring setting.
00042 Kernel version: 7.0.0-ktest-f90615f-6330a45-20260720-dirty
00043 hook init_noop
00043 
00043 Running tests llog-unit
00043 
00043 ========= TEST   llog-unit
00043 /host/home/ktest/git/lustre-release/lustre/tests/test-framework.sh: line 6933: cd: HOME not set
00043 /host/home/ktest/git/lustre-release/lustre/tests/test-framework.sh: line 6933: cd: HOME not set
00043 /host/home/ktest/git/lustre-release/lustre/tests/test-framework.sh: line 6933: cd: HOME not set
00045 MGS_OS_VERSION_ID=24.04
00045 MGS_OS_ID=ubuntu
00045 MGS_OS_VERSION_CODE=402915328
00045 MGS_OS_ID_LIKE=debian ubuntu
00045 MDS1_OS_ID=ubuntu
00045 MDS1_OS_VERSION_CODE=402915328
00045 MDS1_OS_ID_LIKE=debian ubuntu
00045 MDS1_OS_VERSION_ID=24.04
00045 OST1_OS_VERSION_ID=24.04
00045 OST1_OS_VERSION_CODE=402915328
00045 OST1_OS_ID=ubuntu
00045 OST1_OS_ID_LIKE=debian ubuntu
00046 CLIENT_OS_VERSION_ID=24.04
00046 CLIENT_OS_ID_LIKE=debian ubuntu
00046 CLIENT_OS_ID=ubuntu
00046 CLIENT_OS_VERSION_CODE=402915328
00046 Loading modules from /host/home/ktest/git/lustre-release/lustre
00046 detected 16 online CPUs by sysfs
00046 MODOPTS_LIBCFS=
00046 libcfs will create CPU partition based on online CPUs
00046 LNet: Added LNI 10.0.2.15@tcp [8/256/0/180]
00046 gss/krb5 is not supported
00047 Lustre: Echo OBD driver; http://www.lustre.org/
00047 
00047 
00048 /host/home/ktest/git/lustre-release/lustre/tests/test-framework.sh: line 6933: cd: HOME not set
00048 /host/home/ktest/git/lustre-release/lustre/tests/test-framework.sh: line 6933: cd: HOME not set
00048 /host/home/ktest/git/lustre-release/lustre/tests/test-framework.sh: line 6933: cd: HOME not set
00051 Lustre: DEBUG MARKER: Attempt llog unit tests
00051 Lustre: 2192:0:(llog_test.c:2809:llog_test_device_init()) Setup llog-test device over MGS device
00051 Lustre: 2192:0:(llog_test.c:98:llog_test_1()) 1a: create a log with name: db0ade57
00051 ------------[ cut here ]------------
00051 WARNING: /home/ktest/git/linux/include/linux/fs.h:889 at osd_create+0x9cf/0xcf0 [osd_wbcfs], CPU#8: lctl/2192
00051 Modules linked in: llog_test(O) mgs(O) osd_wbcfs(O) lustre(O) obdecho(O) mgc(O) mdc(O) lov(O) osc(O) lmv(O) ec(O) fid(O) fld(O) ptlrpc(O) efivarfs obdclass(O) ksocklnd(O) lnet(O) libcfs(O)
00051 CPU: 8 UID: 0 PID: 2192 Comm: lctl Tainted: G           O        7.0.0-ktest-f90615f-6330a45-20260720-dirty #1 PREEMPT 
00051 Tainted: [O]=OOT_MODULE
00051 Hardware name: QEMU Standard PC (Q35 + ICH9, 2009), BIOS 2025.11-3ubuntu7 03/31/2026
00051 RIP: 0010:osd_create+0x9cf/0xcf0 [osd_wbcfs]
00051 Code: c7 c7 00 36 7c a1 48 c7 c6 a0 b2 7d a1 48 c7 c2 00 bc 7d a1 e8 82 dd 43 ff 48 c7 c7 00 36 7c a1 e8 f6 6a 44 ff e9 fe fc ff ff <0f> 0b e9 a5 fa ff ff 48 c7 c1 80 44 5d a0 80 e1 07 80 c1 03 38 c1
00051 RSP: 0018:ffffc900024677a0 EFLAGS: 00010246
00051 RAX: 0000000000000000 RBX: ffff88811ef8c800 RCX: 0000000000000046
00051 RDX: 0000000000000000 RSI: ffff888197612648 RDI: ffff888138380998
00051 RBP: ffff8881976125b8 R08: ffffffff83a16803 R09: 1ffffffff0742d00
00051 R10: dffffc0000000000 R11: fffffbfff0742d01 R12: ffff888160a50000
00051 R13: dffffc0000000000 R14: 1ffff11023df1900 R15: 1ffff1102c14a00f
00051 FS:  00007f8db448f940(0000) GS:ffff88831e82d000(0000) knlGS:0000000000000000
00051 CS:  0010 DS: 0000 ES: 0000 CR0: 0000000080050033
00051 CR2: 000055d501ef3b40 CR3: 00000001080bd000 CR4: 0000000000750eb0
00051 PKRU: 55555554
00051 Call Trace:
00051  <TASK>
00051  ? local_object_create+0x109/0x640 [obdclass]
00051  ? dt_write_lock+0x16d/0x2a0 [obdclass]
00051  ? llog_osd_create+0x356/0x1140 [obdclass]
00051  ? llog_create+0x2ed/0x530 [obdclass]
00051  ? llog_open_create+0x5af/0xb10 [obdclass]
00051  ? llog_run_tests+0x4bb/0x5ac0 [llog_test]
00051  ? get_random_u32+0x51/0x470
00051  ? get_random_u32+0x51/0x470
00051  ? _raw_spin_unlock+0x23/0x40
00051  ? __llog_ctxt_put+0x1c4/0x2f0 [obdclass]
00051  ? llog_test_device_init+0x503/0x840 [llog_test]
00051  ? obd_setup+0x559/0x960 [obdclass]
00051  ? class_setup+0xc7d/0x10e0 [obdclass]
00051  ? class_process_config+0x2edb/0x7cb0 [obdclass]
00051  ? class_handle_ioctl+0x2055/0x3590 [obdclass]
00051  ? obd_class_ioctl+0x1f6/0x3c0 [obdclass]
00051  ? __x64_sys_ioctl+0x961/0xe00
00051  ? _copy_to_user+0x3d/0x60
00051  ? __x64_sys_rt_sigaction+0x107/0x140
00051  ? do_syscall_64+0xc1/0x350
00051  ? entry_SYSCALL_64_after_hwframe+0x4b/0x53
00051  </TASK>
00051 ---[ end trace 0000000000000000 ]---
00051 Lustre: 2192:0:(llog_test.c:115:llog_test_1()) 1b: close newly-created log
00051 Lustre: 2192:0:(llog_test.c:146:llog_test_2()) 2a: re-open a log with name: db0ade57
00051 Lustre: 2192:0:(llog_test.c:166:llog_test_2()) 2b: create a log without specified NAME & LOGID
00051 ------------[ cut here ]------------
00051 WARNING: /home/ktest/git/linux/include/linux/fs.h:889 at osd_create+0x9cf/0xcf0 [osd_wbcfs], CPU#8: lctl/2192
00051 Modules linked in: llog_test(O) mgs(O) osd_wbcfs(O) lustre(O) obdecho(O) mgc(O) mdc(O) lov(O) osc(O) lmv(O) ec(O) fid(O) fld(O) ptlrpc(O) efivarfs obdclass(O) ksocklnd(O) lnet(O) libcfs(O)
00051 CPU: 8 UID: 0 PID: 2192 Comm: lctl Tainted: G        W  O        7.0.0-ktest-f90615f-6330a45-20260720-dirty #1 PREEMPT 
00051 Tainted: [W]=WARN, [O]=OOT_MODULE
00051 Hardware name: QEMU Standard PC (Q35 + ICH9, 2009), BIOS 2025.11-3ubuntu7 03/31/2026
00051 RIP: 0010:osd_create+0x9cf/0xcf0 [osd_wbcfs]
00051 Code: c7 c7 00 36 7c a1 48 c7 c6 a0 b2 7d a1 48 c7 c2 00 bc 7d a1 e8 82 dd 43 ff 48 c7 c7 00 36 7c a1 e8 f6 6a 44 ff e9 fe fc ff ff <0f> 0b e9 a5 fa ff ff 48 c7 c1 80 44 5d a0 80 e1 07 80 c1 03 38 c1
00051 RSP: 0018:ffffc900024677a0 EFLAGS: 00010246
00051 RAX: 0000000000000000 RBX: ffff88811ef88000 RCX: 0000000000000046
00051 RDX: 0000000000000000 RSI: ffff888197611f30 RDI: ffff888138380998
00051 RBP: ffff888197611ea0 R08: ffffffff83a16803 R09: 1ffffffff0742d00
00051 R10: dffffc0000000000 R11: fffffbfff0742d01 R12: ffff888160a50000
00051 R13: dffffc0000000000 R14: 1ffff11023df1000 R15: 1ffff1102c14a00f
00051 FS:  00007f8db448f940(0000) GS:ffff88831e82d000(0000) knlGS:0000000000000000
00051 CS:  0010 DS: 0000 ES: 0000 CR0: 0000000080050033
00051 CR2: 000055d501ef3b40 CR3: 00000001080bd000 CR4: 0000000000750eb0
00051 PKRU: 55555554
00051 Call Trace:
00051  <TASK>
00051  ? local_object_create+0x109/0x640 [obdclass]
00051  ? dt_write_lock+0x16d/0x2a0 [obdclass]
00051  ? llog_osd_create+0x356/0x1140 [obdclass]
00051  ? llog_create+0x2ed/0x530 [obdclass]
00051  ? llog_open_create+0x5af/0xb10 [obdclass]
00051  ? llog_run_tests+0xd1a/0x5ac0 [llog_test]
00051  ? get_random_u32+0x51/0x470
00051  ? get_random_u32+0x51/0x470
00051  ? _raw_spin_unlock+0x23/0x40
00051  ? llog_test_device_init+0x503/0x840 [llog_test]
00051  ? obd_setup+0x559/0x960 [obdclass]
00051  ? class_setup+0xc7d/0x10e0 [obdclass]
00051  ? class_process_config+0x2edb/0x7cb0 [obdclass]
00051  ? class_handle_ioctl+0x2055/0x3590 [obdclass]
00051  ? obd_class_ioctl+0x1f6/0x3c0 [obdclass]
00051  ? __x64_sys_ioctl+0x961/0xe00
00051  ? _copy_to_user+0x3d/0x60
00051  ? __x64_sys_rt_sigaction+0x107/0x140
00051  ? do_syscall_64+0xc1/0x350
00051  ? entry_SYSCALL_64_after_hwframe+0x4b/0x53
00051  </TASK>
00051 ---[ end trace 0000000000000000 ]---
00051 Lustre: 2192:0:(llog_test.c:184:llog_test_2()) 2b: write 1 llog records, check llh_count
00051 Lustre: 2192:0:(llog_test.c:197:llog_test_2()) 2c: re-open the log by LOGID and verify llh_count
00051 Lustre: 2192:0:(llog_test.c:244:llog_test_2()) 2d: destroy this log
00051 Lustre: 2192:0:(llog_test.c:402:llog_test_3()) 3a: write 1023 fixed-size llog records
00051 Lustre: 2192:0:(llog_test.c:366:llog_test3_process()) test3: processing records from index 501 to the end
00051 Lustre: 2192:0:(llog_test.c:376:llog_test3_process()) test3: total 525 records processed with 0 paddings
00051 Lustre: 2192:0:(llog_test.c:458:llog_test_3()) 3b: write 566 variable size llog records
00051 Lustre: 2192:0:(llog_test.c:529:llog_test_3()) 3c: write records with variable size until BITMAP_SIZE, return -ENOSPC
00053 Lustre: 2192:0:(llog_test.c:552:llog_test_3()) 3c: wrote 63962 more records before end of llog is reached
00053 Lustre: 2192:0:(llog_test.c:581:llog_test_4()) 4a: create a catalog log with name: db0ade58
00053 ------------[ cut here ]------------
00053 WARNING: /home/ktest/git/linux/include/linux/fs.h:889 at osd_create+0x9cf/0xcf0 [osd_wbcfs], CPU#8: lctl/2192
00053 Modules linked in: llog_test(O) mgs(O) osd_wbcfs(O) lustre(O) obdecho(O) mgc(O) mdc(O) lov(O) osc(O) lmv(O) ec(O) fid(O) fld(O) ptlrpc(O) efivarfs obdclass(O) ksocklnd(O) lnet(O) libcfs(O)
00053 CPU: 8 UID: 0 PID: 2192 Comm: lctl Tainted: G        W  O        7.0.0-ktest-f90615f-6330a45-20260720-dirty #1 PREEMPT 
00053 Tainted: [W]=WARN, [O]=OOT_MODULE
00053 Hardware name: QEMU Standard PC (Q35 + ICH9, 2009), BIOS 2025.11-3ubuntu7 03/31/2026
00053 RIP: 0010:osd_create+0x9cf/0xcf0 [osd_wbcfs]
00053 Code: c7 c7 00 36 7c a1 48 c7 c6 a0 b2 7d a1 48 c7 c2 00 bc 7d a1 e8 82 dd 43 ff 48 c7 c7 00 36 7c a1 e8 f6 6a 44 ff e9 fe fc ff ff <0f> 0b e9 a5 fa ff ff 48 c7 c1 80 44 5d a0 80 e1 07 80 c1 03 38 c1
00053 RSP: 0018:ffffc900024677a0 EFLAGS: 00010246
00053 RAX: 0000000000000000 RBX: ffff88813a011000 RCX: 0000000000000046
00053 RDX: 0000000000000000 RSI: ffff888197611818 RDI: ffff888138380998
00053 RBP: ffff888197611788 R08: ffffffff83a16803 R09: 1ffffffff0742d00
00053 R10: dffffc0000000000 R11: fffffbfff0742d01 R12: ffff888160a50000
00053 R13: dffffc0000000000 R14: 1ffff11027402200 R15: 1ffff1102c14a00f
00053 FS:  00007f8db448f940(0000) GS:ffff88831e82d000(0000) knlGS:0000000000000000
00053 CS:  0010 DS: 0000 ES: 0000 CR0: 0000000080050033
00053 CR2: 000055d501ef3b40 CR3: 00000001080bd000 CR4: 0000000000750eb0
00053 PKRU: 55555554
00053 Call Trace:
00053  <TASK>
00053  ? local_object_create+0x109/0x640 [obdclass]
00053  ? dt_write_lock+0x16d/0x2a0 [obdclass]
00053  ? llog_osd_create+0x356/0x1140 [obdclass]
00053  ? llog_create+0x2ed/0x530 [obdclass]
00053  ? llog_open_create+0x5af/0xb10 [obdclass]
00053  ? llog_run_tests+0x2c0e/0x5ac0 [llog_test]
00053  ? get_random_u32+0x51/0x470
00053  ? llog_test_device_init+0x503/0x840 [llog_test]
00053  ? obd_setup+0x559/0x960 [obdclass]
00053  ? class_setup+0xc7d/0x10e0 [obdclass]
00053  ? class_process_config+0x2edb/0x7cb0 [obdclass]
00053  ? class_handle_ioctl+0x2055/0x3590 [obdclass]
00053  ? obd_class_ioctl+0x1f6/0x3c0 [obdclass]
00053  ? __x64_sys_ioctl+0x961/0xe00
00053  ? _copy_to_user+0x3d/0x60
00053  ? __x64_sys_rt_sigaction+0x107/0x140
00053  ? do_syscall_64+0xc1/0x350
00053  ? entry_SYSCALL_64_after_hwframe+0x4b/0x53
00053  </TASK>
00053 ---[ end trace 0000000000000000 ]---
00053 Lustre: 2192:0:(llog_test.c:596:llog_test_4()) 4b: write 1 record into the catalog
00053 ------------[ cut here ]------------
00053 WARNING: /home/ktest/git/linux/include/linux/fs.h:889 at osd_create+0x9cf/0xcf0 [osd_wbcfs], CPU#8: lctl/2192
00053 Modules linked in: llog_test(O) mgs(O) osd_wbcfs(O) lustre(O) obdecho(O) mgc(O) mdc(O) lov(O) osc(O) lmv(O) ec(O) fid(O) fld(O) ptlrpc(O) efivarfs obdclass(O) ksocklnd(O) lnet(O) libcfs(O)
00053 CPU: 8 UID: 0 PID: 2192 Comm: lctl Tainted: G        W  O        7.0.0-ktest-f90615f-6330a45-20260720-dirty #1 PREEMPT 
00053 Tainted: [W]=WARN, [O]=OOT_MODULE
00053 Hardware name: QEMU Standard PC (Q35 + ICH9, 2009), BIOS 2025.11-3ubuntu7 03/31/2026
00053 RIP: 0010:osd_create+0x9cf/0xcf0 [osd_wbcfs]
00053 Code: c7 c7 00 36 7c a1 48 c7 c6 a0 b2 7d a1 48 c7 c2 00 bc 7d a1 e8 82 dd 43 ff 48 c7 c7 00 36 7c a1 e8 f6 6a 44 ff e9 fe fc ff ff <0f> 0b e9 a5 fa ff ff 48 c7 c1 80 44 5d a0 80 e1 07 80 c1 03 38 c1
00053 RSP: 0018:ffffc90002467640 EFLAGS: 00010246
00053 RAX: 0000000000000000 RBX: ffff88813a010800 RCX: 0000000000000046
00053 RDX: 0000000000000000 RSI: ffff888197611100 RDI: ffff8881383809c0
00053 RBP: ffff888197611070 R08: ffffffff83a16803 R09: 1ffffffff0742d00
00053 R10: dffffc0000000000 R11: fffffbfff0742d01 R12: ffff888160a50000
00053 R13: dffffc0000000000 R14: 1ffff11027402100 R15: 1ffff1102c14a00f
00053 FS:  00007f8db448f940(0000) GS:ffff88831e82d000(0000) knlGS:0000000000000000
00053 CS:  0010 DS: 0000 ES: 0000 CR0: 0000000080050033
00053 CR2: 000055d501ef3b40 CR3: 00000001080bd000 CR4: 0000000000750eb0
00053 PKRU: 55555554
00053 Call Trace:
00053  <TASK>
00053  ? local_object_create+0x109/0x640 [obdclass]
00053  ? dt_write_lock+0x16d/0x2a0 [obdclass]
00053  ? llog_osd_create+0x356/0x1140 [obdclass]
00053  ? llog_create+0x2ed/0x530 [obdclass]
00053  ? llog_cat_new_log+0x6c3/0x2bf0 [obdclass]
00053  ? llog_cat_add_rec+0x6ba/0x1960 [obdclass]
00053  ? llog_cat_add+0x451/0x890 [obdclass]
00053  ? llog_run_tests+0x2ff2/0x5ac0 [llog_test]
00053  ? get_random_u32+0x51/0x470
00053  ? llog_test_device_init+0x503/0x840 [llog_test]
00053  ? obd_setup+0x559/0x960 [obdclass]
00053  ? class_setup+0xc7d/0x10e0 [obdclass]
00053  ? class_process_config+0x2edb/0x7cb0 [obdclass]
00053  ? class_handle_ioctl+0x2055/0x3590 [obdclass]
00053  ? obd_class_ioctl+0x1f6/0x3c0 [obdclass]
00053  ? __x64_sys_ioctl+0x961/0xe00
00053  ? _copy_to_user+0x3d/0x60
00053  ? __x64_sys_rt_sigaction+0x107/0x140
00053  ? do_syscall_64+0xc1/0x350
00053  ? entry_SYSCALL_64_after_hwframe+0x4b/0x53
00053  </TASK>
00053 ---[ end trace 0000000000000000 ]---
00053 Lustre: 2192:0:(llog_test.c:623:llog_test_4()) 4c: cancel 1 log record
00053 Lustre: 2192:0:(llog_test.c:635:llog_test_4()) 4d: write 64767 more log records
00071 Lustre: 2192:0:(llog_test.c:1106:llog_test_7()) 7d: test llog_size_change_rec
00071 ------------[ cut here ]------------
00071 WARNING: /home/ktest/git/linux/include/linux/fs.h:889 at osd_create+0x9cf/0xcf0 [osd_wbcfs], CPU#8: lctl/2192
00071 Modules linked in: llog_test(O) mgs(O) osd_wbcfs(O) lustre(O) obdecho(O) mgc(O) mdc(O) lov(O) osc(O) lmv(O) ec(O) fid(O) fld(O) ptlrpc(O) efivarfs obdclass(O) ksocklnd(O) lnet(O) libcfs(O)
00071 CPU: 8 UID: 0 PID: 2192 Comm: lctl Tainted: G        W  O        7.0.0-ktest-f90615f-6330a45-20260720-dirty #1 PREEMPT 
00071 Tainted: [W]=WARN, [O]=OOT_MODULE
00071 Hardware name: QEMU Standard PC (Q35 + ICH9, 2009), BIOS 2025.11-3ubuntu7 03/31/2026
00071 RIP: 0010:osd_create+0x9cf/0xcf0 [osd_wbcfs]
00071 Code: c7 c7 00 36 7c a1 48 c7 c6 a0 b2 7d a1 48 c7 c2 00 bc 7d a1 e8 82 dd 43 ff 48 c7 c7 00 36 7c a1 e8 f6 6a 44 ff e9 fe fc ff ff <0f> 0b e9 a5 fa ff ff 48 c7 c1 80 44 5d a0 80 e1 07 80 c1 03 38 c1
00071 RSP: 0018:ffffc900024676f8 EFLAGS: 00010246
00071 RAX: 0000000000000000 RBX: ffff888119184400 RCX: 0000000000000046
00071 RDX: 0000000000000000 RSI: ffff8881622ae620 RDI: ffff888138380998
00071 RBP: ffff8881622ae590 R08: ffffffff83a16803 R09: 1ffffffff0742d00
00071 R10: dffffc0000000000 R11: fffffbfff0742d01 R12: ffff888160a50000
00071 R13: dffffc0000000000 R14: 1ffff11023230880 R15: 1ffff1102c14a00f
00071 FS:  00007f8db448f940(0000) GS:ffff88831e82d000(0000) knlGS:0000000000000000
00071 CS:  0010 DS: 0000 ES: 0000 CR0: 0000000080050033
00071 CR2: 000055d501ef3b40 CR3: 00000001080bd000 CR4: 0000000000750eb0
00071 PKRU: 55555554
00071 Call Trace:
00071  <TASK>
00071  ? local_object_create+0x109/0x640 [obdclass]
00071  ? dt_write_lock+0x16d/0x2a0 [obdclass]
00071  ? llog_osd_create+0x356/0x1140 [obdclass]
00071  ? llog_create+0x2ed/0x530 [obdclass]
00071  ? llog_open_create+0x5af/0xb10 [obdclass]
00071  ? llog_test_7_sub+0xea/0x1250 [llog_test]
00071  ? llog_test_7+0x5d5/0xf50 [llog_test]
00071  ? llog_run_tests+0x3614/0x5ac0 [llog_test]
00071  ? get_random_u32+0x51/0x470
00071  ? llog_test_device_init+0x503/0x840 [llog_test]
00071  ? obd_setup+0x559/0x960 [obdclass]
00071  ? class_setup+0xc7d/0x10e0 [obdclass]
00071  ? class_process_config+0x2edb/0x7cb0 [obdclass]
00071  ? class_handle_ioctl+0x2055/0x3590 [obdclass]
00071  ? obd_class_ioctl+0x1f6/0x3c0 [obdclass]
00071  ? __x64_sys_ioctl+0x961/0xe00
00071  ? _copy_to_user+0x3d/0x60
00071  ? __x64_sys_rt_sigaction+0x107/0x140
00071  ? do_syscall_64+0xc1/0x350
00071  ? entry_SYSCALL_64_after_hwframe+0x4b/0x53
00071  </TASK>
00071 ---[ end trace 0000000000000000 ]---
00076 Lustre: 2192:0:(llog_test.c:1117:llog_test_7()) 7e: test llog_changelog_rec
00076 ------------[ cut here ]------------
00076 WARNING: /home/ktest/git/linux/include/linux/fs.h:889 at osd_create+0x9cf/0xcf0 [osd_wbcfs], CPU#8: lctl/2192
00076 Modules linked in: llog_test(O) mgs(O) osd_wbcfs(O) lustre(O) obdecho(O) mgc(O) mdc(O) lov(O) osc(O) lmv(O) ec(O) fid(O) fld(O) ptlrpc(O) efivarfs obdclass(O) ksocklnd(O) lnet(O) libcfs(O)
00076 CPU: 8 UID: 0 PID: 2192 Comm: lctl Tainted: G        W  O        7.0.0-ktest-f90615f-6330a45-20260720-dirty #1 PREEMPT 
00076 Tainted: [W]=WARN, [O]=OOT_MODULE
00076 Hardware name: QEMU Standard PC (Q35 + ICH9, 2009), BIOS 2025.11-3ubuntu7 03/31/2026
00076 RIP: 0010:osd_create+0x9cf/0xcf0 [osd_wbcfs]
00076 Code: c7 c7 00 36 7c a1 48 c7 c6 a0 b2 7d a1 48 c7 c2 00 bc 7d a1 e8 82 dd 43 ff 48 c7 c7 00 36 7c a1 e8 f6 6a 44 ff e9 fe fc ff ff <0f> 0b e9 a5 fa ff ff 48 c7 c1 80 44 5d a0 80 e1 07 80 c1 03 38 c1
00076 RSP: 0018:ffffc900024676f8 EFLAGS: 00010246
00076 RAX: 0000000000000000 RBX: ffff88819a5ad800 RCX: 0000000000000046
00076 RDX: 0000000000000000 RSI: ffff8881622adf08 RDI: ffff888138380998
00076 RBP: ffff8881622ade78 R08: ffffffff83a16803 R09: 1ffffffff0742d00
00076 R10: dffffc0000000000 R11: fffffbfff0742d01 R12: ffff888160a50000
00076 R13: dffffc0000000000 R14: 1ffff110334b5b00 R15: 1ffff1102c14a00f
00076 FS:  00007f8db448f940(0000) GS:ffff88831e82d000(0000) knlGS:0000000000000000
00076 CS:  0010 DS: 0000 ES: 0000 CR0: 0000000080050033
00076 CR2: 000055d501ef3b40 CR3: 00000001080bd000 CR4: 0000000000750eb0
00076 PKRU: 55555554
00076 Call Trace:
00076  <TASK>
00076  ? local_object_create+0x109/0x640 [obdclass]
00076  ? dt_write_lock+0x16d/0x2a0 [obdclass]
00076  ? llog_osd_create+0x356/0x1140 [obdclass]
00076  ? llog_create+0x2ed/0x530 [obdclass]
00076  ? llog_open_create+0x5af/0xb10 [obdclass]
00076  ? llog_test_7_sub+0xea/0x1250 [llog_test]
00076  ? llog_test_7+0x706/0xf50 [llog_test]
00076  ? llog_run_tests+0x3614/0x5ac0 [llog_test]
00076  ? get_random_u32+0x51/0x470
00076  ? llog_test_device_init+0x503/0x840 [llog_test]
00076  ? obd_setup+0x559/0x960 [obdclass]
00076  ? class_setup+0xc7d/0x10e0 [obdclass]
00076  ? class_process_config+0x2edb/0x7cb0 [obdclass]
00076  ? class_handle_ioctl+0x2055/0x3590 [obdclass]
00076  ? obd_class_ioctl+0x1f6/0x3c0 [obdclass]
00076  ? __x64_sys_ioctl+0x961/0xe00
00076  ? _copy_to_user+0x3d/0x60
00076  ? __x64_sys_rt_sigaction+0x107/0x140
00076  ? do_syscall_64+0xc1/0x350
00076  ? entry_SYSCALL_64_after_hwframe+0x4b/0x53
00076  </TASK>
00076 ---[ end trace 0000000000000000 ]---
00078 hrtimer: interrupt took 15139 ns
00078 Lustre: 2192:0:(llog_test.c:1024:llog_test_7_sub()) 7_sub: records are not aligned, written 64071 from 64767
00080 Lustre: 2192:0:(llog_test.c:1129:llog_test_7()) 7f: test llog_changelog_user_rec2
00080 ------------[ cut here ]------------
00080 WARNING: /home/ktest/git/linux/include/linux/fs.h:889 at osd_create+0x9cf/0xcf0 [osd_wbcfs], CPU#8: lctl/2192
00080 Modules linked in: llog_test(O) mgs(O) osd_wbcfs(O) lustre(O) obdecho(O) mgc(O) mdc(O) lov(O) osc(O) lmv(O) ec(O) fid(O) fld(O) ptlrpc(O) efivarfs obdclass(O) ksocklnd(O) lnet(O) libcfs(O)
00080 CPU: 8 UID: 0 PID: 2192 Comm: lctl Tainted: G        W  O        7.0.0-ktest-f90615f-6330a45-20260720-dirty #1 PREEMPT 
00080 Tainted: [W]=WARN, [O]=OOT_MODULE
00080 Hardware name: QEMU Standard PC (Q35 + ICH9, 2009), BIOS 2025.11-3ubuntu7 03/31/2026
00080 RIP: 0010:osd_create+0x9cf/0xcf0 [osd_wbcfs]
00080 Code: c7 c7 00 36 7c a1 48 c7 c6 a0 b2 7d a1 48 c7 c2 00 bc 7d a1 e8 82 dd 43 ff 48 c7 c7 00 36 7c a1 e8 f6 6a 44 ff e9 fe fc ff ff <0f> 0b e9 a5 fa ff ff 48 c7 c1 80 44 5d a0 80 e1 07 80 c1 03 38 c1
00080 RSP: 0018:ffffc900024676f8 EFLAGS: 00010246
00080 RAX: 0000000000000000 RBX: ffff888197557800 RCX: 0000000000000046
00080 RDX: 0000000000000000 RSI: ffff8881622ad7f0 RDI: ffff888138380998
00080 RBP: ffff8881622ad760 R08: ffffffff83a16803 R09: 1ffffffff0742d00
00080 R10: dffffc0000000000 R11: fffffbfff0742d01 R12: ffff888160a50000
00080 R13: dffffc0000000000 R14: 1ffff11032eaaf00 R15: 1ffff1102c14a00f
00080 FS:  00007f8db448f940(0000) GS:ffff88831e82d000(0000) knlGS:0000000000000000
00080 CS:  0010 DS: 0000 ES: 0000 CR0: 0000000080050033
00080 CR2: 000055d501ef3b40 CR3: 00000001080bd000 CR4: 0000000000750eb0
00080 PKRU: 55555554
00080 Call Trace:
00080  <TASK>
00080  ? local_object_create+0x109/0x640 [obdclass]
00080  ? dt_write_lock+0x16d/0x2a0 [obdclass]
00080  ? llog_osd_create+0x356/0x1140 [obdclass]
00080  ? llog_create+0x2ed/0x530 [obdclass]
00080  ? llog_open_create+0x5af/0xb10 [obdclass]
00080  ? llog_test_7_sub+0xea/0x1250 [llog_test]
00080  ? llog_test_7+0x837/0xf50 [llog_test]
00080  ? llog_run_tests+0x3614/0x5ac0 [llog_test]
00080  ? get_random_u32+0x51/0x470
00080  ? llog_test_device_init+0x503/0x840 [llog_test]
00080  ? obd_setup+0x559/0x960 [obdclass]
00080  ? class_setup+0xc7d/0x10e0 [obdclass]
00080  ? class_process_config+0x2edb/0x7cb0 [obdclass]
00080  ? class_handle_ioctl+0x2055/0x3590 [obdclass]
00080  ? obd_class_ioctl+0x1f6/0x3c0 [obdclass]
00080  ? __x64_sys_ioctl+0x961/0xe00
00080  ? _copy_to_user+0x3d/0x60
00080  ? __x64_sys_rt_sigaction+0x107/0x140
00080  ? do_syscall_64+0xc1/0x350
00080  ? entry_SYSCALL_64_after_hwframe+0x4b/0x53
00080  </TASK>
00080 ---[ end trace 0000000000000000 ]---
00083 Lustre: 2192:0:(llog_test.c:1024:llog_test_7_sub()) 7_sub: records are not aligned, written 64139 from 64767
00085 Lustre: 2192:0:(llog_test.c:1140:llog_test_7()) 7g: test llog_gen_rec
00085 ------------[ cut here ]------------
00085 WARNING: /home/ktest/git/linux/include/linux/fs.h:889 at osd_create+0x9cf/0xcf0 [osd_wbcfs], CPU#8: lctl/2192
00085 Modules linked in: llog_test(O) mgs(O) osd_wbcfs(O) lustre(O) obdecho(O) mgc(O) mdc(O) lov(O) osc(O) lmv(O) ec(O) fid(O) fld(O) ptlrpc(O) efivarfs obdclass(O) ksocklnd(O) lnet(O) libcfs(O)
00085 CPU: 8 UID: 0 PID: 2192 Comm: lctl Tainted: G        W  O        7.0.0-ktest-f90615f-6330a45-20260720-dirty #1 PREEMPT 
00085 Tainted: [W]=WARN, [O]=OOT_MODULE
00085 Hardware name: QEMU Standard PC (Q35 + ICH9, 2009), BIOS 2025.11-3ubuntu7 03/31/2026
00085 RIP: 0010:osd_create+0x9cf/0xcf0 [osd_wbcfs]
00085 Code: c7 c7 00 36 7c a1 48 c7 c6 a0 b2 7d a1 48 c7 c2 00 bc 7d a1 e8 82 dd 43 ff 48 c7 c7 00 36 7c a1 e8 f6 6a 44 ff e9 fe fc ff ff <0f> 0b e9 a5 fa ff ff 48 c7 c1 80 44 5d a0 80 e1 07 80 c1 03 38 c1
00085 RSP: 0018:ffffc900024676f8 EFLAGS: 00010246
00085 RAX: 0000000000000000 RBX: ffff88811f889800 RCX: 0000000000000046
00085 RDX: 0000000000000000 RSI: ffff888197617b68 RDI: ffff888138380998
00085 RBP: ffff888197617ad8 R08: ffffffff83a16803 R09: 1ffffffff0742d00
00085 R10: dffffc0000000000 R11: fffffbfff0742d01 R12: ffff888160a50000
00085 R13: dffffc0000000000 R14: 1ffff11023f11300 R15: 1ffff1102c14a00f
00085 FS:  00007f8db448f940(0000) GS:ffff88831e82d000(0000) knlGS:0000000000000000
00085 CS:  0010 DS: 0000 ES: 0000 CR0: 0000000080050033
00085 CR2: 000055d501ef3b40 CR3: 00000001080bd000 CR4: 0000000000750eb0
00085 PKRU: 55555554
00085 Call Trace:
00085  <TASK>
00085  ? local_object_create+0x109/0x640 [obdclass]
00085  ? dt_write_lock+0x16d/0x2a0 [obdclass]
00085  ? llog_osd_create+0x356/0x1140 [obdclass]
00085  ? llog_create+0x2ed/0x530 [obdclass]
00085  ? llog_open_create+0x5af/0xb10 [obdclass]
00085  ? llog_test_7_sub+0xea/0x1250 [llog_test]
00085  ? llog_test_7+0x968/0xf50 [llog_test]
00085  ? llog_run_tests+0x3614/0x5ac0 [llog_test]
00085  ? get_random_u32+0x51/0x470
00085  ? llog_test_device_init+0x503/0x840 [llog_test]
00085  ? obd_setup+0x559/0x960 [obdclass]
00085  ? class_setup+0xc7d/0x10e0 [obdclass]
00085  ? class_process_config+0x2edb/0x7cb0 [obdclass]
00085  ? class_handle_ioctl+0x2055/0x3590 [obdclass]
00085  ? obd_class_ioctl+0x1f6/0x3c0 [obdclass]
00085  ? __x64_sys_ioctl+0x961/0xe00
00085  ? _copy_to_user+0x3d/0x60
00085  ? __x64_sys_rt_sigaction+0x107/0x140
00085  ? do_syscall_64+0xc1/0x350
00085  ? entry_SYSCALL_64_after_hwframe+0x4b/0x53
00085  </TASK>
00085 ---[ end trace 0000000000000000 ]---
00089 Lustre: 2192:0:(llog_test.c:1151:llog_test_7()) 7h: test llog_setattr64_rec_v2
00089 ------------[ cut here ]------------
00089 WARNING: /home/ktest/git/linux/include/linux/fs.h:889 at osd_create+0x9cf/0xcf0 [osd_wbcfs], CPU#8: lctl/2192
00089 Modules linked in: llog_test(O) mgs(O) osd_wbcfs(O) lustre(O) obdecho(O) mgc(O) mdc(O) lov(O) osc(O) lmv(O) ec(O) fid(O) fld(O) ptlrpc(O) efivarfs obdclass(O) ksocklnd(O) lnet(O) libcfs(O)
00089 CPU: 8 UID: 0 PID: 2192 Comm: lctl Tainted: G        W  O        7.0.0-ktest-f90615f-6330a45-20260720-dirty #1 PREEMPT 
00089 Tainted: [W]=WARN, [O]=OOT_MODULE
00089 Hardware name: QEMU Standard PC (Q35 + ICH9, 2009), BIOS 2025.11-3ubuntu7 03/31/2026
00089 RIP: 0010:osd_create+0x9cf/0xcf0 [osd_wbcfs]
00089 Code: c7 c7 00 36 7c a1 48 c7 c6 a0 b2 7d a1 48 c7 c2 00 bc 7d a1 e8 82 dd 43 ff 48 c7 c7 00 36 7c a1 e8 f6 6a 44 ff e9 fe fc ff ff <0f> 0b e9 a5 fa ff ff 48 c7 c1 80 44 5d a0 80 e1 07 80 c1 03 38 c1
00089 RSP: 0018:ffffc900024676f8 EFLAGS: 00010246
00089 RAX: 0000000000000000 RBX: ffff8881bb5a3000 RCX: 0000000000000046
00089 RDX: 0000000000000000 RSI: ffff888197617450 RDI: ffff888138380998
00089 RBP: ffff8881976173c0 R08: ffffffff83a16803 R09: 1ffffffff0742d00
00089 R10: dffffc0000000000 R11: fffffbfff0742d01 R12: ffff888160a50000
00089 R13: dffffc0000000000 R14: 1ffff110376b4600 R15: 1ffff1102c14a00f
00089 FS:  00007f8db448f940(0000) GS:ffff88831e82d000(0000) knlGS:0000000000000000
00089 CS:  0010 DS: 0000 ES: 0000 CR0: 0000000080050033
00089 CR2: 000055d501ef3b40 CR3: 00000001080bd000 CR4: 0000000000750eb0
00089 PKRU: 55555554
00089 Call Trace:
00089  <TASK>
00089  ? local_object_create+0x109/0x640 [obdclass]
00089  ? dt_write_lock+0x16d/0x2a0 [obdclass]
00089  ? llog_osd_create+0x356/0x1140 [obdclass]
00089  ? llog_create+0x2ed/0x530 [obdclass]
00089  ? llog_open_create+0x5af/0xb10 [obdclass]
00089  ? llog_test_7_sub+0xea/0x1250 [llog_test]
00089  ? llog_test_7+0xa99/0xf50 [llog_test]
00089  ? llog_run_tests+0x3614/0x5ac0 [llog_test]
00089  ? get_random_u32+0x51/0x470
00089  ? llog_test_device_init+0x503/0x840 [llog_test]
00089  ? obd_setup+0x559/0x960 [obdclass]
00089  ? class_setup+0xc7d/0x10e0 [obdclass]
00089  ? class_process_config+0x2edb/0x7cb0 [obdclass]
00089  ? class_handle_ioctl+0x2055/0x3590 [obdclass]
00089  ? obd_class_ioctl+0x1f6/0x3c0 [obdclass]
00089  ? __x64_sys_ioctl+0x961/0xe00
00089  ? _copy_to_user+0x3d/0x60
00089  ? __x64_sys_rt_sigaction+0x107/0x140
00089  ? do_syscall_64+0xc1/0x350
00089  ? entry_SYSCALL_64_after_hwframe+0x4b/0x53
00089  </TASK>
00089 ---[ end trace 0000000000000000 ]---
00092 Lustre: 2192:0:(llog_test.c:1024:llog_test_7_sub()) 7_sub: records are not aligned, written 64071 from 64767
00093 Lustre: 2192:0:(llog_test.c:1261:llog_test_8()) 8a: fill the first plain llog
00093 ------------[ cut here ]------------
00093 WARNING: /home/ktest/git/linux/include/linux/fs.h:889 at osd_create+0x9cf/0xcf0 [osd_wbcfs], CPU#8: lctl/2192
00093 Modules linked in: llog_test(O) mgs(O) osd_wbcfs(O) lustre(O) obdecho(O) mgc(O) mdc(O) lov(O) osc(O) lmv(O) ec(O) fid(O) fld(O) ptlrpc(O) efivarfs obdclass(O) ksocklnd(O) lnet(O) libcfs(O)
00093 CPU: 8 UID: 0 PID: 2192 Comm: lctl Tainted: G        W  O        7.0.0-ktest-f90615f-6330a45-20260720-dirty #1 PREEMPT 
00093 Tainted: [W]=WARN, [O]=OOT_MODULE
00093 Hardware name: QEMU Standard PC (Q35 + ICH9, 2009), BIOS 2025.11-3ubuntu7 03/31/2026
00093 RIP: 0010:osd_create+0x9cf/0xcf0 [osd_wbcfs]
00093 Code: c7 c7 00 36 7c a1 48 c7 c6 a0 b2 7d a1 48 c7 c2 00 bc 7d a1 e8 82 dd 43 ff 48 c7 c7 00 36 7c a1 e8 f6 6a 44 ff e9 fe fc ff ff <0f> 0b e9 a5 fa ff ff 48 c7 c1 80 44 5d a0 80 e1 07 80 c1 03 38 c1
00093 RSP: 0018:ffffc900024674c8 EFLAGS: 00010246
00093 RAX: 0000000000000000 RBX: ffff8881bbcde800 RCX: 0000000000000046
00093 RDX: 0000000000000000 RSI: ffff888197616d38 RDI: ffff8881383809c0
00093 RBP: ffff888197616ca8 R08: ffffffff83a16803 R09: 1ffffffff0742d00
00093 R10: dffffc0000000000 R11: fffffbfff0742d01 R12: ffff888160a50000
00093 R13: dffffc0000000000 R14: 1ffff1103779bd00 R15: 1ffff1102c14a00f
00093 FS:  00007f8db448f940(0000) GS:ffff88831e82d000(0000) knlGS:0000000000000000
00093 CS:  0010 DS: 0000 ES: 0000 CR0: 0000000080050033
00093 CR2: 000055d501ef3b40 CR3: 00000001080bd000 CR4: 0000000000750eb0
00093 PKRU: 55555554
00093 Call Trace:
00093  <TASK>
00093  ? local_object_create+0x109/0x640 [obdclass]
00093  ? dt_write_lock+0x16d/0x2a0 [obdclass]
00093  ? llog_osd_create+0x356/0x1140 [obdclass]
00093  ? llog_create+0x2ed/0x530 [obdclass]
00093  ? llog_cat_new_log+0x6c3/0x2bf0 [obdclass]
00093  ? llog_cat_add_rec+0x6ba/0x1960 [obdclass]
00093  ? llog_cat_add+0x451/0x890 [obdclass]
00093  ? llog_test_8+0x567/0x1c20 [llog_test]
00093  ? do_raw_spin_unlock+0x52/0x230
00093  ? _raw_spin_unlock+0x23/0x40
00093  ? __llog_ctxt_put+0x1c4/0x2f0 [obdclass]
00093  ? llog_run_tests+0x39a2/0x5ac0 [llog_test]
00093  ? get_random_u32+0x51/0x470
00093  ? llog_test_device_init+0x503/0x840 [llog_test]
00093  ? obd_setup+0x559/0x960 [obdclass]
00093  ? class_setup+0xc7d/0x10e0 [obdclass]
00093  ? class_process_config+0x2edb/0x7cb0 [obdclass]
00093  ? class_handle_ioctl+0x2055/0x3590 [obdclass]
00093  ? obd_class_ioctl+0x1f6/0x3c0 [obdclass]
00093  ? __x64_sys_ioctl+0x961/0xe00
00093  ? _copy_to_user+0x3d/0x60
00093  ? __x64_sys_rt_sigaction+0x107/0x140
00093  ? do_syscall_64+0xc1/0x350
00093  ? entry_SYSCALL_64_after_hwframe+0x4b/0x53
00093  </TASK>
00093 ---[ end trace 0000000000000000 ]---
00093 Lustre: 2192:0:(llog_test.c:1290:llog_test_8()) 8b: first llog [0x1:0x10:0x0]
00093 Lustre: 2192:0:(llog_test.c:1306:llog_test_8()) 8b: fill the second plain llog
00093 ------------[ cut here ]------------
00093 WARNING: /home/ktest/git/linux/include/linux/fs.h:889 at osd_create+0x9cf/0xcf0 [osd_wbcfs], CPU#8: lctl/2192
00093 Modules linked in: llog_test(O) mgs(O) osd_wbcfs(O) lustre(O) obdecho(O) mgc(O) mdc(O) lov(O) osc(O) lmv(O) ec(O) fid(O) fld(O) ptlrpc(O) efivarfs obdclass(O) ksocklnd(O) lnet(O) libcfs(O)
00093 CPU: 8 UID: 0 PID: 2192 Comm: lctl Tainted: G        W  O        7.0.0-ktest-f90615f-6330a45-20260720-dirty #1 PREEMPT 
00093 Tainted: [W]=WARN, [O]=OOT_MODULE
00093 Hardware name: QEMU Standard PC (Q35 + ICH9, 2009), BIOS 2025.11-3ubuntu7 03/31/2026
00093 RIP: 0010:osd_create+0x9cf/0xcf0 [osd_wbcfs]
00093 Code: c7 c7 00 36 7c a1 48 c7 c6 a0 b2 7d a1 48 c7 c2 00 bc 7d a1 e8 82 dd 43 ff 48 c7 c7 00 36 7c a1 e8 f6 6a 44 ff e9 fe fc ff ff <0f> 0b e9 a5 fa ff ff 48 c7 c1 80 44 5d a0 80 e1 07 80 c1 03 38 c1
00093 RSP: 0018:ffffc900024674c8 EFLAGS: 00010246
00093 RAX: 0000000000000000 RBX: ffff8881bb60b000 RCX: 0000000000000046
00093 RDX: 0000000000000000 RSI: ffff888197616620 RDI: ffff8881383809c0
00093 RBP: ffff888197616590 R08: ffffffff83a16803 R09: 1ffffffff0742d00
00093 R10: dffffc0000000000 R11: fffffbfff0742d01 R12: ffff888160a50000
00093 R13: dffffc0000000000 R14: 1ffff110376c1600 R15: 1ffff1102c14a00f
00093 FS:  00007f8db448f940(0000) GS:ffff88831e82d000(0000) knlGS:0000000000000000
00093 CS:  0010 DS: 0000 ES: 0000 CR0: 0000000080050033
00093 CR2: 000055d501ef3b40 CR3: 00000001080bd000 CR4: 0000000000750eb0
00093 PKRU: 55555554
00093 Call Trace:
00093  <TASK>
00093  ? local_object_create+0x109/0x640 [obdclass]
00093  ? dt_write_lock+0x16d/0x2a0 [obdclass]
00093  ? llog_osd_create+0x356/0x1140 [obdclass]
00093  ? llog_create+0x2ed/0x530 [obdclass]
00093  ? llog_cat_new_log+0x6c3/0x2bf0 [obdclass]
00093  ? llog_cat_add_rec+0x6ba/0x1960 [obdclass]
00093  ? llog_cat_add+0x451/0x890 [obdclass]
00093  ? llog_test_8+0xd89/0x1c20 [llog_test]
00093  ? do_raw_spin_unlock+0x52/0x230
00093  ? _raw_spin_unlock+0x23/0x40
00093  ? __llog_ctxt_put+0x1c4/0x2f0 [obdclass]
00093  ? llog_run_tests+0x39a2/0x5ac0 [llog_test]
00093  ? get_random_u32+0x51/0x470
00093  ? llog_test_device_init+0x503/0x840 [llog_test]
00093  ? obd_setup+0x559/0x960 [obdclass]
00093  ? class_setup+0xc7d/0x10e0 [obdclass]
00093  ? class_process_config+0x2edb/0x7cb0 [obdclass]
00093  ? class_handle_ioctl+0x2055/0x3590 [obdclass]
00093  ? obd_class_ioctl+0x1f6/0x3c0 [obdclass]
00093  ? __x64_sys_ioctl+0x961/0xe00
00093  ? _copy_to_user+0x3d/0x60
00093  ? __x64_sys_rt_sigaction+0x107/0x140
00093  ? do_syscall_64+0xc1/0x350
00093  ? entry_SYSCALL_64_after_hwframe+0x4b/0x53
00093  </TASK>
00093 ---[ end trace 0000000000000000 ]---
00093 Lustre: 2192:0:(llog_test.c:1330:llog_test_8()) 8b: pin llog [0x1:0x12:0x0]
00093 Lustre: 2192:0:(llog_test.c:1333:llog_test_8()) 8b: clean first llog record in catalog
00093 Lustre: 2192:0:(llog_test.c:1344:llog_test_8()) 8c: corrupt first chunk in the middle
00093 Lustre: 2192:0:(llog_test.c:1347:llog_test_8()) 8c: corrupt second chunk at start
00093 Lustre: 2192:0:(llog_test.c:1350:llog_test_8()) 8d: count survived records
00093 Lustre: 2192:0:(llog_test.c:1380:llog_test_8()) 8d: close re-opened catalog
00093 Lustre: 2192:0:(llog_test.c:1441:llog_test_9()) 9a: test llog_logid_rec
00093 ------------[ cut here ]------------
00093 WARNING: /home/ktest/git/linux/include/linux/fs.h:889 at osd_create+0x9cf/0xcf0 [osd_wbcfs], CPU#8: lctl/2192
00093 Modules linked in: llog_test(O) mgs(O) osd_wbcfs(O) lustre(O) obdecho(O) mgc(O) mdc(O) lov(O) osc(O) lmv(O) ec(O) fid(O) fld(O) ptlrpc(O) efivarfs obdclass(O) ksocklnd(O) lnet(O) libcfs(O)
00093 CPU: 8 UID: 0 PID: 2192 Comm: lctl Tainted: G        W  O        7.0.0-ktest-f90615f-6330a45-20260720-dirty #1 PREEMPT 
00093 Tainted: [W]=WARN, [O]=OOT_MODULE
00093 Hardware name: QEMU Standard PC (Q35 + ICH9, 2009), BIOS 2025.11-3ubuntu7 03/31/2026
00093 RIP: 0010:osd_create+0x9cf/0xcf0 [osd_wbcfs]
00093 Code: c7 c7 00 36 7c a1 48 c7 c6 a0 b2 7d a1 48 c7 c2 00 bc 7d a1 e8 82 dd 43 ff 48 c7 c7 00 36 7c a1 e8 f6 6a 44 ff e9 fe fc ff ff <0f> 0b e9 a5 fa ff ff 48 c7 c1 80 44 5d a0 80 e1 07 80 c1 03 38 c1
00093 RSP: 0018:ffffc90002467720 EFLAGS: 00010246
00093 RAX: 0000000000000000 RBX: ffff8881bb60c400 RCX: 0000000000000046
00093 RDX: 0000000000000000 RSI: ffff888197615f08 RDI: ffff888138380998
00093 RBP: ffff888197615e78 R08: ffffffff83a16803 R09: 1ffffffff0742d00
00093 R10: dffffc0000000000 R11: fffffbfff0742d01 R12: ffff888160a50000
00093 R13: dffffc0000000000 R14: 1ffff110376c1880 R15: 1ffff1102c14a00f
00093 FS:  00007f8db448f940(0000) GS:ffff88831e82d000(0000) knlGS:0000000000000000
00093 CS:  0010 DS: 0000 ES: 0000 CR0: 0000000080050033
00093 CR2: 000055d501ef3b40 CR3: 00000001080bd000 CR4: 0000000000750eb0
00093 PKRU: 55555554
00093 Call Trace:
00093  <TASK>
00093  ? local_object_create+0x109/0x640 [obdclass]
00093  ? dt_write_lock+0x16d/0x2a0 [obdclass]
00093  ? llog_osd_create+0x356/0x1140 [obdclass]
00093  ? llog_create+0x2ed/0x530 [obdclass]
00093  ? llog_open_create+0x5af/0xb10 [obdclass]
00093  ? llog_test_9_sub+0xd4/0x800 [llog_test]
00093  ? llog_test_9+0x242/0x960 [llog_test]
00093  ? llog_run_tests+0x3d64/0x5ac0 [llog_test]
00093  ? get_random_u32+0x51/0x470
00093  ? llog_test_device_init+0x503/0x840 [llog_test]
00093  ? obd_setup+0x559/0x960 [obdclass]
00093  ? class_setup+0xc7d/0x10e0 [obdclass]
00093  ? class_process_config+0x2edb/0x7cb0 [obdclass]
00093  ? class_handle_ioctl+0x2055/0x3590 [obdclass]
00093  ? obd_class_ioctl+0x1f6/0x3c0 [obdclass]
00093  ? __x64_sys_ioctl+0x961/0xe00
00093  ? _copy_to_user+0x3d/0x60
00093  ? __x64_sys_rt_sigaction+0x107/0x140
00093  ? do_syscall_64+0xc1/0x350
00093  ? entry_SYSCALL_64_after_hwframe+0x4b/0x53
00093  </TASK>
00093 ---[ end trace 0000000000000000 ]---
00093 Lustre: 2192:0:(llog_test.c:1425:llog_test_9_sub()) 9_sub: record type 1064553b in log 0x1:0x14:0x0
00093 Lustre: 2192:0:(llog_test.c:1452:llog_test_9()) 9b: test llog_obd_cfg_rec
00093 ------------[ cut here ]------------
00093 WARNING: /home/ktest/git/linux/include/linux/fs.h:889 at osd_create+0x9cf/0xcf0 [osd_wbcfs], CPU#8: lctl/2192
00093 Modules linked in: llog_test(O) mgs(O) osd_wbcfs(O) lustre(O) obdecho(O) mgc(O) mdc(O) lov(O) osc(O) lmv(O) ec(O) fid(O) fld(O) ptlrpc(O) efivarfs obdclass(O) ksocklnd(O) lnet(O) libcfs(O)
00093 CPU: 8 UID: 0 PID: 2192 Comm: lctl Tainted: G        W  O        7.0.0-ktest-f90615f-6330a45-20260720-dirty #1 PREEMPT 
00093 Tainted: [W]=WARN, [O]=OOT_MODULE
00093 Hardware name: QEMU Standard PC (Q35 + ICH9, 2009), BIOS 2025.11-3ubuntu7 03/31/2026
00093 RIP: 0010:osd_create+0x9cf/0xcf0 [osd_wbcfs]
00093 Code: c7 c7 00 36 7c a1 48 c7 c6 a0 b2 7d a1 48 c7 c2 00 bc 7d a1 e8 82 dd 43 ff 48 c7 c7 00 36 7c a1 e8 f6 6a 44 ff e9 fe fc ff ff <0f> 0b e9 a5 fa ff ff 48 c7 c1 80 44 5d a0 80 e1 07 80 c1 03 38 c1
00093 RSP: 0018:ffffc90002467720 EFLAGS: 00010246
00093 RAX: 0000000000000000 RBX: ffff888188f71800 RCX: 0000000000000046
00093 RDX: 0000000000000000 RSI: ffff8881976157f0 RDI: ffff888138380998
00093 RBP: ffff888197615760 R08: ffffffff83a16803 R09: 1ffffffff0742d00
00093 R10: dffffc0000000000 R11: fffffbfff0742d01 R12: ffff888160a50000
00093 R13: dffffc0000000000 R14: 1ffff110311ee300 R15: 1ffff1102c14a00f
00093 FS:  00007f8db448f940(0000) GS:ffff88831e82d000(0000) knlGS:0000000000000000
00093 CS:  0010 DS: 0000 ES: 0000 CR0: 0000000080050033
00093 CR2: 000055d501ef3b40 CR3: 00000001080bd000 CR4: 0000000000750eb0
00093 PKRU: 55555554
00093 Call Trace:
00093  <TASK>
00093  ? local_object_create+0x109/0x640 [obdclass]
00093  ? dt_write_lock+0x16d/0x2a0 [obdclass]
00093  ? llog_osd_create+0x356/0x1140 [obdclass]
00093  ? llog_create+0x2ed/0x530 [obdclass]
00093  ? llog_open_create+0x5af/0xb10 [obdclass]
00093  ? llog_test_9_sub+0xd4/0x800 [llog_test]
00093  ? llog_test_9+0x373/0x960 [llog_test]
00093  ? llog_run_tests+0x3d64/0x5ac0 [llog_test]
00093  ? get_random_u32+0x51/0x470
00093  ? llog_test_device_init+0x503/0x840 [llog_test]
00093  ? obd_setup+0x559/0x960 [obdclass]
00093  ? class_setup+0xc7d/0x10e0 [obdclass]
00093  ? class_process_config+0x2edb/0x7cb0 [obdclass]
00093  ? class_handle_ioctl+0x2055/0x3590 [obdclass]
00093  ? obd_class_ioctl+0x1f6/0x3c0 [obdclass]
00093  ? __x64_sys_ioctl+0x961/0xe00
00093  ? _copy_to_user+0x3d/0x60
00093  ? __x64_sys_rt_sigaction+0x107/0x140
00093  ? do_syscall_64+0xc1/0x350
00093  ? entry_SYSCALL_64_after_hwframe+0x4b/0x53
00093  </TASK>
00093 ---[ end trace 0000000000000000 ]---
00093 Lustre: 2192:0:(llog_test.c:1463:llog_test_9()) 9c: test llog_changelog_rec
00093 ------------[ cut here ]------------
00093 WARNING: /home/ktest/git/linux/include/linux/fs.h:889 at osd_create+0x9cf/0xcf0 [osd_wbcfs], CPU#8: lctl/2192
00093 Modules linked in: llog_test(O) mgs(O) osd_wbcfs(O) lustre(O) obdecho(O) mgc(O) mdc(O) lov(O) osc(O) lmv(O) ec(O) fid(O) fld(O) ptlrpc(O) efivarfs obdclass(O) ksocklnd(O) lnet(O) libcfs(O)
00093 CPU: 8 UID: 0 PID: 2192 Comm: lctl Tainted: G        W  O        7.0.0-ktest-f90615f-6330a45-20260720-dirty #1 PREEMPT 
00093 Tainted: [W]=WARN, [O]=OOT_MODULE
00093 Hardware name: QEMU Standard PC (Q35 + ICH9, 2009), BIOS 2025.11-3ubuntu7 03/31/2026
00093 RIP: 0010:osd_create+0x9cf/0xcf0 [osd_wbcfs]
00093 Code: c7 c7 00 36 7c a1 48 c7 c6 a0 b2 7d a1 48 c7 c2 00 bc 7d a1 e8 82 dd 43 ff 48 c7 c7 00 36 7c a1 e8 f6 6a 44 ff e9 fe fc ff ff <0f> 0b e9 a5 fa ff ff 48 c7 c1 80 44 5d a0 80 e1 07 80 c1 03 38 c1
00093 RSP: 0018:ffffc90002467720 EFLAGS: 00010246
00093 RAX: 0000000000000000 RBX: ffff888188f71000 RCX: 0000000000000046
00093 RDX: 0000000000000000 RSI: ffff8881976150d8 RDI: ffff888138380998
00093 RBP: ffff888197615048 R08: ffffffff83a16803 R09: 1ffffffff0742d00
00093 R10: dffffc0000000000 R11: fffffbfff0742d01 R12: ffff888160a50000
00093 R13: dffffc0000000000 R14: 1ffff110311ee200 R15: 1ffff1102c14a00f
00093 FS:  00007f8db448f940(0000) GS:ffff88831e82d000(0000) knlGS:0000000000000000
00093 CS:  0010 DS: 0000 ES: 0000 CR0: 0000000080050033
00093 CR2: 000055d501ef3b40 CR3: 00000001080bd000 CR4: 0000000000750eb0
00093 PKRU: 55555554
00093 Call Trace:
00093  <TASK>
00093  ? local_object_create+0x109/0x640 [obdclass]
00093  ? dt_write_lock+0x16d/0x2a0 [obdclass]
00093  ? llog_osd_create+0x356/0x1140 [obdclass]
00093  ? llog_create+0x2ed/0x530 [obdclass]
00093  ? llog_open_create+0x5af/0xb10 [obdclass]
00093  ? llog_test_9_sub+0xd4/0x800 [llog_test]
00093  ? llog_test_9+0x4a4/0x960 [llog_test]
00093  ? llog_run_tests+0x3d64/0x5ac0 [llog_test]
00093  ? get_random_u32+0x51/0x470
00093  ? llog_test_device_init+0x503/0x840 [llog_test]
00093  ? obd_setup+0x559/0x960 [obdclass]
00093  ? class_setup+0xc7d/0x10e0 [obdclass]
00093  ? class_process_config+0x2edb/0x7cb0 [obdclass]
00093  ? class_handle_ioctl+0x2055/0x3590 [obdclass]
00093  ? obd_class_ioctl+0x1f6/0x3c0 [obdclass]
00093  ? __x64_sys_ioctl+0x961/0xe00
00093  ? _copy_to_user+0x3d/0x60
00093  ? __x64_sys_rt_sigaction+0x107/0x140
00093  ? do_syscall_64+0xc1/0x350
00093  ? entry_SYSCALL_64_after_hwframe+0x4b/0x53
00093  </TASK>
00093 ---[ end trace 0000000000000000 ]---
00093 Lustre: 2192:0:(llog_test.c:1475:llog_test_9()) 9d: test llog_changelog_user_rec2
00093 ------------[ cut here ]------------
00093 WARNING: /home/ktest/git/linux/include/linux/fs.h:889 at osd_create+0x9cf/0xcf0 [osd_wbcfs], CPU#8: lctl/2192
00093 Modules linked in: llog_test(O) mgs(O) osd_wbcfs(O) lustre(O) obdecho(O) mgc(O) mdc(O) lov(O) osc(O) lmv(O) ec(O) fid(O) fld(O) ptlrpc(O) efivarfs obdclass(O) ksocklnd(O) lnet(O) libcfs(O)
00093 CPU: 8 UID: 0 PID: 2192 Comm: lctl Tainted: G        W  O        7.0.0-ktest-f90615f-6330a45-20260720-dirty #1 PREEMPT 
00093 Tainted: [W]=WARN, [O]=OOT_MODULE
00093 Hardware name: QEMU Standard PC (Q35 + ICH9, 2009), BIOS 2025.11-3ubuntu7 03/31/2026
00093 RIP: 0010:osd_create+0x9cf/0xcf0 [osd_wbcfs]
00093 Code: c7 c7 00 36 7c a1 48 c7 c6 a0 b2 7d a1 48 c7 c2 00 bc 7d a1 e8 82 dd 43 ff 48 c7 c7 00 36 7c a1 e8 f6 6a 44 ff e9 fe fc ff ff <0f> 0b e9 a5 fa ff ff 48 c7 c1 80 44 5d a0 80 e1 07 80 c1 03 38 c1
00093 RSP: 0018:ffffc90002467720 EFLAGS: 00010246
00093 RAX: 0000000000000000 RBX: ffff888188f70800 RCX: 0000000000000046
00093 RDX: 0000000000000000 RSI: ffff8881976149c0 RDI: ffff888138380998
00093 RBP: ffff888197614930 R08: ffffffff83a16803 R09: 1ffffffff0742d00
00093 R10: dffffc0000000000 R11: fffffbfff0742d01 R12: ffff888160a50000
00093 R13: dffffc0000000000 R14: 1ffff110311ee100 R15: 1ffff1102c14a00f
00093 FS:  00007f8db448f940(0000) GS:ffff88831e82d000(0000) knlGS:0000000000000000
00093 CS:  0010 DS: 0000 ES: 0000 CR0: 0000000080050033
00093 CR2: 000055d501ef3b40 CR3: 00000001080bd000 CR4: 0000000000750eb0
00093 PKRU: 55555554
00093 Call Trace:
00093  <TASK>
00093  ? local_object_create+0x109/0x640 [obdclass]
00093  ? dt_write_lock+0x16d/0x2a0 [obdclass]
00093  ? llog_osd_create+0x356/0x1140 [obdclass]
00093  ? llog_create+0x2ed/0x530 [obdclass]
00093  ? llog_open_create+0x5af/0xb10 [obdclass]
00093  ? llog_test_9_sub+0xd4/0x800 [llog_test]
00093  ? llog_test_9+0x5d5/0x960 [llog_test]
00093  ? llog_run_tests+0x3d64/0x5ac0 [llog_test]
00093  ? get_random_u32+0x51/0x470
00093  ? llog_test_device_init+0x503/0x840 [llog_test]
00093  ? obd_setup+0x559/0x960 [obdclass]
00093  ? class_setup+0xc7d/0x10e0 [obdclass]
00093  ? class_process_config+0x2edb/0x7cb0 [obdclass]
00093  ? class_handle_ioctl+0x2055/0x3590 [obdclass]
00093  ? obd_class_ioctl+0x1f6/0x3c0 [obdclass]
00093  ? __x64_sys_ioctl+0x961/0xe00
00093  ? _copy_to_user+0x3d/0x60
00093  ? __x64_sys_rt_sigaction+0x107/0x140
00093  ? do_syscall_64+0xc1/0x350
00093  ? entry_SYSCALL_64_after_hwframe+0x4b/0x53
00093  </TASK>
00093 ---[ end trace 0000000000000000 ]---
00093 Lustre: 2192:0:(llog_test.c:1576:llog_test_10()) 10a: create a catalog log with name: db0ade59
00093 ------------[ cut here ]------------
00093 WARNING: /home/ktest/git/linux/include/linux/fs.h:889 at osd_create+0x9cf/0xcf0 [osd_wbcfs], CPU#8: lctl/2192
00093 Modules linked in: llog_test(O) mgs(O) osd_wbcfs(O) lustre(O) obdecho(O) mgc(O) mdc(O) lov(O) osc(O) lmv(O) ec(O) fid(O) fld(O) ptlrpc(O) efivarfs obdclass(O) ksocklnd(O) lnet(O) libcfs(O)
00093 CPU: 8 UID: 0 PID: 2192 Comm: lctl Tainted: G        W  O        7.0.0-ktest-f90615f-6330a45-20260720-dirty #1 PREEMPT 
00093 Tainted: [W]=WARN, [O]=OOT_MODULE
00093 Hardware name: QEMU Standard PC (Q35 + ICH9, 2009), BIOS 2025.11-3ubuntu7 03/31/2026
00093 RIP: 0010:osd_create+0x9cf/0xcf0 [osd_wbcfs]
00093 Code: c7 c7 00 36 7c a1 48 c7 c6 a0 b2 7d a1 48 c7 c2 00 bc 7d a1 e8 82 dd 43 ff 48 c7 c7 00 36 7c a1 e8 f6 6a 44 ff e9 fe fc ff ff <0f> 0b e9 a5 fa ff ff 48 c7 c1 80 44 5d a0 80 e1 07 80 c1 03 38 c1
00093 RSP: 0018:ffffc900024675d8 EFLAGS: 00010246
00093 RAX: 0000000000000000 RBX: ffff888188f70000 RCX: 0000000000000046
00093 RDX: 0000000000000000 RSI: ffff8881976142a8 RDI: ffff888138380998
00093 RBP: ffff888197614218 R08: ffffffff83a16803 R09: 1ffffffff0742d00
00093 R10: dffffc0000000000 R11: fffffbfff0742d01 R12: ffff888160a50000
00093 R13: dffffc0000000000 R14: 1ffff110311ee000 R15: 1ffff1102c14a00f
00093 FS:  00007f8db448f940(0000) GS:ffff88831e82d000(0000) knlGS:0000000000000000
00093 CS:  0010 DS: 0000 ES: 0000 CR0: 0000000080050033
00093 CR2: 000055d501ef3b40 CR3: 00000001080bd000 CR4: 0000000000750eb0
00093 PKRU: 55555554
00093 Call Trace:
00093  <TASK>
00093  ? local_object_create+0x109/0x640 [obdclass]
00093  ? dt_write_lock+0x16d/0x2a0 [obdclass]
00093  ? llog_osd_create+0x356/0x1140 [obdclass]
00093  ? llog_create+0x2ed/0x530 [obdclass]
00093  ? llog_open_create+0x5af/0xb10 [obdclass]
00093  ? llog_test_10+0x2e1/0x5600 [llog_test]
00093  ? lu_object_put+0xa64/0x1210 [obdclass]
00093  ? do_raw_spin_unlock+0x52/0x230
00093  ? _raw_spin_unlock+0x23/0x40
00093  ? __llog_ctxt_put+0x1c4/0x2f0 [obdclass]
00093  ? llog_run_tests+0x3f45/0x5ac0 [llog_test]
00093  ? get_random_u32+0x51/0x470
00093  ? llog_test_device_init+0x503/0x840 [llog_test]
00093  ? obd_setup+0x559/0x960 [obdclass]
00093  ? class_setup+0xc7d/0x10e0 [obdclass]
00093  ? class_process_config+0x2edb/0x7cb0 [obdclass]
00093  ? class_handle_ioctl+0x2055/0x3590 [obdclass]
00093  ? obd_class_ioctl+0x1f6/0x3c0 [obdclass]
00093  ? __x64_sys_ioctl+0x961/0xe00
00093  ? _copy_to_user+0x3d/0x60
00093  ? __x64_sys_rt_sigaction+0x107/0x140
00093  ? do_syscall_64+0xc1/0x350
00093  ? entry_SYSCALL_64_after_hwframe+0x4b/0x53
00093  </TASK>
00093 ---[ end trace 0000000000000000 ]---
00093 Lustre: 2192:0:(llog_test.c:1608:llog_test_10()) 10b: write 64767 log records
00093 ------------[ cut here ]------------
00093 WARNING: /home/ktest/git/linux/include/linux/fs.h:889 at osd_create+0x9cf/0xcf0 [osd_wbcfs], CPU#8: lctl/2192
00093 Modules linked in: llog_test(O) mgs(O) osd_wbcfs(O) lustre(O) obdecho(O) mgc(O) mdc(O) lov(O) osc(O) lmv(O) ec(O) fid(O) fld(O) ptlrpc(O) efivarfs obdclass(O) ksocklnd(O) lnet(O) libcfs(O)
00093 CPU: 8 UID: 0 PID: 2192 Comm: lctl Tainted: G        W  O        7.0.0-ktest-f90615f-6330a45-20260720-dirty #1 PREEMPT 
00093 Tainted: [W]=WARN, [O]=OOT_MODULE
00093 Hardware name: QEMU Standard PC (Q35 + ICH9, 2009), BIOS 2025.11-3ubuntu7 03/31/2026
00093 RIP: 0010:osd_create+0x9cf/0xcf0 [osd_wbcfs]
00093 Code: c7 c7 00 36 7c a1 48 c7 c6 a0 b2 7d a1 48 c7 c2 00 bc 7d a1 e8 82 dd 43 ff 48 c7 c7 00 36 7c a1 e8 f6 6a 44 ff e9 fe fc ff ff <0f> 0b e9 a5 fa ff ff 48 c7 c1 80 44 5d a0 80 e1 07 80 c1 03 38 c1
00093 RSP: 0018:ffffc90002467478 EFLAGS: 00010246
00093 RAX: 0000000000000000 RBX: ffff8881bb60f800 RCX: 0000000000000046
00093 RDX: 0000000000000000 RSI: ffff888197613b90 RDI: ffff8881383809c0
00093 RBP: ffff888197613b00 R08: ffffffff83a16803 R09: 1ffffffff0742d00
00093 R10: dffffc0000000000 R11: fffffbfff0742d01 R12: ffff888160a50000
00093 R13: dffffc0000000000 R14: 1ffff110376c1f00 R15: 1ffff1102c14a00f
00093 FS:  00007f8db448f940(0000) GS:ffff88831e82d000(0000) knlGS:0000000000000000
00093 CS:  0010 DS: 0000 ES: 0000 CR0: 0000000080050033
00093 CR2: 000055d501ef3b40 CR3: 00000001080bd000 CR4: 0000000000750eb0
00093 PKRU: 55555554
00093 Call Trace:
00093  <TASK>
00093  ? local_object_create+0x109/0x640 [obdclass]
00093  ? dt_write_lock+0x16d/0x2a0 [obdclass]
00093  ? llog_osd_create+0x356/0x1140 [obdclass]
00093  ? llog_create+0x2ed/0x530 [obdclass]
00093  ? llog_cat_new_log+0x6c3/0x2bf0 [obdclass]
00093  ? llog_cat_add_rec+0x6ba/0x1960 [obdclass]
00093  ? llog_cat_add+0x451/0x890 [obdclass]
00093  ? llog_test_10+0x91d/0x5600 [llog_test]
00093  ? lu_object_put+0xa64/0x1210 [obdclass]
00093  ? do_raw_spin_unlock+0x52/0x230
00093  ? _raw_spin_unlock+0x23/0x40
00093  ? __llog_ctxt_put+0x1c4/0x2f0 [obdclass]
00093  ? llog_run_tests+0x3f45/0x5ac0 [llog_test]
00093  ? get_random_u32+0x51/0x470
00093  ? llog_test_device_init+0x503/0x840 [llog_test]
00093  ? obd_setup+0x559/0x960 [obdclass]
00093  ? class_setup+0xc7d/0x10e0 [obdclass]
00093  ? class_process_config+0x2edb/0x7cb0 [obdclass]
00093  ? class_handle_ioctl+0x2055/0x3590 [obdclass]
00093  ? obd_class_ioctl+0x1f6/0x3c0 [obdclass]
00093  ? __x64_sys_ioctl+0x961/0xe00
00093  ? _copy_to_user+0x3d/0x60
00093  ? __x64_sys_rt_sigaction+0x107/0x140
00093  ? do_syscall_64+0xc1/0x350
00093  ? entry_SYSCALL_64_after_hwframe+0x4b/0x53
00093  </TASK>
00093 ---[ end trace 0000000000000000 ]---
00096 ------------[ cut here ]------------
00096 WARNING: /home/ktest/git/linux/include/linux/fs.h:889 at osd_create+0x9cf/0xcf0 [osd_wbcfs], CPU#8: lctl/2192
00096 Modules linked in: llog_test(O) mgs(O) osd_wbcfs(O) lustre(O) obdecho(O) mgc(O) mdc(O) lov(O) osc(O) lmv(O) ec(O) fid(O) fld(O) ptlrpc(O) efivarfs obdclass(O) ksocklnd(O) lnet(O) libcfs(O)
00096 CPU: 8 UID: 0 PID: 2192 Comm: lctl Tainted: G        W  O        7.0.0-ktest-f90615f-6330a45-20260720-dirty #1 PREEMPT 
00096 Tainted: [W]=WARN, [O]=OOT_MODULE
00096 Hardware name: QEMU Standard PC (Q35 + ICH9, 2009), BIOS 2025.11-3ubuntu7 03/31/2026
00096 RIP: 0010:osd_create+0x9cf/0xcf0 [osd_wbcfs]
00096 Code: c7 c7 00 36 7c a1 48 c7 c6 a0 b2 7d a1 48 c7 c2 00 bc 7d a1 e8 82 dd 43 ff 48 c7 c7 00 36 7c a1 e8 f6 6a 44 ff e9 fe fc ff ff <0f> 0b e9 a5 fa ff ff 48 c7 c1 80 44 5d a0 80 e1 07 80 c1 03 38 c1
00096 RSP: 0018:ffffc90002467478 EFLAGS: 00010246
00096 RAX: 0000000000000000 RBX: ffff8881bb60f000 RCX: 0000000000000046
00096 RDX: 0000000000000000 RSI: ffff888197613478 RDI: ffff8881383809c0
00096 RBP: ffff8881976133e8 R08: ffffffff83a16803 R09: 1ffffffff0742d00
00096 R10: dffffc0000000000 R11: fffffbfff0742d01 R12: ffff888160a50000
00096 R13: dffffc0000000000 R14: 1ffff110376c1e00 R15: 1ffff1102c14a00f
00096 FS:  00007f8db448f940(0000) GS:ffff88831e82d000(0000) knlGS:0000000000000000
00096 CS:  0010 DS: 0000 ES: 0000 CR0: 0000000080050033
00096 CR2: 000055d501ef3b40 CR3: 00000001080bd000 CR4: 0000000000750eb0
00096 PKRU: 55555554
00096 Call Trace:
00096  <TASK>
00096  ? local_object_create+0x109/0x640 [obdclass]
00096  ? dt_write_lock+0x16d/0x2a0 [obdclass]
00096  ? llog_osd_create+0x356/0x1140 [obdclass]
00096  ? llog_create+0x2ed/0x530 [obdclass]
00096  ? llog_cat_new_log+0x6c3/0x2bf0 [obdclass]
00096  ? llog_cat_add_rec+0x6ba/0x1960 [obdclass]
00096  ? llog_cat_add+0x451/0x890 [obdclass]
00096  ? llog_test_10+0x91d/0x5600 [llog_test]
00096  ? lu_object_put+0xa64/0x1210 [obdclass]
00096  ? do_raw_spin_unlock+0x52/0x230
00096  ? _raw_spin_unlock+0x23/0x40
00096  ? __llog_ctxt_put+0x1c4/0x2f0 [obdclass]
00096  ? llog_run_tests+0x3f45/0x5ac0 [llog_test]
00096  ? get_random_u32+0x51/0x470
00096  ? llog_test_device_init+0x503/0x840 [llog_test]
00096  ? obd_setup+0x559/0x960 [obdclass]
00096  ? class_setup+0xc7d/0x10e0 [obdclass]
00096  ? class_process_config+0x2edb/0x7cb0 [obdclass]
00096  ? class_handle_ioctl+0x2055/0x3590 [obdclass]
00096  ? obd_class_ioctl+0x1f6/0x3c0 [obdclass]
00096  ? __x64_sys_ioctl+0x961/0xe00
00096  ? _copy_to_user+0x3d/0x60
00096  ? __x64_sys_rt_sigaction+0x107/0x140
00096  ? do_syscall_64+0xc1/0x350
00096  ? entry_SYSCALL_64_after_hwframe+0x4b/0x53
00096  </TASK>
00096 ---[ end trace 0000000000000000 ]---
00096 Lustre: 2192:0:(llog_test.c:1634:llog_test_10()) 10c: write 129534 more log records
00098 ------------[ cut here ]------------
00098 WARNING: /home/ktest/git/linux/include/linux/fs.h:889 at osd_create+0x9cf/0xcf0 [osd_wbcfs], CPU#8: lctl/2192
00098 Modules linked in: llog_test(O) mgs(O) osd_wbcfs(O) lustre(O) obdecho(O) mgc(O) mdc(O) lov(O) osc(O) lmv(O) ec(O) fid(O) fld(O) ptlrpc(O) efivarfs obdclass(O) ksocklnd(O) lnet(O) libcfs(O)
00098 CPU: 8 UID: 0 PID: 2192 Comm: lctl Tainted: G        W  O        7.0.0-ktest-f90615f-6330a45-20260720-dirty #1 PREEMPT 
00098 Tainted: [W]=WARN, [O]=OOT_MODULE
00098 Hardware name: QEMU Standard PC (Q35 + ICH9, 2009), BIOS 2025.11-3ubuntu7 03/31/2026
00098 RIP: 0010:osd_create+0x9cf/0xcf0 [osd_wbcfs]
00098 Code: c7 c7 00 36 7c a1 48 c7 c6 a0 b2 7d a1 48 c7 c2 00 bc 7d a1 e8 82 dd 43 ff 48 c7 c7 00 36 7c a1 e8 f6 6a 44 ff e9 fe fc ff ff <0f> 0b e9 a5 fa ff ff 48 c7 c1 80 44 5d a0 80 e1 07 80 c1 03 38 c1
00098 RSP: 0018:ffffc90002467478 EFLAGS: 00010246
00098 RAX: 0000000000000000 RBX: ffff8881403fbc00 RCX: 0000000000000046
00098 RDX: 0000000000000000 RSI: ffff888197612d60 RDI: ffff8881383809c0
00098 RBP: ffff888197612cd0 R08: ffffffff83a16803 R09: 1ffffffff0742d00
00098 R10: dffffc0000000000 R11: fffffbfff0742d01 R12: ffff888160a50000
00098 R13: dffffc0000000000 R14: 1ffff1102807f780 R15: 1ffff1102c14a00f
00098 FS:  00007f8db448f940(0000) GS:ffff88831e82d000(0000) knlGS:0000000000000000
00098 CS:  0010 DS: 0000 ES: 0000 CR0: 0000000080050033
00098 CR2: 000055d501ef3b40 CR3: 00000001080bd000 CR4: 0000000000750eb0
00098 PKRU: 55555554
00098 Call Trace:
00098  <TASK>
00098  ? local_object_create+0x109/0x640 [obdclass]
00098  ? dt_write_lock+0x16d/0x2a0 [obdclass]
00098  ? llog_osd_create+0x356/0x1140 [obdclass]
00098  ? llog_create+0x2ed/0x530 [obdclass]
00098  ? llog_cat_new_log+0x6c3/0x2bf0 [obdclass]
00098  ? llog_cat_add_rec+0x6ba/0x1960 [obdclass]
00098  ? llog_cat_add+0x451/0x890 [obdclass]
00098  ? llog_test_10+0xbd3/0x5600 [llog_test]
00098  ? lu_object_put+0xa64/0x1210 [obdclass]
00098  ? do_raw_spin_unlock+0x52/0x230
00098  ? _raw_spin_unlock+0x23/0x40
00098  ? __llog_ctxt_put+0x1c4/0x2f0 [obdclass]
00098  ? llog_run_tests+0x3f45/0x5ac0 [llog_test]
00098  ? get_random_u32+0x51/0x470
00098  ? llog_test_device_init+0x503/0x840 [llog_test]
00098  ? obd_setup+0x559/0x960 [obdclass]
00098  ? class_setup+0xc7d/0x10e0 [obdclass]
00098  ? class_process_config+0x2edb/0x7cb0 [obdclass]
00098  ? class_handle_ioctl+0x2055/0x3590 [obdclass]
00098  ? obd_class_ioctl+0x1f6/0x3c0 [obdclass]
00098  ? __x64_sys_ioctl+0x961/0xe00
00098  ? _copy_to_user+0x3d/0x60
00098  ? __x64_sys_rt_sigaction+0x107/0x140
00098  ? do_syscall_64+0xc1/0x350
00098  ? entry_SYSCALL_64_after_hwframe+0x4b/0x53
00098  </TASK>
00098 ---[ end trace 0000000000000000 ]---
00101 ------------[ cut here ]------------
00101 WARNING: /home/ktest/git/linux/include/linux/fs.h:889 at osd_create+0x9cf/0xcf0 [osd_wbcfs], CPU#8: lctl/2192
00101 Modules linked in: llog_test(O) mgs(O) osd_wbcfs(O) lustre(O) obdecho(O) mgc(O) mdc(O) lov(O) osc(O) lmv(O) ec(O) fid(O) fld(O) ptlrpc(O) efivarfs obdclass(O) ksocklnd(O) lnet(O) libcfs(O)
00101 CPU: 8 UID: 0 PID: 2192 Comm: lctl Tainted: G        W  O        7.0.0-ktest-f90615f-6330a45-20260720-dirty #1 PREEMPT 
00101 Tainted: [W]=WARN, [O]=OOT_MODULE
00101 Hardware name: QEMU Standard PC (Q35 + ICH9, 2009), BIOS 2025.11-3ubuntu7 03/31/2026
00101 RIP: 0010:osd_create+0x9cf/0xcf0 [osd_wbcfs]
00101 Code: c7 c7 00 36 7c a1 48 c7 c6 a0 b2 7d a1 48 c7 c2 00 bc 7d a1 e8 82 dd 43 ff 48 c7 c7 00 36 7c a1 e8 f6 6a 44 ff e9 fe fc ff ff <0f> 0b e9 a5 fa ff ff 48 c7 c1 80 44 5d a0 80 e1 07 80 c1 03 38 c1
00101 RSP: 0018:ffffc90002467478 EFLAGS: 00010246
00101 RAX: 0000000000000000 RBX: ffff888139218000 RCX: 0000000000000046
00101 RDX: 0000000000000000 RSI: ffff88813a5c50d8 RDI: ffff8881383809c0
00101 RBP: ffff88813a5c5048 R08: ffffffff83a16803 R09: 1ffffffff0742d00
00101 R10: dffffc0000000000 R11: fffffbfff0742d01 R12: ffff888160a50000
00101 R13: dffffc0000000000 R14: 1ffff11027243000 R15: 1ffff1102c14a00f
00101 FS:  00007f8db448f940(0000) GS:ffff88831e82d000(0000) knlGS:0000000000000000
00101 CS:  0010 DS: 0000 ES: 0000 CR0: 0000000080050033
00101 CR2: 000055d501ef3b40 CR3: 00000001080bd000 CR4: 0000000000750eb0
00101 PKRU: 55555554
00101 Call Trace:
00101  <TASK>
00101  ? local_object_create+0x109/0x640 [obdclass]
00101  ? dt_write_lock+0x16d/0x2a0 [obdclass]
00101  ? llog_osd_create+0x356/0x1140 [obdclass]
00101  ? llog_create+0x2ed/0x530 [obdclass]
00101  ? llog_cat_new_log+0x6c3/0x2bf0 [obdclass]
00101  ? llog_cat_add_rec+0x6ba/0x1960 [obdclass]
00101  ? llog_cat_add+0x451/0x890 [obdclass]
00101  ? llog_test_10+0xbd3/0x5600 [llog_test]
00101  ? lu_object_put+0xa64/0x1210 [obdclass]
00101  ? do_raw_spin_unlock+0x52/0x230
00101  ? _raw_spin_unlock+0x23/0x40
00101  ? __llog_ctxt_put+0x1c4/0x2f0 [obdclass]
00101  ? llog_run_tests+0x3f45/0x5ac0 [llog_test]
00101  ? get_random_u32+0x51/0x470
00101  ? llog_test_device_init+0x503/0x840 [llog_test]
00101  ? obd_setup+0x559/0x960 [obdclass]
00101  ? class_setup+0xc7d/0x10e0 [obdclass]
00101  ? class_process_config+0x2edb/0x7cb0 [obdclass]
00101  ? class_handle_ioctl+0x2055/0x3590 [obdclass]
00101  ? obd_class_ioctl+0x1f6/0x3c0 [obdclass]
00101  ? __x64_sys_ioctl+0x961/0xe00
00101  ? _copy_to_user+0x3d/0x60
00101  ? __x64_sys_rt_sigaction+0x107/0x140
00101  ? do_syscall_64+0xc1/0x350
00101  ? entry_SYSCALL_64_after_hwframe+0x4b/0x53
00101  </TASK>
00101 ---[ end trace 0000000000000000 ]---
00101 Lustre: 2192:0:(llog_test.c:1666:llog_test_10()) 10c: write 64767 more log records
00103 Lustre: 2192:0:(llog_cat.c:80:llog_cat_new_log()) MGS: there are no more free slots in catalog db0ade59
00103 LustreError: 2192:0:(llog_cat.c:593:llog_cat_add_rec()) MGS: initialization error: rc = -28
00103 Lustre: 2192:0:(llog_test.c:1692:llog_test_10()) 10c: wrote 64011 records then 756 failed with ENOSPC
00103 Lustre: 2192:0:(llog_test.c:1711:llog_test_10()) 10d: Cancel 64767 records, see one log zapped
00105 Lustre: 2192:0:(llog_test.c:1725:llog_test_10()) 10d: print the catalog entries.. we expect 3
00105 Lustre: 2211:0:(llog_test.c:700:cat_print_cb()) seeing record at index 2 - [0x1:0x19:0x0] in log [0xa:0x5:0x0]
00105 Lustre: 2192:0:(llog_test.c:1755:llog_test_10()) 10e: write 64767 more log records
00105 ------------[ cut here ]------------
00105 WARNING: /home/ktest/git/linux/include/linux/fs.h:889 at osd_create+0x9cf/0xcf0 [osd_wbcfs], CPU#8: lctl/2192
00105 Modules linked in: llog_test(O) mgs(O) osd_wbcfs(O) lustre(O) obdecho(O) mgc(O) mdc(O) lov(O) osc(O) lmv(O) ec(O) fid(O) fld(O) ptlrpc(O) efivarfs obdclass(O) ksocklnd(O) lnet(O) libcfs(O)
00105 CPU: 8 UID: 0 PID: 2192 Comm: lctl Tainted: G        W  O        7.0.0-ktest-f90615f-6330a45-20260720-dirty #1 PREEMPT 
00105 Tainted: [W]=WARN, [O]=OOT_MODULE
00105 Hardware name: QEMU Standard PC (Q35 + ICH9, 2009), BIOS 2025.11-3ubuntu7 03/31/2026
00105 RIP: 0010:osd_create+0x9cf/0xcf0 [osd_wbcfs]
00105 Code: c7 c7 00 36 7c a1 48 c7 c6 a0 b2 7d a1 48 c7 c2 00 bc 7d a1 e8 82 dd 43 ff 48 c7 c7 00 36 7c a1 e8 f6 6a 44 ff e9 fe fc ff ff <0f> 0b e9 a5 fa ff ff 48 c7 c1 80 44 5d a0 80 e1 07 80 c1 03 38 c1
00105 RSP: 0018:ffffc90002467478 EFLAGS: 00010246
00105 RAX: 0000000000000000 RBX: ffff8881882e2000 RCX: 0000000000000046
00105 RDX: 0000000000000000 RSI: ffff88813a5c49c0 RDI: ffff8881383809c0
00105 RBP: ffff88813a5c4930 R08: ffffffff83a16803 R09: 1ffffffff0742d00
00105 R10: dffffc0000000000 R11: fffffbfff0742d01 R12: ffff888160a50000
00105 R13: dffffc0000000000 R14: 1ffff1103105c400 R15: 1ffff1102c14a00f
00105 FS:  00007f8db448f940(0000) GS:ffff88831e82d000(0000) knlGS:0000000000000000
00105 CS:  0010 DS: 0000 ES: 0000 CR0: 0000000080050033
00105 CR2: 000055d501ef3b40 CR3: 00000001080bd000 CR4: 0000000000750eb0
00105 PKRU: 55555554
00105 Call Trace:
00105  <TASK>
00105  ? local_object_create+0x109/0x640 [obdclass]
00105  ? dt_write_lock+0x16d/0x2a0 [obdclass]
00105  ? llog_osd_create+0x356/0x1140 [obdclass]
00105  ? llog_create+0x2ed/0x530 [obdclass]
00105  ? llog_cat_new_log+0x6c3/0x2bf0 [obdclass]
00105  ? llog_cat_add_rec+0x6ba/0x1960 [obdclass]
00105  ? llog_cat_add+0x451/0x890 [obdclass]
00105  ? llog_test_10+0x19aa/0x5600 [llog_test]
00105  ? lu_object_put+0xa64/0x1210 [obdclass]
00105  ? do_raw_spin_unlock+0x52/0x230
00105  ? _raw_spin_unlock+0x23/0x40
00105  ? __llog_ctxt_put+0x1c4/0x2f0 [obdclass]
00105  ? llog_run_tests+0x3f45/0x5ac0 [llog_test]
00105  ? get_random_u32+0x51/0x470
00105  ? llog_test_device_init+0x503/0x840 [llog_test]
00105  ? obd_setup+0x559/0x960 [obdclass]
00105  ? class_setup+0xc7d/0x10e0 [obdclass]
00105  ? class_process_config+0x2edb/0x7cb0 [obdclass]
00105  ? class_handle_ioctl+0x2055/0x3590 [obdclass]
00105  ? obd_class_ioctl+0x1f6/0x3c0 [obdclass]
00105  ? __x64_sys_ioctl+0x961/0xe00
00105  ? _copy_to_user+0x3d/0x60
00105  ? __x64_sys_rt_sigaction+0x107/0x140
00105  ? do_syscall_64+0xc1/0x350
00105  ? entry_SYSCALL_64_after_hwframe+0x4b/0x53
00105  </TASK>
00105 ---[ end trace 0000000000000000 ]---
00108 Lustre: 2192:0:(llog_cat.c:80:llog_cat_new_log()) MGS: there are no more free slots in catalog db0ade59
00108 Lustre: 2192:0:(llog_cat.c:80:llog_cat_new_log()) Skipped 755 previous similar messages
00108 LustreError: 2192:0:(llog_cat.c:593:llog_cat_add_rec()) MGS: initialization error: rc = -28
00108 LustreError: 2192:0:(llog_cat.c:593:llog_cat_add_rec()) Skipped 755 previous similar messages
00108 Lustre: 2192:0:(llog_test.c:1781:llog_test_10()) 10e: wrote 64578 records then 189 failed with ENOSPC
00108 Lustre: 2192:0:(llog_test.c:1783:llog_test_10()) 10e: print the catalog entries.. we expect 4
00108 Lustre: 2192:0:(llog_cat.c:984:llog_cat_process_or_fork()) MGS: catlog [0xa:0x5:0x0] crosses index zero
00108 Lustre: 2192:0:(llog_test.c:700:cat_print_cb()) seeing record at index 2 - [0x1:0x19:0x0] in log [0xa:0x5:0x0]
00108 Lustre: 2192:0:(llog_test.c:700:cat_print_cb()) Skipped 2 previous similar messages
00108 Lustre: 2192:0:(llog_test.c:1819:llog_test_10()) 10e: catalog successfully wrap around, last_idx 1, first 1
00108 Lustre: 2192:0:(llog_test.c:1836:llog_test_10()) 10f: Cancel 64767 records, see one log zapped
00110 Lustre: 2192:0:(llog_test.c:1850:llog_test_10()) 10f: print the catalog entries.. we expect 3
00110 Lustre: 2192:0:(llog_cat.c:984:llog_cat_process_or_fork()) MGS: catlog [0xa:0x5:0x0] crosses index zero
00110 Lustre: 2192:0:(llog_cat.c:984:llog_cat_process_or_fork()) Skipped 1 previous similar message
00110 Lustre: 2192:0:(llog_test.c:1881:llog_test_10()) 10f: write 64767 more log records
00110 ------------[ cut here ]------------
00110 WARNING: /home/ktest/git/linux/include/linux/fs.h:889 at osd_create+0x9cf/0xcf0 [osd_wbcfs], CPU#8: lctl/2192
00110 Modules linked in: llog_test(O) mgs(O) osd_wbcfs(O) lustre(O) obdecho(O) mgc(O) mdc(O) lov(O) osc(O) lmv(O) ec(O) fid(O) fld(O) ptlrpc(O) efivarfs obdclass(O) ksocklnd(O) lnet(O) libcfs(O)
00110 CPU: 8 UID: 0 PID: 2192 Comm: lctl Tainted: G        W  O        7.0.0-ktest-f90615f-6330a45-20260720-dirty #1 PREEMPT 
00110 Tainted: [W]=WARN, [O]=OOT_MODULE
00110 Hardware name: QEMU Standard PC (Q35 + ICH9, 2009), BIOS 2025.11-3ubuntu7 03/31/2026
00110 RIP: 0010:osd_create+0x9cf/0xcf0 [osd_wbcfs]
00110 Code: c7 c7 00 36 7c a1 48 c7 c6 a0 b2 7d a1 48 c7 c2 00 bc 7d a1 e8 82 dd 43 ff 48 c7 c7 00 36 7c a1 e8 f6 6a 44 ff e9 fe fc ff ff <0f> 0b e9 a5 fa ff ff 48 c7 c1 80 44 5d a0 80 e1 07 80 c1 03 38 c1
00110 RSP: 0018:ffffc90002467478 EFLAGS: 00010246
00110 RAX: 0000000000000000 RBX: ffff88819ba68800 RCX: 0000000000000046
00110 RDX: 0000000000000000 RSI: ffff88813a5c42a8 RDI: ffff8881383809c0
00110 RBP: ffff88813a5c4218 R08: ffffffff83a16803 R09: 1ffffffff0742d00
00110 R10: dffffc0000000000 R11: fffffbfff0742d01 R12: ffff888160a50000
00110 R13: dffffc0000000000 R14: 1ffff1103374d100 R15: 1ffff1102c14a00f
00110 FS:  00007f8db448f940(0000) GS:ffff88831e82d000(0000) knlGS:0000000000000000
00110 CS:  0010 DS: 0000 ES: 0000 CR0: 0000000080050033
00110 CR2: 000055d501ef3b40 CR3: 00000001080bd000 CR4: 0000000000750eb0
00110 PKRU: 55555554
00110 Call Trace:
00110  <TASK>
00110  ? local_object_create+0x109/0x640 [obdclass]
00110  ? dt_write_lock+0x16d/0x2a0 [obdclass]
00110  ? llog_osd_create+0x356/0x1140 [obdclass]
00110  ? llog_create+0x2ed/0x530 [obdclass]
00110  ? llog_cat_new_log+0x6c3/0x2bf0 [obdclass]
00110  ? llog_cat_add_rec+0x6ba/0x1960 [obdclass]
00110  ? llog_cat_add+0x451/0x890 [obdclass]
00110  ? llog_test_10+0x2c5e/0x5600 [llog_test]
00110  ? lu_object_put+0xa64/0x1210 [obdclass]
00110  ? do_raw_spin_unlock+0x52/0x230
00110  ? _raw_spin_unlock+0x23/0x40
00110  ? __llog_ctxt_put+0x1c4/0x2f0 [obdclass]
00110  ? llog_run_tests+0x3f45/0x5ac0 [llog_test]
00110  ? get_random_u32+0x51/0x470
00110  ? llog_test_device_init+0x503/0x840 [llog_test]
00110  ? obd_setup+0x559/0x960 [obdclass]
00110  ? class_setup+0xc7d/0x10e0 [obdclass]
00110  ? class_process_config+0x2edb/0x7cb0 [obdclass]
00110  ? class_handle_ioctl+0x2055/0x3590 [obdclass]
00110  ? obd_class_ioctl+0x1f6/0x3c0 [obdclass]
00110  ? __x64_sys_ioctl+0x961/0xe00
00110  ? _copy_to_user+0x3d/0x60
00110  ? __x64_sys_rt_sigaction+0x107/0x140
00110  ? do_syscall_64+0xc1/0x350
00110  ? entry_SYSCALL_64_after_hwframe+0x4b/0x53
00110  </TASK>
00110 ---[ end trace 0000000000000000 ]---
00112 Lustre: 2192:0:(llog_cat.c:80:llog_cat_new_log()) MGS: there are no more free slots in catalog db0ade59
00112 Lustre: 2192:0:(llog_cat.c:80:llog_cat_new_log()) Skipped 188 previous similar messages
00112 LustreError: 2192:0:(llog_cat.c:593:llog_cat_add_rec()) MGS: initialization error: rc = -28
00112 LustreError: 2192:0:(llog_cat.c:593:llog_cat_add_rec()) Skipped 188 previous similar messages
00112 Lustre: 2192:0:(llog_test.c:1907:llog_test_10()) 10f: wrote 64578 records then 189 failed with ENOSPC
00112 Lustre: 2192:0:(llog_test.c:1953:llog_test_10()) 10g: Cancel 64767 records, see one log zapped
00112 Lustre: 2192:0:(llog_cat.c:984:llog_cat_process_or_fork()) MGS: catlog [0xa:0x5:0x0] crosses index zero
00114 Lustre: 2192:0:(llog_test.c:1965:llog_test_10()) 10g: print the catalog entries.. we expect 3
00114 Lustre: 2192:0:(llog_cat.c:984:llog_cat_process_or_fork()) MGS: catlog [0xa:0x5:0x0] crosses index zero
00114 Lustre: 2192:0:(llog_test.c:700:cat_print_cb()) seeing record at index 4 - [0x1:0x1b:0x0] in log [0xa:0x5:0x0]
00114 Lustre: 2192:0:(llog_test.c:700:cat_print_cb()) Skipped 6 previous similar messages
00114 Lustre: 2192:0:(llog_test.c:1995:llog_test_10()) 10g: Cancel 64767 records, see one log zapped
00116 Lustre: 2192:0:(llog_test.c:2009:llog_test_10()) 10g: print the catalog entries.. we expect 2
00116 Lustre: 2192:0:(llog_test.c:2047:llog_test_10()) 10g: Cancel 64767 records, see one log zapped
00118 Lustre: 2192:0:(llog_test.c:2061:llog_test_10()) 10g: print the catalog entries.. we expect 1
00118 Lustre: 2192:0:(llog_test.c:2087:llog_test_10()) 10g: llh_cat_idx has also successfully wrapped!
00118 Lustre: 2213:0:(llog_test.c:1535:cat_check_old_cb()) seeing record at index 2 - [0x1:0x1d:0x0] in log [0xa:0x5:0x0]
00119 Lustre: 2192:0:(llog_test.c:2111:llog_test_10()) 10h: write 64767 more log records
00119 ------------[ cut here ]------------
00119 WARNING: /home/ktest/git/linux/include/linux/fs.h:889 at osd_create+0x9cf/0xcf0 [osd_wbcfs], CPU#8: lctl/2192
00119 Modules linked in: llog_test(O) mgs(O) osd_wbcfs(O) lustre(O) obdecho(O) mgc(O) mdc(O) lov(O) osc(O) lmv(O) ec(O) fid(O) fld(O) ptlrpc(O) efivarfs obdclass(O) ksocklnd(O) lnet(O) libcfs(O)
00119 CPU: 8 UID: 0 PID: 2192 Comm: lctl Tainted: G        W  O        7.0.0-ktest-f90615f-6330a45-20260720-dirty #1 PREEMPT 
00119 Tainted: [W]=WARN, [O]=OOT_MODULE
00119 Hardware name: QEMU Standard PC (Q35 + ICH9, 2009), BIOS 2025.11-3ubuntu7 03/31/2026
00119 RIP: 0010:osd_create+0x9cf/0xcf0 [osd_wbcfs]
00119 Code: c7 c7 00 36 7c a1 48 c7 c6 a0 b2 7d a1 48 c7 c2 00 bc 7d a1 e8 82 dd 43 ff 48 c7 c7 00 36 7c a1 e8 f6 6a 44 ff e9 fe fc ff ff <0f> 0b e9 a5 fa ff ff 48 c7 c1 80 44 5d a0 80 e1 07 80 c1 03 38 c1
00119 RSP: 0018:ffffc90002467478 EFLAGS: 00010246
00119 RAX: 0000000000000000 RBX: ffff8880014cfc00 RCX: 0000000000000046
00119 RDX: 0000000000000000 RSI: ffff88813a5c3b90 RDI: ffff8881383809c0
00119 RBP: ffff88813a5c3b00 R08: ffffffff83a16803 R09: 1ffffffff0742d00
00119 R10: dffffc0000000000 R11: fffffbfff0742d01 R12: ffff888160a50000
00119 R13: dffffc0000000000 R14: 1ffff11000299f80 R15: 1ffff1102c14a00f
00119 FS:  00007f8db448f940(0000) GS:ffff88831e82d000(0000) knlGS:0000000000000000
00119 CS:  0010 DS: 0000 ES: 0000 CR0: 0000000080050033
00119 CR2: 000055d501ef3b40 CR3: 00000001080bd000 CR4: 0000000000750eb0
00119 PKRU: 55555554
00119 Call Trace:
00119  <TASK>
00119  ? local_object_create+0x109/0x640 [obdclass]
00119  ? dt_write_lock+0x16d/0x2a0 [obdclass]
00119  ? llog_osd_create+0x356/0x1140 [obdclass]
00119  ? llog_create+0x2ed/0x530 [obdclass]
00119  ? llog_cat_new_log+0x6c3/0x2bf0 [obdclass]
00119  ? llog_cat_add_rec+0x6ba/0x1960 [obdclass]
00119  ? llog_cat_add+0x451/0x890 [obdclass]
00119  ? llog_test_10+0x50f8/0x5600 [llog_test]
00119  ? llog_test_9_sub+0x800/0x800 [llog_test]
00119  ? llog_run_tests+0x3f45/0x5ac0 [llog_test]
00119  ? get_random_u32+0x51/0x470
00119  ? llog_test_device_init+0x503/0x840 [llog_test]
00119  ? obd_setup+0x559/0x960 [obdclass]
00119  ? class_setup+0xc7d/0x10e0 [obdclass]
00119  ? class_process_config+0x2edb/0x7cb0 [obdclass]
00119  ? class_handle_ioctl+0x2055/0x3590 [obdclass]
00119  ? obd_class_ioctl+0x1f6/0x3c0 [obdclass]
00119  ? __x64_sys_ioctl+0x961/0xe00
00119  ? _copy_to_user+0x3d/0x60
00119  ? __x64_sys_rt_sigaction+0x107/0x140
00119  ? do_syscall_64+0xc1/0x350
00119  ? entry_SYSCALL_64_after_hwframe+0x4b/0x53
00119  </TASK>
00119 ---[ end trace 0000000000000000 ]---
00119 LustreError: 2192:0:(llog_osd.c:684:llog_osd_write_rec()) cfs_race id 1317 sleeping
00119 LustreError: 2213:0:(llog.c:690:llog_process_thread()) cfs_fail_race id 1317 waking
00119 LustreError: 2192:0:(llog_osd.c:684:llog_osd_write_rec()) cfs_fail_race id 1317 awake: rc=444
00120 LustreError: 2213:0:(llog.c:690:llog_process_thread()) cfs_fail_race id 1317 waking
00120 Lustre: 2213:0:(llog_test.c:1535:cat_check_old_cb()) seeing record at index 3 - [0x1:0x1e:0x0] in log [0xa:0x5:0x0]
00123 ------------[ cut here ]------------
00123 WARNING: /home/ktest/git/linux/include/linux/fs.h:889 at osd_create+0x9cf/0xcf0 [osd_wbcfs], CPU#8: lctl/2192
00123 Modules linked in: llog_test(O) mgs(O) osd_wbcfs(O) lustre(O) obdecho(O) mgc(O) mdc(O) lov(O) osc(O) lmv(O) ec(O) fid(O) fld(O) ptlrpc(O) efivarfs obdclass(O) ksocklnd(O) lnet(O) libcfs(O)
00123 CPU: 8 UID: 0 PID: 2192 Comm: lctl Tainted: G        W  O        7.0.0-ktest-f90615f-6330a45-20260720-dirty #1 PREEMPT 
00123 Tainted: [W]=WARN, [O]=OOT_MODULE
00123 Hardware name: QEMU Standard PC (Q35 + ICH9, 2009), BIOS 2025.11-3ubuntu7 03/31/2026
00123 RIP: 0010:osd_create+0x9cf/0xcf0 [osd_wbcfs]
00123 Code: c7 c7 00 36 7c a1 48 c7 c6 a0 b2 7d a1 48 c7 c2 00 bc 7d a1 e8 82 dd 43 ff 48 c7 c7 00 36 7c a1 e8 f6 6a 44 ff e9 fe fc ff ff <0f> 0b e9 a5 fa ff ff 48 c7 c1 80 44 5d a0 80 e1 07 80 c1 03 38 c1
00123 RSP: 0018:ffffc90002467478 EFLAGS: 00010246
00123 RAX: 0000000000000000 RBX: ffff8880123b2000 RCX: 0000000000000046
00123 RDX: 0000000000000000 RSI: ffff88813a5c3478 RDI: ffff8881383809c0
00123 RBP: ffff88813a5c33e8 R08: ffffffff83a16803 R09: 1ffffffff0742d00
00123 R10: dffffc0000000000 R11: fffffbfff0742d01 R12: ffff888160a50000
00123 R13: dffffc0000000000 R14: 1ffff11002476400 R15: 1ffff1102c14a00f
00123 FS:  00007f8db448f940(0000) GS:ffff88831e82d000(0000) knlGS:0000000000000000
00123 CS:  0010 DS: 0000 ES: 0000 CR0: 0000000080050033
00123 CR2: 000055d501ef3b40 CR3: 00000001080bd000 CR4: 0000000000750eb0
00123 PKRU: 55555554
00123 Call Trace:
00123  <TASK>
00123  ? local_object_create+0x109/0x640 [obdclass]
00123  ? dt_write_lock+0x16d/0x2a0 [obdclass]
00123  ? llog_osd_create+0x356/0x1140 [obdclass]
00123  ? llog_create+0x2ed/0x530 [obdclass]
00123  ? llog_cat_new_log+0x6c3/0x2bf0 [obdclass]
00123  ? llog_cat_add_rec+0x6ba/0x1960 [obdclass]
00123  ? llog_cat_add+0x451/0x890 [obdclass]
00123  ? llog_test_10+0x50f8/0x5600 [llog_test]
00123  ? llog_test_9_sub+0x800/0x800 [llog_test]
00123  ? llog_run_tests+0x3f45/0x5ac0 [llog_test]
00123  ? get_random_u32+0x51/0x470
00123  ? llog_test_device_init+0x503/0x840 [llog_test]
00123  ? obd_setup+0x559/0x960 [obdclass]
00123  ? class_setup+0xc7d/0x10e0 [obdclass]
00123  ? class_process_config+0x2edb/0x7cb0 [obdclass]
00123  ? class_handle_ioctl+0x2055/0x3590 [obdclass]
00123  ? obd_class_ioctl+0x1f6/0x3c0 [obdclass]
00123  ? __x64_sys_ioctl+0x961/0xe00
00123  ? _copy_to_user+0x3d/0x60
00123  ? __x64_sys_rt_sigaction+0x107/0x140
00123  ? do_syscall_64+0xc1/0x350
00123  ? entry_SYSCALL_64_after_hwframe+0x4b/0x53
00123  </TASK>
00123 ---[ end trace 0000000000000000 ]---
00123 LustreError: 2192:0:(llog_osd.c:684:llog_osd_write_rec()) cfs_fail_race id 1317 waking
00124 Lustre: 2192:0:(llog_test.c:2137:llog_test_10()) 10h: wrote 64767 records then 0 failed with ENOSPC
00124 Lustre: 2192:0:(llog_test.c:2150:llog_test_10()) 10: put newly-created catalog
00124 Lustre: 2192:0:(llog_test.c:2180:llog_test_11()) 11: create a plain nameless log
00124 ------------[ cut here ]------------
00124 WARNING: /home/ktest/git/linux/include/linux/fs.h:889 at osd_create+0x9cf/0xcf0 [osd_wbcfs], CPU#8: lctl/2192
00124 Modules linked in: llog_test(O) mgs(O) osd_wbcfs(O) lustre(O) obdecho(O) mgc(O) mdc(O) lov(O) osc(O) lmv(O) ec(O) fid(O) fld(O) ptlrpc(O) efivarfs obdclass(O) ksocklnd(O) lnet(O) libcfs(O)
00124 CPU: 8 UID: 0 PID: 2192 Comm: lctl Tainted: G        W  O        7.0.0-ktest-f90615f-6330a45-20260720-dirty #1 PREEMPT 
00124 Tainted: [W]=WARN, [O]=OOT_MODULE
00124 Hardware name: QEMU Standard PC (Q35 + ICH9, 2009), BIOS 2025.11-3ubuntu7 03/31/2026
00124 RIP: 0010:osd_create+0x9cf/0xcf0 [osd_wbcfs]
00124 Code: c7 c7 00 36 7c a1 48 c7 c6 a0 b2 7d a1 48 c7 c2 00 bc 7d a1 e8 82 dd 43 ff 48 c7 c7 00 36 7c a1 e8 f6 6a 44 ff e9 fe fc ff ff <0f> 0b e9 a5 fa ff ff 48 c7 c1 80 44 5d a0 80 e1 07 80 c1 03 38 c1
00124 RSP: 0018:ffffc90002467680 EFLAGS: 00010246
00124 RAX: 0000000000000000 RBX: ffff888033a7a800 RCX: 0000000000000046
00124 RDX: 0000000000000000 RSI: ffff88813a5c2d60 RDI: ffff888138380998
00124 RBP: ffff88813a5c2cd0 R08: ffffffff83a16803 R09: 1ffffffff0742d00
00124 R10: dffffc0000000000 R11: fffffbfff0742d01 R12: ffff888160a50000
00124 R13: dffffc0000000000 R14: 1ffff1100674f500 R15: 1ffff1102c14a00f
00124 FS:  00007f8db448f940(0000) GS:ffff88831e82d000(0000) knlGS:0000000000000000
00124 CS:  0010 DS: 0000 ES: 0000 CR0: 0000000080050033
00124 CR2: 000055d501ef3b40 CR3: 00000001080bd000 CR4: 0000000000750eb0
00124 PKRU: 55555554
00124 Call Trace:
00124  <TASK>
00124  ? local_object_create+0x109/0x640 [obdclass]
00124  ? dt_write_lock+0x16d/0x2a0 [obdclass]
00124  ? llog_osd_create+0x356/0x1140 [obdclass]
00124  ? llog_create+0x2ed/0x530 [obdclass]
00124  ? llog_open_create+0x5af/0xb10 [obdclass]
00124  ? llog_test_11+0x2a4/0x1130 [llog_test]
00124  ? llog_test_9_sub+0x800/0x800 [llog_test]
00124  ? llog_run_tests+0x41b0/0x5ac0 [llog_test]
00124  ? get_random_u32+0x51/0x470
00124  ? llog_test_device_init+0x503/0x840 [llog_test]
00124  ? obd_setup+0x559/0x960 [obdclass]
00124  ? class_setup+0xc7d/0x10e0 [obdclass]
00124  ? class_process_config+0x2edb/0x7cb0 [obdclass]
00124  ? class_handle_ioctl+0x2055/0x3590 [obdclass]
00124  ? obd_class_ioctl+0x1f6/0x3c0 [obdclass]
00124  ? __x64_sys_ioctl+0x961/0xe00
00124  ? _copy_to_user+0x3d/0x60
00124  ? __x64_sys_rt_sigaction+0x107/0x140
00124  ? do_syscall_64+0xc1/0x350
00124  ? entry_SYSCALL_64_after_hwframe+0x4b/0x53
00124  </TASK>
00124 ---[ end trace 0000000000000000 ]---
00124 Lustre: 2192:0:(llog_test.c:2205:llog_test_11()) 11: size 8216 in 0 blocks after 1 rec
00124 Lustre: 2192:0:(llog_test.c:2207:llog_test_11()) 11: add few records
00124 Lustre: 2192:0:(llog_test.c:2224:llog_test_11()) 11: size 10616 in 0 blocks with few recs
00124 lctl (2192): drop_caches: 3
00124 Lustre: 2192:0:(llog_test.c:2250:llog_test_11()) 11: re-open the log by LOGID and verify llh_count
00124 Lustre: 2192:0:(llog_test.c:2265:llog_test_11()) 11: size 10616 in 0 blocks after re-open
00124 Lustre: 2192:0:(llog_test.c:2355:llog_test_12()) 12: create a catalog log with name: db0ade5a
00124 ------------[ cut here ]------------
00124 WARNING: /home/ktest/git/linux/include/linux/fs.h:889 at osd_create+0x9cf/0xcf0 [osd_wbcfs], CPU#8: lctl/2192
00124 Modules linked in: llog_test(O) mgs(O) osd_wbcfs(O) lustre(O) obdecho(O) mgc(O) mdc(O) lov(O) osc(O) lmv(O) ec(O) fid(O) fld(O) ptlrpc(O) efivarfs obdclass(O) ksocklnd(O) lnet(O) libcfs(O)
00124 CPU: 8 UID: 0 PID: 2192 Comm: lctl Tainted: G        W  O        7.0.0-ktest-f90615f-6330a45-20260720-dirty #1 PREEMPT 
00124 Tainted: [W]=WARN, [O]=OOT_MODULE
00124 Hardware name: QEMU Standard PC (Q35 + ICH9, 2009), BIOS 2025.11-3ubuntu7 03/31/2026
00124 RIP: 0010:osd_create+0x9cf/0xcf0 [osd_wbcfs]
00124 Code: c7 c7 00 36 7c a1 48 c7 c6 a0 b2 7d a1 48 c7 c2 00 bc 7d a1 e8 82 dd 43 ff 48 c7 c7 00 36 7c a1 e8 f6 6a 44 ff e9 fe fc ff ff <0f> 0b e9 a5 fa ff ff 48 c7 c1 80 44 5d a0 80 e1 07 80 c1 03 38 c1
00124 RSP: 0018:ffffc90002467678 EFLAGS: 00010246
00124 RAX: 0000000000000000 RBX: ffff888033a7d400 RCX: 0000000000000046
00124 RDX: 0000000000000000 RSI: ffff88813a5c2648 RDI: ffff888138380998
00124 RBP: ffff88813a5c25b8 R08: ffffffff83a16803 R09: 1ffffffff0742d00
00124 R10: dffffc0000000000 R11: fffffbfff0742d01 R12: ffff888160a50000
00124 R13: dffffc0000000000 R14: 1ffff1100674fa80 R15: 1ffff1102c14a00f
00124 FS:  00007f8db448f940(0000) GS:ffff88831e82d000(0000) knlGS:0000000000000000
00124 CS:  0010 DS: 0000 ES: 0000 CR0: 0000000080050033
00124 CR2: 000055d501ef3b40 CR3: 00000001080bd000 CR4: 0000000000750eb0
00124 PKRU: 55555554
00124 Call Trace:
00124  <TASK>
00124  ? local_object_create+0x109/0x640 [obdclass]
00124  ? dt_write_lock+0x16d/0x2a0 [obdclass]
00124  ? llog_osd_create+0x356/0x1140 [obdclass]
00124  ? llog_create+0x2ed/0x530 [obdclass]
00124  ? llog_open_create+0x5af/0xb10 [obdclass]
00124  ? llog_test_12+0x40f/0x2d90 [llog_test]
00124  ? llog_test_11+0xc14/0x1130 [llog_test]
00124  ? llog_run_tests+0x4434/0x5ac0 [llog_test]
00124  ? get_random_u32+0x51/0x470
00124  ? llog_test_device_init+0x503/0x840 [llog_test]
00124  ? obd_setup+0x559/0x960 [obdclass]
00124  ? class_setup+0xc7d/0x10e0 [obdclass]
00124  ? class_process_config+0x2edb/0x7cb0 [obdclass]
00124  ? class_handle_ioctl+0x2055/0x3590 [obdclass]
00124  ? obd_class_ioctl+0x1f6/0x3c0 [obdclass]
00124  ? __x64_sys_ioctl+0x961/0xe00
00124  ? _copy_to_user+0x3d/0x60
00124  ? __x64_sys_rt_sigaction+0x107/0x140
00124  ? do_syscall_64+0xc1/0x350
00124  ? entry_SYSCALL_64_after_hwframe+0x4b/0x53
00124  </TASK>
00124 ---[ end trace 0000000000000000 ]---
00124 ------------[ cut here ]------------
00124 WARNING: /home/ktest/git/linux/include/linux/fs.h:889 at osd_create+0x9cf/0xcf0 [osd_wbcfs], CPU#8: lctl/2192
00124 Modules linked in: llog_test(O) mgs(O) osd_wbcfs(O) lustre(O) obdecho(O) mgc(O) mdc(O) lov(O) osc(O) lmv(O) ec(O) fid(O) fld(O) ptlrpc(O) efivarfs obdclass(O) ksocklnd(O) lnet(O) libcfs(O)
00124 CPU: 8 UID: 0 PID: 2192 Comm: lctl Tainted: G        W  O        7.0.0-ktest-f90615f-6330a45-20260720-dirty #1 PREEMPT 
00124 Tainted: [W]=WARN, [O]=OOT_MODULE
00124 Hardware name: QEMU Standard PC (Q35 + ICH9, 2009), BIOS 2025.11-3ubuntu7 03/31/2026
00124 RIP: 0010:osd_create+0x9cf/0xcf0 [osd_wbcfs]
00124 Code: c7 c7 00 36 7c a1 48 c7 c6 a0 b2 7d a1 48 c7 c2 00 bc 7d a1 e8 82 dd 43 ff 48 c7 c7 00 36 7c a1 e8 f6 6a 44 ff e9 fe fc ff ff <0f> 0b e9 a5 fa ff ff 48 c7 c1 80 44 5d a0 80 e1 07 80 c1 03 38 c1
00124 RSP: 0018:ffffc90002467518 EFLAGS: 00010246
00124 RAX: 0000000000000000 RBX: ffff888033a7cc00 RCX: 0000000000000046
00124 RDX: 0000000000000000 RSI: ffff88813a5c1f30 RDI: ffff8881383809c0
00124 RBP: ffff88813a5c1ea0 R08: ffffffff83a16803 R09: 1ffffffff0742d00
00124 R10: dffffc0000000000 R11: fffffbfff0742d01 R12: ffff888160a50000
00124 R13: dffffc0000000000 R14: 1ffff1100674f980 R15: 1ffff1102c14a00f
00124 FS:  00007f8db448f940(0000) GS:ffff88831e82d000(0000) knlGS:0000000000000000
00124 CS:  0010 DS: 0000 ES: 0000 CR0: 0000000080050033
00124 CR2: 000055d501ef3b40 CR3: 00000001080bd000 CR4: 0000000000750eb0
00124 PKRU: 55555554
00124 Call Trace:
00124  <TASK>
00124  ? local_object_create+0x109/0x640 [obdclass]
00124  ? dt_write_lock+0x16d/0x2a0 [obdclass]
00124  ? llog_osd_create+0x356/0x1140 [obdclass]
00124  ? llog_create+0x2ed/0x530 [obdclass]
00124  ? llog_cat_new_log+0x6c3/0x2bf0 [obdclass]
00124  ? llog_cat_add_rec+0x6ba/0x1960 [obdclass]
00124  ? llog_cat_add+0x451/0x890 [obdclass]
00124  ? llog_test_12+0x68f/0x2d90 [llog_test]
00124  ? llog_test_11+0xc14/0x1130 [llog_test]
00124  ? llog_run_tests+0x4434/0x5ac0 [llog_test]
00124  ? get_random_u32+0x51/0x470
00124  ? llog_test_device_init+0x503/0x840 [llog_test]
00124  ? obd_setup+0x559/0x960 [obdclass]
00124  ? class_setup+0xc7d/0x10e0 [obdclass]
00124  ? class_process_config+0x2edb/0x7cb0 [obdclass]
00124  ? class_handle_ioctl+0x2055/0x3590 [obdclass]
00124  ? obd_class_ioctl+0x1f6/0x3c0 [obdclass]
00124  ? __x64_sys_ioctl+0x961/0xe00
00124  ? _copy_to_user+0x3d/0x60
00124  ? __x64_sys_rt_sigaction+0x107/0x140
00124  ? do_syscall_64+0xc1/0x350
00124  ? entry_SYSCALL_64_after_hwframe+0x4b/0x53
00124  </TASK>
00124 ---[ end trace 0000000000000000 ]---
00124 Lustre: 12: truncate 24 bytes
00124 Lustre: 12: re-open and process the catalog
00124 LustreError: 2192:0:(llog_osd.c:1248:llog_osd_next_block()) MGS0000-osd: invalid llog tail at log id [0xa:0x6:0x0] offset 8232 last_rec idx 8704 tail idx 275010875 lrt len 1 read_size 40
00124 LustreError: 2192:0:(llog.c:886:llog_process_thread()) MGS: local llog is corrupted [0xa:0x6:0x0] catalog index 1 count 2
00124 Lustre: 12: try to add to the catalog
00124 ------------[ cut here ]------------
00124 WARNING: /home/ktest/git/linux/include/linux/fs.h:889 at osd_create+0x9cf/0xcf0 [osd_wbcfs], CPU#8: lctl/2192
00124 Modules linked in: llog_test(O) mgs(O) osd_wbcfs(O) lustre(O) obdecho(O) mgc(O) mdc(O) lov(O) osc(O) lmv(O) ec(O) fid(O) fld(O) ptlrpc(O) efivarfs obdclass(O) ksocklnd(O) lnet(O) libcfs(O)
00124 CPU: 8 UID: 0 PID: 2192 Comm: lctl Tainted: G        W  O        7.0.0-ktest-f90615f-6330a45-20260720-dirty #1 PREEMPT 
00124 Tainted: [W]=WARN, [O]=OOT_MODULE
00124 Hardware name: QEMU Standard PC (Q35 + ICH9, 2009), BIOS 2025.11-3ubuntu7 03/31/2026
00124 RIP: 0010:osd_create+0x9cf/0xcf0 [osd_wbcfs]
00124 Code: c7 c7 00 36 7c a1 48 c7 c6 a0 b2 7d a1 48 c7 c2 00 bc 7d a1 e8 82 dd 43 ff 48 c7 c7 00 36 7c a1 e8 f6 6a 44 ff e9 fe fc ff ff <0f> 0b e9 a5 fa ff ff 48 c7 c1 80 44 5d a0 80 e1 07 80 c1 03 38 c1
00124 RSP: 0018:ffffc90002467518 EFLAGS: 00010246
00124 RAX: 0000000000000000 RBX: ffff8881b9e00400 RCX: 0000000000000046
00124 RDX: 0000000000000000 RSI: ffff88813a5c1818 RDI: ffff8881383809c0
00124 RBP: ffff88813a5c1788 R08: ffffffff83a16803 R09: 1ffffffff0742d00
00124 R10: dffffc0000000000 R11: fffffbfff0742d01 R12: ffff888160a50000
00124 R13: dffffc0000000000 R14: 1ffff110373c0080 R15: 1ffff1102c14a00f
00124 FS:  00007f8db448f940(0000) GS:ffff88831e82d000(0000) knlGS:0000000000000000
00124 CS:  0010 DS: 0000 ES: 0000 CR0: 0000000080050033
00124 CR2: 000055d501ef3b40 CR3: 00000001080bd000 CR4: 0000000000750eb0
00124 PKRU: 55555554
00124 Call Trace:
00124  <TASK>
00124  ? local_object_create+0x109/0x640 [obdclass]
00124  ? dt_write_lock+0x16d/0x2a0 [obdclass]
00124  ? llog_osd_create+0x356/0x1140 [obdclass]
00124  ? llog_create+0x2ed/0x530 [obdclass]
00124  ? llog_cat_new_log+0x6c3/0x2bf0 [obdclass]
00124  ? llog_cat_add_rec+0x6ba/0x1960 [obdclass]
00124  ? llog_cat_add+0x451/0x890 [obdclass]
00124  ? llog_test_12+0xfdb/0x2d90 [llog_test]
00124  ? llog_run_tests+0x4434/0x5ac0 [llog_test]
00124  ? get_random_u32+0x51/0x470
00124  ? llog_test_device_init+0x503/0x840 [llog_test]
00124  ? obd_setup+0x559/0x960 [obdclass]
00124  ? class_setup+0xc7d/0x10e0 [obdclass]
00124  ? class_process_config+0x2edb/0x7cb0 [obdclass]
00124  ? class_handle_ioctl+0x2055/0x3590 [obdclass]
00124  ? obd_class_ioctl+0x1f6/0x3c0 [obdclass]
00124  ? __x64_sys_ioctl+0x961/0xe00
00124  ? _copy_to_user+0x3d/0x60
00124  ? __x64_sys_rt_sigaction+0x107/0x140
00124  ? do_syscall_64+0xc1/0x350
00124  ? entry_SYSCALL_64_after_hwframe+0x4b/0x53
00124  </TASK>
00124 ---[ end trace 0000000000000000 ]---
00124 LustreError: 2192:0:(llog_osd.c:1231:llog_osd_next_block()) MGS0000-osd: invalid llog tail at log id [0x6:0xa:0x0]:0 offset 8297 tail idx 603979776 lrt len 1074261 read_size 105
00124 ------------[ cut here ]------------
00124 WARNING: /home/ktest/git/linux/include/linux/fs.h:889 at osd_create+0x9cf/0xcf0 [osd_wbcfs], CPU#8: lctl/2192
00124 Modules linked in: llog_test(O) mgs(O) osd_wbcfs(O) lustre(O) obdecho(O) mgc(O) mdc(O) lov(O) osc(O) lmv(O) ec(O) fid(O) fld(O) ptlrpc(O) efivarfs obdclass(O) ksocklnd(O) lnet(O) libcfs(O)
00124 CPU: 8 UID: 0 PID: 2192 Comm: lctl Tainted: G        W  O        7.0.0-ktest-f90615f-6330a45-20260720-dirty #1 PREEMPT 
00124 Tainted: [W]=WARN, [O]=OOT_MODULE
00124 Hardware name: QEMU Standard PC (Q35 + ICH9, 2009), BIOS 2025.11-3ubuntu7 03/31/2026
00124 RIP: 0010:osd_create+0x9cf/0xcf0 [osd_wbcfs]
00124 Code: c7 c7 00 36 7c a1 48 c7 c6 a0 b2 7d a1 48 c7 c2 00 bc 7d a1 e8 82 dd 43 ff 48 c7 c7 00 36 7c a1 e8 f6 6a 44 ff e9 fe fc ff ff <0f> 0b e9 a5 fa ff ff 48 c7 c1 80 44 5d a0 80 e1 07 80 c1 03 38 c1
00124 RSP: 0018:ffffc90002467518 EFLAGS: 00010246
00124 RAX: 0000000000000000 RBX: ffff8881b9e02000 RCX: 0000000000000046
00124 RDX: 0000000000000000 RSI: ffff88813a5c1100 RDI: ffff8881383809c0
00124 RBP: ffff88813a5c1070 R08: ffffffff83a16803 R09: 1ffffffff0742d00
00124 R10: dffffc0000000000 R11: fffffbfff0742d01 R12: ffff888160a50000
00124 R13: dffffc0000000000 R14: 1ffff110373c0400 R15: 1ffff1102c14a00f
00124 FS:  00007f8db448f940(0000) GS:ffff88831e82d000(0000) knlGS:0000000000000000
00124 CS:  0010 DS: 0000 ES: 0000 CR0: 0000000080050033
00124 CR2: 000055d501ef3b40 CR3: 00000001080bd000 CR4: 0000000000750eb0
00124 PKRU: 55555554
00124 Call Trace:
00124  <TASK>
00124  ? local_object_create+0x109/0x640 [obdclass]
00124  ? dt_write_lock+0x16d/0x2a0 [obdclass]
00124  ? llog_osd_create+0x356/0x1140 [obdclass]
00124  ? llog_create+0x2ed/0x530 [obdclass]
00124  ? llog_cat_new_log+0x6c3/0x2bf0 [obdclass]
00124  ? llog_cat_add_rec+0x6ba/0x1960 [obdclass]
00124  ? llog_cat_add+0x451/0x890 [obdclass]
00124  ? llog_test_12+0xfdb/0x2d90 [llog_test]
00124  ? llog_run_tests+0x4434/0x5ac0 [llog_test]
00124  ? get_random_u32+0x51/0x470
00124  ? llog_test_device_init+0x503/0x840 [llog_test]
00124  ? obd_setup+0x559/0x960 [obdclass]
00124  ? class_setup+0xc7d/0x10e0 [obdclass]
00124  ? class_process_config+0x2edb/0x7cb0 [obdclass]
00124  ? class_handle_ioctl+0x2055/0x3590 [obdclass]
00124  ? obd_class_ioctl+0x1f6/0x3c0 [obdclass]
00124  ? __x64_sys_ioctl+0x961/0xe00
00124  ? _copy_to_user+0x3d/0x60
00124  ? __x64_sys_rt_sigaction+0x107/0x140
00124  ? do_syscall_64+0xc1/0x350
00124  ? entry_SYSCALL_64_after_hwframe+0x4b/0x53
00124  </TASK>
00124 ---[ end trace 0000000000000000 ]---
00124 ==================================================================
00124 BUG: KASAN: slab-out-of-bounds in llog_osd_next_block+0x13e1/0x3340 [obdclass]
00124 Read of size 4 at addr ffff888138503036 by task lctl/2192
00124 
00124 CPU: 8 UID: 0 PID: 2192 Comm: lctl Tainted: G        W  O        7.0.0-ktest-f90615f-6330a45-20260720-dirty #1 PREEMPT 
00124 Tainted: [W]=WARN, [O]=OOT_MODULE
00124 Hardware name: QEMU Standard PC (Q35 + ICH9, 2009), BIOS 2025.11-3ubuntu7 03/31/2026
00124 Call Trace:
00124  <TASK>
00124  dump_stack_lvl+0x52/0x80
00124  print_report+0xbc/0x260
00124  ? llog_osd_next_block+0x13e1/0x3340 [obdclass]
00124  kasan_report+0xa2/0xd0
00124  ? llog_osd_next_block+0x13e1/0x3340 [obdclass]
00124  llog_osd_next_block+0x13e1/0x3340 [obdclass]
00124  llog_process_thread+0xdd7/0x4f70 [obdclass]
00124  ? entry_SYSCALL_64_after_hwframe+0x4b/0x53
00124  ? task_work_add+0x177/0x210
00124  llog_process_or_fork+0x656/0xc90 [obdclass]
00124  ? llog_cat_process+0x30/0x30 [obdclass]
00124  llog_cat_process_or_fork+0x780/0xdb0 [obdclass]
00124  ? llog_cat_process+0x30/0x30 [obdclass]
00124  ? llog_cancel_rec_cb+0x450/0x450 [llog_test]
00124  llog_cat_process+0x24/0x30 [obdclass]
00124  llog_test_12+0xf58/0x2d90 [llog_test]
00124  llog_run_tests+0x4434/0x5ac0 [llog_test]
00124  ? get_random_u32+0x51/0x470
00124  llog_test_device_init+0x503/0x840 [llog_test]
00124  obd_setup+0x559/0x960 [obdclass]
00124  class_setup+0xc7d/0x10e0 [obdclass]
00124  class_process_config+0x2edb/0x7cb0 [obdclass]
00124  class_handle_ioctl+0x2055/0x3590 [obdclass]
00124  obd_class_ioctl+0x1f6/0x3c0 [obdclass]
00124  __x64_sys_ioctl+0x961/0xe00
00124  ? _copy_to_user+0x3d/0x60
00124  ? __x64_sys_rt_sigaction+0x107/0x140
00124  do_syscall_64+0xc1/0x350
00124  entry_SYSCALL_64_after_hwframe+0x4b/0x53
00124 RIP: 0033:0x7f8db4324e1d
00124 Code: 04 25 28 00 00 00 48 89 45 c8 31 c0 48 8d 45 10 c7 45 b0 10 00 00 00 48 89 45 b8 48 8d 45 d0 48 89 45 c0 b8 10 00 00 00 0f 05 <89> c2 3d 00 f0 ff ff 77 1a 48 8b 45 c8 64 48 2b 04 25 28 00 00 00
00124 RSP: 002b:00007fff3fad5d10 EFLAGS: 00000246 ORIG_RAX: 0000000000000010
00124 RAX: ffffffffffffffda RBX: 00007f8db460f1f0 RCX: 00007f8db4324e1d
00124 RDX: 00007fff3fad5ff0 RSI: 00000000c00866b8 RDI: 0000000000000003
00124 RBP: 00007fff3fad5d60 R08: 00007fff3fad5db0 R09: 00007fff3fad5ff0
00124 R10: 000055d52aaf7910 R11: 0000000000000246 R12: 00007fff3fad5ff0
00124 R13: 000055d501ee3822 R14: 0000000000000000 R15: 00007fff3fad8070
00124  </TASK>
00124 
00124 The buggy address belongs to the object at ffff888138500000
00124  which belongs to the cache kmalloc-8k of size 8192
00124 The buggy address is located 4150 bytes to the right of
00124  allocated 8192-byte region [ffff888138500000, ffff888138502000)
00124 
00124 The buggy address belongs to the physical page:
00124 page: refcount:0 mapcount:0 mapping:0000000000000000 index:0x0 pfn:0x138500
00124 head: order:3 mapcount:0 entire_mapcount:0 nr_pages_mapped:0 pincount:0
00124 flags: 0x8000000000000040(head|zone=2)
00124 page_type: f5(slab)
00124 raw: 8000000000000040 ffff888100042e00 dead000000000122 0000000000000000
00124 raw: 0000000000000000 0000400000020002 00000000f5000000 ffff888138502010
00124 head: 8000000000000040 ffff888100042e00 dead000000000122 0000000000000000
00124 head: 0000000000000000 0000400000020002 00000000f5000000 ffff888138502010
00124 head: 8000000000000003 ffffea0004e14001 00000000ffffffff 00000000ffffffff
00124 head: ffffffffffffffff 0000000000000000 00000000ffffffff 0000000000000008
00124 page dumped because: kasan: bad access detected
00124 
00124 Memory state around the buggy address:
00124  ffff888138502f00: fc fc fc fc fc fc fc fc fc fc fc fc fc fc fc fc
00124  ffff888138502f80: fc fc fc fc fc fc fc fc fc fc fc fc fc fc fc fc
00124 >ffff888138503000: fc fc fc fc fc fc fc fc fc fc fc fc fc fc fc fc
00124                                      ^
00124  ffff888138503080: fc fc fc fc fc fc fc fc fc fc fc fc fc fc fc fc
00124  ffff888138503100: fc fc fc fc fc fc fc fc fc fc fc fc fc fc fc fc
00124 ==================================================================
00124 Disabling lock debugging due to kernel taint
00124 Lustre: 2192:0:(llog_test.c:2464:llog_test_12()) 12: put newly-created catalog
00124 Lustre: 2192:0:(llog_test.c:2532:llog_test_13()) 13a: create a catalog log with name: db0ade5a
00124 Lustre: 2192:0:(llog_test.c:2548:llog_test_13()) 13b: write 1 record into the catalog
00124 LustreError: 2192:0:(llog_test.c:2559:llog_test_13()) 13b: found 8 plain llogs
00124 Lustre: 2192:0:(llog_test.c:2561:llog_test_13()) 13c: erase plain llog
00124 LustreError: 2192:0:(llog_cat.c:404:llog_cat_id2handle()) MGS: error opening log id [0x1:0x4f:0x0]: rc = -2
00124 Lustre: 2192:0:(llog_test.c:2581:llog_test_13()) 13d: forward process: found=1708 rc=0
00124 Lustre: 2192:0:(llog_test.c:2585:llog_test_13()) 13e: erase another plain llog
00124 Lustre: 2192:0:(llog_test.c:2605:llog_test_13()) 13e: backward process: found=1367 rc=0
00124 Lustre: 2192:0:(llog_test.c:2608:llog_test_13()) 13f: put newly-created catalog
00129 ========= FAILED TIMEOUT llog-unit in 240s
Error 1 at /home/ktest/ktest/lib/libktest.sh 587 from: "$ktest_dir/lib/supervisor" -S -F -T "$ktest_timeout" -b "$test_basename" -o "$test_logdir" -f "$test_basename.$(date -Iseconds).log" -- "${qemu_cmd[@]}", exiting
Error 1 at ./qlkbuild 182 from: "$ktest_dir/lib/supervisor" -S -F -T "$ktest_timeout" -b "$test_basename" -o "$test_logdir" -f "$test_basename.$(date -Iseconds).log" -- "${qemu_cmd[@]}", exiting
Error 1 at ./qlkbuild 1159 from: "$ktest_dir/lib/supervisor" -S -F -T "$ktest_timeout" -b "$test_basename" -o "$test_logdir" -f "$test_basename.$(date -Iseconds).log" -- "${qemu_cmd[@]}", exiting
