ERROR:SPACING: space required before the open parenthesis '('
#33: FILE: include/linux/libcfs/libcfs_debug.h:320:
+	switch(_IOC_DIR(cmd)) {

ERROR:TRAILING_STATEMENTS: trailing statements should be on next line
#34: FILE: include/linux/libcfs/libcfs_debug.h:321:
+	case 0: tstr = "_IO"; break;

ERROR:TRAILING_STATEMENTS: trailing statements should be on next line
#35: FILE: include/linux/libcfs/libcfs_debug.h:322:
+	case 1: tstr = "_IOW"; break;

ERROR:TRAILING_STATEMENTS: trailing statements should be on next line
#36: FILE: include/linux/libcfs/libcfs_debug.h:323:
+	case 2: tstr = "_IOR"; break;

ERROR:TRAILING_STATEMENTS: trailing statements should be on next line
#37: FILE: include/linux/libcfs/libcfs_debug.h:324:
+	case 3: tstr = "_IOWR"; break;

ERROR:TRAILING_STATEMENTS: trailing statements should be on next line
#38: FILE: include/linux/libcfs/libcfs_debug.h:325:
+	default: tstr = "_??"; break;

WARNING:LONG_LINE_STRING: line length of 104 exceeds 100 columns
#149: FILE: lustre/lmv/lmv_obd.c:855:
+				CERROR("%s: iocontrol MDC %s on MDT idx %d cmd %x: ioctl %s err = %d\n",

total: 6 errors, 1 warnings, 316 lines checked

NOTE: For some of the reported defects, checkpatch may be able to
      mechanically convert to the typical style using --fix or --fix-inplace.

Your patch has style problems, please review.

NOTE: If any of the errors are false positives, please report
      them to the maintainer, see CHECKPATCH in MAINTAINERS.
