CLI: ./podman-ktest --podman-socket unix:///run/podman/podman.sock --shared-filesystem /tmp --tarball-input job lustre-ci-branch --output /var/www/ci-lustre/upstream-patch-review --git-hash f9aefa4d17163eecd3cb1dfa62bdcf85345c7415 --change-id master-next_f9aefa4d17163eecd3cb1dfa62bdcf85345c7415 --subject Staging branch for new changes

  Checking /dev/kvm exists... OK
  Checking /dev/kvm permissions... OK
  Creating ccache directory... OK
  Checking ccache directory writable... OK

Environment validated successfully
Creating kernel tarball at /tmp/ktest-kernel.tar.gz...
Creating lustre tarball at /tmp/ktest-lustre.tar.gz...
Executing 19 jobs
Jobs will start as soon as their dependencies are satisfied
Using tarball input mode

START lustre_mainline_strict build tests/fs/lustre/boot-strict.ktest
START license-status tool license-status
START contribution-report tool contributions
START lustre_al2023 build tests/fs/lustre/boot.ktest
START lustre_u24 build tests/fs/lustre/boot.ktest
START kernel-doc tool kernel_doc_helper.sh
START lustre_mainline build tests/fs/lustre/boot.ktest
START checkpatch-parallel tool checkpatch-parallel
START lustre_mainline_native build tests/fs/lustre/boot.ktest
PUT /tmp/ktest-kernel.tar.gz 9s
PUT /tmp/ktest-kernel.tar.gz 9s
PUT /tmp/ktest-kernel.tar.gz 10s
PUT /tmp/ktest-kernel.tar.gz 10s
PUT /tmp/ktest-kernel.tar.gz 10s
PUT /tmp/ktest-kernel.tar.gz 10s
PUT /tmp/ktest-kernel.tar.gz 10s
PUT /tmp/ktest-kernel.tar.gz 10s
PUT /tmp/ktest-kernel.tar.gz 10s
PUT /tmp/ktest-lustre.tar.gz 4s
PUT /tmp/ktest-lustre.tar.gz 4s
PUT /tmp/ktest-lustre.tar.gz 3s
PUT /tmp/ktest-lustre.tar.gz 3s
PUT /tmp/ktest-lustre.tar.gz 4s
PUT /tmp/ktest-lustre.tar.gz 4s
PUT /tmp/ktest-lustre.tar.gz 4s
PUT /tmp/ktest-lustre.tar.gz 4s
PUT /tmp/ktest-lustre.tar.gz 4s
END contribution-report tool contributions PASS 17s
END kernel-doc tool kernel_doc_helper.sh PASS 19s
END license-status tool license-status PASS 24s
END checkpatch-parallel tool checkpatch-parallel PASS 75s
END lustre_al2023 build tests/fs/lustre/boot.ktest PASS 92s
END lustre_u24 build tests/fs/lustre/boot.ktest PASS 95s
GET /tmp/ktest_lustre_mainline_strict_msne7ecq.tar 5s
END lustre_mainline_strict build tests/fs/lustre/boot-strict.ktest FAIL 144s (exit code: 1)
GET /tmp/ktest_lustre_mainline_fa45oo8h.tar 3s
GET /tmp/ktest_lustre_mainline_native_ti48n9ug.tar 3s
END lustre_mainline build tests/fs/lustre/boot.ktest PASS 149s
END lustre_mainline_native build tests/fs/lustre/boot.ktest PASS 151s
START clang-tidy tool clang-tidy
START cc-plugin tool cc-plugin
START boot run tests/fs/lustre/boot.ktest
START llmount run tests/fs/lustre/llmount.ktest
START llog-unit run tests/fs/lustre/llog-unit.ktest
START mgs-setup run tests/fs/lustre/mgs-setup.ktest
START sanity-1 run tests/fs/lustre/sanity/sanity-1.ktest
START sanity-2 run tests/fs/lustre/sanity/sanity-2.ktest
START sanity-3 run tests/fs/lustre/sanity/sanity-3.ktest
START sanity-4 run tests/fs/lustre/sanity/sanity-4.ktest
PUT /tmp/ktest-kernel.tar.gz 16s
PUT /tmp/ktest_lustre_mainline_native_ti48n9ug.tar 18s
PUT /tmp/ktest_lustre_mainline_native_ti48n9ug.tar 18s
PUT /tmp/ktest_lustre_mainline_native_ti48n9ug.tar 18s
PUT /tmp/ktest-kernel.tar.gz 18s
PUT /tmp/ktest_lustre_mainline_native_ti48n9ug.tar 18s
PUT /tmp/ktest_lustre_mainline_native_ti48n9ug.tar 18s
PUT /tmp/ktest_lustre_mainline_native_ti48n9ug.tar 18s
PUT /tmp/ktest_lustre_mainline_native_ti48n9ug.tar 18s
PUT /tmp/ktest_lustre_mainline_native_ti48n9ug.tar 19s
PUT /tmp/ktest-lustre.tar.gz 20s
PUT /tmp/ktest-lustre.tar.gz 29s
PUT /tmp/ktest_lustre_mainline_native_ti48n9ug.tar 5s
PUT /tmp/ktest_lustre_mainline_native_ti48n9ug.tar 12s
END cc-plugin tool cc-plugin FAIL 55s (exit code: 127)
END clang-tidy tool clang-tidy PASS 76s
END boot run tests/fs/lustre/boot.ktest PASS 77s
END mgs-setup run tests/fs/lustre/mgs-setup.ktest PASS 90s
END sanity-3 run tests/fs/lustre/sanity/sanity-3.ktest PASS 100s
END sanity-2 run tests/fs/lustre/sanity/sanity-2.ktest PASS 110s
END sanity-4 run tests/fs/lustre/sanity/sanity-4.ktest PASS 112s
END sanity-1 run tests/fs/lustre/sanity/sanity-1.ktest PASS 123s
END llmount run tests/fs/lustre/llmount.ktest PASS 165s
END llog-unit run tests/fs/lustre/llog-unit.ktest PASS 175s

============================================================
Final Results:
  checkpatch-parallel: PASS (75s) (log: /var/www/ci-lustre/upstream-patch-review/f9aefa4d17163eecd3cb1dfa62bdcf85345c7415_checkpatch-parallel.log)
  contribution-report: PASS (17s) (log: /var/www/ci-lustre/upstream-patch-review/f9aefa4d17163eecd3cb1dfa62bdcf85345c7415_contribution-report.log)
  license-status: PASS (24s) (log: /var/www/ci-lustre/upstream-patch-review/f9aefa4d17163eecd3cb1dfa62bdcf85345c7415_license-status.log)
  kernel-doc: PASS (19s) (log: /var/www/ci-lustre/upstream-patch-review/f9aefa4d17163eecd3cb1dfa62bdcf85345c7415_kernel-doc.log)
  lustre_u24: PASS (95s) (log: /var/www/ci-lustre/upstream-patch-review/f9aefa4d17163eecd3cb1dfa62bdcf85345c7415_lustre_u24.log)
  lustre_al2023: PASS (92s) (log: /var/www/ci-lustre/upstream-patch-review/f9aefa4d17163eecd3cb1dfa62bdcf85345c7415_lustre_al2023.log)
  lustre_mainline_strict: FAIL (144s) (log: /var/www/ci-lustre/upstream-patch-review/f9aefa4d17163eecd3cb1dfa62bdcf85345c7415_lustre_mainline_strict.log)
  lustre_mainline: PASS (149s) (log: /var/www/ci-lustre/upstream-patch-review/f9aefa4d17163eecd3cb1dfa62bdcf85345c7415_lustre_mainline.log)
  lustre_mainline_native: PASS (151s) (log: /var/www/ci-lustre/upstream-patch-review/f9aefa4d17163eecd3cb1dfa62bdcf85345c7415_lustre_mainline_native.log)
  clang-tidy: PASS (76s) (log: /var/www/ci-lustre/upstream-patch-review/f9aefa4d17163eecd3cb1dfa62bdcf85345c7415_clang-tidy.log)
  cc-plugin: FAIL (55s) (log: /var/www/ci-lustre/upstream-patch-review/f9aefa4d17163eecd3cb1dfa62bdcf85345c7415_cc-plugin.log)
  boot: PASS (77s) (log: /var/www/ci-lustre/upstream-patch-review/f9aefa4d17163eecd3cb1dfa62bdcf85345c7415_boot.log)
  llmount: PASS (165s) (log: /var/www/ci-lustre/upstream-patch-review/f9aefa4d17163eecd3cb1dfa62bdcf85345c7415_llmount.log)
  llog-unit: PASS (175s) (log: /var/www/ci-lustre/upstream-patch-review/f9aefa4d17163eecd3cb1dfa62bdcf85345c7415_llog-unit.log)
  mgs-setup: PASS (90s) (log: /var/www/ci-lustre/upstream-patch-review/f9aefa4d17163eecd3cb1dfa62bdcf85345c7415_mgs-setup.log)
  sanity-1: PASS (123s) (log: /var/www/ci-lustre/upstream-patch-review/f9aefa4d17163eecd3cb1dfa62bdcf85345c7415_sanity-1.log)
  sanity-2: PASS (110s) (log: /var/www/ci-lustre/upstream-patch-review/f9aefa4d17163eecd3cb1dfa62bdcf85345c7415_sanity-2.log)
  sanity-3: PASS (100s) (log: /var/www/ci-lustre/upstream-patch-review/f9aefa4d17163eecd3cb1dfa62bdcf85345c7415_sanity-3.log)
  sanity-4: PASS (112s) (log: /var/www/ci-lustre/upstream-patch-review/f9aefa4d17163eecd3cb1dfa62bdcf85345c7415_sanity-4.log)

Total execution time: 359s
