CLI: ./podman-ktest --podman-socket unix:///run/podman/podman.sock --shared-filesystem /tmp --tarball-input job lustre-ci --output /var/www/ci-lustre/upstream-patch-review --git-hash fa040fbd7296f5d9095c0fba8dff8db5f9425aa4 --change-id 65059_fa040fbd7296f5d9095c0fba8dff8db5f9425aa4 --subject LU-20076 tests: speed up sanity/77f,103e,276

  Checking /dev/kvm exists... OK
  Checking /dev/kvm permissions... OK
  Creating ccache directory... OK
  Checking ccache directory writable... OK

Environment validated successfully
Creating kernel tarball at /tmp/ktest-kernel.tar.gz...
Creating lustre tarball at /tmp/ktest-lustre.tar.gz...
Executing 16 jobs
Jobs will start as soon as their dependencies are satisfied
Using tarball input mode

START u24 build tests/fs/lustre/boot.ktest
START checkpatch tool checkpatch
START al2023 build tests/fs/lustre/boot.ktest
START lustre_mainline build tests/fs/lustre/boot.ktest
START lustre_mainline_native build tests/fs/lustre/boot.ktest
START lustre_mainline_strict build tests/fs/lustre/boot-strict.ktest
PUT /tmp/ktest-kernel.tar.gz 8s
PUT /tmp/ktest-kernel.tar.gz 8s
PUT /tmp/ktest-kernel.tar.gz 8s
PUT /tmp/ktest-kernel.tar.gz 8s
PUT /tmp/ktest-kernel.tar.gz 8s
PUT /tmp/ktest-kernel.tar.gz 8s
PUT /tmp/ktest-lustre.tar.gz 2s
PUT /tmp/ktest-lustre.tar.gz 2s
PUT /tmp/ktest-lustre.tar.gz 2s
PUT /tmp/ktest-lustre.tar.gz 2s
PUT /tmp/ktest-lustre.tar.gz 2s
PUT /tmp/ktest-lustre.tar.gz 2s
END checkpatch tool checkpatch PASS 13s
END al2023 build tests/fs/lustre/boot.ktest PASS 65s
END u24 build tests/fs/lustre/boot.ktest PASS 69s
GET /tmp/ktest_lustre_mainline_strict_komw694z.tar 5s
END lustre_mainline_strict build tests/fs/lustre/boot-strict.ktest FAIL 109s (exit code: 1)
GET /tmp/ktest_lustre_mainline_native_z6n6lcv8.tar 4s
GET /tmp/ktest_lustre_mainline_dul93g3b.tar 4s
END lustre_mainline_native build tests/fs/lustre/boot.ktest PASS 112s
START clang-tidy tool clang-tidy
START cc-plugin tool cc-plugin
START boot run tests/fs/lustre/boot.ktest
START llmount run tests/fs/lustre/llmount.ktest
START llog-unit run tests/fs/lustre/llog-unit.ktest
START mgs-setup run tests/fs/lustre/mgs-setup.ktest
START sanity-1 run tests/fs/lustre/sanity/sanity-1.ktest
START sanity-2 run tests/fs/lustre/sanity/sanity-2.ktest
START sanity-3 run tests/fs/lustre/sanity/sanity-3.ktest
START sanity-4 run tests/fs/lustre/sanity/sanity-4.ktest
END lustre_mainline build tests/fs/lustre/boot.ktest PASS 114s
PUT /tmp/ktest-kernel.tar.gz 9s
PUT /tmp/ktest_lustre_mainline_native_z6n6lcv8.tar 9s
PUT /tmp/ktest_lustre_mainline_native_z6n6lcv8.tar 9s
PUT /tmp/ktest_lustre_mainline_native_z6n6lcv8.tar 9s
PUT /tmp/ktest_lustre_mainline_native_z6n6lcv8.tar 9s
PUT /tmp/ktest_lustre_mainline_native_z6n6lcv8.tar 9s
PUT /tmp/ktest_lustre_mainline_native_z6n6lcv8.tar 9s
PUT /tmp/ktest_lustre_mainline_native_z6n6lcv8.tar 9s
PUT /tmp/ktest-kernel.tar.gz 9s
PUT /tmp/ktest_lustre_mainline_native_z6n6lcv8.tar 9s
PUT /tmp/ktest-lustre.tar.gz 28s
PUT /tmp/ktest-lustre.tar.gz 33s
PUT /tmp/ktest_lustre_mainline_native_z6n6lcv8.tar 4s
PUT /tmp/ktest_lustre_mainline_native_z6n6lcv8.tar 10s
END cc-plugin tool cc-plugin FAIL 51s (exit code: 127)
END clang-tidy tool clang-tidy FAIL 52s (exit code: 1)
END boot run tests/fs/lustre/boot.ktest PASS 62s
END mgs-setup run tests/fs/lustre/mgs-setup.ktest PASS 69s
END sanity-4 run tests/fs/lustre/sanity/sanity-4.ktest PASS 79s
END sanity-1 run tests/fs/lustre/sanity/sanity-1.ktest PASS 91s
END sanity-2 run tests/fs/lustre/sanity/sanity-2.ktest PASS 92s
END sanity-3 run tests/fs/lustre/sanity/sanity-3.ktest PASS 102s
END llmount run tests/fs/lustre/llmount.ktest PASS 148s
END llog-unit run tests/fs/lustre/llog-unit.ktest PASS 152s

============================================================
Final Results:
  checkpatch: PASS (13s) (log: /var/www/ci-lustre/upstream-patch-review/fa040fbd7296f5d9095c0fba8dff8db5f9425aa4_checkpatch.log)
  u24: PASS (69s) (log: /var/www/ci-lustre/upstream-patch-review/fa040fbd7296f5d9095c0fba8dff8db5f9425aa4_u24.log)
  al2023: PASS (65s) (log: /var/www/ci-lustre/upstream-patch-review/fa040fbd7296f5d9095c0fba8dff8db5f9425aa4_al2023.log)
  lustre_mainline_strict: FAIL (109s) (log: /var/www/ci-lustre/upstream-patch-review/fa040fbd7296f5d9095c0fba8dff8db5f9425aa4_lustre_mainline_strict.log)
  lustre_mainline: PASS (114s) (log: /var/www/ci-lustre/upstream-patch-review/fa040fbd7296f5d9095c0fba8dff8db5f9425aa4_lustre_mainline.log)
  lustre_mainline_native: PASS (112s) (log: /var/www/ci-lustre/upstream-patch-review/fa040fbd7296f5d9095c0fba8dff8db5f9425aa4_lustre_mainline_native.log)
  clang-tidy: FAIL (52s) (log: /var/www/ci-lustre/upstream-patch-review/fa040fbd7296f5d9095c0fba8dff8db5f9425aa4_clang-tidy.log)
  cc-plugin: FAIL (51s) (log: /var/www/ci-lustre/upstream-patch-review/fa040fbd7296f5d9095c0fba8dff8db5f9425aa4_cc-plugin.log)
  boot: PASS (62s) (log: /var/www/ci-lustre/upstream-patch-review/fa040fbd7296f5d9095c0fba8dff8db5f9425aa4_boot.log)
  llmount: PASS (148s) (log: /var/www/ci-lustre/upstream-patch-review/fa040fbd7296f5d9095c0fba8dff8db5f9425aa4_llmount.log)
  llog-unit: PASS (152s) (log: /var/www/ci-lustre/upstream-patch-review/fa040fbd7296f5d9095c0fba8dff8db5f9425aa4_llog-unit.log)
  mgs-setup: PASS (69s) (log: /var/www/ci-lustre/upstream-patch-review/fa040fbd7296f5d9095c0fba8dff8db5f9425aa4_mgs-setup.log)
  sanity-1: PASS (91s) (log: /var/www/ci-lustre/upstream-patch-review/fa040fbd7296f5d9095c0fba8dff8db5f9425aa4_sanity-1.log)
  sanity-2: PASS (92s) (log: /var/www/ci-lustre/upstream-patch-review/fa040fbd7296f5d9095c0fba8dff8db5f9425aa4_sanity-2.log)
  sanity-3: PASS (102s) (log: /var/www/ci-lustre/upstream-patch-review/fa040fbd7296f5d9095c0fba8dff8db5f9425aa4_sanity-3.log)
  sanity-4: PASS (79s) (log: /var/www/ci-lustre/upstream-patch-review/fa040fbd7296f5d9095c0fba8dff8db5f9425aa4_sanity-4.log)

Total execution time: 296s
