CLI: ./podman-ktest --podman-socket unix:///run/podman/podman.sock --shared-filesystem /tmp --tarball-input job lustre-ci --output /var/www/ci-lustre/upstream-patch-review --git-hash fa4346fcc1654164cfc9eadf27446ce96b6c0bae --change-id 58568_fa4346fcc1654164cfc9eadf27446ce96b6c0bae --subject LU-18456 trash: I/O operative limiting for a file in Trash Can

  Checking /dev/kvm exists... OK
  Checking /dev/kvm permissions... OK
  Creating ccache directory... OK
  Checking ccache directory writable... OK

Environment validated successfully
Creating kernel tarball at /tmp/ktest-kernel.tar.gz...
Creating lustre tarball at /tmp/ktest-lustre.tar.gz...
Executing 16 jobs
Jobs will start as soon as their dependencies are satisfied
Using tarball input mode

START al2023 build tests/fs/lustre/boot.ktest
START lustre_mainline_native build tests/fs/lustre/boot.ktest
START lustre_mainline_strict build tests/fs/lustre/boot-strict.ktest
START checkpatch tool checkpatch
START u24 build tests/fs/lustre/boot.ktest
START lustre_mainline build tests/fs/lustre/boot.ktest
PUT /tmp/ktest-lustre.tar.gz 1s
PUT /tmp/ktest-lustre.tar.gz 1s
PUT /tmp/ktest-kernel.tar.gz 7s
PUT /tmp/ktest-kernel.tar.gz 7s
PUT /tmp/ktest-kernel.tar.gz 7s
PUT /tmp/ktest-kernel.tar.gz 7s
PUT /tmp/ktest-lustre.tar.gz 2s
PUT /tmp/ktest-lustre.tar.gz 2s
PUT /tmp/ktest-lustre.tar.gz 2s
PUT /tmp/ktest-lustre.tar.gz 3s
END checkpatch tool checkpatch FAIL 13s (exit code: 1)
END al2023 build tests/fs/lustre/boot.ktest PASS 72s
END u24 build tests/fs/lustre/boot.ktest PASS 72s
GET /tmp/ktest_lustre_mainline_strict_rjbgfknj.tar 5s
END lustre_mainline_strict build tests/fs/lustre/boot-strict.ktest FAIL 137s (exit code: 1)
GET /tmp/ktest_lustre_mainline_vujugtme.tar 5s
GET /tmp/ktest_lustre_mainline_native_n0qzxtql.tar 5s
END lustre_mainline build tests/fs/lustre/boot.ktest PASS 142s
END lustre_mainline_native build tests/fs/lustre/boot.ktest PASS 144s
START clang-tidy tool clang-tidy
START cc-plugin tool cc-plugin
START boot run tests/fs/lustre/boot.ktest
START llmount run tests/fs/lustre/llmount.ktest
START llog-unit run tests/fs/lustre/llog-unit.ktest
START mgs-setup run tests/fs/lustre/mgs-setup.ktest
START sanity-1 run tests/fs/lustre/sanity/sanity-1.ktest
START sanity-2 run tests/fs/lustre/sanity/sanity-2.ktest
START sanity-3 run tests/fs/lustre/sanity/sanity-3.ktest
START sanity-4 run tests/fs/lustre/sanity/sanity-4.ktest
PUT /tmp/ktest-kernel.tar.gz 40s
PUT /tmp/ktest_lustre_mainline_native_n0qzxtql.tar 49s
PUT /tmp/ktest-kernel.tar.gz 50s
PUT /tmp/ktest_lustre_mainline_native_n0qzxtql.tar 50s
PUT /tmp/ktest_lustre_mainline_native_n0qzxtql.tar 50s
PUT /tmp/ktest_lustre_mainline_native_n0qzxtql.tar 49s
PUT /tmp/ktest_lustre_mainline_native_n0qzxtql.tar 49s
PUT /tmp/ktest_lustre_mainline_native_n0qzxtql.tar 50s
PUT /tmp/ktest_lustre_mainline_native_n0qzxtql.tar 50s
PUT /tmp/ktest_lustre_mainline_native_n0qzxtql.tar 49s
PUT /tmp/ktest-lustre.tar.gz 102s
PUT /tmp/ktest-lustre.tar.gz 110s
PUT /tmp/ktest_lustre_mainline_native_n0qzxtql.tar 14s
PUT /tmp/ktest_lustre_mainline_native_n0qzxtql.tar 32s
END cc-plugin tool cc-plugin FAIL 179s (exit code: 127)
END boot run tests/fs/lustre/boot.ktest PASS 196s
END clang-tidy tool clang-tidy PASS 201s
END mgs-setup run tests/fs/lustre/mgs-setup.ktest PASS 205s
END sanity-1 run tests/fs/lustre/sanity/sanity-1.ktest PASS 225s
END sanity-3 run tests/fs/lustre/sanity/sanity-3.ktest PASS 230s
END sanity-2 run tests/fs/lustre/sanity/sanity-2.ktest PASS 239s
END sanity-4 run tests/fs/lustre/sanity/sanity-4.ktest PASS 241s
END llmount run tests/fs/lustre/llmount.ktest PASS 286s
END llog-unit run tests/fs/lustre/llog-unit.ktest PASS 291s

============================================================
Final Results:
  checkpatch: FAIL (13s) (log: /var/www/ci-lustre/upstream-patch-review/fa4346fcc1654164cfc9eadf27446ce96b6c0bae_checkpatch.log)
  u24: PASS (72s) (log: /var/www/ci-lustre/upstream-patch-review/fa4346fcc1654164cfc9eadf27446ce96b6c0bae_u24.log)
  al2023: PASS (72s) (log: /var/www/ci-lustre/upstream-patch-review/fa4346fcc1654164cfc9eadf27446ce96b6c0bae_al2023.log)
  lustre_mainline_strict: FAIL (137s) (log: /var/www/ci-lustre/upstream-patch-review/fa4346fcc1654164cfc9eadf27446ce96b6c0bae_lustre_mainline_strict.log)
  lustre_mainline: PASS (142s) (log: /var/www/ci-lustre/upstream-patch-review/fa4346fcc1654164cfc9eadf27446ce96b6c0bae_lustre_mainline.log)
  lustre_mainline_native: PASS (144s) (log: /var/www/ci-lustre/upstream-patch-review/fa4346fcc1654164cfc9eadf27446ce96b6c0bae_lustre_mainline_native.log)
  clang-tidy: PASS (201s) (log: /var/www/ci-lustre/upstream-patch-review/fa4346fcc1654164cfc9eadf27446ce96b6c0bae_clang-tidy.log)
  cc-plugin: FAIL (179s) (log: /var/www/ci-lustre/upstream-patch-review/fa4346fcc1654164cfc9eadf27446ce96b6c0bae_cc-plugin.log)
  boot: PASS (196s) (log: /var/www/ci-lustre/upstream-patch-review/fa4346fcc1654164cfc9eadf27446ce96b6c0bae_boot.log)
  llmount: PASS (286s) (log: /var/www/ci-lustre/upstream-patch-review/fa4346fcc1654164cfc9eadf27446ce96b6c0bae_llmount.log)
  llog-unit: PASS (291s) (log: /var/www/ci-lustre/upstream-patch-review/fa4346fcc1654164cfc9eadf27446ce96b6c0bae_llog-unit.log)
  mgs-setup: PASS (205s) (log: /var/www/ci-lustre/upstream-patch-review/fa4346fcc1654164cfc9eadf27446ce96b6c0bae_mgs-setup.log)
  sanity-1: PASS (225s) (log: /var/www/ci-lustre/upstream-patch-review/fa4346fcc1654164cfc9eadf27446ce96b6c0bae_sanity-1.log)
  sanity-2: PASS (239s) (log: /var/www/ci-lustre/upstream-patch-review/fa4346fcc1654164cfc9eadf27446ce96b6c0bae_sanity-2.log)
  sanity-3: PASS (230s) (log: /var/www/ci-lustre/upstream-patch-review/fa4346fcc1654164cfc9eadf27446ce96b6c0bae_sanity-3.log)
  sanity-4: PASS (241s) (log: /var/www/ci-lustre/upstream-patch-review/fa4346fcc1654164cfc9eadf27446ce96b6c0bae_sanity-4.log)

Total execution time: 467s
