WARNING:FILE_PATH_CHANGES: added, moved or deleted file(s), does MAINTAINERS need updating?
#55: 
new file mode 100644

ERROR:TRAILING_WHITESPACE: trailing whitespace
#82: FILE: ldiskfs/kernel_patches/patches/linux-6.12/ext4-dir-entry-len.patch:23:
+ $

ERROR:TRAILING_WHITESPACE: trailing whitespace
#113: FILE: ldiskfs/kernel_patches/patches/linux-6.12/ext4-dir-entry-len.patch:54:
+ $

ERROR:TRAILING_WHITESPACE: trailing whitespace
#115: FILE: ldiskfs/kernel_patches/patches/linux-6.12/ext4-dir-entry-len.patch:56:
+ $

ERROR:TRAILING_WHITESPACE: trailing whitespace
#119: FILE: ldiskfs/kernel_patches/patches/linux-6.12/ext4-dir-entry-len.patch:60:
+ $

ERROR:TRAILING_WHITESPACE: trailing whitespace
#144: FILE: ldiskfs/kernel_patches/patches/linux-6.12/ext4-dir-entry-len.patch:85:
+ $

ERROR:TRAILING_WHITESPACE: trailing whitespace
#148: FILE: ldiskfs/kernel_patches/patches/linux-6.12/ext4-dir-entry-len.patch:89:
+ $

ERROR:TRAILING_WHITESPACE: trailing whitespace
#156: FILE: ldiskfs/kernel_patches/patches/linux-6.12/ext4-dir-entry-len.patch:97:
+ $

ERROR:TRAILING_WHITESPACE: trailing whitespace
#169: FILE: ldiskfs/kernel_patches/patches/linux-6.12/ext4-dir-entry-len.patch:110:
+ $

ERROR:TRAILING_WHITESPACE: trailing whitespace
#230: FILE: ldiskfs/kernel_patches/patches/linux-6.12/ext4-dir-entry-len.patch:171:
+ $

ERROR:TRAILING_WHITESPACE: trailing whitespace
#235: FILE: ldiskfs/kernel_patches/patches/linux-6.12/ext4-dir-entry-len.patch:176:
+ $

ERROR:TRAILING_WHITESPACE: trailing whitespace
#241: FILE: ldiskfs/kernel_patches/patches/linux-6.12/ext4-dir-entry-len.patch:182:
+ $

ERROR:TRAILING_WHITESPACE: trailing whitespace
#283: FILE: ldiskfs/kernel_patches/patches/linux-6.12/ext4-dirdata-core.patch:22:
+ $

ERROR:TRAILING_WHITESPACE: trailing whitespace
#303: FILE: ldiskfs/kernel_patches/patches/linux-6.12/ext4-dirdata-core.patch:42:
+ $

ERROR:TRAILING_WHITESPACE: trailing whitespace
#325: FILE: ldiskfs/kernel_patches/patches/linux-6.12/ext4-dirdata-core.patch:64:
+ $

ERROR:TRAILING_WHITESPACE: trailing whitespace
#331: FILE: ldiskfs/kernel_patches/patches/linux-6.12/ext4-dirdata-core.patch:70:
+ $

ERROR:TRAILING_WHITESPACE: trailing whitespace
#338: FILE: ldiskfs/kernel_patches/patches/linux-6.12/ext4-dirdata-core.patch:77:
+ $

ERROR:TRAILING_WHITESPACE: trailing whitespace
#340: FILE: ldiskfs/kernel_patches/patches/linux-6.12/ext4-dirdata-core.patch:79:
+ $

ERROR:TRAILING_WHITESPACE: trailing whitespace
#362: FILE: ldiskfs/kernel_patches/patches/linux-6.12/ext4-dirdata-core.patch:101:
+ $

ERROR:TRAILING_WHITESPACE: trailing whitespace
#394: FILE: ldiskfs/kernel_patches/patches/linux-6.12/ext4-dirdata-core.patch:133:
+ $

ERROR:TRAILING_WHITESPACE: trailing whitespace
#416: FILE: ldiskfs/kernel_patches/patches/linux-6.12/ext4-dirdata-core.patch:155:
+ $

ERROR:TRAILING_WHITESPACE: trailing whitespace
#431: FILE: ldiskfs/kernel_patches/patches/linux-6.12/ext4-dirdata-core.patch:170:
+ $

ERROR:TRAILING_WHITESPACE: trailing whitespace
#446: FILE: ldiskfs/kernel_patches/patches/linux-6.12/ext4-dirdata-core.patch:185:
+ $

ERROR:TRAILING_WHITESPACE: trailing whitespace
#459: FILE: ldiskfs/kernel_patches/patches/linux-6.12/ext4-dirdata-core.patch:198:
+ $

ERROR:TRAILING_WHITESPACE: trailing whitespace
#461: FILE: ldiskfs/kernel_patches/patches/linux-6.12/ext4-dirdata-core.patch:200:
+ $

ERROR:TRAILING_WHITESPACE: trailing whitespace
#475: FILE: ldiskfs/kernel_patches/patches/linux-6.12/ext4-dirdata-core.patch:214:
+ $

ERROR:TRAILING_WHITESPACE: trailing whitespace
#544: FILE: ldiskfs/kernel_patches/patches/linux-6.12/ext4-dirdata-core.patch:283:
+ $

ERROR:TRAILING_WHITESPACE: trailing whitespace
#592: FILE: ldiskfs/kernel_patches/patches/linux-6.12/ext4-dirdata-core.patch:331:
+ $

ERROR:TRAILING_WHITESPACE: trailing whitespace
#635: FILE: ldiskfs/kernel_patches/patches/linux-6.12/ext4-dirdata-core.patch:374:
+ $

ERROR:TRAILING_WHITESPACE: trailing whitespace
#637: FILE: ldiskfs/kernel_patches/patches/linux-6.12/ext4-dirdata-core.patch:376:
+ $

ERROR:TRAILING_WHITESPACE: trailing whitespace
#652: FILE: ldiskfs/kernel_patches/patches/linux-6.12/ext4-dirdata-core.patch:391:
+ $

ERROR:TRAILING_WHITESPACE: trailing whitespace
#661: FILE: ldiskfs/kernel_patches/patches/linux-6.12/ext4-dirdata-core.patch:400:
+ $

ERROR:TRAILING_WHITESPACE: trailing whitespace
#665: FILE: ldiskfs/kernel_patches/patches/linux-6.12/ext4-dirdata-core.patch:404:
+ $

ERROR:TRAILING_WHITESPACE: trailing whitespace
#677: FILE: ldiskfs/kernel_patches/patches/linux-6.12/ext4-dirdata-core.patch:416:
+ $

ERROR:TRAILING_WHITESPACE: trailing whitespace
#681: FILE: ldiskfs/kernel_patches/patches/linux-6.12/ext4-dirdata-core.patch:420:
+ $

ERROR:TRAILING_WHITESPACE: trailing whitespace
#690: FILE: ldiskfs/kernel_patches/patches/linux-6.12/ext4-dirdata-core.patch:429:
+ $

ERROR:TRAILING_WHITESPACE: trailing whitespace
#696: FILE: ldiskfs/kernel_patches/patches/linux-6.12/ext4-dirdata-core.patch:435:
+ $

ERROR:TRAILING_WHITESPACE: trailing whitespace
#805: FILE: ldiskfs/kernel_patches/patches/linux-6.12/ext4-dirdata-core.patch:544:
+ $

ERROR:TRAILING_WHITESPACE: trailing whitespace
#809: FILE: ldiskfs/kernel_patches/patches/linux-6.12/ext4-dirdata-core.patch:548:
+ $

ERROR:TRAILING_WHITESPACE: trailing whitespace
#811: FILE: ldiskfs/kernel_patches/patches/linux-6.12/ext4-dirdata-core.patch:550:
+ $

ERROR:TRAILING_WHITESPACE: trailing whitespace
#841: FILE: ldiskfs/kernel_patches/patches/linux-6.12/ext4-dirdata-core.patch:580:
+ $

ERROR:TRAILING_WHITESPACE: trailing whitespace
#862: FILE: ldiskfs/kernel_patches/patches/linux-6.12/ext4-dirdata-core.patch:601:
+ $

ERROR:TRAILING_WHITESPACE: trailing whitespace
#886: FILE: ldiskfs/kernel_patches/patches/linux-6.12/ext4-dirdata-core.patch:625:
+ $

ERROR:TRAILING_WHITESPACE: trailing whitespace
#955: FILE: ldiskfs/kernel_patches/patches/linux-6.12/ext4-dirdata-lustre-compat.patch:7:
+ $

ERROR:TRAILING_WHITESPACE: trailing whitespace
#959: FILE: ldiskfs/kernel_patches/patches/linux-6.12/ext4-dirdata-lustre-compat.patch:11:
+ $

ERROR:TRAILING_WHITESPACE: trailing whitespace
#964: FILE: ldiskfs/kernel_patches/patches/linux-6.12/ext4-dirdata-lustre-compat.patch:16:
+ $

ERROR:TRAILING_WHITESPACE: trailing whitespace
#978: FILE: ldiskfs/kernel_patches/patches/linux-6.12/ext4-dirdata-lustre-compat.patch:30:
+ $

ERROR:TRAILING_WHITESPACE: trailing whitespace
#991: FILE: ldiskfs/kernel_patches/patches/linux-6.12/ext4-dirdata-lustre-compat.patch:43:
+ $

ERROR:TRAILING_WHITESPACE: trailing whitespace
#1000: FILE: ldiskfs/kernel_patches/patches/linux-6.12/ext4-dirdata-lustre-compat.patch:52:
+ $

ERROR:TRAILING_WHITESPACE: trailing whitespace
#1007: FILE: ldiskfs/kernel_patches/patches/linux-6.12/ext4-dirdata-lustre-compat.patch:59:
+ $

ERROR:TRAILING_WHITESPACE: trailing whitespace
#1009: FILE: ldiskfs/kernel_patches/patches/linux-6.12/ext4-dirdata-lustre-compat.patch:61:
+ $

ERROR:TRAILING_WHITESPACE: trailing whitespace
#1019: FILE: ldiskfs/kernel_patches/patches/linux-6.12/ext4-dirdata-lustre-compat.patch:71:
+ $

ERROR:TRAILING_WHITESPACE: trailing whitespace
#1023: FILE: ldiskfs/kernel_patches/patches/linux-6.12/ext4-dirdata-lustre-compat.patch:75:
+ $

ERROR:TRAILING_WHITESPACE: trailing whitespace
#1045: FILE: ldiskfs/kernel_patches/patches/linux-6.12/ext4-dirdata-lustre-compat.patch:97:
+ $

ERROR:TRAILING_WHITESPACE: trailing whitespace
#1082: FILE: ldiskfs/kernel_patches/patches/linux-6.12/ext4-dirdata-lustre-compat.patch:134:
+ $

total: 54 errors, 1 warnings, 1114 lines checked

NOTE: For some of the reported defects, checkpatch may be able to
      mechanically convert to the typical style using --fix or --fix-inplace.

NOTE: Whitespace errors detected.
      You may wish to use scripts/cleanpatch or scripts/cleanfile

Your patch has style problems, please review.

NOTE: If any of the errors are false positives, please report
      them to the maintainer, see CHECKPATCH in MAINTAINERS.
