CLI: ./podman-ktest --podman-socket unix:///run/podman/podman.sock --shared-filesystem /tmp --tarball-input job lustre-ci --output /var/www/ci-lustre/upstream-patch-review --git-hash fb365f9d444c50a639f0eb437ebd8eeb6e2e21dd --change-id 62494_fb365f9d444c50a639f0eb437ebd8eeb6e2e21dd --subject LU-19469 utils: tool to create or analyze a sparse file

  Checking /dev/kvm exists... OK
  Checking /dev/kvm permissions... OK
  Creating ccache directory... OK
  Checking ccache directory writable... OK

Environment validated successfully
Creating kernel tarball at /tmp/ktest-kernel.tar.gz...
Creating lustre tarball at /tmp/ktest-lustre.tar.gz...
Executing 16 jobs
Jobs will start as soon as their dependencies are satisfied
Using tarball input mode

START lustre_mainline_native build tests/fs/lustre/boot.ktest
START lustre_al2023 build tests/fs/lustre/boot.ktest
START lustre_u24 build tests/fs/lustre/boot.ktest
START checkpatch tool checkpatch
START lustre_mainline build tests/fs/lustre/boot.ktest
START lustre_mainline_strict build tests/fs/lustre/boot-strict.ktest
PUT /tmp/ktest-kernel.tar.gz 8s
PUT /tmp/ktest-kernel.tar.gz 8s
PUT /tmp/ktest-kernel.tar.gz 8s
PUT /tmp/ktest-kernel.tar.gz 8s
PUT /tmp/ktest-kernel.tar.gz 8s
PUT /tmp/ktest-kernel.tar.gz 8s
PUT /tmp/ktest-lustre.tar.gz 4s
PUT /tmp/ktest-lustre.tar.gz 4s
PUT /tmp/ktest-lustre.tar.gz 4s
PUT /tmp/ktest-lustre.tar.gz 3s
PUT /tmp/ktest-lustre.tar.gz 4s
PUT /tmp/ktest-lustre.tar.gz 4s
END checkpatch tool checkpatch FAIL 15s (exit code: 1)
END lustre_u24 build tests/fs/lustre/boot.ktest FAIL 75s (exit code: 2)
END lustre_al2023 build tests/fs/lustre/boot.ktest FAIL 77s (exit code: 2)
GET /tmp/ktest_lustre_mainline_strict_uqvuev14.tar 4s
END lustre_mainline_strict build tests/fs/lustre/boot-strict.ktest FAIL 119s (exit code: 1)
GET /tmp/ktest_lustre_mainline_gkgtiuo4.tar 3s
GET /tmp/ktest_lustre_mainline_native_uizj_pi0.tar 3s
END lustre_mainline build tests/fs/lustre/boot.ktest PASS 136s
END lustre_mainline_native build tests/fs/lustre/boot.ktest PASS 137s
START clang-tidy tool clang-tidy
START cc-plugin tool cc-plugin
START boot run tests/fs/lustre/boot.ktest
START llmount run tests/fs/lustre/llmount.ktest
START llog-unit run tests/fs/lustre/llog-unit.ktest
START mgs-setup run tests/fs/lustre/mgs-setup.ktest
START sanity-1 run tests/fs/lustre/sanity/sanity-1.ktest
START sanity-2 run tests/fs/lustre/sanity/sanity-2.ktest
START sanity-3 run tests/fs/lustre/sanity/sanity-3.ktest
START sanity-4 run tests/fs/lustre/sanity/sanity-4.ktest
PUT /tmp/ktest-kernel.tar.gz 36s
PUT /tmp/ktest_lustre_mainline_native_uizj_pi0.tar 37s
PUT /tmp/ktest_lustre_mainline_native_uizj_pi0.tar 37s
PUT /tmp/ktest_lustre_mainline_native_uizj_pi0.tar 37s
PUT /tmp/ktest_lustre_mainline_native_uizj_pi0.tar 36s
PUT /tmp/ktest_lustre_mainline_native_uizj_pi0.tar 37s
PUT /tmp/ktest-kernel.tar.gz 37s
PUT /tmp/ktest_lustre_mainline_native_uizj_pi0.tar 37s
PUT /tmp/ktest_lustre_mainline_native_uizj_pi0.tar 37s
PUT /tmp/ktest_lustre_mainline_native_uizj_pi0.tar 37s
PUT /tmp/ktest-lustre.tar.gz 78s
PUT /tmp/ktest-lustre.tar.gz 78s
PUT /tmp/ktest_lustre_mainline_native_uizj_pi0.tar 28s
PUT /tmp/ktest_lustre_mainline_native_uizj_pi0.tar 29s
END boot run tests/fs/lustre/boot.ktest PASS 146s
END cc-plugin tool cc-plugin FAIL 148s (exit code: 127)
END clang-tidy tool clang-tidy PASS 165s
END mgs-setup run tests/fs/lustre/mgs-setup.ktest PASS 166s
END sanity-1 run tests/fs/lustre/sanity/sanity-1.ktest PASS 169s
END sanity-3 run tests/fs/lustre/sanity/sanity-3.ktest PASS 170s
END sanity-2 run tests/fs/lustre/sanity/sanity-2.ktest PASS 181s
END sanity-4 run tests/fs/lustre/sanity/sanity-4.ktest PASS 183s
END llmount run tests/fs/lustre/llmount.ktest PASS 240s
END llog-unit run tests/fs/lustre/llog-unit.ktest PASS 244s

============================================================
Final Results:
  checkpatch: FAIL (15s) (log: /var/www/ci-lustre/upstream-patch-review/fb365f9d444c50a639f0eb437ebd8eeb6e2e21dd_checkpatch.log)
  lustre_u24: FAIL (75s) (log: /var/www/ci-lustre/upstream-patch-review/fb365f9d444c50a639f0eb437ebd8eeb6e2e21dd_lustre_u24.log)
  lustre_al2023: FAIL (77s) (log: /var/www/ci-lustre/upstream-patch-review/fb365f9d444c50a639f0eb437ebd8eeb6e2e21dd_lustre_al2023.log)
  lustre_mainline_strict: FAIL (119s) (log: /var/www/ci-lustre/upstream-patch-review/fb365f9d444c50a639f0eb437ebd8eeb6e2e21dd_lustre_mainline_strict.log)
  lustre_mainline: PASS (136s) (log: /var/www/ci-lustre/upstream-patch-review/fb365f9d444c50a639f0eb437ebd8eeb6e2e21dd_lustre_mainline.log)
  lustre_mainline_native: PASS (137s) (log: /var/www/ci-lustre/upstream-patch-review/fb365f9d444c50a639f0eb437ebd8eeb6e2e21dd_lustre_mainline_native.log)
  clang-tidy: PASS (165s) (log: /var/www/ci-lustre/upstream-patch-review/fb365f9d444c50a639f0eb437ebd8eeb6e2e21dd_clang-tidy.log)
  cc-plugin: FAIL (148s) (log: /var/www/ci-lustre/upstream-patch-review/fb365f9d444c50a639f0eb437ebd8eeb6e2e21dd_cc-plugin.log)
  boot: PASS (146s) (log: /var/www/ci-lustre/upstream-patch-review/fb365f9d444c50a639f0eb437ebd8eeb6e2e21dd_boot.log)
  llmount: PASS (240s) (log: /var/www/ci-lustre/upstream-patch-review/fb365f9d444c50a639f0eb437ebd8eeb6e2e21dd_llmount.log)
  llog-unit: PASS (244s) (log: /var/www/ci-lustre/upstream-patch-review/fb365f9d444c50a639f0eb437ebd8eeb6e2e21dd_llog-unit.log)
  mgs-setup: PASS (166s) (log: /var/www/ci-lustre/upstream-patch-review/fb365f9d444c50a639f0eb437ebd8eeb6e2e21dd_mgs-setup.log)
  sanity-1: PASS (169s) (log: /var/www/ci-lustre/upstream-patch-review/fb365f9d444c50a639f0eb437ebd8eeb6e2e21dd_sanity-1.log)
  sanity-2: PASS (181s) (log: /var/www/ci-lustre/upstream-patch-review/fb365f9d444c50a639f0eb437ebd8eeb6e2e21dd_sanity-2.log)
  sanity-3: PASS (170s) (log: /var/www/ci-lustre/upstream-patch-review/fb365f9d444c50a639f0eb437ebd8eeb6e2e21dd_sanity-3.log)
  sanity-4: PASS (183s) (log: /var/www/ci-lustre/upstream-patch-review/fb365f9d444c50a639f0eb437ebd8eeb6e2e21dd_sanity-4.log)

Total execution time: 411s
