[2J[001;001H[=3h[2J[001;001H[2J[001;001H[8;056;240t[2J[001;001H[2J[001;001H[=3h[2J[001;001H[2J[001;001H[8;056;240t[2J[001;001HKernel compiled without mitigations, ignoring 'mitigations'; system may still be vulnerable
RDSEED32 is broken. Disabling the corresponding CPUID bit.
Kernel version: 6.19.0-ktest-fb4cdab3e5-20260610
hook init_noop

Running tests mgs-setup

========= TEST   mgs-setup
/host/home/ktest/git/lustre-release/lustre/tests/test-framework.sh: line 6894: cd: HOME not set
MGS_OS_VERSION_ID=24.04
MGS_OS_ID=ubuntu
MGS_OS_VERSION_CODE=402915328
MGS_OS_ID_LIKE=debian ubuntu
MDS1_OS_ID=ubuntu
MDS1_OS_VERSION_CODE=402915328
MDS1_OS_ID_LIKE=debian ubuntu
MDS1_OS_VERSION_ID=24.04
OST1_OS_VERSION_ID=24.04
OST1_OS_VERSION_CODE=402915328
OST1_OS_ID=ubuntu
OST1_OS_ID_LIKE=debian ubuntu
CLIENT_OS_VERSION_ID=24.04
CLIENT_OS_ID_LIKE=debian ubuntu
CLIENT_OS_ID=ubuntu
CLIENT_OS_VERSION_CODE=402915328
Loading modules from /host/home/ktest/git/lustre-release/lustre
detected 16 online CPUs by sysfs
MODOPTS_LIBCFS=
libcfs will create CPU partition based on online CPUs
libcfs: loading out-of-tree module taints kernel.
libcfs: HW NUMA nodes: 1, HW CPU cores: 16, npartitions: 1
Lustre: Lustre: Build Version: 2.17.54_1_gfb4cdab
LNet: Added LNI 10.0.2.15@tcp [8/256/0/180]
gss/krb5 is not supported
Lustre: Echo OBD driver; http://www.lustre.org/
[1mMounting separate MGS...[0m
[32mPASS[0m
[1mUnmount of client...[0m
[31mFAIL[0m with [31mMount point /mnt/lustre does not exist[0m
[1mForce + lazy unmount of MGS0000...[0m
------------[ cut here ]------------
BUG: Dentry 00000000ee7233f4{i=200000003000004,n=NIDTBL_VERSIONS}  still in use (1) [unmount of wbcfs wbcfs]
WARNING: fs/dcache.c:1648 at umount_check+0x7c/0x1b0, CPU#4: lustre-ktest/1081
Modules linked in: mgs(O) osd_wbcfs(O) lustre(O) obdecho(O) mgc(O) mdc(O) lov(O) osc(O) lmv(O) ec(O) fid(O) fld(O) ptlrpc(O) obdclass(O) ksocklnd(O) lnet(O) libcfs(O) efivarfs
CPU: 4 UID: 0 PID: 1081 Comm: lustre-ktest Tainted: G           O        6.19.0-ktest-fb4cdab3e5-20260610 #1 NONE 
Tainted: [O]=OOT_MODULE
Hardware name: QEMU Standard PC (Q35 + ICH9, 2009), BIOS 2025.11-3ubuntu7 03/31/2026
RIP: 0010:umount_check+0x157/0x1b0
Code: 3c 28 00 74 08 4c 89 e7 e8 36 9c f6 ff 4d 8b 0c 24 49 81 c6 38 06 00 00 48 8b 3c 24 48 89 de 4c 89 fa 48 89 d9 41 89 e8 41 56 <67> 48 0f b9 3a 48 83 c4 08 31 c0 48 83 c4 08 5b 41 5c 41 5d 41 5e
RSP: 0018:ffffc90002f17538 EFLAGS: 00010282
RAX: 1ffffffff42f8928 RBX: ffff88812f20e630 RCX: ffff88812f20e630
RDX: 0200000003000004 RSI: ffff88812f20e630 RDI: ffffffff83dd93b0
RBP: 0000000000000001 R08: 0000000000000001 R09: ffffffffa17d6a40
R10: dffffc0000000000 R11: fffff520005e2ea8 R12: ffffffffa17c4940
R13: dffffc0000000000 R14: ffff88813c538638 R15: 0200000003000004
FS:  00007f5265dec7c0(0000) GS:ffff88831e8fe000(0000) knlGS:0000000000000000
CS:  0010 DS: 0000 ES: 0000 CR0: 0000000080050033
CR2: 0000559a98fd5c9e CR3: 000000016201b000 CR4: 0000000000750eb0
PKRU: 55555554
Call Trace:
 <TASK>
 ? select_collect2+0x170/0x170
 d_walk+0x293/0x450
 do_one_tree+0x37/0x130
 shrink_dcache_for_umount+0x7c/0x110
 generic_shutdown_super+0x65/0x310
 kill_anon_super+0x3d/0x70
 deactivate_locked_super+0x99/0x100
 cleanup_mnt+0x3dc/0x450
 mntput_no_expire_slowpath+0x7ca/0x8d0
 ? osd_umount+0x108/0x260 [osd_wbcfs]
 osd_umount+0x108/0x260 [osd_wbcfs]
 osd_device_fini+0x11e/0x2a0 [osd_wbcfs]
 class_cleanup+0x1087/0x1a10 [obdclass]
 ? _raw_spin_unlock+0x23/0x30
 ? class_name2obd+0x168/0x1a0 [obdclass]
 class_process_config+0x1f22/0x7cb0 [obdclass]
 ? __kasan_kmalloc+0x72/0x80
 ? class_manual_cleanup+0xf58/0x2040 [obdclass]
 class_manual_cleanup+0x10d5/0x2040 [obdclass]
 ? class_disconnect+0x607/0x9e0 [obdclass]
 osd_obd_disconnect+0x17e/0x310 [osd_wbcfs]
 obd_disconnect+0x171/0x470 [obdclass]
 lustre_put_lsi+0x2cd/0xab0 [obdclass]
 server_put_super+0x3aea/0x52e0 [ptlrpc]
 ? do_raw_spin_unlock+0x52/0x230
 ? _raw_spin_unlock+0x23/0x30
 generic_shutdown_super+0xfd/0x310
 kill_anon_super+0x3d/0x70
 deactivate_locked_super+0x99/0x100
 cleanup_mnt+0x3dc/0x450
 task_work_run+0xfe/0x170
 exit_to_user_mode_loop+0x13d/0x470
 ? __x64_sys_umount+0x93/0xc0
 do_syscall_64+0x164/0x270
 entry_SYSCALL_64_after_hwframe+0x4b/0x53
RIP: 0033:0x559a9905daa6
Code: 00 00 4c 89 ff 4c 89 ee 0f 05 48 3d 00 f0 ff ff 0f 86 8f 00 00 00 4c 8b 74 24 08 eb 19 b8 a6 00 00 00 4c 89 ff 4c 89 ee 0f 05 <48> 3d 00 f0 ff ff 0f 86 90 00 00 00 89 c1 f7 d9 89 4c 24 2c 83 c0
RSP: 002b:00007ffcfaf4db20 EFLAGS: 00000246 ORIG_RAX: 00000000000000a6
RAX: 0000000000000000 RBX: 00007ffcfaf4dd48 RCX: 0000559a9905daa6
RDX: 000000000000000f RSI: 0000000000000003 RDI: 0000559aac9e9ae0
RBP: 8000000000000000 R08: 8080808080808080 R09: 0101010101010100
R10: 0000000000000000 R11: 0000000000000246 R12: 00007ffcfaf4dc50
R13: 0000000000000003 R14: 000000000000001b R15: 0000559aac9e9ae0
 </TASK>
---[ end trace 0000000000000000 ]---
------------[ cut here ]------------
BUG: Dentry 00000000e71156bc{i=a000002,n=params}  still in use (1) [unmount of wbcfs wbcfs]
WARNING: fs/dcache.c:1648 at umount_check+0x7c/0x1b0, CPU#4: lustre-ktest/1081
Modules linked in: mgs(O) osd_wbcfs(O) lustre(O) obdecho(O) mgc(O) mdc(O) lov(O) osc(O) lmv(O) ec(O) fid(O) fld(O) ptlrpc(O) obdclass(O) ksocklnd(O) lnet(O) libcfs(O) efivarfs
CPU: 4 UID: 0 PID: 1081 Comm: lustre-ktest Tainted: G        W  O        6.19.0-ktest-fb4cdab3e5-20260610 #1 NONE 
Tainted: [W]=WARN, [O]=OOT_MODULE
Hardware name: QEMU Standard PC (Q35 + ICH9, 2009), BIOS 2025.11-3ubuntu7 03/31/2026
RIP: 0010:umount_check+0x157/0x1b0
Code: 3c 28 00 74 08 4c 89 e7 e8 36 9c f6 ff 4d 8b 0c 24 49 81 c6 38 06 00 00 48 8b 3c 24 48 89 de 4c 89 fa 48 89 d9 41 89 e8 41 56 <67> 48 0f b9 3a 48 83 c4 08 31 c0 48 83 c4 08 5b 41 5c 41 5d 41 5e
RSP: 0018:ffffc90002f17538 EFLAGS: 00010282
RAX: 1ffffffff42f8928 RBX: ffff88810c74d780 RCX: ffff88810c74d780
RDX: 000000000a000002 RSI: ffff88810c74d780 RDI: ffffffff83dd93b0
RBP: 0000000000000001 R08: 0000000000000001 R09: ffffffffa17d6a40
R10: dffffc0000000000 R11: fffff520005e2ea8 R12: ffffffffa17c4940
R13: dffffc0000000000 R14: ffff88813c538638 R15: 000000000a000002
FS:  00007f5265dec7c0(0000) GS:ffff88831e8fe000(0000) knlGS:0000000000000000
CS:  0010 DS: 0000 ES: 0000 CR0: 0000000080050033
CR2: 0000559a98fd5c9e CR3: 000000016201b000 CR4: 0000000000750eb0
PKRU: 55555554
Call Trace:
 <TASK>
 ? select_collect2+0x170/0x170
 d_walk+0x293/0x450
 do_one_tree+0x37/0x130
 shrink_dcache_for_umount+0x7c/0x110
 generic_shutdown_super+0x65/0x310
 kill_anon_super+0x3d/0x70
 deactivate_locked_super+0x99/0x100
 cleanup_mnt+0x3dc/0x450
 mntput_no_expire_slowpath+0x7ca/0x8d0
 ? osd_umount+0x108/0x260 [osd_wbcfs]
 osd_umount+0x108/0x260 [osd_wbcfs]
 osd_device_fini+0x11e/0x2a0 [osd_wbcfs]
 class_cleanup+0x1087/0x1a10 [obdclass]
 ? _raw_spin_unlock+0x23/0x30
 ? class_name2obd+0x168/0x1a0 [obdclass]
 class_process_config+0x1f22/0x7cb0 [obdclass]
 ? __kasan_kmalloc+0x72/0x80
 ? class_manual_cleanup+0xf58/0x2040 [obdclass]
 class_manual_cleanup+0x10d5/0x2040 [obdclass]
 ? class_disconnect+0x607/0x9e0 [obdclass]
 osd_obd_disconnect+0x17e/0x310 [osd_wbcfs]
 obd_disconnect+0x171/0x470 [obdclass]
 lustre_put_lsi+0x2cd/0xab0 [obdclass]
 server_put_super+0x3aea/0x52e0 [ptlrpc]
 ? do_raw_spin_unlock+0x52/0x230
 ? _raw_spin_unlock+0x23/0x30
 generic_shutdown_super+0xfd/0x310
 kill_anon_super+0x3d/0x70
 deactivate_locked_super+0x99/0x100
 cleanup_mnt+0x3dc/0x450
 task_work_run+0xfe/0x170
 exit_to_user_mode_loop+0x13d/0x470
 ? __x64_sys_umount+0x93/0xc0
 do_syscall_64+0x164/0x270
 entry_SYSCALL_64_after_hwframe+0x4b/0x53
RIP: 0033:0x559a9905daa6
Code: 00 00 4c 89 ff 4c 89 ee 0f 05 48 3d 00 f0 ff ff 0f 86 8f 00 00 00 4c 8b 74 24 08 eb 19 b8 a6 00 00 00 4c 89 ff 4c 89 ee 0f 05 <48> 3d 00 f0 ff ff 0f 86 90 00 00 00 89 c1 f7 d9 89 4c 24 2c 83 c0
RSP: 002b:00007ffcfaf4db20 EFLAGS: 00000246 ORIG_RAX: 00000000000000a6
RAX: 0000000000000000 RBX: 00007ffcfaf4dd48 RCX: 0000559a9905daa6
RDX: 000000000000000f RSI: 0000000000000003 RDI: 0000559aac9e9ae0
RBP: 8000000000000000 R08: 8080808080808080 R09: 0101010101010100
R10: 0000000000000000 R11: 0000000000000246 R12: 00007ffcfaf4dc50
R13: 0000000000000003 R14: 000000000000001b R15: 0000559aac9e9ae0
 </TASK>
---[ end trace 0000000000000000 ]---
------------[ cut here ]------------
BUG: Dentry 000000001bf3af8e{i=200000003000003,n=nodemap}  still in use (1) [unmount of wbcfs wbcfs]
WARNING: fs/dcache.c:1648 at umount_check+0x7c/0x1b0, CPU#4: lustre-ktest/1081
Modules linked in: mgs(O) osd_wbcfs(O) lustre(O) obdecho(O) mgc(O) mdc(O) lov(O) osc(O) lmv(O) ec(O) fid(O) fld(O) ptlrpc(O) obdclass(O) ksocklnd(O) lnet(O) libcfs(O) efivarfs
CPU: 4 UID: 0 PID: 1081 Comm: lustre-ktest Tainted: G        W  O        6.19.0-ktest-fb4cdab3e5-20260610 #1 NONE 
Tainted: [W]=WARN, [O]=OOT_MODULE
Hardware name: QEMU Standard PC (Q35 + ICH9, 2009), BIOS 2025.11-3ubuntu7 03/31/2026
RIP: 0010:umount_check+0x157/0x1b0
Code: 3c 28 00 74 08 4c 89 e7 e8 36 9c f6 ff 4d 8b 0c 24 49 81 c6 38 06 00 00 48 8b 3c 24 48 89 de 4c 89 fa 48 89 d9 41 89 e8 41 56 <67> 48 0f b9 3a 48 83 c4 08 31 c0 48 83 c4 08 5b 41 5c 41 5d 41 5e
RSP: 0018:ffffc90002f17538 EFLAGS: 00010282
RAX: 1ffffffff42f8928 RBX: ffff888134dfe050 RCX: ffff888134dfe050
RDX: 0200000003000003 RSI: ffff888134dfe050 RDI: ffffffff83dd93b0
RBP: 0000000000000001 R08: 0000000000000001 R09: ffffffffa17d6a40
R10: dffffc0000000000 R11: fffff520005e2ea8 R12: ffffffffa17c4940
R13: dffffc0000000000 R14: ffff88813c538638 R15: 0200000003000003
FS:  00007f5265dec7c0(0000) GS:ffff88831e8fe000(0000) knlGS:0000000000000000
CS:  0010 DS: 0000 ES: 0000 CR0: 0000000080050033
CR2: 0000559a98fd5c9e CR3: 000000016201b000 CR4: 0000000000750eb0
PKRU: 55555554
Call Trace:
 <TASK>
 ? select_collect2+0x170/0x170
 d_walk+0x293/0x450
 do_one_tree+0x37/0x130
 shrink_dcache_for_umount+0x7c/0x110
 generic_shutdown_super+0x65/0x310
 kill_anon_super+0x3d/0x70
 deactivate_locked_super+0x99/0x100
 cleanup_mnt+0x3dc/0x450
 mntput_no_expire_slowpath+0x7ca/0x8d0
 ? osd_umount+0x108/0x260 [osd_wbcfs]
 osd_umount+0x108/0x260 [osd_wbcfs]
 osd_device_fini+0x11e/0x2a0 [osd_wbcfs]
 class_cleanup+0x1087/0x1a10 [obdclass]
 ? _raw_spin_unlock+0x23/0x30
 ? class_name2obd+0x168/0x1a0 [obdclass]
 class_process_config+0x1f22/0x7cb0 [obdclass]
 ? __kasan_kmalloc+0x72/0x80
 ? class_manual_cleanup+0xf58/0x2040 [obdclass]
 class_manual_cleanup+0x10d5/0x2040 [obdclass]
 ? class_disconnect+0x607/0x9e0 [obdclass]
 osd_obd_disconnect+0x17e/0x310 [osd_wbcfs]
 obd_disconnect+0x171/0x470 [obdclass]
 lustre_put_lsi+0x2cd/0xab0 [obdclass]
 server_put_super+0x3aea/0x52e0 [ptlrpc]
 ? do_raw_spin_unlock+0x52/0x230
 ? _raw_spin_unlock+0x23/0x30
 generic_shutdown_super+0xfd/0x310
 kill_anon_super+0x3d/0x70
 deactivate_locked_super+0x99/0x100
 cleanup_mnt+0x3dc/0x450
 task_work_run+0xfe/0x170
 exit_to_user_mode_loop+0x13d/0x470
 ? __x64_sys_umount+0x93/0xc0
 do_syscall_64+0x164/0x270
 entry_SYSCALL_64_after_hwframe+0x4b/0x53
RIP: 0033:0x559a9905daa6
Code: 00 00 4c 89 ff 4c 89 ee 0f 05 48 3d 00 f0 ff ff 0f 86 8f 00 00 00 4c 8b 74 24 08 eb 19 b8 a6 00 00 00 4c 89 ff 4c 89 ee 0f 05 <48> 3d 00 f0 ff ff 0f 86 90 00 00 00 89 c1 f7 d9 89 4c 24 2c 83 c0
RSP: 002b:00007ffcfaf4db20 EFLAGS: 00000246 ORIG_RAX: 00000000000000a6
RAX: 0000000000000000 RBX: 00007ffcfaf4dd48 RCX: 0000559a9905daa6
RDX: 000000000000000f RSI: 0000000000000003 RDI: 0000559aac9e9ae0
RBP: 8000000000000000 R08: 8080808080808080 R09: 0101010101010100
R10: 0000000000000000 R11: 0000000000000246 R12: 00007ffcfaf4dc50
R13: 0000000000000003 R14: 000000000000001b R15: 0000559aac9e9ae0
 </TASK>
---[ end trace 0000000000000000 ]---
------------[ cut here ]------------
VFS: Busy inodes after unmount of wbcfs (wbcfs)
WARNING: fs/super.c:653 at generic_shutdown_super+0x12d/0x310, CPU#4: lustre-ktest/1081
Modules linked in: mgs(O) osd_wbcfs(O) lustre(O) obdecho(O) mgc(O) mdc(O) lov(O) osc(O) lmv(O) ec(O) fid(O) fld(O) ptlrpc(O) obdclass(O) ksocklnd(O) lnet(O) libcfs(O) efivarfs
CPU: 4 UID: 0 PID: 1081 Comm: lustre-ktest Tainted: G        W  O        6.19.0-ktest-fb4cdab3e5-20260610 #1 NONE 
Tainted: [W]=WARN, [O]=OOT_MODULE
Hardware name: QEMU Standard PC (Q35 + ICH9, 2009), BIOS 2025.11-3ubuntu7 03/31/2026
RIP: 0010:generic_shutdown_super+0x174/0x310
Code: 06 00 00 4d 8b 6d 00 4c 89 e8 48 c1 e8 03 80 3c 28 00 74 0f 4c 89 ef e8 2a 35 fb ff 48 8d b3 38 06 00 00 49 8b 55 00 4c 89 ff <67> 48 0f b9 3a 4c 8d bb 80 08 00 00 4c 89 ff e8 58 32 1a 01 41 80
RSP: 0018:ffffc90002f17638 EFLAGS: 00010246
RAX: 1ffffffff42f8928 RBX: ffff88813c538000 RCX: ffff8882a2e36600
RDX: ffffffffa17d6a40 RSI: ffff88813c538638 RDI: ffffffff83dd8a30
RBP: dffffc0000000000 R08: ffffffff83bbde33 R09: 1ffffffff0777bc6
R10: dffffc0000000000 R11: fffffbfff0777bc7 R12: 1ffff110278a7118
R13: ffffffffa17c4940 R14: ffff88813c5388c0 R15: ffffffff83dd8a30
FS:  00007f5265dec7c0(0000) GS:ffff88831e8fe000(0000) knlGS:0000000000000000
CS:  0010 DS: 0000 ES: 0000 CR0: 0000000080050033
CR2: 0000559a98fd5c9e CR3: 000000016201b000 CR4: 0000000000750eb0
PKRU: 55555554
Call Trace:
 <TASK>
 kill_anon_super+0x3d/0x70
 deactivate_locked_super+0x99/0x100
 cleanup_mnt+0x3dc/0x450
 mntput_no_expire_slowpath+0x7ca/0x8d0
 ? osd_umount+0x108/0x260 [osd_wbcfs]
 osd_umount+0x108/0x260 [osd_wbcfs]
 osd_device_fini+0x11e/0x2a0 [osd_wbcfs]
 class_cleanup+0x1087/0x1a10 [obdclass]
 ? _raw_spin_unlock+0x23/0x30
 ? class_name2obd+0x168/0x1a0 [obdclass]
 class_process_config+0x1f22/0x7cb0 [obdclass]
 ? __kasan_kmalloc+0x72/0x80
 ? class_manual_cleanup+0xf58/0x2040 [obdclass]
 class_manual_cleanup+0x10d5/0x2040 [obdclass]
 ? class_disconnect+0x607/0x9e0 [obdclass]
 osd_obd_disconnect+0x17e/0x310 [osd_wbcfs]
 obd_disconnect+0x171/0x470 [obdclass]
 lustre_put_lsi+0x2cd/0xab0 [obdclass]
 server_put_super+0x3aea/0x52e0 [ptlrpc]
 ? do_raw_spin_unlock+0x52/0x230
 ? _raw_spin_unlock+0x23/0x30
 generic_shutdown_super+0xfd/0x310
 kill_anon_super+0x3d/0x70
 deactivate_locked_super+0x99/0x100
 cleanup_mnt+0x3dc/0x450
 task_work_run+0xfe/0x170
 exit_to_user_mode_loop+0x13d/0x470
 ? __x64_sys_umount+0x93/0xc0
 do_syscall_64+0x164/0x270
 entry_SYSCALL_64_after_hwframe+0x4b/0x53
RIP: 0033:0x559a9905daa6
Code: 00 00 4c 89 ff 4c 89 ee 0f 05 48 3d 00 f0 ff ff 0f 86 8f 00 00 00 4c 8b 74 24 08 eb 19 b8 a6 00 00 00 4c 89 ff 4c 89 ee 0f 05 <48> 3d 00 f0 ff ff 0f 86 90 00 00 00 89 c1 f7 d9 89 4c 24 2c 83 c0
RSP: 002b:00007ffcfaf4db20 EFLAGS: 00000246 ORIG_RAX: 00000000000000a6
RAX: 0000000000000000 RBX: 00007ffcfaf4dd48 RCX: 0000559a9905daa6
RDX: 000000000000000f RSI: 0000000000000003 RDI: 0000559aac9e9ae0
RBP: 8000000000000000 R08: 8080808080808080 R09: 0101010101010100
R10: 0000000000000000 R11: 0000000000000246 R12: 00007ffcfaf4dc50
R13: 0000000000000003 R14: 000000000000001b R15: 0000559aac9e9ae0
 </TASK>
---[ end trace 0000000000000000 ]---
Lustre: server umount MGS0000 complete
[32mPASS[0m
Removed directory: /mnt/lustre-Df83ue-MGS0000

========= PASSED mgs-setup in 10s

Passed: mgs-setup
Failed: 
NOTICE: Automounting of tracing to debugfs is deprecated and will be removed in 2030
Kernel version: 6.19.0-ktest-fb4cdab3e5-20260610
TEST SUCCESS
sysrq: Power Off
