CLI: ./podman-ktest --podman-socket unix:///run/podman/podman.sock --shared-filesystem /tmp --tarball-input job lustre-ci --output /var/www/ci-lustre/upstream-patch-review --git-hash fb75a2cbd3918d7259b453b0996e23a06dd0e976 --change-id 63104_fb75a2cbd3918d7259b453b0996e23a06dd0e976 --subject LU-19179 build: remove all pre 3.13 kernel support

  Checking /dev/kvm exists... OK
  Checking /dev/kvm permissions... OK
  Creating ccache directory... OK
  Checking ccache directory writable... OK

Environment validated successfully
Creating kernel tarball at /tmp/ktest-kernel.tar.gz...
Creating lustre tarball at /tmp/ktest-lustre.tar.gz...
Executing 16 jobs
Jobs will start as soon as their dependencies are satisfied
Using tarball input mode

START checkpatch tool checkpatch
START lustre_u24 build tests/fs/lustre/boot.ktest
START lustre_mainline build tests/fs/lustre/boot.ktest
START lustre_al2023 build tests/fs/lustre/boot.ktest
START lustre_mainline_native build tests/fs/lustre/boot.ktest
START lustre_mainline_strict build tests/fs/lustre/boot-strict.ktest
PUT /tmp/ktest-kernel.tar.gz 9s
PUT /tmp/ktest-kernel.tar.gz 9s
PUT /tmp/ktest-kernel.tar.gz 9s
PUT /tmp/ktest-kernel.tar.gz 9s
PUT /tmp/ktest-kernel.tar.gz 9s
PUT /tmp/ktest-kernel.tar.gz 9s
PUT /tmp/ktest-lustre.tar.gz 7s
PUT /tmp/ktest-lustre.tar.gz 7s
PUT /tmp/ktest-lustre.tar.gz 7s
PUT /tmp/ktest-lustre.tar.gz 7s
PUT /tmp/ktest-lustre.tar.gz 8s
PUT /tmp/ktest-lustre.tar.gz 8s
END checkpatch tool checkpatch PASS 20s
END lustre_u24 build tests/fs/lustre/boot.ktest PASS 84s
END lustre_al2023 build tests/fs/lustre/boot.ktest PASS 87s
GET /tmp/ktest_lustre_mainline_strict_npkxssct.tar 4s
END lustre_mainline_strict build tests/fs/lustre/boot-strict.ktest FAIL 157s (exit code: 1)
GET /tmp/ktest_lustre_mainline_kxfa3glo.tar 3s
GET /tmp/ktest_lustre_mainline_native_1149mj0j.tar 3s
END lustre_mainline build tests/fs/lustre/boot.ktest PASS 176s
END lustre_mainline_native build tests/fs/lustre/boot.ktest PASS 177s
START clang-tidy tool clang-tidy
START cc-plugin tool cc-plugin
START boot run tests/fs/lustre/boot.ktest
START llmount run tests/fs/lustre/llmount.ktest
START llog-unit run tests/fs/lustre/llog-unit.ktest
START mgs-setup run tests/fs/lustre/mgs-setup.ktest
START sanity-1 run tests/fs/lustre/sanity/sanity-1.ktest
START sanity-2 run tests/fs/lustre/sanity/sanity-2.ktest
START sanity-3 run tests/fs/lustre/sanity/sanity-3.ktest
START sanity-4 run tests/fs/lustre/sanity/sanity-4.ktest
PUT /tmp/ktest-kernel.tar.gz 27s
PUT /tmp/ktest_lustre_mainline_native_1149mj0j.tar 34s
PUT /tmp/ktest_lustre_mainline_native_1149mj0j.tar 34s
PUT /tmp/ktest_lustre_mainline_native_1149mj0j.tar 34s
PUT /tmp/ktest-kernel.tar.gz 35s
PUT /tmp/ktest_lustre_mainline_native_1149mj0j.tar 35s
PUT /tmp/ktest_lustre_mainline_native_1149mj0j.tar 34s
PUT /tmp/ktest_lustre_mainline_native_1149mj0j.tar 34s
PUT /tmp/ktest_lustre_mainline_native_1149mj0j.tar 35s
PUT /tmp/ktest_lustre_mainline_native_1149mj0j.tar 34s
PUT /tmp/ktest-lustre.tar.gz 94s
PUT /tmp/ktest-lustre.tar.gz 86s
PUT /tmp/ktest_lustre_mainline_native_1149mj0j.tar 20s
PUT /tmp/ktest_lustre_mainline_native_1149mj0j.tar 20s
END boot run tests/fs/lustre/boot.ktest PASS 143s
END cc-plugin tool cc-plugin FAIL 145s (exit code: 127)
END mgs-setup run tests/fs/lustre/mgs-setup.ktest PASS 150s
END sanity-2 run tests/fs/lustre/sanity/sanity-2.ktest PASS 168s
END clang-tidy tool clang-tidy PASS 170s
END sanity-3 run tests/fs/lustre/sanity/sanity-3.ktest PASS 180s
END sanity-4 run tests/fs/lustre/sanity/sanity-4.ktest PASS 190s
END sanity-1 run tests/fs/lustre/sanity/sanity-1.ktest PASS 199s
END llog-unit run tests/fs/lustre/llog-unit.ktest PASS 250s
END llmount run tests/fs/lustre/llmount.ktest PASS 257s

============================================================
Final Results:
  checkpatch: PASS (20s) (log: /var/www/ci-lustre/upstream-patch-review/fb75a2cbd3918d7259b453b0996e23a06dd0e976_checkpatch.log)
  lustre_u24: PASS (84s) (log: /var/www/ci-lustre/upstream-patch-review/fb75a2cbd3918d7259b453b0996e23a06dd0e976_lustre_u24.log)
  lustre_al2023: PASS (87s) (log: /var/www/ci-lustre/upstream-patch-review/fb75a2cbd3918d7259b453b0996e23a06dd0e976_lustre_al2023.log)
  lustre_mainline_strict: FAIL (157s) (log: /var/www/ci-lustre/upstream-patch-review/fb75a2cbd3918d7259b453b0996e23a06dd0e976_lustre_mainline_strict.log)
  lustre_mainline: PASS (176s) (log: /var/www/ci-lustre/upstream-patch-review/fb75a2cbd3918d7259b453b0996e23a06dd0e976_lustre_mainline.log)
  lustre_mainline_native: PASS (177s) (log: /var/www/ci-lustre/upstream-patch-review/fb75a2cbd3918d7259b453b0996e23a06dd0e976_lustre_mainline_native.log)
  clang-tidy: PASS (170s) (log: /var/www/ci-lustre/upstream-patch-review/fb75a2cbd3918d7259b453b0996e23a06dd0e976_clang-tidy.log)
  cc-plugin: FAIL (145s) (log: /var/www/ci-lustre/upstream-patch-review/fb75a2cbd3918d7259b453b0996e23a06dd0e976_cc-plugin.log)
  boot: PASS (143s) (log: /var/www/ci-lustre/upstream-patch-review/fb75a2cbd3918d7259b453b0996e23a06dd0e976_boot.log)
  llmount: PASS (257s) (log: /var/www/ci-lustre/upstream-patch-review/fb75a2cbd3918d7259b453b0996e23a06dd0e976_llmount.log)
  llog-unit: PASS (250s) (log: /var/www/ci-lustre/upstream-patch-review/fb75a2cbd3918d7259b453b0996e23a06dd0e976_llog-unit.log)
  mgs-setup: PASS (150s) (log: /var/www/ci-lustre/upstream-patch-review/fb75a2cbd3918d7259b453b0996e23a06dd0e976_mgs-setup.log)
  sanity-1: PASS (199s) (log: /var/www/ci-lustre/upstream-patch-review/fb75a2cbd3918d7259b453b0996e23a06dd0e976_sanity-1.log)
  sanity-2: PASS (168s) (log: /var/www/ci-lustre/upstream-patch-review/fb75a2cbd3918d7259b453b0996e23a06dd0e976_sanity-2.log)
  sanity-3: PASS (180s) (log: /var/www/ci-lustre/upstream-patch-review/fb75a2cbd3918d7259b453b0996e23a06dd0e976_sanity-3.log)
  sanity-4: PASS (190s) (log: /var/www/ci-lustre/upstream-patch-review/fb75a2cbd3918d7259b453b0996e23a06dd0e976_sanity-4.log)

Total execution time: 466s
