CLI: ./podman-ktest --podman-socket unix:///run/podman/podman.sock --shared-filesystem /tmp --tarball-input job lustre-ci --output /var/www/ci-lustre/upstream-patch-review --git-hash fbf9ba016dbd88df151bb4be8ea6dd4036157e6e --change-id 63479_fbf9ba016dbd88df151bb4be8ea6dd4036157e6e --subject LU-13932 ldiskfs: mmp wait time adjustments

  Checking /dev/kvm exists... OK
  Checking /dev/kvm permissions... OK
  Creating ccache directory... OK
  Checking ccache directory writable... OK

Environment validated successfully
Creating kernel tarball at /tmp/ktest-kernel.tar.gz...
Creating lustre tarball at /tmp/ktest-lustre.tar.gz...
Executing 16 jobs
Jobs will start as soon as their dependencies are satisfied
Using tarball input mode

START checkpatch tool checkpatch
START lustre_mainline_strict build tests/fs/lustre/boot-strict.ktest
START lustre_u24 build tests/fs/lustre/boot.ktest
START lustre_mainline build tests/fs/lustre/boot.ktest
START lustre_al2023 build tests/fs/lustre/boot.ktest
START lustre_mainline_native build tests/fs/lustre/boot.ktest
PUT /tmp/ktest-kernel.tar.gz 14s
PUT /tmp/ktest-kernel.tar.gz 14s
PUT /tmp/ktest-kernel.tar.gz 14s
PUT /tmp/ktest-kernel.tar.gz 15s
PUT /tmp/ktest-kernel.tar.gz 15s
PUT /tmp/ktest-kernel.tar.gz 15s
PUT /tmp/ktest-lustre.tar.gz 4s
PUT /tmp/ktest-lustre.tar.gz 4s
PUT /tmp/ktest-lustre.tar.gz 3s
PUT /tmp/ktest-lustre.tar.gz 3s
PUT /tmp/ktest-lustre.tar.gz 4s
PUT /tmp/ktest-lustre.tar.gz 4s
END checkpatch tool checkpatch FAIL 21s (exit code: 1)
END lustre_u24 build tests/fs/lustre/boot.ktest PASS 88s
END lustre_al2023 build tests/fs/lustre/boot.ktest PASS 90s
GET /tmp/ktest_lustre_mainline_strict_2dh7s5pi.tar 4s
END lustre_mainline_strict build tests/fs/lustre/boot-strict.ktest FAIL 132s (exit code: 1)
GET /tmp/ktest_lustre_mainline_ueo7ri1i.tar 3s
GET /tmp/ktest_lustre_mainline_native_ghk4cqa4.tar 3s
END lustre_mainline build tests/fs/lustre/boot.ktest PASS 151s
END lustre_mainline_native build tests/fs/lustre/boot.ktest PASS 152s
START clang-tidy tool clang-tidy
START cc-plugin tool cc-plugin
START boot run tests/fs/lustre/boot.ktest
START llmount run tests/fs/lustre/llmount.ktest
START llog-unit run tests/fs/lustre/llog-unit.ktest
START mgs-setup run tests/fs/lustre/mgs-setup.ktest
START sanity-1 run tests/fs/lustre/sanity/sanity-1.ktest
START sanity-2 run tests/fs/lustre/sanity/sanity-2.ktest
START sanity-3 run tests/fs/lustre/sanity/sanity-3.ktest
START sanity-4 run tests/fs/lustre/sanity/sanity-4.ktest
PUT /tmp/ktest-kernel.tar.gz 33s
PUT /tmp/ktest-kernel.tar.gz 47s
PUT /tmp/ktest_lustre_mainline_native_ghk4cqa4.tar 47s
PUT /tmp/ktest_lustre_mainline_native_ghk4cqa4.tar 46s
PUT /tmp/ktest_lustre_mainline_native_ghk4cqa4.tar 47s
PUT /tmp/ktest_lustre_mainline_native_ghk4cqa4.tar 47s
PUT /tmp/ktest_lustre_mainline_native_ghk4cqa4.tar 46s
PUT /tmp/ktest_lustre_mainline_native_ghk4cqa4.tar 46s
PUT /tmp/ktest_lustre_mainline_native_ghk4cqa4.tar 46s
PUT /tmp/ktest_lustre_mainline_native_ghk4cqa4.tar 47s
PUT /tmp/ktest-lustre.tar.gz 99s
PUT /tmp/ktest-lustre.tar.gz 87s
PUT /tmp/ktest_lustre_mainline_native_ghk4cqa4.tar 18s
PUT /tmp/ktest_lustre_mainline_native_ghk4cqa4.tar 19s
END boot run tests/fs/lustre/boot.ktest PASS 153s
END cc-plugin tool cc-plugin FAIL 156s (exit code: 127)
END clang-tidy tool clang-tidy PASS 171s
END sanity-2 run tests/fs/lustre/sanity/sanity-2.ktest PASS 175s
END sanity-4 run tests/fs/lustre/sanity/sanity-4.ktest PASS 176s
END sanity-1 run tests/fs/lustre/sanity/sanity-1.ktest PASS 177s
END mgs-setup run tests/fs/lustre/mgs-setup.ktest PASS 179s
END sanity-3 run tests/fs/lustre/sanity/sanity-3.ktest PASS 193s
END llmount run tests/fs/lustre/llmount.ktest PASS 258s
END llog-unit run tests/fs/lustre/llog-unit.ktest PASS 271s

============================================================
Final Results:
  checkpatch: FAIL (21s) (log: /var/www/ci-lustre/upstream-patch-review/fbf9ba016dbd88df151bb4be8ea6dd4036157e6e_checkpatch.log)
  lustre_u24: PASS (88s) (log: /var/www/ci-lustre/upstream-patch-review/fbf9ba016dbd88df151bb4be8ea6dd4036157e6e_lustre_u24.log)
  lustre_al2023: PASS (90s) (log: /var/www/ci-lustre/upstream-patch-review/fbf9ba016dbd88df151bb4be8ea6dd4036157e6e_lustre_al2023.log)
  lustre_mainline_strict: FAIL (132s) (log: /var/www/ci-lustre/upstream-patch-review/fbf9ba016dbd88df151bb4be8ea6dd4036157e6e_lustre_mainline_strict.log)
  lustre_mainline: PASS (151s) (log: /var/www/ci-lustre/upstream-patch-review/fbf9ba016dbd88df151bb4be8ea6dd4036157e6e_lustre_mainline.log)
  lustre_mainline_native: PASS (152s) (log: /var/www/ci-lustre/upstream-patch-review/fbf9ba016dbd88df151bb4be8ea6dd4036157e6e_lustre_mainline_native.log)
  clang-tidy: PASS (171s) (log: /var/www/ci-lustre/upstream-patch-review/fbf9ba016dbd88df151bb4be8ea6dd4036157e6e_clang-tidy.log)
  cc-plugin: FAIL (156s) (log: /var/www/ci-lustre/upstream-patch-review/fbf9ba016dbd88df151bb4be8ea6dd4036157e6e_cc-plugin.log)
  boot: PASS (153s) (log: /var/www/ci-lustre/upstream-patch-review/fbf9ba016dbd88df151bb4be8ea6dd4036157e6e_boot.log)
  llmount: PASS (258s) (log: /var/www/ci-lustre/upstream-patch-review/fbf9ba016dbd88df151bb4be8ea6dd4036157e6e_llmount.log)
  llog-unit: PASS (271s) (log: /var/www/ci-lustre/upstream-patch-review/fbf9ba016dbd88df151bb4be8ea6dd4036157e6e_llog-unit.log)
  mgs-setup: PASS (179s) (log: /var/www/ci-lustre/upstream-patch-review/fbf9ba016dbd88df151bb4be8ea6dd4036157e6e_mgs-setup.log)
  sanity-1: PASS (177s) (log: /var/www/ci-lustre/upstream-patch-review/fbf9ba016dbd88df151bb4be8ea6dd4036157e6e_sanity-1.log)
  sanity-2: PASS (175s) (log: /var/www/ci-lustre/upstream-patch-review/fbf9ba016dbd88df151bb4be8ea6dd4036157e6e_sanity-2.log)
  sanity-3: PASS (193s) (log: /var/www/ci-lustre/upstream-patch-review/fbf9ba016dbd88df151bb4be8ea6dd4036157e6e_sanity-3.log)
  sanity-4: PASS (176s) (log: /var/www/ci-lustre/upstream-patch-review/fbf9ba016dbd88df151bb4be8ea6dd4036157e6e_sanity-4.log)

Total execution time: 454s
