CLI: ./podman-ktest --podman-socket unix:///run/podman/podman.sock --shared-filesystem /tmp --tarball-input job lustre-ci --output /var/www/ci-lustre/upstream-patch-review --git-hash fcf04730b6e2d9b823df9192237396abcd6a8abb --change-id 53190_fcf04730b6e2d9b823df9192237396abcd6a8abb --subject LU-15372 mdd: Add projid in Changelog

  Checking /dev/kvm exists... OK
  Checking /dev/kvm permissions... OK
  Creating ccache directory... OK
  Checking ccache directory writable... OK

Environment validated successfully
Creating kernel tarball at /tmp/ktest-kernel.tar.gz...
Creating lustre tarball at /tmp/ktest-lustre.tar.gz...
Executing 16 jobs
Jobs will start as soon as their dependencies are satisfied
Using tarball input mode

START lustre_mainline build tests/fs/lustre/boot.ktest
START checkpatch tool checkpatch
START lustre_mainline_strict build tests/fs/lustre/boot-strict.ktest
START lustre_mainline_native build tests/fs/lustre/boot.ktest
START u24 build tests/fs/lustre/boot.ktest
START al2023 build tests/fs/lustre/boot.ktest
PUT /tmp/ktest-kernel.tar.gz 8s
PUT /tmp/ktest-kernel.tar.gz 8s
PUT /tmp/ktest-kernel.tar.gz 8s
PUT /tmp/ktest-kernel.tar.gz 9s
PUT /tmp/ktest-kernel.tar.gz 9s
PUT /tmp/ktest-kernel.tar.gz 9s
PUT /tmp/ktest-lustre.tar.gz 2s
PUT /tmp/ktest-lustre.tar.gz 2s
PUT /tmp/ktest-lustre.tar.gz 2s
PUT /tmp/ktest-lustre.tar.gz 2s
PUT /tmp/ktest-lustre.tar.gz 1s
PUT /tmp/ktest-lustre.tar.gz 2s
END checkpatch tool checkpatch FAIL 14s (exit code: 1)
END al2023 build tests/fs/lustre/boot.ktest PASS 66s
END u24 build tests/fs/lustre/boot.ktest PASS 70s
GET /tmp/ktest_lustre_mainline_strict_9dfaaff8.tar 5s
END lustre_mainline_strict build tests/fs/lustre/boot-strict.ktest FAIL 116s (exit code: 1)
GET /tmp/ktest_lustre_mainline_native_65t1mtdu.tar 4s
GET /tmp/ktest_lustre_mainline_iko90wyi.tar 4s
END lustre_mainline_native build tests/fs/lustre/boot.ktest PASS 119s
START clang-tidy tool clang-tidy
START cc-plugin tool cc-plugin
START boot run tests/fs/lustre/boot.ktest
START llmount run tests/fs/lustre/llmount.ktest
START llog-unit run tests/fs/lustre/llog-unit.ktest
START mgs-setup run tests/fs/lustre/mgs-setup.ktest
START sanity-1 run tests/fs/lustre/sanity/sanity-1.ktest
START sanity-2 run tests/fs/lustre/sanity/sanity-2.ktest
START sanity-3 run tests/fs/lustre/sanity/sanity-3.ktest
START sanity-4 run tests/fs/lustre/sanity/sanity-4.ktest
END lustre_mainline build tests/fs/lustre/boot.ktest PASS 120s
PUT /tmp/ktest-kernel.tar.gz 14s
PUT /tmp/ktest_lustre_mainline_native_65t1mtdu.tar 18s
PUT /tmp/ktest_lustre_mainline_native_65t1mtdu.tar 18s
PUT /tmp/ktest_lustre_mainline_native_65t1mtdu.tar 18s
PUT /tmp/ktest_lustre_mainline_native_65t1mtdu.tar 18s
PUT /tmp/ktest_lustre_mainline_native_65t1mtdu.tar 18s
PUT /tmp/ktest-kernel.tar.gz 18s
PUT /tmp/ktest_lustre_mainline_native_65t1mtdu.tar 18s
PUT /tmp/ktest_lustre_mainline_native_65t1mtdu.tar 18s
PUT /tmp/ktest_lustre_mainline_native_65t1mtdu.tar 18s
PUT /tmp/ktest-lustre.tar.gz 25s
PUT /tmp/ktest-lustre.tar.gz 33s
PUT /tmp/ktest_lustre_mainline_native_65t1mtdu.tar 11s
PUT /tmp/ktest_lustre_mainline_native_65t1mtdu.tar 7s
END cc-plugin tool cc-plugin FAIL 60s (exit code: 127)
END clang-tidy tool clang-tidy PASS 80s
END boot run tests/fs/lustre/boot.ktest PASS 82s
END mgs-setup run tests/fs/lustre/mgs-setup.ktest PASS 89s
END sanity-1 run tests/fs/lustre/sanity/sanity-1.ktest PASS 101s
END sanity-3 run tests/fs/lustre/sanity/sanity-3.ktest PASS 108s
END sanity-2 run tests/fs/lustre/sanity/sanity-2.ktest PASS 114s
END sanity-4 run tests/fs/lustre/sanity/sanity-4.ktest PASS 121s
END llmount run tests/fs/lustre/llmount.ktest PASS 158s
END llog-unit run tests/fs/lustre/llog-unit.ktest PASS 174s

============================================================
Final Results:
  checkpatch: FAIL (14s) (log: /var/www/ci-lustre/upstream-patch-review/fcf04730b6e2d9b823df9192237396abcd6a8abb_checkpatch.log)
  u24: PASS (70s) (log: /var/www/ci-lustre/upstream-patch-review/fcf04730b6e2d9b823df9192237396abcd6a8abb_u24.log)
  al2023: PASS (66s) (log: /var/www/ci-lustre/upstream-patch-review/fcf04730b6e2d9b823df9192237396abcd6a8abb_al2023.log)
  lustre_mainline_strict: FAIL (116s) (log: /var/www/ci-lustre/upstream-patch-review/fcf04730b6e2d9b823df9192237396abcd6a8abb_lustre_mainline_strict.log)
  lustre_mainline: PASS (120s) (log: /var/www/ci-lustre/upstream-patch-review/fcf04730b6e2d9b823df9192237396abcd6a8abb_lustre_mainline.log)
  lustre_mainline_native: PASS (119s) (log: /var/www/ci-lustre/upstream-patch-review/fcf04730b6e2d9b823df9192237396abcd6a8abb_lustre_mainline_native.log)
  clang-tidy: PASS (80s) (log: /var/www/ci-lustre/upstream-patch-review/fcf04730b6e2d9b823df9192237396abcd6a8abb_clang-tidy.log)
  cc-plugin: FAIL (60s) (log: /var/www/ci-lustre/upstream-patch-review/fcf04730b6e2d9b823df9192237396abcd6a8abb_cc-plugin.log)
  boot: PASS (82s) (log: /var/www/ci-lustre/upstream-patch-review/fcf04730b6e2d9b823df9192237396abcd6a8abb_boot.log)
  llmount: PASS (158s) (log: /var/www/ci-lustre/upstream-patch-review/fcf04730b6e2d9b823df9192237396abcd6a8abb_llmount.log)
  llog-unit: PASS (174s) (log: /var/www/ci-lustre/upstream-patch-review/fcf04730b6e2d9b823df9192237396abcd6a8abb_llog-unit.log)
  mgs-setup: PASS (89s) (log: /var/www/ci-lustre/upstream-patch-review/fcf04730b6e2d9b823df9192237396abcd6a8abb_mgs-setup.log)
  sanity-1: PASS (101s) (log: /var/www/ci-lustre/upstream-patch-review/fcf04730b6e2d9b823df9192237396abcd6a8abb_sanity-1.log)
  sanity-2: PASS (114s) (log: /var/www/ci-lustre/upstream-patch-review/fcf04730b6e2d9b823df9192237396abcd6a8abb_sanity-2.log)
  sanity-3: PASS (108s) (log: /var/www/ci-lustre/upstream-patch-review/fcf04730b6e2d9b823df9192237396abcd6a8abb_sanity-3.log)
  sanity-4: PASS (121s) (log: /var/www/ci-lustre/upstream-patch-review/fcf04730b6e2d9b823df9192237396abcd6a8abb_sanity-4.log)

Total execution time: 325s
