00001 
00001 RDSEED32 is broken. Disabling the corresponding CPUID bit.
00002 init: failed to load nvme_core
00002 init: failed to load nvme
00002 init: failed to load zfs
00003 LNetError: 1:0:(lib-socket.c:619:lnet_inet_enumerate()) lnet: Can't find any usable interfaces, rc = -ENOENT
00003 LNetError: Error -100 starting up LNI tcp
00003 LustreError: 1:0:(events.c:627:ptlrpc_init_portals()) network initialisation failed: rc = -100
00004 init: finit_module /lib/modules/7.0.0-ktest-fcfd32f-6330a45-20260713-dirty/updates/ptlrpc.ko: Network is down
00004 init: failed to load lustre
00004 init: failed to load osd_zfs
00004 init: failed to load iwlwifi
00004 init: failed to load iwlmvm
00004 init: failed to load mt7921e
00004 init: failed to load i915
00004 init: failed to load nouveau
00046 tlp: vm.laptop_mode is deprecated. Ignoring setting.
00046 Kernel version: 7.0.0-ktest-fcfd32f-6330a45-20260713-dirty
00046 hook init_noop
00046 
00046 Running tests llog-unit
00046 
00046 ========= TEST   llog-unit
00047 /host/home/ktest/git/lustre-release/lustre/tests/test-framework.sh: line 6934: cd: HOME not set
00047 /host/home/ktest/git/lustre-release/lustre/tests/test-framework.sh: line 6934: cd: HOME not set
00047 /host/home/ktest/git/lustre-release/lustre/tests/test-framework.sh: line 6934: cd: HOME not set
00049 MGS_OS_VERSION_ID=24.04
00049 MGS_OS_ID=ubuntu
00049 MGS_OS_VERSION_CODE=402915328
00049 MGS_OS_ID_LIKE=debian ubuntu
00049 MDS1_OS_ID=ubuntu
00049 MDS1_OS_VERSION_CODE=402915328
00049 MDS1_OS_ID_LIKE=debian ubuntu
00049 MDS1_OS_VERSION_ID=24.04
00049 OST1_OS_VERSION_ID=24.04
00049 OST1_OS_VERSION_CODE=402915328
00049 OST1_OS_ID=ubuntu
00049 OST1_OS_ID_LIKE=debian ubuntu
00049 CLIENT_OS_VERSION_ID=24.04
00049 CLIENT_OS_ID_LIKE=debian ubuntu
00049 CLIENT_OS_ID=ubuntu
00049 CLIENT_OS_VERSION_CODE=402915328
00050 Loading modules from /host/home/ktest/git/lustre-release/lustre
00050 detected 16 online CPUs by sysfs
00050 MODOPTS_LIBCFS=
00050 libcfs will create CPU partition based on online CPUs
00050 LNet: Added LNI 10.0.2.15@tcp [8/256/0/180]
00050 gss/krb5 is not supported
00051 Lustre: Echo OBD driver; http://www.lustre.org/
00051 
00051 
00051 /host/home/ktest/git/lustre-release/lustre/tests/test-framework.sh: line 6934: cd: HOME not set
00051 /host/home/ktest/git/lustre-release/lustre/tests/test-framework.sh: line 6934: cd: HOME not set
00052 /host/home/ktest/git/lustre-release/lustre/tests/test-framework.sh: line 6934: cd: HOME not set
00055 Lustre: DEBUG MARKER: Attempt llog unit tests
00055 Lustre: 2193:0:(llog_test.c:2809:llog_test_device_init()) Setup llog-test device over MGS device
00055 Lustre: 2193:0:(llog_test.c:98:llog_test_1()) 1a: create a log with name: 91985c7d
00055 Lustre: 2193:0:(llog_test.c:115:llog_test_1()) 1b: close newly-created log
00055 Lustre: 2193:0:(llog_test.c:146:llog_test_2()) 2a: re-open a log with name: 91985c7d
00055 Lustre: 2193:0:(llog_test.c:166:llog_test_2()) 2b: create a log without specified NAME & LOGID
00055 Lustre: 2193:0:(llog_test.c:184:llog_test_2()) 2b: write 1 llog records, check llh_count
00055 Lustre: 2193:0:(llog_test.c:197:llog_test_2()) 2c: re-open the log by LOGID and verify llh_count
00055 Lustre: 2193:0:(llog_test.c:244:llog_test_2()) 2d: destroy this log
00055 Lustre: 2193:0:(llog_test.c:402:llog_test_3()) 3a: write 1023 fixed-size llog records
00055 Lustre: 2193:0:(llog_test.c:366:llog_test3_process()) test3: processing records from index 501 to the end
00055 Lustre: 2193:0:(llog_test.c:376:llog_test3_process()) test3: total 525 records processed with 0 paddings
00055 Lustre: 2193:0:(llog_test.c:458:llog_test_3()) 3b: write 566 variable size llog records
00055 Lustre: 2193:0:(llog_test.c:529:llog_test_3()) 3c: write records with variable size until BITMAP_SIZE, return -ENOSPC
00057 Lustre: 2193:0:(llog_test.c:552:llog_test_3()) 3c: wrote 63962 more records before end of llog is reached
00057 Lustre: 2193:0:(llog_test.c:581:llog_test_4()) 4a: create a catalog log with name: 91985c7e
00057 Lustre: 2193:0:(llog_test.c:596:llog_test_4()) 4b: write 1 record into the catalog
00057 Lustre: 2193:0:(llog_test.c:623:llog_test_4()) 4c: cancel 1 log record
00057 Lustre: 2193:0:(llog_test.c:635:llog_test_4()) 4d: write 64767 more log records
00059 Lustre: 2193:0:(llog_test.c:651:llog_test_4()) 4e: add 5 large records, one record per block
00060 Lustre: 2193:0:(llog_test.c:671:llog_test_4()) 4f: put newly-created catalog
00060 Lustre: 2193:0:(llog_test.c:770:llog_test_5()) 5a: re-open catalog by id
00060 Lustre: 2193:0:(llog_test.c:783:llog_test_5()) 5b: print the catalog entries.. we expect 2
00060 Lustre: 2199:0:(llog_test.c:700:cat_print_cb()) seeing record at index 1 - [0x1:0x3:0x0] in log [0xa:0x4:0x0]
00060 Lustre: 2193:0:(llog_test.c:795:llog_test_5()) 5c: Cancel 64767 records, see one log zapped
00062 Lustre: 2193:0:(llog_test.c:803:llog_test_5()) 5c: print the catalog entries.. we expect 1
00062 Lustre: 2200:0:(llog_test.c:700:cat_print_cb()) seeing record at index 2 - [0x1:0x4:0x0] in log [0xa:0x4:0x0]
00062 Lustre: 2200:0:(llog_test.c:700:cat_print_cb()) Skipped 1 previous similar message
00062 Lustre: 2193:0:(llog_test.c:815:llog_test_5()) 5d: add 1 record to the log with many canceled empty pages
00062 Lustre: 2193:0:(llog_test.c:822:llog_test_5()) 5e: print plain log entries.. expect 6
00062 Lustre: 2193:0:(llog_test.c:834:llog_test_5()) 5f: print plain log entries reversely.. expect 6
00062 Lustre: 2193:0:(llog_test.c:848:llog_test_5()) 5g: close re-opened catalog
00062 Lustre: 2193:0:(llog_test.c:878:llog_test_6()) 6a: re-open log 91985c7d using client API
00062 Lustre: MGS: non-config logname received: 91985c7d
00062 Lustre: 2193:0:(llog_test.c:910:llog_test_6()) 6b: process log 91985c7d using client API
00062 Lustre: 2193:0:(llog_test.c:914:llog_test_6()) 6b: processed 63962 records
00062 Lustre: 2193:0:(llog_test.c:921:llog_test_6()) 6c: process log 91985c7d reversely using client API
00062 Lustre: 2193:0:(llog_test.c:925:llog_test_6()) 6c: processed 63962 records
00062 Lustre: 2193:0:(llog_test.c:1073:llog_test_7()) 7a: test llog_logid_rec
00066 Lustre: 2193:0:(llog_test.c:1084:llog_test_7()) 7b: test llog_unlink64_rec
00070 Lustre: 2193:0:(llog_test.c:1095:llog_test_7()) 7c: test llog_setattr64_rec
00075 Lustre: 2193:0:(llog_test.c:1106:llog_test_7()) 7d: test llog_size_change_rec
00079 Lustre: 2193:0:(llog_test.c:1117:llog_test_7()) 7e: test llog_changelog_rec
00082 Lustre: 2193:0:(llog_test.c:1024:llog_test_7_sub()) 7_sub: records are not aligned, written 64071 from 64767
00084 Lustre: 2193:0:(llog_test.c:1129:llog_test_7()) 7f: test llog_changelog_user_rec2
00086 Lustre: 2193:0:(llog_test.c:1024:llog_test_7_sub()) 7_sub: records are not aligned, written 64139 from 64767
00088 Lustre: 2193:0:(llog_test.c:1140:llog_test_7()) 7g: test llog_gen_rec
00092 Lustre: 2193:0:(llog_test.c:1151:llog_test_7()) 7h: test llog_setattr64_rec_v2
00095 Lustre: 2193:0:(llog_test.c:1024:llog_test_7_sub()) 7_sub: records are not aligned, written 64071 from 64767
00096 Lustre: 2193:0:(llog_test.c:1261:llog_test_8()) 8a: fill the first plain llog
00096 Lustre: 2193:0:(llog_test.c:1290:llog_test_8()) 8b: first llog [0x1:0x10:0x0]
00096 Lustre: 2193:0:(llog_test.c:1306:llog_test_8()) 8b: fill the second plain llog
00096 Lustre: 2193:0:(llog_test.c:1330:llog_test_8()) 8b: pin llog [0x1:0x12:0x0]
00096 Lustre: 2193:0:(llog_test.c:1333:llog_test_8()) 8b: clean first llog record in catalog
00096 Lustre: 2193:0:(llog_test.c:1344:llog_test_8()) 8c: corrupt first chunk in the middle
00096 Lustre: 2193:0:(llog_test.c:1347:llog_test_8()) 8c: corrupt second chunk at start
00096 Lustre: 2193:0:(llog_test.c:1350:llog_test_8()) 8d: count survived records
00096 Lustre: 2193:0:(llog_test.c:1380:llog_test_8()) 8d: close re-opened catalog
00096 Lustre: 2193:0:(llog_test.c:1441:llog_test_9()) 9a: test llog_logid_rec
00096 Lustre: 2193:0:(llog_test.c:1425:llog_test_9_sub()) 9_sub: record type 1064553b in log 0x1:0x14:0x0
00096 Lustre: 2193:0:(llog_test.c:1452:llog_test_9()) 9b: test llog_obd_cfg_rec
00096 Lustre: 2193:0:(llog_test.c:1463:llog_test_9()) 9c: test llog_changelog_rec
00096 Lustre: 2193:0:(llog_test.c:1475:llog_test_9()) 9d: test llog_changelog_user_rec2
00096 Lustre: 2193:0:(llog_test.c:1576:llog_test_10()) 10a: create a catalog log with name: 91985c7f
00096 Lustre: 2193:0:(llog_test.c:1608:llog_test_10()) 10b: write 64767 log records
00099 Lustre: 2193:0:(llog_test.c:1634:llog_test_10()) 10c: write 129534 more log records
00104 Lustre: 2193:0:(llog_test.c:1666:llog_test_10()) 10c: write 64767 more log records
00107 Lustre: 2193:0:(llog_cat_server.c:70:llog_cat_new_log()) MGS: there are no more free slots in catalog 91985c7f
00107 LustreError: 2193:0:(llog_cat_server.c:483:llog_cat_add_rec()) MGS: initialization error: rc = -28
00107 Lustre: 2193:0:(llog_test.c:1692:llog_test_10()) 10c: wrote 64011 records then 756 failed with ENOSPC
00107 Lustre: 2193:0:(llog_test.c:1711:llog_test_10()) 10d: Cancel 64767 records, see one log zapped
00109 Lustre: 2193:0:(llog_test.c:1725:llog_test_10()) 10d: print the catalog entries.. we expect 3
00109 Lustre: 2211:0:(llog_test.c:700:cat_print_cb()) seeing record at index 2 - [0x1:0x19:0x0] in log [0xa:0x5:0x0]
00109 Lustre: 2193:0:(llog_test.c:1755:llog_test_10()) 10e: write 64767 more log records
00111 Lustre: 2193:0:(llog_cat_server.c:70:llog_cat_new_log()) MGS: there are no more free slots in catalog 91985c7f
00111 Lustre: 2193:0:(llog_cat_server.c:70:llog_cat_new_log()) Skipped 755 previous similar messages
00111 LustreError: 2193:0:(llog_cat_server.c:483:llog_cat_add_rec()) MGS: initialization error: rc = -28
00111 LustreError: 2193:0:(llog_cat_server.c:483:llog_cat_add_rec()) Skipped 755 previous similar messages
00111 Lustre: 2193:0:(llog_test.c:1781:llog_test_10()) 10e: wrote 64578 records then 189 failed with ENOSPC
00111 Lustre: 2193:0:(llog_test.c:1783:llog_test_10()) 10e: print the catalog entries.. we expect 4
00111 Lustre: 2193:0:(llog_cat.c:310:llog_cat_process_or_fork()) MGS: catlog [0xa:0x5:0x0] crosses index zero
00111 Lustre: 2193:0:(llog_test.c:700:cat_print_cb()) seeing record at index 2 - [0x1:0x19:0x0] in log [0xa:0x5:0x0]
00111 Lustre: 2193:0:(llog_test.c:700:cat_print_cb()) Skipped 2 previous similar messages
00111 Lustre: 2193:0:(llog_test.c:1819:llog_test_10()) 10e: catalog successfully wrap around, last_idx 1, first 1
00111 Lustre: 2193:0:(llog_test.c:1836:llog_test_10()) 10f: Cancel 64767 records, see one log zapped
00113 Lustre: 2193:0:(llog_test.c:1850:llog_test_10()) 10f: print the catalog entries.. we expect 3
00113 Lustre: 2193:0:(llog_cat.c:310:llog_cat_process_or_fork()) MGS: catlog [0xa:0x5:0x0] crosses index zero
00113 Lustre: 2193:0:(llog_cat.c:310:llog_cat_process_or_fork()) Skipped 1 previous similar message
00113 Lustre: 2193:0:(llog_test.c:1881:llog_test_10()) 10f: write 64767 more log records
00116 Lustre: 2193:0:(llog_cat_server.c:70:llog_cat_new_log()) MGS: there are no more free slots in catalog 91985c7f
00116 Lustre: 2193:0:(llog_cat_server.c:70:llog_cat_new_log()) Skipped 188 previous similar messages
00116 LustreError: 2193:0:(llog_cat_server.c:483:llog_cat_add_rec()) MGS: initialization error: rc = -28
00116 LustreError: 2193:0:(llog_cat_server.c:483:llog_cat_add_rec()) Skipped 188 previous similar messages
00116 Lustre: 2193:0:(llog_test.c:1907:llog_test_10()) 10f: wrote 64578 records then 189 failed with ENOSPC
00116 Lustre: 2193:0:(llog_test.c:1953:llog_test_10()) 10g: Cancel 64767 records, see one log zapped
00116 Lustre: 2193:0:(llog_cat.c:310:llog_cat_process_or_fork()) MGS: catlog [0xa:0x5:0x0] crosses index zero
00118 Lustre: 2193:0:(llog_test.c:1965:llog_test_10()) 10g: print the catalog entries.. we expect 3
00118 Lustre: 2193:0:(llog_test.c:700:cat_print_cb()) seeing record at index 4 - [0x1:0x1b:0x0] in log [0xa:0x5:0x0]
00118 Lustre: 2193:0:(llog_test.c:700:cat_print_cb()) Skipped 6 previous similar messages
00118 Lustre: 2193:0:(llog_test.c:1995:llog_test_10()) 10g: Cancel 64767 records, see one log zapped
00120 Lustre: 2193:0:(llog_test.c:2009:llog_test_10()) 10g: print the catalog entries.. we expect 2
00120 Lustre: 2193:0:(llog_test.c:2047:llog_test_10()) 10g: Cancel 64767 records, see one log zapped
00122 Lustre: 2193:0:(llog_test.c:2061:llog_test_10()) 10g: print the catalog entries.. we expect 1
00122 Lustre: 2193:0:(llog_test.c:2087:llog_test_10()) 10g: llh_cat_idx has also successfully wrapped!
00122 Lustre: 2214:0:(llog_test.c:1535:cat_check_old_cb()) seeing record at index 2 - [0x1:0x1d:0x0] in log [0xa:0x5:0x0]
00122 Lustre: 2193:0:(llog_test.c:2111:llog_test_10()) 10h: write 64767 more log records
00122 LustreError: 2193:0:(llog_osd.c:684:llog_osd_write_rec()) cfs_race id 1317 sleeping
00123 LustreError: 2214:0:(llog.c:690:llog_process_thread()) cfs_fail_race id 1317 waking
00123 LustreError: 2193:0:(llog_osd.c:684:llog_osd_write_rec()) cfs_fail_race id 1317 awake: rc=450
00124 LustreError: 2214:0:(llog.c:690:llog_process_thread()) cfs_fail_race id 1317 waking
00124 Lustre: 2214:0:(llog_test.c:1535:cat_check_old_cb()) seeing record at index 3 - [0x1:0x1e:0x0] in log [0xa:0x5:0x0]
00126 LustreError: 2193:0:(llog_osd.c:684:llog_osd_write_rec()) cfs_fail_race id 1317 waking
00127 Lustre: 2193:0:(llog_test.c:2137:llog_test_10()) 10h: wrote 64767 records then 0 failed with ENOSPC
00127 Lustre: 2193:0:(llog_test.c:2150:llog_test_10()) 10: put newly-created catalog
00127 Lustre: 2193:0:(llog_test.c:2180:llog_test_11()) 11: create a plain nameless log
00127 Lustre: 2193:0:(llog_test.c:2205:llog_test_11()) 11: size 8216 in 0 blocks after 1 rec
00127 Lustre: 2193:0:(llog_test.c:2207:llog_test_11()) 11: add few records
00127 Lustre: 2193:0:(llog_test.c:2224:llog_test_11()) 11: size 10616 in 0 blocks with few recs
00127 lctl (2193): drop_caches: 3
00127 Lustre: 2193:0:(llog_test.c:2250:llog_test_11()) 11: re-open the log by LOGID and verify llh_count
00127 Lustre: 2193:0:(llog_test.c:2265:llog_test_11()) 11: size 10616 in 0 blocks after re-open
00127 Lustre: 2193:0:(llog_test.c:2355:llog_test_12()) 12: create a catalog log with name: 91985c80
00127 Lustre: 12: truncate 24 bytes
00127 Lustre: 12: re-open and process the catalog
00127 LustreError: 2193:0:(llog_osd.c:1248:llog_osd_next_block()) MGS0000-osd: invalid llog tail at log id [0xa:0x6:0x0] offset 8232 last_rec idx 8704 tail idx 275010875 lrt len 1 read_size 40
00127 LustreError: 2193:0:(llog.c:886:llog_process_thread()) MGS: local llog is corrupted [0xa:0x6:0x0] catalog index 1 count 2
00127 Lustre: 12: try to add to the catalog
00127 LustreError: 2193:0:(llog_osd.c:1231:llog_osd_next_block()) MGS0000-osd: invalid llog tail at log id [0x6:0xa:0x0]:0 offset 8297 tail idx 603979776 lrt len 1074261 read_size 105
00127 ==================================================================
00127 BUG: KASAN: slab-out-of-bounds in llog_osd_next_block+0x13e1/0x3340 [obdclass]
00127 Read of size 4 at addr ffff888104ff3036 by task lctl/2193
00127 
00127 CPU: 2 UID: 0 PID: 2193 Comm: lctl Tainted: G           O        7.0.0-ktest-fcfd32f-6330a45-20260713-dirty #1 PREEMPT 
00127 Tainted: [O]=OOT_MODULE
00127 Hardware name: QEMU Standard PC (Q35 + ICH9, 2009), BIOS 2025.11-3ubuntu7 03/31/2026
00127 Call Trace:
00127  <TASK>
00127  dump_stack_lvl+0x52/0x80
00127  print_report+0xbc/0x260
00127  ? llog_osd_next_block+0x13e1/0x3340 [obdclass]
00127  kasan_report+0xa2/0xd0
00127  ? llog_osd_next_block+0x13e1/0x3340 [obdclass]
00127  llog_osd_next_block+0x13e1/0x3340 [obdclass]
00127  llog_process_thread+0xdd7/0x4f70 [obdclass]
00127  ? entry_SYSCALL_64_after_hwframe+0x4b/0x53
00127  ? task_work_add+0x177/0x210
00127  llog_process_or_fork+0x656/0xc90 [obdclass]
00127  ? llog_cat_process+0x30/0x30 [obdclass]
00127  llog_cat_process_or_fork+0x780/0xdb0 [obdclass]
00127  ? llog_cat_process+0x30/0x30 [obdclass]
00127  ? llog_cancel_rec_cb+0x450/0x450 [llog_test]
00127  llog_cat_process+0x24/0x30 [obdclass]
00127  llog_test_12+0xf58/0x2d90 [llog_test]
00127  llog_run_tests+0x4434/0x5ac0 [llog_test]
00127  ? get_random_u32+0x51/0x470
00127  llog_test_device_init+0x503/0x840 [llog_test]
00127  obd_setup+0x559/0x960 [obdclass]
00127  class_setup+0xc7d/0x10e0 [obdclass]
00127  class_process_config+0x2edb/0x7cb0 [obdclass]
00127  class_handle_ioctl+0x2055/0x3590 [obdclass]
00127  obd_class_ioctl+0x1f6/0x3c0 [obdclass]
00127  __x64_sys_ioctl+0x961/0xe00
00127  ? _copy_to_user+0x3d/0x60
00127  ? __x64_sys_rt_sigaction+0x107/0x140
00127  do_syscall_64+0xc1/0x350
00127  entry_SYSCALL_64_after_hwframe+0x4b/0x53
00127 RIP: 0033:0x7fa663524e1d
00127 Code: 04 25 28 00 00 00 48 89 45 c8 31 c0 48 8d 45 10 c7 45 b0 10 00 00 00 48 89 45 b8 48 8d 45 d0 48 89 45 c0 b8 10 00 00 00 0f 05 <89> c2 3d 00 f0 ff ff 77 1a 48 8b 45 c8 64 48 2b 04 25 28 00 00 00
00127 RSP: 002b:00007ffd4468b450 EFLAGS: 00000246 ORIG_RAX: 0000000000000010
00127 RAX: ffffffffffffffda RBX: 00007fa6637201f0 RCX: 00007fa663524e1d
00127 RDX: 00007ffd4468b730 RSI: 00000000c00866b8 RDI: 0000000000000003
00127 RBP: 00007ffd4468b4a0 R08: 00007ffd4468b4f0 R09: 00007ffd4468b730
00127 R10: 00005587c8420910 R11: 0000000000000246 R12: 00007ffd4468b730
00127 R13: 00005587a4242822 R14: 0000000000000000 R15: 00007ffd4468d7b0
00127  </TASK>
00127 
00127 The buggy address belongs to the object at ffff888104ff0000
00127  which belongs to the cache kmalloc-8k of size 8192
00127 The buggy address is located 4150 bytes to the right of
00127  allocated 8192-byte region [ffff888104ff0000, ffff888104ff2000)
00127 
00127 The buggy address belongs to the physical page:
00127 page: refcount:0 mapcount:0 mapping:0000000000000000 index:0x0 pfn:0x104ff0
00127 head: order:3 mapcount:0 entire_mapcount:0 nr_pages_mapped:0 pincount:0
00127 flags: 0x8000000000000040(head|zone=2)
00127 page_type: f5(slab)
00127 raw: 8000000000000040 ffff888100042e00 dead000000000122 0000000000000000
00127 raw: 0000000000000000 0000400000020002 00000000f5000000 ffff888104ff2010
00127 head: 8000000000000040 ffff888100042e00 dead000000000122 0000000000000000
00127 head: 0000000000000000 0000400000020002 00000000f5000000 ffff888104ff2010
00127 head: 8000000000000003 ffffea000413fc01 00000000ffffffff 00000000ffffffff
00127 head: ffffffffffffffff 0000000000000000 00000000ffffffff 0000000000000008
00127 page dumped because: kasan: bad access detected
00127 
00127 Memory state around the buggy address:
00127  ffff888104ff2f00: fc fc fc fc fc fc fc fc fc fc fc fc fc fc fc fc
00127  ffff888104ff2f80: fc fc fc fc fc fc fc fc fc fc fc fc fc fc fc fc
00127 >ffff888104ff3000: fc fc fc fc fc fc fc fc fc fc fc fc fc fc fc fc
00127                                      ^
00127  ffff888104ff3080: fc fc fc fc fc fc fc fc fc fc fc fc fc fc fc fc
00127  ffff888104ff3100: fc fc fc fc fc fc fc fc fc fc fc fc fc fc fc fc
00127 ==================================================================
00127 Disabling lock debugging due to kernel taint
00127 Lustre: 2193:0:(llog_test.c:2464:llog_test_12()) 12: put newly-created catalog
00127 Lustre: 2193:0:(llog_test.c:2532:llog_test_13()) 13a: create a catalog log with name: 91985c80
00127 Lustre: 2193:0:(llog_test.c:2548:llog_test_13()) 13b: write 1 record into the catalog
00128 LustreError: 2193:0:(llog_test.c:2559:llog_test_13()) 13b: found 8 plain llogs
00128 Lustre: 2193:0:(llog_test.c:2561:llog_test_13()) 13c: erase plain llog
00128 LustreError: 2193:0:(llog_cat.c:78:llog_cat_id2handle()) MGS: error opening log id [0x1:0x4f:0x0]: rc = -2
00128 Lustre: 2193:0:(llog_test.c:2581:llog_test_13()) 13d: forward process: found=1708 rc=0
00128 Lustre: 2193:0:(llog_test.c:2585:llog_test_13()) 13e: erase another plain llog
00128 Lustre: 2193:0:(llog_test.c:2605:llog_test_13()) 13e: backward process: found=1367 rc=0
00128 Lustre: 2193:0:(llog_test.c:2608:llog_test_13()) 13f: put newly-created catalog
00132 ========= FAILED TIMEOUT llog-unit in 240s
Error 1 at /home/ktest/ktest/lib/libktest.sh 587 from: "$ktest_dir/lib/supervisor" -S -F -T "$ktest_timeout" -b "$test_basename" -o "$test_logdir" -f "$test_basename.$(date -Iseconds).log" -- "${qemu_cmd[@]}", exiting
Error 1 at ./qlkbuild 209 from: "$ktest_dir/lib/supervisor" -S -F -T "$ktest_timeout" -b "$test_basename" -o "$test_logdir" -f "$test_basename.$(date -Iseconds).log" -- "${qemu_cmd[@]}", exiting
Error 1 at ./qlkbuild 1059 from: "$ktest_dir/lib/supervisor" -S -F -T "$ktest_timeout" -b "$test_basename" -o "$test_logdir" -f "$test_basename.$(date -Iseconds).log" -- "${qemu_cmd[@]}", exiting
