CLI: ./podman-ktest --podman-socket unix:///run/podman/podman.sock --shared-filesystem /tmp --tarball-input job lustre-ci --output /var/www/ci-lustre/upstream-patch-review --git-hash fd14ccb63e1327f598158c5e7b33d7a97f962bbf --change-id 64540_fd14ccb63e1327f598158c5e7b33d7a97f962bbf --subject LU-19979 build: improve keyring_search check

  Checking /dev/kvm exists... OK
  Checking /dev/kvm permissions... OK
  Creating ccache directory... OK
  Checking ccache directory writable... OK

Environment validated successfully
Creating kernel tarball at /tmp/ktest-kernel.tar.gz...
Creating lustre tarball at /tmp/ktest-lustre.tar.gz...
Executing 16 jobs
Jobs will start as soon as their dependencies are satisfied
Using tarball input mode

START lustre_mainline build tests/fs/lustre/boot.ktest
START checkpatch tool checkpatch
START lustre_mainline_native build tests/fs/lustre/boot.ktest
START lustre_u24 build tests/fs/lustre/boot.ktest
START lustre_mainline_strict build tests/fs/lustre/boot-strict.ktest
START lustre_al2023 build tests/fs/lustre/boot.ktest
PUT /tmp/ktest-kernel.tar.gz 7s
PUT /tmp/ktest-kernel.tar.gz 8s
PUT /tmp/ktest-kernel.tar.gz 8s
PUT /tmp/ktest-kernel.tar.gz 8s
PUT /tmp/ktest-kernel.tar.gz 8s
PUT /tmp/ktest-kernel.tar.gz 8s
PUT /tmp/ktest-lustre.tar.gz 1s
PUT /tmp/ktest-lustre.tar.gz 2s
PUT /tmp/ktest-lustre.tar.gz 1s
PUT /tmp/ktest-lustre.tar.gz 1s
PUT /tmp/ktest-lustre.tar.gz 2s
PUT /tmp/ktest-lustre.tar.gz 1s
END checkpatch tool checkpatch PASS 12s
END lustre_al2023 build tests/fs/lustre/boot.ktest FAIL 59s (exit code: 2)
END lustre_u24 build tests/fs/lustre/boot.ktest FAIL 61s (exit code: 2)
GET /tmp/ktest_lustre_mainline_strict_tk2e18pr.tar 5s
END lustre_mainline_strict build tests/fs/lustre/boot-strict.ktest FAIL 112s (exit code: 1)
GET /tmp/ktest_lustre_mainline_slse4f4i.tar 3s
GET /tmp/ktest_lustre_mainline_native_griu7q8u.tar 3s
END lustre_mainline build tests/fs/lustre/boot.ktest PASS 117s
END lustre_mainline_native build tests/fs/lustre/boot.ktest PASS 118s
START clang-tidy tool clang-tidy
START cc-plugin tool cc-plugin
START boot run tests/fs/lustre/boot.ktest
START llmount run tests/fs/lustre/llmount.ktest
START llog-unit run tests/fs/lustre/llog-unit.ktest
START mgs-setup run tests/fs/lustre/mgs-setup.ktest
START sanity-1 run tests/fs/lustre/sanity/sanity-1.ktest
START sanity-2 run tests/fs/lustre/sanity/sanity-2.ktest
START sanity-3 run tests/fs/lustre/sanity/sanity-3.ktest
START sanity-4 run tests/fs/lustre/sanity/sanity-4.ktest
PUT /tmp/ktest-kernel.tar.gz 13s
PUT /tmp/ktest_lustre_mainline_native_griu7q8u.tar 15s
PUT /tmp/ktest_lustre_mainline_native_griu7q8u.tar 15s
PUT /tmp/ktest_lustre_mainline_native_griu7q8u.tar 15s
PUT /tmp/ktest_lustre_mainline_native_griu7q8u.tar 16s
PUT /tmp/ktest_lustre_mainline_native_griu7q8u.tar 16s
PUT /tmp/ktest_lustre_mainline_native_griu7q8u.tar 15s
PUT /tmp/ktest-kernel.tar.gz 16s
PUT /tmp/ktest_lustre_mainline_native_griu7q8u.tar 16s
PUT /tmp/ktest_lustre_mainline_native_griu7q8u.tar 16s
PUT /tmp/ktest-lustre.tar.gz 20s
PUT /tmp/ktest-lustre.tar.gz 24s
PUT /tmp/ktest_lustre_mainline_native_griu7q8u.tar 4s
PUT /tmp/ktest_lustre_mainline_native_griu7q8u.tar 11s
END cc-plugin tool cc-plugin FAIL 48s (exit code: 127)
END clang-tidy tool clang-tidy PASS 71s
END boot run tests/fs/lustre/boot.ktest PASS 75s
END mgs-setup run tests/fs/lustre/mgs-setup.ktest PASS 89s
END sanity-1 run tests/fs/lustre/sanity/sanity-1.ktest PASS 92s
END sanity-3 run tests/fs/lustre/sanity/sanity-3.ktest PASS 94s
END sanity-2 run tests/fs/lustre/sanity/sanity-2.ktest PASS 102s
END sanity-4 run tests/fs/lustre/sanity/sanity-4.ktest PASS 103s
END llmount run tests/fs/lustre/llmount.ktest PASS 164s
END llog-unit run tests/fs/lustre/llog-unit.ktest PASS 170s

============================================================
Final Results:
  checkpatch: PASS (12s) (log: /var/www/ci-lustre/upstream-patch-review/fd14ccb63e1327f598158c5e7b33d7a97f962bbf_checkpatch.log)
  lustre_u24: FAIL (61s) (log: /var/www/ci-lustre/upstream-patch-review/fd14ccb63e1327f598158c5e7b33d7a97f962bbf_lustre_u24.log)
  lustre_al2023: FAIL (59s) (log: /var/www/ci-lustre/upstream-patch-review/fd14ccb63e1327f598158c5e7b33d7a97f962bbf_lustre_al2023.log)
  lustre_mainline_strict: FAIL (112s) (log: /var/www/ci-lustre/upstream-patch-review/fd14ccb63e1327f598158c5e7b33d7a97f962bbf_lustre_mainline_strict.log)
  lustre_mainline: PASS (117s) (log: /var/www/ci-lustre/upstream-patch-review/fd14ccb63e1327f598158c5e7b33d7a97f962bbf_lustre_mainline.log)
  lustre_mainline_native: PASS (118s) (log: /var/www/ci-lustre/upstream-patch-review/fd14ccb63e1327f598158c5e7b33d7a97f962bbf_lustre_mainline_native.log)
  clang-tidy: PASS (71s) (log: /var/www/ci-lustre/upstream-patch-review/fd14ccb63e1327f598158c5e7b33d7a97f962bbf_clang-tidy.log)
  cc-plugin: FAIL (48s) (log: /var/www/ci-lustre/upstream-patch-review/fd14ccb63e1327f598158c5e7b33d7a97f962bbf_cc-plugin.log)
  boot: PASS (75s) (log: /var/www/ci-lustre/upstream-patch-review/fd14ccb63e1327f598158c5e7b33d7a97f962bbf_boot.log)
  llmount: PASS (164s) (log: /var/www/ci-lustre/upstream-patch-review/fd14ccb63e1327f598158c5e7b33d7a97f962bbf_llmount.log)
  llog-unit: PASS (170s) (log: /var/www/ci-lustre/upstream-patch-review/fd14ccb63e1327f598158c5e7b33d7a97f962bbf_llog-unit.log)
  mgs-setup: PASS (89s) (log: /var/www/ci-lustre/upstream-patch-review/fd14ccb63e1327f598158c5e7b33d7a97f962bbf_mgs-setup.log)
  sanity-1: PASS (92s) (log: /var/www/ci-lustre/upstream-patch-review/fd14ccb63e1327f598158c5e7b33d7a97f962bbf_sanity-1.log)
  sanity-2: PASS (102s) (log: /var/www/ci-lustre/upstream-patch-review/fd14ccb63e1327f598158c5e7b33d7a97f962bbf_sanity-2.log)
  sanity-3: PASS (94s) (log: /var/www/ci-lustre/upstream-patch-review/fd14ccb63e1327f598158c5e7b33d7a97f962bbf_sanity-3.log)
  sanity-4: PASS (103s) (log: /var/www/ci-lustre/upstream-patch-review/fd14ccb63e1327f598158c5e7b33d7a97f962bbf_sanity-4.log)

Total execution time: 318s
