CLI: ./podman-ktest --podman-socket unix:///run/podman/podman.sock --shared-filesystem /tmp --tarball-input job lustre-ci --output /var/www/ci-lustre/upstream-patch-review --git-hash fdf369d3df9855a504fb9b6576cc41fa021e7bea --change-id 64317_fdf369d3df9855a504fb9b6576cc41fa021e7bea --subject LU-19921 llite: add OBD_NOTIFY_GSSIAM upcall

  Checking /dev/kvm exists... OK
  Checking /dev/kvm permissions... OK
  Creating ccache directory... OK
  Checking ccache directory writable... OK

Environment validated successfully
Creating kernel tarball at /tmp/ktest-kernel.tar.gz...
Creating lustre tarball at /tmp/ktest-lustre.tar.gz...
Creating ZFS tarball at /tmp/ktest-zfs.tar.gz...
Executing 13 jobs
Jobs will start as soon as their dependencies are satisfied
Using tarball input mode

START checkpatch tool checkpatch
START al2023 build tests/fs/lustre/boot.ktest
START u24 build tests/fs/lustre/boot.ktest
START lustre_mainline_native build tests/fs/lustre/boot.ktest
START lustre_mainline_strict build tests/fs/lustre/boot-strict.ktest
START lustre_mainline build tests/fs/lustre/boot.ktest
PUT /tmp/ktest-lustre.tar.gz 2s
PUT /tmp/ktest-lustre.tar.gz 3s
PUT /tmp/ktest-kernel.tar.gz 6s
PUT /tmp/ktest-kernel.tar.gz 6s
PUT /tmp/ktest-kernel.tar.gz 6s
PUT /tmp/ktest-kernel.tar.gz 6s
PUT /tmp/ktest-lustre.tar.gz 1s
PUT /tmp/ktest-lustre.tar.gz 1s
PUT /tmp/ktest-lustre.tar.gz 1s
PUT /tmp/ktest-lustre.tar.gz 1s
PUT /tmp/ktest-zfs.tar.gz 0s
PUT /tmp/ktest-zfs.tar.gz 0s
PUT /tmp/ktest-zfs.tar.gz 0s
END checkpatch tool checkpatch PASS 9s
END al2023 build tests/fs/lustre/boot.ktest PASS 61s
END u24 build tests/fs/lustre/boot.ktest PASS 63s
GET /tmp/ktest_lustre_mainline_strict_i4lrw2ev.tar 6s
END lustre_mainline_strict build tests/fs/lustre/boot-strict.ktest FAIL 171s (exit code: 1)
GET /tmp/ktest_lustre_mainline_5zn1r7k5.tar 0s
GET /tmp/ktest_lustre_mainline_native_48srax3r.tar 0s
END lustre_mainline build tests/fs/lustre/boot.ktest PASS 186s
END lustre_mainline_native build tests/fs/lustre/boot.ktest PASS 187s
START boot run tests/fs/lustre/boot.ktest
START llmount run tests/fs/lustre/llmount.ktest
START mgs-setup run tests/fs/lustre/mgs-setup.ktest
START sanity-1 run tests/fs/lustre/sanity/sanity-1.ktest
START sanity-2 run tests/fs/lustre/sanity/sanity-2.ktest
START sanity-3 run tests/fs/lustre/sanity/sanity-3.ktest
START sanity-4 run tests/fs/lustre/sanity/sanity-4.ktest
PUT /tmp/ktest_lustre_mainline_native_48srax3r.tar 8s
PUT /tmp/ktest_lustre_mainline_native_48srax3r.tar 8s
PUT /tmp/ktest_lustre_mainline_native_48srax3r.tar 8s
PUT /tmp/ktest_lustre_mainline_native_48srax3r.tar 8s
PUT /tmp/ktest_lustre_mainline_native_48srax3r.tar 0s
PUT /tmp/ktest_lustre_mainline_native_48srax3r.tar 0s
PUT /tmp/ktest_lustre_mainline_native_48srax3r.tar 0s
END boot run tests/fs/lustre/boot.ktest PASS 26s
END mgs-setup run tests/fs/lustre/mgs-setup.ktest PASS 34s
END sanity-4 run tests/fs/lustre/sanity/sanity-4.ktest PASS 47s
END sanity-3 run tests/fs/lustre/sanity/sanity-3.ktest PASS 49s
END sanity-1 run tests/fs/lustre/sanity/sanity-1.ktest PASS 58s
END sanity-2 run tests/fs/lustre/sanity/sanity-2.ktest PASS 58s
END llmount run tests/fs/lustre/llmount.ktest PASS 122s

============================================================
Final Results:
  checkpatch: PASS (9s) (log: /var/www/ci-lustre/upstream-patch-review/fdf369d3df9855a504fb9b6576cc41fa021e7bea_checkpatch.log)
  u24: PASS (63s) (log: /var/www/ci-lustre/upstream-patch-review/fdf369d3df9855a504fb9b6576cc41fa021e7bea_u24.log)
  al2023: PASS (61s) (log: /var/www/ci-lustre/upstream-patch-review/fdf369d3df9855a504fb9b6576cc41fa021e7bea_al2023.log)
  lustre_mainline_strict: FAIL (171s) (log: /var/www/ci-lustre/upstream-patch-review/fdf369d3df9855a504fb9b6576cc41fa021e7bea_lustre_mainline_strict.log)
  lustre_mainline: PASS (186s) (log: /var/www/ci-lustre/upstream-patch-review/fdf369d3df9855a504fb9b6576cc41fa021e7bea_lustre_mainline.log)
  lustre_mainline_native: PASS (187s) (log: /var/www/ci-lustre/upstream-patch-review/fdf369d3df9855a504fb9b6576cc41fa021e7bea_lustre_mainline_native.log)
  boot: PASS (26s) (log: /var/www/ci-lustre/upstream-patch-review/fdf369d3df9855a504fb9b6576cc41fa021e7bea_boot.log)
  llmount: PASS (122s) (log: /var/www/ci-lustre/upstream-patch-review/fdf369d3df9855a504fb9b6576cc41fa021e7bea_llmount.log)
  mgs-setup: PASS (34s) (log: /var/www/ci-lustre/upstream-patch-review/fdf369d3df9855a504fb9b6576cc41fa021e7bea_mgs-setup.log)
  sanity-1: PASS (58s) (log: /var/www/ci-lustre/upstream-patch-review/fdf369d3df9855a504fb9b6576cc41fa021e7bea_sanity-1.log)
  sanity-2: PASS (58s) (log: /var/www/ci-lustre/upstream-patch-review/fdf369d3df9855a504fb9b6576cc41fa021e7bea_sanity-2.log)
  sanity-3: PASS (49s) (log: /var/www/ci-lustre/upstream-patch-review/fdf369d3df9855a504fb9b6576cc41fa021e7bea_sanity-3.log)
  sanity-4: PASS (47s) (log: /var/www/ci-lustre/upstream-patch-review/fdf369d3df9855a504fb9b6576cc41fa021e7bea_sanity-4.log)

Total execution time: 340s
