CLI: ./podman-ktest --podman-socket unix:///run/podman/podman.sock --shared-filesystem /tmp --tarball-input job lustre-ci --output /var/www/ci-lustre/upstream-patch-review --git-hash fef6c7c324febee2b6d2d95571c99275f871db16 --change-id 53190_fef6c7c324febee2b6d2d95571c99275f871db16 --subject LU-15372 mdd: Add projid in Changelog

  Checking /dev/kvm exists... OK
  Checking /dev/kvm permissions... OK
  Creating ccache directory... OK
  Checking ccache directory writable... OK
  Creating package output directory... OK

Environment validated successfully
Creating kernel tarball at /tmp/ktest-kernel.tar.gz...
Creating lustre tarball at /tmp/ktest-lustre.tar.gz...
Creating ZFS tarball at /tmp/ktest-zfs.tar.gz...
Executing 13 jobs
Jobs will start as soon as their dependencies are satisfied
Using tarball input mode

START al2023 build tests/fs/lustre/boot.ktest
START lustre_mainline_native build tests/fs/lustre/boot.ktest
START lustre_mainline_strict build tests/fs/lustre/boot-strict.ktest
START checkpatch tool checkpatch
START lustre_mainline build tests/fs/lustre/boot.ktest
START u24 build tests/fs/lustre/boot.ktest
PUT /tmp/ktest-lustre.tar.gz 1s
PUT /tmp/ktest-lustre.tar.gz 1s
PUT /tmp/ktest-kernel.tar.gz 6s
PUT /tmp/ktest-kernel.tar.gz 6s
PUT /tmp/ktest-kernel.tar.gz 7s
PUT /tmp/ktest-kernel.tar.gz 7s
PUT /tmp/ktest-lustre.tar.gz 1s
PUT /tmp/ktest-lustre.tar.gz 1s
PUT /tmp/ktest-lustre.tar.gz 1s
PUT /tmp/ktest-lustre.tar.gz 1s
PUT /tmp/ktest-zfs.tar.gz 0s
PUT /tmp/ktest-zfs.tar.gz 0s
PUT /tmp/ktest-zfs.tar.gz 0s
END checkpatch tool checkpatch FAIL 11s (exit code: 1)
END al2023 build tests/fs/lustre/boot.ktest PASS 63s
END u24 build tests/fs/lustre/boot.ktest PASS 65s
GET /tmp/ktest_lustre_mainline_strict_e7t5ys32.tar 5s
END lustre_mainline_strict build tests/fs/lustre/boot-strict.ktest FAIL 190s (exit code: 1)
GET /tmp/ktest_lustre_mainline_native_g4fw9q67.tar 0s
GET /tmp/ktest_lustre_mainline_6ywwzdd4.tar 0s
END lustre_mainline_native build tests/fs/lustre/boot.ktest PASS 202s
START boot run tests/fs/lustre/boot.ktest
START llmount run tests/fs/lustre/llmount.ktest
START mgs-setup run tests/fs/lustre/mgs-setup.ktest
START sanity-1 run tests/fs/lustre/sanity/sanity-1.ktest
START sanity-2 run tests/fs/lustre/sanity/sanity-2.ktest
START sanity-3 run tests/fs/lustre/sanity/sanity-3.ktest
START sanity-4 run tests/fs/lustre/sanity/sanity-4.ktest
END lustre_mainline build tests/fs/lustre/boot.ktest PASS 204s
PUT /tmp/ktest-kernel.tar.gz 29s
PUT /tmp/ktest-kernel.tar.gz 29s
PUT /tmp/ktest-kernel.tar.gz 29s
PUT /tmp/ktest-kernel.tar.gz 29s
PUT /tmp/ktest-kernel.tar.gz 29s
PUT /tmp/ktest-kernel.tar.gz 29s
PUT /tmp/ktest-kernel.tar.gz 29s
PUT /tmp/ktest-lustre.tar.gz 9s
PUT /tmp/ktest-lustre.tar.gz 9s
PUT /tmp/ktest-lustre.tar.gz 10s
PUT /tmp/ktest-lustre.tar.gz 9s
PUT /tmp/ktest-lustre.tar.gz 9s
PUT /tmp/ktest-lustre.tar.gz 9s
PUT /tmp/ktest-lustre.tar.gz 10s
PUT /tmp/ktest_lustre_mainline_native_g4fw9q67.tar 1s
PUT /tmp/ktest_lustre_mainline_native_g4fw9q67.tar 1s
PUT /tmp/ktest_lustre_mainline_native_g4fw9q67.tar 1s
PUT /tmp/ktest_lustre_mainline_native_g4fw9q67.tar 1s
PUT /tmp/ktest_lustre_mainline_native_g4fw9q67.tar 1s
PUT /tmp/ktest_lustre_mainline_native_g4fw9q67.tar 1s
PUT /tmp/ktest_lustre_mainline_native_g4fw9q67.tar 1s
END boot run tests/fs/lustre/boot.ktest PASS 49s
END mgs-setup run tests/fs/lustre/mgs-setup.ktest PASS 58s
END sanity-2 run tests/fs/lustre/sanity/sanity-2.ktest PASS 97s
END sanity-1 run tests/fs/lustre/sanity/sanity-1.ktest PASS 98s
END llmount run tests/fs/lustre/llmount.ktest PASS 99s
END sanity-3 run tests/fs/lustre/sanity/sanity-3.ktest PASS 112s
END sanity-4 run tests/fs/lustre/sanity/sanity-4.ktest PASS 113s

============================================================
Final Results:
  checkpatch: FAIL (11s) (log: /var/www/ci-lustre/upstream-patch-review/fef6c7c324febee2b6d2d95571c99275f871db16_checkpatch.log)
  u24: PASS (65s) (log: /var/www/ci-lustre/upstream-patch-review/fef6c7c324febee2b6d2d95571c99275f871db16_u24.log)
  al2023: PASS (63s) (log: /var/www/ci-lustre/upstream-patch-review/fef6c7c324febee2b6d2d95571c99275f871db16_al2023.log)
  lustre_mainline_strict: FAIL (190s) (log: /var/www/ci-lustre/upstream-patch-review/fef6c7c324febee2b6d2d95571c99275f871db16_lustre_mainline_strict.log)
  lustre_mainline: PASS (204s) (log: /var/www/ci-lustre/upstream-patch-review/fef6c7c324febee2b6d2d95571c99275f871db16_lustre_mainline.log)
  lustre_mainline_native: PASS (202s) (log: /var/www/ci-lustre/upstream-patch-review/fef6c7c324febee2b6d2d95571c99275f871db16_lustre_mainline_native.log)
  boot: PASS (49s) (log: /var/www/ci-lustre/upstream-patch-review/fef6c7c324febee2b6d2d95571c99275f871db16_boot.log)
  llmount: PASS (99s) (log: /var/www/ci-lustre/upstream-patch-review/fef6c7c324febee2b6d2d95571c99275f871db16_llmount.log)
  mgs-setup: PASS (58s) (log: /var/www/ci-lustre/upstream-patch-review/fef6c7c324febee2b6d2d95571c99275f871db16_mgs-setup.log)
  sanity-1: PASS (98s) (log: /var/www/ci-lustre/upstream-patch-review/fef6c7c324febee2b6d2d95571c99275f871db16_sanity-1.log)
  sanity-2: PASS (97s) (log: /var/www/ci-lustre/upstream-patch-review/fef6c7c324febee2b6d2d95571c99275f871db16_sanity-2.log)
  sanity-3: PASS (112s) (log: /var/www/ci-lustre/upstream-patch-review/fef6c7c324febee2b6d2d95571c99275f871db16_sanity-3.log)
  sanity-4: PASS (113s) (log: /var/www/ci-lustre/upstream-patch-review/fef6c7c324febee2b6d2d95571c99275f871db16_sanity-4.log)

Total execution time: 345s
