CLI: ./podman-ktest --podman-socket unix:///run/podman/podman.sock --shared-filesystem /tmp --tarball-input job lustre-ci --output /var/www/ci-lustre/upstream-patch-review --git-hash ffe81ddfa6b0d2d69f898a8b3d69880cd8a2d78e --change-id 67233_ffe81ddfa6b0d2d69f898a8b3d69880cd8a2d78e --subject LU-20310 gss: fix remaining checkpatch.pl warnings

Environment validated successfully
Note: custom LLVM is not synced in tarball input mode
Creating kernel tarball at /tmp/ktest-kernel.tar.gz...
Creating lustre tarball at /tmp/ktest-lustre.tar.gz...
Creating ZFS tarball at /tmp/ktest-zfs.tar.gz...
Executing 14 jobs
Jobs will start as soon as their dependencies are satisfied
Using tarball input mode

START al2023:al2023 build tests/fs/lustre/boot.ktest
START checkpatch:checkpatch tool checkpatch
START u24:u24 build tests/fs/lustre/boot.ktest
START ml-strict:lustre_mainline build tests/fs/lustre/boot-strict.ktest
START ml-miscvm:lustre_mainline_native build tests/fs/lustre/boot.ktest
START ml:lustre_mainline build tests/fs/lustre/boot.ktest
PUT /tmp/ktest-lustre.tar.gz 1s
PUT /tmp/ktest-lustre.tar.gz 1s
PUT /tmp/ktest-kernel.tar.gz 7s
PUT /tmp/ktest-kernel.tar.gz 7s
PUT /tmp/ktest-kernel.tar.gz 7s
PUT /tmp/ktest-kernel.tar.gz 7s
PUT /tmp/ktest-lustre.tar.gz 1s
PUT /tmp/ktest-lustre.tar.gz 1s
PUT /tmp/ktest-lustre.tar.gz 1s
PUT /tmp/ktest-lustre.tar.gz 1s
PUT /tmp/ktest-zfs.tar.gz 0s
PUT /tmp/ktest-zfs.tar.gz 0s
PUT /tmp/ktest-zfs.tar.gz 0s
END checkpatch:checkpatch tool checkpatch FAIL 12s (exit code: 1)
END al2023:al2023 build tests/fs/lustre/boot.ktest PASS 52s
END u24:u24 build tests/fs/lustre/boot.ktest PASS 53s
GET /tmp/ktest_ml:lustre_mainline_ikp19u7g.tar 0s
GET /tmp/ktest_ml-miscvm:lustre_mainline_native_plc74rja.tar 0s
END ml:lustre_mainline build tests/fs/lustre/boot.ktest PASS 165s
GET /tmp/ktest_ml-strict:lustre_mainline_muio7hnf.tar 5s
END ml-miscvm:lustre_mainline_native build tests/fs/lustre/boot.ktest PASS 166s
START ml-miscvm:boot run tests/fs/lustre/boot.ktest
START ml-miscvm:llmount run tests/fs/lustre/llmount.ktest
START ml-miscvm:llog-unit run tests/fs/lustre/llog-unit.ktest
START ml-miscvm:mgs-setup run tests/fs/lustre/mgs-setup.ktest
START ml-miscvm:sanity-1 run tests/fs/lustre/sanity/sanity-1.ktest
START ml-miscvm:sanity-2 run tests/fs/lustre/sanity/sanity-2.ktest
START ml-miscvm:sanity-3 run tests/fs/lustre/sanity/sanity-3.ktest
START ml-miscvm:sanity-4 run tests/fs/lustre/sanity/sanity-4.ktest
END ml-strict:lustre_mainline build tests/fs/lustre/boot-strict.ktest FAIL 168s (exit code: 1)
PUT /tmp/ktest-kernel.tar.gz 9s
PUT /tmp/ktest-kernel.tar.gz 9s
PUT /tmp/ktest-kernel.tar.gz 9s
PUT /tmp/ktest-kernel.tar.gz 9s
PUT /tmp/ktest-kernel.tar.gz 9s
PUT /tmp/ktest-kernel.tar.gz 10s
PUT /tmp/ktest-kernel.tar.gz 9s
PUT /tmp/ktest-kernel.tar.gz 10s
PUT /tmp/ktest-lustre.tar.gz 2s
PUT /tmp/ktest-lustre.tar.gz 2s
PUT /tmp/ktest-lustre.tar.gz 1s
PUT /tmp/ktest-lustre.tar.gz 1s
PUT /tmp/ktest-lustre.tar.gz 2s
PUT /tmp/ktest-lustre.tar.gz 2s
PUT /tmp/ktest-lustre.tar.gz 2s
PUT /tmp/ktest-lustre.tar.gz 1s
PUT /tmp/ktest_ml-miscvm:lustre_mainline_native_plc74rja.tar 0s
PUT /tmp/ktest_ml-miscvm:lustre_mainline_native_plc74rja.tar 0s
PUT /tmp/ktest_ml-miscvm:lustre_mainline_native_plc74rja.tar 0s
PUT /tmp/ktest_ml-miscvm:lustre_mainline_native_plc74rja.tar 0s
PUT /tmp/ktest_ml-miscvm:lustre_mainline_native_plc74rja.tar 0s
PUT /tmp/ktest_ml-miscvm:lustre_mainline_native_plc74rja.tar 0s
PUT /tmp/ktest_ml-miscvm:lustre_mainline_native_plc74rja.tar 0s
PUT /tmp/ktest_ml-miscvm:lustre_mainline_native_plc74rja.tar 0s
END ml-miscvm:boot run tests/fs/lustre/boot.ktest PASS 57s
END ml-miscvm:mgs-setup run tests/fs/lustre/mgs-setup.ktest PASS 67s
END ml-miscvm:sanity-1 run tests/fs/lustre/sanity/sanity-1.ktest PASS 92s
END ml-miscvm:sanity-2 run tests/fs/lustre/sanity/sanity-2.ktest PASS 94s
END ml-miscvm:sanity-4 run tests/fs/lustre/sanity/sanity-4.ktest PASS 95s
END ml-miscvm:sanity-3 run tests/fs/lustre/sanity/sanity-3.ktest PASS 97s
END ml-miscvm:llmount run tests/fs/lustre/llmount.ktest PASS 104s
END ml-miscvm:llog-unit run tests/fs/lustre/llog-unit.ktest FAIL 141s (exit code: 1)

============================================================
Final Results:
  checkpatch:checkpatch: FAIL (12s) (log: /var/www/ci-lustre/upstream-patch-review/ffe81ddfa6b0d2d69f898a8b3d69880cd8a2d78e_checkpatch:checkpatch.log)
  u24:u24: PASS (53s) (log: /var/www/ci-lustre/upstream-patch-review/ffe81ddfa6b0d2d69f898a8b3d69880cd8a2d78e_u24:u24.log)
  al2023:al2023: PASS (52s) (log: /var/www/ci-lustre/upstream-patch-review/ffe81ddfa6b0d2d69f898a8b3d69880cd8a2d78e_al2023:al2023.log)
  ml-strict:lustre_mainline: FAIL (168s) (log: /var/www/ci-lustre/upstream-patch-review/ffe81ddfa6b0d2d69f898a8b3d69880cd8a2d78e_ml-strict:lustre_mainline.log)
  ml:lustre_mainline: PASS (165s) (log: /var/www/ci-lustre/upstream-patch-review/ffe81ddfa6b0d2d69f898a8b3d69880cd8a2d78e_ml:lustre_mainline.log)
  ml-miscvm:lustre_mainline_native: PASS (166s) (log: /var/www/ci-lustre/upstream-patch-review/ffe81ddfa6b0d2d69f898a8b3d69880cd8a2d78e_ml-miscvm:lustre_mainline_native.log)
  ml-miscvm:boot: PASS (57s) (log: /var/www/ci-lustre/upstream-patch-review/ffe81ddfa6b0d2d69f898a8b3d69880cd8a2d78e_ml-miscvm:boot.log)
  ml-miscvm:llmount: PASS (104s) (log: /var/www/ci-lustre/upstream-patch-review/ffe81ddfa6b0d2d69f898a8b3d69880cd8a2d78e_ml-miscvm:llmount.log)
  ml-miscvm:llog-unit: FAIL (141s) (log: /var/www/ci-lustre/upstream-patch-review/ffe81ddfa6b0d2d69f898a8b3d69880cd8a2d78e_ml-miscvm:llog-unit.log)
  ml-miscvm:mgs-setup: PASS (67s) (log: /var/www/ci-lustre/upstream-patch-review/ffe81ddfa6b0d2d69f898a8b3d69880cd8a2d78e_ml-miscvm:mgs-setup.log)
  ml-miscvm:sanity-1: PASS (92s) (log: /var/www/ci-lustre/upstream-patch-review/ffe81ddfa6b0d2d69f898a8b3d69880cd8a2d78e_ml-miscvm:sanity-1.log)
  ml-miscvm:sanity-2: PASS (94s) (log: /var/www/ci-lustre/upstream-patch-review/ffe81ddfa6b0d2d69f898a8b3d69880cd8a2d78e_ml-miscvm:sanity-2.log)
  ml-miscvm:sanity-3: PASS (97s) (log: /var/www/ci-lustre/upstream-patch-review/ffe81ddfa6b0d2d69f898a8b3d69880cd8a2d78e_ml-miscvm:sanity-3.log)
  ml-miscvm:sanity-4: PASS (95s) (log: /var/www/ci-lustre/upstream-patch-review/ffe81ddfa6b0d2d69f898a8b3d69880cd8a2d78e_ml-miscvm:sanity-4.log)

Total execution time: 338s
