Repository: /home/ktest/git/lustre-release

============================================================
                 Top Contributors (Names)
============================================================

=== Last month (since 1 month ago) ===
     23 Arshad Hussain
     13 Sebastien Buisson
     10 Timothy Day
     10 Oleg Drokin
      8 Jian Yu
      6 Andreas Dilger
      4 Patrick Farrell
      4 Marc Vef
      4 James Simmons
      4 Alex Zhuravlev

=== Last 3 months (since 3 months ago) ===
     46 Arshad Hussain
     27 Jian Yu
     22 Andreas Dilger
     20 Sebastien Buisson
     20 Marc Vef
     20 Alex Zhuravlev
     17 Timothy Day
     15 Patrick Farrell
     14 Oleg Drokin
     14 Chris Horn

=== Last year (since 1 year ago) ===
    146 Timothy Day
    132 Arshad Hussain
     95 Andreas Dilger
     69 Sebastien Buisson
     69 Jian Yu
     66 James Simmons
     63 Alex Zhuravlev
     60 Shaun Tancheff
     57 Marc Vef
     54 Patrick Farrell

=== Last 3 years (since 3 years ago) ===
    359 Timothy Day
    349 Arshad Hussain
    283 Andreas Dilger
    236 Shaun Tancheff
    202 Sebastien Buisson
    180 James Simmons
    178 Jian Yu
    165 Patrick Farrell
    165 Alex Zhuravlev
    124 Chris Horn


============================================================
          Top Contributors by Email Domain
============================================================

=== Last month (since 1 month ago) ===
     44 whamcloud.com
     23 aeoncomputing.com
     21 ddn.com
     12 amazon.com
      6 thelustrecollective.com
      4 infradead.org
      3 hpe.com
      2 nvidia.com
      2 lanl.gov
      2 gmail.com

=== Last 3 months (since 3 months ago) ===
    154 whamcloud.com
     50 ddn.com
     46 aeoncomputing.com
     34 hpe.com
     20 amazon.com
      9 infradead.org
      6 thelustrecollective.com
      3 nvidia.com
      2 lanl.gov
      2 gmail.com

=== Last year (since 1 year ago) ===
    539 whamcloud.com
    155 ddn.com
    155 amazon.com
    153 hpe.com
    132 aeoncomputing.com
     66 infradead.org
     15 nvidia.com
     12 gmail.com
     12 cea.fr
      6 thelustrecollective.com

=== Last 3 years (since 3 years ago) ===
   1409 whamcloud.com
    555 hpe.com
    479 ddn.com
    375 amazon.com
    349 aeoncomputing.com
    180 infradead.org
     80 suse.de
     58 cea.fr
     38 oracle.com
     38 nvidia.com


============================================================
                 Top Reviewers (Names)
============================================================

=== Last month (since 1 month ago) ===
     68 Oleg Drokin
     65 Andreas Dilger
     16 Marc Vef
     10 Sebastien Buisson
     10 Anjus George
      9 Arshad Hussain
      8 James Simmons
      7 Timothy Day
      5 Yang Sheng
      5 Jian Yu

=== Last 3 months (since 3 months ago) ===
    270 Oleg Drokin
    197 Andreas Dilger
     40 Marc Vef
     36 Sebastien Buisson
     32 James Simmons
     31 Arshad Hussain
     25 Jian Yu
     25 Anjus George
     24 Timothy Day
     17 Yang Sheng

=== Last year (since 1 year ago) ===
   1178 Oleg Drokin
    739 Andreas Dilger
    304 James Simmons
    188 Arshad Hussain
    148 Timothy Day
    120 Marc Vef
    100 Sebastien Buisson
     89 Jian Yu
     74 Anjus George
     68 Shaun Tancheff

=== Last 3 years (since 3 years ago) ===
   3526 Oleg Drokin
   2277 Andreas Dilger
    798 James Simmons
    492 Arshad Hussain
    405 Timothy Day
    296 Jian Yu
    241 Sebastien Buisson
    204 Shaun Tancheff
    183 Chris Horn
    173 Patrick Farrell


============================================================
           Top Reviewers by Email Domain
============================================================

=== Last month (since 1 month ago) ===
    114 whamcloud.com
     60 thelustrecollective.com
     17 ddn.com
     10 ornl.gov
      9 aeoncomputing.com
      8 infradead.org
      8 amazon.com
      6 hpe.com
      3 nvidia.com
      1 llnl.gov

=== Last 3 months (since 3 months ago) ===
    491 whamcloud.com
     98 thelustrecollective.com
     75 ddn.com
     45 hpe.com
     43 dilger.ca
     32 infradead.org
     31 aeoncomputing.com
     28 amazon.com
     25 ornl.gov
      4 gmail.com

=== Last year (since 1 year ago) ===
   2373 whamcloud.com
    313 ddn.com
    304 infradead.org
    255 hpe.com
    189 amazon.com
    188 aeoncomputing.com
     98 thelustrecollective.com
     74 ornl.gov
     43 dilger.ca
     25 nvidia.com

=== Last 3 years (since 3 years ago) ===
   7362 whamcloud.com
    896 infradead.org
    896 hpe.com
    782 ddn.com
    492 aeoncomputing.com
    453 amazon.com
    111 nvidia.com
    102 suse.de
     98 thelustrecollective.com
     88 gmail.com

